Search coordinates: (RA, Dec) = (29.53, 27.28)
Center healpixel: 3274
Healpixels: [3274 3402 3273 3146 3018 3147 3275 3403 3530]
MC_SOURCE_ID = 0.0
mode = 0: running only on real data
Found 1 objects...
Applying cuts...
Traceback (most recent call last):
  File "/home/s1/tavangar/tavangar_simple/search_algorithm.py", line 138, in <module>
    cut = filters.star_filter(survey, data)
  File "/home/s1/tavangar/tavangar_simple/filters.py", line 107, in star_filter
    return cut
UnboundLocalError: local variable 'cut' referenced before assignment

------------------------------------------------------------
Job <672345.0> was submitted from <des51.fnal.gov> by user <tavangar>.
Job was executed on host <des40.fnal.gov> as user <tavangar>.
</var/lib/condor/execute/dir_732764> was used as the initial working directory.
Results reported at Tue Jun  4 13:05:36 CDT 2019

Your job looked like:

------------------------------------------------------------
python /home/s1/tavangar/tavangar_simple/search_algorithm.py 29.53 27.28 0.00 /home/s1/tavangar/tavangar_simple/decals_dr7_results/results_nside_32_3274.csv /home/s1/tavangar/tavangar_simple/decals_dr7_log/results_nside_32_3274.log
------------------------------------------------------------

Exited with exit code 1.

Resource usage summary:

	Real time :			30.63 sec.
	CPU time :			1.93 sec.
	CPU percentage :		19%
	Max Memory :			1840752 KB
	Average Memory :		0 KB

The output (if any) is above this job summary.
