Search coordinates: (RA, Dec) = (223.59, 27.28)
Center healpixel: 3343
Healpixels: [3343 3471 3342 3215 3087 3216 3344 3472 3599]
MC_SOURCE_ID = 0.0
mode = 0: running only on real data
Found 1 objects...
Applying cuts...
Traceback (most recent call last):
  File "/home/s1/tavangar/tavangar_simple/search_algorithm.py", line 138, in <module>
    cut = filters.star_filter(survey, data)
  File "/home/s1/tavangar/tavangar_simple/filters.py", line 107, in star_filter
    return cut
UnboundLocalError: local variable 'cut' referenced before assignment

------------------------------------------------------------
Job <672401.0> was submitted from <des51.fnal.gov> by user <tavangar>.
Job was executed on host <des40.fnal.gov> as user <tavangar>.
</var/lib/condor/execute/dir_735209> was used as the initial working directory.
Results reported at Tue Jun  4 13:07:37 CDT 2019

Your job looked like:

------------------------------------------------------------
python /home/s1/tavangar/tavangar_simple/search_algorithm.py 223.59 27.28 0.00 /home/s1/tavangar/tavangar_simple/decals_dr7_results/results_nside_32_3343.csv /home/s1/tavangar/tavangar_simple/decals_dr7_log/results_nside_32_3343.log
------------------------------------------------------------

Exited with exit code 1.

Resource usage summary:

	Real time :			36.88 sec.
	CPU time :			3.30 sec.
	CPU percentage :		50%
	Max Memory :			5783328 KB
	Average Memory :		0 KB

The output (if any) is above this job summary.
