Traceback (most recent call last):
  File "/home/s1/tavangar/tavangar_simple/search_algorithm.py", line 24, in <module>
    import simple_utils
  File "/home/s1/tavangar/tavangar_simple/simple_utils.py", line 42, in <module>
    sim_population = cfg[survey]['sim_population']
KeyError: 'sim_population'

------------------------------------------------------------
Job <673899.0> was submitted from <des51.fnal.gov> by user <tavangar>.
Job was executed on host <des40.fnal.gov> as user <tavangar>.
</var/lib/condor/execute/dir_801190> was used as the initial working directory.
Results reported at Tue Jun  4 13:41:06 CDT 2019

Your job looked like:

------------------------------------------------------------
python /home/s1/tavangar/tavangar_simple/search_algorithm.py 35.16 4.78 0.00 /home/s1/tavangar/tavangar_simple/decals_dr7_results/results_nside_32_5580.csv /home/s1/tavangar/tavangar_simple/decals_dr7_log/results_nside_32_5580.log
------------------------------------------------------------

Exited with exit code 1.

Resource usage summary:

	Real time :			13.41 sec.
	CPU time :			1.92 sec.
	CPU percentage :		29%
	Max Memory :			278752 KB
	Average Memory :		0 KB

The output (if any) is above this job summary.
