Search coordinates: (RA, Dec) = (257.34, 27.28)
Center healpixel: 3355
Healpixels: [3355 3483 3354 3227 3099 3228 3356 3484 3611]
MC_SOURCE_ID = 0.0
mode = 0: running only on real data
Found 1 objects...
Applying cuts...
Traceback (most recent call last):
  File "/home/s1/tavangar/tavangar_simple/search_algorithm.py", line 138, in <module>
    cut = filters.star_filter(survey, data)
  File "/home/s1/tavangar/tavangar_simple/filters.py", line 107, in star_filter
    return cut
UnboundLocalError: local variable 'cut' referenced before assignment

------------------------------------------------------------
Job <672402.0> was submitted from <des51.fnal.gov> by user <tavangar>.
Job was executed on host <des40.fnal.gov> as user <tavangar>.
</var/lib/condor/execute/dir_735243> was used as the initial working directory.
Results reported at Tue Jun  4 13:07:36 CDT 2019

Your job looked like:

------------------------------------------------------------
python /home/s1/tavangar/tavangar_simple/search_algorithm.py 257.34 27.28 0.00 /home/s1/tavangar/tavangar_simple/decals_dr7_results/results_nside_32_3355.csv /home/s1/tavangar/tavangar_simple/decals_dr7_log/results_nside_32_3355.log
------------------------------------------------------------

Exited with exit code 1.

Resource usage summary:

	Real time :			28.20 sec.
	CPU time :			3.00 sec.
	CPU percentage :		45%
	Max Memory :			5368480 KB
	Average Memory :		0 KB

The output (if any) is above this job summary.
