Search coordinates: (RA, Dec) = (241.88, 18.21)
Center healpixel: 4246
Healpixels: [4246 4373 4245 4117 3990 4118 4247 4374 4502]
MC_SOURCE_ID = 0.0
mode = 0: running only on real data
Found 1 objects...
Applying cuts...
Traceback (most recent call last):
  File "/home/s1/tavangar/tavangar_simple/search_algorithm.py", line 138, in <module>
    cut = filters.star_filter(survey, data)
  File "/home/s1/tavangar/tavangar_simple/filters.py", line 107, in star_filter
    return cut
UnboundLocalError: local variable 'cut' referenced before assignment

------------------------------------------------------------
Job <672981.0> was submitted from <des51.fnal.gov> by user <tavangar>.
Job was executed on host <des40.fnal.gov> as user <tavangar>.
</var/lib/condor/execute/dir_760595> was used as the initial working directory.
Results reported at Tue Jun  4 13:25:20 CDT 2019

Your job looked like:

------------------------------------------------------------
python /home/s1/tavangar/tavangar_simple/search_algorithm.py 241.88 18.21 0.00 /home/s1/tavangar/tavangar_simple/decals_dr7_results/results_nside_32_4246.csv /home/s1/tavangar/tavangar_simple/decals_dr7_log/results_nside_32_4246.log
------------------------------------------------------------

Exited with exit code 1.

Resource usage summary:

	Real time :			41.10 sec.
	CPU time :			3.05 sec.
	CPU percentage :		31%
	Max Memory :			4970320 KB
	Average Memory :		0 KB

The output (if any) is above this job summary.
