Search coordinates: (RA, Dec) = (215.16, 24.62)
Center healpixel: 3596
Healpixels: [3596 3724 3595 3468 3340 3469 3597 3725 3852]
MC_SOURCE_ID = 0.0
mode = 0: running only on real data
Found 1 objects...
Applying cuts...
Traceback (most recent call last):
  File "/home/s1/tavangar/tavangar_simple/search_algorithm.py", line 138, in <module>
    cut = filters.star_filter(survey, data)
  File "/home/s1/tavangar/tavangar_simple/filters.py", line 107, in star_filter
    return cut
UnboundLocalError: local variable 'cut' referenced before assignment

------------------------------------------------------------
Job <672565.0> was submitted from <des51.fnal.gov> by user <tavangar>.
Job was executed on host <des40.fnal.gov> as user <tavangar>.
</var/lib/condor/execute/dir_742494> was used as the initial working directory.
Results reported at Tue Jun  4 13:12:15 CDT 2019

Your job looked like:

------------------------------------------------------------
python /home/s1/tavangar/tavangar_simple/search_algorithm.py 215.16 24.62 0.00 /home/s1/tavangar/tavangar_simple/decals_dr7_results/results_nside_32_3596.csv /home/s1/tavangar/tavangar_simple/decals_dr7_log/results_nside_32_3596.log
------------------------------------------------------------

Exited with exit code 1.

Resource usage summary:

	Real time :			44.24 sec.
	CPU time :			13.83 sec.
	CPU percentage :		69%
	Max Memory :			6163216 KB
	Average Memory :		0 KB

The output (if any) is above this job summary.
