Search coordinates: (RA, Dec) = (257.34, 19.47)
Center healpixel: 4123
Healpixels: [4123 4251 4122 3995 3867 3996 4124 4252 4379]
MC_SOURCE_ID = 0.0
mode = 0: running only on real data
Found 1 objects...
Applying cuts...
Traceback (most recent call last):
  File "/home/s1/tavangar/tavangar_simple/search_algorithm.py", line 138, in <module>
    cut = filters.star_filter(survey, data)
  File "/home/s1/tavangar/tavangar_simple/filters.py", line 107, in star_filter
    return cut
UnboundLocalError: local variable 'cut' referenced before assignment

------------------------------------------------------------
Job <672910.0> was submitted from <des51.fnal.gov> by user <tavangar>.
Job was executed on host <des40.fnal.gov> as user <tavangar>.
</var/lib/condor/execute/dir_757256> was used as the initial working directory.
Results reported at Tue Jun  4 13:23:01 CDT 2019

Your job looked like:

------------------------------------------------------------
python /home/s1/tavangar/tavangar_simple/search_algorithm.py 257.34 19.47 0.00 /home/s1/tavangar/tavangar_simple/decals_dr7_results/results_nside_32_4123.csv /home/s1/tavangar/tavangar_simple/decals_dr7_log/results_nside_32_4123.log
------------------------------------------------------------

Exited with exit code 1.

Resource usage summary:

	Real time :			32.45 sec.
	CPU time :			2.85 sec.
	CPU percentage :		46%
	Max Memory :			5106336 KB
	Average Memory :		0 KB

The output (if any) is above this job summary.
