Search coordinates: (RA, Dec) = (132.19, 25.94)
Center healpixel: 3439
Healpixels: [3439 3566 3438 3310 3183 3311 3440 3567 3695]
MC_SOURCE_ID = 0.0
mode = 0: running only on real data
Found 1 objects...
Applying cuts...
Traceback (most recent call last):
  File "/home/s1/tavangar/tavangar_simple/search_algorithm.py", line 138, in <module>
    cut = filters.star_filter(survey, data)
  File "/home/s1/tavangar/tavangar_simple/filters.py", line 107, in star_filter
    return cut
UnboundLocalError: local variable 'cut' referenced before assignment

------------------------------------------------------------
Job <672447.0> was submitted from <des51.fnal.gov> by user <tavangar>.
Job was executed on host <des40.fnal.gov> as user <tavangar>.
</var/lib/condor/execute/dir_736807> was used as the initial working directory.
Results reported at Tue Jun  4 13:08:49 CDT 2019

Your job looked like:

------------------------------------------------------------
python /home/s1/tavangar/tavangar_simple/search_algorithm.py 132.19 25.94 0.00 /home/s1/tavangar/tavangar_simple/decals_dr7_results/results_nside_32_3439.csv /home/s1/tavangar/tavangar_simple/decals_dr7_log/results_nside_32_3439.log
------------------------------------------------------------

Exited with exit code 1.

Resource usage summary:

	Real time :			23.46 sec.
	CPU time :			2.21 sec.
	CPU percentage :		39%
	Max Memory :			5131184 KB
	Average Memory :		0 KB

The output (if any) is above this job summary.
