Search coordinates: (RA, Dec) = (323.44, 25.94)
Center healpixel: 3507
Healpixels: [3507 3634 3506 3378 3251 3379 3508 3635 3763]
MC_SOURCE_ID = 0.0
mode = 0: running only on real data
Found 1 objects...
Applying cuts...
Traceback (most recent call last):
  File "/home/s1/tavangar/tavangar_simple/search_algorithm.py", line 138, in <module>
    cut = filters.star_filter(survey, data)
  File "/home/s1/tavangar/tavangar_simple/filters.py", line 107, in star_filter
    return cut
UnboundLocalError: local variable 'cut' referenced before assignment

------------------------------------------------------------
Job <672498.0> was submitted from <des51.fnal.gov> by user <tavangar>.
Job was executed on host <des40.fnal.gov> as user <tavangar>.
</var/lib/condor/execute/dir_739364> was used as the initial working directory.
Results reported at Tue Jun  4 13:10:22 CDT 2019

Your job looked like:

------------------------------------------------------------
python /home/s1/tavangar/tavangar_simple/search_algorithm.py 323.44 25.94 0.00 /home/s1/tavangar/tavangar_simple/decals_dr7_results/results_nside_32_3507.csv /home/s1/tavangar/tavangar_simple/decals_dr7_log/results_nside_32_3507.log
------------------------------------------------------------

Exited with exit code 1.

Resource usage summary:

	Real time :			16.36 sec.
	CPU time :			2.34 sec.
	CPU percentage :		53%
	Max Memory :			2441408 KB
	Average Memory :		0 KB

The output (if any) is above this job summary.
