Search coordinates: (RA, Dec) = (216.56, 25.94)
Center healpixel: 3469
Healpixels: [3469 3596 3468 3340 3213 3341 3470 3597 3725]
MC_SOURCE_ID = 0.0
mode = 0: running only on real data
Found 1 objects...
Applying cuts...
Traceback (most recent call last):
  File "/home/s1/tavangar/tavangar_simple/search_algorithm.py", line 138, in <module>
    cut = filters.star_filter(survey, data)
  File "/home/s1/tavangar/tavangar_simple/filters.py", line 107, in star_filter
    return cut
UnboundLocalError: local variable 'cut' referenced before assignment

------------------------------------------------------------
Job <672479.0> was submitted from <des51.fnal.gov> by user <tavangar>.
Job was executed on host <des40.fnal.gov> as user <tavangar>.
</var/lib/condor/execute/dir_737986> was used as the initial working directory.
Results reported at Tue Jun  4 13:09:55 CDT 2019

Your job looked like:

------------------------------------------------------------
python /home/s1/tavangar/tavangar_simple/search_algorithm.py 216.56 25.94 0.00 /home/s1/tavangar/tavangar_simple/decals_dr7_results/results_nside_32_3469.csv /home/s1/tavangar/tavangar_simple/decals_dr7_log/results_nside_32_3469.log
------------------------------------------------------------

Exited with exit code 1.

Resource usage summary:

	Real time :			37.13 sec.
	CPU time :			2.86 sec.
	CPU percentage :		57%
	Max Memory :			6076544 KB
	Average Memory :		0 KB

The output (if any) is above this job summary.
