Search coordinates: (RA, Dec) = (198.28, 22.02)
Center healpixel: 3846
Healpixels: [3846 3974 3845 3718 3590 3719 3847 3975 4102]
MC_SOURCE_ID = 0.0
mode = 0: running only on real data
Found 1 objects...
Applying cuts...
Traceback (most recent call last):
  File "/home/s1/tavangar/tavangar_simple/search_algorithm.py", line 138, in <module>
    cut = filters.star_filter(survey, data)
  File "/home/s1/tavangar/tavangar_simple/filters.py", line 107, in star_filter
    return cut
UnboundLocalError: local variable 'cut' referenced before assignment

------------------------------------------------------------
Job <672717.0> was submitted from <des51.fnal.gov> by user <tavangar>.
Job was executed on host <des40.fnal.gov> as user <tavangar>.
</var/lib/condor/execute/dir_748376> was used as the initial working directory.
Results reported at Tue Jun  4 13:16:25 CDT 2019

Your job looked like:

------------------------------------------------------------
python /home/s1/tavangar/tavangar_simple/search_algorithm.py 198.28 22.02 0.00 /home/s1/tavangar/tavangar_simple/decals_dr7_results/results_nside_32_3846.csv /home/s1/tavangar/tavangar_simple/decals_dr7_log/results_nside_32_3846.log
------------------------------------------------------------

Exited with exit code 1.

Resource usage summary:

	Real time :			32.19 sec.
	CPU time :			9.92 sec.
	CPU percentage :		73%
	Max Memory :			5940048 KB
	Average Memory :		0 KB

The output (if any) is above this job summary.
