Search coordinates: (RA, Dec) = (232.03, 32.80)
Center healpixel: 2834
Healpixels: [2834 2962 2833 2706 2578 2707 2835 2963 3090]
MC_SOURCE_ID = 0.0
mode = 0: running only on real data
Found 1 objects...
Applying cuts...
Traceback (most recent call last):
  File "/home/s1/tavangar/tavangar_simple/search_algorithm.py", line 138, in <module>
    cut = filters.star_filter(survey, data)
  File "/home/s1/tavangar/tavangar_simple/filters.py", line 107, in star_filter
    return cut
UnboundLocalError: local variable 'cut' referenced before assignment

------------------------------------------------------------
Job <672094.0> was submitted from <des51.fnal.gov> by user <tavangar>.
Job was executed on host <des40.fnal.gov> as user <tavangar>.
</var/lib/condor/execute/dir_719141> was used as the initial working directory.
Results reported at Tue Jun  4 12:54:16 CDT 2019

Your job looked like:

------------------------------------------------------------
python /home/s1/tavangar/tavangar_simple/search_algorithm.py 232.03 32.80 0.00 /home/s1/tavangar/tavangar_simple/decals_dr7_results/results_nside_32_2834.csv /home/s1/tavangar/tavangar_simple/decals_dr7_log/results_nside_32_2834.log
------------------------------------------------------------

Exited with exit code 1.

Resource usage summary:

	Real time :			50.36 sec.
	CPU time :			21.86 sec.
	CPU percentage :		65%
	Max Memory :			3769984 KB
	Average Memory :		0 KB

The output (if any) is above this job summary.
