Search coordinates: (RA, Dec) = (165.94, 25.94)
Center healpixel: 3451
Healpixels: [3451 3578 3450 3322 3195 3323 3452 3579 3707]
MC_SOURCE_ID = 0.0
mode = 0: running only on real data
Found 1 objects...
Applying cuts...
Traceback (most recent call last):
  File "/home/s1/tavangar/tavangar_simple/search_algorithm.py", line 138, in <module>
    cut = filters.star_filter(survey, data)
  File "/home/s1/tavangar/tavangar_simple/filters.py", line 107, in star_filter
    return cut
UnboundLocalError: local variable 'cut' referenced before assignment

------------------------------------------------------------
Job <672460.0> was submitted from <des51.fnal.gov> by user <tavangar>.
Job was executed on host <des40.fnal.gov> as user <tavangar>.
</var/lib/condor/execute/dir_737240> was used as the initial working directory.
Results reported at Tue Jun  4 13:09:15 CDT 2019

Your job looked like:

------------------------------------------------------------
python /home/s1/tavangar/tavangar_simple/search_algorithm.py 165.94 25.94 0.00 /home/s1/tavangar/tavangar_simple/decals_dr7_results/results_nside_32_3451.csv /home/s1/tavangar/tavangar_simple/decals_dr7_log/results_nside_32_3451.log
------------------------------------------------------------

Exited with exit code 1.

Resource usage summary:

	Real time :			30.64 sec.
	CPU time :			2.90 sec.
	CPU percentage :		58%
	Max Memory :			5886416 KB
	Average Memory :		0 KB

The output (if any) is above this job summary.
