Search coordinates: (RA, Dec) = (212.34, 22.02)
Center healpixel: 3851
Healpixels: [3851 3979 3850 3723 3595 3724 3852 3980 4107]
MC_SOURCE_ID = 0.0
mode = 0: running only on real data
Found 1 objects...
Applying cuts...
Traceback (most recent call last):
  File "/home/s1/tavangar/tavangar_simple/search_algorithm.py", line 138, in <module>
    cut = filters.star_filter(survey, data)
  File "/home/s1/tavangar/tavangar_simple/filters.py", line 107, in star_filter
    return cut
UnboundLocalError: local variable 'cut' referenced before assignment

------------------------------------------------------------
Job <672720.0> was submitted from <des51.fnal.gov> by user <tavangar>.
Job was executed on host <des40.fnal.gov> as user <tavangar>.
</var/lib/condor/execute/dir_748408> was used as the initial working directory.
Results reported at Tue Jun  4 13:16:39 CDT 2019

Your job looked like:

------------------------------------------------------------
python /home/s1/tavangar/tavangar_simple/search_algorithm.py 212.34 22.02 0.00 /home/s1/tavangar/tavangar_simple/decals_dr7_results/results_nside_32_3851.csv /home/s1/tavangar/tavangar_simple/decals_dr7_log/results_nside_32_3851.log
------------------------------------------------------------

Exited with exit code 1.

Resource usage summary:

	Real time :			44.71 sec.
	CPU time :			15.04 sec.
	CPU percentage :		78%
	Max Memory :			6102208 KB
	Average Memory :		0 KB

The output (if any) is above this job summary.
