Search coordinates: (RA, Dec) = (216.56, 23.32)
Center healpixel: 3725
Healpixels: [3725 3852 3724 3596 3469 3597 3726 3853 3981]
MC_SOURCE_ID = 0.0
mode = 0: running only on real data
Found 1 objects...
Applying cuts...
Traceback (most recent call last):
  File "/home/s1/tavangar/tavangar_simple/search_algorithm.py", line 138, in <module>
    cut = filters.star_filter(survey, data)
  File "/home/s1/tavangar/tavangar_simple/filters.py", line 107, in star_filter
    return cut
UnboundLocalError: local variable 'cut' referenced before assignment

------------------------------------------------------------
Job <672653.0> was submitted from <des51.fnal.gov> by user <tavangar>.
Job was executed on host <des40.fnal.gov> as user <tavangar>.
</var/lib/condor/execute/dir_745435> was used as the initial working directory.
Results reported at Tue Jun  4 13:14:41 CDT 2019

Your job looked like:

------------------------------------------------------------
python /home/s1/tavangar/tavangar_simple/search_algorithm.py 216.56 23.32 0.00 /home/s1/tavangar/tavangar_simple/decals_dr7_results/results_nside_32_3725.csv /home/s1/tavangar/tavangar_simple/decals_dr7_log/results_nside_32_3725.log
------------------------------------------------------------

Exited with exit code 1.

Resource usage summary:

	Real time :			47.82 sec.
	CPU time :			13.16 sec.
	CPU percentage :		69%
	Max Memory :			6148304 KB
	Average Memory :		0 KB

The output (if any) is above this job summary.
