Search coordinates: (RA, Dec) = (225.00, 18.21)
Center healpixel: 4240
Healpixels: [4240 4367 4239 4111 3984 4112 4241 4368 4496]
MC_SOURCE_ID = 0.0
mode = 0: running only on real data
Found 1 objects...
Applying cuts...
Traceback (most recent call last):
  File "/home/s1/tavangar/tavangar_simple/search_algorithm.py", line 138, in <module>
    cut = filters.star_filter(survey, data)
  File "/home/s1/tavangar/tavangar_simple/filters.py", line 107, in star_filter
    return cut
UnboundLocalError: local variable 'cut' referenced before assignment

------------------------------------------------------------
Job <672982.0> was submitted from <des51.fnal.gov> by user <tavangar>.
Job was executed on host <des40.fnal.gov> as user <tavangar>.
</var/lib/condor/execute/dir_760623> was used as the initial working directory.
Results reported at Tue Jun  4 13:25:22 CDT 2019

Your job looked like:

------------------------------------------------------------
python /home/s1/tavangar/tavangar_simple/search_algorithm.py 225.00 18.21 0.00 /home/s1/tavangar/tavangar_simple/decals_dr7_results/results_nside_32_4240.csv /home/s1/tavangar/tavangar_simple/decals_dr7_log/results_nside_32_4240.log
------------------------------------------------------------

Exited with exit code 1.

Resource usage summary:

	Real time :			43.12 sec.
	CPU time :			2.66 sec.
	CPU percentage :		37%
	Max Memory :			5705904 KB
	Average Memory :		0 KB

The output (if any) is above this job summary.
