Search coordinates: (RA, Dec) = (358.59, 30.00)
Center healpixel: 3135
Healpixels: [3135 3263 3134 3007 2879 2880 3008 3136 3391]
MC_SOURCE_ID = 0.0
mode = 0: running only on real data
Found 1 objects...
Applying cuts...
Traceback (most recent call last):
  File "/home/s1/tavangar/tavangar_simple/search_algorithm.py", line 138, in <module>
    cut = filters.star_filter(survey, data)
  File "/home/s1/tavangar/tavangar_simple/filters.py", line 107, in star_filter
    return cut
UnboundLocalError: local variable 'cut' referenced before assignment

------------------------------------------------------------
Job <672253.0> was submitted from <des51.fnal.gov> by user <tavangar>.
Job was executed on host <des40.fnal.gov> as user <tavangar>.
</var/lib/condor/execute/dir_729177> was used as the initial working directory.
Results reported at Tue Jun  4 13:02:50 CDT 2019

Your job looked like:

------------------------------------------------------------
python /home/s1/tavangar/tavangar_simple/search_algorithm.py 358.59 30.00 0.00 /home/s1/tavangar/tavangar_simple/decals_dr7_results/results_nside_32_3135.csv /home/s1/tavangar/tavangar_simple/decals_dr7_log/results_nside_32_3135.log
------------------------------------------------------------

Exited with exit code 1.

Resource usage summary:

	Real time :			24.38 sec.
	CPU time :			1.76 sec.
	CPU percentage :		17%
	Max Memory :			616912 KB
	Average Memory :		0 KB

The output (if any) is above this job summary.
