Search coordinates: (RA, Dec) = (246.09, 24.62)
Center healpixel: 3607
Healpixels: [3607 3735 3606 3479 3351 3480 3608 3736 3863]
MC_SOURCE_ID = 0.0
mode = 0: running only on real data
Found 1 objects...
Applying cuts...
Traceback (most recent call last):
  File "/home/s1/tavangar/tavangar_simple/search_algorithm.py", line 138, in <module>
    cut = filters.star_filter(survey, data)
  File "/home/s1/tavangar/tavangar_simple/filters.py", line 107, in star_filter
    return cut
UnboundLocalError: local variable 'cut' referenced before assignment

------------------------------------------------------------
Job <672574.0> was submitted from <des51.fnal.gov> by user <tavangar>.
Job was executed on host <des40.fnal.gov> as user <tavangar>.
</var/lib/condor/execute/dir_743005> was used as the initial working directory.
Results reported at Tue Jun  4 13:12:27 CDT 2019

Your job looked like:

------------------------------------------------------------
python /home/s1/tavangar/tavangar_simple/search_algorithm.py 246.09 24.62 0.00 /home/s1/tavangar/tavangar_simple/decals_dr7_results/results_nside_32_3607.csv /home/s1/tavangar/tavangar_simple/decals_dr7_log/results_nside_32_3607.log
------------------------------------------------------------

Exited with exit code 1.

Resource usage summary:

	Real time :			19.55 sec.
	CPU time :			2.61 sec.
	CPU percentage :		59%
	Max Memory :			4938448 KB
	Average Memory :		0 KB

The output (if any) is above this job summary.
