Search coordinates: (RA, Dec) = (120.94, 18.21)
Center healpixel: 4203
Healpixels: [4203 4330 4202 4074 3947 4075 4204 4331 4459]
MC_SOURCE_ID = 0.0
mode = 0: running only on real data
Found 1 objects...
Applying cuts...
Traceback (most recent call last):
  File "/home/s1/tavangar/tavangar_simple/search_algorithm.py", line 138, in <module>
    cut = filters.star_filter(survey, data)
  File "/home/s1/tavangar/tavangar_simple/filters.py", line 107, in star_filter
    return cut
UnboundLocalError: local variable 'cut' referenced before assignment

------------------------------------------------------------
Job <672942.0> was submitted from <des51.fnal.gov> by user <tavangar>.
Job was executed on host <des40.fnal.gov> as user <tavangar>.
</var/lib/condor/execute/dir_758500> was used as the initial working directory.
Results reported at Tue Jun  4 13:23:58 CDT 2019

Your job looked like:

------------------------------------------------------------
python /home/s1/tavangar/tavangar_simple/search_algorithm.py 120.94 18.21 0.00 /home/s1/tavangar/tavangar_simple/decals_dr7_results/results_nside_32_4203.csv /home/s1/tavangar/tavangar_simple/decals_dr7_log/results_nside_32_4203.log
------------------------------------------------------------

Exited with exit code 1.

Resource usage summary:

	Real time :			31.28 sec.
	CPU time :			2.64 sec.
	CPU percentage :		50%
	Max Memory :			5713808 KB
	Average Memory :		0 KB

The output (if any) is above this job summary.
