Search coordinates: (RA, Dec) = (130.78, 30.00)
Center healpixel: 3054
Healpixels: [3054 3182 3053 2926 2798 2927 3055 3183 3310]
MC_SOURCE_ID = 0.0
mode = 0: running only on real data
Found 1 objects...
Applying cuts...
Traceback (most recent call last):
  File "/home/s1/tavangar/tavangar_simple/search_algorithm.py", line 138, in <module>
    cut = filters.star_filter(survey, data)
  File "/home/s1/tavangar/tavangar_simple/filters.py", line 107, in star_filter
    return cut
UnboundLocalError: local variable 'cut' referenced before assignment

------------------------------------------------------------
Job <672194.0> was submitted from <des51.fnal.gov> by user <tavangar>.
Job was executed on host <des40.fnal.gov> as user <tavangar>.
</var/lib/condor/execute/dir_725261> was used as the initial working directory.
Results reported at Tue Jun  4 12:59:49 CDT 2019

Your job looked like:

------------------------------------------------------------
python /home/s1/tavangar/tavangar_simple/search_algorithm.py 130.78 30.00 0.00 /home/s1/tavangar/tavangar_simple/decals_dr7_results/results_nside_32_3054.csv /home/s1/tavangar/tavangar_simple/decals_dr7_log/results_nside_32_3054.log
------------------------------------------------------------

Exited with exit code 1.

Resource usage summary:

	Real time :			49.17 sec.
	CPU time :			21.98 sec.
	CPU percentage :		66%
	Max Memory :			5145632 KB
	Average Memory :		0 KB

The output (if any) is above this job summary.
