/home/s1/tavangar/tav_simple/simple_utils.py:170: FutureWarning: elementwise comparison failed; returning scalar instead, but in the future will perform elementwise comparison
  if np.all(isochrone.stage == 'Main'):
/cvmfs/des.opensciencegrid.org/fnal/anaconda2/envs/des18a/lib/python2.7/site-packages/numpy/core/fromnumeric.py:2957: RuntimeWarning: Mean of empty slice.
  out=out, **kwargs)
/cvmfs/des.opensciencegrid.org/fnal/anaconda2/envs/des18a/lib/python2.7/site-packages/numpy/core/_methods.py:80: RuntimeWarning: invalid value encountered in true_divide
  ret = ret.dtype.type(ret / rcount)
/cvmfs/des.opensciencegrid.org/fnal/anaconda2/envs/des18a/lib/python2.7/site-packages/matplotlib/cbook/__init__.py:2446: UserWarning: Saw kwargs [u'c', u'color'] which are all aliases for u'color'.  Kept value from u'color'
  seen=seen, canon=canonical, used=seen[-1]))
agg
mode = 0: running only on real data
Loading data...
Assembling data...
Found 221603 objects...
Making diagnostic plots for (RA, DEC) = (0.07, 13.47)...

------------------------------------------------------------
Job <772000.0> was submitted from <des51.fnal.gov> by user <tavangar>.
Job was executed on host <des40.fnal.gov> as user <tavangar>.
</var/lib/condor/execute/dir_318400> was used as the initial working directory.
Results reported at Sat Jun 22 09:54:28 CDT 2019

Your job looked like:

------------------------------------------------------------
python /home/s1/tavangar/tav_simple/plotting/web_plot.py 0.07 13.47 21.50 10.08 0.00 1.1362
------------------------------------------------------------

Successfully completed.

Resource usage summary:

	Real time :			99.67 sec.
	CPU time :			40.28 sec.
	CPU percentage :		91%
	Max Memory :			6275904 KB
	Average Memory :		0 KB

The output (if any) is above this job summary.
