/home/s1/tavangar/tavangar_simple/simple_utils.py:170: FutureWarning: elementwise comparison failed; returning scalar instead, but in the future will perform elementwise comparison
  if np.all(isochrone.stage == 'Main'):
Search coordinates: (RA, Dec) = (194.06, 15.71)
Center healpixel: 4485
Healpixels: [4485 4612 4484 4356 4229 4357 4486 4613 4741]
MC_SOURCE_ID = 0.0
mode = 0: running only on real data
Found 1 objects...
Applying cuts...
749979 star-like objects in ROI...
1136368 galaxy-like objects in ROI...
No fracdet map specified ...
Distance = 15.8 kpc (m-M = 16.0)
749958 objects left after isochrone cut...
Characteristic density = 5100.0 deg^-2
Characteristic density local = 5114.8 deg^-2 = 1.421 arcmin^-2
Fitting aperture to hotspot...
Candidate: x_peak:       -0.905, y_peak:        0.405, r_peak:        0.040, sig:       18.272, ra_peak:      193.118, dec_peak:       16.113
Characteristic density local = 5156.6 deg^-2 = 1.432 arcmin^-2
Fitting aperture to hotspot...
Candidate: x_peak:       -0.365, y_peak:       -0.895, r_peak:        0.040, sig:        3.662, ra_peak:      193.682, dec_peak:       14.815
Characteristic density local = 4921.9 deg^-2 = 1.367 arcmin^-2
Fitting aperture to hotspot...
Candidate: x_peak:       -0.075, y_peak:        0.515, r_peak:        0.020, sig:        8.136, ra_peak:      193.982, dec_peak:       16.225
Characteristic density local = 4752.8 deg^-2 = 1.320 arcmin^-2
Fitting aperture to hotspot...
Candidate: x_peak:        0.135, y_peak:        0.435, r_peak:        0.020, sig:        5.965, ra_peak:      194.201, dec_peak:       16.145
Characteristic density local = 4526.0 deg^-2 = 1.257 arcmin^-2
Fitting aperture to hotspot...
Candidate: x_peak:        0.625, y_peak:        0.505, r_peak:        0.010, sig:        9.136, ra_peak:      194.711, dec_peak:       16.214
Characteristic density local = 4838.3 deg^-2 = 1.344 arcmin^-2
Fitting aperture to hotspot...
Candidate: x_peak:        1.085, y_peak:       -0.205, r_peak:        0.020, sig:        8.413, ra_peak:      195.186, dec_peak:       15.502
Characteristic density local = 4756.7 deg^-2 = 1.321 arcmin^-2
Fitting aperture to hotspot...
Candidate: x_peak:        1.205, y_peak:        0.145, r_peak:        0.020, sig:        5.465, ra_peak:      195.313, dec_peak:       15.851
Distance = 20.0 kpc (m-M = 16.5)
749971 objects left after isochrone cut...
Characteristic density = 5100.0 deg^-2
Characteristic density local = 5114.8 deg^-2 = 1.421 arcmin^-2
Fitting aperture to hotspot...
Candidate: x_peak:       -0.905, y_peak:        0.405, r_peak:        0.040, sig:       18.272, ra_peak:      193.118, dec_peak:       16.113
Characteristic density local = 5156.6 deg^-2 = 1.432 arcmin^-2
Fitting aperture to hotspot...
Candidate: x_peak:       -0.365, y_peak:       -0.895, r_peak:        0.040, sig:        3.662, ra_peak:      193.682, dec_peak:       14.815
Characteristic density local = 4921.9 deg^-2 = 1.367 arcmin^-2
Fitting aperture to hotspot...
Candidate: x_peak:       -0.075, y_peak:        0.515, r_peak:        0.020, sig:        8.136, ra_peak:      193.982, dec_peak:       16.225
Characteristic density local = 4752.8 deg^-2 = 1.320 arcmin^-2
Fitting aperture to hotspot...
Candidate: x_peak:        0.135, y_peak:        0.435, r_peak:        0.020, sig:        5.965, ra_peak:      194.201, dec_peak:       16.145
Characteristic density local = 4526.0 deg^-2 = 1.257 arcmin^-2
Fitting aperture to hotspot...
Candidate: x_peak:        0.625, y_peak:        0.505, r_peak:        0.010, sig:        9.136, ra_peak:      194.711, dec_peak:       16.214
Characteristic density local = 4838.3 deg^-2 = 1.344 arcmin^-2
Fitting aperture to hotspot...
Candidate: x_peak:        1.085, y_peak:       -0.205, r_peak:        0.020, sig:        8.413, ra_peak:      195.186, dec_peak:       15.502
Characteristic density local = 4756.7 deg^-2 = 1.321 arcmin^-2
Fitting aperture to hotspot...
Candidate: x_peak:        1.205, y_peak:        0.145, r_peak:        0.020, sig:        5.465, ra_peak:      195.313, dec_peak:       15.851
Distance = 25.1 kpc (m-M = 17.0)
749975 objects left after isochrone cut...
Characteristic density = 5100.0 deg^-2
Characteristic density local = 5114.8 deg^-2 = 1.421 arcmin^-2
Fitting aperture to hotspot...
Candidate: x_peak:       -0.905, y_peak:        0.405, r_peak:        0.040, sig:       18.272, ra_peak:      193.118, dec_peak:       16.113
Characteristic density local = 5156.6 deg^-2 = 1.432 arcmin^-2
Fitting aperture to hotspot...
Candidate: x_peak:       -0.365, y_peak:       -0.895, r_peak:        0.040, sig:        3.662, ra_peak:      193.682, dec_peak:       14.815
Characteristic density local = 4921.9 deg^-2 = 1.367 arcmin^-2
Fitting aperture to hotspot...
Candidate: x_peak:       -0.075, y_peak:        0.515, r_peak:        0.020, sig:        8.136, ra_peak:      193.982, dec_peak:       16.225
Characteristic density local = 4752.8 deg^-2 = 1.320 arcmin^-2
Fitting aperture to hotspot...
Candidate: x_peak:        0.135, y_peak:        0.435, r_peak:        0.020, sig:        5.965, ra_peak:      194.201, dec_peak:       16.145
Characteristic density local = 4526.0 deg^-2 = 1.257 arcmin^-2
Fitting aperture to hotspot...
Candidate: x_peak:        0.625, y_peak:        0.505, r_peak:        0.010, sig:        9.136, ra_peak:      194.711, dec_peak:       16.214
Characteristic density local = 4838.3 deg^-2 = 1.344 arcmin^-2
Fitting aperture to hotspot...
Candidate: x_peak:        1.085, y_peak:       -0.205, r_peak:        0.020, sig:        8.413, ra_peak:      195.186, dec_peak:       15.502
Characteristic density local = 4756.7 deg^-2 = 1.321 arcmin^-2
Fitting aperture to hotspot...
Candidate: x_peak:        1.205, y_peak:        0.145, r_peak:        0.020, sig:        5.465, ra_peak:      195.313, dec_peak:       15.851
Distance = 31.6 kpc (m-M = 17.5)
749976 objects left after isochrone cut...
Characteristic density = 5100.0 deg^-2
Characteristic density local = 5114.8 deg^-2 = 1.421 arcmin^-2
Fitting aperture to hotspot...
Candidate: x_peak:       -0.905, y_peak:        0.405, r_peak:        0.040, sig:       18.272, ra_peak:      193.118, dec_peak:       16.113
Characteristic density local = 5156.6 deg^-2 = 1.432 arcmin^-2
Fitting aperture to hotspot...
Candidate: x_peak:       -0.365, y_peak:       -0.895, r_peak:        0.040, sig:        3.662, ra_peak:      193.682, dec_peak:       14.815
Characteristic density local = 4921.9 deg^-2 = 1.367 arcmin^-2
Fitting aperture to hotspot...
Candidate: x_peak:       -0.075, y_peak:        0.515, r_peak:        0.020, sig:        8.136, ra_peak:      193.982, dec_peak:       16.225
Characteristic density local = 4752.8 deg^-2 = 1.320 arcmin^-2
Fitting aperture to hotspot...
Candidate: x_peak:        0.135, y_peak:        0.435, r_peak:        0.020, sig:        5.965, ra_peak:      194.201, dec_peak:       16.145
Characteristic density local = 4526.0 deg^-2 = 1.257 arcmin^-2
Fitting aperture to hotspot...
Candidate: x_peak:        0.625, y_peak:        0.505, r_peak:        0.010, sig:        9.136, ra_peak:      194.711, dec_peak:       16.214
Characteristic density local = 4838.3 deg^-2 = 1.344 arcmin^-2
Fitting aperture to hotspot...
Candidate: x_peak:        1.085, y_peak:       -0.205, r_peak:        0.020, sig:        8.413, ra_peak:      195.186, dec_peak:       15.502
Characteristic density local = 4756.7 deg^-2 = 1.321 arcmin^-2
Fitting aperture to hotspot...
Candidate: x_peak:        1.205, y_peak:        0.145, r_peak:        0.020, sig:        5.465, ra_peak:      195.313, dec_peak:       15.851
Distance = 39.8 kpc (m-M = 18.0)
749964 objects left after isochrone cut...
Characteristic density = 5100.0 deg^-2
Characteristic density local = 5114.8 deg^-2 = 1.421 arcmin^-2
Fitting aperture to hotspot...
Candidate: x_peak:       -0.905, y_peak:        0.405, r_peak:        0.040, sig:       18.272, ra_peak:      193.118, dec_peak:       16.113
Characteristic density local = 5154.6 deg^-2 = 1.432 arcmin^-2
Fitting aperture to hotspot...
Candidate: x_peak:       -0.365, y_peak:       -0.895, r_peak:        0.040, sig:        3.664, ra_peak:      193.682, dec_peak:       14.815
Characteristic density local = 4921.9 deg^-2 = 1.367 arcmin^-2
Fitting aperture to hotspot...
Candidate: x_peak:       -0.075, y_peak:        0.515, r_peak:        0.020, sig:        8.136, ra_peak:      193.982, dec_peak:       16.225
Characteristic density local = 4752.8 deg^-2 = 1.320 arcmin^-2
Fitting aperture to hotspot...
Candidate: x_peak:        0.135, y_peak:        0.435, r_peak:        0.020, sig:        5.965, ra_peak:      194.201, dec_peak:       16.145
Characteristic density local = 4526.0 deg^-2 = 1.257 arcmin^-2
Fitting aperture to hotspot...
Candidate: x_peak:        0.625, y_peak:        0.505, r_peak:        0.010, sig:        9.136, ra_peak:      194.711, dec_peak:       16.214
Characteristic density local = 4838.3 deg^-2 = 1.344 arcmin^-2
Fitting aperture to hotspot...
Candidate: x_peak:        1.085, y_peak:       -0.205, r_peak:        0.020, sig:        8.413, ra_peak:      195.186, dec_peak:       15.502
Characteristic density local = 4756.7 deg^-2 = 1.321 arcmin^-2
Fitting aperture to hotspot...
Candidate: x_peak:        1.205, y_peak:        0.145, r_peak:        0.020, sig:        5.465, ra_peak:      195.313, dec_peak:       15.851
Distance = 50.1 kpc (m-M = 18.5)
749413 objects left after isochrone cut...
Characteristic density = 5100.0 deg^-2
Characteristic density local = 5011.4 deg^-2 = 1.392 arcmin^-2
Fitting aperture to hotspot...
Candidate: x_peak:       -0.945, y_peak:        0.175, r_peak:        0.270, sig:        4.193, ra_peak:      193.077, dec_peak:       15.883
Characteristic density local = 5098.9 deg^-2 = 1.416 arcmin^-2
Fitting aperture to hotspot...
Candidate: x_peak:       -0.905, y_peak:        0.405, r_peak:        0.040, sig:       18.296, ra_peak:      193.118, dec_peak:       16.113
Characteristic density local = 5168.6 deg^-2 = 1.436 arcmin^-2
Fitting aperture to hotspot...
Candidate: x_peak:       -0.365, y_peak:       -0.885, r_peak:        0.040, sig:        3.809, ra_peak:      193.682, dec_peak:       14.825
Characteristic density local = 4917.9 deg^-2 = 1.366 arcmin^-2
Fitting aperture to hotspot...
Candidate: x_peak:       -0.075, y_peak:        0.515, r_peak:        0.020, sig:        8.139, ra_peak:      193.982, dec_peak:       16.225
Characteristic density local = 4878.1 deg^-2 = 1.355 arcmin^-2
Fitting aperture to hotspot...
Candidate: x_peak:       -0.055, y_peak:        0.105, r_peak:        0.010, sig:        6.346, ra_peak:      194.003, dec_peak:       15.815
Characteristic density local = 4750.8 deg^-2 = 1.320 arcmin^-2
Fitting aperture to hotspot...
Candidate: x_peak:        0.135, y_peak:        0.435, r_peak:        0.020, sig:        5.966, ra_peak:      194.201, dec_peak:       16.145
Characteristic density local = 4526.0 deg^-2 = 1.257 arcmin^-2
Fitting aperture to hotspot...
Candidate: x_peak:        0.625, y_peak:        0.505, r_peak:        0.010, sig:        9.136, ra_peak:      194.711, dec_peak:       16.214
Characteristic density local = 4838.3 deg^-2 = 1.344 arcmin^-2
Fitting aperture to hotspot...
Candidate: x_peak:        1.085, y_peak:       -0.205, r_peak:        0.020, sig:        8.413, ra_peak:      195.186, dec_peak:       15.502
Characteristic density local = 4756.7 deg^-2 = 1.321 arcmin^-2
Fitting aperture to hotspot...
Candidate: x_peak:        1.205, y_peak:        0.145, r_peak:        0.020, sig:        5.465, ra_peak:      195.313, dec_peak:       15.851
Distance = 63.1 kpc (m-M = 19.0)
748018 objects left after isochrone cut...
Characteristic density = 5000.0 deg^-2
Characteristic density local = 4955.7 deg^-2 = 1.377 arcmin^-2
Fitting aperture to hotspot...
Candidate: x_peak:       -0.945, y_peak:        0.175, r_peak:        0.270, sig:        4.266, ra_peak:      193.077, dec_peak:       15.883
Characteristic density local = 5069.1 deg^-2 = 1.408 arcmin^-2
Fitting aperture to hotspot...
Candidate: x_peak:       -0.905, y_peak:        0.405, r_peak:        0.040, sig:       18.340, ra_peak:      193.118, dec_peak:       16.113
Characteristic density local = 5116.8 deg^-2 = 1.421 arcmin^-2
Fitting aperture to hotspot...
Candidate: x_peak:       -0.365, y_peak:       -0.885, r_peak:        0.040, sig:        3.866, ra_peak:      193.682, dec_peak:       14.825
Characteristic density local = 4880.1 deg^-2 = 1.356 arcmin^-2
Fitting aperture to hotspot...
Candidate: x_peak:       -0.075, y_peak:        0.515, r_peak:        0.020, sig:        8.167, ra_peak:      193.982, dec_peak:       16.225
Characteristic density local = 4846.3 deg^-2 = 1.346 arcmin^-2
Fitting aperture to hotspot...
Candidate: x_peak:       -0.055, y_peak:        0.105, r_peak:        0.010, sig:        6.360, ra_peak:      194.003, dec_peak:       15.815
Characteristic density local = 4734.9 deg^-2 = 1.315 arcmin^-2
Fitting aperture to hotspot...
Candidate: x_peak:        0.135, y_peak:        0.435, r_peak:        0.020, sig:        5.977, ra_peak:      194.201, dec_peak:       16.145
Characteristic density local = 4518.0 deg^-2 = 1.255 arcmin^-2
Fitting aperture to hotspot...
Candidate: x_peak:        0.625, y_peak:        0.505, r_peak:        0.010, sig:        9.140, ra_peak:      194.711, dec_peak:       16.214
Characteristic density local = 4838.3 deg^-2 = 1.344 arcmin^-2
Fitting aperture to hotspot...
Candidate: x_peak:        1.085, y_peak:       -0.205, r_peak:        0.020, sig:        8.413, ra_peak:      195.186, dec_peak:       15.502
Characteristic density local = 4756.7 deg^-2 = 1.321 arcmin^-2
Fitting aperture to hotspot...
Candidate: x_peak:        1.205, y_peak:        0.145, r_peak:        0.020, sig:        5.465, ra_peak:      195.313, dec_peak:       15.851
Distance = 79.4 kpc (m-M = 19.5)
746225 objects left after isochrone cut...
Characteristic density = 4900.0 deg^-2
Characteristic density local = 4921.9 deg^-2 = 1.367 arcmin^-2
Fitting aperture to hotspot...
Candidate: x_peak:       -0.945, y_peak:        0.175, r_peak:        0.270, sig:        4.015, ra_peak:      193.077, dec_peak:       15.883
Characteristic density local = 5003.4 deg^-2 = 1.390 arcmin^-2
Fitting aperture to hotspot...
Candidate: x_peak:       -0.905, y_peak:        0.405, r_peak:        0.040, sig:       18.337, ra_peak:      193.118, dec_peak:       16.113
Characteristic density local = 5035.3 deg^-2 = 1.399 arcmin^-2
Fitting aperture to hotspot...
Candidate: x_peak:       -0.365, y_peak:       -0.885, r_peak:        0.040, sig:        3.796, ra_peak:      193.682, dec_peak:       14.825
Characteristic density local = 4834.3 deg^-2 = 1.343 arcmin^-2
Fitting aperture to hotspot...
Candidate: x_peak:       -0.075, y_peak:        0.515, r_peak:        0.020, sig:        8.201, ra_peak:      193.982, dec_peak:       16.225
Characteristic density local = 4800.5 deg^-2 = 1.333 arcmin^-2
Fitting aperture to hotspot...
Candidate: x_peak:       -0.055, y_peak:        0.105, r_peak:        0.010, sig:        6.380, ra_peak:      194.003, dec_peak:       15.815
Characteristic density local = 4709.0 deg^-2 = 1.308 arcmin^-2
Fitting aperture to hotspot...
Candidate: x_peak:        0.135, y_peak:        0.435, r_peak:        0.020, sig:        5.995, ra_peak:      194.201, dec_peak:       16.145
Characteristic density local = 4506.1 deg^-2 = 1.252 arcmin^-2
Fitting aperture to hotspot...
Candidate: x_peak:        0.625, y_peak:        0.505, r_peak:        0.010, sig:        9.146, ra_peak:      194.711, dec_peak:       16.214
Characteristic density local = 4826.4 deg^-2 = 1.341 arcmin^-2
Fitting aperture to hotspot...
Candidate: x_peak:        1.085, y_peak:       -0.205, r_peak:        0.020, sig:        8.422, ra_peak:      195.186, dec_peak:       15.502
Characteristic density local = 4752.8 deg^-2 = 1.320 arcmin^-2
Fitting aperture to hotspot...
Candidate: x_peak:        1.205, y_peak:        0.145, r_peak:        0.020, sig:        5.468, ra_peak:      195.313, dec_peak:       15.851
Distance = 100.0 kpc (m-M = 20.0)
743996 objects left after isochrone cut...
Characteristic density = 4900.0 deg^-2
Characteristic density local = 4941.8 deg^-2 = 1.373 arcmin^-2
Fitting aperture to hotspot...
Candidate: x_peak:       -0.905, y_peak:        0.405, r_peak:        0.040, sig:       18.226, ra_peak:      193.118, dec_peak:       16.113
Characteristic density local = 4959.7 deg^-2 = 1.378 arcmin^-2
Fitting aperture to hotspot...
Candidate: x_peak:       -0.365, y_peak:       -0.885, r_peak:        0.040, sig:        3.719, ra_peak:      193.682, dec_peak:       14.825
Characteristic density local = 4778.6 deg^-2 = 1.327 arcmin^-2
Fitting aperture to hotspot...
Candidate: x_peak:       -0.075, y_peak:        0.515, r_peak:        0.020, sig:        8.025, ra_peak:      193.982, dec_peak:       16.225
Characteristic density local = 4750.8 deg^-2 = 1.320 arcmin^-2
Fitting aperture to hotspot...
Candidate: x_peak:       -0.055, y_peak:        0.105, r_peak:        0.010, sig:        6.401, ra_peak:      194.003, dec_peak:       15.815
Characteristic density local = 4659.3 deg^-2 = 1.294 arcmin^-2
Fitting aperture to hotspot...
Candidate: x_peak:        0.135, y_peak:        0.435, r_peak:        0.020, sig:        6.031, ra_peak:      194.201, dec_peak:       16.145
Characteristic density local = 4490.2 deg^-2 = 1.247 arcmin^-2
Fitting aperture to hotspot...
Candidate: x_peak:        0.625, y_peak:        0.505, r_peak:        0.010, sig:        9.154, ra_peak:      194.711, dec_peak:       16.214
Characteristic density local = 4812.4 deg^-2 = 1.337 arcmin^-2
Fitting aperture to hotspot...
Candidate: x_peak:        1.085, y_peak:       -0.205, r_peak:        0.020, sig:        8.433, ra_peak:      195.186, dec_peak:       15.502
Characteristic density local = 4732.9 deg^-2 = 1.315 arcmin^-2
Fitting aperture to hotspot...
Candidate: x_peak:        1.205, y_peak:        0.145, r_peak:        0.020, sig:        5.481, ra_peak:      195.313, dec_peak:       15.851
Distance = 125.9 kpc (m-M = 20.5)
741299 objects left after isochrone cut...
Characteristic density = 4800.0 deg^-2
Characteristic density local = 4836.3 deg^-2 = 1.343 arcmin^-2
Fitting aperture to hotspot...
Candidate: x_peak:       -0.905, y_peak:        0.405, r_peak:        0.040, sig:       18.284, ra_peak:      193.118, dec_peak:       16.113
Characteristic density local = 4872.1 deg^-2 = 1.353 arcmin^-2
Fitting aperture to hotspot...
Candidate: x_peak:       -0.355, y_peak:       -0.885, r_peak:        0.050, sig:        3.336, ra_peak:      193.693, dec_peak:       14.825
Characteristic density local = 4709.0 deg^-2 = 1.308 arcmin^-2
Fitting aperture to hotspot...
Candidate: x_peak:       -0.075, y_peak:        0.515, r_peak:        0.020, sig:        8.078, ra_peak:      193.982, dec_peak:       16.225
Characteristic density local = 4671.2 deg^-2 = 1.298 arcmin^-2
Fitting aperture to hotspot...
Candidate: x_peak:       -0.045, y_peak:        0.105, r_peak:        0.020, sig:        6.978, ra_peak:      194.013, dec_peak:       15.815
Characteristic density local = 4617.5 deg^-2 = 1.283 arcmin^-2
Fitting aperture to hotspot...
Candidate: x_peak:        0.135, y_peak:        0.435, r_peak:        0.020, sig:        6.060, ra_peak:      194.201, dec_peak:       16.145
Characteristic density local = 4468.3 deg^-2 = 1.241 arcmin^-2
Fitting aperture to hotspot...
Candidate: x_peak:        0.625, y_peak:        0.505, r_peak:        0.010, sig:        9.166, ra_peak:      194.711, dec_peak:       16.214
Characteristic density local = 4770.7 deg^-2 = 1.325 arcmin^-2
Fitting aperture to hotspot...
Candidate: x_peak:        1.085, y_peak:       -0.205, r_peak:        0.020, sig:        8.464, ra_peak:      195.186, dec_peak:       15.502
Characteristic density local = 4709.0 deg^-2 = 1.308 arcmin^-2
Fitting aperture to hotspot...
Candidate: x_peak:        1.205, y_peak:        0.145, r_peak:        0.020, sig:        5.498, ra_peak:      195.313, dec_peak:       15.851
Distance = 158.5 kpc (m-M = 21.0)
737911 objects left after isochrone cut...
Characteristic density = 4700.0 deg^-2
Characteristic density local = 4691.1 deg^-2 = 1.303 arcmin^-2
Fitting aperture to hotspot...
Candidate: x_peak:       -0.905, y_peak:        0.405, r_peak:        0.040, sig:       18.511, ra_peak:      193.118, dec_peak:       16.113
Characteristic density local = 4740.8 deg^-2 = 1.317 arcmin^-2
Fitting aperture to hotspot...
Candidate: x_peak:       -0.355, y_peak:       -0.885, r_peak:        0.040, sig:        3.471, ra_peak:      193.693, dec_peak:       14.825
Characteristic density local = 4601.6 deg^-2 = 1.278 arcmin^-2
Fitting aperture to hotspot...
Candidate: x_peak:       -0.075, y_peak:        0.515, r_peak:        0.020, sig:        7.939, ra_peak:      193.982, dec_peak:       16.225
Characteristic density local = 4553.8 deg^-2 = 1.265 arcmin^-2
Fitting aperture to hotspot...
Candidate: x_peak:       -0.045, y_peak:        0.105, r_peak:        0.020, sig:        7.064, ra_peak:      194.013, dec_peak:       15.815
Characteristic density local = 4539.9 deg^-2 = 1.261 arcmin^-2
Fitting aperture to hotspot...
Candidate: x_peak:        0.135, y_peak:        0.435, r_peak:        0.020, sig:        6.116, ra_peak:      194.201, dec_peak:       16.145
Characteristic density local = 4376.8 deg^-2 = 1.216 arcmin^-2
Fitting aperture to hotspot...
Candidate: x_peak:        0.625, y_peak:        0.505, r_peak:        0.010, sig:        9.214, ra_peak:      194.711, dec_peak:       16.214
Characteristic density local = 4695.1 deg^-2 = 1.304 arcmin^-2
Fitting aperture to hotspot...
Candidate: x_peak:        1.085, y_peak:       -0.205, r_peak:        0.020, sig:        8.522, ra_peak:      195.186, dec_peak:       15.502
Characteristic density local = 4627.4 deg^-2 = 1.285 arcmin^-2
Fitting aperture to hotspot...
Candidate: x_peak:        1.205, y_peak:        0.145, r_peak:        0.020, sig:        5.554, ra_peak:      195.313, dec_peak:       15.851
Distance = 199.5 kpc (m-M = 21.5)
733859 objects left after isochrone cut...
Characteristic density = 4500.0 deg^-2
Characteristic density local = 4549.8 deg^-2 = 1.264 arcmin^-2
Fitting aperture to hotspot...
Candidate: x_peak:       -0.905, y_peak:        0.405, r_peak:        0.040, sig:       18.528, ra_peak:      193.118, dec_peak:       16.113
Characteristic density local = 4470.3 deg^-2 = 1.242 arcmin^-2
Fitting aperture to hotspot...
Candidate: x_peak:       -0.075, y_peak:        0.515, r_peak:        0.020, sig:        8.041, ra_peak:      193.982, dec_peak:       16.225
Characteristic density local = 4414.6 deg^-2 = 1.226 arcmin^-2
Fitting aperture to hotspot...
Candidate: x_peak:       -0.055, y_peak:        0.105, r_peak:        0.010, sig:        6.553, ra_peak:      194.003, dec_peak:       15.815
Characteristic density local = 4428.5 deg^-2 = 1.230 arcmin^-2
Fitting aperture to hotspot...
Candidate: x_peak:        0.135, y_peak:        0.435, r_peak:        0.020, sig:        6.197, ra_peak:      194.201, dec_peak:       16.145
Characteristic density local = 4271.3 deg^-2 = 1.186 arcmin^-2
Fitting aperture to hotspot...
Candidate: x_peak:        0.625, y_peak:        0.505, r_peak:        0.020, sig:        9.291, ra_peak:      194.711, dec_peak:       16.214
Characteristic density local = 4563.8 deg^-2 = 1.268 arcmin^-2
Fitting aperture to hotspot...
Candidate: x_peak:        1.085, y_peak:       -0.205, r_peak:        0.020, sig:        8.625, ra_peak:      195.186, dec_peak:       15.502
Characteristic density local = 4494.1 deg^-2 = 1.248 arcmin^-2
Fitting aperture to hotspot...
Candidate: x_peak:        1.205, y_peak:        0.145, r_peak:        0.020, sig:        5.648, ra_peak:      195.313, dec_peak:       15.851
Distance = 251.2 kpc (m-M = 22.0)
728851 objects left after isochrone cut...
Characteristic density = 4400.0 deg^-2
Characteristic density local = 4388.7 deg^-2 = 1.219 arcmin^-2
Fitting aperture to hotspot...
Candidate: x_peak:       -0.905, y_peak:        0.405, r_peak:        0.040, sig:       18.581, ra_peak:      193.118, dec_peak:       16.113
Characteristic density local = 4307.1 deg^-2 = 1.196 arcmin^-2
Fitting aperture to hotspot...
Candidate: x_peak:       -0.075, y_peak:        0.515, r_peak:        0.020, sig:        8.170, ra_peak:      193.982, dec_peak:       16.225
Characteristic density local = 4265.4 deg^-2 = 1.185 arcmin^-2
Fitting aperture to hotspot...
Candidate: x_peak:       -0.055, y_peak:        0.105, r_peak:        0.010, sig:        6.623, ra_peak:      194.003, dec_peak:       15.815
Characteristic density local = 4311.1 deg^-2 = 1.198 arcmin^-2
Fitting aperture to hotspot...
Candidate: x_peak:        0.135, y_peak:        0.435, r_peak:        0.020, sig:        5.781, ra_peak:      194.201, dec_peak:       16.145
Characteristic density local = 4110.2 deg^-2 = 1.142 arcmin^-2
Fitting aperture to hotspot...
Candidate: x_peak:        0.625, y_peak:        0.505, r_peak:        0.020, sig:        9.429, ra_peak:      194.711, dec_peak:       16.214
Characteristic density local = 4390.7 deg^-2 = 1.220 arcmin^-2
Fitting aperture to hotspot...
Candidate: x_peak:        1.085, y_peak:       -0.205, r_peak:        0.020, sig:        8.763, ra_peak:      195.186, dec_peak:       15.502
Characteristic density local = 4339.0 deg^-2 = 1.205 arcmin^-2
Fitting aperture to hotspot...
Candidate: x_peak:        1.195, y_peak:        0.145, r_peak:        0.020, sig:        4.975, ra_peak:      195.302, dec_peak:       15.851
Distance = 316.2 kpc (m-M = 22.5)
722625 objects left after isochrone cut...
Characteristic density = 4200.0 deg^-2
Characteristic density local = 4179.8 deg^-2 = 1.161 arcmin^-2
Fitting aperture to hotspot...
Candidate: x_peak:       -0.905, y_peak:        0.405, r_peak:        0.040, sig:       18.613, ra_peak:      193.118, dec_peak:       16.113
Characteristic density local = 4376.8 deg^-2 = 1.216 arcmin^-2
Fitting aperture to hotspot...
Candidate: x_peak:       -0.785, y_peak:       -0.005, r_peak:        0.020, sig:        4.677, ra_peak:      193.245, dec_peak:       15.703
Characteristic density local = 4358.9 deg^-2 = 1.211 arcmin^-2
Fitting aperture to hotspot...
Candidate: x_peak:       -0.505, y_peak:       -0.375, r_peak:        0.030, sig:        3.538, ra_peak:      193.536, dec_peak:       15.334
Characteristic density local = 4108.2 deg^-2 = 1.141 arcmin^-2
Fitting aperture to hotspot...
Candidate: x_peak:       -0.075, y_peak:        0.515, r_peak:        0.020, sig:        8.333, ra_peak:      193.982, dec_peak:       16.225
Characteristic density local = 4088.3 deg^-2 = 1.136 arcmin^-2
Fitting aperture to hotspot...
Candidate: x_peak:       -0.055, y_peak:        0.105, r_peak:        0.010, sig:        6.709, ra_peak:      194.003, dec_peak:       15.815
Characteristic density local = 4128.1 deg^-2 = 1.147 arcmin^-2
Fitting aperture to hotspot...
Candidate: x_peak:        0.135, y_peak:        0.435, r_peak:        0.020, sig:        5.918, ra_peak:      194.201, dec_peak:       16.145
Characteristic density local = 3943.1 deg^-2 = 1.095 arcmin^-2
Fitting aperture to hotspot...
Candidate: x_peak:        0.625, y_peak:        0.505, r_peak:        0.020, sig:        9.576, ra_peak:      194.711, dec_peak:       16.214
Characteristic density local = 4207.7 deg^-2 = 1.169 arcmin^-2
Fitting aperture to hotspot...
Candidate: x_peak:        1.085, y_peak:       -0.205, r_peak:        0.020, sig:        8.914, ra_peak:      195.186, dec_peak:       15.502
Characteristic density local = 4138.0 deg^-2 = 1.149 arcmin^-2
Fitting aperture to hotspot...
Candidate: x_peak:        1.195, y_peak:        0.145, r_peak:        0.020, sig:        5.120, ra_peak:      195.302, dec_peak:       15.851
Distance = 398.1 kpc (m-M = 23.0)
714889 objects left after isochrone cut...
Characteristic density = 3900.0 deg^-2
Characteristic density local = 3915.2 deg^-2 = 1.088 arcmin^-2
Fitting aperture to hotspot...
Candidate: x_peak:       -0.905, y_peak:        0.405, r_peak:        0.040, sig:       18.751, ra_peak:      193.118, dec_peak:       16.113
Characteristic density local = 4132.1 deg^-2 = 1.148 arcmin^-2
Fitting aperture to hotspot...
Candidate: x_peak:       -0.785, y_peak:       -0.015, r_peak:        0.030, sig:        4.402, ra_peak:      193.245, dec_peak:       15.693
Characteristic density local = 4052.5 deg^-2 = 1.126 arcmin^-2
Fitting aperture to hotspot...
Candidate: x_peak:       -0.505, y_peak:       -0.375, r_peak:        0.030, sig:        3.831, ra_peak:      193.536, dec_peak:       15.334
Characteristic density local = 3841.6 deg^-2 = 1.067 arcmin^-2
Fitting aperture to hotspot...
Candidate: x_peak:       -0.075, y_peak:        0.515, r_peak:        0.020, sig:        8.562, ra_peak:      193.982, dec_peak:       16.225
Characteristic density local = 3781.9 deg^-2 = 1.051 arcmin^-2
Fitting aperture to hotspot...
Candidate: x_peak:       -0.045, y_peak:        0.105, r_peak:        0.020, sig:        7.683, ra_peak:      194.013, dec_peak:       15.815
Characteristic density local = 3813.8 deg^-2 = 1.059 arcmin^-2
Fitting aperture to hotspot...
Candidate: x_peak:        0.135, y_peak:        0.425, r_peak:        0.010, sig:        6.848, ra_peak:      194.201, dec_peak:       16.135
Characteristic density local = 3690.4 deg^-2 = 1.025 arcmin^-2
Fitting aperture to hotspot...
Candidate: x_peak:        0.625, y_peak:        0.505, r_peak:        0.020, sig:        9.808, ra_peak:      194.711, dec_peak:       16.214
Characteristic density local = 3923.2 deg^-2 = 1.090 arcmin^-2
Fitting aperture to hotspot...
Candidate: x_peak:        1.085, y_peak:       -0.205, r_peak:        0.020, sig:        9.160, ra_peak:      195.186, dec_peak:       15.502
Characteristic density local = 3877.4 deg^-2 = 1.077 arcmin^-2
Fitting aperture to hotspot...
Candidate: x_peak:        1.185, y_peak:        0.155, r_peak:        0.030, sig:        5.901, ra_peak:      195.292, dec_peak:       15.862
18.75 sigma; (RA, Dec, d) = (193.12, 16.11); r = 0.04 deg; d = 398.1, mu = 23.00 mag), mc_source_id: 0.00
9.81 sigma; (RA, Dec, d) = (194.71, 16.21); r = 0.02 deg; d = 398.1, mu = 23.00 mag), mc_source_id: 0.00
9.16 sigma; (RA, Dec, d) = (195.19, 15.50); r = 0.02 deg; d = 398.1, mu = 23.00 mag), mc_source_id: 0.00
8.56 sigma; (RA, Dec, d) = (193.98, 16.22); r = 0.02 deg; d = 398.1, mu = 23.00 mag), mc_source_id: 0.00
7.68 sigma; (RA, Dec, d) = (194.01, 15.81); r = 0.02 deg; d = 398.1, mu = 23.00 mag), mc_source_id: 0.00
6.85 sigma; (RA, Dec, d) = (194.20, 16.13); r = 0.01 deg; d = 398.1, mu = 23.00 mag), mc_source_id: 0.00
6.20 sigma; (RA, Dec, d) = (194.20, 16.14); r = 0.02 deg; d = 199.5, mu = 21.50 mag), mc_source_id: 0.00
5.90 sigma; (RA, Dec, d) = (195.29, 15.86); r = 0.03 deg; d = 398.1, mu = 23.00 mag), mc_source_id: 0.00
4.68 sigma; (RA, Dec, d) = (193.24, 15.70); r = 0.02 deg; d = 316.2, mu = 22.50 mag), mc_source_id: 0.00
4.27 sigma; (RA, Dec, d) = (193.08, 15.88); r = 0.27 deg; d = 63.1, mu = 19.00 mag), mc_source_id: 0.00
3.87 sigma; (RA, Dec, d) = (193.68, 14.82); r = 0.04 deg; d = 63.1, mu = 19.00 mag), mc_source_id: 0.00
3.83 sigma; (RA, Dec, d) = (193.54, 15.33); r = 0.03 deg; d = 398.1, mu = 23.00 mag), mc_source_id: 0.00

------------------------------------------------------------
Job <679824.0> was submitted from <des51.fnal.gov> by user <tavangar>.
Job was executed on host <des40.fnal.gov> as user <tavangar>.
</var/lib/condor/execute/dir_1811530> was used as the initial working directory.
Results reported at Wed Jun  5 06:22:35 CDT 2019

Your job looked like:

------------------------------------------------------------
python /home/s1/tavangar/tavangar_simple/search_algorithm.py 194.06 15.71 0.00 /home/s1/tavangar/tavangar_simple/decals_dr7_results/results_nside_32_4485.csv /home/s1/tavangar/tavangar_simple/decals_dr7_results/decals_dr7_log/results_nside_32_4485.log
------------------------------------------------------------

Successfully completed.

Resource usage summary:

	Real time :			453.32 sec.
	CPU time :			135.79 sec.
	CPU percentage :		89%
	Max Memory :			6550336 KB
	Average Memory :		0 KB

The output (if any) is above this job summary.
