/home/s1/tavangar/tavangar_simple/simple_utils.py:170: FutureWarning: elementwise comparison failed; returning scalar instead, but in the future will perform elementwise comparison
  if np.all(isochrone.stage == 'Main'):
Search coordinates: (RA, Dec) = (208.12, -8.39)
Center healpixel: 7050
Healpixels: [7050 7177 7049 6921 6794 6922 7051 7178 7306]
MC_SOURCE_ID = 0.0
mode = 0: running only on real data
Found 1 objects...
Applying cuts...
629186 star-like objects in ROI...
819102 galaxy-like objects in ROI...
No fracdet map specified ...
Distance = 15.8 kpc (m-M = 16.0)
629171 objects left after isochrone cut...
Characteristic density = 8300.0 deg^-2
Characteristic density local = 8445.2 deg^-2 = 2.346 arcmin^-2
Fitting aperture to hotspot...
Candidate: x_peak:       -1.255, y_peak:       -0.095, r_peak:        0.040, sig:        3.951, ra_peak:      206.851, dec_peak:       -8.483
Characteristic density local = 8399.4 deg^-2 = 2.333 arcmin^-2
Fitting aperture to hotspot...
Candidate: x_peak:       -0.905, y_peak:        0.205, r_peak:        0.020, sig:        9.920, ra_peak:      207.206, dec_peak:       -8.184
Characteristic density local = 8327.8 deg^-2 = 2.313 arcmin^-2
Fitting aperture to hotspot...
Candidate: x_peak:       -0.485, y_peak:        0.785, r_peak:        0.020, sig:        6.885, ra_peak:      207.631, dec_peak:       -7.605
Characteristic density local = 8170.6 deg^-2 = 2.270 arcmin^-2
Fitting aperture to hotspot...
Candidate: x_peak:       -0.405, y_peak:        0.605, r_peak:        0.020, sig:       15.454, ra_peak:      207.711, dec_peak:       -7.785
Characteristic density local = 8373.5 deg^-2 = 2.326 arcmin^-2
Fitting aperture to hotspot...
Candidate: x_peak:        0.025, y_peak:        1.135, r_peak:        0.030, sig:        5.126, ra_peak:      208.145, dec_peak:       -7.255
Characteristic density local = 8670.0 deg^-2 = 2.408 arcmin^-2
Fitting aperture to hotspot...
Candidate: x_peak:        0.215, y_peak:        0.295, r_peak:        0.040, sig:        5.019, ra_peak:      208.337, dec_peak:       -8.095
Characteristic density local = 8821.2 deg^-2 = 2.450 arcmin^-2
Fitting aperture to hotspot...
Candidate: x_peak:        0.345, y_peak:       -0.095, r_peak:        0.030, sig:        7.886, ra_peak:      208.469, dec_peak:       -8.485
Characteristic density local = 8670.0 deg^-2 = 2.408 arcmin^-2
Fitting aperture to hotspot...
Candidate: x_peak:        0.615, y_peak:        0.325, r_peak:        0.020, sig:       17.977, ra_peak:      208.741, dec_peak:       -8.065
Characteristic density local = 7506.1 deg^-2 = 2.085 arcmin^-2
Fitting aperture to hotspot...
Candidate: x_peak:        0.635, y_peak:       -0.385, r_peak:        0.220, sig:        8.099, ra_peak:      208.763, dec_peak:       -8.774
Distance = 20.0 kpc (m-M = 16.5)
629182 objects left after isochrone cut...
Characteristic density = 8300.0 deg^-2
Characteristic density local = 8445.2 deg^-2 = 2.346 arcmin^-2
Fitting aperture to hotspot...
Candidate: x_peak:       -1.255, y_peak:       -0.095, r_peak:        0.040, sig:        3.951, ra_peak:      206.851, dec_peak:       -8.483
Characteristic density local = 8399.4 deg^-2 = 2.333 arcmin^-2
Fitting aperture to hotspot...
Candidate: x_peak:       -0.905, y_peak:        0.205, r_peak:        0.020, sig:        9.920, ra_peak:      207.206, dec_peak:       -8.184
Characteristic density local = 8327.8 deg^-2 = 2.313 arcmin^-2
Fitting aperture to hotspot...
Candidate: x_peak:       -0.485, y_peak:        0.785, r_peak:        0.020, sig:        6.885, ra_peak:      207.631, dec_peak:       -7.605
Characteristic density local = 8170.6 deg^-2 = 2.270 arcmin^-2
Fitting aperture to hotspot...
Candidate: x_peak:       -0.405, y_peak:        0.605, r_peak:        0.020, sig:       15.454, ra_peak:      207.711, dec_peak:       -7.785
Characteristic density local = 8373.5 deg^-2 = 2.326 arcmin^-2
Fitting aperture to hotspot...
Candidate: x_peak:        0.025, y_peak:        1.135, r_peak:        0.030, sig:        5.126, ra_peak:      208.145, dec_peak:       -7.255
Characteristic density local = 8670.0 deg^-2 = 2.408 arcmin^-2
Fitting aperture to hotspot...
Candidate: x_peak:        0.215, y_peak:        0.295, r_peak:        0.040, sig:        5.019, ra_peak:      208.337, dec_peak:       -8.095
Characteristic density local = 8821.2 deg^-2 = 2.450 arcmin^-2
Fitting aperture to hotspot...
Candidate: x_peak:        0.345, y_peak:       -0.095, r_peak:        0.030, sig:        7.886, ra_peak:      208.469, dec_peak:       -8.485
Characteristic density local = 8670.0 deg^-2 = 2.408 arcmin^-2
Fitting aperture to hotspot...
Candidate: x_peak:        0.615, y_peak:        0.325, r_peak:        0.020, sig:       17.977, ra_peak:      208.741, dec_peak:       -8.065
Characteristic density local = 7506.1 deg^-2 = 2.085 arcmin^-2
Fitting aperture to hotspot...
Candidate: x_peak:        0.635, y_peak:       -0.385, r_peak:        0.220, sig:        8.099, ra_peak:      208.763, dec_peak:       -8.774
Distance = 25.1 kpc (m-M = 17.0)
629183 objects left after isochrone cut...
Characteristic density = 8300.0 deg^-2
Characteristic density local = 8445.2 deg^-2 = 2.346 arcmin^-2
Fitting aperture to hotspot...
Candidate: x_peak:       -1.255, y_peak:       -0.095, r_peak:        0.040, sig:        3.951, ra_peak:      206.851, dec_peak:       -8.483
Characteristic density local = 8399.4 deg^-2 = 2.333 arcmin^-2
Fitting aperture to hotspot...
Candidate: x_peak:       -0.905, y_peak:        0.205, r_peak:        0.020, sig:        9.920, ra_peak:      207.206, dec_peak:       -8.184
Characteristic density local = 8327.8 deg^-2 = 2.313 arcmin^-2
Fitting aperture to hotspot...
Candidate: x_peak:       -0.485, y_peak:        0.785, r_peak:        0.020, sig:        6.885, ra_peak:      207.631, dec_peak:       -7.605
Characteristic density local = 8170.6 deg^-2 = 2.270 arcmin^-2
Fitting aperture to hotspot...
Candidate: x_peak:       -0.405, y_peak:        0.605, r_peak:        0.020, sig:       15.454, ra_peak:      207.711, dec_peak:       -7.785
Characteristic density local = 8373.5 deg^-2 = 2.326 arcmin^-2
Fitting aperture to hotspot...
Candidate: x_peak:        0.025, y_peak:        1.135, r_peak:        0.030, sig:        5.126, ra_peak:      208.145, dec_peak:       -7.255
Characteristic density local = 8670.0 deg^-2 = 2.408 arcmin^-2
Fitting aperture to hotspot...
Candidate: x_peak:        0.215, y_peak:        0.295, r_peak:        0.040, sig:        5.019, ra_peak:      208.337, dec_peak:       -8.095
Characteristic density local = 8821.2 deg^-2 = 2.450 arcmin^-2
Fitting aperture to hotspot...
Candidate: x_peak:        0.345, y_peak:       -0.095, r_peak:        0.030, sig:        7.886, ra_peak:      208.469, dec_peak:       -8.485
Characteristic density local = 8670.0 deg^-2 = 2.408 arcmin^-2
Fitting aperture to hotspot...
Candidate: x_peak:        0.615, y_peak:        0.325, r_peak:        0.020, sig:       17.977, ra_peak:      208.741, dec_peak:       -8.065
Characteristic density local = 7506.1 deg^-2 = 2.085 arcmin^-2
Fitting aperture to hotspot...
Candidate: x_peak:        0.635, y_peak:       -0.385, r_peak:        0.220, sig:        8.099, ra_peak:      208.763, dec_peak:       -8.774
Distance = 31.6 kpc (m-M = 17.5)
629183 objects left after isochrone cut...
Characteristic density = 8300.0 deg^-2
Characteristic density local = 8445.2 deg^-2 = 2.346 arcmin^-2
Fitting aperture to hotspot...
Candidate: x_peak:       -1.255, y_peak:       -0.095, r_peak:        0.040, sig:        3.951, ra_peak:      206.851, dec_peak:       -8.483
Characteristic density local = 8399.4 deg^-2 = 2.333 arcmin^-2
Fitting aperture to hotspot...
Candidate: x_peak:       -0.905, y_peak:        0.205, r_peak:        0.020, sig:        9.920, ra_peak:      207.206, dec_peak:       -8.184
Characteristic density local = 8327.8 deg^-2 = 2.313 arcmin^-2
Fitting aperture to hotspot...
Candidate: x_peak:       -0.485, y_peak:        0.785, r_peak:        0.020, sig:        6.885, ra_peak:      207.631, dec_peak:       -7.605
Characteristic density local = 8170.6 deg^-2 = 2.270 arcmin^-2
Fitting aperture to hotspot...
Candidate: x_peak:       -0.405, y_peak:        0.605, r_peak:        0.020, sig:       15.454, ra_peak:      207.711, dec_peak:       -7.785
Characteristic density local = 8373.5 deg^-2 = 2.326 arcmin^-2
Fitting aperture to hotspot...
Candidate: x_peak:        0.025, y_peak:        1.135, r_peak:        0.030, sig:        5.126, ra_peak:      208.145, dec_peak:       -7.255
Characteristic density local = 8670.0 deg^-2 = 2.408 arcmin^-2
Fitting aperture to hotspot...
Candidate: x_peak:        0.215, y_peak:        0.295, r_peak:        0.040, sig:        5.019, ra_peak:      208.337, dec_peak:       -8.095
Characteristic density local = 8821.2 deg^-2 = 2.450 arcmin^-2
Fitting aperture to hotspot...
Candidate: x_peak:        0.345, y_peak:       -0.095, r_peak:        0.030, sig:        7.886, ra_peak:      208.469, dec_peak:       -8.485
Characteristic density local = 8670.0 deg^-2 = 2.408 arcmin^-2
Fitting aperture to hotspot...
Candidate: x_peak:        0.615, y_peak:        0.325, r_peak:        0.020, sig:       17.977, ra_peak:      208.741, dec_peak:       -8.065
Characteristic density local = 7506.1 deg^-2 = 2.085 arcmin^-2
Fitting aperture to hotspot...
Candidate: x_peak:        0.635, y_peak:       -0.385, r_peak:        0.220, sig:        8.099, ra_peak:      208.763, dec_peak:       -8.774
Distance = 39.8 kpc (m-M = 18.0)
629180 objects left after isochrone cut...
Characteristic density = 8300.0 deg^-2
Characteristic density local = 8445.2 deg^-2 = 2.346 arcmin^-2
Fitting aperture to hotspot...
Candidate: x_peak:       -1.255, y_peak:       -0.095, r_peak:        0.040, sig:        3.951, ra_peak:      206.851, dec_peak:       -8.483
Characteristic density local = 8399.4 deg^-2 = 2.333 arcmin^-2
Fitting aperture to hotspot...
Candidate: x_peak:       -0.905, y_peak:        0.205, r_peak:        0.020, sig:        9.920, ra_peak:      207.206, dec_peak:       -8.184
Characteristic density local = 8327.8 deg^-2 = 2.313 arcmin^-2
Fitting aperture to hotspot...
Candidate: x_peak:       -0.485, y_peak:        0.785, r_peak:        0.020, sig:        6.885, ra_peak:      207.631, dec_peak:       -7.605
Characteristic density local = 8170.6 deg^-2 = 2.270 arcmin^-2
Fitting aperture to hotspot...
Candidate: x_peak:       -0.405, y_peak:        0.605, r_peak:        0.020, sig:       15.454, ra_peak:      207.711, dec_peak:       -7.785
Characteristic density local = 8371.6 deg^-2 = 2.325 arcmin^-2
Fitting aperture to hotspot...
Candidate: x_peak:        0.025, y_peak:        1.135, r_peak:        0.030, sig:        5.127, ra_peak:      208.145, dec_peak:       -7.255
Characteristic density local = 8670.0 deg^-2 = 2.408 arcmin^-2
Fitting aperture to hotspot...
Candidate: x_peak:        0.215, y_peak:        0.295, r_peak:        0.040, sig:        5.019, ra_peak:      208.337, dec_peak:       -8.095
Characteristic density local = 8819.2 deg^-2 = 2.450 arcmin^-2
Fitting aperture to hotspot...
Candidate: x_peak:        0.345, y_peak:       -0.095, r_peak:        0.030, sig:        7.887, ra_peak:      208.469, dec_peak:       -8.485
Characteristic density local = 8670.0 deg^-2 = 2.408 arcmin^-2
Fitting aperture to hotspot...
Candidate: x_peak:        0.615, y_peak:        0.325, r_peak:        0.020, sig:       17.977, ra_peak:      208.741, dec_peak:       -8.065
Characteristic density local = 7506.1 deg^-2 = 2.085 arcmin^-2
Fitting aperture to hotspot...
Candidate: x_peak:        0.635, y_peak:       -0.385, r_peak:        0.220, sig:        8.072, ra_peak:      208.763, dec_peak:       -8.774
Distance = 50.1 kpc (m-M = 18.5)
628861 objects left after isochrone cut...
Characteristic density = 8300.0 deg^-2
Characteristic density local = 8437.2 deg^-2 = 2.344 arcmin^-2
Fitting aperture to hotspot...
Candidate: x_peak:       -1.255, y_peak:       -0.095, r_peak:        0.040, sig:        3.958, ra_peak:      206.851, dec_peak:       -8.483
Characteristic density local = 8383.5 deg^-2 = 2.329 arcmin^-2
Fitting aperture to hotspot...
Candidate: x_peak:       -0.905, y_peak:        0.205, r_peak:        0.020, sig:        9.929, ra_peak:      207.206, dec_peak:       -8.184
Characteristic density local = 8305.9 deg^-2 = 2.307 arcmin^-2
Fitting aperture to hotspot...
Candidate: x_peak:       -0.485, y_peak:        0.785, r_peak:        0.020, sig:        6.896, ra_peak:      207.631, dec_peak:       -7.605
Characteristic density local = 8150.7 deg^-2 = 2.264 arcmin^-2
Fitting aperture to hotspot...
Candidate: x_peak:       -0.405, y_peak:        0.605, r_peak:        0.020, sig:       15.467, ra_peak:      207.711, dec_peak:       -7.785
Characteristic density local = 8351.7 deg^-2 = 2.320 arcmin^-2
Fitting aperture to hotspot...
Candidate: x_peak:        0.025, y_peak:        1.135, r_peak:        0.030, sig:        5.140, ra_peak:      208.145, dec_peak:       -7.255
Characteristic density local = 8656.0 deg^-2 = 2.404 arcmin^-2
Fitting aperture to hotspot...
Candidate: x_peak:        0.215, y_peak:        0.295, r_peak:        0.040, sig:        5.030, ra_peak:      208.337, dec_peak:       -8.095
Characteristic density local = 8803.3 deg^-2 = 2.445 arcmin^-2
Fitting aperture to hotspot...
Candidate: x_peak:        0.345, y_peak:       -0.095, r_peak:        0.030, sig:        7.898, ra_peak:      208.469, dec_peak:       -8.485
Characteristic density local = 8664.0 deg^-2 = 2.407 arcmin^-2
Fitting aperture to hotspot...
Candidate: x_peak:        0.615, y_peak:        0.325, r_peak:        0.020, sig:       17.981, ra_peak:      208.741, dec_peak:       -8.065
Characteristic density local = 7498.2 deg^-2 = 2.083 arcmin^-2
Fitting aperture to hotspot...
Candidate: x_peak:        0.635, y_peak:       -0.385, r_peak:        0.220, sig:        8.081, ra_peak:      208.763, dec_peak:       -8.774
Distance = 63.1 kpc (m-M = 19.0)
626605 objects left after isochrone cut...
Characteristic density = 8200.0 deg^-2
Characteristic density local = 8375.5 deg^-2 = 2.327 arcmin^-2
Fitting aperture to hotspot...
Candidate: x_peak:       -1.255, y_peak:       -0.095, r_peak:        0.040, sig:        4.010, ra_peak:      206.851, dec_peak:       -8.483
Characteristic density local = 8294.0 deg^-2 = 2.304 arcmin^-2
Fitting aperture to hotspot...
Candidate: x_peak:       -0.905, y_peak:        0.205, r_peak:        0.020, sig:        9.979, ra_peak:      207.206, dec_peak:       -8.184
Characteristic density local = 8220.4 deg^-2 = 2.283 arcmin^-2
Fitting aperture to hotspot...
Candidate: x_peak:       -0.485, y_peak:        0.785, r_peak:        0.020, sig:        6.940, ra_peak:      207.631, dec_peak:       -7.605
Characteristic density local = 8043.3 deg^-2 = 2.234 arcmin^-2
Fitting aperture to hotspot...
Candidate: x_peak:       -0.405, y_peak:        0.605, r_peak:        0.020, sig:       15.536, ra_peak:      207.711, dec_peak:       -7.785
Characteristic density local = 8242.2 deg^-2 = 2.290 arcmin^-2
Fitting aperture to hotspot...
Candidate: x_peak:        0.025, y_peak:        1.135, r_peak:        0.030, sig:        4.900, ra_peak:      208.145, dec_peak:       -7.255
Characteristic density local = 8592.4 deg^-2 = 2.387 arcmin^-2
Fitting aperture to hotspot...
Candidate: x_peak:        0.205, y_peak:        0.295, r_peak:        0.020, sig:        5.559, ra_peak:      208.327, dec_peak:       -8.095
Characteristic density local = 8713.7 deg^-2 = 2.420 arcmin^-2
Fitting aperture to hotspot...
Candidate: x_peak:        0.345, y_peak:       -0.095, r_peak:        0.030, sig:        7.961, ra_peak:      208.469, dec_peak:       -8.485
Characteristic density local = 8552.6 deg^-2 = 2.376 arcmin^-2
Fitting aperture to hotspot...
Candidate: x_peak:        0.615, y_peak:        0.325, r_peak:        0.020, sig:       18.054, ra_peak:      208.741, dec_peak:       -8.065
Characteristic density local = 7418.6 deg^-2 = 2.061 arcmin^-2
Fitting aperture to hotspot...
Candidate: x_peak:        0.635, y_peak:       -0.385, r_peak:        0.220, sig:        8.069, ra_peak:      208.763, dec_peak:       -8.774
Distance = 79.4 kpc (m-M = 19.5)
623499 objects left after isochrone cut...
Characteristic density = 8000.0 deg^-2
Characteristic density local = 8250.2 deg^-2 = 2.292 arcmin^-2
Fitting aperture to hotspot...
Candidate: x_peak:       -1.255, y_peak:       -0.095, r_peak:        0.040, sig:        4.118, ra_peak:      206.851, dec_peak:       -8.483
Characteristic density local = 8136.8 deg^-2 = 2.260 arcmin^-2
Fitting aperture to hotspot...
Candidate: x_peak:       -0.905, y_peak:        0.205, r_peak:        0.020, sig:       10.067, ra_peak:      207.206, dec_peak:       -8.184
Characteristic density local = 8077.1 deg^-2 = 2.244 arcmin^-2
Fitting aperture to hotspot...
Candidate: x_peak:       -0.485, y_peak:        0.785, r_peak:        0.020, sig:        7.015, ra_peak:      207.631, dec_peak:       -7.605
Characteristic density local = 7919.9 deg^-2 = 2.200 arcmin^-2
Fitting aperture to hotspot...
Candidate: x_peak:       -0.405, y_peak:        0.605, r_peak:        0.020, sig:       15.618, ra_peak:      207.711, dec_peak:       -7.785
Characteristic density local = 8045.3 deg^-2 = 2.235 arcmin^-2
Fitting aperture to hotspot...
Candidate: x_peak:        0.035, y_peak:        1.135, r_peak:        0.020, sig:        5.410, ra_peak:      208.155, dec_peak:       -7.255
Characteristic density local = 8459.1 deg^-2 = 2.350 arcmin^-2
Fitting aperture to hotspot...
Candidate: x_peak:        0.215, y_peak:        0.295, r_peak:        0.040, sig:        4.952, ra_peak:      208.337, dec_peak:       -8.095
Characteristic density local = 8598.3 deg^-2 = 2.388 arcmin^-2
Fitting aperture to hotspot...
Candidate: x_peak:        0.345, y_peak:       -0.095, r_peak:        0.030, sig:        8.043, ra_peak:      208.469, dec_peak:       -8.485
Characteristic density local = 8413.3 deg^-2 = 2.337 arcmin^-2
Fitting aperture to hotspot...
Candidate: x_peak:        0.615, y_peak:        0.325, r_peak:        0.020, sig:       18.147, ra_peak:      208.741, dec_peak:       -8.065
Characteristic density local = 7307.2 deg^-2 = 2.030 arcmin^-2
Fitting aperture to hotspot...
Candidate: x_peak:        0.635, y_peak:       -0.385, r_peak:        0.220, sig:        8.235, ra_peak:      208.763, dec_peak:       -8.774
Distance = 100.0 kpc (m-M = 20.0)
619686 objects left after isochrone cut...
Characteristic density = 7900.0 deg^-2
Characteristic density local = 8063.2 deg^-2 = 2.240 arcmin^-2
Fitting aperture to hotspot...
Candidate: x_peak:       -1.255, y_peak:       -0.095, r_peak:        0.040, sig:        4.280, ra_peak:      206.851, dec_peak:       -8.483
Characteristic density local = 7953.8 deg^-2 = 2.209 arcmin^-2
Fitting aperture to hotspot...
Candidate: x_peak:       -0.905, y_peak:        0.205, r_peak:        0.020, sig:       10.172, ra_peak:      207.206, dec_peak:       -8.184
Characteristic density local = 7969.7 deg^-2 = 2.214 arcmin^-2
Fitting aperture to hotspot...
Candidate: x_peak:       -0.485, y_peak:        0.785, r_peak:        0.020, sig:        7.071, ra_peak:      207.631, dec_peak:       -7.605
Characteristic density local = 7802.6 deg^-2 = 2.167 arcmin^-2
Fitting aperture to hotspot...
Candidate: x_peak:       -0.405, y_peak:        0.605, r_peak:        0.020, sig:       15.696, ra_peak:      207.711, dec_peak:       -7.785
Characteristic density local = 7914.0 deg^-2 = 2.198 arcmin^-2
Fitting aperture to hotspot...
Candidate: x_peak:        0.035, y_peak:        1.135, r_peak:        0.020, sig:        5.476, ra_peak:      208.155, dec_peak:       -7.255
Characteristic density local = 8303.9 deg^-2 = 2.307 arcmin^-2
Fitting aperture to hotspot...
Candidate: x_peak:        0.205, y_peak:        0.295, r_peak:        0.020, sig:        5.493, ra_peak:      208.327, dec_peak:       -8.095
Characteristic density local = 8409.3 deg^-2 = 2.336 arcmin^-2
Fitting aperture to hotspot...
Candidate: x_peak:        0.345, y_peak:       -0.095, r_peak:        0.030, sig:        8.041, ra_peak:      208.469, dec_peak:       -8.485
Characteristic density local = 8248.2 deg^-2 = 2.291 arcmin^-2
Fitting aperture to hotspot...
Candidate: x_peak:        0.615, y_peak:        0.325, r_peak:        0.020, sig:       18.127, ra_peak:      208.741, dec_peak:       -8.065
Characteristic density local = 7166.0 deg^-2 = 1.991 arcmin^-2
Fitting aperture to hotspot...
Candidate: x_peak:        0.635, y_peak:       -0.385, r_peak:        0.220, sig:        8.127, ra_peak:      208.763, dec_peak:       -8.774
Distance = 125.9 kpc (m-M = 20.5)
614879 objects left after isochrone cut...
Characteristic density = 7700.0 deg^-2
Characteristic density local = 7854.3 deg^-2 = 2.182 arcmin^-2
Fitting aperture to hotspot...
Candidate: x_peak:       -1.255, y_peak:       -0.095, r_peak:        0.040, sig:        4.464, ra_peak:      206.851, dec_peak:       -8.483
Characteristic density local = 7734.9 deg^-2 = 2.149 arcmin^-2
Fitting aperture to hotspot...
Candidate: x_peak:       -0.905, y_peak:        0.205, r_peak:        0.020, sig:       10.300, ra_peak:      207.206, dec_peak:       -8.184
Characteristic density local = 7774.7 deg^-2 = 2.160 arcmin^-2
Fitting aperture to hotspot...
Candidate: x_peak:       -0.485, y_peak:        0.785, r_peak:        0.020, sig:        6.978, ra_peak:      207.631, dec_peak:       -7.605
Characteristic density local = 7623.5 deg^-2 = 2.118 arcmin^-2
Fitting aperture to hotspot...
Candidate: x_peak:       -0.405, y_peak:        0.605, r_peak:        0.020, sig:       15.817, ra_peak:      207.711, dec_peak:       -7.785
Characteristic density local = 7770.7 deg^-2 = 2.159 arcmin^-2
Fitting aperture to hotspot...
Candidate: x_peak:        0.025, y_peak:        1.135, r_peak:        0.030, sig:        4.904, ra_peak:      208.145, dec_peak:       -7.255
Characteristic density local = 8118.9 deg^-2 = 2.255 arcmin^-2
Fitting aperture to hotspot...
Candidate: x_peak:        0.205, y_peak:        0.295, r_peak:        0.020, sig:        5.374, ra_peak:      208.327, dec_peak:       -8.095
Characteristic density local = 8224.3 deg^-2 = 2.285 arcmin^-2
Fitting aperture to hotspot...
Candidate: x_peak:        0.345, y_peak:       -0.095, r_peak:        0.030, sig:        7.895, ra_peak:      208.469, dec_peak:       -8.485
Characteristic density local = 8055.2 deg^-2 = 2.238 arcmin^-2
Fitting aperture to hotspot...
Candidate: x_peak:        0.615, y_peak:        0.325, r_peak:        0.020, sig:       18.259, ra_peak:      208.741, dec_peak:       -8.065
Characteristic density local = 6955.1 deg^-2 = 1.932 arcmin^-2
Fitting aperture to hotspot...
Candidate: x_peak:        0.625, y_peak:       -0.395, r_peak:        0.210, sig:        7.830, ra_peak:      208.752, dec_peak:       -8.784
Distance = 158.5 kpc (m-M = 21.0)
609137 objects left after isochrone cut...
Characteristic density = 7400.0 deg^-2
Characteristic density local = 7593.7 deg^-2 = 2.109 arcmin^-2
Fitting aperture to hotspot...
Candidate: x_peak:       -1.255, y_peak:       -0.095, r_peak:        0.050, sig:        4.615, ra_peak:      206.851, dec_peak:       -8.483
Characteristic density local = 7470.3 deg^-2 = 2.075 arcmin^-2
Fitting aperture to hotspot...
Candidate: x_peak:       -0.905, y_peak:        0.205, r_peak:        0.020, sig:       10.458, ra_peak:      207.206, dec_peak:       -8.184
Characteristic density local = 7547.9 deg^-2 = 2.097 arcmin^-2
Fitting aperture to hotspot...
Candidate: x_peak:       -0.485, y_peak:        0.785, r_peak:        0.020, sig:        7.101, ra_peak:      207.631, dec_peak:       -7.605
Characteristic density local = 7380.8 deg^-2 = 2.050 arcmin^-2
Fitting aperture to hotspot...
Candidate: x_peak:       -0.405, y_peak:        0.605, r_peak:        0.020, sig:       15.984, ra_peak:      207.711, dec_peak:       -7.785
Characteristic density local = 7579.8 deg^-2 = 2.105 arcmin^-2
Fitting aperture to hotspot...
Candidate: x_peak:        0.025, y_peak:        1.135, r_peak:        0.030, sig:        5.039, ra_peak:      208.145, dec_peak:       -7.255
Characteristic density local = 7914.0 deg^-2 = 2.198 arcmin^-2
Fitting aperture to hotspot...
Candidate: x_peak:        0.205, y_peak:        0.295, r_peak:        0.020, sig:        5.476, ra_peak:      208.327, dec_peak:       -8.095
Characteristic density local = 7961.7 deg^-2 = 2.212 arcmin^-2
Fitting aperture to hotspot...
Candidate: x_peak:        0.345, y_peak:       -0.095, r_peak:        0.030, sig:        7.948, ra_peak:      208.469, dec_peak:       -8.485
Characteristic density local = 7834.4 deg^-2 = 2.176 arcmin^-2
Fitting aperture to hotspot...
Candidate: x_peak:        0.615, y_peak:        0.325, r_peak:        0.020, sig:       18.414, ra_peak:      208.741, dec_peak:       -8.065
Characteristic density local = 6754.1 deg^-2 = 1.876 arcmin^-2
Fitting aperture to hotspot...
Candidate: x_peak:        0.635, y_peak:       -0.385, r_peak:        0.220, sig:        7.996, ra_peak:      208.763, dec_peak:       -8.774
Distance = 199.5 kpc (m-M = 21.5)
602372 objects left after isochrone cut...
Characteristic density = 7100.0 deg^-2
Characteristic density local = 7335.1 deg^-2 = 2.038 arcmin^-2
Fitting aperture to hotspot...
Candidate: x_peak:       -1.255, y_peak:       -0.095, r_peak:        0.050, sig:        4.576, ra_peak:      206.851, dec_peak:       -8.483
Characteristic density local = 7197.8 deg^-2 = 1.999 arcmin^-2
Fitting aperture to hotspot...
Candidate: x_peak:       -0.905, y_peak:        0.205, r_peak:        0.020, sig:       10.626, ra_peak:      207.206, dec_peak:       -8.184
Characteristic density local = 7283.3 deg^-2 = 2.023 arcmin^-2
Fitting aperture to hotspot...
Candidate: x_peak:       -0.485, y_peak:        0.785, r_peak:        0.020, sig:        7.247, ra_peak:      207.631, dec_peak:       -7.605
Characteristic density local = 7126.2 deg^-2 = 1.979 arcmin^-2
Fitting aperture to hotspot...
Candidate: x_peak:       -0.405, y_peak:        0.605, r_peak:        0.020, sig:       15.876, ra_peak:      207.711, dec_peak:       -7.785
Characteristic density local = 7325.1 deg^-2 = 2.035 arcmin^-2
Fitting aperture to hotspot...
Candidate: x_peak:        0.025, y_peak:        1.135, r_peak:        0.040, sig:        5.078, ra_peak:      208.145, dec_peak:       -7.255
Characteristic density local = 7653.4 deg^-2 = 2.126 arcmin^-2
Fitting aperture to hotspot...
Candidate: x_peak:        0.215, y_peak:        0.295, r_peak:        0.040, sig:        4.905, ra_peak:      208.337, dec_peak:       -8.095
Characteristic density local = 7699.1 deg^-2 = 2.139 arcmin^-2
Fitting aperture to hotspot...
Candidate: x_peak:        0.345, y_peak:       -0.095, r_peak:        0.030, sig:        7.859, ra_peak:      208.469, dec_peak:       -8.485
Characteristic density local = 7547.9 deg^-2 = 2.097 arcmin^-2
Fitting aperture to hotspot...
Candidate: x_peak:        0.615, y_peak:        0.325, r_peak:        0.020, sig:       18.486, ra_peak:      208.741, dec_peak:       -8.065
Characteristic density local = 6487.6 deg^-2 = 1.802 arcmin^-2
Fitting aperture to hotspot...
Candidate: x_peak:        0.625, y_peak:       -0.395, r_peak:        0.210, sig:        7.525, ra_peak:      208.752, dec_peak:       -8.784
Distance = 251.2 kpc (m-M = 22.0)
594251 objects left after isochrone cut...
Characteristic density = 6800.0 deg^-2
Characteristic density local = 7010.8 deg^-2 = 1.947 arcmin^-2
Fitting aperture to hotspot...
Candidate: x_peak:       -1.255, y_peak:       -0.095, r_peak:        0.050, sig:        4.726, ra_peak:      206.851, dec_peak:       -8.483
Characteristic density local = 6863.6 deg^-2 = 1.907 arcmin^-2
Fitting aperture to hotspot...
Candidate: x_peak:       -0.905, y_peak:        0.205, r_peak:        0.020, sig:       10.838, ra_peak:      207.206, dec_peak:       -8.184
Characteristic density local = 6959.0 deg^-2 = 1.933 arcmin^-2
Fitting aperture to hotspot...
Candidate: x_peak:       -0.485, y_peak:        0.785, r_peak:        0.020, sig:        7.432, ra_peak:      207.631, dec_peak:       -7.605
Characteristic density local = 6789.9 deg^-2 = 1.886 arcmin^-2
Fitting aperture to hotspot...
Candidate: x_peak:       -0.405, y_peak:        0.605, r_peak:        0.020, sig:       16.120, ra_peak:      207.711, dec_peak:       -7.785
Characteristic density local = 6953.1 deg^-2 = 1.931 arcmin^-2
Fitting aperture to hotspot...
Candidate: x_peak:        0.025, y_peak:        1.135, r_peak:        0.040, sig:        5.034, ra_peak:      208.145, dec_peak:       -7.255
Characteristic density local = 7299.2 deg^-2 = 2.028 arcmin^-2
Fitting aperture to hotspot...
Candidate: x_peak:        0.205, y_peak:        0.295, r_peak:        0.020, sig:        5.361, ra_peak:      208.327, dec_peak:       -8.095
Characteristic density local = 7323.1 deg^-2 = 2.034 arcmin^-2
Fitting aperture to hotspot...
Candidate: x_peak:        0.345, y_peak:       -0.095, r_peak:        0.030, sig:        7.857, ra_peak:      208.469, dec_peak:       -8.485
Characteristic density local = 7160.0 deg^-2 = 1.989 arcmin^-2
Fitting aperture to hotspot...
Candidate: x_peak:        0.615, y_peak:        0.325, r_peak:        0.020, sig:       18.774, ra_peak:      208.741, dec_peak:       -8.065
Characteristic density local = 6163.3 deg^-2 = 1.712 arcmin^-2
Fitting aperture to hotspot...
Candidate: x_peak:        0.625, y_peak:       -0.395, r_peak:        0.210, sig:        7.387, ra_peak:      208.752, dec_peak:       -8.784
Distance = 316.2 kpc (m-M = 22.5)
584519 objects left after isochrone cut...
Characteristic density = 6400.0 deg^-2
Characteristic density local = 6656.7 deg^-2 = 1.849 arcmin^-2
Fitting aperture to hotspot...
Candidate: x_peak:       -1.245, y_peak:       -0.095, r_peak:        0.050, sig:        5.484, ra_peak:      206.861, dec_peak:       -8.483
Characteristic density local = 6469.6 deg^-2 = 1.797 arcmin^-2
Fitting aperture to hotspot...
Candidate: x_peak:       -0.905, y_peak:        0.205, r_peak:        0.020, sig:       10.923, ra_peak:      207.206, dec_peak:       -8.184
Characteristic density local = 6537.3 deg^-2 = 1.816 arcmin^-2
Fitting aperture to hotspot...
Candidate: x_peak:       -0.475, y_peak:        0.785, r_peak:        0.020, sig:        8.861, ra_peak:      207.641, dec_peak:       -7.605
Characteristic density local = 6372.2 deg^-2 = 1.770 arcmin^-2
Fitting aperture to hotspot...
Candidate: x_peak:       -0.405, y_peak:        0.605, r_peak:        0.020, sig:       16.143, ra_peak:      207.711, dec_peak:       -7.785
Characteristic density local = 6521.4 deg^-2 = 1.811 arcmin^-2
Fitting aperture to hotspot...
Candidate: x_peak:        0.025, y_peak:        1.125, r_peak:        0.040, sig:        6.129, ra_peak:      208.145, dec_peak:       -7.265
Characteristic density local = 6881.5 deg^-2 = 1.912 arcmin^-2
Fitting aperture to hotspot...
Candidate: x_peak:        0.205, y_peak:        0.295, r_peak:        0.020, sig:        5.585, ra_peak:      208.327, dec_peak:       -8.095
Characteristic density local = 6867.5 deg^-2 = 1.908 arcmin^-2
Fitting aperture to hotspot...
Candidate: x_peak:        0.345, y_peak:       -0.095, r_peak:        0.030, sig:        8.222, ra_peak:      208.469, dec_peak:       -8.485
Characteristic density local = 6762.1 deg^-2 = 1.878 arcmin^-2
Fitting aperture to hotspot...
Candidate: x_peak:        0.615, y_peak:        0.325, r_peak:        0.020, sig:       19.082, ra_peak:      208.741, dec_peak:       -8.065
Characteristic density local = 5829.0 deg^-2 = 1.619 arcmin^-2
Fitting aperture to hotspot...
Candidate: x_peak:        0.625, y_peak:       -0.385, r_peak:        0.220, sig:        7.682, ra_peak:      208.752, dec_peak:       -8.774
Distance = 398.1 kpc (m-M = 23.0)
572516 objects left after isochrone cut...
Characteristic density = 5900.0 deg^-2
Characteristic density local = 6246.8 deg^-2 = 1.735 arcmin^-2
Fitting aperture to hotspot...
Candidate: x_peak:       -1.245, y_peak:       -0.095, r_peak:        0.050, sig:        5.538, ra_peak:      206.861, dec_peak:       -8.483
Characteristic density local = 6000.1 deg^-2 = 1.667 arcmin^-2
Fitting aperture to hotspot...
Candidate: x_peak:       -0.905, y_peak:        0.205, r_peak:        0.020, sig:       11.071, ra_peak:      207.206, dec_peak:       -8.184
Characteristic density local = 6020.0 deg^-2 = 1.672 arcmin^-2
Fitting aperture to hotspot...
Candidate: x_peak:       -0.475, y_peak:        0.785, r_peak:        0.020, sig:        8.611, ra_peak:      207.641, dec_peak:       -7.605
Characteristic density local = 5862.9 deg^-2 = 1.629 arcmin^-2
Fitting aperture to hotspot...
Candidate: x_peak:       -0.405, y_peak:        0.605, r_peak:        0.020, sig:       16.401, ra_peak:      207.711, dec_peak:       -7.785
Characteristic density local = 5968.3 deg^-2 = 1.658 arcmin^-2
Fitting aperture to hotspot...
Candidate: x_peak:        0.035, y_peak:        1.135, r_peak:        0.020, sig:        5.656, ra_peak:      208.155, dec_peak:       -7.255
Characteristic density local = 6421.9 deg^-2 = 1.784 arcmin^-2
Fitting aperture to hotspot...
Candidate: x_peak:        0.205, y_peak:        0.295, r_peak:        0.020, sig:        5.619, ra_peak:      208.327, dec_peak:       -8.095
Characteristic density local = 6364.2 deg^-2 = 1.768 arcmin^-2
Fitting aperture to hotspot...
Candidate: x_peak:        0.345, y_peak:       -0.095, r_peak:        0.030, sig:        8.040, ra_peak:      208.469, dec_peak:       -8.485
Characteristic density local = 6294.6 deg^-2 = 1.748 arcmin^-2
Fitting aperture to hotspot...
Candidate: x_peak:        0.615, y_peak:        0.325, r_peak:        0.020, sig:       18.779, ra_peak:      208.741, dec_peak:       -8.065
Characteristic density local = 5371.5 deg^-2 = 1.492 arcmin^-2
Fitting aperture to hotspot...
Candidate: x_peak:        0.625, y_peak:       -0.385, r_peak:        0.220, sig:        7.899, ra_peak:      208.752, dec_peak:       -8.774
19.08 sigma; (RA, Dec, d) = (208.74, -8.06); r = 0.02 deg; d = 316.2, mu = 22.50 mag), mc_source_id: 0.00
16.40 sigma; (RA, Dec, d) = (207.71, -7.78); r = 0.02 deg; d = 398.1, mu = 23.00 mag), mc_source_id: 0.00
11.07 sigma; (RA, Dec, d) = (207.21, -8.18); r = 0.02 deg; d = 398.1, mu = 23.00 mag), mc_source_id: 0.00
8.86 sigma; (RA, Dec, d) = (207.64, -7.60); r = 0.02 deg; d = 316.2, mu = 22.50 mag), mc_source_id: 0.00
8.24 sigma; (RA, Dec, d) = (208.76, -8.77); r = 0.22 deg; d = 79.4, mu = 19.50 mag), mc_source_id: 0.00
8.22 sigma; (RA, Dec, d) = (208.47, -8.48); r = 0.03 deg; d = 316.2, mu = 22.50 mag), mc_source_id: 0.00
6.13 sigma; (RA, Dec, d) = (208.15, -7.26); r = 0.04 deg; d = 316.2, mu = 22.50 mag), mc_source_id: 0.00
5.62 sigma; (RA, Dec, d) = (208.33, -8.09); r = 0.02 deg; d = 398.1, mu = 23.00 mag), mc_source_id: 0.00
5.54 sigma; (RA, Dec, d) = (206.86, -8.48); r = 0.05 deg; d = 398.1, mu = 23.00 mag), mc_source_id: 0.00

------------------------------------------------------------
Job <681587.0> was submitted from <des51.fnal.gov> by user <tavangar>.
Job was executed on host <des40.fnal.gov> as user <tavangar>.
</var/lib/condor/execute/dir_2133202> was used as the initial working directory.
Results reported at Wed Jun  5 14:55:42 CDT 2019

Your job looked like:

------------------------------------------------------------
python /home/s1/tavangar/tavangar_simple/search_algorithm.py 208.12 -8.39 0.00 /home/s1/tavangar/tavangar_simple/decals_dr7_results/results_nside_32_7050.csv /home/s1/tavangar/tavangar_simple/decals_dr7_results/decals_dr7_log/results_nside_32_7050.log
------------------------------------------------------------

Successfully completed.

Resource usage summary:

	Real time :			252.95 sec.
	CPU time :			17.76 sec.
	CPU percentage :		92%
	Max Memory :			5142368 KB
	Average Memory :		0 KB

The output (if any) is above this job summary.
