/home/s1/tavangar/tavangar_simple/simple_utils.py:170: FutureWarning: elementwise comparison failed; returning scalar instead, but in the future will perform elementwise comparison
  if np.all(isochrone.stage == 'Main'):
Search coordinates: (RA, Dec) = (33.75, 3.58)
Center healpixel: 5708
Healpixels: [5708 5835 5707 5579 5452 5580 5709 5836 5964]
MC_SOURCE_ID = 0.0
mode = 0: running only on real data
Found 1 objects...
Applying cuts...
777682 star-like objects in ROI...
1282384 galaxy-like objects in ROI...
No fracdet map specified ...
Distance = 15.8 kpc (m-M = 16.0)
777656 objects left after isochrone cut...
Characteristic density = 4200.0 deg^-2
Characteristic density local = 4227.6 deg^-2 = 1.174 arcmin^-2
Fitting aperture to hotspot...
Candidate: x_peak:       -1.245, y_peak:        0.135, r_peak:        0.090, sig:       14.345, ra_peak:       32.502, dec_peak:        3.714
Characteristic density local = 4325.0 deg^-2 = 1.201 arcmin^-2
Fitting aperture to hotspot...
Candidate: x_peak:       -1.235, y_peak:        0.145, r_peak:        0.080, sig:       14.039, ra_peak:       32.512, dec_peak:        3.724
Characteristic density local = 4325.0 deg^-2 = 1.201 arcmin^-2
Fitting aperture to hotspot...
Candidate: x_peak:       -1.225, y_peak:        0.155, r_peak:        0.090, sig:       13.369, ra_peak:       32.522, dec_peak:        3.734
Characteristic density local = 3774.0 deg^-2 = 1.048 arcmin^-2
Fitting aperture to hotspot...
Candidate: x_peak:       -0.815, y_peak:       -0.125, r_peak:        0.030, sig:       23.227, ra_peak:       32.934, dec_peak:        3.455
Characteristic density local = 3895.3 deg^-2 = 1.082 arcmin^-2
Fitting aperture to hotspot...
Candidate: x_peak:       -0.765, y_peak:       -0.265, r_peak:        0.180, sig:        9.041, ra_peak:       32.984, dec_peak:        3.315
Characteristic density local = 4346.9 deg^-2 = 1.207 arcmin^-2
Fitting aperture to hotspot...
Candidate: x_peak:        0.035, y_peak:        0.265, r_peak:        0.020, sig:        8.361, ra_peak:       33.785, dec_peak:        3.845
Characteristic density local = 4112.2 deg^-2 = 1.142 arcmin^-2
Fitting aperture to hotspot...
Candidate: x_peak:        0.345, y_peak:       -0.475, r_peak:        0.020, sig:        6.928, ra_peak:       34.096, dec_peak:        3.105
Characteristic density local = 4486.2 deg^-2 = 1.246 arcmin^-2
Fitting aperture to hotspot...
Candidate: x_peak:        0.375, y_peak:        0.355, r_peak:        0.020, sig:       10.348, ra_peak:       34.126, dec_peak:        3.935
Characteristic density local = 4074.4 deg^-2 = 1.132 arcmin^-2
Fitting aperture to hotspot...
Candidate: x_peak:        1.045, y_peak:       -0.045, r_peak:        0.020, sig:       16.171, ra_peak:       34.797, dec_peak:        3.534
Distance = 20.0 kpc (m-M = 16.5)
777671 objects left after isochrone cut...
Characteristic density = 4200.0 deg^-2
Characteristic density local = 4227.6 deg^-2 = 1.174 arcmin^-2
Fitting aperture to hotspot...
Candidate: x_peak:       -1.245, y_peak:        0.135, r_peak:        0.090, sig:       14.345, ra_peak:       32.502, dec_peak:        3.714
Characteristic density local = 4325.0 deg^-2 = 1.201 arcmin^-2
Fitting aperture to hotspot...
Candidate: x_peak:       -1.235, y_peak:        0.145, r_peak:        0.080, sig:       14.039, ra_peak:       32.512, dec_peak:        3.724
Characteristic density local = 4325.0 deg^-2 = 1.201 arcmin^-2
Fitting aperture to hotspot...
Candidate: x_peak:       -1.225, y_peak:        0.155, r_peak:        0.090, sig:       13.369, ra_peak:       32.522, dec_peak:        3.734
Characteristic density local = 3774.0 deg^-2 = 1.048 arcmin^-2
Fitting aperture to hotspot...
Candidate: x_peak:       -0.815, y_peak:       -0.125, r_peak:        0.030, sig:       23.227, ra_peak:       32.934, dec_peak:        3.455
Characteristic density local = 3895.3 deg^-2 = 1.082 arcmin^-2
Fitting aperture to hotspot...
Candidate: x_peak:       -0.765, y_peak:       -0.265, r_peak:        0.180, sig:        9.041, ra_peak:       32.984, dec_peak:        3.315
Characteristic density local = 4346.9 deg^-2 = 1.207 arcmin^-2
Fitting aperture to hotspot...
Candidate: x_peak:        0.035, y_peak:        0.265, r_peak:        0.020, sig:        8.361, ra_peak:       33.785, dec_peak:        3.845
Characteristic density local = 4112.2 deg^-2 = 1.142 arcmin^-2
Fitting aperture to hotspot...
Candidate: x_peak:        0.345, y_peak:       -0.475, r_peak:        0.020, sig:        6.928, ra_peak:       34.096, dec_peak:        3.105
Characteristic density local = 4486.2 deg^-2 = 1.246 arcmin^-2
Fitting aperture to hotspot...
Candidate: x_peak:        0.375, y_peak:        0.355, r_peak:        0.020, sig:       10.348, ra_peak:       34.126, dec_peak:        3.935
Characteristic density local = 4074.4 deg^-2 = 1.132 arcmin^-2
Fitting aperture to hotspot...
Candidate: x_peak:        1.045, y_peak:       -0.045, r_peak:        0.020, sig:       16.171, ra_peak:       34.797, dec_peak:        3.534
Distance = 25.1 kpc (m-M = 17.0)
777678 objects left after isochrone cut...
Characteristic density = 4200.0 deg^-2
Characteristic density local = 4227.6 deg^-2 = 1.174 arcmin^-2
Fitting aperture to hotspot...
Candidate: x_peak:       -1.245, y_peak:        0.135, r_peak:        0.090, sig:       14.345, ra_peak:       32.502, dec_peak:        3.714
Characteristic density local = 4325.0 deg^-2 = 1.201 arcmin^-2
Fitting aperture to hotspot...
Candidate: x_peak:       -1.235, y_peak:        0.145, r_peak:        0.080, sig:       14.039, ra_peak:       32.512, dec_peak:        3.724
Characteristic density local = 4325.0 deg^-2 = 1.201 arcmin^-2
Fitting aperture to hotspot...
Candidate: x_peak:       -1.225, y_peak:        0.155, r_peak:        0.090, sig:       13.369, ra_peak:       32.522, dec_peak:        3.734
Characteristic density local = 3774.0 deg^-2 = 1.048 arcmin^-2
Fitting aperture to hotspot...
Candidate: x_peak:       -0.815, y_peak:       -0.125, r_peak:        0.030, sig:       23.227, ra_peak:       32.934, dec_peak:        3.455
Characteristic density local = 3895.3 deg^-2 = 1.082 arcmin^-2
Fitting aperture to hotspot...
Candidate: x_peak:       -0.765, y_peak:       -0.265, r_peak:        0.180, sig:        9.041, ra_peak:       32.984, dec_peak:        3.315
Characteristic density local = 4346.9 deg^-2 = 1.207 arcmin^-2
Fitting aperture to hotspot...
Candidate: x_peak:        0.035, y_peak:        0.265, r_peak:        0.020, sig:        8.361, ra_peak:       33.785, dec_peak:        3.845
Characteristic density local = 4112.2 deg^-2 = 1.142 arcmin^-2
Fitting aperture to hotspot...
Candidate: x_peak:        0.345, y_peak:       -0.475, r_peak:        0.020, sig:        6.928, ra_peak:       34.096, dec_peak:        3.105
Characteristic density local = 4486.2 deg^-2 = 1.246 arcmin^-2
Fitting aperture to hotspot...
Candidate: x_peak:        0.375, y_peak:        0.355, r_peak:        0.020, sig:       10.348, ra_peak:       34.126, dec_peak:        3.935
Characteristic density local = 4074.4 deg^-2 = 1.132 arcmin^-2
Fitting aperture to hotspot...
Candidate: x_peak:        1.045, y_peak:       -0.045, r_peak:        0.020, sig:       16.171, ra_peak:       34.797, dec_peak:        3.534
Distance = 31.6 kpc (m-M = 17.5)
777680 objects left after isochrone cut...
Characteristic density = 4200.0 deg^-2
Characteristic density local = 4227.6 deg^-2 = 1.174 arcmin^-2
Fitting aperture to hotspot...
Candidate: x_peak:       -1.245, y_peak:        0.135, r_peak:        0.090, sig:       14.345, ra_peak:       32.502, dec_peak:        3.714
Characteristic density local = 4325.0 deg^-2 = 1.201 arcmin^-2
Fitting aperture to hotspot...
Candidate: x_peak:       -1.235, y_peak:        0.145, r_peak:        0.080, sig:       14.039, ra_peak:       32.512, dec_peak:        3.724
Characteristic density local = 4325.0 deg^-2 = 1.201 arcmin^-2
Fitting aperture to hotspot...
Candidate: x_peak:       -1.225, y_peak:        0.155, r_peak:        0.090, sig:       13.369, ra_peak:       32.522, dec_peak:        3.734
Characteristic density local = 3774.0 deg^-2 = 1.048 arcmin^-2
Fitting aperture to hotspot...
Candidate: x_peak:       -0.815, y_peak:       -0.125, r_peak:        0.030, sig:       23.227, ra_peak:       32.934, dec_peak:        3.455
Characteristic density local = 3895.3 deg^-2 = 1.082 arcmin^-2
Fitting aperture to hotspot...
Candidate: x_peak:       -0.765, y_peak:       -0.265, r_peak:        0.180, sig:        9.041, ra_peak:       32.984, dec_peak:        3.315
Characteristic density local = 4346.9 deg^-2 = 1.207 arcmin^-2
Fitting aperture to hotspot...
Candidate: x_peak:        0.035, y_peak:        0.265, r_peak:        0.020, sig:        8.361, ra_peak:       33.785, dec_peak:        3.845
Characteristic density local = 4112.2 deg^-2 = 1.142 arcmin^-2
Fitting aperture to hotspot...
Candidate: x_peak:        0.345, y_peak:       -0.475, r_peak:        0.020, sig:        6.928, ra_peak:       34.096, dec_peak:        3.105
Characteristic density local = 4486.2 deg^-2 = 1.246 arcmin^-2
Fitting aperture to hotspot...
Candidate: x_peak:        0.375, y_peak:        0.355, r_peak:        0.020, sig:       10.348, ra_peak:       34.126, dec_peak:        3.935
Characteristic density local = 4074.4 deg^-2 = 1.132 arcmin^-2
Fitting aperture to hotspot...
Candidate: x_peak:        1.045, y_peak:       -0.045, r_peak:        0.020, sig:       16.171, ra_peak:       34.797, dec_peak:        3.534
Distance = 39.8 kpc (m-M = 18.0)
777681 objects left after isochrone cut...
Characteristic density = 4200.0 deg^-2
Characteristic density local = 4227.6 deg^-2 = 1.174 arcmin^-2
Fitting aperture to hotspot...
Candidate: x_peak:       -1.245, y_peak:        0.135, r_peak:        0.090, sig:       14.345, ra_peak:       32.502, dec_peak:        3.714
Characteristic density local = 4325.0 deg^-2 = 1.201 arcmin^-2
Fitting aperture to hotspot...
Candidate: x_peak:       -1.235, y_peak:        0.145, r_peak:        0.080, sig:       14.039, ra_peak:       32.512, dec_peak:        3.724
Characteristic density local = 4325.0 deg^-2 = 1.201 arcmin^-2
Fitting aperture to hotspot...
Candidate: x_peak:       -1.225, y_peak:        0.155, r_peak:        0.090, sig:       13.369, ra_peak:       32.522, dec_peak:        3.734
Characteristic density local = 3774.0 deg^-2 = 1.048 arcmin^-2
Fitting aperture to hotspot...
Candidate: x_peak:       -0.815, y_peak:       -0.125, r_peak:        0.030, sig:       23.227, ra_peak:       32.934, dec_peak:        3.455
Characteristic density local = 3895.3 deg^-2 = 1.082 arcmin^-2
Fitting aperture to hotspot...
Candidate: x_peak:       -0.765, y_peak:       -0.265, r_peak:        0.180, sig:        9.041, ra_peak:       32.984, dec_peak:        3.315
Characteristic density local = 4346.9 deg^-2 = 1.207 arcmin^-2
Fitting aperture to hotspot...
Candidate: x_peak:        0.035, y_peak:        0.265, r_peak:        0.020, sig:        8.361, ra_peak:       33.785, dec_peak:        3.845
Characteristic density local = 4112.2 deg^-2 = 1.142 arcmin^-2
Fitting aperture to hotspot...
Candidate: x_peak:        0.345, y_peak:       -0.475, r_peak:        0.020, sig:        6.928, ra_peak:       34.096, dec_peak:        3.105
Characteristic density local = 4486.2 deg^-2 = 1.246 arcmin^-2
Fitting aperture to hotspot...
Candidate: x_peak:        0.375, y_peak:        0.355, r_peak:        0.020, sig:       10.348, ra_peak:       34.126, dec_peak:        3.935
Characteristic density local = 4074.4 deg^-2 = 1.132 arcmin^-2
Fitting aperture to hotspot...
Candidate: x_peak:        1.045, y_peak:       -0.045, r_peak:        0.020, sig:       16.171, ra_peak:       34.797, dec_peak:        3.534
Distance = 50.1 kpc (m-M = 18.5)
777663 objects left after isochrone cut...
Characteristic density = 4200.0 deg^-2
Characteristic density local = 4227.6 deg^-2 = 1.174 arcmin^-2
Fitting aperture to hotspot...
Candidate: x_peak:       -1.245, y_peak:        0.135, r_peak:        0.090, sig:       14.345, ra_peak:       32.502, dec_peak:        3.714
Characteristic density local = 4325.0 deg^-2 = 1.201 arcmin^-2
Fitting aperture to hotspot...
Candidate: x_peak:       -1.235, y_peak:        0.145, r_peak:        0.080, sig:       14.039, ra_peak:       32.512, dec_peak:        3.724
Characteristic density local = 4325.0 deg^-2 = 1.201 arcmin^-2
Fitting aperture to hotspot...
Candidate: x_peak:       -1.225, y_peak:        0.155, r_peak:        0.090, sig:       13.369, ra_peak:       32.522, dec_peak:        3.734
Characteristic density local = 3774.0 deg^-2 = 1.048 arcmin^-2
Fitting aperture to hotspot...
Candidate: x_peak:       -0.815, y_peak:       -0.125, r_peak:        0.030, sig:       23.227, ra_peak:       32.934, dec_peak:        3.455
Characteristic density local = 3895.3 deg^-2 = 1.082 arcmin^-2
Fitting aperture to hotspot...
Candidate: x_peak:       -0.765, y_peak:       -0.265, r_peak:        0.180, sig:        9.041, ra_peak:       32.984, dec_peak:        3.315
Characteristic density local = 4346.9 deg^-2 = 1.207 arcmin^-2
Fitting aperture to hotspot...
Candidate: x_peak:        0.035, y_peak:        0.265, r_peak:        0.020, sig:        8.361, ra_peak:       33.785, dec_peak:        3.845
Characteristic density local = 4112.2 deg^-2 = 1.142 arcmin^-2
Fitting aperture to hotspot...
Candidate: x_peak:        0.345, y_peak:       -0.475, r_peak:        0.020, sig:        6.928, ra_peak:       34.096, dec_peak:        3.105
Characteristic density local = 4486.2 deg^-2 = 1.246 arcmin^-2
Fitting aperture to hotspot...
Candidate: x_peak:        0.375, y_peak:        0.355, r_peak:        0.020, sig:       10.348, ra_peak:       34.126, dec_peak:        3.935
Characteristic density local = 4074.4 deg^-2 = 1.132 arcmin^-2
Fitting aperture to hotspot...
Candidate: x_peak:        1.045, y_peak:       -0.045, r_peak:        0.020, sig:       16.171, ra_peak:       34.797, dec_peak:        3.534
Distance = 63.1 kpc (m-M = 19.0)
777176 objects left after isochrone cut...
Characteristic density = 4100.0 deg^-2
Characteristic density local = 4225.6 deg^-2 = 1.174 arcmin^-2
Fitting aperture to hotspot...
Candidate: x_peak:       -1.245, y_peak:        0.135, r_peak:        0.090, sig:       14.350, ra_peak:       32.502, dec_peak:        3.714
Characteristic density local = 4323.0 deg^-2 = 1.201 arcmin^-2
Fitting aperture to hotspot...
Candidate: x_peak:       -1.235, y_peak:        0.145, r_peak:        0.080, sig:       14.044, ra_peak:       32.512, dec_peak:        3.724
Characteristic density local = 4323.0 deg^-2 = 1.201 arcmin^-2
Fitting aperture to hotspot...
Candidate: x_peak:       -1.225, y_peak:        0.155, r_peak:        0.090, sig:       13.375, ra_peak:       32.522, dec_peak:        3.734
Characteristic density local = 3774.0 deg^-2 = 1.048 arcmin^-2
Fitting aperture to hotspot...
Candidate: x_peak:       -0.815, y_peak:       -0.125, r_peak:        0.030, sig:       23.227, ra_peak:       32.934, dec_peak:        3.455
Characteristic density local = 3891.3 deg^-2 = 1.081 arcmin^-2
Fitting aperture to hotspot...
Candidate: x_peak:       -0.765, y_peak:       -0.265, r_peak:        0.180, sig:        9.063, ra_peak:       32.984, dec_peak:        3.315
Characteristic density local = 4333.0 deg^-2 = 1.204 arcmin^-2
Fitting aperture to hotspot...
Candidate: x_peak:        0.035, y_peak:        0.265, r_peak:        0.020, sig:        8.372, ra_peak:       33.785, dec_peak:        3.845
Characteristic density local = 4104.2 deg^-2 = 1.140 arcmin^-2
Fitting aperture to hotspot...
Candidate: x_peak:        0.345, y_peak:       -0.475, r_peak:        0.020, sig:        6.935, ra_peak:       34.096, dec_peak:        3.105
Characteristic density local = 4472.3 deg^-2 = 1.242 arcmin^-2
Fitting aperture to hotspot...
Candidate: x_peak:        0.375, y_peak:        0.355, r_peak:        0.020, sig:       10.360, ra_peak:       34.126, dec_peak:        3.935
Characteristic density local = 4072.4 deg^-2 = 1.131 arcmin^-2
Fitting aperture to hotspot...
Candidate: x_peak:        1.045, y_peak:       -0.045, r_peak:        0.020, sig:       16.173, ra_peak:       34.797, dec_peak:        3.534
Distance = 79.4 kpc (m-M = 19.5)
775635 objects left after isochrone cut...
Characteristic density = 4100.0 deg^-2
Characteristic density local = 4211.6 deg^-2 = 1.170 arcmin^-2
Fitting aperture to hotspot...
Candidate: x_peak:       -1.245, y_peak:        0.135, r_peak:        0.090, sig:       14.392, ra_peak:       32.502, dec_peak:        3.714
Characteristic density local = 4309.1 deg^-2 = 1.197 arcmin^-2
Fitting aperture to hotspot...
Candidate: x_peak:       -1.235, y_peak:        0.145, r_peak:        0.080, sig:       14.081, ra_peak:       32.512, dec_peak:        3.724
Characteristic density local = 4313.1 deg^-2 = 1.198 arcmin^-2
Fitting aperture to hotspot...
Candidate: x_peak:       -1.225, y_peak:        0.155, r_peak:        0.090, sig:       13.404, ra_peak:       32.522, dec_peak:        3.734
Characteristic density local = 3766.0 deg^-2 = 1.046 arcmin^-2
Fitting aperture to hotspot...
Candidate: x_peak:       -0.815, y_peak:       -0.125, r_peak:        0.030, sig:       23.240, ra_peak:       32.934, dec_peak:        3.455
Characteristic density local = 3885.4 deg^-2 = 1.079 arcmin^-2
Fitting aperture to hotspot...
Candidate: x_peak:       -0.765, y_peak:       -0.265, r_peak:        0.180, sig:        9.051, ra_peak:       32.984, dec_peak:        3.315
Characteristic density local = 4297.2 deg^-2 = 1.194 arcmin^-2
Fitting aperture to hotspot...
Candidate: x_peak:        0.035, y_peak:        0.265, r_peak:        0.020, sig:        8.401, ra_peak:       33.785, dec_peak:        3.845
Characteristic density local = 4060.4 deg^-2 = 1.128 arcmin^-2
Fitting aperture to hotspot...
Candidate: x_peak:        0.345, y_peak:       -0.475, r_peak:        0.020, sig:        6.970, ra_peak:       34.096, dec_peak:        3.105
Characteristic density local = 4434.5 deg^-2 = 1.232 arcmin^-2
Fitting aperture to hotspot...
Candidate: x_peak:        0.375, y_peak:        0.355, r_peak:        0.020, sig:       10.392, ra_peak:       34.126, dec_peak:        3.935
Characteristic density local = 4058.5 deg^-2 = 1.127 arcmin^-2
Fitting aperture to hotspot...
Candidate: x_peak:        1.045, y_peak:       -0.045, r_peak:        0.020, sig:       16.188, ra_peak:       34.797, dec_peak:        3.534
Distance = 100.0 kpc (m-M = 20.0)
773787 objects left after isochrone cut...
Characteristic density = 4000.0 deg^-2
Characteristic density local = 4203.7 deg^-2 = 1.168 arcmin^-2
Fitting aperture to hotspot...
Candidate: x_peak:       -1.245, y_peak:        0.135, r_peak:        0.090, sig:       14.347, ra_peak:       32.502, dec_peak:        3.714
Characteristic density local = 4301.2 deg^-2 = 1.195 arcmin^-2
Fitting aperture to hotspot...
Candidate: x_peak:       -1.235, y_peak:        0.145, r_peak:        0.080, sig:       14.027, ra_peak:       32.512, dec_peak:        3.724
Characteristic density local = 4305.1 deg^-2 = 1.196 arcmin^-2
Fitting aperture to hotspot...
Candidate: x_peak:       -1.225, y_peak:        0.155, r_peak:        0.090, sig:       13.358, ra_peak:       32.522, dec_peak:        3.734
Characteristic density local = 3762.0 deg^-2 = 1.045 arcmin^-2
Fitting aperture to hotspot...
Candidate: x_peak:       -0.815, y_peak:       -0.125, r_peak:        0.030, sig:       23.247, ra_peak:       32.934, dec_peak:        3.455
Characteristic density local = 4241.5 deg^-2 = 1.178 arcmin^-2
Fitting aperture to hotspot...
Candidate: x_peak:        0.035, y_peak:        0.265, r_peak:        0.020, sig:        8.447, ra_peak:       33.785, dec_peak:        3.845
Characteristic density local = 4034.6 deg^-2 = 1.121 arcmin^-2
Fitting aperture to hotspot...
Candidate: x_peak:        0.345, y_peak:       -0.475, r_peak:        0.020, sig:        6.990, ra_peak:       34.096, dec_peak:        3.105
Characteristic density local = 4372.8 deg^-2 = 1.215 arcmin^-2
Fitting aperture to hotspot...
Candidate: x_peak:        0.375, y_peak:        0.355, r_peak:        0.020, sig:       10.445, ra_peak:       34.126, dec_peak:        3.935
Characteristic density local = 4050.5 deg^-2 = 1.125 arcmin^-2
Fitting aperture to hotspot...
Candidate: x_peak:        1.045, y_peak:       -0.045, r_peak:        0.020, sig:       16.196, ra_peak:       34.797, dec_peak:        3.534
Distance = 125.9 kpc (m-M = 20.5)
771519 objects left after isochrone cut...
Characteristic density = 3900.0 deg^-2
Characteristic density local = 4189.8 deg^-2 = 1.164 arcmin^-2
Fitting aperture to hotspot...
Candidate: x_peak:       -1.245, y_peak:        0.135, r_peak:        0.090, sig:       14.389, ra_peak:       32.502, dec_peak:        3.714
Characteristic density local = 4287.2 deg^-2 = 1.191 arcmin^-2
Fitting aperture to hotspot...
Candidate: x_peak:       -1.235, y_peak:        0.145, r_peak:        0.080, sig:       14.064, ra_peak:       32.512, dec_peak:        3.724
Characteristic density local = 4291.2 deg^-2 = 1.192 arcmin^-2
Fitting aperture to hotspot...
Candidate: x_peak:       -1.225, y_peak:        0.155, r_peak:        0.090, sig:       13.398, ra_peak:       32.522, dec_peak:        3.734
Characteristic density local = 3758.0 deg^-2 = 1.044 arcmin^-2
Fitting aperture to hotspot...
Candidate: x_peak:       -0.815, y_peak:       -0.125, r_peak:        0.030, sig:       23.253, ra_peak:       32.934, dec_peak:        3.455
Characteristic density local = 4130.1 deg^-2 = 1.147 arcmin^-2
Fitting aperture to hotspot...
Candidate: x_peak:        0.025, y_peak:        0.265, r_peak:        0.020, sig:        8.539, ra_peak:       33.775, dec_peak:        3.845
Characteristic density local = 3980.9 deg^-2 = 1.106 arcmin^-2
Fitting aperture to hotspot...
Candidate: x_peak:        0.345, y_peak:       -0.475, r_peak:        0.020, sig:        7.034, ra_peak:       34.096, dec_peak:        3.105
Characteristic density local = 4289.2 deg^-2 = 1.191 arcmin^-2
Fitting aperture to hotspot...
Candidate: x_peak:        0.375, y_peak:        0.355, r_peak:        0.020, sig:       10.517, ra_peak:       34.126, dec_peak:        3.935
Characteristic density local = 4036.6 deg^-2 = 1.121 arcmin^-2
Fitting aperture to hotspot...
Candidate: x_peak:        1.045, y_peak:       -0.045, r_peak:        0.020, sig:       16.211, ra_peak:       34.797, dec_peak:        3.534
Distance = 158.5 kpc (m-M = 21.0)
768633 objects left after isochrone cut...
Characteristic density = 3900.0 deg^-2
Characteristic density local = 4124.1 deg^-2 = 1.146 arcmin^-2
Fitting aperture to hotspot...
Candidate: x_peak:       -1.245, y_peak:        0.135, r_peak:        0.090, sig:       14.448, ra_peak:       32.502, dec_peak:        3.714
Characteristic density local = 4227.6 deg^-2 = 1.174 arcmin^-2
Fitting aperture to hotspot...
Candidate: x_peak:       -1.235, y_peak:        0.145, r_peak:        0.080, sig:       14.149, ra_peak:       32.512, dec_peak:        3.724
Characteristic density local = 4233.5 deg^-2 = 1.176 arcmin^-2
Fitting aperture to hotspot...
Candidate: x_peak:       -1.225, y_peak:        0.155, r_peak:        0.090, sig:       13.428, ra_peak:       32.522, dec_peak:        3.734
Characteristic density local = 3714.3 deg^-2 = 1.032 arcmin^-2
Fitting aperture to hotspot...
Candidate: x_peak:       -0.815, y_peak:       -0.125, r_peak:        0.030, sig:       23.326, ra_peak:       32.934, dec_peak:        3.455
Characteristic density local = 3825.7 deg^-2 = 1.063 arcmin^-2
Fitting aperture to hotspot...
Candidate: x_peak:       -0.765, y_peak:       -0.265, r_peak:        0.170, sig:        9.167, ra_peak:       32.984, dec_peak:        3.315
Characteristic density local = 4064.4 deg^-2 = 1.129 arcmin^-2
Fitting aperture to hotspot...
Candidate: x_peak:        0.025, y_peak:        0.265, r_peak:        0.020, sig:        8.595, ra_peak:       33.775, dec_peak:        3.845
Characteristic density local = 3903.3 deg^-2 = 1.084 arcmin^-2
Fitting aperture to hotspot...
Candidate: x_peak:        0.345, y_peak:       -0.475, r_peak:        0.020, sig:        7.097, ra_peak:       34.096, dec_peak:        3.105
Characteristic density local = 4181.8 deg^-2 = 1.162 arcmin^-2
Fitting aperture to hotspot...
Candidate: x_peak:        0.375, y_peak:        0.355, r_peak:        0.020, sig:       10.612, ra_peak:       34.126, dec_peak:        3.935
Characteristic density local = 3992.8 deg^-2 = 1.109 arcmin^-2
Fitting aperture to hotspot...
Candidate: x_peak:        1.045, y_peak:       -0.045, r_peak:        0.020, sig:       16.258, ra_peak:       34.797, dec_peak:        3.534
Distance = 199.5 kpc (m-M = 21.5)
764737 objects left after isochrone cut...
Characteristic density = 3700.0 deg^-2
Characteristic density local = 4026.6 deg^-2 = 1.119 arcmin^-2
Fitting aperture to hotspot...
Candidate: x_peak:       -1.245, y_peak:        0.135, r_peak:        0.090, sig:       14.606, ra_peak:       32.502, dec_peak:        3.714
Characteristic density local = 4130.1 deg^-2 = 1.147 arcmin^-2
Fitting aperture to hotspot...
Candidate: x_peak:       -1.235, y_peak:        0.145, r_peak:        0.080, sig:       14.262, ra_peak:       32.512, dec_peak:        3.724
Characteristic density local = 4146.0 deg^-2 = 1.152 arcmin^-2
Fitting aperture to hotspot...
Candidate: x_peak:       -1.225, y_peak:        0.155, r_peak:        0.090, sig:       13.547, ra_peak:       32.522, dec_peak:        3.734
Characteristic density local = 3626.7 deg^-2 = 1.007 arcmin^-2
Fitting aperture to hotspot...
Candidate: x_peak:       -0.815, y_peak:       -0.125, r_peak:        0.030, sig:       23.473, ra_peak:       32.934, dec_peak:        3.455
Characteristic density local = 3714.3 deg^-2 = 1.032 arcmin^-2
Fitting aperture to hotspot...
Candidate: x_peak:       -0.765, y_peak:       -0.265, r_peak:        0.180, sig:        9.071, ra_peak:       32.984, dec_peak:        3.315
Characteristic density local = 3947.0 deg^-2 = 1.096 arcmin^-2
Fitting aperture to hotspot...
Candidate: x_peak:        0.025, y_peak:        0.265, r_peak:        0.020, sig:        8.695, ra_peak:       33.775, dec_peak:        3.845
Characteristic density local = 4074.4 deg^-2 = 1.132 arcmin^-2
Fitting aperture to hotspot...
Candidate: x_peak:        0.375, y_peak:        0.355, r_peak:        0.020, sig:       10.708, ra_peak:       34.126, dec_peak:        3.935
Characteristic density local = 3867.5 deg^-2 = 1.074 arcmin^-2
Fitting aperture to hotspot...
Candidate: x_peak:        1.045, y_peak:       -0.045, r_peak:        0.020, sig:       16.394, ra_peak:       34.797, dec_peak:        3.534
Distance = 251.2 kpc (m-M = 22.0)
760225 objects left after isochrone cut...
Characteristic density = 3600.0 deg^-2
Characteristic density local = 3795.8 deg^-2 = 1.054 arcmin^-2
Fitting aperture to hotspot...
Candidate: x_peak:       -1.255, y_peak:        0.125, r_peak:        0.090, sig:       14.977, ra_peak:       32.492, dec_peak:        3.704
Characteristic density local = 3867.5 deg^-2 = 1.074 arcmin^-2
Fitting aperture to hotspot...
Candidate: x_peak:       -1.245, y_peak:        0.135, r_peak:        0.090, sig:       14.961, ra_peak:       32.502, dec_peak:        3.714
Characteristic density local = 3972.9 deg^-2 = 1.104 arcmin^-2
Fitting aperture to hotspot...
Candidate: x_peak:       -1.235, y_peak:        0.145, r_peak:        0.080, sig:       14.545, ra_peak:       32.512, dec_peak:        3.724
Characteristic density local = 3980.9 deg^-2 = 1.106 arcmin^-2
Fitting aperture to hotspot...
Candidate: x_peak:       -1.225, y_peak:        0.155, r_peak:        0.090, sig:       13.905, ra_peak:       32.522, dec_peak:        3.734
Characteristic density local = 3469.6 deg^-2 = 0.964 arcmin^-2
Fitting aperture to hotspot...
Candidate: x_peak:       -0.815, y_peak:       -0.125, r_peak:        0.030, sig:       23.628, ra_peak:       32.934, dec_peak:        3.455
Characteristic density local = 3785.9 deg^-2 = 1.052 arcmin^-2
Fitting aperture to hotspot...
Candidate: x_peak:        0.025, y_peak:        0.265, r_peak:        0.020, sig:        8.838, ra_peak:       33.775, dec_peak:        3.845
Characteristic density local = 3638.7 deg^-2 = 1.011 arcmin^-2
Fitting aperture to hotspot...
Candidate: x_peak:        0.345, y_peak:       -0.485, r_peak:        0.020, sig:        7.322, ra_peak:       34.096, dec_peak:        3.095
Characteristic density local = 3875.4 deg^-2 = 1.077 arcmin^-2
Fitting aperture to hotspot...
Candidate: x_peak:        0.375, y_peak:        0.355, r_peak:        0.020, sig:       10.893, ra_peak:       34.126, dec_peak:        3.935
Characteristic density local = 3706.3 deg^-2 = 1.030 arcmin^-2
Fitting aperture to hotspot...
Candidate: x_peak:        1.045, y_peak:       -0.045, r_peak:        0.020, sig:       16.575, ra_peak:       34.797, dec_peak:        3.534
Distance = 316.2 kpc (m-M = 22.5)
754743 objects left after isochrone cut...
Characteristic density = 3400.0 deg^-2
Characteristic density local = 3588.9 deg^-2 = 0.997 arcmin^-2
Fitting aperture to hotspot...
Candidate: x_peak:       -1.255, y_peak:        0.125, r_peak:        0.090, sig:       15.507, ra_peak:       32.492, dec_peak:        3.704
Characteristic density local = 3664.5 deg^-2 = 1.018 arcmin^-2
Fitting aperture to hotspot...
Candidate: x_peak:       -1.245, y_peak:        0.135, r_peak:        0.090, sig:       15.471, ra_peak:       32.502, dec_peak:        3.714
Characteristic density local = 3774.0 deg^-2 = 1.048 arcmin^-2
Fitting aperture to hotspot...
Candidate: x_peak:       -1.235, y_peak:        0.145, r_peak:        0.080, sig:       15.036, ra_peak:       32.512, dec_peak:        3.724
Characteristic density local = 3789.9 deg^-2 = 1.053 arcmin^-2
Fitting aperture to hotspot...
Candidate: x_peak:       -1.225, y_peak:        0.155, r_peak:        0.090, sig:       14.429, ra_peak:       32.522, dec_peak:        3.734
Characteristic density local = 3294.5 deg^-2 = 0.915 arcmin^-2
Fitting aperture to hotspot...
Candidate: x_peak:       -0.815, y_peak:       -0.125, r_peak:        0.030, sig:       23.825, ra_peak:       32.934, dec_peak:        3.455
Characteristic density local = 3592.9 deg^-2 = 0.998 arcmin^-2
Fitting aperture to hotspot...
Candidate: x_peak:        0.025, y_peak:        0.265, r_peak:        0.020, sig:        8.787, ra_peak:       33.775, dec_peak:        3.845
Characteristic density local = 3419.8 deg^-2 = 0.950 arcmin^-2
Fitting aperture to hotspot...
Candidate: x_peak:        0.345, y_peak:       -0.475, r_peak:        0.020, sig:        7.517, ra_peak:       34.096, dec_peak:        3.105
Characteristic density local = 3678.5 deg^-2 = 1.022 arcmin^-2
Fitting aperture to hotspot...
Candidate: x_peak:        0.375, y_peak:        0.355, r_peak:        0.020, sig:       11.083, ra_peak:       34.126, dec_peak:        3.935
Characteristic density local = 3515.3 deg^-2 = 0.976 arcmin^-2
Fitting aperture to hotspot...
Candidate: x_peak:        1.045, y_peak:       -0.045, r_peak:        0.020, sig:       16.798, ra_peak:       34.797, dec_peak:        3.534
Distance = 398.1 kpc (m-M = 23.0)
747985 objects left after isochrone cut...
Characteristic density = 3200.0 deg^-2
Characteristic density local = 3358.2 deg^-2 = 0.933 arcmin^-2
Fitting aperture to hotspot...
Candidate: x_peak:       -1.255, y_peak:        0.125, r_peak:        0.090, sig:       15.857, ra_peak:       32.492, dec_peak:        3.704
Characteristic density local = 3429.8 deg^-2 = 0.953 arcmin^-2
Fitting aperture to hotspot...
Candidate: x_peak:       -1.245, y_peak:        0.135, r_peak:        0.090, sig:       15.828, ra_peak:       32.502, dec_peak:        3.714
Characteristic density local = 3535.2 deg^-2 = 0.982 arcmin^-2
Fitting aperture to hotspot...
Candidate: x_peak:       -1.235, y_peak:        0.145, r_peak:        0.080, sig:       15.279, ra_peak:       32.512, dec_peak:        3.724
Characteristic density local = 3559.1 deg^-2 = 0.989 arcmin^-2
Fitting aperture to hotspot...
Candidate: x_peak:       -1.225, y_peak:        0.155, r_peak:        0.090, sig:       14.743, ra_peak:       32.522, dec_peak:        3.734
Characteristic density local = 3039.9 deg^-2 = 0.844 arcmin^-2
Fitting aperture to hotspot...
Candidate: x_peak:       -0.815, y_peak:       -0.125, r_peak:        0.030, sig:       24.187, ra_peak:       32.934, dec_peak:        3.455
Characteristic density local = 3376.1 deg^-2 = 0.938 arcmin^-2
Fitting aperture to hotspot...
Candidate: x_peak:        0.025, y_peak:        0.265, r_peak:        0.020, sig:        8.760, ra_peak:       33.775, dec_peak:        3.845
Characteristic density local = 3455.7 deg^-2 = 0.960 arcmin^-2
Fitting aperture to hotspot...
Candidate: x_peak:        0.375, y_peak:        0.355, r_peak:        0.020, sig:       11.308, ra_peak:       34.126, dec_peak:        3.935
Characteristic density local = 3284.6 deg^-2 = 0.912 arcmin^-2
Fitting aperture to hotspot...
Candidate: x_peak:        1.045, y_peak:       -0.045, r_peak:        0.020, sig:       17.081, ra_peak:       34.797, dec_peak:        3.534
24.19 sigma; (RA, Dec, d) = (32.93, 3.45); r = 0.03 deg; d = 398.1, mu = 23.00 mag), mc_source_id: 0.00
17.08 sigma; (RA, Dec, d) = (34.80, 3.53); r = 0.02 deg; d = 398.1, mu = 23.00 mag), mc_source_id: 0.00
15.86 sigma; (RA, Dec, d) = (32.49, 3.70); r = 0.09 deg; d = 398.1, mu = 23.00 mag), mc_source_id: 0.00
11.31 sigma; (RA, Dec, d) = (34.13, 3.93); r = 0.02 deg; d = 398.1, mu = 23.00 mag), mc_source_id: 0.00
9.17 sigma; (RA, Dec, d) = (32.98, 3.31); r = 0.17 deg; d = 158.5, mu = 21.00 mag), mc_source_id: 0.00
8.84 sigma; (RA, Dec, d) = (33.78, 3.84); r = 0.02 deg; d = 251.2, mu = 22.00 mag), mc_source_id: 0.00
7.52 sigma; (RA, Dec, d) = (34.10, 3.10); r = 0.02 deg; d = 316.2, mu = 22.50 mag), mc_source_id: 0.00

------------------------------------------------------------
Job <680665.0> was submitted from <des51.fnal.gov> by user <tavangar>.
Job was executed on host <des40.fnal.gov> as user <tavangar>.
</var/lib/condor/execute/dir_1978245> was used as the initial working directory.
Results reported at Wed Jun  5 11:07:06 CDT 2019

Your job looked like:

------------------------------------------------------------
python /home/s1/tavangar/tavangar_simple/search_algorithm.py 33.75 3.58 0.00 /home/s1/tavangar/tavangar_simple/decals_dr7_results/results_nside_32_5708.csv /home/s1/tavangar/tavangar_simple/decals_dr7_results/decals_dr7_log/results_nside_32_5708.log
------------------------------------------------------------

Successfully completed.

Resource usage summary:

	Real time :			387.25 sec.
	CPU time :			54.86 sec.
	CPU percentage :		91%
	Max Memory :			7128736 KB
	Average Memory :		0 KB

The output (if any) is above this job summary.
