/home/s1/tavangar/tavangar_simple/simple_utils.py:170: FutureWarning: elementwise comparison failed; returning scalar instead, but in the future will perform elementwise comparison
  if np.all(isochrone.stage == 'Main'):
Search coordinates: (RA, Dec) = (338.91, 9.59)
Center healpixel: 5176
Healpixels: [5176 5304 5175 5048 4920 5049 5177 5305 5432]
MC_SOURCE_ID = 0.0
mode = 0: running only on real data
Found 1 objects...
Applying cuts...
678957 star-like objects in ROI...
789450 galaxy-like objects in ROI...
No fracdet map specified ...
Distance = 15.8 kpc (m-M = 16.0)
678944 objects left after isochrone cut...
Characteristic density = 7200.0 deg^-2
Characteristic density local = 7376.8 deg^-2 = 2.049 arcmin^-2
Fitting aperture to hotspot...
Candidate: x_peak:       -1.085, y_peak:       -0.255, r_peak:        0.050, sig:        7.993, ra_peak:      337.810, dec_peak:        9.333
Characteristic density local = 7006.8 deg^-2 = 1.946 arcmin^-2
Fitting aperture to hotspot...
Candidate: x_peak:       -0.425, y_peak:       -0.355, r_peak:        0.050, sig:        4.730, ra_peak:      338.479, dec_peak:        9.235
Characteristic density local = 7128.2 deg^-2 = 1.980 arcmin^-2
Fitting aperture to hotspot...
Candidate: x_peak:       -0.375, y_peak:       -0.165, r_peak:        0.020, sig:        6.932, ra_peak:      338.530, dec_peak:        9.425
Characteristic density local = 7530.0 deg^-2 = 2.092 arcmin^-2
Fitting aperture to hotspot...
Candidate: x_peak:        0.005, y_peak:        0.735, r_peak:        0.020, sig:        9.548, ra_peak:      338.915, dec_peak:       10.325
Characteristic density local = 7651.4 deg^-2 = 2.125 arcmin^-2
Fitting aperture to hotspot...
Candidate: x_peak:        0.105, y_peak:        0.925, r_peak:        0.020, sig:        4.960, ra_peak:      339.017, dec_peak:       10.515
Characteristic density local = 7490.2 deg^-2 = 2.081 arcmin^-2
Fitting aperture to hotspot...
Candidate: x_peak:        0.425, y_peak:        0.655, r_peak:        0.090, sig:        3.617, ra_peak:      339.342, dec_peak:       10.245
Characteristic density local = 6722.3 deg^-2 = 1.867 arcmin^-2
Fitting aperture to hotspot...
Candidate: x_peak:        0.695, y_peak:       -0.335, r_peak:        0.020, sig:        8.936, ra_peak:      339.614, dec_peak:        9.254
Characteristic density local = 7271.4 deg^-2 = 2.020 arcmin^-2
Fitting aperture to hotspot...
Candidate: x_peak:        0.915, y_peak:        0.375, r_peak:        0.040, sig:        5.260, ra_peak:      339.839, dec_peak:        9.964
Characteristic density local = 6933.2 deg^-2 = 1.926 arcmin^-2
Fitting aperture to hotspot...
Candidate: x_peak:        1.095, y_peak:       -0.005, r_peak:        0.020, sig:        4.650, ra_peak:      340.021, dec_peak:        9.583
Distance = 20.0 kpc (m-M = 16.5)
678950 objects left after isochrone cut...
Characteristic density = 7200.0 deg^-2
Characteristic density local = 7376.8 deg^-2 = 2.049 arcmin^-2
Fitting aperture to hotspot...
Candidate: x_peak:       -1.085, y_peak:       -0.255, r_peak:        0.050, sig:        7.993, ra_peak:      337.810, dec_peak:        9.333
Characteristic density local = 7006.8 deg^-2 = 1.946 arcmin^-2
Fitting aperture to hotspot...
Candidate: x_peak:       -0.425, y_peak:       -0.355, r_peak:        0.050, sig:        4.730, ra_peak:      338.479, dec_peak:        9.235
Characteristic density local = 7128.2 deg^-2 = 1.980 arcmin^-2
Fitting aperture to hotspot...
Candidate: x_peak:       -0.375, y_peak:       -0.165, r_peak:        0.020, sig:        6.932, ra_peak:      338.530, dec_peak:        9.425
Characteristic density local = 7530.0 deg^-2 = 2.092 arcmin^-2
Fitting aperture to hotspot...
Candidate: x_peak:        0.005, y_peak:        0.735, r_peak:        0.020, sig:        9.548, ra_peak:      338.915, dec_peak:       10.325
Characteristic density local = 7651.4 deg^-2 = 2.125 arcmin^-2
Fitting aperture to hotspot...
Candidate: x_peak:        0.105, y_peak:        0.925, r_peak:        0.020, sig:        4.960, ra_peak:      339.017, dec_peak:       10.515
Characteristic density local = 7490.2 deg^-2 = 2.081 arcmin^-2
Fitting aperture to hotspot...
Candidate: x_peak:        0.425, y_peak:        0.655, r_peak:        0.090, sig:        3.617, ra_peak:      339.342, dec_peak:       10.245
Characteristic density local = 6722.3 deg^-2 = 1.867 arcmin^-2
Fitting aperture to hotspot...
Candidate: x_peak:        0.695, y_peak:       -0.335, r_peak:        0.020, sig:        8.936, ra_peak:      339.614, dec_peak:        9.254
Characteristic density local = 7271.4 deg^-2 = 2.020 arcmin^-2
Fitting aperture to hotspot...
Candidate: x_peak:        0.915, y_peak:        0.375, r_peak:        0.040, sig:        5.260, ra_peak:      339.839, dec_peak:        9.964
Characteristic density local = 6933.2 deg^-2 = 1.926 arcmin^-2
Fitting aperture to hotspot...
Candidate: x_peak:        1.095, y_peak:       -0.005, r_peak:        0.020, sig:        4.650, ra_peak:      340.021, dec_peak:        9.583
Distance = 25.1 kpc (m-M = 17.0)
678953 objects left after isochrone cut...
Characteristic density = 7200.0 deg^-2
Characteristic density local = 7376.8 deg^-2 = 2.049 arcmin^-2
Fitting aperture to hotspot...
Candidate: x_peak:       -1.085, y_peak:       -0.255, r_peak:        0.050, sig:        7.993, ra_peak:      337.810, dec_peak:        9.333
Characteristic density local = 7006.8 deg^-2 = 1.946 arcmin^-2
Fitting aperture to hotspot...
Candidate: x_peak:       -0.425, y_peak:       -0.355, r_peak:        0.050, sig:        4.730, ra_peak:      338.479, dec_peak:        9.235
Characteristic density local = 7128.2 deg^-2 = 1.980 arcmin^-2
Fitting aperture to hotspot...
Candidate: x_peak:       -0.375, y_peak:       -0.165, r_peak:        0.020, sig:        6.932, ra_peak:      338.530, dec_peak:        9.425
Characteristic density local = 7530.0 deg^-2 = 2.092 arcmin^-2
Fitting aperture to hotspot...
Candidate: x_peak:        0.005, y_peak:        0.735, r_peak:        0.020, sig:        9.548, ra_peak:      338.915, dec_peak:       10.325
Characteristic density local = 7651.4 deg^-2 = 2.125 arcmin^-2
Fitting aperture to hotspot...
Candidate: x_peak:        0.105, y_peak:        0.925, r_peak:        0.020, sig:        4.960, ra_peak:      339.017, dec_peak:       10.515
Characteristic density local = 7490.2 deg^-2 = 2.081 arcmin^-2
Fitting aperture to hotspot...
Candidate: x_peak:        0.425, y_peak:        0.655, r_peak:        0.090, sig:        3.617, ra_peak:      339.342, dec_peak:       10.245
Characteristic density local = 6722.3 deg^-2 = 1.867 arcmin^-2
Fitting aperture to hotspot...
Candidate: x_peak:        0.695, y_peak:       -0.335, r_peak:        0.020, sig:        8.936, ra_peak:      339.614, dec_peak:        9.254
Characteristic density local = 7271.4 deg^-2 = 2.020 arcmin^-2
Fitting aperture to hotspot...
Candidate: x_peak:        0.915, y_peak:        0.375, r_peak:        0.040, sig:        5.260, ra_peak:      339.839, dec_peak:        9.964
Characteristic density local = 6933.2 deg^-2 = 1.926 arcmin^-2
Fitting aperture to hotspot...
Candidate: x_peak:        1.095, y_peak:       -0.005, r_peak:        0.020, sig:        4.650, ra_peak:      340.021, dec_peak:        9.583
Distance = 31.6 kpc (m-M = 17.5)
678944 objects left after isochrone cut...
Characteristic density = 7200.0 deg^-2
Characteristic density local = 7376.8 deg^-2 = 2.049 arcmin^-2
Fitting aperture to hotspot...
Candidate: x_peak:       -1.085, y_peak:       -0.255, r_peak:        0.050, sig:        7.993, ra_peak:      337.810, dec_peak:        9.333
Characteristic density local = 7006.8 deg^-2 = 1.946 arcmin^-2
Fitting aperture to hotspot...
Candidate: x_peak:       -0.425, y_peak:       -0.355, r_peak:        0.050, sig:        4.730, ra_peak:      338.479, dec_peak:        9.235
Characteristic density local = 7128.2 deg^-2 = 1.980 arcmin^-2
Fitting aperture to hotspot...
Candidate: x_peak:       -0.375, y_peak:       -0.165, r_peak:        0.020, sig:        6.932, ra_peak:      338.530, dec_peak:        9.425
Characteristic density local = 7530.0 deg^-2 = 2.092 arcmin^-2
Fitting aperture to hotspot...
Candidate: x_peak:        0.005, y_peak:        0.735, r_peak:        0.020, sig:        9.548, ra_peak:      338.915, dec_peak:       10.325
Characteristic density local = 7651.4 deg^-2 = 2.125 arcmin^-2
Fitting aperture to hotspot...
Candidate: x_peak:        0.105, y_peak:        0.925, r_peak:        0.020, sig:        4.960, ra_peak:      339.017, dec_peak:       10.515
Characteristic density local = 7490.2 deg^-2 = 2.081 arcmin^-2
Fitting aperture to hotspot...
Candidate: x_peak:        0.425, y_peak:        0.655, r_peak:        0.090, sig:        3.617, ra_peak:      339.342, dec_peak:       10.245
Characteristic density local = 6722.3 deg^-2 = 1.867 arcmin^-2
Fitting aperture to hotspot...
Candidate: x_peak:        0.695, y_peak:       -0.335, r_peak:        0.020, sig:        8.936, ra_peak:      339.614, dec_peak:        9.254
Characteristic density local = 7271.4 deg^-2 = 2.020 arcmin^-2
Fitting aperture to hotspot...
Candidate: x_peak:        0.915, y_peak:        0.375, r_peak:        0.040, sig:        5.260, ra_peak:      339.839, dec_peak:        9.964
Characteristic density local = 6933.2 deg^-2 = 1.926 arcmin^-2
Fitting aperture to hotspot...
Candidate: x_peak:        1.095, y_peak:       -0.005, r_peak:        0.020, sig:        4.650, ra_peak:      340.021, dec_peak:        9.583
Distance = 39.8 kpc (m-M = 18.0)
678813 objects left after isochrone cut...
Characteristic density = 7200.0 deg^-2
Characteristic density local = 7368.9 deg^-2 = 2.047 arcmin^-2
Fitting aperture to hotspot...
Candidate: x_peak:       -1.085, y_peak:       -0.255, r_peak:        0.050, sig:        8.003, ra_peak:      337.810, dec_peak:        9.333
Characteristic density local = 7006.8 deg^-2 = 1.946 arcmin^-2
Fitting aperture to hotspot...
Candidate: x_peak:       -0.425, y_peak:       -0.355, r_peak:        0.050, sig:        4.730, ra_peak:      338.479, dec_peak:        9.235
Characteristic density local = 7128.2 deg^-2 = 1.980 arcmin^-2
Fitting aperture to hotspot...
Candidate: x_peak:       -0.375, y_peak:       -0.165, r_peak:        0.020, sig:        6.932, ra_peak:      338.530, dec_peak:        9.425
Characteristic density local = 7530.0 deg^-2 = 2.092 arcmin^-2
Fitting aperture to hotspot...
Candidate: x_peak:        0.005, y_peak:        0.735, r_peak:        0.020, sig:        9.548, ra_peak:      338.915, dec_peak:       10.325
Characteristic density local = 7651.4 deg^-2 = 2.125 arcmin^-2
Fitting aperture to hotspot...
Candidate: x_peak:        0.105, y_peak:        0.925, r_peak:        0.020, sig:        4.960, ra_peak:      339.017, dec_peak:       10.515
Characteristic density local = 7488.2 deg^-2 = 2.080 arcmin^-2
Fitting aperture to hotspot...
Candidate: x_peak:        0.425, y_peak:        0.655, r_peak:        0.090, sig:        3.621, ra_peak:      339.342, dec_peak:       10.245
Characteristic density local = 6722.3 deg^-2 = 1.867 arcmin^-2
Fitting aperture to hotspot...
Candidate: x_peak:        0.695, y_peak:       -0.335, r_peak:        0.020, sig:        8.936, ra_peak:      339.614, dec_peak:        9.254
Characteristic density local = 7271.4 deg^-2 = 2.020 arcmin^-2
Fitting aperture to hotspot...
Candidate: x_peak:        0.915, y_peak:        0.375, r_peak:        0.040, sig:        5.260, ra_peak:      339.839, dec_peak:        9.964
Characteristic density local = 6931.2 deg^-2 = 1.925 arcmin^-2
Fitting aperture to hotspot...
Candidate: x_peak:        1.095, y_peak:       -0.005, r_peak:        0.020, sig:        4.651, ra_peak:      340.021, dec_peak:        9.583
Distance = 50.1 kpc (m-M = 18.5)
677530 objects left after isochrone cut...
Characteristic density = 7200.0 deg^-2
Characteristic density local = 7341.0 deg^-2 = 2.039 arcmin^-2
Fitting aperture to hotspot...
Candidate: x_peak:       -1.085, y_peak:       -0.255, r_peak:        0.050, sig:        7.936, ra_peak:      337.810, dec_peak:        9.333
Characteristic density local = 7002.8 deg^-2 = 1.945 arcmin^-2
Fitting aperture to hotspot...
Candidate: x_peak:       -0.425, y_peak:       -0.355, r_peak:        0.050, sig:        4.735, ra_peak:      338.479, dec_peak:        9.235
Characteristic density local = 7118.2 deg^-2 = 1.977 arcmin^-2
Fitting aperture to hotspot...
Candidate: x_peak:       -0.375, y_peak:       -0.165, r_peak:        0.020, sig:        6.937, ra_peak:      338.530, dec_peak:        9.425
Characteristic density local = 7496.2 deg^-2 = 2.082 arcmin^-2
Fitting aperture to hotspot...
Candidate: x_peak:        0.005, y_peak:        0.735, r_peak:        0.020, sig:        9.568, ra_peak:      338.915, dec_peak:       10.325
Characteristic density local = 7440.5 deg^-2 = 2.067 arcmin^-2
Fitting aperture to hotspot...
Candidate: x_peak:        0.425, y_peak:        0.655, r_peak:        0.090, sig:        3.646, ra_peak:      339.342, dec_peak:       10.245
Characteristic density local = 6714.3 deg^-2 = 1.865 arcmin^-2
Fitting aperture to hotspot...
Candidate: x_peak:        0.695, y_peak:       -0.335, r_peak:        0.020, sig:        8.941, ra_peak:      339.614, dec_peak:        9.254
Characteristic density local = 7235.6 deg^-2 = 2.010 arcmin^-2
Fitting aperture to hotspot...
Candidate: x_peak:        0.915, y_peak:        0.375, r_peak:        0.040, sig:        5.163, ra_peak:      339.839, dec_peak:        9.964
Characteristic density local = 6905.3 deg^-2 = 1.918 arcmin^-2
Fitting aperture to hotspot...
Candidate: x_peak:        1.095, y_peak:       -0.005, r_peak:        0.020, sig:        4.665, ra_peak:      340.021, dec_peak:        9.583
Distance = 63.1 kpc (m-M = 19.0)
674212 objects left after isochrone cut...
Characteristic density = 7100.0 deg^-2
Characteristic density local = 7267.4 deg^-2 = 2.019 arcmin^-2
Fitting aperture to hotspot...
Candidate: x_peak:       -1.085, y_peak:       -0.255, r_peak:        0.050, sig:        7.824, ra_peak:      337.810, dec_peak:        9.333
Characteristic density local = 6947.1 deg^-2 = 1.930 arcmin^-2
Fitting aperture to hotspot...
Candidate: x_peak:       -0.425, y_peak:       -0.355, r_peak:        0.050, sig:        4.800, ra_peak:      338.479, dec_peak:        9.235
Characteristic density local = 7056.5 deg^-2 = 1.960 arcmin^-2
Fitting aperture to hotspot...
Candidate: x_peak:       -0.375, y_peak:       -0.165, r_peak:        0.020, sig:        6.972, ra_peak:      338.530, dec_peak:        9.425
Characteristic density local = 7394.7 deg^-2 = 2.054 arcmin^-2
Fitting aperture to hotspot...
Candidate: x_peak:        0.005, y_peak:        0.735, r_peak:        0.020, sig:        9.449, ra_peak:      338.915, dec_peak:       10.325
Characteristic density local = 7313.2 deg^-2 = 2.031 arcmin^-2
Fitting aperture to hotspot...
Candidate: x_peak:        0.425, y_peak:        0.655, r_peak:        0.060, sig:        3.710, ra_peak:      339.342, dec_peak:       10.245
Characteristic density local = 6680.5 deg^-2 = 1.856 arcmin^-2
Fitting aperture to hotspot...
Candidate: x_peak:        0.695, y_peak:       -0.335, r_peak:        0.020, sig:        8.962, ra_peak:      339.614, dec_peak:        9.254
Characteristic density local = 7132.1 deg^-2 = 1.981 arcmin^-2
Fitting aperture to hotspot...
Candidate: x_peak:        0.915, y_peak:        0.375, r_peak:        0.040, sig:        5.261, ra_peak:      339.839, dec_peak:        9.964
Characteristic density local = 6807.9 deg^-2 = 1.891 arcmin^-2
Fitting aperture to hotspot...
Candidate: x_peak:        1.095, y_peak:       -0.005, r_peak:        0.020, sig:        4.481, ra_peak:      340.021, dec_peak:        9.583
Distance = 79.4 kpc (m-M = 19.5)
669597 objects left after isochrone cut...
Characteristic density = 6900.0 deg^-2
Characteristic density local = 7118.2 deg^-2 = 1.977 arcmin^-2
Fitting aperture to hotspot...
Candidate: x_peak:       -1.085, y_peak:       -0.255, r_peak:        0.050, sig:        7.802, ra_peak:      337.810, dec_peak:        9.333
Characteristic density local = 7166.0 deg^-2 = 1.991 arcmin^-2
Fitting aperture to hotspot...
Candidate: x_peak:       -0.645, y_peak:       -0.215, r_peak:        0.040, sig:        3.458, ra_peak:      338.256, dec_peak:        9.374
Characteristic density local = 6805.9 deg^-2 = 1.891 arcmin^-2
Fitting aperture to hotspot...
Candidate: x_peak:       -0.425, y_peak:       -0.355, r_peak:        0.050, sig:        4.854, ra_peak:      338.479, dec_peak:        9.235
Characteristic density local = 6921.3 deg^-2 = 1.923 arcmin^-2
Fitting aperture to hotspot...
Candidate: x_peak:       -0.375, y_peak:       -0.165, r_peak:        0.020, sig:        7.049, ra_peak:      338.530, dec_peak:        9.425
Characteristic density local = 7211.7 deg^-2 = 2.003 arcmin^-2
Fitting aperture to hotspot...
Candidate: x_peak:        0.005, y_peak:        0.735, r_peak:        0.020, sig:        9.559, ra_peak:      338.915, dec_peak:       10.325
Characteristic density local = 7173.9 deg^-2 = 1.993 arcmin^-2
Fitting aperture to hotspot...
Candidate: x_peak:        0.415, y_peak:        0.635, r_peak:        0.070, sig:        3.626, ra_peak:      339.332, dec_peak:       10.225
Characteristic density local = 6535.3 deg^-2 = 1.815 arcmin^-2
Fitting aperture to hotspot...
Candidate: x_peak:        0.695, y_peak:       -0.335, r_peak:        0.020, sig:        9.053, ra_peak:      339.614, dec_peak:        9.254
Characteristic density local = 6937.2 deg^-2 = 1.927 arcmin^-2
Fitting aperture to hotspot...
Candidate: x_peak:        0.915, y_peak:        0.375, r_peak:        0.040, sig:        5.317, ra_peak:      339.839, dec_peak:        9.964
Characteristic density local = 6704.4 deg^-2 = 1.862 arcmin^-2
Fitting aperture to hotspot...
Candidate: x_peak:        1.095, y_peak:        0.005, r_peak:        0.030, sig:        4.499, ra_peak:      340.021, dec_peak:        9.593
Distance = 100.0 kpc (m-M = 20.0)
664227 objects left after isochrone cut...
Characteristic density = 6700.0 deg^-2
Characteristic density local = 6943.1 deg^-2 = 1.929 arcmin^-2
Fitting aperture to hotspot...
Candidate: x_peak:       -1.085, y_peak:       -0.255, r_peak:        0.050, sig:        7.916, ra_peak:      337.810, dec_peak:        9.333
Characteristic density local = 6616.9 deg^-2 = 1.838 arcmin^-2
Fitting aperture to hotspot...
Candidate: x_peak:       -0.425, y_peak:       -0.355, r_peak:        0.050, sig:        4.852, ra_peak:      338.479, dec_peak:        9.235
Characteristic density local = 6748.2 deg^-2 = 1.874 arcmin^-2
Fitting aperture to hotspot...
Candidate: x_peak:       -0.375, y_peak:       -0.165, r_peak:        0.020, sig:        7.150, ra_peak:      338.530, dec_peak:        9.425
Characteristic density local = 7014.8 deg^-2 = 1.949 arcmin^-2
Fitting aperture to hotspot...
Candidate: x_peak:        0.005, y_peak:        0.735, r_peak:        0.020, sig:        9.679, ra_peak:      338.915, dec_peak:       10.325
Characteristic density local = 6919.3 deg^-2 = 1.922 arcmin^-2
Fitting aperture to hotspot...
Candidate: x_peak:        0.395, y_peak:        0.615, r_peak:        0.040, sig:        3.968, ra_peak:      339.311, dec_peak:       10.205
Characteristic density local = 6338.3 deg^-2 = 1.761 arcmin^-2
Fitting aperture to hotspot...
Candidate: x_peak:        0.695, y_peak:       -0.335, r_peak:        0.020, sig:        8.988, ra_peak:      339.614, dec_peak:        9.254
Characteristic density local = 6770.1 deg^-2 = 1.881 arcmin^-2
Fitting aperture to hotspot...
Candidate: x_peak:        0.915, y_peak:        0.375, r_peak:        0.040, sig:        5.480, ra_peak:      339.839, dec_peak:        9.964
Characteristic density local = 6493.5 deg^-2 = 1.804 arcmin^-2
Fitting aperture to hotspot...
Candidate: x_peak:        1.095, y_peak:       -0.005, r_peak:        0.020, sig:        4.651, ra_peak:      340.021, dec_peak:        9.583
Distance = 125.9 kpc (m-M = 20.5)
657619 objects left after isochrone cut...
Characteristic density = 6500.0 deg^-2
Characteristic density local = 6722.3 deg^-2 = 1.867 arcmin^-2
Fitting aperture to hotspot...
Candidate: x_peak:       -1.085, y_peak:       -0.255, r_peak:        0.050, sig:        8.090, ra_peak:      337.810, dec_peak:        9.333
Characteristic density local = 6376.1 deg^-2 = 1.771 arcmin^-2
Fitting aperture to hotspot...
Candidate: x_peak:       -0.425, y_peak:       -0.355, r_peak:        0.050, sig:        5.031, ra_peak:      338.479, dec_peak:        9.235
Characteristic density local = 6551.2 deg^-2 = 1.820 arcmin^-2
Fitting aperture to hotspot...
Candidate: x_peak:       -0.375, y_peak:       -0.165, r_peak:        0.020, sig:        7.267, ra_peak:      338.530, dec_peak:        9.425
Characteristic density local = 6766.1 deg^-2 = 1.879 arcmin^-2
Fitting aperture to hotspot...
Candidate: x_peak:        0.005, y_peak:        0.735, r_peak:        0.020, sig:        9.835, ra_peak:      338.915, dec_peak:       10.325
Characteristic density local = 6734.2 deg^-2 = 1.871 arcmin^-2
Fitting aperture to hotspot...
Candidate: x_peak:        0.405, y_peak:        0.625, r_peak:        0.090, sig:        3.182, ra_peak:      339.322, dec_peak:       10.215
Characteristic density local = 6123.5 deg^-2 = 1.701 arcmin^-2
Fitting aperture to hotspot...
Candidate: x_peak:        0.695, y_peak:       -0.335, r_peak:        0.020, sig:        8.935, ra_peak:      339.614, dec_peak:        9.254
Characteristic density local = 6531.3 deg^-2 = 1.814 arcmin^-2
Fitting aperture to hotspot...
Candidate: x_peak:        0.915, y_peak:        0.375, r_peak:        0.040, sig:        5.585, ra_peak:      339.839, dec_peak:        9.964
Characteristic density local = 6278.7 deg^-2 = 1.744 arcmin^-2
Fitting aperture to hotspot...
Candidate: x_peak:        1.095, y_peak:       -0.005, r_peak:        0.020, sig:        4.770, ra_peak:      340.021, dec_peak:        9.583
Distance = 158.5 kpc (m-M = 21.0)
649902 objects left after isochrone cut...
Characteristic density = 6300.0 deg^-2
Characteristic density local = 6421.9 deg^-2 = 1.784 arcmin^-2
Fitting aperture to hotspot...
Candidate: x_peak:       -1.085, y_peak:       -0.255, r_peak:        0.050, sig:        8.373, ra_peak:      337.810, dec_peak:        9.333
Characteristic density local = 6115.5 deg^-2 = 1.699 arcmin^-2
Fitting aperture to hotspot...
Candidate: x_peak:       -0.425, y_peak:       -0.355, r_peak:        0.050, sig:        5.357, ra_peak:      338.479, dec_peak:        9.235
Characteristic density local = 6300.5 deg^-2 = 1.750 arcmin^-2
Fitting aperture to hotspot...
Candidate: x_peak:       -0.375, y_peak:       -0.165, r_peak:        0.020, sig:        7.419, ra_peak:      338.530, dec_peak:        9.425
Characteristic density local = 6475.6 deg^-2 = 1.799 arcmin^-2
Fitting aperture to hotspot...
Candidate: x_peak:        0.005, y_peak:        0.735, r_peak:        0.020, sig:       10.022, ra_peak:      338.915, dec_peak:       10.325
Characteristic density local = 5910.6 deg^-2 = 1.642 arcmin^-2
Fitting aperture to hotspot...
Candidate: x_peak:        0.695, y_peak:       -0.335, r_peak:        0.020, sig:        8.881, ra_peak:      339.614, dec_peak:        9.254
Characteristic density local = 6296.6 deg^-2 = 1.749 arcmin^-2
Fitting aperture to hotspot...
Candidate: x_peak:        0.915, y_peak:        0.375, r_peak:        0.040, sig:        5.689, ra_peak:      339.839, dec_peak:        9.964
Characteristic density local = 6059.8 deg^-2 = 1.683 arcmin^-2
Fitting aperture to hotspot...
Candidate: x_peak:        1.095, y_peak:       -0.005, r_peak:        0.020, sig:        4.895, ra_peak:      340.021, dec_peak:        9.583
Distance = 199.5 kpc (m-M = 21.5)
641053 objects left after isochrone cut...
Characteristic density = 6000.0 deg^-2
Characteristic density local = 6121.5 deg^-2 = 1.700 arcmin^-2
Fitting aperture to hotspot...
Candidate: x_peak:       -1.085, y_peak:       -0.255, r_peak:        0.050, sig:        8.456, ra_peak:      337.810, dec_peak:        9.333
Characteristic density local = 5860.9 deg^-2 = 1.628 arcmin^-2
Fitting aperture to hotspot...
Candidate: x_peak:       -0.425, y_peak:       -0.355, r_peak:        0.050, sig:        5.213, ra_peak:      338.479, dec_peak:        9.235
Characteristic density local = 5996.2 deg^-2 = 1.666 arcmin^-2
Fitting aperture to hotspot...
Candidate: x_peak:       -0.375, y_peak:       -0.165, r_peak:        0.020, sig:        7.401, ra_peak:      338.530, dec_peak:        9.425
Characteristic density local = 6157.3 deg^-2 = 1.710 arcmin^-2
Fitting aperture to hotspot...
Candidate: x_peak:       -0.005, y_peak:        0.735, r_peak:        0.030, sig:        8.373, ra_peak:      338.905, dec_peak:       10.325
Characteristic density local = 5640.1 deg^-2 = 1.567 arcmin^-2
Fitting aperture to hotspot...
Candidate: x_peak:        0.695, y_peak:       -0.335, r_peak:        0.020, sig:        8.868, ra_peak:      339.614, dec_peak:        9.254
Characteristic density local = 5988.2 deg^-2 = 1.663 arcmin^-2
Fitting aperture to hotspot...
Candidate: x_peak:        0.915, y_peak:        0.375, r_peak:        0.040, sig:        5.877, ra_peak:      339.839, dec_peak:        9.964
Characteristic density local = 5805.2 deg^-2 = 1.613 arcmin^-2
Fitting aperture to hotspot...
Candidate: x_peak:        1.095, y_peak:       -0.005, r_peak:        0.020, sig:        5.044, ra_peak:      340.021, dec_peak:        9.583
Distance = 251.2 kpc (m-M = 22.0)
631011 objects left after isochrone cut...
Characteristic density = 5600.0 deg^-2
Characteristic density local = 5779.3 deg^-2 = 1.605 arcmin^-2
Fitting aperture to hotspot...
Candidate: x_peak:       -1.085, y_peak:       -0.255, r_peak:        0.050, sig:        8.604, ra_peak:      337.810, dec_peak:        9.333
Characteristic density local = 5801.2 deg^-2 = 1.611 arcmin^-2
Fitting aperture to hotspot...
Candidate: x_peak:       -0.765, y_peak:        0.435, r_peak:        0.070, sig:        3.530, ra_peak:      338.133, dec_peak:       10.024
Characteristic density local = 5516.7 deg^-2 = 1.532 arcmin^-2
Fitting aperture to hotspot...
Candidate: x_peak:       -0.425, y_peak:       -0.365, r_peak:        0.040, sig:        5.973, ra_peak:      338.479, dec_peak:        9.225
Characteristic density local = 5659.9 deg^-2 = 1.572 arcmin^-2
Fitting aperture to hotspot...
Candidate: x_peak:       -0.375, y_peak:       -0.165, r_peak:        0.020, sig:        7.191, ra_peak:      338.530, dec_peak:        9.425
Characteristic density local = 5801.2 deg^-2 = 1.611 arcmin^-2
Fitting aperture to hotspot...
Candidate: x_peak:       -0.005, y_peak:        0.735, r_peak:        0.030, sig:        8.693, ra_peak:      338.905, dec_peak:       10.325
Characteristic density local = 5309.8 deg^-2 = 1.475 arcmin^-2
Fitting aperture to hotspot...
Candidate: x_peak:        0.695, y_peak:       -0.335, r_peak:        0.020, sig:        9.102, ra_peak:      339.614, dec_peak:        9.254
Characteristic density local = 5628.1 deg^-2 = 1.563 arcmin^-2
Fitting aperture to hotspot...
Candidate: x_peak:        0.925, y_peak:        0.375, r_peak:        0.020, sig:        6.773, ra_peak:      339.849, dec_peak:        9.964
Distance = 316.2 kpc (m-M = 22.5)
619431 objects left after isochrone cut...
Characteristic density = 5250.0 deg^-2
Characteristic density local = 5365.5 deg^-2 = 1.490 arcmin^-2
Fitting aperture to hotspot...
Candidate: x_peak:       -1.085, y_peak:       -0.255, r_peak:        0.050, sig:        8.425, ra_peak:      337.810, dec_peak:        9.333
Characteristic density local = 5534.6 deg^-2 = 1.537 arcmin^-2
Fitting aperture to hotspot...
Candidate: x_peak:       -1.075, y_peak:        0.155, r_peak:        0.020, sig:        4.713, ra_peak:      337.819, dec_peak:        9.743
Characteristic density local = 5385.4 deg^-2 = 1.496 arcmin^-2
Fitting aperture to hotspot...
Candidate: x_peak:       -0.765, y_peak:        0.435, r_peak:        0.040, sig:        3.414, ra_peak:      338.133, dec_peak:       10.024
Characteristic density local = 5164.6 deg^-2 = 1.435 arcmin^-2
Fitting aperture to hotspot...
Candidate: x_peak:       -0.425, y_peak:       -0.365, r_peak:        0.040, sig:        6.378, ra_peak:      338.479, dec_peak:        9.225
Characteristic density local = 5297.9 deg^-2 = 1.472 arcmin^-2
Fitting aperture to hotspot...
Candidate: x_peak:       -0.375, y_peak:       -0.165, r_peak:        0.020, sig:        7.434, ra_peak:      338.530, dec_peak:        9.425
Characteristic density local = 5411.3 deg^-2 = 1.503 arcmin^-2
Fitting aperture to hotspot...
Candidate: x_peak:       -0.005, y_peak:        0.735, r_peak:        0.030, sig:        8.904, ra_peak:      338.905, dec_peak:       10.325
Characteristic density local = 5001.4 deg^-2 = 1.389 arcmin^-2
Fitting aperture to hotspot...
Candidate: x_peak:        0.695, y_peak:       -0.335, r_peak:        0.020, sig:        9.331, ra_peak:      339.614, dec_peak:        9.254
Characteristic density local = 5264.0 deg^-2 = 1.462 arcmin^-2
Fitting aperture to hotspot...
Candidate: x_peak:        0.925, y_peak:        0.375, r_peak:        0.020, sig:        7.015, ra_peak:      339.849, dec_peak:        9.964
Characteristic density local = 5204.4 deg^-2 = 1.446 arcmin^-2
Fitting aperture to hotspot...
Candidate: x_peak:        1.095, y_peak:        0.005, r_peak:        0.030, sig:        5.183, ra_peak:      340.021, dec_peak:        9.593
Distance = 398.1 kpc (m-M = 23.0)
605900 objects left after isochrone cut...
Characteristic density = 4800.0 deg^-2
Characteristic density local = 4921.9 deg^-2 = 1.367 arcmin^-2
Fitting aperture to hotspot...
Candidate: x_peak:       -1.085, y_peak:       -0.255, r_peak:        0.050, sig:        8.635, ra_peak:      337.810, dec_peak:        9.333
Characteristic density local = 5071.1 deg^-2 = 1.409 arcmin^-2
Fitting aperture to hotspot...
Candidate: x_peak:       -1.075, y_peak:        0.155, r_peak:        0.020, sig:        5.003, ra_peak:      337.819, dec_peak:        9.743
Characteristic density local = 4919.9 deg^-2 = 1.367 arcmin^-2
Fitting aperture to hotspot...
Candidate: x_peak:       -0.775, y_peak:        0.435, r_peak:        0.050, sig:        3.408, ra_peak:      338.123, dec_peak:       10.024
Characteristic density local = 4758.7 deg^-2 = 1.322 arcmin^-2
Fitting aperture to hotspot...
Candidate: x_peak:       -0.415, y_peak:       -0.375, r_peak:        0.030, sig:        5.592, ra_peak:      338.490, dec_peak:        9.215
Characteristic density local = 4848.3 deg^-2 = 1.347 arcmin^-2
Fitting aperture to hotspot...
Candidate: x_peak:       -0.375, y_peak:       -0.165, r_peak:        0.020, sig:        7.754, ra_peak:      338.530, dec_peak:        9.425
Characteristic density local = 4943.8 deg^-2 = 1.373 arcmin^-2
Fitting aperture to hotspot...
Candidate: x_peak:       -0.005, y_peak:        0.735, r_peak:        0.030, sig:        9.051, ra_peak:      338.905, dec_peak:       10.325
Characteristic density local = 4557.8 deg^-2 = 1.266 arcmin^-2
Fitting aperture to hotspot...
Candidate: x_peak:        0.685, y_peak:       -0.335, r_peak:        0.030, sig:        8.297, ra_peak:      339.604, dec_peak:        9.254
Characteristic density local = 4864.2 deg^-2 = 1.351 arcmin^-2
Fitting aperture to hotspot...
Candidate: x_peak:        0.925, y_peak:        0.375, r_peak:        0.020, sig:        7.296, ra_peak:      339.849, dec_peak:        9.964
Characteristic density local = 4730.9 deg^-2 = 1.314 arcmin^-2
Fitting aperture to hotspot...
Candidate: x_peak:        1.095, y_peak:       -0.005, r_peak:        0.020, sig:        5.733, ra_peak:      340.021, dec_peak:        9.583
10.02 sigma; (RA, Dec, d) = (338.92, 10.33); r = 0.02 deg; d = 158.5, mu = 21.00 mag), mc_source_id: 0.00
9.33 sigma; (RA, Dec, d) = (339.61, 9.25); r = 0.02 deg; d = 316.2, mu = 22.50 mag), mc_source_id: 0.00
8.63 sigma; (RA, Dec, d) = (337.81, 9.33); r = 0.05 deg; d = 398.1, mu = 23.00 mag), mc_source_id: 0.00
7.75 sigma; (RA, Dec, d) = (338.53, 9.42); r = 0.02 deg; d = 398.1, mu = 23.00 mag), mc_source_id: 0.00
7.30 sigma; (RA, Dec, d) = (339.85, 9.96); r = 0.02 deg; d = 398.1, mu = 23.00 mag), mc_source_id: 0.00
6.38 sigma; (RA, Dec, d) = (338.48, 9.22); r = 0.04 deg; d = 316.2, mu = 22.50 mag), mc_source_id: 0.00
5.73 sigma; (RA, Dec, d) = (340.02, 9.58); r = 0.02 deg; d = 398.1, mu = 23.00 mag), mc_source_id: 0.00
5.00 sigma; (RA, Dec, d) = (337.82, 9.74); r = 0.02 deg; d = 398.1, mu = 23.00 mag), mc_source_id: 0.00
4.96 sigma; (RA, Dec, d) = (339.02, 10.51); r = 0.02 deg; d = 25.1, mu = 17.00 mag), mc_source_id: 0.00
3.97 sigma; (RA, Dec, d) = (339.31, 10.20); r = 0.04 deg; d = 100.0, mu = 20.00 mag), mc_source_id: 0.00
3.71 sigma; (RA, Dec, d) = (339.34, 10.24); r = 0.06 deg; d = 63.1, mu = 19.00 mag), mc_source_id: 0.00
3.53 sigma; (RA, Dec, d) = (338.13, 10.02); r = 0.07 deg; d = 251.2, mu = 22.00 mag), mc_source_id: 0.00
3.46 sigma; (RA, Dec, d) = (338.26, 9.37); r = 0.04 deg; d = 79.4, mu = 19.50 mag), mc_source_id: 0.00

------------------------------------------------------------
Job <680300.0> was submitted from <des51.fnal.gov> by user <tavangar>.
Job was executed on host <des40.fnal.gov> as user <tavangar>.
</var/lib/condor/execute/dir_1898910> was used as the initial working directory.
Results reported at Wed Jun  5 08:40:20 CDT 2019

Your job looked like:

------------------------------------------------------------
python /home/s1/tavangar/tavangar_simple/search_algorithm.py 338.91 9.59 0.00 /home/s1/tavangar/tavangar_simple/decals_dr7_results/results_nside_32_5176.csv /home/s1/tavangar/tavangar_simple/decals_dr7_results/decals_dr7_log/results_nside_32_5176.log
------------------------------------------------------------

Successfully completed.

Resource usage summary:

	Real time :			292.94 sec.
	CPU time :			12.66 sec.
	CPU percentage :		91%
	Max Memory :			5161872 KB
	Average Memory :		0 KB

The output (if any) is above this job summary.
