/home/s1/tavangar/tavangar_simple/simple_utils.py:170: FutureWarning: elementwise comparison failed; returning scalar instead, but in the future will perform elementwise comparison
  if np.all(isochrone.stage == 'Main'):
Search coordinates: (RA, Dec) = (358.59, -14.48)
Center healpixel: 7743
Healpixels: [7743 7871 7742 7615 7487 7488 7616 7744 7999]
MC_SOURCE_ID = 0.0
mode = 0: running only on real data
Found 1 objects...
Applying cuts...
283872 star-like objects in ROI...
328394 galaxy-like objects in ROI...
No fracdet map specified ...
Distance = 15.8 kpc (m-M = 16.0)
283869 objects left after isochrone cut...
Characteristic density = 5100.0 deg^-2
Characteristic density local = 5100.0 deg^-2 = 1.417 arcmin^-2
Fitting aperture to hotspot...
Candidate: x_peak:       -0.945, y_peak:       -0.105, r_peak:        0.020, sig:       19.285, ra_peak:      357.614, dec_peak:      -14.583
Characteristic density local = 3863.5 deg^-2 = 1.073 arcmin^-2
Fitting aperture to hotspot...
Candidate: x_peak:       -0.925, y_peak:        0.065, r_peak:        0.030, sig:       21.562, ra_peak:      357.635, dec_peak:      -14.413
Characteristic density local = 5100.0 deg^-2 = 1.417 arcmin^-2
Fitting aperture to hotspot...
Candidate: x_peak:       -0.445, y_peak:        0.235, r_peak:        0.030, sig:       15.577, ra_peak:      358.131, dec_peak:      -14.245
Characteristic density local = 4410.6 deg^-2 = 1.225 arcmin^-2
Fitting aperture to hotspot...
Candidate: x_peak:       -0.375, y_peak:        0.385, r_peak:        0.240, sig:        8.747, ra_peak:      358.203, dec_peak:      -14.095
Characteristic density local = 5100.0 deg^-2 = 1.417 arcmin^-2
Fitting aperture to hotspot...
Candidate: x_peak:        0.275, y_peak:       -0.085, r_peak:        0.040, sig:        5.578, ra_peak:      358.874, dec_peak:      -14.565
Characteristic density local = 5494.8 deg^-2 = 1.526 arcmin^-2
Fitting aperture to hotspot...
Candidate: x_peak:        0.295, y_peak:        0.725, r_peak:        0.020, sig:        6.861, ra_peak:      358.894, dec_peak:      -13.755
Characteristic density local = 5570.4 deg^-2 = 1.547 arcmin^-2
Fitting aperture to hotspot...
Candidate: x_peak:        0.355, y_peak:        0.515, r_peak:        0.020, sig:       14.781, ra_peak:      358.956, dec_peak:      -13.965
Characteristic density local = 5850.9 deg^-2 = 1.625 arcmin^-2
Fitting aperture to hotspot...
Candidate: x_peak:        0.735, y_peak:        0.485, r_peak:        0.020, sig:        5.017, ra_peak:      359.347, dec_peak:      -13.994
Characteristic density local = 5453.0 deg^-2 = 1.515 arcmin^-2
Fitting aperture to hotspot...
Candidate: x_peak:        1.005, y_peak:        0.325, r_peak:        0.060, sig:        7.534, ra_peak:      359.626, dec_peak:      -14.153
Distance = 20.0 kpc (m-M = 16.5)
283870 objects left after isochrone cut...
Characteristic density = 5100.0 deg^-2
Characteristic density local = 5100.0 deg^-2 = 1.417 arcmin^-2
Fitting aperture to hotspot...
Candidate: x_peak:       -0.945, y_peak:       -0.105, r_peak:        0.020, sig:       19.285, ra_peak:      357.614, dec_peak:      -14.583
Characteristic density local = 3863.5 deg^-2 = 1.073 arcmin^-2
Fitting aperture to hotspot...
Candidate: x_peak:       -0.925, y_peak:        0.065, r_peak:        0.030, sig:       21.562, ra_peak:      357.635, dec_peak:      -14.413
Characteristic density local = 5100.0 deg^-2 = 1.417 arcmin^-2
Fitting aperture to hotspot...
Candidate: x_peak:       -0.445, y_peak:        0.235, r_peak:        0.030, sig:       15.577, ra_peak:      358.131, dec_peak:      -14.245
Characteristic density local = 4410.6 deg^-2 = 1.225 arcmin^-2
Fitting aperture to hotspot...
Candidate: x_peak:       -0.375, y_peak:        0.385, r_peak:        0.240, sig:        8.747, ra_peak:      358.203, dec_peak:      -14.095
Characteristic density local = 5100.0 deg^-2 = 1.417 arcmin^-2
Fitting aperture to hotspot...
Candidate: x_peak:        0.275, y_peak:       -0.085, r_peak:        0.040, sig:        5.578, ra_peak:      358.874, dec_peak:      -14.565
Characteristic density local = 5494.8 deg^-2 = 1.526 arcmin^-2
Fitting aperture to hotspot...
Candidate: x_peak:        0.295, y_peak:        0.725, r_peak:        0.020, sig:        6.861, ra_peak:      358.894, dec_peak:      -13.755
Characteristic density local = 5570.4 deg^-2 = 1.547 arcmin^-2
Fitting aperture to hotspot...
Candidate: x_peak:        0.355, y_peak:        0.515, r_peak:        0.020, sig:       14.781, ra_peak:      358.956, dec_peak:      -13.965
Characteristic density local = 5850.9 deg^-2 = 1.625 arcmin^-2
Fitting aperture to hotspot...
Candidate: x_peak:        0.735, y_peak:        0.485, r_peak:        0.020, sig:        5.017, ra_peak:      359.347, dec_peak:      -13.994
Characteristic density local = 5453.0 deg^-2 = 1.515 arcmin^-2
Fitting aperture to hotspot...
Candidate: x_peak:        1.005, y_peak:        0.325, r_peak:        0.060, sig:        7.534, ra_peak:      359.626, dec_peak:      -14.153
Distance = 25.1 kpc (m-M = 17.0)
283869 objects left after isochrone cut...
Characteristic density = 5100.0 deg^-2
Characteristic density local = 5100.0 deg^-2 = 1.417 arcmin^-2
Fitting aperture to hotspot...
Candidate: x_peak:       -0.945, y_peak:       -0.105, r_peak:        0.020, sig:       19.285, ra_peak:      357.614, dec_peak:      -14.583
Characteristic density local = 3863.5 deg^-2 = 1.073 arcmin^-2
Fitting aperture to hotspot...
Candidate: x_peak:       -0.925, y_peak:        0.065, r_peak:        0.030, sig:       21.562, ra_peak:      357.635, dec_peak:      -14.413
Characteristic density local = 5100.0 deg^-2 = 1.417 arcmin^-2
Fitting aperture to hotspot...
Candidate: x_peak:       -0.445, y_peak:        0.235, r_peak:        0.030, sig:       15.577, ra_peak:      358.131, dec_peak:      -14.245
Characteristic density local = 4410.6 deg^-2 = 1.225 arcmin^-2
Fitting aperture to hotspot...
Candidate: x_peak:       -0.375, y_peak:        0.385, r_peak:        0.240, sig:        8.747, ra_peak:      358.203, dec_peak:      -14.095
Characteristic density local = 5100.0 deg^-2 = 1.417 arcmin^-2
Fitting aperture to hotspot...
Candidate: x_peak:        0.275, y_peak:       -0.085, r_peak:        0.040, sig:        5.578, ra_peak:      358.874, dec_peak:      -14.565
Characteristic density local = 5494.8 deg^-2 = 1.526 arcmin^-2
Fitting aperture to hotspot...
Candidate: x_peak:        0.295, y_peak:        0.725, r_peak:        0.020, sig:        6.861, ra_peak:      358.894, dec_peak:      -13.755
Characteristic density local = 5570.4 deg^-2 = 1.547 arcmin^-2
Fitting aperture to hotspot...
Candidate: x_peak:        0.355, y_peak:        0.515, r_peak:        0.020, sig:       14.781, ra_peak:      358.956, dec_peak:      -13.965
Characteristic density local = 5850.9 deg^-2 = 1.625 arcmin^-2
Fitting aperture to hotspot...
Candidate: x_peak:        0.735, y_peak:        0.485, r_peak:        0.020, sig:        5.017, ra_peak:      359.347, dec_peak:      -13.994
Characteristic density local = 5453.0 deg^-2 = 1.515 arcmin^-2
Fitting aperture to hotspot...
Candidate: x_peak:        1.005, y_peak:        0.325, r_peak:        0.060, sig:        7.534, ra_peak:      359.626, dec_peak:      -14.153
Distance = 31.6 kpc (m-M = 17.5)
283860 objects left after isochrone cut...
Characteristic density = 5100.0 deg^-2
Characteristic density local = 5100.0 deg^-2 = 1.417 arcmin^-2
Fitting aperture to hotspot...
Candidate: x_peak:       -0.945, y_peak:       -0.105, r_peak:        0.020, sig:       19.285, ra_peak:      357.614, dec_peak:      -14.583
Characteristic density local = 3863.5 deg^-2 = 1.073 arcmin^-2
Fitting aperture to hotspot...
Candidate: x_peak:       -0.925, y_peak:        0.065, r_peak:        0.030, sig:       21.562, ra_peak:      357.635, dec_peak:      -14.413
Characteristic density local = 5100.0 deg^-2 = 1.417 arcmin^-2
Fitting aperture to hotspot...
Candidate: x_peak:       -0.445, y_peak:        0.235, r_peak:        0.030, sig:       15.577, ra_peak:      358.131, dec_peak:      -14.245
Characteristic density local = 4404.6 deg^-2 = 1.224 arcmin^-2
Fitting aperture to hotspot...
Candidate: x_peak:       -0.375, y_peak:        0.385, r_peak:        0.240, sig:        8.787, ra_peak:      358.203, dec_peak:      -14.095
Characteristic density local = 5100.0 deg^-2 = 1.417 arcmin^-2
Fitting aperture to hotspot...
Candidate: x_peak:        0.275, y_peak:       -0.085, r_peak:        0.040, sig:        5.578, ra_peak:      358.874, dec_peak:      -14.565
Characteristic density local = 5492.8 deg^-2 = 1.526 arcmin^-2
Fitting aperture to hotspot...
Candidate: x_peak:        0.295, y_peak:        0.725, r_peak:        0.020, sig:        6.862, ra_peak:      358.894, dec_peak:      -13.755
Characteristic density local = 5570.4 deg^-2 = 1.547 arcmin^-2
Fitting aperture to hotspot...
Candidate: x_peak:        0.355, y_peak:        0.515, r_peak:        0.020, sig:       14.781, ra_peak:      358.956, dec_peak:      -13.965
Characteristic density local = 5850.9 deg^-2 = 1.625 arcmin^-2
Fitting aperture to hotspot...
Candidate: x_peak:        0.735, y_peak:        0.485, r_peak:        0.020, sig:        5.017, ra_peak:      359.347, dec_peak:      -13.994
Characteristic density local = 5451.1 deg^-2 = 1.514 arcmin^-2
Fitting aperture to hotspot...
Candidate: x_peak:        1.005, y_peak:        0.325, r_peak:        0.060, sig:        7.537, ra_peak:      359.626, dec_peak:      -14.153
Distance = 39.8 kpc (m-M = 18.0)
283666 objects left after isochrone cut...
Characteristic density = 5100.0 deg^-2
Characteristic density local = 5100.0 deg^-2 = 1.417 arcmin^-2
Fitting aperture to hotspot...
Candidate: x_peak:       -0.945, y_peak:       -0.105, r_peak:        0.020, sig:       19.285, ra_peak:      357.614, dec_peak:      -14.583
Characteristic density local = 3861.5 deg^-2 = 1.073 arcmin^-2
Fitting aperture to hotspot...
Candidate: x_peak:       -0.925, y_peak:        0.065, r_peak:        0.030, sig:       21.565, ra_peak:      357.635, dec_peak:      -14.413
Characteristic density local = 5100.0 deg^-2 = 1.417 arcmin^-2
Fitting aperture to hotspot...
Candidate: x_peak:       -0.445, y_peak:        0.235, r_peak:        0.030, sig:       15.577, ra_peak:      358.131, dec_peak:      -14.245
Characteristic density local = 4386.7 deg^-2 = 1.219 arcmin^-2
Fitting aperture to hotspot...
Candidate: x_peak:       -0.375, y_peak:        0.385, r_peak:        0.240, sig:        8.876, ra_peak:      358.203, dec_peak:      -14.095
Characteristic density local = 5100.0 deg^-2 = 1.417 arcmin^-2
Fitting aperture to hotspot...
Candidate: x_peak:        0.275, y_peak:       -0.085, r_peak:        0.040, sig:        5.578, ra_peak:      358.874, dec_peak:      -14.565
Characteristic density local = 5461.0 deg^-2 = 1.517 arcmin^-2
Fitting aperture to hotspot...
Candidate: x_peak:        0.295, y_peak:        0.725, r_peak:        0.020, sig:        6.883, ra_peak:      358.894, dec_peak:      -13.755
Characteristic density local = 5536.6 deg^-2 = 1.538 arcmin^-2
Fitting aperture to hotspot...
Candidate: x_peak:        0.355, y_peak:        0.515, r_peak:        0.020, sig:       14.809, ra_peak:      358.956, dec_peak:      -13.965
Characteristic density local = 5823.1 deg^-2 = 1.618 arcmin^-2
Fitting aperture to hotspot...
Candidate: x_peak:        0.735, y_peak:        0.485, r_peak:        0.020, sig:        5.033, ra_peak:      359.347, dec_peak:      -13.994
Characteristic density local = 5435.1 deg^-2 = 1.510 arcmin^-2
Fitting aperture to hotspot...
Candidate: x_peak:        1.005, y_peak:        0.325, r_peak:        0.060, sig:        7.465, ra_peak:      359.626, dec_peak:      -14.153
Distance = 50.1 kpc (m-M = 18.5)
283153 objects left after isochrone cut...
Characteristic density = 5100.0 deg^-2
Characteristic density local = 5100.0 deg^-2 = 1.417 arcmin^-2
Fitting aperture to hotspot...
Candidate: x_peak:       -0.945, y_peak:       -0.105, r_peak:        0.020, sig:       19.285, ra_peak:      357.614, dec_peak:      -14.583
Characteristic density local = 3833.6 deg^-2 = 1.065 arcmin^-2
Fitting aperture to hotspot...
Candidate: x_peak:       -0.925, y_peak:        0.065, r_peak:        0.030, sig:       21.609, ra_peak:      357.635, dec_peak:      -14.413
Characteristic density local = 5100.0 deg^-2 = 1.417 arcmin^-2
Fitting aperture to hotspot...
Candidate: x_peak:       -0.445, y_peak:        0.235, r_peak:        0.030, sig:       15.577, ra_peak:      358.131, dec_peak:      -14.245
Characteristic density local = 4348.9 deg^-2 = 1.208 arcmin^-2
Fitting aperture to hotspot...
Candidate: x_peak:       -0.375, y_peak:        0.385, r_peak:        0.240, sig:        8.938, ra_peak:      358.203, dec_peak:      -14.095
Characteristic density local = 5100.0 deg^-2 = 1.417 arcmin^-2
Fitting aperture to hotspot...
Candidate: x_peak:        0.275, y_peak:       -0.085, r_peak:        0.040, sig:        5.578, ra_peak:      358.874, dec_peak:      -14.565
Characteristic density local = 5411.3 deg^-2 = 1.503 arcmin^-2
Fitting aperture to hotspot...
Candidate: x_peak:        0.295, y_peak:        0.725, r_peak:        0.020, sig:        6.916, ra_peak:      358.894, dec_peak:      -13.755
Characteristic density local = 5500.8 deg^-2 = 1.528 arcmin^-2
Fitting aperture to hotspot...
Candidate: x_peak:        0.355, y_peak:        0.515, r_peak:        0.020, sig:       14.838, ra_peak:      358.956, dec_peak:      -13.965
Characteristic density local = 5793.2 deg^-2 = 1.609 arcmin^-2
Fitting aperture to hotspot...
Candidate: x_peak:        0.735, y_peak:        0.485, r_peak:        0.020, sig:        5.051, ra_peak:      359.347, dec_peak:      -13.994
Characteristic density local = 5383.4 deg^-2 = 1.495 arcmin^-2
Fitting aperture to hotspot...
Candidate: x_peak:        1.005, y_peak:        0.325, r_peak:        0.060, sig:        7.551, ra_peak:      359.626, dec_peak:      -14.153
Distance = 63.1 kpc (m-M = 19.0)
282352 objects left after isochrone cut...
Characteristic density = 5000.0 deg^-2
Characteristic density local = 5000.0 deg^-2 = 1.389 arcmin^-2
Fitting aperture to hotspot...
Candidate: x_peak:       -0.945, y_peak:       -0.105, r_peak:        0.020, sig:       19.383, ra_peak:      357.614, dec_peak:      -14.583
Characteristic density local = 3785.9 deg^-2 = 1.052 arcmin^-2
Fitting aperture to hotspot...
Candidate: x_peak:       -0.925, y_peak:        0.065, r_peak:        0.030, sig:       21.685, ra_peak:      357.635, dec_peak:      -14.413
Characteristic density local = 5000.0 deg^-2 = 1.389 arcmin^-2
Fitting aperture to hotspot...
Candidate: x_peak:       -0.445, y_peak:        0.235, r_peak:        0.030, sig:       15.694, ra_peak:      358.131, dec_peak:      -14.245
Characteristic density local = 4297.2 deg^-2 = 1.194 arcmin^-2
Fitting aperture to hotspot...
Candidate: x_peak:       -0.375, y_peak:        0.385, r_peak:        0.240, sig:        8.966, ra_peak:      358.203, dec_peak:      -14.095
Characteristic density local = 5000.0 deg^-2 = 1.389 arcmin^-2
Fitting aperture to hotspot...
Candidate: x_peak:        0.275, y_peak:       -0.085, r_peak:        0.040, sig:        5.695, ra_peak:      358.874, dec_peak:      -14.565
Characteristic density local = 5349.6 deg^-2 = 1.486 arcmin^-2
Fitting aperture to hotspot...
Candidate: x_peak:        0.295, y_peak:        0.725, r_peak:        0.020, sig:        6.957, ra_peak:      358.894, dec_peak:      -13.755
Characteristic density local = 5435.1 deg^-2 = 1.510 arcmin^-2
Fitting aperture to hotspot...
Candidate: x_peak:        0.355, y_peak:        0.515, r_peak:        0.020, sig:       14.893, ra_peak:      358.956, dec_peak:      -13.965
Characteristic density local = 5743.5 deg^-2 = 1.595 arcmin^-2
Fitting aperture to hotspot...
Candidate: x_peak:        0.735, y_peak:        0.485, r_peak:        0.020, sig:        5.081, ra_peak:      359.347, dec_peak:      -13.994
Characteristic density local = 5319.8 deg^-2 = 1.478 arcmin^-2
Fitting aperture to hotspot...
Candidate: x_peak:        1.005, y_peak:        0.325, r_peak:        0.060, sig:        7.558, ra_peak:      359.626, dec_peak:      -14.153
Distance = 79.4 kpc (m-M = 19.5)
281388 objects left after isochrone cut...
Characteristic density = 4900.0 deg^-2
Characteristic density local = 4402.6 deg^-2 = 1.223 arcmin^-2
Fitting aperture to hotspot...
Candidate: x_peak:       -1.255, y_peak:        0.045, r_peak:        0.030, sig:        3.277, ra_peak:      357.294, dec_peak:      -14.431
Characteristic density local = 3744.1 deg^-2 = 1.040 arcmin^-2
Fitting aperture to hotspot...
Candidate: x_peak:       -0.925, y_peak:        0.065, r_peak:        0.030, sig:       21.752, ra_peak:      357.635, dec_peak:      -14.413
Characteristic density local = 5361.5 deg^-2 = 1.489 arcmin^-2
Fitting aperture to hotspot...
Candidate: x_peak:        0.355, y_peak:        0.515, r_peak:        0.020, sig:       14.955, ra_peak:      358.956, dec_peak:      -13.965
Characteristic density local = 4900.0 deg^-2 = 1.361 arcmin^-2
Fitting aperture to hotspot...
Candidate: x_peak:       -0.845, y_peak:       -0.245, r_peak:        0.030, sig:        2.395, ra_peak:      357.716, dec_peak:      -14.723
Characteristic density local = 4900.0 deg^-2 = 1.361 arcmin^-2
Fitting aperture to hotspot...
Candidate: x_peak:       -0.695, y_peak:       -0.095, r_peak:        0.060, sig:        3.056, ra_peak:      357.872, dec_peak:      -14.574
Characteristic density local = 4900.0 deg^-2 = 1.361 arcmin^-2
Fitting aperture to hotspot...
Candidate: x_peak:       -0.445, y_peak:        0.235, r_peak:        0.030, sig:       15.813, ra_peak:      358.131, dec_peak:      -14.245
Characteristic density local = 4900.0 deg^-2 = 1.361 arcmin^-2
Fitting aperture to hotspot...
Candidate: x_peak:       -0.475, y_peak:        0.075, r_peak:        0.040, sig:        3.457, ra_peak:      358.100, dec_peak:      -14.404
Characteristic density local = 4900.0 deg^-2 = 1.361 arcmin^-2
Fitting aperture to hotspot...
Candidate: x_peak:        0.965, y_peak:       -0.095, r_peak:        0.220, sig:        2.583, ra_peak:      359.587, dec_peak:      -14.573
Distance = 100.0 kpc (m-M = 20.0)
280247 objects left after isochrone cut...
Characteristic density = 4900.0 deg^-2
Characteristic density local = 4900.0 deg^-2 = 1.361 arcmin^-2
Fitting aperture to hotspot...
Candidate: x_peak:       -0.945, y_peak:       -0.105, r_peak:        0.020, sig:       19.338, ra_peak:      357.614, dec_peak:      -14.583
Characteristic density local = 3690.4 deg^-2 = 1.025 arcmin^-2
Fitting aperture to hotspot...
Candidate: x_peak:       -0.925, y_peak:        0.065, r_peak:        0.030, sig:       21.719, ra_peak:      357.635, dec_peak:      -14.413
Characteristic density local = 3817.7 deg^-2 = 1.060 arcmin^-2
Fitting aperture to hotspot...
Candidate: x_peak:       -0.445, y_peak:        0.235, r_peak:        0.030, sig:       17.107, ra_peak:      358.131, dec_peak:      -14.245
Characteristic density local = 4187.8 deg^-2 = 1.163 arcmin^-2
Fitting aperture to hotspot...
Candidate: x_peak:       -0.375, y_peak:        0.385, r_peak:        0.240, sig:        8.735, ra_peak:      358.203, dec_peak:      -14.095
Characteristic density local = 4900.0 deg^-2 = 1.361 arcmin^-2
Fitting aperture to hotspot...
Candidate: x_peak:        0.275, y_peak:       -0.085, r_peak:        0.040, sig:        5.513, ra_peak:      358.874, dec_peak:      -14.565
Characteristic density local = 5206.4 deg^-2 = 1.446 arcmin^-2
Fitting aperture to hotspot...
Candidate: x_peak:        0.295, y_peak:        0.725, r_peak:        0.020, sig:        7.055, ra_peak:      358.894, dec_peak:      -13.755
Characteristic density local = 5270.0 deg^-2 = 1.464 arcmin^-2
Fitting aperture to hotspot...
Candidate: x_peak:        0.355, y_peak:        0.515, r_peak:        0.020, sig:       14.872, ra_peak:      358.956, dec_peak:      -13.965
Characteristic density local = 5574.4 deg^-2 = 1.548 arcmin^-2
Fitting aperture to hotspot...
Candidate: x_peak:        0.735, y_peak:        0.485, r_peak:        0.020, sig:        5.184, ra_peak:      359.347, dec_peak:      -13.994
Characteristic density local = 5178.5 deg^-2 = 1.438 arcmin^-2
Fitting aperture to hotspot...
Candidate: x_peak:        1.005, y_peak:        0.325, r_peak:        0.060, sig:        7.798, ra_peak:      359.626, dec_peak:      -14.153
Distance = 125.9 kpc (m-M = 20.5)
278846 objects left after isochrone cut...
Characteristic density = 4700.0 deg^-2
Characteristic density local = 4700.0 deg^-2 = 1.306 arcmin^-2
Fitting aperture to hotspot...
Candidate: x_peak:       -0.945, y_peak:       -0.105, r_peak:        0.020, sig:       19.541, ra_peak:      357.614, dec_peak:      -14.583
Characteristic density local = 3626.7 deg^-2 = 1.007 arcmin^-2
Fitting aperture to hotspot...
Candidate: x_peak:       -0.925, y_peak:        0.065, r_peak:        0.030, sig:       21.583, ra_peak:      357.635, dec_peak:      -14.413
Characteristic density local = 3738.2 deg^-2 = 1.038 arcmin^-2
Fitting aperture to hotspot...
Candidate: x_peak:       -0.445, y_peak:        0.235, r_peak:        0.030, sig:       17.224, ra_peak:      358.131, dec_peak:      -14.245
Characteristic density local = 4100.2 deg^-2 = 1.139 arcmin^-2
Fitting aperture to hotspot...
Candidate: x_peak:       -0.375, y_peak:        0.385, r_peak:        0.240, sig:        8.514, ra_peak:      358.203, dec_peak:      -14.095
Characteristic density local = 4700.0 deg^-2 = 1.306 arcmin^-2
Fitting aperture to hotspot...
Candidate: x_peak:        0.275, y_peak:       -0.085, r_peak:        0.040, sig:        5.754, ra_peak:      358.874, dec_peak:      -14.565
Characteristic density local = 5116.8 deg^-2 = 1.421 arcmin^-2
Fitting aperture to hotspot...
Candidate: x_peak:        0.295, y_peak:        0.725, r_peak:        0.020, sig:        7.116, ra_peak:      358.894, dec_peak:      -13.755
Characteristic density local = 5160.6 deg^-2 = 1.433 arcmin^-2
Fitting aperture to hotspot...
Candidate: x_peak:        0.355, y_peak:        0.515, r_peak:        0.020, sig:       14.966, ra_peak:      358.956, dec_peak:      -13.965
Characteristic density local = 5478.9 deg^-2 = 1.522 arcmin^-2
Fitting aperture to hotspot...
Candidate: x_peak:        0.735, y_peak:        0.485, r_peak:        0.020, sig:        5.243, ra_peak:      359.347, dec_peak:      -13.994
Characteristic density local = 5108.9 deg^-2 = 1.419 arcmin^-2
Fitting aperture to hotspot...
Candidate: x_peak:        1.005, y_peak:        0.325, r_peak:        0.060, sig:        7.817, ra_peak:      359.626, dec_peak:      -14.153
Distance = 158.5 kpc (m-M = 21.0)
277296 objects left after isochrone cut...
Characteristic density = 4600.0 deg^-2
Characteristic density local = 4185.8 deg^-2 = 1.163 arcmin^-2
Fitting aperture to hotspot...
Candidate: x_peak:       -1.255, y_peak:        0.055, r_peak:        0.030, sig:        3.255, ra_peak:      357.294, dec_peak:      -14.421
Characteristic density local = 3549.2 deg^-2 = 0.986 arcmin^-2
Fitting aperture to hotspot...
Candidate: x_peak:       -0.925, y_peak:        0.065, r_peak:        0.030, sig:       21.590, ra_peak:      357.635, dec_peak:      -14.413
Characteristic density local = 3672.5 deg^-2 = 1.020 arcmin^-2
Fitting aperture to hotspot...
Candidate: x_peak:       -0.445, y_peak:        0.235, r_peak:        0.030, sig:       17.322, ra_peak:      358.131, dec_peak:      -14.245
Characteristic density local = 4600.0 deg^-2 = 1.278 arcmin^-2
Fitting aperture to hotspot...
Candidate: x_peak:       -0.845, y_peak:       -0.255, r_peak:        0.040, sig:        2.595, ra_peak:      357.716, dec_peak:      -14.733
Characteristic density local = 4600.0 deg^-2 = 1.278 arcmin^-2
Fitting aperture to hotspot...
Candidate: x_peak:       -0.695, y_peak:       -0.095, r_peak:        0.060, sig:        3.069, ra_peak:      357.872, dec_peak:      -14.574
Characteristic density local = 4600.0 deg^-2 = 1.278 arcmin^-2
Fitting aperture to hotspot...
Candidate: x_peak:       -0.465, y_peak:        0.075, r_peak:        0.030, sig:        3.317, ra_peak:      358.110, dec_peak:      -14.405
Characteristic density local = 4600.0 deg^-2 = 1.278 arcmin^-2
Fitting aperture to hotspot...
Candidate: x_peak:        0.955, y_peak:       -0.095, r_peak:        0.220, sig:        2.686, ra_peak:      359.577, dec_peak:      -14.573
Distance = 199.5 kpc (m-M = 21.5)
275306 objects left after isochrone cut...
Characteristic density = 4500.0 deg^-2
Characteristic density local = 4080.3 deg^-2 = 1.133 arcmin^-2
Fitting aperture to hotspot...
Candidate: x_peak:       -1.255, y_peak:        0.055, r_peak:        0.030, sig:        2.895, ra_peak:      357.294, dec_peak:      -14.421
Characteristic density local = 3439.7 deg^-2 = 0.955 arcmin^-2
Fitting aperture to hotspot...
Candidate: x_peak:       -0.925, y_peak:        0.065, r_peak:        0.030, sig:       21.775, ra_peak:      357.635, dec_peak:      -14.413
Characteristic density local = 3561.1 deg^-2 = 0.989 arcmin^-2
Fitting aperture to hotspot...
Candidate: x_peak:       -0.445, y_peak:        0.235, r_peak:        0.030, sig:       17.356, ra_peak:      358.131, dec_peak:      -14.245
Characteristic density local = 4500.0 deg^-2 = 1.250 arcmin^-2
Fitting aperture to hotspot...
Candidate: x_peak:       -0.835, y_peak:       -0.265, r_peak:        0.050, sig:        2.420, ra_peak:      357.727, dec_peak:      -14.743
Characteristic density local = 4500.0 deg^-2 = 1.250 arcmin^-2
Fitting aperture to hotspot...
Candidate: x_peak:       -0.695, y_peak:       -0.095, r_peak:        0.060, sig:        3.238, ra_peak:      357.872, dec_peak:      -14.574
Characteristic density local = 4500.0 deg^-2 = 1.250 arcmin^-2
Fitting aperture to hotspot...
Candidate: x_peak:       -0.475, y_peak:        0.075, r_peak:        0.040, sig:        3.411, ra_peak:      358.100, dec_peak:      -14.404
Characteristic density local = 4587.6 deg^-2 = 1.274 arcmin^-2
Fitting aperture to hotspot...
Candidate: x_peak:       -0.445, y_peak:        0.825, r_peak:        0.280, sig:        1.234, ra_peak:      358.132, dec_peak:      -13.655
Characteristic density local = 4997.5 deg^-2 = 1.388 arcmin^-2
Fitting aperture to hotspot...
Candidate: x_peak:        0.595, y_peak:        0.695, r_peak:        0.290, sig:        1.158, ra_peak:      359.203, dec_peak:      -13.784
Characteristic density local = 4500.0 deg^-2 = 1.250 arcmin^-2
Fitting aperture to hotspot...
Candidate: x_peak:        0.955, y_peak:       -0.095, r_peak:        0.220, sig:        2.500, ra_peak:      359.577, dec_peak:      -14.573
Distance = 251.2 kpc (m-M = 22.0)
273101 objects left after isochrone cut...
Characteristic density = 4300.0 deg^-2
Characteristic density local = 3972.9 deg^-2 = 1.104 arcmin^-2
Fitting aperture to hotspot...
Candidate: x_peak:       -1.245, y_peak:        0.055, r_peak:        0.030, sig:        2.761, ra_peak:      357.304, dec_peak:      -14.422
Characteristic density local = 3324.3 deg^-2 = 0.923 arcmin^-2
Fitting aperture to hotspot...
Candidate: x_peak:       -0.925, y_peak:        0.065, r_peak:        0.030, sig:       21.853, ra_peak:      357.635, dec_peak:      -14.413
Characteristic density local = 4012.7 deg^-2 = 1.115 arcmin^-2
Fitting aperture to hotspot...
Candidate: x_peak:       -1.195, y_peak:        0.145, r_peak:        0.290, sig:        3.811, ra_peak:      357.357, dec_peak:      -14.332
Characteristic density local = 4300.0 deg^-2 = 1.194 arcmin^-2
Fitting aperture to hotspot...
Candidate: x_peak:       -0.845, y_peak:       -0.255, r_peak:        0.040, sig:        2.397, ra_peak:      357.716, dec_peak:      -14.733
Characteristic density local = 4300.0 deg^-2 = 1.194 arcmin^-2
Fitting aperture to hotspot...
Candidate: x_peak:       -0.695, y_peak:       -0.095, r_peak:        0.060, sig:        3.210, ra_peak:      357.872, dec_peak:      -14.574
Characteristic density local = 4300.0 deg^-2 = 1.194 arcmin^-2
Fitting aperture to hotspot...
Candidate: x_peak:       -0.635, y_peak:        0.025, r_peak:        0.040, sig:        2.023, ra_peak:      357.934, dec_peak:      -14.454
Characteristic density local = 4300.0 deg^-2 = 1.194 arcmin^-2
Fitting aperture to hotspot...
Candidate: x_peak:       -0.475, y_peak:        0.075, r_peak:        0.040, sig:        3.476, ra_peak:      358.100, dec_peak:      -14.404
Characteristic density local = 4300.0 deg^-2 = 1.194 arcmin^-2
Fitting aperture to hotspot...
Candidate: x_peak:        0.955, y_peak:       -0.095, r_peak:        0.220, sig:        2.496, ra_peak:      359.577, dec_peak:      -14.573
Distance = 316.2 kpc (m-M = 22.5)
270465 objects left after isochrone cut...
Characteristic density = 4200.0 deg^-2
Characteristic density local = 4200.0 deg^-2 = 1.167 arcmin^-2
Fitting aperture to hotspot...
Candidate: x_peak:       -0.945, y_peak:       -0.105, r_peak:        0.020, sig:       19.787, ra_peak:      357.614, dec_peak:      -14.583
Characteristic density local = 3183.1 deg^-2 = 0.884 arcmin^-2
Fitting aperture to hotspot...
Candidate: x_peak:       -0.925, y_peak:        0.065, r_peak:        0.030, sig:       21.610, ra_peak:      357.635, dec_peak:      -14.413
Characteristic density local = 3328.3 deg^-2 = 0.925 arcmin^-2
Fitting aperture to hotspot...
Candidate: x_peak:       -0.445, y_peak:        0.235, r_peak:        0.030, sig:       17.036, ra_peak:      358.131, dec_peak:      -14.245
Characteristic density local = 3670.5 deg^-2 = 1.020 arcmin^-2
Fitting aperture to hotspot...
Candidate: x_peak:       -0.375, y_peak:        0.385, r_peak:        0.240, sig:        8.137, ra_peak:      358.203, dec_peak:      -14.095
Characteristic density local = 4200.0 deg^-2 = 1.167 arcmin^-2
Fitting aperture to hotspot...
Candidate: x_peak:        0.275, y_peak:       -0.085, r_peak:        0.040, sig:        5.764, ra_peak:      358.874, dec_peak:      -14.565
Characteristic density local = 4575.7 deg^-2 = 1.271 arcmin^-2
Fitting aperture to hotspot...
Candidate: x_peak:        0.295, y_peak:        0.725, r_peak:        0.020, sig:        7.280, ra_peak:      358.894, dec_peak:      -13.755
Characteristic density local = 4633.4 deg^-2 = 1.287 arcmin^-2
Fitting aperture to hotspot...
Candidate: x_peak:        0.355, y_peak:        0.515, r_peak:        0.020, sig:       14.781, ra_peak:      358.956, dec_peak:      -13.965
Characteristic density local = 4816.4 deg^-2 = 1.338 arcmin^-2
Fitting aperture to hotspot...
Candidate: x_peak:        0.735, y_peak:        0.485, r_peak:        0.020, sig:        5.170, ra_peak:      359.347, dec_peak:      -13.994
Characteristic density local = 4543.9 deg^-2 = 1.262 arcmin^-2
Fitting aperture to hotspot...
Candidate: x_peak:        1.005, y_peak:        0.325, r_peak:        0.060, sig:        8.007, ra_peak:      359.626, dec_peak:      -14.153
Distance = 398.1 kpc (m-M = 23.0)
267137 objects left after isochrone cut...
Characteristic density = 4000.0 deg^-2
Characteristic density local = 4000.0 deg^-2 = 1.111 arcmin^-2
Fitting aperture to hotspot...
Candidate: x_peak:       -0.945, y_peak:       -0.105, r_peak:        0.020, sig:       19.417, ra_peak:      357.614, dec_peak:      -14.583
Characteristic density local = 3016.0 deg^-2 = 0.838 arcmin^-2
Fitting aperture to hotspot...
Candidate: x_peak:       -0.925, y_peak:        0.065, r_peak:        0.030, sig:       20.645, ra_peak:      357.635, dec_peak:      -14.413
Characteristic density local = 3157.2 deg^-2 = 0.877 arcmin^-2
Fitting aperture to hotspot...
Candidate: x_peak:       -0.445, y_peak:        0.235, r_peak:        0.030, sig:       16.894, ra_peak:      358.131, dec_peak:      -14.245
Characteristic density local = 3477.5 deg^-2 = 0.966 arcmin^-2
Fitting aperture to hotspot...
Candidate: x_peak:       -0.375, y_peak:        0.385, r_peak:        0.240, sig:        8.264, ra_peak:      358.203, dec_peak:      -14.095
Characteristic density local = 4335.0 deg^-2 = 1.204 arcmin^-2
Fitting aperture to hotspot...
Candidate: x_peak:        0.295, y_peak:        0.725, r_peak:        0.020, sig:        7.464, ra_peak:      358.894, dec_peak:      -13.755
Characteristic density local = 4424.5 deg^-2 = 1.229 arcmin^-2
Fitting aperture to hotspot...
Candidate: x_peak:        0.355, y_peak:        0.515, r_peak:        0.020, sig:       14.810, ra_peak:      358.956, dec_peak:      -13.965
Characteristic density local = 4299.2 deg^-2 = 1.194 arcmin^-2
Fitting aperture to hotspot...
Candidate: x_peak:        1.005, y_peak:        0.325, r_peak:        0.060, sig:        7.937, ra_peak:      359.626, dec_peak:      -14.153
21.85 sigma; (RA, Dec, d) = (357.63, -14.41); r = 0.03 deg; d = 251.2, mu = 22.00 mag), mc_source_id: 0.00
19.79 sigma; (RA, Dec, d) = (357.61, -14.58); r = 0.02 deg; d = 316.2, mu = 22.50 mag), mc_source_id: 0.00
17.36 sigma; (RA, Dec, d) = (358.13, -14.24); r = 0.03 deg; d = 199.5, mu = 21.50 mag), mc_source_id: 0.00
14.97 sigma; (RA, Dec, d) = (358.96, -13.96); r = 0.02 deg; d = 125.9, mu = 20.50 mag), mc_source_id: 0.00
8.97 sigma; (RA, Dec, d) = (358.20, -14.09); r = 0.24 deg; d = 63.1, mu = 19.00 mag), mc_source_id: 0.00
8.01 sigma; (RA, Dec, d) = (359.63, -14.15); r = 0.06 deg; d = 316.2, mu = 22.50 mag), mc_source_id: 0.00
7.46 sigma; (RA, Dec, d) = (358.89, -13.75); r = 0.02 deg; d = 398.1, mu = 23.00 mag), mc_source_id: 0.00
5.76 sigma; (RA, Dec, d) = (358.87, -14.56); r = 0.04 deg; d = 316.2, mu = 22.50 mag), mc_source_id: 0.00
5.24 sigma; (RA, Dec, d) = (359.35, -13.99); r = 0.02 deg; d = 125.9, mu = 20.50 mag), mc_source_id: 0.00
3.81 sigma; (RA, Dec, d) = (357.36, -14.33); r = 0.29 deg; d = 251.2, mu = 22.00 mag), mc_source_id: 0.00
3.48 sigma; (RA, Dec, d) = (358.10, -14.40); r = 0.04 deg; d = 251.2, mu = 22.00 mag), mc_source_id: 0.00
3.24 sigma; (RA, Dec, d) = (357.87, -14.57); r = 0.06 deg; d = 199.5, mu = 21.50 mag), mc_source_id: 0.00
2.69 sigma; (RA, Dec, d) = (359.58, -14.57); r = 0.22 deg; d = 158.5, mu = 21.00 mag), mc_source_id: 0.00
2.60 sigma; (RA, Dec, d) = (357.72, -14.73); r = 0.04 deg; d = 158.5, mu = 21.00 mag), mc_source_id: 0.00
2.02 sigma; (RA, Dec, d) = (357.93, -14.45); r = 0.04 deg; d = 251.2, mu = 22.00 mag), mc_source_id: 0.00
1.23 sigma; (RA, Dec, d) = (358.13, -13.65); r = 0.28 deg; d = 199.5, mu = 21.50 mag), mc_source_id: 0.00
1.16 sigma; (RA, Dec, d) = (359.20, -13.78); r = 0.29 deg; d = 199.5, mu = 21.50 mag), mc_source_id: 0.00

------------------------------------------------------------
Job <681851.0> was submitted from <des51.fnal.gov> by user <tavangar>.
Job was executed on host <des40.fnal.gov> as user <tavangar>.
</var/lib/condor/execute/dir_2181828> was used as the initial working directory.
Results reported at Wed Jun  5 16:08:44 CDT 2019

Your job looked like:

------------------------------------------------------------
python /home/s1/tavangar/tavangar_simple/search_algorithm.py 358.59 -14.48 0.00 /home/s1/tavangar/tavangar_simple/decals_dr7_results/results_nside_32_7743.csv /home/s1/tavangar/tavangar_simple/decals_dr7_results/decals_dr7_log/results_nside_32_7743.log
------------------------------------------------------------

Successfully completed.

Resource usage summary:

	Real time :			281.56 sec.
	CPU time :			124.63 sec.
	CPU percentage :		91%
	Max Memory :			2494208 KB
	Average Memory :		0 KB

The output (if any) is above this job summary.
