/home/s1/tavangar/tavangar_simple/simple_utils.py:170: FutureWarning: elementwise comparison failed; returning scalar instead, but in the future will perform elementwise comparison
  if np.all(isochrone.stage == 'Main'):
Search coordinates: (RA, Dec) = (350.16, -4.78)
Center healpixel: 6716
Healpixels: [6716 6844 6715 6588 6460 6589 6717 6845 6972]
MC_SOURCE_ID = 0.0
mode = 0: running only on real data
Found 1 objects...
Applying cuts...
611854 star-like objects in ROI...
787020 galaxy-like objects in ROI...
No fracdet map specified ...
Distance = 15.8 kpc (m-M = 16.0)
611844 objects left after isochrone cut...
Characteristic density = 5200.0 deg^-2
Characteristic density local = 5433.2 deg^-2 = 1.509 arcmin^-2
Fitting aperture to hotspot...
Candidate: x_peak:       -0.845, y_peak:        0.335, r_peak:        0.020, sig:       11.124, ra_peak:      349.312, dec_peak:       -4.444
Characteristic density local = 5274.0 deg^-2 = 1.465 arcmin^-2
Fitting aperture to hotspot...
Candidate: x_peak:       -0.685, y_peak:        0.255, r_peak:        0.020, sig:        6.092, ra_peak:      349.473, dec_peak:       -4.525
Characteristic density local = 5805.2 deg^-2 = 1.613 arcmin^-2
Fitting aperture to hotspot...
Candidate: x_peak:       -0.575, y_peak:       -0.625, r_peak:        0.020, sig:        4.800, ra_peak:      349.582, dec_peak:       -5.405
Characteristic density local = 5753.5 deg^-2 = 1.598 arcmin^-2
Fitting aperture to hotspot...
Candidate: x_peak:       -0.475, y_peak:       -0.795, r_peak:        0.070, sig:        3.423, ra_peak:      349.683, dec_peak:       -5.575
Characteristic density local = 5240.2 deg^-2 = 1.456 arcmin^-2
Fitting aperture to hotspot...
Candidate: x_peak:       -0.305, y_peak:       -0.345, r_peak:        0.030, sig:       25.467, ra_peak:      349.854, dec_peak:       -5.125
Characteristic density local = 4810.5 deg^-2 = 1.336 arcmin^-2
Fitting aperture to hotspot...
Candidate: x_peak:       -0.095, y_peak:        0.875, r_peak:        0.020, sig:       11.433, ra_peak:      350.065, dec_peak:       -3.905
Characteristic density local = 5524.7 deg^-2 = 1.535 arcmin^-2
Fitting aperture to hotspot...
Candidate: x_peak:        0.015, y_peak:       -1.135, r_peak:        0.030, sig:       16.226, ra_peak:      350.175, dec_peak:       -5.915
Characteristic density local = 5200.0 deg^-2 = 1.444 arcmin^-2
Fitting aperture to hotspot...
Candidate: x_peak:        0.175, y_peak:        0.105, r_peak:        0.030, sig:       15.844, ra_peak:      350.336, dec_peak:       -4.675
Characteristic density local = 5200.0 deg^-2 = 1.444 arcmin^-2
Fitting aperture to hotspot...
Candidate: x_peak:        0.535, y_peak:       -0.275, r_peak:        0.030, sig:        4.810, ra_peak:      350.697, dec_peak:       -5.055
Distance = 20.0 kpc (m-M = 16.5)
611846 objects left after isochrone cut...
Characteristic density = 5200.0 deg^-2
Characteristic density local = 5433.2 deg^-2 = 1.509 arcmin^-2
Fitting aperture to hotspot...
Candidate: x_peak:       -0.845, y_peak:        0.335, r_peak:        0.020, sig:       11.124, ra_peak:      349.312, dec_peak:       -4.444
Characteristic density local = 5274.0 deg^-2 = 1.465 arcmin^-2
Fitting aperture to hotspot...
Candidate: x_peak:       -0.685, y_peak:        0.255, r_peak:        0.020, sig:        6.092, ra_peak:      349.473, dec_peak:       -4.525
Characteristic density local = 5803.2 deg^-2 = 1.612 arcmin^-2
Fitting aperture to hotspot...
Candidate: x_peak:       -0.575, y_peak:       -0.625, r_peak:        0.020, sig:        4.801, ra_peak:      349.582, dec_peak:       -5.405
Characteristic density local = 5753.5 deg^-2 = 1.598 arcmin^-2
Fitting aperture to hotspot...
Candidate: x_peak:       -0.475, y_peak:       -0.795, r_peak:        0.070, sig:        3.423, ra_peak:      349.683, dec_peak:       -5.575
Characteristic density local = 5240.2 deg^-2 = 1.456 arcmin^-2
Fitting aperture to hotspot...
Candidate: x_peak:       -0.305, y_peak:       -0.345, r_peak:        0.030, sig:       25.467, ra_peak:      349.854, dec_peak:       -5.125
Characteristic density local = 4810.5 deg^-2 = 1.336 arcmin^-2
Fitting aperture to hotspot...
Candidate: x_peak:       -0.095, y_peak:        0.875, r_peak:        0.020, sig:       11.433, ra_peak:      350.065, dec_peak:       -3.905
Characteristic density local = 5524.7 deg^-2 = 1.535 arcmin^-2
Fitting aperture to hotspot...
Candidate: x_peak:        0.015, y_peak:       -1.135, r_peak:        0.030, sig:       16.226, ra_peak:      350.175, dec_peak:       -5.915
Characteristic density local = 5200.0 deg^-2 = 1.444 arcmin^-2
Fitting aperture to hotspot...
Candidate: x_peak:        0.175, y_peak:        0.105, r_peak:        0.030, sig:       15.844, ra_peak:      350.336, dec_peak:       -4.675
Characteristic density local = 5200.0 deg^-2 = 1.444 arcmin^-2
Fitting aperture to hotspot...
Candidate: x_peak:        0.535, y_peak:       -0.275, r_peak:        0.030, sig:        4.810, ra_peak:      350.697, dec_peak:       -5.055
Distance = 25.1 kpc (m-M = 17.0)
611850 objects left after isochrone cut...
Characteristic density = 5200.0 deg^-2
Characteristic density local = 5433.2 deg^-2 = 1.509 arcmin^-2
Fitting aperture to hotspot...
Candidate: x_peak:       -0.845, y_peak:        0.335, r_peak:        0.020, sig:       11.124, ra_peak:      349.312, dec_peak:       -4.444
Characteristic density local = 5274.0 deg^-2 = 1.465 arcmin^-2
Fitting aperture to hotspot...
Candidate: x_peak:       -0.685, y_peak:        0.255, r_peak:        0.020, sig:        6.092, ra_peak:      349.473, dec_peak:       -4.525
Characteristic density local = 5803.2 deg^-2 = 1.612 arcmin^-2
Fitting aperture to hotspot...
Candidate: x_peak:       -0.575, y_peak:       -0.625, r_peak:        0.020, sig:        4.801, ra_peak:      349.582, dec_peak:       -5.405
Characteristic density local = 5753.5 deg^-2 = 1.598 arcmin^-2
Fitting aperture to hotspot...
Candidate: x_peak:       -0.475, y_peak:       -0.795, r_peak:        0.070, sig:        3.423, ra_peak:      349.683, dec_peak:       -5.575
Characteristic density local = 5240.2 deg^-2 = 1.456 arcmin^-2
Fitting aperture to hotspot...
Candidate: x_peak:       -0.305, y_peak:       -0.345, r_peak:        0.030, sig:       25.467, ra_peak:      349.854, dec_peak:       -5.125
Characteristic density local = 4810.5 deg^-2 = 1.336 arcmin^-2
Fitting aperture to hotspot...
Candidate: x_peak:       -0.095, y_peak:        0.875, r_peak:        0.020, sig:       11.433, ra_peak:      350.065, dec_peak:       -3.905
Characteristic density local = 5524.7 deg^-2 = 1.535 arcmin^-2
Fitting aperture to hotspot...
Candidate: x_peak:        0.015, y_peak:       -1.135, r_peak:        0.030, sig:       16.226, ra_peak:      350.175, dec_peak:       -5.915
Characteristic density local = 5200.0 deg^-2 = 1.444 arcmin^-2
Fitting aperture to hotspot...
Candidate: x_peak:        0.175, y_peak:        0.105, r_peak:        0.030, sig:       15.844, ra_peak:      350.336, dec_peak:       -4.675
Characteristic density local = 5200.0 deg^-2 = 1.444 arcmin^-2
Fitting aperture to hotspot...
Candidate: x_peak:        0.535, y_peak:       -0.275, r_peak:        0.030, sig:        4.810, ra_peak:      350.697, dec_peak:       -5.055
Distance = 31.6 kpc (m-M = 17.5)
611849 objects left after isochrone cut...
Characteristic density = 5200.0 deg^-2
Characteristic density local = 5433.2 deg^-2 = 1.509 arcmin^-2
Fitting aperture to hotspot...
Candidate: x_peak:       -0.845, y_peak:        0.335, r_peak:        0.020, sig:       11.124, ra_peak:      349.312, dec_peak:       -4.444
Characteristic density local = 5274.0 deg^-2 = 1.465 arcmin^-2
Fitting aperture to hotspot...
Candidate: x_peak:       -0.685, y_peak:        0.255, r_peak:        0.020, sig:        6.092, ra_peak:      349.473, dec_peak:       -4.525
Characteristic density local = 5803.2 deg^-2 = 1.612 arcmin^-2
Fitting aperture to hotspot...
Candidate: x_peak:       -0.575, y_peak:       -0.625, r_peak:        0.020, sig:        4.801, ra_peak:      349.582, dec_peak:       -5.405
Characteristic density local = 5753.5 deg^-2 = 1.598 arcmin^-2
Fitting aperture to hotspot...
Candidate: x_peak:       -0.475, y_peak:       -0.795, r_peak:        0.070, sig:        3.423, ra_peak:      349.683, dec_peak:       -5.575
Characteristic density local = 5240.2 deg^-2 = 1.456 arcmin^-2
Fitting aperture to hotspot...
Candidate: x_peak:       -0.305, y_peak:       -0.345, r_peak:        0.030, sig:       25.467, ra_peak:      349.854, dec_peak:       -5.125
Characteristic density local = 4810.5 deg^-2 = 1.336 arcmin^-2
Fitting aperture to hotspot...
Candidate: x_peak:       -0.095, y_peak:        0.875, r_peak:        0.020, sig:       11.433, ra_peak:      350.065, dec_peak:       -3.905
Characteristic density local = 5524.7 deg^-2 = 1.535 arcmin^-2
Fitting aperture to hotspot...
Candidate: x_peak:        0.015, y_peak:       -1.135, r_peak:        0.030, sig:       16.226, ra_peak:      350.175, dec_peak:       -5.915
Characteristic density local = 5200.0 deg^-2 = 1.444 arcmin^-2
Fitting aperture to hotspot...
Candidate: x_peak:        0.175, y_peak:        0.105, r_peak:        0.030, sig:       15.844, ra_peak:      350.336, dec_peak:       -4.675
Characteristic density local = 5200.0 deg^-2 = 1.444 arcmin^-2
Fitting aperture to hotspot...
Candidate: x_peak:        0.535, y_peak:       -0.275, r_peak:        0.030, sig:        4.810, ra_peak:      350.697, dec_peak:       -5.055
Distance = 39.8 kpc (m-M = 18.0)
611706 objects left after isochrone cut...
Characteristic density = 5200.0 deg^-2
Characteristic density local = 5433.2 deg^-2 = 1.509 arcmin^-2
Fitting aperture to hotspot...
Candidate: x_peak:       -0.845, y_peak:        0.335, r_peak:        0.020, sig:       11.124, ra_peak:      349.312, dec_peak:       -4.444
Characteristic density local = 5272.0 deg^-2 = 1.464 arcmin^-2
Fitting aperture to hotspot...
Candidate: x_peak:       -0.685, y_peak:        0.255, r_peak:        0.020, sig:        6.093, ra_peak:      349.473, dec_peak:       -4.525
Characteristic density local = 5797.2 deg^-2 = 1.610 arcmin^-2
Fitting aperture to hotspot...
Candidate: x_peak:       -0.575, y_peak:       -0.625, r_peak:        0.020, sig:        4.805, ra_peak:      349.582, dec_peak:       -5.405
Characteristic density local = 5749.5 deg^-2 = 1.597 arcmin^-2
Fitting aperture to hotspot...
Candidate: x_peak:       -0.475, y_peak:       -0.795, r_peak:        0.070, sig:        3.429, ra_peak:      349.683, dec_peak:       -5.575
Characteristic density local = 5234.2 deg^-2 = 1.454 arcmin^-2
Fitting aperture to hotspot...
Candidate: x_peak:       -0.305, y_peak:       -0.345, r_peak:        0.030, sig:       25.475, ra_peak:      349.854, dec_peak:       -5.125
Characteristic density local = 4808.5 deg^-2 = 1.336 arcmin^-2
Fitting aperture to hotspot...
Candidate: x_peak:       -0.095, y_peak:        0.875, r_peak:        0.020, sig:       11.435, ra_peak:      350.065, dec_peak:       -3.905
Characteristic density local = 5522.7 deg^-2 = 1.534 arcmin^-2
Fitting aperture to hotspot...
Candidate: x_peak:        0.015, y_peak:       -1.135, r_peak:        0.030, sig:       16.228, ra_peak:      350.175, dec_peak:       -5.915
Characteristic density local = 5200.0 deg^-2 = 1.444 arcmin^-2
Fitting aperture to hotspot...
Candidate: x_peak:        0.175, y_peak:        0.105, r_peak:        0.030, sig:       15.844, ra_peak:      350.336, dec_peak:       -4.675
Characteristic density local = 5200.0 deg^-2 = 1.444 arcmin^-2
Fitting aperture to hotspot...
Candidate: x_peak:        0.535, y_peak:       -0.275, r_peak:        0.030, sig:        4.810, ra_peak:      350.697, dec_peak:       -5.055
Distance = 50.1 kpc (m-M = 18.5)
610595 objects left after isochrone cut...
Characteristic density = 5200.0 deg^-2
Characteristic density local = 5425.2 deg^-2 = 1.507 arcmin^-2
Fitting aperture to hotspot...
Candidate: x_peak:       -0.845, y_peak:        0.335, r_peak:        0.020, sig:       11.131, ra_peak:      349.312, dec_peak:       -4.444
Characteristic density local = 5260.1 deg^-2 = 1.461 arcmin^-2
Fitting aperture to hotspot...
Candidate: x_peak:       -0.685, y_peak:        0.255, r_peak:        0.020, sig:        6.101, ra_peak:      349.473, dec_peak:       -4.525
Characteristic density local = 5761.4 deg^-2 = 1.600 arcmin^-2
Fitting aperture to hotspot...
Candidate: x_peak:       -0.575, y_peak:       -0.625, r_peak:        0.020, sig:        4.826, ra_peak:      349.582, dec_peak:       -5.405
Characteristic density local = 5204.4 deg^-2 = 1.446 arcmin^-2
Fitting aperture to hotspot...
Candidate: x_peak:       -0.305, y_peak:       -0.345, r_peak:        0.030, sig:       25.516, ra_peak:      349.854, dec_peak:       -5.125
Characteristic density local = 4790.6 deg^-2 = 1.331 arcmin^-2
Fitting aperture to hotspot...
Candidate: x_peak:       -0.095, y_peak:        0.875, r_peak:        0.020, sig:       11.450, ra_peak:      350.065, dec_peak:       -3.905
Characteristic density local = 5488.9 deg^-2 = 1.525 arcmin^-2
Fitting aperture to hotspot...
Candidate: x_peak:        0.015, y_peak:       -1.135, r_peak:        0.030, sig:       16.266, ra_peak:      350.175, dec_peak:       -5.915
Characteristic density local = 5200.0 deg^-2 = 1.444 arcmin^-2
Fitting aperture to hotspot...
Candidate: x_peak:        0.175, y_peak:        0.105, r_peak:        0.030, sig:       15.844, ra_peak:      350.336, dec_peak:       -4.675
Characteristic density local = 5200.0 deg^-2 = 1.444 arcmin^-2
Fitting aperture to hotspot...
Candidate: x_peak:        0.535, y_peak:       -0.275, r_peak:        0.030, sig:        4.810, ra_peak:      350.697, dec_peak:       -5.055
Distance = 63.1 kpc (m-M = 19.0)
608573 objects left after isochrone cut...
Characteristic density = 5100.0 deg^-2
Characteristic density local = 5365.5 deg^-2 = 1.490 arcmin^-2
Fitting aperture to hotspot...
Candidate: x_peak:       -0.845, y_peak:        0.335, r_peak:        0.020, sig:       10.991, ra_peak:      349.312, dec_peak:       -4.444
Characteristic density local = 5194.4 deg^-2 = 1.443 arcmin^-2
Fitting aperture to hotspot...
Candidate: x_peak:       -0.685, y_peak:        0.255, r_peak:        0.020, sig:        6.144, ra_peak:      349.473, dec_peak:       -4.525
Characteristic density local = 5713.7 deg^-2 = 1.587 arcmin^-2
Fitting aperture to hotspot...
Candidate: x_peak:       -0.575, y_peak:       -0.625, r_peak:        0.020, sig:        4.855, ra_peak:      349.582, dec_peak:       -5.405
Characteristic density local = 5646.0 deg^-2 = 1.568 arcmin^-2
Fitting aperture to hotspot...
Candidate: x_peak:       -0.475, y_peak:       -0.795, r_peak:        0.070, sig:        3.514, ra_peak:      349.683, dec_peak:       -5.575
Characteristic density local = 5126.8 deg^-2 = 1.424 arcmin^-2
Fitting aperture to hotspot...
Candidate: x_peak:       -0.305, y_peak:       -0.345, r_peak:        0.030, sig:       25.622, ra_peak:      349.854, dec_peak:       -5.125
Characteristic density local = 4726.9 deg^-2 = 1.313 arcmin^-2
Fitting aperture to hotspot...
Candidate: x_peak:       -0.095, y_peak:        0.875, r_peak:        0.020, sig:       11.503, ra_peak:      350.065, dec_peak:       -3.905
Characteristic density local = 5419.2 deg^-2 = 1.505 arcmin^-2
Fitting aperture to hotspot...
Candidate: x_peak:        0.015, y_peak:       -1.135, r_peak:        0.030, sig:       16.221, ra_peak:      350.175, dec_peak:       -5.915
Characteristic density local = 5100.0 deg^-2 = 1.417 arcmin^-2
Fitting aperture to hotspot...
Candidate: x_peak:        0.175, y_peak:        0.105, r_peak:        0.030, sig:       15.833, ra_peak:      350.336, dec_peak:       -4.675
Characteristic density local = 5100.0 deg^-2 = 1.417 arcmin^-2
Fitting aperture to hotspot...
Candidate: x_peak:        0.535, y_peak:       -0.275, r_peak:        0.030, sig:        4.899, ra_peak:      350.697, dec_peak:       -5.055
Distance = 79.4 kpc (m-M = 19.5)
605963 objects left after isochrone cut...
Characteristic density = 5000.0 deg^-2
Characteristic density local = 5250.1 deg^-2 = 1.458 arcmin^-2
Fitting aperture to hotspot...
Candidate: x_peak:       -0.845, y_peak:        0.335, r_peak:        0.020, sig:       11.080, ra_peak:      349.312, dec_peak:       -4.444
Characteristic density local = 5098.9 deg^-2 = 1.416 arcmin^-2
Fitting aperture to hotspot...
Candidate: x_peak:       -0.685, y_peak:        0.255, r_peak:        0.020, sig:        6.208, ra_peak:      349.473, dec_peak:       -4.525
Characteristic density local = 5614.2 deg^-2 = 1.559 arcmin^-2
Fitting aperture to hotspot...
Candidate: x_peak:       -0.575, y_peak:       -0.625, r_peak:        0.020, sig:        4.914, ra_peak:      349.582, dec_peak:       -5.405
Characteristic density local = 5009.4 deg^-2 = 1.392 arcmin^-2
Fitting aperture to hotspot...
Candidate: x_peak:       -0.305, y_peak:       -0.345, r_peak:        0.030, sig:       25.786, ra_peak:      349.854, dec_peak:       -5.125
Characteristic density local = 4633.4 deg^-2 = 1.287 arcmin^-2
Fitting aperture to hotspot...
Candidate: x_peak:       -0.095, y_peak:        0.875, r_peak:        0.020, sig:       11.583, ra_peak:      350.065, dec_peak:       -3.905
Characteristic density local = 5331.7 deg^-2 = 1.481 arcmin^-2
Fitting aperture to hotspot...
Candidate: x_peak:        0.015, y_peak:       -1.135, r_peak:        0.030, sig:       16.321, ra_peak:      350.175, dec_peak:       -5.915
Characteristic density local = 5000.0 deg^-2 = 1.389 arcmin^-2
Fitting aperture to hotspot...
Candidate: x_peak:        0.175, y_peak:        0.105, r_peak:        0.030, sig:       15.951, ra_peak:      350.336, dec_peak:       -4.675
Characteristic density local = 5000.0 deg^-2 = 1.389 arcmin^-2
Fitting aperture to hotspot...
Candidate: x_peak:        0.535, y_peak:       -0.275, r_peak:        0.030, sig:        4.796, ra_peak:      350.697, dec_peak:       -5.055
Distance = 100.0 kpc (m-M = 20.0)
603002 objects left after isochrone cut...
Characteristic density = 4900.0 deg^-2
Characteristic density local = 5110.9 deg^-2 = 1.420 arcmin^-2
Fitting aperture to hotspot...
Candidate: x_peak:       -0.845, y_peak:        0.345, r_peak:        0.020, sig:       11.743, ra_peak:      349.312, dec_peak:       -4.434
Characteristic density local = 4983.5 deg^-2 = 1.384 arcmin^-2
Fitting aperture to hotspot...
Candidate: x_peak:       -0.685, y_peak:        0.255, r_peak:        0.020, sig:        6.287, ra_peak:      349.473, dec_peak:       -4.525
Characteristic density local = 5478.9 deg^-2 = 1.522 arcmin^-2
Fitting aperture to hotspot...
Candidate: x_peak:       -0.575, y_peak:       -0.625, r_peak:        0.020, sig:        4.997, ra_peak:      349.582, dec_peak:       -5.405
Characteristic density local = 5443.1 deg^-2 = 1.512 arcmin^-2
Fitting aperture to hotspot...
Candidate: x_peak:       -0.475, y_peak:       -0.795, r_peak:        0.070, sig:        3.778, ra_peak:      349.683, dec_peak:       -5.575
Characteristic density local = 4896.0 deg^-2 = 1.360 arcmin^-2
Fitting aperture to hotspot...
Candidate: x_peak:       -0.305, y_peak:       -0.345, r_peak:        0.030, sig:       25.845, ra_peak:      349.854, dec_peak:       -5.125
Characteristic density local = 4545.9 deg^-2 = 1.263 arcmin^-2
Fitting aperture to hotspot...
Candidate: x_peak:       -0.095, y_peak:        0.875, r_peak:        0.020, sig:       11.658, ra_peak:      350.065, dec_peak:       -3.905
Characteristic density local = 5224.3 deg^-2 = 1.451 arcmin^-2
Fitting aperture to hotspot...
Candidate: x_peak:        0.015, y_peak:       -1.135, r_peak:        0.030, sig:       16.320, ra_peak:      350.175, dec_peak:       -5.915
Characteristic density local = 4900.0 deg^-2 = 1.361 arcmin^-2
Fitting aperture to hotspot...
Candidate: x_peak:        0.175, y_peak:        0.105, r_peak:        0.030, sig:       16.070, ra_peak:      350.336, dec_peak:       -4.675
Characteristic density local = 4900.0 deg^-2 = 1.361 arcmin^-2
Fitting aperture to hotspot...
Candidate: x_peak:        0.535, y_peak:       -0.275, r_peak:        0.030, sig:        4.692, ra_peak:      350.697, dec_peak:       -5.055
Distance = 125.9 kpc (m-M = 20.5)
599312 objects left after isochrone cut...
Characteristic density = 4800.0 deg^-2
Characteristic density local = 4991.5 deg^-2 = 1.387 arcmin^-2
Fitting aperture to hotspot...
Candidate: x_peak:       -0.845, y_peak:        0.345, r_peak:        0.020, sig:       11.840, ra_peak:      349.312, dec_peak:       -4.434
Characteristic density local = 4862.2 deg^-2 = 1.351 arcmin^-2
Fitting aperture to hotspot...
Candidate: x_peak:       -0.685, y_peak:        0.255, r_peak:        0.020, sig:        6.371, ra_peak:      349.473, dec_peak:       -4.525
Characteristic density local = 4754.8 deg^-2 = 1.321 arcmin^-2
Fitting aperture to hotspot...
Candidate: x_peak:       -0.305, y_peak:       -0.345, r_peak:        0.030, sig:       26.049, ra_peak:      349.854, dec_peak:       -5.125
Characteristic density local = 4426.5 deg^-2 = 1.230 arcmin^-2
Fitting aperture to hotspot...
Candidate: x_peak:       -0.095, y_peak:        0.875, r_peak:        0.020, sig:       11.763, ra_peak:      350.065, dec_peak:       -3.905
Characteristic density local = 5089.0 deg^-2 = 1.414 arcmin^-2
Fitting aperture to hotspot...
Candidate: x_peak:        0.015, y_peak:       -1.135, r_peak:        0.030, sig:       16.478, ra_peak:      350.175, dec_peak:       -5.915
Characteristic density local = 4800.0 deg^-2 = 1.333 arcmin^-2
Fitting aperture to hotspot...
Candidate: x_peak:        0.175, y_peak:        0.105, r_peak:        0.030, sig:       16.063, ra_peak:      350.336, dec_peak:       -4.675
Characteristic density local = 4800.0 deg^-2 = 1.333 arcmin^-2
Fitting aperture to hotspot...
Candidate: x_peak:        0.535, y_peak:       -0.275, r_peak:        0.030, sig:        4.586, ra_peak:      350.697, dec_peak:       -5.055
Distance = 158.5 kpc (m-M = 21.0)
595191 objects left after isochrone cut...
Characteristic density = 4700.0 deg^-2
Characteristic density local = 4896.0 deg^-2 = 1.360 arcmin^-2
Fitting aperture to hotspot...
Candidate: x_peak:       -0.845, y_peak:        0.335, r_peak:        0.020, sig:       11.363, ra_peak:      349.312, dec_peak:       -4.444
Characteristic density local = 4740.8 deg^-2 = 1.317 arcmin^-2
Fitting aperture to hotspot...
Candidate: x_peak:       -0.685, y_peak:        0.255, r_peak:        0.020, sig:        6.456, ra_peak:      349.473, dec_peak:       -4.525
Characteristic density local = 5176.5 deg^-2 = 1.438 arcmin^-2
Fitting aperture to hotspot...
Candidate: x_peak:       -0.575, y_peak:       -0.615, r_peak:        0.030, sig:        4.446, ra_peak:      349.582, dec_peak:       -5.395
Characteristic density local = 5176.5 deg^-2 = 1.438 arcmin^-2
Fitting aperture to hotspot...
Candidate: x_peak:       -0.475, y_peak:       -0.795, r_peak:        0.070, sig:        3.774, ra_peak:      349.683, dec_peak:       -5.575
Characteristic density local = 4591.6 deg^-2 = 1.275 arcmin^-2
Fitting aperture to hotspot...
Candidate: x_peak:       -0.305, y_peak:       -0.345, r_peak:        0.030, sig:       26.188, ra_peak:      349.854, dec_peak:       -5.125
Characteristic density local = 4305.1 deg^-2 = 1.196 arcmin^-2
Fitting aperture to hotspot...
Candidate: x_peak:       -0.095, y_peak:        0.875, r_peak:        0.020, sig:       11.872, ra_peak:      350.065, dec_peak:       -3.905
Characteristic density local = 4925.8 deg^-2 = 1.368 arcmin^-2
Fitting aperture to hotspot...
Candidate: x_peak:        0.015, y_peak:       -1.135, r_peak:        0.030, sig:       16.674, ra_peak:      350.175, dec_peak:       -5.915
Characteristic density local = 4700.0 deg^-2 = 1.306 arcmin^-2
Fitting aperture to hotspot...
Candidate: x_peak:        0.175, y_peak:        0.105, r_peak:        0.030, sig:       16.186, ra_peak:      350.336, dec_peak:       -4.675
Characteristic density local = 4700.0 deg^-2 = 1.306 arcmin^-2
Fitting aperture to hotspot...
Candidate: x_peak:        0.535, y_peak:       -0.275, r_peak:        0.030, sig:        4.478, ra_peak:      350.697, dec_peak:       -5.055
Distance = 199.5 kpc (m-M = 21.5)
590311 objects left after isochrone cut...
Characteristic density = 4500.0 deg^-2
Characteristic density local = 4705.0 deg^-2 = 1.307 arcmin^-2
Fitting aperture to hotspot...
Candidate: x_peak:       -0.835, y_peak:        0.335, r_peak:        0.030, sig:       10.252, ra_peak:      349.322, dec_peak:       -4.444
Characteristic density local = 4585.7 deg^-2 = 1.274 arcmin^-2
Fitting aperture to hotspot...
Candidate: x_peak:       -0.725, y_peak:        0.375, r_peak:        0.140, sig:        6.672, ra_peak:      349.433, dec_peak:       -4.405
Characteristic density local = 4601.6 deg^-2 = 1.278 arcmin^-2
Fitting aperture to hotspot...
Candidate: x_peak:       -0.685, y_peak:        0.255, r_peak:        0.020, sig:        6.557, ra_peak:      349.473, dec_peak:       -4.525
Characteristic density local = 4995.5 deg^-2 = 1.388 arcmin^-2
Fitting aperture to hotspot...
Candidate: x_peak:       -0.575, y_peak:       -0.615, r_peak:        0.030, sig:        4.606, ra_peak:      349.582, dec_peak:       -5.395
Characteristic density local = 4464.3 deg^-2 = 1.240 arcmin^-2
Fitting aperture to hotspot...
Candidate: x_peak:       -0.305, y_peak:       -0.345, r_peak:        0.030, sig:       26.382, ra_peak:      349.854, dec_peak:       -5.125
Characteristic density local = 4098.2 deg^-2 = 1.138 arcmin^-2
Fitting aperture to hotspot...
Candidate: x_peak:       -0.095, y_peak:        0.875, r_peak:        0.020, sig:       12.064, ra_peak:      350.065, dec_peak:       -3.905
Characteristic density local = 4764.7 deg^-2 = 1.324 arcmin^-2
Fitting aperture to hotspot...
Candidate: x_peak:        0.015, y_peak:       -1.135, r_peak:        0.030, sig:       16.873, ra_peak:      350.175, dec_peak:       -5.915
Characteristic density local = 4500.0 deg^-2 = 1.250 arcmin^-2
Fitting aperture to hotspot...
Candidate: x_peak:        0.175, y_peak:        0.105, r_peak:        0.030, sig:       16.439, ra_peak:      350.336, dec_peak:       -4.675
Characteristic density local = 4500.0 deg^-2 = 1.250 arcmin^-2
Fitting aperture to hotspot...
Candidate: x_peak:        0.535, y_peak:       -0.275, r_peak:        0.030, sig:        4.462, ra_peak:      350.697, dec_peak:       -5.055
Distance = 251.2 kpc (m-M = 22.0)
584424 objects left after isochrone cut...
Characteristic density = 4300.0 deg^-2
Characteristic density local = 4520.0 deg^-2 = 1.256 arcmin^-2
Fitting aperture to hotspot...
Candidate: x_peak:       -0.835, y_peak:        0.335, r_peak:        0.030, sig:       10.141, ra_peak:      349.322, dec_peak:       -4.444
Characteristic density local = 4394.7 deg^-2 = 1.221 arcmin^-2
Fitting aperture to hotspot...
Candidate: x_peak:       -0.695, y_peak:        0.255, r_peak:        0.020, sig:        5.720, ra_peak:      349.463, dec_peak:       -4.525
Characteristic density local = 4822.4 deg^-2 = 1.340 arcmin^-2
Fitting aperture to hotspot...
Candidate: x_peak:       -0.575, y_peak:       -0.625, r_peak:        0.020, sig:        5.420, ra_peak:      349.582, dec_peak:       -5.405
Characteristic density local = 4255.4 deg^-2 = 1.182 arcmin^-2
Fitting aperture to hotspot...
Candidate: x_peak:       -0.305, y_peak:       -0.345, r_peak:        0.030, sig:       26.709, ra_peak:      349.854, dec_peak:       -5.125
Characteristic density local = 3919.2 deg^-2 = 1.089 arcmin^-2
Fitting aperture to hotspot...
Candidate: x_peak:       -0.095, y_peak:        0.875, r_peak:        0.020, sig:       12.236, ra_peak:      350.065, dec_peak:       -3.905
Characteristic density local = 4559.8 deg^-2 = 1.267 arcmin^-2
Fitting aperture to hotspot...
Candidate: x_peak:        0.015, y_peak:       -1.135, r_peak:        0.030, sig:       17.133, ra_peak:      350.175, dec_peak:       -5.915
Characteristic density local = 4300.0 deg^-2 = 1.194 arcmin^-2
Fitting aperture to hotspot...
Candidate: x_peak:        0.175, y_peak:        0.105, r_peak:        0.030, sig:       16.700, ra_peak:      350.336, dec_peak:       -4.675
Characteristic density local = 4300.0 deg^-2 = 1.194 arcmin^-2
Fitting aperture to hotspot...
Candidate: x_peak:        0.535, y_peak:       -0.275, r_peak:        0.060, sig:        4.673, ra_peak:      350.697, dec_peak:       -5.055
Characteristic density local = 4300.0 deg^-2 = 1.194 arcmin^-2
Fitting aperture to hotspot...
Candidate: x_peak:        0.935, y_peak:       -0.395, r_peak:        0.040, sig:        4.164, ra_peak:      351.099, dec_peak:       -5.174
Distance = 316.2 kpc (m-M = 22.5)
577769 objects left after isochrone cut...
Characteristic density = 4100.0 deg^-2
Characteristic density local = 4289.2 deg^-2 = 1.191 arcmin^-2
Fitting aperture to hotspot...
Candidate: x_peak:       -0.835, y_peak:        0.335, r_peak:        0.030, sig:       10.243, ra_peak:      349.322, dec_peak:       -4.444
Characteristic density local = 4146.0 deg^-2 = 1.152 arcmin^-2
Fitting aperture to hotspot...
Candidate: x_peak:       -0.685, y_peak:        0.255, r_peak:        0.020, sig:        6.658, ra_peak:      349.473, dec_peak:       -4.525
Characteristic density local = 4593.6 deg^-2 = 1.276 arcmin^-2
Fitting aperture to hotspot...
Candidate: x_peak:       -0.575, y_peak:       -0.625, r_peak:        0.020, sig:        5.322, ra_peak:      349.582, dec_peak:       -5.405
Characteristic density local = 4050.5 deg^-2 = 1.125 arcmin^-2
Fitting aperture to hotspot...
Candidate: x_peak:       -0.305, y_peak:       -0.345, r_peak:        0.040, sig:       26.632, ra_peak:      349.854, dec_peak:       -5.125
Characteristic density local = 3692.4 deg^-2 = 1.026 arcmin^-2
Fitting aperture to hotspot...
Candidate: x_peak:       -0.095, y_peak:        0.875, r_peak:        0.020, sig:       12.268, ra_peak:      350.065, dec_peak:       -3.905
Characteristic density local = 4329.0 deg^-2 = 1.203 arcmin^-2
Fitting aperture to hotspot...
Candidate: x_peak:        0.015, y_peak:       -1.135, r_peak:        0.030, sig:       16.792, ra_peak:      350.175, dec_peak:       -5.915
Characteristic density local = 3103.5 deg^-2 = 0.862 arcmin^-2
Fitting aperture to hotspot...
Candidate: x_peak:        0.175, y_peak:        0.105, r_peak:        0.030, sig:       18.233, ra_peak:      350.336, dec_peak:       -4.675
Characteristic density local = 4100.0 deg^-2 = 1.139 arcmin^-2
Fitting aperture to hotspot...
Candidate: x_peak:        0.535, y_peak:       -0.275, r_peak:        0.060, sig:        4.677, ra_peak:      350.697, dec_peak:       -5.055
Characteristic density local = 4100.0 deg^-2 = 1.139 arcmin^-2
Fitting aperture to hotspot...
Candidate: x_peak:        0.935, y_peak:       -0.395, r_peak:        0.040, sig:        4.415, ra_peak:      351.099, dec_peak:       -5.174
Distance = 398.1 kpc (m-M = 23.0)
569398 objects left after isochrone cut...
Characteristic density = 3800.0 deg^-2
Characteristic density local = 4004.7 deg^-2 = 1.112 arcmin^-2
Fitting aperture to hotspot...
Candidate: x_peak:       -0.835, y_peak:        0.335, r_peak:        0.030, sig:       10.417, ra_peak:      349.322, dec_peak:       -4.444
Characteristic density local = 3885.4 deg^-2 = 1.079 arcmin^-2
Fitting aperture to hotspot...
Candidate: x_peak:       -0.695, y_peak:        0.255, r_peak:        0.020, sig:        6.106, ra_peak:      349.463, dec_peak:       -4.525
Characteristic density local = 3815.7 deg^-2 = 1.060 arcmin^-2
Fitting aperture to hotspot...
Candidate: x_peak:       -0.305, y_peak:       -0.345, r_peak:        0.040, sig:       26.829, ra_peak:      349.854, dec_peak:       -5.125
Characteristic density local = 3439.7 deg^-2 = 0.955 arcmin^-2
Fitting aperture to hotspot...
Candidate: x_peak:       -0.095, y_peak:        0.875, r_peak:        0.020, sig:       12.533, ra_peak:      350.065, dec_peak:       -3.905
Characteristic density local = 4080.3 deg^-2 = 1.133 arcmin^-2
Fitting aperture to hotspot...
Candidate: x_peak:        0.015, y_peak:       -1.135, r_peak:        0.030, sig:       16.201, ra_peak:      350.175, dec_peak:       -5.915
Characteristic density local = 2892.6 deg^-2 = 0.804 arcmin^-2
Fitting aperture to hotspot...
Candidate: x_peak:        0.175, y_peak:        0.105, r_peak:        0.030, sig:       17.770, ra_peak:      350.336, dec_peak:       -4.675
Characteristic density local = 3800.0 deg^-2 = 1.056 arcmin^-2
Fitting aperture to hotspot...
Candidate: x_peak:        0.535, y_peak:       -0.275, r_peak:        0.030, sig:        4.954, ra_peak:      350.697, dec_peak:       -5.055
Characteristic density local = 3800.0 deg^-2 = 1.056 arcmin^-2
Fitting aperture to hotspot...
Candidate: x_peak:        0.935, y_peak:       -0.395, r_peak:        0.040, sig:        4.808, ra_peak:      351.099, dec_peak:       -5.174
26.83 sigma; (RA, Dec, d) = (349.85, -5.12); r = 0.04 deg; d = 398.1, mu = 23.00 mag), mc_source_id: 0.00
18.23 sigma; (RA, Dec, d) = (350.34, -4.67); r = 0.03 deg; d = 316.2, mu = 22.50 mag), mc_source_id: 0.00
17.13 sigma; (RA, Dec, d) = (350.18, -5.92); r = 0.03 deg; d = 251.2, mu = 22.00 mag), mc_source_id: 0.00
12.53 sigma; (RA, Dec, d) = (350.06, -3.90); r = 0.02 deg; d = 398.1, mu = 23.00 mag), mc_source_id: 0.00
11.84 sigma; (RA, Dec, d) = (349.31, -4.43); r = 0.02 deg; d = 125.9, mu = 20.50 mag), mc_source_id: 0.00
6.67 sigma; (RA, Dec, d) = (349.43, -4.40); r = 0.14 deg; d = 199.5, mu = 21.50 mag), mc_source_id: 0.00
5.42 sigma; (RA, Dec, d) = (349.58, -5.40); r = 0.02 deg; d = 251.2, mu = 22.00 mag), mc_source_id: 0.00
4.95 sigma; (RA, Dec, d) = (350.70, -5.05); r = 0.03 deg; d = 398.1, mu = 23.00 mag), mc_source_id: 0.00
4.81 sigma; (RA, Dec, d) = (351.10, -5.17); r = 0.04 deg; d = 398.1, mu = 23.00 mag), mc_source_id: 0.00
3.78 sigma; (RA, Dec, d) = (349.68, -5.57); r = 0.07 deg; d = 100.0, mu = 20.00 mag), mc_source_id: 0.00

------------------------------------------------------------
Job <681346.0> was submitted from <des51.fnal.gov> by user <tavangar>.
Job was executed on host <des40.fnal.gov> as user <tavangar>.
</var/lib/condor/execute/dir_2093660> was used as the initial working directory.
Results reported at Wed Jun  5 13:56:13 CDT 2019

Your job looked like:

------------------------------------------------------------
python /home/s1/tavangar/tavangar_simple/search_algorithm.py 350.16 -4.78 0.00 /home/s1/tavangar/tavangar_simple/decals_dr7_results/results_nside_32_6716.csv /home/s1/tavangar/tavangar_simple/decals_dr7_results/decals_dr7_log/results_nside_32_6716.log
------------------------------------------------------------

Successfully completed.

Resource usage summary:

	Real time :			244.67 sec.
	CPU time :			8.33 sec.
	CPU percentage :		83%
	Max Memory :			4930960 KB
	Average Memory :		0 KB

The output (if any) is above this job summary.
