/home/s1/tavangar/tavangar_simple/simple_utils.py:170: FutureWarning: elementwise comparison failed; returning scalar instead, but in the future will perform elementwise comparison
  if np.all(isochrone.stage == 'Main'):
Search coordinates: (RA, Dec) = (182.81, 1.19)
Center healpixel: 6017
Healpixels: [6017 6144 6016 5888 5761 5889 6018 6145 6273]
MC_SOURCE_ID = 0.0
mode = 0: running only on real data
Found 1 objects...
Applying cuts...
745655 star-like objects in ROI...
1029535 galaxy-like objects in ROI...
No fracdet map specified ...
Distance = 15.8 kpc (m-M = 16.0)
745638 objects left after isochrone cut...
Characteristic density = 5600.0 deg^-2
Characteristic density local = 5608.2 deg^-2 = 1.558 arcmin^-2
Fitting aperture to hotspot...
Candidate: x_peak:       -0.775, y_peak:       -0.525, r_peak:        0.080, sig:        8.522, ra_peak:      182.035, dec_peak:        0.665
Characteristic density local = 5665.9 deg^-2 = 1.574 arcmin^-2
Fitting aperture to hotspot...
Candidate: x_peak:       -0.765, y_peak:       -0.535, r_peak:        0.080, sig:        8.399, ra_peak:      182.045, dec_peak:        0.655
Characteristic density local = 5721.6 deg^-2 = 1.589 arcmin^-2
Fitting aperture to hotspot...
Candidate: x_peak:       -0.755, y_peak:       -0.545, r_peak:        0.080, sig:        7.599, ra_peak:      182.055, dec_peak:        0.645
Characteristic density local = 5457.0 deg^-2 = 1.516 arcmin^-2
Fitting aperture to hotspot...
Candidate: x_peak:       -0.385, y_peak:        0.705, r_peak:        0.030, sig:       17.638, ra_peak:      182.425, dec_peak:        1.895
Characteristic density local = 5755.4 deg^-2 = 1.599 arcmin^-2
Fitting aperture to hotspot...
Candidate: x_peak:        0.045, y_peak:       -0.995, r_peak:        0.020, sig:       11.427, ra_peak:      182.855, dec_peak:        0.195
Distance = 20.0 kpc (m-M = 16.5)
745651 objects left after isochrone cut...
Characteristic density = 5600.0 deg^-2
Characteristic density local = 5608.2 deg^-2 = 1.558 arcmin^-2
Fitting aperture to hotspot...
Candidate: x_peak:       -0.775, y_peak:       -0.525, r_peak:        0.080, sig:        8.522, ra_peak:      182.035, dec_peak:        0.665
Characteristic density local = 5665.9 deg^-2 = 1.574 arcmin^-2
Fitting aperture to hotspot...
Candidate: x_peak:       -0.765, y_peak:       -0.535, r_peak:        0.080, sig:        8.399, ra_peak:      182.045, dec_peak:        0.655
Characteristic density local = 5721.6 deg^-2 = 1.589 arcmin^-2
Fitting aperture to hotspot...
Candidate: x_peak:       -0.755, y_peak:       -0.545, r_peak:        0.080, sig:        7.599, ra_peak:      182.055, dec_peak:        0.645
Characteristic density local = 5457.0 deg^-2 = 1.516 arcmin^-2
Fitting aperture to hotspot...
Candidate: x_peak:       -0.385, y_peak:        0.705, r_peak:        0.030, sig:       17.638, ra_peak:      182.425, dec_peak:        1.895
Characteristic density local = 5755.4 deg^-2 = 1.599 arcmin^-2
Fitting aperture to hotspot...
Candidate: x_peak:        0.045, y_peak:       -0.995, r_peak:        0.020, sig:       11.427, ra_peak:      182.855, dec_peak:        0.195
Distance = 25.1 kpc (m-M = 17.0)
745654 objects left after isochrone cut...
Characteristic density = 5600.0 deg^-2
Characteristic density local = 5608.2 deg^-2 = 1.558 arcmin^-2
Fitting aperture to hotspot...
Candidate: x_peak:       -0.775, y_peak:       -0.525, r_peak:        0.080, sig:        8.522, ra_peak:      182.035, dec_peak:        0.665
Characteristic density local = 5665.9 deg^-2 = 1.574 arcmin^-2
Fitting aperture to hotspot...
Candidate: x_peak:       -0.765, y_peak:       -0.535, r_peak:        0.080, sig:        8.399, ra_peak:      182.045, dec_peak:        0.655
Characteristic density local = 5721.6 deg^-2 = 1.589 arcmin^-2
Fitting aperture to hotspot...
Candidate: x_peak:       -0.755, y_peak:       -0.545, r_peak:        0.080, sig:        7.599, ra_peak:      182.055, dec_peak:        0.645
Characteristic density local = 5457.0 deg^-2 = 1.516 arcmin^-2
Fitting aperture to hotspot...
Candidate: x_peak:       -0.385, y_peak:        0.705, r_peak:        0.030, sig:       17.638, ra_peak:      182.425, dec_peak:        1.895
Characteristic density local = 5755.4 deg^-2 = 1.599 arcmin^-2
Fitting aperture to hotspot...
Candidate: x_peak:        0.045, y_peak:       -0.995, r_peak:        0.020, sig:       11.427, ra_peak:      182.855, dec_peak:        0.195
Distance = 31.6 kpc (m-M = 17.5)
745655 objects left after isochrone cut...
Characteristic density = 5600.0 deg^-2
Characteristic density local = 5608.2 deg^-2 = 1.558 arcmin^-2
Fitting aperture to hotspot...
Candidate: x_peak:       -0.775, y_peak:       -0.525, r_peak:        0.080, sig:        8.522, ra_peak:      182.035, dec_peak:        0.665
Characteristic density local = 5665.9 deg^-2 = 1.574 arcmin^-2
Fitting aperture to hotspot...
Candidate: x_peak:       -0.765, y_peak:       -0.535, r_peak:        0.080, sig:        8.399, ra_peak:      182.045, dec_peak:        0.655
Characteristic density local = 5721.6 deg^-2 = 1.589 arcmin^-2
Fitting aperture to hotspot...
Candidate: x_peak:       -0.755, y_peak:       -0.545, r_peak:        0.080, sig:        7.599, ra_peak:      182.055, dec_peak:        0.645
Characteristic density local = 5457.0 deg^-2 = 1.516 arcmin^-2
Fitting aperture to hotspot...
Candidate: x_peak:       -0.385, y_peak:        0.705, r_peak:        0.030, sig:       17.638, ra_peak:      182.425, dec_peak:        1.895
Characteristic density local = 5755.4 deg^-2 = 1.599 arcmin^-2
Fitting aperture to hotspot...
Candidate: x_peak:        0.045, y_peak:       -0.995, r_peak:        0.020, sig:       11.427, ra_peak:      182.855, dec_peak:        0.195
Distance = 39.8 kpc (m-M = 18.0)
745631 objects left after isochrone cut...
Characteristic density = 5600.0 deg^-2
Characteristic density local = 5604.2 deg^-2 = 1.557 arcmin^-2
Fitting aperture to hotspot...
Candidate: x_peak:       -0.775, y_peak:       -0.525, r_peak:        0.080, sig:        8.531, ra_peak:      182.035, dec_peak:        0.665
Characteristic density local = 5661.9 deg^-2 = 1.573 arcmin^-2
Fitting aperture to hotspot...
Candidate: x_peak:       -0.765, y_peak:       -0.535, r_peak:        0.080, sig:        8.408, ra_peak:      182.045, dec_peak:        0.655
Characteristic density local = 5717.6 deg^-2 = 1.588 arcmin^-2
Fitting aperture to hotspot...
Candidate: x_peak:       -0.755, y_peak:       -0.545, r_peak:        0.080, sig:        7.607, ra_peak:      182.055, dec_peak:        0.645
Characteristic density local = 5457.0 deg^-2 = 1.516 arcmin^-2
Fitting aperture to hotspot...
Candidate: x_peak:       -0.385, y_peak:        0.705, r_peak:        0.030, sig:       17.638, ra_peak:      182.425, dec_peak:        1.895
Characteristic density local = 5755.4 deg^-2 = 1.599 arcmin^-2
Fitting aperture to hotspot...
Candidate: x_peak:        0.045, y_peak:       -0.995, r_peak:        0.020, sig:       11.427, ra_peak:      182.855, dec_peak:        0.195
Distance = 50.1 kpc (m-M = 18.5)
744911 objects left after isochrone cut...
Characteristic density = 5600.0 deg^-2
Characteristic density local = 5578.4 deg^-2 = 1.550 arcmin^-2
Fitting aperture to hotspot...
Candidate: x_peak:       -0.785, y_peak:       -0.515, r_peak:        0.090, sig:        8.087, ra_peak:      182.025, dec_peak:        0.675
Characteristic density local = 5570.4 deg^-2 = 1.547 arcmin^-2
Fitting aperture to hotspot...
Candidate: x_peak:       -0.775, y_peak:       -0.525, r_peak:        0.080, sig:        8.527, ra_peak:      182.035, dec_peak:        0.665
Characteristic density local = 5630.1 deg^-2 = 1.564 arcmin^-2
Fitting aperture to hotspot...
Candidate: x_peak:       -0.765, y_peak:       -0.535, r_peak:        0.080, sig:        8.400, ra_peak:      182.045, dec_peak:        0.655
Characteristic density local = 5681.8 deg^-2 = 1.578 arcmin^-2
Fitting aperture to hotspot...
Candidate: x_peak:       -0.755, y_peak:       -0.545, r_peak:        0.080, sig:        7.605, ra_peak:      182.055, dec_peak:        0.645
Characteristic density local = 5445.1 deg^-2 = 1.513 arcmin^-2
Fitting aperture to hotspot...
Candidate: x_peak:       -0.385, y_peak:        0.705, r_peak:        0.030, sig:       17.652, ra_peak:      182.425, dec_peak:        1.895
Characteristic density local = 5658.0 deg^-2 = 1.572 arcmin^-2
Fitting aperture to hotspot...
Candidate: x_peak:       -0.345, y_peak:       -0.225, r_peak:        0.040, sig:        4.361, ra_peak:      182.465, dec_peak:        0.965
Characteristic density local = 5737.5 deg^-2 = 1.594 arcmin^-2
Fitting aperture to hotspot...
Candidate: x_peak:        0.045, y_peak:       -0.995, r_peak:        0.020, sig:       11.440, ra_peak:      182.855, dec_peak:        0.195
Characteristic density local = 6045.9 deg^-2 = 1.679 arcmin^-2
Fitting aperture to hotspot...
Candidate: x_peak:        1.025, y_peak:        0.325, r_peak:        0.040, sig:        4.105, ra_peak:      183.835, dec_peak:        1.515
Distance = 63.1 kpc (m-M = 19.0)
743332 objects left after isochrone cut...
Characteristic density = 5500.0 deg^-2
Characteristic density local = 5526.7 deg^-2 = 1.535 arcmin^-2
Fitting aperture to hotspot...
Candidate: x_peak:       -0.775, y_peak:       -0.525, r_peak:        0.080, sig:        8.317, ra_peak:      182.035, dec_peak:        0.665
Characteristic density local = 5582.4 deg^-2 = 1.551 arcmin^-2
Fitting aperture to hotspot...
Candidate: x_peak:       -0.765, y_peak:       -0.535, r_peak:        0.080, sig:        8.274, ra_peak:      182.045, dec_peak:        0.655
Characteristic density local = 5634.1 deg^-2 = 1.565 arcmin^-2
Fitting aperture to hotspot...
Candidate: x_peak:       -0.755, y_peak:       -0.545, r_peak:        0.080, sig:        7.552, ra_peak:      182.055, dec_peak:        0.645
Characteristic density local = 5405.3 deg^-2 = 1.501 arcmin^-2
Fitting aperture to hotspot...
Candidate: x_peak:       -0.385, y_peak:        0.705, r_peak:        0.030, sig:       17.698, ra_peak:      182.425, dec_peak:        1.895
Characteristic density local = 5681.8 deg^-2 = 1.578 arcmin^-2
Fitting aperture to hotspot...
Candidate: x_peak:        0.045, y_peak:       -0.995, r_peak:        0.020, sig:       11.481, ra_peak:      182.855, dec_peak:        0.195
Characteristic density local = 5966.3 deg^-2 = 1.657 arcmin^-2
Fitting aperture to hotspot...
Candidate: x_peak:        1.025, y_peak:        0.315, r_peak:        0.030, sig:        4.354, ra_peak:      183.835, dec_peak:        1.505
Distance = 79.4 kpc (m-M = 19.5)
741301 objects left after isochrone cut...
Characteristic density = 5400.0 deg^-2
Characteristic density local = 5443.1 deg^-2 = 1.512 arcmin^-2
Fitting aperture to hotspot...
Candidate: x_peak:       -0.775, y_peak:       -0.525, r_peak:        0.080, sig:        8.420, ra_peak:      182.035, dec_peak:        0.665
Characteristic density local = 5492.8 deg^-2 = 1.526 arcmin^-2
Fitting aperture to hotspot...
Candidate: x_peak:       -0.765, y_peak:       -0.535, r_peak:        0.080, sig:        8.389, ra_peak:      182.045, dec_peak:        0.655
Characteristic density local = 5538.6 deg^-2 = 1.538 arcmin^-2
Fitting aperture to hotspot...
Candidate: x_peak:       -0.755, y_peak:       -0.545, r_peak:        0.080, sig:        7.599, ra_peak:      182.055, dec_peak:        0.645
Characteristic density local = 5345.6 deg^-2 = 1.485 arcmin^-2
Fitting aperture to hotspot...
Candidate: x_peak:       -0.385, y_peak:        0.705, r_peak:        0.030, sig:       17.768, ra_peak:      182.425, dec_peak:        1.895
Characteristic density local = 5616.2 deg^-2 = 1.560 arcmin^-2
Fitting aperture to hotspot...
Candidate: x_peak:        0.045, y_peak:       -0.995, r_peak:        0.020, sig:       11.531, ra_peak:      182.855, dec_peak:        0.195
Characteristic density local = 5866.8 deg^-2 = 1.630 arcmin^-2
Fitting aperture to hotspot...
Candidate: x_peak:        1.025, y_peak:        0.315, r_peak:        0.030, sig:        4.434, ra_peak:      183.835, dec_peak:        1.505
Distance = 100.0 kpc (m-M = 20.0)
738887 objects left after isochrone cut...
Characteristic density = 5400.0 deg^-2
Characteristic density local = 5353.6 deg^-2 = 1.487 arcmin^-2
Fitting aperture to hotspot...
Candidate: x_peak:       -0.785, y_peak:       -0.515, r_peak:        0.090, sig:        7.853, ra_peak:      182.025, dec_peak:        0.675
Characteristic density local = 5351.6 deg^-2 = 1.487 arcmin^-2
Fitting aperture to hotspot...
Candidate: x_peak:       -0.775, y_peak:       -0.525, r_peak:        0.080, sig:        8.311, ra_peak:      182.035, dec_peak:        0.665
Characteristic density local = 5399.3 deg^-2 = 1.500 arcmin^-2
Fitting aperture to hotspot...
Candidate: x_peak:       -0.765, y_peak:       -0.535, r_peak:        0.080, sig:        8.284, ra_peak:      182.045, dec_peak:        0.655
Characteristic density local = 5443.1 deg^-2 = 1.512 arcmin^-2
Fitting aperture to hotspot...
Candidate: x_peak:       -0.755, y_peak:       -0.545, r_peak:        0.080, sig:        7.647, ra_peak:      182.055, dec_peak:        0.645
Characteristic density local = 5285.9 deg^-2 = 1.468 arcmin^-2
Fitting aperture to hotspot...
Candidate: x_peak:       -0.385, y_peak:        0.705, r_peak:        0.030, sig:       17.839, ra_peak:      182.425, dec_peak:        1.895
Characteristic density local = 5968.3 deg^-2 = 1.658 arcmin^-2
Fitting aperture to hotspot...
Candidate: x_peak:       -0.105, y_peak:        1.105, r_peak:        0.050, sig:        4.835, ra_peak:      182.705, dec_peak:        2.295
Characteristic density local = 5888.7 deg^-2 = 1.636 arcmin^-2
Fitting aperture to hotspot...
Candidate: x_peak:       -0.095, y_peak:        1.115, r_peak:        0.050, sig:        3.710, ra_peak:      182.715, dec_peak:        2.305
Characteristic density local = 5512.7 deg^-2 = 1.531 arcmin^-2
Fitting aperture to hotspot...
Candidate: x_peak:        0.045, y_peak:       -0.995, r_peak:        0.020, sig:       11.609, ra_peak:      182.855, dec_peak:        0.195
Characteristic density local = 5789.3 deg^-2 = 1.608 arcmin^-2
Fitting aperture to hotspot...
Candidate: x_peak:        1.025, y_peak:        0.315, r_peak:        0.030, sig:        4.497, ra_peak:      183.835, dec_peak:        1.505
Distance = 125.9 kpc (m-M = 20.5)
735847 objects left after isochrone cut...
Characteristic density = 5200.0 deg^-2
Characteristic density local = 5246.1 deg^-2 = 1.457 arcmin^-2
Fitting aperture to hotspot...
Candidate: x_peak:       -0.775, y_peak:       -0.525, r_peak:        0.080, sig:        8.310, ra_peak:      182.035, dec_peak:        0.665
Characteristic density local = 5293.9 deg^-2 = 1.471 arcmin^-2
Fitting aperture to hotspot...
Candidate: x_peak:       -0.765, y_peak:       -0.535, r_peak:        0.080, sig:        8.282, ra_peak:      182.045, dec_peak:        0.655
Characteristic density local = 5337.7 deg^-2 = 1.483 arcmin^-2
Fitting aperture to hotspot...
Candidate: x_peak:       -0.755, y_peak:       -0.545, r_peak:        0.080, sig:        7.639, ra_peak:      182.055, dec_peak:        0.645
Characteristic density local = 5200.4 deg^-2 = 1.445 arcmin^-2
Fitting aperture to hotspot...
Candidate: x_peak:       -0.385, y_peak:        0.705, r_peak:        0.030, sig:       17.821, ra_peak:      182.425, dec_peak:        1.895
Characteristic density local = 5837.0 deg^-2 = 1.621 arcmin^-2
Fitting aperture to hotspot...
Candidate: x_peak:       -0.105, y_peak:        1.105, r_peak:        0.050, sig:        5.004, ra_peak:      182.705, dec_peak:        2.295
Characteristic density local = 5761.4 deg^-2 = 1.600 arcmin^-2
Fitting aperture to hotspot...
Candidate: x_peak:       -0.095, y_peak:        1.115, r_peak:        0.050, sig:        3.871, ra_peak:      182.715, dec_peak:        2.305
Characteristic density local = 5379.4 deg^-2 = 1.494 arcmin^-2
Fitting aperture to hotspot...
Candidate: x_peak:        0.045, y_peak:       -0.995, r_peak:        0.020, sig:       11.712, ra_peak:      182.855, dec_peak:        0.195
Characteristic density local = 5675.9 deg^-2 = 1.577 arcmin^-2
Fitting aperture to hotspot...
Candidate: x_peak:        1.025, y_peak:        0.315, r_peak:        0.020, sig:        4.120, ra_peak:      183.835, dec_peak:        1.505
Distance = 158.5 kpc (m-M = 21.0)
732225 objects left after isochrone cut...
Characteristic density = 5100.0 deg^-2
Characteristic density local = 5128.8 deg^-2 = 1.425 arcmin^-2
Fitting aperture to hotspot...
Candidate: x_peak:       -0.775, y_peak:       -0.525, r_peak:        0.080, sig:        8.414, ra_peak:      182.035, dec_peak:        0.665
Characteristic density local = 5180.5 deg^-2 = 1.439 arcmin^-2
Fitting aperture to hotspot...
Candidate: x_peak:       -0.765, y_peak:       -0.535, r_peak:        0.080, sig:        8.299, ra_peak:      182.045, dec_peak:        0.655
Characteristic density local = 5222.3 deg^-2 = 1.451 arcmin^-2
Fitting aperture to hotspot...
Candidate: x_peak:       -0.755, y_peak:       -0.545, r_peak:        0.080, sig:        7.575, ra_peak:      182.055, dec_peak:        0.645
Characteristic density local = 5051.2 deg^-2 = 1.403 arcmin^-2
Fitting aperture to hotspot...
Candidate: x_peak:       -0.385, y_peak:        0.705, r_peak:        0.030, sig:       18.001, ra_peak:      182.425, dec_peak:        1.895
Characteristic density local = 5250.1 deg^-2 = 1.458 arcmin^-2
Fitting aperture to hotspot...
Candidate: x_peak:        0.045, y_peak:       -0.995, r_peak:        0.020, sig:       11.813, ra_peak:      182.855, dec_peak:        0.195
Distance = 199.5 kpc (m-M = 21.5)
727928 objects left after isochrone cut...
Characteristic density = 5000.0 deg^-2
Characteristic density local = 4420.5 deg^-2 = 1.228 arcmin^-2
Fitting aperture to hotspot...
Candidate: x_peak:       -0.915, y_peak:        0.225, r_peak:        0.020, sig:        6.929, ra_peak:      181.895, dec_peak:        1.415
Characteristic density local = 4951.7 deg^-2 = 1.375 arcmin^-2
Fitting aperture to hotspot...
Candidate: x_peak:       -0.785, y_peak:       -0.515, r_peak:        0.080, sig:        8.179, ra_peak:      182.025, dec_peak:        0.675
Characteristic density local = 4951.7 deg^-2 = 1.375 arcmin^-2
Fitting aperture to hotspot...
Candidate: x_peak:       -0.775, y_peak:       -0.525, r_peak:        0.080, sig:        8.418, ra_peak:      182.035, dec_peak:        0.665
Characteristic density local = 5007.4 deg^-2 = 1.391 arcmin^-2
Fitting aperture to hotspot...
Candidate: x_peak:       -0.765, y_peak:       -0.535, r_peak:        0.080, sig:        8.451, ra_peak:      182.045, dec_peak:        0.655
Characteristic density local = 5055.2 deg^-2 = 1.404 arcmin^-2
Fitting aperture to hotspot...
Candidate: x_peak:       -0.755, y_peak:       -0.545, r_peak:        0.080, sig:        7.705, ra_peak:      182.055, dec_peak:        0.645
Characteristic density local = 4921.9 deg^-2 = 1.367 arcmin^-2
Fitting aperture to hotspot...
Candidate: x_peak:       -0.385, y_peak:        0.705, r_peak:        0.030, sig:       18.040, ra_peak:      182.425, dec_peak:        1.895
Characteristic density local = 5506.8 deg^-2 = 1.530 arcmin^-2
Fitting aperture to hotspot...
Candidate: x_peak:       -0.105, y_peak:        1.105, r_peak:        0.050, sig:        4.951, ra_peak:      182.705, dec_peak:        2.295
Characteristic density local = 5429.2 deg^-2 = 1.508 arcmin^-2
Fitting aperture to hotspot...
Candidate: x_peak:       -0.095, y_peak:        1.115, r_peak:        0.030, sig:        4.035, ra_peak:      182.715, dec_peak:        2.305
Characteristic density local = 5063.1 deg^-2 = 1.406 arcmin^-2
Fitting aperture to hotspot...
Candidate: x_peak:        0.045, y_peak:       -0.995, r_peak:        0.020, sig:       11.782, ra_peak:      182.855, dec_peak:        0.195
Distance = 251.2 kpc (m-M = 22.0)
722499 objects left after isochrone cut...
Characteristic density = 4800.0 deg^-2
Characteristic density local = 4329.0 deg^-2 = 1.203 arcmin^-2
Fitting aperture to hotspot...
Candidate: x_peak:       -0.915, y_peak:        0.225, r_peak:        0.020, sig:        6.999, ra_peak:      181.895, dec_peak:        1.415
Characteristic density local = 4760.7 deg^-2 = 1.322 arcmin^-2
Fitting aperture to hotspot...
Candidate: x_peak:       -0.785, y_peak:       -0.515, r_peak:        0.080, sig:        8.458, ra_peak:      182.025, dec_peak:        0.675
Characteristic density local = 4768.7 deg^-2 = 1.325 arcmin^-2
Fitting aperture to hotspot...
Candidate: x_peak:       -0.775, y_peak:       -0.525, r_peak:        0.080, sig:        8.681, ra_peak:      182.035, dec_peak:        0.665
Characteristic density local = 4820.4 deg^-2 = 1.339 arcmin^-2
Fitting aperture to hotspot...
Candidate: x_peak:       -0.765, y_peak:       -0.535, r_peak:        0.080, sig:        8.721, ra_peak:      182.045, dec_peak:        0.655
Characteristic density local = 4872.1 deg^-2 = 1.353 arcmin^-2
Fitting aperture to hotspot...
Candidate: x_peak:       -0.755, y_peak:       -0.545, r_peak:        0.080, sig:        7.958, ra_peak:      182.055, dec_peak:        0.645
Characteristic density local = 4772.7 deg^-2 = 1.326 arcmin^-2
Fitting aperture to hotspot...
Candidate: x_peak:       -0.385, y_peak:        0.705, r_peak:        0.030, sig:       18.107, ra_peak:      182.425, dec_peak:        1.895
Characteristic density local = 5333.7 deg^-2 = 1.482 arcmin^-2
Fitting aperture to hotspot...
Candidate: x_peak:       -0.105, y_peak:        1.105, r_peak:        0.050, sig:        5.061, ra_peak:      182.705, dec_peak:        2.295
Characteristic density local = 5244.2 deg^-2 = 1.457 arcmin^-2
Fitting aperture to hotspot...
Candidate: x_peak:       -0.095, y_peak:        1.115, r_peak:        0.030, sig:        4.192, ra_peak:      182.715, dec_peak:        2.305
Characteristic density local = 4874.1 deg^-2 = 1.354 arcmin^-2
Fitting aperture to hotspot...
Candidate: x_peak:        0.045, y_peak:       -0.995, r_peak:        0.020, sig:       11.937, ra_peak:      182.855, dec_peak:        0.195
Distance = 316.2 kpc (m-M = 22.5)
715744 objects left after isochrone cut...
Characteristic density = 4600.0 deg^-2
Characteristic density local = 4153.9 deg^-2 = 1.154 arcmin^-2
Fitting aperture to hotspot...
Candidate: x_peak:       -0.915, y_peak:        0.225, r_peak:        0.020, sig:        7.136, ra_peak:      181.895, dec_peak:        1.415
Characteristic density local = 4559.8 deg^-2 = 1.267 arcmin^-2
Fitting aperture to hotspot...
Candidate: x_peak:       -0.785, y_peak:       -0.515, r_peak:        0.080, sig:        8.443, ra_peak:      182.025, dec_peak:        0.675
Characteristic density local = 4563.8 deg^-2 = 1.268 arcmin^-2
Fitting aperture to hotspot...
Candidate: x_peak:       -0.775, y_peak:       -0.525, r_peak:        0.080, sig:        8.516, ra_peak:      182.035, dec_peak:        0.665
Characteristic density local = 4609.5 deg^-2 = 1.280 arcmin^-2
Fitting aperture to hotspot...
Candidate: x_peak:       -0.765, y_peak:       -0.535, r_peak:        0.080, sig:        8.570, ra_peak:      182.045, dec_peak:        0.655
Characteristic density local = 4657.3 deg^-2 = 1.294 arcmin^-2
Fitting aperture to hotspot...
Candidate: x_peak:       -0.755, y_peak:       -0.545, r_peak:        0.080, sig:        7.882, ra_peak:      182.055, dec_peak:        0.645
Characteristic density local = 4504.1 deg^-2 = 1.251 arcmin^-2
Fitting aperture to hotspot...
Candidate: x_peak:       -0.385, y_peak:        0.705, r_peak:        0.030, sig:       18.334, ra_peak:      182.425, dec_peak:        1.895
Characteristic density local = 4991.5 deg^-2 = 1.387 arcmin^-2
Fitting aperture to hotspot...
Candidate: x_peak:       -0.095, y_peak:        1.115, r_peak:        0.030, sig:        4.413, ra_peak:      182.715, dec_peak:        2.305
Characteristic density local = 4633.4 deg^-2 = 1.287 arcmin^-2
Fitting aperture to hotspot...
Candidate: x_peak:        0.045, y_peak:       -0.995, r_peak:        0.020, sig:       12.143, ra_peak:      182.855, dec_peak:        0.195
Distance = 398.1 kpc (m-M = 23.0)
706843 objects left after isochrone cut...
Characteristic density = 4300.0 deg^-2
Characteristic density local = 3915.2 deg^-2 = 1.088 arcmin^-2
Fitting aperture to hotspot...
Candidate: x_peak:       -0.915, y_peak:        0.235, r_peak:        0.020, sig:        7.330, ra_peak:      181.895, dec_peak:        1.425
Characteristic density local = 4271.3 deg^-2 = 1.186 arcmin^-2
Fitting aperture to hotspot...
Candidate: x_peak:       -0.785, y_peak:       -0.515, r_peak:        0.080, sig:        8.731, ra_peak:      182.025, dec_peak:        0.675
Characteristic density local = 4273.3 deg^-2 = 1.187 arcmin^-2
Fitting aperture to hotspot...
Candidate: x_peak:       -0.775, y_peak:       -0.525, r_peak:        0.080, sig:        8.642, ra_peak:      182.035, dec_peak:        0.665
Characteristic density local = 4311.1 deg^-2 = 1.198 arcmin^-2
Fitting aperture to hotspot...
Candidate: x_peak:       -0.765, y_peak:       -0.535, r_peak:        0.080, sig:        8.800, ra_peak:      182.045, dec_peak:        0.655
Characteristic density local = 4356.9 deg^-2 = 1.210 arcmin^-2
Fitting aperture to hotspot...
Candidate: x_peak:       -0.755, y_peak:       -0.545, r_peak:        0.080, sig:        8.099, ra_peak:      182.055, dec_peak:        0.645
Characteristic density local = 4199.7 deg^-2 = 1.167 arcmin^-2
Fitting aperture to hotspot...
Candidate: x_peak:       -0.385, y_peak:        0.705, r_peak:        0.030, sig:       18.501, ra_peak:      182.425, dec_peak:        1.895
Characteristic density local = 4677.2 deg^-2 = 1.299 arcmin^-2
Fitting aperture to hotspot...
Candidate: x_peak:       -0.095, y_peak:        1.115, r_peak:        0.030, sig:        4.699, ra_peak:      182.715, dec_peak:        2.305
Characteristic density local = 4398.6 deg^-2 = 1.222 arcmin^-2
Fitting aperture to hotspot...
Candidate: x_peak:        0.045, y_peak:       -0.995, r_peak:        0.020, sig:       12.351, ra_peak:      182.855, dec_peak:        0.195
18.50 sigma; (RA, Dec, d) = (182.42, 1.89); r = 0.03 deg; d = 398.1, mu = 23.00 mag), mc_source_id: 0.00
12.35 sigma; (RA, Dec, d) = (182.85, 0.19); r = 0.02 deg; d = 398.1, mu = 23.00 mag), mc_source_id: 0.00
8.80 sigma; (RA, Dec, d) = (182.04, 0.65); r = 0.08 deg; d = 398.1, mu = 23.00 mag), mc_source_id: 0.00
7.33 sigma; (RA, Dec, d) = (181.89, 1.42); r = 0.02 deg; d = 398.1, mu = 23.00 mag), mc_source_id: 0.00
5.06 sigma; (RA, Dec, d) = (182.70, 2.30); r = 0.05 deg; d = 251.2, mu = 22.00 mag), mc_source_id: 0.00
4.50 sigma; (RA, Dec, d) = (183.84, 1.50); r = 0.03 deg; d = 100.0, mu = 20.00 mag), mc_source_id: 0.00
4.36 sigma; (RA, Dec, d) = (182.46, 0.96); r = 0.04 deg; d = 50.1, mu = 18.50 mag), mc_source_id: 0.00

------------------------------------------------------------
Job <680865.0> was submitted from <des51.fnal.gov> by user <tavangar>.
Job was executed on host <des40.fnal.gov> as user <tavangar>.
</var/lib/condor/execute/dir_2013289> was used as the initial working directory.
Results reported at Wed Jun  5 11:57:50 CDT 2019

Your job looked like:

------------------------------------------------------------
python /home/s1/tavangar/tavangar_simple/search_algorithm.py 182.81 1.19 0.00 /home/s1/tavangar/tavangar_simple/decals_dr7_results/results_nside_32_6017.csv /home/s1/tavangar/tavangar_simple/decals_dr7_results/decals_dr7_log/results_nside_32_6017.log
------------------------------------------------------------

Successfully completed.

Resource usage summary:

	Real time :			212.59 sec.
	CPU time :			6.39 sec.
	CPU percentage :		79%
	Max Memory :			6184912 KB
	Average Memory :		0 KB

The output (if any) is above this job summary.
