/home/s1/tavangar/tavangar_simple/simple_utils.py:170: FutureWarning: elementwise comparison failed; returning scalar instead, but in the future will perform elementwise comparison
  if np.all(isochrone.stage == 'Main'):
Search coordinates: (RA, Dec) = (171.56, -1.19)
Center healpixel: 6269
Healpixels: [6269 6396 6268 6140 6013 6141 6270 6397 6525]
MC_SOURCE_ID = 0.0
mode = 0: running only on real data
Found 1 objects...
Applying cuts...
894923 star-like objects in ROI...
1137142 galaxy-like objects in ROI...
No fracdet map specified ...
Distance = 15.8 kpc (m-M = 16.0)
894901 objects left after isochrone cut...
Characteristic density = 4400.0 deg^-2
Characteristic density local = 4348.9 deg^-2 = 1.208 arcmin^-2
Fitting aperture to hotspot...
Candidate: x_peak:       -0.295, y_peak:        0.005, r_peak:        0.120, sig:        5.048, ra_peak:      171.265, dec_peak:       -1.185
Characteristic density local = 5317.8 deg^-2 = 1.477 arcmin^-2
Fitting aperture to hotspot...
Candidate: x_peak:       -0.165, y_peak:        0.425, r_peak:        0.020, sig:        9.297, ra_peak:      171.395, dec_peak:       -0.765
Characteristic density local = 4601.6 deg^-2 = 1.278 arcmin^-2
Fitting aperture to hotspot...
Candidate: x_peak:       -0.065, y_peak:        0.115, r_peak:        0.020, sig:       11.610, ra_peak:      171.495, dec_peak:       -1.075
Characteristic density local = 4472.3 deg^-2 = 1.242 arcmin^-2
Fitting aperture to hotspot...
Candidate: x_peak:        0.415, y_peak:       -0.515, r_peak:        0.030, sig:       27.293, ra_peak:      171.975, dec_peak:       -1.705
Characteristic density local = 4911.9 deg^-2 = 1.364 arcmin^-2
Fitting aperture to hotspot...
Candidate: x_peak:        0.455, y_peak:        0.295, r_peak:        0.020, sig:       16.780, ra_peak:      172.015, dec_peak:       -0.895
Characteristic density local = 4082.3 deg^-2 = 1.134 arcmin^-2
Fitting aperture to hotspot...
Candidate: x_peak:        0.435, y_peak:       -0.735, r_peak:        0.020, sig:        7.667, ra_peak:      171.995, dec_peak:       -1.925
Characteristic density local = 4754.8 deg^-2 = 1.321 arcmin^-2
Fitting aperture to hotspot...
Candidate: x_peak:        0.785, y_peak:        0.335, r_peak:        0.030, sig:       10.661, ra_peak:      172.345, dec_peak:       -0.855
Distance = 20.0 kpc (m-M = 16.5)
894911 objects left after isochrone cut...
Characteristic density = 4400.0 deg^-2
Characteristic density local = 4348.9 deg^-2 = 1.208 arcmin^-2
Fitting aperture to hotspot...
Candidate: x_peak:       -0.295, y_peak:        0.005, r_peak:        0.120, sig:        5.048, ra_peak:      171.265, dec_peak:       -1.185
Characteristic density local = 5317.8 deg^-2 = 1.477 arcmin^-2
Fitting aperture to hotspot...
Candidate: x_peak:       -0.165, y_peak:        0.425, r_peak:        0.020, sig:        9.297, ra_peak:      171.395, dec_peak:       -0.765
Characteristic density local = 4601.6 deg^-2 = 1.278 arcmin^-2
Fitting aperture to hotspot...
Candidate: x_peak:       -0.065, y_peak:        0.115, r_peak:        0.020, sig:       11.610, ra_peak:      171.495, dec_peak:       -1.075
Characteristic density local = 4472.3 deg^-2 = 1.242 arcmin^-2
Fitting aperture to hotspot...
Candidate: x_peak:        0.415, y_peak:       -0.515, r_peak:        0.030, sig:       27.293, ra_peak:      171.975, dec_peak:       -1.705
Characteristic density local = 4911.9 deg^-2 = 1.364 arcmin^-2
Fitting aperture to hotspot...
Candidate: x_peak:        0.455, y_peak:        0.295, r_peak:        0.020, sig:       16.780, ra_peak:      172.015, dec_peak:       -0.895
Characteristic density local = 4082.3 deg^-2 = 1.134 arcmin^-2
Fitting aperture to hotspot...
Candidate: x_peak:        0.435, y_peak:       -0.735, r_peak:        0.020, sig:        7.667, ra_peak:      171.995, dec_peak:       -1.925
Characteristic density local = 4754.8 deg^-2 = 1.321 arcmin^-2
Fitting aperture to hotspot...
Candidate: x_peak:        0.785, y_peak:        0.335, r_peak:        0.030, sig:       10.661, ra_peak:      172.345, dec_peak:       -0.855
Distance = 25.1 kpc (m-M = 17.0)
894919 objects left after isochrone cut...
Characteristic density = 4400.0 deg^-2
Characteristic density local = 4348.9 deg^-2 = 1.208 arcmin^-2
Fitting aperture to hotspot...
Candidate: x_peak:       -0.295, y_peak:        0.005, r_peak:        0.120, sig:        5.048, ra_peak:      171.265, dec_peak:       -1.185
Characteristic density local = 5317.8 deg^-2 = 1.477 arcmin^-2
Fitting aperture to hotspot...
Candidate: x_peak:       -0.165, y_peak:        0.425, r_peak:        0.020, sig:        9.297, ra_peak:      171.395, dec_peak:       -0.765
Characteristic density local = 4601.6 deg^-2 = 1.278 arcmin^-2
Fitting aperture to hotspot...
Candidate: x_peak:       -0.065, y_peak:        0.115, r_peak:        0.020, sig:       11.610, ra_peak:      171.495, dec_peak:       -1.075
Characteristic density local = 4472.3 deg^-2 = 1.242 arcmin^-2
Fitting aperture to hotspot...
Candidate: x_peak:        0.415, y_peak:       -0.515, r_peak:        0.030, sig:       27.293, ra_peak:      171.975, dec_peak:       -1.705
Characteristic density local = 4911.9 deg^-2 = 1.364 arcmin^-2
Fitting aperture to hotspot...
Candidate: x_peak:        0.455, y_peak:        0.295, r_peak:        0.020, sig:       16.780, ra_peak:      172.015, dec_peak:       -0.895
Characteristic density local = 4082.3 deg^-2 = 1.134 arcmin^-2
Fitting aperture to hotspot...
Candidate: x_peak:        0.435, y_peak:       -0.735, r_peak:        0.020, sig:        7.667, ra_peak:      171.995, dec_peak:       -1.925
Characteristic density local = 4754.8 deg^-2 = 1.321 arcmin^-2
Fitting aperture to hotspot...
Candidate: x_peak:        0.785, y_peak:        0.335, r_peak:        0.030, sig:       10.661, ra_peak:      172.345, dec_peak:       -0.855
Distance = 31.6 kpc (m-M = 17.5)
894920 objects left after isochrone cut...
Characteristic density = 4400.0 deg^-2
Characteristic density local = 4348.9 deg^-2 = 1.208 arcmin^-2
Fitting aperture to hotspot...
Candidate: x_peak:       -0.295, y_peak:        0.005, r_peak:        0.120, sig:        5.048, ra_peak:      171.265, dec_peak:       -1.185
Characteristic density local = 5317.8 deg^-2 = 1.477 arcmin^-2
Fitting aperture to hotspot...
Candidate: x_peak:       -0.165, y_peak:        0.425, r_peak:        0.020, sig:        9.297, ra_peak:      171.395, dec_peak:       -0.765
Characteristic density local = 4601.6 deg^-2 = 1.278 arcmin^-2
Fitting aperture to hotspot...
Candidate: x_peak:       -0.065, y_peak:        0.115, r_peak:        0.020, sig:       11.610, ra_peak:      171.495, dec_peak:       -1.075
Characteristic density local = 4472.3 deg^-2 = 1.242 arcmin^-2
Fitting aperture to hotspot...
Candidate: x_peak:        0.415, y_peak:       -0.515, r_peak:        0.030, sig:       27.293, ra_peak:      171.975, dec_peak:       -1.705
Characteristic density local = 4911.9 deg^-2 = 1.364 arcmin^-2
Fitting aperture to hotspot...
Candidate: x_peak:        0.455, y_peak:        0.295, r_peak:        0.020, sig:       16.780, ra_peak:      172.015, dec_peak:       -0.895
Characteristic density local = 4082.3 deg^-2 = 1.134 arcmin^-2
Fitting aperture to hotspot...
Candidate: x_peak:        0.435, y_peak:       -0.735, r_peak:        0.020, sig:        7.667, ra_peak:      171.995, dec_peak:       -1.925
Characteristic density local = 4754.8 deg^-2 = 1.321 arcmin^-2
Fitting aperture to hotspot...
Candidate: x_peak:        0.785, y_peak:        0.335, r_peak:        0.030, sig:       10.661, ra_peak:      172.345, dec_peak:       -0.855
Distance = 39.8 kpc (m-M = 18.0)
894890 objects left after isochrone cut...
Characteristic density = 4400.0 deg^-2
Characteristic density local = 4348.9 deg^-2 = 1.208 arcmin^-2
Fitting aperture to hotspot...
Candidate: x_peak:       -0.295, y_peak:        0.005, r_peak:        0.120, sig:        5.048, ra_peak:      171.265, dec_peak:       -1.185
Characteristic density local = 5315.8 deg^-2 = 1.477 arcmin^-2
Fitting aperture to hotspot...
Candidate: x_peak:       -0.165, y_peak:        0.425, r_peak:        0.020, sig:        9.298, ra_peak:      171.395, dec_peak:       -0.765
Characteristic density local = 4599.6 deg^-2 = 1.278 arcmin^-2
Fitting aperture to hotspot...
Candidate: x_peak:       -0.065, y_peak:        0.115, r_peak:        0.020, sig:       11.612, ra_peak:      171.495, dec_peak:       -1.075
Characteristic density local = 4462.3 deg^-2 = 1.240 arcmin^-2
Fitting aperture to hotspot...
Candidate: x_peak:        0.415, y_peak:       -0.515, r_peak:        0.030, sig:       27.308, ra_peak:      171.975, dec_peak:       -1.705
Characteristic density local = 4906.0 deg^-2 = 1.363 arcmin^-2
Fitting aperture to hotspot...
Candidate: x_peak:        0.455, y_peak:        0.295, r_peak:        0.020, sig:       16.786, ra_peak:      172.015, dec_peak:       -0.895
Characteristic density local = 4078.3 deg^-2 = 1.133 arcmin^-2
Fitting aperture to hotspot...
Candidate: x_peak:        0.435, y_peak:       -0.735, r_peak:        0.020, sig:        7.670, ra_peak:      171.995, dec_peak:       -1.925
Characteristic density local = 4748.8 deg^-2 = 1.319 arcmin^-2
Fitting aperture to hotspot...
Candidate: x_peak:        0.785, y_peak:        0.335, r_peak:        0.030, sig:       10.668, ra_peak:      172.345, dec_peak:       -0.855
Distance = 50.1 kpc (m-M = 18.5)
894482 objects left after isochrone cut...
Characteristic density = 4400.0 deg^-2
Characteristic density local = 5289.9 deg^-2 = 1.469 arcmin^-2
Fitting aperture to hotspot...
Candidate: x_peak:       -0.165, y_peak:        0.425, r_peak:        0.020, sig:        9.116, ra_peak:      171.395, dec_peak:       -0.765
Characteristic density local = 4577.7 deg^-2 = 1.272 arcmin^-2
Fitting aperture to hotspot...
Candidate: x_peak:       -0.065, y_peak:        0.115, r_peak:        0.020, sig:       11.631, ra_peak:      171.495, dec_peak:       -1.075
Characteristic density local = 4442.4 deg^-2 = 1.234 arcmin^-2
Fitting aperture to hotspot...
Candidate: x_peak:        0.415, y_peak:       -0.515, r_peak:        0.030, sig:       27.339, ra_peak:      171.975, dec_peak:       -1.705
Characteristic density local = 4880.1 deg^-2 = 1.356 arcmin^-2
Fitting aperture to hotspot...
Candidate: x_peak:        0.455, y_peak:        0.295, r_peak:        0.020, sig:       16.810, ra_peak:      172.015, dec_peak:       -0.895
Characteristic density local = 4058.5 deg^-2 = 1.127 arcmin^-2
Fitting aperture to hotspot...
Candidate: x_peak:        0.435, y_peak:       -0.735, r_peak:        0.020, sig:        7.686, ra_peak:      171.995, dec_peak:       -1.925
Characteristic density local = 4730.9 deg^-2 = 1.314 arcmin^-2
Fitting aperture to hotspot...
Candidate: x_peak:        0.785, y_peak:        0.335, r_peak:        0.030, sig:       10.687, ra_peak:      172.345, dec_peak:       -0.855
Distance = 63.1 kpc (m-M = 19.0)
893717 objects left after isochrone cut...
Characteristic density = 4400.0 deg^-2
Characteristic density local = 5234.2 deg^-2 = 1.454 arcmin^-2
Fitting aperture to hotspot...
Candidate: x_peak:       -0.165, y_peak:        0.425, r_peak:        0.020, sig:        9.157, ra_peak:      171.395, dec_peak:       -0.765
Characteristic density local = 4528.0 deg^-2 = 1.258 arcmin^-2
Fitting aperture to hotspot...
Candidate: x_peak:       -0.065, y_peak:        0.115, r_peak:        0.020, sig:       11.674, ra_peak:      171.495, dec_peak:       -1.075
Characteristic density local = 4406.6 deg^-2 = 1.224 arcmin^-2
Fitting aperture to hotspot...
Candidate: x_peak:        0.415, y_peak:       -0.515, r_peak:        0.030, sig:       27.396, ra_peak:      171.975, dec_peak:       -1.705
Characteristic density local = 4844.3 deg^-2 = 1.346 arcmin^-2
Fitting aperture to hotspot...
Candidate: x_peak:        0.455, y_peak:        0.295, r_peak:        0.020, sig:       16.844, ra_peak:      172.015, dec_peak:       -0.895
Characteristic density local = 4046.5 deg^-2 = 1.124 arcmin^-2
Fitting aperture to hotspot...
Candidate: x_peak:        0.435, y_peak:       -0.735, r_peak:        0.020, sig:        7.696, ra_peak:      171.995, dec_peak:       -1.925
Characteristic density local = 4713.0 deg^-2 = 1.309 arcmin^-2
Fitting aperture to hotspot...
Candidate: x_peak:        0.785, y_peak:        0.335, r_peak:        0.030, sig:       10.707, ra_peak:      172.345, dec_peak:       -0.855
Distance = 79.4 kpc (m-M = 19.5)
892685 objects left after isochrone cut...
Characteristic density = 4300.0 deg^-2
Characteristic density local = 5182.5 deg^-2 = 1.440 arcmin^-2
Fitting aperture to hotspot...
Candidate: x_peak:       -0.165, y_peak:        0.425, r_peak:        0.020, sig:        8.992, ra_peak:      171.395, dec_peak:       -0.765
Characteristic density local = 4468.3 deg^-2 = 1.241 arcmin^-2
Fitting aperture to hotspot...
Candidate: x_peak:       -0.065, y_peak:        0.115, r_peak:        0.020, sig:       11.726, ra_peak:      171.495, dec_peak:       -1.075
Characteristic density local = 4838.3 deg^-2 = 1.344 arcmin^-2
Fitting aperture to hotspot...
Candidate: x_peak:        0.255, y_peak:        0.505, r_peak:        0.050, sig:        4.333, ra_peak:      171.815, dec_peak:       -0.685
Characteristic density local = 4360.8 deg^-2 = 1.211 arcmin^-2
Fitting aperture to hotspot...
Candidate: x_peak:        0.415, y_peak:       -0.515, r_peak:        0.030, sig:       27.468, ra_peak:      171.975, dec_peak:       -1.705
Characteristic density local = 4802.5 deg^-2 = 1.334 arcmin^-2
Fitting aperture to hotspot...
Candidate: x_peak:        0.455, y_peak:        0.295, r_peak:        0.020, sig:       16.884, ra_peak:      172.015, dec_peak:       -0.895
Characteristic density local = 4018.7 deg^-2 = 1.116 arcmin^-2
Fitting aperture to hotspot...
Candidate: x_peak:        0.435, y_peak:       -0.735, r_peak:        0.020, sig:        7.719, ra_peak:      171.995, dec_peak:       -1.925
Characteristic density local = 4685.1 deg^-2 = 1.301 arcmin^-2
Fitting aperture to hotspot...
Candidate: x_peak:        0.785, y_peak:        0.335, r_peak:        0.030, sig:       10.738, ra_peak:      172.345, dec_peak:       -0.855
Distance = 100.0 kpc (m-M = 20.0)
891475 objects left after isochrone cut...
Characteristic density = 4300.0 deg^-2
Characteristic density local = 5100.9 deg^-2 = 1.417 arcmin^-2
Fitting aperture to hotspot...
Candidate: x_peak:       -0.165, y_peak:        0.425, r_peak:        0.020, sig:        8.847, ra_peak:      171.395, dec_peak:       -0.765
Characteristic density local = 4390.7 deg^-2 = 1.220 arcmin^-2
Fitting aperture to hotspot...
Candidate: x_peak:       -0.065, y_peak:        0.115, r_peak:        0.020, sig:       11.795, ra_peak:      171.495, dec_peak:       -1.075
Characteristic density local = 4784.6 deg^-2 = 1.329 arcmin^-2
Fitting aperture to hotspot...
Candidate: x_peak:        0.255, y_peak:        0.505, r_peak:        0.050, sig:        4.409, ra_peak:      171.815, dec_peak:       -0.685
Characteristic density local = 4305.1 deg^-2 = 1.196 arcmin^-2
Fitting aperture to hotspot...
Candidate: x_peak:        0.415, y_peak:       -0.515, r_peak:        0.030, sig:       27.557, ra_peak:      171.975, dec_peak:       -1.705
Characteristic density local = 4709.0 deg^-2 = 1.308 arcmin^-2
Fitting aperture to hotspot...
Candidate: x_peak:        0.455, y_peak:        0.285, r_peak:        0.030, sig:       15.523, ra_peak:      172.015, dec_peak:       -0.905
Characteristic density local = 3984.8 deg^-2 = 1.107 arcmin^-2
Fitting aperture to hotspot...
Candidate: x_peak:        0.435, y_peak:       -0.735, r_peak:        0.020, sig:        7.747, ra_peak:      171.995, dec_peak:       -1.925
Characteristic density local = 4645.3 deg^-2 = 1.290 arcmin^-2
Fitting aperture to hotspot...
Candidate: x_peak:        0.785, y_peak:        0.335, r_peak:        0.030, sig:       10.782, ra_peak:      172.345, dec_peak:       -0.855
Distance = 125.9 kpc (m-M = 20.5)
889860 objects left after isochrone cut...
Characteristic density = 4200.0 deg^-2
Characteristic density local = 4987.5 deg^-2 = 1.385 arcmin^-2
Fitting aperture to hotspot...
Candidate: x_peak:       -0.165, y_peak:        0.425, r_peak:        0.020, sig:        8.932, ra_peak:      171.395, dec_peak:       -0.765
Characteristic density local = 4321.1 deg^-2 = 1.200 arcmin^-2
Fitting aperture to hotspot...
Candidate: x_peak:       -0.065, y_peak:        0.115, r_peak:        0.020, sig:       11.858, ra_peak:      171.495, dec_peak:       -1.075
Characteristic density local = 4730.9 deg^-2 = 1.314 arcmin^-2
Fitting aperture to hotspot...
Candidate: x_peak:        0.255, y_peak:        0.505, r_peak:        0.050, sig:        4.486, ra_peak:      171.815, dec_peak:       -0.685
Characteristic density local = 4237.5 deg^-2 = 1.177 arcmin^-2
Fitting aperture to hotspot...
Candidate: x_peak:        0.415, y_peak:       -0.515, r_peak:        0.030, sig:       27.667, ra_peak:      171.975, dec_peak:       -1.705
Characteristic density local = 4675.2 deg^-2 = 1.299 arcmin^-2
Fitting aperture to hotspot...
Candidate: x_peak:        0.455, y_peak:        0.295, r_peak:        0.020, sig:       17.008, ra_peak:      172.015, dec_peak:       -0.895
Characteristic density local = 3941.1 deg^-2 = 1.095 arcmin^-2
Fitting aperture to hotspot...
Candidate: x_peak:        0.435, y_peak:       -0.735, r_peak:        0.020, sig:        7.784, ra_peak:      171.995, dec_peak:       -1.925
Characteristic density local = 4583.7 deg^-2 = 1.273 arcmin^-2
Fitting aperture to hotspot...
Candidate: x_peak:        0.785, y_peak:        0.335, r_peak:        0.030, sig:       10.850, ra_peak:      172.345, dec_peak:       -0.855
Distance = 158.5 kpc (m-M = 21.0)
887813 objects left after isochrone cut...
Characteristic density = 4200.0 deg^-2
Characteristic density local = 4084.3 deg^-2 = 1.135 arcmin^-2
Fitting aperture to hotspot...
Candidate: x_peak:       -0.295, y_peak:        0.005, r_peak:        0.060, sig:        4.584, ra_peak:      171.265, dec_peak:       -1.185
Characteristic density local = 4862.2 deg^-2 = 1.351 arcmin^-2
Fitting aperture to hotspot...
Candidate: x_peak:       -0.165, y_peak:        0.425, r_peak:        0.020, sig:        9.027, ra_peak:      171.395, dec_peak:       -0.765
Characteristic density local = 4207.7 deg^-2 = 1.169 arcmin^-2
Fitting aperture to hotspot...
Candidate: x_peak:       -0.065, y_peak:        0.115, r_peak:        0.020, sig:       11.961, ra_peak:      171.495, dec_peak:       -1.075
Characteristic density local = 4573.7 deg^-2 = 1.270 arcmin^-2
Fitting aperture to hotspot...
Candidate: x_peak:        0.265, y_peak:        0.505, r_peak:        0.050, sig:        4.849, ra_peak:      171.825, dec_peak:       -0.685
Characteristic density local = 4150.0 deg^-2 = 1.153 arcmin^-2
Fitting aperture to hotspot...
Candidate: x_peak:        0.415, y_peak:       -0.515, r_peak:        0.030, sig:       27.810, ra_peak:      171.975, dec_peak:       -1.705
Characteristic density local = 4585.7 deg^-2 = 1.274 arcmin^-2
Fitting aperture to hotspot...
Candidate: x_peak:        0.455, y_peak:        0.295, r_peak:        0.020, sig:       17.096, ra_peak:      172.015, dec_peak:       -0.895
Characteristic density local = 3869.5 deg^-2 = 1.075 arcmin^-2
Fitting aperture to hotspot...
Candidate: x_peak:        0.435, y_peak:       -0.735, r_peak:        0.020, sig:        7.845, ra_peak:      171.995, dec_peak:       -1.925
Characteristic density local = 4528.0 deg^-2 = 1.258 arcmin^-2
Fitting aperture to hotspot...
Candidate: x_peak:        0.785, y_peak:        0.335, r_peak:        0.030, sig:       10.913, ra_peak:      172.345, dec_peak:       -0.855
Characteristic density local = 4699.0 deg^-2 = 1.305 arcmin^-2
Fitting aperture to hotspot...
Candidate: x_peak:        0.755, y_peak:       -0.055, r_peak:        0.030, sig:        3.656, ra_peak:      172.315, dec_peak:       -1.245
Distance = 199.5 kpc (m-M = 21.5)
884887 objects left after isochrone cut...
Characteristic density = 4100.0 deg^-2
Characteristic density local = 4754.8 deg^-2 = 1.321 arcmin^-2
Fitting aperture to hotspot...
Candidate: x_peak:       -0.165, y_peak:        0.425, r_peak:        0.020, sig:        9.110, ra_peak:      171.395, dec_peak:       -0.765
Characteristic density local = 4100.2 deg^-2 = 1.139 arcmin^-2
Fitting aperture to hotspot...
Candidate: x_peak:       -0.065, y_peak:        0.115, r_peak:        0.020, sig:       12.062, ra_peak:      171.495, dec_peak:       -1.075
Characteristic density local = 4052.5 deg^-2 = 1.126 arcmin^-2
Fitting aperture to hotspot...
Candidate: x_peak:        0.415, y_peak:       -0.515, r_peak:        0.030, sig:       27.973, ra_peak:      171.975, dec_peak:       -1.705
Characteristic density local = 4466.3 deg^-2 = 1.241 arcmin^-2
Fitting aperture to hotspot...
Candidate: x_peak:        0.455, y_peak:        0.295, r_peak:        0.020, sig:       17.216, ra_peak:      172.015, dec_peak:       -0.895
Characteristic density local = 3793.9 deg^-2 = 1.054 arcmin^-2
Fitting aperture to hotspot...
Candidate: x_peak:        0.435, y_peak:       -0.735, r_peak:        0.020, sig:        7.910, ra_peak:      171.995, dec_peak:       -1.925
Characteristic density local = 4414.6 deg^-2 = 1.226 arcmin^-2
Fitting aperture to hotspot...
Candidate: x_peak:        0.785, y_peak:        0.335, r_peak:        0.030, sig:       10.888, ra_peak:      172.345, dec_peak:       -0.855
Distance = 251.2 kpc (m-M = 22.0)
880089 objects left after isochrone cut...
Characteristic density = 3900.0 deg^-2
Characteristic density local = 3837.6 deg^-2 = 1.066 arcmin^-2
Fitting aperture to hotspot...
Candidate: x_peak:       -0.295, y_peak:        0.005, r_peak:        0.060, sig:        4.302, ra_peak:      171.265, dec_peak:       -1.185
Characteristic density local = 4535.9 deg^-2 = 1.260 arcmin^-2
Fitting aperture to hotspot...
Candidate: x_peak:       -0.165, y_peak:        0.425, r_peak:        0.020, sig:        9.284, ra_peak:      171.395, dec_peak:       -0.765
Characteristic density local = 3929.1 deg^-2 = 1.091 arcmin^-2
Fitting aperture to hotspot...
Candidate: x_peak:       -0.065, y_peak:        0.115, r_peak:        0.020, sig:       11.838, ra_peak:      171.495, dec_peak:       -1.075
Characteristic density local = 4231.5 deg^-2 = 1.175 arcmin^-2
Fitting aperture to hotspot...
Candidate: x_peak:        0.265, y_peak:        0.505, r_peak:        0.050, sig:        4.544, ra_peak:      171.825, dec_peak:       -0.685
Characteristic density local = 3895.3 deg^-2 = 1.082 arcmin^-2
Fitting aperture to hotspot...
Candidate: x_peak:        0.415, y_peak:       -0.515, r_peak:        0.030, sig:       28.243, ra_peak:      171.975, dec_peak:       -1.705
Characteristic density local = 4207.7 deg^-2 = 1.169 arcmin^-2
Fitting aperture to hotspot...
Candidate: x_peak:        0.455, y_peak:        0.285, r_peak:        0.030, sig:       15.761, ra_peak:      172.015, dec_peak:       -0.905
Characteristic density local = 3662.6 deg^-2 = 1.017 arcmin^-2
Fitting aperture to hotspot...
Candidate: x_peak:        0.435, y_peak:       -0.735, r_peak:        0.020, sig:        8.025, ra_peak:      171.995, dec_peak:       -1.925
Characteristic density local = 4225.6 deg^-2 = 1.174 arcmin^-2
Fitting aperture to hotspot...
Candidate: x_peak:        0.785, y_peak:        0.335, r_peak:        0.030, sig:       10.795, ra_peak:      172.345, dec_peak:       -0.855
Distance = 316.2 kpc (m-M = 22.5)
873414 objects left after isochrone cut...
Characteristic density = 3700.0 deg^-2
Characteristic density local = 3917.2 deg^-2 = 1.088 arcmin^-2
Fitting aperture to hotspot...
Candidate: x_peak:       -1.145, y_peak:        0.185, r_peak:        0.040, sig:        3.777, ra_peak:      170.415, dec_peak:       -1.005
Characteristic density local = 4305.1 deg^-2 = 1.196 arcmin^-2
Fitting aperture to hotspot...
Candidate: x_peak:       -0.165, y_peak:        0.425, r_peak:        0.020, sig:        9.263, ra_peak:      171.395, dec_peak:       -0.765
Characteristic density local = 3670.5 deg^-2 = 1.020 arcmin^-2
Fitting aperture to hotspot...
Candidate: x_peak:       -0.065, y_peak:        0.115, r_peak:        0.020, sig:       11.897, ra_peak:      171.495, dec_peak:       -1.075
Characteristic density local = 3994.8 deg^-2 = 1.110 arcmin^-2
Fitting aperture to hotspot...
Candidate: x_peak:        0.265, y_peak:        0.505, r_peak:        0.050, sig:        4.773, ra_peak:      171.825, dec_peak:       -0.685
Characteristic density local = 3628.7 deg^-2 = 1.008 arcmin^-2
Fitting aperture to hotspot...
Candidate: x_peak:        0.415, y_peak:       -0.515, r_peak:        0.030, sig:       28.617, ra_peak:      171.975, dec_peak:       -1.705
Characteristic density local = 4008.7 deg^-2 = 1.114 arcmin^-2
Fitting aperture to hotspot...
Candidate: x_peak:        0.455, y_peak:        0.295, r_peak:        0.020, sig:       17.702, ra_peak:      172.015, dec_peak:       -0.895
Characteristic density local = 3453.7 deg^-2 = 0.959 arcmin^-2
Fitting aperture to hotspot...
Candidate: x_peak:        0.435, y_peak:       -0.735, r_peak:        0.250, sig:        8.063, ra_peak:      171.995, dec_peak:       -1.925
Characteristic density local = 4002.7 deg^-2 = 1.112 arcmin^-2
Fitting aperture to hotspot...
Candidate: x_peak:        0.785, y_peak:        0.335, r_peak:        0.030, sig:       10.904, ra_peak:      172.345, dec_peak:       -0.855
Distance = 398.1 kpc (m-M = 23.0)
864698 objects left after isochrone cut...
Characteristic density = 3400.0 deg^-2
Characteristic density local = 3970.9 deg^-2 = 1.103 arcmin^-2
Fitting aperture to hotspot...
Candidate: x_peak:       -0.165, y_peak:        0.425, r_peak:        0.020, sig:        8.897, ra_peak:      171.395, dec_peak:       -0.765
Characteristic density local = 3405.9 deg^-2 = 0.946 arcmin^-2
Fitting aperture to hotspot...
Candidate: x_peak:       -0.065, y_peak:        0.115, r_peak:        0.020, sig:       12.173, ra_peak:      171.495, dec_peak:       -1.075
Characteristic density local = 3541.2 deg^-2 = 0.984 arcmin^-2
Fitting aperture to hotspot...
Candidate: x_peak:       -0.065, y_peak:        0.225, r_peak:        0.130, sig:        4.610, ra_peak:      171.495, dec_peak:       -0.965
Characteristic density local = 3702.3 deg^-2 = 1.028 arcmin^-2
Fitting aperture to hotspot...
Candidate: x_peak:        0.265, y_peak:        0.495, r_peak:        0.060, sig:        3.789, ra_peak:      171.825, dec_peak:       -0.695
Characteristic density local = 3827.7 deg^-2 = 1.063 arcmin^-2
Fitting aperture to hotspot...
Candidate: x_peak:        0.295, y_peak:        0.905, r_peak:        0.020, sig:        3.920, ra_peak:      171.855, dec_peak:       -0.285
Characteristic density local = 3350.2 deg^-2 = 0.931 arcmin^-2
Fitting aperture to hotspot...
Candidate: x_peak:        0.415, y_peak:       -0.515, r_peak:        0.030, sig:       28.938, ra_peak:      171.975, dec_peak:       -1.705
Characteristic density local = 3764.0 deg^-2 = 1.046 arcmin^-2
Fitting aperture to hotspot...
Candidate: x_peak:        0.455, y_peak:        0.295, r_peak:        0.020, sig:       17.821, ra_peak:      172.015, dec_peak:       -0.895
Characteristic density local = 3129.4 deg^-2 = 0.869 arcmin^-2
Fitting aperture to hotspot...
Candidate: x_peak:        0.435, y_peak:       -0.725, r_peak:        0.250, sig:        8.783, ra_peak:      171.995, dec_peak:       -1.915
Characteristic density local = 3714.3 deg^-2 = 1.032 arcmin^-2
Fitting aperture to hotspot...
Candidate: x_peak:        0.785, y_peak:        0.335, r_peak:        0.030, sig:       11.105, ra_peak:      172.345, dec_peak:       -0.855
28.94 sigma; (RA, Dec, d) = (171.98, -1.70); r = 0.03 deg; d = 398.1, mu = 23.00 mag), mc_source_id: 0.00
17.82 sigma; (RA, Dec, d) = (172.02, -0.89); r = 0.02 deg; d = 398.1, mu = 23.00 mag), mc_source_id: 0.00
12.17 sigma; (RA, Dec, d) = (171.49, -1.07); r = 0.02 deg; d = 398.1, mu = 23.00 mag), mc_source_id: 0.00
11.11 sigma; (RA, Dec, d) = (172.35, -0.85); r = 0.03 deg; d = 398.1, mu = 23.00 mag), mc_source_id: 0.00
9.30 sigma; (RA, Dec, d) = (171.39, -0.76); r = 0.02 deg; d = 39.8, mu = 18.00 mag), mc_source_id: 0.00
8.78 sigma; (RA, Dec, d) = (172.00, -1.91); r = 0.25 deg; d = 398.1, mu = 23.00 mag), mc_source_id: 0.00
5.05 sigma; (RA, Dec, d) = (171.26, -1.18); r = 0.12 deg; d = 25.1, mu = 17.00 mag), mc_source_id: 0.00
4.85 sigma; (RA, Dec, d) = (171.83, -0.68); r = 0.05 deg; d = 158.5, mu = 21.00 mag), mc_source_id: 0.00
4.61 sigma; (RA, Dec, d) = (171.49, -0.96); r = 0.13 deg; d = 398.1, mu = 23.00 mag), mc_source_id: 0.00
3.92 sigma; (RA, Dec, d) = (171.85, -0.28); r = 0.02 deg; d = 398.1, mu = 23.00 mag), mc_source_id: 0.00
3.78 sigma; (RA, Dec, d) = (170.41, -1.00); r = 0.04 deg; d = 316.2, mu = 22.50 mag), mc_source_id: 0.00
3.66 sigma; (RA, Dec, d) = (172.32, -1.24); r = 0.03 deg; d = 158.5, mu = 21.00 mag), mc_source_id: 0.00

------------------------------------------------------------
Job <681059.0> was submitted from <des51.fnal.gov> by user <tavangar>.
Job was executed on host <des40.fnal.gov> as user <tavangar>.
</var/lib/condor/execute/dir_2045938> was used as the initial working directory.
Results reported at Wed Jun  5 12:46:14 CDT 2019

Your job looked like:

------------------------------------------------------------
python /home/s1/tavangar/tavangar_simple/search_algorithm.py 171.56 -1.19 0.00 /home/s1/tavangar/tavangar_simple/decals_dr7_results/results_nside_32_6269.csv /home/s1/tavangar/tavangar_simple/decals_dr7_results/decals_dr7_log/results_nside_32_6269.log
------------------------------------------------------------

Successfully completed.

Resource usage summary:

	Real time :			250.86 sec.
	CPU time :			6.35 sec.
	CPU percentage :		78%
	Max Memory :			7059328 KB
	Average Memory :		0 KB

The output (if any) is above this job summary.
