/home/s1/tavangar/tavangar_simple/simple_utils.py:170: FutureWarning: elementwise comparison failed; returning scalar instead, but in the future will perform elementwise comparison
  if np.all(isochrone.stage == 'Main'):
Search coordinates: (RA, Dec) = (25.31, 8.39)
Center healpixel: 5193
Healpixels: [5193 5320 5192 5064 4937 5065 5194 5321 5449]
MC_SOURCE_ID = 0.0
mode = 0: running only on real data
Found 1 objects...
Applying cuts...
421243 star-like objects in ROI...
636776 galaxy-like objects in ROI...
No fracdet map specified ...
Distance = 15.8 kpc (m-M = 16.0)
421231 objects left after isochrone cut...
Characteristic density = 4100.0 deg^-2
Characteristic density local = 4100.0 deg^-2 = 1.139 arcmin^-2
Fitting aperture to hotspot...
Candidate: x_peak:       -0.845, y_peak:        0.285, r_peak:        0.060, sig:        5.038, ra_peak:       24.455, dec_peak:        8.674
Characteristic density local = 4374.8 deg^-2 = 1.215 arcmin^-2
Fitting aperture to hotspot...
Candidate: x_peak:       -0.785, y_peak:       -0.155, r_peak:        0.290, sig:        5.719, ra_peak:       24.517, dec_peak:        8.234
Characteristic density local = 4082.3 deg^-2 = 1.134 arcmin^-2
Fitting aperture to hotspot...
Candidate: x_peak:       -0.565, y_peak:       -0.265, r_peak:        0.290, sig:        7.346, ra_peak:       24.739, dec_peak:        8.125
Characteristic density local = 4098.2 deg^-2 = 1.138 arcmin^-2
Fitting aperture to hotspot...
Candidate: x_peak:       -0.015, y_peak:       -0.815, r_peak:        0.020, sig:        8.566, ra_peak:       25.295, dec_peak:        7.575
Characteristic density local = 4265.4 deg^-2 = 1.185 arcmin^-2
Fitting aperture to hotspot...
Candidate: x_peak:        1.105, y_peak:        0.165, r_peak:        0.020, sig:       20.446, ra_peak:       26.427, dec_peak:        8.553
Distance = 20.0 kpc (m-M = 16.5)
421236 objects left after isochrone cut...
Characteristic density = 4100.0 deg^-2
Characteristic density local = 4100.0 deg^-2 = 1.139 arcmin^-2
Fitting aperture to hotspot...
Candidate: x_peak:       -0.845, y_peak:        0.285, r_peak:        0.060, sig:        5.038, ra_peak:       24.455, dec_peak:        8.674
Characteristic density local = 4374.8 deg^-2 = 1.215 arcmin^-2
Fitting aperture to hotspot...
Candidate: x_peak:       -0.785, y_peak:       -0.155, r_peak:        0.290, sig:        5.719, ra_peak:       24.517, dec_peak:        8.234
Characteristic density local = 4082.3 deg^-2 = 1.134 arcmin^-2
Fitting aperture to hotspot...
Candidate: x_peak:       -0.565, y_peak:       -0.265, r_peak:        0.290, sig:        7.346, ra_peak:       24.739, dec_peak:        8.125
Characteristic density local = 4098.2 deg^-2 = 1.138 arcmin^-2
Fitting aperture to hotspot...
Candidate: x_peak:       -0.015, y_peak:       -0.815, r_peak:        0.020, sig:        8.566, ra_peak:       25.295, dec_peak:        7.575
Characteristic density local = 4265.4 deg^-2 = 1.185 arcmin^-2
Fitting aperture to hotspot...
Candidate: x_peak:        1.105, y_peak:        0.165, r_peak:        0.020, sig:       20.446, ra_peak:       26.427, dec_peak:        8.553
Distance = 25.1 kpc (m-M = 17.0)
421236 objects left after isochrone cut...
Characteristic density = 4100.0 deg^-2
Characteristic density local = 4100.0 deg^-2 = 1.139 arcmin^-2
Fitting aperture to hotspot...
Candidate: x_peak:       -0.845, y_peak:        0.285, r_peak:        0.060, sig:        5.038, ra_peak:       24.455, dec_peak:        8.674
Characteristic density local = 4374.8 deg^-2 = 1.215 arcmin^-2
Fitting aperture to hotspot...
Candidate: x_peak:       -0.785, y_peak:       -0.155, r_peak:        0.290, sig:        5.719, ra_peak:       24.517, dec_peak:        8.234
Characteristic density local = 4082.3 deg^-2 = 1.134 arcmin^-2
Fitting aperture to hotspot...
Candidate: x_peak:       -0.565, y_peak:       -0.265, r_peak:        0.290, sig:        7.346, ra_peak:       24.739, dec_peak:        8.125
Characteristic density local = 4096.3 deg^-2 = 1.138 arcmin^-2
Fitting aperture to hotspot...
Candidate: x_peak:       -0.015, y_peak:       -0.815, r_peak:        0.020, sig:        8.568, ra_peak:       25.295, dec_peak:        7.575
Characteristic density local = 4265.4 deg^-2 = 1.185 arcmin^-2
Fitting aperture to hotspot...
Candidate: x_peak:        1.105, y_peak:        0.165, r_peak:        0.020, sig:       20.446, ra_peak:       26.427, dec_peak:        8.553
Distance = 31.6 kpc (m-M = 17.5)
421235 objects left after isochrone cut...
Characteristic density = 4100.0 deg^-2
Characteristic density local = 4100.0 deg^-2 = 1.139 arcmin^-2
Fitting aperture to hotspot...
Candidate: x_peak:       -0.845, y_peak:        0.285, r_peak:        0.060, sig:        5.038, ra_peak:       24.455, dec_peak:        8.674
Characteristic density local = 4374.8 deg^-2 = 1.215 arcmin^-2
Fitting aperture to hotspot...
Candidate: x_peak:       -0.785, y_peak:       -0.155, r_peak:        0.290, sig:        5.719, ra_peak:       24.517, dec_peak:        8.234
Characteristic density local = 4082.3 deg^-2 = 1.134 arcmin^-2
Fitting aperture to hotspot...
Candidate: x_peak:       -0.565, y_peak:       -0.265, r_peak:        0.290, sig:        7.346, ra_peak:       24.739, dec_peak:        8.125
Characteristic density local = 4096.3 deg^-2 = 1.138 arcmin^-2
Fitting aperture to hotspot...
Candidate: x_peak:       -0.015, y_peak:       -0.815, r_peak:        0.020, sig:        8.568, ra_peak:       25.295, dec_peak:        7.575
Characteristic density local = 4265.4 deg^-2 = 1.185 arcmin^-2
Fitting aperture to hotspot...
Candidate: x_peak:        1.105, y_peak:        0.165, r_peak:        0.020, sig:       20.446, ra_peak:       26.427, dec_peak:        8.553
Distance = 39.8 kpc (m-M = 18.0)
421196 objects left after isochrone cut...
Characteristic density = 4100.0 deg^-2
Characteristic density local = 4100.0 deg^-2 = 1.139 arcmin^-2
Fitting aperture to hotspot...
Candidate: x_peak:       -0.845, y_peak:        0.285, r_peak:        0.060, sig:        5.038, ra_peak:       24.455, dec_peak:        8.674
Characteristic density local = 4372.8 deg^-2 = 1.215 arcmin^-2
Fitting aperture to hotspot...
Candidate: x_peak:       -0.785, y_peak:       -0.155, r_peak:        0.290, sig:        5.735, ra_peak:       24.517, dec_peak:        8.234
Characteristic density local = 4082.3 deg^-2 = 1.134 arcmin^-2
Fitting aperture to hotspot...
Candidate: x_peak:       -0.565, y_peak:       -0.265, r_peak:        0.290, sig:        7.318, ra_peak:       24.739, dec_peak:        8.125
Characteristic density local = 4096.3 deg^-2 = 1.138 arcmin^-2
Fitting aperture to hotspot...
Candidate: x_peak:       -0.015, y_peak:       -0.815, r_peak:        0.020, sig:        8.568, ra_peak:       25.295, dec_peak:        7.575
Characteristic density local = 4265.4 deg^-2 = 1.185 arcmin^-2
Fitting aperture to hotspot...
Candidate: x_peak:        1.105, y_peak:        0.165, r_peak:        0.020, sig:       20.446, ra_peak:       26.427, dec_peak:        8.553
Distance = 50.1 kpc (m-M = 18.5)
420505 objects left after isochrone cut...
Characteristic density = 4100.0 deg^-2
Characteristic density local = 4100.0 deg^-2 = 1.139 arcmin^-2
Fitting aperture to hotspot...
Candidate: x_peak:       -0.845, y_peak:        0.285, r_peak:        0.060, sig:        5.038, ra_peak:       24.455, dec_peak:        8.674
Characteristic density local = 4346.9 deg^-2 = 1.207 arcmin^-2
Fitting aperture to hotspot...
Candidate: x_peak:       -0.785, y_peak:       -0.155, r_peak:        0.290, sig:        5.495, ra_peak:       24.517, dec_peak:        8.234
Characteristic density local = 4108.2 deg^-2 = 1.141 arcmin^-2
Fitting aperture to hotspot...
Candidate: x_peak:       -0.565, y_peak:       -0.275, r_peak:        0.020, sig:        7.411, ra_peak:       24.739, dec_peak:        8.115
Characteristic density local = 4076.4 deg^-2 = 1.132 arcmin^-2
Fitting aperture to hotspot...
Candidate: x_peak:       -0.015, y_peak:       -0.815, r_peak:        0.020, sig:        8.584, ra_peak:       25.295, dec_peak:        7.575
Characteristic density local = 4251.4 deg^-2 = 1.181 arcmin^-2
Fitting aperture to hotspot...
Candidate: x_peak:        1.105, y_peak:        0.165, r_peak:        0.020, sig:       20.462, ra_peak:       26.427, dec_peak:        8.553
Distance = 63.1 kpc (m-M = 19.0)
419031 objects left after isochrone cut...
Characteristic density = 4000.0 deg^-2
Characteristic density local = 4000.0 deg^-2 = 1.111 arcmin^-2
Fitting aperture to hotspot...
Candidate: x_peak:       -0.845, y_peak:        0.285, r_peak:        0.060, sig:        5.225, ra_peak:       24.455, dec_peak:        8.674
Characteristic density local = 4301.2 deg^-2 = 1.195 arcmin^-2
Fitting aperture to hotspot...
Candidate: x_peak:       -0.785, y_peak:       -0.155, r_peak:        0.290, sig:        5.158, ra_peak:       24.517, dec_peak:        8.234
Characteristic density local = 4046.5 deg^-2 = 1.124 arcmin^-2
Fitting aperture to hotspot...
Candidate: x_peak:       -0.565, y_peak:       -0.275, r_peak:        0.020, sig:        7.461, ra_peak:       24.739, dec_peak:        8.115
Characteristic density local = 4000.0 deg^-2 = 1.111 arcmin^-2
Fitting aperture to hotspot...
Candidate: x_peak:       -0.545, y_peak:        0.105, r_peak:        0.020, sig:        4.669, ra_peak:       24.759, dec_peak:        8.495
Characteristic density local = 3887.4 deg^-2 = 1.080 arcmin^-2
Fitting aperture to hotspot...
Candidate: x_peak:       -0.395, y_peak:       -0.195, r_peak:        0.230, sig:        6.373, ra_peak:       24.911, dec_peak:        8.195
Characteristic density local = 4082.3 deg^-2 = 1.134 arcmin^-2
Fitting aperture to hotspot...
Candidate: x_peak:       -0.015, y_peak:       -0.805, r_peak:        0.020, sig:        9.238, ra_peak:       25.295, dec_peak:        7.585
Characteristic density local = 4209.6 deg^-2 = 1.169 arcmin^-2
Fitting aperture to hotspot...
Candidate: x_peak:        1.105, y_peak:        0.165, r_peak:        0.020, sig:       20.509, ra_peak:       26.427, dec_peak:        8.553
Characteristic density local = 4494.1 deg^-2 = 1.248 arcmin^-2
Fitting aperture to hotspot...
Candidate: x_peak:        1.185, y_peak:       -0.135, r_peak:        0.060, sig:        3.854, ra_peak:       26.507, dec_peak:        8.253
Distance = 79.4 kpc (m-M = 19.5)
417095 objects left after isochrone cut...
Characteristic density = 4000.0 deg^-2
Characteristic density local = 4000.0 deg^-2 = 1.111 arcmin^-2
Fitting aperture to hotspot...
Candidate: x_peak:       -0.845, y_peak:        0.285, r_peak:        0.060, sig:        5.225, ra_peak:       24.455, dec_peak:        8.674
Characteristic density local = 4247.4 deg^-2 = 1.180 arcmin^-2
Fitting aperture to hotspot...
Candidate: x_peak:       -0.785, y_peak:       -0.155, r_peak:        0.290, sig:        5.081, ra_peak:       24.517, dec_peak:        8.234
Characteristic density local = 3990.8 deg^-2 = 1.109 arcmin^-2
Fitting aperture to hotspot...
Candidate: x_peak:       -0.565, y_peak:       -0.275, r_peak:        0.020, sig:        7.506, ra_peak:       24.739, dec_peak:        8.115
Characteristic density local = 3839.6 deg^-2 = 1.067 arcmin^-2
Fitting aperture to hotspot...
Candidate: x_peak:       -0.395, y_peak:       -0.195, r_peak:        0.230, sig:        6.371, ra_peak:       24.911, dec_peak:        8.195
Characteristic density local = 4012.7 deg^-2 = 1.115 arcmin^-2
Fitting aperture to hotspot...
Candidate: x_peak:       -0.015, y_peak:       -0.805, r_peak:        0.020, sig:        9.299, ra_peak:       25.295, dec_peak:        7.585
Characteristic density local = 4124.1 deg^-2 = 1.146 arcmin^-2
Fitting aperture to hotspot...
Candidate: x_peak:        1.105, y_peak:        0.165, r_peak:        0.020, sig:       20.607, ra_peak:       26.427, dec_peak:        8.553
Distance = 100.0 kpc (m-M = 20.0)
414693 objects left after isochrone cut...
Characteristic density = 3900.0 deg^-2
Characteristic density local = 3900.0 deg^-2 = 1.083 arcmin^-2
Fitting aperture to hotspot...
Candidate: x_peak:       -0.855, y_peak:        0.285, r_peak:        0.060, sig:        4.683, ra_peak:       24.445, dec_peak:        8.674
Characteristic density local = 4165.9 deg^-2 = 1.157 arcmin^-2
Fitting aperture to hotspot...
Candidate: x_peak:       -0.785, y_peak:       -0.155, r_peak:        0.290, sig:        5.058, ra_peak:       24.517, dec_peak:        8.234
Characteristic density local = 3931.1 deg^-2 = 1.092 arcmin^-2
Fitting aperture to hotspot...
Candidate: x_peak:       -0.565, y_peak:       -0.275, r_peak:        0.020, sig:        7.317, ra_peak:       24.739, dec_peak:        8.115
Characteristic density local = 3935.1 deg^-2 = 1.093 arcmin^-2
Fitting aperture to hotspot...
Candidate: x_peak:       -0.015, y_peak:       -0.805, r_peak:        0.020, sig:        9.367, ra_peak:       25.295, dec_peak:        7.585
Characteristic density local = 4052.5 deg^-2 = 1.126 arcmin^-2
Fitting aperture to hotspot...
Candidate: x_peak:        1.105, y_peak:        0.165, r_peak:        0.020, sig:       20.691, ra_peak:       26.427, dec_peak:        8.553
Distance = 125.9 kpc (m-M = 20.5)
412033 objects left after isochrone cut...
Characteristic density = 3800.0 deg^-2
Characteristic density local = 3800.0 deg^-2 = 1.056 arcmin^-2
Fitting aperture to hotspot...
Candidate: x_peak:       -0.855, y_peak:        0.285, r_peak:        0.050, sig:        4.801, ra_peak:       24.445, dec_peak:        8.674
Characteristic density local = 4090.3 deg^-2 = 1.136 arcmin^-2
Fitting aperture to hotspot...
Candidate: x_peak:       -0.785, y_peak:       -0.155, r_peak:        0.290, sig:        4.928, ra_peak:       24.517, dec_peak:        8.234
Characteristic density local = 3845.6 deg^-2 = 1.068 arcmin^-2
Fitting aperture to hotspot...
Candidate: x_peak:       -0.565, y_peak:       -0.275, r_peak:        0.020, sig:        7.388, ra_peak:       24.739, dec_peak:        8.115
Characteristic density local = 3855.5 deg^-2 = 1.071 arcmin^-2
Fitting aperture to hotspot...
Candidate: x_peak:       -0.015, y_peak:       -0.805, r_peak:        0.020, sig:        9.439, ra_peak:       25.295, dec_peak:        7.585
Characteristic density local = 3970.9 deg^-2 = 1.103 arcmin^-2
Fitting aperture to hotspot...
Candidate: x_peak:        1.105, y_peak:        0.165, r_peak:        0.020, sig:       20.788, ra_peak:       26.427, dec_peak:        8.553
Distance = 158.5 kpc (m-M = 21.0)
408927 objects left after isochrone cut...
Characteristic density = 3700.0 deg^-2
Characteristic density local = 4104.2 deg^-2 = 1.140 arcmin^-2
Fitting aperture to hotspot...
Candidate: x_peak:       -0.865, y_peak:       -0.105, r_peak:        0.130, sig:        4.441, ra_peak:       24.436, dec_peak:        8.284
Characteristic density local = 3700.0 deg^-2 = 1.028 arcmin^-2
Fitting aperture to hotspot...
Candidate: x_peak:       -0.855, y_peak:        0.285, r_peak:        0.050, sig:        4.821, ra_peak:       24.445, dec_peak:        8.674
Characteristic density local = 4034.6 deg^-2 = 1.121 arcmin^-2
Fitting aperture to hotspot...
Candidate: x_peak:       -0.795, y_peak:       -0.155, r_peak:        0.290, sig:        4.396, ra_peak:       24.507, dec_peak:        8.234
Characteristic density local = 3746.1 deg^-2 = 1.041 arcmin^-2
Fitting aperture to hotspot...
Candidate: x_peak:       -0.565, y_peak:       -0.275, r_peak:        0.020, sig:        7.473, ra_peak:       24.739, dec_peak:        8.115
Characteristic density local = 3662.6 deg^-2 = 1.017 arcmin^-2
Fitting aperture to hotspot...
Candidate: x_peak:       -0.385, y_peak:       -0.195, r_peak:        0.230, sig:        5.626, ra_peak:       24.921, dec_peak:        8.195
Characteristic density local = 3730.2 deg^-2 = 1.036 arcmin^-2
Fitting aperture to hotspot...
Candidate: x_peak:       -0.015, y_peak:       -0.805, r_peak:        0.020, sig:        9.554, ra_peak:       25.295, dec_peak:        7.585
Characteristic density local = 3851.5 deg^-2 = 1.070 arcmin^-2
Fitting aperture to hotspot...
Candidate: x_peak:        1.105, y_peak:        0.165, r_peak:        0.020, sig:       20.933, ra_peak:       26.427, dec_peak:        8.553
Distance = 199.5 kpc (m-M = 21.5)
405488 objects left after isochrone cut...
Characteristic density = 3500.0 deg^-2
Characteristic density local = 4010.7 deg^-2 = 1.114 arcmin^-2
Fitting aperture to hotspot...
Candidate: x_peak:       -0.865, y_peak:       -0.095, r_peak:        0.120, sig:        4.790, ra_peak:       24.436, dec_peak:        8.294
Characteristic density local = 3500.0 deg^-2 = 0.972 arcmin^-2
Fitting aperture to hotspot...
Candidate: x_peak:       -0.855, y_peak:        0.285, r_peak:        0.050, sig:        5.160, ra_peak:       24.445, dec_peak:        8.674
Characteristic density local = 3943.1 deg^-2 = 1.095 arcmin^-2
Fitting aperture to hotspot...
Candidate: x_peak:       -0.795, y_peak:       -0.155, r_peak:        0.020, sig:        4.135, ra_peak:       24.507, dec_peak:        8.234
Characteristic density local = 3648.6 deg^-2 = 1.014 arcmin^-2
Fitting aperture to hotspot...
Candidate: x_peak:       -0.565, y_peak:       -0.275, r_peak:        0.020, sig:        7.558, ra_peak:       24.739, dec_peak:        8.115
Characteristic density local = 3553.1 deg^-2 = 0.987 arcmin^-2
Fitting aperture to hotspot...
Candidate: x_peak:       -0.385, y_peak:       -0.195, r_peak:        0.230, sig:        5.981, ra_peak:       24.921, dec_peak:        8.195
Characteristic density local = 3565.1 deg^-2 = 0.990 arcmin^-2
Fitting aperture to hotspot...
Candidate: x_peak:       -0.015, y_peak:       -0.815, r_peak:        0.020, sig:        9.040, ra_peak:       25.295, dec_peak:        7.575
Characteristic density local = 3437.7 deg^-2 = 0.955 arcmin^-2
Fitting aperture to hotspot...
Candidate: x_peak:        0.085, y_peak:       -0.495, r_peak:        0.030, sig:        5.567, ra_peak:       25.396, dec_peak:        7.895
Characteristic density local = 3712.3 deg^-2 = 1.031 arcmin^-2
Fitting aperture to hotspot...
Candidate: x_peak:        1.105, y_peak:        0.165, r_peak:        0.020, sig:       21.106, ra_peak:       26.427, dec_peak:        8.553
Distance = 251.2 kpc (m-M = 22.0)
401388 objects left after isochrone cut...
Characteristic density = 3400.0 deg^-2
Characteristic density local = 3400.0 deg^-2 = 0.944 arcmin^-2
Fitting aperture to hotspot...
Candidate: x_peak:       -0.845, y_peak:        0.285, r_peak:        0.060, sig:        5.423, ra_peak:       24.455, dec_peak:        8.674
Characteristic density local = 3467.6 deg^-2 = 0.963 arcmin^-2
Fitting aperture to hotspot...
Candidate: x_peak:       -0.855, y_peak:        0.035, r_peak:        0.280, sig:        6.587, ra_peak:       24.446, dec_peak:        8.424
Characteristic density local = 3777.9 deg^-2 = 1.049 arcmin^-2
Fitting aperture to hotspot...
Candidate: x_peak:       -0.795, y_peak:       -0.145, r_peak:        0.030, sig:        3.655, ra_peak:       24.507, dec_peak:        8.244
Characteristic density local = 3505.4 deg^-2 = 0.974 arcmin^-2
Fitting aperture to hotspot...
Candidate: x_peak:       -0.565, y_peak:       -0.275, r_peak:        0.020, sig:        7.685, ra_peak:       24.739, dec_peak:        8.115
Characteristic density local = 3400.0 deg^-2 = 0.944 arcmin^-2
Fitting aperture to hotspot...
Candidate: x_peak:       -0.535, y_peak:        0.105, r_peak:        0.010, sig:        5.067, ra_peak:       24.769, dec_peak:        8.495
Characteristic density local = 3417.9 deg^-2 = 0.949 arcmin^-2
Fitting aperture to hotspot...
Candidate: x_peak:       -0.385, y_peak:       -0.195, r_peak:        0.230, sig:        6.147, ra_peak:       24.921, dec_peak:        8.195
Characteristic density local = 3071.7 deg^-2 = 0.853 arcmin^-2
Fitting aperture to hotspot...
Candidate: x_peak:       -0.365, y_peak:        0.005, r_peak:        0.020, sig:        7.338, ra_peak:       24.941, dec_peak:        8.395
Characteristic density local = 3477.5 deg^-2 = 0.966 arcmin^-2
Fitting aperture to hotspot...
Candidate: x_peak:       -0.015, y_peak:       -0.805, r_peak:        0.020, sig:        9.795, ra_peak:       25.295, dec_peak:        7.585
Characteristic density local = 3561.1 deg^-2 = 0.989 arcmin^-2
Fitting aperture to hotspot...
Candidate: x_peak:        1.105, y_peak:        0.165, r_peak:        0.020, sig:       21.153, ra_peak:       26.427, dec_peak:        8.553
Distance = 316.2 kpc (m-M = 22.5)
396524 objects left after isochrone cut...
Characteristic density = 3200.0 deg^-2
Characteristic density local = 3200.0 deg^-2 = 0.889 arcmin^-2
Fitting aperture to hotspot...
Candidate: x_peak:       -0.855, y_peak:        0.285, r_peak:        0.040, sig:        5.490, ra_peak:       24.445, dec_peak:        8.674
Characteristic density local = 3352.2 deg^-2 = 0.931 arcmin^-2
Fitting aperture to hotspot...
Candidate: x_peak:       -0.565, y_peak:       -0.275, r_peak:        0.020, sig:        7.826, ra_peak:       24.739, dec_peak:        8.115
Characteristic density local = 3220.9 deg^-2 = 0.895 arcmin^-2
Fitting aperture to hotspot...
Candidate: x_peak:       -0.395, y_peak:       -0.195, r_peak:        0.230, sig:        6.821, ra_peak:       24.911, dec_peak:        8.195
Characteristic density local = 2970.2 deg^-2 = 0.825 arcmin^-2
Fitting aperture to hotspot...
Candidate: x_peak:       -0.365, y_peak:        0.005, r_peak:        0.020, sig:        7.438, ra_peak:       24.941, dec_peak:        8.395
Characteristic density local = 3252.7 deg^-2 = 0.904 arcmin^-2
Fitting aperture to hotspot...
Candidate: x_peak:       -0.015, y_peak:       -0.815, r_peak:        0.020, sig:        9.114, ra_peak:       25.295, dec_peak:        7.575
Characteristic density local = 3388.0 deg^-2 = 0.941 arcmin^-2
Fitting aperture to hotspot...
Candidate: x_peak:        1.105, y_peak:        0.165, r_peak:        0.020, sig:       21.384, ra_peak:       26.427, dec_peak:        8.553
Distance = 398.1 kpc (m-M = 23.0)
390780 objects left after isochrone cut...
Characteristic density = 3000.0 deg^-2
Characteristic density local = 3000.0 deg^-2 = 0.833 arcmin^-2
Fitting aperture to hotspot...
Candidate: x_peak:       -0.845, y_peak:        0.285, r_peak:        0.060, sig:        5.766, ra_peak:       24.455, dec_peak:        8.674
Characteristic density local = 2912.5 deg^-2 = 0.809 arcmin^-2
Fitting aperture to hotspot...
Candidate: x_peak:       -0.725, y_peak:       -0.045, r_peak:        0.290, sig:        8.880, ra_peak:       24.577, dec_peak:        8.344
Characteristic density local = 3171.2 deg^-2 = 0.881 arcmin^-2
Fitting aperture to hotspot...
Candidate: x_peak:       -0.565, y_peak:       -0.275, r_peak:        0.020, sig:        7.750, ra_peak:       24.739, dec_peak:        8.115
Characteristic density local = 3000.0 deg^-2 = 0.833 arcmin^-2
Fitting aperture to hotspot...
Candidate: x_peak:       -0.535, y_peak:        0.115, r_peak:        0.020, sig:        4.887, ra_peak:       24.769, dec_peak:        8.505
Characteristic density local = 2805.1 deg^-2 = 0.779 arcmin^-2
Fitting aperture to hotspot...
Candidate: x_peak:       -0.365, y_peak:        0.005, r_peak:        0.020, sig:        7.606, ra_peak:       24.941, dec_peak:        8.395
Characteristic density local = 3095.6 deg^-2 = 0.860 arcmin^-2
Fitting aperture to hotspot...
Candidate: x_peak:       -0.015, y_peak:       -0.815, r_peak:        0.020, sig:        9.040, ra_peak:       25.295, dec_peak:        7.575
Characteristic density local = 2926.5 deg^-2 = 0.813 arcmin^-2
Fitting aperture to hotspot...
Candidate: x_peak:        0.085, y_peak:       -0.495, r_peak:        0.030, sig:        5.972, ra_peak:       25.396, dec_peak:        7.895
Characteristic density local = 3199.0 deg^-2 = 0.889 arcmin^-2
Fitting aperture to hotspot...
Candidate: x_peak:        1.105, y_peak:        0.165, r_peak:        0.020, sig:       21.497, ra_peak:       26.427, dec_peak:        8.553
21.50 sigma; (RA, Dec, d) = (26.43, 8.55); r = 0.02 deg; d = 398.1, mu = 23.00 mag), mc_source_id: 0.00
9.79 sigma; (RA, Dec, d) = (25.29, 7.58); r = 0.02 deg; d = 251.2, mu = 22.00 mag), mc_source_id: 0.00
8.88 sigma; (RA, Dec, d) = (24.58, 8.34); r = 0.29 deg; d = 398.1, mu = 23.00 mag), mc_source_id: 0.00
7.61 sigma; (RA, Dec, d) = (24.94, 8.39); r = 0.02 deg; d = 398.1, mu = 23.00 mag), mc_source_id: 0.00
6.82 sigma; (RA, Dec, d) = (24.91, 8.19); r = 0.23 deg; d = 316.2, mu = 22.50 mag), mc_source_id: 0.00
5.97 sigma; (RA, Dec, d) = (25.40, 7.89); r = 0.03 deg; d = 398.1, mu = 23.00 mag), mc_source_id: 0.00
5.77 sigma; (RA, Dec, d) = (24.46, 8.67); r = 0.06 deg; d = 398.1, mu = 23.00 mag), mc_source_id: 0.00
3.85 sigma; (RA, Dec, d) = (26.51, 8.25); r = 0.06 deg; d = 63.1, mu = 19.00 mag), mc_source_id: 0.00

------------------------------------------------------------
Job <680310.0> was submitted from <des51.fnal.gov> by user <tavangar>.
Job was executed on host <des40.fnal.gov> as user <tavangar>.
</var/lib/condor/execute/dir_1899994> was used as the initial working directory.
Results reported at Wed Jun  5 08:41:04 CDT 2019

Your job looked like:

------------------------------------------------------------
python /home/s1/tavangar/tavangar_simple/search_algorithm.py 25.31 8.39 0.00 /home/s1/tavangar/tavangar_simple/decals_dr7_results/results_nside_32_5193.csv /home/s1/tavangar/tavangar_simple/decals_dr7_results/decals_dr7_log/results_nside_32_5193.log
------------------------------------------------------------

Successfully completed.

Resource usage summary:

	Real time :			175.76 sec.
	CPU time :			5.85 sec.
	CPU percentage :		68%
	Max Memory :			3805936 KB
	Average Memory :		0 KB

The output (if any) is above this job summary.
