/home/s1/tavangar/tavangar_simple/simple_utils.py:170: FutureWarning: elementwise comparison failed; returning scalar instead, but in the future will perform elementwise comparison
  if np.all(isochrone.stage == 'Main'):
Search coordinates: (RA, Dec) = (340.31, -5.98)
Center healpixel: 6841
Healpixels: [6841 6968 6840 6712 6585 6713 6842 6969 7097]
MC_SOURCE_ID = 0.0
mode = 0: running only on real data
Found 1 objects...
Applying cuts...
474924 star-like objects in ROI...
617557 galaxy-like objects in ROI...
No fracdet map specified ...
Distance = 15.8 kpc (m-M = 16.0)
474911 objects left after isochrone cut...
Characteristic density = 5900.0 deg^-2
Characteristic density local = 6067.8 deg^-2 = 1.685 arcmin^-2
Fitting aperture to hotspot...
Candidate: x_peak:       -0.985, y_peak:       -0.085, r_peak:        0.020, sig:       10.662, ra_peak:      339.319, dec_peak:       -6.064
Characteristic density local = 6254.8 deg^-2 = 1.737 arcmin^-2
Fitting aperture to hotspot...
Candidate: x_peak:       -0.575, y_peak:        0.125, r_peak:        0.020, sig:       11.941, ra_peak:      339.732, dec_peak:       -5.855
Characteristic density local = 6014.1 deg^-2 = 1.671 arcmin^-2
Fitting aperture to hotspot...
Candidate: x_peak:       -0.255, y_peak:       -0.555, r_peak:        0.020, sig:       15.825, ra_peak:      340.053, dec_peak:       -6.535
Characteristic density local = 5829.0 deg^-2 = 1.619 arcmin^-2
Fitting aperture to hotspot...
Candidate: x_peak:        0.365, y_peak:        0.475, r_peak:        0.030, sig:        6.410, ra_peak:      340.677, dec_peak:       -5.505
Characteristic density local = 6262.7 deg^-2 = 1.740 arcmin^-2
Fitting aperture to hotspot...
Candidate: x_peak:        0.525, y_peak:       -0.415, r_peak:        0.020, sig:        8.054, ra_peak:      340.838, dec_peak:       -6.395
Distance = 20.0 kpc (m-M = 16.5)
474920 objects left after isochrone cut...
Characteristic density = 5900.0 deg^-2
Characteristic density local = 6067.8 deg^-2 = 1.685 arcmin^-2
Fitting aperture to hotspot...
Candidate: x_peak:       -0.985, y_peak:       -0.085, r_peak:        0.020, sig:       10.662, ra_peak:      339.319, dec_peak:       -6.064
Characteristic density local = 6254.8 deg^-2 = 1.737 arcmin^-2
Fitting aperture to hotspot...
Candidate: x_peak:       -0.575, y_peak:        0.125, r_peak:        0.020, sig:       11.941, ra_peak:      339.732, dec_peak:       -5.855
Characteristic density local = 6014.1 deg^-2 = 1.671 arcmin^-2
Fitting aperture to hotspot...
Candidate: x_peak:       -0.255, y_peak:       -0.555, r_peak:        0.020, sig:       15.825, ra_peak:      340.053, dec_peak:       -6.535
Characteristic density local = 5829.0 deg^-2 = 1.619 arcmin^-2
Fitting aperture to hotspot...
Candidate: x_peak:        0.365, y_peak:        0.475, r_peak:        0.030, sig:        6.410, ra_peak:      340.677, dec_peak:       -5.505
Characteristic density local = 6262.7 deg^-2 = 1.740 arcmin^-2
Fitting aperture to hotspot...
Candidate: x_peak:        0.525, y_peak:       -0.415, r_peak:        0.020, sig:        8.054, ra_peak:      340.838, dec_peak:       -6.395
Distance = 25.1 kpc (m-M = 17.0)
474921 objects left after isochrone cut...
Characteristic density = 5900.0 deg^-2
Characteristic density local = 6067.8 deg^-2 = 1.685 arcmin^-2
Fitting aperture to hotspot...
Candidate: x_peak:       -0.985, y_peak:       -0.085, r_peak:        0.020, sig:       10.662, ra_peak:      339.319, dec_peak:       -6.064
Characteristic density local = 6254.8 deg^-2 = 1.737 arcmin^-2
Fitting aperture to hotspot...
Candidate: x_peak:       -0.575, y_peak:        0.125, r_peak:        0.020, sig:       11.941, ra_peak:      339.732, dec_peak:       -5.855
Characteristic density local = 6014.1 deg^-2 = 1.671 arcmin^-2
Fitting aperture to hotspot...
Candidate: x_peak:       -0.255, y_peak:       -0.555, r_peak:        0.020, sig:       15.825, ra_peak:      340.053, dec_peak:       -6.535
Characteristic density local = 5829.0 deg^-2 = 1.619 arcmin^-2
Fitting aperture to hotspot...
Candidate: x_peak:        0.365, y_peak:        0.475, r_peak:        0.030, sig:        6.410, ra_peak:      340.677, dec_peak:       -5.505
Characteristic density local = 6262.7 deg^-2 = 1.740 arcmin^-2
Fitting aperture to hotspot...
Candidate: x_peak:        0.525, y_peak:       -0.415, r_peak:        0.020, sig:        8.054, ra_peak:      340.838, dec_peak:       -6.395
Distance = 31.6 kpc (m-M = 17.5)
474921 objects left after isochrone cut...
Characteristic density = 5900.0 deg^-2
Characteristic density local = 6067.8 deg^-2 = 1.685 arcmin^-2
Fitting aperture to hotspot...
Candidate: x_peak:       -0.985, y_peak:       -0.085, r_peak:        0.020, sig:       10.662, ra_peak:      339.319, dec_peak:       -6.064
Characteristic density local = 6254.8 deg^-2 = 1.737 arcmin^-2
Fitting aperture to hotspot...
Candidate: x_peak:       -0.575, y_peak:        0.125, r_peak:        0.020, sig:       11.941, ra_peak:      339.732, dec_peak:       -5.855
Characteristic density local = 6014.1 deg^-2 = 1.671 arcmin^-2
Fitting aperture to hotspot...
Candidate: x_peak:       -0.255, y_peak:       -0.555, r_peak:        0.020, sig:       15.825, ra_peak:      340.053, dec_peak:       -6.535
Characteristic density local = 5829.0 deg^-2 = 1.619 arcmin^-2
Fitting aperture to hotspot...
Candidate: x_peak:        0.365, y_peak:        0.475, r_peak:        0.030, sig:        6.410, ra_peak:      340.677, dec_peak:       -5.505
Characteristic density local = 6262.7 deg^-2 = 1.740 arcmin^-2
Fitting aperture to hotspot...
Candidate: x_peak:        0.525, y_peak:       -0.415, r_peak:        0.020, sig:        8.054, ra_peak:      340.838, dec_peak:       -6.395
Distance = 39.8 kpc (m-M = 18.0)
474800 objects left after isochrone cut...
Characteristic density = 5900.0 deg^-2
Characteristic density local = 6051.9 deg^-2 = 1.681 arcmin^-2
Fitting aperture to hotspot...
Candidate: x_peak:       -0.985, y_peak:       -0.085, r_peak:        0.020, sig:       10.674, ra_peak:      339.319, dec_peak:       -6.064
Characteristic density local = 6228.9 deg^-2 = 1.730 arcmin^-2
Fitting aperture to hotspot...
Candidate: x_peak:       -0.575, y_peak:        0.125, r_peak:        0.020, sig:       11.959, ra_peak:      339.732, dec_peak:       -5.855
Characteristic density local = 6004.1 deg^-2 = 1.668 arcmin^-2
Fitting aperture to hotspot...
Candidate: x_peak:       -0.255, y_peak:       -0.555, r_peak:        0.020, sig:       15.833, ra_peak:      340.053, dec_peak:       -6.535
Characteristic density local = 5827.1 deg^-2 = 1.619 arcmin^-2
Fitting aperture to hotspot...
Candidate: x_peak:        0.365, y_peak:        0.475, r_peak:        0.030, sig:        6.412, ra_peak:      340.677, dec_peak:       -5.505
Characteristic density local = 6260.8 deg^-2 = 1.739 arcmin^-2
Fitting aperture to hotspot...
Candidate: x_peak:        0.525, y_peak:       -0.415, r_peak:        0.020, sig:        8.056, ra_peak:      340.838, dec_peak:       -6.395
Distance = 50.1 kpc (m-M = 18.5)
474073 objects left after isochrone cut...
Characteristic density = 5800.0 deg^-2
Characteristic density local = 5988.2 deg^-2 = 1.663 arcmin^-2
Fitting aperture to hotspot...
Candidate: x_peak:       -0.985, y_peak:       -0.085, r_peak:        0.020, sig:       10.718, ra_peak:      339.319, dec_peak:       -6.064
Characteristic density local = 6167.3 deg^-2 = 1.713 arcmin^-2
Fitting aperture to hotspot...
Candidate: x_peak:       -0.575, y_peak:        0.125, r_peak:        0.020, sig:       12.003, ra_peak:      339.732, dec_peak:       -5.855
Characteristic density local = 5976.3 deg^-2 = 1.660 arcmin^-2
Fitting aperture to hotspot...
Candidate: x_peak:       -0.255, y_peak:       -0.555, r_peak:        0.020, sig:       15.855, ra_peak:      340.053, dec_peak:       -6.535
Characteristic density local = 5811.1 deg^-2 = 1.614 arcmin^-2
Fitting aperture to hotspot...
Candidate: x_peak:        0.365, y_peak:        0.475, r_peak:        0.030, sig:        6.425, ra_peak:      340.677, dec_peak:       -5.505
Characteristic density local = 6376.1 deg^-2 = 1.771 arcmin^-2
Fitting aperture to hotspot...
Candidate: x_peak:        0.395, y_peak:       -0.235, r_peak:        0.030, sig:        5.953, ra_peak:      340.707, dec_peak:       -6.215
Characteristic density local = 6248.8 deg^-2 = 1.736 arcmin^-2
Fitting aperture to hotspot...
Candidate: x_peak:        0.525, y_peak:       -0.415, r_peak:        0.020, sig:        8.063, ra_peak:      340.838, dec_peak:       -6.395
Distance = 63.1 kpc (m-M = 19.0)
472272 objects left after isochrone cut...
Characteristic density = 5800.0 deg^-2
Characteristic density local = 5912.6 deg^-2 = 1.642 arcmin^-2
Fitting aperture to hotspot...
Candidate: x_peak:       -0.985, y_peak:       -0.085, r_peak:        0.020, sig:       10.772, ra_peak:      339.319, dec_peak:       -6.064
Characteristic density local = 6107.6 deg^-2 = 1.697 arcmin^-2
Fitting aperture to hotspot...
Candidate: x_peak:       -0.575, y_peak:        0.125, r_peak:        0.020, sig:       11.874, ra_peak:      339.732, dec_peak:       -5.855
Characteristic density local = 5884.8 deg^-2 = 1.635 arcmin^-2
Fitting aperture to hotspot...
Candidate: x_peak:       -0.255, y_peak:       -0.555, r_peak:        0.020, sig:       15.929, ra_peak:      340.053, dec_peak:       -6.535
Characteristic density local = 5779.3 deg^-2 = 1.605 arcmin^-2
Fitting aperture to hotspot...
Candidate: x_peak:       -0.035, y_peak:        0.165, r_peak:        0.290, sig:        7.124, ra_peak:      340.275, dec_peak:       -5.815
Characteristic density local = 5367.5 deg^-2 = 1.491 arcmin^-2
Fitting aperture to hotspot...
Candidate: x_peak:        0.055, y_peak:        0.325, r_peak:        0.280, sig:        8.596, ra_peak:      340.365, dec_peak:       -5.655
Characteristic density local = 6197.1 deg^-2 = 1.721 arcmin^-2
Fitting aperture to hotspot...
Candidate: x_peak:        0.285, y_peak:       -0.895, r_peak:        0.020, sig:        7.275, ra_peak:      340.597, dec_peak:       -6.875
Characteristic density local = 5731.6 deg^-2 = 1.592 arcmin^-2
Fitting aperture to hotspot...
Candidate: x_peak:        0.365, y_peak:        0.475, r_peak:        0.030, sig:        6.494, ra_peak:      340.677, dec_peak:       -5.505
Characteristic density local = 6288.6 deg^-2 = 1.747 arcmin^-2
Fitting aperture to hotspot...
Candidate: x_peak:        0.395, y_peak:       -0.235, r_peak:        0.030, sig:        6.024, ra_peak:      340.707, dec_peak:       -6.215
Characteristic density local = 6177.2 deg^-2 = 1.716 arcmin^-2
Fitting aperture to hotspot...
Candidate: x_peak:        0.525, y_peak:       -0.415, r_peak:        0.020, sig:        8.109, ra_peak:      340.838, dec_peak:       -6.395
Distance = 79.4 kpc (m-M = 19.5)
469828 objects left after isochrone cut...
Characteristic density = 5700.0 deg^-2
Characteristic density local = 5833.0 deg^-2 = 1.620 arcmin^-2
Fitting aperture to hotspot...
Candidate: x_peak:       -0.985, y_peak:       -0.085, r_peak:        0.020, sig:       10.829, ra_peak:      339.319, dec_peak:       -6.064
Characteristic density local = 5990.2 deg^-2 = 1.664 arcmin^-2
Fitting aperture to hotspot...
Candidate: x_peak:       -0.575, y_peak:        0.125, r_peak:        0.020, sig:       11.959, ra_peak:      339.732, dec_peak:       -5.855
Characteristic density local = 5783.3 deg^-2 = 1.606 arcmin^-2
Fitting aperture to hotspot...
Candidate: x_peak:       -0.255, y_peak:       -0.555, r_peak:        0.020, sig:       16.012, ra_peak:      340.053, dec_peak:       -6.535
Characteristic density local = 6089.7 deg^-2 = 1.692 arcmin^-2
Fitting aperture to hotspot...
Candidate: x_peak:        0.285, y_peak:       -0.895, r_peak:        0.020, sig:        7.342, ra_peak:      340.597, dec_peak:       -6.875
Characteristic density local = 5648.0 deg^-2 = 1.569 arcmin^-2
Fitting aperture to hotspot...
Candidate: x_peak:        0.365, y_peak:        0.475, r_peak:        0.030, sig:        6.568, ra_peak:      340.677, dec_peak:       -5.505
Characteristic density local = 6151.3 deg^-2 = 1.709 arcmin^-2
Fitting aperture to hotspot...
Candidate: x_peak:        0.395, y_peak:       -0.235, r_peak:        0.030, sig:        6.137, ra_peak:      340.707, dec_peak:       -6.215
Characteristic density local = 6073.8 deg^-2 = 1.687 arcmin^-2
Fitting aperture to hotspot...
Candidate: x_peak:        0.525, y_peak:       -0.415, r_peak:        0.020, sig:        8.175, ra_peak:      340.838, dec_peak:       -6.395
Distance = 100.0 kpc (m-M = 20.0)
466712 objects left after isochrone cut...
Characteristic density = 5600.0 deg^-2
Characteristic density local = 5699.7 deg^-2 = 1.583 arcmin^-2
Fitting aperture to hotspot...
Candidate: x_peak:       -0.985, y_peak:       -0.085, r_peak:        0.020, sig:       10.926, ra_peak:      339.319, dec_peak:       -6.064
Characteristic density local = 5856.9 deg^-2 = 1.627 arcmin^-2
Fitting aperture to hotspot...
Candidate: x_peak:       -0.575, y_peak:        0.125, r_peak:        0.020, sig:       12.057, ra_peak:      339.732, dec_peak:       -5.855
Characteristic density local = 5650.0 deg^-2 = 1.569 arcmin^-2
Fitting aperture to hotspot...
Candidate: x_peak:       -0.255, y_peak:       -0.555, r_peak:        0.020, sig:       16.124, ra_peak:      340.053, dec_peak:       -6.535
Characteristic density local = 5126.8 deg^-2 = 1.424 arcmin^-2
Fitting aperture to hotspot...
Candidate: x_peak:        0.055, y_peak:        0.325, r_peak:        0.280, sig:        8.607, ra_peak:      340.365, dec_peak:       -5.655
Characteristic density local = 5948.4 deg^-2 = 1.652 arcmin^-2
Fitting aperture to hotspot...
Candidate: x_peak:        0.285, y_peak:       -0.895, r_peak:        0.020, sig:        7.431, ra_peak:      340.597, dec_peak:       -6.875
Characteristic density local = 5532.6 deg^-2 = 1.537 arcmin^-2
Fitting aperture to hotspot...
Candidate: x_peak:        0.365, y_peak:        0.475, r_peak:        0.030, sig:        6.671, ra_peak:      340.677, dec_peak:       -5.505
Characteristic density local = 6002.1 deg^-2 = 1.667 arcmin^-2
Fitting aperture to hotspot...
Candidate: x_peak:        0.395, y_peak:       -0.235, r_peak:        0.030, sig:        6.262, ra_peak:      340.707, dec_peak:       -6.215
Characteristic density local = 5924.5 deg^-2 = 1.646 arcmin^-2
Fitting aperture to hotspot...
Candidate: x_peak:        0.525, y_peak:       -0.415, r_peak:        0.020, sig:        8.273, ra_peak:      340.838, dec_peak:       -6.395
Distance = 125.9 kpc (m-M = 20.5)
462872 objects left after isochrone cut...
Characteristic density = 5400.0 deg^-2
Characteristic density local = 5570.4 deg^-2 = 1.547 arcmin^-2
Fitting aperture to hotspot...
Candidate: x_peak:       -0.985, y_peak:       -0.085, r_peak:        0.020, sig:       11.021, ra_peak:      339.319, dec_peak:       -6.064
Characteristic density local = 5685.8 deg^-2 = 1.579 arcmin^-2
Fitting aperture to hotspot...
Candidate: x_peak:       -0.575, y_peak:        0.125, r_peak:        0.020, sig:       12.185, ra_peak:      339.732, dec_peak:       -5.855
Characteristic density local = 5504.8 deg^-2 = 1.529 arcmin^-2
Fitting aperture to hotspot...
Candidate: x_peak:       -0.255, y_peak:       -0.555, r_peak:        0.020, sig:       16.247, ra_peak:      340.053, dec_peak:       -6.535
Characteristic density local = 4965.6 deg^-2 = 1.379 arcmin^-2
Fitting aperture to hotspot...
Candidate: x_peak:        0.055, y_peak:        0.325, r_peak:        0.280, sig:        8.859, ra_peak:      340.365, dec_peak:       -5.655
Characteristic density local = 5831.0 deg^-2 = 1.620 arcmin^-2
Fitting aperture to hotspot...
Candidate: x_peak:        0.285, y_peak:       -0.895, r_peak:        0.020, sig:        7.295, ra_peak:      340.597, dec_peak:       -6.875
Characteristic density local = 5405.3 deg^-2 = 1.501 arcmin^-2
Fitting aperture to hotspot...
Candidate: x_peak:        0.365, y_peak:        0.475, r_peak:        0.010, sig:        6.478, ra_peak:      340.677, dec_peak:       -5.505
Characteristic density local = 5833.0 deg^-2 = 1.620 arcmin^-2
Fitting aperture to hotspot...
Candidate: x_peak:        0.395, y_peak:       -0.235, r_peak:        0.030, sig:        6.406, ra_peak:      340.707, dec_peak:       -6.215
Characteristic density local = 5777.3 deg^-2 = 1.605 arcmin^-2
Fitting aperture to hotspot...
Candidate: x_peak:        0.525, y_peak:       -0.415, r_peak:        0.020, sig:        8.371, ra_peak:      340.838, dec_peak:       -6.395
Distance = 158.5 kpc (m-M = 21.0)
458341 objects left after isochrone cut...
Characteristic density = 5200.0 deg^-2
Characteristic density local = 5379.4 deg^-2 = 1.494 arcmin^-2
Fitting aperture to hotspot...
Candidate: x_peak:       -0.985, y_peak:       -0.085, r_peak:        0.020, sig:       11.165, ra_peak:      339.319, dec_peak:       -6.064
Characteristic density local = 5522.7 deg^-2 = 1.534 arcmin^-2
Fitting aperture to hotspot...
Candidate: x_peak:       -0.575, y_peak:        0.125, r_peak:        0.020, sig:       12.310, ra_peak:      339.732, dec_peak:       -5.855
Characteristic density local = 5321.7 deg^-2 = 1.478 arcmin^-2
Fitting aperture to hotspot...
Candidate: x_peak:       -0.255, y_peak:       -0.555, r_peak:        0.020, sig:       16.407, ra_peak:      340.053, dec_peak:       -6.535
Characteristic density local = 5192.4 deg^-2 = 1.442 arcmin^-2
Fitting aperture to hotspot...
Candidate: x_peak:        0.365, y_peak:        0.475, r_peak:        0.030, sig:        6.636, ra_peak:      340.677, dec_peak:       -5.505
Characteristic density local = 5656.0 deg^-2 = 1.571 arcmin^-2
Fitting aperture to hotspot...
Candidate: x_peak:        0.395, y_peak:       -0.235, r_peak:        0.030, sig:        6.390, ra_peak:      340.707, dec_peak:       -6.215
Characteristic density local = 5590.3 deg^-2 = 1.553 arcmin^-2
Fitting aperture to hotspot...
Candidate: x_peak:        0.525, y_peak:       -0.415, r_peak:        0.020, sig:        8.498, ra_peak:      340.838, dec_peak:       -6.395
Distance = 199.5 kpc (m-M = 21.5)
453154 objects left after isochrone cut...
Characteristic density = 5000.0 deg^-2
Characteristic density local = 5222.3 deg^-2 = 1.451 arcmin^-2
Fitting aperture to hotspot...
Candidate: x_peak:       -0.985, y_peak:       -0.085, r_peak:        0.020, sig:       11.287, ra_peak:      339.319, dec_peak:       -6.064
Characteristic density local = 5319.8 deg^-2 = 1.478 arcmin^-2
Fitting aperture to hotspot...
Candidate: x_peak:       -0.575, y_peak:        0.125, r_peak:        0.020, sig:       12.294, ra_peak:      339.732, dec_peak:       -5.855
Characteristic density local = 5122.8 deg^-2 = 1.423 arcmin^-2
Fitting aperture to hotspot...
Candidate: x_peak:       -0.255, y_peak:       -0.555, r_peak:        0.020, sig:       16.585, ra_peak:      340.053, dec_peak:       -6.535
Characteristic density local = 5029.3 deg^-2 = 1.397 arcmin^-2
Fitting aperture to hotspot...
Candidate: x_peak:       -0.035, y_peak:        0.165, r_peak:        0.290, sig:        7.043, ra_peak:      340.275, dec_peak:       -5.815
Characteristic density local = 4663.2 deg^-2 = 1.295 arcmin^-2
Fitting aperture to hotspot...
Candidate: x_peak:        0.055, y_peak:        0.325, r_peak:        0.280, sig:        8.561, ra_peak:      340.365, dec_peak:       -5.655
Characteristic density local = 5005.4 deg^-2 = 1.390 arcmin^-2
Fitting aperture to hotspot...
Candidate: x_peak:        0.365, y_peak:        0.475, r_peak:        0.010, sig:        6.644, ra_peak:      340.677, dec_peak:       -5.505
Characteristic density local = 5471.0 deg^-2 = 1.520 arcmin^-2
Fitting aperture to hotspot...
Candidate: x_peak:        0.395, y_peak:       -0.235, r_peak:        0.030, sig:        6.208, ra_peak:      340.707, dec_peak:       -6.215
Characteristic density local = 5405.3 deg^-2 = 1.501 arcmin^-2
Fitting aperture to hotspot...
Candidate: x_peak:        0.525, y_peak:       -0.415, r_peak:        0.020, sig:        8.627, ra_peak:      340.838, dec_peak:       -6.395
Distance = 251.2 kpc (m-M = 22.0)
446970 objects left after isochrone cut...
Characteristic density = 4800.0 deg^-2
Characteristic density local = 5001.4 deg^-2 = 1.389 arcmin^-2
Fitting aperture to hotspot...
Candidate: x_peak:       -0.985, y_peak:       -0.085, r_peak:        0.020, sig:       11.463, ra_peak:      339.319, dec_peak:       -6.064
Characteristic density local = 5081.0 deg^-2 = 1.411 arcmin^-2
Fitting aperture to hotspot...
Candidate: x_peak:       -0.575, y_peak:        0.125, r_peak:        0.030, sig:       12.506, ra_peak:      339.732, dec_peak:       -5.855
Characteristic density local = 4896.0 deg^-2 = 1.360 arcmin^-2
Fitting aperture to hotspot...
Candidate: x_peak:       -0.255, y_peak:       -0.555, r_peak:        0.020, sig:       16.639, ra_peak:      340.053, dec_peak:       -6.535
Characteristic density local = 4420.5 deg^-2 = 1.228 arcmin^-2
Fitting aperture to hotspot...
Candidate: x_peak:        0.055, y_peak:        0.325, r_peak:        0.280, sig:        8.097, ra_peak:      340.365, dec_peak:       -5.655
Characteristic density local = 5323.7 deg^-2 = 1.479 arcmin^-2
Fitting aperture to hotspot...
Candidate: x_peak:        0.055, y_peak:       -0.175, r_peak:        0.020, sig:        7.416, ra_peak:      340.365, dec_peak:       -6.155
Characteristic density local = 4736.8 deg^-2 = 1.316 arcmin^-2
Fitting aperture to hotspot...
Candidate: x_peak:        0.355, y_peak:        0.475, r_peak:        0.020, sig:        7.388, ra_peak:      340.667, dec_peak:       -5.505
Characteristic density local = 5200.4 deg^-2 = 1.445 arcmin^-2
Fitting aperture to hotspot...
Candidate: x_peak:        0.395, y_peak:       -0.235, r_peak:        0.030, sig:        6.454, ra_peak:      340.707, dec_peak:       -6.215
Characteristic density local = 5146.7 deg^-2 = 1.430 arcmin^-2
Fitting aperture to hotspot...
Candidate: x_peak:        0.525, y_peak:       -0.415, r_peak:        0.020, sig:        8.606, ra_peak:      340.838, dec_peak:       -6.395
Characteristic density local = 5282.0 deg^-2 = 1.467 arcmin^-2
Fitting aperture to hotspot...
Candidate: x_peak:        0.635, y_peak:       -0.415, r_peak:        0.020, sig:        7.225, ra_peak:      340.949, dec_peak:       -6.395
Distance = 316.2 kpc (m-M = 22.5)
439668 objects left after isochrone cut...
Characteristic density = 4500.0 deg^-2
Characteristic density local = 4722.9 deg^-2 = 1.312 arcmin^-2
Fitting aperture to hotspot...
Candidate: x_peak:       -0.985, y_peak:       -0.085, r_peak:        0.020, sig:       11.694, ra_peak:      339.319, dec_peak:       -6.064
Characteristic density local = 4786.6 deg^-2 = 1.330 arcmin^-2
Fitting aperture to hotspot...
Candidate: x_peak:       -0.575, y_peak:        0.125, r_peak:        0.030, sig:       12.693, ra_peak:      339.732, dec_peak:       -5.855
Characteristic density local = 4635.4 deg^-2 = 1.288 arcmin^-2
Fitting aperture to hotspot...
Candidate: x_peak:       -0.255, y_peak:       -0.555, r_peak:        0.020, sig:       16.733, ra_peak:      340.053, dec_peak:       -6.535
Characteristic density local = 4148.0 deg^-2 = 1.152 arcmin^-2
Fitting aperture to hotspot...
Candidate: x_peak:        0.055, y_peak:        0.325, r_peak:        0.280, sig:        8.314, ra_peak:      340.365, dec_peak:       -5.655
Characteristic density local = 4476.2 deg^-2 = 1.243 arcmin^-2
Fitting aperture to hotspot...
Candidate: x_peak:        0.355, y_peak:        0.475, r_peak:        0.020, sig:        7.355, ra_peak:      340.667, dec_peak:       -5.505
Characteristic density local = 4921.9 deg^-2 = 1.367 arcmin^-2
Fitting aperture to hotspot...
Candidate: x_peak:        0.395, y_peak:       -0.235, r_peak:        0.030, sig:        6.717, ra_peak:      340.707, dec_peak:       -6.215
Characteristic density local = 4870.1 deg^-2 = 1.353 arcmin^-2
Fitting aperture to hotspot...
Candidate: x_peak:        0.525, y_peak:       -0.415, r_peak:        0.020, sig:        8.389, ra_peak:      340.838, dec_peak:       -6.395
Distance = 398.1 kpc (m-M = 23.0)
430882 objects left after isochrone cut...
Characteristic density = 4200.0 deg^-2
Characteristic density local = 4390.7 deg^-2 = 1.220 arcmin^-2
Fitting aperture to hotspot...
Candidate: x_peak:       -0.985, y_peak:       -0.085, r_peak:        0.020, sig:       11.605, ra_peak:      339.319, dec_peak:       -6.064
Characteristic density local = 4476.2 deg^-2 = 1.243 arcmin^-2
Fitting aperture to hotspot...
Candidate: x_peak:       -0.575, y_peak:        0.125, r_peak:        0.030, sig:       12.621, ra_peak:      339.732, dec_peak:       -5.855
Characteristic density local = 4281.3 deg^-2 = 1.189 arcmin^-2
Fitting aperture to hotspot...
Candidate: x_peak:       -0.255, y_peak:       -0.555, r_peak:        0.020, sig:       16.771, ra_peak:      340.053, dec_peak:       -6.535
Characteristic density local = 3863.5 deg^-2 = 1.073 arcmin^-2
Fitting aperture to hotspot...
Candidate: x_peak:        0.055, y_peak:        0.325, r_peak:        0.270, sig:        8.044, ra_peak:      340.365, dec_peak:       -5.655
Characteristic density local = 4736.8 deg^-2 = 1.316 arcmin^-2
Fitting aperture to hotspot...
Candidate: x_peak:        0.065, y_peak:       -0.175, r_peak:        0.020, sig:        7.388, ra_peak:      340.375, dec_peak:       -6.155
Characteristic density local = 4173.8 deg^-2 = 1.159 arcmin^-2
Fitting aperture to hotspot...
Candidate: x_peak:        0.355, y_peak:        0.475, r_peak:        0.020, sig:        7.120, ra_peak:      340.667, dec_peak:       -5.505
Characteristic density local = 4573.7 deg^-2 = 1.270 arcmin^-2
Fitting aperture to hotspot...
Candidate: x_peak:        0.395, y_peak:       -0.235, r_peak:        0.030, sig:        6.881, ra_peak:      340.707, dec_peak:       -6.215
Characteristic density local = 4529.9 deg^-2 = 1.258 arcmin^-2
Fitting aperture to hotspot...
Candidate: x_peak:        0.525, y_peak:       -0.415, r_peak:        0.020, sig:        8.435, ra_peak:      340.838, dec_peak:       -6.395
16.77 sigma; (RA, Dec, d) = (340.05, -6.53); r = 0.02 deg; d = 398.1, mu = 23.00 mag), mc_source_id: 0.00
12.69 sigma; (RA, Dec, d) = (339.73, -5.85); r = 0.03 deg; d = 316.2, mu = 22.50 mag), mc_source_id: 0.00
11.69 sigma; (RA, Dec, d) = (339.32, -6.06); r = 0.02 deg; d = 316.2, mu = 22.50 mag), mc_source_id: 0.00
8.86 sigma; (RA, Dec, d) = (340.37, -5.65); r = 0.28 deg; d = 125.9, mu = 20.50 mag), mc_source_id: 0.00
8.63 sigma; (RA, Dec, d) = (340.84, -6.39); r = 0.02 deg; d = 199.5, mu = 21.50 mag), mc_source_id: 0.00
7.43 sigma; (RA, Dec, d) = (340.60, -6.87); r = 0.02 deg; d = 100.0, mu = 20.00 mag), mc_source_id: 0.00
7.42 sigma; (RA, Dec, d) = (340.37, -6.15); r = 0.02 deg; d = 251.2, mu = 22.00 mag), mc_source_id: 0.00
7.39 sigma; (RA, Dec, d) = (340.67, -5.50); r = 0.02 deg; d = 251.2, mu = 22.00 mag), mc_source_id: 0.00
7.23 sigma; (RA, Dec, d) = (340.95, -6.39); r = 0.02 deg; d = 251.2, mu = 22.00 mag), mc_source_id: 0.00
6.88 sigma; (RA, Dec, d) = (340.71, -6.21); r = 0.03 deg; d = 398.1, mu = 23.00 mag), mc_source_id: 0.00

------------------------------------------------------------
Job <681439.0> was submitted from <des51.fnal.gov> by user <tavangar>.
Job was executed on host <des40.fnal.gov> as user <tavangar>.
</var/lib/condor/execute/dir_2110344> was used as the initial working directory.
Results reported at Wed Jun  5 14:19:29 CDT 2019

Your job looked like:

------------------------------------------------------------
python /home/s1/tavangar/tavangar_simple/search_algorithm.py 340.31 -5.98 0.00 /home/s1/tavangar/tavangar_simple/decals_dr7_results/results_nside_32_6841.csv /home/s1/tavangar/tavangar_simple/decals_dr7_results/decals_dr7_log/results_nside_32_6841.log
------------------------------------------------------------

Successfully completed.

Resource usage summary:

	Real time :			191.18 sec.
	CPU time :			7.33 sec.
	CPU percentage :		92%
	Max Memory :			3908688 KB
	Average Memory :		0 KB

The output (if any) is above this job summary.
