/home/s1/tavangar/tavangar_simple/simple_utils.py:170: FutureWarning: elementwise comparison failed; returning scalar instead, but in the future will perform elementwise comparison
  if np.all(isochrone.stage == 'Main'):
Search coordinates: (RA, Dec) = (118.12, 13.25)
Center healpixel: 4714
Healpixels: [4714 4841 4713 4585 4458 4586 4715 4842 4970]
MC_SOURCE_ID = 0.0
mode = 0: running only on real data
Found 1 objects...
Applying cuts...
928149 star-like objects in ROI...
794483 galaxy-like objects in ROI...
No fracdet map specified ...
Distance = 15.8 kpc (m-M = 16.0)
928130 objects left after isochrone cut...
Characteristic density = 13800.0 deg^-2
Characteristic density local = 15798.1 deg^-2 = 4.388 arcmin^-2
Fitting aperture to hotspot...
Candidate: x_peak:       -0.835, y_peak:        0.125, r_peak:        0.020, sig:       12.351, ra_peak:      117.262, dec_peak:       13.374
Characteristic density local = 15688.7 deg^-2 = 4.358 arcmin^-2
Fitting aperture to hotspot...
Candidate: x_peak:       -0.715, y_peak:       -0.425, r_peak:        0.020, sig:       11.746, ra_peak:      117.387, dec_peak:       12.824
Characteristic density local = 15173.4 deg^-2 = 4.215 arcmin^-2
Fitting aperture to hotspot...
Candidate: x_peak:       -0.685, y_peak:        0.605, r_peak:        0.020, sig:        8.025, ra_peak:      117.414, dec_peak:       13.854
Characteristic density local = 14821.3 deg^-2 = 4.117 arcmin^-2
Fitting aperture to hotspot...
Candidate: x_peak:        0.015, y_peak:       -1.215, r_peak:        0.070, sig:        4.816, ra_peak:      118.135, dec_peak:       12.035
Characteristic density local = 14883.0 deg^-2 = 4.134 arcmin^-2
Fitting aperture to hotspot...
Candidate: x_peak:        0.025, y_peak:       -1.205, r_peak:        0.060, sig:        5.372, ra_peak:      118.146, dec_peak:       12.045
Characteristic density local = 14833.2 deg^-2 = 4.120 arcmin^-2
Fitting aperture to hotspot...
Candidate: x_peak:        0.035, y_peak:       -1.195, r_peak:        0.050, sig:        5.577, ra_peak:      118.156, dec_peak:       12.055
Characteristic density local = 14061.3 deg^-2 = 3.906 arcmin^-2
Fitting aperture to hotspot...
Candidate: x_peak:        0.225, y_peak:       -0.555, r_peak:        0.040, sig:        6.758, ra_peak:      118.351, dec_peak:       12.695
Characteristic density local = 13146.2 deg^-2 = 3.652 arcmin^-2
Fitting aperture to hotspot...
Candidate: x_peak:        0.415, y_peak:        0.165, r_peak:        0.020, sig:       11.300, ra_peak:      118.547, dec_peak:       13.415
Characteristic density local = 13024.8 deg^-2 = 3.618 arcmin^-2
Fitting aperture to hotspot...
Candidate: x_peak:        0.615, y_peak:       -0.675, r_peak:        0.020, sig:       10.059, ra_peak:      118.750, dec_peak:       12.574
Distance = 20.0 kpc (m-M = 16.5)
928137 objects left after isochrone cut...
Characteristic density = 13800.0 deg^-2
Characteristic density local = 15798.1 deg^-2 = 4.388 arcmin^-2
Fitting aperture to hotspot...
Candidate: x_peak:       -0.835, y_peak:        0.125, r_peak:        0.020, sig:       12.351, ra_peak:      117.262, dec_peak:       13.374
Characteristic density local = 15688.7 deg^-2 = 4.358 arcmin^-2
Fitting aperture to hotspot...
Candidate: x_peak:       -0.715, y_peak:       -0.425, r_peak:        0.020, sig:       11.746, ra_peak:      117.387, dec_peak:       12.824
Characteristic density local = 15173.4 deg^-2 = 4.215 arcmin^-2
Fitting aperture to hotspot...
Candidate: x_peak:       -0.685, y_peak:        0.605, r_peak:        0.020, sig:        8.025, ra_peak:      117.414, dec_peak:       13.854
Characteristic density local = 14821.3 deg^-2 = 4.117 arcmin^-2
Fitting aperture to hotspot...
Candidate: x_peak:        0.015, y_peak:       -1.215, r_peak:        0.070, sig:        4.816, ra_peak:      118.135, dec_peak:       12.035
Characteristic density local = 14883.0 deg^-2 = 4.134 arcmin^-2
Fitting aperture to hotspot...
Candidate: x_peak:        0.025, y_peak:       -1.205, r_peak:        0.060, sig:        5.372, ra_peak:      118.146, dec_peak:       12.045
Characteristic density local = 14833.2 deg^-2 = 4.120 arcmin^-2
Fitting aperture to hotspot...
Candidate: x_peak:        0.035, y_peak:       -1.195, r_peak:        0.050, sig:        5.577, ra_peak:      118.156, dec_peak:       12.055
Characteristic density local = 14061.3 deg^-2 = 3.906 arcmin^-2
Fitting aperture to hotspot...
Candidate: x_peak:        0.225, y_peak:       -0.555, r_peak:        0.040, sig:        6.758, ra_peak:      118.351, dec_peak:       12.695
Characteristic density local = 13146.2 deg^-2 = 3.652 arcmin^-2
Fitting aperture to hotspot...
Candidate: x_peak:        0.415, y_peak:        0.165, r_peak:        0.020, sig:       11.300, ra_peak:      118.547, dec_peak:       13.415
Characteristic density local = 13024.8 deg^-2 = 3.618 arcmin^-2
Fitting aperture to hotspot...
Candidate: x_peak:        0.615, y_peak:       -0.675, r_peak:        0.020, sig:       10.059, ra_peak:      118.750, dec_peak:       12.574
Distance = 25.1 kpc (m-M = 17.0)
928136 objects left after isochrone cut...
Characteristic density = 13800.0 deg^-2
Characteristic density local = 15798.1 deg^-2 = 4.388 arcmin^-2
Fitting aperture to hotspot...
Candidate: x_peak:       -0.835, y_peak:        0.125, r_peak:        0.020, sig:       12.351, ra_peak:      117.262, dec_peak:       13.374
Characteristic density local = 15688.7 deg^-2 = 4.358 arcmin^-2
Fitting aperture to hotspot...
Candidate: x_peak:       -0.715, y_peak:       -0.425, r_peak:        0.020, sig:       11.746, ra_peak:      117.387, dec_peak:       12.824
Characteristic density local = 15171.4 deg^-2 = 4.214 arcmin^-2
Fitting aperture to hotspot...
Candidate: x_peak:       -0.685, y_peak:        0.605, r_peak:        0.020, sig:        8.026, ra_peak:      117.414, dec_peak:       13.854
Characteristic density local = 14821.3 deg^-2 = 4.117 arcmin^-2
Fitting aperture to hotspot...
Candidate: x_peak:        0.015, y_peak:       -1.215, r_peak:        0.070, sig:        4.816, ra_peak:      118.135, dec_peak:       12.035
Characteristic density local = 14883.0 deg^-2 = 4.134 arcmin^-2
Fitting aperture to hotspot...
Candidate: x_peak:        0.025, y_peak:       -1.205, r_peak:        0.060, sig:        5.372, ra_peak:      118.146, dec_peak:       12.045
Characteristic density local = 14833.2 deg^-2 = 4.120 arcmin^-2
Fitting aperture to hotspot...
Candidate: x_peak:        0.035, y_peak:       -1.195, r_peak:        0.050, sig:        5.577, ra_peak:      118.156, dec_peak:       12.055
Characteristic density local = 14061.3 deg^-2 = 3.906 arcmin^-2
Fitting aperture to hotspot...
Candidate: x_peak:        0.225, y_peak:       -0.555, r_peak:        0.040, sig:        6.758, ra_peak:      118.351, dec_peak:       12.695
Characteristic density local = 13146.2 deg^-2 = 3.652 arcmin^-2
Fitting aperture to hotspot...
Candidate: x_peak:        0.415, y_peak:        0.165, r_peak:        0.020, sig:       11.300, ra_peak:      118.547, dec_peak:       13.415
Characteristic density local = 13024.8 deg^-2 = 3.618 arcmin^-2
Fitting aperture to hotspot...
Candidate: x_peak:        0.615, y_peak:       -0.675, r_peak:        0.020, sig:       10.059, ra_peak:      118.750, dec_peak:       12.574
Distance = 31.6 kpc (m-M = 17.5)
928134 objects left after isochrone cut...
Characteristic density = 13800.0 deg^-2
Characteristic density local = 15798.1 deg^-2 = 4.388 arcmin^-2
Fitting aperture to hotspot...
Candidate: x_peak:       -0.835, y_peak:        0.125, r_peak:        0.020, sig:       12.351, ra_peak:      117.262, dec_peak:       13.374
Characteristic density local = 15688.7 deg^-2 = 4.358 arcmin^-2
Fitting aperture to hotspot...
Candidate: x_peak:       -0.715, y_peak:       -0.425, r_peak:        0.020, sig:       11.746, ra_peak:      117.387, dec_peak:       12.824
Characteristic density local = 15171.4 deg^-2 = 4.214 arcmin^-2
Fitting aperture to hotspot...
Candidate: x_peak:       -0.685, y_peak:        0.605, r_peak:        0.020, sig:        8.026, ra_peak:      117.414, dec_peak:       13.854
Characteristic density local = 14821.3 deg^-2 = 4.117 arcmin^-2
Fitting aperture to hotspot...
Candidate: x_peak:        0.015, y_peak:       -1.215, r_peak:        0.070, sig:        4.816, ra_peak:      118.135, dec_peak:       12.035
Characteristic density local = 14883.0 deg^-2 = 4.134 arcmin^-2
Fitting aperture to hotspot...
Candidate: x_peak:        0.025, y_peak:       -1.205, r_peak:        0.060, sig:        5.372, ra_peak:      118.146, dec_peak:       12.045
Characteristic density local = 14833.2 deg^-2 = 4.120 arcmin^-2
Fitting aperture to hotspot...
Candidate: x_peak:        0.035, y_peak:       -1.195, r_peak:        0.050, sig:        5.577, ra_peak:      118.156, dec_peak:       12.055
Characteristic density local = 14061.3 deg^-2 = 3.906 arcmin^-2
Fitting aperture to hotspot...
Candidate: x_peak:        0.225, y_peak:       -0.555, r_peak:        0.040, sig:        6.758, ra_peak:      118.351, dec_peak:       12.695
Characteristic density local = 13146.2 deg^-2 = 3.652 arcmin^-2
Fitting aperture to hotspot...
Candidate: x_peak:        0.415, y_peak:        0.165, r_peak:        0.020, sig:       11.300, ra_peak:      118.547, dec_peak:       13.415
Characteristic density local = 13024.8 deg^-2 = 3.618 arcmin^-2
Fitting aperture to hotspot...
Candidate: x_peak:        0.615, y_peak:       -0.675, r_peak:        0.020, sig:       10.059, ra_peak:      118.750, dec_peak:       12.574
Distance = 39.8 kpc (m-M = 18.0)
928041 objects left after isochrone cut...
Characteristic density = 13800.0 deg^-2
Characteristic density local = 15796.1 deg^-2 = 4.388 arcmin^-2
Fitting aperture to hotspot...
Candidate: x_peak:       -0.835, y_peak:        0.125, r_peak:        0.020, sig:       12.352, ra_peak:      117.262, dec_peak:       13.374
Characteristic density local = 15682.7 deg^-2 = 4.356 arcmin^-2
Fitting aperture to hotspot...
Candidate: x_peak:       -0.715, y_peak:       -0.425, r_peak:        0.020, sig:       11.749, ra_peak:      117.387, dec_peak:       12.824
Characteristic density local = 15167.5 deg^-2 = 4.213 arcmin^-2
Fitting aperture to hotspot...
Candidate: x_peak:       -0.685, y_peak:        0.605, r_peak:        0.020, sig:        8.028, ra_peak:      117.414, dec_peak:       13.854
Characteristic density local = 14821.3 deg^-2 = 4.117 arcmin^-2
Fitting aperture to hotspot...
Candidate: x_peak:        0.015, y_peak:       -1.215, r_peak:        0.070, sig:        4.816, ra_peak:      118.135, dec_peak:       12.035
Characteristic density local = 14883.0 deg^-2 = 4.134 arcmin^-2
Fitting aperture to hotspot...
Candidate: x_peak:        0.025, y_peak:       -1.205, r_peak:        0.060, sig:        5.372, ra_peak:      118.146, dec_peak:       12.045
Characteristic density local = 14833.2 deg^-2 = 4.120 arcmin^-2
Fitting aperture to hotspot...
Candidate: x_peak:        0.035, y_peak:       -1.195, r_peak:        0.050, sig:        5.577, ra_peak:      118.156, dec_peak:       12.055
Characteristic density local = 14061.3 deg^-2 = 3.906 arcmin^-2
Fitting aperture to hotspot...
Candidate: x_peak:        0.225, y_peak:       -0.555, r_peak:        0.040, sig:        6.758, ra_peak:      118.351, dec_peak:       12.695
Characteristic density local = 13144.2 deg^-2 = 3.651 arcmin^-2
Fitting aperture to hotspot...
Candidate: x_peak:        0.415, y_peak:        0.165, r_peak:        0.020, sig:       11.301, ra_peak:      118.547, dec_peak:       13.415
Characteristic density local = 13024.8 deg^-2 = 3.618 arcmin^-2
Fitting aperture to hotspot...
Candidate: x_peak:        0.615, y_peak:       -0.675, r_peak:        0.020, sig:       10.059, ra_peak:      118.750, dec_peak:       12.574
Distance = 50.1 kpc (m-M = 18.5)
927002 objects left after isochrone cut...
Characteristic density = 13800.0 deg^-2
Characteristic density local = 15704.6 deg^-2 = 4.362 arcmin^-2
Fitting aperture to hotspot...
Candidate: x_peak:       -0.845, y_peak:        0.125, r_peak:        0.030, sig:       11.886, ra_peak:      117.251, dec_peak:       13.374
Characteristic density local = 15589.2 deg^-2 = 4.330 arcmin^-2
Fitting aperture to hotspot...
Candidate: x_peak:       -0.715, y_peak:       -0.425, r_peak:        0.020, sig:       11.785, ra_peak:      117.387, dec_peak:       12.824
Characteristic density local = 15135.6 deg^-2 = 4.204 arcmin^-2
Fitting aperture to hotspot...
Candidate: x_peak:       -0.685, y_peak:        0.605, r_peak:        0.020, sig:        8.039, ra_peak:      117.414, dec_peak:       13.854
Characteristic density local = 14785.5 deg^-2 = 4.107 arcmin^-2
Fitting aperture to hotspot...
Candidate: x_peak:        0.015, y_peak:       -1.215, r_peak:        0.070, sig:        4.794, ra_peak:      118.135, dec_peak:       12.035
Characteristic density local = 14851.1 deg^-2 = 4.125 arcmin^-2
Fitting aperture to hotspot...
Candidate: x_peak:        0.025, y_peak:       -1.205, r_peak:        0.060, sig:        5.402, ra_peak:      118.146, dec_peak:       12.045
Characteristic density local = 14803.4 deg^-2 = 4.112 arcmin^-2
Fitting aperture to hotspot...
Candidate: x_peak:        0.035, y_peak:       -1.195, r_peak:        0.050, sig:        5.600, ra_peak:      118.156, dec_peak:       12.055
Characteristic density local = 14015.6 deg^-2 = 3.893 arcmin^-2
Fitting aperture to hotspot...
Candidate: x_peak:        0.225, y_peak:       -0.555, r_peak:        0.040, sig:        6.789, ra_peak:      118.351, dec_peak:       12.695
Characteristic density local = 13108.4 deg^-2 = 3.641 arcmin^-2
Fitting aperture to hotspot...
Candidate: x_peak:        0.415, y_peak:        0.165, r_peak:        0.020, sig:       11.316, ra_peak:      118.547, dec_peak:       13.415
Characteristic density local = 13020.9 deg^-2 = 3.617 arcmin^-2
Fitting aperture to hotspot...
Candidate: x_peak:        0.615, y_peak:       -0.675, r_peak:        0.020, sig:       10.061, ra_peak:      118.750, dec_peak:       12.574
Distance = 63.1 kpc (m-M = 19.0)
920698 objects left after isochrone cut...
Characteristic density = 13500.0 deg^-2
Characteristic density local = 15513.6 deg^-2 = 4.309 arcmin^-2
Fitting aperture to hotspot...
Candidate: x_peak:       -0.835, y_peak:        0.125, r_peak:        0.020, sig:       12.464, ra_peak:      117.262, dec_peak:       13.374
Characteristic density local = 15231.1 deg^-2 = 4.231 arcmin^-2
Fitting aperture to hotspot...
Candidate: x_peak:       -0.715, y_peak:       -0.425, r_peak:        0.020, sig:       11.927, ra_peak:      117.387, dec_peak:       12.824
Characteristic density local = 14944.6 deg^-2 = 4.151 arcmin^-2
Fitting aperture to hotspot...
Candidate: x_peak:       -0.685, y_peak:        0.605, r_peak:        0.020, sig:        8.110, ra_peak:      117.414, dec_peak:       13.854
Characteristic density local = 14520.9 deg^-2 = 4.034 arcmin^-2
Fitting aperture to hotspot...
Candidate: x_peak:        0.015, y_peak:       -1.215, r_peak:        0.070, sig:        4.595, ra_peak:      118.135, dec_peak:       12.035
Characteristic density local = 14586.6 deg^-2 = 4.052 arcmin^-2
Fitting aperture to hotspot...
Candidate: x_peak:        0.025, y_peak:       -1.205, r_peak:        0.060, sig:        5.307, ra_peak:      118.146, dec_peak:       12.045
Characteristic density local = 14536.8 deg^-2 = 4.038 arcmin^-2
Fitting aperture to hotspot...
Candidate: x_peak:        0.035, y_peak:       -1.195, r_peak:        0.050, sig:        5.732, ra_peak:      118.156, dec_peak:       12.055
Characteristic density local = 13836.5 deg^-2 = 3.843 arcmin^-2
Fitting aperture to hotspot...
Candidate: x_peak:        0.225, y_peak:       -0.555, r_peak:        0.040, sig:        6.911, ra_peak:      118.351, dec_peak:       12.695
Characteristic density local = 12941.3 deg^-2 = 3.595 arcmin^-2
Fitting aperture to hotspot...
Candidate: x_peak:        0.415, y_peak:        0.165, r_peak:        0.020, sig:       11.389, ra_peak:      118.547, dec_peak:       13.415
Characteristic density local = 12941.3 deg^-2 = 3.595 arcmin^-2
Fitting aperture to hotspot...
Candidate: x_peak:        0.615, y_peak:       -0.675, r_peak:        0.020, sig:       10.095, ra_peak:      118.750, dec_peak:       12.574
Distance = 79.4 kpc (m-M = 19.5)
910632 objects left after isochrone cut...
Characteristic density = 13200.0 deg^-2
Characteristic density local = 15113.8 deg^-2 = 4.198 arcmin^-2
Fitting aperture to hotspot...
Candidate: x_peak:       -0.835, y_peak:        0.125, r_peak:        0.020, sig:       12.625, ra_peak:      117.262, dec_peak:       13.374
Characteristic density local = 14801.4 deg^-2 = 4.112 arcmin^-2
Fitting aperture to hotspot...
Candidate: x_peak:       -0.715, y_peak:       -0.425, r_peak:        0.020, sig:       11.836, ra_peak:      117.387, dec_peak:       12.824
Characteristic density local = 14511.0 deg^-2 = 4.031 arcmin^-2
Fitting aperture to hotspot...
Candidate: x_peak:       -0.685, y_peak:        0.605, r_peak:        0.020, sig:        8.272, ra_peak:      117.414, dec_peak:       13.854
Characteristic density local = 13573.9 deg^-2 = 3.771 arcmin^-2
Fitting aperture to hotspot...
Candidate: x_peak:        0.225, y_peak:       -0.555, r_peak:        0.040, sig:        7.091, ra_peak:      118.351, dec_peak:       12.695
Characteristic density local = 12734.4 deg^-2 = 3.537 arcmin^-2
Fitting aperture to hotspot...
Candidate: x_peak:        0.415, y_peak:        0.165, r_peak:        0.020, sig:       11.480, ra_peak:      118.547, dec_peak:       13.415
Characteristic density local = 12790.1 deg^-2 = 3.553 arcmin^-2
Fitting aperture to hotspot...
Candidate: x_peak:        0.615, y_peak:       -0.675, r_peak:        0.020, sig:       10.159, ra_peak:      118.750, dec_peak:       12.574
Distance = 100.0 kpc (m-M = 20.0)
898141 objects left after isochrone cut...
Characteristic density = 12700.0 deg^-2
Characteristic density local = 14576.6 deg^-2 = 4.049 arcmin^-2
Fitting aperture to hotspot...
Candidate: x_peak:       -0.845, y_peak:        0.125, r_peak:        0.030, sig:       12.207, ra_peak:      117.251, dec_peak:       13.374
Characteristic density local = 14292.1 deg^-2 = 3.970 arcmin^-2
Fitting aperture to hotspot...
Candidate: x_peak:       -0.715, y_peak:       -0.425, r_peak:        0.020, sig:       11.912, ra_peak:      117.387, dec_peak:       12.824
Characteristic density local = 13993.7 deg^-2 = 3.887 arcmin^-2
Fitting aperture to hotspot...
Candidate: x_peak:       -0.685, y_peak:        0.605, r_peak:        0.020, sig:        8.471, ra_peak:      117.414, dec_peak:       13.854
Characteristic density local = 13257.6 deg^-2 = 3.683 arcmin^-2
Fitting aperture to hotspot...
Candidate: x_peak:        0.225, y_peak:       -0.555, r_peak:        0.040, sig:        6.924, ra_peak:      118.351, dec_peak:       12.695
Characteristic density local = 12471.8 deg^-2 = 3.464 arcmin^-2
Fitting aperture to hotspot...
Candidate: x_peak:        0.415, y_peak:        0.165, r_peak:        0.020, sig:       11.597, ra_peak:      118.547, dec_peak:       13.415
Characteristic density local = 12575.2 deg^-2 = 3.493 arcmin^-2
Fitting aperture to hotspot...
Candidate: x_peak:        0.615, y_peak:       -0.675, r_peak:        0.020, sig:       10.252, ra_peak:      118.750, dec_peak:       12.574
Distance = 125.9 kpc (m-M = 20.5)
883103 objects left after isochrone cut...
Characteristic density = 12300.0 deg^-2
Characteristic density local = 14015.6 deg^-2 = 3.893 arcmin^-2
Fitting aperture to hotspot...
Candidate: x_peak:       -0.845, y_peak:        0.125, r_peak:        0.030, sig:       12.427, ra_peak:      117.251, dec_peak:       13.374
Characteristic density local = 13717.2 deg^-2 = 3.810 arcmin^-2
Fitting aperture to hotspot...
Candidate: x_peak:       -0.715, y_peak:       -0.425, r_peak:        0.020, sig:       12.019, ra_peak:      117.387, dec_peak:       12.824
Characteristic density local = 13438.6 deg^-2 = 3.733 arcmin^-2
Fitting aperture to hotspot...
Candidate: x_peak:       -0.685, y_peak:        0.605, r_peak:        0.020, sig:        8.537, ra_peak:      117.414, dec_peak:       13.854
Characteristic density local = 12810.0 deg^-2 = 3.558 arcmin^-2
Fitting aperture to hotspot...
Candidate: x_peak:        0.225, y_peak:       -0.555, r_peak:        0.040, sig:        7.142, ra_peak:      118.351, dec_peak:       12.695
Characteristic density local = 12129.6 deg^-2 = 3.369 arcmin^-2
Fitting aperture to hotspot...
Candidate: x_peak:        0.415, y_peak:        0.165, r_peak:        0.020, sig:       11.611, ra_peak:      118.547, dec_peak:       13.415
Characteristic density local = 12286.8 deg^-2 = 3.413 arcmin^-2
Fitting aperture to hotspot...
Candidate: x_peak:        0.615, y_peak:       -0.675, r_peak:        0.020, sig:       10.378, ra_peak:      118.750, dec_peak:       12.574
Characteristic density local = 11439.3 deg^-2 = 3.178 arcmin^-2
Fitting aperture to hotspot...
Candidate: x_peak:        1.175, y_peak:        0.005, r_peak:        0.060, sig:        7.359, ra_peak:      119.327, dec_peak:       13.252
Distance = 158.5 kpc (m-M = 21.0)
865612 objects left after isochrone cut...
Characteristic density = 11700.0 deg^-2
Characteristic density local = 13355.1 deg^-2 = 3.710 arcmin^-2
Fitting aperture to hotspot...
Candidate: x_peak:       -0.845, y_peak:        0.125, r_peak:        0.030, sig:       12.714, ra_peak:      117.251, dec_peak:       13.374
Characteristic density local = 13026.8 deg^-2 = 3.619 arcmin^-2
Fitting aperture to hotspot...
Candidate: x_peak:       -0.715, y_peak:       -0.425, r_peak:        0.020, sig:       12.320, ra_peak:      117.387, dec_peak:       12.824
Characteristic density local = 12804.0 deg^-2 = 3.557 arcmin^-2
Fitting aperture to hotspot...
Candidate: x_peak:       -0.685, y_peak:        0.605, r_peak:        0.020, sig:        8.795, ra_peak:      117.414, dec_peak:       13.854
Characteristic density local = 12465.8 deg^-2 = 3.463 arcmin^-2
Fitting aperture to hotspot...
Candidate: x_peak:        0.025, y_peak:       -1.205, r_peak:        0.060, sig:        5.538, ra_peak:      118.146, dec_peak:       12.045
Characteristic density local = 12252.9 deg^-2 = 3.404 arcmin^-2
Fitting aperture to hotspot...
Candidate: x_peak:        0.225, y_peak:       -0.555, r_peak:        0.040, sig:        7.447, ra_peak:      118.351, dec_peak:       12.695
Characteristic density local = 11566.6 deg^-2 = 3.213 arcmin^-2
Fitting aperture to hotspot...
Candidate: x_peak:        0.415, y_peak:        0.165, r_peak:        0.020, sig:       11.729, ra_peak:      118.547, dec_peak:       13.415
Characteristic density local = 11759.6 deg^-2 = 3.267 arcmin^-2
Fitting aperture to hotspot...
Candidate: x_peak:        0.615, y_peak:       -0.675, r_peak:        0.020, sig:       10.316, ra_peak:      118.750, dec_peak:       12.574
Characteristic density local = 10922.0 deg^-2 = 3.034 arcmin^-2
Fitting aperture to hotspot...
Candidate: x_peak:        1.175, y_peak:        0.005, r_peak:        0.060, sig:        7.565, ra_peak:      119.327, dec_peak:       13.252
Distance = 199.5 kpc (m-M = 21.5)
845876 objects left after isochrone cut...
Characteristic density = 11100.0 deg^-2
Characteristic density local = 12605.1 deg^-2 = 3.501 arcmin^-2
Fitting aperture to hotspot...
Candidate: x_peak:       -0.845, y_peak:        0.125, r_peak:        0.030, sig:       12.862, ra_peak:      117.251, dec_peak:       13.374
Characteristic density local = 12318.6 deg^-2 = 3.422 arcmin^-2
Fitting aperture to hotspot...
Candidate: x_peak:       -0.715, y_peak:       -0.435, r_peak:        0.020, sig:       12.088, ra_peak:      117.387, dec_peak:       12.814
Characteristic density local = 12062.0 deg^-2 = 3.351 arcmin^-2
Fitting aperture to hotspot...
Candidate: x_peak:       -0.685, y_peak:        0.605, r_peak:        0.020, sig:        9.110, ra_peak:      117.414, dec_peak:       13.854
Characteristic density local = 11584.5 deg^-2 = 3.218 arcmin^-2
Fitting aperture to hotspot...
Candidate: x_peak:        0.225, y_peak:       -0.555, r_peak:        0.040, sig:        7.949, ra_peak:      118.351, dec_peak:       12.695
Characteristic density local = 10920.0 deg^-2 = 3.033 arcmin^-2
Fitting aperture to hotspot...
Candidate: x_peak:        0.415, y_peak:        0.165, r_peak:        0.020, sig:       11.751, ra_peak:      118.547, dec_peak:       13.415
Characteristic density local = 11148.8 deg^-2 = 3.097 arcmin^-2
Fitting aperture to hotspot...
Candidate: x_peak:        0.615, y_peak:       -0.675, r_peak:        0.020, sig:       10.598, ra_peak:      118.750, dec_peak:       12.574
Characteristic density local = 10291.4 deg^-2 = 2.859 arcmin^-2
Fitting aperture to hotspot...
Candidate: x_peak:        1.175, y_peak:        0.005, r_peak:        0.060, sig:        7.915, ra_peak:      119.327, dec_peak:       13.252
Distance = 251.2 kpc (m-M = 22.0)
823655 objects left after isochrone cut...
Characteristic density = 10300.0 deg^-2
Characteristic density local = 11807.3 deg^-2 = 3.280 arcmin^-2
Fitting aperture to hotspot...
Candidate: x_peak:       -0.845, y_peak:        0.125, r_peak:        0.030, sig:       13.054, ra_peak:      117.251, dec_peak:       13.374
Characteristic density local = 11524.8 deg^-2 = 3.201 arcmin^-2
Fitting aperture to hotspot...
Candidate: x_peak:       -0.715, y_peak:       -0.435, r_peak:        0.020, sig:       12.179, ra_peak:      117.387, dec_peak:       12.814
Characteristic density local = 11260.2 deg^-2 = 3.128 arcmin^-2
Fitting aperture to hotspot...
Candidate: x_peak:       -0.685, y_peak:        0.605, r_peak:        0.020, sig:        9.308, ra_peak:      117.414, dec_peak:       13.854
Characteristic density local = 10874.3 deg^-2 = 3.021 arcmin^-2
Fitting aperture to hotspot...
Candidate: x_peak:        0.025, y_peak:       -1.205, r_peak:        0.060, sig:        5.953, ra_peak:      118.146, dec_peak:       12.045
Characteristic density local = 10852.4 deg^-2 = 3.015 arcmin^-2
Fitting aperture to hotspot...
Candidate: x_peak:        0.035, y_peak:       -1.195, r_peak:        0.050, sig:        6.478, ra_peak:      118.156, dec_peak:       12.055
Characteristic density local = 10780.8 deg^-2 = 2.995 arcmin^-2
Fitting aperture to hotspot...
Candidate: x_peak:        0.225, y_peak:       -0.555, r_peak:        0.040, sig:        7.867, ra_peak:      118.351, dec_peak:       12.695
Characteristic density local = 10162.0 deg^-2 = 2.823 arcmin^-2
Fitting aperture to hotspot...
Candidate: x_peak:        0.415, y_peak:        0.165, r_peak:        0.020, sig:       11.985, ra_peak:      118.547, dec_peak:       13.415
Characteristic density local = 10392.8 deg^-2 = 2.887 arcmin^-2
Fitting aperture to hotspot...
Candidate: x_peak:        0.615, y_peak:       -0.675, r_peak:        0.020, sig:       10.502, ra_peak:      118.750, dec_peak:       12.574
Characteristic density local = 9515.5 deg^-2 = 2.643 arcmin^-2
Fitting aperture to hotspot...
Candidate: x_peak:        1.175, y_peak:        0.005, r_peak:        0.060, sig:        7.843, ra_peak:      119.327, dec_peak:       13.252
Distance = 316.2 kpc (m-M = 22.5)
798481 objects left after isochrone cut...
Characteristic density = 9400.0 deg^-2
Characteristic density local = 10810.6 deg^-2 = 3.003 arcmin^-2
Fitting aperture to hotspot...
Candidate: x_peak:       -0.845, y_peak:        0.125, r_peak:        0.030, sig:       13.074, ra_peak:      117.251, dec_peak:       13.374
Characteristic density local = 10583.8 deg^-2 = 2.940 arcmin^-2
Fitting aperture to hotspot...
Candidate: x_peak:       -0.715, y_peak:       -0.435, r_peak:        0.020, sig:       12.500, ra_peak:      117.387, dec_peak:       12.814
Characteristic density local = 10235.7 deg^-2 = 2.843 arcmin^-2
Fitting aperture to hotspot...
Candidate: x_peak:       -0.685, y_peak:        0.605, r_peak:        0.020, sig:        9.305, ra_peak:      117.414, dec_peak:       13.854
Characteristic density local = 9927.3 deg^-2 = 2.758 arcmin^-2
Fitting aperture to hotspot...
Candidate: x_peak:        0.025, y_peak:       -1.205, r_peak:        0.060, sig:        6.326, ra_peak:      118.146, dec_peak:       12.045
Characteristic density local = 9913.4 deg^-2 = 2.754 arcmin^-2
Fitting aperture to hotspot...
Candidate: x_peak:        0.035, y_peak:       -1.195, r_peak:        0.060, sig:        6.817, ra_peak:      118.156, dec_peak:       12.055
Characteristic density local = 9925.3 deg^-2 = 2.757 arcmin^-2
Fitting aperture to hotspot...
Candidate: x_peak:        0.225, y_peak:       -0.555, r_peak:        0.040, sig:        8.568, ra_peak:      118.351, dec_peak:       12.695
Characteristic density local = 9320.5 deg^-2 = 2.589 arcmin^-2
Fitting aperture to hotspot...
Candidate: x_peak:        0.415, y_peak:        0.165, r_peak:        0.020, sig:       12.284, ra_peak:      118.547, dec_peak:       13.415
Characteristic density local = 9587.1 deg^-2 = 2.663 arcmin^-2
Fitting aperture to hotspot...
Candidate: x_peak:        0.615, y_peak:       -0.675, r_peak:        0.020, sig:       10.595, ra_peak:      118.750, dec_peak:       12.574
Characteristic density local = 8761.5 deg^-2 = 2.434 arcmin^-2
Fitting aperture to hotspot...
Candidate: x_peak:        1.175, y_peak:        0.005, r_peak:        0.060, sig:        7.910, ra_peak:      119.327, dec_peak:       13.252
Distance = 398.1 kpc (m-M = 23.0)
770429 objects left after isochrone cut...
Characteristic density = 8500.0 deg^-2
Characteristic density local = 9744.3 deg^-2 = 2.707 arcmin^-2
Fitting aperture to hotspot...
Candidate: x_peak:       -0.845, y_peak:        0.125, r_peak:        0.030, sig:       13.051, ra_peak:      117.251, dec_peak:       13.374
Characteristic density local = 9640.8 deg^-2 = 2.678 arcmin^-2
Fitting aperture to hotspot...
Candidate: x_peak:       -0.715, y_peak:       -0.425, r_peak:        0.020, sig:       12.705, ra_peak:      117.387, dec_peak:       12.824
Characteristic density local = 9227.0 deg^-2 = 2.563 arcmin^-2
Fitting aperture to hotspot...
Candidate: x_peak:       -0.685, y_peak:        0.605, r_peak:        0.020, sig:        9.810, ra_peak:      117.414, dec_peak:       13.854
Characteristic density local = 8851.0 deg^-2 = 2.459 arcmin^-2
Fitting aperture to hotspot...
Candidate: x_peak:        0.025, y_peak:       -1.205, r_peak:        0.060, sig:        6.900, ra_peak:      118.146, dec_peak:       12.045
Characteristic density local = 8835.1 deg^-2 = 2.454 arcmin^-2
Fitting aperture to hotspot...
Candidate: x_peak:        0.035, y_peak:       -1.195, r_peak:        0.060, sig:        7.574, ra_peak:      118.156, dec_peak:       12.055
Characteristic density local = 8896.8 deg^-2 = 2.471 arcmin^-2
Fitting aperture to hotspot...
Candidate: x_peak:        0.225, y_peak:       -0.555, r_peak:        0.040, sig:        9.046, ra_peak:      118.351, dec_peak:       12.695
Characteristic density local = 8375.5 deg^-2 = 2.327 arcmin^-2
Fitting aperture to hotspot...
Candidate: x_peak:        0.415, y_peak:        0.165, r_peak:        0.020, sig:       12.519, ra_peak:      118.547, dec_peak:       13.415
Characteristic density local = 8630.2 deg^-2 = 2.397 arcmin^-2
Fitting aperture to hotspot...
Candidate: x_peak:        0.615, y_peak:       -0.675, r_peak:        0.020, sig:       10.788, ra_peak:      118.750, dec_peak:       12.574
Characteristic density local = 7820.5 deg^-2 = 2.172 arcmin^-2
Fitting aperture to hotspot...
Candidate: x_peak:        1.175, y_peak:        0.005, r_peak:        0.060, sig:        8.165, ra_peak:      119.327, dec_peak:       13.252
13.07 sigma; (RA, Dec, d) = (117.25, 13.37); r = 0.03 deg; d = 316.2, mu = 22.50 mag), mc_source_id: 0.00
12.71 sigma; (RA, Dec, d) = (117.39, 12.82); r = 0.02 deg; d = 398.1, mu = 23.00 mag), mc_source_id: 0.00
12.52 sigma; (RA, Dec, d) = (118.55, 13.41); r = 0.02 deg; d = 398.1, mu = 23.00 mag), mc_source_id: 0.00
10.79 sigma; (RA, Dec, d) = (118.75, 12.57); r = 0.02 deg; d = 398.1, mu = 23.00 mag), mc_source_id: 0.00
9.81 sigma; (RA, Dec, d) = (117.41, 13.85); r = 0.02 deg; d = 398.1, mu = 23.00 mag), mc_source_id: 0.00
9.05 sigma; (RA, Dec, d) = (118.35, 12.69); r = 0.04 deg; d = 398.1, mu = 23.00 mag), mc_source_id: 0.00
8.16 sigma; (RA, Dec, d) = (119.33, 13.25); r = 0.06 deg; d = 398.1, mu = 23.00 mag), mc_source_id: 0.00
7.57 sigma; (RA, Dec, d) = (118.16, 12.05); r = 0.06 deg; d = 398.1, mu = 23.00 mag), mc_source_id: 0.00

------------------------------------------------------------
Job <679974.0> was submitted from <des51.fnal.gov> by user <tavangar>.
Job was executed on host <des40.fnal.gov> as user <tavangar>.
</var/lib/condor/execute/dir_1837271> was used as the initial working directory.
Results reported at Wed Jun  5 07:04:39 CDT 2019

Your job looked like:

------------------------------------------------------------
python /home/s1/tavangar/tavangar_simple/search_algorithm.py 118.12 13.25 0.00 /home/s1/tavangar/tavangar_simple/decals_dr7_results/results_nside_32_4714.csv /home/s1/tavangar/tavangar_simple/decals_dr7_results/decals_dr7_log/results_nside_32_4714.log
------------------------------------------------------------

Successfully completed.

Resource usage summary:

	Real time :			466.46 sec.
	CPU time :			114.35 sec.
	CPU percentage :		94%
	Max Memory :			6012304 KB
	Average Memory :		0 KB

The output (if any) is above this job summary.
