/home/s1/tavangar/tavangar_simple/simple_utils.py:170: FutureWarning: elementwise comparison failed; returning scalar instead, but in the future will perform elementwise comparison
  if np.all(isochrone.stage == 'Main'):
Search coordinates: (RA, Dec) = (206.72, -2.39)
Center healpixel: 6409
Healpixels: [6409 6537 6408 6281 6153 6282 6410 6538 6665]
MC_SOURCE_ID = 0.0
mode = 0: running only on real data
Found 1 objects...
Applying cuts...
851239 star-like objects in ROI...
1003092 galaxy-like objects in ROI...
No fracdet map specified ...
Distance = 15.8 kpc (m-M = 16.0)
851223 objects left after isochrone cut...
Characteristic density = 7600.0 deg^-2
Characteristic density local = 7144.1 deg^-2 = 1.984 arcmin^-2
Fitting aperture to hotspot...
Candidate: x_peak:       -0.995, y_peak:       -0.075, r_peak:        0.020, sig:        9.236, ra_peak:      205.724, dec_peak:       -2.465
Characteristic density local = 7615.6 deg^-2 = 2.115 arcmin^-2
Fitting aperture to hotspot...
Candidate: x_peak:       -0.155, y_peak:        0.265, r_peak:        0.030, sig:        4.014, ra_peak:      206.565, dec_peak:       -2.125
Characteristic density local = 7329.1 deg^-2 = 2.036 arcmin^-2
Fitting aperture to hotspot...
Candidate: x_peak:        0.115, y_peak:       -0.055, r_peak:        0.020, sig:        8.383, ra_peak:      206.835, dec_peak:       -2.445
Characteristic density local = 7713.0 deg^-2 = 2.143 arcmin^-2
Fitting aperture to hotspot...
Candidate: x_peak:        0.255, y_peak:       -0.765, r_peak:        0.020, sig:        7.403, ra_peak:      206.975, dec_peak:       -3.155
Characteristic density local = 7575.8 deg^-2 = 2.104 arcmin^-2
Fitting aperture to hotspot...
Candidate: x_peak:        0.445, y_peak:       -0.455, r_peak:        0.020, sig:       12.059, ra_peak:      207.166, dec_peak:       -2.845
Characteristic density local = 7766.8 deg^-2 = 2.157 arcmin^-2
Fitting aperture to hotspot...
Candidate: x_peak:        0.475, y_peak:       -0.785, r_peak:        0.010, sig:        5.984, ra_peak:      207.196, dec_peak:       -3.175
Characteristic density local = 7717.0 deg^-2 = 2.144 arcmin^-2
Fitting aperture to hotspot...
Candidate: x_peak:        0.505, y_peak:        0.765, r_peak:        0.070, sig:        4.220, ra_peak:      207.225, dec_peak:       -1.625
Characteristic density local = 7778.7 deg^-2 = 2.161 arcmin^-2
Fitting aperture to hotspot...
Candidate: x_peak:        0.595, y_peak:        0.465, r_peak:        0.020, sig:        7.173, ra_peak:      207.315, dec_peak:       -1.925
Distance = 20.0 kpc (m-M = 16.5)
851232 objects left after isochrone cut...
Characteristic density = 7600.0 deg^-2
Characteristic density local = 7144.1 deg^-2 = 1.984 arcmin^-2
Fitting aperture to hotspot...
Candidate: x_peak:       -0.995, y_peak:       -0.075, r_peak:        0.020, sig:        9.236, ra_peak:      205.724, dec_peak:       -2.465
Characteristic density local = 7615.6 deg^-2 = 2.115 arcmin^-2
Fitting aperture to hotspot...
Candidate: x_peak:       -0.155, y_peak:        0.265, r_peak:        0.030, sig:        4.014, ra_peak:      206.565, dec_peak:       -2.125
Characteristic density local = 7329.1 deg^-2 = 2.036 arcmin^-2
Fitting aperture to hotspot...
Candidate: x_peak:        0.115, y_peak:       -0.055, r_peak:        0.020, sig:        8.383, ra_peak:      206.835, dec_peak:       -2.445
Characteristic density local = 7713.0 deg^-2 = 2.143 arcmin^-2
Fitting aperture to hotspot...
Candidate: x_peak:        0.255, y_peak:       -0.765, r_peak:        0.020, sig:        7.403, ra_peak:      206.975, dec_peak:       -3.155
Characteristic density local = 7575.8 deg^-2 = 2.104 arcmin^-2
Fitting aperture to hotspot...
Candidate: x_peak:        0.445, y_peak:       -0.455, r_peak:        0.020, sig:       12.059, ra_peak:      207.166, dec_peak:       -2.845
Characteristic density local = 7766.8 deg^-2 = 2.157 arcmin^-2
Fitting aperture to hotspot...
Candidate: x_peak:        0.475, y_peak:       -0.785, r_peak:        0.010, sig:        5.984, ra_peak:      207.196, dec_peak:       -3.175
Characteristic density local = 7717.0 deg^-2 = 2.144 arcmin^-2
Fitting aperture to hotspot...
Candidate: x_peak:        0.505, y_peak:        0.765, r_peak:        0.070, sig:        4.220, ra_peak:      207.225, dec_peak:       -1.625
Characteristic density local = 7778.7 deg^-2 = 2.161 arcmin^-2
Fitting aperture to hotspot...
Candidate: x_peak:        0.595, y_peak:        0.465, r_peak:        0.020, sig:        7.173, ra_peak:      207.315, dec_peak:       -1.925
Distance = 25.1 kpc (m-M = 17.0)
851234 objects left after isochrone cut...
Characteristic density = 7600.0 deg^-2
Characteristic density local = 7144.1 deg^-2 = 1.984 arcmin^-2
Fitting aperture to hotspot...
Candidate: x_peak:       -0.995, y_peak:       -0.075, r_peak:        0.020, sig:        9.236, ra_peak:      205.724, dec_peak:       -2.465
Characteristic density local = 7615.6 deg^-2 = 2.115 arcmin^-2
Fitting aperture to hotspot...
Candidate: x_peak:       -0.155, y_peak:        0.265, r_peak:        0.030, sig:        4.014, ra_peak:      206.565, dec_peak:       -2.125
Characteristic density local = 7329.1 deg^-2 = 2.036 arcmin^-2
Fitting aperture to hotspot...
Candidate: x_peak:        0.115, y_peak:       -0.055, r_peak:        0.020, sig:        8.383, ra_peak:      206.835, dec_peak:       -2.445
Characteristic density local = 7713.0 deg^-2 = 2.143 arcmin^-2
Fitting aperture to hotspot...
Candidate: x_peak:        0.255, y_peak:       -0.765, r_peak:        0.020, sig:        7.403, ra_peak:      206.975, dec_peak:       -3.155
Characteristic density local = 7575.8 deg^-2 = 2.104 arcmin^-2
Fitting aperture to hotspot...
Candidate: x_peak:        0.445, y_peak:       -0.455, r_peak:        0.020, sig:       12.059, ra_peak:      207.166, dec_peak:       -2.845
Characteristic density local = 7766.8 deg^-2 = 2.157 arcmin^-2
Fitting aperture to hotspot...
Candidate: x_peak:        0.475, y_peak:       -0.785, r_peak:        0.010, sig:        5.984, ra_peak:      207.196, dec_peak:       -3.175
Characteristic density local = 7717.0 deg^-2 = 2.144 arcmin^-2
Fitting aperture to hotspot...
Candidate: x_peak:        0.505, y_peak:        0.765, r_peak:        0.070, sig:        4.220, ra_peak:      207.225, dec_peak:       -1.625
Characteristic density local = 7778.7 deg^-2 = 2.161 arcmin^-2
Fitting aperture to hotspot...
Candidate: x_peak:        0.595, y_peak:        0.465, r_peak:        0.020, sig:        7.173, ra_peak:      207.315, dec_peak:       -1.925
Distance = 31.6 kpc (m-M = 17.5)
851236 objects left after isochrone cut...
Characteristic density = 7600.0 deg^-2
Characteristic density local = 7144.1 deg^-2 = 1.984 arcmin^-2
Fitting aperture to hotspot...
Candidate: x_peak:       -0.995, y_peak:       -0.075, r_peak:        0.020, sig:        9.236, ra_peak:      205.724, dec_peak:       -2.465
Characteristic density local = 7615.6 deg^-2 = 2.115 arcmin^-2
Fitting aperture to hotspot...
Candidate: x_peak:       -0.155, y_peak:        0.265, r_peak:        0.030, sig:        4.014, ra_peak:      206.565, dec_peak:       -2.125
Characteristic density local = 7329.1 deg^-2 = 2.036 arcmin^-2
Fitting aperture to hotspot...
Candidate: x_peak:        0.115, y_peak:       -0.055, r_peak:        0.020, sig:        8.383, ra_peak:      206.835, dec_peak:       -2.445
Characteristic density local = 7713.0 deg^-2 = 2.143 arcmin^-2
Fitting aperture to hotspot...
Candidate: x_peak:        0.255, y_peak:       -0.765, r_peak:        0.020, sig:        7.403, ra_peak:      206.975, dec_peak:       -3.155
Characteristic density local = 7575.8 deg^-2 = 2.104 arcmin^-2
Fitting aperture to hotspot...
Candidate: x_peak:        0.445, y_peak:       -0.455, r_peak:        0.020, sig:       12.059, ra_peak:      207.166, dec_peak:       -2.845
Characteristic density local = 7766.8 deg^-2 = 2.157 arcmin^-2
Fitting aperture to hotspot...
Candidate: x_peak:        0.475, y_peak:       -0.785, r_peak:        0.010, sig:        5.984, ra_peak:      207.196, dec_peak:       -3.175
Characteristic density local = 7717.0 deg^-2 = 2.144 arcmin^-2
Fitting aperture to hotspot...
Candidate: x_peak:        0.505, y_peak:        0.765, r_peak:        0.070, sig:        4.220, ra_peak:      207.225, dec_peak:       -1.625
Characteristic density local = 7778.7 deg^-2 = 2.161 arcmin^-2
Fitting aperture to hotspot...
Candidate: x_peak:        0.595, y_peak:        0.465, r_peak:        0.020, sig:        7.173, ra_peak:      207.315, dec_peak:       -1.925
Distance = 39.8 kpc (m-M = 18.0)
851230 objects left after isochrone cut...
Characteristic density = 7600.0 deg^-2
Characteristic density local = 7144.1 deg^-2 = 1.984 arcmin^-2
Fitting aperture to hotspot...
Candidate: x_peak:       -0.995, y_peak:       -0.075, r_peak:        0.020, sig:        9.236, ra_peak:      205.724, dec_peak:       -2.465
Characteristic density local = 7615.6 deg^-2 = 2.115 arcmin^-2
Fitting aperture to hotspot...
Candidate: x_peak:       -0.155, y_peak:        0.265, r_peak:        0.030, sig:        4.014, ra_peak:      206.565, dec_peak:       -2.125
Characteristic density local = 7329.1 deg^-2 = 2.036 arcmin^-2
Fitting aperture to hotspot...
Candidate: x_peak:        0.115, y_peak:       -0.055, r_peak:        0.020, sig:        8.383, ra_peak:      206.835, dec_peak:       -2.445
Characteristic density local = 7713.0 deg^-2 = 2.143 arcmin^-2
Fitting aperture to hotspot...
Candidate: x_peak:        0.255, y_peak:       -0.765, r_peak:        0.020, sig:        7.403, ra_peak:      206.975, dec_peak:       -3.155
Characteristic density local = 7575.8 deg^-2 = 2.104 arcmin^-2
Fitting aperture to hotspot...
Candidate: x_peak:        0.445, y_peak:       -0.455, r_peak:        0.020, sig:       12.059, ra_peak:      207.166, dec_peak:       -2.845
Characteristic density local = 7766.8 deg^-2 = 2.157 arcmin^-2
Fitting aperture to hotspot...
Candidate: x_peak:        0.475, y_peak:       -0.785, r_peak:        0.010, sig:        5.984, ra_peak:      207.196, dec_peak:       -3.175
Characteristic density local = 7717.0 deg^-2 = 2.144 arcmin^-2
Fitting aperture to hotspot...
Candidate: x_peak:        0.505, y_peak:        0.765, r_peak:        0.070, sig:        4.220, ra_peak:      207.225, dec_peak:       -1.625
Characteristic density local = 7778.7 deg^-2 = 2.161 arcmin^-2
Fitting aperture to hotspot...
Candidate: x_peak:        0.595, y_peak:        0.465, r_peak:        0.020, sig:        7.173, ra_peak:      207.315, dec_peak:       -1.925
Distance = 50.1 kpc (m-M = 18.5)
850553 objects left after isochrone cut...
Characteristic density = 7500.0 deg^-2
Characteristic density local = 7128.2 deg^-2 = 1.980 arcmin^-2
Fitting aperture to hotspot...
Candidate: x_peak:       -0.995, y_peak:       -0.075, r_peak:        0.020, sig:        9.246, ra_peak:      205.724, dec_peak:       -2.465
Characteristic density local = 7593.7 deg^-2 = 2.109 arcmin^-2
Fitting aperture to hotspot...
Candidate: x_peak:       -0.155, y_peak:        0.265, r_peak:        0.030, sig:        4.029, ra_peak:      206.565, dec_peak:       -2.125
Characteristic density local = 7649.4 deg^-2 = 2.125 arcmin^-2
Fitting aperture to hotspot...
Candidate: x_peak:       -0.125, y_peak:        0.295, r_peak:        0.070, sig:        3.496, ra_peak:      206.595, dec_peak:       -2.095
Characteristic density local = 7305.2 deg^-2 = 2.029 arcmin^-2
Fitting aperture to hotspot...
Candidate: x_peak:        0.115, y_peak:       -0.055, r_peak:        0.020, sig:        8.397, ra_peak:      206.835, dec_peak:       -2.445
Characteristic density local = 7709.1 deg^-2 = 2.141 arcmin^-2
Fitting aperture to hotspot...
Candidate: x_peak:        0.255, y_peak:       -0.765, r_peak:        0.020, sig:        7.405, ra_peak:      206.975, dec_peak:       -3.155
Characteristic density local = 7557.9 deg^-2 = 2.099 arcmin^-2
Fitting aperture to hotspot...
Candidate: x_peak:        0.445, y_peak:       -0.455, r_peak:        0.020, sig:       12.071, ra_peak:      207.166, dec_peak:       -2.845
Characteristic density local = 7758.8 deg^-2 = 2.155 arcmin^-2
Fitting aperture to hotspot...
Candidate: x_peak:        0.475, y_peak:       -0.785, r_peak:        0.010, sig:        5.986, ra_peak:      207.196, dec_peak:       -3.175
Characteristic density local = 7677.2 deg^-2 = 2.133 arcmin^-2
Fitting aperture to hotspot...
Candidate: x_peak:        0.505, y_peak:        0.765, r_peak:        0.070, sig:        4.280, ra_peak:      207.225, dec_peak:       -1.625
Characteristic density local = 7727.0 deg^-2 = 2.146 arcmin^-2
Fitting aperture to hotspot...
Candidate: x_peak:        0.595, y_peak:        0.465, r_peak:        0.020, sig:        7.201, ra_peak:      207.315, dec_peak:       -1.925
Distance = 63.1 kpc (m-M = 19.0)
848370 objects left after isochrone cut...
Characteristic density = 7500.0 deg^-2
Characteristic density local = 7064.5 deg^-2 = 1.962 arcmin^-2
Fitting aperture to hotspot...
Candidate: x_peak:       -0.995, y_peak:       -0.075, r_peak:        0.020, sig:        9.284, ra_peak:      205.724, dec_peak:       -2.465
Characteristic density local = 7506.1 deg^-2 = 2.085 arcmin^-2
Fitting aperture to hotspot...
Candidate: x_peak:       -0.155, y_peak:        0.265, r_peak:        0.030, sig:        4.090, ra_peak:      206.565, dec_peak:       -2.125
Characteristic density local = 7257.5 deg^-2 = 2.016 arcmin^-2
Fitting aperture to hotspot...
Candidate: x_peak:        0.115, y_peak:       -0.055, r_peak:        0.020, sig:        8.425, ra_peak:      206.835, dec_peak:       -2.445
Characteristic density local = 7673.3 deg^-2 = 2.131 arcmin^-2
Fitting aperture to hotspot...
Candidate: x_peak:        0.255, y_peak:       -0.765, r_peak:        0.020, sig:        7.425, ra_peak:      206.975, dec_peak:       -3.155
Characteristic density local = 7492.2 deg^-2 = 2.081 arcmin^-2
Fitting aperture to hotspot...
Candidate: x_peak:        0.445, y_peak:       -0.455, r_peak:        0.020, sig:       12.112, ra_peak:      207.166, dec_peak:       -2.845
Characteristic density local = 7709.1 deg^-2 = 2.141 arcmin^-2
Fitting aperture to hotspot...
Candidate: x_peak:        0.475, y_peak:       -0.785, r_peak:        0.010, sig:        6.002, ra_peak:      207.196, dec_peak:       -3.175
Characteristic density local = 7565.8 deg^-2 = 2.102 arcmin^-2
Fitting aperture to hotspot...
Candidate: x_peak:        0.505, y_peak:        0.765, r_peak:        0.070, sig:        4.367, ra_peak:      207.225, dec_peak:       -1.625
Characteristic density local = 7635.5 deg^-2 = 2.121 arcmin^-2
Fitting aperture to hotspot...
Candidate: x_peak:        0.595, y_peak:        0.465, r_peak:        0.020, sig:        7.053, ra_peak:      207.315, dec_peak:       -1.925
Distance = 79.4 kpc (m-M = 19.5)
845265 objects left after isochrone cut...
Characteristic density = 7400.0 deg^-2
Characteristic density local = 6951.1 deg^-2 = 1.931 arcmin^-2
Fitting aperture to hotspot...
Candidate: x_peak:       -0.995, y_peak:       -0.075, r_peak:        0.020, sig:        9.354, ra_peak:      205.724, dec_peak:       -2.465
Characteristic density local = 7273.4 deg^-2 = 2.020 arcmin^-2
Fitting aperture to hotspot...
Candidate: x_peak:       -0.325, y_peak:       -0.625, r_peak:        0.020, sig:        5.374, ra_peak:      206.395, dec_peak:       -3.015
Characteristic density local = 7412.6 deg^-2 = 2.059 arcmin^-2
Fitting aperture to hotspot...
Candidate: x_peak:       -0.155, y_peak:        0.265, r_peak:        0.030, sig:        4.156, ra_peak:      206.565, dec_peak:       -2.125
Characteristic density local = 7138.1 deg^-2 = 1.983 arcmin^-2
Fitting aperture to hotspot...
Candidate: x_peak:        0.115, y_peak:       -0.055, r_peak:        0.020, sig:        8.495, ra_peak:      206.835, dec_peak:       -2.445
Characteristic density local = 7575.8 deg^-2 = 2.104 arcmin^-2
Fitting aperture to hotspot...
Candidate: x_peak:        0.255, y_peak:       -0.765, r_peak:        0.020, sig:        7.478, ra_peak:      206.975, dec_peak:       -3.155
Characteristic density local = 7378.8 deg^-2 = 2.050 arcmin^-2
Fitting aperture to hotspot...
Candidate: x_peak:        0.445, y_peak:       -0.455, r_peak:        0.020, sig:       12.184, ra_peak:      207.166, dec_peak:       -2.845
Characteristic density local = 7607.6 deg^-2 = 2.113 arcmin^-2
Fitting aperture to hotspot...
Candidate: x_peak:        0.475, y_peak:       -0.785, r_peak:        0.020, sig:        6.053, ra_peak:      207.196, dec_peak:       -3.175
Characteristic density local = 7464.4 deg^-2 = 2.073 arcmin^-2
Fitting aperture to hotspot...
Candidate: x_peak:        0.505, y_peak:        0.765, r_peak:        0.070, sig:        4.274, ra_peak:      207.225, dec_peak:       -1.625
Characteristic density local = 7508.1 deg^-2 = 2.086 arcmin^-2
Fitting aperture to hotspot...
Candidate: x_peak:        0.595, y_peak:        0.465, r_peak:        0.020, sig:        6.923, ra_peak:      207.315, dec_peak:       -1.925
Distance = 100.0 kpc (m-M = 20.0)
841330 objects left after isochrone cut...
Characteristic density = 7200.0 deg^-2
Characteristic density local = 6821.8 deg^-2 = 1.895 arcmin^-2
Fitting aperture to hotspot...
Candidate: x_peak:       -0.995, y_peak:       -0.075, r_peak:        0.020, sig:        9.434, ra_peak:      205.724, dec_peak:       -2.465
Characteristic density local = 7277.4 deg^-2 = 2.021 arcmin^-2
Fitting aperture to hotspot...
Candidate: x_peak:       -0.145, y_peak:        0.265, r_peak:        0.030, sig:        4.761, ra_peak:      206.575, dec_peak:       -2.125
Characteristic density local = 7006.8 deg^-2 = 1.946 arcmin^-2
Fitting aperture to hotspot...
Candidate: x_peak:        0.115, y_peak:       -0.055, r_peak:        0.020, sig:        8.382, ra_peak:      206.835, dec_peak:       -2.445
Characteristic density local = 7414.6 deg^-2 = 2.060 arcmin^-2
Fitting aperture to hotspot...
Candidate: x_peak:        0.255, y_peak:       -0.765, r_peak:        0.020, sig:        7.568, ra_peak:      206.975, dec_peak:       -3.155
Characteristic density local = 7219.7 deg^-2 = 2.005 arcmin^-2
Fitting aperture to hotspot...
Candidate: x_peak:        0.435, y_peak:       -0.455, r_peak:        0.030, sig:       11.401, ra_peak:      207.156, dec_peak:       -2.845
Characteristic density local = 7468.3 deg^-2 = 2.075 arcmin^-2
Fitting aperture to hotspot...
Candidate: x_peak:        0.475, y_peak:       -0.785, r_peak:        0.020, sig:        6.127, ra_peak:      207.196, dec_peak:       -3.175
Characteristic density local = 7404.7 deg^-2 = 2.057 arcmin^-2
Fitting aperture to hotspot...
Candidate: x_peak:        0.605, y_peak:        0.465, r_peak:        0.020, sig:        6.778, ra_peak:      207.325, dec_peak:       -1.925
Distance = 125.9 kpc (m-M = 20.5)
836649 objects left after isochrone cut...
Characteristic density = 7100.0 deg^-2
Characteristic density local = 6668.6 deg^-2 = 1.852 arcmin^-2
Fitting aperture to hotspot...
Candidate: x_peak:       -0.995, y_peak:       -0.075, r_peak:        0.020, sig:        9.530, ra_peak:      205.724, dec_peak:       -2.465
Characteristic density local = 7132.1 deg^-2 = 1.981 arcmin^-2
Fitting aperture to hotspot...
Candidate: x_peak:       -0.155, y_peak:        0.265, r_peak:        0.030, sig:        4.184, ra_peak:      206.565, dec_peak:       -2.125
Characteristic density local = 6861.6 deg^-2 = 1.906 arcmin^-2
Fitting aperture to hotspot...
Candidate: x_peak:        0.115, y_peak:       -0.055, r_peak:        0.020, sig:        8.470, ra_peak:      206.835, dec_peak:       -2.445
Characteristic density local = 7263.4 deg^-2 = 2.018 arcmin^-2
Fitting aperture to hotspot...
Candidate: x_peak:        0.255, y_peak:       -0.765, r_peak:        0.020, sig:        7.653, ra_peak:      206.975, dec_peak:       -3.155
Characteristic density local = 7086.4 deg^-2 = 1.968 arcmin^-2
Fitting aperture to hotspot...
Candidate: x_peak:        0.445, y_peak:       -0.455, r_peak:        0.020, sig:       12.374, ra_peak:      207.166, dec_peak:       -2.845
Characteristic density local = 7303.2 deg^-2 = 2.029 arcmin^-2
Fitting aperture to hotspot...
Candidate: x_peak:        0.475, y_peak:       -0.785, r_peak:        0.020, sig:        6.216, ra_peak:      207.196, dec_peak:       -3.175
Characteristic density local = 7237.6 deg^-2 = 2.010 arcmin^-2
Fitting aperture to hotspot...
Candidate: x_peak:        0.605, y_peak:        0.465, r_peak:        0.020, sig:        6.871, ra_peak:      207.325, dec_peak:       -1.925
Distance = 158.5 kpc (m-M = 21.0)
830885 objects left after isochrone cut...
Characteristic density = 6900.0 deg^-2
Characteristic density local = 6473.6 deg^-2 = 1.798 arcmin^-2
Fitting aperture to hotspot...
Candidate: x_peak:       -0.995, y_peak:       -0.075, r_peak:        0.020, sig:        9.656, ra_peak:      205.724, dec_peak:       -2.465
Characteristic density local = 6889.4 deg^-2 = 1.914 arcmin^-2
Fitting aperture to hotspot...
Candidate: x_peak:       -0.155, y_peak:        0.255, r_peak:        0.040, sig:        4.137, ra_peak:      206.565, dec_peak:       -2.135
Characteristic density local = 6682.5 deg^-2 = 1.856 arcmin^-2
Fitting aperture to hotspot...
Candidate: x_peak:        0.115, y_peak:       -0.055, r_peak:        0.020, sig:        8.579, ra_peak:      206.835, dec_peak:       -2.445
Characteristic density local = 7104.3 deg^-2 = 1.973 arcmin^-2
Fitting aperture to hotspot...
Candidate: x_peak:        0.255, y_peak:       -0.765, r_peak:        0.020, sig:        7.744, ra_peak:      206.975, dec_peak:       -3.155
Characteristic density local = 6919.3 deg^-2 = 1.922 arcmin^-2
Fitting aperture to hotspot...
Candidate: x_peak:        0.445, y_peak:       -0.455, r_peak:        0.020, sig:       12.485, ra_peak:      207.166, dec_peak:       -2.845
Characteristic density local = 7068.5 deg^-2 = 1.963 arcmin^-2
Fitting aperture to hotspot...
Candidate: x_peak:        0.475, y_peak:       -0.785, r_peak:        0.010, sig:        6.207, ra_peak:      207.196, dec_peak:       -3.175
Characteristic density local = 7034.6 deg^-2 = 1.954 arcmin^-2
Fitting aperture to hotspot...
Candidate: x_peak:        0.605, y_peak:        0.465, r_peak:        0.020, sig:        6.985, ra_peak:      207.325, dec_peak:       -1.925
Distance = 199.5 kpc (m-M = 21.5)
823924 objects left after isochrone cut...
Characteristic density = 6700.0 deg^-2
Characteristic density local = 6246.8 deg^-2 = 1.735 arcmin^-2
Fitting aperture to hotspot...
Candidate: x_peak:       -0.995, y_peak:       -0.075, r_peak:        0.020, sig:        9.805, ra_peak:      205.724, dec_peak:       -2.465
Characteristic density local = 6589.0 deg^-2 = 1.830 arcmin^-2
Fitting aperture to hotspot...
Candidate: x_peak:       -0.325, y_peak:       -0.625, r_peak:        0.020, sig:        5.748, ra_peak:      206.395, dec_peak:       -3.015
Characteristic density local = 6666.6 deg^-2 = 1.852 arcmin^-2
Fitting aperture to hotspot...
Candidate: x_peak:       -0.155, y_peak:        0.255, r_peak:        0.040, sig:        4.351, ra_peak:      206.565, dec_peak:       -2.135
Characteristic density local = 6459.7 deg^-2 = 1.794 arcmin^-2
Fitting aperture to hotspot...
Candidate: x_peak:        0.115, y_peak:       -0.055, r_peak:        0.020, sig:        8.718, ra_peak:      206.835, dec_peak:       -2.445
Characteristic density local = 6869.5 deg^-2 = 1.908 arcmin^-2
Fitting aperture to hotspot...
Candidate: x_peak:        0.255, y_peak:       -0.765, r_peak:        0.020, sig:        7.882, ra_peak:      206.975, dec_peak:       -3.155
Characteristic density local = 6684.5 deg^-2 = 1.857 arcmin^-2
Fitting aperture to hotspot...
Candidate: x_peak:        0.445, y_peak:       -0.455, r_peak:        0.020, sig:       12.645, ra_peak:      207.166, dec_peak:       -2.845
Characteristic density local = 6811.8 deg^-2 = 1.892 arcmin^-2
Fitting aperture to hotspot...
Candidate: x_peak:        0.475, y_peak:       -0.785, r_peak:        0.010, sig:        6.293, ra_peak:      207.196, dec_peak:       -3.175
Characteristic density local = 6770.1 deg^-2 = 1.881 arcmin^-2
Fitting aperture to hotspot...
Candidate: x_peak:        0.505, y_peak:        0.765, r_peak:        0.070, sig:        4.264, ra_peak:      207.225, dec_peak:       -1.625
Characteristic density local = 6805.9 deg^-2 = 1.891 arcmin^-2
Fitting aperture to hotspot...
Candidate: x_peak:        0.605, y_peak:        0.465, r_peak:        0.020, sig:        7.116, ra_peak:      207.325, dec_peak:       -1.925
Distance = 251.2 kpc (m-M = 22.0)
815212 objects left after isochrone cut...
Characteristic density = 6400.0 deg^-2
Characteristic density local = 5966.3 deg^-2 = 1.657 arcmin^-2
Fitting aperture to hotspot...
Candidate: x_peak:       -0.995, y_peak:       -0.075, r_peak:        0.020, sig:        9.996, ra_peak:      205.724, dec_peak:       -2.465
Characteristic density local = 6179.2 deg^-2 = 1.716 arcmin^-2
Fitting aperture to hotspot...
Candidate: x_peak:        0.115, y_peak:       -0.055, r_peak:        0.020, sig:        8.704, ra_peak:      206.835, dec_peak:       -2.445
Characteristic density local = 6616.9 deg^-2 = 1.838 arcmin^-2
Fitting aperture to hotspot...
Candidate: x_peak:        0.255, y_peak:       -0.765, r_peak:        0.020, sig:        8.034, ra_peak:      206.975, dec_peak:       -3.155
Characteristic density local = 6412.0 deg^-2 = 1.781 arcmin^-2
Fitting aperture to hotspot...
Candidate: x_peak:        0.445, y_peak:       -0.455, r_peak:        0.020, sig:       12.837, ra_peak:      207.166, dec_peak:       -2.845
Characteristic density local = 6531.3 deg^-2 = 1.814 arcmin^-2
Fitting aperture to hotspot...
Candidate: x_peak:        0.475, y_peak:       -0.785, r_peak:        0.020, sig:        6.437, ra_peak:      207.196, dec_peak:       -3.175
Characteristic density local = 6537.3 deg^-2 = 1.816 arcmin^-2
Fitting aperture to hotspot...
Candidate: x_peak:        0.605, y_peak:        0.465, r_peak:        0.020, sig:        7.275, ra_peak:      207.325, dec_peak:       -1.925
Distance = 316.2 kpc (m-M = 22.5)
804684 objects left after isochrone cut...
Characteristic density = 6000.0 deg^-2
Characteristic density local = 5658.0 deg^-2 = 1.572 arcmin^-2
Fitting aperture to hotspot...
Candidate: x_peak:       -0.995, y_peak:       -0.075, r_peak:        0.020, sig:       10.024, ra_peak:      205.724, dec_peak:       -2.465
Characteristic density local = 5841.0 deg^-2 = 1.622 arcmin^-2
Fitting aperture to hotspot...
Candidate: x_peak:        0.115, y_peak:       -0.055, r_peak:        0.020, sig:        8.928, ra_peak:      206.835, dec_peak:       -2.445
Characteristic density local = 6266.7 deg^-2 = 1.741 arcmin^-2
Fitting aperture to hotspot...
Candidate: x_peak:        0.255, y_peak:       -0.765, r_peak:        0.020, sig:        8.252, ra_peak:      206.975, dec_peak:       -3.155
Characteristic density local = 6099.6 deg^-2 = 1.694 arcmin^-2
Fitting aperture to hotspot...
Candidate: x_peak:        0.445, y_peak:       -0.455, r_peak:        0.020, sig:       12.730, ra_peak:      207.166, dec_peak:       -2.845
Characteristic density local = 6226.9 deg^-2 = 1.730 arcmin^-2
Fitting aperture to hotspot...
Candidate: x_peak:        0.475, y_peak:       -0.785, r_peak:        0.020, sig:        6.618, ra_peak:      207.196, dec_peak:       -3.175
Characteristic density local = 6139.4 deg^-2 = 1.705 arcmin^-2
Fitting aperture to hotspot...
Candidate: x_peak:        0.505, y_peak:        0.765, r_peak:        0.070, sig:        4.694, ra_peak:      207.225, dec_peak:       -1.625
Characteristic density local = 6189.1 deg^-2 = 1.719 arcmin^-2
Fitting aperture to hotspot...
Candidate: x_peak:        0.605, y_peak:        0.465, r_peak:        0.020, sig:        7.280, ra_peak:      207.325, dec_peak:       -1.925
Distance = 398.1 kpc (m-M = 23.0)
791861 objects left after isochrone cut...
Characteristic density = 5600.0 deg^-2
Characteristic density local = 5216.3 deg^-2 = 1.449 arcmin^-2
Fitting aperture to hotspot...
Candidate: x_peak:       -0.995, y_peak:       -0.075, r_peak:        0.020, sig:       10.158, ra_peak:      205.724, dec_peak:       -2.465
Characteristic density local = 5399.3 deg^-2 = 1.500 arcmin^-2
Fitting aperture to hotspot...
Candidate: x_peak:        0.115, y_peak:       -0.055, r_peak:        0.020, sig:        9.037, ra_peak:      206.835, dec_peak:       -2.445
Characteristic density local = 5860.9 deg^-2 = 1.628 arcmin^-2
Fitting aperture to hotspot...
Candidate: x_peak:        0.255, y_peak:       -0.765, r_peak:        0.020, sig:        8.517, ra_peak:      206.975, dec_peak:       -3.155
Characteristic density local = 5604.2 deg^-2 = 1.557 arcmin^-2
Fitting aperture to hotspot...
Candidate: x_peak:        0.445, y_peak:       -0.455, r_peak:        0.020, sig:       12.594, ra_peak:      207.166, dec_peak:       -2.845
Characteristic density local = 5775.3 deg^-2 = 1.604 arcmin^-2
Fitting aperture to hotspot...
Candidate: x_peak:        0.475, y_peak:       -0.785, r_peak:        0.010, sig:        6.671, ra_peak:      207.196, dec_peak:       -3.175
Characteristic density local = 5755.4 deg^-2 = 1.599 arcmin^-2
Fitting aperture to hotspot...
Candidate: x_peak:        0.605, y_peak:        0.465, r_peak:        0.020, sig:        7.556, ra_peak:      207.325, dec_peak:       -1.925
12.84 sigma; (RA, Dec, d) = (207.17, -2.84); r = 0.02 deg; d = 251.2, mu = 22.00 mag), mc_source_id: 0.00
10.16 sigma; (RA, Dec, d) = (205.72, -2.46); r = 0.02 deg; d = 398.1, mu = 23.00 mag), mc_source_id: 0.00
9.04 sigma; (RA, Dec, d) = (206.84, -2.44); r = 0.02 deg; d = 398.1, mu = 23.00 mag), mc_source_id: 0.00
8.52 sigma; (RA, Dec, d) = (206.98, -3.15); r = 0.02 deg; d = 398.1, mu = 23.00 mag), mc_source_id: 0.00
7.56 sigma; (RA, Dec, d) = (207.33, -1.92); r = 0.02 deg; d = 398.1, mu = 23.00 mag), mc_source_id: 0.00
6.67 sigma; (RA, Dec, d) = (207.20, -3.17); r = 0.01 deg; d = 398.1, mu = 23.00 mag), mc_source_id: 0.00
5.75 sigma; (RA, Dec, d) = (206.39, -3.01); r = 0.02 deg; d = 199.5, mu = 21.50 mag), mc_source_id: 0.00
4.76 sigma; (RA, Dec, d) = (206.57, -2.12); r = 0.03 deg; d = 100.0, mu = 20.00 mag), mc_source_id: 0.00
4.69 sigma; (RA, Dec, d) = (207.23, -1.62); r = 0.07 deg; d = 316.2, mu = 22.50 mag), mc_source_id: 0.00
3.50 sigma; (RA, Dec, d) = (206.59, -2.09); r = 0.07 deg; d = 50.1, mu = 18.50 mag), mc_source_id: 0.00

------------------------------------------------------------
Job <681158.0> was submitted from <des51.fnal.gov> by user <tavangar>.
Job was executed on host <des40.fnal.gov> as user <tavangar>.
</var/lib/condor/execute/dir_2062782> was used as the initial working directory.
Results reported at Wed Jun  5 13:10:47 CDT 2019

Your job looked like:

------------------------------------------------------------
python /home/s1/tavangar/tavangar_simple/search_algorithm.py 206.72 -2.39 0.00 /home/s1/tavangar/tavangar_simple/decals_dr7_results/results_nside_32_6409.csv /home/s1/tavangar/tavangar_simple/decals_dr7_results/decals_dr7_log/results_nside_32_6409.log
------------------------------------------------------------

Successfully completed.

Resource usage summary:

	Real time :			268.97 sec.
	CPU time :			6.24 sec.
	CPU percentage :		80%
	Max Memory :			6446496 KB
	Average Memory :		0 KB

The output (if any) is above this job summary.
