/home/s1/tavangar/tavangar_simple/simple_utils.py:170: FutureWarning: elementwise comparison failed; returning scalar instead, but in the future will perform elementwise comparison
  if np.all(isochrone.stage == 'Main'):
Search coordinates: (RA, Dec) = (22.50, 5.98)
Center healpixel: 5448
Healpixels: [5448 5575 5447 5319 5192 5320 5449 5576 5704]
MC_SOURCE_ID = 0.0
mode = 0: running only on real data
Found 1 objects...
Applying cuts...
585620 star-like objects in ROI...
895436 galaxy-like objects in ROI...
No fracdet map specified ...
Distance = 15.8 kpc (m-M = 16.0)
585605 objects left after isochrone cut...
Characteristic density = 4100.0 deg^-2
Characteristic density local = 4468.3 deg^-2 = 1.241 arcmin^-2
Fitting aperture to hotspot...
Candidate: x_peak:        0.025, y_peak:        0.185, r_peak:        0.020, sig:       14.768, ra_peak:       22.525, dec_peak:        6.165
Characteristic density local = 4140.0 deg^-2 = 1.150 arcmin^-2
Fitting aperture to hotspot...
Candidate: x_peak:       -1.205, y_peak:       -0.165, r_peak:        0.020, sig:        1.391, ra_peak:       21.289, dec_peak:        5.814
Characteristic density local = 4770.7 deg^-2 = 1.325 arcmin^-2
Fitting aperture to hotspot...
Candidate: x_peak:       -0.635, y_peak:        0.575, r_peak:        0.020, sig:        3.288, ra_peak:       21.861, dec_peak:        6.555
Characteristic density local = 4800.5 deg^-2 = 1.333 arcmin^-2
Fitting aperture to hotspot...
Candidate: x_peak:       -0.485, y_peak:        0.565, r_peak:        0.020, sig:        1.010, ra_peak:       22.012, dec_peak:        6.545
Characteristic density local = 4122.1 deg^-2 = 1.145 arcmin^-2
Fitting aperture to hotspot...
Candidate: x_peak:       -0.285, y_peak:       -0.955, r_peak:        0.030, sig:        1.118, ra_peak:       22.214, dec_peak:        5.025
Characteristic density local = 4150.0 deg^-2 = 1.153 arcmin^-2
Fitting aperture to hotspot...
Candidate: x_peak:       -0.265, y_peak:       -0.965, r_peak:        0.030, sig:        1.613, ra_peak:       22.234, dec_peak:        5.015
Characteristic density local = 4374.8 deg^-2 = 1.215 arcmin^-2
Fitting aperture to hotspot...
Candidate: x_peak:        0.245, y_peak:       -0.435, r_peak:        0.010, sig:        2.218, ra_peak:       22.746, dec_peak:        5.545
Characteristic density local = 5027.3 deg^-2 = 1.396 arcmin^-2
Fitting aperture to hotspot...
Candidate: x_peak:        0.215, y_peak:        1.015, r_peak:        0.020, sig:        1.240, ra_peak:       22.717, dec_peak:        6.995
Distance = 20.0 kpc (m-M = 16.5)
585613 objects left after isochrone cut...
Characteristic density = 4100.0 deg^-2
Characteristic density local = 4468.3 deg^-2 = 1.241 arcmin^-2
Fitting aperture to hotspot...
Candidate: x_peak:        0.025, y_peak:        0.185, r_peak:        0.020, sig:       14.768, ra_peak:       22.525, dec_peak:        6.165
Characteristic density local = 4140.0 deg^-2 = 1.150 arcmin^-2
Fitting aperture to hotspot...
Candidate: x_peak:       -1.205, y_peak:       -0.165, r_peak:        0.020, sig:        1.391, ra_peak:       21.289, dec_peak:        5.814
Characteristic density local = 4770.7 deg^-2 = 1.325 arcmin^-2
Fitting aperture to hotspot...
Candidate: x_peak:       -0.635, y_peak:        0.575, r_peak:        0.020, sig:        3.288, ra_peak:       21.861, dec_peak:        6.555
Characteristic density local = 4800.5 deg^-2 = 1.333 arcmin^-2
Fitting aperture to hotspot...
Candidate: x_peak:       -0.485, y_peak:        0.565, r_peak:        0.020, sig:        1.010, ra_peak:       22.012, dec_peak:        6.545
Characteristic density local = 4122.1 deg^-2 = 1.145 arcmin^-2
Fitting aperture to hotspot...
Candidate: x_peak:       -0.285, y_peak:       -0.955, r_peak:        0.030, sig:        1.118, ra_peak:       22.214, dec_peak:        5.025
Characteristic density local = 4150.0 deg^-2 = 1.153 arcmin^-2
Fitting aperture to hotspot...
Candidate: x_peak:       -0.265, y_peak:       -0.965, r_peak:        0.030, sig:        1.613, ra_peak:       22.234, dec_peak:        5.015
Characteristic density local = 4374.8 deg^-2 = 1.215 arcmin^-2
Fitting aperture to hotspot...
Candidate: x_peak:        0.245, y_peak:       -0.435, r_peak:        0.010, sig:        2.218, ra_peak:       22.746, dec_peak:        5.545
Characteristic density local = 5027.3 deg^-2 = 1.396 arcmin^-2
Fitting aperture to hotspot...
Candidate: x_peak:        0.215, y_peak:        1.015, r_peak:        0.020, sig:        1.240, ra_peak:       22.717, dec_peak:        6.995
Distance = 25.1 kpc (m-M = 17.0)
585615 objects left after isochrone cut...
Characteristic density = 4100.0 deg^-2
Characteristic density local = 4468.3 deg^-2 = 1.241 arcmin^-2
Fitting aperture to hotspot...
Candidate: x_peak:        0.025, y_peak:        0.185, r_peak:        0.020, sig:       14.768, ra_peak:       22.525, dec_peak:        6.165
Characteristic density local = 4140.0 deg^-2 = 1.150 arcmin^-2
Fitting aperture to hotspot...
Candidate: x_peak:       -1.205, y_peak:       -0.165, r_peak:        0.020, sig:        1.391, ra_peak:       21.289, dec_peak:        5.814
Characteristic density local = 4770.7 deg^-2 = 1.325 arcmin^-2
Fitting aperture to hotspot...
Candidate: x_peak:       -0.635, y_peak:        0.575, r_peak:        0.020, sig:        3.288, ra_peak:       21.861, dec_peak:        6.555
Characteristic density local = 4800.5 deg^-2 = 1.333 arcmin^-2
Fitting aperture to hotspot...
Candidate: x_peak:       -0.485, y_peak:        0.565, r_peak:        0.020, sig:        1.010, ra_peak:       22.012, dec_peak:        6.545
Characteristic density local = 4122.1 deg^-2 = 1.145 arcmin^-2
Fitting aperture to hotspot...
Candidate: x_peak:       -0.285, y_peak:       -0.955, r_peak:        0.030, sig:        1.118, ra_peak:       22.214, dec_peak:        5.025
Characteristic density local = 4150.0 deg^-2 = 1.153 arcmin^-2
Fitting aperture to hotspot...
Candidate: x_peak:       -0.265, y_peak:       -0.965, r_peak:        0.030, sig:        1.613, ra_peak:       22.234, dec_peak:        5.015
Characteristic density local = 4374.8 deg^-2 = 1.215 arcmin^-2
Fitting aperture to hotspot...
Candidate: x_peak:        0.245, y_peak:       -0.435, r_peak:        0.010, sig:        2.218, ra_peak:       22.746, dec_peak:        5.545
Characteristic density local = 5027.3 deg^-2 = 1.396 arcmin^-2
Fitting aperture to hotspot...
Candidate: x_peak:        0.215, y_peak:        1.015, r_peak:        0.020, sig:        1.240, ra_peak:       22.717, dec_peak:        6.995
Distance = 31.6 kpc (m-M = 17.5)
585614 objects left after isochrone cut...
Characteristic density = 4100.0 deg^-2
Characteristic density local = 4468.3 deg^-2 = 1.241 arcmin^-2
Fitting aperture to hotspot...
Candidate: x_peak:        0.025, y_peak:        0.185, r_peak:        0.020, sig:       14.768, ra_peak:       22.525, dec_peak:        6.165
Characteristic density local = 4140.0 deg^-2 = 1.150 arcmin^-2
Fitting aperture to hotspot...
Candidate: x_peak:       -1.205, y_peak:       -0.165, r_peak:        0.020, sig:        1.391, ra_peak:       21.289, dec_peak:        5.814
Characteristic density local = 4770.7 deg^-2 = 1.325 arcmin^-2
Fitting aperture to hotspot...
Candidate: x_peak:       -0.635, y_peak:        0.575, r_peak:        0.020, sig:        3.288, ra_peak:       21.861, dec_peak:        6.555
Characteristic density local = 4800.5 deg^-2 = 1.333 arcmin^-2
Fitting aperture to hotspot...
Candidate: x_peak:       -0.485, y_peak:        0.565, r_peak:        0.020, sig:        1.010, ra_peak:       22.012, dec_peak:        6.545
Characteristic density local = 4122.1 deg^-2 = 1.145 arcmin^-2
Fitting aperture to hotspot...
Candidate: x_peak:       -0.285, y_peak:       -0.955, r_peak:        0.030, sig:        1.118, ra_peak:       22.214, dec_peak:        5.025
Characteristic density local = 4150.0 deg^-2 = 1.153 arcmin^-2
Fitting aperture to hotspot...
Candidate: x_peak:       -0.265, y_peak:       -0.965, r_peak:        0.030, sig:        1.613, ra_peak:       22.234, dec_peak:        5.015
Characteristic density local = 4374.8 deg^-2 = 1.215 arcmin^-2
Fitting aperture to hotspot...
Candidate: x_peak:        0.245, y_peak:       -0.435, r_peak:        0.010, sig:        2.218, ra_peak:       22.746, dec_peak:        5.545
Characteristic density local = 5027.3 deg^-2 = 1.396 arcmin^-2
Fitting aperture to hotspot...
Candidate: x_peak:        0.215, y_peak:        1.015, r_peak:        0.020, sig:        1.240, ra_peak:       22.717, dec_peak:        6.995
Distance = 39.8 kpc (m-M = 18.0)
585567 objects left after isochrone cut...
Characteristic density = 4100.0 deg^-2
Characteristic density local = 4464.3 deg^-2 = 1.240 arcmin^-2
Fitting aperture to hotspot...
Candidate: x_peak:        0.025, y_peak:        0.185, r_peak:        0.020, sig:       14.772, ra_peak:       22.525, dec_peak:        6.165
Characteristic density local = 4140.0 deg^-2 = 1.150 arcmin^-2
Fitting aperture to hotspot...
Candidate: x_peak:       -1.205, y_peak:       -0.165, r_peak:        0.020, sig:        1.391, ra_peak:       21.289, dec_peak:        5.814
Characteristic density local = 4768.7 deg^-2 = 1.325 arcmin^-2
Fitting aperture to hotspot...
Candidate: x_peak:       -0.635, y_peak:        0.575, r_peak:        0.020, sig:        3.289, ra_peak:       21.861, dec_peak:        6.555
Characteristic density local = 4800.5 deg^-2 = 1.333 arcmin^-2
Fitting aperture to hotspot...
Candidate: x_peak:       -0.485, y_peak:        0.565, r_peak:        0.020, sig:        1.010, ra_peak:       22.012, dec_peak:        6.545
Characteristic density local = 4122.1 deg^-2 = 1.145 arcmin^-2
Fitting aperture to hotspot...
Candidate: x_peak:       -0.285, y_peak:       -0.955, r_peak:        0.030, sig:        1.118, ra_peak:       22.214, dec_peak:        5.025
Characteristic density local = 4150.0 deg^-2 = 1.153 arcmin^-2
Fitting aperture to hotspot...
Candidate: x_peak:       -0.265, y_peak:       -0.965, r_peak:        0.030, sig:        1.613, ra_peak:       22.234, dec_peak:        5.015
Characteristic density local = 4370.8 deg^-2 = 1.214 arcmin^-2
Fitting aperture to hotspot...
Candidate: x_peak:        0.245, y_peak:       -0.435, r_peak:        0.010, sig:        2.220, ra_peak:       22.746, dec_peak:        5.545
Characteristic density local = 5025.3 deg^-2 = 1.396 arcmin^-2
Fitting aperture to hotspot...
Candidate: x_peak:        0.215, y_peak:        1.015, r_peak:        0.020, sig:        1.241, ra_peak:       22.717, dec_peak:        6.995
Characteristic density local = 5093.0 deg^-2 = 1.415 arcmin^-2
Fitting aperture to hotspot...
Candidate: x_peak:        1.065, y_peak:        0.255, r_peak:        0.010, sig:        3.003, ra_peak:       23.571, dec_peak:        6.234
Distance = 50.1 kpc (m-M = 18.5)
585064 objects left after isochrone cut...
Characteristic density = 4100.0 deg^-2
Characteristic density local = 4436.4 deg^-2 = 1.232 arcmin^-2
Fitting aperture to hotspot...
Candidate: x_peak:        0.025, y_peak:        0.185, r_peak:        0.020, sig:       14.799, ra_peak:       22.525, dec_peak:        6.165
Characteristic density local = 4138.0 deg^-2 = 1.149 arcmin^-2
Fitting aperture to hotspot...
Candidate: x_peak:       -1.205, y_peak:       -0.165, r_peak:        0.020, sig:        1.392, ra_peak:       21.289, dec_peak:        5.814
Characteristic density local = 4762.7 deg^-2 = 1.323 arcmin^-2
Fitting aperture to hotspot...
Candidate: x_peak:       -0.635, y_peak:        0.575, r_peak:        0.020, sig:        3.293, ra_peak:       21.861, dec_peak:        6.555
Characteristic density local = 4792.6 deg^-2 = 1.331 arcmin^-2
Fitting aperture to hotspot...
Candidate: x_peak:       -0.485, y_peak:        0.565, r_peak:        0.020, sig:        1.015, ra_peak:       22.012, dec_peak:        6.545
Characteristic density local = 4120.1 deg^-2 = 1.144 arcmin^-2
Fitting aperture to hotspot...
Candidate: x_peak:       -0.285, y_peak:       -0.955, r_peak:        0.030, sig:        1.120, ra_peak:       22.214, dec_peak:        5.025
Characteristic density local = 4148.0 deg^-2 = 1.152 arcmin^-2
Fitting aperture to hotspot...
Candidate: x_peak:       -0.265, y_peak:       -0.965, r_peak:        0.030, sig:        1.615, ra_peak:       22.234, dec_peak:        5.015
Characteristic density local = 4341.0 deg^-2 = 1.206 arcmin^-2
Fitting aperture to hotspot...
Candidate: x_peak:        0.245, y_peak:       -0.435, r_peak:        0.010, sig:        2.230, ra_peak:       22.746, dec_peak:        5.545
Characteristic density local = 4987.5 deg^-2 = 1.385 arcmin^-2
Fitting aperture to hotspot...
Candidate: x_peak:        0.215, y_peak:        1.015, r_peak:        0.020, sig:        1.261, ra_peak:       22.717, dec_peak:        6.995
Characteristic density local = 5037.3 deg^-2 = 1.399 arcmin^-2
Fitting aperture to hotspot...
Candidate: x_peak:        1.065, y_peak:        0.255, r_peak:        0.010, sig:        3.022, ra_peak:       23.571, dec_peak:        6.234
Distance = 63.1 kpc (m-M = 19.0)
583776 objects left after isochrone cut...
Characteristic density = 4000.0 deg^-2
Characteristic density local = 4380.7 deg^-2 = 1.217 arcmin^-2
Fitting aperture to hotspot...
Candidate: x_peak:        0.025, y_peak:        0.185, r_peak:        0.020, sig:       14.853, ra_peak:       22.525, dec_peak:        6.165
Characteristic density local = 4754.8 deg^-2 = 1.321 arcmin^-2
Fitting aperture to hotspot...
Candidate: x_peak:       -0.485, y_peak:        0.565, r_peak:        0.020, sig:        1.036, ra_peak:       22.012, dec_peak:        6.545
Characteristic density local = 4082.3 deg^-2 = 1.134 arcmin^-2
Fitting aperture to hotspot...
Candidate: x_peak:       -0.285, y_peak:       -0.955, r_peak:        0.030, sig:        1.153, ra_peak:       22.214, dec_peak:        5.025
Characteristic density local = 4758.7 deg^-2 = 1.322 arcmin^-2
Fitting aperture to hotspot...
Candidate: x_peak:       -0.095, y_peak:       -0.145, r_peak:        0.010, sig:        0.878, ra_peak:       22.405, dec_peak:        5.835
Characteristic density local = 4120.1 deg^-2 = 1.144 arcmin^-2
Fitting aperture to hotspot...
Candidate: x_peak:        0.025, y_peak:       -1.165, r_peak:        0.030, sig:        1.120, ra_peak:       22.525, dec_peak:        4.815
Characteristic density local = 4297.2 deg^-2 = 1.194 arcmin^-2
Fitting aperture to hotspot...
Candidate: x_peak:        0.245, y_peak:       -0.425, r_peak:        0.020, sig:        2.666, ra_peak:       22.746, dec_peak:        5.555
Characteristic density local = 4973.6 deg^-2 = 1.382 arcmin^-2
Fitting aperture to hotspot...
Candidate: x_peak:        1.065, y_peak:        0.255, r_peak:        0.010, sig:        3.044, ra_peak:       23.571, dec_peak:        6.234
Distance = 79.4 kpc (m-M = 19.5)
581660 objects left after isochrone cut...
Characteristic density = 3900.0 deg^-2
Characteristic density local = 4313.1 deg^-2 = 1.198 arcmin^-2
Fitting aperture to hotspot...
Candidate: x_peak:        0.025, y_peak:        0.185, r_peak:        0.020, sig:       14.919, ra_peak:       22.525, dec_peak:        6.165
Characteristic density local = 4277.3 deg^-2 = 1.188 arcmin^-2
Fitting aperture to hotspot...
Candidate: x_peak:       -1.205, y_peak:        0.165, r_peak:        0.160, sig:        2.100, ra_peak:       21.288, dec_peak:        6.144
Characteristic density local = 4028.6 deg^-2 = 1.119 arcmin^-2
Fitting aperture to hotspot...
Candidate: x_peak:       -0.285, y_peak:       -0.955, r_peak:        0.030, sig:        1.201, ra_peak:       22.214, dec_peak:        5.025
Characteristic density local = 4078.3 deg^-2 = 1.133 arcmin^-2
Fitting aperture to hotspot...
Candidate: x_peak:        0.135, y_peak:       -0.605, r_peak:        0.020, sig:        9.456, ra_peak:       22.636, dec_peak:        5.375
Characteristic density local = 4671.2 deg^-2 = 1.298 arcmin^-2
Fitting aperture to hotspot...
Candidate: x_peak:       -0.095, y_peak:       -0.145, r_peak:        0.010, sig:        0.904, ra_peak:       22.405, dec_peak:        5.835
Characteristic density local = 4048.5 deg^-2 = 1.125 arcmin^-2
Fitting aperture to hotspot...
Candidate: x_peak:        0.025, y_peak:       -1.165, r_peak:        0.030, sig:        1.183, ra_peak:       22.525, dec_peak:        4.815
Characteristic density local = 4888.0 deg^-2 = 1.358 arcmin^-2
Fitting aperture to hotspot...
Candidate: x_peak:        1.065, y_peak:        0.255, r_peak:        0.010, sig:        2.577, ra_peak:       23.571, dec_peak:        6.234
Distance = 100.0 kpc (m-M = 20.0)
579132 objects left after isochrone cut...
Characteristic density = 3900.0 deg^-2
Characteristic density local = 4084.3 deg^-2 = 1.135 arcmin^-2
Fitting aperture to hotspot...
Candidate: x_peak:       -0.995, y_peak:       -0.045, r_peak:        0.030, sig:        6.461, ra_peak:       21.500, dec_peak:        5.934
Characteristic density local = 4428.5 deg^-2 = 1.230 arcmin^-2
Fitting aperture to hotspot...
Candidate: x_peak:       -0.895, y_peak:        0.305, r_peak:        0.020, sig:       10.397, ra_peak:       21.600, dec_peak:        6.284
Characteristic density local = 4484.2 deg^-2 = 1.246 arcmin^-2
Fitting aperture to hotspot...
Candidate: x_peak:       -0.635, y_peak:        0.435, r_peak:        0.020, sig:        8.903, ra_peak:       21.861, dec_peak:        6.415
Characteristic density local = 3805.8 deg^-2 = 1.057 arcmin^-2
Fitting aperture to hotspot...
Candidate: x_peak:       -0.575, y_peak:       -0.635, r_peak:        0.030, sig:       11.149, ra_peak:       21.922, dec_peak:        5.345
Characteristic density local = 4217.6 deg^-2 = 1.172 arcmin^-2
Fitting aperture to hotspot...
Candidate: x_peak:        0.025, y_peak:        0.185, r_peak:        0.020, sig:       14.843, ra_peak:       22.525, dec_peak:        6.165
Characteristic density local = 3990.8 deg^-2 = 1.109 arcmin^-2
Fitting aperture to hotspot...
Candidate: x_peak:        0.135, y_peak:       -0.605, r_peak:        0.020, sig:        9.534, ra_peak:       22.636, dec_peak:        5.375
Characteristic density local = 4428.5 deg^-2 = 1.230 arcmin^-2
Fitting aperture to hotspot...
Candidate: x_peak:        0.275, y_peak:        0.635, r_peak:        0.020, sig:       10.597, ra_peak:       22.777, dec_peak:        6.615
Distance = 125.9 kpc (m-M = 20.5)
576245 objects left after isochrone cut...
Characteristic density = 3800.0 deg^-2
Characteristic density local = 3984.8 deg^-2 = 1.107 arcmin^-2
Fitting aperture to hotspot...
Candidate: x_peak:       -0.995, y_peak:       -0.045, r_peak:        0.030, sig:        6.568, ra_peak:       21.500, dec_peak:        5.934
Characteristic density local = 4335.0 deg^-2 = 1.204 arcmin^-2
Fitting aperture to hotspot...
Candidate: x_peak:       -0.895, y_peak:        0.305, r_peak:        0.020, sig:       10.477, ra_peak:       21.600, dec_peak:        6.284
Characteristic density local = 4396.7 deg^-2 = 1.221 arcmin^-2
Fitting aperture to hotspot...
Candidate: x_peak:       -0.635, y_peak:        0.435, r_peak:        0.020, sig:        8.974, ra_peak:       21.861, dec_peak:        6.415
Characteristic density local = 3726.2 deg^-2 = 1.035 arcmin^-2
Fitting aperture to hotspot...
Candidate: x_peak:       -0.575, y_peak:       -0.635, r_peak:        0.030, sig:       11.090, ra_peak:       21.922, dec_peak:        5.345
Characteristic density local = 4136.0 deg^-2 = 1.149 arcmin^-2
Fitting aperture to hotspot...
Candidate: x_peak:        0.025, y_peak:        0.185, r_peak:        0.020, sig:       14.925, ra_peak:       22.525, dec_peak:        6.165
Characteristic density local = 3889.3 deg^-2 = 1.080 arcmin^-2
Fitting aperture to hotspot...
Candidate: x_peak:        0.125, y_peak:       -0.605, r_peak:        0.020, sig:        8.292, ra_peak:       22.626, dec_peak:        5.375
Characteristic density local = 4146.0 deg^-2 = 1.152 arcmin^-2
Fitting aperture to hotspot...
Candidate: x_peak:        0.215, y_peak:       -0.005, r_peak:        0.020, sig:        7.380, ra_peak:       22.716, dec_peak:        5.975
Characteristic density local = 4295.2 deg^-2 = 1.193 arcmin^-2
Fitting aperture to hotspot...
Candidate: x_peak:        0.285, y_peak:        0.635, r_peak:        0.030, sig:        8.750, ra_peak:       22.787, dec_peak:        6.615
Characteristic density local = 4207.7 deg^-2 = 1.169 arcmin^-2
Fitting aperture to hotspot...
Candidate: x_peak:        1.065, y_peak:       -0.145, r_peak:        0.020, sig:        6.610, ra_peak:       23.571, dec_peak:        5.834
Distance = 158.5 kpc (m-M = 21.0)
572838 objects left after isochrone cut...
Characteristic density = 3700.0 deg^-2
Characteristic density local = 4030.6 deg^-2 = 1.120 arcmin^-2
Fitting aperture to hotspot...
Candidate: x_peak:        0.025, y_peak:        0.185, r_peak:        0.020, sig:       15.033, ra_peak:       22.525, dec_peak:        6.165
Characteristic density local = 3748.1 deg^-2 = 1.041 arcmin^-2
Fitting aperture to hotspot...
Candidate: x_peak:       -0.265, y_peak:       -0.965, r_peak:        0.030, sig:        1.984, ra_peak:       22.234, dec_peak:        5.015
Characteristic density local = 3770.0 deg^-2 = 1.047 arcmin^-2
Fitting aperture to hotspot...
Candidate: x_peak:        0.125, y_peak:       -0.605, r_peak:        0.020, sig:        8.396, ra_peak:       22.626, dec_peak:        5.375
Characteristic density local = 4364.8 deg^-2 = 1.212 arcmin^-2
Fitting aperture to hotspot...
Candidate: x_peak:       -0.095, y_peak:       -0.145, r_peak:        0.010, sig:        0.996, ra_peak:       22.405, dec_peak:        5.835
Characteristic density local = 3688.4 deg^-2 = 1.025 arcmin^-2
Fitting aperture to hotspot...
Candidate: x_peak:        0.035, y_peak:       -1.165, r_peak:        0.040, sig:        1.565, ra_peak:       22.535, dec_peak:        4.815
Characteristic density local = 3923.2 deg^-2 = 1.090 arcmin^-2
Fitting aperture to hotspot...
Candidate: x_peak:        0.235, y_peak:       -0.435, r_peak:        0.010, sig:        2.381, ra_peak:       22.736, dec_peak:        5.545
Characteristic density local = 4526.0 deg^-2 = 1.257 arcmin^-2
Fitting aperture to hotspot...
Candidate: x_peak:        0.215, y_peak:        1.015, r_peak:        0.020, sig:        0.792, ra_peak:       22.717, dec_peak:        6.995
Distance = 199.5 kpc (m-M = 21.5)
569036 objects left after isochrone cut...
Characteristic density = 3500.0 deg^-2
Characteristic density local = 3887.4 deg^-2 = 1.080 arcmin^-2
Fitting aperture to hotspot...
Candidate: x_peak:        0.035, y_peak:        0.185, r_peak:        0.030, sig:       14.951, ra_peak:       22.535, dec_peak:        6.165
Characteristic density local = 4225.6 deg^-2 = 1.174 arcmin^-2
Fitting aperture to hotspot...
Candidate: x_peak:       -0.645, y_peak:        0.575, r_peak:        0.020, sig:        1.339, ra_peak:       21.851, dec_peak:        6.555
Characteristic density local = 3620.8 deg^-2 = 1.006 arcmin^-2
Fitting aperture to hotspot...
Candidate: x_peak:       -0.265, y_peak:       -0.965, r_peak:        0.030, sig:        2.107, ra_peak:       22.234, dec_peak:        5.015
Characteristic density local = 4225.6 deg^-2 = 1.174 arcmin^-2
Fitting aperture to hotspot...
Candidate: x_peak:       -0.095, y_peak:       -0.145, r_peak:        0.010, sig:        1.040, ra_peak:       22.405, dec_peak:        5.835
Characteristic density local = 3598.9 deg^-2 = 1.000 arcmin^-2
Fitting aperture to hotspot...
Candidate: x_peak:        0.025, y_peak:       -1.165, r_peak:        0.030, sig:        1.042, ra_peak:       22.525, dec_peak:        4.815
Characteristic density local = 3787.9 deg^-2 = 1.052 arcmin^-2
Fitting aperture to hotspot...
Candidate: x_peak:        0.235, y_peak:       -0.435, r_peak:        0.010, sig:        2.433, ra_peak:       22.736, dec_peak:        5.545
Characteristic density local = 4360.8 deg^-2 = 1.211 arcmin^-2
Fitting aperture to hotspot...
Candidate: x_peak:        0.225, y_peak:        1.005, r_peak:        0.020, sig:        0.494, ra_peak:       22.727, dec_peak:        6.985
Distance = 251.2 kpc (m-M = 22.0)
564737 objects left after isochrone cut...
Characteristic density = 3400.0 deg^-2
Characteristic density local = 3728.2 deg^-2 = 1.036 arcmin^-2
Fitting aperture to hotspot...
Candidate: x_peak:        0.035, y_peak:        0.185, r_peak:        0.030, sig:       14.888, ra_peak:       22.535, dec_peak:        6.165
Characteristic density local = 3451.7 deg^-2 = 0.959 arcmin^-2
Fitting aperture to hotspot...
Candidate: x_peak:       -0.285, y_peak:       -0.955, r_peak:        0.030, sig:        1.465, ra_peak:       22.214, dec_peak:        5.025
Characteristic density local = 3451.7 deg^-2 = 0.959 arcmin^-2
Fitting aperture to hotspot...
Candidate: x_peak:       -0.265, y_peak:       -0.965, r_peak:        0.030, sig:        2.011, ra_peak:       22.234, dec_peak:        5.015
Characteristic density local = 4048.5 deg^-2 = 1.125 arcmin^-2
Fitting aperture to hotspot...
Candidate: x_peak:       -0.095, y_peak:       -0.145, r_peak:        0.010, sig:        1.096, ra_peak:       22.405, dec_peak:        5.835
Characteristic density local = 3407.9 deg^-2 = 0.947 arcmin^-2
Fitting aperture to hotspot...
Candidate: x_peak:        0.025, y_peak:       -1.165, r_peak:        0.040, sig:        1.276, ra_peak:       22.525, dec_peak:        4.815
Characteristic density local = 3640.7 deg^-2 = 1.011 arcmin^-2
Fitting aperture to hotspot...
Candidate: x_peak:        0.235, y_peak:       -0.435, r_peak:        0.010, sig:        2.491, ra_peak:       22.736, dec_peak:        5.545
Characteristic density local = 4261.4 deg^-2 = 1.184 arcmin^-2
Fitting aperture to hotspot...
Candidate: x_peak:        1.055, y_peak:        0.255, r_peak:        0.020, sig:        1.679, ra_peak:       23.561, dec_peak:        6.234
Distance = 316.2 kpc (m-M = 22.5)
559475 objects left after isochrone cut...
Characteristic density = 3200.0 deg^-2
Characteristic density local = 3565.1 deg^-2 = 0.990 arcmin^-2
Fitting aperture to hotspot...
Candidate: x_peak:        0.025, y_peak:        0.185, r_peak:        0.020, sig:       15.010, ra_peak:       22.525, dec_peak:        6.165
Characteristic density local = 3851.5 deg^-2 = 1.070 arcmin^-2
Fitting aperture to hotspot...
Candidate: x_peak:       -0.115, y_peak:       -0.145, r_peak:        0.040, sig:        0.294, ra_peak:       22.384, dec_peak:        5.835
Characteristic density local = 3151.3 deg^-2 = 0.875 arcmin^-2
Fitting aperture to hotspot...
Candidate: x_peak:       -0.085, y_peak:       -0.965, r_peak:        0.070, sig:        1.680, ra_peak:       22.415, dec_peak:        5.015
Characteristic density local = 3224.9 deg^-2 = 0.896 arcmin^-2
Fitting aperture to hotspot...
Candidate: x_peak:       -0.065, y_peak:       -0.515, r_peak:        0.280, sig:        3.524, ra_peak:       22.435, dec_peak:        5.465
Characteristic density local = 3193.0 deg^-2 = 0.887 arcmin^-2
Fitting aperture to hotspot...
Candidate: x_peak:        0.025, y_peak:       -1.165, r_peak:        0.040, sig:        1.332, ra_peak:       22.525, dec_peak:        4.815
Characteristic density local = 4086.3 deg^-2 = 1.135 arcmin^-2
Fitting aperture to hotspot...
Candidate: x_peak:        1.055, y_peak:        0.265, r_peak:        0.040, sig:        1.693, ra_peak:       23.561, dec_peak:        6.244
Distance = 398.1 kpc (m-M = 23.0)
553048 objects left after isochrone cut...
Characteristic density = 3000.0 deg^-2
Characteristic density local = 3344.2 deg^-2 = 0.929 arcmin^-2
Fitting aperture to hotspot...
Candidate: x_peak:        0.035, y_peak:        0.185, r_peak:        0.030, sig:       15.015, ra_peak:       22.535, dec_peak:        6.165
Characteristic density local = 3539.2 deg^-2 = 0.983 arcmin^-2
Fitting aperture to hotspot...
Candidate: x_peak:       -0.125, y_peak:       -0.155, r_peak:        0.040, sig:        0.666, ra_peak:       22.374, dec_peak:        5.825
Characteristic density local = 2990.1 deg^-2 = 0.831 arcmin^-2
Fitting aperture to hotspot...
Candidate: x_peak:       -0.065, y_peak:       -0.965, r_peak:        0.040, sig:        1.377, ra_peak:       22.435, dec_peak:        5.015
Characteristic density local = 2962.3 deg^-2 = 0.823 arcmin^-2
Fitting aperture to hotspot...
Candidate: x_peak:        0.035, y_peak:       -1.165, r_peak:        0.040, sig:        1.873, ra_peak:       22.535, dec_peak:        4.815
Characteristic density local = 3768.0 deg^-2 = 1.047 arcmin^-2
Fitting aperture to hotspot...
Candidate: x_peak:        0.225, y_peak:        1.005, r_peak:        0.020, sig:        0.419, ra_peak:       22.727, dec_peak:        6.985
Characteristic density local = 3744.1 deg^-2 = 1.040 arcmin^-2
Fitting aperture to hotspot...
Candidate: x_peak:        0.285, y_peak:        0.955, r_peak:        0.010, sig:        0.443, ra_peak:       22.787, dec_peak:        6.935
Characteristic density local = 3841.6 deg^-2 = 1.067 arcmin^-2
Fitting aperture to hotspot...
Candidate: x_peak:        1.055, y_peak:        0.265, r_peak:        0.040, sig:        1.787, ra_peak:       23.561, dec_peak:        6.244
15.03 sigma; (RA, Dec, d) = (22.53, 6.16); r = 0.02 deg; d = 158.5, mu = 21.00 mag), mc_source_id: 0.00
11.15 sigma; (RA, Dec, d) = (21.92, 5.34); r = 0.03 deg; d = 100.0, mu = 20.00 mag), mc_source_id: 0.00
10.60 sigma; (RA, Dec, d) = (22.78, 6.61); r = 0.02 deg; d = 100.0, mu = 20.00 mag), mc_source_id: 0.00
10.48 sigma; (RA, Dec, d) = (21.60, 6.28); r = 0.02 deg; d = 125.9, mu = 20.50 mag), mc_source_id: 0.00
9.53 sigma; (RA, Dec, d) = (22.64, 5.37); r = 0.02 deg; d = 100.0, mu = 20.00 mag), mc_source_id: 0.00
8.97 sigma; (RA, Dec, d) = (21.86, 6.41); r = 0.02 deg; d = 125.9, mu = 20.50 mag), mc_source_id: 0.00
7.38 sigma; (RA, Dec, d) = (22.72, 5.97); r = 0.02 deg; d = 125.9, mu = 20.50 mag), mc_source_id: 0.00
6.61 sigma; (RA, Dec, d) = (23.57, 5.83); r = 0.02 deg; d = 125.9, mu = 20.50 mag), mc_source_id: 0.00
6.57 sigma; (RA, Dec, d) = (21.50, 5.93); r = 0.03 deg; d = 125.9, mu = 20.50 mag), mc_source_id: 0.00
3.52 sigma; (RA, Dec, d) = (22.43, 5.46); r = 0.28 deg; d = 316.2, mu = 22.50 mag), mc_source_id: 0.00
3.29 sigma; (RA, Dec, d) = (21.86, 6.55); r = 0.02 deg; d = 50.1, mu = 18.50 mag), mc_source_id: 0.00
3.04 sigma; (RA, Dec, d) = (23.57, 6.23); r = 0.01 deg; d = 63.1, mu = 19.00 mag), mc_source_id: 0.00
2.67 sigma; (RA, Dec, d) = (22.75, 5.55); r = 0.02 deg; d = 63.1, mu = 19.00 mag), mc_source_id: 0.00
2.11 sigma; (RA, Dec, d) = (22.23, 5.01); r = 0.03 deg; d = 199.5, mu = 21.50 mag), mc_source_id: 0.00
2.10 sigma; (RA, Dec, d) = (21.29, 6.14); r = 0.16 deg; d = 79.4, mu = 19.50 mag), mc_source_id: 0.00
1.87 sigma; (RA, Dec, d) = (22.54, 4.81); r = 0.04 deg; d = 398.1, mu = 23.00 mag), mc_source_id: 0.00
1.79 sigma; (RA, Dec, d) = (23.56, 6.24); r = 0.04 deg; d = 398.1, mu = 23.00 mag), mc_source_id: 0.00
1.68 sigma; (RA, Dec, d) = (22.41, 5.01); r = 0.07 deg; d = 316.2, mu = 22.50 mag), mc_source_id: 0.00
1.39 sigma; (RA, Dec, d) = (21.29, 5.81); r = 0.02 deg; d = 50.1, mu = 18.50 mag), mc_source_id: 0.00
1.26 sigma; (RA, Dec, d) = (22.72, 6.99); r = 0.02 deg; d = 50.1, mu = 18.50 mag), mc_source_id: 0.00
1.10 sigma; (RA, Dec, d) = (22.40, 5.83); r = 0.01 deg; d = 251.2, mu = 22.00 mag), mc_source_id: 0.00
1.04 sigma; (RA, Dec, d) = (22.01, 6.54); r = 0.02 deg; d = 63.1, mu = 19.00 mag), mc_source_id: 0.00
0.67 sigma; (RA, Dec, d) = (22.37, 5.82); r = 0.04 deg; d = 398.1, mu = 23.00 mag), mc_source_id: 0.00
0.44 sigma; (RA, Dec, d) = (22.79, 6.93); r = 0.01 deg; d = 398.1, mu = 23.00 mag), mc_source_id: 0.00

------------------------------------------------------------
Job <680490.0> was submitted from <des51.fnal.gov> by user <tavangar>.
Job was executed on host <des40.fnal.gov> as user <tavangar>.
</var/lib/condor/execute/dir_1931256> was used as the initial working directory.
Results reported at Wed Jun  5 09:37:44 CDT 2019

Your job looked like:

------------------------------------------------------------
python /home/s1/tavangar/tavangar_simple/search_algorithm.py 22.50 5.98 0.00 /home/s1/tavangar/tavangar_simple/decals_dr7_results/results_nside_32_5448.csv /home/s1/tavangar/tavangar_simple/decals_dr7_results/decals_dr7_log/results_nside_32_5448.log
------------------------------------------------------------

Successfully completed.

Resource usage summary:

	Real time :			409.27 sec.
	CPU time :			147.19 sec.
	CPU percentage :		88%
	Max Memory :			5202880 KB
	Average Memory :		0 KB

The output (if any) is above this job summary.
