/home/s1/tavangar/tavangar_simple/simple_utils.py:170: FutureWarning: elementwise comparison failed; returning scalar instead, but in the future will perform elementwise comparison
  if np.all(isochrone.stage == 'Main'):
Search coordinates: (RA, Dec) = (243.28, 12.02)
Center healpixel: 4886
Healpixels: [4886 5014 4885 4758 4630 4759 4887 5015 5142]
MC_SOURCE_ID = 0.0
mode = 0: running only on real data
Found 1 objects...
Applying cuts...
912482 star-like objects in ROI...
815518 galaxy-like objects in ROI...
No fracdet map specified ...
Distance = 15.8 kpc (m-M = 16.0)
912454 objects left after isochrone cut...
Characteristic density = 11400.0 deg^-2
Characteristic density local = 10828.5 deg^-2 = 3.008 arcmin^-2
Fitting aperture to hotspot...
Candidate: x_peak:       -0.895, y_peak:       -0.275, r_peak:        0.020, sig:        9.823, ra_peak:      242.366, dec_peak:       11.744
Characteristic density local = 10392.8 deg^-2 = 2.887 arcmin^-2
Fitting aperture to hotspot...
Candidate: x_peak:       -0.885, y_peak:       -0.425, r_peak:        0.040, sig:        8.386, ra_peak:      242.377, dec_peak:       11.594
Characteristic density local = 11021.5 deg^-2 = 3.062 arcmin^-2
Fitting aperture to hotspot...
Candidate: x_peak:       -0.625, y_peak:       -0.355, r_peak:        0.010, sig:        4.479, ra_peak:      242.642, dec_peak:       11.664
Characteristic density local = 11522.8 deg^-2 = 3.201 arcmin^-2
Fitting aperture to hotspot...
Candidate: x_peak:       -0.245, y_peak:       -0.085, r_peak:        0.030, sig:        4.952, ra_peak:      243.030, dec_peak:       11.935
Characteristic density local = 11873.0 deg^-2 = 3.298 arcmin^-2
Fitting aperture to hotspot...
Candidate: x_peak:        0.075, y_peak:       -0.595, r_peak:        0.020, sig:        5.488, ra_peak:      243.357, dec_peak:       11.425
Characteristic density local = 12278.8 deg^-2 = 3.411 arcmin^-2
Fitting aperture to hotspot...
Candidate: x_peak:        0.465, y_peak:       -0.545, r_peak:        0.030, sig:        6.772, ra_peak:      243.754, dec_peak:       11.475
Characteristic density local = 12507.6 deg^-2 = 3.474 arcmin^-2
Fitting aperture to hotspot...
Candidate: x_peak:        0.695, y_peak:       -0.595, r_peak:        0.030, sig:        6.263, ra_peak:      243.989, dec_peak:       11.424
Characteristic density local = 11190.6 deg^-2 = 3.108 arcmin^-2
Fitting aperture to hotspot...
Candidate: x_peak:        1.225, y_peak:        0.085, r_peak:        0.040, sig:        4.213, ra_peak:      244.533, dec_peak:       12.102
Distance = 20.0 kpc (m-M = 16.5)
912469 objects left after isochrone cut...
Characteristic density = 11400.0 deg^-2
Characteristic density local = 10828.5 deg^-2 = 3.008 arcmin^-2
Fitting aperture to hotspot...
Candidate: x_peak:       -0.895, y_peak:       -0.275, r_peak:        0.020, sig:        9.823, ra_peak:      242.366, dec_peak:       11.744
Characteristic density local = 10392.8 deg^-2 = 2.887 arcmin^-2
Fitting aperture to hotspot...
Candidate: x_peak:       -0.885, y_peak:       -0.425, r_peak:        0.040, sig:        8.386, ra_peak:      242.377, dec_peak:       11.594
Characteristic density local = 11021.5 deg^-2 = 3.062 arcmin^-2
Fitting aperture to hotspot...
Candidate: x_peak:       -0.625, y_peak:       -0.355, r_peak:        0.010, sig:        4.479, ra_peak:      242.642, dec_peak:       11.664
Characteristic density local = 11522.8 deg^-2 = 3.201 arcmin^-2
Fitting aperture to hotspot...
Candidate: x_peak:       -0.245, y_peak:       -0.085, r_peak:        0.030, sig:        4.952, ra_peak:      243.030, dec_peak:       11.935
Characteristic density local = 11873.0 deg^-2 = 3.298 arcmin^-2
Fitting aperture to hotspot...
Candidate: x_peak:        0.075, y_peak:       -0.595, r_peak:        0.020, sig:        5.488, ra_peak:      243.357, dec_peak:       11.425
Characteristic density local = 12278.8 deg^-2 = 3.411 arcmin^-2
Fitting aperture to hotspot...
Candidate: x_peak:        0.465, y_peak:       -0.545, r_peak:        0.030, sig:        6.772, ra_peak:      243.754, dec_peak:       11.475
Characteristic density local = 12507.6 deg^-2 = 3.474 arcmin^-2
Fitting aperture to hotspot...
Candidate: x_peak:        0.695, y_peak:       -0.595, r_peak:        0.030, sig:        6.263, ra_peak:      243.989, dec_peak:       11.424
Characteristic density local = 11190.6 deg^-2 = 3.108 arcmin^-2
Fitting aperture to hotspot...
Candidate: x_peak:        1.225, y_peak:        0.085, r_peak:        0.040, sig:        4.213, ra_peak:      244.533, dec_peak:       12.102
Distance = 25.1 kpc (m-M = 17.0)
912474 objects left after isochrone cut...
Characteristic density = 11400.0 deg^-2
Characteristic density local = 10828.5 deg^-2 = 3.008 arcmin^-2
Fitting aperture to hotspot...
Candidate: x_peak:       -0.895, y_peak:       -0.275, r_peak:        0.020, sig:        9.823, ra_peak:      242.366, dec_peak:       11.744
Characteristic density local = 10392.8 deg^-2 = 2.887 arcmin^-2
Fitting aperture to hotspot...
Candidate: x_peak:       -0.885, y_peak:       -0.425, r_peak:        0.040, sig:        8.386, ra_peak:      242.377, dec_peak:       11.594
Characteristic density local = 11021.5 deg^-2 = 3.062 arcmin^-2
Fitting aperture to hotspot...
Candidate: x_peak:       -0.625, y_peak:       -0.355, r_peak:        0.010, sig:        4.479, ra_peak:      242.642, dec_peak:       11.664
Characteristic density local = 11522.8 deg^-2 = 3.201 arcmin^-2
Fitting aperture to hotspot...
Candidate: x_peak:       -0.245, y_peak:       -0.085, r_peak:        0.030, sig:        4.952, ra_peak:      243.030, dec_peak:       11.935
Characteristic density local = 11873.0 deg^-2 = 3.298 arcmin^-2
Fitting aperture to hotspot...
Candidate: x_peak:        0.075, y_peak:       -0.595, r_peak:        0.020, sig:        5.488, ra_peak:      243.357, dec_peak:       11.425
Characteristic density local = 12278.8 deg^-2 = 3.411 arcmin^-2
Fitting aperture to hotspot...
Candidate: x_peak:        0.465, y_peak:       -0.545, r_peak:        0.030, sig:        6.772, ra_peak:      243.754, dec_peak:       11.475
Characteristic density local = 12507.6 deg^-2 = 3.474 arcmin^-2
Fitting aperture to hotspot...
Candidate: x_peak:        0.695, y_peak:       -0.595, r_peak:        0.030, sig:        6.263, ra_peak:      243.989, dec_peak:       11.424
Characteristic density local = 11190.6 deg^-2 = 3.108 arcmin^-2
Fitting aperture to hotspot...
Candidate: x_peak:        1.225, y_peak:        0.085, r_peak:        0.040, sig:        4.213, ra_peak:      244.533, dec_peak:       12.102
Distance = 31.6 kpc (m-M = 17.5)
912468 objects left after isochrone cut...
Characteristic density = 11400.0 deg^-2
Characteristic density local = 10828.5 deg^-2 = 3.008 arcmin^-2
Fitting aperture to hotspot...
Candidate: x_peak:       -0.895, y_peak:       -0.275, r_peak:        0.020, sig:        9.823, ra_peak:      242.366, dec_peak:       11.744
Characteristic density local = 10392.8 deg^-2 = 2.887 arcmin^-2
Fitting aperture to hotspot...
Candidate: x_peak:       -0.885, y_peak:       -0.425, r_peak:        0.040, sig:        8.386, ra_peak:      242.377, dec_peak:       11.594
Characteristic density local = 11021.5 deg^-2 = 3.062 arcmin^-2
Fitting aperture to hotspot...
Candidate: x_peak:       -0.625, y_peak:       -0.355, r_peak:        0.010, sig:        4.479, ra_peak:      242.642, dec_peak:       11.664
Characteristic density local = 11522.8 deg^-2 = 3.201 arcmin^-2
Fitting aperture to hotspot...
Candidate: x_peak:       -0.245, y_peak:       -0.085, r_peak:        0.030, sig:        4.952, ra_peak:      243.030, dec_peak:       11.935
Characteristic density local = 11873.0 deg^-2 = 3.298 arcmin^-2
Fitting aperture to hotspot...
Candidate: x_peak:        0.075, y_peak:       -0.595, r_peak:        0.020, sig:        5.488, ra_peak:      243.357, dec_peak:       11.425
Characteristic density local = 12278.8 deg^-2 = 3.411 arcmin^-2
Fitting aperture to hotspot...
Candidate: x_peak:        0.465, y_peak:       -0.545, r_peak:        0.030, sig:        6.772, ra_peak:      243.754, dec_peak:       11.475
Characteristic density local = 12507.6 deg^-2 = 3.474 arcmin^-2
Fitting aperture to hotspot...
Candidate: x_peak:        0.695, y_peak:       -0.595, r_peak:        0.030, sig:        6.263, ra_peak:      243.989, dec_peak:       11.424
Characteristic density local = 11190.6 deg^-2 = 3.108 arcmin^-2
Fitting aperture to hotspot...
Candidate: x_peak:        1.225, y_peak:        0.085, r_peak:        0.040, sig:        4.213, ra_peak:      244.533, dec_peak:       12.102
Distance = 39.8 kpc (m-M = 18.0)
911810 objects left after isochrone cut...
Characteristic density = 11300.0 deg^-2
Characteristic density local = 10812.6 deg^-2 = 3.003 arcmin^-2
Fitting aperture to hotspot...
Candidate: x_peak:       -0.895, y_peak:       -0.275, r_peak:        0.020, sig:        9.673, ra_peak:      242.366, dec_peak:       11.744
Characteristic density local = 10384.9 deg^-2 = 2.885 arcmin^-2
Fitting aperture to hotspot...
Candidate: x_peak:       -0.885, y_peak:       -0.425, r_peak:        0.040, sig:        8.393, ra_peak:      242.377, dec_peak:       11.594
Characteristic density local = 10985.7 deg^-2 = 3.052 arcmin^-2
Fitting aperture to hotspot...
Candidate: x_peak:       -0.625, y_peak:       -0.355, r_peak:        0.010, sig:        4.487, ra_peak:      242.642, dec_peak:       11.664
Characteristic density local = 11495.0 deg^-2 = 3.193 arcmin^-2
Fitting aperture to hotspot...
Candidate: x_peak:       -0.245, y_peak:       -0.085, r_peak:        0.030, sig:        4.828, ra_peak:      243.030, dec_peak:       11.935
Characteristic density local = 11827.2 deg^-2 = 3.285 arcmin^-2
Fitting aperture to hotspot...
Candidate: x_peak:        0.075, y_peak:       -0.595, r_peak:        0.020, sig:        5.506, ra_peak:      243.357, dec_peak:       11.425
Characteristic density local = 12239.0 deg^-2 = 3.400 arcmin^-2
Fitting aperture to hotspot...
Candidate: x_peak:        0.465, y_peak:       -0.545, r_peak:        0.030, sig:        6.794, ra_peak:      243.754, dec_peak:       11.475
Characteristic density local = 12461.8 deg^-2 = 3.462 arcmin^-2
Fitting aperture to hotspot...
Candidate: x_peak:        0.695, y_peak:       -0.595, r_peak:        0.030, sig:        6.288, ra_peak:      243.989, dec_peak:       11.424
Characteristic density local = 11188.6 deg^-2 = 3.108 arcmin^-2
Fitting aperture to hotspot...
Candidate: x_peak:        1.225, y_peak:        0.085, r_peak:        0.040, sig:        4.214, ra_peak:      244.533, dec_peak:       12.102
Distance = 50.1 kpc (m-M = 18.5)
909761 objects left after isochrone cut...
Characteristic density = 11300.0 deg^-2
Characteristic density local = 10784.7 deg^-2 = 2.996 arcmin^-2
Fitting aperture to hotspot...
Candidate: x_peak:       -0.895, y_peak:       -0.275, r_peak:        0.020, sig:        9.686, ra_peak:      242.366, dec_peak:       11.744
Characteristic density local = 10368.9 deg^-2 = 2.880 arcmin^-2
Fitting aperture to hotspot...
Candidate: x_peak:       -0.885, y_peak:       -0.425, r_peak:        0.040, sig:        8.406, ra_peak:      242.377, dec_peak:       11.594
Characteristic density local = 10930.0 deg^-2 = 3.036 arcmin^-2
Fitting aperture to hotspot...
Candidate: x_peak:       -0.625, y_peak:       -0.355, r_peak:        0.010, sig:        4.500, ra_peak:      242.642, dec_peak:       11.664
Characteristic density local = 11409.4 deg^-2 = 3.169 arcmin^-2
Fitting aperture to hotspot...
Candidate: x_peak:       -0.245, y_peak:       -0.085, r_peak:        0.030, sig:        4.737, ra_peak:      243.030, dec_peak:       11.935
Characteristic density local = 11703.9 deg^-2 = 3.251 arcmin^-2
Fitting aperture to hotspot...
Candidate: x_peak:        0.075, y_peak:       -0.595, r_peak:        0.020, sig:        5.555, ra_peak:      243.357, dec_peak:       11.425
Characteristic density local = 12131.6 deg^-2 = 3.370 arcmin^-2
Fitting aperture to hotspot...
Candidate: x_peak:        0.465, y_peak:       -0.545, r_peak:        0.030, sig:        6.855, ra_peak:      243.754, dec_peak:       11.475
Characteristic density local = 12368.3 deg^-2 = 3.436 arcmin^-2
Fitting aperture to hotspot...
Candidate: x_peak:        0.695, y_peak:       -0.595, r_peak:        0.030, sig:        6.340, ra_peak:      243.989, dec_peak:       11.424
Characteristic density local = 11134.9 deg^-2 = 3.093 arcmin^-2
Fitting aperture to hotspot...
Candidate: x_peak:        1.225, y_peak:        0.085, r_peak:        0.040, sig:        4.140, ra_peak:      244.533, dec_peak:       12.102
Distance = 63.1 kpc (m-M = 19.0)
905828 objects left after isochrone cut...
Characteristic density = 11100.0 deg^-2
Characteristic density local = 10752.9 deg^-2 = 2.987 arcmin^-2
Fitting aperture to hotspot...
Candidate: x_peak:       -0.895, y_peak:       -0.275, r_peak:        0.020, sig:        9.701, ra_peak:      242.366, dec_peak:       11.744
Characteristic density local = 10357.0 deg^-2 = 2.877 arcmin^-2
Fitting aperture to hotspot...
Candidate: x_peak:       -0.885, y_peak:       -0.425, r_peak:        0.040, sig:        8.415, ra_peak:      242.377, dec_peak:       11.594
Characteristic density local = 10854.4 deg^-2 = 3.015 arcmin^-2
Fitting aperture to hotspot...
Candidate: x_peak:       -0.625, y_peak:       -0.355, r_peak:        0.010, sig:        4.517, ra_peak:      242.642, dec_peak:       11.664
Characteristic density local = 11298.0 deg^-2 = 3.138 arcmin^-2
Fitting aperture to hotspot...
Candidate: x_peak:       -0.245, y_peak:       -0.085, r_peak:        0.030, sig:        4.799, ra_peak:      243.030, dec_peak:       11.935
Characteristic density local = 10631.6 deg^-2 = 2.953 arcmin^-2
Fitting aperture to hotspot...
Candidate: x_peak:        0.005, y_peak:        1.215, r_peak:        0.020, sig:        4.853, ra_peak:      243.285, dec_peak:       13.235
Characteristic density local = 11546.7 deg^-2 = 3.207 arcmin^-2
Fitting aperture to hotspot...
Candidate: x_peak:        0.075, y_peak:       -0.595, r_peak:        0.020, sig:        5.618, ra_peak:      243.357, dec_peak:       11.425
Characteristic density local = 11994.3 deg^-2 = 3.332 arcmin^-2
Fitting aperture to hotspot...
Candidate: x_peak:        0.465, y_peak:       -0.545, r_peak:        0.030, sig:        6.934, ra_peak:      243.754, dec_peak:       11.475
Characteristic density local = 12195.2 deg^-2 = 3.388 arcmin^-2
Fitting aperture to hotspot...
Candidate: x_peak:        0.695, y_peak:       -0.595, r_peak:        0.030, sig:        6.180, ra_peak:      243.989, dec_peak:       11.424
Characteristic density local = 11069.2 deg^-2 = 3.075 arcmin^-2
Fitting aperture to hotspot...
Candidate: x_peak:        1.235, y_peak:        0.075, r_peak:        0.050, sig:        4.456, ra_peak:      244.543, dec_peak:       12.092
Distance = 79.4 kpc (m-M = 19.5)
900192 objects left after isochrone cut...
Characteristic density = 11000.0 deg^-2
Characteristic density local = 10701.2 deg^-2 = 2.973 arcmin^-2
Fitting aperture to hotspot...
Candidate: x_peak:       -0.895, y_peak:       -0.275, r_peak:        0.020, sig:        9.726, ra_peak:      242.366, dec_peak:       11.744
Characteristic density local = 10313.2 deg^-2 = 2.865 arcmin^-2
Fitting aperture to hotspot...
Candidate: x_peak:       -0.885, y_peak:       -0.425, r_peak:        0.040, sig:        8.452, ra_peak:      242.377, dec_peak:       11.594
Characteristic density local = 10812.6 deg^-2 = 3.003 arcmin^-2
Fitting aperture to hotspot...
Candidate: x_peak:       -0.615, y_peak:       -0.355, r_peak:        0.030, sig:        4.651, ra_peak:      242.652, dec_peak:       11.664
Characteristic density local = 11105.0 deg^-2 = 3.085 arcmin^-2
Fitting aperture to hotspot...
Candidate: x_peak:       -0.245, y_peak:       -0.085, r_peak:        0.030, sig:        4.910, ra_peak:      243.030, dec_peak:       11.935
Characteristic density local = 10215.8 deg^-2 = 2.838 arcmin^-2
Fitting aperture to hotspot...
Candidate: x_peak:       -0.035, y_peak:        0.765, r_peak:        0.020, sig:        7.450, ra_peak:      243.244, dec_peak:       12.785
Characteristic density local = 11306.0 deg^-2 = 3.141 arcmin^-2
Fitting aperture to hotspot...
Candidate: x_peak:        0.075, y_peak:       -0.595, r_peak:        0.020, sig:        5.716, ra_peak:      243.357, dec_peak:       11.425
Characteristic density local = 11745.6 deg^-2 = 3.263 arcmin^-2
Fitting aperture to hotspot...
Candidate: x_peak:        0.465, y_peak:       -0.535, r_peak:        0.020, sig:        7.297, ra_peak:      243.754, dec_peak:       11.485
Characteristic density local = 11958.5 deg^-2 = 3.322 arcmin^-2
Fitting aperture to hotspot...
Candidate: x_peak:        0.695, y_peak:       -0.595, r_peak:        0.030, sig:        6.313, ra_peak:      243.989, dec_peak:       11.424
Characteristic density local = 10862.3 deg^-2 = 3.017 arcmin^-2
Fitting aperture to hotspot...
Candidate: x_peak:        1.235, y_peak:        0.075, r_peak:        0.050, sig:        4.645, ra_peak:      244.543, dec_peak:       12.092
Distance = 100.0 kpc (m-M = 20.0)
892301 objects left after isochrone cut...
Characteristic density = 10700.0 deg^-2
Characteristic density local = 10468.4 deg^-2 = 2.908 arcmin^-2
Fitting aperture to hotspot...
Candidate: x_peak:       -0.895, y_peak:       -0.275, r_peak:        0.020, sig:        9.837, ra_peak:      242.366, dec_peak:       11.744
Characteristic density local = 10084.5 deg^-2 = 2.801 arcmin^-2
Fitting aperture to hotspot...
Candidate: x_peak:       -0.885, y_peak:       -0.425, r_peak:        0.040, sig:        8.538, ra_peak:      242.377, dec_peak:       11.594
Characteristic density local = 10850.4 deg^-2 = 3.014 arcmin^-2
Fitting aperture to hotspot...
Candidate: x_peak:       -0.245, y_peak:       -0.085, r_peak:        0.030, sig:        4.629, ra_peak:      243.030, dec_peak:       11.935
Characteristic density local = 11047.3 deg^-2 = 3.069 arcmin^-2
Fitting aperture to hotspot...
Candidate: x_peak:        0.075, y_peak:       -0.595, r_peak:        0.020, sig:        5.824, ra_peak:      243.357, dec_peak:       11.425
Characteristic density local = 11489.0 deg^-2 = 3.191 arcmin^-2
Fitting aperture to hotspot...
Candidate: x_peak:        0.465, y_peak:       -0.545, r_peak:        0.030, sig:        6.844, ra_peak:      243.754, dec_peak:       11.475
Characteristic density local = 11691.9 deg^-2 = 3.248 arcmin^-2
Fitting aperture to hotspot...
Candidate: x_peak:        0.695, y_peak:       -0.595, r_peak:        0.030, sig:        6.335, ra_peak:      243.989, dec_peak:       11.424
Characteristic density local = 10581.8 deg^-2 = 2.939 arcmin^-2
Fitting aperture to hotspot...
Candidate: x_peak:        1.235, y_peak:        0.075, r_peak:        0.050, sig:        4.811, ra_peak:      244.543, dec_peak:       12.092
Distance = 125.9 kpc (m-M = 20.5)
882357 objects left after isochrone cut...
Characteristic density = 10400.0 deg^-2
Characteristic density local = 10172.0 deg^-2 = 2.826 arcmin^-2
Fitting aperture to hotspot...
Candidate: x_peak:       -0.895, y_peak:       -0.275, r_peak:        0.020, sig:        9.981, ra_peak:      242.366, dec_peak:       11.744
Characteristic density local = 9803.9 deg^-2 = 2.723 arcmin^-2
Fitting aperture to hotspot...
Candidate: x_peak:       -0.885, y_peak:       -0.425, r_peak:        0.040, sig:        8.567, ra_peak:      242.377, dec_peak:       11.594
Characteristic density local = 10508.2 deg^-2 = 2.919 arcmin^-2
Fitting aperture to hotspot...
Candidate: x_peak:       -0.245, y_peak:       -0.085, r_peak:        0.030, sig:        4.539, ra_peak:      243.030, dec_peak:       11.935
Characteristic density local = 10711.1 deg^-2 = 2.975 arcmin^-2
Fitting aperture to hotspot...
Candidate: x_peak:        0.085, y_peak:       -0.595, r_peak:        0.030, sig:        4.854, ra_peak:      243.367, dec_peak:       11.425
Characteristic density local = 11140.8 deg^-2 = 3.095 arcmin^-2
Fitting aperture to hotspot...
Candidate: x_peak:        0.465, y_peak:       -0.545, r_peak:        0.030, sig:        6.790, ra_peak:      243.754, dec_peak:       11.475
Characteristic density local = 11345.8 deg^-2 = 3.152 arcmin^-2
Fitting aperture to hotspot...
Candidate: x_peak:        0.695, y_peak:       -0.595, r_peak:        0.030, sig:        6.537, ra_peak:      243.989, dec_peak:       11.424
Characteristic density local = 10259.5 deg^-2 = 2.850 arcmin^-2
Fitting aperture to hotspot...
Candidate: x_peak:        1.235, y_peak:        0.075, r_peak:        0.050, sig:        4.736, ra_peak:      244.543, dec_peak:       12.092
Distance = 158.5 kpc (m-M = 21.0)
870466 objects left after isochrone cut...
Characteristic density = 10000.0 deg^-2
Characteristic density local = 9833.8 deg^-2 = 2.732 arcmin^-2
Fitting aperture to hotspot...
Candidate: x_peak:       -0.895, y_peak:       -0.275, r_peak:        0.020, sig:        9.989, ra_peak:      242.366, dec_peak:       11.744
Characteristic density local = 9489.6 deg^-2 = 2.636 arcmin^-2
Fitting aperture to hotspot...
Candidate: x_peak:       -0.885, y_peak:       -0.425, r_peak:        0.040, sig:        8.732, ra_peak:      242.377, dec_peak:       11.594
Characteristic density local = 9895.5 deg^-2 = 2.749 arcmin^-2
Fitting aperture to hotspot...
Candidate: x_peak:       -0.615, y_peak:       -0.355, r_peak:        0.030, sig:        4.459, ra_peak:      242.652, dec_peak:       11.664
Characteristic density local = 10098.4 deg^-2 = 2.805 arcmin^-2
Fitting aperture to hotspot...
Candidate: x_peak:       -0.245, y_peak:       -0.095, r_peak:        0.030, sig:        5.075, ra_peak:      243.030, dec_peak:       11.925
Characteristic density local = 9318.5 deg^-2 = 2.588 arcmin^-2
Fitting aperture to hotspot...
Candidate: x_peak:       -0.035, y_peak:        0.765, r_peak:        0.020, sig:        7.516, ra_peak:      243.244, dec_peak:       12.785
Characteristic density local = 10273.5 deg^-2 = 2.854 arcmin^-2
Fitting aperture to hotspot...
Candidate: x_peak:        0.075, y_peak:       -0.595, r_peak:        0.020, sig:        5.778, ra_peak:      243.357, dec_peak:       11.425
Characteristic density local = 10733.0 deg^-2 = 2.981 arcmin^-2
Fitting aperture to hotspot...
Candidate: x_peak:        0.465, y_peak:       -0.545, r_peak:        0.030, sig:        6.905, ra_peak:      243.754, dec_peak:       11.475
Characteristic density local = 10890.2 deg^-2 = 3.025 arcmin^-2
Fitting aperture to hotspot...
Candidate: x_peak:        0.695, y_peak:       -0.595, r_peak:        0.030, sig:        6.809, ra_peak:      243.989, dec_peak:       11.424
Characteristic density local = 9873.6 deg^-2 = 2.743 arcmin^-2
Fitting aperture to hotspot...
Candidate: x_peak:        1.235, y_peak:        0.075, r_peak:        0.050, sig:        4.720, ra_peak:      244.543, dec_peak:       12.092
Distance = 199.5 kpc (m-M = 21.5)
856213 objects left after isochrone cut...
Characteristic density = 9500.0 deg^-2
Characteristic density local = 9378.2 deg^-2 = 2.605 arcmin^-2
Fitting aperture to hotspot...
Candidate: x_peak:       -0.895, y_peak:       -0.275, r_peak:        0.020, sig:       10.222, ra_peak:      242.366, dec_peak:       11.744
Characteristic density local = 9057.9 deg^-2 = 2.516 arcmin^-2
Fitting aperture to hotspot...
Candidate: x_peak:       -0.885, y_peak:       -0.425, r_peak:        0.040, sig:        8.794, ra_peak:      242.377, dec_peak:       11.594
Characteristic density local = 9603.0 deg^-2 = 2.668 arcmin^-2
Fitting aperture to hotspot...
Candidate: x_peak:       -0.245, y_peak:       -0.095, r_peak:        0.020, sig:        5.094, ra_peak:      243.030, dec_peak:       11.925
Characteristic density local = 9802.0 deg^-2 = 2.723 arcmin^-2
Fitting aperture to hotspot...
Candidate: x_peak:        0.075, y_peak:       -0.595, r_peak:        0.020, sig:        5.987, ra_peak:      243.357, dec_peak:       11.425
Characteristic density local = 10172.0 deg^-2 = 2.826 arcmin^-2
Fitting aperture to hotspot...
Candidate: x_peak:        0.465, y_peak:       -0.535, r_peak:        0.020, sig:        7.470, ra_peak:      243.754, dec_peak:       11.485
Characteristic density local = 10357.0 deg^-2 = 2.877 arcmin^-2
Fitting aperture to hotspot...
Candidate: x_peak:        0.695, y_peak:       -0.595, r_peak:        0.030, sig:        7.138, ra_peak:      243.989, dec_peak:       11.424
Distance = 251.2 kpc (m-M = 22.0)
839349 objects left after isochrone cut...
Characteristic density = 9000.0 deg^-2
Characteristic density local = 8857.0 deg^-2 = 2.460 arcmin^-2
Fitting aperture to hotspot...
Candidate: x_peak:       -0.895, y_peak:       -0.275, r_peak:        0.020, sig:       10.006, ra_peak:      242.366, dec_peak:       11.744
Characteristic density local = 8572.5 deg^-2 = 2.381 arcmin^-2
Fitting aperture to hotspot...
Candidate: x_peak:       -0.885, y_peak:       -0.425, r_peak:        0.040, sig:        8.802, ra_peak:      242.377, dec_peak:       11.594
Characteristic density local = 9014.1 deg^-2 = 2.504 arcmin^-2
Fitting aperture to hotspot...
Candidate: x_peak:       -0.605, y_peak:       -0.355, r_peak:        0.030, sig:        5.010, ra_peak:      242.662, dec_peak:       11.664
Characteristic density local = 9034.0 deg^-2 = 2.509 arcmin^-2
Fitting aperture to hotspot...
Candidate: x_peak:       -0.245, y_peak:       -0.095, r_peak:        0.030, sig:        4.845, ra_peak:      243.030, dec_peak:       11.925
Characteristic density local = 8419.3 deg^-2 = 2.339 arcmin^-2
Fitting aperture to hotspot...
Candidate: x_peak:       -0.035, y_peak:        0.765, r_peak:        0.020, sig:        7.785, ra_peak:      243.244, dec_peak:       12.785
Characteristic density local = 9302.6 deg^-2 = 2.584 arcmin^-2
Fitting aperture to hotspot...
Candidate: x_peak:        0.085, y_peak:       -0.595, r_peak:        0.030, sig:        5.277, ra_peak:      243.367, dec_peak:       11.425
Characteristic density local = 9585.1 deg^-2 = 2.663 arcmin^-2
Fitting aperture to hotspot...
Candidate: x_peak:        0.465, y_peak:       -0.535, r_peak:        0.020, sig:        7.388, ra_peak:      243.754, dec_peak:       11.485
Characteristic density local = 9778.1 deg^-2 = 2.716 arcmin^-2
Fitting aperture to hotspot...
Candidate: x_peak:        0.695, y_peak:       -0.595, r_peak:        0.030, sig:        7.374, ra_peak:      243.989, dec_peak:       11.424
Distance = 316.2 kpc (m-M = 22.5)
819625 objects left after isochrone cut...
Characteristic density = 8300.0 deg^-2
Characteristic density local = 8238.3 deg^-2 = 2.288 arcmin^-2
Fitting aperture to hotspot...
Candidate: x_peak:       -0.895, y_peak:       -0.275, r_peak:        0.020, sig:       10.179, ra_peak:      242.366, dec_peak:       11.744
Characteristic density local = 7878.2 deg^-2 = 2.188 arcmin^-2
Fitting aperture to hotspot...
Candidate: x_peak:       -0.875, y_peak:       -0.435, r_peak:        0.050, sig:        8.285, ra_peak:      242.387, dec_peak:       11.584
Characteristic density local = 8313.9 deg^-2 = 2.309 arcmin^-2
Fitting aperture to hotspot...
Candidate: x_peak:       -0.615, y_peak:       -0.355, r_peak:        0.030, sig:        4.851, ra_peak:      242.652, dec_peak:       11.664
Characteristic density local = 8361.6 deg^-2 = 2.323 arcmin^-2
Fitting aperture to hotspot...
Candidate: x_peak:       -0.255, y_peak:       -0.095, r_peak:        0.050, sig:        4.532, ra_peak:      243.019, dec_peak:       11.925
Characteristic density local = 7826.4 deg^-2 = 2.174 arcmin^-2
Fitting aperture to hotspot...
Candidate: x_peak:       -0.035, y_peak:        0.765, r_peak:        0.020, sig:        7.915, ra_peak:      243.244, dec_peak:       12.785
Characteristic density local = 8660.0 deg^-2 = 2.406 arcmin^-2
Fitting aperture to hotspot...
Candidate: x_peak:        0.085, y_peak:       -0.595, r_peak:        0.030, sig:        5.396, ra_peak:      243.367, dec_peak:       11.425
Characteristic density local = 8853.0 deg^-2 = 2.459 arcmin^-2
Fitting aperture to hotspot...
Candidate: x_peak:        0.465, y_peak:       -0.535, r_peak:        0.020, sig:        7.378, ra_peak:      243.754, dec_peak:       11.485
Characteristic density local = 9018.1 deg^-2 = 2.505 arcmin^-2
Fitting aperture to hotspot...
Candidate: x_peak:        0.695, y_peak:       -0.595, r_peak:        0.030, sig:        7.749, ra_peak:      243.989, dec_peak:       11.424
Distance = 398.1 kpc (m-M = 23.0)
796490 objects left after isochrone cut...
Characteristic density = 7600.0 deg^-2
Characteristic density local = 7442.5 deg^-2 = 2.067 arcmin^-2
Fitting aperture to hotspot...
Candidate: x_peak:       -0.895, y_peak:       -0.275, r_peak:        0.020, sig:       10.302, ra_peak:      242.366, dec_peak:       11.744
Characteristic density local = 7138.1 deg^-2 = 1.983 arcmin^-2
Fitting aperture to hotspot...
Candidate: x_peak:       -0.875, y_peak:       -0.435, r_peak:        0.040, sig:        7.895, ra_peak:      242.387, dec_peak:       11.584
Characteristic density local = 7585.7 deg^-2 = 2.107 arcmin^-2
Fitting aperture to hotspot...
Candidate: x_peak:       -0.255, y_peak:       -0.095, r_peak:        0.050, sig:        5.058, ra_peak:      243.019, dec_peak:       11.925
Characteristic density local = 7112.2 deg^-2 = 1.976 arcmin^-2
Fitting aperture to hotspot...
Candidate: x_peak:       -0.035, y_peak:        0.765, r_peak:        0.020, sig:        8.128, ra_peak:      243.244, dec_peak:       12.785
Characteristic density local = 7846.3 deg^-2 = 2.180 arcmin^-2
Fitting aperture to hotspot...
Candidate: x_peak:        0.085, y_peak:       -0.595, r_peak:        0.030, sig:        5.332, ra_peak:      243.367, dec_peak:       11.425
Characteristic density local = 8071.1 deg^-2 = 2.242 arcmin^-2
Fitting aperture to hotspot...
Candidate: x_peak:        0.465, y_peak:       -0.535, r_peak:        0.020, sig:        7.594, ra_peak:      243.754, dec_peak:       11.485
Characteristic density local = 8250.2 deg^-2 = 2.292 arcmin^-2
Fitting aperture to hotspot...
Candidate: x_peak:        0.695, y_peak:       -0.595, r_peak:        0.030, sig:        8.157, ra_peak:      243.989, dec_peak:       11.424
10.30 sigma; (RA, Dec, d) = (242.37, 11.74); r = 0.02 deg; d = 398.1, mu = 23.00 mag), mc_source_id: 0.00
8.80 sigma; (RA, Dec, d) = (242.38, 11.59); r = 0.04 deg; d = 251.2, mu = 22.00 mag), mc_source_id: 0.00
8.16 sigma; (RA, Dec, d) = (243.99, 11.42); r = 0.03 deg; d = 398.1, mu = 23.00 mag), mc_source_id: 0.00
8.13 sigma; (RA, Dec, d) = (243.24, 12.79); r = 0.02 deg; d = 398.1, mu = 23.00 mag), mc_source_id: 0.00
7.59 sigma; (RA, Dec, d) = (243.75, 11.48); r = 0.02 deg; d = 398.1, mu = 23.00 mag), mc_source_id: 0.00
5.99 sigma; (RA, Dec, d) = (243.36, 11.42); r = 0.02 deg; d = 199.5, mu = 21.50 mag), mc_source_id: 0.00
5.09 sigma; (RA, Dec, d) = (243.03, 11.92); r = 0.02 deg; d = 199.5, mu = 21.50 mag), mc_source_id: 0.00
5.01 sigma; (RA, Dec, d) = (242.66, 11.66); r = 0.03 deg; d = 251.2, mu = 22.00 mag), mc_source_id: 0.00
4.85 sigma; (RA, Dec, d) = (243.29, 13.24); r = 0.02 deg; d = 63.1, mu = 19.00 mag), mc_source_id: 0.00
4.81 sigma; (RA, Dec, d) = (244.54, 12.09); r = 0.05 deg; d = 100.0, mu = 20.00 mag), mc_source_id: 0.00

------------------------------------------------------------
Job <680101.0> was submitted from <des51.fnal.gov> by user <tavangar>.
Job was executed on host <des40.fnal.gov> as user <tavangar>.
</var/lib/condor/execute/dir_1861311> was used as the initial working directory.
Results reported at Wed Jun  5 07:44:55 CDT 2019

Your job looked like:

------------------------------------------------------------
python /home/s1/tavangar/tavangar_simple/search_algorithm.py 243.28 12.02 0.00 /home/s1/tavangar/tavangar_simple/decals_dr7_results/results_nside_32_4886.csv /home/s1/tavangar/tavangar_simple/decals_dr7_results/decals_dr7_log/results_nside_32_4886.log
------------------------------------------------------------

Successfully completed.

Resource usage summary:

	Real time :			400.67 sec.
	CPU time :			10.28 sec.
	CPU percentage :		85%
	Max Memory :			6025072 KB
	Average Memory :		0 KB

The output (if any) is above this job summary.
