/home/s1/tavangar/tavangar_simple/simple_utils.py:170: FutureWarning: elementwise comparison failed; returning scalar instead, but in the future will perform elementwise comparison
  if np.all(isochrone.stage == 'Main'):
Search coordinates: (RA, Dec) = (9.84, 16.96)
Center healpixel: 4291
Healpixels: [4291 4419 4290 4163 4035 4164 4292 4420 4547]
MC_SOURCE_ID = 0.0
mode = 0: running only on real data
Found 1 objects...
Applying cuts...
484999 star-like objects in ROI...
704784 galaxy-like objects in ROI...
No fracdet map specified ...
Distance = 15.8 kpc (m-M = 16.0)
484983 objects left after isochrone cut...
Characteristic density = 4600.0 deg^-2
Characteristic density local = 4814.4 deg^-2 = 1.337 arcmin^-2
Fitting aperture to hotspot...
Candidate: x_peak:       -0.845, y_peak:       -0.395, r_peak:        0.020, sig:       13.419, ra_peak:        8.958, dec_peak:       16.563
Characteristic density local = 4872.1 deg^-2 = 1.353 arcmin^-2
Fitting aperture to hotspot...
Candidate: x_peak:       -0.725, y_peak:        0.055, r_peak:        0.030, sig:        6.226, ra_peak:        9.082, dec_peak:       17.014
Characteristic density local = 4852.2 deg^-2 = 1.348 arcmin^-2
Fitting aperture to hotspot...
Candidate: x_peak:       -0.225, y_peak:        0.485, r_peak:        0.050, sig:        3.910, ra_peak:        9.604, dec_peak:       17.445
Characteristic density local = 4852.2 deg^-2 = 1.348 arcmin^-2
Fitting aperture to hotspot...
Candidate: x_peak:        0.265, y_peak:       -0.385, r_peak:        0.020, sig:        8.615, ra_peak:       10.116, dec_peak:       16.575
Characteristic density local = 4786.6 deg^-2 = 1.330 arcmin^-2
Fitting aperture to hotspot...
Candidate: x_peak:        0.275, y_peak:       -0.675, r_peak:        0.020, sig:        5.941, ra_peak:       10.126, dec_peak:       16.285
Characteristic density local = 5045.2 deg^-2 = 1.401 arcmin^-2
Fitting aperture to hotspot...
Candidate: x_peak:        0.485, y_peak:        0.005, r_peak:        0.020, sig:        7.829, ra_peak:       10.347, dec_peak:       16.964
Characteristic density local = 4591.6 deg^-2 = 1.275 arcmin^-2
Fitting aperture to hotspot...
Candidate: x_peak:        0.495, y_peak:        0.735, r_peak:        0.020, sig:        5.064, ra_peak:       10.360, dec_peak:       17.694
Characteristic density local = 4902.0 deg^-2 = 1.362 arcmin^-2
Fitting aperture to hotspot...
Candidate: x_peak:        0.615, y_peak:       -0.055, r_peak:        0.040, sig:        3.620, ra_peak:       10.483, dec_peak:       16.904
Characteristic density local = 4647.3 deg^-2 = 1.291 arcmin^-2
Fitting aperture to hotspot...
Candidate: x_peak:        0.845, y_peak:       -0.295, r_peak:        0.020, sig:       15.760, ra_peak:       10.722, dec_peak:       16.663
Distance = 20.0 kpc (m-M = 16.5)
484990 objects left after isochrone cut...
Characteristic density = 4600.0 deg^-2
Characteristic density local = 4814.4 deg^-2 = 1.337 arcmin^-2
Fitting aperture to hotspot...
Candidate: x_peak:       -0.845, y_peak:       -0.395, r_peak:        0.020, sig:       13.419, ra_peak:        8.958, dec_peak:       16.563
Characteristic density local = 4872.1 deg^-2 = 1.353 arcmin^-2
Fitting aperture to hotspot...
Candidate: x_peak:       -0.725, y_peak:        0.055, r_peak:        0.030, sig:        6.226, ra_peak:        9.082, dec_peak:       17.014
Characteristic density local = 4852.2 deg^-2 = 1.348 arcmin^-2
Fitting aperture to hotspot...
Candidate: x_peak:       -0.225, y_peak:        0.485, r_peak:        0.050, sig:        3.910, ra_peak:        9.604, dec_peak:       17.445
Characteristic density local = 4852.2 deg^-2 = 1.348 arcmin^-2
Fitting aperture to hotspot...
Candidate: x_peak:        0.265, y_peak:       -0.385, r_peak:        0.020, sig:        8.615, ra_peak:       10.116, dec_peak:       16.575
Characteristic density local = 4786.6 deg^-2 = 1.330 arcmin^-2
Fitting aperture to hotspot...
Candidate: x_peak:        0.275, y_peak:       -0.675, r_peak:        0.020, sig:        5.941, ra_peak:       10.126, dec_peak:       16.285
Characteristic density local = 5045.2 deg^-2 = 1.401 arcmin^-2
Fitting aperture to hotspot...
Candidate: x_peak:        0.485, y_peak:        0.005, r_peak:        0.020, sig:        7.829, ra_peak:       10.347, dec_peak:       16.964
Characteristic density local = 4591.6 deg^-2 = 1.275 arcmin^-2
Fitting aperture to hotspot...
Candidate: x_peak:        0.495, y_peak:        0.735, r_peak:        0.020, sig:        5.064, ra_peak:       10.360, dec_peak:       17.694
Characteristic density local = 4902.0 deg^-2 = 1.362 arcmin^-2
Fitting aperture to hotspot...
Candidate: x_peak:        0.615, y_peak:       -0.055, r_peak:        0.040, sig:        3.620, ra_peak:       10.483, dec_peak:       16.904
Characteristic density local = 4647.3 deg^-2 = 1.291 arcmin^-2
Fitting aperture to hotspot...
Candidate: x_peak:        0.845, y_peak:       -0.295, r_peak:        0.020, sig:       15.760, ra_peak:       10.722, dec_peak:       16.663
Distance = 25.1 kpc (m-M = 17.0)
484992 objects left after isochrone cut...
Characteristic density = 4600.0 deg^-2
Characteristic density local = 4814.4 deg^-2 = 1.337 arcmin^-2
Fitting aperture to hotspot...
Candidate: x_peak:       -0.845, y_peak:       -0.395, r_peak:        0.020, sig:       13.419, ra_peak:        8.958, dec_peak:       16.563
Characteristic density local = 4872.1 deg^-2 = 1.353 arcmin^-2
Fitting aperture to hotspot...
Candidate: x_peak:       -0.725, y_peak:        0.055, r_peak:        0.030, sig:        6.226, ra_peak:        9.082, dec_peak:       17.014
Characteristic density local = 4852.2 deg^-2 = 1.348 arcmin^-2
Fitting aperture to hotspot...
Candidate: x_peak:       -0.225, y_peak:        0.485, r_peak:        0.050, sig:        3.910, ra_peak:        9.604, dec_peak:       17.445
Characteristic density local = 4852.2 deg^-2 = 1.348 arcmin^-2
Fitting aperture to hotspot...
Candidate: x_peak:        0.265, y_peak:       -0.385, r_peak:        0.020, sig:        8.615, ra_peak:       10.116, dec_peak:       16.575
Characteristic density local = 4786.6 deg^-2 = 1.330 arcmin^-2
Fitting aperture to hotspot...
Candidate: x_peak:        0.275, y_peak:       -0.675, r_peak:        0.020, sig:        5.941, ra_peak:       10.126, dec_peak:       16.285
Characteristic density local = 5045.2 deg^-2 = 1.401 arcmin^-2
Fitting aperture to hotspot...
Candidate: x_peak:        0.485, y_peak:        0.005, r_peak:        0.020, sig:        7.829, ra_peak:       10.347, dec_peak:       16.964
Characteristic density local = 4591.6 deg^-2 = 1.275 arcmin^-2
Fitting aperture to hotspot...
Candidate: x_peak:        0.495, y_peak:        0.735, r_peak:        0.020, sig:        5.064, ra_peak:       10.360, dec_peak:       17.694
Characteristic density local = 4902.0 deg^-2 = 1.362 arcmin^-2
Fitting aperture to hotspot...
Candidate: x_peak:        0.615, y_peak:       -0.055, r_peak:        0.040, sig:        3.620, ra_peak:       10.483, dec_peak:       16.904
Characteristic density local = 4647.3 deg^-2 = 1.291 arcmin^-2
Fitting aperture to hotspot...
Candidate: x_peak:        0.845, y_peak:       -0.295, r_peak:        0.020, sig:       15.760, ra_peak:       10.722, dec_peak:       16.663
Distance = 31.6 kpc (m-M = 17.5)
484993 objects left after isochrone cut...
Characteristic density = 4600.0 deg^-2
Characteristic density local = 4814.4 deg^-2 = 1.337 arcmin^-2
Fitting aperture to hotspot...
Candidate: x_peak:       -0.845, y_peak:       -0.395, r_peak:        0.020, sig:       13.419, ra_peak:        8.958, dec_peak:       16.563
Characteristic density local = 4872.1 deg^-2 = 1.353 arcmin^-2
Fitting aperture to hotspot...
Candidate: x_peak:       -0.725, y_peak:        0.055, r_peak:        0.030, sig:        6.226, ra_peak:        9.082, dec_peak:       17.014
Characteristic density local = 4852.2 deg^-2 = 1.348 arcmin^-2
Fitting aperture to hotspot...
Candidate: x_peak:       -0.225, y_peak:        0.485, r_peak:        0.050, sig:        3.910, ra_peak:        9.604, dec_peak:       17.445
Characteristic density local = 4852.2 deg^-2 = 1.348 arcmin^-2
Fitting aperture to hotspot...
Candidate: x_peak:        0.265, y_peak:       -0.385, r_peak:        0.020, sig:        8.615, ra_peak:       10.116, dec_peak:       16.575
Characteristic density local = 4786.6 deg^-2 = 1.330 arcmin^-2
Fitting aperture to hotspot...
Candidate: x_peak:        0.275, y_peak:       -0.675, r_peak:        0.020, sig:        5.941, ra_peak:       10.126, dec_peak:       16.285
Characteristic density local = 5045.2 deg^-2 = 1.401 arcmin^-2
Fitting aperture to hotspot...
Candidate: x_peak:        0.485, y_peak:        0.005, r_peak:        0.020, sig:        7.829, ra_peak:       10.347, dec_peak:       16.964
Characteristic density local = 4591.6 deg^-2 = 1.275 arcmin^-2
Fitting aperture to hotspot...
Candidate: x_peak:        0.495, y_peak:        0.735, r_peak:        0.020, sig:        5.064, ra_peak:       10.360, dec_peak:       17.694
Characteristic density local = 4902.0 deg^-2 = 1.362 arcmin^-2
Fitting aperture to hotspot...
Candidate: x_peak:        0.615, y_peak:       -0.055, r_peak:        0.040, sig:        3.620, ra_peak:       10.483, dec_peak:       16.904
Characteristic density local = 4647.3 deg^-2 = 1.291 arcmin^-2
Fitting aperture to hotspot...
Candidate: x_peak:        0.845, y_peak:       -0.295, r_peak:        0.020, sig:       15.760, ra_peak:       10.722, dec_peak:       16.663
Distance = 39.8 kpc (m-M = 18.0)
484970 objects left after isochrone cut...
Characteristic density = 4600.0 deg^-2
Characteristic density local = 4814.4 deg^-2 = 1.337 arcmin^-2
Fitting aperture to hotspot...
Candidate: x_peak:       -0.845, y_peak:       -0.395, r_peak:        0.020, sig:       13.419, ra_peak:        8.958, dec_peak:       16.563
Characteristic density local = 4872.1 deg^-2 = 1.353 arcmin^-2
Fitting aperture to hotspot...
Candidate: x_peak:       -0.725, y_peak:        0.055, r_peak:        0.030, sig:        6.226, ra_peak:        9.082, dec_peak:       17.014
Characteristic density local = 4852.2 deg^-2 = 1.348 arcmin^-2
Fitting aperture to hotspot...
Candidate: x_peak:       -0.225, y_peak:        0.485, r_peak:        0.050, sig:        3.910, ra_peak:        9.604, dec_peak:       17.445
Characteristic density local = 4852.2 deg^-2 = 1.348 arcmin^-2
Fitting aperture to hotspot...
Candidate: x_peak:        0.265, y_peak:       -0.385, r_peak:        0.020, sig:        8.615, ra_peak:       10.116, dec_peak:       16.575
Characteristic density local = 4786.6 deg^-2 = 1.330 arcmin^-2
Fitting aperture to hotspot...
Candidate: x_peak:        0.275, y_peak:       -0.675, r_peak:        0.020, sig:        5.941, ra_peak:       10.126, dec_peak:       16.285
Characteristic density local = 5045.2 deg^-2 = 1.401 arcmin^-2
Fitting aperture to hotspot...
Candidate: x_peak:        0.485, y_peak:        0.005, r_peak:        0.020, sig:        7.829, ra_peak:       10.347, dec_peak:       16.964
Characteristic density local = 4591.6 deg^-2 = 1.275 arcmin^-2
Fitting aperture to hotspot...
Candidate: x_peak:        0.495, y_peak:        0.735, r_peak:        0.020, sig:        5.064, ra_peak:       10.360, dec_peak:       17.694
Characteristic density local = 4902.0 deg^-2 = 1.362 arcmin^-2
Fitting aperture to hotspot...
Candidate: x_peak:        0.615, y_peak:       -0.055, r_peak:        0.040, sig:        3.620, ra_peak:       10.483, dec_peak:       16.904
Characteristic density local = 4647.3 deg^-2 = 1.291 arcmin^-2
Fitting aperture to hotspot...
Candidate: x_peak:        0.845, y_peak:       -0.295, r_peak:        0.020, sig:       15.760, ra_peak:       10.722, dec_peak:       16.663
Distance = 50.1 kpc (m-M = 18.5)
484063 objects left after isochrone cut...
Characteristic density = 4500.0 deg^-2
Characteristic density local = 4776.6 deg^-2 = 1.327 arcmin^-2
Fitting aperture to hotspot...
Candidate: x_peak:       -0.845, y_peak:       -0.395, r_peak:        0.020, sig:       13.452, ra_peak:        8.958, dec_peak:       16.563
Characteristic density local = 4826.4 deg^-2 = 1.341 arcmin^-2
Fitting aperture to hotspot...
Candidate: x_peak:       -0.725, y_peak:        0.055, r_peak:        0.030, sig:        6.087, ra_peak:        9.082, dec_peak:       17.014
Characteristic density local = 4806.5 deg^-2 = 1.335 arcmin^-2
Fitting aperture to hotspot...
Candidate: x_peak:       -0.225, y_peak:        0.485, r_peak:        0.050, sig:        3.975, ra_peak:        9.604, dec_peak:       17.445
Characteristic density local = 4808.5 deg^-2 = 1.336 arcmin^-2
Fitting aperture to hotspot...
Candidate: x_peak:        0.265, y_peak:       -0.385, r_peak:        0.020, sig:        8.649, ra_peak:       10.116, dec_peak:       16.575
Characteristic density local = 4663.2 deg^-2 = 1.295 arcmin^-2
Fitting aperture to hotspot...
Candidate: x_peak:        0.275, y_peak:       -0.665, r_peak:        0.020, sig:        4.751, ra_peak:       10.127, dec_peak:       16.295
Characteristic density local = 4993.5 deg^-2 = 1.387 arcmin^-2
Fitting aperture to hotspot...
Candidate: x_peak:        0.485, y_peak:        0.005, r_peak:        0.020, sig:        7.867, ra_peak:       10.347, dec_peak:       16.964
Characteristic density local = 4543.9 deg^-2 = 1.262 arcmin^-2
Fitting aperture to hotspot...
Candidate: x_peak:        0.495, y_peak:        0.735, r_peak:        0.020, sig:        5.097, ra_peak:       10.360, dec_peak:       17.694
Characteristic density local = 4894.0 deg^-2 = 1.359 arcmin^-2
Fitting aperture to hotspot...
Candidate: x_peak:        0.615, y_peak:       -0.045, r_peak:        0.060, sig:        3.184, ra_peak:       10.483, dec_peak:       16.914
Characteristic density local = 4609.5 deg^-2 = 1.280 arcmin^-2
Fitting aperture to hotspot...
Candidate: x_peak:        0.845, y_peak:       -0.295, r_peak:        0.020, sig:       15.796, ra_peak:       10.722, dec_peak:       16.663
Distance = 63.1 kpc (m-M = 19.0)
482066 objects left after isochrone cut...
Characteristic density = 4450.0 deg^-2
Characteristic density local = 4703.0 deg^-2 = 1.306 arcmin^-2
Fitting aperture to hotspot...
Candidate: x_peak:       -0.845, y_peak:       -0.395, r_peak:        0.020, sig:       13.518, ra_peak:        8.958, dec_peak:       16.563
Characteristic density local = 4750.8 deg^-2 = 1.320 arcmin^-2
Fitting aperture to hotspot...
Candidate: x_peak:       -0.725, y_peak:        0.055, r_peak:        0.030, sig:        6.160, ra_peak:        9.082, dec_peak:       17.014
Characteristic density local = 4709.0 deg^-2 = 1.308 arcmin^-2
Fitting aperture to hotspot...
Candidate: x_peak:       -0.225, y_peak:        0.485, r_peak:        0.050, sig:        4.113, ra_peak:        9.604, dec_peak:       17.445
Characteristic density local = 4750.8 deg^-2 = 1.320 arcmin^-2
Fitting aperture to hotspot...
Candidate: x_peak:        0.265, y_peak:       -0.385, r_peak:        0.020, sig:        8.693, ra_peak:       10.116, dec_peak:       16.575
Characteristic density local = 4673.2 deg^-2 = 1.298 arcmin^-2
Fitting aperture to hotspot...
Candidate: x_peak:        0.275, y_peak:       -0.675, r_peak:        0.020, sig:        6.021, ra_peak:       10.126, dec_peak:       16.285
Characteristic density local = 4911.9 deg^-2 = 1.364 arcmin^-2
Fitting aperture to hotspot...
Candidate: x_peak:        0.485, y_peak:        0.005, r_peak:        0.020, sig:        7.926, ra_peak:       10.347, dec_peak:       16.964
Characteristic density local = 4456.3 deg^-2 = 1.238 arcmin^-2
Fitting aperture to hotspot...
Candidate: x_peak:        0.495, y_peak:        0.735, r_peak:        0.020, sig:        5.158, ra_peak:       10.360, dec_peak:       17.694
Characteristic density local = 4820.4 deg^-2 = 1.339 arcmin^-2
Fitting aperture to hotspot...
Candidate: x_peak:        0.615, y_peak:       -0.045, r_peak:        0.060, sig:        3.186, ra_peak:       10.483, dec_peak:       16.914
Characteristic density local = 4549.8 deg^-2 = 1.264 arcmin^-2
Fitting aperture to hotspot...
Candidate: x_peak:        0.845, y_peak:       -0.295, r_peak:        0.020, sig:       15.854, ra_peak:       10.722, dec_peak:       16.663
Distance = 79.4 kpc (m-M = 19.5)
479396 objects left after isochrone cut...
Characteristic density = 4400.0 deg^-2
Characteristic density local = 4589.6 deg^-2 = 1.275 arcmin^-2
Fitting aperture to hotspot...
Candidate: x_peak:       -0.845, y_peak:       -0.395, r_peak:        0.020, sig:       13.620, ra_peak:        8.958, dec_peak:       16.563
Characteristic density local = 4623.5 deg^-2 = 1.284 arcmin^-2
Fitting aperture to hotspot...
Candidate: x_peak:       -0.725, y_peak:        0.055, r_peak:        0.030, sig:        6.098, ra_peak:        9.082, dec_peak:       17.014
Characteristic density local = 4599.6 deg^-2 = 1.278 arcmin^-2
Fitting aperture to hotspot...
Candidate: x_peak:       -0.225, y_peak:        0.485, r_peak:        0.050, sig:        4.271, ra_peak:        9.604, dec_peak:       17.445
Characteristic density local = 4671.2 deg^-2 = 1.298 arcmin^-2
Fitting aperture to hotspot...
Candidate: x_peak:        0.265, y_peak:       -0.385, r_peak:        0.020, sig:        8.754, ra_peak:       10.116, dec_peak:       16.575
Characteristic density local = 4591.6 deg^-2 = 1.275 arcmin^-2
Fitting aperture to hotspot...
Candidate: x_peak:        0.275, y_peak:       -0.675, r_peak:        0.020, sig:        6.079, ra_peak:       10.126, dec_peak:       16.285
Characteristic density local = 4800.5 deg^-2 = 1.333 arcmin^-2
Fitting aperture to hotspot...
Candidate: x_peak:        0.485, y_peak:        0.005, r_peak:        0.020, sig:        7.789, ra_peak:       10.347, dec_peak:       16.964
Characteristic density local = 4356.9 deg^-2 = 1.210 arcmin^-2
Fitting aperture to hotspot...
Candidate: x_peak:        0.495, y_peak:        0.735, r_peak:        0.020, sig:        5.228, ra_peak:       10.360, dec_peak:       17.694
Characteristic density local = 4736.8 deg^-2 = 1.316 arcmin^-2
Fitting aperture to hotspot...
Candidate: x_peak:        0.615, y_peak:       -0.045, r_peak:        0.060, sig:        3.324, ra_peak:       10.483, dec_peak:       16.914
Characteristic density local = 4458.3 deg^-2 = 1.238 arcmin^-2
Fitting aperture to hotspot...
Candidate: x_peak:        0.845, y_peak:       -0.295, r_peak:        0.020, sig:       15.943, ra_peak:       10.722, dec_peak:       16.663
Distance = 100.0 kpc (m-M = 20.0)
476190 objects left after isochrone cut...
Characteristic density = 4200.0 deg^-2
Characteristic density local = 4486.2 deg^-2 = 1.246 arcmin^-2
Fitting aperture to hotspot...
Candidate: x_peak:       -0.845, y_peak:       -0.395, r_peak:        0.020, sig:       13.715, ra_peak:        8.958, dec_peak:       16.563
Characteristic density local = 4508.1 deg^-2 = 1.252 arcmin^-2
Fitting aperture to hotspot...
Candidate: x_peak:       -0.725, y_peak:        0.055, r_peak:        0.030, sig:        6.213, ra_peak:        9.082, dec_peak:       17.014
Characteristic density local = 4470.3 deg^-2 = 1.242 arcmin^-2
Fitting aperture to hotspot...
Candidate: x_peak:       -0.215, y_peak:        0.485, r_peak:        0.040, sig:        3.957, ra_peak:        9.615, dec_peak:       17.445
Characteristic density local = 4573.7 deg^-2 = 1.270 arcmin^-2
Fitting aperture to hotspot...
Candidate: x_peak:        0.185, y_peak:       -0.795, r_peak:        0.040, sig:        3.665, ra_peak:       10.033, dec_peak:       16.165
Characteristic density local = 4555.8 deg^-2 = 1.266 arcmin^-2
Fitting aperture to hotspot...
Candidate: x_peak:        0.265, y_peak:       -0.385, r_peak:        0.020, sig:        8.845, ra_peak:       10.116, dec_peak:       16.575
Characteristic density local = 4488.2 deg^-2 = 1.247 arcmin^-2
Fitting aperture to hotspot...
Candidate: x_peak:        0.275, y_peak:       -0.675, r_peak:        0.020, sig:        6.153, ra_peak:       10.126, dec_peak:       16.285
Characteristic density local = 4675.2 deg^-2 = 1.299 arcmin^-2
Fitting aperture to hotspot...
Candidate: x_peak:        0.485, y_peak:        0.005, r_peak:        0.020, sig:        7.883, ra_peak:       10.347, dec_peak:       16.964
Characteristic density local = 4667.2 deg^-2 = 1.296 arcmin^-2
Fitting aperture to hotspot...
Candidate: x_peak:        0.605, y_peak:       -0.045, r_peak:        0.050, sig:        3.761, ra_peak:       10.472, dec_peak:       16.914
Characteristic density local = 4333.0 deg^-2 = 1.204 arcmin^-2
Fitting aperture to hotspot...
Candidate: x_peak:        0.845, y_peak:       -0.295, r_peak:        0.020, sig:       16.068, ra_peak:       10.722, dec_peak:       16.663
Distance = 125.9 kpc (m-M = 20.5)
472455 objects left after isochrone cut...
Characteristic density = 4100.0 deg^-2
Characteristic density local = 4354.9 deg^-2 = 1.210 arcmin^-2
Fitting aperture to hotspot...
Candidate: x_peak:       -0.845, y_peak:       -0.395, r_peak:        0.020, sig:       13.839, ra_peak:        8.958, dec_peak:       16.563
Characteristic density local = 4370.8 deg^-2 = 1.214 arcmin^-2
Fitting aperture to hotspot...
Candidate: x_peak:       -0.725, y_peak:        0.055, r_peak:        0.030, sig:        6.351, ra_peak:        9.082, dec_peak:       17.014
Characteristic density local = 4305.1 deg^-2 = 1.196 arcmin^-2
Fitting aperture to hotspot...
Candidate: x_peak:       -0.285, y_peak:       -0.655, r_peak:        0.030, sig:        3.367, ra_peak:        9.543, dec_peak:       16.305
Characteristic density local = 4329.0 deg^-2 = 1.203 arcmin^-2
Fitting aperture to hotspot...
Candidate: x_peak:       -0.215, y_peak:        0.485, r_peak:        0.040, sig:        3.615, ra_peak:        9.615, dec_peak:       17.445
Characteristic density local = 4464.3 deg^-2 = 1.240 arcmin^-2
Fitting aperture to hotspot...
Candidate: x_peak:        0.185, y_peak:       -0.795, r_peak:        0.040, sig:        3.625, ra_peak:       10.033, dec_peak:       16.165
Characteristic density local = 4416.5 deg^-2 = 1.227 arcmin^-2
Fitting aperture to hotspot...
Candidate: x_peak:        0.265, y_peak:       -0.385, r_peak:        0.020, sig:        8.742, ra_peak:       10.116, dec_peak:       16.575
Characteristic density local = 4368.8 deg^-2 = 1.214 arcmin^-2
Fitting aperture to hotspot...
Candidate: x_peak:        0.275, y_peak:       -0.675, r_peak:        0.020, sig:        6.241, ra_peak:       10.126, dec_peak:       16.285
Characteristic density local = 4508.1 deg^-2 = 1.252 arcmin^-2
Fitting aperture to hotspot...
Candidate: x_peak:        0.485, y_peak:        0.005, r_peak:        0.020, sig:        8.011, ra_peak:       10.347, dec_peak:       16.964
Characteristic density local = 4175.8 deg^-2 = 1.160 arcmin^-2
Fitting aperture to hotspot...
Candidate: x_peak:        0.845, y_peak:       -0.295, r_peak:        0.020, sig:       16.230, ra_peak:       10.722, dec_peak:       16.663
Distance = 158.5 kpc (m-M = 21.0)
468139 objects left after isochrone cut...
Characteristic density = 4000.0 deg^-2
Characteristic density local = 4195.7 deg^-2 = 1.165 arcmin^-2
Fitting aperture to hotspot...
Candidate: x_peak:       -0.845, y_peak:       -0.395, r_peak:        0.020, sig:       13.993, ra_peak:        8.958, dec_peak:       16.563
Characteristic density local = 4225.6 deg^-2 = 1.174 arcmin^-2
Fitting aperture to hotspot...
Candidate: x_peak:       -0.725, y_peak:        0.055, r_peak:        0.030, sig:        6.121, ra_peak:        9.082, dec_peak:       17.014
Characteristic density local = 4153.9 deg^-2 = 1.154 arcmin^-2
Fitting aperture to hotspot...
Candidate: x_peak:       -0.215, y_peak:        0.485, r_peak:        0.040, sig:        3.830, ra_peak:        9.615, dec_peak:       17.445
Characteristic density local = 4339.0 deg^-2 = 1.205 arcmin^-2
Fitting aperture to hotspot...
Candidate: x_peak:        0.185, y_peak:       -0.795, r_peak:        0.040, sig:        3.603, ra_peak:       10.033, dec_peak:       16.165
Characteristic density local = 4275.3 deg^-2 = 1.188 arcmin^-2
Fitting aperture to hotspot...
Candidate: x_peak:        0.265, y_peak:       -0.385, r_peak:        0.020, sig:        8.640, ra_peak:       10.116, dec_peak:       16.575
Characteristic density local = 4249.4 deg^-2 = 1.180 arcmin^-2
Fitting aperture to hotspot...
Candidate: x_peak:        0.275, y_peak:       -0.675, r_peak:        0.020, sig:        6.080, ra_peak:       10.126, dec_peak:       16.285
Characteristic density local = 4366.8 deg^-2 = 1.213 arcmin^-2
Fitting aperture to hotspot...
Candidate: x_peak:        0.485, y_peak:        0.005, r_peak:        0.020, sig:        8.122, ra_peak:       10.347, dec_peak:       16.964
Characteristic density local = 4018.7 deg^-2 = 1.116 arcmin^-2
Fitting aperture to hotspot...
Candidate: x_peak:        0.845, y_peak:       -0.295, r_peak:        0.020, sig:       16.230, ra_peak:       10.722, dec_peak:       16.663
Distance = 199.5 kpc (m-M = 21.5)
463359 objects left after isochrone cut...
Characteristic density = 3800.0 deg^-2
Characteristic density local = 4048.5 deg^-2 = 1.125 arcmin^-2
Fitting aperture to hotspot...
Candidate: x_peak:       -0.845, y_peak:       -0.395, r_peak:        0.020, sig:       14.139, ra_peak:        8.958, dec_peak:       16.563
Characteristic density local = 3897.3 deg^-2 = 1.083 arcmin^-2
Fitting aperture to hotspot...
Candidate: x_peak:       -0.875, y_peak:        0.205, r_peak:        0.020, sig:        5.836, ra_peak:        8.924, dec_peak:       17.163
Characteristic density local = 4010.7 deg^-2 = 1.114 arcmin^-2
Fitting aperture to hotspot...
Candidate: x_peak:       -0.725, y_peak:        0.055, r_peak:        0.030, sig:        6.348, ra_peak:        9.082, dec_peak:       17.014
Characteristic density local = 3953.0 deg^-2 = 1.098 arcmin^-2
Fitting aperture to hotspot...
Candidate: x_peak:       -0.215, y_peak:        0.485, r_peak:        0.040, sig:        4.085, ra_peak:        9.615, dec_peak:       17.445
Characteristic density local = 4173.8 deg^-2 = 1.159 arcmin^-2
Fitting aperture to hotspot...
Candidate: x_peak:        0.185, y_peak:       -0.795, r_peak:        0.030, sig:        3.713, ra_peak:       10.033, dec_peak:       16.165
Characteristic density local = 4120.1 deg^-2 = 1.144 arcmin^-2
Fitting aperture to hotspot...
Candidate: x_peak:        0.265, y_peak:       -0.385, r_peak:        0.020, sig:        8.769, ra_peak:       10.116, dec_peak:       16.575
Characteristic density local = 4100.2 deg^-2 = 1.139 arcmin^-2
Fitting aperture to hotspot...
Candidate: x_peak:        0.275, y_peak:       -0.675, r_peak:        0.020, sig:        5.939, ra_peak:       10.126, dec_peak:       16.285
Characteristic density local = 4175.8 deg^-2 = 1.160 arcmin^-2
Fitting aperture to hotspot...
Candidate: x_peak:        0.475, y_peak:       -0.005, r_peak:        0.030, sig:        6.742, ra_peak:       10.337, dec_peak:       16.954
Characteristic density local = 3847.6 deg^-2 = 1.069 arcmin^-2
Fitting aperture to hotspot...
Candidate: x_peak:        0.845, y_peak:       -0.295, r_peak:        0.020, sig:       16.249, ra_peak:       10.722, dec_peak:       16.663
Distance = 251.2 kpc (m-M = 22.0)
457815 objects left after isochrone cut...
Characteristic density = 3600.0 deg^-2
Characteristic density local = 3871.4 deg^-2 = 1.075 arcmin^-2
Fitting aperture to hotspot...
Candidate: x_peak:       -0.845, y_peak:       -0.395, r_peak:        0.020, sig:       14.321, ra_peak:        8.958, dec_peak:       16.563
Characteristic density local = 3827.7 deg^-2 = 1.063 arcmin^-2
Fitting aperture to hotspot...
Candidate: x_peak:       -0.725, y_peak:        0.055, r_peak:        0.030, sig:        6.548, ra_peak:        9.082, dec_peak:       17.014
Characteristic density local = 3947.0 deg^-2 = 1.096 arcmin^-2
Fitting aperture to hotspot...
Candidate: x_peak:        0.265, y_peak:       -0.385, r_peak:        0.020, sig:        8.918, ra_peak:       10.116, dec_peak:       16.575
Characteristic density local = 3901.3 deg^-2 = 1.084 arcmin^-2
Fitting aperture to hotspot...
Candidate: x_peak:        0.275, y_peak:       -0.675, r_peak:        0.020, sig:        5.567, ra_peak:       10.126, dec_peak:       16.285
Characteristic density local = 3966.9 deg^-2 = 1.102 arcmin^-2
Fitting aperture to hotspot...
Candidate: x_peak:        0.475, y_peak:       -0.005, r_peak:        0.030, sig:        6.968, ra_peak:       10.337, dec_peak:       16.954
Characteristic density local = 3670.5 deg^-2 = 1.020 arcmin^-2
Fitting aperture to hotspot...
Candidate: x_peak:        0.845, y_peak:       -0.295, r_peak:        0.020, sig:       16.279, ra_peak:       10.722, dec_peak:       16.663
Distance = 316.2 kpc (m-M = 22.5)
451392 objects left after isochrone cut...
Characteristic density = 3400.0 deg^-2
Characteristic density local = 3662.6 deg^-2 = 1.017 arcmin^-2
Fitting aperture to hotspot...
Candidate: x_peak:       -0.845, y_peak:       -0.395, r_peak:        0.020, sig:       14.364, ra_peak:        8.958, dec_peak:       16.563
Characteristic density local = 3618.8 deg^-2 = 1.005 arcmin^-2
Fitting aperture to hotspot...
Candidate: x_peak:       -0.725, y_peak:        0.055, r_peak:        0.030, sig:        6.786, ra_peak:        9.082, dec_peak:       17.014
Characteristic density local = 3642.7 deg^-2 = 1.012 arcmin^-2
Fitting aperture to hotspot...
Candidate: x_peak:       -0.495, y_peak:       -0.455, r_peak:        0.020, sig:        4.941, ra_peak:        9.324, dec_peak:       16.504
Characteristic density local = 3573.0 deg^-2 = 0.993 arcmin^-2
Fitting aperture to hotspot...
Candidate: x_peak:       -0.285, y_peak:       -0.655, r_peak:        0.030, sig:        3.634, ra_peak:        9.543, dec_peak:       16.305
Characteristic density local = 3700.4 deg^-2 = 1.028 arcmin^-2
Fitting aperture to hotspot...
Candidate: x_peak:        0.265, y_peak:       -0.385, r_peak:        0.020, sig:        9.140, ra_peak:       10.116, dec_peak:       16.575
Characteristic density local = 3658.6 deg^-2 = 1.016 arcmin^-2
Fitting aperture to hotspot...
Candidate: x_peak:        0.275, y_peak:       -0.675, r_peak:        0.020, sig:        5.760, ra_peak:       10.126, dec_peak:       16.285
Characteristic density local = 3732.2 deg^-2 = 1.037 arcmin^-2
Fitting aperture to hotspot...
Candidate: x_peak:        0.475, y_peak:       -0.005, r_peak:        0.030, sig:        7.234, ra_peak:       10.337, dec_peak:       16.954
Characteristic density local = 3427.8 deg^-2 = 0.952 arcmin^-2
Fitting aperture to hotspot...
Candidate: x_peak:        0.845, y_peak:       -0.295, r_peak:        0.020, sig:       16.564, ra_peak:       10.722, dec_peak:       16.663
Distance = 398.1 kpc (m-M = 23.0)
443810 objects left after isochrone cut...
Characteristic density = 3100.0 deg^-2
Characteristic density local = 3392.0 deg^-2 = 0.942 arcmin^-2
Fitting aperture to hotspot...
Candidate: x_peak:       -0.845, y_peak:       -0.395, r_peak:        0.020, sig:       14.667, ra_peak:        8.958, dec_peak:       16.563
Characteristic density local = 3296.5 deg^-2 = 0.916 arcmin^-2
Fitting aperture to hotspot...
Candidate: x_peak:       -0.725, y_peak:        0.055, r_peak:        0.030, sig:        6.772, ra_peak:        9.082, dec_peak:       17.014
Characteristic density local = 3537.2 deg^-2 = 0.983 arcmin^-2
Fitting aperture to hotspot...
Candidate: x_peak:        0.185, y_peak:       -0.795, r_peak:        0.040, sig:        4.100, ra_peak:       10.033, dec_peak:       16.165
Characteristic density local = 3417.9 deg^-2 = 0.949 arcmin^-2
Fitting aperture to hotspot...
Candidate: x_peak:        0.265, y_peak:       -0.385, r_peak:        0.020, sig:        9.408, ra_peak:       10.116, dec_peak:       16.575
Characteristic density local = 3370.1 deg^-2 = 0.936 arcmin^-2
Fitting aperture to hotspot...
Candidate: x_peak:        0.275, y_peak:       -0.675, r_peak:        0.020, sig:        5.727, ra_peak:       10.126, dec_peak:       16.285
Characteristic density local = 3469.6 deg^-2 = 0.964 arcmin^-2
Fitting aperture to hotspot...
Candidate: x_peak:        0.475, y_peak:       -0.005, r_peak:        0.030, sig:        7.352, ra_peak:       10.337, dec_peak:       16.954
Characteristic density local = 3171.2 deg^-2 = 0.881 arcmin^-2
Fitting aperture to hotspot...
Candidate: x_peak:        0.845, y_peak:       -0.295, r_peak:        0.020, sig:       16.363, ra_peak:       10.722, dec_peak:       16.663
16.56 sigma; (RA, Dec, d) = (10.72, 16.66); r = 0.02 deg; d = 316.2, mu = 22.50 mag), mc_source_id: 0.00
14.67 sigma; (RA, Dec, d) = (8.96, 16.56); r = 0.02 deg; d = 398.1, mu = 23.00 mag), mc_source_id: 0.00
9.41 sigma; (RA, Dec, d) = (10.12, 16.57); r = 0.02 deg; d = 398.1, mu = 23.00 mag), mc_source_id: 0.00
8.12 sigma; (RA, Dec, d) = (10.35, 16.96); r = 0.02 deg; d = 158.5, mu = 21.00 mag), mc_source_id: 0.00
6.79 sigma; (RA, Dec, d) = (9.08, 17.01); r = 0.03 deg; d = 316.2, mu = 22.50 mag), mc_source_id: 0.00
6.24 sigma; (RA, Dec, d) = (10.13, 16.28); r = 0.02 deg; d = 125.9, mu = 20.50 mag), mc_source_id: 0.00
5.84 sigma; (RA, Dec, d) = (8.92, 17.16); r = 0.02 deg; d = 199.5, mu = 21.50 mag), mc_source_id: 0.00
5.23 sigma; (RA, Dec, d) = (10.36, 17.69); r = 0.02 deg; d = 79.4, mu = 19.50 mag), mc_source_id: 0.00
4.94 sigma; (RA, Dec, d) = (9.32, 16.50); r = 0.02 deg; d = 316.2, mu = 22.50 mag), mc_source_id: 0.00
4.27 sigma; (RA, Dec, d) = (9.60, 17.44); r = 0.05 deg; d = 79.4, mu = 19.50 mag), mc_source_id: 0.00
4.10 sigma; (RA, Dec, d) = (10.03, 16.16); r = 0.04 deg; d = 398.1, mu = 23.00 mag), mc_source_id: 0.00
3.76 sigma; (RA, Dec, d) = (10.47, 16.91); r = 0.05 deg; d = 100.0, mu = 20.00 mag), mc_source_id: 0.00
3.63 sigma; (RA, Dec, d) = (9.54, 16.30); r = 0.03 deg; d = 316.2, mu = 22.50 mag), mc_source_id: 0.00

------------------------------------------------------------
Job <679696.0> was submitted from <des51.fnal.gov> by user <tavangar>.
Job was executed on host <des40.fnal.gov> as user <tavangar>.
</var/lib/condor/execute/dir_1788087> was used as the initial working directory.
Results reported at Wed Jun  5 05:40:39 CDT 2019

Your job looked like:

------------------------------------------------------------
python /home/s1/tavangar/tavangar_simple/search_algorithm.py 9.84 16.96 0.00 /home/s1/tavangar/tavangar_simple/decals_dr7_results/results_nside_32_4291.csv /home/s1/tavangar/tavangar_simple/decals_dr7_results/decals_dr7_log/results_nside_32_4291.log
------------------------------------------------------------

Successfully completed.

Resource usage summary:

	Real time :			253.30 sec.
	CPU time :			6.55 sec.
	CPU percentage :		70%
	Max Memory :			4232336 KB
	Average Memory :		0 KB

The output (if any) is above this job summary.
