/home/s1/tavangar/tavangar_simple/simple_utils.py:170: FutureWarning: elementwise comparison failed; returning scalar instead, but in the future will perform elementwise comparison
  if np.all(isochrone.stage == 'Main'):
Search coordinates: (RA, Dec) = (191.25, 1.19)
Center healpixel: 6020
Healpixels: [6020 6147 6019 5891 5764 5892 6021 6148 6276]
MC_SOURCE_ID = 0.0
mode = 0: running only on real data
Found 1 objects...
Applying cuts...
737143 star-like objects in ROI...
994555 galaxy-like objects in ROI...
No fracdet map specified ...
Distance = 15.8 kpc (m-M = 16.0)
737128 objects left after isochrone cut...
Characteristic density = 6200.0 deg^-2
Characteristic density local = 6419.9 deg^-2 = 1.783 arcmin^-2
Fitting aperture to hotspot...
Candidate: x_peak:       -1.075, y_peak:        0.105, r_peak:        0.020, sig:        7.346, ra_peak:      190.175, dec_peak:        1.295
Characteristic density local = 6362.2 deg^-2 = 1.767 arcmin^-2
Fitting aperture to hotspot...
Candidate: x_peak:       -0.625, y_peak:        0.435, r_peak:        0.040, sig:        5.892, ra_peak:      190.625, dec_peak:        1.625
Characteristic density local = 6435.8 deg^-2 = 1.788 arcmin^-2
Fitting aperture to hotspot...
Candidate: x_peak:       -0.625, y_peak:        0.135, r_peak:        0.020, sig:       10.411, ra_peak:      190.625, dec_peak:        1.325
Characteristic density local = 6290.6 deg^-2 = 1.747 arcmin^-2
Fitting aperture to hotspot...
Candidate: x_peak:       -0.395, y_peak:       -0.035, r_peak:        0.010, sig:        6.477, ra_peak:      190.855, dec_peak:        1.155
Characteristic density local = 6274.7 deg^-2 = 1.743 arcmin^-2
Fitting aperture to hotspot...
Candidate: x_peak:       -0.145, y_peak:       -0.655, r_peak:        0.020, sig:        9.972, ra_peak:      191.105, dec_peak:        0.535
Characteristic density local = 6431.8 deg^-2 = 1.787 arcmin^-2
Fitting aperture to hotspot...
Candidate: x_peak:        0.015, y_peak:        0.755, r_peak:        0.020, sig:        7.339, ra_peak:      191.265, dec_peak:        1.945
Characteristic density local = 6412.0 deg^-2 = 1.781 arcmin^-2
Fitting aperture to hotspot...
Candidate: x_peak:        0.665, y_peak:        0.495, r_peak:        0.020, sig:        7.556, ra_peak:      191.915, dec_peak:        1.685
Characteristic density local = 6455.7 deg^-2 = 1.793 arcmin^-2
Fitting aperture to hotspot...
Candidate: x_peak:        1.115, y_peak:        0.245, r_peak:        0.060, sig:        5.875, ra_peak:      192.365, dec_peak:        1.435
Characteristic density local = 6396.0 deg^-2 = 1.777 arcmin^-2
Fitting aperture to hotspot...
Candidate: x_peak:        1.185, y_peak:        0.005, r_peak:        0.020, sig:        9.891, ra_peak:      192.435, dec_peak:        1.195
Distance = 20.0 kpc (m-M = 16.5)
737138 objects left after isochrone cut...
Characteristic density = 6200.0 deg^-2
Characteristic density local = 6419.9 deg^-2 = 1.783 arcmin^-2
Fitting aperture to hotspot...
Candidate: x_peak:       -1.075, y_peak:        0.105, r_peak:        0.020, sig:        7.346, ra_peak:      190.175, dec_peak:        1.295
Characteristic density local = 6362.2 deg^-2 = 1.767 arcmin^-2
Fitting aperture to hotspot...
Candidate: x_peak:       -0.625, y_peak:        0.435, r_peak:        0.040, sig:        5.892, ra_peak:      190.625, dec_peak:        1.625
Characteristic density local = 6435.8 deg^-2 = 1.788 arcmin^-2
Fitting aperture to hotspot...
Candidate: x_peak:       -0.625, y_peak:        0.135, r_peak:        0.020, sig:       10.411, ra_peak:      190.625, dec_peak:        1.325
Characteristic density local = 6290.6 deg^-2 = 1.747 arcmin^-2
Fitting aperture to hotspot...
Candidate: x_peak:       -0.395, y_peak:       -0.035, r_peak:        0.010, sig:        6.477, ra_peak:      190.855, dec_peak:        1.155
Characteristic density local = 6274.7 deg^-2 = 1.743 arcmin^-2
Fitting aperture to hotspot...
Candidate: x_peak:       -0.145, y_peak:       -0.655, r_peak:        0.020, sig:        9.972, ra_peak:      191.105, dec_peak:        0.535
Characteristic density local = 6431.8 deg^-2 = 1.787 arcmin^-2
Fitting aperture to hotspot...
Candidate: x_peak:        0.015, y_peak:        0.755, r_peak:        0.020, sig:        7.339, ra_peak:      191.265, dec_peak:        1.945
Characteristic density local = 6412.0 deg^-2 = 1.781 arcmin^-2
Fitting aperture to hotspot...
Candidate: x_peak:        0.665, y_peak:        0.495, r_peak:        0.020, sig:        7.556, ra_peak:      191.915, dec_peak:        1.685
Characteristic density local = 6455.7 deg^-2 = 1.793 arcmin^-2
Fitting aperture to hotspot...
Candidate: x_peak:        1.115, y_peak:        0.245, r_peak:        0.060, sig:        5.875, ra_peak:      192.365, dec_peak:        1.435
Characteristic density local = 6396.0 deg^-2 = 1.777 arcmin^-2
Fitting aperture to hotspot...
Candidate: x_peak:        1.185, y_peak:        0.005, r_peak:        0.020, sig:        9.891, ra_peak:      192.435, dec_peak:        1.195
Distance = 25.1 kpc (m-M = 17.0)
737141 objects left after isochrone cut...
Characteristic density = 6200.0 deg^-2
Characteristic density local = 6419.9 deg^-2 = 1.783 arcmin^-2
Fitting aperture to hotspot...
Candidate: x_peak:       -1.075, y_peak:        0.105, r_peak:        0.020, sig:        7.346, ra_peak:      190.175, dec_peak:        1.295
Characteristic density local = 6362.2 deg^-2 = 1.767 arcmin^-2
Fitting aperture to hotspot...
Candidate: x_peak:       -0.625, y_peak:        0.435, r_peak:        0.040, sig:        5.892, ra_peak:      190.625, dec_peak:        1.625
Characteristic density local = 6435.8 deg^-2 = 1.788 arcmin^-2
Fitting aperture to hotspot...
Candidate: x_peak:       -0.625, y_peak:        0.135, r_peak:        0.020, sig:       10.411, ra_peak:      190.625, dec_peak:        1.325
Characteristic density local = 6290.6 deg^-2 = 1.747 arcmin^-2
Fitting aperture to hotspot...
Candidate: x_peak:       -0.395, y_peak:       -0.035, r_peak:        0.010, sig:        6.477, ra_peak:      190.855, dec_peak:        1.155
Characteristic density local = 6274.7 deg^-2 = 1.743 arcmin^-2
Fitting aperture to hotspot...
Candidate: x_peak:       -0.145, y_peak:       -0.655, r_peak:        0.020, sig:        9.972, ra_peak:      191.105, dec_peak:        0.535
Characteristic density local = 6431.8 deg^-2 = 1.787 arcmin^-2
Fitting aperture to hotspot...
Candidate: x_peak:        0.015, y_peak:        0.755, r_peak:        0.020, sig:        7.339, ra_peak:      191.265, dec_peak:        1.945
Characteristic density local = 6412.0 deg^-2 = 1.781 arcmin^-2
Fitting aperture to hotspot...
Candidate: x_peak:        0.665, y_peak:        0.495, r_peak:        0.020, sig:        7.556, ra_peak:      191.915, dec_peak:        1.685
Characteristic density local = 6455.7 deg^-2 = 1.793 arcmin^-2
Fitting aperture to hotspot...
Candidate: x_peak:        1.115, y_peak:        0.245, r_peak:        0.060, sig:        5.875, ra_peak:      192.365, dec_peak:        1.435
Characteristic density local = 6396.0 deg^-2 = 1.777 arcmin^-2
Fitting aperture to hotspot...
Candidate: x_peak:        1.185, y_peak:        0.005, r_peak:        0.020, sig:        9.891, ra_peak:      192.435, dec_peak:        1.195
Distance = 31.6 kpc (m-M = 17.5)
737142 objects left after isochrone cut...
Characteristic density = 6200.0 deg^-2
Characteristic density local = 6419.9 deg^-2 = 1.783 arcmin^-2
Fitting aperture to hotspot...
Candidate: x_peak:       -1.075, y_peak:        0.105, r_peak:        0.020, sig:        7.346, ra_peak:      190.175, dec_peak:        1.295
Characteristic density local = 6362.2 deg^-2 = 1.767 arcmin^-2
Fitting aperture to hotspot...
Candidate: x_peak:       -0.625, y_peak:        0.435, r_peak:        0.040, sig:        5.892, ra_peak:      190.625, dec_peak:        1.625
Characteristic density local = 6435.8 deg^-2 = 1.788 arcmin^-2
Fitting aperture to hotspot...
Candidate: x_peak:       -0.625, y_peak:        0.135, r_peak:        0.020, sig:       10.411, ra_peak:      190.625, dec_peak:        1.325
Characteristic density local = 6290.6 deg^-2 = 1.747 arcmin^-2
Fitting aperture to hotspot...
Candidate: x_peak:       -0.395, y_peak:       -0.035, r_peak:        0.010, sig:        6.477, ra_peak:      190.855, dec_peak:        1.155
Characteristic density local = 6274.7 deg^-2 = 1.743 arcmin^-2
Fitting aperture to hotspot...
Candidate: x_peak:       -0.145, y_peak:       -0.655, r_peak:        0.020, sig:        9.972, ra_peak:      191.105, dec_peak:        0.535
Characteristic density local = 6431.8 deg^-2 = 1.787 arcmin^-2
Fitting aperture to hotspot...
Candidate: x_peak:        0.015, y_peak:        0.755, r_peak:        0.020, sig:        7.339, ra_peak:      191.265, dec_peak:        1.945
Characteristic density local = 6412.0 deg^-2 = 1.781 arcmin^-2
Fitting aperture to hotspot...
Candidate: x_peak:        0.665, y_peak:        0.495, r_peak:        0.020, sig:        7.556, ra_peak:      191.915, dec_peak:        1.685
Characteristic density local = 6455.7 deg^-2 = 1.793 arcmin^-2
Fitting aperture to hotspot...
Candidate: x_peak:        1.115, y_peak:        0.245, r_peak:        0.060, sig:        5.875, ra_peak:      192.365, dec_peak:        1.435
Characteristic density local = 6396.0 deg^-2 = 1.777 arcmin^-2
Fitting aperture to hotspot...
Candidate: x_peak:        1.185, y_peak:        0.005, r_peak:        0.020, sig:        9.891, ra_peak:      192.435, dec_peak:        1.195
Distance = 39.8 kpc (m-M = 18.0)
737107 objects left after isochrone cut...
Characteristic density = 6200.0 deg^-2
Characteristic density local = 6413.9 deg^-2 = 1.782 arcmin^-2
Fitting aperture to hotspot...
Candidate: x_peak:       -1.075, y_peak:        0.105, r_peak:        0.020, sig:        7.349, ra_peak:      190.175, dec_peak:        1.295
Characteristic density local = 6362.2 deg^-2 = 1.767 arcmin^-2
Fitting aperture to hotspot...
Candidate: x_peak:       -0.625, y_peak:        0.435, r_peak:        0.040, sig:        5.892, ra_peak:      190.625, dec_peak:        1.625
Characteristic density local = 6433.8 deg^-2 = 1.787 arcmin^-2
Fitting aperture to hotspot...
Candidate: x_peak:       -0.625, y_peak:        0.135, r_peak:        0.020, sig:       10.413, ra_peak:      190.625, dec_peak:        1.325
Characteristic density local = 6288.6 deg^-2 = 1.747 arcmin^-2
Fitting aperture to hotspot...
Candidate: x_peak:       -0.395, y_peak:       -0.035, r_peak:        0.010, sig:        6.478, ra_peak:      190.855, dec_peak:        1.155
Characteristic density local = 6274.7 deg^-2 = 1.743 arcmin^-2
Fitting aperture to hotspot...
Candidate: x_peak:       -0.145, y_peak:       -0.655, r_peak:        0.020, sig:        9.972, ra_peak:      191.105, dec_peak:        0.535
Characteristic density local = 6429.9 deg^-2 = 1.786 arcmin^-2
Fitting aperture to hotspot...
Candidate: x_peak:        0.015, y_peak:        0.755, r_peak:        0.020, sig:        7.340, ra_peak:      191.265, dec_peak:        1.945
Characteristic density local = 6408.0 deg^-2 = 1.780 arcmin^-2
Fitting aperture to hotspot...
Candidate: x_peak:        0.665, y_peak:        0.495, r_peak:        0.020, sig:        7.558, ra_peak:      191.915, dec_peak:        1.685
Characteristic density local = 6455.7 deg^-2 = 1.793 arcmin^-2
Fitting aperture to hotspot...
Candidate: x_peak:        1.115, y_peak:        0.245, r_peak:        0.060, sig:        5.875, ra_peak:      192.365, dec_peak:        1.435
Characteristic density local = 6396.0 deg^-2 = 1.777 arcmin^-2
Fitting aperture to hotspot...
Candidate: x_peak:        1.185, y_peak:        0.005, r_peak:        0.020, sig:        9.891, ra_peak:      192.435, dec_peak:        1.195
Distance = 50.1 kpc (m-M = 18.5)
736292 objects left after isochrone cut...
Characteristic density = 6200.0 deg^-2
Characteristic density local = 6378.1 deg^-2 = 1.772 arcmin^-2
Fitting aperture to hotspot...
Candidate: x_peak:       -1.075, y_peak:        0.105, r_peak:        0.020, sig:        7.371, ra_peak:      190.175, dec_peak:        1.295
Characteristic density local = 6332.4 deg^-2 = 1.759 arcmin^-2
Fitting aperture to hotspot...
Candidate: x_peak:       -0.625, y_peak:        0.435, r_peak:        0.040, sig:        5.923, ra_peak:      190.625, dec_peak:        1.625
Characteristic density local = 6384.1 deg^-2 = 1.773 arcmin^-2
Fitting aperture to hotspot...
Candidate: x_peak:       -0.625, y_peak:        0.135, r_peak:        0.020, sig:       10.446, ra_peak:      190.625, dec_peak:        1.325
Characteristic density local = 6258.8 deg^-2 = 1.739 arcmin^-2
Fitting aperture to hotspot...
Candidate: x_peak:       -0.395, y_peak:       -0.035, r_peak:        0.010, sig:        6.489, ra_peak:      190.855, dec_peak:        1.155
Characteristic density local = 6250.8 deg^-2 = 1.736 arcmin^-2
Fitting aperture to hotspot...
Candidate: x_peak:       -0.145, y_peak:       -0.655, r_peak:        0.020, sig:        9.988, ra_peak:      191.105, dec_peak:        0.535
Characteristic density local = 6406.0 deg^-2 = 1.779 arcmin^-2
Fitting aperture to hotspot...
Candidate: x_peak:        0.015, y_peak:        0.755, r_peak:        0.020, sig:        7.354, ra_peak:      191.265, dec_peak:        1.945
Characteristic density local = 6374.2 deg^-2 = 1.771 arcmin^-2
Fitting aperture to hotspot...
Candidate: x_peak:        0.665, y_peak:        0.495, r_peak:        0.020, sig:        7.579, ra_peak:      191.915, dec_peak:        1.685
Characteristic density local = 6425.9 deg^-2 = 1.785 arcmin^-2
Fitting aperture to hotspot...
Candidate: x_peak:        1.115, y_peak:        0.245, r_peak:        0.060, sig:        5.919, ra_peak:      192.365, dec_peak:        1.435
Characteristic density local = 6366.2 deg^-2 = 1.768 arcmin^-2
Fitting aperture to hotspot...
Candidate: x_peak:        1.185, y_peak:        0.005, r_peak:        0.020, sig:        9.911, ra_peak:      192.435, dec_peak:        1.195
Distance = 63.1 kpc (m-M = 19.0)
734375 objects left after isochrone cut...
Characteristic density = 6200.0 deg^-2
Characteristic density local = 6312.5 deg^-2 = 1.753 arcmin^-2
Fitting aperture to hotspot...
Candidate: x_peak:       -1.075, y_peak:        0.105, r_peak:        0.020, sig:        7.412, ra_peak:      190.175, dec_peak:        1.295
Characteristic density local = 6282.6 deg^-2 = 1.745 arcmin^-2
Fitting aperture to hotspot...
Candidate: x_peak:       -0.625, y_peak:        0.435, r_peak:        0.040, sig:        5.975, ra_peak:      190.625, dec_peak:        1.625
Characteristic density local = 6330.4 deg^-2 = 1.758 arcmin^-2
Fitting aperture to hotspot...
Candidate: x_peak:       -0.625, y_peak:        0.135, r_peak:        0.020, sig:       10.482, ra_peak:      190.625, dec_peak:        1.325
Characteristic density local = 6209.0 deg^-2 = 1.725 arcmin^-2
Fitting aperture to hotspot...
Candidate: x_peak:       -0.395, y_peak:       -0.035, r_peak:        0.010, sig:        6.507, ra_peak:      190.855, dec_peak:        1.155
Characteristic density local = 6195.1 deg^-2 = 1.721 arcmin^-2
Fitting aperture to hotspot...
Candidate: x_peak:       -0.145, y_peak:       -0.655, r_peak:        0.020, sig:       10.025, ra_peak:      191.105, dec_peak:        0.535
Characteristic density local = 6336.4 deg^-2 = 1.760 arcmin^-2
Fitting aperture to hotspot...
Candidate: x_peak:        0.015, y_peak:        0.755, r_peak:        0.020, sig:        7.397, ra_peak:      191.265, dec_peak:        1.945
Characteristic density local = 6290.6 deg^-2 = 1.747 arcmin^-2
Fitting aperture to hotspot...
Candidate: x_peak:        0.665, y_peak:        0.495, r_peak:        0.020, sig:        7.631, ra_peak:      191.915, dec_peak:        1.685
Characteristic density local = 6286.6 deg^-2 = 1.746 arcmin^-2
Fitting aperture to hotspot...
Candidate: x_peak:        1.185, y_peak:        0.005, r_peak:        0.020, sig:        9.964, ra_peak:      192.435, dec_peak:        1.195
Distance = 79.4 kpc (m-M = 19.5)
731833 objects left after isochrone cut...
Characteristic density = 6100.0 deg^-2
Characteristic density local = 6219.0 deg^-2 = 1.727 arcmin^-2
Fitting aperture to hotspot...
Candidate: x_peak:       -1.075, y_peak:        0.105, r_peak:        0.020, sig:        7.469, ra_peak:      190.175, dec_peak:        1.295
Characteristic density local = 6195.1 deg^-2 = 1.721 arcmin^-2
Fitting aperture to hotspot...
Candidate: x_peak:       -0.625, y_peak:        0.435, r_peak:        0.040, sig:        6.067, ra_peak:      190.625, dec_peak:        1.625
Characteristic density local = 6248.8 deg^-2 = 1.736 arcmin^-2
Fitting aperture to hotspot...
Candidate: x_peak:       -0.625, y_peak:        0.135, r_peak:        0.020, sig:       10.538, ra_peak:      190.625, dec_peak:        1.325
Characteristic density local = 6113.5 deg^-2 = 1.698 arcmin^-2
Fitting aperture to hotspot...
Candidate: x_peak:       -0.395, y_peak:       -0.035, r_peak:        0.010, sig:        6.542, ra_peak:      190.855, dec_peak:        1.155
Characteristic density local = 6085.7 deg^-2 = 1.690 arcmin^-2
Fitting aperture to hotspot...
Candidate: x_peak:       -0.145, y_peak:       -0.655, r_peak:        0.020, sig:       10.100, ra_peak:      191.105, dec_peak:        0.535
Characteristic density local = 6244.8 deg^-2 = 1.735 arcmin^-2
Fitting aperture to hotspot...
Candidate: x_peak:        0.015, y_peak:        0.755, r_peak:        0.020, sig:        7.453, ra_peak:      191.265, dec_peak:        1.945
Characteristic density local = 6191.1 deg^-2 = 1.720 arcmin^-2
Fitting aperture to hotspot...
Candidate: x_peak:        0.665, y_peak:        0.495, r_peak:        0.020, sig:        7.693, ra_peak:      191.915, dec_peak:        1.685
Characteristic density local = 6272.7 deg^-2 = 1.742 arcmin^-2
Fitting aperture to hotspot...
Candidate: x_peak:        1.115, y_peak:        0.245, r_peak:        0.060, sig:        6.049, ra_peak:      192.365, dec_peak:        1.435
Characteristic density local = 6195.1 deg^-2 = 1.721 arcmin^-2
Fitting aperture to hotspot...
Candidate: x_peak:        1.185, y_peak:        0.005, r_peak:        0.020, sig:       10.025, ra_peak:      192.435, dec_peak:        1.195
Distance = 100.0 kpc (m-M = 20.0)
728836 objects left after isochrone cut...
Characteristic density = 6000.0 deg^-2
Characteristic density local = 6137.4 deg^-2 = 1.705 arcmin^-2
Fitting aperture to hotspot...
Candidate: x_peak:       -1.075, y_peak:        0.105, r_peak:        0.020, sig:        7.521, ra_peak:      190.175, dec_peak:        1.295
Characteristic density local = 6097.6 deg^-2 = 1.694 arcmin^-2
Fitting aperture to hotspot...
Candidate: x_peak:       -0.625, y_peak:        0.435, r_peak:        0.040, sig:        6.170, ra_peak:      190.625, dec_peak:        1.625
Characteristic density local = 6177.2 deg^-2 = 1.716 arcmin^-2
Fitting aperture to hotspot...
Candidate: x_peak:       -0.625, y_peak:        0.135, r_peak:        0.020, sig:       10.587, ra_peak:      190.625, dec_peak:        1.325
Characteristic density local = 6028.0 deg^-2 = 1.674 arcmin^-2
Fitting aperture to hotspot...
Candidate: x_peak:       -0.395, y_peak:       -0.035, r_peak:        0.010, sig:        6.574, ra_peak:      190.855, dec_peak:        1.155
Characteristic density local = 5990.2 deg^-2 = 1.664 arcmin^-2
Fitting aperture to hotspot...
Candidate: x_peak:       -0.145, y_peak:       -0.655, r_peak:        0.020, sig:       10.166, ra_peak:      191.105, dec_peak:        0.535
Characteristic density local = 6161.3 deg^-2 = 1.711 arcmin^-2
Fitting aperture to hotspot...
Candidate: x_peak:        0.015, y_peak:        0.755, r_peak:        0.020, sig:        7.506, ra_peak:      191.265, dec_peak:        1.945
Characteristic density local = 6071.8 deg^-2 = 1.687 arcmin^-2
Fitting aperture to hotspot...
Candidate: x_peak:        0.665, y_peak:        0.495, r_peak:        0.020, sig:        7.769, ra_peak:      191.915, dec_peak:        1.685
Characteristic density local = 6105.6 deg^-2 = 1.696 arcmin^-2
Fitting aperture to hotspot...
Candidate: x_peak:        1.185, y_peak:        0.005, r_peak:        0.020, sig:       10.086, ra_peak:      192.435, dec_peak:        1.195
Distance = 125.9 kpc (m-M = 20.5)
725253 objects left after isochrone cut...
Characteristic density = 5900.0 deg^-2
Characteristic density local = 6037.9 deg^-2 = 1.677 arcmin^-2
Fitting aperture to hotspot...
Candidate: x_peak:       -1.075, y_peak:        0.105, r_peak:        0.020, sig:        7.584, ra_peak:      190.175, dec_peak:        1.295
Characteristic density local = 6018.0 deg^-2 = 1.672 arcmin^-2
Fitting aperture to hotspot...
Candidate: x_peak:       -0.615, y_peak:        0.435, r_peak:        0.100, sig:        5.571, ra_peak:      190.635, dec_peak:        1.625
Characteristic density local = 6071.8 deg^-2 = 1.687 arcmin^-2
Fitting aperture to hotspot...
Candidate: x_peak:       -0.625, y_peak:        0.135, r_peak:        0.020, sig:       10.478, ra_peak:      190.625, dec_peak:        1.325
Characteristic density local = 5940.5 deg^-2 = 1.650 arcmin^-2
Fitting aperture to hotspot...
Candidate: x_peak:       -0.385, y_peak:       -0.035, r_peak:        0.020, sig:        5.673, ra_peak:      190.865, dec_peak:        1.155
Characteristic density local = 5884.8 deg^-2 = 1.635 arcmin^-2
Fitting aperture to hotspot...
Candidate: x_peak:       -0.145, y_peak:       -0.655, r_peak:        0.020, sig:       10.239, ra_peak:      191.105, dec_peak:        0.535
Characteristic density local = 6049.9 deg^-2 = 1.681 arcmin^-2
Fitting aperture to hotspot...
Candidate: x_peak:        0.015, y_peak:        0.755, r_peak:        0.020, sig:        7.576, ra_peak:      191.265, dec_peak:        1.945
Characteristic density local = 5992.2 deg^-2 = 1.664 arcmin^-2
Fitting aperture to hotspot...
Candidate: x_peak:        0.665, y_peak:        0.495, r_peak:        0.020, sig:        7.820, ra_peak:      191.915, dec_peak:        1.685
Characteristic density local = 6053.9 deg^-2 = 1.682 arcmin^-2
Fitting aperture to hotspot...
Candidate: x_peak:        1.115, y_peak:        0.245, r_peak:        0.060, sig:        6.185, ra_peak:      192.365, dec_peak:        1.435
Characteristic density local = 6010.1 deg^-2 = 1.669 arcmin^-2
Fitting aperture to hotspot...
Candidate: x_peak:        1.185, y_peak:        0.005, r_peak:        0.020, sig:       10.152, ra_peak:      192.435, dec_peak:        1.195
Distance = 158.5 kpc (m-M = 21.0)
720889 objects left after isochrone cut...
Characteristic density = 5700.0 deg^-2
Characteristic density local = 5888.7 deg^-2 = 1.636 arcmin^-2
Fitting aperture to hotspot...
Candidate: x_peak:       -1.075, y_peak:        0.105, r_peak:        0.020, sig:        7.679, ra_peak:      190.175, dec_peak:        1.295
Characteristic density local = 5874.8 deg^-2 = 1.632 arcmin^-2
Fitting aperture to hotspot...
Candidate: x_peak:       -0.615, y_peak:        0.435, r_peak:        0.100, sig:        5.728, ra_peak:      190.635, dec_peak:        1.625
Characteristic density local = 5938.5 deg^-2 = 1.650 arcmin^-2
Fitting aperture to hotspot...
Candidate: x_peak:       -0.625, y_peak:        0.135, r_peak:        0.020, sig:       10.571, ra_peak:      190.625, dec_peak:        1.325
Characteristic density local = 5759.4 deg^-2 = 1.600 arcmin^-2
Fitting aperture to hotspot...
Candidate: x_peak:       -0.145, y_peak:       -0.655, r_peak:        0.020, sig:       10.328, ra_peak:      191.105, dec_peak:        0.535
Characteristic density local = 5890.7 deg^-2 = 1.636 arcmin^-2
Fitting aperture to hotspot...
Candidate: x_peak:        0.015, y_peak:        0.755, r_peak:        0.020, sig:        7.678, ra_peak:      191.265, dec_peak:        1.945
Characteristic density local = 5848.9 deg^-2 = 1.625 arcmin^-2
Fitting aperture to hotspot...
Candidate: x_peak:        0.665, y_peak:        0.495, r_peak:        0.020, sig:        7.913, ra_peak:      191.915, dec_peak:        1.685
Characteristic density local = 5878.8 deg^-2 = 1.633 arcmin^-2
Fitting aperture to hotspot...
Candidate: x_peak:        1.115, y_peak:        0.245, r_peak:        0.060, sig:        6.356, ra_peak:      192.365, dec_peak:        1.435
Characteristic density local = 5874.8 deg^-2 = 1.632 arcmin^-2
Fitting aperture to hotspot...
Candidate: x_peak:        1.185, y_peak:        0.005, r_peak:        0.020, sig:       10.246, ra_peak:      192.435, dec_peak:        1.195
Distance = 199.5 kpc (m-M = 21.5)
715567 objects left after isochrone cut...
Characteristic density = 5500.0 deg^-2
Characteristic density local = 5715.7 deg^-2 = 1.588 arcmin^-2
Fitting aperture to hotspot...
Candidate: x_peak:       -1.075, y_peak:        0.105, r_peak:        0.020, sig:        7.582, ra_peak:      190.175, dec_peak:        1.295
Characteristic density local = 5671.9 deg^-2 = 1.576 arcmin^-2
Fitting aperture to hotspot...
Candidate: x_peak:       -0.615, y_peak:        0.425, r_peak:        0.030, sig:        6.205, ra_peak:      190.635, dec_peak:        1.615
Characteristic density local = 5741.5 deg^-2 = 1.595 arcmin^-2
Fitting aperture to hotspot...
Candidate: x_peak:       -0.625, y_peak:        0.135, r_peak:        0.020, sig:       10.527, ra_peak:      190.625, dec_peak:        1.325
Characteristic density local = 5574.4 deg^-2 = 1.548 arcmin^-2
Fitting aperture to hotspot...
Candidate: x_peak:       -0.145, y_peak:       -0.655, r_peak:        0.020, sig:       10.462, ra_peak:      191.105, dec_peak:        0.535
Characteristic density local = 5737.5 deg^-2 = 1.594 arcmin^-2
Fitting aperture to hotspot...
Candidate: x_peak:        0.015, y_peak:        0.755, r_peak:        0.020, sig:        7.779, ra_peak:      191.265, dec_peak:        1.945
Characteristic density local = 5681.8 deg^-2 = 1.578 arcmin^-2
Fitting aperture to hotspot...
Candidate: x_peak:        0.665, y_peak:        0.495, r_peak:        0.020, sig:        8.024, ra_peak:      191.915, dec_peak:        1.685
Characteristic density local = 5695.8 deg^-2 = 1.582 arcmin^-2
Fitting aperture to hotspot...
Candidate: x_peak:        1.115, y_peak:        0.245, r_peak:        0.060, sig:        6.144, ra_peak:      192.365, dec_peak:        1.435
Characteristic density local = 5725.6 deg^-2 = 1.590 arcmin^-2
Fitting aperture to hotspot...
Candidate: x_peak:        1.125, y_peak:        0.235, r_peak:        0.060, sig:        5.281, ra_peak:      192.375, dec_peak:        1.425
Characteristic density local = 5675.9 deg^-2 = 1.577 arcmin^-2
Fitting aperture to hotspot...
Candidate: x_peak:        1.185, y_peak:        0.005, r_peak:        0.020, sig:       10.388, ra_peak:      192.435, dec_peak:        1.195
Distance = 251.2 kpc (m-M = 22.0)
709014 objects left after isochrone cut...
Characteristic density = 5300.0 deg^-2
Characteristic density local = 5506.8 deg^-2 = 1.530 arcmin^-2
Fitting aperture to hotspot...
Candidate: x_peak:       -1.075, y_peak:        0.105, r_peak:        0.020, sig:        7.722, ra_peak:      190.175, dec_peak:        1.295
Characteristic density local = 5419.2 deg^-2 = 1.505 arcmin^-2
Fitting aperture to hotspot...
Candidate: x_peak:       -0.615, y_peak:        0.425, r_peak:        0.030, sig:        6.429, ra_peak:      190.635, dec_peak:        1.615
Characteristic density local = 5486.9 deg^-2 = 1.524 arcmin^-2
Fitting aperture to hotspot...
Candidate: x_peak:       -0.625, y_peak:        0.135, r_peak:        0.020, sig:       10.527, ra_peak:      190.625, dec_peak:        1.325
Characteristic density local = 5375.5 deg^-2 = 1.493 arcmin^-2
Fitting aperture to hotspot...
Candidate: x_peak:       -0.145, y_peak:       -0.655, r_peak:        0.020, sig:       10.231, ra_peak:      191.105, dec_peak:        0.535
Characteristic density local = 5512.7 deg^-2 = 1.531 arcmin^-2
Fitting aperture to hotspot...
Candidate: x_peak:        0.015, y_peak:        0.755, r_peak:        0.020, sig:        7.718, ra_peak:      191.265, dec_peak:        1.945
Characteristic density local = 5472.9 deg^-2 = 1.520 arcmin^-2
Fitting aperture to hotspot...
Candidate: x_peak:        0.665, y_peak:        0.495, r_peak:        0.020, sig:        8.166, ra_peak:      191.915, dec_peak:        1.685
Characteristic density local = 5500.8 deg^-2 = 1.528 arcmin^-2
Fitting aperture to hotspot...
Candidate: x_peak:        1.115, y_peak:        0.245, r_peak:        0.060, sig:        6.150, ra_peak:      192.365, dec_peak:        1.435
Characteristic density local = 5490.8 deg^-2 = 1.525 arcmin^-2
Fitting aperture to hotspot...
Candidate: x_peak:        1.185, y_peak:        0.005, r_peak:        0.020, sig:       10.524, ra_peak:      192.435, dec_peak:        1.195
Distance = 316.2 kpc (m-M = 22.5)
701052 objects left after isochrone cut...
Characteristic density = 5100.0 deg^-2
Characteristic density local = 5282.0 deg^-2 = 1.467 arcmin^-2
Fitting aperture to hotspot...
Candidate: x_peak:       -1.075, y_peak:        0.105, r_peak:        0.020, sig:        7.877, ra_peak:      190.175, dec_peak:        1.295
Characteristic density local = 5170.5 deg^-2 = 1.436 arcmin^-2
Fitting aperture to hotspot...
Candidate: x_peak:       -0.615, y_peak:        0.425, r_peak:        0.030, sig:        6.482, ra_peak:      190.635, dec_peak:        1.615
Characteristic density local = 5194.4 deg^-2 = 1.443 arcmin^-2
Fitting aperture to hotspot...
Candidate: x_peak:       -0.625, y_peak:        0.135, r_peak:        0.020, sig:       10.559, ra_peak:      190.625, dec_peak:        1.325
Characteristic density local = 5112.9 deg^-2 = 1.420 arcmin^-2
Fitting aperture to hotspot...
Candidate: x_peak:       -0.145, y_peak:       -0.655, r_peak:        0.020, sig:       10.430, ra_peak:      191.105, dec_peak:        0.535
Characteristic density local = 5250.1 deg^-2 = 1.458 arcmin^-2
Fitting aperture to hotspot...
Candidate: x_peak:        0.015, y_peak:        0.755, r_peak:        0.020, sig:        7.899, ra_peak:      191.265, dec_peak:        1.945
Characteristic density local = 5196.4 deg^-2 = 1.443 arcmin^-2
Fitting aperture to hotspot...
Candidate: x_peak:        0.665, y_peak:        0.495, r_peak:        0.020, sig:        8.361, ra_peak:      191.915, dec_peak:        1.685
Characteristic density local = 5246.1 deg^-2 = 1.457 arcmin^-2
Fitting aperture to hotspot...
Candidate: x_peak:        1.115, y_peak:        0.245, r_peak:        0.060, sig:        6.257, ra_peak:      192.365, dec_peak:        1.435
Characteristic density local = 5228.2 deg^-2 = 1.452 arcmin^-2
Fitting aperture to hotspot...
Candidate: x_peak:        1.185, y_peak:        0.005, r_peak:        0.020, sig:       10.722, ra_peak:      192.435, dec_peak:        1.195
Distance = 398.1 kpc (m-M = 23.0)
691156 objects left after isochrone cut...
Characteristic density = 4700.0 deg^-2
Characteristic density local = 4981.5 deg^-2 = 1.384 arcmin^-2
Fitting aperture to hotspot...
Candidate: x_peak:       -1.075, y_peak:        0.105, r_peak:        0.020, sig:        8.092, ra_peak:      190.175, dec_peak:        1.295
Characteristic density local = 4878.1 deg^-2 = 1.355 arcmin^-2
Fitting aperture to hotspot...
Candidate: x_peak:       -0.615, y_peak:        0.425, r_peak:        0.030, sig:        6.759, ra_peak:      190.635, dec_peak:        1.615
Characteristic density local = 4904.0 deg^-2 = 1.362 arcmin^-2
Fitting aperture to hotspot...
Candidate: x_peak:       -0.625, y_peak:        0.135, r_peak:        0.020, sig:       10.788, ra_peak:      190.625, dec_peak:        1.325
Characteristic density local = 4760.7 deg^-2 = 1.322 arcmin^-2
Fitting aperture to hotspot...
Candidate: x_peak:       -0.145, y_peak:       -0.655, r_peak:        0.020, sig:       10.516, ra_peak:      191.105, dec_peak:        0.535
Characteristic density local = 4935.8 deg^-2 = 1.371 arcmin^-2
Fitting aperture to hotspot...
Candidate: x_peak:        0.015, y_peak:        0.755, r_peak:        0.020, sig:        8.126, ra_peak:      191.265, dec_peak:        1.945
Characteristic density local = 4890.0 deg^-2 = 1.358 arcmin^-2
Fitting aperture to hotspot...
Candidate: x_peak:        0.665, y_peak:        0.495, r_peak:        0.020, sig:        8.587, ra_peak:      191.915, dec_peak:        1.685
Characteristic density local = 4951.7 deg^-2 = 1.375 arcmin^-2
Fitting aperture to hotspot...
Candidate: x_peak:        1.115, y_peak:        0.245, r_peak:        0.060, sig:        6.332, ra_peak:      192.365, dec_peak:        1.435
Characteristic density local = 4939.8 deg^-2 = 1.372 arcmin^-2
Fitting aperture to hotspot...
Candidate: x_peak:        1.185, y_peak:        0.005, r_peak:        0.020, sig:       10.759, ra_peak:      192.435, dec_peak:        1.195
10.79 sigma; (RA, Dec, d) = (190.62, 1.32); r = 0.02 deg; d = 398.1, mu = 23.00 mag), mc_source_id: 0.00
10.76 sigma; (RA, Dec, d) = (192.44, 1.19); r = 0.02 deg; d = 398.1, mu = 23.00 mag), mc_source_id: 0.00
10.52 sigma; (RA, Dec, d) = (191.10, 0.53); r = 0.02 deg; d = 398.1, mu = 23.00 mag), mc_source_id: 0.00
8.59 sigma; (RA, Dec, d) = (191.92, 1.68); r = 0.02 deg; d = 398.1, mu = 23.00 mag), mc_source_id: 0.00
8.13 sigma; (RA, Dec, d) = (191.27, 1.95); r = 0.02 deg; d = 398.1, mu = 23.00 mag), mc_source_id: 0.00
8.09 sigma; (RA, Dec, d) = (190.17, 1.29); r = 0.02 deg; d = 398.1, mu = 23.00 mag), mc_source_id: 0.00
6.76 sigma; (RA, Dec, d) = (190.63, 1.61); r = 0.03 deg; d = 398.1, mu = 23.00 mag), mc_source_id: 0.00
6.57 sigma; (RA, Dec, d) = (190.85, 1.15); r = 0.01 deg; d = 100.0, mu = 20.00 mag), mc_source_id: 0.00
6.36 sigma; (RA, Dec, d) = (192.37, 1.43); r = 0.06 deg; d = 158.5, mu = 21.00 mag), mc_source_id: 0.00
5.67 sigma; (RA, Dec, d) = (190.86, 1.15); r = 0.02 deg; d = 125.9, mu = 20.50 mag), mc_source_id: 0.00

------------------------------------------------------------
Job <680872.0> was submitted from <des51.fnal.gov> by user <tavangar>.
Job was executed on host <des40.fnal.gov> as user <tavangar>.
</var/lib/condor/execute/dir_2014993> was used as the initial working directory.
Results reported at Wed Jun  5 11:59:45 CDT 2019

Your job looked like:

------------------------------------------------------------
python /home/s1/tavangar/tavangar_simple/search_algorithm.py 191.25 1.19 0.00 /home/s1/tavangar/tavangar_simple/decals_dr7_results/results_nside_32_6020.csv /home/s1/tavangar/tavangar_simple/decals_dr7_results/decals_dr7_log/results_nside_32_6020.log
------------------------------------------------------------

Successfully completed.

Resource usage summary:

	Real time :			267.65 sec.
	CPU time :			6.67 sec.
	CPU percentage :		78%
	Max Memory :			6039136 KB
	Average Memory :		0 KB

The output (if any) is above this job summary.
