/home/s1/tavangar/tavangar_simple/simple_utils.py:170: FutureWarning: elementwise comparison failed; returning scalar instead, but in the future will perform elementwise comparison
  if np.all(isochrone.stage == 'Main'):
Search coordinates: (RA, Dec) = (150.47, 16.96)
Center healpixel: 4341
Healpixels: [4341 4469 4340 4213 4085 4214 4342 4470 4597]
MC_SOURCE_ID = 0.0
mode = 0: running only on real data
Found 1 objects...
Applying cuts...
695224 star-like objects in ROI...
1056595 galaxy-like objects in ROI...
No fracdet map specified ...
Distance = 15.8 kpc (m-M = 16.0)
695193 objects left after isochrone cut...
Characteristic density = 4800.0 deg^-2
Characteristic density local = 5303.8 deg^-2 = 1.473 arcmin^-2
Fitting aperture to hotspot...
Candidate: x_peak:       -0.465, y_peak:       -0.795, r_peak:        0.020, sig:        6.988, ra_peak:      149.986, dec_peak:       16.164
Characteristic density local = 4766.7 deg^-2 = 1.324 arcmin^-2
Fitting aperture to hotspot...
Candidate: x_peak:       -0.285, y_peak:        0.605, r_peak:        0.020, sig:       10.315, ra_peak:      150.171, dec_peak:       17.565
Characteristic density local = 4671.2 deg^-2 = 1.298 arcmin^-2
Fitting aperture to hotspot...
Candidate: x_peak:       -0.245, y_peak:        0.445, r_peak:        0.010, sig:       10.233, ra_peak:      150.213, dec_peak:       17.405
Characteristic density local = 5138.7 deg^-2 = 1.427 arcmin^-2
Fitting aperture to hotspot...
Candidate: x_peak:       -0.085, y_peak:       -1.165, r_peak:        0.050, sig:        6.796, ra_peak:      150.382, dec_peak:       15.795
Characteristic density local = 4870.1 deg^-2 = 1.353 arcmin^-2
Fitting aperture to hotspot...
Candidate: x_peak:       -0.055, y_peak:        0.445, r_peak:        0.020, sig:        6.126, ra_peak:      150.412, dec_peak:       17.405
Characteristic density local = 4909.9 deg^-2 = 1.364 arcmin^-2
Fitting aperture to hotspot...
Candidate: x_peak:        0.805, y_peak:       -0.495, r_peak:        0.020, sig:        6.573, ra_peak:      151.309, dec_peak:       16.463
Characteristic density local = 4963.6 deg^-2 = 1.379 arcmin^-2
Fitting aperture to hotspot...
Candidate: x_peak:        1.205, y_peak:       -0.125, r_peak:        0.220, sig:       24.869, ra_peak:      151.729, dec_peak:       16.831
Characteristic density local = 4961.7 deg^-2 = 1.378 arcmin^-2
Fitting aperture to hotspot...
Candidate: x_peak:        1.215, y_peak:       -0.115, r_peak:        0.200, sig:       25.758, ra_peak:      151.739, dec_peak:       16.841
Characteristic density local = 4939.8 deg^-2 = 1.372 arcmin^-2
Fitting aperture to hotspot...
Candidate: x_peak:        1.225, y_peak:       -0.105, r_peak:        0.190, sig:       26.112, ra_peak:      151.750, dec_peak:       16.851
Distance = 20.0 kpc (m-M = 16.5)
695212 objects left after isochrone cut...
Characteristic density = 4800.0 deg^-2
Characteristic density local = 5303.8 deg^-2 = 1.473 arcmin^-2
Fitting aperture to hotspot...
Candidate: x_peak:       -0.465, y_peak:       -0.795, r_peak:        0.020, sig:        6.988, ra_peak:      149.986, dec_peak:       16.164
Characteristic density local = 4766.7 deg^-2 = 1.324 arcmin^-2
Fitting aperture to hotspot...
Candidate: x_peak:       -0.285, y_peak:        0.605, r_peak:        0.020, sig:       10.315, ra_peak:      150.171, dec_peak:       17.565
Characteristic density local = 4671.2 deg^-2 = 1.298 arcmin^-2
Fitting aperture to hotspot...
Candidate: x_peak:       -0.245, y_peak:        0.445, r_peak:        0.010, sig:       10.233, ra_peak:      150.213, dec_peak:       17.405
Characteristic density local = 5138.7 deg^-2 = 1.427 arcmin^-2
Fitting aperture to hotspot...
Candidate: x_peak:       -0.085, y_peak:       -1.165, r_peak:        0.050, sig:        6.796, ra_peak:      150.382, dec_peak:       15.795
Characteristic density local = 4870.1 deg^-2 = 1.353 arcmin^-2
Fitting aperture to hotspot...
Candidate: x_peak:       -0.055, y_peak:        0.445, r_peak:        0.020, sig:        6.126, ra_peak:      150.412, dec_peak:       17.405
Characteristic density local = 4909.9 deg^-2 = 1.364 arcmin^-2
Fitting aperture to hotspot...
Candidate: x_peak:        0.805, y_peak:       -0.495, r_peak:        0.020, sig:        6.573, ra_peak:      151.309, dec_peak:       16.463
Characteristic density local = 4963.6 deg^-2 = 1.379 arcmin^-2
Fitting aperture to hotspot...
Candidate: x_peak:        1.205, y_peak:       -0.125, r_peak:        0.220, sig:       24.869, ra_peak:      151.729, dec_peak:       16.831
Characteristic density local = 4961.7 deg^-2 = 1.378 arcmin^-2
Fitting aperture to hotspot...
Candidate: x_peak:        1.215, y_peak:       -0.115, r_peak:        0.200, sig:       25.758, ra_peak:      151.739, dec_peak:       16.841
Characteristic density local = 4939.8 deg^-2 = 1.372 arcmin^-2
Fitting aperture to hotspot...
Candidate: x_peak:        1.225, y_peak:       -0.105, r_peak:        0.190, sig:       26.112, ra_peak:      151.750, dec_peak:       16.851
Distance = 25.1 kpc (m-M = 17.0)
695216 objects left after isochrone cut...
Characteristic density = 4800.0 deg^-2
Characteristic density local = 5303.8 deg^-2 = 1.473 arcmin^-2
Fitting aperture to hotspot...
Candidate: x_peak:       -0.465, y_peak:       -0.795, r_peak:        0.020, sig:        6.988, ra_peak:      149.986, dec_peak:       16.164
Characteristic density local = 4766.7 deg^-2 = 1.324 arcmin^-2
Fitting aperture to hotspot...
Candidate: x_peak:       -0.285, y_peak:        0.605, r_peak:        0.020, sig:       10.315, ra_peak:      150.171, dec_peak:       17.565
Characteristic density local = 4671.2 deg^-2 = 1.298 arcmin^-2
Fitting aperture to hotspot...
Candidate: x_peak:       -0.245, y_peak:        0.445, r_peak:        0.010, sig:       10.233, ra_peak:      150.213, dec_peak:       17.405
Characteristic density local = 5138.7 deg^-2 = 1.427 arcmin^-2
Fitting aperture to hotspot...
Candidate: x_peak:       -0.085, y_peak:       -1.165, r_peak:        0.050, sig:        6.796, ra_peak:      150.382, dec_peak:       15.795
Characteristic density local = 4870.1 deg^-2 = 1.353 arcmin^-2
Fitting aperture to hotspot...
Candidate: x_peak:       -0.055, y_peak:        0.445, r_peak:        0.020, sig:        6.126, ra_peak:      150.412, dec_peak:       17.405
Characteristic density local = 4909.9 deg^-2 = 1.364 arcmin^-2
Fitting aperture to hotspot...
Candidate: x_peak:        0.805, y_peak:       -0.495, r_peak:        0.020, sig:        6.573, ra_peak:      151.309, dec_peak:       16.463
Characteristic density local = 4963.6 deg^-2 = 1.379 arcmin^-2
Fitting aperture to hotspot...
Candidate: x_peak:        1.205, y_peak:       -0.125, r_peak:        0.220, sig:       24.869, ra_peak:      151.729, dec_peak:       16.831
Characteristic density local = 4961.7 deg^-2 = 1.378 arcmin^-2
Fitting aperture to hotspot...
Candidate: x_peak:        1.215, y_peak:       -0.115, r_peak:        0.200, sig:       25.758, ra_peak:      151.739, dec_peak:       16.841
Characteristic density local = 4939.8 deg^-2 = 1.372 arcmin^-2
Fitting aperture to hotspot...
Candidate: x_peak:        1.225, y_peak:       -0.105, r_peak:        0.190, sig:       26.112, ra_peak:      151.750, dec_peak:       16.851
Distance = 31.6 kpc (m-M = 17.5)
695219 objects left after isochrone cut...
Characteristic density = 4800.0 deg^-2
Characteristic density local = 5303.8 deg^-2 = 1.473 arcmin^-2
Fitting aperture to hotspot...
Candidate: x_peak:       -0.465, y_peak:       -0.795, r_peak:        0.020, sig:        6.988, ra_peak:      149.986, dec_peak:       16.164
Characteristic density local = 4766.7 deg^-2 = 1.324 arcmin^-2
Fitting aperture to hotspot...
Candidate: x_peak:       -0.285, y_peak:        0.605, r_peak:        0.020, sig:       10.315, ra_peak:      150.171, dec_peak:       17.565
Characteristic density local = 4671.2 deg^-2 = 1.298 arcmin^-2
Fitting aperture to hotspot...
Candidate: x_peak:       -0.245, y_peak:        0.445, r_peak:        0.010, sig:       10.233, ra_peak:      150.213, dec_peak:       17.405
Characteristic density local = 5138.7 deg^-2 = 1.427 arcmin^-2
Fitting aperture to hotspot...
Candidate: x_peak:       -0.085, y_peak:       -1.165, r_peak:        0.050, sig:        6.796, ra_peak:      150.382, dec_peak:       15.795
Characteristic density local = 4870.1 deg^-2 = 1.353 arcmin^-2
Fitting aperture to hotspot...
Candidate: x_peak:       -0.055, y_peak:        0.445, r_peak:        0.020, sig:        6.126, ra_peak:      150.412, dec_peak:       17.405
Characteristic density local = 4909.9 deg^-2 = 1.364 arcmin^-2
Fitting aperture to hotspot...
Candidate: x_peak:        0.805, y_peak:       -0.495, r_peak:        0.020, sig:        6.573, ra_peak:      151.309, dec_peak:       16.463
Characteristic density local = 4963.6 deg^-2 = 1.379 arcmin^-2
Fitting aperture to hotspot...
Candidate: x_peak:        1.205, y_peak:       -0.125, r_peak:        0.220, sig:       24.869, ra_peak:      151.729, dec_peak:       16.831
Characteristic density local = 4961.7 deg^-2 = 1.378 arcmin^-2
Fitting aperture to hotspot...
Candidate: x_peak:        1.215, y_peak:       -0.115, r_peak:        0.200, sig:       25.758, ra_peak:      151.739, dec_peak:       16.841
Characteristic density local = 4939.8 deg^-2 = 1.372 arcmin^-2
Fitting aperture to hotspot...
Candidate: x_peak:        1.225, y_peak:       -0.105, r_peak:        0.190, sig:       26.112, ra_peak:      151.750, dec_peak:       16.851
Distance = 39.8 kpc (m-M = 18.0)
695210 objects left after isochrone cut...
Characteristic density = 4800.0 deg^-2
Characteristic density local = 5303.8 deg^-2 = 1.473 arcmin^-2
Fitting aperture to hotspot...
Candidate: x_peak:       -0.465, y_peak:       -0.795, r_peak:        0.020, sig:        6.988, ra_peak:      149.986, dec_peak:       16.164
Characteristic density local = 4766.7 deg^-2 = 1.324 arcmin^-2
Fitting aperture to hotspot...
Candidate: x_peak:       -0.285, y_peak:        0.605, r_peak:        0.020, sig:       10.315, ra_peak:      150.171, dec_peak:       17.565
Characteristic density local = 4671.2 deg^-2 = 1.298 arcmin^-2
Fitting aperture to hotspot...
Candidate: x_peak:       -0.245, y_peak:        0.445, r_peak:        0.010, sig:       10.233, ra_peak:      150.213, dec_peak:       17.405
Characteristic density local = 5138.7 deg^-2 = 1.427 arcmin^-2
Fitting aperture to hotspot...
Candidate: x_peak:       -0.085, y_peak:       -1.165, r_peak:        0.050, sig:        6.796, ra_peak:      150.382, dec_peak:       15.795
Characteristic density local = 4864.2 deg^-2 = 1.351 arcmin^-2
Fitting aperture to hotspot...
Candidate: x_peak:       -0.055, y_peak:        0.445, r_peak:        0.020, sig:        6.130, ra_peak:      150.412, dec_peak:       17.405
Characteristic density local = 4909.9 deg^-2 = 1.364 arcmin^-2
Fitting aperture to hotspot...
Candidate: x_peak:        0.805, y_peak:       -0.495, r_peak:        0.020, sig:        6.573, ra_peak:      151.309, dec_peak:       16.463
Characteristic density local = 4961.7 deg^-2 = 1.378 arcmin^-2
Fitting aperture to hotspot...
Candidate: x_peak:        1.205, y_peak:       -0.125, r_peak:        0.220, sig:       24.882, ra_peak:      151.729, dec_peak:       16.831
Characteristic density local = 4959.7 deg^-2 = 1.378 arcmin^-2
Fitting aperture to hotspot...
Candidate: x_peak:        1.215, y_peak:       -0.115, r_peak:        0.200, sig:       25.770, ra_peak:      151.739, dec_peak:       16.841
Characteristic density local = 4937.8 deg^-2 = 1.372 arcmin^-2
Fitting aperture to hotspot...
Candidate: x_peak:        1.225, y_peak:       -0.105, r_peak:        0.190, sig:       26.123, ra_peak:      151.750, dec_peak:       16.851
Distance = 50.1 kpc (m-M = 18.5)
694815 objects left after isochrone cut...
Characteristic density = 4800.0 deg^-2
Characteristic density local = 5270.0 deg^-2 = 1.464 arcmin^-2
Fitting aperture to hotspot...
Candidate: x_peak:       -0.465, y_peak:       -0.795, r_peak:        0.020, sig:        7.011, ra_peak:      149.986, dec_peak:       16.164
Characteristic density local = 4750.8 deg^-2 = 1.320 arcmin^-2
Fitting aperture to hotspot...
Candidate: x_peak:       -0.285, y_peak:        0.605, r_peak:        0.020, sig:       10.328, ra_peak:      150.171, dec_peak:       17.565
Characteristic density local = 4649.3 deg^-2 = 1.291 arcmin^-2
Fitting aperture to hotspot...
Candidate: x_peak:       -0.245, y_peak:        0.445, r_peak:        0.010, sig:       10.245, ra_peak:      150.213, dec_peak:       17.405
Characteristic density local = 5077.0 deg^-2 = 1.410 arcmin^-2
Fitting aperture to hotspot...
Candidate: x_peak:       -0.085, y_peak:       -1.165, r_peak:        0.050, sig:        6.885, ra_peak:      150.382, dec_peak:       15.795
Characteristic density local = 4844.3 deg^-2 = 1.346 arcmin^-2
Fitting aperture to hotspot...
Candidate: x_peak:       -0.055, y_peak:        0.445, r_peak:        0.020, sig:        6.144, ra_peak:      150.412, dec_peak:       17.405
Characteristic density local = 4904.0 deg^-2 = 1.362 arcmin^-2
Fitting aperture to hotspot...
Candidate: x_peak:        0.805, y_peak:       -0.495, r_peak:        0.020, sig:        6.577, ra_peak:      151.309, dec_peak:       16.463
Characteristic density local = 4953.7 deg^-2 = 1.376 arcmin^-2
Fitting aperture to hotspot...
Candidate: x_peak:        1.205, y_peak:       -0.125, r_peak:        0.220, sig:       24.932, ra_peak:      151.729, dec_peak:       16.831
Characteristic density local = 4951.7 deg^-2 = 1.375 arcmin^-2
Fitting aperture to hotspot...
Candidate: x_peak:        1.215, y_peak:       -0.115, r_peak:        0.200, sig:       25.816, ra_peak:      151.739, dec_peak:       16.841
Characteristic density local = 4929.8 deg^-2 = 1.369 arcmin^-2
Fitting aperture to hotspot...
Candidate: x_peak:        1.225, y_peak:       -0.105, r_peak:        0.190, sig:       26.168, ra_peak:      151.750, dec_peak:       16.851
Distance = 63.1 kpc (m-M = 19.0)
693159 objects left after isochrone cut...
Characteristic density = 4700.0 deg^-2
Characteristic density local = 5196.4 deg^-2 = 1.443 arcmin^-2
Fitting aperture to hotspot...
Candidate: x_peak:       -0.465, y_peak:       -0.795, r_peak:        0.020, sig:        7.061, ra_peak:      149.986, dec_peak:       16.164
Characteristic density local = 4689.1 deg^-2 = 1.303 arcmin^-2
Fitting aperture to hotspot...
Candidate: x_peak:       -0.285, y_peak:        0.605, r_peak:        0.020, sig:       10.378, ra_peak:      150.171, dec_peak:       17.565
Characteristic density local = 4601.6 deg^-2 = 1.278 arcmin^-2
Fitting aperture to hotspot...
Candidate: x_peak:       -0.245, y_peak:        0.445, r_peak:        0.010, sig:       10.271, ra_peak:      150.213, dec_peak:       17.405
Characteristic density local = 5013.4 deg^-2 = 1.393 arcmin^-2
Fitting aperture to hotspot...
Candidate: x_peak:       -0.085, y_peak:       -1.165, r_peak:        0.050, sig:        6.978, ra_peak:      150.382, dec_peak:       15.795
Characteristic density local = 4804.5 deg^-2 = 1.335 arcmin^-2
Fitting aperture to hotspot...
Candidate: x_peak:       -0.055, y_peak:        0.445, r_peak:        0.020, sig:        6.172, ra_peak:      150.412, dec_peak:       17.405
Characteristic density local = 4862.2 deg^-2 = 1.351 arcmin^-2
Fitting aperture to hotspot...
Candidate: x_peak:        0.805, y_peak:       -0.495, r_peak:        0.020, sig:        6.371, ra_peak:      151.309, dec_peak:       16.463
Characteristic density local = 4915.9 deg^-2 = 1.366 arcmin^-2
Fitting aperture to hotspot...
Candidate: x_peak:        1.205, y_peak:       -0.125, r_peak:        0.220, sig:       24.972, ra_peak:      151.729, dec_peak:       16.831
Characteristic density local = 4909.9 deg^-2 = 1.364 arcmin^-2
Fitting aperture to hotspot...
Candidate: x_peak:        1.215, y_peak:       -0.115, r_peak:        0.200, sig:       25.847, ra_peak:      151.739, dec_peak:       16.841
Characteristic density local = 4890.0 deg^-2 = 1.358 arcmin^-2
Fitting aperture to hotspot...
Candidate: x_peak:        1.225, y_peak:       -0.105, r_peak:        0.190, sig:       26.201, ra_peak:      151.750, dec_peak:       16.851
Distance = 79.4 kpc (m-M = 19.5)
690929 objects left after isochrone cut...
Characteristic density = 4700.0 deg^-2
Characteristic density local = 5112.9 deg^-2 = 1.420 arcmin^-2
Fitting aperture to hotspot...
Candidate: x_peak:       -0.465, y_peak:       -0.795, r_peak:        0.020, sig:        7.119, ra_peak:      149.986, dec_peak:       16.164
Characteristic density local = 4625.4 deg^-2 = 1.285 arcmin^-2
Fitting aperture to hotspot...
Candidate: x_peak:       -0.285, y_peak:        0.605, r_peak:        0.020, sig:       10.431, ra_peak:      150.171, dec_peak:       17.565
Characteristic density local = 4529.9 deg^-2 = 1.258 arcmin^-2
Fitting aperture to hotspot...
Candidate: x_peak:       -0.245, y_peak:        0.445, r_peak:        0.010, sig:       10.309, ra_peak:      150.213, dec_peak:       17.405
Characteristic density local = 4923.9 deg^-2 = 1.368 arcmin^-2
Fitting aperture to hotspot...
Candidate: x_peak:       -0.085, y_peak:       -1.165, r_peak:        0.050, sig:        6.870, ra_peak:      150.382, dec_peak:       15.795
Characteristic density local = 4728.9 deg^-2 = 1.314 arcmin^-2
Fitting aperture to hotspot...
Candidate: x_peak:       -0.055, y_peak:        0.445, r_peak:        0.020, sig:        6.225, ra_peak:      150.412, dec_peak:       17.405
Characteristic density local = 4792.6 deg^-2 = 1.331 arcmin^-2
Fitting aperture to hotspot...
Candidate: x_peak:        0.805, y_peak:       -0.495, r_peak:        0.020, sig:        6.420, ra_peak:      151.309, dec_peak:       16.463
Characteristic density local = 4816.4 deg^-2 = 1.338 arcmin^-2
Fitting aperture to hotspot...
Candidate: x_peak:        1.205, y_peak:       -0.125, r_peak:        0.220, sig:       25.206, ra_peak:      151.729, dec_peak:       16.831
Characteristic density local = 4812.4 deg^-2 = 1.337 arcmin^-2
Fitting aperture to hotspot...
Candidate: x_peak:        1.215, y_peak:       -0.115, r_peak:        0.200, sig:       26.085, ra_peak:      151.739, dec_peak:       16.841
Characteristic density local = 4792.6 deg^-2 = 1.331 arcmin^-2
Fitting aperture to hotspot...
Candidate: x_peak:        1.225, y_peak:       -0.105, r_peak:        0.190, sig:       26.435, ra_peak:      151.750, dec_peak:       16.851
Distance = 100.0 kpc (m-M = 20.0)
688314 objects left after isochrone cut...
Characteristic density = 4600.0 deg^-2
Characteristic density local = 4991.5 deg^-2 = 1.387 arcmin^-2
Fitting aperture to hotspot...
Candidate: x_peak:       -0.465, y_peak:       -0.795, r_peak:        0.020, sig:        7.204, ra_peak:      149.986, dec_peak:       16.164
Characteristic density local = 4539.9 deg^-2 = 1.261 arcmin^-2
Fitting aperture to hotspot...
Candidate: x_peak:       -0.285, y_peak:        0.605, r_peak:        0.020, sig:       10.502, ra_peak:      150.171, dec_peak:       17.565
Characteristic density local = 4476.2 deg^-2 = 1.243 arcmin^-2
Fitting aperture to hotspot...
Candidate: x_peak:       -0.245, y_peak:        0.445, r_peak:        0.010, sig:       10.339, ra_peak:      150.213, dec_peak:       17.405
Characteristic density local = 4856.2 deg^-2 = 1.349 arcmin^-2
Fitting aperture to hotspot...
Candidate: x_peak:       -0.085, y_peak:       -1.165, r_peak:        0.050, sig:        6.849, ra_peak:      150.382, dec_peak:       15.795
Characteristic density local = 4661.3 deg^-2 = 1.295 arcmin^-2
Fitting aperture to hotspot...
Candidate: x_peak:       -0.055, y_peak:        0.445, r_peak:        0.020, sig:        6.273, ra_peak:      150.412, dec_peak:       17.405
Characteristic density local = 4724.9 deg^-2 = 1.312 arcmin^-2
Fitting aperture to hotspot...
Candidate: x_peak:        0.805, y_peak:       -0.495, r_peak:        0.020, sig:        6.468, ra_peak:      151.309, dec_peak:       16.463
Characteristic density local = 4748.8 deg^-2 = 1.319 arcmin^-2
Fitting aperture to hotspot...
Candidate: x_peak:        1.205, y_peak:       -0.125, r_peak:        0.220, sig:       25.325, ra_peak:      151.729, dec_peak:       16.831
Characteristic density local = 4742.8 deg^-2 = 1.317 arcmin^-2
Fitting aperture to hotspot...
Candidate: x_peak:        1.215, y_peak:       -0.115, r_peak:        0.200, sig:       26.161, ra_peak:      151.739, dec_peak:       16.841
Characteristic density local = 4720.9 deg^-2 = 1.311 arcmin^-2
Fitting aperture to hotspot...
Candidate: x_peak:        1.225, y_peak:       -0.105, r_peak:        0.190, sig:       26.589, ra_peak:      151.750, dec_peak:       16.851
Distance = 125.9 kpc (m-M = 20.5)
685174 objects left after isochrone cut...
Characteristic density = 4500.0 deg^-2
Characteristic density local = 4884.1 deg^-2 = 1.357 arcmin^-2
Fitting aperture to hotspot...
Candidate: x_peak:       -0.465, y_peak:       -0.795, r_peak:        0.020, sig:        7.281, ra_peak:      149.986, dec_peak:       16.164
Characteristic density local = 4458.3 deg^-2 = 1.238 arcmin^-2
Fitting aperture to hotspot...
Candidate: x_peak:       -0.285, y_peak:        0.605, r_peak:        0.020, sig:       10.571, ra_peak:      150.171, dec_peak:       17.565
Characteristic density local = 4380.7 deg^-2 = 1.217 arcmin^-2
Fitting aperture to hotspot...
Candidate: x_peak:       -0.245, y_peak:        0.445, r_peak:        0.010, sig:       10.392, ra_peak:      150.213, dec_peak:       17.405
Characteristic density local = 4754.8 deg^-2 = 1.321 arcmin^-2
Fitting aperture to hotspot...
Candidate: x_peak:       -0.085, y_peak:       -1.165, r_peak:        0.050, sig:        6.879, ra_peak:      150.382, dec_peak:       15.795
Characteristic density local = 4575.7 deg^-2 = 1.271 arcmin^-2
Fitting aperture to hotspot...
Candidate: x_peak:       -0.055, y_peak:        0.445, r_peak:        0.020, sig:        6.335, ra_peak:      150.412, dec_peak:       17.405
Characteristic density local = 4635.4 deg^-2 = 1.288 arcmin^-2
Fitting aperture to hotspot...
Candidate: x_peak:        0.805, y_peak:       -0.495, r_peak:        0.020, sig:        6.532, ra_peak:      151.309, dec_peak:       16.463
Characteristic density local = 4635.4 deg^-2 = 1.288 arcmin^-2
Fitting aperture to hotspot...
Candidate: x_peak:        1.205, y_peak:       -0.125, r_peak:        0.200, sig:       25.498, ra_peak:      151.729, dec_peak:       16.831
Characteristic density local = 4625.4 deg^-2 = 1.285 arcmin^-2
Fitting aperture to hotspot...
Candidate: x_peak:        1.215, y_peak:       -0.115, r_peak:        0.200, sig:       26.405, ra_peak:      151.739, dec_peak:       16.841
Characteristic density local = 4597.6 deg^-2 = 1.277 arcmin^-2
Fitting aperture to hotspot...
Candidate: x_peak:        1.225, y_peak:       -0.105, r_peak:        0.190, sig:       26.952, ra_peak:      151.750, dec_peak:       16.851
Distance = 158.5 kpc (m-M = 21.0)
681470 objects left after isochrone cut...
Characteristic density = 4300.0 deg^-2
Characteristic density local = 4788.6 deg^-2 = 1.330 arcmin^-2
Fitting aperture to hotspot...
Candidate: x_peak:       -0.465, y_peak:       -0.795, r_peak:        0.020, sig:        7.350, ra_peak:      149.986, dec_peak:       16.164
Characteristic density local = 4335.0 deg^-2 = 1.204 arcmin^-2
Fitting aperture to hotspot...
Candidate: x_peak:       -0.285, y_peak:        0.605, r_peak:        0.020, sig:       10.477, ra_peak:      150.171, dec_peak:       17.565
Characteristic density local = 4253.4 deg^-2 = 1.182 arcmin^-2
Fitting aperture to hotspot...
Candidate: x_peak:       -0.245, y_peak:        0.445, r_peak:        0.010, sig:       10.464, ra_peak:      150.213, dec_peak:       17.405
Characteristic density local = 4625.4 deg^-2 = 1.285 arcmin^-2
Fitting aperture to hotspot...
Candidate: x_peak:       -0.085, y_peak:       -1.165, r_peak:        0.050, sig:        7.076, ra_peak:      150.382, dec_peak:       15.795
Characteristic density local = 4450.4 deg^-2 = 1.236 arcmin^-2
Fitting aperture to hotspot...
Candidate: x_peak:       -0.055, y_peak:        0.445, r_peak:        0.020, sig:        6.426, ra_peak:      150.412, dec_peak:       17.405
Characteristic density local = 4520.0 deg^-2 = 1.256 arcmin^-2
Fitting aperture to hotspot...
Candidate: x_peak:        0.805, y_peak:       -0.495, r_peak:        0.020, sig:        6.130, ra_peak:      151.309, dec_peak:       16.463
Characteristic density local = 4508.1 deg^-2 = 1.252 arcmin^-2
Fitting aperture to hotspot...
Candidate: x_peak:        1.205, y_peak:       -0.125, r_peak:        0.220, sig:       25.686, ra_peak:      151.729, dec_peak:       16.831
Characteristic density local = 4496.1 deg^-2 = 1.249 arcmin^-2
Fitting aperture to hotspot...
Candidate: x_peak:        1.215, y_peak:       -0.115, r_peak:        0.200, sig:       26.604, ra_peak:      151.739, dec_peak:       16.841
Characteristic density local = 4474.2 deg^-2 = 1.243 arcmin^-2
Fitting aperture to hotspot...
Candidate: x_peak:        1.225, y_peak:       -0.105, r_peak:        0.190, sig:       27.096, ra_peak:      151.750, dec_peak:       16.851
Distance = 199.5 kpc (m-M = 21.5)
677258 objects left after isochrone cut...
Characteristic density = 4200.0 deg^-2
Characteristic density local = 4635.4 deg^-2 = 1.288 arcmin^-2
Fitting aperture to hotspot...
Candidate: x_peak:       -0.465, y_peak:       -0.795, r_peak:        0.020, sig:        7.464, ra_peak:      149.986, dec_peak:       16.164
Characteristic density local = 4203.7 deg^-2 = 1.168 arcmin^-2
Fitting aperture to hotspot...
Candidate: x_peak:       -0.285, y_peak:        0.605, r_peak:        0.020, sig:       10.592, ra_peak:      150.171, dec_peak:       17.565
Characteristic density local = 4102.2 deg^-2 = 1.140 arcmin^-2
Fitting aperture to hotspot...
Candidate: x_peak:       -0.245, y_peak:        0.445, r_peak:        0.010, sig:       10.551, ra_peak:      150.213, dec_peak:       17.405
Characteristic density local = 4482.2 deg^-2 = 1.245 arcmin^-2
Fitting aperture to hotspot...
Candidate: x_peak:       -0.085, y_peak:       -1.165, r_peak:        0.050, sig:        7.176, ra_peak:      150.382, dec_peak:       15.795
Characteristic density local = 4368.8 deg^-2 = 1.214 arcmin^-2
Fitting aperture to hotspot...
Candidate: x_peak:        1.205, y_peak:       -0.125, r_peak:        0.220, sig:       26.006, ra_peak:      151.729, dec_peak:       16.831
Characteristic density local = 4364.8 deg^-2 = 1.212 arcmin^-2
Fitting aperture to hotspot...
Candidate: x_peak:        1.215, y_peak:       -0.115, r_peak:        0.200, sig:       26.823, ra_peak:      151.739, dec_peak:       16.841
Characteristic density local = 4339.0 deg^-2 = 1.205 arcmin^-2
Fitting aperture to hotspot...
Candidate: x_peak:        1.225, y_peak:       -0.105, r_peak:        0.190, sig:       27.286, ra_peak:      151.750, dec_peak:       16.851
Distance = 251.2 kpc (m-M = 22.0)
672040 objects left after isochrone cut...
Characteristic density = 4000.0 deg^-2
Characteristic density local = 4466.3 deg^-2 = 1.241 arcmin^-2
Fitting aperture to hotspot...
Candidate: x_peak:       -0.465, y_peak:       -0.795, r_peak:        0.020, sig:        7.592, ra_peak:      149.986, dec_peak:       16.164
Characteristic density local = 4048.5 deg^-2 = 1.125 arcmin^-2
Fitting aperture to hotspot...
Candidate: x_peak:       -0.285, y_peak:        0.605, r_peak:        0.020, sig:       10.732, ra_peak:      150.171, dec_peak:       17.565
Characteristic density local = 3933.1 deg^-2 = 1.093 arcmin^-2
Fitting aperture to hotspot...
Candidate: x_peak:       -0.245, y_peak:        0.445, r_peak:        0.010, sig:       10.362, ra_peak:      150.213, dec_peak:       17.405
Characteristic density local = 4317.1 deg^-2 = 1.199 arcmin^-2
Fitting aperture to hotspot...
Candidate: x_peak:       -0.085, y_peak:       -1.165, r_peak:        0.050, sig:        7.314, ra_peak:      150.382, dec_peak:       15.795
Characteristic density local = 4183.8 deg^-2 = 1.162 arcmin^-2
Fitting aperture to hotspot...
Candidate: x_peak:        1.205, y_peak:       -0.125, r_peak:        0.220, sig:       26.417, ra_peak:      151.729, dec_peak:       16.831
Characteristic density local = 4175.8 deg^-2 = 1.160 arcmin^-2
Fitting aperture to hotspot...
Candidate: x_peak:        1.215, y_peak:       -0.115, r_peak:        0.200, sig:       27.297, ra_peak:      151.739, dec_peak:       16.841
Characteristic density local = 4144.0 deg^-2 = 1.151 arcmin^-2
Fitting aperture to hotspot...
Candidate: x_peak:        1.225, y_peak:       -0.105, r_peak:        0.190, sig:       27.824, ra_peak:      151.750, dec_peak:       16.851
Distance = 316.2 kpc (m-M = 22.5)
665797 objects left after isochrone cut...
Characteristic density = 3800.0 deg^-2
Characteristic density local = 4259.4 deg^-2 = 1.183 arcmin^-2
Fitting aperture to hotspot...
Candidate: x_peak:       -0.465, y_peak:       -0.795, r_peak:        0.020, sig:        7.290, ra_peak:      149.986, dec_peak:       16.164
Characteristic density local = 3831.7 deg^-2 = 1.064 arcmin^-2
Fitting aperture to hotspot...
Candidate: x_peak:       -0.285, y_peak:        0.605, r_peak:        0.020, sig:       10.934, ra_peak:      150.171, dec_peak:       17.565
Characteristic density local = 3704.3 deg^-2 = 1.029 arcmin^-2
Fitting aperture to hotspot...
Candidate: x_peak:       -0.245, y_peak:        0.445, r_peak:        0.010, sig:       10.503, ra_peak:      150.213, dec_peak:       17.405
Characteristic density local = 4098.2 deg^-2 = 1.138 arcmin^-2
Fitting aperture to hotspot...
Candidate: x_peak:       -0.085, y_peak:       -1.165, r_peak:        0.050, sig:        7.291, ra_peak:      150.382, dec_peak:       15.795
Characteristic density local = 3903.3 deg^-2 = 1.084 arcmin^-2
Fitting aperture to hotspot...
Candidate: x_peak:       -0.055, y_peak:        0.445, r_peak:        0.020, sig:        6.602, ra_peak:      150.412, dec_peak:       17.405
Characteristic density local = 3990.8 deg^-2 = 1.109 arcmin^-2
Fitting aperture to hotspot...
Candidate: x_peak:        1.205, y_peak:       -0.125, r_peak:        0.220, sig:       26.694, ra_peak:      151.729, dec_peak:       16.831
Characteristic density local = 3984.8 deg^-2 = 1.107 arcmin^-2
Fitting aperture to hotspot...
Candidate: x_peak:        1.215, y_peak:       -0.115, r_peak:        0.200, sig:       27.613, ra_peak:      151.739, dec_peak:       16.841
Characteristic density local = 3953.0 deg^-2 = 1.098 arcmin^-2
Fitting aperture to hotspot...
Candidate: x_peak:        1.225, y_peak:       -0.105, r_peak:        0.200, sig:       28.120, ra_peak:      151.750, dec_peak:       16.851
Distance = 398.1 kpc (m-M = 23.0)
658126 objects left after isochrone cut...
Characteristic density = 3600.0 deg^-2
Characteristic density local = 4034.6 deg^-2 = 1.121 arcmin^-2
Fitting aperture to hotspot...
Candidate: x_peak:       -0.465, y_peak:       -0.795, r_peak:        0.020, sig:        7.470, ra_peak:      149.986, dec_peak:       16.164
Characteristic density local = 3596.9 deg^-2 = 0.999 arcmin^-2
Fitting aperture to hotspot...
Candidate: x_peak:       -0.285, y_peak:        0.615, r_peak:        0.020, sig:        9.679, ra_peak:      150.171, dec_peak:       17.575
Characteristic density local = 3467.6 deg^-2 = 0.963 arcmin^-2
Fitting aperture to hotspot...
Candidate: x_peak:       -0.245, y_peak:        0.445, r_peak:        0.010, sig:       10.657, ra_peak:      150.213, dec_peak:       17.405
Characteristic density local = 3829.7 deg^-2 = 1.064 arcmin^-2
Fitting aperture to hotspot...
Candidate: x_peak:       -0.085, y_peak:       -1.165, r_peak:        0.050, sig:        6.963, ra_peak:      150.382, dec_peak:       15.795
Characteristic density local = 3654.6 deg^-2 = 1.015 arcmin^-2
Fitting aperture to hotspot...
Candidate: x_peak:       -0.055, y_peak:        0.445, r_peak:        0.020, sig:        6.553, ra_peak:      150.412, dec_peak:       17.405
Characteristic density local = 3758.0 deg^-2 = 1.044 arcmin^-2
Fitting aperture to hotspot...
Candidate: x_peak:        1.205, y_peak:       -0.125, r_peak:        0.220, sig:       27.009, ra_peak:      151.729, dec_peak:       16.831
Characteristic density local = 3750.1 deg^-2 = 1.042 arcmin^-2
Fitting aperture to hotspot...
Candidate: x_peak:        1.215, y_peak:       -0.115, r_peak:        0.200, sig:       27.954, ra_peak:      151.739, dec_peak:       16.841
Characteristic density local = 3728.2 deg^-2 = 1.036 arcmin^-2
Fitting aperture to hotspot...
Candidate: x_peak:        1.225, y_peak:       -0.105, r_peak:        0.200, sig:       28.340, ra_peak:      151.750, dec_peak:       16.851
28.34 sigma; (RA, Dec, d) = (151.75, 16.85); r = 0.20 deg; d = 398.1, mu = 23.00 mag), mc_source_id: 0.00
10.93 sigma; (RA, Dec, d) = (150.17, 17.56); r = 0.02 deg; d = 316.2, mu = 22.50 mag), mc_source_id: 0.00
10.66 sigma; (RA, Dec, d) = (150.21, 17.40); r = 0.01 deg; d = 398.1, mu = 23.00 mag), mc_source_id: 0.00
7.59 sigma; (RA, Dec, d) = (149.99, 16.16); r = 0.02 deg; d = 251.2, mu = 22.00 mag), mc_source_id: 0.00
7.31 sigma; (RA, Dec, d) = (150.38, 15.79); r = 0.05 deg; d = 251.2, mu = 22.00 mag), mc_source_id: 0.00
6.60 sigma; (RA, Dec, d) = (150.41, 17.40); r = 0.02 deg; d = 316.2, mu = 22.50 mag), mc_source_id: 0.00
6.58 sigma; (RA, Dec, d) = (151.31, 16.46); r = 0.02 deg; d = 50.1, mu = 18.50 mag), mc_source_id: 0.00

------------------------------------------------------------
Job <679723.0> was submitted from <des51.fnal.gov> by user <tavangar>.
Job was executed on host <des40.fnal.gov> as user <tavangar>.
</var/lib/condor/execute/dir_1792152> was used as the initial working directory.
Results reported at Wed Jun  5 05:48:51 CDT 2019

Your job looked like:

------------------------------------------------------------
python /home/s1/tavangar/tavangar_simple/search_algorithm.py 150.47 16.96 0.00 /home/s1/tavangar/tavangar_simple/decals_dr7_results/results_nside_32_4341.csv /home/s1/tavangar/tavangar_simple/decals_dr7_results/decals_dr7_log/results_nside_32_4341.log
------------------------------------------------------------

Successfully completed.

Resource usage summary:

	Real time :			431.12 sec.
	CPU time :			140.13 sec.
	CPU percentage :		88%
	Max Memory :			6110000 KB
	Average Memory :		0 KB

The output (if any) is above this job summary.
