/home/s1/tavangar/tavangar_simple/simple_utils.py:170: FutureWarning: elementwise comparison failed; returning scalar instead, but in the future will perform elementwise comparison
  if np.all(isochrone.stage == 'Main'):
Search coordinates: (RA, Dec) = (156.09, 14.48)
Center healpixel: 4599
Healpixels: [4599 4727 4598 4471 4343 4472 4600 4728 4855]
MC_SOURCE_ID = 0.0
mode = 0: running only on real data
Found 1 objects...
Applying cuts...
711109 star-like objects in ROI...
1046280 galaxy-like objects in ROI...
No fracdet map specified ...
Distance = 15.8 kpc (m-M = 16.0)
711091 objects left after isochrone cut...
Characteristic density = 4600.0 deg^-2
Characteristic density local = 4287.2 deg^-2 = 1.191 arcmin^-2
Fitting aperture to hotspot...
Candidate: x_peak:       -1.115, y_peak:        0.205, r_peak:        0.020, sig:        7.268, ra_peak:      154.937, dec_peak:       14.682
Characteristic density local = 4528.0 deg^-2 = 1.258 arcmin^-2
Fitting aperture to hotspot...
Candidate: x_peak:       -0.605, y_peak:        0.495, r_peak:        0.030, sig:       21.394, ra_peak:      155.464, dec_peak:       14.974
Characteristic density local = 4898.0 deg^-2 = 1.361 arcmin^-2
Fitting aperture to hotspot...
Candidate: x_peak:       -0.385, y_peak:        0.865, r_peak:        0.020, sig:       11.733, ra_peak:      155.691, dec_peak:       15.345
Characteristic density local = 4476.2 deg^-2 = 1.243 arcmin^-2
Fitting aperture to hotspot...
Candidate: x_peak:       -0.225, y_peak:       -0.575, r_peak:        0.020, sig:        9.332, ra_peak:      155.858, dec_peak:       13.905
Characteristic density local = 4673.2 deg^-2 = 1.298 arcmin^-2
Fitting aperture to hotspot...
Candidate: x_peak:        0.435, y_peak:        0.415, r_peak:        0.010, sig:        8.755, ra_peak:      156.540, dec_peak:       14.895
Characteristic density local = 4979.6 deg^-2 = 1.383 arcmin^-2
Fitting aperture to hotspot...
Candidate: x_peak:        0.905, y_peak:       -0.385, r_peak:        0.020, sig:        6.290, ra_peak:      157.023, dec_peak:       14.093
Characteristic density local = 4961.7 deg^-2 = 1.378 arcmin^-2
Fitting aperture to hotspot...
Candidate: x_peak:        0.985, y_peak:        0.275, r_peak:        0.020, sig:       13.465, ra_peak:      157.109, dec_peak:       14.753
Characteristic density local = 4913.9 deg^-2 = 1.365 arcmin^-2
Fitting aperture to hotspot...
Candidate: x_peak:        1.075, y_peak:       -0.135, r_peak:        0.020, sig:       15.672, ra_peak:      157.200, dec_peak:       14.342
Distance = 20.0 kpc (m-M = 16.5)
711099 objects left after isochrone cut...
Characteristic density = 4600.0 deg^-2
Characteristic density local = 4287.2 deg^-2 = 1.191 arcmin^-2
Fitting aperture to hotspot...
Candidate: x_peak:       -1.115, y_peak:        0.205, r_peak:        0.020, sig:        7.268, ra_peak:      154.937, dec_peak:       14.682
Characteristic density local = 4528.0 deg^-2 = 1.258 arcmin^-2
Fitting aperture to hotspot...
Candidate: x_peak:       -0.605, y_peak:        0.495, r_peak:        0.030, sig:       21.394, ra_peak:      155.464, dec_peak:       14.974
Characteristic density local = 4898.0 deg^-2 = 1.361 arcmin^-2
Fitting aperture to hotspot...
Candidate: x_peak:       -0.385, y_peak:        0.865, r_peak:        0.020, sig:       11.733, ra_peak:      155.691, dec_peak:       15.345
Characteristic density local = 4476.2 deg^-2 = 1.243 arcmin^-2
Fitting aperture to hotspot...
Candidate: x_peak:       -0.225, y_peak:       -0.575, r_peak:        0.020, sig:        9.332, ra_peak:      155.858, dec_peak:       13.905
Characteristic density local = 4673.2 deg^-2 = 1.298 arcmin^-2
Fitting aperture to hotspot...
Candidate: x_peak:        0.435, y_peak:        0.415, r_peak:        0.010, sig:        8.755, ra_peak:      156.540, dec_peak:       14.895
Characteristic density local = 4979.6 deg^-2 = 1.383 arcmin^-2
Fitting aperture to hotspot...
Candidate: x_peak:        0.905, y_peak:       -0.385, r_peak:        0.020, sig:        6.290, ra_peak:      157.023, dec_peak:       14.093
Characteristic density local = 4961.7 deg^-2 = 1.378 arcmin^-2
Fitting aperture to hotspot...
Candidate: x_peak:        0.985, y_peak:        0.275, r_peak:        0.020, sig:       13.465, ra_peak:      157.109, dec_peak:       14.753
Characteristic density local = 4913.9 deg^-2 = 1.365 arcmin^-2
Fitting aperture to hotspot...
Candidate: x_peak:        1.075, y_peak:       -0.135, r_peak:        0.020, sig:       15.672, ra_peak:      157.200, dec_peak:       14.342
Distance = 25.1 kpc (m-M = 17.0)
711104 objects left after isochrone cut...
Characteristic density = 4600.0 deg^-2
Characteristic density local = 4287.2 deg^-2 = 1.191 arcmin^-2
Fitting aperture to hotspot...
Candidate: x_peak:       -1.115, y_peak:        0.205, r_peak:        0.020, sig:        7.268, ra_peak:      154.937, dec_peak:       14.682
Characteristic density local = 4528.0 deg^-2 = 1.258 arcmin^-2
Fitting aperture to hotspot...
Candidate: x_peak:       -0.605, y_peak:        0.495, r_peak:        0.030, sig:       21.394, ra_peak:      155.464, dec_peak:       14.974
Characteristic density local = 4898.0 deg^-2 = 1.361 arcmin^-2
Fitting aperture to hotspot...
Candidate: x_peak:       -0.385, y_peak:        0.865, r_peak:        0.020, sig:       11.733, ra_peak:      155.691, dec_peak:       15.345
Characteristic density local = 4476.2 deg^-2 = 1.243 arcmin^-2
Fitting aperture to hotspot...
Candidate: x_peak:       -0.225, y_peak:       -0.575, r_peak:        0.020, sig:        9.332, ra_peak:      155.858, dec_peak:       13.905
Characteristic density local = 4673.2 deg^-2 = 1.298 arcmin^-2
Fitting aperture to hotspot...
Candidate: x_peak:        0.435, y_peak:        0.415, r_peak:        0.010, sig:        8.755, ra_peak:      156.540, dec_peak:       14.895
Characteristic density local = 4979.6 deg^-2 = 1.383 arcmin^-2
Fitting aperture to hotspot...
Candidate: x_peak:        0.905, y_peak:       -0.385, r_peak:        0.020, sig:        6.290, ra_peak:      157.023, dec_peak:       14.093
Characteristic density local = 4961.7 deg^-2 = 1.378 arcmin^-2
Fitting aperture to hotspot...
Candidate: x_peak:        0.985, y_peak:        0.275, r_peak:        0.020, sig:       13.465, ra_peak:      157.109, dec_peak:       14.753
Characteristic density local = 4913.9 deg^-2 = 1.365 arcmin^-2
Fitting aperture to hotspot...
Candidate: x_peak:        1.075, y_peak:       -0.135, r_peak:        0.020, sig:       15.672, ra_peak:      157.200, dec_peak:       14.342
Distance = 31.6 kpc (m-M = 17.5)
711107 objects left after isochrone cut...
Characteristic density = 4600.0 deg^-2
Characteristic density local = 4287.2 deg^-2 = 1.191 arcmin^-2
Fitting aperture to hotspot...
Candidate: x_peak:       -1.115, y_peak:        0.205, r_peak:        0.020, sig:        7.268, ra_peak:      154.937, dec_peak:       14.682
Characteristic density local = 4528.0 deg^-2 = 1.258 arcmin^-2
Fitting aperture to hotspot...
Candidate: x_peak:       -0.605, y_peak:        0.495, r_peak:        0.030, sig:       21.394, ra_peak:      155.464, dec_peak:       14.974
Characteristic density local = 4898.0 deg^-2 = 1.361 arcmin^-2
Fitting aperture to hotspot...
Candidate: x_peak:       -0.385, y_peak:        0.865, r_peak:        0.020, sig:       11.733, ra_peak:      155.691, dec_peak:       15.345
Characteristic density local = 4476.2 deg^-2 = 1.243 arcmin^-2
Fitting aperture to hotspot...
Candidate: x_peak:       -0.225, y_peak:       -0.575, r_peak:        0.020, sig:        9.332, ra_peak:      155.858, dec_peak:       13.905
Characteristic density local = 4673.2 deg^-2 = 1.298 arcmin^-2
Fitting aperture to hotspot...
Candidate: x_peak:        0.435, y_peak:        0.415, r_peak:        0.010, sig:        8.755, ra_peak:      156.540, dec_peak:       14.895
Characteristic density local = 4979.6 deg^-2 = 1.383 arcmin^-2
Fitting aperture to hotspot...
Candidate: x_peak:        0.905, y_peak:       -0.385, r_peak:        0.020, sig:        6.290, ra_peak:      157.023, dec_peak:       14.093
Characteristic density local = 4961.7 deg^-2 = 1.378 arcmin^-2
Fitting aperture to hotspot...
Candidate: x_peak:        0.985, y_peak:        0.275, r_peak:        0.020, sig:       13.465, ra_peak:      157.109, dec_peak:       14.753
Characteristic density local = 4913.9 deg^-2 = 1.365 arcmin^-2
Fitting aperture to hotspot...
Candidate: x_peak:        1.075, y_peak:       -0.135, r_peak:        0.020, sig:       15.672, ra_peak:      157.200, dec_peak:       14.342
Distance = 39.8 kpc (m-M = 18.0)
711095 objects left after isochrone cut...
Characteristic density = 4600.0 deg^-2
Characteristic density local = 4287.2 deg^-2 = 1.191 arcmin^-2
Fitting aperture to hotspot...
Candidate: x_peak:       -1.115, y_peak:        0.205, r_peak:        0.020, sig:        7.268, ra_peak:      154.937, dec_peak:       14.682
Characteristic density local = 4528.0 deg^-2 = 1.258 arcmin^-2
Fitting aperture to hotspot...
Candidate: x_peak:       -0.605, y_peak:        0.495, r_peak:        0.030, sig:       21.394, ra_peak:      155.464, dec_peak:       14.974
Characteristic density local = 4898.0 deg^-2 = 1.361 arcmin^-2
Fitting aperture to hotspot...
Candidate: x_peak:       -0.385, y_peak:        0.865, r_peak:        0.020, sig:       11.733, ra_peak:      155.691, dec_peak:       15.345
Characteristic density local = 4476.2 deg^-2 = 1.243 arcmin^-2
Fitting aperture to hotspot...
Candidate: x_peak:       -0.225, y_peak:       -0.575, r_peak:        0.020, sig:        9.332, ra_peak:      155.858, dec_peak:       13.905
Characteristic density local = 4673.2 deg^-2 = 1.298 arcmin^-2
Fitting aperture to hotspot...
Candidate: x_peak:        0.435, y_peak:        0.415, r_peak:        0.010, sig:        8.755, ra_peak:      156.540, dec_peak:       14.895
Characteristic density local = 4975.6 deg^-2 = 1.382 arcmin^-2
Fitting aperture to hotspot...
Candidate: x_peak:        0.905, y_peak:       -0.385, r_peak:        0.020, sig:        6.292, ra_peak:      157.023, dec_peak:       14.093
Characteristic density local = 4959.7 deg^-2 = 1.378 arcmin^-2
Fitting aperture to hotspot...
Candidate: x_peak:        0.985, y_peak:        0.275, r_peak:        0.020, sig:       13.466, ra_peak:      157.109, dec_peak:       14.753
Characteristic density local = 4913.9 deg^-2 = 1.365 arcmin^-2
Fitting aperture to hotspot...
Candidate: x_peak:        1.075, y_peak:       -0.135, r_peak:        0.020, sig:       15.672, ra_peak:      157.200, dec_peak:       14.342
Distance = 50.1 kpc (m-M = 18.5)
710525 objects left after isochrone cut...
Characteristic density = 4600.0 deg^-2
Characteristic density local = 4277.3 deg^-2 = 1.188 arcmin^-2
Fitting aperture to hotspot...
Candidate: x_peak:       -1.115, y_peak:        0.205, r_peak:        0.020, sig:        7.276, ra_peak:      154.937, dec_peak:       14.682
Characteristic density local = 4512.0 deg^-2 = 1.253 arcmin^-2
Fitting aperture to hotspot...
Candidate: x_peak:       -0.605, y_peak:        0.495, r_peak:        0.030, sig:       21.416, ra_peak:      155.464, dec_peak:       14.974
Characteristic density local = 4870.1 deg^-2 = 1.353 arcmin^-2
Fitting aperture to hotspot...
Candidate: x_peak:       -0.385, y_peak:        0.865, r_peak:        0.020, sig:       11.756, ra_peak:      155.691, dec_peak:       15.345
Characteristic density local = 4460.3 deg^-2 = 1.239 arcmin^-2
Fitting aperture to hotspot...
Candidate: x_peak:       -0.225, y_peak:       -0.575, r_peak:        0.020, sig:        9.345, ra_peak:      155.858, dec_peak:       13.905
Characteristic density local = 4766.7 deg^-2 = 1.324 arcmin^-2
Fitting aperture to hotspot...
Candidate: x_peak:        0.095, y_peak:       -0.895, r_peak:        0.020, sig:        4.682, ra_peak:      156.188, dec_peak:       13.585
Characteristic density local = 4651.3 deg^-2 = 1.292 arcmin^-2
Fitting aperture to hotspot...
Candidate: x_peak:        0.435, y_peak:        0.415, r_peak:        0.020, sig:        8.770, ra_peak:      156.540, dec_peak:       14.895
Characteristic density local = 4955.7 deg^-2 = 1.377 arcmin^-2
Fitting aperture to hotspot...
Candidate: x_peak:        0.905, y_peak:       -0.385, r_peak:        0.020, sig:        6.306, ra_peak:      157.023, dec_peak:       14.093
Characteristic density local = 4929.8 deg^-2 = 1.369 arcmin^-2
Fitting aperture to hotspot...
Candidate: x_peak:        0.985, y_peak:        0.275, r_peak:        0.020, sig:       13.319, ra_peak:      157.109, dec_peak:       14.753
Characteristic density local = 4892.0 deg^-2 = 1.359 arcmin^-2
Fitting aperture to hotspot...
Candidate: x_peak:        1.075, y_peak:       -0.135, r_peak:        0.020, sig:       15.692, ra_peak:      157.200, dec_peak:       14.342
Distance = 63.1 kpc (m-M = 19.0)
708837 objects left after isochrone cut...
Characteristic density = 4500.0 deg^-2
Characteristic density local = 4245.5 deg^-2 = 1.179 arcmin^-2
Fitting aperture to hotspot...
Candidate: x_peak:       -1.125, y_peak:        0.205, r_peak:        0.020, sig:        7.766, ra_peak:      154.927, dec_peak:       14.682
Characteristic density local = 4462.3 deg^-2 = 1.240 arcmin^-2
Fitting aperture to hotspot...
Candidate: x_peak:       -0.605, y_peak:        0.495, r_peak:        0.030, sig:       21.486, ra_peak:      155.464, dec_peak:       14.974
Characteristic density local = 4800.5 deg^-2 = 1.333 arcmin^-2
Fitting aperture to hotspot...
Candidate: x_peak:       -0.385, y_peak:        0.865, r_peak:        0.020, sig:       11.815, ra_peak:      155.691, dec_peak:       15.345
Characteristic density local = 4414.6 deg^-2 = 1.226 arcmin^-2
Fitting aperture to hotspot...
Candidate: x_peak:       -0.225, y_peak:       -0.575, r_peak:        0.020, sig:        9.383, ra_peak:      155.858, dec_peak:       13.905
Characteristic density local = 4720.9 deg^-2 = 1.311 arcmin^-2
Fitting aperture to hotspot...
Candidate: x_peak:        0.095, y_peak:       -0.895, r_peak:        0.020, sig:        4.713, ra_peak:      156.188, dec_peak:       13.585
Characteristic density local = 4595.6 deg^-2 = 1.277 arcmin^-2
Fitting aperture to hotspot...
Candidate: x_peak:        0.435, y_peak:        0.415, r_peak:        0.020, sig:        8.814, ra_peak:      156.540, dec_peak:       14.895
Characteristic density local = 4894.0 deg^-2 = 1.359 arcmin^-2
Fitting aperture to hotspot...
Candidate: x_peak:        0.905, y_peak:       -0.385, r_peak:        0.020, sig:        6.349, ra_peak:      157.023, dec_peak:       14.093
Characteristic density local = 4876.1 deg^-2 = 1.354 arcmin^-2
Fitting aperture to hotspot...
Candidate: x_peak:        0.985, y_peak:        0.275, r_peak:        0.020, sig:       13.365, ra_peak:      157.109, dec_peak:       14.753
Characteristic density local = 4836.3 deg^-2 = 1.343 arcmin^-2
Fitting aperture to hotspot...
Candidate: x_peak:        1.075, y_peak:       -0.135, r_peak:        0.020, sig:       15.743, ra_peak:      157.200, dec_peak:       14.342
Distance = 79.4 kpc (m-M = 19.5)
706764 objects left after isochrone cut...
Characteristic density = 4500.0 deg^-2
Characteristic density local = 4189.8 deg^-2 = 1.164 arcmin^-2
Fitting aperture to hotspot...
Candidate: x_peak:       -1.125, y_peak:        0.205, r_peak:        0.020, sig:        7.811, ra_peak:      154.927, dec_peak:       14.682
Characteristic density local = 4392.7 deg^-2 = 1.220 arcmin^-2
Fitting aperture to hotspot...
Candidate: x_peak:       -0.605, y_peak:        0.495, r_peak:        0.030, sig:       21.586, ra_peak:      155.464, dec_peak:       14.974
Characteristic density local = 4718.9 deg^-2 = 1.311 arcmin^-2
Fitting aperture to hotspot...
Candidate: x_peak:       -0.395, y_peak:        0.865, r_peak:        0.020, sig:       13.328, ra_peak:      155.680, dec_peak:       15.345
Characteristic density local = 4319.1 deg^-2 = 1.200 arcmin^-2
Fitting aperture to hotspot...
Candidate: x_peak:       -0.225, y_peak:       -0.575, r_peak:        0.020, sig:        9.463, ra_peak:      155.858, dec_peak:       13.905
Characteristic density local = 4649.3 deg^-2 = 1.291 arcmin^-2
Fitting aperture to hotspot...
Candidate: x_peak:        0.095, y_peak:       -0.895, r_peak:        0.020, sig:        4.761, ra_peak:      156.188, dec_peak:       13.585
Characteristic density local = 4510.1 deg^-2 = 1.253 arcmin^-2
Fitting aperture to hotspot...
Candidate: x_peak:        0.435, y_peak:        0.415, r_peak:        0.020, sig:        8.882, ra_peak:      156.540, dec_peak:       14.895
Characteristic density local = 4832.3 deg^-2 = 1.342 arcmin^-2
Fitting aperture to hotspot...
Candidate: x_peak:        0.905, y_peak:       -0.385, r_peak:        0.020, sig:        6.392, ra_peak:      157.023, dec_peak:       14.093
Characteristic density local = 4808.5 deg^-2 = 1.336 arcmin^-2
Fitting aperture to hotspot...
Candidate: x_peak:        0.985, y_peak:        0.275, r_peak:        0.020, sig:       13.424, ra_peak:      157.109, dec_peak:       14.753
Characteristic density local = 4754.8 deg^-2 = 1.321 arcmin^-2
Fitting aperture to hotspot...
Candidate: x_peak:        1.075, y_peak:       -0.135, r_peak:        0.020, sig:       15.820, ra_peak:      157.200, dec_peak:       14.342
Distance = 100.0 kpc (m-M = 20.0)
704171 objects left after isochrone cut...
Characteristic density = 4400.0 deg^-2
Characteristic density local = 4104.2 deg^-2 = 1.140 arcmin^-2
Fitting aperture to hotspot...
Candidate: x_peak:       -1.115, y_peak:        0.205, r_peak:        0.020, sig:        7.414, ra_peak:      154.937, dec_peak:       14.682
Characteristic density local = 4309.1 deg^-2 = 1.197 arcmin^-2
Fitting aperture to hotspot...
Candidate: x_peak:       -0.605, y_peak:        0.495, r_peak:        0.030, sig:       21.707, ra_peak:      155.464, dec_peak:       14.974
Characteristic density local = 4657.3 deg^-2 = 1.294 arcmin^-2
Fitting aperture to hotspot...
Candidate: x_peak:       -0.395, y_peak:        0.865, r_peak:        0.020, sig:       13.383, ra_peak:      155.680, dec_peak:       15.345
Characteristic density local = 4219.6 deg^-2 = 1.172 arcmin^-2
Fitting aperture to hotspot...
Candidate: x_peak:       -0.225, y_peak:       -0.575, r_peak:        0.020, sig:        9.547, ra_peak:      155.858, dec_peak:       13.905
Characteristic density local = 4418.5 deg^-2 = 1.227 arcmin^-2
Fitting aperture to hotspot...
Candidate: x_peak:        0.435, y_peak:        0.415, r_peak:        0.010, sig:        8.884, ra_peak:      156.540, dec_peak:       14.895
Characteristic density local = 4754.8 deg^-2 = 1.321 arcmin^-2
Fitting aperture to hotspot...
Candidate: x_peak:        0.905, y_peak:       -0.385, r_peak:        0.020, sig:        6.446, ra_peak:      157.023, dec_peak:       14.093
Characteristic density local = 4750.8 deg^-2 = 1.320 arcmin^-2
Fitting aperture to hotspot...
Candidate: x_peak:        0.985, y_peak:        0.275, r_peak:        0.020, sig:       13.475, ra_peak:      157.109, dec_peak:       14.753
Characteristic density local = 4681.1 deg^-2 = 1.300 arcmin^-2
Fitting aperture to hotspot...
Candidate: x_peak:        1.075, y_peak:       -0.135, r_peak:        0.020, sig:       15.889, ra_peak:      157.200, dec_peak:       14.342
Distance = 125.9 kpc (m-M = 20.5)
701159 objects left after isochrone cut...
Characteristic density = 4300.0 deg^-2
Characteristic density local = 4004.7 deg^-2 = 1.112 arcmin^-2
Fitting aperture to hotspot...
Candidate: x_peak:       -1.115, y_peak:        0.205, r_peak:        0.020, sig:        7.495, ra_peak:      154.937, dec_peak:       14.682
Characteristic density local = 4189.8 deg^-2 = 1.164 arcmin^-2
Fitting aperture to hotspot...
Candidate: x_peak:       -0.605, y_peak:        0.495, r_peak:        0.030, sig:       21.883, ra_peak:      155.464, dec_peak:       14.974
Characteristic density local = 4563.8 deg^-2 = 1.268 arcmin^-2
Fitting aperture to hotspot...
Candidate: x_peak:       -0.395, y_peak:        0.865, r_peak:        0.020, sig:       13.468, ra_peak:      155.680, dec_peak:       15.345
Characteristic density local = 4114.2 deg^-2 = 1.143 arcmin^-2
Fitting aperture to hotspot...
Candidate: x_peak:       -0.225, y_peak:       -0.575, r_peak:        0.020, sig:        9.425, ra_peak:      155.858, dec_peak:       13.905
Characteristic density local = 4325.0 deg^-2 = 1.201 arcmin^-2
Fitting aperture to hotspot...
Candidate: x_peak:        0.435, y_peak:        0.415, r_peak:        0.010, sig:        8.934, ra_peak:      156.540, dec_peak:       14.895
Characteristic density local = 4643.3 deg^-2 = 1.290 arcmin^-2
Fitting aperture to hotspot...
Candidate: x_peak:        0.905, y_peak:       -0.385, r_peak:        0.020, sig:        6.526, ra_peak:      157.023, dec_peak:       14.093
Characteristic density local = 4649.3 deg^-2 = 1.291 arcmin^-2
Fitting aperture to hotspot...
Candidate: x_peak:        0.985, y_peak:        0.275, r_peak:        0.020, sig:       13.566, ra_peak:      157.109, dec_peak:       14.753
Characteristic density local = 4559.8 deg^-2 = 1.267 arcmin^-2
Fitting aperture to hotspot...
Candidate: x_peak:        1.075, y_peak:       -0.135, r_peak:        0.020, sig:       16.006, ra_peak:      157.200, dec_peak:       14.342
Distance = 158.5 kpc (m-M = 21.0)
697658 objects left after isochrone cut...
Characteristic density = 4200.0 deg^-2
Characteristic density local = 3925.2 deg^-2 = 1.090 arcmin^-2
Fitting aperture to hotspot...
Candidate: x_peak:       -1.115, y_peak:        0.205, r_peak:        0.020, sig:        7.561, ra_peak:      154.937, dec_peak:       14.682
Characteristic density local = 4092.3 deg^-2 = 1.137 arcmin^-2
Fitting aperture to hotspot...
Candidate: x_peak:       -0.605, y_peak:        0.495, r_peak:        0.030, sig:       21.914, ra_peak:      155.464, dec_peak:       14.974
Characteristic density local = 4486.2 deg^-2 = 1.246 arcmin^-2
Fitting aperture to hotspot...
Candidate: x_peak:       -0.385, y_peak:        0.865, r_peak:        0.020, sig:       12.087, ra_peak:      155.691, dec_peak:       15.345
Characteristic density local = 3992.8 deg^-2 = 1.109 arcmin^-2
Fitting aperture to hotspot...
Candidate: x_peak:       -0.225, y_peak:       -0.575, r_peak:        0.020, sig:        9.532, ra_peak:      155.858, dec_peak:       13.905
Characteristic density local = 4291.2 deg^-2 = 1.192 arcmin^-2
Fitting aperture to hotspot...
Candidate: x_peak:        0.095, y_peak:       -0.895, r_peak:        0.020, sig:        4.737, ra_peak:      156.188, dec_peak:       13.585
Characteristic density local = 4221.6 deg^-2 = 1.173 arcmin^-2
Fitting aperture to hotspot...
Candidate: x_peak:        0.435, y_peak:        0.415, r_peak:        0.010, sig:        8.989, ra_peak:      156.540, dec_peak:       14.895
Characteristic density local = 4524.0 deg^-2 = 1.257 arcmin^-2
Fitting aperture to hotspot...
Candidate: x_peak:        0.905, y_peak:       -0.385, r_peak:        0.020, sig:        6.614, ra_peak:      157.023, dec_peak:       14.093
Characteristic density local = 4528.0 deg^-2 = 1.258 arcmin^-2
Fitting aperture to hotspot...
Candidate: x_peak:        0.985, y_peak:        0.275, r_peak:        0.020, sig:       13.677, ra_peak:      157.109, dec_peak:       14.753
Characteristic density local = 4454.3 deg^-2 = 1.237 arcmin^-2
Fitting aperture to hotspot...
Candidate: x_peak:        1.075, y_peak:       -0.135, r_peak:        0.020, sig:       16.110, ra_peak:      157.200, dec_peak:       14.342
Distance = 199.5 kpc (m-M = 21.5)
693635 objects left after isochrone cut...
Characteristic density = 4100.0 deg^-2
Characteristic density local = 3809.8 deg^-2 = 1.058 arcmin^-2
Fitting aperture to hotspot...
Candidate: x_peak:       -1.115, y_peak:        0.205, r_peak:        0.020, sig:        7.659, ra_peak:      154.937, dec_peak:       14.682
Characteristic density local = 3964.9 deg^-2 = 1.101 arcmin^-2
Fitting aperture to hotspot...
Candidate: x_peak:       -0.605, y_peak:        0.495, r_peak:        0.030, sig:       22.110, ra_peak:      155.464, dec_peak:       14.974
Characteristic density local = 4325.0 deg^-2 = 1.201 arcmin^-2
Fitting aperture to hotspot...
Candidate: x_peak:       -0.385, y_peak:        0.865, r_peak:        0.020, sig:       12.044, ra_peak:      155.691, dec_peak:       15.345
Characteristic density local = 3867.5 deg^-2 = 1.074 arcmin^-2
Fitting aperture to hotspot...
Candidate: x_peak:       -0.225, y_peak:       -0.575, r_peak:        0.020, sig:        9.644, ra_peak:      155.858, dec_peak:       13.905
Characteristic density local = 4163.9 deg^-2 = 1.157 arcmin^-2
Fitting aperture to hotspot...
Candidate: x_peak:        0.095, y_peak:       -0.895, r_peak:        0.020, sig:        4.828, ra_peak:      156.188, dec_peak:       13.585
Characteristic density local = 4080.3 deg^-2 = 1.133 arcmin^-2
Fitting aperture to hotspot...
Candidate: x_peak:        0.435, y_peak:        0.415, r_peak:        0.010, sig:        9.066, ra_peak:      156.540, dec_peak:       14.895
Characteristic density local = 4358.9 deg^-2 = 1.211 arcmin^-2
Fitting aperture to hotspot...
Candidate: x_peak:        0.905, y_peak:       -0.375, r_peak:        0.020, sig:        6.249, ra_peak:      157.023, dec_peak:       14.103
Characteristic density local = 4398.6 deg^-2 = 1.222 arcmin^-2
Fitting aperture to hotspot...
Candidate: x_peak:        0.985, y_peak:        0.275, r_peak:        0.020, sig:       13.797, ra_peak:      157.109, dec_peak:       14.753
Characteristic density local = 4315.1 deg^-2 = 1.199 arcmin^-2
Fitting aperture to hotspot...
Candidate: x_peak:        1.075, y_peak:       -0.135, r_peak:        0.020, sig:       16.250, ra_peak:      157.200, dec_peak:       14.342
Distance = 251.2 kpc (m-M = 22.0)
688722 objects left after isochrone cut...
Characteristic density = 3900.0 deg^-2
Characteristic density local = 3644.6 deg^-2 = 1.012 arcmin^-2
Fitting aperture to hotspot...
Candidate: x_peak:       -1.115, y_peak:        0.205, r_peak:        0.020, sig:        7.561, ra_peak:      154.937, dec_peak:       14.682
Characteristic density local = 3815.7 deg^-2 = 1.060 arcmin^-2
Fitting aperture to hotspot...
Candidate: x_peak:       -0.605, y_peak:        0.495, r_peak:        0.030, sig:       22.346, ra_peak:      155.464, dec_peak:       14.974
Characteristic density local = 4175.8 deg^-2 = 1.160 arcmin^-2
Fitting aperture to hotspot...
Candidate: x_peak:       -0.385, y_peak:        0.865, r_peak:        0.020, sig:       12.181, ra_peak:      155.691, dec_peak:       15.345
Characteristic density local = 3724.2 deg^-2 = 1.035 arcmin^-2
Fitting aperture to hotspot...
Candidate: x_peak:       -0.225, y_peak:       -0.575, r_peak:        0.020, sig:        9.777, ra_peak:      155.858, dec_peak:       13.905
Characteristic density local = 3881.4 deg^-2 = 1.078 arcmin^-2
Fitting aperture to hotspot...
Candidate: x_peak:        0.445, y_peak:        0.415, r_peak:        0.020, sig:        8.976, ra_peak:      156.550, dec_peak:       14.895
Characteristic density local = 4209.6 deg^-2 = 1.169 arcmin^-2
Fitting aperture to hotspot...
Candidate: x_peak:        0.905, y_peak:       -0.385, r_peak:        0.020, sig:        6.608, ra_peak:      157.023, dec_peak:       14.093
Characteristic density local = 4219.6 deg^-2 = 1.172 arcmin^-2
Fitting aperture to hotspot...
Candidate: x_peak:        0.985, y_peak:        0.275, r_peak:        0.020, sig:       13.969, ra_peak:      157.109, dec_peak:       14.753
Characteristic density local = 4193.7 deg^-2 = 1.165 arcmin^-2
Fitting aperture to hotspot...
Candidate: x_peak:        1.075, y_peak:       -0.135, r_peak:        0.020, sig:       16.375, ra_peak:      157.200, dec_peak:       14.342
Distance = 316.2 kpc (m-M = 22.5)
682846 objects left after isochrone cut...
Characteristic density = 3700.0 deg^-2
Characteristic density local = 3449.7 deg^-2 = 0.958 arcmin^-2
Fitting aperture to hotspot...
Candidate: x_peak:       -1.115, y_peak:        0.205, r_peak:        0.020, sig:        7.736, ra_peak:      154.937, dec_peak:       14.682
Characteristic density local = 3640.7 deg^-2 = 1.011 arcmin^-2
Fitting aperture to hotspot...
Candidate: x_peak:       -0.605, y_peak:        0.495, r_peak:        0.030, sig:       22.397, ra_peak:      155.464, dec_peak:       14.974
Characteristic density local = 3968.9 deg^-2 = 1.102 arcmin^-2
Fitting aperture to hotspot...
Candidate: x_peak:       -0.385, y_peak:        0.865, r_peak:        0.020, sig:       12.187, ra_peak:      155.691, dec_peak:       15.345
Characteristic density local = 3577.0 deg^-2 = 0.994 arcmin^-2
Fitting aperture to hotspot...
Candidate: x_peak:       -0.235, y_peak:       -0.575, r_peak:        0.020, sig:        9.698, ra_peak:      155.848, dec_peak:       13.905
Characteristic density local = 3799.8 deg^-2 = 1.056 arcmin^-2
Fitting aperture to hotspot...
Candidate: x_peak:        0.095, y_peak:       -0.895, r_peak:        0.020, sig:        5.100, ra_peak:      156.188, dec_peak:       13.585
Characteristic density local = 3702.3 deg^-2 = 1.028 arcmin^-2
Fitting aperture to hotspot...
Candidate: x_peak:        0.445, y_peak:        0.415, r_peak:        0.020, sig:        9.138, ra_peak:      156.550, dec_peak:       14.895
Characteristic density local = 4012.7 deg^-2 = 1.115 arcmin^-2
Fitting aperture to hotspot...
Candidate: x_peak:        0.905, y_peak:       -0.385, r_peak:        0.020, sig:        6.763, ra_peak:      157.023, dec_peak:       14.093
Characteristic density local = 4016.7 deg^-2 = 1.116 arcmin^-2
Fitting aperture to hotspot...
Candidate: x_peak:        0.985, y_peak:        0.275, r_peak:        0.020, sig:       14.171, ra_peak:      157.109, dec_peak:       14.753
Characteristic density local = 3972.9 deg^-2 = 1.104 arcmin^-2
Fitting aperture to hotspot...
Candidate: x_peak:        1.075, y_peak:       -0.135, r_peak:        0.020, sig:       16.610, ra_peak:      157.200, dec_peak:       14.342
Distance = 398.1 kpc (m-M = 23.0)
675595 objects left after isochrone cut...
Characteristic density = 3500.0 deg^-2
Characteristic density local = 3320.4 deg^-2 = 0.922 arcmin^-2
Fitting aperture to hotspot...
Candidate: x_peak:       -1.125, y_peak:        0.195, r_peak:        0.020, sig:        8.100, ra_peak:      154.927, dec_peak:       14.672
Characteristic density local = 3437.7 deg^-2 = 0.955 arcmin^-2
Fitting aperture to hotspot...
Candidate: x_peak:       -0.605, y_peak:        0.495, r_peak:        0.030, sig:       22.742, ra_peak:      155.464, dec_peak:       14.974
Characteristic density local = 3708.3 deg^-2 = 1.030 arcmin^-2
Fitting aperture to hotspot...
Candidate: x_peak:       -0.395, y_peak:        0.865, r_peak:        0.020, sig:       13.767, ra_peak:      155.680, dec_peak:       15.345
Characteristic density local = 3352.2 deg^-2 = 0.931 arcmin^-2
Fitting aperture to hotspot...
Candidate: x_peak:       -0.235, y_peak:       -0.575, r_peak:        0.020, sig:        9.919, ra_peak:      155.848, dec_peak:       13.905
Characteristic density local = 3535.2 deg^-2 = 0.982 arcmin^-2
Fitting aperture to hotspot...
Candidate: x_peak:        0.095, y_peak:       -0.895, r_peak:        0.020, sig:        5.026, ra_peak:      156.188, dec_peak:       13.585
Characteristic density local = 3479.5 deg^-2 = 0.967 arcmin^-2
Fitting aperture to hotspot...
Candidate: x_peak:        0.445, y_peak:        0.415, r_peak:        0.020, sig:        9.122, ra_peak:      156.550, dec_peak:       14.895
Characteristic density local = 3772.0 deg^-2 = 1.048 arcmin^-2
Fitting aperture to hotspot...
Candidate: x_peak:        0.905, y_peak:       -0.385, r_peak:        0.020, sig:        6.710, ra_peak:      157.023, dec_peak:       14.093
Characteristic density local = 3756.1 deg^-2 = 1.043 arcmin^-2
Fitting aperture to hotspot...
Candidate: x_peak:        0.985, y_peak:        0.275, r_peak:        0.020, sig:       14.443, ra_peak:      157.109, dec_peak:       14.753
Characteristic density local = 3732.2 deg^-2 = 1.037 arcmin^-2
Fitting aperture to hotspot...
Candidate: x_peak:        1.075, y_peak:       -0.135, r_peak:        0.020, sig:       16.879, ra_peak:      157.200, dec_peak:       14.342
22.74 sigma; (RA, Dec, d) = (155.46, 14.97); r = 0.03 deg; d = 398.1, mu = 23.00 mag), mc_source_id: 0.00
16.88 sigma; (RA, Dec, d) = (157.20, 14.34); r = 0.02 deg; d = 398.1, mu = 23.00 mag), mc_source_id: 0.00
14.44 sigma; (RA, Dec, d) = (157.11, 14.75); r = 0.02 deg; d = 398.1, mu = 23.00 mag), mc_source_id: 0.00
13.77 sigma; (RA, Dec, d) = (155.68, 15.34); r = 0.02 deg; d = 398.1, mu = 23.00 mag), mc_source_id: 0.00
9.92 sigma; (RA, Dec, d) = (155.85, 13.90); r = 0.02 deg; d = 398.1, mu = 23.00 mag), mc_source_id: 0.00
9.14 sigma; (RA, Dec, d) = (156.55, 14.89); r = 0.02 deg; d = 316.2, mu = 22.50 mag), mc_source_id: 0.00
8.10 sigma; (RA, Dec, d) = (154.93, 14.67); r = 0.02 deg; d = 398.1, mu = 23.00 mag), mc_source_id: 0.00
6.76 sigma; (RA, Dec, d) = (157.02, 14.09); r = 0.02 deg; d = 316.2, mu = 22.50 mag), mc_source_id: 0.00
5.10 sigma; (RA, Dec, d) = (156.19, 13.58); r = 0.02 deg; d = 316.2, mu = 22.50 mag), mc_source_id: 0.00

------------------------------------------------------------
Job <679899.0> was submitted from <des51.fnal.gov> by user <tavangar>.
Job was executed on host <des40.fnal.gov> as user <tavangar>.
</var/lib/condor/execute/dir_1825018> was used as the initial working directory.
Results reported at Wed Jun  5 06:40:12 CDT 2019

Your job looked like:

------------------------------------------------------------
python /home/s1/tavangar/tavangar_simple/search_algorithm.py 156.09 14.48 0.00 /home/s1/tavangar/tavangar_simple/decals_dr7_results/results_nside_32_4599.csv /home/s1/tavangar/tavangar_simple/decals_dr7_results/decals_dr7_log/results_nside_32_4599.log
------------------------------------------------------------

Successfully completed.

Resource usage summary:

	Real time :			258.80 sec.
	CPU time :			10.43 sec.
	CPU percentage :		78%
	Max Memory :			6170688 KB
	Average Memory :		0 KB

The output (if any) is above this job summary.
