/home/s1/tavangar/tavangar_simple/simple_utils.py:170: FutureWarning: elementwise comparison failed; returning scalar instead, but in the future will perform elementwise comparison
  if np.all(isochrone.stage == 'Main'):
Search coordinates: (RA, Dec) = (5.62, 15.71)
Center healpixel: 4418
Healpixels: [4418 4545 4417 4289 4162 4290 4419 4546 4674]
MC_SOURCE_ID = 0.0
mode = 0: running only on real data
Found 1 objects...
Applying cuts...
541551 star-like objects in ROI...
750740 galaxy-like objects in ROI...
No fracdet map specified ...
Distance = 15.8 kpc (m-M = 16.0)
541531 objects left after isochrone cut...
Characteristic density = 4700.0 deg^-2
Characteristic density local = 5395.4 deg^-2 = 1.499 arcmin^-2
Fitting aperture to hotspot...
Candidate: x_peak:       -0.915, y_peak:        0.275, r_peak:        0.030, sig:        5.200, ra_peak:        4.668, dec_peak:       15.983
Characteristic density local = 4989.5 deg^-2 = 1.386 arcmin^-2
Fitting aperture to hotspot...
Candidate: x_peak:       -0.615, y_peak:        0.535, r_peak:        0.030, sig:       13.854, ra_peak:        4.979, dec_peak:       16.244
Characteristic density local = 4700.0 deg^-2 = 1.306 arcmin^-2
Fitting aperture to hotspot...
Candidate: x_peak:       -0.495, y_peak:       -0.775, r_peak:        0.020, sig:        5.755, ra_peak:        5.108, dec_peak:       14.934
Characteristic density local = 4295.2 deg^-2 = 1.193 arcmin^-2
Fitting aperture to hotspot...
Candidate: x_peak:       -0.315, y_peak:       -0.555, r_peak:        0.260, sig:        6.786, ra_peak:        5.294, dec_peak:       15.155
Characteristic density local = 5210.3 deg^-2 = 1.447 arcmin^-2
Fitting aperture to hotspot...
Candidate: x_peak:       -0.305, y_peak:       -0.165, r_peak:        0.040, sig:        4.545, ra_peak:        5.303, dec_peak:       15.545
Characteristic density local = 4724.9 deg^-2 = 1.312 arcmin^-2
Fitting aperture to hotspot...
Candidate: x_peak:       -0.105, y_peak:        1.145, r_peak:        0.050, sig:        8.244, ra_peak:        5.510, dec_peak:       16.855
Characteristic density local = 4575.7 deg^-2 = 1.271 arcmin^-2
Fitting aperture to hotspot...
Candidate: x_peak:        0.515, y_peak:        0.685, r_peak:        0.010, sig:        7.181, ra_peak:        6.157, dec_peak:       16.394
Characteristic density local = 4810.5 deg^-2 = 1.336 arcmin^-2
Fitting aperture to hotspot...
Candidate: x_peak:        0.745, y_peak:       -0.135, r_peak:        0.030, sig:        7.696, ra_peak:        6.393, dec_peak:       15.574
Distance = 20.0 kpc (m-M = 16.5)
541541 objects left after isochrone cut...
Characteristic density = 4700.0 deg^-2
Characteristic density local = 5395.4 deg^-2 = 1.499 arcmin^-2
Fitting aperture to hotspot...
Candidate: x_peak:       -0.915, y_peak:        0.275, r_peak:        0.030, sig:        5.200, ra_peak:        4.668, dec_peak:       15.983
Characteristic density local = 4989.5 deg^-2 = 1.386 arcmin^-2
Fitting aperture to hotspot...
Candidate: x_peak:       -0.615, y_peak:        0.535, r_peak:        0.030, sig:       13.854, ra_peak:        4.979, dec_peak:       16.244
Characteristic density local = 4700.0 deg^-2 = 1.306 arcmin^-2
Fitting aperture to hotspot...
Candidate: x_peak:       -0.495, y_peak:       -0.775, r_peak:        0.020, sig:        5.755, ra_peak:        5.108, dec_peak:       14.934
Characteristic density local = 4295.2 deg^-2 = 1.193 arcmin^-2
Fitting aperture to hotspot...
Candidate: x_peak:       -0.315, y_peak:       -0.555, r_peak:        0.260, sig:        6.786, ra_peak:        5.294, dec_peak:       15.155
Characteristic density local = 5210.3 deg^-2 = 1.447 arcmin^-2
Fitting aperture to hotspot...
Candidate: x_peak:       -0.305, y_peak:       -0.165, r_peak:        0.040, sig:        4.545, ra_peak:        5.303, dec_peak:       15.545
Characteristic density local = 4724.9 deg^-2 = 1.312 arcmin^-2
Fitting aperture to hotspot...
Candidate: x_peak:       -0.105, y_peak:        1.145, r_peak:        0.050, sig:        8.244, ra_peak:        5.510, dec_peak:       16.855
Characteristic density local = 4575.7 deg^-2 = 1.271 arcmin^-2
Fitting aperture to hotspot...
Candidate: x_peak:        0.515, y_peak:        0.685, r_peak:        0.010, sig:        7.181, ra_peak:        6.157, dec_peak:       16.394
Characteristic density local = 4810.5 deg^-2 = 1.336 arcmin^-2
Fitting aperture to hotspot...
Candidate: x_peak:        0.745, y_peak:       -0.135, r_peak:        0.030, sig:        7.696, ra_peak:        6.393, dec_peak:       15.574
Distance = 25.1 kpc (m-M = 17.0)
541545 objects left after isochrone cut...
Characteristic density = 4700.0 deg^-2
Characteristic density local = 5395.4 deg^-2 = 1.499 arcmin^-2
Fitting aperture to hotspot...
Candidate: x_peak:       -0.915, y_peak:        0.275, r_peak:        0.030, sig:        5.200, ra_peak:        4.668, dec_peak:       15.983
Characteristic density local = 4989.5 deg^-2 = 1.386 arcmin^-2
Fitting aperture to hotspot...
Candidate: x_peak:       -0.615, y_peak:        0.535, r_peak:        0.030, sig:       13.854, ra_peak:        4.979, dec_peak:       16.244
Characteristic density local = 4700.0 deg^-2 = 1.306 arcmin^-2
Fitting aperture to hotspot...
Candidate: x_peak:       -0.495, y_peak:       -0.775, r_peak:        0.020, sig:        5.755, ra_peak:        5.108, dec_peak:       14.934
Characteristic density local = 4295.2 deg^-2 = 1.193 arcmin^-2
Fitting aperture to hotspot...
Candidate: x_peak:       -0.315, y_peak:       -0.555, r_peak:        0.260, sig:        6.786, ra_peak:        5.294, dec_peak:       15.155
Characteristic density local = 5210.3 deg^-2 = 1.447 arcmin^-2
Fitting aperture to hotspot...
Candidate: x_peak:       -0.305, y_peak:       -0.165, r_peak:        0.040, sig:        4.545, ra_peak:        5.303, dec_peak:       15.545
Characteristic density local = 4724.9 deg^-2 = 1.312 arcmin^-2
Fitting aperture to hotspot...
Candidate: x_peak:       -0.105, y_peak:        1.145, r_peak:        0.050, sig:        8.244, ra_peak:        5.510, dec_peak:       16.855
Characteristic density local = 4575.7 deg^-2 = 1.271 arcmin^-2
Fitting aperture to hotspot...
Candidate: x_peak:        0.515, y_peak:        0.685, r_peak:        0.010, sig:        7.181, ra_peak:        6.157, dec_peak:       16.394
Characteristic density local = 4810.5 deg^-2 = 1.336 arcmin^-2
Fitting aperture to hotspot...
Candidate: x_peak:        0.745, y_peak:       -0.135, r_peak:        0.030, sig:        7.696, ra_peak:        6.393, dec_peak:       15.574
Distance = 31.6 kpc (m-M = 17.5)
541544 objects left after isochrone cut...
Characteristic density = 4700.0 deg^-2
Characteristic density local = 5395.4 deg^-2 = 1.499 arcmin^-2
Fitting aperture to hotspot...
Candidate: x_peak:       -0.915, y_peak:        0.275, r_peak:        0.030, sig:        5.200, ra_peak:        4.668, dec_peak:       15.983
Characteristic density local = 4989.5 deg^-2 = 1.386 arcmin^-2
Fitting aperture to hotspot...
Candidate: x_peak:       -0.615, y_peak:        0.535, r_peak:        0.030, sig:       13.854, ra_peak:        4.979, dec_peak:       16.244
Characteristic density local = 4700.0 deg^-2 = 1.306 arcmin^-2
Fitting aperture to hotspot...
Candidate: x_peak:       -0.495, y_peak:       -0.775, r_peak:        0.020, sig:        5.755, ra_peak:        5.108, dec_peak:       14.934
Characteristic density local = 4295.2 deg^-2 = 1.193 arcmin^-2
Fitting aperture to hotspot...
Candidate: x_peak:       -0.315, y_peak:       -0.555, r_peak:        0.260, sig:        6.786, ra_peak:        5.294, dec_peak:       15.155
Characteristic density local = 5210.3 deg^-2 = 1.447 arcmin^-2
Fitting aperture to hotspot...
Candidate: x_peak:       -0.305, y_peak:       -0.165, r_peak:        0.040, sig:        4.545, ra_peak:        5.303, dec_peak:       15.545
Characteristic density local = 4724.9 deg^-2 = 1.312 arcmin^-2
Fitting aperture to hotspot...
Candidate: x_peak:       -0.105, y_peak:        1.145, r_peak:        0.050, sig:        8.244, ra_peak:        5.510, dec_peak:       16.855
Characteristic density local = 4575.7 deg^-2 = 1.271 arcmin^-2
Fitting aperture to hotspot...
Candidate: x_peak:        0.515, y_peak:        0.685, r_peak:        0.010, sig:        7.181, ra_peak:        6.157, dec_peak:       16.394
Characteristic density local = 4810.5 deg^-2 = 1.336 arcmin^-2
Fitting aperture to hotspot...
Candidate: x_peak:        0.745, y_peak:       -0.135, r_peak:        0.030, sig:        7.696, ra_peak:        6.393, dec_peak:       15.574
Distance = 39.8 kpc (m-M = 18.0)
541530 objects left after isochrone cut...
Characteristic density = 4700.0 deg^-2
Characteristic density local = 5395.4 deg^-2 = 1.499 arcmin^-2
Fitting aperture to hotspot...
Candidate: x_peak:       -0.915, y_peak:        0.275, r_peak:        0.030, sig:        5.200, ra_peak:        4.668, dec_peak:       15.983
Characteristic density local = 4989.5 deg^-2 = 1.386 arcmin^-2
Fitting aperture to hotspot...
Candidate: x_peak:       -0.615, y_peak:        0.535, r_peak:        0.030, sig:       13.854, ra_peak:        4.979, dec_peak:       16.244
Characteristic density local = 4700.0 deg^-2 = 1.306 arcmin^-2
Fitting aperture to hotspot...
Candidate: x_peak:       -0.495, y_peak:       -0.775, r_peak:        0.020, sig:        5.755, ra_peak:        5.108, dec_peak:       14.934
Characteristic density local = 4295.2 deg^-2 = 1.193 arcmin^-2
Fitting aperture to hotspot...
Candidate: x_peak:       -0.315, y_peak:       -0.555, r_peak:        0.260, sig:        6.786, ra_peak:        5.294, dec_peak:       15.155
Characteristic density local = 5208.3 deg^-2 = 1.447 arcmin^-2
Fitting aperture to hotspot...
Candidate: x_peak:       -0.305, y_peak:       -0.165, r_peak:        0.040, sig:        4.548, ra_peak:        5.303, dec_peak:       15.545
Characteristic density local = 4724.9 deg^-2 = 1.312 arcmin^-2
Fitting aperture to hotspot...
Candidate: x_peak:       -0.105, y_peak:        1.145, r_peak:        0.050, sig:        8.244, ra_peak:        5.510, dec_peak:       16.855
Characteristic density local = 4575.7 deg^-2 = 1.271 arcmin^-2
Fitting aperture to hotspot...
Candidate: x_peak:        0.515, y_peak:        0.685, r_peak:        0.010, sig:        7.181, ra_peak:        6.157, dec_peak:       16.394
Characteristic density local = 4810.5 deg^-2 = 1.336 arcmin^-2
Fitting aperture to hotspot...
Candidate: x_peak:        0.745, y_peak:       -0.135, r_peak:        0.030, sig:        7.696, ra_peak:        6.393, dec_peak:       15.574
Distance = 50.1 kpc (m-M = 18.5)
540864 objects left after isochrone cut...
Characteristic density = 4700.0 deg^-2
Characteristic density local = 5385.4 deg^-2 = 1.496 arcmin^-2
Fitting aperture to hotspot...
Candidate: x_peak:       -0.915, y_peak:        0.275, r_peak:        0.030, sig:        5.209, ra_peak:        4.668, dec_peak:       15.983
Characteristic density local = 4975.6 deg^-2 = 1.382 arcmin^-2
Fitting aperture to hotspot...
Candidate: x_peak:       -0.615, y_peak:        0.535, r_peak:        0.030, sig:       13.870, ra_peak:        4.979, dec_peak:       16.244
Characteristic density local = 4700.0 deg^-2 = 1.306 arcmin^-2
Fitting aperture to hotspot...
Candidate: x_peak:       -0.495, y_peak:       -0.775, r_peak:        0.020, sig:        5.755, ra_peak:        5.108, dec_peak:       14.934
Characteristic density local = 4279.3 deg^-2 = 1.189 arcmin^-2
Fitting aperture to hotspot...
Candidate: x_peak:       -0.315, y_peak:       -0.555, r_peak:        0.260, sig:        6.717, ra_peak:        5.294, dec_peak:       15.155
Characteristic density local = 5176.5 deg^-2 = 1.438 arcmin^-2
Fitting aperture to hotspot...
Candidate: x_peak:       -0.305, y_peak:       -0.165, r_peak:        0.040, sig:        4.583, ra_peak:        5.303, dec_peak:       15.545
Characteristic density local = 4717.0 deg^-2 = 1.310 arcmin^-2
Fitting aperture to hotspot...
Candidate: x_peak:       -0.105, y_peak:        1.145, r_peak:        0.050, sig:        8.256, ra_peak:        5.510, dec_peak:       16.855
Characteristic density local = 4551.8 deg^-2 = 1.264 arcmin^-2
Fitting aperture to hotspot...
Candidate: x_peak:        0.515, y_peak:        0.685, r_peak:        0.010, sig:        7.192, ra_peak:        6.157, dec_peak:       16.394
Characteristic density local = 4770.7 deg^-2 = 1.325 arcmin^-2
Fitting aperture to hotspot...
Candidate: x_peak:        0.745, y_peak:       -0.135, r_peak:        0.030, sig:        7.736, ra_peak:        6.393, dec_peak:       15.574
Distance = 63.1 kpc (m-M = 19.0)
538789 objects left after isochrone cut...
Characteristic density = 4600.0 deg^-2
Characteristic density local = 5305.8 deg^-2 = 1.474 arcmin^-2
Fitting aperture to hotspot...
Candidate: x_peak:       -0.915, y_peak:        0.275, r_peak:        0.030, sig:        5.279, ra_peak:        4.668, dec_peak:       15.983
Characteristic density local = 4878.1 deg^-2 = 1.355 arcmin^-2
Fitting aperture to hotspot...
Candidate: x_peak:       -0.615, y_peak:        0.535, r_peak:        0.030, sig:       13.982, ra_peak:        4.979, dec_peak:       16.244
Characteristic density local = 4600.0 deg^-2 = 1.278 arcmin^-2
Fitting aperture to hotspot...
Candidate: x_peak:       -0.495, y_peak:       -0.775, r_peak:        0.040, sig:        5.878, ra_peak:        5.108, dec_peak:       14.934
Characteristic density local = 4187.8 deg^-2 = 1.163 arcmin^-2
Fitting aperture to hotspot...
Candidate: x_peak:       -0.315, y_peak:       -0.555, r_peak:        0.260, sig:        6.798, ra_peak:        5.294, dec_peak:       15.155
Characteristic density local = 5096.9 deg^-2 = 1.416 arcmin^-2
Fitting aperture to hotspot...
Candidate: x_peak:       -0.305, y_peak:       -0.165, r_peak:        0.040, sig:        4.673, ra_peak:        5.303, dec_peak:       15.545
Characteristic density local = 4629.4 deg^-2 = 1.286 arcmin^-2
Fitting aperture to hotspot...
Candidate: x_peak:       -0.105, y_peak:        1.145, r_peak:        0.050, sig:        8.276, ra_peak:        5.510, dec_peak:       16.855
Characteristic density local = 4498.1 deg^-2 = 1.249 arcmin^-2
Fitting aperture to hotspot...
Candidate: x_peak:        0.515, y_peak:        0.685, r_peak:        0.010, sig:        7.217, ra_peak:        6.157, dec_peak:       16.394
Characteristic density local = 4699.0 deg^-2 = 1.305 arcmin^-2
Fitting aperture to hotspot...
Candidate: x_peak:        0.745, y_peak:       -0.135, r_peak:        0.030, sig:        7.637, ra_peak:        6.393, dec_peak:       15.574
Distance = 79.4 kpc (m-M = 19.5)
535977 objects left after isochrone cut...
Characteristic density = 4500.0 deg^-2
Characteristic density local = 5184.5 deg^-2 = 1.440 arcmin^-2
Fitting aperture to hotspot...
Candidate: x_peak:       -0.915, y_peak:        0.275, r_peak:        0.030, sig:        5.387, ra_peak:        4.668, dec_peak:       15.983
Characteristic density local = 4756.7 deg^-2 = 1.321 arcmin^-2
Fitting aperture to hotspot...
Candidate: x_peak:       -0.615, y_peak:        0.535, r_peak:        0.030, sig:       14.124, ra_peak:        4.979, dec_peak:       16.244
Characteristic density local = 4500.0 deg^-2 = 1.250 arcmin^-2
Fitting aperture to hotspot...
Candidate: x_peak:       -0.495, y_peak:       -0.775, r_peak:        0.020, sig:        5.896, ra_peak:        5.108, dec_peak:       14.934
Characteristic density local = 4094.3 deg^-2 = 1.137 arcmin^-2
Fitting aperture to hotspot...
Candidate: x_peak:       -0.315, y_peak:       -0.555, r_peak:        0.260, sig:        6.834, ra_peak:        5.294, dec_peak:       15.155
Characteristic density local = 4993.5 deg^-2 = 1.387 arcmin^-2
Fitting aperture to hotspot...
Candidate: x_peak:       -0.305, y_peak:       -0.165, r_peak:        0.040, sig:        4.792, ra_peak:        5.303, dec_peak:       15.545
Characteristic density local = 4533.9 deg^-2 = 1.259 arcmin^-2
Fitting aperture to hotspot...
Candidate: x_peak:       -0.105, y_peak:        1.145, r_peak:        0.050, sig:        8.308, ra_peak:        5.510, dec_peak:       16.855
Characteristic density local = 4398.6 deg^-2 = 1.222 arcmin^-2
Fitting aperture to hotspot...
Candidate: x_peak:        0.515, y_peak:        0.685, r_peak:        0.010, sig:        7.265, ra_peak:        6.157, dec_peak:       16.394
Characteristic density local = 4603.6 deg^-2 = 1.279 arcmin^-2
Fitting aperture to hotspot...
Candidate: x_peak:        0.745, y_peak:       -0.135, r_peak:        0.030, sig:        7.734, ra_peak:        6.393, dec_peak:       15.574
Distance = 100.0 kpc (m-M = 20.0)
532671 objects left after isochrone cut...
Characteristic density = 4400.0 deg^-2
Characteristic density local = 5053.2 deg^-2 = 1.404 arcmin^-2
Fitting aperture to hotspot...
Candidate: x_peak:       -0.915, y_peak:        0.275, r_peak:        0.030, sig:        5.506, ra_peak:        4.668, dec_peak:       15.983
Characteristic density local = 4649.3 deg^-2 = 1.291 arcmin^-2
Fitting aperture to hotspot...
Candidate: x_peak:       -0.615, y_peak:        0.535, r_peak:        0.030, sig:       14.252, ra_peak:        4.979, dec_peak:       16.244
Characteristic density local = 4400.0 deg^-2 = 1.222 arcmin^-2
Fitting aperture to hotspot...
Candidate: x_peak:       -0.495, y_peak:       -0.775, r_peak:        0.020, sig:        5.969, ra_peak:        5.108, dec_peak:       14.934
Characteristic density local = 4000.8 deg^-2 = 1.111 arcmin^-2
Fitting aperture to hotspot...
Candidate: x_peak:       -0.315, y_peak:       -0.555, r_peak:        0.260, sig:        6.488, ra_peak:        5.294, dec_peak:       15.155
Characteristic density local = 4876.1 deg^-2 = 1.354 arcmin^-2
Fitting aperture to hotspot...
Candidate: x_peak:       -0.305, y_peak:       -0.165, r_peak:        0.040, sig:        4.773, ra_peak:        5.303, dec_peak:       15.545
Characteristic density local = 4400.6 deg^-2 = 1.222 arcmin^-2
Fitting aperture to hotspot...
Candidate: x_peak:       -0.105, y_peak:        1.145, r_peak:        0.050, sig:        8.523, ra_peak:        5.510, dec_peak:       16.855
Characteristic density local = 4295.2 deg^-2 = 1.193 arcmin^-2
Fitting aperture to hotspot...
Candidate: x_peak:        0.515, y_peak:        0.685, r_peak:        0.010, sig:        7.315, ra_peak:        6.157, dec_peak:       16.394
Characteristic density local = 4480.2 deg^-2 = 1.245 arcmin^-2
Fitting aperture to hotspot...
Candidate: x_peak:        0.745, y_peak:       -0.135, r_peak:        0.030, sig:        7.863, ra_peak:        6.393, dec_peak:       15.574
Distance = 125.9 kpc (m-M = 20.5)
528907 objects left after isochrone cut...
Characteristic density = 4300.0 deg^-2
Characteristic density local = 4884.1 deg^-2 = 1.357 arcmin^-2
Fitting aperture to hotspot...
Candidate: x_peak:       -0.925, y_peak:        0.275, r_peak:        0.040, sig:        4.763, ra_peak:        4.658, dec_peak:       15.983
Characteristic density local = 4500.1 deg^-2 = 1.250 arcmin^-2
Fitting aperture to hotspot...
Candidate: x_peak:       -0.615, y_peak:        0.535, r_peak:        0.030, sig:       14.433, ra_peak:        4.979, dec_peak:       16.244
Characteristic density local = 4300.0 deg^-2 = 1.194 arcmin^-2
Fitting aperture to hotspot...
Candidate: x_peak:       -0.495, y_peak:       -0.775, r_peak:        0.020, sig:        5.789, ra_peak:        5.108, dec_peak:       14.934
Characteristic density local = 4577.7 deg^-2 = 1.272 arcmin^-2
Fitting aperture to hotspot...
Candidate: x_peak:       -0.465, y_peak:       -0.385, r_peak:        0.020, sig:        5.841, ra_peak:        5.138, dec_peak:       15.324
Characteristic density local = 3879.4 deg^-2 = 1.078 arcmin^-2
Fitting aperture to hotspot...
Candidate: x_peak:       -0.315, y_peak:       -0.555, r_peak:        0.260, sig:        6.607, ra_peak:        5.294, dec_peak:       15.155
Characteristic density local = 4754.8 deg^-2 = 1.321 arcmin^-2
Fitting aperture to hotspot...
Candidate: x_peak:       -0.305, y_peak:       -0.155, r_peak:        0.040, sig:        5.072, ra_peak:        5.303, dec_peak:       15.555
Characteristic density local = 4261.4 deg^-2 = 1.184 arcmin^-2
Fitting aperture to hotspot...
Candidate: x_peak:       -0.105, y_peak:        1.145, r_peak:        0.050, sig:        8.633, ra_peak:        5.510, dec_peak:       16.855
Characteristic density local = 4152.0 deg^-2 = 1.153 arcmin^-2
Fitting aperture to hotspot...
Candidate: x_peak:        0.515, y_peak:        0.685, r_peak:        0.010, sig:        7.387, ra_peak:        6.157, dec_peak:       16.394
Characteristic density local = 4342.9 deg^-2 = 1.206 arcmin^-2
Fitting aperture to hotspot...
Candidate: x_peak:        0.745, y_peak:       -0.145, r_peak:        0.020, sig:        8.141, ra_peak:        6.393, dec_peak:       15.564
Distance = 158.5 kpc (m-M = 21.0)
524655 objects left after isochrone cut...
Characteristic density = 4100.0 deg^-2
Characteristic density local = 4722.9 deg^-2 = 1.312 arcmin^-2
Fitting aperture to hotspot...
Candidate: x_peak:       -0.915, y_peak:        0.275, r_peak:        0.030, sig:        5.627, ra_peak:        4.668, dec_peak:       15.983
Characteristic density local = 4333.0 deg^-2 = 1.204 arcmin^-2
Fitting aperture to hotspot...
Candidate: x_peak:       -0.615, y_peak:        0.535, r_peak:        0.030, sig:       14.504, ra_peak:        4.979, dec_peak:       16.244
Characteristic density local = 4100.0 deg^-2 = 1.139 arcmin^-2
Fitting aperture to hotspot...
Candidate: x_peak:       -0.495, y_peak:       -0.775, r_peak:        0.020, sig:        5.939, ra_peak:        5.108, dec_peak:       14.934
Characteristic density local = 3756.1 deg^-2 = 1.043 arcmin^-2
Fitting aperture to hotspot...
Candidate: x_peak:       -0.315, y_peak:       -0.555, r_peak:        0.260, sig:        6.352, ra_peak:        5.294, dec_peak:       15.155
Characteristic density local = 4569.7 deg^-2 = 1.269 arcmin^-2
Fitting aperture to hotspot...
Candidate: x_peak:       -0.305, y_peak:       -0.155, r_peak:        0.040, sig:        4.980, ra_peak:        5.303, dec_peak:       15.555
Characteristic density local = 4100.2 deg^-2 = 1.139 arcmin^-2
Fitting aperture to hotspot...
Candidate: x_peak:       -0.105, y_peak:        1.145, r_peak:        0.050, sig:        8.905, ra_peak:        5.510, dec_peak:       16.855
Characteristic density local = 4014.7 deg^-2 = 1.115 arcmin^-2
Fitting aperture to hotspot...
Candidate: x_peak:        0.515, y_peak:        0.685, r_peak:        0.020, sig:        7.487, ra_peak:        6.157, dec_peak:       16.394
Characteristic density local = 4193.7 deg^-2 = 1.165 arcmin^-2
Fitting aperture to hotspot...
Candidate: x_peak:        0.745, y_peak:       -0.145, r_peak:        0.020, sig:        8.263, ra_peak:        6.393, dec_peak:       15.564
Distance = 199.5 kpc (m-M = 21.5)
519864 objects left after isochrone cut...
Characteristic density = 3900.0 deg^-2
Characteristic density local = 4520.0 deg^-2 = 1.256 arcmin^-2
Fitting aperture to hotspot...
Candidate: x_peak:       -0.915, y_peak:        0.275, r_peak:        0.030, sig:        5.823, ra_peak:        4.668, dec_peak:       15.983
Characteristic density local = 4171.8 deg^-2 = 1.159 arcmin^-2
Fitting aperture to hotspot...
Candidate: x_peak:       -0.615, y_peak:        0.535, r_peak:        0.030, sig:       14.571, ra_peak:        4.979, dec_peak:       16.244
Characteristic density local = 3900.0 deg^-2 = 1.083 arcmin^-2
Fitting aperture to hotspot...
Candidate: x_peak:       -0.495, y_peak:       -0.775, r_peak:        0.030, sig:        5.676, ra_peak:        5.108, dec_peak:       14.934
Characteristic density local = 3610.8 deg^-2 = 1.003 arcmin^-2
Fitting aperture to hotspot...
Candidate: x_peak:       -0.315, y_peak:       -0.555, r_peak:        0.260, sig:        6.161, ra_peak:        5.294, dec_peak:       15.155
Characteristic density local = 4392.7 deg^-2 = 1.220 arcmin^-2
Fitting aperture to hotspot...
Candidate: x_peak:       -0.305, y_peak:       -0.155, r_peak:        0.040, sig:        4.714, ra_peak:        5.303, dec_peak:       15.555
Characteristic density local = 3915.2 deg^-2 = 1.088 arcmin^-2
Fitting aperture to hotspot...
Candidate: x_peak:       -0.105, y_peak:        1.145, r_peak:        0.050, sig:        8.982, ra_peak:        5.510, dec_peak:       16.855
Characteristic density local = 3839.6 deg^-2 = 1.067 arcmin^-2
Fitting aperture to hotspot...
Candidate: x_peak:        0.515, y_peak:        0.685, r_peak:        0.020, sig:        7.633, ra_peak:        6.157, dec_peak:       16.394
Characteristic density local = 4034.6 deg^-2 = 1.121 arcmin^-2
Fitting aperture to hotspot...
Candidate: x_peak:        0.745, y_peak:       -0.145, r_peak:        0.020, sig:        8.395, ra_peak:        6.393, dec_peak:       15.564
Distance = 251.2 kpc (m-M = 22.0)
514060 objects left after isochrone cut...
Characteristic density = 3700.0 deg^-2
Characteristic density local = 4350.9 deg^-2 = 1.209 arcmin^-2
Fitting aperture to hotspot...
Candidate: x_peak:       -0.915, y_peak:        0.275, r_peak:        0.030, sig:        5.606, ra_peak:        4.668, dec_peak:       15.983
Characteristic density local = 3915.2 deg^-2 = 1.088 arcmin^-2
Fitting aperture to hotspot...
Candidate: x_peak:       -0.615, y_peak:        0.535, r_peak:        0.030, sig:       14.913, ra_peak:        4.979, dec_peak:       16.244
Characteristic density local = 3700.0 deg^-2 = 1.028 arcmin^-2
Fitting aperture to hotspot...
Candidate: x_peak:       -0.495, y_peak:       -0.775, r_peak:        0.020, sig:        5.726, ra_peak:        5.108, dec_peak:       14.934
Characteristic density local = 4159.9 deg^-2 = 1.156 arcmin^-2
Fitting aperture to hotspot...
Candidate: x_peak:       -0.305, y_peak:       -0.165, r_peak:        0.030, sig:        4.374, ra_peak:        5.303, dec_peak:       15.545
Characteristic density local = 3435.8 deg^-2 = 0.954 arcmin^-2
Fitting aperture to hotspot...
Candidate: x_peak:       -0.315, y_peak:       -0.555, r_peak:        0.260, sig:        5.794, ra_peak:        5.294, dec_peak:       15.155
Characteristic density local = 3656.6 deg^-2 = 1.016 arcmin^-2
Fitting aperture to hotspot...
Candidate: x_peak:       -0.105, y_peak:        1.145, r_peak:        0.050, sig:        9.325, ra_peak:        5.510, dec_peak:       16.855
Characteristic density local = 3606.8 deg^-2 = 1.002 arcmin^-2
Fitting aperture to hotspot...
Candidate: x_peak:        0.515, y_peak:        0.685, r_peak:        0.020, sig:        7.836, ra_peak:        6.157, dec_peak:       16.394
Characteristic density local = 3839.6 deg^-2 = 1.067 arcmin^-2
Fitting aperture to hotspot...
Candidate: x_peak:        0.745, y_peak:       -0.145, r_peak:        0.020, sig:        8.564, ra_peak:        6.393, dec_peak:       15.564
Distance = 316.2 kpc (m-M = 22.5)
507353 objects left after isochrone cut...
Characteristic density = 3500.0 deg^-2
Characteristic density local = 4120.1 deg^-2 = 1.144 arcmin^-2
Fitting aperture to hotspot...
Candidate: x_peak:       -0.925, y_peak:        0.275, r_peak:        0.040, sig:        5.059, ra_peak:        4.658, dec_peak:       15.983
Characteristic density local = 3656.6 deg^-2 = 1.016 arcmin^-2
Fitting aperture to hotspot...
Candidate: x_peak:       -0.615, y_peak:        0.535, r_peak:        0.030, sig:       15.133, ra_peak:        4.979, dec_peak:       16.244
Characteristic density local = 3500.0 deg^-2 = 0.972 arcmin^-2
Fitting aperture to hotspot...
Candidate: x_peak:       -0.495, y_peak:       -0.775, r_peak:        0.030, sig:        5.496, ra_peak:        5.108, dec_peak:       14.934
Characteristic density local = 3266.7 deg^-2 = 0.907 arcmin^-2
Fitting aperture to hotspot...
Candidate: x_peak:       -0.315, y_peak:       -0.555, r_peak:        0.260, sig:        5.397, ra_peak:        5.294, dec_peak:       15.155
Characteristic density local = 3913.2 deg^-2 = 1.087 arcmin^-2
Fitting aperture to hotspot...
Candidate: x_peak:       -0.305, y_peak:       -0.165, r_peak:        0.030, sig:        3.969, ra_peak:        5.303, dec_peak:       15.545
Characteristic density local = 3567.1 deg^-2 = 0.991 arcmin^-2
Fitting aperture to hotspot...
Candidate: x_peak:       -0.195, y_peak:       -0.485, r_peak:        0.040, sig:        4.955, ra_peak:        5.418, dec_peak:       15.225
Characteristic density local = 3443.7 deg^-2 = 0.957 arcmin^-2
Fitting aperture to hotspot...
Candidate: x_peak:       -0.105, y_peak:        1.145, r_peak:        0.050, sig:        9.475, ra_peak:        5.510, dec_peak:       16.855
Characteristic density local = 3382.0 deg^-2 = 0.939 arcmin^-2
Fitting aperture to hotspot...
Candidate: x_peak:        0.515, y_peak:        0.685, r_peak:        0.020, sig:        8.042, ra_peak:        6.157, dec_peak:       16.394
Characteristic density local = 3624.8 deg^-2 = 1.007 arcmin^-2
Fitting aperture to hotspot...
Candidate: x_peak:        0.745, y_peak:       -0.145, r_peak:        0.020, sig:        8.757, ra_peak:        6.393, dec_peak:       15.564
Distance = 398.1 kpc (m-M = 23.0)
499455 objects left after isochrone cut...
Characteristic density = 3200.0 deg^-2
Characteristic density local = 3835.6 deg^-2 = 1.065 arcmin^-2
Fitting aperture to hotspot...
Candidate: x_peak:       -0.925, y_peak:        0.275, r_peak:        0.040, sig:        5.270, ra_peak:        4.658, dec_peak:       15.983
Characteristic density local = 3378.1 deg^-2 = 0.938 arcmin^-2
Fitting aperture to hotspot...
Candidate: x_peak:       -0.615, y_peak:        0.535, r_peak:        0.030, sig:       15.256, ra_peak:        4.979, dec_peak:       16.244
Characteristic density local = 3200.0 deg^-2 = 0.889 arcmin^-2
Fitting aperture to hotspot...
Candidate: x_peak:       -0.495, y_peak:       -0.775, r_peak:        0.030, sig:        5.632, ra_peak:        5.108, dec_peak:       14.934
Characteristic density local = 3581.0 deg^-2 = 0.995 arcmin^-2
Fitting aperture to hotspot...
Candidate: x_peak:       -0.465, y_peak:       -0.385, r_peak:        0.020, sig:        6.092, ra_peak:        5.138, dec_peak:       15.324
Characteristic density local = 2994.1 deg^-2 = 0.832 arcmin^-2
Fitting aperture to hotspot...
Candidate: x_peak:       -0.315, y_peak:       -0.565, r_peak:        0.040, sig:        5.264, ra_peak:        5.294, dec_peak:       15.145
Characteristic density local = 3616.8 deg^-2 = 1.005 arcmin^-2
Fitting aperture to hotspot...
Candidate: x_peak:       -0.305, y_peak:       -0.165, r_peak:        0.040, sig:        3.623, ra_peak:        5.303, dec_peak:       15.545
Characteristic density local = 3195.0 deg^-2 = 0.888 arcmin^-2
Fitting aperture to hotspot...
Candidate: x_peak:       -0.105, y_peak:        1.145, r_peak:        0.050, sig:        9.709, ra_peak:        5.510, dec_peak:       16.855
Characteristic density local = 3133.4 deg^-2 = 0.870 arcmin^-2
Fitting aperture to hotspot...
Candidate: x_peak:        0.515, y_peak:        0.685, r_peak:        0.020, sig:        8.282, ra_peak:        6.157, dec_peak:       16.394
Characteristic density local = 3336.3 deg^-2 = 0.927 arcmin^-2
Fitting aperture to hotspot...
Candidate: x_peak:        0.735, y_peak:       -0.145, r_peak:        0.020, sig:        9.713, ra_peak:        6.383, dec_peak:       15.564
15.26 sigma; (RA, Dec, d) = (4.98, 16.24); r = 0.03 deg; d = 398.1, mu = 23.00 mag), mc_source_id: 0.00
9.71 sigma; (RA, Dec, d) = (6.38, 15.56); r = 0.02 deg; d = 398.1, mu = 23.00 mag), mc_source_id: 0.00
9.71 sigma; (RA, Dec, d) = (5.51, 16.85); r = 0.05 deg; d = 398.1, mu = 23.00 mag), mc_source_id: 0.00
8.28 sigma; (RA, Dec, d) = (6.16, 16.39); r = 0.02 deg; d = 398.1, mu = 23.00 mag), mc_source_id: 0.00
6.83 sigma; (RA, Dec, d) = (5.29, 15.15); r = 0.26 deg; d = 79.4, mu = 19.50 mag), mc_source_id: 0.00
5.97 sigma; (RA, Dec, d) = (5.11, 14.93); r = 0.02 deg; d = 100.0, mu = 20.00 mag), mc_source_id: 0.00
5.82 sigma; (RA, Dec, d) = (4.67, 15.98); r = 0.03 deg; d = 199.5, mu = 21.50 mag), mc_source_id: 0.00
5.07 sigma; (RA, Dec, d) = (5.30, 15.55); r = 0.04 deg; d = 125.9, mu = 20.50 mag), mc_source_id: 0.00

------------------------------------------------------------
Job <679787.0> was submitted from <des51.fnal.gov> by user <tavangar>.
Job was executed on host <des40.fnal.gov> as user <tavangar>.
</var/lib/condor/execute/dir_1804594> was used as the initial working directory.
Results reported at Wed Jun  5 06:06:54 CDT 2019

Your job looked like:

------------------------------------------------------------
python /home/s1/tavangar/tavangar_simple/search_algorithm.py 5.62 15.71 0.00 /home/s1/tavangar/tavangar_simple/decals_dr7_results/results_nside_32_4418.csv /home/s1/tavangar/tavangar_simple/decals_dr7_results/decals_dr7_log/results_nside_32_4418.log
------------------------------------------------------------

Successfully completed.

Resource usage summary:

	Real time :			216.82 sec.
	CPU time :			6.67 sec.
	CPU percentage :		76%
	Max Memory :			4575920 KB
	Average Memory :		0 KB

The output (if any) is above this job summary.
