/home/s1/tavangar/tavangar_simple/simple_utils.py:170: FutureWarning: elementwise comparison failed; returning scalar instead, but in the future will perform elementwise comparison
  if np.all(isochrone.stage == 'Main'):
Search coordinates: (RA, Dec) = (150.47, 27.28)
Center healpixel: 3317
Healpixels: [3317 3445 3316 3189 3061 3190 3318 3446 3573]
MC_SOURCE_ID = 0.0
mode = 0: running only on real data
Found 1 objects...
Applying cuts...
587823 star-like objects in ROI...
941969 galaxy-like objects in ROI...
No fracdet map specified ...
Distance = 15.8 kpc (m-M = 16.0)
587802 objects left after isochrone cut...
Characteristic density = 4400.0 deg^-2
Characteristic density local = 4611.5 deg^-2 = 1.281 arcmin^-2
Fitting aperture to hotspot...
Candidate: x_peak:       -0.935, y_peak:       -0.305, r_peak:        0.030, sig:        7.552, ra_peak:      149.421, dec_peak:       26.971
Characteristic density local = 4852.2 deg^-2 = 1.348 arcmin^-2
Fitting aperture to hotspot...
Candidate: x_peak:       -0.765, y_peak:        0.485, r_peak:        0.030, sig:       17.141, ra_peak:      149.605, dec_peak:       27.762
Characteristic density local = 4563.8 deg^-2 = 1.268 arcmin^-2
Fitting aperture to hotspot...
Candidate: x_peak:       -0.585, y_peak:        0.245, r_peak:        0.020, sig:       10.082, ra_peak:      149.810, dec_peak:       27.523
Characteristic density local = 4657.3 deg^-2 = 1.294 arcmin^-2
Fitting aperture to hotspot...
Candidate: x_peak:       -0.265, y_peak:        0.895, r_peak:        0.020, sig:       10.990, ra_peak:      150.169, dec_peak:       28.175
Characteristic density local = 4798.5 deg^-2 = 1.333 arcmin^-2
Fitting aperture to hotspot...
Candidate: x_peak:       -0.055, y_peak:        1.255, r_peak:        0.030, sig:        7.013, ra_peak:      150.407, dec_peak:       28.535
Characteristic density local = 4782.6 deg^-2 = 1.329 arcmin^-2
Fitting aperture to hotspot...
Candidate: x_peak:        0.595, y_peak:        0.565, r_peak:        0.020, sig:       13.096, ra_peak:      151.143, dec_peak:       27.843
Distance = 20.0 kpc (m-M = 16.5)
587813 objects left after isochrone cut...
Characteristic density = 4400.0 deg^-2
Characteristic density local = 4611.5 deg^-2 = 1.281 arcmin^-2
Fitting aperture to hotspot...
Candidate: x_peak:       -0.935, y_peak:       -0.305, r_peak:        0.030, sig:        7.552, ra_peak:      149.421, dec_peak:       26.971
Characteristic density local = 4852.2 deg^-2 = 1.348 arcmin^-2
Fitting aperture to hotspot...
Candidate: x_peak:       -0.765, y_peak:        0.485, r_peak:        0.030, sig:       17.141, ra_peak:      149.605, dec_peak:       27.762
Characteristic density local = 4563.8 deg^-2 = 1.268 arcmin^-2
Fitting aperture to hotspot...
Candidate: x_peak:       -0.585, y_peak:        0.245, r_peak:        0.020, sig:       10.082, ra_peak:      149.810, dec_peak:       27.523
Characteristic density local = 4657.3 deg^-2 = 1.294 arcmin^-2
Fitting aperture to hotspot...
Candidate: x_peak:       -0.265, y_peak:        0.895, r_peak:        0.020, sig:       10.990, ra_peak:      150.169, dec_peak:       28.175
Characteristic density local = 4798.5 deg^-2 = 1.333 arcmin^-2
Fitting aperture to hotspot...
Candidate: x_peak:       -0.055, y_peak:        1.255, r_peak:        0.030, sig:        7.013, ra_peak:      150.407, dec_peak:       28.535
Characteristic density local = 4782.6 deg^-2 = 1.329 arcmin^-2
Fitting aperture to hotspot...
Candidate: x_peak:        0.595, y_peak:        0.565, r_peak:        0.020, sig:       13.096, ra_peak:      151.143, dec_peak:       27.843
Distance = 25.1 kpc (m-M = 17.0)
587820 objects left after isochrone cut...
Characteristic density = 4400.0 deg^-2
Characteristic density local = 4611.5 deg^-2 = 1.281 arcmin^-2
Fitting aperture to hotspot...
Candidate: x_peak:       -0.935, y_peak:       -0.305, r_peak:        0.030, sig:        7.552, ra_peak:      149.421, dec_peak:       26.971
Characteristic density local = 4852.2 deg^-2 = 1.348 arcmin^-2
Fitting aperture to hotspot...
Candidate: x_peak:       -0.765, y_peak:        0.485, r_peak:        0.030, sig:       17.141, ra_peak:      149.605, dec_peak:       27.762
Characteristic density local = 4563.8 deg^-2 = 1.268 arcmin^-2
Fitting aperture to hotspot...
Candidate: x_peak:       -0.585, y_peak:        0.245, r_peak:        0.020, sig:       10.082, ra_peak:      149.810, dec_peak:       27.523
Characteristic density local = 4657.3 deg^-2 = 1.294 arcmin^-2
Fitting aperture to hotspot...
Candidate: x_peak:       -0.265, y_peak:        0.895, r_peak:        0.020, sig:       10.990, ra_peak:      150.169, dec_peak:       28.175
Characteristic density local = 4798.5 deg^-2 = 1.333 arcmin^-2
Fitting aperture to hotspot...
Candidate: x_peak:       -0.055, y_peak:        1.255, r_peak:        0.030, sig:        7.013, ra_peak:      150.407, dec_peak:       28.535
Characteristic density local = 4782.6 deg^-2 = 1.329 arcmin^-2
Fitting aperture to hotspot...
Candidate: x_peak:        0.595, y_peak:        0.565, r_peak:        0.020, sig:       13.096, ra_peak:      151.143, dec_peak:       27.843
Distance = 31.6 kpc (m-M = 17.5)
587822 objects left after isochrone cut...
Characteristic density = 4400.0 deg^-2
Characteristic density local = 4611.5 deg^-2 = 1.281 arcmin^-2
Fitting aperture to hotspot...
Candidate: x_peak:       -0.935, y_peak:       -0.305, r_peak:        0.030, sig:        7.552, ra_peak:      149.421, dec_peak:       26.971
Characteristic density local = 4852.2 deg^-2 = 1.348 arcmin^-2
Fitting aperture to hotspot...
Candidate: x_peak:       -0.765, y_peak:        0.485, r_peak:        0.030, sig:       17.141, ra_peak:      149.605, dec_peak:       27.762
Characteristic density local = 4563.8 deg^-2 = 1.268 arcmin^-2
Fitting aperture to hotspot...
Candidate: x_peak:       -0.585, y_peak:        0.245, r_peak:        0.020, sig:       10.082, ra_peak:      149.810, dec_peak:       27.523
Characteristic density local = 4657.3 deg^-2 = 1.294 arcmin^-2
Fitting aperture to hotspot...
Candidate: x_peak:       -0.265, y_peak:        0.895, r_peak:        0.020, sig:       10.990, ra_peak:      150.169, dec_peak:       28.175
Characteristic density local = 4798.5 deg^-2 = 1.333 arcmin^-2
Fitting aperture to hotspot...
Candidate: x_peak:       -0.055, y_peak:        1.255, r_peak:        0.030, sig:        7.013, ra_peak:      150.407, dec_peak:       28.535
Characteristic density local = 4782.6 deg^-2 = 1.329 arcmin^-2
Fitting aperture to hotspot...
Candidate: x_peak:        0.595, y_peak:        0.565, r_peak:        0.020, sig:       13.096, ra_peak:      151.143, dec_peak:       27.843
Distance = 39.8 kpc (m-M = 18.0)
587810 objects left after isochrone cut...
Characteristic density = 4400.0 deg^-2
Characteristic density local = 4611.5 deg^-2 = 1.281 arcmin^-2
Fitting aperture to hotspot...
Candidate: x_peak:       -0.935, y_peak:       -0.305, r_peak:        0.030, sig:        7.552, ra_peak:      149.421, dec_peak:       26.971
Characteristic density local = 4852.2 deg^-2 = 1.348 arcmin^-2
Fitting aperture to hotspot...
Candidate: x_peak:       -0.765, y_peak:        0.485, r_peak:        0.030, sig:       17.141, ra_peak:      149.605, dec_peak:       27.762
Characteristic density local = 4563.8 deg^-2 = 1.268 arcmin^-2
Fitting aperture to hotspot...
Candidate: x_peak:       -0.585, y_peak:        0.245, r_peak:        0.020, sig:       10.082, ra_peak:      149.810, dec_peak:       27.523
Characteristic density local = 4657.3 deg^-2 = 1.294 arcmin^-2
Fitting aperture to hotspot...
Candidate: x_peak:       -0.265, y_peak:        0.895, r_peak:        0.020, sig:       10.990, ra_peak:      150.169, dec_peak:       28.175
Characteristic density local = 4798.5 deg^-2 = 1.333 arcmin^-2
Fitting aperture to hotspot...
Candidate: x_peak:       -0.055, y_peak:        1.255, r_peak:        0.030, sig:        7.013, ra_peak:      150.407, dec_peak:       28.535
Characteristic density local = 4782.6 deg^-2 = 1.329 arcmin^-2
Fitting aperture to hotspot...
Candidate: x_peak:        0.595, y_peak:        0.565, r_peak:        0.020, sig:       13.096, ra_peak:      151.143, dec_peak:       27.843
Distance = 50.1 kpc (m-M = 18.5)
587355 objects left after isochrone cut...
Characteristic density = 4400.0 deg^-2
Characteristic density local = 4605.5 deg^-2 = 1.279 arcmin^-2
Fitting aperture to hotspot...
Candidate: x_peak:       -0.935, y_peak:       -0.305, r_peak:        0.030, sig:        7.558, ra_peak:      149.421, dec_peak:       26.971
Characteristic density local = 4846.3 deg^-2 = 1.346 arcmin^-2
Fitting aperture to hotspot...
Candidate: x_peak:       -0.765, y_peak:        0.485, r_peak:        0.030, sig:       17.148, ra_peak:      149.605, dec_peak:       27.762
Characteristic density local = 4553.8 deg^-2 = 1.265 arcmin^-2
Fitting aperture to hotspot...
Candidate: x_peak:       -0.585, y_peak:        0.245, r_peak:        0.020, sig:       10.091, ra_peak:      149.810, dec_peak:       27.523
Characteristic density local = 4631.4 deg^-2 = 1.287 arcmin^-2
Fitting aperture to hotspot...
Candidate: x_peak:       -0.265, y_peak:        0.895, r_peak:        0.020, sig:       11.012, ra_peak:      150.169, dec_peak:       28.175
Characteristic density local = 4788.6 deg^-2 = 1.330 arcmin^-2
Fitting aperture to hotspot...
Candidate: x_peak:       -0.055, y_peak:        1.255, r_peak:        0.030, sig:        7.023, ra_peak:      150.407, dec_peak:       28.535
Characteristic density local = 4752.8 deg^-2 = 1.320 arcmin^-2
Fitting aperture to hotspot...
Candidate: x_peak:        0.595, y_peak:        0.565, r_peak:        0.020, sig:       12.945, ra_peak:      151.143, dec_peak:       27.843
Distance = 63.1 kpc (m-M = 19.0)
585730 objects left after isochrone cut...
Characteristic density = 4300.0 deg^-2
Characteristic density local = 4553.8 deg^-2 = 1.265 arcmin^-2
Fitting aperture to hotspot...
Candidate: x_peak:       -0.935, y_peak:       -0.305, r_peak:        0.030, sig:        7.612, ra_peak:      149.421, dec_peak:       26.971
Characteristic density local = 4764.7 deg^-2 = 1.324 arcmin^-2
Fitting aperture to hotspot...
Candidate: x_peak:       -0.765, y_peak:        0.485, r_peak:        0.030, sig:       17.250, ra_peak:      149.605, dec_peak:       27.762
Characteristic density local = 4482.2 deg^-2 = 1.245 arcmin^-2
Fitting aperture to hotspot...
Candidate: x_peak:       -0.585, y_peak:        0.245, r_peak:        0.020, sig:        9.947, ra_peak:      149.810, dec_peak:       27.523
Characteristic density local = 4557.8 deg^-2 = 1.266 arcmin^-2
Fitting aperture to hotspot...
Candidate: x_peak:       -0.265, y_peak:        0.895, r_peak:        0.020, sig:       11.074, ra_peak:      150.169, dec_peak:       28.175
Characteristic density local = 4740.8 deg^-2 = 1.317 arcmin^-2
Fitting aperture to hotspot...
Candidate: x_peak:       -0.055, y_peak:        1.255, r_peak:        0.030, sig:        7.071, ra_peak:      150.407, dec_peak:       28.535
Characteristic density local = 4894.0 deg^-2 = 1.359 arcmin^-2
Fitting aperture to hotspot...
Candidate: x_peak:        0.365, y_peak:        0.945, r_peak:        0.050, sig:        3.580, ra_peak:      150.884, dec_peak:       28.224
Characteristic density local = 4898.0 deg^-2 = 1.361 arcmin^-2
Fitting aperture to hotspot...
Candidate: x_peak:        0.375, y_peak:        0.935, r_peak:        0.040, sig:        4.590, ra_peak:      150.896, dec_peak:       28.214
Characteristic density local = 4707.0 deg^-2 = 1.308 arcmin^-2
Fitting aperture to hotspot...
Candidate: x_peak:        0.595, y_peak:        0.565, r_peak:        0.020, sig:       12.985, ra_peak:      151.143, dec_peak:       27.843
Distance = 79.4 kpc (m-M = 19.5)
583502 objects left after isochrone cut...
Characteristic density = 4300.0 deg^-2
Characteristic density local = 4466.3 deg^-2 = 1.241 arcmin^-2
Fitting aperture to hotspot...
Candidate: x_peak:       -0.935, y_peak:       -0.305, r_peak:        0.030, sig:        7.703, ra_peak:      149.421, dec_peak:       26.971
Characteristic density local = 4679.2 deg^-2 = 1.300 arcmin^-2
Fitting aperture to hotspot...
Candidate: x_peak:       -0.765, y_peak:        0.485, r_peak:        0.030, sig:       17.359, ra_peak:      149.605, dec_peak:       27.762
Characteristic density local = 4400.6 deg^-2 = 1.222 arcmin^-2
Fitting aperture to hotspot...
Candidate: x_peak:       -0.575, y_peak:        0.245, r_peak:        0.020, sig:       10.219, ra_peak:      149.822, dec_peak:       27.524
Characteristic density local = 4510.1 deg^-2 = 1.253 arcmin^-2
Fitting aperture to hotspot...
Candidate: x_peak:       -0.265, y_peak:        0.895, r_peak:        0.020, sig:       11.115, ra_peak:      150.169, dec_peak:       28.175
Characteristic density local = 4699.0 deg^-2 = 1.305 arcmin^-2
Fitting aperture to hotspot...
Candidate: x_peak:       -0.055, y_peak:        1.255, r_peak:        0.030, sig:        6.935, ra_peak:      150.407, dec_peak:       28.535
Characteristic density local = 4830.4 deg^-2 = 1.342 arcmin^-2
Fitting aperture to hotspot...
Candidate: x_peak:        0.365, y_peak:        0.945, r_peak:        0.050, sig:        3.669, ra_peak:      150.884, dec_peak:       28.224
Characteristic density local = 4838.3 deg^-2 = 1.344 arcmin^-2
Fitting aperture to hotspot...
Candidate: x_peak:        0.375, y_peak:        0.935, r_peak:        0.040, sig:        4.660, ra_peak:      150.896, dec_peak:       28.214
Characteristic density local = 4633.4 deg^-2 = 1.287 arcmin^-2
Fitting aperture to hotspot...
Candidate: x_peak:        0.595, y_peak:        0.565, r_peak:        0.020, sig:       13.050, ra_peak:      151.143, dec_peak:       27.843
Distance = 100.0 kpc (m-M = 20.0)
580994 objects left after isochrone cut...
Characteristic density = 4200.0 deg^-2
Characteristic density local = 4380.7 deg^-2 = 1.217 arcmin^-2
Fitting aperture to hotspot...
Candidate: x_peak:       -0.935, y_peak:       -0.305, r_peak:        0.030, sig:        7.793, ra_peak:      149.421, dec_peak:       26.971
Characteristic density local = 4571.7 deg^-2 = 1.270 arcmin^-2
Fitting aperture to hotspot...
Candidate: x_peak:       -0.765, y_peak:        0.485, r_peak:        0.030, sig:       17.497, ra_peak:      149.605, dec_peak:       27.762
Characteristic density local = 4321.1 deg^-2 = 1.200 arcmin^-2
Fitting aperture to hotspot...
Candidate: x_peak:       -0.575, y_peak:        0.245, r_peak:        0.020, sig:       10.287, ra_peak:      149.822, dec_peak:       27.524
Characteristic density local = 4428.5 deg^-2 = 1.230 arcmin^-2
Fitting aperture to hotspot...
Candidate: x_peak:       -0.265, y_peak:        0.895, r_peak:        0.020, sig:       10.991, ra_peak:      150.169, dec_peak:       28.175
Characteristic density local = 4605.5 deg^-2 = 1.279 arcmin^-2
Fitting aperture to hotspot...
Candidate: x_peak:       -0.055, y_peak:        1.255, r_peak:        0.030, sig:        7.028, ra_peak:      150.407, dec_peak:       28.535
Characteristic density local = 4732.9 deg^-2 = 1.315 arcmin^-2
Fitting aperture to hotspot...
Candidate: x_peak:        0.365, y_peak:        0.945, r_peak:        0.050, sig:        3.530, ra_peak:      150.884, dec_peak:       28.224
Characteristic density local = 4740.8 deg^-2 = 1.317 arcmin^-2
Fitting aperture to hotspot...
Candidate: x_peak:        0.375, y_peak:        0.935, r_peak:        0.040, sig:        4.616, ra_peak:      150.896, dec_peak:       28.214
Characteristic density local = 4547.9 deg^-2 = 1.263 arcmin^-2
Fitting aperture to hotspot...
Candidate: x_peak:        0.595, y_peak:        0.565, r_peak:        0.020, sig:       13.127, ra_peak:      151.143, dec_peak:       27.843
Distance = 125.9 kpc (m-M = 20.5)
578165 objects left after isochrone cut...
Characteristic density = 4100.0 deg^-2
Characteristic density local = 4247.4 deg^-2 = 1.180 arcmin^-2
Fitting aperture to hotspot...
Candidate: x_peak:       -0.945, y_peak:       -0.305, r_peak:        0.030, sig:        7.220, ra_peak:      149.410, dec_peak:       26.971
Characteristic density local = 4470.3 deg^-2 = 1.242 arcmin^-2
Fitting aperture to hotspot...
Candidate: x_peak:       -0.765, y_peak:        0.485, r_peak:        0.030, sig:       17.630, ra_peak:      149.605, dec_peak:       27.762
Characteristic density local = 4251.4 deg^-2 = 1.181 arcmin^-2
Fitting aperture to hotspot...
Candidate: x_peak:       -0.585, y_peak:        0.245, r_peak:        0.020, sig:       10.144, ra_peak:      149.810, dec_peak:       27.523
Characteristic density local = 4335.0 deg^-2 = 1.204 arcmin^-2
Fitting aperture to hotspot...
Candidate: x_peak:       -0.265, y_peak:        0.895, r_peak:        0.020, sig:       11.073, ra_peak:      150.169, dec_peak:       28.175
Characteristic density local = 4494.1 deg^-2 = 1.248 arcmin^-2
Fitting aperture to hotspot...
Candidate: x_peak:       -0.055, y_peak:        1.255, r_peak:        0.030, sig:        6.962, ra_peak:      150.407, dec_peak:       28.535
Characteristic density local = 4631.4 deg^-2 = 1.287 arcmin^-2
Fitting aperture to hotspot...
Candidate: x_peak:        0.365, y_peak:        0.945, r_peak:        0.050, sig:        3.674, ra_peak:      150.884, dec_peak:       28.224
Characteristic density local = 4639.4 deg^-2 = 1.289 arcmin^-2
Fitting aperture to hotspot...
Candidate: x_peak:        0.375, y_peak:        0.935, r_peak:        0.040, sig:        4.737, ra_peak:      150.896, dec_peak:       28.214
Characteristic density local = 4450.4 deg^-2 = 1.236 arcmin^-2
Fitting aperture to hotspot...
Candidate: x_peak:        0.595, y_peak:        0.565, r_peak:        0.020, sig:       13.036, ra_peak:      151.143, dec_peak:       27.843
Distance = 158.5 kpc (m-M = 21.0)
574915 objects left after isochrone cut...
Characteristic density = 4000.0 deg^-2
Characteristic density local = 4126.1 deg^-2 = 1.146 arcmin^-2
Fitting aperture to hotspot...
Candidate: x_peak:       -0.945, y_peak:       -0.305, r_peak:        0.030, sig:        7.351, ra_peak:      149.410, dec_peak:       26.971
Characteristic density local = 4380.7 deg^-2 = 1.217 arcmin^-2
Fitting aperture to hotspot...
Candidate: x_peak:       -0.765, y_peak:        0.485, r_peak:        0.030, sig:       17.622, ra_peak:      149.605, dec_peak:       27.762
Characteristic density local = 4148.0 deg^-2 = 1.152 arcmin^-2
Fitting aperture to hotspot...
Candidate: x_peak:       -0.585, y_peak:        0.245, r_peak:        0.020, sig:       10.028, ra_peak:      149.810, dec_peak:       27.523
Characteristic density local = 4233.5 deg^-2 = 1.176 arcmin^-2
Fitting aperture to hotspot...
Candidate: x_peak:       -0.265, y_peak:        0.895, r_peak:        0.020, sig:       11.163, ra_peak:      150.169, dec_peak:       28.175
Characteristic density local = 4394.7 deg^-2 = 1.221 arcmin^-2
Fitting aperture to hotspot...
Candidate: x_peak:       -0.055, y_peak:        1.255, r_peak:        0.030, sig:        7.065, ra_peak:      150.407, dec_peak:       28.535
Characteristic density local = 4522.0 deg^-2 = 1.256 arcmin^-2
Fitting aperture to hotspot...
Candidate: x_peak:        0.365, y_peak:        0.945, r_peak:        0.050, sig:        3.831, ra_peak:      150.884, dec_peak:       28.224
Characteristic density local = 4524.0 deg^-2 = 1.257 arcmin^-2
Fitting aperture to hotspot...
Candidate: x_peak:        0.375, y_peak:        0.935, r_peak:        0.040, sig:        4.877, ra_peak:      150.896, dec_peak:       28.214
Characteristic density local = 4350.9 deg^-2 = 1.209 arcmin^-2
Fitting aperture to hotspot...
Candidate: x_peak:        0.595, y_peak:        0.565, r_peak:        0.020, sig:       12.947, ra_peak:      151.143, dec_peak:       27.843
Distance = 199.5 kpc (m-M = 21.5)
570968 objects left after isochrone cut...
Characteristic density = 3900.0 deg^-2
Characteristic density local = 3972.9 deg^-2 = 1.104 arcmin^-2
Fitting aperture to hotspot...
Candidate: x_peak:       -0.945, y_peak:       -0.305, r_peak:        0.030, sig:        7.520, ra_peak:      149.410, dec_peak:       26.971
Characteristic density local = 4261.4 deg^-2 = 1.184 arcmin^-2
Fitting aperture to hotspot...
Candidate: x_peak:       -0.765, y_peak:        0.485, r_peak:        0.030, sig:       17.784, ra_peak:      149.605, dec_peak:       27.762
Characteristic density local = 4000.8 deg^-2 = 1.111 arcmin^-2
Fitting aperture to hotspot...
Candidate: x_peak:       -0.585, y_peak:        0.245, r_peak:        0.020, sig:       10.159, ra_peak:      149.810, dec_peak:       27.523
Characteristic density local = 4092.3 deg^-2 = 1.137 arcmin^-2
Fitting aperture to hotspot...
Candidate: x_peak:       -0.265, y_peak:        0.895, r_peak:        0.020, sig:       11.292, ra_peak:      150.169, dec_peak:       28.175
Characteristic density local = 4267.3 deg^-2 = 1.185 arcmin^-2
Fitting aperture to hotspot...
Candidate: x_peak:       -0.055, y_peak:        1.255, r_peak:        0.030, sig:        7.199, ra_peak:      150.407, dec_peak:       28.535
Characteristic density local = 4398.6 deg^-2 = 1.222 arcmin^-2
Fitting aperture to hotspot...
Candidate: x_peak:        0.365, y_peak:        0.945, r_peak:        0.050, sig:        3.730, ra_peak:      150.884, dec_peak:       28.224
Characteristic density local = 4400.6 deg^-2 = 1.222 arcmin^-2
Fitting aperture to hotspot...
Candidate: x_peak:        0.375, y_peak:        0.935, r_peak:        0.040, sig:        4.867, ra_peak:      150.896, dec_peak:       28.214
Characteristic density local = 4215.6 deg^-2 = 1.171 arcmin^-2
Fitting aperture to hotspot...
Candidate: x_peak:        0.595, y_peak:        0.565, r_peak:        0.020, sig:       13.074, ra_peak:      151.143, dec_peak:       27.843
Distance = 251.2 kpc (m-M = 22.0)
566205 objects left after isochrone cut...
Characteristic density = 3700.0 deg^-2
Characteristic density local = 3827.7 deg^-2 = 1.063 arcmin^-2
Fitting aperture to hotspot...
Candidate: x_peak:       -0.945, y_peak:       -0.305, r_peak:        0.030, sig:        7.500, ra_peak:      149.410, dec_peak:       26.971
Characteristic density local = 4086.3 deg^-2 = 1.135 arcmin^-2
Fitting aperture to hotspot...
Candidate: x_peak:       -0.765, y_peak:        0.485, r_peak:        0.030, sig:       18.028, ra_peak:      149.605, dec_peak:       27.762
Characteristic density local = 3839.6 deg^-2 = 1.067 arcmin^-2
Fitting aperture to hotspot...
Candidate: x_peak:       -0.585, y_peak:        0.245, r_peak:        0.020, sig:       10.097, ra_peak:      149.810, dec_peak:       27.523
Characteristic density local = 3931.1 deg^-2 = 1.092 arcmin^-2
Fitting aperture to hotspot...
Candidate: x_peak:       -0.265, y_peak:        0.895, r_peak:        0.020, sig:       11.443, ra_peak:      150.169, dec_peak:       28.175
Characteristic density local = 4110.2 deg^-2 = 1.142 arcmin^-2
Fitting aperture to hotspot...
Candidate: x_peak:       -0.055, y_peak:        1.255, r_peak:        0.030, sig:        7.184, ra_peak:      150.407, dec_peak:       28.535
Characteristic density local = 4247.4 deg^-2 = 1.180 arcmin^-2
Fitting aperture to hotspot...
Candidate: x_peak:        0.365, y_peak:        0.945, r_peak:        0.050, sig:        3.812, ra_peak:      150.884, dec_peak:       28.224
Characteristic density local = 4247.4 deg^-2 = 1.180 arcmin^-2
Fitting aperture to hotspot...
Candidate: x_peak:        0.375, y_peak:        0.935, r_peak:        0.040, sig:        4.896, ra_peak:      150.896, dec_peak:       28.214
Characteristic density local = 4050.5 deg^-2 = 1.125 arcmin^-2
Fitting aperture to hotspot...
Candidate: x_peak:        0.595, y_peak:        0.565, r_peak:        0.020, sig:       13.234, ra_peak:      151.143, dec_peak:       27.843
Distance = 316.2 kpc (m-M = 22.5)
560509 objects left after isochrone cut...
Characteristic density = 3500.0 deg^-2
Characteristic density local = 3636.7 deg^-2 = 1.010 arcmin^-2
Fitting aperture to hotspot...
Candidate: x_peak:       -0.945, y_peak:       -0.305, r_peak:        0.030, sig:        7.723, ra_peak:      149.410, dec_peak:       26.971
Characteristic density local = 3895.3 deg^-2 = 1.082 arcmin^-2
Fitting aperture to hotspot...
Candidate: x_peak:       -0.765, y_peak:        0.485, r_peak:        0.030, sig:       18.303, ra_peak:      149.605, dec_peak:       27.762
Characteristic density local = 3650.6 deg^-2 = 1.014 arcmin^-2
Fitting aperture to hotspot...
Candidate: x_peak:       -0.585, y_peak:        0.245, r_peak:        0.020, sig:       10.275, ra_peak:      149.810, dec_peak:       27.523
Characteristic density local = 3750.1 deg^-2 = 1.042 arcmin^-2
Fitting aperture to hotspot...
Candidate: x_peak:       -0.265, y_peak:        0.895, r_peak:        0.020, sig:       11.619, ra_peak:      150.169, dec_peak:       28.175
Characteristic density local = 3943.1 deg^-2 = 1.095 arcmin^-2
Fitting aperture to hotspot...
Candidate: x_peak:       -0.055, y_peak:        1.255, r_peak:        0.030, sig:        7.369, ra_peak:      150.407, dec_peak:       28.535
Characteristic density local = 4058.5 deg^-2 = 1.127 arcmin^-2
Fitting aperture to hotspot...
Candidate: x_peak:        0.355, y_peak:        0.955, r_peak:        0.070, sig:        3.783, ra_peak:      150.873, dec_peak:       28.234
Characteristic density local = 4056.5 deg^-2 = 1.127 arcmin^-2
Fitting aperture to hotspot...
Candidate: x_peak:        0.365, y_peak:        0.945, r_peak:        0.050, sig:        3.665, ra_peak:      150.884, dec_peak:       28.224
Characteristic density local = 4046.5 deg^-2 = 1.124 arcmin^-2
Fitting aperture to hotspot...
Candidate: x_peak:        0.375, y_peak:        0.935, r_peak:        0.040, sig:        4.654, ra_peak:      150.896, dec_peak:       28.214
Characteristic density local = 3851.5 deg^-2 = 1.070 arcmin^-2
Fitting aperture to hotspot...
Candidate: x_peak:        0.595, y_peak:        0.565, r_peak:        0.020, sig:       13.433, ra_peak:      151.143, dec_peak:       27.843
Distance = 398.1 kpc (m-M = 23.0)
553404 objects left after isochrone cut...
Characteristic density = 3300.0 deg^-2
Characteristic density local = 3425.8 deg^-2 = 0.952 arcmin^-2
Fitting aperture to hotspot...
Candidate: x_peak:       -0.945, y_peak:       -0.305, r_peak:        0.020, sig:        7.758, ra_peak:      149.410, dec_peak:       26.971
Characteristic density local = 3648.6 deg^-2 = 1.014 arcmin^-2
Fitting aperture to hotspot...
Candidate: x_peak:       -0.765, y_peak:        0.485, r_peak:        0.030, sig:       18.545, ra_peak:      149.605, dec_peak:       27.762
Characteristic density local = 3433.8 deg^-2 = 0.954 arcmin^-2
Fitting aperture to hotspot...
Candidate: x_peak:       -0.585, y_peak:        0.245, r_peak:        0.020, sig:       10.490, ra_peak:      149.810, dec_peak:       27.523
Characteristic density local = 3525.3 deg^-2 = 0.979 arcmin^-2
Fitting aperture to hotspot...
Candidate: x_peak:       -0.265, y_peak:        0.895, r_peak:        0.020, sig:       11.645, ra_peak:      150.169, dec_peak:       28.175
Characteristic density local = 3473.6 deg^-2 = 0.965 arcmin^-2
Fitting aperture to hotspot...
Candidate: x_peak:       -0.215, y_peak:        0.105, r_peak:        0.020, sig:        5.914, ra_peak:      150.228, dec_peak:       27.385
Characteristic density local = 3744.1 deg^-2 = 1.040 arcmin^-2
Fitting aperture to hotspot...
Candidate: x_peak:       -0.055, y_peak:        1.255, r_peak:        0.030, sig:        7.597, ra_peak:      150.407, dec_peak:       28.535
Characteristic density local = 3821.7 deg^-2 = 1.062 arcmin^-2
Fitting aperture to hotspot...
Candidate: x_peak:        0.365, y_peak:        0.945, r_peak:        0.050, sig:        3.734, ra_peak:      150.884, dec_peak:       28.224
Characteristic density local = 3811.8 deg^-2 = 1.059 arcmin^-2
Fitting aperture to hotspot...
Candidate: x_peak:        0.385, y_peak:        0.925, r_peak:        0.050, sig:        4.492, ra_peak:      150.907, dec_peak:       28.204
Characteristic density local = 3618.8 deg^-2 = 1.005 arcmin^-2
Fitting aperture to hotspot...
Candidate: x_peak:        0.595, y_peak:        0.565, r_peak:        0.020, sig:       13.678, ra_peak:      151.143, dec_peak:       27.843
18.55 sigma; (RA, Dec, d) = (149.61, 27.76); r = 0.03 deg; d = 398.1, mu = 23.00 mag), mc_source_id: 0.00
13.68 sigma; (RA, Dec, d) = (151.14, 27.84); r = 0.02 deg; d = 398.1, mu = 23.00 mag), mc_source_id: 0.00
11.64 sigma; (RA, Dec, d) = (150.17, 28.17); r = 0.02 deg; d = 398.1, mu = 23.00 mag), mc_source_id: 0.00
10.49 sigma; (RA, Dec, d) = (149.81, 27.52); r = 0.02 deg; d = 398.1, mu = 23.00 mag), mc_source_id: 0.00
7.79 sigma; (RA, Dec, d) = (149.42, 26.97); r = 0.03 deg; d = 100.0, mu = 20.00 mag), mc_source_id: 0.00
7.60 sigma; (RA, Dec, d) = (150.41, 28.54); r = 0.03 deg; d = 398.1, mu = 23.00 mag), mc_source_id: 0.00
5.91 sigma; (RA, Dec, d) = (150.23, 27.38); r = 0.02 deg; d = 398.1, mu = 23.00 mag), mc_source_id: 0.00
4.90 sigma; (RA, Dec, d) = (150.90, 28.21); r = 0.04 deg; d = 251.2, mu = 22.00 mag), mc_source_id: 0.00

------------------------------------------------------------
Job <679050.0> was submitted from <des51.fnal.gov> by user <tavangar>.
Job was executed on host <des40.fnal.gov> as user <tavangar>.
</var/lib/condor/execute/dir_1665316> was used as the initial working directory.
Results reported at Wed Jun  5 02:24:55 CDT 2019

Your job looked like:

------------------------------------------------------------
python /home/s1/tavangar/tavangar_simple/search_algorithm.py 150.47 27.28 0.00 /home/s1/tavangar/tavangar_simple/decals_dr7_results/results_nside_32_3317.csv /home/s1/tavangar/tavangar_simple/decals_dr7_results/decals_dr7_log/results_nside_32_3317.log
------------------------------------------------------------

Successfully completed.

Resource usage summary:

	Real time :			365.41 sec.
	CPU time :			99.25 sec.
	CPU percentage :		87%
	Max Memory :			5364032 KB
	Average Memory :		0 KB

The output (if any) is above this job summary.
