/home/s1/tavangar/tavangar_simple/simple_utils.py:170: FutureWarning: elementwise comparison failed; returning scalar instead, but in the future will perform elementwise comparison
  if np.all(isochrone.stage == 'Main'):
Search coordinates: (RA, Dec) = (52.03, -4.78)
Center healpixel: 6610
Healpixels: [6610 6738 6609 6482 6354 6483 6611 6739 6866]
MC_SOURCE_ID = 0.0
mode = 0: running only on real data
Found 1 objects...
Applying cuts...
390822 star-like objects in ROI...
755632 galaxy-like objects in ROI...
No fracdet map specified ...
Distance = 15.8 kpc (m-M = 16.0)
390809 objects left after isochrone cut...
Characteristic density = 3800.0 deg^-2
Characteristic density local = 4337.0 deg^-2 = 1.205 arcmin^-2
Fitting aperture to hotspot...
Candidate: x_peak:       -0.735, y_peak:        0.305, r_peak:        0.020, sig:       10.676, ra_peak:       51.293, dec_peak:       -4.475
Characteristic density local = 4253.4 deg^-2 = 1.182 arcmin^-2
Fitting aperture to hotspot...
Candidate: x_peak:       -0.695, y_peak:        0.105, r_peak:        0.020, sig:        7.760, ra_peak:       51.333, dec_peak:       -4.675
Characteristic density local = 4392.7 deg^-2 = 1.220 arcmin^-2
Fitting aperture to hotspot...
Candidate: x_peak:       -0.555, y_peak:        0.695, r_peak:        0.020, sig:       12.542, ra_peak:       51.474, dec_peak:       -4.085
Characteristic density local = 4416.5 deg^-2 = 1.227 arcmin^-2
Fitting aperture to hotspot...
Candidate: x_peak:       -0.485, y_peak:        0.405, r_peak:        0.020, sig:        7.858, ra_peak:       51.544, dec_peak:       -4.375
Characteristic density local = 4370.8 deg^-2 = 1.214 arcmin^-2
Fitting aperture to hotspot...
Candidate: x_peak:       -0.195, y_peak:       -0.125, r_peak:        0.020, sig:        8.995, ra_peak:       51.834, dec_peak:       -4.905
Characteristic density local = 4303.2 deg^-2 = 1.195 arcmin^-2
Fitting aperture to hotspot...
Candidate: x_peak:        0.055, y_peak:        0.215, r_peak:        0.020, sig:       10.303, ra_peak:       52.085, dec_peak:       -4.565
Characteristic density local = 3843.6 deg^-2 = 1.068 arcmin^-2
Fitting aperture to hotspot...
Candidate: x_peak:        0.265, y_peak:        0.965, r_peak:        0.040, sig:        7.802, ra_peak:       52.296, dec_peak:       -3.815
Characteristic density local = 3970.9 deg^-2 = 1.103 arcmin^-2
Fitting aperture to hotspot...
Candidate: x_peak:        0.625, y_peak:       -0.295, r_peak:        0.030, sig:       26.967, ra_peak:       52.657, dec_peak:       -5.075
Characteristic density local = 3957.0 deg^-2 = 1.099 arcmin^-2
Fitting aperture to hotspot...
Candidate: x_peak:        0.635, y_peak:        0.505, r_peak:        0.020, sig:       13.873, ra_peak:       52.667, dec_peak:       -4.275
Distance = 20.0 kpc (m-M = 16.5)
390815 objects left after isochrone cut...
Characteristic density = 3800.0 deg^-2
Characteristic density local = 4337.0 deg^-2 = 1.205 arcmin^-2
Fitting aperture to hotspot...
Candidate: x_peak:       -0.735, y_peak:        0.305, r_peak:        0.020, sig:       10.676, ra_peak:       51.293, dec_peak:       -4.475
Characteristic density local = 4253.4 deg^-2 = 1.182 arcmin^-2
Fitting aperture to hotspot...
Candidate: x_peak:       -0.695, y_peak:        0.105, r_peak:        0.020, sig:        7.760, ra_peak:       51.333, dec_peak:       -4.675
Characteristic density local = 4392.7 deg^-2 = 1.220 arcmin^-2
Fitting aperture to hotspot...
Candidate: x_peak:       -0.555, y_peak:        0.695, r_peak:        0.020, sig:       12.542, ra_peak:       51.474, dec_peak:       -4.085
Characteristic density local = 4414.6 deg^-2 = 1.226 arcmin^-2
Fitting aperture to hotspot...
Candidate: x_peak:       -0.485, y_peak:        0.405, r_peak:        0.020, sig:        7.860, ra_peak:       51.544, dec_peak:       -4.375
Characteristic density local = 4370.8 deg^-2 = 1.214 arcmin^-2
Fitting aperture to hotspot...
Candidate: x_peak:       -0.195, y_peak:       -0.125, r_peak:        0.020, sig:        8.995, ra_peak:       51.834, dec_peak:       -4.905
Characteristic density local = 4303.2 deg^-2 = 1.195 arcmin^-2
Fitting aperture to hotspot...
Candidate: x_peak:        0.055, y_peak:        0.215, r_peak:        0.020, sig:       10.303, ra_peak:       52.085, dec_peak:       -4.565
Characteristic density local = 3843.6 deg^-2 = 1.068 arcmin^-2
Fitting aperture to hotspot...
Candidate: x_peak:        0.265, y_peak:        0.965, r_peak:        0.040, sig:        7.802, ra_peak:       52.296, dec_peak:       -3.815
Characteristic density local = 3970.9 deg^-2 = 1.103 arcmin^-2
Fitting aperture to hotspot...
Candidate: x_peak:        0.625, y_peak:       -0.295, r_peak:        0.030, sig:       26.967, ra_peak:       52.657, dec_peak:       -5.075
Characteristic density local = 3957.0 deg^-2 = 1.099 arcmin^-2
Fitting aperture to hotspot...
Candidate: x_peak:        0.635, y_peak:        0.505, r_peak:        0.020, sig:       13.873, ra_peak:       52.667, dec_peak:       -4.275
Distance = 25.1 kpc (m-M = 17.0)
390820 objects left after isochrone cut...
Characteristic density = 3800.0 deg^-2
Characteristic density local = 4337.0 deg^-2 = 1.205 arcmin^-2
Fitting aperture to hotspot...
Candidate: x_peak:       -0.735, y_peak:        0.305, r_peak:        0.020, sig:       10.676, ra_peak:       51.293, dec_peak:       -4.475
Characteristic density local = 4253.4 deg^-2 = 1.182 arcmin^-2
Fitting aperture to hotspot...
Candidate: x_peak:       -0.695, y_peak:        0.105, r_peak:        0.020, sig:        7.760, ra_peak:       51.333, dec_peak:       -4.675
Characteristic density local = 4392.7 deg^-2 = 1.220 arcmin^-2
Fitting aperture to hotspot...
Candidate: x_peak:       -0.555, y_peak:        0.695, r_peak:        0.020, sig:       12.542, ra_peak:       51.474, dec_peak:       -4.085
Characteristic density local = 4414.6 deg^-2 = 1.226 arcmin^-2
Fitting aperture to hotspot...
Candidate: x_peak:       -0.485, y_peak:        0.405, r_peak:        0.020, sig:        7.860, ra_peak:       51.544, dec_peak:       -4.375
Characteristic density local = 4370.8 deg^-2 = 1.214 arcmin^-2
Fitting aperture to hotspot...
Candidate: x_peak:       -0.195, y_peak:       -0.125, r_peak:        0.020, sig:        8.995, ra_peak:       51.834, dec_peak:       -4.905
Characteristic density local = 4303.2 deg^-2 = 1.195 arcmin^-2
Fitting aperture to hotspot...
Candidate: x_peak:        0.055, y_peak:        0.215, r_peak:        0.020, sig:       10.303, ra_peak:       52.085, dec_peak:       -4.565
Characteristic density local = 3843.6 deg^-2 = 1.068 arcmin^-2
Fitting aperture to hotspot...
Candidate: x_peak:        0.265, y_peak:        0.965, r_peak:        0.040, sig:        7.802, ra_peak:       52.296, dec_peak:       -3.815
Characteristic density local = 3970.9 deg^-2 = 1.103 arcmin^-2
Fitting aperture to hotspot...
Candidate: x_peak:        0.625, y_peak:       -0.295, r_peak:        0.030, sig:       26.967, ra_peak:       52.657, dec_peak:       -5.075
Characteristic density local = 3957.0 deg^-2 = 1.099 arcmin^-2
Fitting aperture to hotspot...
Candidate: x_peak:        0.635, y_peak:        0.505, r_peak:        0.020, sig:       13.873, ra_peak:       52.667, dec_peak:       -4.275
Distance = 31.6 kpc (m-M = 17.5)
390818 objects left after isochrone cut...
Characteristic density = 3800.0 deg^-2
Characteristic density local = 4337.0 deg^-2 = 1.205 arcmin^-2
Fitting aperture to hotspot...
Candidate: x_peak:       -0.735, y_peak:        0.305, r_peak:        0.020, sig:       10.676, ra_peak:       51.293, dec_peak:       -4.475
Characteristic density local = 4253.4 deg^-2 = 1.182 arcmin^-2
Fitting aperture to hotspot...
Candidate: x_peak:       -0.695, y_peak:        0.105, r_peak:        0.020, sig:        7.760, ra_peak:       51.333, dec_peak:       -4.675
Characteristic density local = 4392.7 deg^-2 = 1.220 arcmin^-2
Fitting aperture to hotspot...
Candidate: x_peak:       -0.555, y_peak:        0.695, r_peak:        0.020, sig:       12.542, ra_peak:       51.474, dec_peak:       -4.085
Characteristic density local = 4414.6 deg^-2 = 1.226 arcmin^-2
Fitting aperture to hotspot...
Candidate: x_peak:       -0.485, y_peak:        0.405, r_peak:        0.020, sig:        7.860, ra_peak:       51.544, dec_peak:       -4.375
Characteristic density local = 4370.8 deg^-2 = 1.214 arcmin^-2
Fitting aperture to hotspot...
Candidate: x_peak:       -0.195, y_peak:       -0.125, r_peak:        0.020, sig:        8.995, ra_peak:       51.834, dec_peak:       -4.905
Characteristic density local = 4303.2 deg^-2 = 1.195 arcmin^-2
Fitting aperture to hotspot...
Candidate: x_peak:        0.055, y_peak:        0.215, r_peak:        0.020, sig:       10.303, ra_peak:       52.085, dec_peak:       -4.565
Characteristic density local = 3843.6 deg^-2 = 1.068 arcmin^-2
Fitting aperture to hotspot...
Candidate: x_peak:        0.265, y_peak:        0.965, r_peak:        0.040, sig:        7.802, ra_peak:       52.296, dec_peak:       -3.815
Characteristic density local = 3970.9 deg^-2 = 1.103 arcmin^-2
Fitting aperture to hotspot...
Candidate: x_peak:        0.625, y_peak:       -0.295, r_peak:        0.030, sig:       26.862, ra_peak:       52.657, dec_peak:       -5.075
Characteristic density local = 3957.0 deg^-2 = 1.099 arcmin^-2
Fitting aperture to hotspot...
Candidate: x_peak:        0.635, y_peak:        0.505, r_peak:        0.020, sig:       13.873, ra_peak:       52.667, dec_peak:       -4.275
Distance = 39.8 kpc (m-M = 18.0)
390798 objects left after isochrone cut...
Characteristic density = 3800.0 deg^-2
Characteristic density local = 4333.0 deg^-2 = 1.204 arcmin^-2
Fitting aperture to hotspot...
Candidate: x_peak:       -0.735, y_peak:        0.305, r_peak:        0.020, sig:       10.679, ra_peak:       51.293, dec_peak:       -4.475
Characteristic density local = 4251.4 deg^-2 = 1.181 arcmin^-2
Fitting aperture to hotspot...
Candidate: x_peak:       -0.695, y_peak:        0.105, r_peak:        0.020, sig:        7.761, ra_peak:       51.333, dec_peak:       -4.675
Characteristic density local = 4390.7 deg^-2 = 1.220 arcmin^-2
Fitting aperture to hotspot...
Candidate: x_peak:       -0.555, y_peak:        0.695, r_peak:        0.020, sig:       12.544, ra_peak:       51.474, dec_peak:       -4.085
Characteristic density local = 4412.6 deg^-2 = 1.226 arcmin^-2
Fitting aperture to hotspot...
Candidate: x_peak:       -0.485, y_peak:        0.405, r_peak:        0.020, sig:        7.861, ra_peak:       51.544, dec_peak:       -4.375
Characteristic density local = 4370.8 deg^-2 = 1.214 arcmin^-2
Fitting aperture to hotspot...
Candidate: x_peak:       -0.195, y_peak:       -0.125, r_peak:        0.020, sig:        8.995, ra_peak:       51.834, dec_peak:       -4.905
Characteristic density local = 4301.2 deg^-2 = 1.195 arcmin^-2
Fitting aperture to hotspot...
Candidate: x_peak:        0.055, y_peak:        0.215, r_peak:        0.020, sig:       10.305, ra_peak:       52.085, dec_peak:       -4.565
Characteristic density local = 3843.6 deg^-2 = 1.068 arcmin^-2
Fitting aperture to hotspot...
Candidate: x_peak:        0.265, y_peak:        0.965, r_peak:        0.040, sig:        7.802, ra_peak:       52.296, dec_peak:       -3.815
Characteristic density local = 3968.9 deg^-2 = 1.102 arcmin^-2
Fitting aperture to hotspot...
Candidate: x_peak:        0.625, y_peak:       -0.295, r_peak:        0.030, sig:       26.865, ra_peak:       52.657, dec_peak:       -5.075
Characteristic density local = 3957.0 deg^-2 = 1.099 arcmin^-2
Fitting aperture to hotspot...
Candidate: x_peak:        0.635, y_peak:        0.505, r_peak:        0.020, sig:       13.873, ra_peak:       52.667, dec_peak:       -4.275
Distance = 50.1 kpc (m-M = 18.5)
390268 objects left after isochrone cut...
Characteristic density = 3800.0 deg^-2
Characteristic density local = 4293.2 deg^-2 = 1.193 arcmin^-2
Fitting aperture to hotspot...
Candidate: x_peak:       -0.735, y_peak:        0.305, r_peak:        0.020, sig:       10.714, ra_peak:       51.293, dec_peak:       -4.475
Characteristic density local = 4207.7 deg^-2 = 1.169 arcmin^-2
Fitting aperture to hotspot...
Candidate: x_peak:       -0.695, y_peak:        0.105, r_peak:        0.030, sig:        7.803, ra_peak:       51.333, dec_peak:       -4.675
Characteristic density local = 4348.9 deg^-2 = 1.208 arcmin^-2
Fitting aperture to hotspot...
Candidate: x_peak:       -0.555, y_peak:        0.695, r_peak:        0.020, sig:       12.582, ra_peak:       51.474, dec_peak:       -4.085
Characteristic density local = 4291.2 deg^-2 = 1.192 arcmin^-2
Fitting aperture to hotspot...
Candidate: x_peak:       -0.485, y_peak:        0.415, r_peak:        0.020, sig:        7.499, ra_peak:       51.544, dec_peak:       -4.365
Characteristic density local = 4323.0 deg^-2 = 1.201 arcmin^-2
Fitting aperture to hotspot...
Candidate: x_peak:       -0.195, y_peak:       -0.125, r_peak:        0.020, sig:        9.034, ra_peak:       51.834, dec_peak:       -4.905
Characteristic density local = 4267.3 deg^-2 = 1.185 arcmin^-2
Fitting aperture to hotspot...
Candidate: x_peak:        0.055, y_peak:        0.215, r_peak:        0.020, sig:       10.334, ra_peak:       52.085, dec_peak:       -4.565
Characteristic density local = 3807.8 deg^-2 = 1.058 arcmin^-2
Fitting aperture to hotspot...
Candidate: x_peak:        0.265, y_peak:        0.965, r_peak:        0.040, sig:        7.854, ra_peak:       52.296, dec_peak:       -3.815
Characteristic density local = 3939.1 deg^-2 = 1.094 arcmin^-2
Fitting aperture to hotspot...
Candidate: x_peak:        0.625, y_peak:       -0.295, r_peak:        0.030, sig:       26.810, ra_peak:       52.657, dec_peak:       -5.075
Characteristic density local = 3915.2 deg^-2 = 1.088 arcmin^-2
Fitting aperture to hotspot...
Candidate: x_peak:        0.635, y_peak:        0.505, r_peak:        0.020, sig:       13.916, ra_peak:       52.667, dec_peak:       -4.275
Distance = 63.1 kpc (m-M = 19.0)
389169 objects left after isochrone cut...
Characteristic density = 3800.0 deg^-2
Characteristic density local = 4227.6 deg^-2 = 1.174 arcmin^-2
Fitting aperture to hotspot...
Candidate: x_peak:       -0.735, y_peak:        0.305, r_peak:        0.020, sig:       10.772, ra_peak:       51.293, dec_peak:       -4.475
Characteristic density local = 4140.0 deg^-2 = 1.150 arcmin^-2
Fitting aperture to hotspot...
Candidate: x_peak:       -0.695, y_peak:        0.105, r_peak:        0.030, sig:        7.877, ra_peak:       51.333, dec_peak:       -4.675
Characteristic density local = 4307.1 deg^-2 = 1.196 arcmin^-2
Fitting aperture to hotspot...
Candidate: x_peak:       -0.555, y_peak:        0.695, r_peak:        0.020, sig:       12.620, ra_peak:       51.474, dec_peak:       -4.085
Characteristic density local = 4209.6 deg^-2 = 1.169 arcmin^-2
Fitting aperture to hotspot...
Candidate: x_peak:       -0.485, y_peak:        0.415, r_peak:        0.020, sig:        7.564, ra_peak:       51.544, dec_peak:       -4.365
Characteristic density local = 4249.4 deg^-2 = 1.180 arcmin^-2
Fitting aperture to hotspot...
Candidate: x_peak:       -0.195, y_peak:       -0.125, r_peak:        0.020, sig:        9.096, ra_peak:       51.834, dec_peak:       -4.905
Characteristic density local = 4199.7 deg^-2 = 1.167 arcmin^-2
Fitting aperture to hotspot...
Candidate: x_peak:        0.055, y_peak:        0.215, r_peak:        0.020, sig:       10.393, ra_peak:       52.085, dec_peak:       -4.565
Characteristic density local = 3760.0 deg^-2 = 1.044 arcmin^-2
Fitting aperture to hotspot...
Candidate: x_peak:        0.265, y_peak:        0.965, r_peak:        0.040, sig:        7.923, ra_peak:       52.296, dec_peak:       -3.815
Characteristic density local = 3873.4 deg^-2 = 1.076 arcmin^-2
Fitting aperture to hotspot...
Candidate: x_peak:        0.625, y_peak:       -0.295, r_peak:        0.030, sig:       26.922, ra_peak:       52.657, dec_peak:       -5.075
Characteristic density local = 3855.5 deg^-2 = 1.071 arcmin^-2
Fitting aperture to hotspot...
Candidate: x_peak:        0.635, y_peak:        0.505, r_peak:        0.020, sig:       13.978, ra_peak:       52.667, dec_peak:       -4.275
Distance = 79.4 kpc (m-M = 19.5)
387304 objects left after isochrone cut...
Characteristic density = 3700.0 deg^-2
Characteristic density local = 4157.9 deg^-2 = 1.155 arcmin^-2
Fitting aperture to hotspot...
Candidate: x_peak:       -0.735, y_peak:        0.305, r_peak:        0.020, sig:       10.834, ra_peak:       51.293, dec_peak:       -4.475
Characteristic density local = 4054.5 deg^-2 = 1.126 arcmin^-2
Fitting aperture to hotspot...
Candidate: x_peak:       -0.695, y_peak:        0.105, r_peak:        0.020, sig:        7.689, ra_peak:       51.333, dec_peak:       -4.675
Characteristic density local = 4235.5 deg^-2 = 1.177 arcmin^-2
Fitting aperture to hotspot...
Candidate: x_peak:       -0.555, y_peak:        0.695, r_peak:        0.020, sig:       12.687, ra_peak:       51.474, dec_peak:       -4.085
Characteristic density local = 4128.1 deg^-2 = 1.147 arcmin^-2
Fitting aperture to hotspot...
Candidate: x_peak:       -0.485, y_peak:        0.415, r_peak:        0.020, sig:        7.629, ra_peak:       51.544, dec_peak:       -4.365
Characteristic density local = 4169.9 deg^-2 = 1.158 arcmin^-2
Fitting aperture to hotspot...
Candidate: x_peak:       -0.195, y_peak:       -0.125, r_peak:        0.020, sig:        9.163, ra_peak:       51.834, dec_peak:       -4.905
Characteristic density local = 4124.1 deg^-2 = 1.146 arcmin^-2
Fitting aperture to hotspot...
Candidate: x_peak:        0.055, y_peak:        0.215, r_peak:        0.020, sig:       10.255, ra_peak:       52.085, dec_peak:       -4.565
Characteristic density local = 3686.4 deg^-2 = 1.024 arcmin^-2
Fitting aperture to hotspot...
Candidate: x_peak:        0.265, y_peak:        0.965, r_peak:        0.040, sig:        7.880, ra_peak:       52.296, dec_peak:       -3.815
Characteristic density local = 3797.8 deg^-2 = 1.055 arcmin^-2
Fitting aperture to hotspot...
Candidate: x_peak:        0.625, y_peak:       -0.295, r_peak:        0.030, sig:       27.052, ra_peak:       52.657, dec_peak:       -5.075
Characteristic density local = 3787.9 deg^-2 = 1.052 arcmin^-2
Fitting aperture to hotspot...
Candidate: x_peak:        0.635, y_peak:        0.505, r_peak:        0.020, sig:       13.866, ra_peak:       52.667, dec_peak:       -4.275
Distance = 100.0 kpc (m-M = 20.0)
384926 objects left after isochrone cut...
Characteristic density = 3600.0 deg^-2
Characteristic density local = 4030.6 deg^-2 = 1.120 arcmin^-2
Fitting aperture to hotspot...
Candidate: x_peak:       -0.735, y_peak:        0.305, r_peak:        0.020, sig:       10.950, ra_peak:       51.293, dec_peak:       -4.475
Characteristic density local = 3945.1 deg^-2 = 1.096 arcmin^-2
Fitting aperture to hotspot...
Candidate: x_peak:       -0.695, y_peak:        0.105, r_peak:        0.030, sig:        7.552, ra_peak:       51.333, dec_peak:       -4.675
Characteristic density local = 4146.0 deg^-2 = 1.152 arcmin^-2
Fitting aperture to hotspot...
Candidate: x_peak:       -0.555, y_peak:        0.695, r_peak:        0.020, sig:       12.772, ra_peak:       51.474, dec_peak:       -4.085
Characteristic density local = 4098.2 deg^-2 = 1.138 arcmin^-2
Fitting aperture to hotspot...
Candidate: x_peak:       -0.485, y_peak:        0.405, r_peak:        0.020, sig:        7.886, ra_peak:       51.544, dec_peak:       -4.375
Characteristic density local = 4074.4 deg^-2 = 1.132 arcmin^-2
Fitting aperture to hotspot...
Candidate: x_peak:       -0.195, y_peak:       -0.125, r_peak:        0.020, sig:        9.245, ra_peak:       51.834, dec_peak:       -4.905
Characteristic density local = 4022.6 deg^-2 = 1.117 arcmin^-2
Fitting aperture to hotspot...
Candidate: x_peak:        0.055, y_peak:        0.215, r_peak:        0.020, sig:       10.347, ra_peak:       52.085, dec_peak:       -4.565
Characteristic density local = 3592.9 deg^-2 = 0.998 arcmin^-2
Fitting aperture to hotspot...
Candidate: x_peak:        0.265, y_peak:        0.965, r_peak:        0.040, sig:        7.712, ra_peak:       52.296, dec_peak:       -3.815
Characteristic density local = 3706.3 deg^-2 = 1.030 arcmin^-2
Fitting aperture to hotspot...
Candidate: x_peak:        0.625, y_peak:       -0.295, r_peak:        0.030, sig:       27.214, ra_peak:       52.657, dec_peak:       -5.075
Characteristic density local = 3694.4 deg^-2 = 1.026 arcmin^-2
Fitting aperture to hotspot...
Candidate: x_peak:        0.635, y_peak:        0.505, r_peak:        0.020, sig:       13.965, ra_peak:       52.667, dec_peak:       -4.275
Distance = 125.9 kpc (m-M = 20.5)
382282 objects left after isochrone cut...
Characteristic density = 3500.0 deg^-2
Characteristic density local = 3931.1 deg^-2 = 1.092 arcmin^-2
Fitting aperture to hotspot...
Candidate: x_peak:       -0.735, y_peak:        0.305, r_peak:        0.020, sig:       10.841, ra_peak:       51.293, dec_peak:       -4.475
Characteristic density local = 3843.6 deg^-2 = 1.068 arcmin^-2
Fitting aperture to hotspot...
Candidate: x_peak:       -0.695, y_peak:        0.105, r_peak:        0.030, sig:        7.667, ra_peak:       51.333, dec_peak:       -4.675
Characteristic density local = 4036.6 deg^-2 = 1.121 arcmin^-2
Fitting aperture to hotspot...
Candidate: x_peak:       -0.555, y_peak:        0.695, r_peak:        0.020, sig:       12.878, ra_peak:       51.474, dec_peak:       -4.085
Characteristic density local = 4004.7 deg^-2 = 1.112 arcmin^-2
Fitting aperture to hotspot...
Candidate: x_peak:       -0.485, y_peak:        0.405, r_peak:        0.020, sig:        7.963, ra_peak:       51.544, dec_peak:       -4.375
Characteristic density local = 3978.9 deg^-2 = 1.105 arcmin^-2
Fitting aperture to hotspot...
Candidate: x_peak:       -0.195, y_peak:       -0.125, r_peak:        0.020, sig:        9.328, ra_peak:       51.834, dec_peak:       -4.905
Characteristic density local = 3927.1 deg^-2 = 1.091 arcmin^-2
Fitting aperture to hotspot...
Candidate: x_peak:        0.055, y_peak:        0.215, r_peak:        0.020, sig:       10.434, ra_peak:       52.085, dec_peak:       -4.565
Characteristic density local = 3487.5 deg^-2 = 0.969 arcmin^-2
Fitting aperture to hotspot...
Candidate: x_peak:        0.265, y_peak:        0.965, r_peak:        0.040, sig:        7.716, ra_peak:       52.296, dec_peak:       -3.815
Characteristic density local = 3606.8 deg^-2 = 1.002 arcmin^-2
Fitting aperture to hotspot...
Candidate: x_peak:        0.625, y_peak:       -0.295, r_peak:        0.030, sig:       27.392, ra_peak:       52.657, dec_peak:       -5.075
Characteristic density local = 3608.8 deg^-2 = 1.002 arcmin^-2
Fitting aperture to hotspot...
Candidate: x_peak:        0.635, y_peak:        0.505, r_peak:        0.020, sig:       13.874, ra_peak:       52.667, dec_peak:       -4.275
Distance = 158.5 kpc (m-M = 21.0)
379146 objects left after isochrone cut...
Characteristic density = 3400.0 deg^-2
Characteristic density local = 3779.9 deg^-2 = 1.050 arcmin^-2
Fitting aperture to hotspot...
Candidate: x_peak:       -0.735, y_peak:        0.305, r_peak:        0.020, sig:       10.779, ra_peak:       51.293, dec_peak:       -4.475
Characteristic density local = 3700.4 deg^-2 = 1.028 arcmin^-2
Fitting aperture to hotspot...
Candidate: x_peak:       -0.695, y_peak:        0.105, r_peak:        0.020, sig:        7.753, ra_peak:       51.333, dec_peak:       -4.675
Characteristic density local = 3887.4 deg^-2 = 1.080 arcmin^-2
Fitting aperture to hotspot...
Candidate: x_peak:       -0.555, y_peak:        0.695, r_peak:        0.020, sig:       13.025, ra_peak:       51.474, dec_peak:       -4.085
Characteristic density local = 3875.4 deg^-2 = 1.077 arcmin^-2
Fitting aperture to hotspot...
Candidate: x_peak:       -0.485, y_peak:        0.405, r_peak:        0.020, sig:        8.073, ra_peak:       51.544, dec_peak:       -4.375
Characteristic density local = 3825.7 deg^-2 = 1.063 arcmin^-2
Fitting aperture to hotspot...
Candidate: x_peak:       -0.195, y_peak:       -0.125, r_peak:        0.020, sig:        9.466, ra_peak:       51.834, dec_peak:       -4.905
Characteristic density local = 3764.0 deg^-2 = 1.046 arcmin^-2
Fitting aperture to hotspot...
Candidate: x_peak:        0.065, y_peak:        0.215, r_peak:        0.020, sig:       11.605, ra_peak:       52.095, dec_peak:       -4.565
Characteristic density local = 3372.1 deg^-2 = 0.937 arcmin^-2
Fitting aperture to hotspot...
Candidate: x_peak:        0.265, y_peak:        0.965, r_peak:        0.040, sig:        7.737, ra_peak:       52.296, dec_peak:       -3.815
Characteristic density local = 3477.5 deg^-2 = 0.966 arcmin^-2
Fitting aperture to hotspot...
Candidate: x_peak:        0.625, y_peak:       -0.295, r_peak:        0.030, sig:       27.631, ra_peak:       52.657, dec_peak:       -5.075
Characteristic density local = 3477.5 deg^-2 = 0.966 arcmin^-2
Fitting aperture to hotspot...
Candidate: x_peak:        0.635, y_peak:        0.505, r_peak:        0.020, sig:       14.018, ra_peak:       52.667, dec_peak:       -4.275
Distance = 199.5 kpc (m-M = 21.5)
375483 objects left after isochrone cut...
Characteristic density = 3300.0 deg^-2
Characteristic density local = 3666.5 deg^-2 = 1.018 arcmin^-2
Fitting aperture to hotspot...
Candidate: x_peak:       -0.735, y_peak:        0.305, r_peak:        0.020, sig:       10.889, ra_peak:       51.293, dec_peak:       -4.475
Characteristic density local = 3590.9 deg^-2 = 0.997 arcmin^-2
Fitting aperture to hotspot...
Candidate: x_peak:       -0.695, y_peak:        0.105, r_peak:        0.020, sig:        7.850, ra_peak:       51.333, dec_peak:       -4.675
Characteristic density local = 3764.0 deg^-2 = 1.046 arcmin^-2
Fitting aperture to hotspot...
Candidate: x_peak:       -0.555, y_peak:        0.695, r_peak:        0.020, sig:       13.151, ra_peak:       51.474, dec_peak:       -4.085
Characteristic density local = 3758.0 deg^-2 = 1.044 arcmin^-2
Fitting aperture to hotspot...
Candidate: x_peak:       -0.485, y_peak:        0.405, r_peak:        0.020, sig:        8.175, ra_peak:       51.544, dec_peak:       -4.375
Characteristic density local = 3722.2 deg^-2 = 1.034 arcmin^-2
Fitting aperture to hotspot...
Candidate: x_peak:       -0.195, y_peak:       -0.125, r_peak:        0.020, sig:        9.561, ra_peak:       51.834, dec_peak:       -4.905
Characteristic density local = 3614.8 deg^-2 = 1.004 arcmin^-2
Fitting aperture to hotspot...
Candidate: x_peak:        0.065, y_peak:        0.215, r_peak:        0.020, sig:       11.754, ra_peak:       52.095, dec_peak:       -4.565
Characteristic density local = 3222.9 deg^-2 = 0.895 arcmin^-2
Fitting aperture to hotspot...
Candidate: x_peak:        0.265, y_peak:        0.965, r_peak:        0.040, sig:        7.815, ra_peak:       52.296, dec_peak:       -3.815
Characteristic density local = 3352.2 deg^-2 = 0.931 arcmin^-2
Fitting aperture to hotspot...
Candidate: x_peak:        0.625, y_peak:       -0.295, r_peak:        0.030, sig:       27.869, ra_peak:       52.657, dec_peak:       -5.075
Characteristic density local = 3326.3 deg^-2 = 0.924 arcmin^-2
Fitting aperture to hotspot...
Candidate: x_peak:        0.635, y_peak:        0.505, r_peak:        0.020, sig:       14.190, ra_peak:       52.667, dec_peak:       -4.275
Distance = 251.2 kpc (m-M = 22.0)
371325 objects left after isochrone cut...
Characteristic density = 3100.0 deg^-2
Characteristic density local = 3481.5 deg^-2 = 0.967 arcmin^-2
Fitting aperture to hotspot...
Candidate: x_peak:       -0.735, y_peak:        0.305, r_peak:        0.020, sig:       11.074, ra_peak:       51.293, dec_peak:       -4.475
Characteristic density local = 3451.7 deg^-2 = 0.959 arcmin^-2
Fitting aperture to hotspot...
Candidate: x_peak:       -0.695, y_peak:        0.105, r_peak:        0.030, sig:        7.758, ra_peak:       51.333, dec_peak:       -4.675
Characteristic density local = 3585.0 deg^-2 = 0.996 arcmin^-2
Fitting aperture to hotspot...
Candidate: x_peak:       -0.555, y_peak:        0.695, r_peak:        0.020, sig:       13.150, ra_peak:       51.474, dec_peak:       -4.085
Characteristic density local = 3587.0 deg^-2 = 0.996 arcmin^-2
Fitting aperture to hotspot...
Candidate: x_peak:       -0.485, y_peak:        0.405, r_peak:        0.020, sig:        8.329, ra_peak:       51.544, dec_peak:       -4.375
Characteristic density local = 3547.2 deg^-2 = 0.985 arcmin^-2
Fitting aperture to hotspot...
Candidate: x_peak:       -0.195, y_peak:       -0.125, r_peak:        0.020, sig:        9.727, ra_peak:       51.834, dec_peak:       -4.905
Characteristic density local = 3461.6 deg^-2 = 0.962 arcmin^-2
Fitting aperture to hotspot...
Candidate: x_peak:        0.065, y_peak:        0.215, r_peak:        0.020, sig:       11.913, ra_peak:       52.095, dec_peak:       -4.565
Characteristic density local = 3093.6 deg^-2 = 0.859 arcmin^-2
Fitting aperture to hotspot...
Candidate: x_peak:        0.275, y_peak:        0.955, r_peak:        0.040, sig:        7.537, ra_peak:       52.306, dec_peak:       -3.825
Characteristic density local = 3183.1 deg^-2 = 0.884 arcmin^-2
Fitting aperture to hotspot...
Candidate: x_peak:        0.625, y_peak:       -0.295, r_peak:        0.030, sig:       27.986, ra_peak:       52.657, dec_peak:       -5.075
Characteristic density local = 3169.2 deg^-2 = 0.880 arcmin^-2
Fitting aperture to hotspot...
Candidate: x_peak:        0.635, y_peak:        0.505, r_peak:        0.020, sig:       14.375, ra_peak:       52.667, dec_peak:       -4.275
Distance = 316.2 kpc (m-M = 22.5)
366627 objects left after isochrone cut...
Characteristic density = 2900.0 deg^-2
Characteristic density local = 3312.4 deg^-2 = 0.920 arcmin^-2
Fitting aperture to hotspot...
Candidate: x_peak:       -0.735, y_peak:        0.305, r_peak:        0.020, sig:       11.250, ra_peak:       51.293, dec_peak:       -4.475
Characteristic density local = 3292.5 deg^-2 = 0.915 arcmin^-2
Fitting aperture to hotspot...
Candidate: x_peak:       -0.695, y_peak:        0.105, r_peak:        0.030, sig:        7.765, ra_peak:       51.333, dec_peak:       -4.675
Characteristic density local = 3394.0 deg^-2 = 0.943 arcmin^-2
Fitting aperture to hotspot...
Candidate: x_peak:       -0.555, y_peak:        0.695, r_peak:        0.020, sig:       13.166, ra_peak:       51.474, dec_peak:       -4.085
Characteristic density local = 3396.0 deg^-2 = 0.943 arcmin^-2
Fitting aperture to hotspot...
Candidate: x_peak:       -0.485, y_peak:        0.405, r_peak:        0.020, sig:        8.507, ra_peak:       51.544, dec_peak:       -4.375
Characteristic density local = 3346.2 deg^-2 = 0.930 arcmin^-2
Fitting aperture to hotspot...
Candidate: x_peak:       -0.205, y_peak:       -0.125, r_peak:        0.020, sig:       10.146, ra_peak:       51.824, dec_peak:       -4.905
Characteristic density local = 3280.6 deg^-2 = 0.911 arcmin^-2
Fitting aperture to hotspot...
Candidate: x_peak:        0.055, y_peak:        0.215, r_peak:        0.020, sig:       11.074, ra_peak:       52.085, dec_peak:       -4.565
Characteristic density local = 2932.4 deg^-2 = 0.815 arcmin^-2
Fitting aperture to hotspot...
Candidate: x_peak:        0.265, y_peak:        0.965, r_peak:        0.040, sig:        7.972, ra_peak:       52.296, dec_peak:       -3.815
Characteristic density local = 3006.0 deg^-2 = 0.835 arcmin^-2
Fitting aperture to hotspot...
Candidate: x_peak:        0.625, y_peak:       -0.295, r_peak:        0.030, sig:       27.911, ra_peak:       52.657, dec_peak:       -5.075
Characteristic density local = 2992.1 deg^-2 = 0.831 arcmin^-2
Fitting aperture to hotspot...
Candidate: x_peak:        0.635, y_peak:        0.505, r_peak:        0.020, sig:       14.593, ra_peak:       52.667, dec_peak:       -4.275
Distance = 398.1 kpc (m-M = 23.0)
360698 objects left after isochrone cut...
Characteristic density = 2700.0 deg^-2
Characteristic density local = 3063.7 deg^-2 = 0.851 arcmin^-2
Fitting aperture to hotspot...
Candidate: x_peak:       -0.735, y_peak:        0.305, r_peak:        0.020, sig:       11.523, ra_peak:       51.293, dec_peak:       -4.475
Characteristic density local = 3041.8 deg^-2 = 0.845 arcmin^-2
Fitting aperture to hotspot...
Candidate: x_peak:       -0.695, y_peak:        0.105, r_peak:        0.030, sig:        7.699, ra_peak:       51.333, dec_peak:       -4.675
Characteristic density local = 3153.3 deg^-2 = 0.876 arcmin^-2
Fitting aperture to hotspot...
Candidate: x_peak:       -0.555, y_peak:        0.695, r_peak:        0.020, sig:       13.050, ra_peak:       51.474, dec_peak:       -4.085
Characteristic density local = 3121.4 deg^-2 = 0.867 arcmin^-2
Fitting aperture to hotspot...
Candidate: x_peak:       -0.485, y_peak:        0.405, r_peak:        0.020, sig:        8.777, ra_peak:       51.544, dec_peak:       -4.375
Characteristic density local = 3107.5 deg^-2 = 0.863 arcmin^-2
Fitting aperture to hotspot...
Candidate: x_peak:       -0.205, y_peak:       -0.125, r_peak:        0.020, sig:       10.174, ra_peak:       51.824, dec_peak:       -4.905
Characteristic density local = 3045.8 deg^-2 = 0.846 arcmin^-2
Fitting aperture to hotspot...
Candidate: x_peak:        0.055, y_peak:        0.215, r_peak:        0.020, sig:       10.901, ra_peak:       52.085, dec_peak:       -4.565
Characteristic density local = 2723.5 deg^-2 = 0.757 arcmin^-2
Fitting aperture to hotspot...
Candidate: x_peak:        0.265, y_peak:        0.965, r_peak:        0.040, sig:        8.339, ra_peak:       52.296, dec_peak:       -3.815
Characteristic density local = 2773.3 deg^-2 = 0.770 arcmin^-2
Fitting aperture to hotspot...
Candidate: x_peak:        0.625, y_peak:       -0.295, r_peak:        0.030, sig:       27.291, ra_peak:       52.657, dec_peak:       -5.075
Characteristic density local = 2729.5 deg^-2 = 0.758 arcmin^-2
Fitting aperture to hotspot...
Candidate: x_peak:        0.635, y_peak:        0.505, r_peak:        0.020, sig:       14.937, ra_peak:       52.667, dec_peak:       -4.275
27.99 sigma; (RA, Dec, d) = (52.66, -5.07); r = 0.03 deg; d = 251.2, mu = 22.00 mag), mc_source_id: 0.00
14.94 sigma; (RA, Dec, d) = (52.67, -4.27); r = 0.02 deg; d = 398.1, mu = 23.00 mag), mc_source_id: 0.00
13.17 sigma; (RA, Dec, d) = (51.47, -4.08); r = 0.02 deg; d = 316.2, mu = 22.50 mag), mc_source_id: 0.00
11.91 sigma; (RA, Dec, d) = (52.10, -4.56); r = 0.02 deg; d = 251.2, mu = 22.00 mag), mc_source_id: 0.00
11.52 sigma; (RA, Dec, d) = (51.29, -4.47); r = 0.02 deg; d = 398.1, mu = 23.00 mag), mc_source_id: 0.00
10.17 sigma; (RA, Dec, d) = (51.82, -4.90); r = 0.02 deg; d = 398.1, mu = 23.00 mag), mc_source_id: 0.00
8.78 sigma; (RA, Dec, d) = (51.54, -4.37); r = 0.02 deg; d = 398.1, mu = 23.00 mag), mc_source_id: 0.00
8.34 sigma; (RA, Dec, d) = (52.30, -3.81); r = 0.04 deg; d = 398.1, mu = 23.00 mag), mc_source_id: 0.00
7.88 sigma; (RA, Dec, d) = (51.33, -4.67); r = 0.03 deg; d = 63.1, mu = 19.00 mag), mc_source_id: 0.00

------------------------------------------------------------
Job <681278.0> was submitted from <des51.fnal.gov> by user <tavangar>.
Job was executed on host <des40.fnal.gov> as user <tavangar>.
</var/lib/condor/execute/dir_2080162> was used as the initial working directory.
Results reported at Wed Jun  5 13:38:43 CDT 2019

Your job looked like:

------------------------------------------------------------
python /home/s1/tavangar/tavangar_simple/search_algorithm.py 52.03 -4.78 0.00 /home/s1/tavangar/tavangar_simple/decals_dr7_results/results_nside_32_6610.csv /home/s1/tavangar/tavangar_simple/decals_dr7_results/decals_dr7_log/results_nside_32_6610.log
------------------------------------------------------------

Successfully completed.

Resource usage summary:

	Real time :			239.98 sec.
	CPU time :			7.58 sec.
	CPU percentage :		75%
	Max Memory :			4091296 KB
	Average Memory :		0 KB

The output (if any) is above this job summary.
