/home/s1/tavangar/tavangar_simple/simple_utils.py:170: FutureWarning: elementwise comparison failed; returning scalar instead, but in the future will perform elementwise comparison
  if np.all(isochrone.stage == 'Main'):
Search coordinates: (RA, Dec) = (184.22, -9.59)
Center healpixel: 7169
Healpixels: [7169 7297 7168 7041 6913 7042 7170 7298 7425]
MC_SOURCE_ID = 0.0
mode = 0: running only on real data
Found 1 objects...
Applying cuts...
302793 star-like objects in ROI...
442627 galaxy-like objects in ROI...
No fracdet map specified ...
Distance = 15.8 kpc (m-M = 16.0)
302788 objects left after isochrone cut...
Characteristic density = 6600.0 deg^-2
Characteristic density local = 6600.0 deg^-2 = 1.833 arcmin^-2
Fitting aperture to hotspot...
Candidate: x_peak:       -0.555, y_peak:        0.595, r_peak:        0.020, sig:        9.012, ra_peak:      183.658, dec_peak:       -8.995
Characteristic density local = 6851.6 deg^-2 = 1.903 arcmin^-2
Fitting aperture to hotspot...
Candidate: x_peak:        0.235, y_peak:        0.905, r_peak:        0.020, sig:        3.732, ra_peak:      184.458, dec_peak:       -8.685
Characteristic density local = 6455.7 deg^-2 = 1.793 arcmin^-2
Fitting aperture to hotspot...
Candidate: x_peak:        0.405, y_peak:        0.685, r_peak:        0.020, sig:       11.970, ra_peak:      184.630, dec_peak:       -8.905
Characteristic density local = 6600.0 deg^-2 = 1.833 arcmin^-2
Fitting aperture to hotspot...
Candidate: x_peak:        0.495, y_peak:        0.195, r_peak:        0.010, sig:        3.425, ra_peak:      184.722, dec_peak:       -9.395
Characteristic density local = 6215.0 deg^-2 = 1.726 arcmin^-2
Fitting aperture to hotspot...
Candidate: x_peak:        0.515, y_peak:        0.565, r_peak:        0.200, sig:        8.902, ra_peak:      184.741, dec_peak:       -9.025
Characteristic density local = 6801.9 deg^-2 = 1.889 arcmin^-2
Fitting aperture to hotspot...
Candidate: x_peak:        0.605, y_peak:        0.675, r_peak:        0.020, sig:       17.959, ra_peak:      184.832, dec_peak:       -8.914
Characteristic density local = 6600.0 deg^-2 = 1.833 arcmin^-2
Fitting aperture to hotspot...
Candidate: x_peak:        0.805, y_peak:        0.275, r_peak:        0.070, sig:        3.214, ra_peak:      185.036, dec_peak:       -9.314
Characteristic density local = 6600.0 deg^-2 = 1.833 arcmin^-2
Fitting aperture to hotspot...
Candidate: x_peak:        1.145, y_peak:        0.185, r_peak:        0.030, sig:        4.579, ra_peak:      185.381, dec_peak:       -9.403
Distance = 20.0 kpc (m-M = 16.5)
302789 objects left after isochrone cut...
Characteristic density = 6600.0 deg^-2
Characteristic density local = 6600.0 deg^-2 = 1.833 arcmin^-2
Fitting aperture to hotspot...
Candidate: x_peak:       -0.555, y_peak:        0.595, r_peak:        0.020, sig:        9.012, ra_peak:      183.658, dec_peak:       -8.995
Characteristic density local = 6851.6 deg^-2 = 1.903 arcmin^-2
Fitting aperture to hotspot...
Candidate: x_peak:        0.235, y_peak:        0.905, r_peak:        0.020, sig:        3.732, ra_peak:      184.458, dec_peak:       -8.685
Characteristic density local = 6455.7 deg^-2 = 1.793 arcmin^-2
Fitting aperture to hotspot...
Candidate: x_peak:        0.405, y_peak:        0.685, r_peak:        0.020, sig:       11.970, ra_peak:      184.630, dec_peak:       -8.905
Characteristic density local = 6600.0 deg^-2 = 1.833 arcmin^-2
Fitting aperture to hotspot...
Candidate: x_peak:        0.495, y_peak:        0.195, r_peak:        0.010, sig:        3.425, ra_peak:      184.722, dec_peak:       -9.395
Characteristic density local = 6215.0 deg^-2 = 1.726 arcmin^-2
Fitting aperture to hotspot...
Candidate: x_peak:        0.515, y_peak:        0.565, r_peak:        0.200, sig:        8.902, ra_peak:      184.741, dec_peak:       -9.025
Characteristic density local = 6801.9 deg^-2 = 1.889 arcmin^-2
Fitting aperture to hotspot...
Candidate: x_peak:        0.605, y_peak:        0.675, r_peak:        0.020, sig:       17.959, ra_peak:      184.832, dec_peak:       -8.914
Characteristic density local = 6600.0 deg^-2 = 1.833 arcmin^-2
Fitting aperture to hotspot...
Candidate: x_peak:        0.805, y_peak:        0.275, r_peak:        0.070, sig:        3.214, ra_peak:      185.036, dec_peak:       -9.314
Characteristic density local = 6600.0 deg^-2 = 1.833 arcmin^-2
Fitting aperture to hotspot...
Candidate: x_peak:        1.145, y_peak:        0.185, r_peak:        0.030, sig:        4.579, ra_peak:      185.381, dec_peak:       -9.403
Distance = 25.1 kpc (m-M = 17.0)
302791 objects left after isochrone cut...
Characteristic density = 6600.0 deg^-2
Characteristic density local = 6600.0 deg^-2 = 1.833 arcmin^-2
Fitting aperture to hotspot...
Candidate: x_peak:       -0.555, y_peak:        0.595, r_peak:        0.020, sig:        9.012, ra_peak:      183.658, dec_peak:       -8.995
Characteristic density local = 6851.6 deg^-2 = 1.903 arcmin^-2
Fitting aperture to hotspot...
Candidate: x_peak:        0.235, y_peak:        0.905, r_peak:        0.020, sig:        3.732, ra_peak:      184.458, dec_peak:       -8.685
Characteristic density local = 6455.7 deg^-2 = 1.793 arcmin^-2
Fitting aperture to hotspot...
Candidate: x_peak:        0.405, y_peak:        0.685, r_peak:        0.020, sig:       11.970, ra_peak:      184.630, dec_peak:       -8.905
Characteristic density local = 6600.0 deg^-2 = 1.833 arcmin^-2
Fitting aperture to hotspot...
Candidate: x_peak:        0.495, y_peak:        0.195, r_peak:        0.010, sig:        3.425, ra_peak:      184.722, dec_peak:       -9.395
Characteristic density local = 6215.0 deg^-2 = 1.726 arcmin^-2
Fitting aperture to hotspot...
Candidate: x_peak:        0.515, y_peak:        0.565, r_peak:        0.200, sig:        8.902, ra_peak:      184.741, dec_peak:       -9.025
Characteristic density local = 6801.9 deg^-2 = 1.889 arcmin^-2
Fitting aperture to hotspot...
Candidate: x_peak:        0.605, y_peak:        0.675, r_peak:        0.020, sig:       17.959, ra_peak:      184.832, dec_peak:       -8.914
Characteristic density local = 6600.0 deg^-2 = 1.833 arcmin^-2
Fitting aperture to hotspot...
Candidate: x_peak:        0.805, y_peak:        0.275, r_peak:        0.070, sig:        3.214, ra_peak:      185.036, dec_peak:       -9.314
Characteristic density local = 6600.0 deg^-2 = 1.833 arcmin^-2
Fitting aperture to hotspot...
Candidate: x_peak:        1.145, y_peak:        0.185, r_peak:        0.030, sig:        4.579, ra_peak:      185.381, dec_peak:       -9.403
Distance = 31.6 kpc (m-M = 17.5)
302791 objects left after isochrone cut...
Characteristic density = 6600.0 deg^-2
Characteristic density local = 6600.0 deg^-2 = 1.833 arcmin^-2
Fitting aperture to hotspot...
Candidate: x_peak:       -0.555, y_peak:        0.595, r_peak:        0.020, sig:        9.012, ra_peak:      183.658, dec_peak:       -8.995
Characteristic density local = 6851.6 deg^-2 = 1.903 arcmin^-2
Fitting aperture to hotspot...
Candidate: x_peak:        0.235, y_peak:        0.905, r_peak:        0.020, sig:        3.732, ra_peak:      184.458, dec_peak:       -8.685
Characteristic density local = 6455.7 deg^-2 = 1.793 arcmin^-2
Fitting aperture to hotspot...
Candidate: x_peak:        0.405, y_peak:        0.685, r_peak:        0.020, sig:       11.970, ra_peak:      184.630, dec_peak:       -8.905
Characteristic density local = 6600.0 deg^-2 = 1.833 arcmin^-2
Fitting aperture to hotspot...
Candidate: x_peak:        0.495, y_peak:        0.195, r_peak:        0.010, sig:        3.425, ra_peak:      184.722, dec_peak:       -9.395
Characteristic density local = 6215.0 deg^-2 = 1.726 arcmin^-2
Fitting aperture to hotspot...
Candidate: x_peak:        0.515, y_peak:        0.565, r_peak:        0.200, sig:        8.902, ra_peak:      184.741, dec_peak:       -9.025
Characteristic density local = 6801.9 deg^-2 = 1.889 arcmin^-2
Fitting aperture to hotspot...
Candidate: x_peak:        0.605, y_peak:        0.675, r_peak:        0.020, sig:       17.959, ra_peak:      184.832, dec_peak:       -8.914
Characteristic density local = 6600.0 deg^-2 = 1.833 arcmin^-2
Fitting aperture to hotspot...
Candidate: x_peak:        0.805, y_peak:        0.275, r_peak:        0.070, sig:        3.214, ra_peak:      185.036, dec_peak:       -9.314
Characteristic density local = 6600.0 deg^-2 = 1.833 arcmin^-2
Fitting aperture to hotspot...
Candidate: x_peak:        1.145, y_peak:        0.185, r_peak:        0.030, sig:        4.579, ra_peak:      185.381, dec_peak:       -9.403
Distance = 39.8 kpc (m-M = 18.0)
302764 objects left after isochrone cut...
Characteristic density = 6600.0 deg^-2
Characteristic density local = 6600.0 deg^-2 = 1.833 arcmin^-2
Fitting aperture to hotspot...
Candidate: x_peak:       -0.555, y_peak:        0.595, r_peak:        0.020, sig:        9.012, ra_peak:      183.658, dec_peak:       -8.995
Characteristic density local = 6851.6 deg^-2 = 1.903 arcmin^-2
Fitting aperture to hotspot...
Candidate: x_peak:        0.235, y_peak:        0.905, r_peak:        0.020, sig:        3.732, ra_peak:      184.458, dec_peak:       -8.685
Characteristic density local = 6449.8 deg^-2 = 1.792 arcmin^-2
Fitting aperture to hotspot...
Candidate: x_peak:        0.405, y_peak:        0.685, r_peak:        0.020, sig:       11.974, ra_peak:      184.630, dec_peak:       -8.905
Characteristic density local = 6600.0 deg^-2 = 1.833 arcmin^-2
Fitting aperture to hotspot...
Candidate: x_peak:        0.495, y_peak:        0.195, r_peak:        0.010, sig:        3.425, ra_peak:      184.722, dec_peak:       -9.395
Characteristic density local = 6209.0 deg^-2 = 1.725 arcmin^-2
Fitting aperture to hotspot...
Candidate: x_peak:        0.515, y_peak:        0.565, r_peak:        0.200, sig:        8.931, ra_peak:      184.741, dec_peak:       -9.025
Characteristic density local = 6797.9 deg^-2 = 1.888 arcmin^-2
Fitting aperture to hotspot...
Candidate: x_peak:        0.605, y_peak:        0.675, r_peak:        0.020, sig:       17.962, ra_peak:      184.832, dec_peak:       -8.914
Characteristic density local = 6600.0 deg^-2 = 1.833 arcmin^-2
Fitting aperture to hotspot...
Candidate: x_peak:        0.805, y_peak:        0.275, r_peak:        0.070, sig:        3.214, ra_peak:      185.036, dec_peak:       -9.314
Characteristic density local = 6600.0 deg^-2 = 1.833 arcmin^-2
Fitting aperture to hotspot...
Candidate: x_peak:        1.145, y_peak:        0.185, r_peak:        0.030, sig:        4.579, ra_peak:      185.381, dec_peak:       -9.403
Distance = 50.1 kpc (m-M = 18.5)
302327 objects left after isochrone cut...
Characteristic density = 6500.0 deg^-2
Characteristic density local = 6500.0 deg^-2 = 1.806 arcmin^-2
Fitting aperture to hotspot...
Candidate: x_peak:       -0.555, y_peak:        0.595, r_peak:        0.020, sig:        9.076, ra_peak:      183.658, dec_peak:       -8.995
Characteristic density local = 6841.7 deg^-2 = 1.900 arcmin^-2
Fitting aperture to hotspot...
Candidate: x_peak:        0.235, y_peak:        0.905, r_peak:        0.020, sig:        3.737, ra_peak:      184.458, dec_peak:       -8.685
Characteristic density local = 6439.8 deg^-2 = 1.789 arcmin^-2
Fitting aperture to hotspot...
Candidate: x_peak:        0.405, y_peak:        0.685, r_peak:        0.020, sig:       11.981, ra_peak:      184.630, dec_peak:       -8.905
Characteristic density local = 6500.0 deg^-2 = 1.806 arcmin^-2
Fitting aperture to hotspot...
Candidate: x_peak:        0.495, y_peak:        0.195, r_peak:        0.010, sig:        3.454, ra_peak:      184.722, dec_peak:       -9.395
Characteristic density local = 6199.1 deg^-2 = 1.722 arcmin^-2
Fitting aperture to hotspot...
Candidate: x_peak:        0.515, y_peak:        0.565, r_peak:        0.200, sig:        8.945, ra_peak:      184.741, dec_peak:       -9.025
Characteristic density local = 6791.9 deg^-2 = 1.887 arcmin^-2
Fitting aperture to hotspot...
Candidate: x_peak:        0.605, y_peak:        0.675, r_peak:        0.020, sig:       17.967, ra_peak:      184.832, dec_peak:       -8.914
Characteristic density local = 6500.0 deg^-2 = 1.806 arcmin^-2
Fitting aperture to hotspot...
Candidate: x_peak:        0.805, y_peak:        0.275, r_peak:        0.070, sig:        3.285, ra_peak:      185.036, dec_peak:       -9.314
Characteristic density local = 6500.0 deg^-2 = 1.806 arcmin^-2
Fitting aperture to hotspot...
Candidate: x_peak:        1.145, y_peak:        0.185, r_peak:        0.030, sig:        4.655, ra_peak:      185.381, dec_peak:       -9.403
Distance = 63.1 kpc (m-M = 19.0)
301293 objects left after isochrone cut...
Characteristic density = 6500.0 deg^-2
Characteristic density local = 6500.0 deg^-2 = 1.806 arcmin^-2
Fitting aperture to hotspot...
Candidate: x_peak:       -0.555, y_peak:        0.595, r_peak:        0.020, sig:        9.076, ra_peak:      183.658, dec_peak:       -8.995
Characteristic density local = 6789.9 deg^-2 = 1.886 arcmin^-2
Fitting aperture to hotspot...
Candidate: x_peak:        0.235, y_peak:        0.905, r_peak:        0.020, sig:        3.764, ra_peak:      184.458, dec_peak:       -8.685
Characteristic density local = 6390.1 deg^-2 = 1.775 arcmin^-2
Fitting aperture to hotspot...
Candidate: x_peak:        0.405, y_peak:        0.685, r_peak:        0.020, sig:       12.016, ra_peak:      184.630, dec_peak:       -8.905
Characteristic density local = 6500.0 deg^-2 = 1.806 arcmin^-2
Fitting aperture to hotspot...
Candidate: x_peak:        0.475, y_peak:        0.185, r_peak:        0.070, sig:        2.922, ra_peak:      184.701, dec_peak:       -9.405
Characteristic density local = 6153.3 deg^-2 = 1.709 arcmin^-2
Fitting aperture to hotspot...
Candidate: x_peak:        0.515, y_peak:        0.565, r_peak:        0.200, sig:        8.935, ra_peak:      184.741, dec_peak:       -9.025
Characteristic density local = 6732.3 deg^-2 = 1.870 arcmin^-2
Fitting aperture to hotspot...
Candidate: x_peak:        0.605, y_peak:        0.675, r_peak:        0.020, sig:       18.013, ra_peak:      184.832, dec_peak:       -8.914
Characteristic density local = 6500.0 deg^-2 = 1.806 arcmin^-2
Fitting aperture to hotspot...
Candidate: x_peak:        0.805, y_peak:        0.275, r_peak:        0.070, sig:        3.285, ra_peak:      185.036, dec_peak:       -9.314
Characteristic density local = 6500.0 deg^-2 = 1.806 arcmin^-2
Fitting aperture to hotspot...
Candidate: x_peak:        1.145, y_peak:        0.185, r_peak:        0.030, sig:        4.655, ra_peak:      185.381, dec_peak:       -9.403
Distance = 79.4 kpc (m-M = 19.5)
299944 objects left after isochrone cut...
Characteristic density = 6400.0 deg^-2
Characteristic density local = 6400.0 deg^-2 = 1.778 arcmin^-2
Fitting aperture to hotspot...
Candidate: x_peak:       -0.555, y_peak:        0.595, r_peak:        0.020, sig:        9.140, ra_peak:      183.658, dec_peak:       -8.995
Characteristic density local = 6684.5 deg^-2 = 1.857 arcmin^-2
Fitting aperture to hotspot...
Candidate: x_peak:        0.235, y_peak:        0.905, r_peak:        0.020, sig:        3.818, ra_peak:      184.458, dec_peak:       -8.685
Characteristic density local = 6308.5 deg^-2 = 1.752 arcmin^-2
Fitting aperture to hotspot...
Candidate: x_peak:        0.405, y_peak:        0.685, r_peak:        0.020, sig:       11.731, ra_peak:      184.630, dec_peak:       -8.905
Characteristic density local = 6400.0 deg^-2 = 1.778 arcmin^-2
Fitting aperture to hotspot...
Candidate: x_peak:        0.475, y_peak:        0.185, r_peak:        0.070, sig:        2.992, ra_peak:      184.701, dec_peak:       -9.405
Characteristic density local = 6053.9 deg^-2 = 1.682 arcmin^-2
Fitting aperture to hotspot...
Candidate: x_peak:        0.515, y_peak:        0.565, r_peak:        0.200, sig:        9.083, ra_peak:      184.741, dec_peak:       -9.025
Characteristic density local = 6604.9 deg^-2 = 1.835 arcmin^-2
Fitting aperture to hotspot...
Candidate: x_peak:        0.605, y_peak:        0.675, r_peak:        0.020, sig:       18.113, ra_peak:      184.832, dec_peak:       -8.914
Characteristic density local = 6400.0 deg^-2 = 1.778 arcmin^-2
Fitting aperture to hotspot...
Candidate: x_peak:        0.805, y_peak:        0.275, r_peak:        0.070, sig:        3.175, ra_peak:      185.036, dec_peak:       -9.314
Characteristic density local = 5194.4 deg^-2 = 1.443 arcmin^-2
Fitting aperture to hotspot...
Candidate: x_peak:        0.835, y_peak:        0.425, r_peak:        0.230, sig:       10.440, ra_peak:      185.066, dec_peak:       -9.164
Characteristic density local = 6400.0 deg^-2 = 1.778 arcmin^-2
Fitting aperture to hotspot...
Candidate: x_peak:        1.145, y_peak:        0.185, r_peak:        0.030, sig:        4.733, ra_peak:      185.381, dec_peak:       -9.403
Distance = 100.0 kpc (m-M = 20.0)
298350 objects left after isochrone cut...
Characteristic density = 6200.0 deg^-2
Characteristic density local = 6200.0 deg^-2 = 1.722 arcmin^-2
Fitting aperture to hotspot...
Candidate: x_peak:       -0.555, y_peak:        0.595, r_peak:        0.020, sig:        9.270, ra_peak:      183.658, dec_peak:       -8.995
Characteristic density local = 6561.2 deg^-2 = 1.823 arcmin^-2
Fitting aperture to hotspot...
Candidate: x_peak:        0.235, y_peak:        0.905, r_peak:        0.020, sig:        3.883, ra_peak:      184.458, dec_peak:       -8.685
Characteristic density local = 6169.2 deg^-2 = 1.714 arcmin^-2
Fitting aperture to hotspot...
Candidate: x_peak:        0.405, y_peak:        0.685, r_peak:        0.020, sig:       11.829, ra_peak:      184.630, dec_peak:       -8.905
Characteristic density local = 6200.0 deg^-2 = 1.722 arcmin^-2
Fitting aperture to hotspot...
Candidate: x_peak:        0.475, y_peak:        0.185, r_peak:        0.070, sig:        3.228, ra_peak:      184.701, dec_peak:       -9.405
Characteristic density local = 6477.6 deg^-2 = 1.799 arcmin^-2
Fitting aperture to hotspot...
Candidate: x_peak:        0.605, y_peak:        0.675, r_peak:        0.020, sig:       18.214, ra_peak:      184.832, dec_peak:       -8.914
Characteristic density local = 6200.0 deg^-2 = 1.722 arcmin^-2
Fitting aperture to hotspot...
Candidate: x_peak:        0.805, y_peak:        0.275, r_peak:        0.070, sig:        3.228, ra_peak:      185.036, dec_peak:       -9.314
Characteristic density local = 5096.9 deg^-2 = 1.416 arcmin^-2
Fitting aperture to hotspot...
Candidate: x_peak:        0.835, y_peak:        0.425, r_peak:        0.230, sig:       10.227, ra_peak:      185.066, dec_peak:       -9.164
Characteristic density local = 6200.0 deg^-2 = 1.722 arcmin^-2
Fitting aperture to hotspot...
Candidate: x_peak:        1.145, y_peak:        0.185, r_peak:        0.030, sig:        4.533, ra_peak:      185.381, dec_peak:       -9.403
Distance = 125.9 kpc (m-M = 20.5)
296407 objects left after isochrone cut...
Characteristic density = 6100.0 deg^-2
Characteristic density local = 6100.0 deg^-2 = 1.694 arcmin^-2
Fitting aperture to hotspot...
Candidate: x_peak:       -0.555, y_peak:        0.595, r_peak:        0.020, sig:        9.337, ra_peak:      183.658, dec_peak:       -8.995
Characteristic density local = 6410.0 deg^-2 = 1.781 arcmin^-2
Fitting aperture to hotspot...
Candidate: x_peak:        0.235, y_peak:        0.905, r_peak:        0.020, sig:        3.711, ra_peak:      184.458, dec_peak:       -8.685
Characteristic density local = 6032.0 deg^-2 = 1.676 arcmin^-2
Fitting aperture to hotspot...
Candidate: x_peak:        0.405, y_peak:        0.685, r_peak:        0.020, sig:       11.754, ra_peak:      184.630, dec_peak:       -8.905
Characteristic density local = 6100.0 deg^-2 = 1.694 arcmin^-2
Fitting aperture to hotspot...
Candidate: x_peak:        0.465, y_peak:        0.175, r_peak:        0.040, sig:        3.149, ra_peak:      184.691, dec_peak:       -9.415
Characteristic density local = 5817.1 deg^-2 = 1.616 arcmin^-2
Fitting aperture to hotspot...
Candidate: x_peak:        0.515, y_peak:        0.565, r_peak:        0.180, sig:        9.200, ra_peak:      184.741, dec_peak:       -9.025
Characteristic density local = 6344.3 deg^-2 = 1.762 arcmin^-2
Fitting aperture to hotspot...
Candidate: x_peak:        0.605, y_peak:        0.675, r_peak:        0.020, sig:       18.182, ra_peak:      184.832, dec_peak:       -8.914
Characteristic density local = 6100.0 deg^-2 = 1.694 arcmin^-2
Fitting aperture to hotspot...
Candidate: x_peak:        0.805, y_peak:        0.275, r_peak:        0.070, sig:        3.209, ra_peak:      185.036, dec_peak:       -9.314
Characteristic density local = 6100.0 deg^-2 = 1.694 arcmin^-2
Fitting aperture to hotspot...
Candidate: x_peak:        1.145, y_peak:        0.185, r_peak:        0.030, sig:        4.612, ra_peak:      185.381, dec_peak:       -9.403
Distance = 158.5 kpc (m-M = 21.0)
294064 objects left after isochrone cut...
Characteristic density = 5900.0 deg^-2
Characteristic density local = 5900.0 deg^-2 = 1.639 arcmin^-2
Fitting aperture to hotspot...
Candidate: x_peak:       -0.555, y_peak:        0.595, r_peak:        0.020, sig:        9.279, ra_peak:      183.658, dec_peak:       -8.995
Characteristic density local = 6219.0 deg^-2 = 1.727 arcmin^-2
Fitting aperture to hotspot...
Candidate: x_peak:        0.235, y_peak:        0.905, r_peak:        0.020, sig:        3.814, ra_peak:      184.458, dec_peak:       -8.685
Characteristic density local = 5854.9 deg^-2 = 1.626 arcmin^-2
Fitting aperture to hotspot...
Candidate: x_peak:        0.405, y_peak:        0.685, r_peak:        0.020, sig:       11.884, ra_peak:      184.630, dec_peak:       -8.905
Characteristic density local = 5900.0 deg^-2 = 1.639 arcmin^-2
Fitting aperture to hotspot...
Candidate: x_peak:        0.465, y_peak:        0.175, r_peak:        0.040, sig:        3.349, ra_peak:      184.691, dec_peak:       -9.415
Characteristic density local = 5658.0 deg^-2 = 1.572 arcmin^-2
Fitting aperture to hotspot...
Candidate: x_peak:        0.515, y_peak:        0.565, r_peak:        0.180, sig:        9.062, ra_peak:      184.741, dec_peak:       -9.025
Characteristic density local = 6177.2 deg^-2 = 1.716 arcmin^-2
Fitting aperture to hotspot...
Candidate: x_peak:        0.605, y_peak:        0.675, r_peak:        0.020, sig:       18.320, ra_peak:      184.832, dec_peak:       -8.914
Characteristic density local = 5900.0 deg^-2 = 1.639 arcmin^-2
Fitting aperture to hotspot...
Candidate: x_peak:        0.805, y_peak:        0.275, r_peak:        0.070, sig:        3.076, ra_peak:      185.036, dec_peak:       -9.314
Characteristic density local = 4758.7 deg^-2 = 1.322 arcmin^-2
Fitting aperture to hotspot...
Candidate: x_peak:        0.845, y_peak:        0.425, r_peak:        0.220, sig:       10.428, ra_peak:      185.076, dec_peak:       -9.164
Characteristic density local = 5900.0 deg^-2 = 1.639 arcmin^-2
Fitting aperture to hotspot...
Candidate: x_peak:        1.145, y_peak:        0.185, r_peak:        0.030, sig:        4.774, ra_peak:      185.381, dec_peak:       -9.403
Distance = 199.5 kpc (m-M = 21.5)
291343 objects left after isochrone cut...
Characteristic density = 5700.0 deg^-2
Characteristic density local = 5700.0 deg^-2 = 1.583 arcmin^-2
Fitting aperture to hotspot...
Candidate: x_peak:       -0.555, y_peak:        0.595, r_peak:        0.020, sig:        9.222, ra_peak:      183.658, dec_peak:       -8.995
Characteristic density local = 6028.0 deg^-2 = 1.674 arcmin^-2
Fitting aperture to hotspot...
Candidate: x_peak:        0.235, y_peak:        0.905, r_peak:        0.020, sig:        3.919, ra_peak:      184.458, dec_peak:       -8.685
Characteristic density local = 5659.9 deg^-2 = 1.572 arcmin^-2
Fitting aperture to hotspot...
Candidate: x_peak:        0.405, y_peak:        0.685, r_peak:        0.020, sig:       12.030, ra_peak:      184.630, dec_peak:       -8.905
Characteristic density local = 5700.0 deg^-2 = 1.583 arcmin^-2
Fitting aperture to hotspot...
Candidate: x_peak:        0.465, y_peak:        0.175, r_peak:        0.040, sig:        3.242, ra_peak:      184.691, dec_peak:       -9.415
Characteristic density local = 5451.1 deg^-2 = 1.514 arcmin^-2
Fitting aperture to hotspot...
Candidate: x_peak:        0.515, y_peak:        0.565, r_peak:        0.180, sig:        9.141, ra_peak:      184.741, dec_peak:       -9.025
Characteristic density local = 5946.4 deg^-2 = 1.652 arcmin^-2
Fitting aperture to hotspot...
Candidate: x_peak:        0.605, y_peak:        0.675, r_peak:        0.020, sig:       18.373, ra_peak:      184.832, dec_peak:       -8.914
Characteristic density local = 5700.0 deg^-2 = 1.583 arcmin^-2
Fitting aperture to hotspot...
Candidate: x_peak:        0.805, y_peak:        0.275, r_peak:        0.070, sig:        3.035, ra_peak:      185.036, dec_peak:       -9.314
Characteristic density local = 5700.0 deg^-2 = 1.583 arcmin^-2
Fitting aperture to hotspot...
Candidate: x_peak:        1.145, y_peak:        0.185, r_peak:        0.030, sig:        4.940, ra_peak:      185.381, dec_peak:       -9.403
Distance = 251.2 kpc (m-M = 22.0)
288017 objects left after isochrone cut...
Characteristic density = 5500.0 deg^-2
Characteristic density local = 5500.0 deg^-2 = 1.528 arcmin^-2
Fitting aperture to hotspot...
Candidate: x_peak:       -0.555, y_peak:        0.595, r_peak:        0.020, sig:        9.363, ra_peak:      183.658, dec_peak:       -8.995
Characteristic density local = 5745.5 deg^-2 = 1.596 arcmin^-2
Fitting aperture to hotspot...
Candidate: x_peak:        0.235, y_peak:        0.905, r_peak:        0.020, sig:        3.818, ra_peak:      184.458, dec_peak:       -8.685
Characteristic density local = 5405.3 deg^-2 = 1.501 arcmin^-2
Fitting aperture to hotspot...
Candidate: x_peak:        0.405, y_peak:        0.685, r_peak:        0.020, sig:       11.871, ra_peak:      184.630, dec_peak:       -8.905
Characteristic density local = 5500.0 deg^-2 = 1.528 arcmin^-2
Fitting aperture to hotspot...
Candidate: x_peak:        0.465, y_peak:        0.175, r_peak:        0.030, sig:        3.181, ra_peak:      184.691, dec_peak:       -9.415
Characteristic density local = 5240.2 deg^-2 = 1.456 arcmin^-2
Fitting aperture to hotspot...
Candidate: x_peak:        0.515, y_peak:        0.565, r_peak:        0.180, sig:        8.743, ra_peak:      184.741, dec_peak:       -9.025
Characteristic density local = 5699.7 deg^-2 = 1.583 arcmin^-2
Fitting aperture to hotspot...
Candidate: x_peak:        0.605, y_peak:        0.675, r_peak:        0.020, sig:       18.302, ra_peak:      184.832, dec_peak:       -8.914
Characteristic density local = 5500.0 deg^-2 = 1.528 arcmin^-2
Fitting aperture to hotspot...
Candidate: x_peak:        1.145, y_peak:        0.185, r_peak:        0.030, sig:        5.109, ra_peak:      185.381, dec_peak:       -9.403
Distance = 316.2 kpc (m-M = 22.5)
283865 objects left after isochrone cut...
Characteristic density = 5100.0 deg^-2
Characteristic density local = 5100.0 deg^-2 = 1.417 arcmin^-2
Fitting aperture to hotspot...
Candidate: x_peak:       -0.555, y_peak:        0.595, r_peak:        0.020, sig:        9.458, ra_peak:      183.658, dec_peak:       -8.995
Characteristic density local = 5415.2 deg^-2 = 1.504 arcmin^-2
Fitting aperture to hotspot...
Candidate: x_peak:        0.005, y_peak:        1.155, r_peak:        0.020, sig:        3.470, ra_peak:      184.225, dec_peak:       -8.435
Characteristic density local = 5443.1 deg^-2 = 1.512 arcmin^-2
Fitting aperture to hotspot...
Candidate: x_peak:        0.235, y_peak:        0.905, r_peak:        0.020, sig:        3.994, ra_peak:      184.458, dec_peak:       -8.685
Characteristic density local = 5089.0 deg^-2 = 1.414 arcmin^-2
Fitting aperture to hotspot...
Candidate: x_peak:        0.405, y_peak:        0.685, r_peak:        0.020, sig:       12.123, ra_peak:      184.630, dec_peak:       -8.905
Characteristic density local = 5100.0 deg^-2 = 1.417 arcmin^-2
Fitting aperture to hotspot...
Candidate: x_peak:        0.465, y_peak:        0.175, r_peak:        0.040, sig:        3.400, ra_peak:      184.691, dec_peak:       -9.415
Characteristic density local = 4963.6 deg^-2 = 1.379 arcmin^-2
Fitting aperture to hotspot...
Candidate: x_peak:        0.515, y_peak:        0.565, r_peak:        0.180, sig:        8.844, ra_peak:      184.741, dec_peak:       -9.025
Characteristic density local = 5411.3 deg^-2 = 1.503 arcmin^-2
Fitting aperture to hotspot...
Candidate: x_peak:        0.605, y_peak:        0.675, r_peak:        0.020, sig:       18.416, ra_peak:      184.832, dec_peak:       -8.914
Characteristic density local = 5100.0 deg^-2 = 1.417 arcmin^-2
Fitting aperture to hotspot...
Candidate: x_peak:        1.145, y_peak:        0.185, r_peak:        0.030, sig:        5.276, ra_peak:      185.381, dec_peak:       -9.403
Distance = 398.1 kpc (m-M = 23.0)
278884 objects left after isochrone cut...
Characteristic density = 4800.0 deg^-2
Characteristic density local = 4800.0 deg^-2 = 1.333 arcmin^-2
Fitting aperture to hotspot...
Candidate: x_peak:       -0.555, y_peak:        0.595, r_peak:        0.020, sig:        9.690, ra_peak:      183.658, dec_peak:       -8.995
Characteristic density local = 5073.1 deg^-2 = 1.409 arcmin^-2
Fitting aperture to hotspot...
Candidate: x_peak:        0.005, y_peak:        1.155, r_peak:        0.020, sig:        3.105, ra_peak:      184.225, dec_peak:       -8.435
Characteristic density local = 5063.1 deg^-2 = 1.406 arcmin^-2
Fitting aperture to hotspot...
Candidate: x_peak:        0.235, y_peak:        0.905, r_peak:        0.020, sig:        4.225, ra_peak:      184.458, dec_peak:       -8.685
Characteristic density local = 4720.9 deg^-2 = 1.311 arcmin^-2
Fitting aperture to hotspot...
Candidate: x_peak:        0.405, y_peak:        0.685, r_peak:        0.020, sig:       12.251, ra_peak:      184.630, dec_peak:       -8.905
Characteristic density local = 4611.5 deg^-2 = 1.281 arcmin^-2
Fitting aperture to hotspot...
Candidate: x_peak:        0.515, y_peak:        0.565, r_peak:        0.180, sig:        8.641, ra_peak:      184.741, dec_peak:       -9.025
Characteristic density local = 4800.0 deg^-2 = 1.333 arcmin^-2
Fitting aperture to hotspot...
Candidate: x_peak:        0.525, y_peak:        0.215, r_peak:        0.020, sig:        3.559, ra_peak:      184.752, dec_peak:       -9.375
Characteristic density local = 5033.3 deg^-2 = 1.398 arcmin^-2
Fitting aperture to hotspot...
Candidate: x_peak:        0.605, y_peak:        0.675, r_peak:        0.020, sig:       18.478, ra_peak:      184.832, dec_peak:       -8.914
Characteristic density local = 4800.0 deg^-2 = 1.333 arcmin^-2
Fitting aperture to hotspot...
Candidate: x_peak:        1.145, y_peak:        0.185, r_peak:        0.030, sig:        5.553, ra_peak:      185.381, dec_peak:       -9.403
18.48 sigma; (RA, Dec, d) = (184.83, -8.91); r = 0.02 deg; d = 398.1, mu = 23.00 mag), mc_source_id: 0.00
12.25 sigma; (RA, Dec, d) = (184.63, -8.90); r = 0.02 deg; d = 398.1, mu = 23.00 mag), mc_source_id: 0.00
10.44 sigma; (RA, Dec, d) = (185.07, -9.16); r = 0.23 deg; d = 79.4, mu = 19.50 mag), mc_source_id: 0.00
9.69 sigma; (RA, Dec, d) = (183.66, -8.99); r = 0.02 deg; d = 398.1, mu = 23.00 mag), mc_source_id: 0.00
9.20 sigma; (RA, Dec, d) = (184.74, -9.02); r = 0.18 deg; d = 125.9, mu = 20.50 mag), mc_source_id: 0.00
5.55 sigma; (RA, Dec, d) = (185.38, -9.40); r = 0.03 deg; d = 398.1, mu = 23.00 mag), mc_source_id: 0.00
4.23 sigma; (RA, Dec, d) = (184.46, -8.68); r = 0.02 deg; d = 398.1, mu = 23.00 mag), mc_source_id: 0.00
3.56 sigma; (RA, Dec, d) = (184.75, -9.37); r = 0.02 deg; d = 398.1, mu = 23.00 mag), mc_source_id: 0.00
3.47 sigma; (RA, Dec, d) = (184.23, -8.43); r = 0.02 deg; d = 316.2, mu = 22.50 mag), mc_source_id: 0.00
3.45 sigma; (RA, Dec, d) = (184.72, -9.39); r = 0.01 deg; d = 50.1, mu = 18.50 mag), mc_source_id: 0.00
3.40 sigma; (RA, Dec, d) = (184.69, -9.41); r = 0.04 deg; d = 316.2, mu = 22.50 mag), mc_source_id: 0.00

------------------------------------------------------------
Job <681646.0> was submitted from <des51.fnal.gov> by user <tavangar>.
Job was executed on host <des40.fnal.gov> as user <tavangar>.
</var/lib/condor/execute/dir_2142838> was used as the initial working directory.
Results reported at Wed Jun  5 15:10:59 CDT 2019

Your job looked like:

------------------------------------------------------------
python /home/s1/tavangar/tavangar_simple/search_algorithm.py 184.22 -9.59 0.00 /home/s1/tavangar/tavangar_simple/decals_dr7_results/results_nside_32_7169.csv /home/s1/tavangar/tavangar_simple/decals_dr7_results/decals_dr7_log/results_nside_32_7169.log
------------------------------------------------------------

Successfully completed.

Resource usage summary:

	Real time :			178.33 sec.
	CPU time :			18.73 sec.
	CPU percentage :		81%
	Max Memory :			2786352 KB
	Average Memory :		0 KB

The output (if any) is above this job summary.
