/home/s1/tavangar/tavangar_simple/simple_utils.py:170: FutureWarning: elementwise comparison failed; returning scalar instead, but in the future will perform elementwise comparison
  if np.all(isochrone.stage == 'Main'):
Search coordinates: (RA, Dec) = (23.91, -2.39)
Center healpixel: 6344
Healpixels: [6344 6472 6343 6216 6088 6217 6345 6473 6600]
MC_SOURCE_ID = 0.0
mode = 0: running only on real data
Found 1 objects...
Applying cuts...
920435 star-like objects in ROI...
1370296 galaxy-like objects in ROI...
No fracdet map specified ...
Distance = 15.8 kpc (m-M = 16.0)
920414 objects left after isochrone cut...
Characteristic density = 3700.0 deg^-2
Characteristic density local = 4173.8 deg^-2 = 1.159 arcmin^-2
Fitting aperture to hotspot...
Candidate: x_peak:       -0.505, y_peak:        0.525, r_peak:        0.020, sig:       11.993, ra_peak:       23.405, dec_peak:       -1.865
Characteristic density local = 4173.8 deg^-2 = 1.159 arcmin^-2
Fitting aperture to hotspot...
Candidate: x_peak:       -0.495, y_peak:        0.745, r_peak:        0.020, sig:        8.053, ra_peak:       23.415, dec_peak:       -1.645
Characteristic density local = 4327.0 deg^-2 = 1.202 arcmin^-2
Fitting aperture to hotspot...
Candidate: x_peak:       -0.435, y_peak:        0.225, r_peak:        0.020, sig:        9.665, ra_peak:       23.475, dec_peak:       -2.165
Characteristic density local = 4587.6 deg^-2 = 1.274 arcmin^-2
Fitting aperture to hotspot...
Candidate: x_peak:       -0.215, y_peak:        0.355, r_peak:        0.020, sig:       14.315, ra_peak:       23.695, dec_peak:       -2.035
Characteristic density local = 4285.2 deg^-2 = 1.190 arcmin^-2
Fitting aperture to hotspot...
Candidate: x_peak:       -0.135, y_peak:        0.055, r_peak:        0.020, sig:       17.087, ra_peak:       23.775, dec_peak:       -2.335
Characteristic density local = 4078.3 deg^-2 = 1.133 arcmin^-2
Fitting aperture to hotspot...
Candidate: x_peak:        0.345, y_peak:       -0.885, r_peak:        0.030, sig:        8.995, ra_peak:       24.256, dec_peak:       -3.275
Characteristic density local = 3831.7 deg^-2 = 1.064 arcmin^-2
Fitting aperture to hotspot...
Candidate: x_peak:        0.465, y_peak:       -0.365, r_peak:        0.010, sig:        7.554, ra_peak:       24.376, dec_peak:       -2.755
Characteristic density local = 3644.6 deg^-2 = 1.012 arcmin^-2
Fitting aperture to hotspot...
Candidate: x_peak:        0.875, y_peak:        0.115, r_peak:        0.020, sig:        9.634, ra_peak:       24.786, dec_peak:       -2.275
Characteristic density local = 3941.1 deg^-2 = 1.095 arcmin^-2
Fitting aperture to hotspot...
Candidate: x_peak:        1.005, y_peak:       -0.125, r_peak:        0.020, sig:       10.421, ra_peak:       24.916, dec_peak:       -2.515
Distance = 20.0 kpc (m-M = 16.5)
920428 objects left after isochrone cut...
Characteristic density = 3700.0 deg^-2
Characteristic density local = 4173.8 deg^-2 = 1.159 arcmin^-2
Fitting aperture to hotspot...
Candidate: x_peak:       -0.505, y_peak:        0.525, r_peak:        0.020, sig:       11.993, ra_peak:       23.405, dec_peak:       -1.865
Characteristic density local = 4173.8 deg^-2 = 1.159 arcmin^-2
Fitting aperture to hotspot...
Candidate: x_peak:       -0.495, y_peak:        0.745, r_peak:        0.020, sig:        8.053, ra_peak:       23.415, dec_peak:       -1.645
Characteristic density local = 4327.0 deg^-2 = 1.202 arcmin^-2
Fitting aperture to hotspot...
Candidate: x_peak:       -0.435, y_peak:        0.225, r_peak:        0.020, sig:        9.665, ra_peak:       23.475, dec_peak:       -2.165
Characteristic density local = 4587.6 deg^-2 = 1.274 arcmin^-2
Fitting aperture to hotspot...
Candidate: x_peak:       -0.215, y_peak:        0.355, r_peak:        0.020, sig:       14.315, ra_peak:       23.695, dec_peak:       -2.035
Characteristic density local = 4285.2 deg^-2 = 1.190 arcmin^-2
Fitting aperture to hotspot...
Candidate: x_peak:       -0.135, y_peak:        0.055, r_peak:        0.020, sig:       17.087, ra_peak:       23.775, dec_peak:       -2.335
Characteristic density local = 4078.3 deg^-2 = 1.133 arcmin^-2
Fitting aperture to hotspot...
Candidate: x_peak:        0.345, y_peak:       -0.885, r_peak:        0.030, sig:        8.995, ra_peak:       24.256, dec_peak:       -3.275
Characteristic density local = 3831.7 deg^-2 = 1.064 arcmin^-2
Fitting aperture to hotspot...
Candidate: x_peak:        0.465, y_peak:       -0.365, r_peak:        0.010, sig:        7.554, ra_peak:       24.376, dec_peak:       -2.755
Characteristic density local = 3644.6 deg^-2 = 1.012 arcmin^-2
Fitting aperture to hotspot...
Candidate: x_peak:        0.875, y_peak:        0.115, r_peak:        0.020, sig:        9.634, ra_peak:       24.786, dec_peak:       -2.275
Characteristic density local = 3941.1 deg^-2 = 1.095 arcmin^-2
Fitting aperture to hotspot...
Candidate: x_peak:        1.005, y_peak:       -0.125, r_peak:        0.020, sig:       10.421, ra_peak:       24.916, dec_peak:       -2.515
Distance = 25.1 kpc (m-M = 17.0)
920430 objects left after isochrone cut...
Characteristic density = 3700.0 deg^-2
Characteristic density local = 4173.8 deg^-2 = 1.159 arcmin^-2
Fitting aperture to hotspot...
Candidate: x_peak:       -0.505, y_peak:        0.525, r_peak:        0.020, sig:       11.993, ra_peak:       23.405, dec_peak:       -1.865
Characteristic density local = 4173.8 deg^-2 = 1.159 arcmin^-2
Fitting aperture to hotspot...
Candidate: x_peak:       -0.495, y_peak:        0.745, r_peak:        0.020, sig:        8.053, ra_peak:       23.415, dec_peak:       -1.645
Characteristic density local = 4327.0 deg^-2 = 1.202 arcmin^-2
Fitting aperture to hotspot...
Candidate: x_peak:       -0.435, y_peak:        0.225, r_peak:        0.020, sig:        9.665, ra_peak:       23.475, dec_peak:       -2.165
Characteristic density local = 4587.6 deg^-2 = 1.274 arcmin^-2
Fitting aperture to hotspot...
Candidate: x_peak:       -0.215, y_peak:        0.355, r_peak:        0.020, sig:       14.315, ra_peak:       23.695, dec_peak:       -2.035
Characteristic density local = 4285.2 deg^-2 = 1.190 arcmin^-2
Fitting aperture to hotspot...
Candidate: x_peak:       -0.135, y_peak:        0.055, r_peak:        0.020, sig:       17.087, ra_peak:       23.775, dec_peak:       -2.335
Characteristic density local = 4078.3 deg^-2 = 1.133 arcmin^-2
Fitting aperture to hotspot...
Candidate: x_peak:        0.345, y_peak:       -0.885, r_peak:        0.030, sig:        8.995, ra_peak:       24.256, dec_peak:       -3.275
Characteristic density local = 3831.7 deg^-2 = 1.064 arcmin^-2
Fitting aperture to hotspot...
Candidate: x_peak:        0.465, y_peak:       -0.365, r_peak:        0.010, sig:        7.554, ra_peak:       24.376, dec_peak:       -2.755
Characteristic density local = 3644.6 deg^-2 = 1.012 arcmin^-2
Fitting aperture to hotspot...
Candidate: x_peak:        0.875, y_peak:        0.115, r_peak:        0.020, sig:        9.634, ra_peak:       24.786, dec_peak:       -2.275
Characteristic density local = 3941.1 deg^-2 = 1.095 arcmin^-2
Fitting aperture to hotspot...
Candidate: x_peak:        1.005, y_peak:       -0.125, r_peak:        0.020, sig:       10.421, ra_peak:       24.916, dec_peak:       -2.515
Distance = 31.6 kpc (m-M = 17.5)
920434 objects left after isochrone cut...
Characteristic density = 3700.0 deg^-2
Characteristic density local = 4173.8 deg^-2 = 1.159 arcmin^-2
Fitting aperture to hotspot...
Candidate: x_peak:       -0.505, y_peak:        0.525, r_peak:        0.020, sig:       11.993, ra_peak:       23.405, dec_peak:       -1.865
Characteristic density local = 4173.8 deg^-2 = 1.159 arcmin^-2
Fitting aperture to hotspot...
Candidate: x_peak:       -0.495, y_peak:        0.745, r_peak:        0.020, sig:        8.053, ra_peak:       23.415, dec_peak:       -1.645
Characteristic density local = 4327.0 deg^-2 = 1.202 arcmin^-2
Fitting aperture to hotspot...
Candidate: x_peak:       -0.435, y_peak:        0.225, r_peak:        0.020, sig:        9.665, ra_peak:       23.475, dec_peak:       -2.165
Characteristic density local = 4587.6 deg^-2 = 1.274 arcmin^-2
Fitting aperture to hotspot...
Candidate: x_peak:       -0.215, y_peak:        0.355, r_peak:        0.020, sig:       14.315, ra_peak:       23.695, dec_peak:       -2.035
Characteristic density local = 4285.2 deg^-2 = 1.190 arcmin^-2
Fitting aperture to hotspot...
Candidate: x_peak:       -0.135, y_peak:        0.055, r_peak:        0.020, sig:       17.087, ra_peak:       23.775, dec_peak:       -2.335
Characteristic density local = 4078.3 deg^-2 = 1.133 arcmin^-2
Fitting aperture to hotspot...
Candidate: x_peak:        0.345, y_peak:       -0.885, r_peak:        0.030, sig:        8.995, ra_peak:       24.256, dec_peak:       -3.275
Characteristic density local = 3831.7 deg^-2 = 1.064 arcmin^-2
Fitting aperture to hotspot...
Candidate: x_peak:        0.465, y_peak:       -0.365, r_peak:        0.010, sig:        7.554, ra_peak:       24.376, dec_peak:       -2.755
Characteristic density local = 3644.6 deg^-2 = 1.012 arcmin^-2
Fitting aperture to hotspot...
Candidate: x_peak:        0.875, y_peak:        0.115, r_peak:        0.020, sig:        9.634, ra_peak:       24.786, dec_peak:       -2.275
Characteristic density local = 3941.1 deg^-2 = 1.095 arcmin^-2
Fitting aperture to hotspot...
Candidate: x_peak:        1.005, y_peak:       -0.125, r_peak:        0.020, sig:       10.421, ra_peak:       24.916, dec_peak:       -2.515
Distance = 39.8 kpc (m-M = 18.0)
920434 objects left after isochrone cut...
Characteristic density = 3700.0 deg^-2
Characteristic density local = 4173.8 deg^-2 = 1.159 arcmin^-2
Fitting aperture to hotspot...
Candidate: x_peak:       -0.505, y_peak:        0.525, r_peak:        0.020, sig:       11.993, ra_peak:       23.405, dec_peak:       -1.865
Characteristic density local = 4173.8 deg^-2 = 1.159 arcmin^-2
Fitting aperture to hotspot...
Candidate: x_peak:       -0.495, y_peak:        0.745, r_peak:        0.020, sig:        8.053, ra_peak:       23.415, dec_peak:       -1.645
Characteristic density local = 4327.0 deg^-2 = 1.202 arcmin^-2
Fitting aperture to hotspot...
Candidate: x_peak:       -0.435, y_peak:        0.225, r_peak:        0.020, sig:        9.665, ra_peak:       23.475, dec_peak:       -2.165
Characteristic density local = 4587.6 deg^-2 = 1.274 arcmin^-2
Fitting aperture to hotspot...
Candidate: x_peak:       -0.215, y_peak:        0.355, r_peak:        0.020, sig:       14.315, ra_peak:       23.695, dec_peak:       -2.035
Characteristic density local = 4285.2 deg^-2 = 1.190 arcmin^-2
Fitting aperture to hotspot...
Candidate: x_peak:       -0.135, y_peak:        0.055, r_peak:        0.020, sig:       17.087, ra_peak:       23.775, dec_peak:       -2.335
Characteristic density local = 4078.3 deg^-2 = 1.133 arcmin^-2
Fitting aperture to hotspot...
Candidate: x_peak:        0.345, y_peak:       -0.885, r_peak:        0.030, sig:        8.995, ra_peak:       24.256, dec_peak:       -3.275
Characteristic density local = 3831.7 deg^-2 = 1.064 arcmin^-2
Fitting aperture to hotspot...
Candidate: x_peak:        0.465, y_peak:       -0.365, r_peak:        0.010, sig:        7.554, ra_peak:       24.376, dec_peak:       -2.755
Characteristic density local = 3644.6 deg^-2 = 1.012 arcmin^-2
Fitting aperture to hotspot...
Candidate: x_peak:        0.875, y_peak:        0.115, r_peak:        0.020, sig:        9.634, ra_peak:       24.786, dec_peak:       -2.275
Characteristic density local = 3941.1 deg^-2 = 1.095 arcmin^-2
Fitting aperture to hotspot...
Candidate: x_peak:        1.005, y_peak:       -0.125, r_peak:        0.020, sig:       10.421, ra_peak:       24.916, dec_peak:       -2.515
Distance = 50.1 kpc (m-M = 18.5)
920434 objects left after isochrone cut...
Characteristic density = 3700.0 deg^-2
Characteristic density local = 4173.8 deg^-2 = 1.159 arcmin^-2
Fitting aperture to hotspot...
Candidate: x_peak:       -0.505, y_peak:        0.525, r_peak:        0.020, sig:       11.993, ra_peak:       23.405, dec_peak:       -1.865
Characteristic density local = 4173.8 deg^-2 = 1.159 arcmin^-2
Fitting aperture to hotspot...
Candidate: x_peak:       -0.495, y_peak:        0.745, r_peak:        0.020, sig:        8.053, ra_peak:       23.415, dec_peak:       -1.645
Characteristic density local = 4327.0 deg^-2 = 1.202 arcmin^-2
Fitting aperture to hotspot...
Candidate: x_peak:       -0.435, y_peak:        0.225, r_peak:        0.020, sig:        9.665, ra_peak:       23.475, dec_peak:       -2.165
Characteristic density local = 4587.6 deg^-2 = 1.274 arcmin^-2
Fitting aperture to hotspot...
Candidate: x_peak:       -0.215, y_peak:        0.355, r_peak:        0.020, sig:       14.315, ra_peak:       23.695, dec_peak:       -2.035
Characteristic density local = 4285.2 deg^-2 = 1.190 arcmin^-2
Fitting aperture to hotspot...
Candidate: x_peak:       -0.135, y_peak:        0.055, r_peak:        0.020, sig:       17.087, ra_peak:       23.775, dec_peak:       -2.335
Characteristic density local = 4078.3 deg^-2 = 1.133 arcmin^-2
Fitting aperture to hotspot...
Candidate: x_peak:        0.345, y_peak:       -0.885, r_peak:        0.030, sig:        8.995, ra_peak:       24.256, dec_peak:       -3.275
Characteristic density local = 3831.7 deg^-2 = 1.064 arcmin^-2
Fitting aperture to hotspot...
Candidate: x_peak:        0.465, y_peak:       -0.365, r_peak:        0.010, sig:        7.554, ra_peak:       24.376, dec_peak:       -2.755
Characteristic density local = 3644.6 deg^-2 = 1.012 arcmin^-2
Fitting aperture to hotspot...
Candidate: x_peak:        0.875, y_peak:        0.115, r_peak:        0.020, sig:        9.634, ra_peak:       24.786, dec_peak:       -2.275
Characteristic density local = 3941.1 deg^-2 = 1.095 arcmin^-2
Fitting aperture to hotspot...
Candidate: x_peak:        1.005, y_peak:       -0.125, r_peak:        0.020, sig:       10.421, ra_peak:       24.916, dec_peak:       -2.515
Distance = 63.1 kpc (m-M = 19.0)
920240 objects left after isochrone cut...
Characteristic density = 3700.0 deg^-2
Characteristic density local = 3680.5 deg^-2 = 1.022 arcmin^-2
Fitting aperture to hotspot...
Candidate: x_peak:       -1.095, y_peak:        0.065, r_peak:        0.020, sig:        6.531, ra_peak:       22.814, dec_peak:       -2.325
Characteristic density local = 3779.9 deg^-2 = 1.050 arcmin^-2
Fitting aperture to hotspot...
Candidate: x_peak:       -1.235, y_peak:       -0.115, r_peak:        0.060, sig:        2.441, ra_peak:       22.674, dec_peak:       -2.504
Characteristic density local = 3875.4 deg^-2 = 1.077 arcmin^-2
Fitting aperture to hotspot...
Candidate: x_peak:       -0.875, y_peak:       -0.105, r_peak:        0.040, sig:        4.535, ra_peak:       23.034, dec_peak:       -2.495
Characteristic density local = 3903.3 deg^-2 = 1.084 arcmin^-2
Fitting aperture to hotspot...
Candidate: x_peak:       -1.055, y_peak:       -0.295, r_peak:        0.020, sig:        2.927, ra_peak:       22.854, dec_peak:       -2.685
Characteristic density local = 4279.3 deg^-2 = 1.189 arcmin^-2
Fitting aperture to hotspot...
Candidate: x_peak:       -0.135, y_peak:        0.055, r_peak:        0.020, sig:       17.093, ra_peak:       23.775, dec_peak:       -2.335
Characteristic density local = 4325.0 deg^-2 = 1.201 arcmin^-2
Fitting aperture to hotspot...
Candidate: x_peak:        0.545, y_peak:       -0.695, r_peak:        0.030, sig:        1.710, ra_peak:       24.456, dec_peak:       -3.085
Characteristic density local = 4088.3 deg^-2 = 1.136 arcmin^-2
Fitting aperture to hotspot...
Candidate: x_peak:        0.645, y_peak:       -0.315, r_peak:        0.010, sig:        2.320, ra_peak:       24.556, dec_peak:       -2.705
Characteristic density local = 3785.9 deg^-2 = 1.052 arcmin^-2
Fitting aperture to hotspot...
Candidate: x_peak:        0.665, y_peak:        0.365, r_peak:        0.020, sig:        1.980, ra_peak:       24.575, dec_peak:       -2.025
Characteristic density local = 3819.7 deg^-2 = 1.061 arcmin^-2
Fitting aperture to hotspot...
Candidate: x_peak:        1.045, y_peak:        0.145, r_peak:        0.290, sig:        1.545, ra_peak:       24.956, dec_peak:       -2.245
Distance = 79.4 kpc (m-M = 19.5)
919079 objects left after isochrone cut...
Characteristic density = 3700.0 deg^-2
Characteristic density local = 4108.2 deg^-2 = 1.141 arcmin^-2
Fitting aperture to hotspot...
Candidate: x_peak:       -0.505, y_peak:        0.525, r_peak:        0.020, sig:       12.054, ra_peak:       23.405, dec_peak:       -1.865
Characteristic density local = 4110.2 deg^-2 = 1.142 arcmin^-2
Fitting aperture to hotspot...
Candidate: x_peak:       -0.495, y_peak:        0.745, r_peak:        0.020, sig:        8.105, ra_peak:       23.415, dec_peak:       -1.645
Characteristic density local = 4255.4 deg^-2 = 1.182 arcmin^-2
Fitting aperture to hotspot...
Candidate: x_peak:       -0.435, y_peak:        0.225, r_peak:        0.020, sig:        9.726, ra_peak:       23.475, dec_peak:       -2.165
Characteristic density local = 4539.9 deg^-2 = 1.261 arcmin^-2
Fitting aperture to hotspot...
Candidate: x_peak:       -0.215, y_peak:        0.355, r_peak:        0.020, sig:       14.359, ra_peak:       23.695, dec_peak:       -2.035
Characteristic density local = 4223.6 deg^-2 = 1.173 arcmin^-2
Fitting aperture to hotspot...
Candidate: x_peak:       -0.135, y_peak:        0.055, r_peak:        0.020, sig:       17.151, ra_peak:       23.775, dec_peak:       -2.335
Characteristic density local = 4010.7 deg^-2 = 1.114 arcmin^-2
Fitting aperture to hotspot...
Candidate: x_peak:        0.345, y_peak:       -0.885, r_peak:        0.030, sig:        9.073, ra_peak:       24.256, dec_peak:       -3.275
Characteristic density local = 3596.9 deg^-2 = 0.999 arcmin^-2
Fitting aperture to hotspot...
Candidate: x_peak:        0.875, y_peak:        0.115, r_peak:        0.020, sig:        9.679, ra_peak:       24.786, dec_peak:       -2.275
Characteristic density local = 3895.3 deg^-2 = 1.082 arcmin^-2
Fitting aperture to hotspot...
Candidate: x_peak:        1.005, y_peak:       -0.125, r_peak:        0.020, sig:       10.463, ra_peak:       24.916, dec_peak:       -2.515
Distance = 100.0 kpc (m-M = 20.0)
917470 objects left after isochrone cut...
Characteristic density = 3600.0 deg^-2
Characteristic density local = 4044.5 deg^-2 = 1.123 arcmin^-2
Fitting aperture to hotspot...
Candidate: x_peak:       -0.505, y_peak:        0.525, r_peak:        0.020, sig:       12.115, ra_peak:       23.405, dec_peak:       -1.865
Characteristic density local = 4034.6 deg^-2 = 1.121 arcmin^-2
Fitting aperture to hotspot...
Candidate: x_peak:       -0.495, y_peak:        0.745, r_peak:        0.020, sig:        7.938, ra_peak:       23.415, dec_peak:       -1.645
Characteristic density local = 4199.7 deg^-2 = 1.167 arcmin^-2
Fitting aperture to hotspot...
Candidate: x_peak:       -0.435, y_peak:        0.225, r_peak:        0.020, sig:        9.774, ra_peak:       23.475, dec_peak:       -2.165
Characteristic density local = 4163.9 deg^-2 = 1.157 arcmin^-2
Fitting aperture to hotspot...
Candidate: x_peak:       -0.395, y_peak:        0.705, r_peak:        0.020, sig:        6.396, ra_peak:       23.515, dec_peak:       -1.685
Characteristic density local = 4494.1 deg^-2 = 1.248 arcmin^-2
Fitting aperture to hotspot...
Candidate: x_peak:       -0.215, y_peak:        0.355, r_peak:        0.020, sig:       14.402, ra_peak:       23.695, dec_peak:       -2.035
Characteristic density local = 4152.0 deg^-2 = 1.153 arcmin^-2
Fitting aperture to hotspot...
Candidate: x_peak:       -0.135, y_peak:        0.055, r_peak:        0.020, sig:       17.227, ra_peak:       23.775, dec_peak:       -2.335
Characteristic density local = 3921.2 deg^-2 = 1.089 arcmin^-2
Fitting aperture to hotspot...
Candidate: x_peak:        0.345, y_peak:       -0.895, r_peak:        0.020, sig:        9.810, ra_peak:       24.256, dec_peak:       -3.285
Characteristic density local = 3573.0 deg^-2 = 0.993 arcmin^-2
Fitting aperture to hotspot...
Candidate: x_peak:        0.875, y_peak:        0.115, r_peak:        0.020, sig:        9.702, ra_peak:       24.786, dec_peak:       -2.275
Characteristic density local = 3849.6 deg^-2 = 1.069 arcmin^-2
Fitting aperture to hotspot...
Candidate: x_peak:        1.005, y_peak:       -0.125, r_peak:        0.020, sig:       10.506, ra_peak:       24.916, dec_peak:       -2.515
Distance = 125.9 kpc (m-M = 20.5)
915365 objects left after isochrone cut...
Characteristic density = 3600.0 deg^-2
Characteristic density local = 3964.9 deg^-2 = 1.101 arcmin^-2
Fitting aperture to hotspot...
Candidate: x_peak:       -0.505, y_peak:        0.525, r_peak:        0.020, sig:       11.998, ra_peak:       23.405, dec_peak:       -1.865
Characteristic density local = 3929.1 deg^-2 = 1.091 arcmin^-2
Fitting aperture to hotspot...
Candidate: x_peak:       -0.495, y_peak:        0.745, r_peak:        0.020, sig:        8.027, ra_peak:       23.415, dec_peak:       -1.645
Characteristic density local = 4122.1 deg^-2 = 1.145 arcmin^-2
Fitting aperture to hotspot...
Candidate: x_peak:       -0.435, y_peak:        0.225, r_peak:        0.020, sig:        9.631, ra_peak:       23.475, dec_peak:       -2.165
Characteristic density local = 4408.6 deg^-2 = 1.225 arcmin^-2
Fitting aperture to hotspot...
Candidate: x_peak:       -0.215, y_peak:        0.355, r_peak:        0.020, sig:       14.484, ra_peak:       23.695, dec_peak:       -2.035
Characteristic density local = 4064.4 deg^-2 = 1.129 arcmin^-2
Fitting aperture to hotspot...
Candidate: x_peak:       -0.135, y_peak:        0.055, r_peak:        0.020, sig:       17.322, ra_peak:       23.775, dec_peak:       -2.335
Characteristic density local = 3845.6 deg^-2 = 1.068 arcmin^-2
Fitting aperture to hotspot...
Candidate: x_peak:        0.345, y_peak:       -0.895, r_peak:        0.020, sig:        9.879, ra_peak:       24.256, dec_peak:       -3.285
Characteristic density local = 3525.3 deg^-2 = 0.979 arcmin^-2
Fitting aperture to hotspot...
Candidate: x_peak:        0.875, y_peak:        0.115, r_peak:        0.020, sig:        9.748, ra_peak:       24.786, dec_peak:       -2.275
Characteristic density local = 3807.8 deg^-2 = 1.058 arcmin^-2
Fitting aperture to hotspot...
Candidate: x_peak:        1.005, y_peak:       -0.125, r_peak:        0.020, sig:       10.546, ra_peak:       24.916, dec_peak:       -2.515
Distance = 158.5 kpc (m-M = 21.0)
912678 objects left after isochrone cut...
Characteristic density = 3500.0 deg^-2
Characteristic density local = 3861.5 deg^-2 = 1.073 arcmin^-2
Fitting aperture to hotspot...
Candidate: x_peak:       -0.505, y_peak:        0.525, r_peak:        0.020, sig:       12.099, ra_peak:       23.405, dec_peak:       -1.865
Characteristic density local = 3843.6 deg^-2 = 1.068 arcmin^-2
Fitting aperture to hotspot...
Candidate: x_peak:       -0.495, y_peak:        0.745, r_peak:        0.020, sig:        8.101, ra_peak:       23.415, dec_peak:       -1.645
Characteristic density local = 4008.7 deg^-2 = 1.114 arcmin^-2
Fitting aperture to hotspot...
Candidate: x_peak:       -0.435, y_peak:        0.225, r_peak:        0.020, sig:        9.518, ra_peak:       23.475, dec_peak:       -2.165
Characteristic density local = 4303.2 deg^-2 = 1.195 arcmin^-2
Fitting aperture to hotspot...
Candidate: x_peak:       -0.215, y_peak:        0.355, r_peak:        0.020, sig:       14.586, ra_peak:       23.695, dec_peak:       -2.035
Characteristic density local = 3945.1 deg^-2 = 1.096 arcmin^-2
Fitting aperture to hotspot...
Candidate: x_peak:       -0.135, y_peak:        0.055, r_peak:        0.020, sig:       17.454, ra_peak:       23.775, dec_peak:       -2.335
Characteristic density local = 3718.3 deg^-2 = 1.033 arcmin^-2
Fitting aperture to hotspot...
Candidate: x_peak:        0.345, y_peak:       -0.895, r_peak:        0.020, sig:        9.997, ra_peak:       24.256, dec_peak:       -3.285
Characteristic density local = 3437.7 deg^-2 = 0.955 arcmin^-2
Fitting aperture to hotspot...
Candidate: x_peak:        0.875, y_peak:        0.115, r_peak:        0.020, sig:        9.612, ra_peak:       24.786, dec_peak:       -2.275
Characteristic density local = 3720.2 deg^-2 = 1.033 arcmin^-2
Fitting aperture to hotspot...
Candidate: x_peak:        1.005, y_peak:       -0.125, r_peak:        0.020, sig:       10.629, ra_peak:       24.916, dec_peak:       -2.515
Distance = 199.5 kpc (m-M = 21.5)
909530 objects left after isochrone cut...
Characteristic density = 3400.0 deg^-2
Characteristic density local = 3742.1 deg^-2 = 1.039 arcmin^-2
Fitting aperture to hotspot...
Candidate: x_peak:       -0.505, y_peak:        0.525, r_peak:        0.020, sig:       12.218, ra_peak:       23.405, dec_peak:       -1.865
Characteristic density local = 3732.2 deg^-2 = 1.037 arcmin^-2
Fitting aperture to hotspot...
Candidate: x_peak:       -0.495, y_peak:        0.745, r_peak:        0.020, sig:        8.198, ra_peak:       23.415, dec_peak:       -1.645
Characteristic density local = 3881.4 deg^-2 = 1.078 arcmin^-2
Fitting aperture to hotspot...
Candidate: x_peak:       -0.435, y_peak:        0.225, r_peak:        0.020, sig:        9.632, ra_peak:       23.475, dec_peak:       -2.165
Characteristic density local = 4173.8 deg^-2 = 1.159 arcmin^-2
Fitting aperture to hotspot...
Candidate: x_peak:       -0.215, y_peak:        0.355, r_peak:        0.020, sig:       14.714, ra_peak:       23.695, dec_peak:       -2.035
Characteristic density local = 3797.8 deg^-2 = 1.055 arcmin^-2
Fitting aperture to hotspot...
Candidate: x_peak:       -0.135, y_peak:        0.055, r_peak:        0.020, sig:       17.621, ra_peak:       23.775, dec_peak:       -2.335
Characteristic density local = 3618.8 deg^-2 = 1.005 arcmin^-2
Fitting aperture to hotspot...
Candidate: x_peak:        0.345, y_peak:       -0.895, r_peak:        0.020, sig:       10.092, ra_peak:       24.256, dec_peak:       -3.285
Characteristic density local = 3336.3 deg^-2 = 0.927 arcmin^-2
Fitting aperture to hotspot...
Candidate: x_peak:        0.875, y_peak:        0.115, r_peak:        0.020, sig:        9.713, ra_peak:       24.786, dec_peak:       -2.275
Characteristic density local = 3634.7 deg^-2 = 1.010 arcmin^-2
Fitting aperture to hotspot...
Candidate: x_peak:        1.005, y_peak:       -0.125, r_peak:        0.020, sig:       10.503, ra_peak:       24.916, dec_peak:       -2.515
Distance = 251.2 kpc (m-M = 22.0)
905868 objects left after isochrone cut...
Characteristic density = 3300.0 deg^-2
Characteristic density local = 3585.0 deg^-2 = 0.996 arcmin^-2
Fitting aperture to hotspot...
Candidate: x_peak:       -0.505, y_peak:        0.525, r_peak:        0.020, sig:       12.379, ra_peak:       23.405, dec_peak:       -1.865
Characteristic density local = 3583.0 deg^-2 = 0.995 arcmin^-2
Fitting aperture to hotspot...
Candidate: x_peak:       -0.495, y_peak:        0.745, r_peak:        0.020, sig:        8.332, ra_peak:       23.415, dec_peak:       -1.645
Characteristic density local = 3744.1 deg^-2 = 1.040 arcmin^-2
Fitting aperture to hotspot...
Candidate: x_peak:       -0.435, y_peak:        0.225, r_peak:        0.020, sig:        9.541, ra_peak:       23.475, dec_peak:       -2.165
Characteristic density local = 4014.7 deg^-2 = 1.115 arcmin^-2
Fitting aperture to hotspot...
Candidate: x_peak:       -0.215, y_peak:        0.355, r_peak:        0.020, sig:       14.702, ra_peak:       23.695, dec_peak:       -2.035
Characteristic density local = 3664.5 deg^-2 = 1.018 arcmin^-2
Fitting aperture to hotspot...
Candidate: x_peak:       -0.135, y_peak:        0.055, r_peak:        0.020, sig:       17.776, ra_peak:       23.775, dec_peak:       -2.335
Characteristic density local = 3495.4 deg^-2 = 0.971 arcmin^-2
Fitting aperture to hotspot...
Candidate: x_peak:        0.345, y_peak:       -0.895, r_peak:        0.020, sig:       10.213, ra_peak:       24.256, dec_peak:       -3.285
Characteristic density local = 3222.9 deg^-2 = 0.895 arcmin^-2
Fitting aperture to hotspot...
Candidate: x_peak:        0.875, y_peak:        0.115, r_peak:        0.020, sig:        9.829, ra_peak:       24.786, dec_peak:       -2.275
Characteristic density local = 3505.4 deg^-2 = 0.974 arcmin^-2
Fitting aperture to hotspot...
Candidate: x_peak:        1.005, y_peak:       -0.125, r_peak:        0.020, sig:       10.203, ra_peak:       24.916, dec_peak:       -2.515
Distance = 316.2 kpc (m-M = 22.5)
901337 objects left after isochrone cut...
Characteristic density = 3100.0 deg^-2
Characteristic density local = 3407.9 deg^-2 = 0.947 arcmin^-2
Fitting aperture to hotspot...
Candidate: x_peak:       -0.505, y_peak:        0.525, r_peak:        0.020, sig:       12.567, ra_peak:       23.405, dec_peak:       -1.865
Characteristic density local = 3419.8 deg^-2 = 0.950 arcmin^-2
Fitting aperture to hotspot...
Candidate: x_peak:       -0.495, y_peak:        0.745, r_peak:        0.020, sig:        8.484, ra_peak:       23.415, dec_peak:       -1.645
Characteristic density local = 3565.1 deg^-2 = 0.990 arcmin^-2
Fitting aperture to hotspot...
Candidate: x_peak:       -0.435, y_peak:        0.225, r_peak:        0.020, sig:        9.710, ra_peak:       23.475, dec_peak:       -2.165
Characteristic density local = 3354.2 deg^-2 = 0.932 arcmin^-2
Fitting aperture to hotspot...
Candidate: x_peak:       -0.285, y_peak:       -0.915, r_peak:        0.020, sig:        8.547, ra_peak:       23.625, dec_peak:       -3.305
Characteristic density local = 3821.7 deg^-2 = 1.062 arcmin^-2
Fitting aperture to hotspot...
Candidate: x_peak:       -0.215, y_peak:        0.355, r_peak:        0.020, sig:       14.905, ra_peak:       23.695, dec_peak:       -2.035
Characteristic density local = 3495.4 deg^-2 = 0.971 arcmin^-2
Fitting aperture to hotspot...
Candidate: x_peak:       -0.135, y_peak:        0.055, r_peak:        0.020, sig:       17.981, ra_peak:       23.775, dec_peak:       -2.335
Characteristic density local = 3302.5 deg^-2 = 0.917 arcmin^-2
Fitting aperture to hotspot...
Candidate: x_peak:        0.345, y_peak:       -0.895, r_peak:        0.020, sig:       10.409, ra_peak:       24.256, dec_peak:       -3.285
Characteristic density local = 3063.7 deg^-2 = 0.851 arcmin^-2
Fitting aperture to hotspot...
Candidate: x_peak:        0.875, y_peak:        0.115, r_peak:        0.020, sig:        9.996, ra_peak:       24.786, dec_peak:       -2.275
Characteristic density local = 3330.3 deg^-2 = 0.925 arcmin^-2
Fitting aperture to hotspot...
Candidate: x_peak:        1.005, y_peak:       -0.125, r_peak:        0.020, sig:       10.380, ra_peak:       24.916, dec_peak:       -2.515
Distance = 398.1 kpc (m-M = 23.0)
896001 objects left after isochrone cut...
Characteristic density = 2900.0 deg^-2
Characteristic density local = 3191.1 deg^-2 = 0.886 arcmin^-2
Fitting aperture to hotspot...
Candidate: x_peak:       -0.505, y_peak:        0.525, r_peak:        0.020, sig:       12.610, ra_peak:       23.405, dec_peak:       -1.865
Characteristic density local = 3216.9 deg^-2 = 0.894 arcmin^-2
Fitting aperture to hotspot...
Candidate: x_peak:       -0.495, y_peak:        0.745, r_peak:        0.020, sig:        8.442, ra_peak:       23.415, dec_peak:       -1.645
Characteristic density local = 3338.3 deg^-2 = 0.927 arcmin^-2
Fitting aperture to hotspot...
Candidate: x_peak:       -0.435, y_peak:        0.225, r_peak:        0.020, sig:        9.711, ra_peak:       23.475, dec_peak:       -2.165
Characteristic density local = 3604.9 deg^-2 = 1.001 arcmin^-2
Fitting aperture to hotspot...
Candidate: x_peak:       -0.215, y_peak:        0.355, r_peak:        0.020, sig:       14.965, ra_peak:       23.695, dec_peak:       -2.035
Characteristic density local = 3268.6 deg^-2 = 0.908 arcmin^-2
Fitting aperture to hotspot...
Candidate: x_peak:       -0.135, y_peak:        0.055, r_peak:        0.020, sig:       18.103, ra_peak:       23.775, dec_peak:       -2.335
Characteristic density local = 3093.6 deg^-2 = 0.859 arcmin^-2
Fitting aperture to hotspot...
Candidate: x_peak:        0.345, y_peak:       -0.895, r_peak:        0.020, sig:       10.411, ra_peak:       24.256, dec_peak:       -3.285
Characteristic density local = 2908.6 deg^-2 = 0.808 arcmin^-2
Fitting aperture to hotspot...
Candidate: x_peak:        0.875, y_peak:        0.115, r_peak:        0.020, sig:       10.167, ra_peak:       24.786, dec_peak:       -2.275
Characteristic density local = 3149.3 deg^-2 = 0.875 arcmin^-2
Fitting aperture to hotspot...
Candidate: x_peak:        1.005, y_peak:       -0.125, r_peak:        0.020, sig:       10.351, ra_peak:       24.916, dec_peak:       -2.515
18.10 sigma; (RA, Dec, d) = (23.77, -2.33); r = 0.02 deg; d = 398.1, mu = 23.00 mag), mc_source_id: 0.00
14.96 sigma; (RA, Dec, d) = (23.69, -2.03); r = 0.02 deg; d = 398.1, mu = 23.00 mag), mc_source_id: 0.00
12.61 sigma; (RA, Dec, d) = (23.40, -1.86); r = 0.02 deg; d = 398.1, mu = 23.00 mag), mc_source_id: 0.00
10.63 sigma; (RA, Dec, d) = (24.92, -2.51); r = 0.02 deg; d = 158.5, mu = 21.00 mag), mc_source_id: 0.00
10.41 sigma; (RA, Dec, d) = (24.26, -3.28); r = 0.02 deg; d = 398.1, mu = 23.00 mag), mc_source_id: 0.00
10.17 sigma; (RA, Dec, d) = (24.79, -2.27); r = 0.02 deg; d = 398.1, mu = 23.00 mag), mc_source_id: 0.00
9.77 sigma; (RA, Dec, d) = (23.47, -2.16); r = 0.02 deg; d = 100.0, mu = 20.00 mag), mc_source_id: 0.00
8.55 sigma; (RA, Dec, d) = (23.62, -3.30); r = 0.02 deg; d = 316.2, mu = 22.50 mag), mc_source_id: 0.00
8.48 sigma; (RA, Dec, d) = (23.41, -1.64); r = 0.02 deg; d = 316.2, mu = 22.50 mag), mc_source_id: 0.00
7.55 sigma; (RA, Dec, d) = (24.38, -2.75); r = 0.01 deg; d = 15.8, mu = 16.00 mag), mc_source_id: 0.00
6.53 sigma; (RA, Dec, d) = (22.81, -2.32); r = 0.02 deg; d = 63.1, mu = 19.00 mag), mc_source_id: 0.00
6.40 sigma; (RA, Dec, d) = (23.51, -1.68); r = 0.02 deg; d = 100.0, mu = 20.00 mag), mc_source_id: 0.00
4.53 sigma; (RA, Dec, d) = (23.03, -2.49); r = 0.04 deg; d = 63.1, mu = 19.00 mag), mc_source_id: 0.00
2.93 sigma; (RA, Dec, d) = (22.85, -2.68); r = 0.02 deg; d = 63.1, mu = 19.00 mag), mc_source_id: 0.00
2.44 sigma; (RA, Dec, d) = (22.67, -2.50); r = 0.06 deg; d = 63.1, mu = 19.00 mag), mc_source_id: 0.00
2.32 sigma; (RA, Dec, d) = (24.56, -2.70); r = 0.01 deg; d = 63.1, mu = 19.00 mag), mc_source_id: 0.00
1.98 sigma; (RA, Dec, d) = (24.58, -2.02); r = 0.02 deg; d = 63.1, mu = 19.00 mag), mc_source_id: 0.00
1.71 sigma; (RA, Dec, d) = (24.46, -3.08); r = 0.03 deg; d = 63.1, mu = 19.00 mag), mc_source_id: 0.00
1.54 sigma; (RA, Dec, d) = (24.96, -2.24); r = 0.29 deg; d = 63.1, mu = 19.00 mag), mc_source_id: 0.00

------------------------------------------------------------
Job <681103.0> was submitted from <des51.fnal.gov> by user <tavangar>.
Job was executed on host <des40.fnal.gov> as user <tavangar>.
</var/lib/condor/execute/dir_2052043> was used as the initial working directory.
Results reported at Wed Jun  5 12:57:57 CDT 2019

Your job looked like:

------------------------------------------------------------
python /home/s1/tavangar/tavangar_simple/search_algorithm.py 23.91 -2.39 0.00 /home/s1/tavangar/tavangar_simple/decals_dr7_results/results_nside_32_6344.csv /home/s1/tavangar/tavangar_simple/decals_dr7_results/decals_dr7_log/results_nside_32_6344.log
------------------------------------------------------------

Successfully completed.

Resource usage summary:

	Real time :			275.48 sec.
	CPU time :			8.66 sec.
	CPU percentage :		84%
	Max Memory :			7900016 KB
	Average Memory :		0 KB

The output (if any) is above this job summary.
