/home/s1/tavangar/tavangar_simple/simple_utils.py:170: FutureWarning: elementwise comparison failed; returning scalar instead, but in the future will perform elementwise comparison
  if np.all(isochrone.stage == 'Main'):
Search coordinates: (RA, Dec) = (195.47, 9.59)
Center healpixel: 5125
Healpixels: [5125 5253 5124 4997 4869 4998 5126 5254 5381]
MC_SOURCE_ID = 0.0
mode = 0: running only on real data
Found 1 objects...
Applying cuts...
697572 star-like objects in ROI...
1092343 galaxy-like objects in ROI...
No fracdet map specified ...
Distance = 15.8 kpc (m-M = 16.0)
697563 objects left after isochrone cut...
Characteristic density = 5700.0 deg^-2
Characteristic density local = 5930.5 deg^-2 = 1.647 arcmin^-2
Fitting aperture to hotspot...
Candidate: x_peak:       -0.995, y_peak:       -0.255, r_peak:        0.020, sig:       14.010, ra_peak:      194.462, dec_peak:        9.334
Characteristic density local = 6095.6 deg^-2 = 1.693 arcmin^-2
Fitting aperture to hotspot...
Candidate: x_peak:       -0.575, y_peak:       -0.505, r_peak:        0.020, sig:        6.036, ra_peak:      194.888, dec_peak:        9.085
Characteristic density local = 5898.7 deg^-2 = 1.639 arcmin^-2
Fitting aperture to hotspot...
Candidate: x_peak:       -0.525, y_peak:       -0.065, r_peak:        0.020, sig:       18.414, ra_peak:      194.938, dec_peak:        9.525
Characteristic density local = 5980.2 deg^-2 = 1.661 arcmin^-2
Fitting aperture to hotspot...
Candidate: x_peak:       -0.215, y_peak:       -1.005, r_peak:        0.020, sig:        9.031, ra_peak:      195.253, dec_peak:        8.585
Characteristic density local = 6465.7 deg^-2 = 1.796 arcmin^-2
Fitting aperture to hotspot...
Candidate: x_peak:        0.015, y_peak:        1.065, r_peak:        0.020, sig:        3.425, ra_peak:      195.485, dec_peak:       10.655
Characteristic density local = 5918.6 deg^-2 = 1.644 arcmin^-2
Fitting aperture to hotspot...
Candidate: x_peak:        0.025, y_peak:       -0.495, r_peak:        0.020, sig:        5.217, ra_peak:      195.495, dec_peak:        9.095
Characteristic density local = 6087.7 deg^-2 = 1.691 arcmin^-2
Fitting aperture to hotspot...
Candidate: x_peak:        0.255, y_peak:        0.855, r_peak:        0.020, sig:        6.703, ra_peak:      195.729, dec_peak:       10.445
Characteristic density local = 5906.6 deg^-2 = 1.641 arcmin^-2
Fitting aperture to hotspot...
Candidate: x_peak:        0.715, y_peak:       -0.145, r_peak:        0.020, sig:        6.375, ra_peak:      196.195, dec_peak:        9.444
Distance = 20.0 kpc (m-M = 16.5)
697570 objects left after isochrone cut...
Characteristic density = 5700.0 deg^-2
Characteristic density local = 5930.5 deg^-2 = 1.647 arcmin^-2
Fitting aperture to hotspot...
Candidate: x_peak:       -0.995, y_peak:       -0.255, r_peak:        0.020, sig:       14.010, ra_peak:      194.462, dec_peak:        9.334
Characteristic density local = 6095.6 deg^-2 = 1.693 arcmin^-2
Fitting aperture to hotspot...
Candidate: x_peak:       -0.575, y_peak:       -0.505, r_peak:        0.020, sig:        6.036, ra_peak:      194.888, dec_peak:        9.085
Characteristic density local = 5898.7 deg^-2 = 1.639 arcmin^-2
Fitting aperture to hotspot...
Candidate: x_peak:       -0.525, y_peak:       -0.065, r_peak:        0.020, sig:       18.414, ra_peak:      194.938, dec_peak:        9.525
Characteristic density local = 5980.2 deg^-2 = 1.661 arcmin^-2
Fitting aperture to hotspot...
Candidate: x_peak:       -0.215, y_peak:       -1.005, r_peak:        0.020, sig:        9.031, ra_peak:      195.253, dec_peak:        8.585
Characteristic density local = 6465.7 deg^-2 = 1.796 arcmin^-2
Fitting aperture to hotspot...
Candidate: x_peak:        0.015, y_peak:        1.065, r_peak:        0.020, sig:        3.425, ra_peak:      195.485, dec_peak:       10.655
Characteristic density local = 5918.6 deg^-2 = 1.644 arcmin^-2
Fitting aperture to hotspot...
Candidate: x_peak:        0.025, y_peak:       -0.495, r_peak:        0.020, sig:        5.217, ra_peak:      195.495, dec_peak:        9.095
Characteristic density local = 6087.7 deg^-2 = 1.691 arcmin^-2
Fitting aperture to hotspot...
Candidate: x_peak:        0.255, y_peak:        0.855, r_peak:        0.020, sig:        6.703, ra_peak:      195.729, dec_peak:       10.445
Characteristic density local = 5906.6 deg^-2 = 1.641 arcmin^-2
Fitting aperture to hotspot...
Candidate: x_peak:        0.715, y_peak:       -0.145, r_peak:        0.020, sig:        6.375, ra_peak:      196.195, dec_peak:        9.444
Distance = 25.1 kpc (m-M = 17.0)
697572 objects left after isochrone cut...
Characteristic density = 5700.0 deg^-2
Characteristic density local = 5930.5 deg^-2 = 1.647 arcmin^-2
Fitting aperture to hotspot...
Candidate: x_peak:       -0.995, y_peak:       -0.255, r_peak:        0.020, sig:       14.010, ra_peak:      194.462, dec_peak:        9.334
Characteristic density local = 6095.6 deg^-2 = 1.693 arcmin^-2
Fitting aperture to hotspot...
Candidate: x_peak:       -0.575, y_peak:       -0.505, r_peak:        0.020, sig:        6.036, ra_peak:      194.888, dec_peak:        9.085
Characteristic density local = 5898.7 deg^-2 = 1.639 arcmin^-2
Fitting aperture to hotspot...
Candidate: x_peak:       -0.525, y_peak:       -0.065, r_peak:        0.020, sig:       18.414, ra_peak:      194.938, dec_peak:        9.525
Characteristic density local = 5980.2 deg^-2 = 1.661 arcmin^-2
Fitting aperture to hotspot...
Candidate: x_peak:       -0.215, y_peak:       -1.005, r_peak:        0.020, sig:        9.031, ra_peak:      195.253, dec_peak:        8.585
Characteristic density local = 6465.7 deg^-2 = 1.796 arcmin^-2
Fitting aperture to hotspot...
Candidate: x_peak:        0.015, y_peak:        1.065, r_peak:        0.020, sig:        3.425, ra_peak:      195.485, dec_peak:       10.655
Characteristic density local = 5918.6 deg^-2 = 1.644 arcmin^-2
Fitting aperture to hotspot...
Candidate: x_peak:        0.025, y_peak:       -0.495, r_peak:        0.020, sig:        5.217, ra_peak:      195.495, dec_peak:        9.095
Characteristic density local = 6087.7 deg^-2 = 1.691 arcmin^-2
Fitting aperture to hotspot...
Candidate: x_peak:        0.255, y_peak:        0.855, r_peak:        0.020, sig:        6.703, ra_peak:      195.729, dec_peak:       10.445
Characteristic density local = 5906.6 deg^-2 = 1.641 arcmin^-2
Fitting aperture to hotspot...
Candidate: x_peak:        0.715, y_peak:       -0.145, r_peak:        0.020, sig:        6.375, ra_peak:      196.195, dec_peak:        9.444
Distance = 31.6 kpc (m-M = 17.5)
697572 objects left after isochrone cut...
Characteristic density = 5700.0 deg^-2
Characteristic density local = 5930.5 deg^-2 = 1.647 arcmin^-2
Fitting aperture to hotspot...
Candidate: x_peak:       -0.995, y_peak:       -0.255, r_peak:        0.020, sig:       14.010, ra_peak:      194.462, dec_peak:        9.334
Characteristic density local = 6095.6 deg^-2 = 1.693 arcmin^-2
Fitting aperture to hotspot...
Candidate: x_peak:       -0.575, y_peak:       -0.505, r_peak:        0.020, sig:        6.036, ra_peak:      194.888, dec_peak:        9.085
Characteristic density local = 5898.7 deg^-2 = 1.639 arcmin^-2
Fitting aperture to hotspot...
Candidate: x_peak:       -0.525, y_peak:       -0.065, r_peak:        0.020, sig:       18.414, ra_peak:      194.938, dec_peak:        9.525
Characteristic density local = 5980.2 deg^-2 = 1.661 arcmin^-2
Fitting aperture to hotspot...
Candidate: x_peak:       -0.215, y_peak:       -1.005, r_peak:        0.020, sig:        9.031, ra_peak:      195.253, dec_peak:        8.585
Characteristic density local = 6465.7 deg^-2 = 1.796 arcmin^-2
Fitting aperture to hotspot...
Candidate: x_peak:        0.015, y_peak:        1.065, r_peak:        0.020, sig:        3.425, ra_peak:      195.485, dec_peak:       10.655
Characteristic density local = 5918.6 deg^-2 = 1.644 arcmin^-2
Fitting aperture to hotspot...
Candidate: x_peak:        0.025, y_peak:       -0.495, r_peak:        0.020, sig:        5.217, ra_peak:      195.495, dec_peak:        9.095
Characteristic density local = 6087.7 deg^-2 = 1.691 arcmin^-2
Fitting aperture to hotspot...
Candidate: x_peak:        0.255, y_peak:        0.855, r_peak:        0.020, sig:        6.703, ra_peak:      195.729, dec_peak:       10.445
Characteristic density local = 5906.6 deg^-2 = 1.641 arcmin^-2
Fitting aperture to hotspot...
Candidate: x_peak:        0.715, y_peak:       -0.145, r_peak:        0.020, sig:        6.375, ra_peak:      196.195, dec_peak:        9.444
Distance = 39.8 kpc (m-M = 18.0)
697561 objects left after isochrone cut...
Characteristic density = 5700.0 deg^-2
Characteristic density local = 5930.5 deg^-2 = 1.647 arcmin^-2
Fitting aperture to hotspot...
Candidate: x_peak:       -0.995, y_peak:       -0.255, r_peak:        0.020, sig:       14.010, ra_peak:      194.462, dec_peak:        9.334
Characteristic density local = 6095.6 deg^-2 = 1.693 arcmin^-2
Fitting aperture to hotspot...
Candidate: x_peak:       -0.575, y_peak:       -0.505, r_peak:        0.020, sig:        6.036, ra_peak:      194.888, dec_peak:        9.085
Characteristic density local = 5898.7 deg^-2 = 1.639 arcmin^-2
Fitting aperture to hotspot...
Candidate: x_peak:       -0.525, y_peak:       -0.065, r_peak:        0.020, sig:       18.414, ra_peak:      194.938, dec_peak:        9.525
Characteristic density local = 5980.2 deg^-2 = 1.661 arcmin^-2
Fitting aperture to hotspot...
Candidate: x_peak:       -0.215, y_peak:       -1.005, r_peak:        0.020, sig:        9.031, ra_peak:      195.253, dec_peak:        8.585
Characteristic density local = 6465.7 deg^-2 = 1.796 arcmin^-2
Fitting aperture to hotspot...
Candidate: x_peak:        0.015, y_peak:        1.065, r_peak:        0.020, sig:        3.425, ra_peak:      195.485, dec_peak:       10.655
Characteristic density local = 5918.6 deg^-2 = 1.644 arcmin^-2
Fitting aperture to hotspot...
Candidate: x_peak:        0.025, y_peak:       -0.495, r_peak:        0.020, sig:        5.217, ra_peak:      195.495, dec_peak:        9.095
Characteristic density local = 6087.7 deg^-2 = 1.691 arcmin^-2
Fitting aperture to hotspot...
Candidate: x_peak:        0.255, y_peak:        0.855, r_peak:        0.020, sig:        6.703, ra_peak:      195.729, dec_peak:       10.445
Characteristic density local = 5906.6 deg^-2 = 1.641 arcmin^-2
Fitting aperture to hotspot...
Candidate: x_peak:        0.715, y_peak:       -0.145, r_peak:        0.020, sig:        6.375, ra_peak:      196.195, dec_peak:        9.444
Distance = 50.1 kpc (m-M = 18.5)
697178 objects left after isochrone cut...
Characteristic density = 5700.0 deg^-2
Characteristic density local = 5912.6 deg^-2 = 1.642 arcmin^-2
Fitting aperture to hotspot...
Candidate: x_peak:       -0.995, y_peak:       -0.255, r_peak:        0.020, sig:       14.024, ra_peak:      194.462, dec_peak:        9.334
Characteristic density local = 6079.7 deg^-2 = 1.689 arcmin^-2
Fitting aperture to hotspot...
Candidate: x_peak:       -0.575, y_peak:       -0.505, r_peak:        0.020, sig:        6.045, ra_peak:      194.888, dec_peak:        9.085
Characteristic density local = 5886.7 deg^-2 = 1.635 arcmin^-2
Fitting aperture to hotspot...
Candidate: x_peak:       -0.525, y_peak:       -0.065, r_peak:        0.020, sig:       18.424, ra_peak:      194.938, dec_peak:        9.525
Characteristic density local = 5964.3 deg^-2 = 1.657 arcmin^-2
Fitting aperture to hotspot...
Candidate: x_peak:       -0.215, y_peak:       -1.005, r_peak:        0.020, sig:        9.041, ra_peak:      195.253, dec_peak:        8.585
Characteristic density local = 6445.8 deg^-2 = 1.790 arcmin^-2
Fitting aperture to hotspot...
Candidate: x_peak:        0.015, y_peak:        1.065, r_peak:        0.020, sig:        3.436, ra_peak:      195.485, dec_peak:       10.655
Characteristic density local = 5916.6 deg^-2 = 1.643 arcmin^-2
Fitting aperture to hotspot...
Candidate: x_peak:        0.025, y_peak:       -0.495, r_peak:        0.020, sig:        5.218, ra_peak:      195.495, dec_peak:        9.095
Characteristic density local = 6075.7 deg^-2 = 1.688 arcmin^-2
Fitting aperture to hotspot...
Candidate: x_peak:        0.255, y_peak:        0.855, r_peak:        0.020, sig:        6.710, ra_peak:      195.729, dec_peak:       10.445
Characteristic density local = 5904.6 deg^-2 = 1.640 arcmin^-2
Fitting aperture to hotspot...
Candidate: x_peak:        0.715, y_peak:       -0.145, r_peak:        0.020, sig:        6.376, ra_peak:      196.195, dec_peak:        9.444
Distance = 63.1 kpc (m-M = 19.0)
695574 objects left after isochrone cut...
Characteristic density = 5700.0 deg^-2
Characteristic density local = 5854.9 deg^-2 = 1.626 arcmin^-2
Fitting aperture to hotspot...
Candidate: x_peak:       -0.995, y_peak:       -0.255, r_peak:        0.020, sig:       13.907, ra_peak:      194.462, dec_peak:        9.334
Characteristic density local = 6125.5 deg^-2 = 1.702 arcmin^-2
Fitting aperture to hotspot...
Candidate: x_peak:       -0.885, y_peak:        0.165, r_peak:        0.020, sig:        4.857, ra_peak:      194.572, dec_peak:        9.754
Characteristic density local = 6018.0 deg^-2 = 1.672 arcmin^-2
Fitting aperture to hotspot...
Candidate: x_peak:       -0.575, y_peak:       -0.505, r_peak:        0.020, sig:        6.082, ra_peak:      194.888, dec_peak:        9.085
Characteristic density local = 5833.0 deg^-2 = 1.620 arcmin^-2
Fitting aperture to hotspot...
Candidate: x_peak:       -0.525, y_peak:       -0.065, r_peak:        0.020, sig:       18.471, ra_peak:      194.938, dec_peak:        9.525
Characteristic density local = 5904.6 deg^-2 = 1.640 arcmin^-2
Fitting aperture to hotspot...
Candidate: x_peak:       -0.215, y_peak:       -1.005, r_peak:        0.020, sig:        9.082, ra_peak:      195.253, dec_peak:        8.585
Characteristic density local = 6394.0 deg^-2 = 1.776 arcmin^-2
Fitting aperture to hotspot...
Candidate: x_peak:        0.015, y_peak:        1.065, r_peak:        0.070, sig:        3.276, ra_peak:      195.485, dec_peak:       10.655
Characteristic density local = 5864.9 deg^-2 = 1.629 arcmin^-2
Fitting aperture to hotspot...
Candidate: x_peak:        0.025, y_peak:       -0.495, r_peak:        0.020, sig:        5.249, ra_peak:      195.495, dec_peak:        9.095
Characteristic density local = 6037.9 deg^-2 = 1.677 arcmin^-2
Fitting aperture to hotspot...
Candidate: x_peak:        0.255, y_peak:        0.855, r_peak:        0.020, sig:        6.734, ra_peak:      195.729, dec_peak:       10.445
Characteristic density local = 5845.0 deg^-2 = 1.624 arcmin^-2
Fitting aperture to hotspot...
Candidate: x_peak:        0.705, y_peak:       -0.145, r_peak:        0.020, sig:        7.286, ra_peak:      196.185, dec_peak:        9.444
Distance = 79.4 kpc (m-M = 19.5)
693312 objects left after isochrone cut...
Characteristic density = 5600.0 deg^-2
Characteristic density local = 5767.4 deg^-2 = 1.602 arcmin^-2
Fitting aperture to hotspot...
Candidate: x_peak:       -0.995, y_peak:       -0.255, r_peak:        0.020, sig:       13.812, ra_peak:      194.462, dec_peak:        9.334
Characteristic density local = 5934.5 deg^-2 = 1.648 arcmin^-2
Fitting aperture to hotspot...
Candidate: x_peak:       -0.575, y_peak:       -0.505, r_peak:        0.020, sig:        5.677, ra_peak:      194.888, dec_peak:        9.085
Characteristic density local = 5765.4 deg^-2 = 1.601 arcmin^-2
Fitting aperture to hotspot...
Candidate: x_peak:       -0.525, y_peak:       -0.065, r_peak:        0.020, sig:       18.387, ra_peak:      194.938, dec_peak:        9.525
Characteristic density local = 5837.0 deg^-2 = 1.621 arcmin^-2
Fitting aperture to hotspot...
Candidate: x_peak:       -0.215, y_peak:       -1.005, r_peak:        0.020, sig:        9.128, ra_peak:      195.253, dec_peak:        8.585
Characteristic density local = 6338.3 deg^-2 = 1.761 arcmin^-2
Fitting aperture to hotspot...
Candidate: x_peak:        0.015, y_peak:        1.065, r_peak:        0.070, sig:        3.276, ra_peak:      195.485, dec_peak:       10.655
Characteristic density local = 5807.2 deg^-2 = 1.613 arcmin^-2
Fitting aperture to hotspot...
Candidate: x_peak:        0.025, y_peak:       -0.495, r_peak:        0.020, sig:        5.283, ra_peak:      195.495, dec_peak:        9.095
Characteristic density local = 5966.3 deg^-2 = 1.657 arcmin^-2
Fitting aperture to hotspot...
Candidate: x_peak:        0.255, y_peak:        0.855, r_peak:        0.020, sig:        6.778, ra_peak:      195.729, dec_peak:       10.445
Characteristic density local = 5761.4 deg^-2 = 1.600 arcmin^-2
Fitting aperture to hotspot...
Candidate: x_peak:        0.715, y_peak:       -0.145, r_peak:        0.020, sig:        6.466, ra_peak:      196.195, dec_peak:        9.444
Distance = 100.0 kpc (m-M = 20.0)
690544 objects left after isochrone cut...
Characteristic density = 5500.0 deg^-2
Characteristic density local = 5679.8 deg^-2 = 1.578 arcmin^-2
Fitting aperture to hotspot...
Candidate: x_peak:       -0.995, y_peak:       -0.255, r_peak:        0.020, sig:       13.881, ra_peak:      194.462, dec_peak:        9.334
Characteristic density local = 5856.9 deg^-2 = 1.627 arcmin^-2
Fitting aperture to hotspot...
Candidate: x_peak:       -0.575, y_peak:       -0.505, r_peak:        0.020, sig:        5.723, ra_peak:      194.888, dec_peak:        9.085
Characteristic density local = 5673.9 deg^-2 = 1.576 arcmin^-2
Fitting aperture to hotspot...
Candidate: x_peak:       -0.525, y_peak:       -0.065, r_peak:        0.020, sig:       18.468, ra_peak:      194.938, dec_peak:        9.525
Characteristic density local = 5753.5 deg^-2 = 1.598 arcmin^-2
Fitting aperture to hotspot...
Candidate: x_peak:       -0.215, y_peak:       -1.005, r_peak:        0.020, sig:        9.185, ra_peak:      195.253, dec_peak:        8.585
Characteristic density local = 6242.9 deg^-2 = 1.734 arcmin^-2
Fitting aperture to hotspot...
Candidate: x_peak:        0.015, y_peak:        1.065, r_peak:        0.070, sig:        3.342, ra_peak:      195.485, dec_peak:       10.655
Characteristic density local = 5721.6 deg^-2 = 1.589 arcmin^-2
Fitting aperture to hotspot...
Candidate: x_peak:        0.025, y_peak:       -0.495, r_peak:        0.020, sig:        5.335, ra_peak:      195.495, dec_peak:        9.095
Characteristic density local = 5868.8 deg^-2 = 1.630 arcmin^-2
Fitting aperture to hotspot...
Candidate: x_peak:        0.255, y_peak:        0.855, r_peak:        0.020, sig:        6.839, ra_peak:      195.729, dec_peak:       10.445
Characteristic density local = 5646.0 deg^-2 = 1.568 arcmin^-2
Fitting aperture to hotspot...
Candidate: x_peak:        0.705, y_peak:       -0.145, r_peak:        0.020, sig:        7.200, ra_peak:      196.185, dec_peak:        9.444
Distance = 125.9 kpc (m-M = 20.5)
687211 objects left after isochrone cut...
Characteristic density = 5400.0 deg^-2
Characteristic density local = 5588.3 deg^-2 = 1.552 arcmin^-2
Fitting aperture to hotspot...
Candidate: x_peak:       -0.995, y_peak:       -0.255, r_peak:        0.020, sig:       13.789, ra_peak:      194.462, dec_peak:        9.334
Characteristic density local = 5843.0 deg^-2 = 1.623 arcmin^-2
Fitting aperture to hotspot...
Candidate: x_peak:       -0.885, y_peak:        0.165, r_peak:        0.020, sig:        5.022, ra_peak:      194.572, dec_peak:        9.754
Characteristic density local = 5755.4 deg^-2 = 1.599 arcmin^-2
Fitting aperture to hotspot...
Candidate: x_peak:       -0.575, y_peak:       -0.505, r_peak:        0.020, sig:        5.786, ra_peak:      194.888, dec_peak:        9.085
Characteristic density local = 5564.5 deg^-2 = 1.546 arcmin^-2
Fitting aperture to hotspot...
Candidate: x_peak:       -0.525, y_peak:       -0.065, r_peak:        0.020, sig:       18.565, ra_peak:      194.938, dec_peak:        9.525
Characteristic density local = 5624.1 deg^-2 = 1.562 arcmin^-2
Fitting aperture to hotspot...
Candidate: x_peak:       -0.215, y_peak:       -1.005, r_peak:        0.020, sig:        9.275, ra_peak:      195.253, dec_peak:        8.585
Characteristic density local = 6109.6 deg^-2 = 1.697 arcmin^-2
Fitting aperture to hotspot...
Candidate: x_peak:        0.015, y_peak:        1.065, r_peak:        0.040, sig:        3.139, ra_peak:      195.485, dec_peak:       10.655
Characteristic density local = 5616.2 deg^-2 = 1.560 arcmin^-2
Fitting aperture to hotspot...
Candidate: x_peak:        0.025, y_peak:       -0.495, r_peak:        0.020, sig:        5.158, ra_peak:      195.495, dec_peak:        9.095
Characteristic density local = 5753.5 deg^-2 = 1.598 arcmin^-2
Fitting aperture to hotspot...
Candidate: x_peak:        0.255, y_peak:        0.855, r_peak:        0.020, sig:        6.693, ra_peak:      195.729, dec_peak:       10.445
Characteristic density local = 5506.8 deg^-2 = 1.530 arcmin^-2
Fitting aperture to hotspot...
Candidate: x_peak:        0.705, y_peak:       -0.145, r_peak:        0.020, sig:        7.292, ra_peak:      196.185, dec_peak:        9.444
Distance = 158.5 kpc (m-M = 21.0)
683380 objects left after isochrone cut...
Characteristic density = 5200.0 deg^-2
Characteristic density local = 5488.9 deg^-2 = 1.525 arcmin^-2
Fitting aperture to hotspot...
Candidate: x_peak:       -0.995, y_peak:       -0.245, r_peak:        0.020, sig:       13.703, ra_peak:      194.462, dec_peak:        9.344
Characteristic density local = 5614.2 deg^-2 = 1.559 arcmin^-2
Fitting aperture to hotspot...
Candidate: x_peak:       -0.575, y_peak:       -0.505, r_peak:        0.020, sig:        5.873, ra_peak:      194.888, dec_peak:        9.085
Characteristic density local = 5439.1 deg^-2 = 1.511 arcmin^-2
Fitting aperture to hotspot...
Candidate: x_peak:       -0.525, y_peak:       -0.065, r_peak:        0.020, sig:       18.679, ra_peak:      194.938, dec_peak:        9.525
Characteristic density local = 5502.8 deg^-2 = 1.529 arcmin^-2
Fitting aperture to hotspot...
Candidate: x_peak:       -0.215, y_peak:       -1.005, r_peak:        0.020, sig:        9.361, ra_peak:      195.253, dec_peak:        8.585
Characteristic density local = 5960.4 deg^-2 = 1.656 arcmin^-2
Fitting aperture to hotspot...
Candidate: x_peak:        0.015, y_peak:        1.065, r_peak:        0.040, sig:        3.288, ra_peak:      195.485, dec_peak:       10.655
Characteristic density local = 5494.8 deg^-2 = 1.526 arcmin^-2
Fitting aperture to hotspot...
Candidate: x_peak:        0.025, y_peak:       -0.495, r_peak:        0.020, sig:        5.233, ra_peak:      195.495, dec_peak:        9.095
Characteristic density local = 5626.1 deg^-2 = 1.563 arcmin^-2
Fitting aperture to hotspot...
Candidate: x_peak:        0.255, y_peak:        0.855, r_peak:        0.020, sig:        6.775, ra_peak:      195.729, dec_peak:       10.445
Characteristic density local = 5381.4 deg^-2 = 1.495 arcmin^-2
Fitting aperture to hotspot...
Candidate: x_peak:        0.715, y_peak:       -0.145, r_peak:        0.020, sig:        6.484, ra_peak:      196.195, dec_peak:        9.444
Distance = 199.5 kpc (m-M = 21.5)
678749 objects left after isochrone cut...
Characteristic density = 5100.0 deg^-2
Characteristic density local = 5343.6 deg^-2 = 1.484 arcmin^-2
Fitting aperture to hotspot...
Candidate: x_peak:       -0.995, y_peak:       -0.245, r_peak:        0.020, sig:       13.822, ra_peak:      194.462, dec_peak:        9.344
Characteristic density local = 5391.4 deg^-2 = 1.498 arcmin^-2
Fitting aperture to hotspot...
Candidate: x_peak:       -0.655, y_peak:        0.415, r_peak:        0.020, sig:        6.705, ra_peak:      194.805, dec_peak:       10.004
Characteristic density local = 5461.0 deg^-2 = 1.517 arcmin^-2
Fitting aperture to hotspot...
Candidate: x_peak:       -0.575, y_peak:       -0.505, r_peak:        0.020, sig:        5.735, ra_peak:      194.888, dec_peak:        9.085
Characteristic density local = 5299.9 deg^-2 = 1.472 arcmin^-2
Fitting aperture to hotspot...
Candidate: x_peak:       -0.525, y_peak:       -0.065, r_peak:        0.020, sig:       18.808, ra_peak:      194.938, dec_peak:        9.525
Characteristic density local = 5349.6 deg^-2 = 1.486 arcmin^-2
Fitting aperture to hotspot...
Candidate: x_peak:       -0.215, y_peak:       -1.005, r_peak:        0.020, sig:        9.472, ra_peak:      195.253, dec_peak:        8.585
Characteristic density local = 5833.0 deg^-2 = 1.620 arcmin^-2
Fitting aperture to hotspot...
Candidate: x_peak:        0.015, y_peak:        1.065, r_peak:        0.030, sig:        3.315, ra_peak:      195.485, dec_peak:       10.655
Characteristic density local = 5459.0 deg^-2 = 1.516 arcmin^-2
Fitting aperture to hotspot...
Candidate: x_peak:        0.255, y_peak:        0.855, r_peak:        0.020, sig:        6.884, ra_peak:      195.729, dec_peak:       10.445
Characteristic density local = 5214.3 deg^-2 = 1.448 arcmin^-2
Fitting aperture to hotspot...
Candidate: x_peak:        0.715, y_peak:       -0.145, r_peak:        0.020, sig:        6.596, ra_peak:      196.195, dec_peak:        9.444
Distance = 251.2 kpc (m-M = 22.0)
672951 objects left after isochrone cut...
Characteristic density = 4900.0 deg^-2
Characteristic density local = 5136.7 deg^-2 = 1.427 arcmin^-2
Fitting aperture to hotspot...
Candidate: x_peak:       -0.995, y_peak:       -0.245, r_peak:        0.020, sig:       13.996, ra_peak:      194.462, dec_peak:        9.344
Characteristic density local = 5250.1 deg^-2 = 1.458 arcmin^-2
Fitting aperture to hotspot...
Candidate: x_peak:       -0.575, y_peak:       -0.505, r_peak:        0.020, sig:        5.871, ra_peak:      194.888, dec_peak:        9.085
Characteristic density local = 5077.0 deg^-2 = 1.410 arcmin^-2
Fitting aperture to hotspot...
Candidate: x_peak:       -0.525, y_peak:       -0.065, r_peak:        0.020, sig:       19.019, ra_peak:      194.938, dec_peak:        9.525
Characteristic density local = 5096.9 deg^-2 = 1.416 arcmin^-2
Fitting aperture to hotspot...
Candidate: x_peak:       -0.205, y_peak:       -1.005, r_peak:        0.020, sig:        9.259, ra_peak:      195.263, dec_peak:        8.585
Characteristic density local = 5640.1 deg^-2 = 1.567 arcmin^-2
Fitting aperture to hotspot...
Candidate: x_peak:        0.015, y_peak:        1.065, r_peak:        0.030, sig:        3.270, ra_peak:      195.485, dec_peak:       10.655
Characteristic density local = 5283.9 deg^-2 = 1.468 arcmin^-2
Fitting aperture to hotspot...
Candidate: x_peak:        0.255, y_peak:        0.855, r_peak:        0.020, sig:        7.002, ra_peak:      195.729, dec_peak:       10.445
Characteristic density local = 5017.4 deg^-2 = 1.394 arcmin^-2
Fitting aperture to hotspot...
Candidate: x_peak:        0.715, y_peak:       -0.145, r_peak:        0.020, sig:        6.731, ra_peak:      196.195, dec_peak:        9.444
Distance = 316.2 kpc (m-M = 22.5)
665808 objects left after isochrone cut...
Characteristic density = 4700.0 deg^-2
Characteristic density local = 4919.9 deg^-2 = 1.367 arcmin^-2
Fitting aperture to hotspot...
Candidate: x_peak:       -0.995, y_peak:       -0.245, r_peak:        0.020, sig:       14.184, ra_peak:      194.462, dec_peak:        9.344
Characteristic density local = 4979.6 deg^-2 = 1.383 arcmin^-2
Fitting aperture to hotspot...
Candidate: x_peak:       -0.655, y_peak:        0.415, r_peak:        0.020, sig:        6.986, ra_peak:      194.805, dec_peak:       10.004
Characteristic density local = 5027.3 deg^-2 = 1.396 arcmin^-2
Fitting aperture to hotspot...
Candidate: x_peak:       -0.575, y_peak:       -0.505, r_peak:        0.020, sig:        6.019, ra_peak:      194.888, dec_peak:        9.085
Characteristic density local = 4830.4 deg^-2 = 1.342 arcmin^-2
Fitting aperture to hotspot...
Candidate: x_peak:       -0.525, y_peak:       -0.065, r_peak:        0.020, sig:       19.263, ra_peak:      194.938, dec_peak:        9.525
Characteristic density local = 5033.3 deg^-2 = 1.398 arcmin^-2
Fitting aperture to hotspot...
Candidate: x_peak:       -0.535, y_peak:       -0.415, r_peak:        0.010, sig:        6.975, ra_peak:      194.928, dec_peak:        9.175
Characteristic density local = 4844.3 deg^-2 = 1.346 arcmin^-2
Fitting aperture to hotspot...
Candidate: x_peak:       -0.205, y_peak:       -1.005, r_peak:        0.020, sig:        9.452, ra_peak:      195.263, dec_peak:        8.585
Characteristic density local = 5391.4 deg^-2 = 1.498 arcmin^-2
Fitting aperture to hotspot...
Candidate: x_peak:        0.015, y_peak:        1.065, r_peak:        0.030, sig:        3.472, ra_peak:      195.485, dec_peak:       10.655
Characteristic density local = 5075.1 deg^-2 = 1.410 arcmin^-2
Fitting aperture to hotspot...
Candidate: x_peak:        0.255, y_peak:        0.855, r_peak:        0.020, sig:        7.146, ra_peak:      195.729, dec_peak:       10.445
Characteristic density local = 4754.8 deg^-2 = 1.321 arcmin^-2
Fitting aperture to hotspot...
Candidate: x_peak:        0.715, y_peak:       -0.145, r_peak:        0.020, sig:        6.917, ra_peak:      196.195, dec_peak:        9.444
Distance = 398.1 kpc (m-M = 23.0)
657060 objects left after isochrone cut...
Characteristic density = 4400.0 deg^-2
Characteristic density local = 4673.2 deg^-2 = 1.298 arcmin^-2
Fitting aperture to hotspot...
Candidate: x_peak:       -0.995, y_peak:       -0.245, r_peak:        0.020, sig:       14.406, ra_peak:      194.462, dec_peak:        9.344
Characteristic density local = 4707.0 deg^-2 = 1.308 arcmin^-2
Fitting aperture to hotspot...
Candidate: x_peak:       -0.655, y_peak:        0.415, r_peak:        0.020, sig:        7.182, ra_peak:      194.805, dec_peak:       10.004
Characteristic density local = 4758.7 deg^-2 = 1.322 arcmin^-2
Fitting aperture to hotspot...
Candidate: x_peak:       -0.575, y_peak:       -0.505, r_peak:        0.020, sig:        6.204, ra_peak:      194.888, dec_peak:        9.085
Characteristic density local = 4589.6 deg^-2 = 1.275 arcmin^-2
Fitting aperture to hotspot...
Candidate: x_peak:       -0.525, y_peak:       -0.065, r_peak:        0.020, sig:       19.217, ra_peak:      194.938, dec_peak:        9.525
Characteristic density local = 4756.7 deg^-2 = 1.321 arcmin^-2
Fitting aperture to hotspot...
Candidate: x_peak:       -0.545, y_peak:       -0.425, r_peak:        0.020, sig:        5.210, ra_peak:      194.918, dec_peak:        9.165
Characteristic density local = 4571.7 deg^-2 = 1.270 arcmin^-2
Fitting aperture to hotspot...
Candidate: x_peak:       -0.205, y_peak:       -1.005, r_peak:        0.020, sig:        9.669, ra_peak:      195.263, dec_peak:        8.585
Characteristic density local = 4484.2 deg^-2 = 1.246 arcmin^-2
Fitting aperture to hotspot...
Candidate: x_peak:       -0.105, y_peak:        0.535, r_peak:        0.020, sig:        4.048, ra_peak:      195.363, dec_peak:       10.125
Characteristic density local = 4816.4 deg^-2 = 1.338 arcmin^-2
Fitting aperture to hotspot...
Candidate: x_peak:        0.255, y_peak:        0.855, r_peak:        0.020, sig:        7.103, ra_peak:      195.729, dec_peak:       10.445
Characteristic density local = 4486.2 deg^-2 = 1.246 arcmin^-2
Fitting aperture to hotspot...
Candidate: x_peak:        0.715, y_peak:       -0.145, r_peak:        0.020, sig:        6.880, ra_peak:      196.195, dec_peak:        9.444
19.26 sigma; (RA, Dec, d) = (194.94, 9.52); r = 0.02 deg; d = 316.2, mu = 22.50 mag), mc_source_id: 0.00
14.41 sigma; (RA, Dec, d) = (194.46, 9.34); r = 0.02 deg; d = 398.1, mu = 23.00 mag), mc_source_id: 0.00
9.67 sigma; (RA, Dec, d) = (195.26, 8.58); r = 0.02 deg; d = 398.1, mu = 23.00 mag), mc_source_id: 0.00
7.29 sigma; (RA, Dec, d) = (196.18, 9.44); r = 0.02 deg; d = 125.9, mu = 20.50 mag), mc_source_id: 0.00
7.18 sigma; (RA, Dec, d) = (194.80, 10.00); r = 0.02 deg; d = 398.1, mu = 23.00 mag), mc_source_id: 0.00
7.15 sigma; (RA, Dec, d) = (195.73, 10.44); r = 0.02 deg; d = 316.2, mu = 22.50 mag), mc_source_id: 0.00
6.97 sigma; (RA, Dec, d) = (194.93, 9.17); r = 0.01 deg; d = 316.2, mu = 22.50 mag), mc_source_id: 0.00
6.20 sigma; (RA, Dec, d) = (194.89, 9.08); r = 0.02 deg; d = 398.1, mu = 23.00 mag), mc_source_id: 0.00
5.33 sigma; (RA, Dec, d) = (195.50, 9.09); r = 0.02 deg; d = 100.0, mu = 20.00 mag), mc_source_id: 0.00
5.21 sigma; (RA, Dec, d) = (194.92, 9.16); r = 0.02 deg; d = 398.1, mu = 23.00 mag), mc_source_id: 0.00
5.02 sigma; (RA, Dec, d) = (194.57, 9.75); r = 0.02 deg; d = 125.9, mu = 20.50 mag), mc_source_id: 0.00
4.05 sigma; (RA, Dec, d) = (195.36, 10.12); r = 0.02 deg; d = 398.1, mu = 23.00 mag), mc_source_id: 0.00
3.47 sigma; (RA, Dec, d) = (195.49, 10.66); r = 0.03 deg; d = 316.2, mu = 22.50 mag), mc_source_id: 0.00

------------------------------------------------------------
Job <680254.0> was submitted from <des51.fnal.gov> by user <tavangar>.
Job was executed on host <des40.fnal.gov> as user <tavangar>.
</var/lib/condor/execute/dir_1887984> was used as the initial working directory.
Results reported at Wed Jun  5 08:25:24 CDT 2019

Your job looked like:

------------------------------------------------------------
python /home/s1/tavangar/tavangar_simple/search_algorithm.py 195.47 9.59 0.00 /home/s1/tavangar/tavangar_simple/decals_dr7_results/results_nside_32_5125.csv /home/s1/tavangar/tavangar_simple/decals_dr7_results/decals_dr7_log/results_nside_32_5125.log
------------------------------------------------------------

Successfully completed.

Resource usage summary:

	Real time :			270.44 sec.
	CPU time :			24.27 sec.
	CPU percentage :		86%
	Max Memory :			6235600 KB
	Average Memory :		0 KB

The output (if any) is above this job summary.
