/home/s1/tavangar/tavangar_simple/simple_utils.py:170: FutureWarning: elementwise comparison failed; returning scalar instead, but in the future will perform elementwise comparison
  if np.all(isochrone.stage == 'Main'):
Search coordinates: (RA, Dec) = (216.56, 18.21)
Center healpixel: 4237
Healpixels: [4237 4364 4236 4108 3981 4109 4238 4365 4493]
MC_SOURCE_ID = 0.0
mode = 0: running only on real data
Found 1 objects...
Applying cuts...
642089 star-like objects in ROI...
970605 galaxy-like objects in ROI...
No fracdet map specified ...
Distance = 15.8 kpc (m-M = 16.0)
642077 objects left after isochrone cut...
Characteristic density = 5300.0 deg^-2
Characteristic density local = 5375.5 deg^-2 = 1.493 arcmin^-2
Fitting aperture to hotspot...
Candidate: x_peak:       -0.825, y_peak:        0.195, r_peak:        0.020, sig:        5.061, ra_peak:      215.691, dec_peak:       18.403
Characteristic density local = 5403.3 deg^-2 = 1.501 arcmin^-2
Fitting aperture to hotspot...
Candidate: x_peak:       -0.675, y_peak:        0.345, r_peak:        0.020, sig:        6.240, ra_peak:      215.848, dec_peak:       18.554
Characteristic density local = 5741.5 deg^-2 = 1.595 arcmin^-2
Fitting aperture to hotspot...
Candidate: x_peak:       -0.265, y_peak:        0.055, r_peak:        0.050, sig:        4.147, ra_peak:      216.281, dec_peak:       18.265
Characteristic density local = 5385.4 deg^-2 = 1.496 arcmin^-2
Fitting aperture to hotspot...
Candidate: x_peak:       -0.205, y_peak:       -0.585, r_peak:        0.020, sig:        4.805, ra_peak:      216.345, dec_peak:       17.625
Characteristic density local = 5443.1 deg^-2 = 1.512 arcmin^-2
Fitting aperture to hotspot...
Candidate: x_peak:       -0.145, y_peak:       -0.795, r_peak:        0.030, sig:        7.754, ra_peak:      216.408, dec_peak:       17.415
Characteristic density local = 5739.5 deg^-2 = 1.594 arcmin^-2
Fitting aperture to hotspot...
Candidate: x_peak:        0.045, y_peak:        1.015, r_peak:        0.040, sig:       26.156, ra_peak:      216.608, dec_peak:       19.225
Characteristic density local = 5500.8 deg^-2 = 1.528 arcmin^-2
Fitting aperture to hotspot...
Candidate: x_peak:        0.025, y_peak:        1.175, r_peak:        0.200, sig:       10.788, ra_peak:      216.587, dec_peak:       19.385
Characteristic density local = 5942.4 deg^-2 = 1.651 arcmin^-2
Fitting aperture to hotspot...
Candidate: x_peak:        0.015, y_peak:        0.505, r_peak:        0.040, sig:        4.063, ra_peak:      216.576, dec_peak:       18.715
Characteristic density local = 6135.4 deg^-2 = 1.704 arcmin^-2
Fitting aperture to hotspot...
Candidate: x_peak:        0.145, y_peak:        0.705, r_peak:        0.020, sig:        4.851, ra_peak:      216.713, dec_peak:       18.915
Distance = 20.0 kpc (m-M = 16.5)
642085 objects left after isochrone cut...
Characteristic density = 5300.0 deg^-2
Characteristic density local = 5375.5 deg^-2 = 1.493 arcmin^-2
Fitting aperture to hotspot...
Candidate: x_peak:       -0.825, y_peak:        0.195, r_peak:        0.020, sig:        5.061, ra_peak:      215.691, dec_peak:       18.403
Characteristic density local = 5403.3 deg^-2 = 1.501 arcmin^-2
Fitting aperture to hotspot...
Candidate: x_peak:       -0.675, y_peak:        0.345, r_peak:        0.020, sig:        6.240, ra_peak:      215.848, dec_peak:       18.554
Characteristic density local = 5741.5 deg^-2 = 1.595 arcmin^-2
Fitting aperture to hotspot...
Candidate: x_peak:       -0.265, y_peak:        0.055, r_peak:        0.050, sig:        4.147, ra_peak:      216.281, dec_peak:       18.265
Characteristic density local = 5385.4 deg^-2 = 1.496 arcmin^-2
Fitting aperture to hotspot...
Candidate: x_peak:       -0.205, y_peak:       -0.585, r_peak:        0.020, sig:        4.805, ra_peak:      216.345, dec_peak:       17.625
Characteristic density local = 5443.1 deg^-2 = 1.512 arcmin^-2
Fitting aperture to hotspot...
Candidate: x_peak:       -0.145, y_peak:       -0.795, r_peak:        0.030, sig:        7.754, ra_peak:      216.408, dec_peak:       17.415
Characteristic density local = 5739.5 deg^-2 = 1.594 arcmin^-2
Fitting aperture to hotspot...
Candidate: x_peak:        0.045, y_peak:        1.015, r_peak:        0.040, sig:       26.156, ra_peak:      216.608, dec_peak:       19.225
Characteristic density local = 5500.8 deg^-2 = 1.528 arcmin^-2
Fitting aperture to hotspot...
Candidate: x_peak:        0.025, y_peak:        1.175, r_peak:        0.200, sig:       10.788, ra_peak:      216.587, dec_peak:       19.385
Characteristic density local = 5942.4 deg^-2 = 1.651 arcmin^-2
Fitting aperture to hotspot...
Candidate: x_peak:        0.015, y_peak:        0.505, r_peak:        0.040, sig:        4.063, ra_peak:      216.576, dec_peak:       18.715
Characteristic density local = 6135.4 deg^-2 = 1.704 arcmin^-2
Fitting aperture to hotspot...
Candidate: x_peak:        0.145, y_peak:        0.705, r_peak:        0.020, sig:        4.851, ra_peak:      216.713, dec_peak:       18.915
Distance = 25.1 kpc (m-M = 17.0)
642086 objects left after isochrone cut...
Characteristic density = 5300.0 deg^-2
Characteristic density local = 5375.5 deg^-2 = 1.493 arcmin^-2
Fitting aperture to hotspot...
Candidate: x_peak:       -0.825, y_peak:        0.195, r_peak:        0.020, sig:        5.061, ra_peak:      215.691, dec_peak:       18.403
Characteristic density local = 5403.3 deg^-2 = 1.501 arcmin^-2
Fitting aperture to hotspot...
Candidate: x_peak:       -0.675, y_peak:        0.345, r_peak:        0.020, sig:        6.240, ra_peak:      215.848, dec_peak:       18.554
Characteristic density local = 5741.5 deg^-2 = 1.595 arcmin^-2
Fitting aperture to hotspot...
Candidate: x_peak:       -0.265, y_peak:        0.055, r_peak:        0.050, sig:        4.147, ra_peak:      216.281, dec_peak:       18.265
Characteristic density local = 5385.4 deg^-2 = 1.496 arcmin^-2
Fitting aperture to hotspot...
Candidate: x_peak:       -0.205, y_peak:       -0.585, r_peak:        0.020, sig:        4.805, ra_peak:      216.345, dec_peak:       17.625
Characteristic density local = 5443.1 deg^-2 = 1.512 arcmin^-2
Fitting aperture to hotspot...
Candidate: x_peak:       -0.145, y_peak:       -0.795, r_peak:        0.030, sig:        7.754, ra_peak:      216.408, dec_peak:       17.415
Characteristic density local = 5739.5 deg^-2 = 1.594 arcmin^-2
Fitting aperture to hotspot...
Candidate: x_peak:        0.045, y_peak:        1.015, r_peak:        0.040, sig:       26.156, ra_peak:      216.608, dec_peak:       19.225
Characteristic density local = 5500.8 deg^-2 = 1.528 arcmin^-2
Fitting aperture to hotspot...
Candidate: x_peak:        0.025, y_peak:        1.175, r_peak:        0.200, sig:       10.788, ra_peak:      216.587, dec_peak:       19.385
Characteristic density local = 5942.4 deg^-2 = 1.651 arcmin^-2
Fitting aperture to hotspot...
Candidate: x_peak:        0.015, y_peak:        0.505, r_peak:        0.040, sig:        4.063, ra_peak:      216.576, dec_peak:       18.715
Characteristic density local = 6135.4 deg^-2 = 1.704 arcmin^-2
Fitting aperture to hotspot...
Candidate: x_peak:        0.145, y_peak:        0.705, r_peak:        0.020, sig:        4.851, ra_peak:      216.713, dec_peak:       18.915
Distance = 31.6 kpc (m-M = 17.5)
642083 objects left after isochrone cut...
Characteristic density = 5300.0 deg^-2
Characteristic density local = 5375.5 deg^-2 = 1.493 arcmin^-2
Fitting aperture to hotspot...
Candidate: x_peak:       -0.825, y_peak:        0.195, r_peak:        0.020, sig:        5.061, ra_peak:      215.691, dec_peak:       18.403
Characteristic density local = 5401.3 deg^-2 = 1.500 arcmin^-2
Fitting aperture to hotspot...
Candidate: x_peak:       -0.675, y_peak:        0.345, r_peak:        0.020, sig:        6.242, ra_peak:      215.848, dec_peak:       18.554
Characteristic density local = 5741.5 deg^-2 = 1.595 arcmin^-2
Fitting aperture to hotspot...
Candidate: x_peak:       -0.265, y_peak:        0.055, r_peak:        0.050, sig:        4.147, ra_peak:      216.281, dec_peak:       18.265
Characteristic density local = 5385.4 deg^-2 = 1.496 arcmin^-2
Fitting aperture to hotspot...
Candidate: x_peak:       -0.205, y_peak:       -0.585, r_peak:        0.020, sig:        4.805, ra_peak:      216.345, dec_peak:       17.625
Characteristic density local = 5443.1 deg^-2 = 1.512 arcmin^-2
Fitting aperture to hotspot...
Candidate: x_peak:       -0.145, y_peak:       -0.795, r_peak:        0.030, sig:        7.754, ra_peak:      216.408, dec_peak:       17.415
Characteristic density local = 5739.5 deg^-2 = 1.594 arcmin^-2
Fitting aperture to hotspot...
Candidate: x_peak:        0.045, y_peak:        1.015, r_peak:        0.040, sig:       26.156, ra_peak:      216.608, dec_peak:       19.225
Characteristic density local = 5500.8 deg^-2 = 1.528 arcmin^-2
Fitting aperture to hotspot...
Candidate: x_peak:        0.025, y_peak:        1.175, r_peak:        0.200, sig:       10.788, ra_peak:      216.587, dec_peak:       19.385
Characteristic density local = 5942.4 deg^-2 = 1.651 arcmin^-2
Fitting aperture to hotspot...
Candidate: x_peak:        0.015, y_peak:        0.505, r_peak:        0.040, sig:        4.063, ra_peak:      216.576, dec_peak:       18.715
Characteristic density local = 6135.4 deg^-2 = 1.704 arcmin^-2
Fitting aperture to hotspot...
Candidate: x_peak:        0.145, y_peak:        0.705, r_peak:        0.020, sig:        4.851, ra_peak:      216.713, dec_peak:       18.915
Distance = 39.8 kpc (m-M = 18.0)
642064 objects left after isochrone cut...
Characteristic density = 5300.0 deg^-2
Characteristic density local = 5367.5 deg^-2 = 1.491 arcmin^-2
Fitting aperture to hotspot...
Candidate: x_peak:       -0.825, y_peak:        0.195, r_peak:        0.020, sig:        5.066, ra_peak:      215.691, dec_peak:       18.403
Characteristic density local = 5397.3 deg^-2 = 1.499 arcmin^-2
Fitting aperture to hotspot...
Candidate: x_peak:       -0.675, y_peak:        0.345, r_peak:        0.020, sig:        6.244, ra_peak:      215.848, dec_peak:       18.554
Characteristic density local = 5737.5 deg^-2 = 1.594 arcmin^-2
Fitting aperture to hotspot...
Candidate: x_peak:       -0.265, y_peak:        0.055, r_peak:        0.050, sig:        4.152, ra_peak:      216.281, dec_peak:       18.265
Characteristic density local = 5385.4 deg^-2 = 1.496 arcmin^-2
Fitting aperture to hotspot...
Candidate: x_peak:       -0.205, y_peak:       -0.585, r_peak:        0.020, sig:        4.805, ra_peak:      216.345, dec_peak:       17.625
Characteristic density local = 5443.1 deg^-2 = 1.512 arcmin^-2
Fitting aperture to hotspot...
Candidate: x_peak:       -0.145, y_peak:       -0.795, r_peak:        0.030, sig:        7.754, ra_peak:      216.408, dec_peak:       17.415
Characteristic density local = 5737.5 deg^-2 = 1.594 arcmin^-2
Fitting aperture to hotspot...
Candidate: x_peak:        0.045, y_peak:        1.015, r_peak:        0.040, sig:       26.160, ra_peak:      216.608, dec_peak:       19.225
Characteristic density local = 5500.8 deg^-2 = 1.528 arcmin^-2
Fitting aperture to hotspot...
Candidate: x_peak:        0.025, y_peak:        1.175, r_peak:        0.200, sig:       10.788, ra_peak:      216.587, dec_peak:       19.385
Characteristic density local = 5932.5 deg^-2 = 1.648 arcmin^-2
Fitting aperture to hotspot...
Candidate: x_peak:        0.015, y_peak:        0.505, r_peak:        0.040, sig:        4.073, ra_peak:      216.576, dec_peak:       18.715
Characteristic density local = 6133.4 deg^-2 = 1.704 arcmin^-2
Fitting aperture to hotspot...
Candidate: x_peak:        0.145, y_peak:        0.705, r_peak:        0.020, sig:        4.853, ra_peak:      216.713, dec_peak:       18.915
Distance = 50.1 kpc (m-M = 18.5)
641285 objects left after isochrone cut...
Characteristic density = 5300.0 deg^-2
Characteristic density local = 5329.7 deg^-2 = 1.480 arcmin^-2
Fitting aperture to hotspot...
Candidate: x_peak:       -0.825, y_peak:        0.195, r_peak:        0.020, sig:        5.090, ra_peak:      215.691, dec_peak:       18.403
Characteristic density local = 5347.6 deg^-2 = 1.485 arcmin^-2
Fitting aperture to hotspot...
Candidate: x_peak:       -0.675, y_peak:        0.345, r_peak:        0.020, sig:        6.277, ra_peak:      215.848, dec_peak:       18.554
Characteristic density local = 5699.7 deg^-2 = 1.583 arcmin^-2
Fitting aperture to hotspot...
Candidate: x_peak:       -0.265, y_peak:        0.055, r_peak:        0.050, sig:        4.201, ra_peak:      216.281, dec_peak:       18.265
Characteristic density local = 5351.6 deg^-2 = 1.487 arcmin^-2
Fitting aperture to hotspot...
Candidate: x_peak:       -0.205, y_peak:       -0.585, r_peak:        0.020, sig:        4.825, ra_peak:      216.345, dec_peak:       17.625
Characteristic density local = 5419.2 deg^-2 = 1.505 arcmin^-2
Fitting aperture to hotspot...
Candidate: x_peak:       -0.145, y_peak:       -0.795, r_peak:        0.030, sig:        7.612, ra_peak:      216.408, dec_peak:       17.415
Characteristic density local = 5721.6 deg^-2 = 1.589 arcmin^-2
Fitting aperture to hotspot...
Candidate: x_peak:        0.045, y_peak:        1.015, r_peak:        0.040, sig:       26.184, ra_peak:      216.608, dec_peak:       19.225
Characteristic density local = 5486.9 deg^-2 = 1.524 arcmin^-2
Fitting aperture to hotspot...
Candidate: x_peak:        0.025, y_peak:        1.175, r_peak:        0.200, sig:       10.792, ra_peak:      216.587, dec_peak:       19.385
Characteristic density local = 5904.6 deg^-2 = 1.640 arcmin^-2
Fitting aperture to hotspot...
Candidate: x_peak:        0.015, y_peak:        0.505, r_peak:        0.040, sig:        4.102, ra_peak:      216.576, dec_peak:       18.715
Characteristic density local = 6089.7 deg^-2 = 1.692 arcmin^-2
Fitting aperture to hotspot...
Candidate: x_peak:        0.145, y_peak:        0.715, r_peak:        0.020, sig:        5.116, ra_peak:      216.713, dec_peak:       18.925
Distance = 63.1 kpc (m-M = 19.0)
639258 objects left after isochrone cut...
Characteristic density = 5200.0 deg^-2
Characteristic density local = 5287.9 deg^-2 = 1.469 arcmin^-2
Fitting aperture to hotspot...
Candidate: x_peak:       -0.825, y_peak:        0.195, r_peak:        0.020, sig:        4.865, ra_peak:      215.691, dec_peak:       18.403
Characteristic density local = 5285.9 deg^-2 = 1.468 arcmin^-2
Fitting aperture to hotspot...
Candidate: x_peak:       -0.675, y_peak:        0.345, r_peak:        0.020, sig:        6.317, ra_peak:      215.848, dec_peak:       18.554
Characteristic density local = 5642.0 deg^-2 = 1.567 arcmin^-2
Fitting aperture to hotspot...
Candidate: x_peak:       -0.265, y_peak:        0.055, r_peak:        0.050, sig:        4.150, ra_peak:      216.281, dec_peak:       18.265
Characteristic density local = 5270.0 deg^-2 = 1.464 arcmin^-2
Fitting aperture to hotspot...
Candidate: x_peak:       -0.205, y_peak:       -0.585, r_peak:        0.020, sig:        4.876, ra_peak:      216.345, dec_peak:       17.625
Characteristic density local = 5333.7 deg^-2 = 1.482 arcmin^-2
Fitting aperture to hotspot...
Candidate: x_peak:       -0.145, y_peak:       -0.795, r_peak:        0.030, sig:        7.692, ra_peak:      216.408, dec_peak:       17.415
Characteristic density local = 5663.9 deg^-2 = 1.573 arcmin^-2
Fitting aperture to hotspot...
Candidate: x_peak:        0.045, y_peak:        1.015, r_peak:        0.040, sig:       26.274, ra_peak:      216.608, dec_peak:       19.225
Characteristic density local = 5415.2 deg^-2 = 1.504 arcmin^-2
Fitting aperture to hotspot...
Candidate: x_peak:        0.025, y_peak:        1.175, r_peak:        0.200, sig:       10.990, ra_peak:      216.587, dec_peak:       19.385
Characteristic density local = 5825.1 deg^-2 = 1.618 arcmin^-2
Fitting aperture to hotspot...
Candidate: x_peak:        0.015, y_peak:        0.505, r_peak:        0.040, sig:        4.035, ra_peak:      216.576, dec_peak:       18.715
Characteristic density local = 6039.9 deg^-2 = 1.678 arcmin^-2
Fitting aperture to hotspot...
Candidate: x_peak:        0.145, y_peak:        0.705, r_peak:        0.020, sig:        4.906, ra_peak:      216.713, dec_peak:       18.915
Distance = 79.4 kpc (m-M = 19.5)
636687 objects left after isochrone cut...
Characteristic density = 5100.0 deg^-2
Characteristic density local = 5198.4 deg^-2 = 1.444 arcmin^-2
Fitting aperture to hotspot...
Candidate: x_peak:       -0.825, y_peak:        0.195, r_peak:        0.020, sig:        4.921, ra_peak:      215.691, dec_peak:       18.403
Characteristic density local = 5222.3 deg^-2 = 1.451 arcmin^-2
Fitting aperture to hotspot...
Candidate: x_peak:       -0.675, y_peak:        0.345, r_peak:        0.020, sig:        6.360, ra_peak:      215.848, dec_peak:       18.554
Characteristic density local = 5554.5 deg^-2 = 1.543 arcmin^-2
Fitting aperture to hotspot...
Candidate: x_peak:       -0.265, y_peak:        0.055, r_peak:        0.050, sig:        4.138, ra_peak:      216.281, dec_peak:       18.265
Characteristic density local = 5152.6 deg^-2 = 1.431 arcmin^-2
Fitting aperture to hotspot...
Candidate: x_peak:       -0.205, y_peak:       -0.585, r_peak:        0.020, sig:        4.951, ra_peak:      216.345, dec_peak:       17.625
Characteristic density local = 5230.2 deg^-2 = 1.453 arcmin^-2
Fitting aperture to hotspot...
Candidate: x_peak:       -0.145, y_peak:       -0.795, r_peak:        0.030, sig:        7.790, ra_peak:      216.408, dec_peak:       17.415
Characteristic density local = 5564.5 deg^-2 = 1.546 arcmin^-2
Fitting aperture to hotspot...
Candidate: x_peak:        0.045, y_peak:        1.015, r_peak:        0.040, sig:       26.430, ra_peak:      216.608, dec_peak:       19.225
Characteristic density local = 5337.7 deg^-2 = 1.483 arcmin^-2
Fitting aperture to hotspot...
Candidate: x_peak:        0.025, y_peak:        1.175, r_peak:        0.200, sig:       10.813, ra_peak:      216.587, dec_peak:       19.385
Characteristic density local = 5751.5 deg^-2 = 1.598 arcmin^-2
Fitting aperture to hotspot...
Candidate: x_peak:        0.015, y_peak:        0.505, r_peak:        0.040, sig:        3.961, ra_peak:      216.576, dec_peak:       18.715
Characteristic density local = 5942.4 deg^-2 = 1.651 arcmin^-2
Fitting aperture to hotspot...
Candidate: x_peak:        0.145, y_peak:        0.705, r_peak:        0.020, sig:        4.963, ra_peak:      216.713, dec_peak:       18.915
Distance = 100.0 kpc (m-M = 20.0)
633643 objects left after isochrone cut...
Characteristic density = 5000.0 deg^-2
Characteristic density local = 5083.0 deg^-2 = 1.412 arcmin^-2
Fitting aperture to hotspot...
Candidate: x_peak:       -0.815, y_peak:        0.195, r_peak:        0.010, sig:        5.900, ra_peak:      215.701, dec_peak:       18.403
Characteristic density local = 5102.9 deg^-2 = 1.417 arcmin^-2
Fitting aperture to hotspot...
Candidate: x_peak:       -0.675, y_peak:        0.345, r_peak:        0.020, sig:        6.440, ra_peak:      215.848, dec_peak:       18.554
Characteristic density local = 5449.1 deg^-2 = 1.514 arcmin^-2
Fitting aperture to hotspot...
Candidate: x_peak:       -0.265, y_peak:        0.055, r_peak:        0.050, sig:        4.150, ra_peak:      216.281, dec_peak:       18.265
Characteristic density local = 5063.1 deg^-2 = 1.406 arcmin^-2
Fitting aperture to hotspot...
Candidate: x_peak:       -0.205, y_peak:       -0.585, r_peak:        0.020, sig:        5.008, ra_peak:      216.345, dec_peak:       17.625
Characteristic density local = 5146.7 deg^-2 = 1.430 arcmin^-2
Fitting aperture to hotspot...
Candidate: x_peak:       -0.145, y_peak:       -0.795, r_peak:        0.030, sig:        7.871, ra_peak:      216.408, dec_peak:       17.415
Characteristic density local = 5467.0 deg^-2 = 1.519 arcmin^-2
Fitting aperture to hotspot...
Candidate: x_peak:        0.045, y_peak:        1.015, r_peak:        0.040, sig:       26.331, ra_peak:      216.608, dec_peak:       19.225
Characteristic density local = 5262.1 deg^-2 = 1.462 arcmin^-2
Fitting aperture to hotspot...
Candidate: x_peak:        0.025, y_peak:        1.175, r_peak:        0.200, sig:       10.796, ra_peak:      216.587, dec_peak:       19.385
Characteristic density local = 5835.0 deg^-2 = 1.621 arcmin^-2
Fitting aperture to hotspot...
Candidate: x_peak:        0.145, y_peak:        0.705, r_peak:        0.020, sig:        5.026, ra_peak:      216.713, dec_peak:       18.915
Characteristic density local = 5150.7 deg^-2 = 1.431 arcmin^-2
Fitting aperture to hotspot...
Candidate: x_peak:        0.555, y_peak:        0.095, r_peak:        0.010, sig:        5.121, ra_peak:      217.145, dec_peak:       18.304
Distance = 125.9 kpc (m-M = 20.5)
629921 objects left after isochrone cut...
Characteristic density = 4900.0 deg^-2
Characteristic density local = 4965.6 deg^-2 = 1.379 arcmin^-2
Fitting aperture to hotspot...
Candidate: x_peak:       -0.815, y_peak:        0.195, r_peak:        0.010, sig:        5.948, ra_peak:      215.701, dec_peak:       18.403
Characteristic density local = 4989.5 deg^-2 = 1.386 arcmin^-2
Fitting aperture to hotspot...
Candidate: x_peak:       -0.675, y_peak:        0.345, r_peak:        0.020, sig:        6.518, ra_peak:      215.848, dec_peak:       18.554
Characteristic density local = 5331.7 deg^-2 = 1.481 arcmin^-2
Fitting aperture to hotspot...
Candidate: x_peak:       -0.265, y_peak:        0.055, r_peak:        0.050, sig:        4.177, ra_peak:      216.281, dec_peak:       18.265
Characteristic density local = 4949.7 deg^-2 = 1.375 arcmin^-2
Fitting aperture to hotspot...
Candidate: x_peak:       -0.205, y_peak:       -0.585, r_peak:        0.020, sig:        4.825, ra_peak:      216.345, dec_peak:       17.625
Characteristic density local = 5031.3 deg^-2 = 1.398 arcmin^-2
Fitting aperture to hotspot...
Candidate: x_peak:       -0.145, y_peak:       -0.795, r_peak:        0.030, sig:        7.983, ra_peak:      216.408, dec_peak:       17.415
Characteristic density local = 5343.6 deg^-2 = 1.484 arcmin^-2
Fitting aperture to hotspot...
Candidate: x_peak:        0.045, y_peak:        1.015, r_peak:        0.040, sig:       26.530, ra_peak:      216.608, dec_peak:       19.225
Characteristic density local = 5132.7 deg^-2 = 1.426 arcmin^-2
Fitting aperture to hotspot...
Candidate: x_peak:        0.025, y_peak:        1.175, r_peak:        0.200, sig:       10.958, ra_peak:      216.587, dec_peak:       19.385
Characteristic density local = 5733.6 deg^-2 = 1.593 arcmin^-2
Fitting aperture to hotspot...
Candidate: x_peak:        0.145, y_peak:        0.715, r_peak:        0.020, sig:        5.328, ra_peak:      216.713, dec_peak:       18.925
Characteristic density local = 5055.2 deg^-2 = 1.404 arcmin^-2
Fitting aperture to hotspot...
Candidate: x_peak:        0.565, y_peak:        0.085, r_peak:        0.020, sig:        5.514, ra_peak:      217.155, dec_peak:       18.294
Distance = 158.5 kpc (m-M = 21.0)
625414 objects left after isochrone cut...
Characteristic density = 4700.0 deg^-2
Characteristic density local = 4804.5 deg^-2 = 1.335 arcmin^-2
Fitting aperture to hotspot...
Candidate: x_peak:       -0.815, y_peak:        0.195, r_peak:        0.010, sig:        6.015, ra_peak:      215.701, dec_peak:       18.403
Characteristic density local = 4822.4 deg^-2 = 1.340 arcmin^-2
Fitting aperture to hotspot...
Candidate: x_peak:       -0.675, y_peak:        0.345, r_peak:        0.020, sig:        6.635, ra_peak:      215.848, dec_peak:       18.554
Characteristic density local = 5162.6 deg^-2 = 1.434 arcmin^-2
Fitting aperture to hotspot...
Candidate: x_peak:       -0.265, y_peak:        0.055, r_peak:        0.020, sig:        4.164, ra_peak:      216.281, dec_peak:       18.265
Characteristic density local = 4792.6 deg^-2 = 1.331 arcmin^-2
Fitting aperture to hotspot...
Candidate: x_peak:       -0.205, y_peak:       -0.585, r_peak:        0.020, sig:        4.928, ra_peak:      216.345, dec_peak:       17.625
Characteristic density local = 4886.1 deg^-2 = 1.357 arcmin^-2
Fitting aperture to hotspot...
Candidate: x_peak:       -0.145, y_peak:       -0.795, r_peak:        0.030, sig:        8.128, ra_peak:      216.408, dec_peak:       17.415
Characteristic density local = 5178.5 deg^-2 = 1.438 arcmin^-2
Fitting aperture to hotspot...
Candidate: x_peak:        0.045, y_peak:        1.015, r_peak:        0.040, sig:       26.717, ra_peak:      216.608, dec_peak:       19.225
Characteristic density local = 5580.4 deg^-2 = 1.550 arcmin^-2
Fitting aperture to hotspot...
Candidate: x_peak:        0.145, y_peak:        0.705, r_peak:        0.020, sig:        5.180, ra_peak:      216.713, dec_peak:       18.915
Characteristic density local = 5192.4 deg^-2 = 1.442 arcmin^-2
Fitting aperture to hotspot...
Candidate: x_peak:        0.305, y_peak:        0.295, r_peak:        0.020, sig:        3.321, ra_peak:      216.882, dec_peak:       18.505
Characteristic density local = 4824.4 deg^-2 = 1.340 arcmin^-2
Fitting aperture to hotspot...
Candidate: x_peak:        0.535, y_peak:       -0.025, r_peak:        0.130, sig:        4.110, ra_peak:      217.123, dec_peak:       18.184
Distance = 199.5 kpc (m-M = 21.5)
619975 objects left after isochrone cut...
Characteristic density = 4600.0 deg^-2
Characteristic density local = 4625.4 deg^-2 = 1.285 arcmin^-2
Fitting aperture to hotspot...
Candidate: x_peak:       -0.815, y_peak:        0.195, r_peak:        0.010, sig:        6.093, ra_peak:      215.701, dec_peak:       18.403
Characteristic density local = 4667.2 deg^-2 = 1.296 arcmin^-2
Fitting aperture to hotspot...
Candidate: x_peak:       -0.675, y_peak:        0.345, r_peak:        0.020, sig:        6.746, ra_peak:      215.848, dec_peak:       18.554
Characteristic density local = 5023.3 deg^-2 = 1.395 arcmin^-2
Fitting aperture to hotspot...
Candidate: x_peak:       -0.265, y_peak:        0.055, r_peak:        0.020, sig:        4.250, ra_peak:      216.281, dec_peak:       18.265
Characteristic density local = 4635.4 deg^-2 = 1.288 arcmin^-2
Fitting aperture to hotspot...
Candidate: x_peak:       -0.205, y_peak:       -0.585, r_peak:        0.020, sig:        5.034, ra_peak:      216.345, dec_peak:       17.625
Characteristic density local = 4689.1 deg^-2 = 1.303 arcmin^-2
Fitting aperture to hotspot...
Candidate: x_peak:       -0.145, y_peak:       -0.795, r_peak:        0.030, sig:        7.990, ra_peak:      216.408, dec_peak:       17.415
Characteristic density local = 4999.5 deg^-2 = 1.389 arcmin^-2
Fitting aperture to hotspot...
Candidate: x_peak:        0.045, y_peak:        1.015, r_peak:        0.040, sig:       26.847, ra_peak:      216.608, dec_peak:       19.225
Characteristic density local = 5415.2 deg^-2 = 1.504 arcmin^-2
Fitting aperture to hotspot...
Candidate: x_peak:        0.145, y_peak:        0.715, r_peak:        0.020, sig:        5.525, ra_peak:      216.713, dec_peak:       18.925
Characteristic density local = 5027.3 deg^-2 = 1.396 arcmin^-2
Fitting aperture to hotspot...
Candidate: x_peak:        0.305, y_peak:        0.295, r_peak:        0.020, sig:        3.420, ra_peak:      216.882, dec_peak:       18.505
Characteristic density local = 4669.2 deg^-2 = 1.297 arcmin^-2
Fitting aperture to hotspot...
Candidate: x_peak:        0.535, y_peak:       -0.025, r_peak:        0.130, sig:        4.245, ra_peak:      217.123, dec_peak:       18.184
Distance = 251.2 kpc (m-M = 22.0)
613416 objects left after isochrone cut...
Characteristic density = 4300.0 deg^-2
Characteristic density local = 4410.6 deg^-2 = 1.225 arcmin^-2
Fitting aperture to hotspot...
Candidate: x_peak:       -0.815, y_peak:        0.195, r_peak:        0.010, sig:        6.188, ra_peak:      215.701, dec_peak:       18.403
Characteristic density local = 4480.2 deg^-2 = 1.245 arcmin^-2
Fitting aperture to hotspot...
Candidate: x_peak:       -0.675, y_peak:        0.345, r_peak:        0.020, sig:        6.884, ra_peak:      215.848, dec_peak:       18.554
Characteristic density local = 4790.6 deg^-2 = 1.331 arcmin^-2
Fitting aperture to hotspot...
Candidate: x_peak:       -0.265, y_peak:        0.055, r_peak:        0.020, sig:        4.399, ra_peak:      216.281, dec_peak:       18.265
Characteristic density local = 4410.6 deg^-2 = 1.225 arcmin^-2
Fitting aperture to hotspot...
Candidate: x_peak:       -0.205, y_peak:       -0.585, r_peak:        0.020, sig:        4.924, ra_peak:      216.345, dec_peak:       17.625
Characteristic density local = 4488.2 deg^-2 = 1.247 arcmin^-2
Fitting aperture to hotspot...
Candidate: x_peak:       -0.145, y_peak:       -0.795, r_peak:        0.030, sig:        8.028, ra_peak:      216.408, dec_peak:       17.415
Characteristic density local = 4786.6 deg^-2 = 1.330 arcmin^-2
Fitting aperture to hotspot...
Candidate: x_peak:        0.045, y_peak:        1.015, r_peak:        0.040, sig:       27.131, ra_peak:      216.608, dec_peak:       19.225
Characteristic density local = 4625.4 deg^-2 = 1.285 arcmin^-2
Fitting aperture to hotspot...
Candidate: x_peak:        0.025, y_peak:        1.175, r_peak:        0.200, sig:       11.316, ra_peak:      216.587, dec_peak:       19.385
Characteristic density local = 5204.4 deg^-2 = 1.446 arcmin^-2
Fitting aperture to hotspot...
Candidate: x_peak:        0.145, y_peak:        0.715, r_peak:        0.020, sig:        5.417, ra_peak:      216.713, dec_peak:       18.925
Characteristic density local = 4430.5 deg^-2 = 1.231 arcmin^-2
Fitting aperture to hotspot...
Candidate: x_peak:        0.535, y_peak:       -0.025, r_peak:        0.130, sig:        4.269, ra_peak:      217.123, dec_peak:       18.184
Distance = 316.2 kpc (m-M = 22.5)
605525 objects left after isochrone cut...
Characteristic density = 4100.0 deg^-2
Characteristic density local = 4187.8 deg^-2 = 1.163 arcmin^-2
Fitting aperture to hotspot...
Candidate: x_peak:       -0.815, y_peak:        0.195, r_peak:        0.010, sig:        6.292, ra_peak:      215.701, dec_peak:       18.403
Characteristic density local = 4241.5 deg^-2 = 1.178 arcmin^-2
Fitting aperture to hotspot...
Candidate: x_peak:       -0.675, y_peak:        0.345, r_peak:        0.020, sig:        7.067, ra_peak:      215.848, dec_peak:       18.554
Characteristic density local = 4535.9 deg^-2 = 1.260 arcmin^-2
Fitting aperture to hotspot...
Candidate: x_peak:       -0.265, y_peak:        0.055, r_peak:        0.020, sig:        4.294, ra_peak:      216.281, dec_peak:       18.265
Characteristic density local = 4201.7 deg^-2 = 1.167 arcmin^-2
Fitting aperture to hotspot...
Candidate: x_peak:       -0.145, y_peak:       -0.795, r_peak:        0.030, sig:        7.987, ra_peak:      216.408, dec_peak:       17.415
Characteristic density local = 4561.8 deg^-2 = 1.267 arcmin^-2
Fitting aperture to hotspot...
Candidate: x_peak:        0.045, y_peak:        1.015, r_peak:        0.040, sig:       27.362, ra_peak:      216.608, dec_peak:       19.225
Characteristic density local = 4392.7 deg^-2 = 1.220 arcmin^-2
Fitting aperture to hotspot...
Candidate: x_peak:        0.025, y_peak:        1.175, r_peak:        0.200, sig:       11.730, ra_peak:      216.587, dec_peak:       19.385
Characteristic density local = 4987.5 deg^-2 = 1.385 arcmin^-2
Fitting aperture to hotspot...
Candidate: x_peak:        0.145, y_peak:        0.715, r_peak:        0.020, sig:        5.310, ra_peak:      216.713, dec_peak:       18.925
Characteristic density local = 4155.9 deg^-2 = 1.154 arcmin^-2
Fitting aperture to hotspot...
Candidate: x_peak:        0.545, y_peak:       -0.025, r_peak:        0.040, sig:        5.177, ra_peak:      217.134, dec_peak:       18.184
Distance = 398.1 kpc (m-M = 23.0)
595847 objects left after isochrone cut...
Characteristic density = 3800.0 deg^-2
Characteristic density local = 3913.2 deg^-2 = 1.087 arcmin^-2
Fitting aperture to hotspot...
Candidate: x_peak:       -0.815, y_peak:        0.185, r_peak:        0.030, sig:        5.458, ra_peak:      215.701, dec_peak:       18.393
Characteristic density local = 3917.2 deg^-2 = 1.088 arcmin^-2
Fitting aperture to hotspot...
Candidate: x_peak:       -0.675, y_peak:        0.345, r_peak:        0.020, sig:        7.086, ra_peak:      215.848, dec_peak:       18.554
Characteristic density local = 4187.8 deg^-2 = 1.163 arcmin^-2
Fitting aperture to hotspot...
Candidate: x_peak:       -0.265, y_peak:        0.055, r_peak:        0.020, sig:        4.534, ra_peak:      216.281, dec_peak:       18.265
Characteristic density local = 3811.8 deg^-2 = 1.059 arcmin^-2
Fitting aperture to hotspot...
Candidate: x_peak:       -0.205, y_peak:       -0.585, r_peak:        0.020, sig:        5.366, ra_peak:      216.345, dec_peak:       17.625
Characteristic density local = 3863.5 deg^-2 = 1.073 arcmin^-2
Fitting aperture to hotspot...
Candidate: x_peak:       -0.155, y_peak:       -0.795, r_peak:        0.020, sig:        8.314, ra_peak:      216.398, dec_peak:       17.415
Characteristic density local = 4249.4 deg^-2 = 1.180 arcmin^-2
Fitting aperture to hotspot...
Candidate: x_peak:        0.045, y_peak:        1.015, r_peak:        0.040, sig:       27.685, ra_peak:      216.608, dec_peak:       19.225
Characteristic density local = 4072.4 deg^-2 = 1.131 arcmin^-2
Fitting aperture to hotspot...
Candidate: x_peak:        0.025, y_peak:        1.175, r_peak:        0.200, sig:       11.826, ra_peak:      216.587, dec_peak:       19.385
Characteristic density local = 4695.1 deg^-2 = 1.304 arcmin^-2
Fitting aperture to hotspot...
Candidate: x_peak:        0.145, y_peak:        0.715, r_peak:        0.020, sig:        5.507, ra_peak:      216.713, dec_peak:       18.925
27.69 sigma; (RA, Dec, d) = (216.61, 19.23); r = 0.04 deg; d = 398.1, mu = 23.00 mag), mc_source_id: 0.00
11.83 sigma; (RA, Dec, d) = (216.59, 19.39); r = 0.20 deg; d = 398.1, mu = 23.00 mag), mc_source_id: 0.00
8.31 sigma; (RA, Dec, d) = (216.40, 17.41); r = 0.02 deg; d = 398.1, mu = 23.00 mag), mc_source_id: 0.00
7.09 sigma; (RA, Dec, d) = (215.85, 18.55); r = 0.02 deg; d = 398.1, mu = 23.00 mag), mc_source_id: 0.00
6.29 sigma; (RA, Dec, d) = (215.70, 18.40); r = 0.01 deg; d = 316.2, mu = 22.50 mag), mc_source_id: 0.00
5.52 sigma; (RA, Dec, d) = (216.71, 18.92); r = 0.02 deg; d = 199.5, mu = 21.50 mag), mc_source_id: 0.00
5.51 sigma; (RA, Dec, d) = (217.16, 18.29); r = 0.02 deg; d = 125.9, mu = 20.50 mag), mc_source_id: 0.00
5.37 sigma; (RA, Dec, d) = (216.34, 17.62); r = 0.02 deg; d = 398.1, mu = 23.00 mag), mc_source_id: 0.00
5.18 sigma; (RA, Dec, d) = (217.13, 18.18); r = 0.04 deg; d = 316.2, mu = 22.50 mag), mc_source_id: 0.00
5.09 sigma; (RA, Dec, d) = (215.69, 18.40); r = 0.02 deg; d = 50.1, mu = 18.50 mag), mc_source_id: 0.00
4.53 sigma; (RA, Dec, d) = (216.28, 18.26); r = 0.02 deg; d = 398.1, mu = 23.00 mag), mc_source_id: 0.00
4.10 sigma; (RA, Dec, d) = (216.58, 18.72); r = 0.04 deg; d = 50.1, mu = 18.50 mag), mc_source_id: 0.00
3.42 sigma; (RA, Dec, d) = (216.88, 18.50); r = 0.02 deg; d = 199.5, mu = 21.50 mag), mc_source_id: 0.00

------------------------------------------------------------
Job <679657.0> was submitted from <des51.fnal.gov> by user <tavangar>.
Job was executed on host <des40.fnal.gov> as user <tavangar>.
</var/lib/condor/execute/dir_1779816> was used as the initial working directory.
Results reported at Wed Jun  5 05:31:19 CDT 2019

Your job looked like:

------------------------------------------------------------
python /home/s1/tavangar/tavangar_simple/search_algorithm.py 216.56 18.21 0.00 /home/s1/tavangar/tavangar_simple/decals_dr7_results/results_nside_32_4237.csv /home/s1/tavangar/tavangar_simple/decals_dr7_results/decals_dr7_log/results_nside_32_4237.log
------------------------------------------------------------

Successfully completed.

Resource usage summary:

	Real time :			496.94 sec.
	CPU time :			234.18 sec.
	CPU percentage :		94%
	Max Memory :			5693872 KB
	Average Memory :		0 KB

The output (if any) is above this job summary.
