/home/s1/tavangar/tavangar_simple/simple_utils.py:170: FutureWarning: elementwise comparison failed; returning scalar instead, but in the future will perform elementwise comparison
  if np.all(isochrone.stage == 'Main'):
Search coordinates: (RA, Dec) = (1.41, -19.47)
Center healpixel: 8128
Healpixels: [8128 8256 8255 8000 7872 8001 8129 8257 8384]
MC_SOURCE_ID = 0.0
mode = 0: running only on real data
Found 1 objects...
Applying cuts...
55815 star-like objects in ROI...
90786 galaxy-like objects in ROI...
No fracdet map specified ...
Distance = 15.8 kpc (m-M = 16.0)
55814 objects left after isochrone cut...
Characteristic density = 4400.0 deg^-2
Characteristic density local = 4400.0 deg^-2 = 1.222 arcmin^-2
Fitting aperture to hotspot...
Candidate: x_peak:       -0.095, y_peak:       -0.595, r_peak:        0.020, sig:        5.198, ra_peak:        1.309, dec_peak:      -20.065
Characteristic density local = 4400.0 deg^-2 = 1.222 arcmin^-2
Fitting aperture to hotspot...
Candidate: x_peak:       -0.065, y_peak:       -1.125, r_peak:        0.010, sig:        4.177, ra_peak:        1.341, dec_peak:      -20.595
Characteristic density local = 4400.0 deg^-2 = 1.222 arcmin^-2
Fitting aperture to hotspot...
Candidate: x_peak:        0.085, y_peak:       -1.185, r_peak:        0.010, sig:        2.747, ra_peak:        1.501, dec_peak:      -20.655
Characteristic density local = 3708.3 deg^-2 = 1.030 arcmin^-2
Fitting aperture to hotspot...
Candidate: x_peak:        0.135, y_peak:       -1.135, r_peak:        0.290, sig:        7.942, ra_peak:        1.554, dec_peak:      -20.605
Characteristic density local = 4400.0 deg^-2 = 1.222 arcmin^-2
Fitting aperture to hotspot...
Candidate: x_peak:        0.315, y_peak:        0.085, r_peak:        0.030, sig:        1.645, ra_peak:        1.744, dec_peak:      -19.385
Characteristic density local = 4522.0 deg^-2 = 1.256 arcmin^-2
Fitting aperture to hotspot...
Candidate: x_peak:        0.355, y_peak:       -0.925, r_peak:        0.220, sig:        1.514, ra_peak:        1.789, dec_peak:      -20.395
Characteristic density local = 4078.3 deg^-2 = 1.133 arcmin^-2
Fitting aperture to hotspot...
Candidate: x_peak:        0.675, y_peak:       -0.255, r_peak:        0.290, sig:        3.536, ra_peak:        2.127, dec_peak:      -19.724
Characteristic density local = 4567.7 deg^-2 = 1.269 arcmin^-2
Fitting aperture to hotspot...
Candidate: x_peak:        0.835, y_peak:       -0.465, r_peak:        0.020, sig:        3.707, ra_peak:        2.298, dec_peak:      -19.933
Characteristic density local = 4400.0 deg^-2 = 1.222 arcmin^-2
Fitting aperture to hotspot...
Candidate: x_peak:        0.945, y_peak:        0.115, r_peak:        0.040, sig:        2.281, ra_peak:        2.412, dec_peak:      -19.352
Distance = 20.0 kpc (m-M = 16.5)
55815 objects left after isochrone cut...
Characteristic density = 4400.0 deg^-2
Characteristic density local = 4400.0 deg^-2 = 1.222 arcmin^-2
Fitting aperture to hotspot...
Candidate: x_peak:       -0.095, y_peak:       -0.595, r_peak:        0.020, sig:        5.198, ra_peak:        1.309, dec_peak:      -20.065
Characteristic density local = 4400.0 deg^-2 = 1.222 arcmin^-2
Fitting aperture to hotspot...
Candidate: x_peak:       -0.065, y_peak:       -1.125, r_peak:        0.010, sig:        4.177, ra_peak:        1.341, dec_peak:      -20.595
Characteristic density local = 4400.0 deg^-2 = 1.222 arcmin^-2
Fitting aperture to hotspot...
Candidate: x_peak:        0.085, y_peak:       -1.185, r_peak:        0.010, sig:        2.747, ra_peak:        1.501, dec_peak:      -20.655
Characteristic density local = 3708.3 deg^-2 = 1.030 arcmin^-2
Fitting aperture to hotspot...
Candidate: x_peak:        0.135, y_peak:       -1.135, r_peak:        0.290, sig:        7.942, ra_peak:        1.554, dec_peak:      -20.605
Characteristic density local = 4400.0 deg^-2 = 1.222 arcmin^-2
Fitting aperture to hotspot...
Candidate: x_peak:        0.315, y_peak:        0.085, r_peak:        0.030, sig:        1.645, ra_peak:        1.744, dec_peak:      -19.385
Characteristic density local = 4522.0 deg^-2 = 1.256 arcmin^-2
Fitting aperture to hotspot...
Candidate: x_peak:        0.355, y_peak:       -0.925, r_peak:        0.220, sig:        1.514, ra_peak:        1.789, dec_peak:      -20.395
Characteristic density local = 4078.3 deg^-2 = 1.133 arcmin^-2
Fitting aperture to hotspot...
Candidate: x_peak:        0.675, y_peak:       -0.255, r_peak:        0.290, sig:        3.536, ra_peak:        2.127, dec_peak:      -19.724
Characteristic density local = 4567.7 deg^-2 = 1.269 arcmin^-2
Fitting aperture to hotspot...
Candidate: x_peak:        0.835, y_peak:       -0.465, r_peak:        0.020, sig:        3.707, ra_peak:        2.298, dec_peak:      -19.933
Characteristic density local = 4400.0 deg^-2 = 1.222 arcmin^-2
Fitting aperture to hotspot...
Candidate: x_peak:        0.945, y_peak:        0.115, r_peak:        0.040, sig:        2.281, ra_peak:        2.412, dec_peak:      -19.352
Distance = 25.1 kpc (m-M = 17.0)
55815 objects left after isochrone cut...
Characteristic density = 4400.0 deg^-2
Characteristic density local = 4400.0 deg^-2 = 1.222 arcmin^-2
Fitting aperture to hotspot...
Candidate: x_peak:       -0.095, y_peak:       -0.595, r_peak:        0.020, sig:        5.198, ra_peak:        1.309, dec_peak:      -20.065
Characteristic density local = 4400.0 deg^-2 = 1.222 arcmin^-2
Fitting aperture to hotspot...
Candidate: x_peak:       -0.065, y_peak:       -1.125, r_peak:        0.010, sig:        4.177, ra_peak:        1.341, dec_peak:      -20.595
Characteristic density local = 4400.0 deg^-2 = 1.222 arcmin^-2
Fitting aperture to hotspot...
Candidate: x_peak:        0.085, y_peak:       -1.185, r_peak:        0.010, sig:        2.747, ra_peak:        1.501, dec_peak:      -20.655
Characteristic density local = 3708.3 deg^-2 = 1.030 arcmin^-2
Fitting aperture to hotspot...
Candidate: x_peak:        0.135, y_peak:       -1.135, r_peak:        0.290, sig:        7.942, ra_peak:        1.554, dec_peak:      -20.605
Characteristic density local = 4400.0 deg^-2 = 1.222 arcmin^-2
Fitting aperture to hotspot...
Candidate: x_peak:        0.315, y_peak:        0.085, r_peak:        0.030, sig:        1.645, ra_peak:        1.744, dec_peak:      -19.385
Characteristic density local = 4522.0 deg^-2 = 1.256 arcmin^-2
Fitting aperture to hotspot...
Candidate: x_peak:        0.355, y_peak:       -0.925, r_peak:        0.220, sig:        1.514, ra_peak:        1.789, dec_peak:      -20.395
Characteristic density local = 4078.3 deg^-2 = 1.133 arcmin^-2
Fitting aperture to hotspot...
Candidate: x_peak:        0.675, y_peak:       -0.255, r_peak:        0.290, sig:        3.536, ra_peak:        2.127, dec_peak:      -19.724
Characteristic density local = 4567.7 deg^-2 = 1.269 arcmin^-2
Fitting aperture to hotspot...
Candidate: x_peak:        0.835, y_peak:       -0.465, r_peak:        0.020, sig:        3.707, ra_peak:        2.298, dec_peak:      -19.933
Characteristic density local = 4400.0 deg^-2 = 1.222 arcmin^-2
Fitting aperture to hotspot...
Candidate: x_peak:        0.945, y_peak:        0.115, r_peak:        0.040, sig:        2.281, ra_peak:        2.412, dec_peak:      -19.352
Distance = 31.6 kpc (m-M = 17.5)
55815 objects left after isochrone cut...
Characteristic density = 4400.0 deg^-2
Characteristic density local = 4400.0 deg^-2 = 1.222 arcmin^-2
Fitting aperture to hotspot...
Candidate: x_peak:       -0.095, y_peak:       -0.595, r_peak:        0.020, sig:        5.198, ra_peak:        1.309, dec_peak:      -20.065
Characteristic density local = 4400.0 deg^-2 = 1.222 arcmin^-2
Fitting aperture to hotspot...
Candidate: x_peak:       -0.065, y_peak:       -1.125, r_peak:        0.010, sig:        4.177, ra_peak:        1.341, dec_peak:      -20.595
Characteristic density local = 4400.0 deg^-2 = 1.222 arcmin^-2
Fitting aperture to hotspot...
Candidate: x_peak:        0.085, y_peak:       -1.185, r_peak:        0.010, sig:        2.747, ra_peak:        1.501, dec_peak:      -20.655
Characteristic density local = 3708.3 deg^-2 = 1.030 arcmin^-2
Fitting aperture to hotspot...
Candidate: x_peak:        0.135, y_peak:       -1.135, r_peak:        0.290, sig:        7.942, ra_peak:        1.554, dec_peak:      -20.605
Characteristic density local = 4400.0 deg^-2 = 1.222 arcmin^-2
Fitting aperture to hotspot...
Candidate: x_peak:        0.315, y_peak:        0.085, r_peak:        0.030, sig:        1.645, ra_peak:        1.744, dec_peak:      -19.385
Characteristic density local = 4522.0 deg^-2 = 1.256 arcmin^-2
Fitting aperture to hotspot...
Candidate: x_peak:        0.355, y_peak:       -0.925, r_peak:        0.220, sig:        1.514, ra_peak:        1.789, dec_peak:      -20.395
Characteristic density local = 4078.3 deg^-2 = 1.133 arcmin^-2
Fitting aperture to hotspot...
Candidate: x_peak:        0.675, y_peak:       -0.255, r_peak:        0.290, sig:        3.536, ra_peak:        2.127, dec_peak:      -19.724
Characteristic density local = 4567.7 deg^-2 = 1.269 arcmin^-2
Fitting aperture to hotspot...
Candidate: x_peak:        0.835, y_peak:       -0.465, r_peak:        0.020, sig:        3.707, ra_peak:        2.298, dec_peak:      -19.933
Characteristic density local = 4400.0 deg^-2 = 1.222 arcmin^-2
Fitting aperture to hotspot...
Candidate: x_peak:        0.945, y_peak:        0.115, r_peak:        0.040, sig:        2.281, ra_peak:        2.412, dec_peak:      -19.352
Distance = 39.8 kpc (m-M = 18.0)
55815 objects left after isochrone cut...
Characteristic density = 4400.0 deg^-2
Characteristic density local = 4400.0 deg^-2 = 1.222 arcmin^-2
Fitting aperture to hotspot...
Candidate: x_peak:       -0.095, y_peak:       -0.595, r_peak:        0.020, sig:        5.198, ra_peak:        1.309, dec_peak:      -20.065
Characteristic density local = 4400.0 deg^-2 = 1.222 arcmin^-2
Fitting aperture to hotspot...
Candidate: x_peak:       -0.065, y_peak:       -1.125, r_peak:        0.010, sig:        4.177, ra_peak:        1.341, dec_peak:      -20.595
Characteristic density local = 4400.0 deg^-2 = 1.222 arcmin^-2
Fitting aperture to hotspot...
Candidate: x_peak:        0.085, y_peak:       -1.185, r_peak:        0.010, sig:        2.747, ra_peak:        1.501, dec_peak:      -20.655
Characteristic density local = 3708.3 deg^-2 = 1.030 arcmin^-2
Fitting aperture to hotspot...
Candidate: x_peak:        0.135, y_peak:       -1.135, r_peak:        0.290, sig:        7.942, ra_peak:        1.554, dec_peak:      -20.605
Characteristic density local = 4400.0 deg^-2 = 1.222 arcmin^-2
Fitting aperture to hotspot...
Candidate: x_peak:        0.315, y_peak:        0.085, r_peak:        0.030, sig:        1.645, ra_peak:        1.744, dec_peak:      -19.385
Characteristic density local = 4522.0 deg^-2 = 1.256 arcmin^-2
Fitting aperture to hotspot...
Candidate: x_peak:        0.355, y_peak:       -0.925, r_peak:        0.220, sig:        1.514, ra_peak:        1.789, dec_peak:      -20.395
Characteristic density local = 4078.3 deg^-2 = 1.133 arcmin^-2
Fitting aperture to hotspot...
Candidate: x_peak:        0.675, y_peak:       -0.255, r_peak:        0.290, sig:        3.536, ra_peak:        2.127, dec_peak:      -19.724
Characteristic density local = 4567.7 deg^-2 = 1.269 arcmin^-2
Fitting aperture to hotspot...
Candidate: x_peak:        0.835, y_peak:       -0.465, r_peak:        0.020, sig:        3.707, ra_peak:        2.298, dec_peak:      -19.933
Characteristic density local = 4400.0 deg^-2 = 1.222 arcmin^-2
Fitting aperture to hotspot...
Candidate: x_peak:        0.945, y_peak:        0.115, r_peak:        0.040, sig:        2.281, ra_peak:        2.412, dec_peak:      -19.352
Distance = 50.1 kpc (m-M = 18.5)
55815 objects left after isochrone cut...
Characteristic density = 4400.0 deg^-2
Characteristic density local = 4400.0 deg^-2 = 1.222 arcmin^-2
Fitting aperture to hotspot...
Candidate: x_peak:       -0.095, y_peak:       -0.595, r_peak:        0.020, sig:        5.198, ra_peak:        1.309, dec_peak:      -20.065
Characteristic density local = 4400.0 deg^-2 = 1.222 arcmin^-2
Fitting aperture to hotspot...
Candidate: x_peak:       -0.065, y_peak:       -1.125, r_peak:        0.010, sig:        4.177, ra_peak:        1.341, dec_peak:      -20.595
Characteristic density local = 4400.0 deg^-2 = 1.222 arcmin^-2
Fitting aperture to hotspot...
Candidate: x_peak:        0.085, y_peak:       -1.185, r_peak:        0.010, sig:        2.747, ra_peak:        1.501, dec_peak:      -20.655
Characteristic density local = 3708.3 deg^-2 = 1.030 arcmin^-2
Fitting aperture to hotspot...
Candidate: x_peak:        0.135, y_peak:       -1.135, r_peak:        0.290, sig:        7.942, ra_peak:        1.554, dec_peak:      -20.605
Characteristic density local = 4400.0 deg^-2 = 1.222 arcmin^-2
Fitting aperture to hotspot...
Candidate: x_peak:        0.315, y_peak:        0.085, r_peak:        0.030, sig:        1.645, ra_peak:        1.744, dec_peak:      -19.385
Characteristic density local = 4522.0 deg^-2 = 1.256 arcmin^-2
Fitting aperture to hotspot...
Candidate: x_peak:        0.355, y_peak:       -0.925, r_peak:        0.220, sig:        1.514, ra_peak:        1.789, dec_peak:      -20.395
Characteristic density local = 4078.3 deg^-2 = 1.133 arcmin^-2
Fitting aperture to hotspot...
Candidate: x_peak:        0.675, y_peak:       -0.255, r_peak:        0.290, sig:        3.536, ra_peak:        2.127, dec_peak:      -19.724
Characteristic density local = 4567.7 deg^-2 = 1.269 arcmin^-2
Fitting aperture to hotspot...
Candidate: x_peak:        0.835, y_peak:       -0.465, r_peak:        0.020, sig:        3.707, ra_peak:        2.298, dec_peak:      -19.933
Characteristic density local = 4400.0 deg^-2 = 1.222 arcmin^-2
Fitting aperture to hotspot...
Candidate: x_peak:        0.945, y_peak:        0.115, r_peak:        0.040, sig:        2.281, ra_peak:        2.412, dec_peak:      -19.352
Distance = 63.1 kpc (m-M = 19.0)
55812 objects left after isochrone cut...
Characteristic density = 4400.0 deg^-2
Characteristic density local = 4400.0 deg^-2 = 1.222 arcmin^-2
Fitting aperture to hotspot...
Candidate: x_peak:       -0.095, y_peak:       -0.595, r_peak:        0.020, sig:        5.198, ra_peak:        1.309, dec_peak:      -20.065
Characteristic density local = 4400.0 deg^-2 = 1.222 arcmin^-2
Fitting aperture to hotspot...
Candidate: x_peak:       -0.065, y_peak:       -1.125, r_peak:        0.010, sig:        4.177, ra_peak:        1.341, dec_peak:      -20.595
Characteristic density local = 4400.0 deg^-2 = 1.222 arcmin^-2
Fitting aperture to hotspot...
Candidate: x_peak:        0.085, y_peak:       -1.185, r_peak:        0.010, sig:        2.747, ra_peak:        1.501, dec_peak:      -20.655
Characteristic density local = 3708.3 deg^-2 = 1.030 arcmin^-2
Fitting aperture to hotspot...
Candidate: x_peak:        0.135, y_peak:       -1.135, r_peak:        0.290, sig:        7.942, ra_peak:        1.554, dec_peak:      -20.605
Characteristic density local = 4400.0 deg^-2 = 1.222 arcmin^-2
Fitting aperture to hotspot...
Candidate: x_peak:        0.315, y_peak:        0.085, r_peak:        0.030, sig:        1.645, ra_peak:        1.744, dec_peak:      -19.385
Characteristic density local = 4522.0 deg^-2 = 1.256 arcmin^-2
Fitting aperture to hotspot...
Candidate: x_peak:        0.355, y_peak:       -0.925, r_peak:        0.220, sig:        1.514, ra_peak:        1.789, dec_peak:      -20.395
Characteristic density local = 4078.3 deg^-2 = 1.133 arcmin^-2
Fitting aperture to hotspot...
Candidate: x_peak:        0.675, y_peak:       -0.255, r_peak:        0.290, sig:        3.507, ra_peak:        2.127, dec_peak:      -19.724
Characteristic density local = 4565.8 deg^-2 = 1.268 arcmin^-2
Fitting aperture to hotspot...
Candidate: x_peak:        0.835, y_peak:       -0.465, r_peak:        0.020, sig:        3.709, ra_peak:        2.298, dec_peak:      -19.933
Characteristic density local = 4400.0 deg^-2 = 1.222 arcmin^-2
Fitting aperture to hotspot...
Candidate: x_peak:        0.945, y_peak:        0.115, r_peak:        0.040, sig:        2.281, ra_peak:        2.412, dec_peak:      -19.352
Distance = 79.4 kpc (m-M = 19.5)
55805 objects left after isochrone cut...
Characteristic density = 4400.0 deg^-2
Characteristic density local = 4400.0 deg^-2 = 1.222 arcmin^-2
Fitting aperture to hotspot...
Candidate: x_peak:       -0.095, y_peak:       -0.595, r_peak:        0.020, sig:        5.198, ra_peak:        1.309, dec_peak:      -20.065
Characteristic density local = 4400.0 deg^-2 = 1.222 arcmin^-2
Fitting aperture to hotspot...
Candidate: x_peak:       -0.065, y_peak:       -1.125, r_peak:        0.010, sig:        4.177, ra_peak:        1.341, dec_peak:      -20.595
Characteristic density local = 4400.0 deg^-2 = 1.222 arcmin^-2
Fitting aperture to hotspot...
Candidate: x_peak:        0.085, y_peak:       -1.185, r_peak:        0.010, sig:        2.747, ra_peak:        1.501, dec_peak:      -20.655
Characteristic density local = 3708.3 deg^-2 = 1.030 arcmin^-2
Fitting aperture to hotspot...
Candidate: x_peak:        0.135, y_peak:       -1.135, r_peak:        0.290, sig:        7.942, ra_peak:        1.554, dec_peak:      -20.605
Characteristic density local = 4400.0 deg^-2 = 1.222 arcmin^-2
Fitting aperture to hotspot...
Candidate: x_peak:        0.315, y_peak:        0.085, r_peak:        0.030, sig:        1.645, ra_peak:        1.744, dec_peak:      -19.385
Characteristic density local = 4522.0 deg^-2 = 1.256 arcmin^-2
Fitting aperture to hotspot...
Candidate: x_peak:        0.355, y_peak:       -0.925, r_peak:        0.220, sig:        1.514, ra_peak:        1.789, dec_peak:      -20.395
Characteristic density local = 4078.3 deg^-2 = 1.133 arcmin^-2
Fitting aperture to hotspot...
Candidate: x_peak:        0.675, y_peak:       -0.255, r_peak:        0.290, sig:        3.507, ra_peak:        2.127, dec_peak:      -19.724
Characteristic density local = 4563.8 deg^-2 = 1.268 arcmin^-2
Fitting aperture to hotspot...
Candidate: x_peak:        0.835, y_peak:       -0.465, r_peak:        0.020, sig:        3.710, ra_peak:        2.298, dec_peak:      -19.933
Characteristic density local = 4400.0 deg^-2 = 1.222 arcmin^-2
Fitting aperture to hotspot...
Candidate: x_peak:        0.945, y_peak:        0.115, r_peak:        0.040, sig:        2.281, ra_peak:        2.412, dec_peak:      -19.352
Distance = 100.0 kpc (m-M = 20.0)
55778 objects left after isochrone cut...
Characteristic density = 4400.0 deg^-2
Characteristic density local = 4400.0 deg^-2 = 1.222 arcmin^-2
Fitting aperture to hotspot...
Candidate: x_peak:       -0.095, y_peak:       -0.595, r_peak:        0.020, sig:        5.198, ra_peak:        1.309, dec_peak:      -20.065
Characteristic density local = 4400.0 deg^-2 = 1.222 arcmin^-2
Fitting aperture to hotspot...
Candidate: x_peak:       -0.065, y_peak:       -1.125, r_peak:        0.010, sig:        4.177, ra_peak:        1.341, dec_peak:      -20.595
Characteristic density local = 4400.0 deg^-2 = 1.222 arcmin^-2
Fitting aperture to hotspot...
Candidate: x_peak:        0.085, y_peak:       -1.185, r_peak:        0.010, sig:        2.747, ra_peak:        1.501, dec_peak:      -20.655
Characteristic density local = 3702.3 deg^-2 = 1.028 arcmin^-2
Fitting aperture to hotspot...
Candidate: x_peak:        0.135, y_peak:       -1.135, r_peak:        0.290, sig:        7.995, ra_peak:        1.554, dec_peak:      -20.605
Characteristic density local = 4400.0 deg^-2 = 1.222 arcmin^-2
Fitting aperture to hotspot...
Candidate: x_peak:        0.315, y_peak:        0.085, r_peak:        0.030, sig:        1.645, ra_peak:        1.744, dec_peak:      -19.385
Characteristic density local = 4518.0 deg^-2 = 1.255 arcmin^-2
Fitting aperture to hotspot...
Candidate: x_peak:        0.355, y_peak:       -0.925, r_peak:        0.220, sig:        1.538, ra_peak:        1.789, dec_peak:      -20.395
Characteristic density local = 4559.8 deg^-2 = 1.267 arcmin^-2
Fitting aperture to hotspot...
Candidate: x_peak:        0.835, y_peak:       -0.465, r_peak:        0.020, sig:        3.713, ra_peak:        2.298, dec_peak:      -19.933
Characteristic density local = 4400.0 deg^-2 = 1.222 arcmin^-2
Fitting aperture to hotspot...
Candidate: x_peak:        0.945, y_peak:        0.115, r_peak:        0.040, sig:        2.281, ra_peak:        2.412, dec_peak:      -19.352
Distance = 125.9 kpc (m-M = 20.5)
55731 objects left after isochrone cut...
Characteristic density = 4400.0 deg^-2
Characteristic density local = 4400.0 deg^-2 = 1.222 arcmin^-2
Fitting aperture to hotspot...
Candidate: x_peak:       -0.095, y_peak:       -0.595, r_peak:        0.020, sig:        5.198, ra_peak:        1.309, dec_peak:      -20.065
Characteristic density local = 4400.0 deg^-2 = 1.222 arcmin^-2
Fitting aperture to hotspot...
Candidate: x_peak:       -0.065, y_peak:       -1.125, r_peak:        0.010, sig:        4.177, ra_peak:        1.341, dec_peak:      -20.595
Characteristic density local = 4400.0 deg^-2 = 1.222 arcmin^-2
Fitting aperture to hotspot...
Candidate: x_peak:        0.085, y_peak:       -1.185, r_peak:        0.010, sig:        2.747, ra_peak:        1.501, dec_peak:      -20.655
Characteristic density local = 3700.4 deg^-2 = 1.028 arcmin^-2
Fitting aperture to hotspot...
Candidate: x_peak:        0.135, y_peak:       -1.135, r_peak:        0.290, sig:        7.983, ra_peak:        1.554, dec_peak:      -20.605
Characteristic density local = 4400.0 deg^-2 = 1.222 arcmin^-2
Fitting aperture to hotspot...
Candidate: x_peak:        0.315, y_peak:        0.085, r_peak:        0.030, sig:        1.645, ra_peak:        1.744, dec_peak:      -19.385
Characteristic density local = 4510.1 deg^-2 = 1.253 arcmin^-2
Fitting aperture to hotspot...
Candidate: x_peak:        0.355, y_peak:       -0.925, r_peak:        0.220, sig:        1.547, ra_peak:        1.789, dec_peak:      -20.395
Characteristic density local = 4547.9 deg^-2 = 1.263 arcmin^-2
Fitting aperture to hotspot...
Candidate: x_peak:        0.835, y_peak:       -0.465, r_peak:        0.020, sig:        3.720, ra_peak:        2.298, dec_peak:      -19.933
Characteristic density local = 4400.0 deg^-2 = 1.222 arcmin^-2
Fitting aperture to hotspot...
Candidate: x_peak:        0.945, y_peak:        0.115, r_peak:        0.040, sig:        2.281, ra_peak:        2.412, dec_peak:      -19.352
Distance = 158.5 kpc (m-M = 21.0)
55597 objects left after isochrone cut...
Characteristic density = 4400.0 deg^-2
Characteristic density local = 4400.0 deg^-2 = 1.222 arcmin^-2
Fitting aperture to hotspot...
Candidate: x_peak:       -0.095, y_peak:       -0.595, r_peak:        0.020, sig:        5.198, ra_peak:        1.309, dec_peak:      -20.065
Characteristic density local = 4400.0 deg^-2 = 1.222 arcmin^-2
Fitting aperture to hotspot...
Candidate: x_peak:       -0.065, y_peak:       -1.125, r_peak:        0.010, sig:        4.177, ra_peak:        1.341, dec_peak:      -20.595
Characteristic density local = 3972.9 deg^-2 = 1.104 arcmin^-2
Fitting aperture to hotspot...
Candidate: x_peak:        0.535, y_peak:       -0.265, r_peak:        0.030, sig:        4.774, ra_peak:        1.978, dec_peak:      -19.734
Characteristic density local = 4400.0 deg^-2 = 1.222 arcmin^-2
Fitting aperture to hotspot...
Candidate: x_peak:        0.925, y_peak:       -0.185, r_peak:        0.110, sig:        3.368, ra_peak:        2.392, dec_peak:      -19.652
Distance = 199.5 kpc (m-M = 21.5)
55281 objects left after isochrone cut...
Characteristic density = 4300.0 deg^-2
Characteristic density local = 4300.0 deg^-2 = 1.194 arcmin^-2
Fitting aperture to hotspot...
Candidate: x_peak:       -0.095, y_peak:       -0.595, r_peak:        0.020, sig:        5.269, ra_peak:        1.309, dec_peak:      -20.065
Characteristic density local = 4300.0 deg^-2 = 1.194 arcmin^-2
Fitting aperture to hotspot...
Candidate: x_peak:       -0.065, y_peak:       -1.125, r_peak:        0.010, sig:        3.764, ra_peak:        1.341, dec_peak:      -20.595
Characteristic density local = 4300.0 deg^-2 = 1.194 arcmin^-2
Fitting aperture to hotspot...
Candidate: x_peak:        0.085, y_peak:       -1.185, r_peak:        0.020, sig:        2.339, ra_peak:        1.501, dec_peak:      -20.655
Characteristic density local = 3640.7 deg^-2 = 1.011 arcmin^-2
Fitting aperture to hotspot...
Candidate: x_peak:        0.135, y_peak:       -1.135, r_peak:        0.290, sig:        7.857, ra_peak:        1.554, dec_peak:      -20.605
Characteristic density local = 4300.0 deg^-2 = 1.194 arcmin^-2
Fitting aperture to hotspot...
Candidate: x_peak:        0.315, y_peak:        0.085, r_peak:        0.030, sig:        1.732, ra_peak:        1.744, dec_peak:      -19.385
Characteristic density local = 3947.0 deg^-2 = 1.096 arcmin^-2
Fitting aperture to hotspot...
Candidate: x_peak:        0.675, y_peak:       -0.255, r_peak:        0.250, sig:        3.817, ra_peak:        2.127, dec_peak:      -19.724
Characteristic density local = 3980.9 deg^-2 = 1.106 arcmin^-2
Fitting aperture to hotspot...
Candidate: x_peak:        0.725, y_peak:       -0.285, r_peak:        0.280, sig:        5.227, ra_peak:        2.180, dec_peak:      -19.753
Characteristic density local = 4416.5 deg^-2 = 1.227 arcmin^-2
Fitting aperture to hotspot...
Candidate: x_peak:        0.835, y_peak:       -0.465, r_peak:        0.020, sig:        3.807, ra_peak:        2.298, dec_peak:      -19.933
Characteristic density local = 4300.0 deg^-2 = 1.194 arcmin^-2
Fitting aperture to hotspot...
Candidate: x_peak:        0.945, y_peak:        0.105, r_peak:        0.010, sig:        3.287, ra_peak:        2.412, dec_peak:      -19.362
Distance = 251.2 kpc (m-M = 22.0)
54783 objects left after isochrone cut...
Characteristic density = 4100.0 deg^-2
Characteristic density local = 4100.0 deg^-2 = 1.139 arcmin^-2
Fitting aperture to hotspot...
Candidate: x_peak:       -0.095, y_peak:       -0.595, r_peak:        0.020, sig:        4.875, ra_peak:        1.309, dec_peak:      -20.065
Characteristic density local = 3847.6 deg^-2 = 1.069 arcmin^-2
Fitting aperture to hotspot...
Candidate: x_peak:        0.055, y_peak:       -0.775, r_peak:        0.270, sig:        5.031, ra_peak:        1.469, dec_peak:      -20.245
Characteristic density local = 4378.8 deg^-2 = 1.216 arcmin^-2
Fitting aperture to hotspot...
Candidate: x_peak:        0.295, y_peak:       -0.825, r_peak:        0.050, sig:        2.742, ra_peak:        1.725, dec_peak:      -20.295
Characteristic density local = 4362.8 deg^-2 = 1.212 arcmin^-2
Fitting aperture to hotspot...
Candidate: x_peak:        0.405, y_peak:       -0.735, r_peak:        0.030, sig:        2.864, ra_peak:        1.842, dec_peak:      -20.204
Characteristic density local = 3779.9 deg^-2 = 1.050 arcmin^-2
Fitting aperture to hotspot...
Candidate: x_peak:        0.535, y_peak:       -0.265, r_peak:        0.030, sig:        4.976, ra_peak:        1.978, dec_peak:      -19.734
Characteristic density local = 4307.1 deg^-2 = 1.196 arcmin^-2
Fitting aperture to hotspot...
Candidate: x_peak:        0.555, y_peak:       -0.725, r_peak:        0.030, sig:        3.142, ra_peak:        2.001, dec_peak:      -20.194
Characteristic density local = 4376.8 deg^-2 = 1.216 arcmin^-2
Fitting aperture to hotspot...
Candidate: x_peak:        0.595, y_peak:       -0.565, r_peak:        0.020, sig:        2.932, ra_peak:        2.043, dec_peak:      -20.034
Characteristic density local = 4285.2 deg^-2 = 1.190 arcmin^-2
Fitting aperture to hotspot...
Candidate: x_peak:        0.835, y_peak:       -0.465, r_peak:        0.020, sig:        3.895, ra_peak:        2.298, dec_peak:      -19.933
Characteristic density local = 4100.0 deg^-2 = 1.139 arcmin^-2
Fitting aperture to hotspot...
Candidate: x_peak:        0.925, y_peak:       -0.185, r_peak:        0.110, sig:        3.729, ra_peak:        2.392, dec_peak:      -19.652
Distance = 316.2 kpc (m-M = 22.5)
54075 objects left after isochrone cut...
Characteristic density = 3900.0 deg^-2
Characteristic density local = 3900.0 deg^-2 = 1.083 arcmin^-2
Fitting aperture to hotspot...
Candidate: x_peak:       -0.085, y_peak:       -0.605, r_peak:        0.030, sig:        5.059, ra_peak:        1.320, dec_peak:      -20.075
Characteristic density local = 4165.9 deg^-2 = 1.157 arcmin^-2
Fitting aperture to hotspot...
Candidate: x_peak:        0.295, y_peak:       -0.825, r_peak:        0.050, sig:        2.752, ra_peak:        1.725, dec_peak:      -20.295
Characteristic density local = 3630.7 deg^-2 = 1.009 arcmin^-2
Fitting aperture to hotspot...
Candidate: x_peak:        0.535, y_peak:       -0.265, r_peak:        0.030, sig:        5.137, ra_peak:        1.978, dec_peak:      -19.734
Characteristic density local = 4183.8 deg^-2 = 1.162 arcmin^-2
Fitting aperture to hotspot...
Candidate: x_peak:        0.595, y_peak:       -0.565, r_peak:        0.020, sig:        3.057, ra_peak:        2.043, dec_peak:      -20.034
Characteristic density local = 4106.2 deg^-2 = 1.141 arcmin^-2
Fitting aperture to hotspot...
Candidate: x_peak:        0.835, y_peak:       -0.465, r_peak:        0.020, sig:        4.019, ra_peak:        2.298, dec_peak:      -19.933
Characteristic density local = 3900.0 deg^-2 = 1.083 arcmin^-2
Fitting aperture to hotspot...
Candidate: x_peak:        0.925, y_peak:       -0.175, r_peak:        0.030, sig:        3.759, ra_peak:        2.392, dec_peak:      -19.642
Distance = 398.1 kpc (m-M = 23.0)
53262 objects left after isochrone cut...
Characteristic density = 3700.0 deg^-2
Characteristic density local = 3700.0 deg^-2 = 1.028 arcmin^-2
Fitting aperture to hotspot...
Candidate: x_peak:       -0.145, y_peak:       -1.135, r_peak:        0.040, sig:        3.326, ra_peak:        1.255, dec_peak:      -20.605
Characteristic density local = 3700.0 deg^-2 = 1.028 arcmin^-2
Fitting aperture to hotspot...
Candidate: x_peak:       -0.085, y_peak:       -0.605, r_peak:        0.030, sig:        5.273, ra_peak:        1.320, dec_peak:      -20.075
Characteristic density local = 3411.9 deg^-2 = 0.948 arcmin^-2
Fitting aperture to hotspot...
Candidate: x_peak:        0.055, y_peak:       -0.765, r_peak:        0.270, sig:        5.485, ra_peak:        1.469, dec_peak:      -20.235
Characteristic density local = 3921.2 deg^-2 = 1.089 arcmin^-2
Fitting aperture to hotspot...
Candidate: x_peak:        0.295, y_peak:       -0.825, r_peak:        0.050, sig:        2.968, ra_peak:        1.725, dec_peak:      -20.295
Characteristic density local = 3437.7 deg^-2 = 0.955 arcmin^-2
Fitting aperture to hotspot...
Candidate: x_peak:        0.545, y_peak:       -0.265, r_peak:        0.040, sig:        4.783, ra_peak:        1.989, dec_peak:      -19.734
Characteristic density local = 3961.0 deg^-2 = 1.100 arcmin^-2
Fitting aperture to hotspot...
Candidate: x_peak:        0.605, y_peak:       -0.565, r_peak:        0.010, sig:        3.421, ra_peak:        2.054, dec_peak:      -20.034
Characteristic density local = 3877.4 deg^-2 = 1.077 arcmin^-2
Fitting aperture to hotspot...
Candidate: x_peak:        0.835, y_peak:       -0.465, r_peak:        0.020, sig:        4.183, ra_peak:        2.298, dec_peak:      -19.933
Characteristic density local = 3700.0 deg^-2 = 1.028 arcmin^-2
Fitting aperture to hotspot...
Candidate: x_peak:        0.925, y_peak:       -0.185, r_peak:        0.110, sig:        3.923, ra_peak:        2.392, dec_peak:      -19.652
7.99 sigma; (RA, Dec, d) = (1.55, -20.60); r = 0.29 deg; d = 100.0, mu = 20.00 mag), mc_source_id: 0.00
5.49 sigma; (RA, Dec, d) = (1.47, -20.23); r = 0.27 deg; d = 398.1, mu = 23.00 mag), mc_source_id: 0.00
5.23 sigma; (RA, Dec, d) = (2.18, -19.75); r = 0.28 deg; d = 199.5, mu = 21.50 mag), mc_source_id: 0.00
3.42 sigma; (RA, Dec, d) = (2.05, -20.03); r = 0.01 deg; d = 398.1, mu = 23.00 mag), mc_source_id: 0.00
3.29 sigma; (RA, Dec, d) = (2.41, -19.36); r = 0.01 deg; d = 199.5, mu = 21.50 mag), mc_source_id: 0.00
3.14 sigma; (RA, Dec, d) = (2.00, -20.19); r = 0.03 deg; d = 251.2, mu = 22.00 mag), mc_source_id: 0.00
2.86 sigma; (RA, Dec, d) = (1.84, -20.20); r = 0.03 deg; d = 251.2, mu = 22.00 mag), mc_source_id: 0.00
1.73 sigma; (RA, Dec, d) = (1.74, -19.38); r = 0.03 deg; d = 199.5, mu = 21.50 mag), mc_source_id: 0.00
1.55 sigma; (RA, Dec, d) = (1.79, -20.39); r = 0.22 deg; d = 125.9, mu = 20.50 mag), mc_source_id: 0.00

------------------------------------------------------------
Job <681935.0> was submitted from <des51.fnal.gov> by user <tavangar>.
Job was executed on host <des40.fnal.gov> as user <tavangar>.
</var/lib/condor/execute/dir_2203061> was used as the initial working directory.
Results reported at Wed Jun  5 16:45:49 CDT 2019

Your job looked like:

------------------------------------------------------------
python /home/s1/tavangar/tavangar_simple/search_algorithm.py 1.41 -19.47 0.00 /home/s1/tavangar/tavangar_simple/decals_dr7_results/results_nside_32_8128.csv /home/s1/tavangar/tavangar_simple/decals_dr7_results/decals_dr7_log/results_nside_32_8128.log
------------------------------------------------------------

Successfully completed.

Resource usage summary:

	Real time :			83.81 sec.
	CPU time :			3.95 sec.
	CPU percentage :		77%
	Max Memory :			1954352 KB
	Average Memory :		0 KB

The output (if any) is above this job summary.
