/home/s1/tavangar/tavangar_simple/simple_utils.py:170: FutureWarning: elementwise comparison failed; returning scalar instead, but in the future will perform elementwise comparison
  if np.all(isochrone.stage == 'Main'):
Search coordinates: (RA, Dec) = (357.19, -3.58)
Center healpixel: 6591
Healpixels: [6591 6718 6590 6462 6335 6463 6464 6719 6847]
MC_SOURCE_ID = 0.0
mode = 0: running only on real data
Found 1 objects...
Applying cuts...
674483 star-like objects in ROI...
968557 galaxy-like objects in ROI...
No fracdet map specified ...
Distance = 15.8 kpc (m-M = 16.0)
674470 objects left after isochrone cut...
Characteristic density = 4500.0 deg^-2
Characteristic density local = 4718.9 deg^-2 = 1.311 arcmin^-2
Fitting aperture to hotspot...
Candidate: x_peak:       -0.675, y_peak:        0.175, r_peak:        0.020, sig:        4.714, ra_peak:      356.514, dec_peak:       -3.405
Characteristic density local = 4681.1 deg^-2 = 1.300 arcmin^-2
Fitting aperture to hotspot...
Candidate: x_peak:       -0.345, y_peak:       -0.335, r_peak:        0.030, sig:        6.227, ra_peak:      356.844, dec_peak:       -3.915
Characteristic density local = 4870.1 deg^-2 = 1.353 arcmin^-2
Fitting aperture to hotspot...
Candidate: x_peak:       -0.275, y_peak:       -0.885, r_peak:        0.020, sig:       16.033, ra_peak:      356.914, dec_peak:       -4.465
Characteristic density local = 4428.5 deg^-2 = 1.230 arcmin^-2
Fitting aperture to hotspot...
Candidate: x_peak:       -0.215, y_peak:        0.815, r_peak:        0.030, sig:       31.192, ra_peak:      356.975, dec_peak:       -2.765
Characteristic density local = 4786.6 deg^-2 = 1.330 arcmin^-2
Fitting aperture to hotspot...
Candidate: x_peak:       -0.075, y_peak:       -1.105, r_peak:        0.020, sig:        6.424, ra_peak:      357.115, dec_peak:       -4.685
Characteristic density local = 4752.8 deg^-2 = 1.320 arcmin^-2
Fitting aperture to hotspot...
Candidate: x_peak:       -0.005, y_peak:       -0.855, r_peak:        0.020, sig:        7.602, ra_peak:      357.185, dec_peak:       -4.435
Characteristic density local = 4565.8 deg^-2 = 1.268 arcmin^-2
Fitting aperture to hotspot...
Candidate: x_peak:        0.305, y_peak:       -0.025, r_peak:        0.030, sig:        5.968, ra_peak:      357.496, dec_peak:       -3.605
Characteristic density local = 4913.9 deg^-2 = 1.365 arcmin^-2
Fitting aperture to hotspot...
Candidate: x_peak:        0.695, y_peak:        0.085, r_peak:        0.030, sig:       10.337, ra_peak:      357.886, dec_peak:       -3.495
Characteristic density local = 4432.5 deg^-2 = 1.231 arcmin^-2
Fitting aperture to hotspot...
Candidate: x_peak:        0.905, y_peak:        0.185, r_peak:        0.290, sig:        9.252, ra_peak:      358.097, dec_peak:       -3.395
Distance = 20.0 kpc (m-M = 16.5)
674477 objects left after isochrone cut...
Characteristic density = 4500.0 deg^-2
Characteristic density local = 4718.9 deg^-2 = 1.311 arcmin^-2
Fitting aperture to hotspot...
Candidate: x_peak:       -0.675, y_peak:        0.175, r_peak:        0.020, sig:        4.714, ra_peak:      356.514, dec_peak:       -3.405
Characteristic density local = 4681.1 deg^-2 = 1.300 arcmin^-2
Fitting aperture to hotspot...
Candidate: x_peak:       -0.345, y_peak:       -0.335, r_peak:        0.030, sig:        6.227, ra_peak:      356.844, dec_peak:       -3.915
Characteristic density local = 4870.1 deg^-2 = 1.353 arcmin^-2
Fitting aperture to hotspot...
Candidate: x_peak:       -0.275, y_peak:       -0.885, r_peak:        0.020, sig:       16.033, ra_peak:      356.914, dec_peak:       -4.465
Characteristic density local = 4428.5 deg^-2 = 1.230 arcmin^-2
Fitting aperture to hotspot...
Candidate: x_peak:       -0.215, y_peak:        0.815, r_peak:        0.030, sig:       31.192, ra_peak:      356.975, dec_peak:       -2.765
Characteristic density local = 4786.6 deg^-2 = 1.330 arcmin^-2
Fitting aperture to hotspot...
Candidate: x_peak:       -0.075, y_peak:       -1.105, r_peak:        0.020, sig:        6.424, ra_peak:      357.115, dec_peak:       -4.685
Characteristic density local = 4752.8 deg^-2 = 1.320 arcmin^-2
Fitting aperture to hotspot...
Candidate: x_peak:       -0.005, y_peak:       -0.855, r_peak:        0.020, sig:        7.602, ra_peak:      357.185, dec_peak:       -4.435
Characteristic density local = 4565.8 deg^-2 = 1.268 arcmin^-2
Fitting aperture to hotspot...
Candidate: x_peak:        0.305, y_peak:       -0.025, r_peak:        0.030, sig:        5.968, ra_peak:      357.496, dec_peak:       -3.605
Characteristic density local = 4913.9 deg^-2 = 1.365 arcmin^-2
Fitting aperture to hotspot...
Candidate: x_peak:        0.695, y_peak:        0.085, r_peak:        0.030, sig:       10.337, ra_peak:      357.886, dec_peak:       -3.495
Characteristic density local = 4432.5 deg^-2 = 1.231 arcmin^-2
Fitting aperture to hotspot...
Candidate: x_peak:        0.905, y_peak:        0.185, r_peak:        0.290, sig:        9.252, ra_peak:      358.097, dec_peak:       -3.395
Distance = 25.1 kpc (m-M = 17.0)
674480 objects left after isochrone cut...
Characteristic density = 4500.0 deg^-2
Characteristic density local = 4718.9 deg^-2 = 1.311 arcmin^-2
Fitting aperture to hotspot...
Candidate: x_peak:       -0.675, y_peak:        0.175, r_peak:        0.020, sig:        4.714, ra_peak:      356.514, dec_peak:       -3.405
Characteristic density local = 4681.1 deg^-2 = 1.300 arcmin^-2
Fitting aperture to hotspot...
Candidate: x_peak:       -0.345, y_peak:       -0.335, r_peak:        0.030, sig:        6.227, ra_peak:      356.844, dec_peak:       -3.915
Characteristic density local = 4870.1 deg^-2 = 1.353 arcmin^-2
Fitting aperture to hotspot...
Candidate: x_peak:       -0.275, y_peak:       -0.885, r_peak:        0.020, sig:       16.033, ra_peak:      356.914, dec_peak:       -4.465
Characteristic density local = 4428.5 deg^-2 = 1.230 arcmin^-2
Fitting aperture to hotspot...
Candidate: x_peak:       -0.215, y_peak:        0.815, r_peak:        0.030, sig:       31.192, ra_peak:      356.975, dec_peak:       -2.765
Characteristic density local = 4786.6 deg^-2 = 1.330 arcmin^-2
Fitting aperture to hotspot...
Candidate: x_peak:       -0.075, y_peak:       -1.105, r_peak:        0.020, sig:        6.424, ra_peak:      357.115, dec_peak:       -4.685
Characteristic density local = 4752.8 deg^-2 = 1.320 arcmin^-2
Fitting aperture to hotspot...
Candidate: x_peak:       -0.005, y_peak:       -0.855, r_peak:        0.020, sig:        7.602, ra_peak:      357.185, dec_peak:       -4.435
Characteristic density local = 4565.8 deg^-2 = 1.268 arcmin^-2
Fitting aperture to hotspot...
Candidate: x_peak:        0.305, y_peak:       -0.025, r_peak:        0.030, sig:        5.968, ra_peak:      357.496, dec_peak:       -3.605
Characteristic density local = 4913.9 deg^-2 = 1.365 arcmin^-2
Fitting aperture to hotspot...
Candidate: x_peak:        0.695, y_peak:        0.085, r_peak:        0.030, sig:       10.337, ra_peak:      357.886, dec_peak:       -3.495
Characteristic density local = 4432.5 deg^-2 = 1.231 arcmin^-2
Fitting aperture to hotspot...
Candidate: x_peak:        0.905, y_peak:        0.185, r_peak:        0.290, sig:        9.252, ra_peak:      358.097, dec_peak:       -3.395
Distance = 31.6 kpc (m-M = 17.5)
674479 objects left after isochrone cut...
Characteristic density = 4500.0 deg^-2
Characteristic density local = 4718.9 deg^-2 = 1.311 arcmin^-2
Fitting aperture to hotspot...
Candidate: x_peak:       -0.675, y_peak:        0.175, r_peak:        0.020, sig:        4.714, ra_peak:      356.514, dec_peak:       -3.405
Characteristic density local = 4681.1 deg^-2 = 1.300 arcmin^-2
Fitting aperture to hotspot...
Candidate: x_peak:       -0.345, y_peak:       -0.335, r_peak:        0.030, sig:        6.227, ra_peak:      356.844, dec_peak:       -3.915
Characteristic density local = 4870.1 deg^-2 = 1.353 arcmin^-2
Fitting aperture to hotspot...
Candidate: x_peak:       -0.275, y_peak:       -0.885, r_peak:        0.020, sig:       16.033, ra_peak:      356.914, dec_peak:       -4.465
Characteristic density local = 4428.5 deg^-2 = 1.230 arcmin^-2
Fitting aperture to hotspot...
Candidate: x_peak:       -0.215, y_peak:        0.815, r_peak:        0.030, sig:       31.192, ra_peak:      356.975, dec_peak:       -2.765
Characteristic density local = 4786.6 deg^-2 = 1.330 arcmin^-2
Fitting aperture to hotspot...
Candidate: x_peak:       -0.075, y_peak:       -1.105, r_peak:        0.020, sig:        6.424, ra_peak:      357.115, dec_peak:       -4.685
Characteristic density local = 4752.8 deg^-2 = 1.320 arcmin^-2
Fitting aperture to hotspot...
Candidate: x_peak:       -0.005, y_peak:       -0.855, r_peak:        0.020, sig:        7.602, ra_peak:      357.185, dec_peak:       -4.435
Characteristic density local = 4565.8 deg^-2 = 1.268 arcmin^-2
Fitting aperture to hotspot...
Candidate: x_peak:        0.305, y_peak:       -0.025, r_peak:        0.030, sig:        5.968, ra_peak:      357.496, dec_peak:       -3.605
Characteristic density local = 4913.9 deg^-2 = 1.365 arcmin^-2
Fitting aperture to hotspot...
Candidate: x_peak:        0.695, y_peak:        0.085, r_peak:        0.030, sig:       10.337, ra_peak:      357.886, dec_peak:       -3.495
Characteristic density local = 4432.5 deg^-2 = 1.231 arcmin^-2
Fitting aperture to hotspot...
Candidate: x_peak:        0.905, y_peak:        0.185, r_peak:        0.290, sig:        9.252, ra_peak:      358.097, dec_peak:       -3.395
Distance = 39.8 kpc (m-M = 18.0)
674398 objects left after isochrone cut...
Characteristic density = 4500.0 deg^-2
Characteristic density local = 4717.0 deg^-2 = 1.310 arcmin^-2
Fitting aperture to hotspot...
Candidate: x_peak:       -0.675, y_peak:        0.175, r_peak:        0.020, sig:        4.715, ra_peak:      356.514, dec_peak:       -3.405
Characteristic density local = 4681.1 deg^-2 = 1.300 arcmin^-2
Fitting aperture to hotspot...
Candidate: x_peak:       -0.345, y_peak:       -0.335, r_peak:        0.030, sig:        6.227, ra_peak:      356.844, dec_peak:       -3.915
Characteristic density local = 4870.1 deg^-2 = 1.353 arcmin^-2
Fitting aperture to hotspot...
Candidate: x_peak:       -0.275, y_peak:       -0.885, r_peak:        0.020, sig:       16.033, ra_peak:      356.914, dec_peak:       -4.465
Characteristic density local = 4428.5 deg^-2 = 1.230 arcmin^-2
Fitting aperture to hotspot...
Candidate: x_peak:       -0.215, y_peak:        0.815, r_peak:        0.030, sig:       31.192, ra_peak:      356.975, dec_peak:       -2.765
Characteristic density local = 4784.6 deg^-2 = 1.329 arcmin^-2
Fitting aperture to hotspot...
Candidate: x_peak:       -0.075, y_peak:       -1.105, r_peak:        0.020, sig:        6.425, ra_peak:      357.115, dec_peak:       -4.685
Characteristic density local = 4752.8 deg^-2 = 1.320 arcmin^-2
Fitting aperture to hotspot...
Candidate: x_peak:       -0.005, y_peak:       -0.855, r_peak:        0.020, sig:        7.602, ra_peak:      357.185, dec_peak:       -4.435
Characteristic density local = 4565.8 deg^-2 = 1.268 arcmin^-2
Fitting aperture to hotspot...
Candidate: x_peak:        0.305, y_peak:       -0.025, r_peak:        0.030, sig:        5.968, ra_peak:      357.496, dec_peak:       -3.605
Characteristic density local = 4911.9 deg^-2 = 1.364 arcmin^-2
Fitting aperture to hotspot...
Candidate: x_peak:        0.695, y_peak:        0.085, r_peak:        0.030, sig:       10.339, ra_peak:      357.886, dec_peak:       -3.495
Characteristic density local = 4430.5 deg^-2 = 1.231 arcmin^-2
Fitting aperture to hotspot...
Candidate: x_peak:        0.905, y_peak:        0.185, r_peak:        0.290, sig:        9.268, ra_peak:      358.097, dec_peak:       -3.395
Distance = 50.1 kpc (m-M = 18.5)
673795 objects left after isochrone cut...
Characteristic density = 4500.0 deg^-2
Characteristic density local = 4701.0 deg^-2 = 1.306 arcmin^-2
Fitting aperture to hotspot...
Candidate: x_peak:       -0.675, y_peak:        0.175, r_peak:        0.020, sig:        4.726, ra_peak:      356.514, dec_peak:       -3.405
Characteristic density local = 4661.3 deg^-2 = 1.295 arcmin^-2
Fitting aperture to hotspot...
Candidate: x_peak:       -0.345, y_peak:       -0.335, r_peak:        0.030, sig:        6.247, ra_peak:      356.844, dec_peak:       -3.915
Characteristic density local = 4848.3 deg^-2 = 1.347 arcmin^-2
Fitting aperture to hotspot...
Candidate: x_peak:       -0.275, y_peak:       -0.885, r_peak:        0.020, sig:       16.053, ra_peak:      356.914, dec_peak:       -4.465
Characteristic density local = 4420.5 deg^-2 = 1.228 arcmin^-2
Fitting aperture to hotspot...
Candidate: x_peak:       -0.215, y_peak:        0.815, r_peak:        0.030, sig:       31.205, ra_peak:      356.975, dec_peak:       -2.765
Characteristic density local = 4762.7 deg^-2 = 1.323 arcmin^-2
Fitting aperture to hotspot...
Candidate: x_peak:       -0.075, y_peak:       -1.105, r_peak:        0.020, sig:        6.441, ra_peak:      357.115, dec_peak:       -4.685
Characteristic density local = 4724.9 deg^-2 = 1.312 arcmin^-2
Fitting aperture to hotspot...
Candidate: x_peak:       -0.005, y_peak:       -0.855, r_peak:        0.020, sig:        7.623, ra_peak:      357.185, dec_peak:       -4.435
Characteristic density local = 4555.8 deg^-2 = 1.266 arcmin^-2
Fitting aperture to hotspot...
Candidate: x_peak:        0.305, y_peak:       -0.025, r_peak:        0.030, sig:        5.978, ra_peak:      357.496, dec_peak:       -3.605
Characteristic density local = 4907.9 deg^-2 = 1.363 arcmin^-2
Fitting aperture to hotspot...
Candidate: x_peak:        0.695, y_peak:        0.085, r_peak:        0.030, sig:       10.343, ra_peak:      357.886, dec_peak:       -3.495
Characteristic density local = 4412.6 deg^-2 = 1.226 arcmin^-2
Fitting aperture to hotspot...
Candidate: x_peak:        0.905, y_peak:        0.185, r_peak:        0.290, sig:        9.386, ra_peak:      358.097, dec_peak:       -3.395
Distance = 63.1 kpc (m-M = 19.0)
672536 objects left after isochrone cut...
Characteristic density = 4500.0 deg^-2
Characteristic density local = 4657.3 deg^-2 = 1.294 arcmin^-2
Fitting aperture to hotspot...
Candidate: x_peak:       -0.675, y_peak:        0.175, r_peak:        0.020, sig:        4.755, ra_peak:      356.514, dec_peak:       -3.405
Characteristic density local = 4615.5 deg^-2 = 1.282 arcmin^-2
Fitting aperture to hotspot...
Candidate: x_peak:       -0.345, y_peak:       -0.335, r_peak:        0.030, sig:        6.292, ra_peak:      356.844, dec_peak:       -3.915
Characteristic density local = 4758.7 deg^-2 = 1.322 arcmin^-2
Fitting aperture to hotspot...
Candidate: x_peak:       -0.275, y_peak:       -0.885, r_peak:        0.020, sig:       16.137, ra_peak:      356.914, dec_peak:       -4.465
Characteristic density local = 4394.7 deg^-2 = 1.221 arcmin^-2
Fitting aperture to hotspot...
Candidate: x_peak:       -0.215, y_peak:        0.815, r_peak:        0.030, sig:       31.248, ra_peak:      356.975, dec_peak:       -2.765
Characteristic density local = 4724.9 deg^-2 = 1.312 arcmin^-2
Fitting aperture to hotspot...
Candidate: x_peak:       -0.065, y_peak:       -1.105, r_peak:        0.020, sig:        6.705, ra_peak:      357.125, dec_peak:       -4.685
Characteristic density local = 4681.1 deg^-2 = 1.300 arcmin^-2
Fitting aperture to hotspot...
Candidate: x_peak:       -0.005, y_peak:       -0.855, r_peak:        0.020, sig:        7.655, ra_peak:      357.185, dec_peak:       -4.435
Characteristic density local = 4524.0 deg^-2 = 1.257 arcmin^-2
Fitting aperture to hotspot...
Candidate: x_peak:        0.305, y_peak:       -0.025, r_peak:        0.030, sig:        6.009, ra_peak:      357.496, dec_peak:       -3.605
Characteristic density local = 4898.0 deg^-2 = 1.361 arcmin^-2
Fitting aperture to hotspot...
Candidate: x_peak:        0.695, y_peak:        0.085, r_peak:        0.030, sig:       10.354, ra_peak:      357.886, dec_peak:       -3.495
Characteristic density local = 4390.7 deg^-2 = 1.220 arcmin^-2
Fitting aperture to hotspot...
Candidate: x_peak:        0.905, y_peak:        0.185, r_peak:        0.290, sig:        9.320, ra_peak:      358.097, dec_peak:       -3.395
Distance = 79.4 kpc (m-M = 19.5)
670183 objects left after isochrone cut...
Characteristic density = 4400.0 deg^-2
Characteristic density local = 4595.6 deg^-2 = 1.277 arcmin^-2
Fitting aperture to hotspot...
Candidate: x_peak:       -0.675, y_peak:        0.175, r_peak:        0.020, sig:        4.797, ra_peak:      356.514, dec_peak:       -3.405
Characteristic density local = 4522.0 deg^-2 = 1.256 arcmin^-2
Fitting aperture to hotspot...
Candidate: x_peak:       -0.345, y_peak:       -0.335, r_peak:        0.030, sig:        6.385, ra_peak:      356.844, dec_peak:       -3.915
Characteristic density local = 4665.2 deg^-2 = 1.296 arcmin^-2
Fitting aperture to hotspot...
Candidate: x_peak:       -0.275, y_peak:       -0.885, r_peak:        0.020, sig:       16.227, ra_peak:      356.914, dec_peak:       -4.465
Characteristic density local = 4323.0 deg^-2 = 1.201 arcmin^-2
Fitting aperture to hotspot...
Candidate: x_peak:       -0.215, y_peak:        0.815, r_peak:        0.030, sig:       31.368, ra_peak:      356.975, dec_peak:       -2.765
Characteristic density local = 4611.5 deg^-2 = 1.281 arcmin^-2
Fitting aperture to hotspot...
Candidate: x_peak:       -0.075, y_peak:       -1.105, r_peak:        0.020, sig:        6.309, ra_peak:      357.115, dec_peak:       -4.685
Characteristic density local = 4579.7 deg^-2 = 1.272 arcmin^-2
Fitting aperture to hotspot...
Candidate: x_peak:        0.005, y_peak:       -0.855, r_peak:        0.020, sig:        9.038, ra_peak:      357.195, dec_peak:       -4.435
Characteristic density local = 4460.3 deg^-2 = 1.239 arcmin^-2
Fitting aperture to hotspot...
Candidate: x_peak:        0.305, y_peak:       -0.025, r_peak:        0.030, sig:        6.072, ra_peak:      357.496, dec_peak:       -3.605
Characteristic density local = 4846.3 deg^-2 = 1.346 arcmin^-2
Fitting aperture to hotspot...
Candidate: x_peak:        0.695, y_peak:        0.085, r_peak:        0.030, sig:       10.409, ra_peak:      357.886, dec_peak:       -3.495
Characteristic density local = 4303.2 deg^-2 = 1.195 arcmin^-2
Fitting aperture to hotspot...
Candidate: x_peak:        0.915, y_peak:        0.185, r_peak:        0.290, sig:        9.519, ra_peak:      358.107, dec_peak:       -3.395
Distance = 100.0 kpc (m-M = 20.0)
667389 objects left after isochrone cut...
Characteristic density = 4300.0 deg^-2
Characteristic density local = 4502.1 deg^-2 = 1.251 arcmin^-2
Fitting aperture to hotspot...
Candidate: x_peak:       -0.675, y_peak:        0.175, r_peak:        0.020, sig:        4.861, ra_peak:      356.514, dec_peak:       -3.405
Characteristic density local = 4452.4 deg^-2 = 1.237 arcmin^-2
Fitting aperture to hotspot...
Candidate: x_peak:       -0.345, y_peak:       -0.335, r_peak:        0.030, sig:        6.455, ra_peak:      356.844, dec_peak:       -3.915
Characteristic density local = 4587.6 deg^-2 = 1.274 arcmin^-2
Fitting aperture to hotspot...
Candidate: x_peak:       -0.275, y_peak:       -0.885, r_peak:        0.020, sig:       16.302, ra_peak:      356.914, dec_peak:       -4.465
Characteristic density local = 4229.5 deg^-2 = 1.175 arcmin^-2
Fitting aperture to hotspot...
Candidate: x_peak:       -0.215, y_peak:        0.815, r_peak:        0.030, sig:       31.433, ra_peak:      356.975, dec_peak:       -2.765
Characteristic density local = 4539.9 deg^-2 = 1.261 arcmin^-2
Fitting aperture to hotspot...
Candidate: x_peak:       -0.075, y_peak:       -1.105, r_peak:        0.020, sig:        6.361, ra_peak:      357.115, dec_peak:       -4.685
Characteristic density local = 4488.2 deg^-2 = 1.247 arcmin^-2
Fitting aperture to hotspot...
Candidate: x_peak:        0.005, y_peak:       -0.855, r_peak:        0.020, sig:        9.112, ra_peak:      357.195, dec_peak:       -4.435
Characteristic density local = 4366.8 deg^-2 = 1.213 arcmin^-2
Fitting aperture to hotspot...
Candidate: x_peak:        0.305, y_peak:       -0.025, r_peak:        0.030, sig:        6.167, ra_peak:      357.496, dec_peak:       -3.605
Characteristic density local = 4758.7 deg^-2 = 1.322 arcmin^-2
Fitting aperture to hotspot...
Candidate: x_peak:        0.695, y_peak:        0.085, r_peak:        0.030, sig:       10.349, ra_peak:      357.886, dec_peak:       -3.495
Characteristic density local = 4225.6 deg^-2 = 1.174 arcmin^-2
Fitting aperture to hotspot...
Candidate: x_peak:        0.915, y_peak:        0.185, r_peak:        0.290, sig:        9.531, ra_peak:      358.107, dec_peak:       -3.395
Distance = 125.9 kpc (m-M = 20.5)
664180 objects left after isochrone cut...
Characteristic density = 4200.0 deg^-2
Characteristic density local = 4404.6 deg^-2 = 1.224 arcmin^-2
Fitting aperture to hotspot...
Candidate: x_peak:       -0.675, y_peak:        0.175, r_peak:        0.020, sig:        4.929, ra_peak:      356.514, dec_peak:       -3.405
Characteristic density local = 4337.0 deg^-2 = 1.205 arcmin^-2
Fitting aperture to hotspot...
Candidate: x_peak:       -0.345, y_peak:       -0.335, r_peak:        0.030, sig:        6.197, ra_peak:      356.844, dec_peak:       -3.915
Characteristic density local = 4484.2 deg^-2 = 1.246 arcmin^-2
Fitting aperture to hotspot...
Candidate: x_peak:       -0.275, y_peak:       -0.885, r_peak:        0.020, sig:       16.404, ra_peak:      356.914, dec_peak:       -4.465
Characteristic density local = 4138.0 deg^-2 = 1.149 arcmin^-2
Fitting aperture to hotspot...
Candidate: x_peak:       -0.215, y_peak:        0.815, r_peak:        0.030, sig:       31.592, ra_peak:      356.975, dec_peak:       -2.765
Characteristic density local = 4464.3 deg^-2 = 1.240 arcmin^-2
Fitting aperture to hotspot...
Candidate: x_peak:       -0.065, y_peak:       -1.105, r_peak:        0.020, sig:        6.896, ra_peak:      357.125, dec_peak:       -4.685
Characteristic density local = 4398.6 deg^-2 = 1.222 arcmin^-2
Fitting aperture to hotspot...
Candidate: x_peak:       -0.005, y_peak:       -0.855, r_peak:        0.020, sig:        7.872, ra_peak:      357.185, dec_peak:       -4.435
Characteristic density local = 4265.4 deg^-2 = 1.185 arcmin^-2
Fitting aperture to hotspot...
Candidate: x_peak:        0.305, y_peak:       -0.025, r_peak:        0.030, sig:        6.271, ra_peak:      357.496, dec_peak:       -3.605
Characteristic density local = 4653.3 deg^-2 = 1.293 arcmin^-2
Fitting aperture to hotspot...
Candidate: x_peak:        0.695, y_peak:        0.085, r_peak:        0.030, sig:       10.464, ra_peak:      357.886, dec_peak:       -3.495
Characteristic density local = 4128.1 deg^-2 = 1.147 arcmin^-2
Fitting aperture to hotspot...
Candidate: x_peak:        0.915, y_peak:        0.185, r_peak:        0.290, sig:        9.543, ra_peak:      358.107, dec_peak:       -3.395
Distance = 158.5 kpc (m-M = 21.0)
660429 objects left after isochrone cut...
Characteristic density = 4100.0 deg^-2
Characteristic density local = 4285.2 deg^-2 = 1.190 arcmin^-2
Fitting aperture to hotspot...
Candidate: x_peak:       -0.675, y_peak:        0.165, r_peak:        0.030, sig:        5.077, ra_peak:      356.514, dec_peak:       -3.415
Characteristic density local = 4219.6 deg^-2 = 1.172 arcmin^-2
Fitting aperture to hotspot...
Candidate: x_peak:       -0.345, y_peak:       -0.335, r_peak:        0.030, sig:        6.127, ra_peak:      356.844, dec_peak:       -3.915
Characteristic density local = 4358.9 deg^-2 = 1.211 arcmin^-2
Fitting aperture to hotspot...
Candidate: x_peak:       -0.275, y_peak:       -0.885, r_peak:        0.020, sig:       16.530, ra_peak:      356.914, dec_peak:       -4.465
Characteristic density local = 4012.7 deg^-2 = 1.115 arcmin^-2
Fitting aperture to hotspot...
Candidate: x_peak:       -0.215, y_peak:        0.815, r_peak:        0.030, sig:       31.622, ra_peak:      356.975, dec_peak:       -2.765
Characteristic density local = 4331.0 deg^-2 = 1.203 arcmin^-2
Fitting aperture to hotspot...
Candidate: x_peak:       -0.065, y_peak:       -1.105, r_peak:        0.020, sig:        6.998, ra_peak:      357.125, dec_peak:       -4.685
Characteristic density local = 4263.4 deg^-2 = 1.184 arcmin^-2
Fitting aperture to hotspot...
Candidate: x_peak:       -0.005, y_peak:       -0.855, r_peak:        0.020, sig:        7.980, ra_peak:      357.185, dec_peak:       -4.435
Characteristic density local = 4159.9 deg^-2 = 1.156 arcmin^-2
Fitting aperture to hotspot...
Candidate: x_peak:        0.305, y_peak:       -0.025, r_peak:        0.030, sig:        6.189, ra_peak:      357.496, dec_peak:       -3.605
Characteristic density local = 4539.9 deg^-2 = 1.261 arcmin^-2
Fitting aperture to hotspot...
Candidate: x_peak:        0.695, y_peak:        0.085, r_peak:        0.030, sig:       10.277, ra_peak:      357.886, dec_peak:       -3.495
Characteristic density local = 4064.4 deg^-2 = 1.129 arcmin^-2
Fitting aperture to hotspot...
Candidate: x_peak:        0.905, y_peak:        0.185, r_peak:        0.290, sig:        8.963, ra_peak:      358.097, dec_peak:       -3.395
Distance = 199.5 kpc (m-M = 21.5)
656028 objects left after isochrone cut...
Characteristic density = 3900.0 deg^-2
Characteristic density local = 4150.0 deg^-2 = 1.153 arcmin^-2
Fitting aperture to hotspot...
Candidate: x_peak:       -0.675, y_peak:        0.165, r_peak:        0.030, sig:        4.803, ra_peak:      356.514, dec_peak:       -3.415
Characteristic density local = 4100.2 deg^-2 = 1.139 arcmin^-2
Fitting aperture to hotspot...
Candidate: x_peak:       -0.345, y_peak:       -0.335, r_peak:        0.030, sig:        6.058, ra_peak:      356.844, dec_peak:       -3.915
Characteristic density local = 4211.6 deg^-2 = 1.170 arcmin^-2
Fitting aperture to hotspot...
Candidate: x_peak:       -0.275, y_peak:       -0.885, r_peak:        0.020, sig:       16.682, ra_peak:      356.914, dec_peak:       -4.465
Characteristic density local = 3859.5 deg^-2 = 1.072 arcmin^-2
Fitting aperture to hotspot...
Candidate: x_peak:       -0.215, y_peak:        0.815, r_peak:        0.030, sig:       31.707, ra_peak:      356.975, dec_peak:       -2.765
Characteristic density local = 4195.7 deg^-2 = 1.165 arcmin^-2
Fitting aperture to hotspot...
Candidate: x_peak:       -0.065, y_peak:       -1.105, r_peak:        0.020, sig:        7.103, ra_peak:      357.125, dec_peak:       -4.685
Characteristic density local = 4114.2 deg^-2 = 1.143 arcmin^-2
Fitting aperture to hotspot...
Candidate: x_peak:       -0.005, y_peak:       -0.855, r_peak:        0.020, sig:        8.102, ra_peak:      357.185, dec_peak:       -4.435
Characteristic density local = 4056.5 deg^-2 = 1.127 arcmin^-2
Fitting aperture to hotspot...
Candidate: x_peak:        0.295, y_peak:       -0.025, r_peak:        0.030, sig:        5.710, ra_peak:      357.486, dec_peak:       -3.605
Characteristic density local = 4396.7 deg^-2 = 1.221 arcmin^-2
Fitting aperture to hotspot...
Candidate: x_peak:        0.695, y_peak:        0.085, r_peak:        0.030, sig:       10.438, ra_peak:      357.886, dec_peak:       -3.495
Characteristic density local = 3901.3 deg^-2 = 1.084 arcmin^-2
Fitting aperture to hotspot...
Candidate: x_peak:        0.905, y_peak:        0.185, r_peak:        0.290, sig:        9.279, ra_peak:      358.097, dec_peak:       -3.395
Distance = 251.2 kpc (m-M = 22.0)
650912 objects left after isochrone cut...
Characteristic density = 3800.0 deg^-2
Characteristic density local = 3994.8 deg^-2 = 1.110 arcmin^-2
Fitting aperture to hotspot...
Candidate: x_peak:       -0.675, y_peak:        0.175, r_peak:        0.020, sig:        4.952, ra_peak:      356.514, dec_peak:       -3.405
Characteristic density local = 3943.1 deg^-2 = 1.095 arcmin^-2
Fitting aperture to hotspot...
Candidate: x_peak:       -0.345, y_peak:       -0.335, r_peak:        0.030, sig:        6.226, ra_peak:      356.844, dec_peak:       -3.915
Characteristic density local = 4074.4 deg^-2 = 1.132 arcmin^-2
Fitting aperture to hotspot...
Candidate: x_peak:       -0.275, y_peak:       -0.885, r_peak:        0.020, sig:       16.827, ra_peak:      356.914, dec_peak:       -4.465
Characteristic density local = 3682.4 deg^-2 = 1.023 arcmin^-2
Fitting aperture to hotspot...
Candidate: x_peak:       -0.215, y_peak:        0.815, r_peak:        0.030, sig:       31.943, ra_peak:      356.975, dec_peak:       -2.765
Characteristic density local = 4048.5 deg^-2 = 1.125 arcmin^-2
Fitting aperture to hotspot...
Candidate: x_peak:       -0.065, y_peak:       -1.105, r_peak:        0.020, sig:        7.221, ra_peak:      357.125, dec_peak:       -4.685
Characteristic density local = 3939.1 deg^-2 = 1.094 arcmin^-2
Fitting aperture to hotspot...
Candidate: x_peak:        0.005, y_peak:       -0.855, r_peak:        0.020, sig:        9.580, ra_peak:      357.195, dec_peak:       -4.435
Characteristic density local = 3871.4 deg^-2 = 1.075 arcmin^-2
Fitting aperture to hotspot...
Candidate: x_peak:        0.305, y_peak:       -0.025, r_peak:        0.030, sig:        6.304, ra_peak:      357.496, dec_peak:       -3.605
Characteristic density local = 4239.5 deg^-2 = 1.178 arcmin^-2
Fitting aperture to hotspot...
Candidate: x_peak:        0.695, y_peak:        0.085, r_peak:        0.030, sig:       10.620, ra_peak:      357.886, dec_peak:       -3.495
Characteristic density local = 3736.2 deg^-2 = 1.038 arcmin^-2
Fitting aperture to hotspot...
Candidate: x_peak:        0.905, y_peak:        0.185, r_peak:        0.290, sig:        9.656, ra_peak:      358.097, dec_peak:       -3.395
Distance = 316.2 kpc (m-M = 22.5)
644687 objects left after isochrone cut...
Characteristic density = 3500.0 deg^-2
Characteristic density local = 3839.6 deg^-2 = 1.067 arcmin^-2
Fitting aperture to hotspot...
Candidate: x_peak:       -0.675, y_peak:        0.175, r_peak:        0.020, sig:        5.069, ra_peak:      356.514, dec_peak:       -3.405
Characteristic density local = 3708.3 deg^-2 = 1.030 arcmin^-2
Fitting aperture to hotspot...
Candidate: x_peak:       -0.345, y_peak:       -0.335, r_peak:        0.030, sig:        5.885, ra_peak:      356.844, dec_peak:       -3.915
Characteristic density local = 3853.5 deg^-2 = 1.070 arcmin^-2
Fitting aperture to hotspot...
Candidate: x_peak:       -0.275, y_peak:       -0.885, r_peak:        0.020, sig:       17.070, ra_peak:      356.914, dec_peak:       -4.465
Characteristic density local = 3515.3 deg^-2 = 0.976 arcmin^-2
Fitting aperture to hotspot...
Candidate: x_peak:       -0.215, y_peak:        0.815, r_peak:        0.030, sig:       31.677, ra_peak:      356.975, dec_peak:       -2.765
Characteristic density local = 3811.8 deg^-2 = 1.059 arcmin^-2
Fitting aperture to hotspot...
Candidate: x_peak:       -0.065, y_peak:       -1.105, r_peak:        0.020, sig:        7.174, ra_peak:      357.125, dec_peak:       -4.685
Characteristic density local = 3724.2 deg^-2 = 1.035 arcmin^-2
Fitting aperture to hotspot...
Candidate: x_peak:        0.005, y_peak:       -0.855, r_peak:        0.020, sig:        9.777, ra_peak:      357.195, dec_peak:       -4.435
Characteristic density local = 3672.5 deg^-2 = 1.020 arcmin^-2
Fitting aperture to hotspot...
Candidate: x_peak:        0.305, y_peak:       -0.015, r_peak:        0.020, sig:        6.279, ra_peak:      357.496, dec_peak:       -3.595
Characteristic density local = 3996.8 deg^-2 = 1.110 arcmin^-2
Fitting aperture to hotspot...
Candidate: x_peak:        0.695, y_peak:        0.085, r_peak:        0.030, sig:       10.750, ra_peak:      357.886, dec_peak:       -3.495
Characteristic density local = 3509.4 deg^-2 = 0.975 arcmin^-2
Fitting aperture to hotspot...
Candidate: x_peak:        0.905, y_peak:        0.185, r_peak:        0.290, sig:        9.754, ra_peak:      358.097, dec_peak:       -3.395
Distance = 398.1 kpc (m-M = 23.0)
637102 objects left after isochrone cut...
Characteristic density = 3300.0 deg^-2
Characteristic density local = 3545.2 deg^-2 = 0.985 arcmin^-2
Fitting aperture to hotspot...
Candidate: x_peak:       -0.675, y_peak:        0.175, r_peak:        0.020, sig:        4.729, ra_peak:      356.514, dec_peak:       -3.405
Characteristic density local = 3394.0 deg^-2 = 0.943 arcmin^-2
Fitting aperture to hotspot...
Candidate: x_peak:       -0.345, y_peak:       -0.325, r_peak:        0.020, sig:        7.290, ra_peak:      356.844, dec_peak:       -3.905
Characteristic density local = 3616.8 deg^-2 = 1.005 arcmin^-2
Fitting aperture to hotspot...
Candidate: x_peak:       -0.275, y_peak:       -0.885, r_peak:        0.020, sig:       17.343, ra_peak:      356.914, dec_peak:       -4.465
Characteristic density local = 3272.6 deg^-2 = 0.909 arcmin^-2
Fitting aperture to hotspot...
Candidate: x_peak:       -0.215, y_peak:        0.815, r_peak:        0.030, sig:       31.770, ra_peak:      356.975, dec_peak:       -2.765
Characteristic density local = 3600.9 deg^-2 = 1.000 arcmin^-2
Fitting aperture to hotspot...
Candidate: x_peak:       -0.065, y_peak:       -1.105, r_peak:        0.020, sig:        7.355, ra_peak:      357.125, dec_peak:       -4.685
Characteristic density local = 3491.5 deg^-2 = 0.970 arcmin^-2
Fitting aperture to hotspot...
Candidate: x_peak:       -0.005, y_peak:       -0.855, r_peak:        0.020, sig:        8.417, ra_peak:      357.185, dec_peak:       -4.435
Characteristic density local = 3374.1 deg^-2 = 0.937 arcmin^-2
Fitting aperture to hotspot...
Candidate: x_peak:        0.305, y_peak:       -0.025, r_peak:        0.030, sig:        5.852, ra_peak:      357.496, dec_peak:       -3.605
Characteristic density local = 3742.1 deg^-2 = 1.039 arcmin^-2
Fitting aperture to hotspot...
Candidate: x_peak:        0.695, y_peak:        0.085, r_peak:        0.030, sig:       10.743, ra_peak:      357.886, dec_peak:       -3.495
Characteristic density local = 3260.7 deg^-2 = 0.906 arcmin^-2
Fitting aperture to hotspot...
Candidate: x_peak:        0.905, y_peak:        0.185, r_peak:        0.290, sig:       10.136, ra_peak:      358.097, dec_peak:       -3.395
31.94 sigma; (RA, Dec, d) = (356.97, -2.76); r = 0.03 deg; d = 251.2, mu = 22.00 mag), mc_source_id: 0.00
17.34 sigma; (RA, Dec, d) = (356.91, -4.46); r = 0.02 deg; d = 398.1, mu = 23.00 mag), mc_source_id: 0.00
10.75 sigma; (RA, Dec, d) = (357.89, -3.49); r = 0.03 deg; d = 316.2, mu = 22.50 mag), mc_source_id: 0.00
10.14 sigma; (RA, Dec, d) = (358.10, -3.39); r = 0.29 deg; d = 398.1, mu = 23.00 mag), mc_source_id: 0.00
9.78 sigma; (RA, Dec, d) = (357.20, -4.44); r = 0.02 deg; d = 316.2, mu = 22.50 mag), mc_source_id: 0.00
7.35 sigma; (RA, Dec, d) = (357.12, -4.69); r = 0.02 deg; d = 398.1, mu = 23.00 mag), mc_source_id: 0.00
7.29 sigma; (RA, Dec, d) = (356.84, -3.90); r = 0.02 deg; d = 398.1, mu = 23.00 mag), mc_source_id: 0.00
6.30 sigma; (RA, Dec, d) = (357.50, -3.60); r = 0.03 deg; d = 251.2, mu = 22.00 mag), mc_source_id: 0.00
5.08 sigma; (RA, Dec, d) = (356.51, -3.41); r = 0.03 deg; d = 158.5, mu = 21.00 mag), mc_source_id: 0.00

------------------------------------------------------------
Job <681270.0> was submitted from <des51.fnal.gov> by user <tavangar>.
Job was executed on host <des40.fnal.gov> as user <tavangar>.
</var/lib/condor/execute/dir_2078856> was used as the initial working directory.
Results reported at Wed Jun  5 13:35:24 CDT 2019

Your job looked like:

------------------------------------------------------------
python /home/s1/tavangar/tavangar_simple/search_algorithm.py 357.19 -3.58 0.00 /home/s1/tavangar/tavangar_simple/decals_dr7_results/results_nside_32_6591.csv /home/s1/tavangar/tavangar_simple/decals_dr7_results/decals_dr7_log/results_nside_32_6591.log
------------------------------------------------------------

Successfully completed.

Resource usage summary:

	Real time :			221.08 sec.
	CPU time :			6.05 sec.
	CPU percentage :		74%
	Max Memory :			5774112 KB
	Average Memory :		0 KB

The output (if any) is above this job summary.
