/home/s1/tavangar/tavangar_simple/simple_utils.py:170: FutureWarning: elementwise comparison failed; returning scalar instead, but in the future will perform elementwise comparison
  if np.all(isochrone.stage == 'Main'):
Search coordinates: (RA, Dec) = (205.31, 3.58)
Center healpixel: 5769
Healpixels: [5769 5896 5768 5640 5513 5641 5770 5897 6025]
MC_SOURCE_ID = 0.0
mode = 0: running only on real data
Found 1 objects...
Applying cuts...
775573 star-like objects in ROI...
1017604 galaxy-like objects in ROI...
No fracdet map specified ...
Distance = 15.8 kpc (m-M = 16.0)
775547 objects left after isochrone cut...
Characteristic density = 7000.0 deg^-2
Characteristic density local = 7289.3 deg^-2 = 2.025 arcmin^-2
Fitting aperture to hotspot...
Candidate: x_peak:       -0.885, y_peak:       -0.395, r_peak:        0.040, sig:        3.625, ra_peak:      204.424, dec_peak:        3.185
Characteristic density local = 7167.9 deg^-2 = 1.991 arcmin^-2
Fitting aperture to hotspot...
Candidate: x_peak:        0.015, y_peak:        0.465, r_peak:        0.020, sig:        5.209, ra_peak:      205.325, dec_peak:        4.045
Characteristic density local = 6955.1 deg^-2 = 1.932 arcmin^-2
Fitting aperture to hotspot...
Candidate: x_peak:        0.025, y_peak:        1.005, r_peak:        0.030, sig:        5.499, ra_peak:      205.335, dec_peak:        4.585
Characteristic density local = 7772.7 deg^-2 = 2.159 arcmin^-2
Fitting aperture to hotspot...
Candidate: x_peak:        0.055, y_peak:       -1.005, r_peak:        0.020, sig:        4.225, ra_peak:      205.365, dec_peak:        2.575
Characteristic density local = 6877.5 deg^-2 = 1.910 arcmin^-2
Fitting aperture to hotspot...
Candidate: x_peak:        0.125, y_peak:        1.095, r_peak:        0.140, sig:        7.532, ra_peak:      205.435, dec_peak:        4.675
Characteristic density local = 6992.9 deg^-2 = 1.942 arcmin^-2
Fitting aperture to hotspot...
Candidate: x_peak:        0.355, y_peak:        0.865, r_peak:        0.020, sig:        4.618, ra_peak:      205.666, dec_peak:        4.445
Characteristic density local = 7134.1 deg^-2 = 1.982 arcmin^-2
Fitting aperture to hotspot...
Candidate: x_peak:        0.445, y_peak:       -0.045, r_peak:        0.030, sig:       23.886, ra_peak:      205.756, dec_peak:        3.535
Characteristic density local = 6996.8 deg^-2 = 1.944 arcmin^-2
Fitting aperture to hotspot...
Candidate: x_peak:        0.525, y_peak:        0.725, r_peak:        0.040, sig:        4.586, ra_peak:      205.836, dec_peak:        4.305
Characteristic density local = 7267.4 deg^-2 = 2.019 arcmin^-2
Fitting aperture to hotspot...
Candidate: x_peak:        1.085, y_peak:       -0.065, r_peak:        0.030, sig:        6.541, ra_peak:      206.397, dec_peak:        3.514
Distance = 20.0 kpc (m-M = 16.5)
775561 objects left after isochrone cut...
Characteristic density = 7000.0 deg^-2
Characteristic density local = 7289.3 deg^-2 = 2.025 arcmin^-2
Fitting aperture to hotspot...
Candidate: x_peak:       -0.885, y_peak:       -0.395, r_peak:        0.040, sig:        3.625, ra_peak:      204.424, dec_peak:        3.185
Characteristic density local = 7167.9 deg^-2 = 1.991 arcmin^-2
Fitting aperture to hotspot...
Candidate: x_peak:        0.015, y_peak:        0.465, r_peak:        0.020, sig:        5.209, ra_peak:      205.325, dec_peak:        4.045
Characteristic density local = 6955.1 deg^-2 = 1.932 arcmin^-2
Fitting aperture to hotspot...
Candidate: x_peak:        0.025, y_peak:        1.005, r_peak:        0.030, sig:        5.499, ra_peak:      205.335, dec_peak:        4.585
Characteristic density local = 7772.7 deg^-2 = 2.159 arcmin^-2
Fitting aperture to hotspot...
Candidate: x_peak:        0.055, y_peak:       -1.005, r_peak:        0.020, sig:        4.225, ra_peak:      205.365, dec_peak:        2.575
Characteristic density local = 6877.5 deg^-2 = 1.910 arcmin^-2
Fitting aperture to hotspot...
Candidate: x_peak:        0.125, y_peak:        1.095, r_peak:        0.140, sig:        7.532, ra_peak:      205.435, dec_peak:        4.675
Characteristic density local = 6992.9 deg^-2 = 1.942 arcmin^-2
Fitting aperture to hotspot...
Candidate: x_peak:        0.355, y_peak:        0.865, r_peak:        0.020, sig:        4.618, ra_peak:      205.666, dec_peak:        4.445
Characteristic density local = 7134.1 deg^-2 = 1.982 arcmin^-2
Fitting aperture to hotspot...
Candidate: x_peak:        0.445, y_peak:       -0.045, r_peak:        0.030, sig:       23.886, ra_peak:      205.756, dec_peak:        3.535
Characteristic density local = 6996.8 deg^-2 = 1.944 arcmin^-2
Fitting aperture to hotspot...
Candidate: x_peak:        0.525, y_peak:        0.725, r_peak:        0.040, sig:        4.586, ra_peak:      205.836, dec_peak:        4.305
Characteristic density local = 7267.4 deg^-2 = 2.019 arcmin^-2
Fitting aperture to hotspot...
Candidate: x_peak:        1.085, y_peak:       -0.065, r_peak:        0.030, sig:        6.541, ra_peak:      206.397, dec_peak:        3.514
Distance = 25.1 kpc (m-M = 17.0)
775564 objects left after isochrone cut...
Characteristic density = 7000.0 deg^-2
Characteristic density local = 7289.3 deg^-2 = 2.025 arcmin^-2
Fitting aperture to hotspot...
Candidate: x_peak:       -0.885, y_peak:       -0.395, r_peak:        0.040, sig:        3.625, ra_peak:      204.424, dec_peak:        3.185
Characteristic density local = 7167.9 deg^-2 = 1.991 arcmin^-2
Fitting aperture to hotspot...
Candidate: x_peak:        0.015, y_peak:        0.465, r_peak:        0.020, sig:        5.209, ra_peak:      205.325, dec_peak:        4.045
Characteristic density local = 6955.1 deg^-2 = 1.932 arcmin^-2
Fitting aperture to hotspot...
Candidate: x_peak:        0.025, y_peak:        1.005, r_peak:        0.030, sig:        5.499, ra_peak:      205.335, dec_peak:        4.585
Characteristic density local = 7772.7 deg^-2 = 2.159 arcmin^-2
Fitting aperture to hotspot...
Candidate: x_peak:        0.055, y_peak:       -1.005, r_peak:        0.020, sig:        4.225, ra_peak:      205.365, dec_peak:        2.575
Characteristic density local = 6877.5 deg^-2 = 1.910 arcmin^-2
Fitting aperture to hotspot...
Candidate: x_peak:        0.125, y_peak:        1.095, r_peak:        0.140, sig:        7.532, ra_peak:      205.435, dec_peak:        4.675
Characteristic density local = 6992.9 deg^-2 = 1.942 arcmin^-2
Fitting aperture to hotspot...
Candidate: x_peak:        0.355, y_peak:        0.865, r_peak:        0.020, sig:        4.618, ra_peak:      205.666, dec_peak:        4.445
Characteristic density local = 7134.1 deg^-2 = 1.982 arcmin^-2
Fitting aperture to hotspot...
Candidate: x_peak:        0.445, y_peak:       -0.045, r_peak:        0.030, sig:       23.886, ra_peak:      205.756, dec_peak:        3.535
Characteristic density local = 6996.8 deg^-2 = 1.944 arcmin^-2
Fitting aperture to hotspot...
Candidate: x_peak:        0.525, y_peak:        0.725, r_peak:        0.040, sig:        4.586, ra_peak:      205.836, dec_peak:        4.305
Characteristic density local = 7267.4 deg^-2 = 2.019 arcmin^-2
Fitting aperture to hotspot...
Candidate: x_peak:        1.085, y_peak:       -0.065, r_peak:        0.030, sig:        6.541, ra_peak:      206.397, dec_peak:        3.514
Distance = 31.6 kpc (m-M = 17.5)
775568 objects left after isochrone cut...
Characteristic density = 7000.0 deg^-2
Characteristic density local = 7289.3 deg^-2 = 2.025 arcmin^-2
Fitting aperture to hotspot...
Candidate: x_peak:       -0.885, y_peak:       -0.395, r_peak:        0.040, sig:        3.625, ra_peak:      204.424, dec_peak:        3.185
Characteristic density local = 7167.9 deg^-2 = 1.991 arcmin^-2
Fitting aperture to hotspot...
Candidate: x_peak:        0.015, y_peak:        0.465, r_peak:        0.020, sig:        5.209, ra_peak:      205.325, dec_peak:        4.045
Characteristic density local = 6955.1 deg^-2 = 1.932 arcmin^-2
Fitting aperture to hotspot...
Candidate: x_peak:        0.025, y_peak:        1.005, r_peak:        0.030, sig:        5.499, ra_peak:      205.335, dec_peak:        4.585
Characteristic density local = 7772.7 deg^-2 = 2.159 arcmin^-2
Fitting aperture to hotspot...
Candidate: x_peak:        0.055, y_peak:       -1.005, r_peak:        0.020, sig:        4.225, ra_peak:      205.365, dec_peak:        2.575
Characteristic density local = 6877.5 deg^-2 = 1.910 arcmin^-2
Fitting aperture to hotspot...
Candidate: x_peak:        0.125, y_peak:        1.095, r_peak:        0.140, sig:        7.532, ra_peak:      205.435, dec_peak:        4.675
Characteristic density local = 6992.9 deg^-2 = 1.942 arcmin^-2
Fitting aperture to hotspot...
Candidate: x_peak:        0.355, y_peak:        0.865, r_peak:        0.020, sig:        4.618, ra_peak:      205.666, dec_peak:        4.445
Characteristic density local = 7134.1 deg^-2 = 1.982 arcmin^-2
Fitting aperture to hotspot...
Candidate: x_peak:        0.445, y_peak:       -0.045, r_peak:        0.030, sig:       23.886, ra_peak:      205.756, dec_peak:        3.535
Characteristic density local = 6996.8 deg^-2 = 1.944 arcmin^-2
Fitting aperture to hotspot...
Candidate: x_peak:        0.525, y_peak:        0.725, r_peak:        0.040, sig:        4.586, ra_peak:      205.836, dec_peak:        4.305
Characteristic density local = 7267.4 deg^-2 = 2.019 arcmin^-2
Fitting aperture to hotspot...
Candidate: x_peak:        1.085, y_peak:       -0.065, r_peak:        0.030, sig:        6.541, ra_peak:      206.397, dec_peak:        3.514
Distance = 39.8 kpc (m-M = 18.0)
775556 objects left after isochrone cut...
Characteristic density = 7000.0 deg^-2
Characteristic density local = 7289.3 deg^-2 = 2.025 arcmin^-2
Fitting aperture to hotspot...
Candidate: x_peak:       -0.885, y_peak:       -0.395, r_peak:        0.040, sig:        3.625, ra_peak:      204.424, dec_peak:        3.185
Characteristic density local = 7167.9 deg^-2 = 1.991 arcmin^-2
Fitting aperture to hotspot...
Candidate: x_peak:        0.015, y_peak:        0.465, r_peak:        0.020, sig:        5.209, ra_peak:      205.325, dec_peak:        4.045
Characteristic density local = 6955.1 deg^-2 = 1.932 arcmin^-2
Fitting aperture to hotspot...
Candidate: x_peak:        0.025, y_peak:        1.005, r_peak:        0.030, sig:        5.499, ra_peak:      205.335, dec_peak:        4.585
Characteristic density local = 7772.7 deg^-2 = 2.159 arcmin^-2
Fitting aperture to hotspot...
Candidate: x_peak:        0.055, y_peak:       -1.005, r_peak:        0.020, sig:        4.225, ra_peak:      205.365, dec_peak:        2.575
Characteristic density local = 6877.5 deg^-2 = 1.910 arcmin^-2
Fitting aperture to hotspot...
Candidate: x_peak:        0.125, y_peak:        1.095, r_peak:        0.140, sig:        7.532, ra_peak:      205.435, dec_peak:        4.675
Characteristic density local = 6992.9 deg^-2 = 1.942 arcmin^-2
Fitting aperture to hotspot...
Candidate: x_peak:        0.355, y_peak:        0.865, r_peak:        0.020, sig:        4.618, ra_peak:      205.666, dec_peak:        4.445
Characteristic density local = 7134.1 deg^-2 = 1.982 arcmin^-2
Fitting aperture to hotspot...
Candidate: x_peak:        0.445, y_peak:       -0.045, r_peak:        0.030, sig:       23.886, ra_peak:      205.756, dec_peak:        3.535
Characteristic density local = 6996.8 deg^-2 = 1.944 arcmin^-2
Fitting aperture to hotspot...
Candidate: x_peak:        0.525, y_peak:        0.725, r_peak:        0.040, sig:        4.586, ra_peak:      205.836, dec_peak:        4.305
Characteristic density local = 7267.4 deg^-2 = 2.019 arcmin^-2
Fitting aperture to hotspot...
Candidate: x_peak:        1.085, y_peak:       -0.065, r_peak:        0.030, sig:        6.541, ra_peak:      206.397, dec_peak:        3.514
Distance = 50.1 kpc (m-M = 18.5)
774748 objects left after isochrone cut...
Characteristic density = 7000.0 deg^-2
Characteristic density local = 7249.5 deg^-2 = 2.014 arcmin^-2
Fitting aperture to hotspot...
Candidate: x_peak:       -0.885, y_peak:       -0.395, r_peak:        0.040, sig:        3.662, ra_peak:      204.424, dec_peak:        3.185
Characteristic density local = 7140.1 deg^-2 = 1.983 arcmin^-2
Fitting aperture to hotspot...
Candidate: x_peak:        0.015, y_peak:        0.465, r_peak:        0.020, sig:        5.224, ra_peak:      205.325, dec_peak:        4.045
Characteristic density local = 6931.2 deg^-2 = 1.925 arcmin^-2
Fitting aperture to hotspot...
Candidate: x_peak:        0.025, y_peak:        1.005, r_peak:        0.030, sig:        5.517, ra_peak:      205.335, dec_peak:        4.585
Characteristic density local = 7742.9 deg^-2 = 2.151 arcmin^-2
Fitting aperture to hotspot...
Candidate: x_peak:        0.055, y_peak:       -1.005, r_peak:        0.020, sig:        4.240, ra_peak:      205.365, dec_peak:        2.575
Characteristic density local = 6855.6 deg^-2 = 1.904 arcmin^-2
Fitting aperture to hotspot...
Candidate: x_peak:        0.125, y_peak:        1.095, r_peak:        0.140, sig:        7.471, ra_peak:      205.435, dec_peak:        4.675
Characteristic density local = 6984.9 deg^-2 = 1.940 arcmin^-2
Fitting aperture to hotspot...
Candidate: x_peak:        0.355, y_peak:        0.865, r_peak:        0.020, sig:        4.623, ra_peak:      205.666, dec_peak:        4.445
Characteristic density local = 7110.2 deg^-2 = 1.975 arcmin^-2
Fitting aperture to hotspot...
Candidate: x_peak:        0.445, y_peak:       -0.045, r_peak:        0.030, sig:       23.911, ra_peak:      205.756, dec_peak:        3.535
Characteristic density local = 6986.9 deg^-2 = 1.941 arcmin^-2
Fitting aperture to hotspot...
Candidate: x_peak:        0.525, y_peak:        0.725, r_peak:        0.040, sig:        4.596, ra_peak:      205.836, dec_peak:        4.305
Characteristic density local = 7239.6 deg^-2 = 2.011 arcmin^-2
Fitting aperture to hotspot...
Candidate: x_peak:        1.085, y_peak:       -0.065, r_peak:        0.030, sig:        6.563, ra_peak:      206.397, dec_peak:        3.514
Distance = 63.1 kpc (m-M = 19.0)
772933 objects left after isochrone cut...
Characteristic density = 6900.0 deg^-2
Characteristic density local = 6873.5 deg^-2 = 1.909 arcmin^-2
Fitting aperture to hotspot...
Candidate: x_peak:        0.025, y_peak:        1.005, r_peak:        0.030, sig:        5.562, ra_peak:      205.335, dec_peak:        4.585
Characteristic density local = 7048.6 deg^-2 = 1.958 arcmin^-2
Fitting aperture to hotspot...
Candidate: x_peak:        0.445, y_peak:       -0.045, r_peak:        0.030, sig:       23.978, ra_peak:      205.756, dec_peak:        3.535
Characteristic density local = 7164.0 deg^-2 = 1.990 arcmin^-2
Fitting aperture to hotspot...
Candidate: x_peak:        1.085, y_peak:       -0.065, r_peak:        0.030, sig:        6.620, ra_peak:      206.397, dec_peak:        3.514
Distance = 79.4 kpc (m-M = 19.5)
770377 objects left after isochrone cut...
Characteristic density = 6800.0 deg^-2
Characteristic density local = 7074.4 deg^-2 = 1.965 arcmin^-2
Fitting aperture to hotspot...
Candidate: x_peak:       -0.885, y_peak:       -0.395, r_peak:        0.050, sig:        3.855, ra_peak:      204.424, dec_peak:        3.185
Characteristic density local = 6780.0 deg^-2 = 1.883 arcmin^-2
Fitting aperture to hotspot...
Candidate: x_peak:        0.025, y_peak:        1.005, r_peak:        0.030, sig:        5.634, ra_peak:      205.335, dec_peak:        4.585
Characteristic density local = 6984.9 deg^-2 = 1.940 arcmin^-2
Fitting aperture to hotspot...
Candidate: x_peak:        0.015, y_peak:        0.465, r_peak:        0.020, sig:        5.306, ra_peak:      205.325, dec_peak:        4.045
Characteristic density local = 7589.7 deg^-2 = 2.108 arcmin^-2
Fitting aperture to hotspot...
Candidate: x_peak:        0.055, y_peak:       -1.005, r_peak:        0.020, sig:        4.083, ra_peak:      205.365, dec_peak:        2.575
Characteristic density local = 6682.5 deg^-2 = 1.856 arcmin^-2
Fitting aperture to hotspot...
Candidate: x_peak:        0.125, y_peak:        1.095, r_peak:        0.140, sig:        7.365, ra_peak:      205.435, dec_peak:        4.675
Characteristic density local = 6809.8 deg^-2 = 1.892 arcmin^-2
Fitting aperture to hotspot...
Candidate: x_peak:        0.355, y_peak:        0.865, r_peak:        0.020, sig:        4.715, ra_peak:      205.666, dec_peak:        4.445
Characteristic density local = 6957.1 deg^-2 = 1.933 arcmin^-2
Fitting aperture to hotspot...
Candidate: x_peak:        0.445, y_peak:       -0.045, r_peak:        0.030, sig:       23.980, ra_peak:      205.756, dec_peak:        3.535
Characteristic density local = 6786.0 deg^-2 = 1.885 arcmin^-2
Fitting aperture to hotspot...
Candidate: x_peak:        0.525, y_peak:        0.715, r_peak:        0.030, sig:        3.906, ra_peak:      205.836, dec_peak:        4.295
Characteristic density local = 7088.4 deg^-2 = 1.969 arcmin^-2
Fitting aperture to hotspot...
Candidate: x_peak:        1.085, y_peak:       -0.065, r_peak:        0.030, sig:        6.679, ra_peak:      206.397, dec_peak:        3.514
Distance = 100.0 kpc (m-M = 20.0)
767202 objects left after isochrone cut...
Characteristic density = 6700.0 deg^-2
Characteristic density local = 6670.6 deg^-2 = 1.853 arcmin^-2
Fitting aperture to hotspot...
Candidate: x_peak:        0.025, y_peak:        1.005, r_peak:        0.030, sig:        5.719, ra_peak:      205.335, dec_peak:        4.585
Characteristic density local = 6875.5 deg^-2 = 1.910 arcmin^-2
Fitting aperture to hotspot...
Candidate: x_peak:        0.015, y_peak:        0.465, r_peak:        0.020, sig:        5.366, ra_peak:      205.325, dec_peak:        4.045
Characteristic density local = 7462.4 deg^-2 = 2.073 arcmin^-2
Fitting aperture to hotspot...
Candidate: x_peak:        0.055, y_peak:       -1.005, r_peak:        0.020, sig:        4.146, ra_peak:      205.365, dec_peak:        2.575
Characteristic density local = 6579.1 deg^-2 = 1.828 arcmin^-2
Fitting aperture to hotspot...
Candidate: x_peak:        0.125, y_peak:        1.095, r_peak:        0.140, sig:        7.345, ra_peak:      205.435, dec_peak:        4.675
Characteristic density local = 6827.7 deg^-2 = 1.897 arcmin^-2
Fitting aperture to hotspot...
Candidate: x_peak:        0.445, y_peak:       -0.045, r_peak:        0.030, sig:       24.123, ra_peak:      205.756, dec_peak:        3.535
Characteristic density local = 6933.2 deg^-2 = 1.926 arcmin^-2
Fitting aperture to hotspot...
Candidate: x_peak:        1.075, y_peak:       -0.065, r_peak:        0.020, sig:        8.234, ra_peak:      206.387, dec_peak:        3.514
Distance = 125.9 kpc (m-M = 20.5)
763343 objects left after isochrone cut...
Characteristic density = 6600.0 deg^-2
Characteristic density local = 6563.2 deg^-2 = 1.823 arcmin^-2
Fitting aperture to hotspot...
Candidate: x_peak:        0.025, y_peak:        1.005, r_peak:        0.030, sig:        5.636, ra_peak:      205.335, dec_peak:        4.585
Characteristic density local = 6780.0 deg^-2 = 1.883 arcmin^-2
Fitting aperture to hotspot...
Candidate: x_peak:        0.015, y_peak:        0.465, r_peak:        0.020, sig:        5.418, ra_peak:      205.325, dec_peak:        4.045
Characteristic density local = 7307.2 deg^-2 = 2.030 arcmin^-2
Fitting aperture to hotspot...
Candidate: x_peak:        0.055, y_peak:       -1.005, r_peak:        0.020, sig:        4.223, ra_peak:      205.365, dec_peak:        2.575
Characteristic density local = 6463.7 deg^-2 = 1.795 arcmin^-2
Fitting aperture to hotspot...
Candidate: x_peak:        0.125, y_peak:        1.095, r_peak:        0.140, sig:        6.958, ra_peak:      205.435, dec_peak:        4.675
Characteristic density local = 6726.3 deg^-2 = 1.868 arcmin^-2
Fitting aperture to hotspot...
Candidate: x_peak:        0.445, y_peak:       -0.045, r_peak:        0.030, sig:       24.236, ra_peak:      205.756, dec_peak:        3.535
Characteristic density local = 6837.7 deg^-2 = 1.899 arcmin^-2
Fitting aperture to hotspot...
Candidate: x_peak:        1.085, y_peak:       -0.065, r_peak:        0.030, sig:        6.719, ra_peak:      206.397, dec_peak:        3.514
Distance = 158.5 kpc (m-M = 21.0)
758612 objects left after isochrone cut...
Characteristic density = 6400.0 deg^-2
Characteristic density local = 6425.9 deg^-2 = 1.785 arcmin^-2
Fitting aperture to hotspot...
Candidate: x_peak:        0.025, y_peak:        1.015, r_peak:        0.020, sig:        6.499, ra_peak:      205.335, dec_peak:        4.595
Characteristic density local = 6606.9 deg^-2 = 1.835 arcmin^-2
Fitting aperture to hotspot...
Candidate: x_peak:        0.015, y_peak:        0.465, r_peak:        0.020, sig:        5.514, ra_peak:      205.325, dec_peak:        4.045
Characteristic density local = 7116.2 deg^-2 = 1.977 arcmin^-2
Fitting aperture to hotspot...
Candidate: x_peak:        0.055, y_peak:       -1.005, r_peak:        0.020, sig:        4.321, ra_peak:      205.365, dec_peak:        2.575
Characteristic density local = 6318.5 deg^-2 = 1.755 arcmin^-2
Fitting aperture to hotspot...
Candidate: x_peak:        0.125, y_peak:        1.095, r_peak:        0.140, sig:        6.754, ra_peak:      205.435, dec_peak:        4.675
Characteristic density local = 6565.1 deg^-2 = 1.824 arcmin^-2
Fitting aperture to hotspot...
Candidate: x_peak:        0.445, y_peak:       -0.045, r_peak:        0.030, sig:       24.418, ra_peak:      205.756, dec_peak:        3.535
Characteristic density local = 6684.5 deg^-2 = 1.857 arcmin^-2
Fitting aperture to hotspot...
Candidate: x_peak:        1.085, y_peak:       -0.065, r_peak:        0.030, sig:        6.841, ra_peak:      206.397, dec_peak:        3.514
Distance = 199.5 kpc (m-M = 21.5)
752793 objects left after isochrone cut...
Characteristic density = 6200.0 deg^-2
Characteristic density local = 6455.7 deg^-2 = 1.793 arcmin^-2
Fitting aperture to hotspot...
Candidate: x_peak:       -0.885, y_peak:       -0.385, r_peak:        0.040, sig:        4.274, ra_peak:      204.424, dec_peak:        3.195
Characteristic density local = 6439.8 deg^-2 = 1.789 arcmin^-2
Fitting aperture to hotspot...
Candidate: x_peak:        0.015, y_peak:        0.465, r_peak:        0.020, sig:        5.609, ra_peak:      205.325, dec_peak:        4.045
Characteristic density local = 6228.9 deg^-2 = 1.730 arcmin^-2
Fitting aperture to hotspot...
Candidate: x_peak:        0.025, y_peak:        1.015, r_peak:        0.020, sig:        6.617, ra_peak:      205.335, dec_peak:        4.595
Characteristic density local = 6891.4 deg^-2 = 1.914 arcmin^-2
Fitting aperture to hotspot...
Candidate: x_peak:        0.055, y_peak:       -1.005, r_peak:        0.020, sig:        4.437, ra_peak:      205.365, dec_peak:        2.575
Characteristic density local = 6133.4 deg^-2 = 1.704 arcmin^-2
Fitting aperture to hotspot...
Candidate: x_peak:        0.125, y_peak:        1.095, r_peak:        0.130, sig:        6.643, ra_peak:      205.435, dec_peak:        4.675
Characteristic density local = 6384.1 deg^-2 = 1.773 arcmin^-2
Fitting aperture to hotspot...
Candidate: x_peak:        0.445, y_peak:       -0.045, r_peak:        0.030, sig:       24.529, ra_peak:      205.756, dec_peak:        3.535
Characteristic density local = 6459.7 deg^-2 = 1.794 arcmin^-2
Fitting aperture to hotspot...
Candidate: x_peak:        1.075, y_peak:       -0.065, r_peak:        0.020, sig:        8.524, ra_peak:      206.387, dec_peak:        3.514
Distance = 251.2 kpc (m-M = 22.0)
745449 objects left after isochrone cut...
Characteristic density = 6000.0 deg^-2
Characteristic density local = 6203.1 deg^-2 = 1.723 arcmin^-2
Fitting aperture to hotspot...
Candidate: x_peak:       -0.885, y_peak:       -0.385, r_peak:        0.040, sig:        4.384, ra_peak:      204.424, dec_peak:        3.195
Characteristic density local = 6153.3 deg^-2 = 1.709 arcmin^-2
Fitting aperture to hotspot...
Candidate: x_peak:        0.015, y_peak:        0.465, r_peak:        0.030, sig:        5.797, ra_peak:      205.325, dec_peak:        4.045
Characteristic density local = 5998.2 deg^-2 = 1.666 arcmin^-2
Fitting aperture to hotspot...
Candidate: x_peak:        0.025, y_peak:        1.015, r_peak:        0.020, sig:        6.540, ra_peak:      205.335, dec_peak:        4.595
Characteristic density local = 6648.7 deg^-2 = 1.847 arcmin^-2
Fitting aperture to hotspot...
Candidate: x_peak:        0.055, y_peak:       -1.005, r_peak:        0.020, sig:        4.566, ra_peak:      205.365, dec_peak:        2.575
Characteristic density local = 5932.5 deg^-2 = 1.648 arcmin^-2
Fitting aperture to hotspot...
Candidate: x_peak:        0.125, y_peak:        1.095, r_peak:        0.130, sig:        6.424, ra_peak:      205.435, dec_peak:        4.675
Characteristic density local = 5860.9 deg^-2 = 1.628 arcmin^-2
Fitting aperture to hotspot...
Candidate: x_peak:        0.135, y_peak:        1.085, r_peak:        0.130, sig:        6.449, ra_peak:      205.445, dec_peak:        4.665
Characteristic density local = 6105.6 deg^-2 = 1.696 arcmin^-2
Fitting aperture to hotspot...
Candidate: x_peak:        0.445, y_peak:       -0.045, r_peak:        0.030, sig:       24.761, ra_peak:      205.756, dec_peak:        3.535
Characteristic density local = 6207.0 deg^-2 = 1.724 arcmin^-2
Fitting aperture to hotspot...
Candidate: x_peak:        1.075, y_peak:       -0.065, r_peak:        0.020, sig:        8.685, ra_peak:      206.387, dec_peak:        3.514
Distance = 316.2 kpc (m-M = 22.5)
736475 objects left after isochrone cut...
Characteristic density = 5700.0 deg^-2
Characteristic density local = 5833.0 deg^-2 = 1.620 arcmin^-2
Fitting aperture to hotspot...
Candidate: x_peak:        0.015, y_peak:        0.465, r_peak:        0.030, sig:        6.066, ra_peak:      205.325, dec_peak:        4.045
Characteristic density local = 5652.0 deg^-2 = 1.570 arcmin^-2
Fitting aperture to hotspot...
Candidate: x_peak:        0.025, y_peak:        1.015, r_peak:        0.020, sig:        6.310, ra_peak:      205.335, dec_peak:        4.595
Characteristic density local = 6364.2 deg^-2 = 1.768 arcmin^-2
Fitting aperture to hotspot...
Candidate: x_peak:        0.055, y_peak:       -1.005, r_peak:        0.020, sig:        4.481, ra_peak:      205.365, dec_peak:        2.575
Characteristic density local = 5618.2 deg^-2 = 1.561 arcmin^-2
Fitting aperture to hotspot...
Candidate: x_peak:        0.125, y_peak:        1.095, r_peak:        0.130, sig:        6.876, ra_peak:      205.435, dec_peak:        4.675
Characteristic density local = 5556.5 deg^-2 = 1.543 arcmin^-2
Fitting aperture to hotspot...
Candidate: x_peak:        0.135, y_peak:        1.085, r_peak:        0.130, sig:        6.769, ra_peak:      205.445, dec_peak:        4.665
Characteristic density local = 5795.2 deg^-2 = 1.610 arcmin^-2
Fitting aperture to hotspot...
Candidate: x_peak:        0.445, y_peak:       -0.045, r_peak:        0.030, sig:       24.644, ra_peak:      205.756, dec_peak:        3.535
Characteristic density local = 5896.7 deg^-2 = 1.638 arcmin^-2
Fitting aperture to hotspot...
Candidate: x_peak:        1.075, y_peak:       -0.065, r_peak:        0.020, sig:        8.693, ra_peak:      206.387, dec_peak:        3.514
Distance = 398.1 kpc (m-M = 23.0)
726105 objects left after isochrone cut...
Characteristic density = 5300.0 deg^-2
Characteristic density local = 5492.8 deg^-2 = 1.526 arcmin^-2
Fitting aperture to hotspot...
Candidate: x_peak:       -1.125, y_peak:        0.115, r_peak:        0.040, sig:        2.817, ra_peak:      204.183, dec_peak:        3.694
Characteristic density local = 5504.8 deg^-2 = 1.529 arcmin^-2
Fitting aperture to hotspot...
Candidate: x_peak:        0.445, y_peak:       -0.045, r_peak:        0.030, sig:       24.609, ra_peak:      205.756, dec_peak:        3.535
Characteristic density local = 5260.1 deg^-2 = 1.461 arcmin^-2
Fitting aperture to hotspot...
Candidate: x_peak:       -0.565, y_peak:        0.715, r_peak:        0.060, sig:        1.162, ra_peak:      204.743, dec_peak:        4.295
Characteristic density local = 5238.2 deg^-2 = 1.455 arcmin^-2
Fitting aperture to hotspot...
Candidate: x_peak:       -0.545, y_peak:        0.725, r_peak:        0.010, sig:        1.371, ra_peak:      204.763, dec_peak:        4.305
Characteristic density local = 5166.6 deg^-2 = 1.435 arcmin^-2
Fitting aperture to hotspot...
Candidate: x_peak:        0.215, y_peak:        1.015, r_peak:        0.220, sig:        6.698, ra_peak:      205.526, dec_peak:        4.595
Characteristic density local = 5556.5 deg^-2 = 1.543 arcmin^-2
Fitting aperture to hotspot...
Candidate: x_peak:        1.075, y_peak:       -0.065, r_peak:        0.020, sig:        8.316, ra_peak:      206.387, dec_peak:        3.514
Characteristic density local = 5504.8 deg^-2 = 1.529 arcmin^-2
Fitting aperture to hotspot...
Candidate: x_peak:        1.235, y_peak:       -0.135, r_peak:        0.270, sig:        0.980, ra_peak:      206.547, dec_peak:        3.444
Characteristic density local = 5534.6 deg^-2 = 1.537 arcmin^-2
Fitting aperture to hotspot...
Candidate: x_peak:        1.245, y_peak:       -0.125, r_peak:        0.250, sig:        0.844, ra_peak:      206.557, dec_peak:        3.454
Characteristic density local = 5488.9 deg^-2 = 1.525 arcmin^-2
Fitting aperture to hotspot...
Candidate: x_peak:        1.355, y_peak:       -0.035, r_peak:        0.020, sig:        1.656, ra_peak:      206.668, dec_peak:        3.544
24.76 sigma; (RA, Dec, d) = (205.76, 3.53); r = 0.03 deg; d = 251.2, mu = 22.00 mag), mc_source_id: 0.00
8.69 sigma; (RA, Dec, d) = (206.39, 3.51); r = 0.02 deg; d = 316.2, mu = 22.50 mag), mc_source_id: 0.00
7.53 sigma; (RA, Dec, d) = (205.44, 4.68); r = 0.14 deg; d = 39.8, mu = 18.00 mag), mc_source_id: 0.00
6.07 sigma; (RA, Dec, d) = (205.33, 4.05); r = 0.03 deg; d = 316.2, mu = 22.50 mag), mc_source_id: 0.00
4.72 sigma; (RA, Dec, d) = (205.67, 4.44); r = 0.02 deg; d = 79.4, mu = 19.50 mag), mc_source_id: 0.00
4.60 sigma; (RA, Dec, d) = (205.84, 4.30); r = 0.04 deg; d = 50.1, mu = 18.50 mag), mc_source_id: 0.00
4.57 sigma; (RA, Dec, d) = (205.37, 2.57); r = 0.02 deg; d = 251.2, mu = 22.00 mag), mc_source_id: 0.00
4.38 sigma; (RA, Dec, d) = (204.42, 3.19); r = 0.04 deg; d = 251.2, mu = 22.00 mag), mc_source_id: 0.00
2.82 sigma; (RA, Dec, d) = (204.18, 3.69); r = 0.04 deg; d = 398.1, mu = 23.00 mag), mc_source_id: 0.00
1.66 sigma; (RA, Dec, d) = (206.67, 3.54); r = 0.02 deg; d = 398.1, mu = 23.00 mag), mc_source_id: 0.00
1.37 sigma; (RA, Dec, d) = (204.76, 4.30); r = 0.01 deg; d = 398.1, mu = 23.00 mag), mc_source_id: 0.00
1.16 sigma; (RA, Dec, d) = (204.74, 4.29); r = 0.06 deg; d = 398.1, mu = 23.00 mag), mc_source_id: 0.00
0.98 sigma; (RA, Dec, d) = (206.55, 3.44); r = 0.27 deg; d = 398.1, mu = 23.00 mag), mc_source_id: 0.00

------------------------------------------------------------
Job <680704.0> was submitted from <des51.fnal.gov> by user <tavangar>.
Job was executed on host <des40.fnal.gov> as user <tavangar>.
</var/lib/condor/execute/dir_1984395> was used as the initial working directory.
Results reported at Wed Jun  5 11:15:40 CDT 2019

Your job looked like:

------------------------------------------------------------
python /home/s1/tavangar/tavangar_simple/search_algorithm.py 205.31 3.58 0.00 /home/s1/tavangar/tavangar_simple/decals_dr7_results/results_nside_32_5769.csv /home/s1/tavangar/tavangar_simple/decals_dr7_results/decals_dr7_log/results_nside_32_5769.log
------------------------------------------------------------

Successfully completed.

Resource usage summary:

	Real time :			271.63 sec.
	CPU time :			7.63 sec.
	CPU percentage :		91%
	Max Memory :			6244032 KB
	Average Memory :		0 KB

The output (if any) is above this job summary.
