/home/s1/tavangar/tavangar_simple/simple_utils.py:170: FutureWarning: elementwise comparison failed; returning scalar instead, but in the future will perform elementwise comparison
  if np.all(isochrone.stage == 'Main'):
Search coordinates: (RA, Dec) = (12.66, 16.96)
Center healpixel: 4292
Healpixels: [4292 4420 4291 4164 4036 4165 4293 4421 4548]
MC_SOURCE_ID = 0.0
mode = 0: running only on real data
Found 1 objects...
Applying cuts...
508462 star-like objects in ROI...
737348 galaxy-like objects in ROI...
No fracdet map specified ...
Distance = 15.8 kpc (m-M = 16.0)
508448 objects left after isochrone cut...
Characteristic density = 4500.0 deg^-2
Characteristic density local = 4625.4 deg^-2 = 1.285 arcmin^-2
Fitting aperture to hotspot...
Candidate: x_peak:       -0.415, y_peak:       -0.025, r_peak:        0.040, sig:       12.216, ra_peak:       12.226, dec_peak:       16.935
Characteristic density local = 4245.5 deg^-2 = 1.179 arcmin^-2
Fitting aperture to hotspot...
Candidate: x_peak:       -0.385, y_peak:       -0.895, r_peak:        0.030, sig:        5.317, ra_peak:       12.259, dec_peak:       16.065
Characteristic density local = 4806.5 deg^-2 = 1.335 arcmin^-2
Fitting aperture to hotspot...
Candidate: x_peak:       -0.005, y_peak:        0.025, r_peak:        0.020, sig:        7.562, ra_peak:       12.655, dec_peak:       16.985
Characteristic density local = 4913.9 deg^-2 = 1.365 arcmin^-2
Fitting aperture to hotspot...
Candidate: x_peak:        0.295, y_peak:       -0.245, r_peak:        0.020, sig:        8.569, ra_peak:       12.968, dec_peak:       16.715
Characteristic density local = 4563.8 deg^-2 = 1.268 arcmin^-2
Fitting aperture to hotspot...
Candidate: x_peak:        0.685, y_peak:       -0.295, r_peak:        0.050, sig:        3.910, ra_peak:       13.375, dec_peak:       16.664
Characteristic density local = 4637.4 deg^-2 = 1.288 arcmin^-2
Fitting aperture to hotspot...
Candidate: x_peak:        1.075, y_peak:       -0.045, r_peak:        0.020, sig:        9.202, ra_peak:       13.784, dec_peak:       16.912
Characteristic density local = 4657.3 deg^-2 = 1.294 arcmin^-2
Fitting aperture to hotspot...
Candidate: x_peak:        1.195, y_peak:        0.135, r_peak:        0.010, sig:        4.506, ra_peak:       13.910, dec_peak:       17.091
Distance = 20.0 kpc (m-M = 16.5)
508456 objects left after isochrone cut...
Characteristic density = 4500.0 deg^-2
Characteristic density local = 4625.4 deg^-2 = 1.285 arcmin^-2
Fitting aperture to hotspot...
Candidate: x_peak:       -0.415, y_peak:       -0.025, r_peak:        0.040, sig:       12.216, ra_peak:       12.226, dec_peak:       16.935
Characteristic density local = 4245.5 deg^-2 = 1.179 arcmin^-2
Fitting aperture to hotspot...
Candidate: x_peak:       -0.385, y_peak:       -0.895, r_peak:        0.030, sig:        5.317, ra_peak:       12.259, dec_peak:       16.065
Characteristic density local = 4806.5 deg^-2 = 1.335 arcmin^-2
Fitting aperture to hotspot...
Candidate: x_peak:       -0.005, y_peak:        0.025, r_peak:        0.020, sig:        7.562, ra_peak:       12.655, dec_peak:       16.985
Characteristic density local = 4913.9 deg^-2 = 1.365 arcmin^-2
Fitting aperture to hotspot...
Candidate: x_peak:        0.295, y_peak:       -0.245, r_peak:        0.020, sig:        8.569, ra_peak:       12.968, dec_peak:       16.715
Characteristic density local = 4563.8 deg^-2 = 1.268 arcmin^-2
Fitting aperture to hotspot...
Candidate: x_peak:        0.685, y_peak:       -0.295, r_peak:        0.050, sig:        3.910, ra_peak:       13.375, dec_peak:       16.664
Characteristic density local = 4637.4 deg^-2 = 1.288 arcmin^-2
Fitting aperture to hotspot...
Candidate: x_peak:        1.075, y_peak:       -0.045, r_peak:        0.020, sig:        9.202, ra_peak:       13.784, dec_peak:       16.912
Characteristic density local = 4657.3 deg^-2 = 1.294 arcmin^-2
Fitting aperture to hotspot...
Candidate: x_peak:        1.195, y_peak:        0.135, r_peak:        0.010, sig:        4.506, ra_peak:       13.910, dec_peak:       17.091
Distance = 25.1 kpc (m-M = 17.0)
508459 objects left after isochrone cut...
Characteristic density = 4500.0 deg^-2
Characteristic density local = 4625.4 deg^-2 = 1.285 arcmin^-2
Fitting aperture to hotspot...
Candidate: x_peak:       -0.415, y_peak:       -0.025, r_peak:        0.040, sig:       12.216, ra_peak:       12.226, dec_peak:       16.935
Characteristic density local = 4245.5 deg^-2 = 1.179 arcmin^-2
Fitting aperture to hotspot...
Candidate: x_peak:       -0.385, y_peak:       -0.895, r_peak:        0.030, sig:        5.317, ra_peak:       12.259, dec_peak:       16.065
Characteristic density local = 4806.5 deg^-2 = 1.335 arcmin^-2
Fitting aperture to hotspot...
Candidate: x_peak:       -0.005, y_peak:        0.025, r_peak:        0.020, sig:        7.562, ra_peak:       12.655, dec_peak:       16.985
Characteristic density local = 4913.9 deg^-2 = 1.365 arcmin^-2
Fitting aperture to hotspot...
Candidate: x_peak:        0.295, y_peak:       -0.245, r_peak:        0.020, sig:        8.569, ra_peak:       12.968, dec_peak:       16.715
Characteristic density local = 4563.8 deg^-2 = 1.268 arcmin^-2
Fitting aperture to hotspot...
Candidate: x_peak:        0.685, y_peak:       -0.295, r_peak:        0.050, sig:        3.910, ra_peak:       13.375, dec_peak:       16.664
Characteristic density local = 4637.4 deg^-2 = 1.288 arcmin^-2
Fitting aperture to hotspot...
Candidate: x_peak:        1.075, y_peak:       -0.045, r_peak:        0.020, sig:        9.202, ra_peak:       13.784, dec_peak:       16.912
Characteristic density local = 4657.3 deg^-2 = 1.294 arcmin^-2
Fitting aperture to hotspot...
Candidate: x_peak:        1.195, y_peak:        0.135, r_peak:        0.010, sig:        4.506, ra_peak:       13.910, dec_peak:       17.091
Distance = 31.6 kpc (m-M = 17.5)
508460 objects left after isochrone cut...
Characteristic density = 4500.0 deg^-2
Characteristic density local = 4625.4 deg^-2 = 1.285 arcmin^-2
Fitting aperture to hotspot...
Candidate: x_peak:       -0.415, y_peak:       -0.025, r_peak:        0.040, sig:       12.216, ra_peak:       12.226, dec_peak:       16.935
Characteristic density local = 4245.5 deg^-2 = 1.179 arcmin^-2
Fitting aperture to hotspot...
Candidate: x_peak:       -0.385, y_peak:       -0.895, r_peak:        0.030, sig:        5.317, ra_peak:       12.259, dec_peak:       16.065
Characteristic density local = 4806.5 deg^-2 = 1.335 arcmin^-2
Fitting aperture to hotspot...
Candidate: x_peak:       -0.005, y_peak:        0.025, r_peak:        0.020, sig:        7.562, ra_peak:       12.655, dec_peak:       16.985
Characteristic density local = 4913.9 deg^-2 = 1.365 arcmin^-2
Fitting aperture to hotspot...
Candidate: x_peak:        0.295, y_peak:       -0.245, r_peak:        0.020, sig:        8.569, ra_peak:       12.968, dec_peak:       16.715
Characteristic density local = 4563.8 deg^-2 = 1.268 arcmin^-2
Fitting aperture to hotspot...
Candidate: x_peak:        0.685, y_peak:       -0.295, r_peak:        0.050, sig:        3.910, ra_peak:       13.375, dec_peak:       16.664
Characteristic density local = 4637.4 deg^-2 = 1.288 arcmin^-2
Fitting aperture to hotspot...
Candidate: x_peak:        1.075, y_peak:       -0.045, r_peak:        0.020, sig:        9.202, ra_peak:       13.784, dec_peak:       16.912
Characteristic density local = 4657.3 deg^-2 = 1.294 arcmin^-2
Fitting aperture to hotspot...
Candidate: x_peak:        1.195, y_peak:        0.135, r_peak:        0.010, sig:        4.506, ra_peak:       13.910, dec_peak:       17.091
Distance = 39.8 kpc (m-M = 18.0)
508393 objects left after isochrone cut...
Characteristic density = 4500.0 deg^-2
Characteristic density local = 4625.4 deg^-2 = 1.285 arcmin^-2
Fitting aperture to hotspot...
Candidate: x_peak:       -0.415, y_peak:       -0.025, r_peak:        0.040, sig:       12.216, ra_peak:       12.226, dec_peak:       16.935
Characteristic density local = 4245.5 deg^-2 = 1.179 arcmin^-2
Fitting aperture to hotspot...
Candidate: x_peak:       -0.385, y_peak:       -0.895, r_peak:        0.030, sig:        5.317, ra_peak:       12.259, dec_peak:       16.065
Characteristic density local = 4806.5 deg^-2 = 1.335 arcmin^-2
Fitting aperture to hotspot...
Candidate: x_peak:       -0.005, y_peak:        0.025, r_peak:        0.020, sig:        7.562, ra_peak:       12.655, dec_peak:       16.985
Characteristic density local = 4913.9 deg^-2 = 1.365 arcmin^-2
Fitting aperture to hotspot...
Candidate: x_peak:        0.295, y_peak:       -0.245, r_peak:        0.020, sig:        8.569, ra_peak:       12.968, dec_peak:       16.715
Characteristic density local = 4563.8 deg^-2 = 1.268 arcmin^-2
Fitting aperture to hotspot...
Candidate: x_peak:        0.685, y_peak:       -0.295, r_peak:        0.050, sig:        3.910, ra_peak:       13.375, dec_peak:       16.664
Characteristic density local = 4637.4 deg^-2 = 1.288 arcmin^-2
Fitting aperture to hotspot...
Candidate: x_peak:        1.075, y_peak:       -0.045, r_peak:        0.020, sig:        9.202, ra_peak:       13.784, dec_peak:       16.912
Characteristic density local = 4655.3 deg^-2 = 1.293 arcmin^-2
Fitting aperture to hotspot...
Candidate: x_peak:        1.195, y_peak:        0.135, r_peak:        0.010, sig:        4.507, ra_peak:       13.910, dec_peak:       17.091
Distance = 50.1 kpc (m-M = 18.5)
507643 objects left after isochrone cut...
Characteristic density = 4500.0 deg^-2
Characteristic density local = 4609.5 deg^-2 = 1.280 arcmin^-2
Fitting aperture to hotspot...
Candidate: x_peak:       -0.415, y_peak:       -0.025, r_peak:        0.040, sig:       12.239, ra_peak:       12.226, dec_peak:       16.935
Characteristic density local = 4223.6 deg^-2 = 1.173 arcmin^-2
Fitting aperture to hotspot...
Candidate: x_peak:       -0.385, y_peak:       -0.895, r_peak:        0.030, sig:        5.339, ra_peak:       12.259, dec_peak:       16.065
Characteristic density local = 4800.5 deg^-2 = 1.333 arcmin^-2
Fitting aperture to hotspot...
Candidate: x_peak:       -0.005, y_peak:        0.025, r_peak:        0.020, sig:        7.567, ra_peak:       12.655, dec_peak:       16.985
Characteristic density local = 4563.8 deg^-2 = 1.268 arcmin^-2
Fitting aperture to hotspot...
Candidate: x_peak:        0.205, y_peak:        0.985, r_peak:        0.030, sig:        4.402, ra_peak:       12.875, dec_peak:       17.945
Characteristic density local = 4904.0 deg^-2 = 1.362 arcmin^-2
Fitting aperture to hotspot...
Candidate: x_peak:        0.295, y_peak:       -0.245, r_peak:        0.020, sig:        8.576, ra_peak:       12.968, dec_peak:       16.715
Characteristic density local = 4563.8 deg^-2 = 1.268 arcmin^-2
Fitting aperture to hotspot...
Candidate: x_peak:        0.685, y_peak:       -0.295, r_peak:        0.050, sig:        3.910, ra_peak:       13.375, dec_peak:       16.664
Characteristic density local = 4971.6 deg^-2 = 1.381 arcmin^-2
Fitting aperture to hotspot...
Candidate: x_peak:        0.955, y_peak:        0.345, r_peak:        0.030, sig:        3.623, ra_peak:       13.660, dec_peak:       17.303
Characteristic density local = 4633.4 deg^-2 = 1.287 arcmin^-2
Fitting aperture to hotspot...
Candidate: x_peak:        1.075, y_peak:       -0.045, r_peak:        0.020, sig:        9.206, ra_peak:       13.784, dec_peak:       16.912
Characteristic density local = 4651.3 deg^-2 = 1.292 arcmin^-2
Fitting aperture to hotspot...
Candidate: x_peak:        1.195, y_peak:        0.135, r_peak:        0.010, sig:        4.508, ra_peak:       13.910, dec_peak:       17.091
Distance = 63.1 kpc (m-M = 19.0)
505769 objects left after isochrone cut...
Characteristic density = 4400.0 deg^-2
Characteristic density local = 4528.0 deg^-2 = 1.258 arcmin^-2
Fitting aperture to hotspot...
Candidate: x_peak:       -0.415, y_peak:       -0.025, r_peak:        0.040, sig:       12.356, ra_peak:       12.226, dec_peak:       16.935
Characteristic density local = 4152.0 deg^-2 = 1.153 arcmin^-2
Fitting aperture to hotspot...
Candidate: x_peak:       -0.385, y_peak:       -0.895, r_peak:        0.030, sig:        5.412, ra_peak:       12.259, dec_peak:       16.065
Characteristic density local = 4732.9 deg^-2 = 1.315 arcmin^-2
Fitting aperture to hotspot...
Candidate: x_peak:       -0.005, y_peak:        0.025, r_peak:        0.020, sig:        7.617, ra_peak:       12.655, dec_peak:       16.985
Characteristic density local = 4822.4 deg^-2 = 1.340 arcmin^-2
Fitting aperture to hotspot...
Candidate: x_peak:        0.295, y_peak:       -0.245, r_peak:        0.020, sig:        8.638, ra_peak:       12.968, dec_peak:       16.715
Characteristic density local = 4506.1 deg^-2 = 1.252 arcmin^-2
Fitting aperture to hotspot...
Candidate: x_peak:        0.685, y_peak:       -0.295, r_peak:        0.050, sig:        3.994, ra_peak:       13.375, dec_peak:       16.664
Characteristic density local = 4567.7 deg^-2 = 1.269 arcmin^-2
Fitting aperture to hotspot...
Candidate: x_peak:        1.075, y_peak:       -0.045, r_peak:        0.020, sig:        9.258, ra_peak:       13.784, dec_peak:       16.912
Characteristic density local = 4581.7 deg^-2 = 1.273 arcmin^-2
Fitting aperture to hotspot...
Candidate: x_peak:        1.195, y_peak:        0.135, r_peak:        0.010, sig:        4.536, ra_peak:       13.910, dec_peak:       17.091
Distance = 79.4 kpc (m-M = 19.5)
503074 objects left after isochrone cut...
Characteristic density = 4300.0 deg^-2
Characteristic density local = 4428.5 deg^-2 = 1.230 arcmin^-2
Fitting aperture to hotspot...
Candidate: x_peak:       -0.415, y_peak:       -0.025, r_peak:        0.040, sig:       12.378, ra_peak:       12.226, dec_peak:       16.935
Characteristic density local = 4048.5 deg^-2 = 1.125 arcmin^-2
Fitting aperture to hotspot...
Candidate: x_peak:       -0.385, y_peak:       -0.895, r_peak:        0.030, sig:        5.317, ra_peak:       12.259, dec_peak:       16.065
Characteristic density local = 4671.2 deg^-2 = 1.298 arcmin^-2
Fitting aperture to hotspot...
Candidate: x_peak:       -0.005, y_peak:        0.035, r_peak:        0.020, sig:        8.107, ra_peak:       12.655, dec_peak:       16.995
Characteristic density local = 4734.9 deg^-2 = 1.315 arcmin^-2
Fitting aperture to hotspot...
Candidate: x_peak:        0.295, y_peak:       -0.245, r_peak:        0.020, sig:        8.492, ra_peak:       12.968, dec_peak:       16.715
Characteristic density local = 4715.0 deg^-2 = 1.310 arcmin^-2
Fitting aperture to hotspot...
Candidate: x_peak:        0.435, y_peak:        0.695, r_peak:        0.020, sig:        5.744, ra_peak:       13.116, dec_peak:       17.654
Characteristic density local = 4432.5 deg^-2 = 1.231 arcmin^-2
Fitting aperture to hotspot...
Candidate: x_peak:        0.685, y_peak:       -0.295, r_peak:        0.050, sig:        3.962, ra_peak:       13.375, dec_peak:       16.664
Characteristic density local = 4814.4 deg^-2 = 1.337 arcmin^-2
Fitting aperture to hotspot...
Candidate: x_peak:        0.955, y_peak:        0.345, r_peak:        0.030, sig:        3.553, ra_peak:       13.660, dec_peak:       17.303
Characteristic density local = 4470.3 deg^-2 = 1.242 arcmin^-2
Fitting aperture to hotspot...
Candidate: x_peak:        1.075, y_peak:       -0.045, r_peak:        0.020, sig:        9.337, ra_peak:       13.784, dec_peak:       16.912
Characteristic density local = 4490.2 deg^-2 = 1.247 arcmin^-2
Fitting aperture to hotspot...
Candidate: x_peak:        1.195, y_peak:        0.135, r_peak:        0.010, sig:        4.573, ra_peak:       13.910, dec_peak:       17.091
Distance = 100.0 kpc (m-M = 20.0)
499860 objects left after isochrone cut...
Characteristic density = 4200.0 deg^-2
Characteristic density local = 4311.1 deg^-2 = 1.198 arcmin^-2
Fitting aperture to hotspot...
Candidate: x_peak:       -0.415, y_peak:       -0.025, r_peak:        0.040, sig:       12.303, ra_peak:       12.226, dec_peak:       16.935
Characteristic density local = 3947.0 deg^-2 = 1.096 arcmin^-2
Fitting aperture to hotspot...
Candidate: x_peak:       -0.385, y_peak:       -0.895, r_peak:        0.030, sig:        5.423, ra_peak:       12.259, dec_peak:       16.065
Characteristic density local = 4533.9 deg^-2 = 1.259 arcmin^-2
Fitting aperture to hotspot...
Candidate: x_peak:       -0.005, y_peak:        0.025, r_peak:        0.020, sig:        7.767, ra_peak:       12.655, dec_peak:       16.985
Characteristic density local = 4607.5 deg^-2 = 1.280 arcmin^-2
Fitting aperture to hotspot...
Candidate: x_peak:        0.295, y_peak:       -0.245, r_peak:        0.020, sig:        8.590, ra_peak:       12.968, dec_peak:       16.715
Characteristic density local = 4309.1 deg^-2 = 1.197 arcmin^-2
Fitting aperture to hotspot...
Candidate: x_peak:        0.685, y_peak:       -0.295, r_peak:        0.050, sig:        3.862, ra_peak:       13.375, dec_peak:       16.664
Characteristic density local = 4679.2 deg^-2 = 1.300 arcmin^-2
Fitting aperture to hotspot...
Candidate: x_peak:        0.955, y_peak:        0.345, r_peak:        0.030, sig:        3.673, ra_peak:       13.660, dec_peak:       17.303
Characteristic density local = 4342.9 deg^-2 = 1.206 arcmin^-2
Fitting aperture to hotspot...
Candidate: x_peak:        1.075, y_peak:       -0.045, r_peak:        0.020, sig:        9.443, ra_peak:       13.784, dec_peak:       16.912
Characteristic density local = 4398.6 deg^-2 = 1.222 arcmin^-2
Fitting aperture to hotspot...
Candidate: x_peak:        1.195, y_peak:        0.135, r_peak:        0.010, sig:        4.611, ra_peak:       13.910, dec_peak:       17.091
Distance = 125.9 kpc (m-M = 20.5)
496154 objects left after isochrone cut...
Characteristic density = 4100.0 deg^-2
Characteristic density local = 4183.8 deg^-2 = 1.162 arcmin^-2
Fitting aperture to hotspot...
Candidate: x_peak:       -0.415, y_peak:       -0.025, r_peak:        0.040, sig:       12.495, ra_peak:       12.226, dec_peak:       16.935
Characteristic density local = 3827.7 deg^-2 = 1.063 arcmin^-2
Fitting aperture to hotspot...
Candidate: x_peak:       -0.385, y_peak:       -0.895, r_peak:        0.030, sig:        5.550, ra_peak:       12.259, dec_peak:       16.065
Characteristic density local = 4398.6 deg^-2 = 1.222 arcmin^-2
Fitting aperture to hotspot...
Candidate: x_peak:       -0.005, y_peak:        0.025, r_peak:        0.020, sig:        7.645, ra_peak:       12.655, dec_peak:       16.985
Characteristic density local = 4472.3 deg^-2 = 1.242 arcmin^-2
Fitting aperture to hotspot...
Candidate: x_peak:        0.295, y_peak:       -0.245, r_peak:        0.020, sig:        8.697, ra_peak:       12.968, dec_peak:       16.715
Characteristic density local = 4442.4 deg^-2 = 1.234 arcmin^-2
Fitting aperture to hotspot...
Candidate: x_peak:        0.435, y_peak:        0.695, r_peak:        0.020, sig:        5.938, ra_peak:       13.116, dec_peak:       17.654
Characteristic density local = 4567.7 deg^-2 = 1.269 arcmin^-2
Fitting aperture to hotspot...
Candidate: x_peak:        0.945, y_peak:        0.345, r_peak:        0.030, sig:        3.346, ra_peak:       13.650, dec_peak:       17.303
Characteristic density local = 4227.6 deg^-2 = 1.174 arcmin^-2
Fitting aperture to hotspot...
Candidate: x_peak:        1.075, y_peak:       -0.045, r_peak:        0.020, sig:        9.540, ra_peak:       13.784, dec_peak:       16.912
Characteristic density local = 4277.3 deg^-2 = 1.188 arcmin^-2
Fitting aperture to hotspot...
Candidate: x_peak:        1.195, y_peak:        0.135, r_peak:        0.010, sig:        4.662, ra_peak:       13.910, dec_peak:       17.091
Distance = 158.5 kpc (m-M = 21.0)
491921 objects left after isochrone cut...
Characteristic density = 3900.0 deg^-2
Characteristic density local = 4034.6 deg^-2 = 1.121 arcmin^-2
Fitting aperture to hotspot...
Candidate: x_peak:       -0.415, y_peak:       -0.025, r_peak:        0.040, sig:       12.599, ra_peak:       12.226, dec_peak:       16.935
Characteristic density local = 3686.4 deg^-2 = 1.024 arcmin^-2
Fitting aperture to hotspot...
Candidate: x_peak:       -0.385, y_peak:       -0.895, r_peak:        0.030, sig:        5.704, ra_peak:       12.259, dec_peak:       16.065
Characteristic density local = 4255.4 deg^-2 = 1.182 arcmin^-2
Fitting aperture to hotspot...
Candidate: x_peak:       -0.005, y_peak:        0.025, r_peak:        0.020, sig:        7.527, ra_peak:       12.655, dec_peak:       16.985
Characteristic density local = 4339.0 deg^-2 = 1.205 arcmin^-2
Fitting aperture to hotspot...
Candidate: x_peak:        0.295, y_peak:       -0.245, r_peak:        0.020, sig:        8.805, ra_peak:       12.968, dec_peak:       16.715
Characteristic density local = 4289.2 deg^-2 = 1.191 arcmin^-2
Fitting aperture to hotspot...
Candidate: x_peak:        0.435, y_peak:        0.695, r_peak:        0.020, sig:        6.051, ra_peak:       13.116, dec_peak:       17.654
Characteristic density local = 4434.5 deg^-2 = 1.232 arcmin^-2
Fitting aperture to hotspot...
Candidate: x_peak:        0.945, y_peak:        0.345, r_peak:        0.030, sig:        3.468, ra_peak:       13.650, dec_peak:       17.303
Characteristic density local = 4100.2 deg^-2 = 1.139 arcmin^-2
Fitting aperture to hotspot...
Candidate: x_peak:        1.075, y_peak:       -0.045, r_peak:        0.020, sig:        9.650, ra_peak:       13.784, dec_peak:       16.912
Characteristic density local = 4217.6 deg^-2 = 1.172 arcmin^-2
Fitting aperture to hotspot...
Candidate: x_peak:        1.185, y_peak:        0.145, r_peak:        0.030, sig:        4.941, ra_peak:       13.900, dec_peak:       17.101
Distance = 199.5 kpc (m-M = 21.5)
487116 objects left after isochrone cut...
Characteristic density = 3700.0 deg^-2
Characteristic density local = 3859.5 deg^-2 = 1.072 arcmin^-2
Fitting aperture to hotspot...
Candidate: x_peak:       -0.415, y_peak:       -0.025, r_peak:        0.040, sig:       12.878, ra_peak:       12.226, dec_peak:       16.935
Characteristic density local = 3513.3 deg^-2 = 0.976 arcmin^-2
Fitting aperture to hotspot...
Candidate: x_peak:       -0.385, y_peak:       -0.895, r_peak:        0.030, sig:        5.900, ra_peak:       12.259, dec_peak:       16.065
Characteristic density local = 4140.0 deg^-2 = 1.150 arcmin^-2
Fitting aperture to hotspot...
Candidate: x_peak:       -0.005, y_peak:        0.035, r_peak:        0.020, sig:        7.851, ra_peak:       12.655, dec_peak:       16.995
Characteristic density local = 4171.8 deg^-2 = 1.159 arcmin^-2
Fitting aperture to hotspot...
Candidate: x_peak:        0.295, y_peak:       -0.245, r_peak:        0.020, sig:        8.944, ra_peak:       12.968, dec_peak:       16.715
Characteristic density local = 4138.0 deg^-2 = 1.149 arcmin^-2
Fitting aperture to hotspot...
Candidate: x_peak:        0.435, y_peak:        0.695, r_peak:        0.020, sig:        6.165, ra_peak:       13.116, dec_peak:       17.654
Characteristic density local = 4271.3 deg^-2 = 1.186 arcmin^-2
Fitting aperture to hotspot...
Candidate: x_peak:        0.945, y_peak:        0.345, r_peak:        0.030, sig:        3.399, ra_peak:       13.650, dec_peak:       17.303
Characteristic density local = 3966.9 deg^-2 = 1.102 arcmin^-2
Fitting aperture to hotspot...
Candidate: x_peak:        1.075, y_peak:       -0.045, r_peak:        0.020, sig:        9.768, ra_peak:       13.784, dec_peak:       16.912
Characteristic density local = 3996.8 deg^-2 = 1.110 arcmin^-2
Fitting aperture to hotspot...
Candidate: x_peak:        1.195, y_peak:        0.135, r_peak:        0.010, sig:        4.783, ra_peak:       13.910, dec_peak:       17.091
Distance = 251.2 kpc (m-M = 22.0)
481635 objects left after isochrone cut...
Characteristic density = 3600.0 deg^-2
Characteristic density local = 3678.5 deg^-2 = 1.022 arcmin^-2
Fitting aperture to hotspot...
Candidate: x_peak:       -0.415, y_peak:       -0.025, r_peak:        0.040, sig:       12.660, ra_peak:       12.226, dec_peak:       16.935
Characteristic density local = 3342.3 deg^-2 = 0.928 arcmin^-2
Fitting aperture to hotspot...
Candidate: x_peak:       -0.385, y_peak:       -0.895, r_peak:        0.030, sig:        6.100, ra_peak:       12.259, dec_peak:       16.065
Characteristic density local = 3972.9 deg^-2 = 1.104 arcmin^-2
Fitting aperture to hotspot...
Candidate: x_peak:       -0.005, y_peak:        0.035, r_peak:        0.020, sig:        7.757, ra_peak:       12.655, dec_peak:       16.995
Characteristic density local = 3959.0 deg^-2 = 1.100 arcmin^-2
Fitting aperture to hotspot...
Candidate: x_peak:        0.295, y_peak:       -0.245, r_peak:        0.020, sig:        9.128, ra_peak:       12.968, dec_peak:       16.715
Characteristic density local = 3911.2 deg^-2 = 1.086 arcmin^-2
Fitting aperture to hotspot...
Candidate: x_peak:        0.435, y_peak:        0.695, r_peak:        0.020, sig:        6.343, ra_peak:       13.116, dec_peak:       17.654
Characteristic density local = 3700.4 deg^-2 = 1.028 arcmin^-2
Fitting aperture to hotspot...
Candidate: x_peak:        0.685, y_peak:       -0.295, r_peak:        0.050, sig:        4.080, ra_peak:       13.375, dec_peak:       16.664
Characteristic density local = 4116.1 deg^-2 = 1.143 arcmin^-2
Fitting aperture to hotspot...
Candidate: x_peak:        0.945, y_peak:        0.345, r_peak:        0.030, sig:        3.547, ra_peak:       13.650, dec_peak:       17.303
Characteristic density local = 3811.8 deg^-2 = 1.059 arcmin^-2
Fitting aperture to hotspot...
Candidate: x_peak:        1.075, y_peak:       -0.045, r_peak:        0.020, sig:        9.910, ra_peak:       13.784, dec_peak:       16.912
Characteristic density local = 3821.7 deg^-2 = 1.062 arcmin^-2
Fitting aperture to hotspot...
Candidate: x_peak:        1.195, y_peak:        0.135, r_peak:        0.010, sig:        4.863, ra_peak:       13.910, dec_peak:       17.091
Distance = 316.2 kpc (m-M = 22.5)
475181 objects left after isochrone cut...
Characteristic density = 3300.0 deg^-2
Characteristic density local = 3433.8 deg^-2 = 0.954 arcmin^-2
Fitting aperture to hotspot...
Candidate: x_peak:       -0.415, y_peak:       -0.025, r_peak:        0.040, sig:       12.814, ra_peak:       12.226, dec_peak:       16.935
Characteristic density local = 3135.4 deg^-2 = 0.871 arcmin^-2
Fitting aperture to hotspot...
Candidate: x_peak:       -0.385, y_peak:       -0.895, r_peak:        0.030, sig:        6.352, ra_peak:       12.259, dec_peak:       16.065
Characteristic density local = 3752.1 deg^-2 = 1.042 arcmin^-2
Fitting aperture to hotspot...
Candidate: x_peak:        0.005, y_peak:        0.025, r_peak:        0.020, sig:        7.224, ra_peak:       12.665, dec_peak:       16.985
Characteristic density local = 3706.3 deg^-2 = 1.030 arcmin^-2
Fitting aperture to hotspot...
Candidate: x_peak:        0.295, y_peak:       -0.245, r_peak:        0.020, sig:        9.134, ra_peak:       12.968, dec_peak:       16.715
Characteristic density local = 3712.3 deg^-2 = 1.031 arcmin^-2
Fitting aperture to hotspot...
Candidate: x_peak:        0.435, y_peak:        0.705, r_peak:        0.020, sig:        6.505, ra_peak:       13.117, dec_peak:       17.664
Characteristic density local = 3497.4 deg^-2 = 0.972 arcmin^-2
Fitting aperture to hotspot...
Candidate: x_peak:        0.685, y_peak:       -0.295, r_peak:        0.050, sig:        4.418, ra_peak:       13.375, dec_peak:       16.664
Characteristic density local = 3939.1 deg^-2 = 1.094 arcmin^-2
Fitting aperture to hotspot...
Candidate: x_peak:        0.935, y_peak:        0.355, r_peak:        0.020, sig:        3.840, ra_peak:       13.639, dec_peak:       17.313
Characteristic density local = 3565.1 deg^-2 = 0.990 arcmin^-2
Fitting aperture to hotspot...
Candidate: x_peak:        1.075, y_peak:       -0.045, r_peak:        0.020, sig:        9.928, ra_peak:       13.784, dec_peak:       16.912
Characteristic density local = 3670.5 deg^-2 = 1.020 arcmin^-2
Fitting aperture to hotspot...
Candidate: x_peak:        1.185, y_peak:        0.145, r_peak:        0.030, sig:        3.994, ra_peak:       13.900, dec_peak:       17.101
Distance = 398.1 kpc (m-M = 23.0)
467648 objects left after isochrone cut...
Characteristic density = 3100.0 deg^-2
Characteristic density local = 3171.2 deg^-2 = 0.881 arcmin^-2
Fitting aperture to hotspot...
Candidate: x_peak:       -0.415, y_peak:       -0.025, r_peak:        0.040, sig:       12.746, ra_peak:       12.226, dec_peak:       16.935
Characteristic density local = 2878.7 deg^-2 = 0.800 arcmin^-2
Fitting aperture to hotspot...
Candidate: x_peak:       -0.375, y_peak:       -0.895, r_peak:        0.020, sig:        6.454, ra_peak:       12.270, dec_peak:       16.065
Characteristic density local = 3481.5 deg^-2 = 0.967 arcmin^-2
Fitting aperture to hotspot...
Candidate: x_peak:        0.005, y_peak:        0.025, r_peak:        0.020, sig:        7.461, ra_peak:       12.665, dec_peak:       16.985
Characteristic density local = 3419.8 deg^-2 = 0.950 arcmin^-2
Fitting aperture to hotspot...
Candidate: x_peak:        0.295, y_peak:       -0.245, r_peak:        0.020, sig:        9.406, ra_peak:       12.968, dec_peak:       16.715
Characteristic density local = 3421.8 deg^-2 = 0.951 arcmin^-2
Fitting aperture to hotspot...
Candidate: x_peak:        0.435, y_peak:        0.705, r_peak:        0.020, sig:        6.754, ra_peak:       13.117, dec_peak:       17.664
Characteristic density local = 3274.6 deg^-2 = 0.910 arcmin^-2
Fitting aperture to hotspot...
Candidate: x_peak:        0.685, y_peak:       -0.295, r_peak:        0.050, sig:        4.651, ra_peak:       13.375, dec_peak:       16.664
Characteristic density local = 3634.7 deg^-2 = 1.010 arcmin^-2
Fitting aperture to hotspot...
Candidate: x_peak:        0.945, y_peak:        0.355, r_peak:        0.020, sig:        4.364, ra_peak:       13.650, dec_peak:       17.313
Characteristic density local = 3274.6 deg^-2 = 0.910 arcmin^-2
Fitting aperture to hotspot...
Candidate: x_peak:        1.075, y_peak:       -0.045, r_peak:        0.020, sig:       10.219, ra_peak:       13.784, dec_peak:       16.912
Characteristic density local = 3350.2 deg^-2 = 0.931 arcmin^-2
Fitting aperture to hotspot...
Candidate: x_peak:        1.195, y_peak:        0.135, r_peak:        0.010, sig:        5.092, ra_peak:       13.910, dec_peak:       17.091
12.88 sigma; (RA, Dec, d) = (12.23, 16.93); r = 0.04 deg; d = 199.5, mu = 21.50 mag), mc_source_id: 0.00
10.22 sigma; (RA, Dec, d) = (13.78, 16.91); r = 0.02 deg; d = 398.1, mu = 23.00 mag), mc_source_id: 0.00
9.41 sigma; (RA, Dec, d) = (12.97, 16.71); r = 0.02 deg; d = 398.1, mu = 23.00 mag), mc_source_id: 0.00
8.11 sigma; (RA, Dec, d) = (12.65, 16.99); r = 0.02 deg; d = 79.4, mu = 19.50 mag), mc_source_id: 0.00
6.75 sigma; (RA, Dec, d) = (13.12, 17.66); r = 0.02 deg; d = 398.1, mu = 23.00 mag), mc_source_id: 0.00
6.45 sigma; (RA, Dec, d) = (12.27, 16.06); r = 0.02 deg; d = 398.1, mu = 23.00 mag), mc_source_id: 0.00
5.09 sigma; (RA, Dec, d) = (13.91, 17.09); r = 0.01 deg; d = 398.1, mu = 23.00 mag), mc_source_id: 0.00
4.94 sigma; (RA, Dec, d) = (13.90, 17.10); r = 0.03 deg; d = 158.5, mu = 21.00 mag), mc_source_id: 0.00
4.65 sigma; (RA, Dec, d) = (13.38, 16.66); r = 0.05 deg; d = 398.1, mu = 23.00 mag), mc_source_id: 0.00
4.40 sigma; (RA, Dec, d) = (12.88, 17.94); r = 0.03 deg; d = 50.1, mu = 18.50 mag), mc_source_id: 0.00
4.36 sigma; (RA, Dec, d) = (13.65, 17.31); r = 0.02 deg; d = 398.1, mu = 23.00 mag), mc_source_id: 0.00

------------------------------------------------------------
Job <679697.0> was submitted from <des51.fnal.gov> by user <tavangar>.
Job was executed on host <des40.fnal.gov> as user <tavangar>.
</var/lib/condor/execute/dir_1788237> was used as the initial working directory.
Results reported at Wed Jun  5 05:41:02 CDT 2019

Your job looked like:

------------------------------------------------------------
python /home/s1/tavangar/tavangar_simple/search_algorithm.py 12.66 16.96 0.00 /home/s1/tavangar/tavangar_simple/decals_dr7_results/results_nside_32_4292.csv /home/s1/tavangar/tavangar_simple/decals_dr7_results/decals_dr7_log/results_nside_32_4292.log
------------------------------------------------------------

Successfully completed.

Resource usage summary:

	Real time :			246.76 sec.
	CPU time :			6.50 sec.
	CPU percentage :		77%
	Max Memory :			4419200 KB
	Average Memory :		0 KB

The output (if any) is above this job summary.
