/home/s1/tavangar/tavangar_simple/simple_utils.py:170: FutureWarning: elementwise comparison failed; returning scalar instead, but in the future will perform elementwise comparison
  if np.all(isochrone.stage == 'Main'):
Search coordinates: (RA, Dec) = (222.19, 10.81)
Center healpixel: 5007
Healpixels: [5007 5134 5006 4878 4751 4879 5008 5135 5263]
MC_SOURCE_ID = 0.0
mode = 0: running only on real data
Found 1 objects...
Applying cuts...
830683 star-like objects in ROI...
1052210 galaxy-like objects in ROI...
No fracdet map specified ...
Distance = 15.8 kpc (m-M = 16.0)
830667 objects left after isochrone cut...
Characteristic density = 6400.0 deg^-2
Characteristic density local = 6421.9 deg^-2 = 1.784 arcmin^-2
Fitting aperture to hotspot...
Candidate: x_peak:       -1.025, y_peak:       -0.045, r_peak:        0.020, sig:        9.315, ra_peak:      221.147, dec_peak:       10.763
Characteristic density local = 6402.0 deg^-2 = 1.778 arcmin^-2
Fitting aperture to hotspot...
Candidate: x_peak:       -0.835, y_peak:       -0.215, r_peak:        0.020, sig:       12.844, ra_peak:      221.341, dec_peak:       10.594
Characteristic density local = 6786.0 deg^-2 = 1.885 arcmin^-2
Fitting aperture to hotspot...
Candidate: x_peak:       -0.765, y_peak:       -0.295, r_peak:        0.020, sig:        7.534, ra_peak:      221.412, dec_peak:       10.514
Characteristic density local = 6662.6 deg^-2 = 1.851 arcmin^-2
Fitting aperture to hotspot...
Candidate: x_peak:       -0.435, y_peak:        0.665, r_peak:        0.020, sig:       10.618, ra_peak:      221.746, dec_peak:       11.475
Characteristic density local = 7024.7 deg^-2 = 1.951 arcmin^-2
Fitting aperture to hotspot...
Candidate: x_peak:       -0.335, y_peak:       -0.505, r_peak:        0.020, sig:        6.785, ra_peak:      221.850, dec_peak:       10.305
Characteristic density local = 6342.3 deg^-2 = 1.762 arcmin^-2
Fitting aperture to hotspot...
Candidate: x_peak:       -0.275, y_peak:        0.535, r_peak:        0.250, sig:        5.992, ra_peak:      221.910, dec_peak:       11.345
Characteristic density local = 7140.1 deg^-2 = 1.983 arcmin^-2
Fitting aperture to hotspot...
Candidate: x_peak:        0.165, y_peak:       -0.765, r_peak:        0.020, sig:       16.726, ra_peak:      222.358, dec_peak:       10.045
Characteristic density local = 7060.5 deg^-2 = 1.961 arcmin^-2
Fitting aperture to hotspot...
Candidate: x_peak:        0.225, y_peak:       -0.605, r_peak:        0.020, sig:       11.396, ra_peak:      222.419, dec_peak:       10.205
Characteristic density local = 6837.7 deg^-2 = 1.899 arcmin^-2
Fitting aperture to hotspot...
Candidate: x_peak:        0.255, y_peak:       -0.325, r_peak:        0.020, sig:       15.792, ra_peak:      222.449, dec_peak:       10.485
Distance = 20.0 kpc (m-M = 16.5)
830677 objects left after isochrone cut...
Characteristic density = 6400.0 deg^-2
Characteristic density local = 6421.9 deg^-2 = 1.784 arcmin^-2
Fitting aperture to hotspot...
Candidate: x_peak:       -1.025, y_peak:       -0.045, r_peak:        0.020, sig:        9.315, ra_peak:      221.147, dec_peak:       10.763
Characteristic density local = 6402.0 deg^-2 = 1.778 arcmin^-2
Fitting aperture to hotspot...
Candidate: x_peak:       -0.835, y_peak:       -0.215, r_peak:        0.020, sig:       12.844, ra_peak:      221.341, dec_peak:       10.594
Characteristic density local = 6786.0 deg^-2 = 1.885 arcmin^-2
Fitting aperture to hotspot...
Candidate: x_peak:       -0.765, y_peak:       -0.295, r_peak:        0.020, sig:        7.534, ra_peak:      221.412, dec_peak:       10.514
Characteristic density local = 6662.6 deg^-2 = 1.851 arcmin^-2
Fitting aperture to hotspot...
Candidate: x_peak:       -0.435, y_peak:        0.665, r_peak:        0.020, sig:       10.618, ra_peak:      221.746, dec_peak:       11.475
Characteristic density local = 7024.7 deg^-2 = 1.951 arcmin^-2
Fitting aperture to hotspot...
Candidate: x_peak:       -0.335, y_peak:       -0.505, r_peak:        0.020, sig:        6.785, ra_peak:      221.850, dec_peak:       10.305
Characteristic density local = 6342.3 deg^-2 = 1.762 arcmin^-2
Fitting aperture to hotspot...
Candidate: x_peak:       -0.275, y_peak:        0.535, r_peak:        0.250, sig:        5.992, ra_peak:      221.910, dec_peak:       11.345
Characteristic density local = 7140.1 deg^-2 = 1.983 arcmin^-2
Fitting aperture to hotspot...
Candidate: x_peak:        0.165, y_peak:       -0.765, r_peak:        0.020, sig:       16.726, ra_peak:      222.358, dec_peak:       10.045
Characteristic density local = 7060.5 deg^-2 = 1.961 arcmin^-2
Fitting aperture to hotspot...
Candidate: x_peak:        0.225, y_peak:       -0.605, r_peak:        0.020, sig:       11.396, ra_peak:      222.419, dec_peak:       10.205
Characteristic density local = 6837.7 deg^-2 = 1.899 arcmin^-2
Fitting aperture to hotspot...
Candidate: x_peak:        0.255, y_peak:       -0.325, r_peak:        0.020, sig:       15.792, ra_peak:      222.449, dec_peak:       10.485
Distance = 25.1 kpc (m-M = 17.0)
830681 objects left after isochrone cut...
Characteristic density = 6400.0 deg^-2
Characteristic density local = 6421.9 deg^-2 = 1.784 arcmin^-2
Fitting aperture to hotspot...
Candidate: x_peak:       -1.025, y_peak:       -0.045, r_peak:        0.020, sig:        9.315, ra_peak:      221.147, dec_peak:       10.763
Characteristic density local = 6402.0 deg^-2 = 1.778 arcmin^-2
Fitting aperture to hotspot...
Candidate: x_peak:       -0.835, y_peak:       -0.215, r_peak:        0.020, sig:       12.844, ra_peak:      221.341, dec_peak:       10.594
Characteristic density local = 6786.0 deg^-2 = 1.885 arcmin^-2
Fitting aperture to hotspot...
Candidate: x_peak:       -0.765, y_peak:       -0.295, r_peak:        0.020, sig:        7.534, ra_peak:      221.412, dec_peak:       10.514
Characteristic density local = 6662.6 deg^-2 = 1.851 arcmin^-2
Fitting aperture to hotspot...
Candidate: x_peak:       -0.435, y_peak:        0.665, r_peak:        0.020, sig:       10.618, ra_peak:      221.746, dec_peak:       11.475
Characteristic density local = 7024.7 deg^-2 = 1.951 arcmin^-2
Fitting aperture to hotspot...
Candidate: x_peak:       -0.335, y_peak:       -0.505, r_peak:        0.020, sig:        6.785, ra_peak:      221.850, dec_peak:       10.305
Characteristic density local = 6342.3 deg^-2 = 1.762 arcmin^-2
Fitting aperture to hotspot...
Candidate: x_peak:       -0.275, y_peak:        0.535, r_peak:        0.250, sig:        5.992, ra_peak:      221.910, dec_peak:       11.345
Characteristic density local = 7140.1 deg^-2 = 1.983 arcmin^-2
Fitting aperture to hotspot...
Candidate: x_peak:        0.165, y_peak:       -0.765, r_peak:        0.020, sig:       16.726, ra_peak:      222.358, dec_peak:       10.045
Characteristic density local = 7060.5 deg^-2 = 1.961 arcmin^-2
Fitting aperture to hotspot...
Candidate: x_peak:        0.225, y_peak:       -0.605, r_peak:        0.020, sig:       11.396, ra_peak:      222.419, dec_peak:       10.205
Characteristic density local = 6837.7 deg^-2 = 1.899 arcmin^-2
Fitting aperture to hotspot...
Candidate: x_peak:        0.255, y_peak:       -0.325, r_peak:        0.020, sig:       15.792, ra_peak:      222.449, dec_peak:       10.485
Distance = 31.6 kpc (m-M = 17.5)
830682 objects left after isochrone cut...
Characteristic density = 6400.0 deg^-2
Characteristic density local = 6421.9 deg^-2 = 1.784 arcmin^-2
Fitting aperture to hotspot...
Candidate: x_peak:       -1.025, y_peak:       -0.045, r_peak:        0.020, sig:        9.315, ra_peak:      221.147, dec_peak:       10.763
Characteristic density local = 6402.0 deg^-2 = 1.778 arcmin^-2
Fitting aperture to hotspot...
Candidate: x_peak:       -0.835, y_peak:       -0.215, r_peak:        0.020, sig:       12.844, ra_peak:      221.341, dec_peak:       10.594
Characteristic density local = 6786.0 deg^-2 = 1.885 arcmin^-2
Fitting aperture to hotspot...
Candidate: x_peak:       -0.765, y_peak:       -0.295, r_peak:        0.020, sig:        7.534, ra_peak:      221.412, dec_peak:       10.514
Characteristic density local = 6662.6 deg^-2 = 1.851 arcmin^-2
Fitting aperture to hotspot...
Candidate: x_peak:       -0.435, y_peak:        0.665, r_peak:        0.020, sig:       10.618, ra_peak:      221.746, dec_peak:       11.475
Characteristic density local = 7024.7 deg^-2 = 1.951 arcmin^-2
Fitting aperture to hotspot...
Candidate: x_peak:       -0.335, y_peak:       -0.505, r_peak:        0.020, sig:        6.785, ra_peak:      221.850, dec_peak:       10.305
Characteristic density local = 6342.3 deg^-2 = 1.762 arcmin^-2
Fitting aperture to hotspot...
Candidate: x_peak:       -0.275, y_peak:        0.535, r_peak:        0.250, sig:        5.992, ra_peak:      221.910, dec_peak:       11.345
Characteristic density local = 7140.1 deg^-2 = 1.983 arcmin^-2
Fitting aperture to hotspot...
Candidate: x_peak:        0.165, y_peak:       -0.765, r_peak:        0.020, sig:       16.726, ra_peak:      222.358, dec_peak:       10.045
Characteristic density local = 7060.5 deg^-2 = 1.961 arcmin^-2
Fitting aperture to hotspot...
Candidate: x_peak:        0.225, y_peak:       -0.605, r_peak:        0.020, sig:       11.396, ra_peak:      222.419, dec_peak:       10.205
Characteristic density local = 6837.7 deg^-2 = 1.899 arcmin^-2
Fitting aperture to hotspot...
Candidate: x_peak:        0.255, y_peak:       -0.325, r_peak:        0.020, sig:       15.792, ra_peak:      222.449, dec_peak:       10.485
Distance = 39.8 kpc (m-M = 18.0)
830621 objects left after isochrone cut...
Characteristic density = 6400.0 deg^-2
Characteristic density local = 6421.9 deg^-2 = 1.784 arcmin^-2
Fitting aperture to hotspot...
Candidate: x_peak:       -1.025, y_peak:       -0.045, r_peak:        0.020, sig:        9.315, ra_peak:      221.147, dec_peak:       10.763
Characteristic density local = 6396.0 deg^-2 = 1.777 arcmin^-2
Fitting aperture to hotspot...
Candidate: x_peak:       -0.835, y_peak:       -0.215, r_peak:        0.020, sig:       12.848, ra_peak:      221.341, dec_peak:       10.594
Characteristic density local = 6782.0 deg^-2 = 1.884 arcmin^-2
Fitting aperture to hotspot...
Candidate: x_peak:       -0.765, y_peak:       -0.295, r_peak:        0.020, sig:        7.536, ra_peak:      221.412, dec_peak:       10.514
Characteristic density local = 6658.6 deg^-2 = 1.850 arcmin^-2
Fitting aperture to hotspot...
Candidate: x_peak:       -0.435, y_peak:        0.665, r_peak:        0.020, sig:       10.621, ra_peak:      221.746, dec_peak:       11.475
Characteristic density local = 7016.7 deg^-2 = 1.949 arcmin^-2
Fitting aperture to hotspot...
Candidate: x_peak:       -0.335, y_peak:       -0.505, r_peak:        0.020, sig:        6.790, ra_peak:      221.850, dec_peak:       10.305
Characteristic density local = 6342.3 deg^-2 = 1.762 arcmin^-2
Fitting aperture to hotspot...
Candidate: x_peak:       -0.275, y_peak:        0.535, r_peak:        0.250, sig:        5.992, ra_peak:      221.910, dec_peak:       11.345
Characteristic density local = 7132.1 deg^-2 = 1.981 arcmin^-2
Fitting aperture to hotspot...
Candidate: x_peak:        0.165, y_peak:       -0.765, r_peak:        0.020, sig:       16.732, ra_peak:      222.358, dec_peak:       10.045
Characteristic density local = 7052.6 deg^-2 = 1.959 arcmin^-2
Fitting aperture to hotspot...
Candidate: x_peak:        0.225, y_peak:       -0.605, r_peak:        0.020, sig:       11.401, ra_peak:      222.419, dec_peak:       10.205
Characteristic density local = 6835.7 deg^-2 = 1.899 arcmin^-2
Fitting aperture to hotspot...
Candidate: x_peak:        0.255, y_peak:       -0.325, r_peak:        0.020, sig:       15.794, ra_peak:      222.449, dec_peak:       10.485
Distance = 50.1 kpc (m-M = 18.5)
829976 objects left after isochrone cut...
Characteristic density = 6400.0 deg^-2
Characteristic density local = 6370.2 deg^-2 = 1.769 arcmin^-2
Fitting aperture to hotspot...
Candidate: x_peak:       -1.025, y_peak:       -0.045, r_peak:        0.020, sig:        9.349, ra_peak:      221.147, dec_peak:       10.763
Characteristic density local = 6340.3 deg^-2 = 1.761 arcmin^-2
Fitting aperture to hotspot...
Candidate: x_peak:       -0.835, y_peak:       -0.215, r_peak:        0.020, sig:       12.888, ra_peak:      221.341, dec_peak:       10.594
Characteristic density local = 6732.3 deg^-2 = 1.870 arcmin^-2
Fitting aperture to hotspot...
Candidate: x_peak:       -0.765, y_peak:       -0.295, r_peak:        0.020, sig:        7.565, ra_peak:      221.412, dec_peak:       10.514
Characteristic density local = 6626.8 deg^-2 = 1.841 arcmin^-2
Fitting aperture to hotspot...
Candidate: x_peak:       -0.435, y_peak:        0.665, r_peak:        0.020, sig:       10.642, ra_peak:      221.746, dec_peak:       11.475
Characteristic density local = 6963.0 deg^-2 = 1.934 arcmin^-2
Fitting aperture to hotspot...
Candidate: x_peak:       -0.335, y_peak:       -0.505, r_peak:        0.020, sig:        6.820, ra_peak:      221.850, dec_peak:       10.305
Characteristic density local = 6302.5 deg^-2 = 1.751 arcmin^-2
Fitting aperture to hotspot...
Candidate: x_peak:       -0.275, y_peak:        0.535, r_peak:        0.250, sig:        6.113, ra_peak:      221.910, dec_peak:       11.345
Characteristic density local = 7104.3 deg^-2 = 1.973 arcmin^-2
Fitting aperture to hotspot...
Candidate: x_peak:        0.165, y_peak:       -0.765, r_peak:        0.020, sig:       16.752, ra_peak:      222.358, dec_peak:       10.045
Characteristic density local = 7030.7 deg^-2 = 1.953 arcmin^-2
Fitting aperture to hotspot...
Candidate: x_peak:        0.225, y_peak:       -0.605, r_peak:        0.020, sig:       11.416, ra_peak:      222.419, dec_peak:       10.205
Characteristic density local = 6803.9 deg^-2 = 1.890 arcmin^-2
Fitting aperture to hotspot...
Candidate: x_peak:        0.255, y_peak:       -0.325, r_peak:        0.020, sig:       15.817, ra_peak:      222.449, dec_peak:       10.485
Distance = 63.1 kpc (m-M = 19.0)
827983 objects left after isochrone cut...
Characteristic density = 6300.0 deg^-2
Characteristic density local = 6280.7 deg^-2 = 1.745 arcmin^-2
Fitting aperture to hotspot...
Candidate: x_peak:       -1.025, y_peak:       -0.045, r_peak:        0.020, sig:        9.407, ra_peak:      221.147, dec_peak:       10.763
Characteristic density local = 6238.9 deg^-2 = 1.733 arcmin^-2
Fitting aperture to hotspot...
Candidate: x_peak:       -0.835, y_peak:       -0.215, r_peak:        0.020, sig:       12.961, ra_peak:      221.341, dec_peak:       10.594
Characteristic density local = 6640.7 deg^-2 = 1.845 arcmin^-2
Fitting aperture to hotspot...
Candidate: x_peak:       -0.765, y_peak:       -0.295, r_peak:        0.020, sig:        7.620, ra_peak:      221.412, dec_peak:       10.514
Characteristic density local = 6553.2 deg^-2 = 1.820 arcmin^-2
Fitting aperture to hotspot...
Candidate: x_peak:       -0.435, y_peak:        0.665, r_peak:        0.020, sig:       10.691, ra_peak:      221.746, dec_peak:       11.475
Characteristic density local = 6891.4 deg^-2 = 1.914 arcmin^-2
Fitting aperture to hotspot...
Candidate: x_peak:       -0.335, y_peak:       -0.505, r_peak:        0.020, sig:        6.861, ra_peak:      221.850, dec_peak:       10.305
Characteristic density local = 6223.0 deg^-2 = 1.729 arcmin^-2
Fitting aperture to hotspot...
Candidate: x_peak:       -0.275, y_peak:        0.535, r_peak:        0.250, sig:        6.302, ra_peak:      221.910, dec_peak:       11.345
Characteristic density local = 7036.6 deg^-2 = 1.955 arcmin^-2
Fitting aperture to hotspot...
Candidate: x_peak:        0.165, y_peak:       -0.765, r_peak:        0.020, sig:       16.801, ra_peak:      222.358, dec_peak:       10.045
Characteristic density local = 6943.1 deg^-2 = 1.929 arcmin^-2
Fitting aperture to hotspot...
Candidate: x_peak:        0.225, y_peak:       -0.605, r_peak:        0.020, sig:       11.472, ra_peak:      222.419, dec_peak:       10.205
Characteristic density local = 6698.4 deg^-2 = 1.861 arcmin^-2
Fitting aperture to hotspot...
Candidate: x_peak:        0.255, y_peak:       -0.325, r_peak:        0.020, sig:       15.895, ra_peak:      222.449, dec_peak:       10.485
Distance = 79.4 kpc (m-M = 19.5)
825082 objects left after isochrone cut...
Characteristic density = 6200.0 deg^-2
Characteristic density local = 6157.3 deg^-2 = 1.710 arcmin^-2
Fitting aperture to hotspot...
Candidate: x_peak:       -1.025, y_peak:       -0.045, r_peak:        0.020, sig:        9.489, ra_peak:      221.147, dec_peak:       10.763
Characteristic density local = 6121.5 deg^-2 = 1.700 arcmin^-2
Fitting aperture to hotspot...
Candidate: x_peak:       -0.835, y_peak:       -0.215, r_peak:        0.020, sig:       13.048, ra_peak:      221.341, dec_peak:       10.594
Characteristic density local = 6523.4 deg^-2 = 1.812 arcmin^-2
Fitting aperture to hotspot...
Candidate: x_peak:       -0.765, y_peak:       -0.295, r_peak:        0.020, sig:        7.691, ra_peak:      221.412, dec_peak:       10.514
Characteristic density local = 6435.8 deg^-2 = 1.788 arcmin^-2
Fitting aperture to hotspot...
Candidate: x_peak:       -0.435, y_peak:        0.665, r_peak:        0.020, sig:       10.769, ra_peak:      221.746, dec_peak:       11.475
Characteristic density local = 6778.0 deg^-2 = 1.883 arcmin^-2
Fitting aperture to hotspot...
Candidate: x_peak:       -0.335, y_peak:       -0.505, r_peak:        0.020, sig:        6.926, ra_peak:      221.850, dec_peak:       10.305
Characteristic density local = 6165.3 deg^-2 = 1.713 arcmin^-2
Fitting aperture to hotspot...
Candidate: x_peak:       -0.265, y_peak:        0.535, r_peak:        0.290, sig:        6.252, ra_peak:      221.920, dec_peak:       11.345
Characteristic density local = 6913.3 deg^-2 = 1.920 arcmin^-2
Fitting aperture to hotspot...
Candidate: x_peak:        0.165, y_peak:       -0.765, r_peak:        0.020, sig:       16.893, ra_peak:      222.358, dec_peak:       10.045
Characteristic density local = 6819.8 deg^-2 = 1.894 arcmin^-2
Fitting aperture to hotspot...
Candidate: x_peak:        0.225, y_peak:       -0.605, r_peak:        0.020, sig:       11.554, ra_peak:      222.419, dec_peak:       10.205
Characteristic density local = 6597.0 deg^-2 = 1.832 arcmin^-2
Fitting aperture to hotspot...
Candidate: x_peak:        0.255, y_peak:       -0.325, r_peak:        0.020, sig:       15.971, ra_peak:      222.449, dec_peak:       10.485
Distance = 100.0 kpc (m-M = 20.0)
821506 objects left after isochrone cut...
Characteristic density = 6100.0 deg^-2
Characteristic density local = 6034.0 deg^-2 = 1.676 arcmin^-2
Fitting aperture to hotspot...
Candidate: x_peak:       -1.025, y_peak:       -0.045, r_peak:        0.020, sig:        9.572, ra_peak:      221.147, dec_peak:       10.763
Characteristic density local = 5988.2 deg^-2 = 1.663 arcmin^-2
Fitting aperture to hotspot...
Candidate: x_peak:       -0.835, y_peak:       -0.215, r_peak:        0.020, sig:       13.147, ra_peak:      221.341, dec_peak:       10.594
Characteristic density local = 6398.0 deg^-2 = 1.777 arcmin^-2
Fitting aperture to hotspot...
Candidate: x_peak:       -0.765, y_peak:       -0.295, r_peak:        0.020, sig:        7.768, ra_peak:      221.412, dec_peak:       10.514
Characteristic density local = 6272.7 deg^-2 = 1.742 arcmin^-2
Fitting aperture to hotspot...
Candidate: x_peak:       -0.435, y_peak:        0.665, r_peak:        0.020, sig:       10.880, ra_peak:      221.746, dec_peak:       11.475
Characteristic density local = 6650.7 deg^-2 = 1.847 arcmin^-2
Fitting aperture to hotspot...
Candidate: x_peak:       -0.335, y_peak:       -0.505, r_peak:        0.020, sig:        7.001, ra_peak:      221.850, dec_peak:       10.305
Characteristic density local = 6008.1 deg^-2 = 1.669 arcmin^-2
Fitting aperture to hotspot...
Candidate: x_peak:       -0.265, y_peak:        0.535, r_peak:        0.290, sig:        6.413, ra_peak:      221.920, dec_peak:       11.345
Characteristic density local = 6766.1 deg^-2 = 1.879 arcmin^-2
Fitting aperture to hotspot...
Candidate: x_peak:        0.165, y_peak:       -0.765, r_peak:        0.020, sig:       17.004, ra_peak:      222.358, dec_peak:       10.045
Characteristic density local = 6662.6 deg^-2 = 1.851 arcmin^-2
Fitting aperture to hotspot...
Candidate: x_peak:        0.225, y_peak:       -0.605, r_peak:        0.020, sig:       11.659, ra_peak:      222.419, dec_peak:       10.205
Characteristic density local = 6455.7 deg^-2 = 1.793 arcmin^-2
Fitting aperture to hotspot...
Candidate: x_peak:        0.255, y_peak:       -0.325, r_peak:        0.020, sig:       16.079, ra_peak:      222.449, dec_peak:       10.485
Distance = 125.9 kpc (m-M = 20.5)
817198 objects left after isochrone cut...
Characteristic density = 5900.0 deg^-2
Characteristic density local = 5872.8 deg^-2 = 1.631 arcmin^-2
Fitting aperture to hotspot...
Candidate: x_peak:       -1.025, y_peak:       -0.045, r_peak:        0.020, sig:        9.682, ra_peak:      221.147, dec_peak:       10.763
Characteristic density local = 5856.9 deg^-2 = 1.627 arcmin^-2
Fitting aperture to hotspot...
Candidate: x_peak:       -0.835, y_peak:       -0.215, r_peak:        0.020, sig:       13.247, ra_peak:      221.341, dec_peak:       10.594
Characteristic density local = 6117.5 deg^-2 = 1.699 arcmin^-2
Fitting aperture to hotspot...
Candidate: x_peak:       -0.435, y_peak:        0.665, r_peak:        0.020, sig:       10.988, ra_peak:      221.746, dec_peak:       11.475
Characteristic density local = 6457.7 deg^-2 = 1.794 arcmin^-2
Fitting aperture to hotspot...
Candidate: x_peak:       -0.335, y_peak:       -0.505, r_peak:        0.020, sig:        7.116, ra_peak:      221.850, dec_peak:       10.305
Characteristic density local = 5827.1 deg^-2 = 1.619 arcmin^-2
Fitting aperture to hotspot...
Candidate: x_peak:       -0.275, y_peak:        0.535, r_peak:        0.250, sig:        6.548, ra_peak:      221.910, dec_peak:       11.345
Characteristic density local = 6674.6 deg^-2 = 1.854 arcmin^-2
Fitting aperture to hotspot...
Candidate: x_peak:        0.115, y_peak:       -0.585, r_peak:        0.020, sig:        6.354, ra_peak:      222.307, dec_peak:       10.225
Characteristic density local = 6589.0 deg^-2 = 1.830 arcmin^-2
Fitting aperture to hotspot...
Candidate: x_peak:        0.165, y_peak:       -0.765, r_peak:        0.020, sig:       17.139, ra_peak:      222.358, dec_peak:       10.045
Characteristic density local = 6485.6 deg^-2 = 1.802 arcmin^-2
Fitting aperture to hotspot...
Candidate: x_peak:        0.225, y_peak:       -0.605, r_peak:        0.020, sig:       11.779, ra_peak:      222.419, dec_peak:       10.205
Characteristic density local = 6320.4 deg^-2 = 1.756 arcmin^-2
Fitting aperture to hotspot...
Candidate: x_peak:        0.255, y_peak:       -0.325, r_peak:        0.020, sig:       16.183, ra_peak:      222.449, dec_peak:       10.485
Distance = 158.5 kpc (m-M = 21.0)
811905 objects left after isochrone cut...
Characteristic density = 5700.0 deg^-2
Characteristic density local = 5693.8 deg^-2 = 1.582 arcmin^-2
Fitting aperture to hotspot...
Candidate: x_peak:       -1.035, y_peak:       -0.045, r_peak:        0.020, sig:        9.422, ra_peak:      221.136, dec_peak:       10.763
Characteristic density local = 5652.0 deg^-2 = 1.570 arcmin^-2
Fitting aperture to hotspot...
Candidate: x_peak:       -0.835, y_peak:       -0.215, r_peak:        0.020, sig:       13.406, ra_peak:      221.341, dec_peak:       10.594
Characteristic density local = 5950.4 deg^-2 = 1.653 arcmin^-2
Fitting aperture to hotspot...
Candidate: x_peak:       -0.435, y_peak:        0.665, r_peak:        0.020, sig:       11.106, ra_peak:      221.746, dec_peak:       11.475
Characteristic density local = 6280.7 deg^-2 = 1.745 arcmin^-2
Fitting aperture to hotspot...
Candidate: x_peak:       -0.335, y_peak:       -0.505, r_peak:        0.020, sig:        7.223, ra_peak:      221.850, dec_peak:       10.305
Characteristic density local = 5602.3 deg^-2 = 1.556 arcmin^-2
Fitting aperture to hotspot...
Candidate: x_peak:       -0.275, y_peak:        0.535, r_peak:        0.290, sig:        7.053, ra_peak:      221.910, dec_peak:       11.345
Characteristic density local = 6457.7 deg^-2 = 1.794 arcmin^-2
Fitting aperture to hotspot...
Candidate: x_peak:        0.115, y_peak:       -0.585, r_peak:        0.020, sig:        6.264, ra_peak:      222.307, dec_peak:       10.225
Characteristic density local = 6394.0 deg^-2 = 1.776 arcmin^-2
Fitting aperture to hotspot...
Candidate: x_peak:        0.165, y_peak:       -0.765, r_peak:        0.020, sig:       17.292, ra_peak:      222.358, dec_peak:       10.045
Characteristic density local = 6264.7 deg^-2 = 1.740 arcmin^-2
Fitting aperture to hotspot...
Candidate: x_peak:        0.225, y_peak:       -0.605, r_peak:        0.020, sig:       11.934, ra_peak:      222.419, dec_peak:       10.205
Characteristic density local = 6119.5 deg^-2 = 1.700 arcmin^-2
Fitting aperture to hotspot...
Candidate: x_peak:        0.255, y_peak:       -0.325, r_peak:        0.020, sig:       16.342, ra_peak:      222.449, dec_peak:       10.485
Distance = 199.5 kpc (m-M = 21.5)
805612 objects left after isochrone cut...
Characteristic density = 5500.0 deg^-2
Characteristic density local = 5482.9 deg^-2 = 1.523 arcmin^-2
Fitting aperture to hotspot...
Candidate: x_peak:       -1.035, y_peak:       -0.045, r_peak:        0.020, sig:        9.376, ra_peak:      221.136, dec_peak:       10.763
Characteristic density local = 5472.9 deg^-2 = 1.520 arcmin^-2
Fitting aperture to hotspot...
Candidate: x_peak:       -0.835, y_peak:       -0.215, r_peak:        0.020, sig:       13.549, ra_peak:      221.341, dec_peak:       10.594
Characteristic density local = 5699.7 deg^-2 = 1.583 arcmin^-2
Fitting aperture to hotspot...
Candidate: x_peak:       -0.435, y_peak:        0.655, r_peak:        0.030, sig:        9.095, ra_peak:      221.746, dec_peak:       11.465
Characteristic density local = 6073.8 deg^-2 = 1.687 arcmin^-2
Fitting aperture to hotspot...
Candidate: x_peak:       -0.335, y_peak:       -0.505, r_peak:        0.020, sig:        7.352, ra_peak:      221.850, dec_peak:       10.305
Characteristic density local = 5397.3 deg^-2 = 1.499 arcmin^-2
Fitting aperture to hotspot...
Candidate: x_peak:       -0.275, y_peak:        0.535, r_peak:        0.250, sig:        7.201, ra_peak:      221.910, dec_peak:       11.345
Characteristic density local = 5872.8 deg^-2 = 1.631 arcmin^-2
Fitting aperture to hotspot...
Candidate: x_peak:        0.025, y_peak:       -0.255, r_peak:        0.030, sig:        4.429, ra_peak:      222.215, dec_peak:       10.555
Characteristic density local = 6059.8 deg^-2 = 1.683 arcmin^-2
Fitting aperture to hotspot...
Candidate: x_peak:        0.225, y_peak:       -0.605, r_peak:        0.020, sig:       12.080, ra_peak:      222.419, dec_peak:       10.205
Characteristic density local = 6157.3 deg^-2 = 1.710 arcmin^-2
Fitting aperture to hotspot...
Candidate: x_peak:        0.165, y_peak:       -0.765, r_peak:        0.020, sig:       17.483, ra_peak:      222.358, dec_peak:       10.045
Characteristic density local = 5918.6 deg^-2 = 1.644 arcmin^-2
Fitting aperture to hotspot...
Candidate: x_peak:        0.255, y_peak:       -0.325, r_peak:        0.020, sig:       16.355, ra_peak:      222.449, dec_peak:       10.485
Distance = 251.2 kpc (m-M = 22.0)
797679 objects left after isochrone cut...
Characteristic density = 5300.0 deg^-2
Characteristic density local = 5222.3 deg^-2 = 1.451 arcmin^-2
Fitting aperture to hotspot...
Candidate: x_peak:       -1.035, y_peak:       -0.045, r_peak:        0.020, sig:        9.566, ra_peak:      221.136, dec_peak:       10.763
Characteristic density local = 5184.5 deg^-2 = 1.440 arcmin^-2
Fitting aperture to hotspot...
Candidate: x_peak:       -0.835, y_peak:       -0.215, r_peak:        0.020, sig:       13.787, ra_peak:      221.341, dec_peak:       10.594
Characteristic density local = 5413.3 deg^-2 = 1.504 arcmin^-2
Fitting aperture to hotspot...
Candidate: x_peak:       -0.435, y_peak:        0.655, r_peak:        0.030, sig:        9.059, ra_peak:      221.746, dec_peak:       11.465
Characteristic density local = 5813.1 deg^-2 = 1.615 arcmin^-2
Fitting aperture to hotspot...
Candidate: x_peak:       -0.335, y_peak:       -0.505, r_peak:        0.020, sig:        7.519, ra_peak:      221.850, dec_peak:       10.305
Characteristic density local = 5150.7 deg^-2 = 1.431 arcmin^-2
Fitting aperture to hotspot...
Candidate: x_peak:       -0.265, y_peak:        0.535, r_peak:        0.290, sig:        7.065, ra_peak:      221.920, dec_peak:       11.345
Characteristic density local = 5950.4 deg^-2 = 1.653 arcmin^-2
Fitting aperture to hotspot...
Candidate: x_peak:        0.115, y_peak:       -0.585, r_peak:        0.020, sig:        6.348, ra_peak:      222.307, dec_peak:       10.225
Characteristic density local = 5850.9 deg^-2 = 1.625 arcmin^-2
Fitting aperture to hotspot...
Candidate: x_peak:        0.165, y_peak:       -0.765, r_peak:        0.020, sig:       17.594, ra_peak:      222.358, dec_peak:       10.045
Characteristic density local = 5773.3 deg^-2 = 1.604 arcmin^-2
Fitting aperture to hotspot...
Candidate: x_peak:        0.225, y_peak:       -0.605, r_peak:        0.020, sig:       12.292, ra_peak:      222.419, dec_peak:       10.205
Characteristic density local = 5638.1 deg^-2 = 1.566 arcmin^-2
Fitting aperture to hotspot...
Candidate: x_peak:        0.255, y_peak:       -0.325, r_peak:        0.020, sig:       16.590, ra_peak:      222.449, dec_peak:       10.485
Distance = 316.2 kpc (m-M = 22.5)
787789 objects left after isochrone cut...
Characteristic density = 4900.0 deg^-2
Characteristic density local = 4913.9 deg^-2 = 1.365 arcmin^-2
Fitting aperture to hotspot...
Candidate: x_peak:       -1.035, y_peak:       -0.045, r_peak:        0.020, sig:        9.398, ra_peak:      221.136, dec_peak:       10.763
Characteristic density local = 4906.0 deg^-2 = 1.363 arcmin^-2
Fitting aperture to hotspot...
Candidate: x_peak:       -0.835, y_peak:       -0.215, r_peak:        0.020, sig:       13.685, ra_peak:      221.341, dec_peak:       10.594
Characteristic density local = 5073.1 deg^-2 = 1.409 arcmin^-2
Fitting aperture to hotspot...
Candidate: x_peak:       -0.435, y_peak:        0.655, r_peak:        0.030, sig:        9.238, ra_peak:      221.746, dec_peak:       11.465
Characteristic density local = 5472.9 deg^-2 = 1.520 arcmin^-2
Fitting aperture to hotspot...
Candidate: x_peak:       -0.335, y_peak:       -0.505, r_peak:        0.020, sig:        7.745, ra_peak:      221.850, dec_peak:       10.305
Characteristic density local = 4818.4 deg^-2 = 1.338 arcmin^-2
Fitting aperture to hotspot...
Candidate: x_peak:       -0.265, y_peak:        0.535, r_peak:        0.290, sig:        6.969, ra_peak:      221.920, dec_peak:       11.345
Characteristic density local = 5671.9 deg^-2 = 1.576 arcmin^-2
Fitting aperture to hotspot...
Candidate: x_peak:        0.115, y_peak:       -0.595, r_peak:        0.020, sig:        8.442, ra_peak:      222.307, dec_peak:       10.215
Characteristic density local = 5480.9 deg^-2 = 1.522 arcmin^-2
Fitting aperture to hotspot...
Candidate: x_peak:        0.165, y_peak:       -0.765, r_peak:        0.020, sig:       17.770, ra_peak:      222.358, dec_peak:       10.045
Characteristic density local = 5443.1 deg^-2 = 1.512 arcmin^-2
Fitting aperture to hotspot...
Candidate: x_peak:        0.225, y_peak:       -0.605, r_peak:        0.020, sig:       12.373, ra_peak:      222.419, dec_peak:       10.205
Characteristic density local = 5317.8 deg^-2 = 1.477 arcmin^-2
Fitting aperture to hotspot...
Candidate: x_peak:        0.255, y_peak:       -0.325, r_peak:        0.020, sig:       16.564, ra_peak:      222.449, dec_peak:       10.485
Distance = 398.1 kpc (m-M = 23.0)
775836 objects left after isochrone cut...
Characteristic density = 4500.0 deg^-2
Characteristic density local = 4541.9 deg^-2 = 1.262 arcmin^-2
Fitting aperture to hotspot...
Candidate: x_peak:       -1.035, y_peak:       -0.045, r_peak:        0.020, sig:        9.693, ra_peak:      221.136, dec_peak:       10.763
Characteristic density local = 4518.0 deg^-2 = 1.255 arcmin^-2
Fitting aperture to hotspot...
Candidate: x_peak:       -0.835, y_peak:       -0.215, r_peak:        0.020, sig:       13.154, ra_peak:      221.341, dec_peak:       10.594
Characteristic density local = 4713.0 deg^-2 = 1.309 arcmin^-2
Fitting aperture to hotspot...
Candidate: x_peak:       -0.435, y_peak:        0.655, r_peak:        0.030, sig:        9.292, ra_peak:      221.746, dec_peak:       11.465
Characteristic density local = 5075.1 deg^-2 = 1.410 arcmin^-2
Fitting aperture to hotspot...
Candidate: x_peak:       -0.335, y_peak:       -0.505, r_peak:        0.020, sig:        8.024, ra_peak:      221.850, dec_peak:       10.305
Characteristic density local = 4458.3 deg^-2 = 1.238 arcmin^-2
Fitting aperture to hotspot...
Candidate: x_peak:       -0.265, y_peak:        0.535, r_peak:        0.290, sig:        6.739, ra_peak:      221.920, dec_peak:       11.345
Characteristic density local = 5282.0 deg^-2 = 1.467 arcmin^-2
Fitting aperture to hotspot...
Candidate: x_peak:        0.115, y_peak:       -0.595, r_peak:        0.020, sig:        8.509, ra_peak:      222.307, dec_peak:       10.215
Characteristic density local = 5065.1 deg^-2 = 1.407 arcmin^-2
Fitting aperture to hotspot...
Candidate: x_peak:        0.165, y_peak:       -0.765, r_peak:        0.020, sig:       17.705, ra_peak:      222.358, dec_peak:       10.045
Characteristic density local = 5079.0 deg^-2 = 1.411 arcmin^-2
Fitting aperture to hotspot...
Candidate: x_peak:        0.225, y_peak:       -0.605, r_peak:        0.020, sig:       12.490, ra_peak:      222.419, dec_peak:       10.205
Characteristic density local = 4933.8 deg^-2 = 1.371 arcmin^-2
Fitting aperture to hotspot...
Candidate: x_peak:        0.255, y_peak:       -0.325, r_peak:        0.020, sig:       16.915, ra_peak:      222.449, dec_peak:       10.485
17.77 sigma; (RA, Dec, d) = (222.36, 10.04); r = 0.02 deg; d = 316.2, mu = 22.50 mag), mc_source_id: 0.00
16.91 sigma; (RA, Dec, d) = (222.45, 10.48); r = 0.02 deg; d = 398.1, mu = 23.00 mag), mc_source_id: 0.00
13.79 sigma; (RA, Dec, d) = (221.34, 10.59); r = 0.02 deg; d = 251.2, mu = 22.00 mag), mc_source_id: 0.00
12.49 sigma; (RA, Dec, d) = (222.42, 10.20); r = 0.02 deg; d = 398.1, mu = 23.00 mag), mc_source_id: 0.00
11.11 sigma; (RA, Dec, d) = (221.75, 11.47); r = 0.02 deg; d = 158.5, mu = 21.00 mag), mc_source_id: 0.00
9.69 sigma; (RA, Dec, d) = (221.14, 10.76); r = 0.02 deg; d = 398.1, mu = 23.00 mag), mc_source_id: 0.00
8.51 sigma; (RA, Dec, d) = (222.31, 10.21); r = 0.02 deg; d = 398.1, mu = 23.00 mag), mc_source_id: 0.00
8.02 sigma; (RA, Dec, d) = (221.85, 10.30); r = 0.02 deg; d = 398.1, mu = 23.00 mag), mc_source_id: 0.00
7.77 sigma; (RA, Dec, d) = (221.41, 10.51); r = 0.02 deg; d = 100.0, mu = 20.00 mag), mc_source_id: 0.00
7.20 sigma; (RA, Dec, d) = (221.91, 11.34); r = 0.25 deg; d = 199.5, mu = 21.50 mag), mc_source_id: 0.00
4.43 sigma; (RA, Dec, d) = (222.22, 10.55); r = 0.03 deg; d = 199.5, mu = 21.50 mag), mc_source_id: 0.00

------------------------------------------------------------
Job <680178.0> was submitted from <des51.fnal.gov> by user <tavangar>.
Job was executed on host <des40.fnal.gov> as user <tavangar>.
</var/lib/condor/execute/dir_1874221> was used as the initial working directory.
Results reported at Wed Jun  5 08:07:39 CDT 2019

Your job looked like:

------------------------------------------------------------
python /home/s1/tavangar/tavangar_simple/search_algorithm.py 222.19 10.81 0.00 /home/s1/tavangar/tavangar_simple/decals_dr7_results/results_nside_32_5007.csv /home/s1/tavangar/tavangar_simple/decals_dr7_results/decals_dr7_log/results_nside_32_5007.log
------------------------------------------------------------

Successfully completed.

Resource usage summary:

	Real time :			524.79 sec.
	CPU time :			151.47 sec.
	CPU percentage :		91%
	Max Memory :			6543040 KB
	Average Memory :		0 KB

The output (if any) is above this job summary.
