/home/s1/tavangar/tavangar_simple/simple_utils.py:170: FutureWarning: elementwise comparison failed; returning scalar instead, but in the future will perform elementwise comparison
  if np.all(isochrone.stage == 'Main'):
Search coordinates: (RA, Dec) = (8.44, 1.19)
Center healpixel: 5955
Healpixels: [5955 6082 5954 5826 5699 5827 5956 6083 6211]
MC_SOURCE_ID = 0.0
mode = 0: running only on real data
Found 1 objects...
Applying cuts...
819955 star-like objects in ROI...
1328031 galaxy-like objects in ROI...
No fracdet map specified ...
Distance = 15.8 kpc (m-M = 16.0)
819927 objects left after isochrone cut...
Characteristic density = 3400.0 deg^-2
Characteristic density local = 2140.6 deg^-2 = 0.595 arcmin^-2
Fitting aperture to hotspot...
Candidate: x_peak:       -0.455, y_peak:        0.315, r_peak:        0.020, sig:       11.369, ra_peak:        7.985, dec_peak:        1.505
Characteristic density local = 3181.1 deg^-2 = 0.884 arcmin^-2
Fitting aperture to hotspot...
Candidate: x_peak:        0.155, y_peak:       -0.185, r_peak:        0.020, sig:        9.646, ra_peak:        8.595, dec_peak:        1.005
Characteristic density local = 3469.6 deg^-2 = 0.964 arcmin^-2
Fitting aperture to hotspot...
Candidate: x_peak:        0.285, y_peak:       -0.355, r_peak:        0.020, sig:        6.712, ra_peak:        8.725, dec_peak:        0.835
Characteristic density local = 2978.2 deg^-2 = 0.827 arcmin^-2
Fitting aperture to hotspot...
Candidate: x_peak:        0.515, y_peak:        0.435, r_peak:        0.020, sig:        7.430, ra_peak:        8.955, dec_peak:        1.625
Characteristic density local = 3479.5 deg^-2 = 0.967 arcmin^-2
Fitting aperture to hotspot...
Candidate: x_peak:        0.725, y_peak:       -0.415, r_peak:        0.020, sig:        8.428, ra_peak:        9.165, dec_peak:        0.775
Characteristic density local = 3787.9 deg^-2 = 1.052 arcmin^-2
Fitting aperture to hotspot...
Candidate: x_peak:        1.125, y_peak:       -0.225, r_peak:        0.060, sig:        4.142, ra_peak:        9.565, dec_peak:        0.965
Characteristic density local = 3602.9 deg^-2 = 1.001 arcmin^-2
Fitting aperture to hotspot...
Candidate: x_peak:        1.165, y_peak:        0.085, r_peak:        0.020, sig:       10.322, ra_peak:        9.605, dec_peak:        1.275
Distance = 20.0 kpc (m-M = 16.5)
819939 objects left after isochrone cut...
Characteristic density = 3400.0 deg^-2
Characteristic density local = 2140.6 deg^-2 = 0.595 arcmin^-2
Fitting aperture to hotspot...
Candidate: x_peak:       -0.455, y_peak:        0.315, r_peak:        0.020, sig:       11.369, ra_peak:        7.985, dec_peak:        1.505
Characteristic density local = 3181.1 deg^-2 = 0.884 arcmin^-2
Fitting aperture to hotspot...
Candidate: x_peak:        0.155, y_peak:       -0.185, r_peak:        0.020, sig:        9.646, ra_peak:        8.595, dec_peak:        1.005
Characteristic density local = 3469.6 deg^-2 = 0.964 arcmin^-2
Fitting aperture to hotspot...
Candidate: x_peak:        0.285, y_peak:       -0.355, r_peak:        0.020, sig:        6.712, ra_peak:        8.725, dec_peak:        0.835
Characteristic density local = 2978.2 deg^-2 = 0.827 arcmin^-2
Fitting aperture to hotspot...
Candidate: x_peak:        0.515, y_peak:        0.435, r_peak:        0.020, sig:        7.430, ra_peak:        8.955, dec_peak:        1.625
Characteristic density local = 3479.5 deg^-2 = 0.967 arcmin^-2
Fitting aperture to hotspot...
Candidate: x_peak:        0.725, y_peak:       -0.415, r_peak:        0.020, sig:        8.428, ra_peak:        9.165, dec_peak:        0.775
Characteristic density local = 3787.9 deg^-2 = 1.052 arcmin^-2
Fitting aperture to hotspot...
Candidate: x_peak:        1.125, y_peak:       -0.225, r_peak:        0.060, sig:        4.142, ra_peak:        9.565, dec_peak:        0.965
Characteristic density local = 3602.9 deg^-2 = 1.001 arcmin^-2
Fitting aperture to hotspot...
Candidate: x_peak:        1.165, y_peak:        0.085, r_peak:        0.020, sig:       10.322, ra_peak:        9.605, dec_peak:        1.275
Distance = 25.1 kpc (m-M = 17.0)
819951 objects left after isochrone cut...
Characteristic density = 3400.0 deg^-2
Characteristic density local = 2140.6 deg^-2 = 0.595 arcmin^-2
Fitting aperture to hotspot...
Candidate: x_peak:       -0.455, y_peak:        0.315, r_peak:        0.020, sig:       11.369, ra_peak:        7.985, dec_peak:        1.505
Characteristic density local = 3181.1 deg^-2 = 0.884 arcmin^-2
Fitting aperture to hotspot...
Candidate: x_peak:        0.155, y_peak:       -0.185, r_peak:        0.020, sig:        9.646, ra_peak:        8.595, dec_peak:        1.005
Characteristic density local = 3469.6 deg^-2 = 0.964 arcmin^-2
Fitting aperture to hotspot...
Candidate: x_peak:        0.285, y_peak:       -0.355, r_peak:        0.020, sig:        6.712, ra_peak:        8.725, dec_peak:        0.835
Characteristic density local = 2978.2 deg^-2 = 0.827 arcmin^-2
Fitting aperture to hotspot...
Candidate: x_peak:        0.515, y_peak:        0.435, r_peak:        0.020, sig:        7.430, ra_peak:        8.955, dec_peak:        1.625
Characteristic density local = 3479.5 deg^-2 = 0.967 arcmin^-2
Fitting aperture to hotspot...
Candidate: x_peak:        0.725, y_peak:       -0.415, r_peak:        0.020, sig:        8.428, ra_peak:        9.165, dec_peak:        0.775
Characteristic density local = 3787.9 deg^-2 = 1.052 arcmin^-2
Fitting aperture to hotspot...
Candidate: x_peak:        1.125, y_peak:       -0.225, r_peak:        0.060, sig:        4.142, ra_peak:        9.565, dec_peak:        0.965
Characteristic density local = 3602.9 deg^-2 = 1.001 arcmin^-2
Fitting aperture to hotspot...
Candidate: x_peak:        1.165, y_peak:        0.085, r_peak:        0.020, sig:       10.322, ra_peak:        9.605, dec_peak:        1.275
Distance = 31.6 kpc (m-M = 17.5)
819952 objects left after isochrone cut...
Characteristic density = 3400.0 deg^-2
Characteristic density local = 2140.6 deg^-2 = 0.595 arcmin^-2
Fitting aperture to hotspot...
Candidate: x_peak:       -0.455, y_peak:        0.315, r_peak:        0.020, sig:       11.369, ra_peak:        7.985, dec_peak:        1.505
Characteristic density local = 3181.1 deg^-2 = 0.884 arcmin^-2
Fitting aperture to hotspot...
Candidate: x_peak:        0.155, y_peak:       -0.185, r_peak:        0.020, sig:        9.646, ra_peak:        8.595, dec_peak:        1.005
Characteristic density local = 3469.6 deg^-2 = 0.964 arcmin^-2
Fitting aperture to hotspot...
Candidate: x_peak:        0.285, y_peak:       -0.355, r_peak:        0.020, sig:        6.712, ra_peak:        8.725, dec_peak:        0.835
Characteristic density local = 2978.2 deg^-2 = 0.827 arcmin^-2
Fitting aperture to hotspot...
Candidate: x_peak:        0.515, y_peak:        0.435, r_peak:        0.020, sig:        7.430, ra_peak:        8.955, dec_peak:        1.625
Characteristic density local = 3479.5 deg^-2 = 0.967 arcmin^-2
Fitting aperture to hotspot...
Candidate: x_peak:        0.725, y_peak:       -0.415, r_peak:        0.020, sig:        8.428, ra_peak:        9.165, dec_peak:        0.775
Characteristic density local = 3787.9 deg^-2 = 1.052 arcmin^-2
Fitting aperture to hotspot...
Candidate: x_peak:        1.125, y_peak:       -0.225, r_peak:        0.060, sig:        4.142, ra_peak:        9.565, dec_peak:        0.965
Characteristic density local = 3602.9 deg^-2 = 1.001 arcmin^-2
Fitting aperture to hotspot...
Candidate: x_peak:        1.165, y_peak:        0.085, r_peak:        0.020, sig:       10.322, ra_peak:        9.605, dec_peak:        1.275
Distance = 39.8 kpc (m-M = 18.0)
819953 objects left after isochrone cut...
Characteristic density = 3400.0 deg^-2
Characteristic density local = 2140.6 deg^-2 = 0.595 arcmin^-2
Fitting aperture to hotspot...
Candidate: x_peak:       -0.455, y_peak:        0.315, r_peak:        0.020, sig:       11.369, ra_peak:        7.985, dec_peak:        1.505
Characteristic density local = 3181.1 deg^-2 = 0.884 arcmin^-2
Fitting aperture to hotspot...
Candidate: x_peak:        0.155, y_peak:       -0.185, r_peak:        0.020, sig:        9.646, ra_peak:        8.595, dec_peak:        1.005
Characteristic density local = 3469.6 deg^-2 = 0.964 arcmin^-2
Fitting aperture to hotspot...
Candidate: x_peak:        0.285, y_peak:       -0.355, r_peak:        0.020, sig:        6.712, ra_peak:        8.725, dec_peak:        0.835
Characteristic density local = 2978.2 deg^-2 = 0.827 arcmin^-2
Fitting aperture to hotspot...
Candidate: x_peak:        0.515, y_peak:        0.435, r_peak:        0.020, sig:        7.430, ra_peak:        8.955, dec_peak:        1.625
Characteristic density local = 3479.5 deg^-2 = 0.967 arcmin^-2
Fitting aperture to hotspot...
Candidate: x_peak:        0.725, y_peak:       -0.415, r_peak:        0.020, sig:        8.428, ra_peak:        9.165, dec_peak:        0.775
Characteristic density local = 3787.9 deg^-2 = 1.052 arcmin^-2
Fitting aperture to hotspot...
Candidate: x_peak:        1.125, y_peak:       -0.225, r_peak:        0.060, sig:        4.142, ra_peak:        9.565, dec_peak:        0.965
Characteristic density local = 3602.9 deg^-2 = 1.001 arcmin^-2
Fitting aperture to hotspot...
Candidate: x_peak:        1.165, y_peak:        0.085, r_peak:        0.020, sig:       10.322, ra_peak:        9.605, dec_peak:        1.275
Distance = 50.1 kpc (m-M = 18.5)
819950 objects left after isochrone cut...
Characteristic density = 3400.0 deg^-2
Characteristic density local = 2140.6 deg^-2 = 0.595 arcmin^-2
Fitting aperture to hotspot...
Candidate: x_peak:       -0.455, y_peak:        0.315, r_peak:        0.020, sig:       11.369, ra_peak:        7.985, dec_peak:        1.505
Characteristic density local = 3181.1 deg^-2 = 0.884 arcmin^-2
Fitting aperture to hotspot...
Candidate: x_peak:        0.155, y_peak:       -0.185, r_peak:        0.020, sig:        9.646, ra_peak:        8.595, dec_peak:        1.005
Characteristic density local = 3469.6 deg^-2 = 0.964 arcmin^-2
Fitting aperture to hotspot...
Candidate: x_peak:        0.285, y_peak:       -0.355, r_peak:        0.020, sig:        6.712, ra_peak:        8.725, dec_peak:        0.835
Characteristic density local = 2978.2 deg^-2 = 0.827 arcmin^-2
Fitting aperture to hotspot...
Candidate: x_peak:        0.515, y_peak:        0.435, r_peak:        0.020, sig:        7.430, ra_peak:        8.955, dec_peak:        1.625
Characteristic density local = 3479.5 deg^-2 = 0.967 arcmin^-2
Fitting aperture to hotspot...
Candidate: x_peak:        0.725, y_peak:       -0.415, r_peak:        0.020, sig:        8.428, ra_peak:        9.165, dec_peak:        0.775
Characteristic density local = 3787.9 deg^-2 = 1.052 arcmin^-2
Fitting aperture to hotspot...
Candidate: x_peak:        1.125, y_peak:       -0.225, r_peak:        0.060, sig:        4.142, ra_peak:        9.565, dec_peak:        0.965
Characteristic density local = 3602.9 deg^-2 = 1.001 arcmin^-2
Fitting aperture to hotspot...
Candidate: x_peak:        1.165, y_peak:        0.085, r_peak:        0.020, sig:       10.322, ra_peak:        9.605, dec_peak:        1.275
Distance = 63.1 kpc (m-M = 19.0)
819567 objects left after isochrone cut...
Characteristic density = 3400.0 deg^-2
Characteristic density local = 2126.7 deg^-2 = 0.591 arcmin^-2
Fitting aperture to hotspot...
Candidate: x_peak:       -0.455, y_peak:        0.315, r_peak:        0.020, sig:       11.389, ra_peak:        7.985, dec_peak:        1.505
Characteristic density local = 3163.2 deg^-2 = 0.879 arcmin^-2
Fitting aperture to hotspot...
Candidate: x_peak:        0.155, y_peak:       -0.185, r_peak:        0.020, sig:        9.665, ra_peak:        8.595, dec_peak:        1.005
Characteristic density local = 3461.6 deg^-2 = 0.962 arcmin^-2
Fitting aperture to hotspot...
Candidate: x_peak:        0.285, y_peak:       -0.355, r_peak:        0.020, sig:        6.719, ra_peak:        8.725, dec_peak:        0.835
Characteristic density local = 2964.3 deg^-2 = 0.823 arcmin^-2
Fitting aperture to hotspot...
Candidate: x_peak:        0.515, y_peak:        0.435, r_peak:        0.020, sig:        7.182, ra_peak:        8.955, dec_peak:        1.625
Characteristic density local = 3475.5 deg^-2 = 0.965 arcmin^-2
Fitting aperture to hotspot...
Candidate: x_peak:        0.725, y_peak:       -0.415, r_peak:        0.020, sig:        8.432, ra_peak:        9.165, dec_peak:        0.775
Characteristic density local = 3787.9 deg^-2 = 1.052 arcmin^-2
Fitting aperture to hotspot...
Candidate: x_peak:        1.125, y_peak:       -0.225, r_peak:        0.060, sig:        4.142, ra_peak:        9.565, dec_peak:        0.965
Characteristic density local = 3602.9 deg^-2 = 1.001 arcmin^-2
Fitting aperture to hotspot...
Candidate: x_peak:        1.165, y_peak:        0.085, r_peak:        0.020, sig:       10.322, ra_peak:        9.605, dec_peak:        1.275
Distance = 79.4 kpc (m-M = 19.5)
818001 objects left after isochrone cut...
Characteristic density = 3300.0 deg^-2
Characteristic density local = 2094.9 deg^-2 = 0.582 arcmin^-2
Fitting aperture to hotspot...
Candidate: x_peak:       -0.455, y_peak:        0.315, r_peak:        0.020, sig:       11.436, ra_peak:        7.985, dec_peak:        1.505
Characteristic density local = 2248.1 deg^-2 = 0.624 arcmin^-2
Fitting aperture to hotspot...
Candidate: x_peak:       -0.255, y_peak:        0.975, r_peak:        0.020, sig:        9.026, ra_peak:        8.185, dec_peak:        2.165
Characteristic density local = 3107.5 deg^-2 = 0.863 arcmin^-2
Fitting aperture to hotspot...
Candidate: x_peak:        0.155, y_peak:       -0.185, r_peak:        0.020, sig:        9.723, ra_peak:        8.595, dec_peak:        1.005
Characteristic density local = 3417.9 deg^-2 = 0.949 arcmin^-2
Fitting aperture to hotspot...
Candidate: x_peak:        0.285, y_peak:       -0.355, r_peak:        0.020, sig:        6.758, ra_peak:        8.725, dec_peak:        0.835
Characteristic density local = 3459.6 deg^-2 = 0.961 arcmin^-2
Fitting aperture to hotspot...
Candidate: x_peak:        0.725, y_peak:       -0.415, r_peak:        0.020, sig:        8.446, ra_peak:        9.165, dec_peak:        0.775
Characteristic density local = 3308.4 deg^-2 = 0.919 arcmin^-2
Fitting aperture to hotspot...
Candidate: x_peak:        0.875, y_peak:        0.155, r_peak:        0.020, sig:        5.213, ra_peak:        9.315, dec_peak:        1.345
Characteristic density local = 3787.9 deg^-2 = 1.052 arcmin^-2
Fitting aperture to hotspot...
Candidate: x_peak:        1.125, y_peak:       -0.225, r_peak:        0.060, sig:        4.142, ra_peak:        9.565, dec_peak:        0.965
Characteristic density local = 3602.9 deg^-2 = 1.001 arcmin^-2
Fitting aperture to hotspot...
Candidate: x_peak:        1.165, y_peak:        0.085, r_peak:        0.020, sig:       10.322, ra_peak:        9.605, dec_peak:        1.275
Distance = 100.0 kpc (m-M = 20.0)
815957 objects left after isochrone cut...
Characteristic density = 3300.0 deg^-2
Characteristic density local = 2039.2 deg^-2 = 0.566 arcmin^-2
Fitting aperture to hotspot...
Candidate: x_peak:       -0.455, y_peak:        0.315, r_peak:        0.020, sig:       11.518, ra_peak:        7.985, dec_peak:        1.505
Characteristic density local = 2206.3 deg^-2 = 0.613 arcmin^-2
Fitting aperture to hotspot...
Candidate: x_peak:       -0.255, y_peak:        0.975, r_peak:        0.020, sig:        9.080, ra_peak:        8.185, dec_peak:        2.165
Characteristic density local = 3053.8 deg^-2 = 0.848 arcmin^-2
Fitting aperture to hotspot...
Candidate: x_peak:        0.155, y_peak:       -0.185, r_peak:        0.020, sig:        9.780, ra_peak:        8.595, dec_peak:        1.005
Characteristic density local = 3392.0 deg^-2 = 0.942 arcmin^-2
Fitting aperture to hotspot...
Candidate: x_peak:        0.285, y_peak:       -0.355, r_peak:        0.020, sig:        6.781, ra_peak:        8.725, dec_peak:        0.835
Characteristic density local = 3447.7 deg^-2 = 0.958 arcmin^-2
Fitting aperture to hotspot...
Candidate: x_peak:        0.725, y_peak:       -0.415, r_peak:        0.020, sig:        8.458, ra_peak:        9.165, dec_peak:        0.775
Characteristic density local = 3282.6 deg^-2 = 0.912 arcmin^-2
Fitting aperture to hotspot...
Candidate: x_peak:        0.875, y_peak:        0.155, r_peak:        0.020, sig:        5.235, ra_peak:        9.315, dec_peak:        1.345
Characteristic density local = 3787.9 deg^-2 = 1.052 arcmin^-2
Fitting aperture to hotspot...
Candidate: x_peak:        1.125, y_peak:       -0.225, r_peak:        0.060, sig:        4.142, ra_peak:        9.565, dec_peak:        0.965
Characteristic density local = 3600.9 deg^-2 = 1.000 arcmin^-2
Fitting aperture to hotspot...
Candidate: x_peak:        1.165, y_peak:        0.085, r_peak:        0.020, sig:       10.324, ra_peak:        9.605, dec_peak:        1.275
Distance = 125.9 kpc (m-M = 20.5)
813561 objects left after isochrone cut...
Characteristic density = 3200.0 deg^-2
Characteristic density local = 1977.5 deg^-2 = 0.549 arcmin^-2
Fitting aperture to hotspot...
Candidate: x_peak:       -0.455, y_peak:        0.315, r_peak:        0.020, sig:       11.612, ra_peak:        7.985, dec_peak:        1.505
Characteristic density local = 2166.5 deg^-2 = 0.602 arcmin^-2
Fitting aperture to hotspot...
Candidate: x_peak:       -0.255, y_peak:        0.975, r_peak:        0.020, sig:        9.132, ra_peak:        8.185, dec_peak:        2.165
Characteristic density local = 2968.2 deg^-2 = 0.825 arcmin^-2
Fitting aperture to hotspot...
Candidate: x_peak:        0.155, y_peak:       -0.185, r_peak:        0.020, sig:        9.873, ra_peak:        8.595, dec_peak:        1.005
Characteristic density local = 3340.3 deg^-2 = 0.928 arcmin^-2
Fitting aperture to hotspot...
Candidate: x_peak:        0.285, y_peak:       -0.355, r_peak:        0.020, sig:        6.827, ra_peak:        8.725, dec_peak:        0.835
Characteristic density local = 3413.9 deg^-2 = 0.948 arcmin^-2
Fitting aperture to hotspot...
Candidate: x_peak:        0.725, y_peak:       -0.415, r_peak:        0.020, sig:        8.490, ra_peak:        9.165, dec_peak:        0.775
Characteristic density local = 3250.7 deg^-2 = 0.903 arcmin^-2
Fitting aperture to hotspot...
Candidate: x_peak:        0.875, y_peak:        0.155, r_peak:        0.020, sig:        5.263, ra_peak:        9.315, dec_peak:        1.345
Characteristic density local = 3787.9 deg^-2 = 1.052 arcmin^-2
Fitting aperture to hotspot...
Candidate: x_peak:        1.125, y_peak:       -0.225, r_peak:        0.060, sig:        4.142, ra_peak:        9.565, dec_peak:        0.965
Characteristic density local = 3598.9 deg^-2 = 1.000 arcmin^-2
Fitting aperture to hotspot...
Candidate: x_peak:        1.165, y_peak:        0.085, r_peak:        0.020, sig:       10.326, ra_peak:        9.605, dec_peak:        1.275
Distance = 158.5 kpc (m-M = 21.0)
810921 objects left after isochrone cut...
Characteristic density = 3100.0 deg^-2
Characteristic density local = 1917.8 deg^-2 = 0.533 arcmin^-2
Fitting aperture to hotspot...
Candidate: x_peak:       -0.455, y_peak:        0.315, r_peak:        0.020, sig:       11.705, ra_peak:        7.985, dec_peak:        1.505
Characteristic density local = 2488.8 deg^-2 = 0.691 arcmin^-2
Fitting aperture to hotspot...
Candidate: x_peak:       -0.395, y_peak:       -0.005, r_peak:        0.020, sig:        6.856, ra_peak:        8.045, dec_peak:        1.185
Characteristic density local = 2110.8 deg^-2 = 0.586 arcmin^-2
Fitting aperture to hotspot...
Candidate: x_peak:       -0.255, y_peak:        0.975, r_peak:        0.020, sig:        9.206, ra_peak:        8.185, dec_peak:        2.165
Characteristic density local = 2896.6 deg^-2 = 0.805 arcmin^-2
Fitting aperture to hotspot...
Candidate: x_peak:        0.155, y_peak:       -0.185, r_peak:        0.020, sig:        9.952, ra_peak:        8.595, dec_peak:        1.005
Characteristic density local = 3300.5 deg^-2 = 0.917 arcmin^-2
Fitting aperture to hotspot...
Candidate: x_peak:        0.295, y_peak:       -0.355, r_peak:        0.020, sig:        5.787, ra_peak:        8.735, dec_peak:        0.835
Characteristic density local = 3394.0 deg^-2 = 0.943 arcmin^-2
Fitting aperture to hotspot...
Candidate: x_peak:        0.725, y_peak:       -0.415, r_peak:        0.020, sig:        8.509, ra_peak:        9.165, dec_peak:        0.775
Characteristic density local = 3209.0 deg^-2 = 0.891 arcmin^-2
Fitting aperture to hotspot...
Candidate: x_peak:        0.875, y_peak:        0.155, r_peak:        0.020, sig:        5.299, ra_peak:        9.315, dec_peak:        1.345
Characteristic density local = 3787.9 deg^-2 = 1.052 arcmin^-2
Fitting aperture to hotspot...
Candidate: x_peak:        1.125, y_peak:       -0.225, r_peak:        0.060, sig:        4.142, ra_peak:        9.565, dec_peak:        0.965
Characteristic density local = 3590.9 deg^-2 = 0.997 arcmin^-2
Fitting aperture to hotspot...
Candidate: x_peak:        1.165, y_peak:        0.085, r_peak:        0.020, sig:       10.333, ra_peak:        9.605, dec_peak:        1.275
Distance = 199.5 kpc (m-M = 21.5)
807791 objects left after isochrone cut...
Characteristic density = 3000.0 deg^-2
Characteristic density local = 1834.3 deg^-2 = 0.510 arcmin^-2
Fitting aperture to hotspot...
Candidate: x_peak:       -0.455, y_peak:        0.315, r_peak:        0.020, sig:       11.839, ra_peak:        7.985, dec_peak:        1.505
Characteristic density local = 2409.2 deg^-2 = 0.669 arcmin^-2
Fitting aperture to hotspot...
Candidate: x_peak:       -0.395, y_peak:       -0.005, r_peak:        0.020, sig:        6.944, ra_peak:        8.045, dec_peak:        1.185
Characteristic density local = 2051.1 deg^-2 = 0.570 arcmin^-2
Fitting aperture to hotspot...
Candidate: x_peak:       -0.255, y_peak:        0.975, r_peak:        0.020, sig:        9.287, ra_peak:        8.185, dec_peak:        2.165
Characteristic density local = 2801.1 deg^-2 = 0.778 arcmin^-2
Fitting aperture to hotspot...
Candidate: x_peak:        0.155, y_peak:       -0.185, r_peak:        0.020, sig:        9.828, ra_peak:        8.595, dec_peak:        1.005
Characteristic density local = 3181.1 deg^-2 = 0.884 arcmin^-2
Fitting aperture to hotspot...
Candidate: x_peak:        0.285, y_peak:       -0.355, r_peak:        0.020, sig:        6.710, ra_peak:        8.725, dec_peak:        0.835
Characteristic density local = 3352.2 deg^-2 = 0.931 arcmin^-2
Fitting aperture to hotspot...
Candidate: x_peak:        0.725, y_peak:       -0.415, r_peak:        0.020, sig:        8.549, ra_peak:        9.165, dec_peak:        0.775
Characteristic density local = 3151.3 deg^-2 = 0.875 arcmin^-2
Fitting aperture to hotspot...
Candidate: x_peak:        0.875, y_peak:        0.155, r_peak:        0.020, sig:        5.349, ra_peak:        9.315, dec_peak:        1.345
Characteristic density local = 3785.9 deg^-2 = 1.052 arcmin^-2
Fitting aperture to hotspot...
Candidate: x_peak:        1.125, y_peak:       -0.225, r_peak:        0.060, sig:        4.146, ra_peak:        9.565, dec_peak:        0.965
Characteristic density local = 3579.0 deg^-2 = 0.994 arcmin^-2
Fitting aperture to hotspot...
Candidate: x_peak:        1.165, y_peak:        0.085, r_peak:        0.020, sig:       10.345, ra_peak:        9.605, dec_peak:        1.275
Distance = 251.2 kpc (m-M = 22.0)
804103 objects left after isochrone cut...
Characteristic density = 2900.0 deg^-2
Characteristic density local = 1782.5 deg^-2 = 0.495 arcmin^-2
Fitting aperture to hotspot...
Candidate: x_peak:       -0.455, y_peak:        0.315, r_peak:        0.020, sig:       11.925, ra_peak:        7.985, dec_peak:        1.505
Characteristic density local = 1989.4 deg^-2 = 0.553 arcmin^-2
Fitting aperture to hotspot...
Candidate: x_peak:       -0.255, y_peak:        0.975, r_peak:        0.020, sig:        9.373, ra_peak:        8.185, dec_peak:        2.165
Characteristic density local = 2711.6 deg^-2 = 0.753 arcmin^-2
Fitting aperture to hotspot...
Candidate: x_peak:        0.155, y_peak:       -0.185, r_peak:        0.020, sig:        9.931, ra_peak:        8.595, dec_peak:        1.005
Characteristic density local = 3125.4 deg^-2 = 0.868 arcmin^-2
Fitting aperture to hotspot...
Candidate: x_peak:        0.295, y_peak:       -0.355, r_peak:        0.020, sig:        5.660, ra_peak:        8.735, dec_peak:        0.835
Characteristic density local = 3314.4 deg^-2 = 0.921 arcmin^-2
Fitting aperture to hotspot...
Candidate: x_peak:        0.725, y_peak:       -0.415, r_peak:        0.020, sig:        8.585, ra_peak:        9.165, dec_peak:        0.775
Characteristic density local = 3089.6 deg^-2 = 0.858 arcmin^-2
Fitting aperture to hotspot...
Candidate: x_peak:        0.875, y_peak:        0.155, r_peak:        0.020, sig:        5.403, ra_peak:        9.315, dec_peak:        1.345
Characteristic density local = 3758.0 deg^-2 = 1.044 arcmin^-2
Fitting aperture to hotspot...
Candidate: x_peak:        1.125, y_peak:       -0.225, r_peak:        0.060, sig:        4.199, ra_peak:        9.565, dec_peak:        0.965
Characteristic density local = 3553.1 deg^-2 = 0.987 arcmin^-2
Fitting aperture to hotspot...
Candidate: x_peak:        1.165, y_peak:        0.085, r_peak:        0.020, sig:       10.370, ra_peak:        9.605, dec_peak:        1.275
Distance = 316.2 kpc (m-M = 22.5)
799640 objects left after isochrone cut...
Characteristic density = 2700.0 deg^-2
Characteristic density local = 1722.9 deg^-2 = 0.479 arcmin^-2
Fitting aperture to hotspot...
Candidate: x_peak:       -0.465, y_peak:        0.325, r_peak:        0.030, sig:        9.636, ra_peak:        7.975, dec_peak:        1.515
Characteristic density local = 2210.3 deg^-2 = 0.614 arcmin^-2
Fitting aperture to hotspot...
Candidate: x_peak:       -0.395, y_peak:       -0.005, r_peak:        0.020, sig:        7.175, ra_peak:        8.045, dec_peak:        1.185
Characteristic density local = 1945.7 deg^-2 = 0.540 arcmin^-2
Fitting aperture to hotspot...
Candidate: x_peak:       -0.255, y_peak:        0.975, r_peak:        0.020, sig:        9.172, ra_peak:        8.185, dec_peak:        2.165
Characteristic density local = 2562.4 deg^-2 = 0.712 arcmin^-2
Fitting aperture to hotspot...
Candidate: x_peak:        0.155, y_peak:       -0.185, r_peak:        0.020, sig:       10.109, ra_peak:        8.595, dec_peak:        1.005
Characteristic density local = 2988.1 deg^-2 = 0.830 arcmin^-2
Fitting aperture to hotspot...
Candidate: x_peak:        0.295, y_peak:       -0.355, r_peak:        0.020, sig:        5.785, ra_peak:        8.735, dec_peak:        0.835
Characteristic density local = 3224.9 deg^-2 = 0.896 arcmin^-2
Fitting aperture to hotspot...
Candidate: x_peak:        0.725, y_peak:       -0.415, r_peak:        0.020, sig:        8.434, ra_peak:        9.165, dec_peak:        0.775
Characteristic density local = 2994.1 deg^-2 = 0.832 arcmin^-2
Fitting aperture to hotspot...
Candidate: x_peak:        0.875, y_peak:        0.155, r_peak:        0.020, sig:        5.489, ra_peak:        9.315, dec_peak:        1.345
Characteristic density local = 3674.5 deg^-2 = 1.021 arcmin^-2
Fitting aperture to hotspot...
Candidate: x_peak:        1.125, y_peak:       -0.225, r_peak:        0.060, sig:        4.232, ra_peak:        9.565, dec_peak:        0.965
Characteristic density local = 3471.6 deg^-2 = 0.964 arcmin^-2
Fitting aperture to hotspot...
Candidate: x_peak:        1.165, y_peak:        0.085, r_peak:        0.020, sig:       10.452, ra_peak:        9.605, dec_peak:        1.275
Distance = 398.1 kpc (m-M = 23.0)
793929 objects left after isochrone cut...
Characteristic density = 2500.0 deg^-2
Characteristic density local = 1649.2 deg^-2 = 0.458 arcmin^-2
Fitting aperture to hotspot...
Candidate: x_peak:       -0.465, y_peak:        0.325, r_peak:        0.030, sig:        9.789, ra_peak:        7.975, dec_peak:        1.515
Characteristic density local = 2081.0 deg^-2 = 0.578 arcmin^-2
Fitting aperture to hotspot...
Candidate: x_peak:       -0.395, y_peak:       -0.005, r_peak:        0.020, sig:        7.333, ra_peak:        8.045, dec_peak:        1.185
Characteristic density local = 1886.0 deg^-2 = 0.524 arcmin^-2
Fitting aperture to hotspot...
Candidate: x_peak:       -0.255, y_peak:        0.975, r_peak:        0.020, sig:        8.990, ra_peak:        8.185, dec_peak:        2.165
Characteristic density local = 2383.3 deg^-2 = 0.662 arcmin^-2
Fitting aperture to hotspot...
Candidate: x_peak:        0.155, y_peak:       -0.185, r_peak:        0.020, sig:       10.333, ra_peak:        8.595, dec_peak:        1.005
Characteristic density local = 2743.4 deg^-2 = 0.762 arcmin^-2
Fitting aperture to hotspot...
Candidate: x_peak:        0.285, y_peak:       -0.355, r_peak:        0.020, sig:        6.866, ra_peak:        8.725, dec_peak:        0.835
Characteristic density local = 3049.8 deg^-2 = 0.847 arcmin^-2
Fitting aperture to hotspot...
Candidate: x_peak:        0.735, y_peak:       -0.415, r_peak:        0.020, sig:        7.616, ra_peak:        9.175, dec_peak:        0.775
Characteristic density local = 2811.1 deg^-2 = 0.781 arcmin^-2
Fitting aperture to hotspot...
Candidate: x_peak:        0.875, y_peak:        0.155, r_peak:        0.020, sig:        5.660, ra_peak:        9.315, dec_peak:        1.345
Characteristic density local = 3483.5 deg^-2 = 0.968 arcmin^-2
Fitting aperture to hotspot...
Candidate: x_peak:        1.125, y_peak:       -0.225, r_peak:        0.050, sig:        3.826, ra_peak:        9.565, dec_peak:        0.965
Characteristic density local = 3272.6 deg^-2 = 0.909 arcmin^-2
Fitting aperture to hotspot...
Candidate: x_peak:        1.165, y_peak:        0.085, r_peak:        0.020, sig:       10.656, ra_peak:        9.605, dec_peak:        1.275
11.92 sigma; (RA, Dec, d) = (7.98, 1.50); r = 0.02 deg; d = 251.2, mu = 22.00 mag), mc_source_id: 0.00
10.66 sigma; (RA, Dec, d) = (9.61, 1.27); r = 0.02 deg; d = 398.1, mu = 23.00 mag), mc_source_id: 0.00
10.33 sigma; (RA, Dec, d) = (8.60, 1.00); r = 0.02 deg; d = 398.1, mu = 23.00 mag), mc_source_id: 0.00
9.37 sigma; (RA, Dec, d) = (8.18, 2.16); r = 0.02 deg; d = 251.2, mu = 22.00 mag), mc_source_id: 0.00
8.59 sigma; (RA, Dec, d) = (9.17, 0.77); r = 0.02 deg; d = 251.2, mu = 22.00 mag), mc_source_id: 0.00
7.43 sigma; (RA, Dec, d) = (8.96, 1.62); r = 0.02 deg; d = 31.6, mu = 17.50 mag), mc_source_id: 0.00
7.33 sigma; (RA, Dec, d) = (8.04, 1.18); r = 0.02 deg; d = 398.1, mu = 23.00 mag), mc_source_id: 0.00
6.87 sigma; (RA, Dec, d) = (8.73, 0.83); r = 0.02 deg; d = 398.1, mu = 23.00 mag), mc_source_id: 0.00
5.66 sigma; (RA, Dec, d) = (9.32, 1.34); r = 0.02 deg; d = 398.1, mu = 23.00 mag), mc_source_id: 0.00
4.23 sigma; (RA, Dec, d) = (9.57, 0.96); r = 0.06 deg; d = 316.2, mu = 22.50 mag), mc_source_id: 0.00

------------------------------------------------------------
Job <680824.0> was submitted from <des51.fnal.gov> by user <tavangar>.
Job was executed on host <des40.fnal.gov> as user <tavangar>.
</var/lib/condor/execute/dir_2006510> was used as the initial working directory.
Results reported at Wed Jun  5 11:48:35 CDT 2019

Your job looked like:

------------------------------------------------------------
python /home/s1/tavangar/tavangar_simple/search_algorithm.py 8.44 1.19 0.00 /home/s1/tavangar/tavangar_simple/decals_dr7_results/results_nside_32_5955.csv /home/s1/tavangar/tavangar_simple/decals_dr7_results/decals_dr7_log/results_nside_32_5955.log
------------------------------------------------------------

Successfully completed.

Resource usage summary:

	Real time :			249.81 sec.
	CPU time :			29.62 sec.
	CPU percentage :		95%
	Max Memory :			7426192 KB
	Average Memory :		0 KB

The output (if any) is above this job summary.
