/home/s1/tavangar/tavangar_simple/simple_utils.py:170: FutureWarning: elementwise comparison failed; returning scalar instead, but in the future will perform elementwise comparison
  if np.all(isochrone.stage == 'Main'):
Search coordinates: (RA, Dec) = (334.69, -5.98)
Center healpixel: 6839
Healpixels: [6839 6966 6838 6710 6583 6711 6840 6967 7095]
MC_SOURCE_ID = 0.0
mode = 0: running only on real data
Found 1 objects...
Applying cuts...
519203 star-like objects in ROI...
613678 galaxy-like objects in ROI...
No fracdet map specified ...
Distance = 15.8 kpc (m-M = 16.0)
519185 objects left after isochrone cut...
Characteristic density = 6900.0 deg^-2
Characteristic density local = 7796.6 deg^-2 = 2.166 arcmin^-2
Fitting aperture to hotspot...
Candidate: x_peak:       -1.125, y_peak:        0.235, r_peak:        0.020, sig:       11.435, ra_peak:      333.559, dec_peak:       -5.744
Characteristic density local = 7557.9 deg^-2 = 2.099 arcmin^-2
Fitting aperture to hotspot...
Candidate: x_peak:       -0.985, y_peak:        0.095, r_peak:        0.020, sig:        8.064, ra_peak:      333.700, dec_peak:       -5.884
Characteristic density local = 7557.9 deg^-2 = 2.099 arcmin^-2
Fitting aperture to hotspot...
Candidate: x_peak:       -0.885, y_peak:        0.395, r_peak:        0.020, sig:        7.682, ra_peak:      333.801, dec_peak:       -5.584
Characteristic density local = 7625.5 deg^-2 = 2.118 arcmin^-2
Fitting aperture to hotspot...
Candidate: x_peak:       -0.765, y_peak:        0.295, r_peak:        0.040, sig:        4.670, ra_peak:      333.921, dec_peak:       -5.684
Characteristic density local = 6692.5 deg^-2 = 1.859 arcmin^-2
Fitting aperture to hotspot...
Candidate: x_peak:       -0.415, y_peak:        0.585, r_peak:        0.030, sig:       15.376, ra_peak:      334.273, dec_peak:       -5.395
Characteristic density local = 6900.0 deg^-2 = 1.917 arcmin^-2
Fitting aperture to hotspot...
Candidate: x_peak:        0.645, y_peak:       -0.155, r_peak:        0.020, sig:        5.352, ra_peak:      335.339, dec_peak:       -6.135
Characteristic density local = 6900.0 deg^-2 = 1.917 arcmin^-2
Fitting aperture to hotspot...
Candidate: x_peak:        0.745, y_peak:       -0.195, r_peak:        0.030, sig:        6.982, ra_peak:      335.439, dec_peak:       -6.174
Distance = 20.0 kpc (m-M = 16.5)
519193 objects left after isochrone cut...
Characteristic density = 6900.0 deg^-2
Characteristic density local = 7796.6 deg^-2 = 2.166 arcmin^-2
Fitting aperture to hotspot...
Candidate: x_peak:       -1.125, y_peak:        0.235, r_peak:        0.020, sig:       11.435, ra_peak:      333.559, dec_peak:       -5.744
Characteristic density local = 7557.9 deg^-2 = 2.099 arcmin^-2
Fitting aperture to hotspot...
Candidate: x_peak:       -0.985, y_peak:        0.095, r_peak:        0.020, sig:        8.064, ra_peak:      333.700, dec_peak:       -5.884
Characteristic density local = 7557.9 deg^-2 = 2.099 arcmin^-2
Fitting aperture to hotspot...
Candidate: x_peak:       -0.885, y_peak:        0.395, r_peak:        0.020, sig:        7.682, ra_peak:      333.801, dec_peak:       -5.584
Characteristic density local = 7625.5 deg^-2 = 2.118 arcmin^-2
Fitting aperture to hotspot...
Candidate: x_peak:       -0.765, y_peak:        0.295, r_peak:        0.040, sig:        4.670, ra_peak:      333.921, dec_peak:       -5.684
Characteristic density local = 6692.5 deg^-2 = 1.859 arcmin^-2
Fitting aperture to hotspot...
Candidate: x_peak:       -0.415, y_peak:        0.585, r_peak:        0.030, sig:       15.376, ra_peak:      334.273, dec_peak:       -5.395
Characteristic density local = 6900.0 deg^-2 = 1.917 arcmin^-2
Fitting aperture to hotspot...
Candidate: x_peak:        0.645, y_peak:       -0.155, r_peak:        0.020, sig:        5.352, ra_peak:      335.339, dec_peak:       -6.135
Characteristic density local = 6900.0 deg^-2 = 1.917 arcmin^-2
Fitting aperture to hotspot...
Candidate: x_peak:        0.745, y_peak:       -0.195, r_peak:        0.030, sig:        6.982, ra_peak:      335.439, dec_peak:       -6.174
Distance = 25.1 kpc (m-M = 17.0)
519195 objects left after isochrone cut...
Characteristic density = 6900.0 deg^-2
Characteristic density local = 7796.6 deg^-2 = 2.166 arcmin^-2
Fitting aperture to hotspot...
Candidate: x_peak:       -1.125, y_peak:        0.235, r_peak:        0.020, sig:       11.435, ra_peak:      333.559, dec_peak:       -5.744
Characteristic density local = 7557.9 deg^-2 = 2.099 arcmin^-2
Fitting aperture to hotspot...
Candidate: x_peak:       -0.985, y_peak:        0.095, r_peak:        0.020, sig:        8.064, ra_peak:      333.700, dec_peak:       -5.884
Characteristic density local = 7557.9 deg^-2 = 2.099 arcmin^-2
Fitting aperture to hotspot...
Candidate: x_peak:       -0.885, y_peak:        0.395, r_peak:        0.020, sig:        7.682, ra_peak:      333.801, dec_peak:       -5.584
Characteristic density local = 7625.5 deg^-2 = 2.118 arcmin^-2
Fitting aperture to hotspot...
Candidate: x_peak:       -0.765, y_peak:        0.295, r_peak:        0.040, sig:        4.670, ra_peak:      333.921, dec_peak:       -5.684
Characteristic density local = 6692.5 deg^-2 = 1.859 arcmin^-2
Fitting aperture to hotspot...
Candidate: x_peak:       -0.415, y_peak:        0.585, r_peak:        0.030, sig:       15.376, ra_peak:      334.273, dec_peak:       -5.395
Characteristic density local = 6900.0 deg^-2 = 1.917 arcmin^-2
Fitting aperture to hotspot...
Candidate: x_peak:        0.645, y_peak:       -0.155, r_peak:        0.020, sig:        5.352, ra_peak:      335.339, dec_peak:       -6.135
Characteristic density local = 6900.0 deg^-2 = 1.917 arcmin^-2
Fitting aperture to hotspot...
Candidate: x_peak:        0.745, y_peak:       -0.195, r_peak:        0.030, sig:        6.982, ra_peak:      335.439, dec_peak:       -6.174
Distance = 31.6 kpc (m-M = 17.5)
519193 objects left after isochrone cut...
Characteristic density = 6900.0 deg^-2
Characteristic density local = 7796.6 deg^-2 = 2.166 arcmin^-2
Fitting aperture to hotspot...
Candidate: x_peak:       -1.125, y_peak:        0.235, r_peak:        0.020, sig:       11.435, ra_peak:      333.559, dec_peak:       -5.744
Characteristic density local = 7555.9 deg^-2 = 2.099 arcmin^-2
Fitting aperture to hotspot...
Candidate: x_peak:       -0.985, y_peak:        0.095, r_peak:        0.020, sig:        8.065, ra_peak:      333.700, dec_peak:       -5.884
Characteristic density local = 7555.9 deg^-2 = 2.099 arcmin^-2
Fitting aperture to hotspot...
Candidate: x_peak:       -0.885, y_peak:        0.395, r_peak:        0.020, sig:        7.683, ra_peak:      333.801, dec_peak:       -5.584
Characteristic density local = 7625.5 deg^-2 = 2.118 arcmin^-2
Fitting aperture to hotspot...
Candidate: x_peak:       -0.765, y_peak:        0.295, r_peak:        0.040, sig:        4.670, ra_peak:      333.921, dec_peak:       -5.684
Characteristic density local = 6690.5 deg^-2 = 1.858 arcmin^-2
Fitting aperture to hotspot...
Candidate: x_peak:       -0.415, y_peak:        0.585, r_peak:        0.030, sig:       15.378, ra_peak:      334.273, dec_peak:       -5.395
Characteristic density local = 6900.0 deg^-2 = 1.917 arcmin^-2
Fitting aperture to hotspot...
Candidate: x_peak:        0.645, y_peak:       -0.155, r_peak:        0.020, sig:        5.352, ra_peak:      335.339, dec_peak:       -6.135
Characteristic density local = 6900.0 deg^-2 = 1.917 arcmin^-2
Fitting aperture to hotspot...
Candidate: x_peak:        0.745, y_peak:       -0.195, r_peak:        0.030, sig:        6.982, ra_peak:      335.439, dec_peak:       -6.174
Distance = 39.8 kpc (m-M = 18.0)
519017 objects left after isochrone cut...
Characteristic density = 6900.0 deg^-2
Characteristic density local = 7794.6 deg^-2 = 2.165 arcmin^-2
Fitting aperture to hotspot...
Candidate: x_peak:       -1.125, y_peak:        0.235, r_peak:        0.020, sig:       11.437, ra_peak:      333.559, dec_peak:       -5.744
Characteristic density local = 7553.9 deg^-2 = 2.098 arcmin^-2
Fitting aperture to hotspot...
Candidate: x_peak:       -0.985, y_peak:        0.095, r_peak:        0.020, sig:        8.066, ra_peak:      333.700, dec_peak:       -5.884
Characteristic density local = 7555.9 deg^-2 = 2.099 arcmin^-2
Fitting aperture to hotspot...
Candidate: x_peak:       -0.885, y_peak:        0.395, r_peak:        0.020, sig:        7.683, ra_peak:      333.801, dec_peak:       -5.584
Characteristic density local = 7625.5 deg^-2 = 2.118 arcmin^-2
Fitting aperture to hotspot...
Candidate: x_peak:       -0.765, y_peak:        0.295, r_peak:        0.040, sig:        4.670, ra_peak:      333.921, dec_peak:       -5.684
Characteristic density local = 6690.5 deg^-2 = 1.858 arcmin^-2
Fitting aperture to hotspot...
Candidate: x_peak:       -0.415, y_peak:        0.585, r_peak:        0.030, sig:       15.378, ra_peak:      334.273, dec_peak:       -5.395
Characteristic density local = 6900.0 deg^-2 = 1.917 arcmin^-2
Fitting aperture to hotspot...
Candidate: x_peak:        0.645, y_peak:       -0.155, r_peak:        0.020, sig:        5.352, ra_peak:      335.339, dec_peak:       -6.135
Characteristic density local = 6900.0 deg^-2 = 1.917 arcmin^-2
Fitting aperture to hotspot...
Candidate: x_peak:        0.745, y_peak:       -0.195, r_peak:        0.030, sig:        6.982, ra_peak:      335.439, dec_peak:       -6.174
Distance = 50.1 kpc (m-M = 18.5)
517788 objects left after isochrone cut...
Characteristic density = 6900.0 deg^-2
Characteristic density local = 7740.9 deg^-2 = 2.150 arcmin^-2
Fitting aperture to hotspot...
Candidate: x_peak:       -1.125, y_peak:        0.235, r_peak:        0.020, sig:       11.469, ra_peak:      333.559, dec_peak:       -5.744
Characteristic density local = 7756.8 deg^-2 = 2.155 arcmin^-2
Fitting aperture to hotspot...
Candidate: x_peak:       -1.035, y_peak:       -0.005, r_peak:        0.010, sig:        4.269, ra_peak:      333.649, dec_peak:       -5.984
Characteristic density local = 7514.1 deg^-2 = 2.087 arcmin^-2
Fitting aperture to hotspot...
Candidate: x_peak:       -0.985, y_peak:        0.095, r_peak:        0.020, sig:        8.089, ra_peak:      333.700, dec_peak:       -5.884
Characteristic density local = 7506.1 deg^-2 = 2.085 arcmin^-2
Fitting aperture to hotspot...
Candidate: x_peak:       -0.885, y_peak:        0.395, r_peak:        0.020, sig:        7.711, ra_peak:      333.801, dec_peak:       -5.584
Characteristic density local = 6642.7 deg^-2 = 1.845 arcmin^-2
Fitting aperture to hotspot...
Candidate: x_peak:       -0.415, y_peak:        0.585, r_peak:        0.030, sig:       15.425, ra_peak:      334.273, dec_peak:       -5.395
Characteristic density local = 6933.2 deg^-2 = 1.926 arcmin^-2
Fitting aperture to hotspot...
Candidate: x_peak:       -0.355, y_peak:       -0.625, r_peak:        0.030, sig:        3.977, ra_peak:      334.333, dec_peak:       -6.605
Characteristic density local = 5984.2 deg^-2 = 1.662 arcmin^-2
Fitting aperture to hotspot...
Candidate: x_peak:        0.355, y_peak:        0.855, r_peak:        0.060, sig:        5.495, ra_peak:      335.046, dec_peak:       -5.125
Characteristic density local = 6900.0 deg^-2 = 1.917 arcmin^-2
Fitting aperture to hotspot...
Candidate: x_peak:        0.645, y_peak:       -0.155, r_peak:        0.020, sig:        5.352, ra_peak:      335.339, dec_peak:       -6.135
Characteristic density local = 6900.0 deg^-2 = 1.917 arcmin^-2
Fitting aperture to hotspot...
Candidate: x_peak:        0.745, y_peak:       -0.195, r_peak:        0.030, sig:        6.982, ra_peak:      335.439, dec_peak:       -6.174
Distance = 63.1 kpc (m-M = 19.0)
515244 objects left after isochrone cut...
Characteristic density = 6800.0 deg^-2
Characteristic density local = 7641.4 deg^-2 = 2.123 arcmin^-2
Fitting aperture to hotspot...
Candidate: x_peak:       -1.125, y_peak:        0.235, r_peak:        0.020, sig:       11.530, ra_peak:      333.559, dec_peak:       -5.744
Characteristic density local = 7703.1 deg^-2 = 2.140 arcmin^-2
Fitting aperture to hotspot...
Candidate: x_peak:       -1.045, y_peak:       -0.005, r_peak:        0.020, sig:        5.153, ra_peak:      333.639, dec_peak:       -5.984
Characteristic density local = 7410.7 deg^-2 = 2.059 arcmin^-2
Fitting aperture to hotspot...
Candidate: x_peak:       -0.985, y_peak:        0.095, r_peak:        0.020, sig:        8.147, ra_peak:      333.700, dec_peak:       -5.884
Characteristic density local = 7398.7 deg^-2 = 2.055 arcmin^-2
Fitting aperture to hotspot...
Candidate: x_peak:       -0.885, y_peak:        0.395, r_peak:        0.020, sig:        7.771, ra_peak:      333.801, dec_peak:       -5.584
Characteristic density local = 6453.7 deg^-2 = 1.793 arcmin^-2
Fitting aperture to hotspot...
Candidate: x_peak:       -0.405, y_peak:        0.585, r_peak:        0.030, sig:       15.611, ra_peak:      334.283, dec_peak:       -5.395
Characteristic density local = 6847.6 deg^-2 = 1.902 arcmin^-2
Fitting aperture to hotspot...
Candidate: x_peak:       -0.355, y_peak:       -0.615, r_peak:        0.030, sig:        3.681, ra_peak:      334.333, dec_peak:       -6.595
Characteristic density local = 5914.6 deg^-2 = 1.643 arcmin^-2
Fitting aperture to hotspot...
Candidate: x_peak:        0.355, y_peak:        0.855, r_peak:        0.060, sig:        5.602, ra_peak:      335.046, dec_peak:       -5.125
Characteristic density local = 6800.0 deg^-2 = 1.889 arcmin^-2
Fitting aperture to hotspot...
Candidate: x_peak:        0.635, y_peak:       -0.155, r_peak:        0.020, sig:        4.486, ra_peak:      335.329, dec_peak:       -6.135
Characteristic density local = 6800.0 deg^-2 = 1.889 arcmin^-2
Fitting aperture to hotspot...
Candidate: x_peak:        0.745, y_peak:       -0.195, r_peak:        0.030, sig:        7.062, ra_peak:      335.439, dec_peak:       -6.174
Distance = 79.4 kpc (m-M = 19.5)
512013 objects left after isochrone cut...
Characteristic density = 6700.0 deg^-2
Characteristic density local = 7486.3 deg^-2 = 2.080 arcmin^-2
Fitting aperture to hotspot...
Candidate: x_peak:       -1.125, y_peak:        0.235, r_peak:        0.020, sig:       11.626, ra_peak:      333.559, dec_peak:       -5.744
Characteristic density local = 7569.8 deg^-2 = 2.103 arcmin^-2
Fitting aperture to hotspot...
Candidate: x_peak:       -1.045, y_peak:       -0.005, r_peak:        0.020, sig:        5.220, ra_peak:      333.639, dec_peak:       -5.984
Characteristic density local = 7253.5 deg^-2 = 2.015 arcmin^-2
Fitting aperture to hotspot...
Candidate: x_peak:       -0.985, y_peak:        0.095, r_peak:        0.020, sig:        8.238, ra_peak:      333.700, dec_peak:       -5.884
Characteristic density local = 7261.4 deg^-2 = 2.017 arcmin^-2
Fitting aperture to hotspot...
Candidate: x_peak:       -0.885, y_peak:        0.395, r_peak:        0.020, sig:        7.849, ra_peak:      333.801, dec_peak:       -5.584
Characteristic density local = 6320.4 deg^-2 = 1.756 arcmin^-2
Fitting aperture to hotspot...
Candidate: x_peak:       -0.405, y_peak:        0.585, r_peak:        0.030, sig:       15.745, ra_peak:      334.283, dec_peak:       -5.395
Characteristic density local = 5809.2 deg^-2 = 1.614 arcmin^-2
Fitting aperture to hotspot...
Candidate: x_peak:        0.345, y_peak:        0.855, r_peak:        0.060, sig:        5.561, ra_peak:      335.036, dec_peak:       -5.125
Characteristic density local = 6700.0 deg^-2 = 1.861 arcmin^-2
Fitting aperture to hotspot...
Candidate: x_peak:        0.635, y_peak:       -0.155, r_peak:        0.020, sig:        4.539, ra_peak:      335.329, dec_peak:       -6.135
Characteristic density local = 6700.0 deg^-2 = 1.861 arcmin^-2
Fitting aperture to hotspot...
Candidate: x_peak:        0.745, y_peak:       -0.195, r_peak:        0.030, sig:        7.142, ra_peak:      335.439, dec_peak:       -6.174
Distance = 100.0 kpc (m-M = 20.0)
507940 objects left after isochrone cut...
Characteristic density = 6500.0 deg^-2
Characteristic density local = 7315.2 deg^-2 = 2.032 arcmin^-2
Fitting aperture to hotspot...
Candidate: x_peak:       -1.125, y_peak:        0.235, r_peak:        0.020, sig:       11.568, ra_peak:      333.559, dec_peak:       -5.744
Characteristic density local = 7394.7 deg^-2 = 2.054 arcmin^-2
Fitting aperture to hotspot...
Candidate: x_peak:       -1.045, y_peak:       -0.005, r_peak:        0.020, sig:        5.311, ra_peak:      333.639, dec_peak:       -5.984
Characteristic density local = 7090.4 deg^-2 = 1.970 arcmin^-2
Fitting aperture to hotspot...
Candidate: x_peak:       -0.985, y_peak:        0.095, r_peak:        0.020, sig:        8.333, ra_peak:      333.700, dec_peak:       -5.884
Characteristic density local = 7084.4 deg^-2 = 1.968 arcmin^-2
Fitting aperture to hotspot...
Candidate: x_peak:       -0.885, y_peak:        0.395, r_peak:        0.020, sig:        7.951, ra_peak:      333.801, dec_peak:       -5.584
Characteristic density local = 7211.7 deg^-2 = 2.003 arcmin^-2
Fitting aperture to hotspot...
Candidate: x_peak:       -0.765, y_peak:        0.295, r_peak:        0.040, sig:        4.921, ra_peak:      333.921, dec_peak:       -5.684
Characteristic density local = 6201.1 deg^-2 = 1.723 arcmin^-2
Fitting aperture to hotspot...
Candidate: x_peak:       -0.405, y_peak:        0.585, r_peak:        0.030, sig:       15.867, ra_peak:      334.283, dec_peak:       -5.395
Characteristic density local = 5703.7 deg^-2 = 1.584 arcmin^-2
Fitting aperture to hotspot...
Candidate: x_peak:        0.345, y_peak:        0.855, r_peak:        0.050, sig:        5.657, ra_peak:      335.036, dec_peak:       -5.125
Characteristic density local = 6500.0 deg^-2 = 1.806 arcmin^-2
Fitting aperture to hotspot...
Candidate: x_peak:        0.645, y_peak:       -0.155, r_peak:        0.020, sig:        5.575, ra_peak:      335.339, dec_peak:       -6.135
Characteristic density local = 6500.0 deg^-2 = 1.806 arcmin^-2
Fitting aperture to hotspot...
Candidate: x_peak:        0.745, y_peak:       -0.195, r_peak:        0.030, sig:        7.306, ra_peak:      335.439, dec_peak:       -6.174
Distance = 125.9 kpc (m-M = 20.5)
502997 objects left after isochrone cut...
Characteristic density = 6300.0 deg^-2
Characteristic density local = 7110.2 deg^-2 = 1.975 arcmin^-2
Fitting aperture to hotspot...
Candidate: x_peak:       -1.125, y_peak:        0.235, r_peak:        0.020, sig:       11.532, ra_peak:      333.559, dec_peak:       -5.744
Characteristic density local = 7201.8 deg^-2 = 2.000 arcmin^-2
Fitting aperture to hotspot...
Candidate: x_peak:       -1.045, y_peak:       -0.005, r_peak:        0.020, sig:        5.412, ra_peak:      333.639, dec_peak:       -5.984
Characteristic density local = 6903.3 deg^-2 = 1.918 arcmin^-2
Fitting aperture to hotspot...
Candidate: x_peak:       -0.985, y_peak:        0.095, r_peak:        0.020, sig:        8.444, ra_peak:      333.700, dec_peak:       -5.884
Characteristic density local = 6893.4 deg^-2 = 1.915 arcmin^-2
Fitting aperture to hotspot...
Candidate: x_peak:       -0.885, y_peak:        0.395, r_peak:        0.020, sig:        8.064, ra_peak:      333.801, dec_peak:       -5.584
Characteristic density local = 7026.7 deg^-2 = 1.952 arcmin^-2
Fitting aperture to hotspot...
Candidate: x_peak:       -0.765, y_peak:        0.295, r_peak:        0.040, sig:        4.829, ra_peak:      333.921, dec_peak:       -5.684
Characteristic density local = 6032.0 deg^-2 = 1.676 arcmin^-2
Fitting aperture to hotspot...
Candidate: x_peak:       -0.405, y_peak:        0.585, r_peak:        0.030, sig:       16.043, ra_peak:      334.283, dec_peak:       -5.395
Characteristic density local = 5554.5 deg^-2 = 1.543 arcmin^-2
Fitting aperture to hotspot...
Candidate: x_peak:        0.355, y_peak:        0.855, r_peak:        0.060, sig:        5.756, ra_peak:      335.046, dec_peak:       -5.125
Characteristic density local = 6300.0 deg^-2 = 1.750 arcmin^-2
Fitting aperture to hotspot...
Candidate: x_peak:        0.645, y_peak:       -0.155, r_peak:        0.020, sig:        5.689, ra_peak:      335.339, dec_peak:       -6.135
Characteristic density local = 6300.0 deg^-2 = 1.750 arcmin^-2
Fitting aperture to hotspot...
Candidate: x_peak:        0.745, y_peak:       -0.195, r_peak:        0.030, sig:        7.474, ra_peak:      335.439, dec_peak:       -6.174
Distance = 158.5 kpc (m-M = 21.0)
497172 objects left after isochrone cut...
Characteristic density = 6100.0 deg^-2
Characteristic density local = 6855.6 deg^-2 = 1.904 arcmin^-2
Fitting aperture to hotspot...
Candidate: x_peak:       -1.125, y_peak:        0.235, r_peak:        0.020, sig:       11.699, ra_peak:      333.559, dec_peak:       -5.744
Characteristic density local = 6678.5 deg^-2 = 1.855 arcmin^-2
Fitting aperture to hotspot...
Candidate: x_peak:       -0.985, y_peak:        0.095, r_peak:        0.020, sig:        8.388, ra_peak:      333.700, dec_peak:       -5.884
Characteristic density local = 6682.5 deg^-2 = 1.856 arcmin^-2
Fitting aperture to hotspot...
Candidate: x_peak:       -0.885, y_peak:        0.395, r_peak:        0.020, sig:        8.191, ra_peak:      333.801, dec_peak:       -5.584
Characteristic density local = 6813.8 deg^-2 = 1.893 arcmin^-2
Fitting aperture to hotspot...
Candidate: x_peak:       -0.765, y_peak:        0.295, r_peak:        0.040, sig:        5.034, ra_peak:      333.921, dec_peak:       -5.684
Characteristic density local = 5912.6 deg^-2 = 1.642 arcmin^-2
Fitting aperture to hotspot...
Candidate: x_peak:       -0.415, y_peak:        0.585, r_peak:        0.030, sig:       15.926, ra_peak:      334.273, dec_peak:       -5.395
Characteristic density local = 6100.0 deg^-2 = 1.694 arcmin^-2
Fitting aperture to hotspot...
Candidate: x_peak:        0.645, y_peak:       -0.155, r_peak:        0.020, sig:        5.807, ra_peak:      335.339, dec_peak:       -6.135
Characteristic density local = 6100.0 deg^-2 = 1.694 arcmin^-2
Fitting aperture to hotspot...
Candidate: x_peak:        0.745, y_peak:       -0.195, r_peak:        0.030, sig:        7.646, ra_peak:      335.439, dec_peak:       -6.174
Distance = 199.5 kpc (m-M = 21.5)
490479 objects left after isochrone cut...
Characteristic density = 5800.0 deg^-2
Characteristic density local = 6551.2 deg^-2 = 1.820 arcmin^-2
Fitting aperture to hotspot...
Candidate: x_peak:       -1.125, y_peak:        0.235, r_peak:        0.020, sig:       11.904, ra_peak:      333.559, dec_peak:       -5.744
Characteristic density local = 6616.9 deg^-2 = 1.838 arcmin^-2
Fitting aperture to hotspot...
Candidate: x_peak:       -1.045, y_peak:       -0.005, r_peak:        0.020, sig:        5.732, ra_peak:      333.639, dec_peak:       -5.984
Characteristic density local = 6356.3 deg^-2 = 1.766 arcmin^-2
Fitting aperture to hotspot...
Candidate: x_peak:       -0.985, y_peak:        0.095, r_peak:        0.020, sig:        8.590, ra_peak:      333.700, dec_peak:       -5.884
Characteristic density local = 6439.8 deg^-2 = 1.789 arcmin^-2
Fitting aperture to hotspot...
Candidate: x_peak:       -0.885, y_peak:        0.395, r_peak:        0.020, sig:        8.341, ra_peak:      333.801, dec_peak:       -5.584
Characteristic density local = 6537.3 deg^-2 = 1.816 arcmin^-2
Fitting aperture to hotspot...
Candidate: x_peak:       -0.765, y_peak:        0.295, r_peak:        0.040, sig:        5.034, ra_peak:      333.921, dec_peak:       -5.684
Characteristic density local = 5656.0 deg^-2 = 1.571 arcmin^-2
Fitting aperture to hotspot...
Candidate: x_peak:       -0.415, y_peak:        0.585, r_peak:        0.030, sig:       16.204, ra_peak:      334.273, dec_peak:       -5.395
Characteristic density local = 5140.7 deg^-2 = 1.428 arcmin^-2
Fitting aperture to hotspot...
Candidate: x_peak:        0.355, y_peak:        0.855, r_peak:        0.060, sig:        5.588, ra_peak:      335.046, dec_peak:       -5.125
Characteristic density local = 5800.0 deg^-2 = 1.611 arcmin^-2
Fitting aperture to hotspot...
Candidate: x_peak:        0.645, y_peak:       -0.155, r_peak:        0.020, sig:        5.758, ra_peak:      335.339, dec_peak:       -6.135
Characteristic density local = 5800.0 deg^-2 = 1.611 arcmin^-2
Fitting aperture to hotspot...
Candidate: x_peak:        0.755, y_peak:       -0.195, r_peak:        0.030, sig:        7.911, ra_peak:      335.449, dec_peak:       -6.174
Distance = 251.2 kpc (m-M = 22.0)
482478 objects left after isochrone cut...
Characteristic density = 5500.0 deg^-2
Characteristic density local = 6224.9 deg^-2 = 1.729 arcmin^-2
Fitting aperture to hotspot...
Candidate: x_peak:       -1.125, y_peak:        0.235, r_peak:        0.020, sig:       12.133, ra_peak:      333.559, dec_peak:       -5.744
Characteristic density local = 6330.4 deg^-2 = 1.758 arcmin^-2
Fitting aperture to hotspot...
Candidate: x_peak:       -1.045, y_peak:        0.005, r_peak:        0.020, sig:        5.213, ra_peak:      333.639, dec_peak:       -5.974
Characteristic density local = 6103.6 deg^-2 = 1.695 arcmin^-2
Fitting aperture to hotspot...
Candidate: x_peak:       -0.995, y_peak:        0.095, r_peak:        0.020, sig:        8.556, ra_peak:      333.690, dec_peak:       -5.884
Characteristic density local = 6087.7 deg^-2 = 1.691 arcmin^-2
Fitting aperture to hotspot...
Candidate: x_peak:       -0.885, y_peak:        0.395, r_peak:        0.020, sig:        8.566, ra_peak:      333.801, dec_peak:       -5.584
Characteristic density local = 6175.2 deg^-2 = 1.715 arcmin^-2
Fitting aperture to hotspot...
Candidate: x_peak:       -0.765, y_peak:        0.295, r_peak:        0.040, sig:        4.983, ra_peak:      333.921, dec_peak:       -5.684
Characteristic density local = 5343.6 deg^-2 = 1.484 arcmin^-2
Fitting aperture to hotspot...
Candidate: x_peak:       -0.415, y_peak:        0.585, r_peak:        0.030, sig:       16.307, ra_peak:      334.273, dec_peak:       -5.395
Characteristic density local = 4888.0 deg^-2 = 1.358 arcmin^-2
Fitting aperture to hotspot...
Candidate: x_peak:        0.355, y_peak:        0.855, r_peak:        0.060, sig:        5.360, ra_peak:      335.046, dec_peak:       -5.125
Characteristic density local = 5500.0 deg^-2 = 1.528 arcmin^-2
Fitting aperture to hotspot...
Candidate: x_peak:        0.645, y_peak:       -0.155, r_peak:        0.020, sig:        5.710, ra_peak:      335.339, dec_peak:       -6.135
Characteristic density local = 5500.0 deg^-2 = 1.528 arcmin^-2
Fitting aperture to hotspot...
Candidate: x_peak:        0.755, y_peak:       -0.195, r_peak:        0.030, sig:        7.864, ra_peak:      335.449, dec_peak:       -6.174
Distance = 316.2 kpc (m-M = 22.5)
473401 objects left after isochrone cut...
Characteristic density = 5200.0 deg^-2
Characteristic density local = 5797.2 deg^-2 = 1.610 arcmin^-2
Fitting aperture to hotspot...
Candidate: x_peak:       -1.125, y_peak:        0.235, r_peak:        0.020, sig:       12.447, ra_peak:      333.559, dec_peak:       -5.744
Characteristic density local = 5920.6 deg^-2 = 1.645 arcmin^-2
Fitting aperture to hotspot...
Candidate: x_peak:       -1.045, y_peak:        0.005, r_peak:        0.020, sig:        5.452, ra_peak:      333.639, dec_peak:       -5.974
Characteristic density local = 5721.6 deg^-2 = 1.589 arcmin^-2
Fitting aperture to hotspot...
Candidate: x_peak:       -0.995, y_peak:        0.095, r_peak:        0.020, sig:        8.408, ra_peak:      333.690, dec_peak:       -5.884
Characteristic density local = 5705.7 deg^-2 = 1.585 arcmin^-2
Fitting aperture to hotspot...
Candidate: x_peak:       -0.885, y_peak:        0.395, r_peak:        0.020, sig:        8.822, ra_peak:      333.801, dec_peak:       -5.584
Characteristic density local = 5787.3 deg^-2 = 1.608 arcmin^-2
Fitting aperture to hotspot...
Candidate: x_peak:       -0.765, y_peak:        0.295, r_peak:        0.040, sig:        5.105, ra_peak:      333.921, dec_peak:       -5.684
Characteristic density local = 4989.5 deg^-2 = 1.386 arcmin^-2
Fitting aperture to hotspot...
Candidate: x_peak:       -0.415, y_peak:        0.585, r_peak:        0.030, sig:       16.597, ra_peak:      334.273, dec_peak:       -5.395
Characteristic density local = 4619.5 deg^-2 = 1.283 arcmin^-2
Fitting aperture to hotspot...
Candidate: x_peak:        0.355, y_peak:        0.855, r_peak:        0.060, sig:        5.265, ra_peak:      335.046, dec_peak:       -5.125
Characteristic density local = 5200.0 deg^-2 = 1.444 arcmin^-2
Fitting aperture to hotspot...
Candidate: x_peak:        0.645, y_peak:       -0.155, r_peak:        0.020, sig:        5.663, ra_peak:      335.339, dec_peak:       -6.135
Characteristic density local = 5200.0 deg^-2 = 1.444 arcmin^-2
Fitting aperture to hotspot...
Candidate: x_peak:        0.755, y_peak:       -0.195, r_peak:        0.030, sig:        7.984, ra_peak:      335.449, dec_peak:       -6.174
Distance = 398.1 kpc (m-M = 23.0)
462660 objects left after isochrone cut...
Characteristic density = 4800.0 deg^-2
Characteristic density local = 5363.5 deg^-2 = 1.490 arcmin^-2
Fitting aperture to hotspot...
Candidate: x_peak:       -1.125, y_peak:        0.235, r_peak:        0.020, sig:       12.611, ra_peak:      333.559, dec_peak:       -5.744
Characteristic density local = 5268.0 deg^-2 = 1.463 arcmin^-2
Fitting aperture to hotspot...
Candidate: x_peak:       -0.995, y_peak:        0.095, r_peak:        0.020, sig:        8.310, ra_peak:      333.690, dec_peak:       -5.884
Characteristic density local = 5278.0 deg^-2 = 1.466 arcmin^-2
Fitting aperture to hotspot...
Candidate: x_peak:       -0.885, y_peak:        0.395, r_peak:        0.020, sig:        8.718, ra_peak:      333.801, dec_peak:       -5.584
Characteristic density local = 5341.6 deg^-2 = 1.484 arcmin^-2
Fitting aperture to hotspot...
Candidate: x_peak:       -0.765, y_peak:        0.295, r_peak:        0.040, sig:        5.449, ra_peak:      333.921, dec_peak:       -5.684
Characteristic density local = 4581.7 deg^-2 = 1.273 arcmin^-2
Fitting aperture to hotspot...
Candidate: x_peak:       -0.415, y_peak:        0.585, r_peak:        0.030, sig:       16.977, ra_peak:      334.273, dec_peak:       -5.395
Characteristic density local = 4800.0 deg^-2 = 1.333 arcmin^-2
Fitting aperture to hotspot...
Candidate: x_peak:        0.645, y_peak:       -0.155, r_peak:        0.020, sig:        5.932, ra_peak:      335.339, dec_peak:       -6.135
Characteristic density local = 4800.0 deg^-2 = 1.333 arcmin^-2
Fitting aperture to hotspot...
Candidate: x_peak:        0.755, y_peak:       -0.195, r_peak:        0.030, sig:        8.382, ra_peak:      335.449, dec_peak:       -6.174
16.98 sigma; (RA, Dec, d) = (334.27, -5.39); r = 0.03 deg; d = 398.1, mu = 23.00 mag), mc_source_id: 0.00
12.61 sigma; (RA, Dec, d) = (333.56, -5.74); r = 0.02 deg; d = 398.1, mu = 23.00 mag), mc_source_id: 0.00
8.82 sigma; (RA, Dec, d) = (333.80, -5.58); r = 0.02 deg; d = 316.2, mu = 22.50 mag), mc_source_id: 0.00
8.59 sigma; (RA, Dec, d) = (333.70, -5.88); r = 0.02 deg; d = 199.5, mu = 21.50 mag), mc_source_id: 0.00
8.38 sigma; (RA, Dec, d) = (335.45, -6.17); r = 0.03 deg; d = 398.1, mu = 23.00 mag), mc_source_id: 0.00
5.93 sigma; (RA, Dec, d) = (335.34, -6.13); r = 0.02 deg; d = 398.1, mu = 23.00 mag), mc_source_id: 0.00
5.76 sigma; (RA, Dec, d) = (335.05, -5.12); r = 0.06 deg; d = 125.9, mu = 20.50 mag), mc_source_id: 0.00
5.73 sigma; (RA, Dec, d) = (333.64, -5.98); r = 0.02 deg; d = 199.5, mu = 21.50 mag), mc_source_id: 0.00
5.45 sigma; (RA, Dec, d) = (333.92, -5.68); r = 0.04 deg; d = 398.1, mu = 23.00 mag), mc_source_id: 0.00
3.98 sigma; (RA, Dec, d) = (334.33, -6.60); r = 0.03 deg; d = 50.1, mu = 18.50 mag), mc_source_id: 0.00

------------------------------------------------------------
Job <681431.0> was submitted from <des51.fnal.gov> by user <tavangar>.
Job was executed on host <des40.fnal.gov> as user <tavangar>.
</var/lib/condor/execute/dir_2108168> was used as the initial working directory.
Results reported at Wed Jun  5 14:17:59 CDT 2019

Your job looked like:

------------------------------------------------------------
python /home/s1/tavangar/tavangar_simple/search_algorithm.py 334.69 -5.98 0.00 /home/s1/tavangar/tavangar_simple/decals_dr7_results/results_nside_32_6839.csv /home/s1/tavangar/tavangar_simple/decals_dr7_results/decals_dr7_log/results_nside_32_6839.log
------------------------------------------------------------

Successfully completed.

Resource usage summary:

	Real time :			244.42 sec.
	CPU time :			8.21 sec.
	CPU percentage :		94%
	Max Memory :			4097008 KB
	Average Memory :		0 KB

The output (if any) is above this job summary.
