/home/s1/tavangar/tavangar_simple/simple_utils.py:170: FutureWarning: elementwise comparison failed; returning scalar instead, but in the future will perform elementwise comparison
  if np.all(isochrone.stage == 'Main'):
Search coordinates: (RA, Dec) = (177.19, 1.19)
Center healpixel: 6015
Healpixels: [6015 6142 6014 5886 5759 5887 6016 6143 6271]
MC_SOURCE_ID = 0.0
mode = 0: running only on real data
Found 1 objects...
Applying cuts...
659184 star-like objects in ROI...
969625 galaxy-like objects in ROI...
No fracdet map specified ...
Distance = 15.8 kpc (m-M = 16.0)
659173 objects left after isochrone cut...
Characteristic density = 5300.0 deg^-2
Characteristic density local = 5425.2 deg^-2 = 1.507 arcmin^-2
Fitting aperture to hotspot...
Candidate: x_peak:       -0.905, y_peak:       -0.275, r_peak:        0.020, sig:        7.990, ra_peak:      176.285, dec_peak:        0.915
Characteristic density local = 5443.1 deg^-2 = 1.512 arcmin^-2
Fitting aperture to hotspot...
Candidate: x_peak:       -0.625, y_peak:        0.485, r_peak:        0.050, sig:        3.901, ra_peak:      176.565, dec_peak:        1.675
Characteristic density local = 5381.4 deg^-2 = 1.495 arcmin^-2
Fitting aperture to hotspot...
Candidate: x_peak:       -0.485, y_peak:        0.425, r_peak:        0.030, sig:        4.270, ra_peak:      176.705, dec_peak:        1.615
Characteristic density local = 5096.9 deg^-2 = 1.416 arcmin^-2
Fitting aperture to hotspot...
Candidate: x_peak:       -0.325, y_peak:        0.835, r_peak:        0.020, sig:        6.676, ra_peak:      176.865, dec_peak:        2.025
Characteristic density local = 5208.3 deg^-2 = 1.447 arcmin^-2
Fitting aperture to hotspot...
Candidate: x_peak:        0.495, y_peak:        0.575, r_peak:        0.040, sig:       37.500, ra_peak:      177.685, dec_peak:        1.765
Characteristic density local = 5363.5 deg^-2 = 1.490 arcmin^-2
Fitting aperture to hotspot...
Candidate: x_peak:        0.415, y_peak:       -0.185, r_peak:        0.020, sig:        5.558, ra_peak:      177.605, dec_peak:        1.005
Distance = 20.0 kpc (m-M = 16.5)
659180 objects left after isochrone cut...
Characteristic density = 5300.0 deg^-2
Characteristic density local = 5425.2 deg^-2 = 1.507 arcmin^-2
Fitting aperture to hotspot...
Candidate: x_peak:       -0.905, y_peak:       -0.275, r_peak:        0.020, sig:        7.990, ra_peak:      176.285, dec_peak:        0.915
Characteristic density local = 5443.1 deg^-2 = 1.512 arcmin^-2
Fitting aperture to hotspot...
Candidate: x_peak:       -0.625, y_peak:        0.485, r_peak:        0.050, sig:        3.901, ra_peak:      176.565, dec_peak:        1.675
Characteristic density local = 5381.4 deg^-2 = 1.495 arcmin^-2
Fitting aperture to hotspot...
Candidate: x_peak:       -0.485, y_peak:        0.425, r_peak:        0.030, sig:        4.270, ra_peak:      176.705, dec_peak:        1.615
Characteristic density local = 5096.9 deg^-2 = 1.416 arcmin^-2
Fitting aperture to hotspot...
Candidate: x_peak:       -0.325, y_peak:        0.835, r_peak:        0.020, sig:        6.676, ra_peak:      176.865, dec_peak:        2.025
Characteristic density local = 5208.3 deg^-2 = 1.447 arcmin^-2
Fitting aperture to hotspot...
Candidate: x_peak:        0.495, y_peak:        0.575, r_peak:        0.040, sig:       37.500, ra_peak:      177.685, dec_peak:        1.765
Characteristic density local = 5363.5 deg^-2 = 1.490 arcmin^-2
Fitting aperture to hotspot...
Candidate: x_peak:        0.415, y_peak:       -0.185, r_peak:        0.020, sig:        5.558, ra_peak:      177.605, dec_peak:        1.005
Distance = 25.1 kpc (m-M = 17.0)
659181 objects left after isochrone cut...
Characteristic density = 5300.0 deg^-2
Characteristic density local = 5425.2 deg^-2 = 1.507 arcmin^-2
Fitting aperture to hotspot...
Candidate: x_peak:       -0.905, y_peak:       -0.275, r_peak:        0.020, sig:        7.990, ra_peak:      176.285, dec_peak:        0.915
Characteristic density local = 5443.1 deg^-2 = 1.512 arcmin^-2
Fitting aperture to hotspot...
Candidate: x_peak:       -0.625, y_peak:        0.485, r_peak:        0.050, sig:        3.901, ra_peak:      176.565, dec_peak:        1.675
Characteristic density local = 5381.4 deg^-2 = 1.495 arcmin^-2
Fitting aperture to hotspot...
Candidate: x_peak:       -0.485, y_peak:        0.425, r_peak:        0.030, sig:        4.270, ra_peak:      176.705, dec_peak:        1.615
Characteristic density local = 5096.9 deg^-2 = 1.416 arcmin^-2
Fitting aperture to hotspot...
Candidate: x_peak:       -0.325, y_peak:        0.835, r_peak:        0.020, sig:        6.676, ra_peak:      176.865, dec_peak:        2.025
Characteristic density local = 5208.3 deg^-2 = 1.447 arcmin^-2
Fitting aperture to hotspot...
Candidate: x_peak:        0.495, y_peak:        0.575, r_peak:        0.040, sig:       37.500, ra_peak:      177.685, dec_peak:        1.765
Characteristic density local = 5363.5 deg^-2 = 1.490 arcmin^-2
Fitting aperture to hotspot...
Candidate: x_peak:        0.415, y_peak:       -0.185, r_peak:        0.020, sig:        5.558, ra_peak:      177.605, dec_peak:        1.005
Distance = 31.6 kpc (m-M = 17.5)
659182 objects left after isochrone cut...
Characteristic density = 5300.0 deg^-2
Characteristic density local = 5425.2 deg^-2 = 1.507 arcmin^-2
Fitting aperture to hotspot...
Candidate: x_peak:       -0.905, y_peak:       -0.275, r_peak:        0.020, sig:        7.990, ra_peak:      176.285, dec_peak:        0.915
Characteristic density local = 5443.1 deg^-2 = 1.512 arcmin^-2
Fitting aperture to hotspot...
Candidate: x_peak:       -0.625, y_peak:        0.485, r_peak:        0.050, sig:        3.901, ra_peak:      176.565, dec_peak:        1.675
Characteristic density local = 5381.4 deg^-2 = 1.495 arcmin^-2
Fitting aperture to hotspot...
Candidate: x_peak:       -0.485, y_peak:        0.425, r_peak:        0.030, sig:        4.270, ra_peak:      176.705, dec_peak:        1.615
Characteristic density local = 5096.9 deg^-2 = 1.416 arcmin^-2
Fitting aperture to hotspot...
Candidate: x_peak:       -0.325, y_peak:        0.835, r_peak:        0.020, sig:        6.676, ra_peak:      176.865, dec_peak:        2.025
Characteristic density local = 5208.3 deg^-2 = 1.447 arcmin^-2
Fitting aperture to hotspot...
Candidate: x_peak:        0.495, y_peak:        0.575, r_peak:        0.040, sig:       37.500, ra_peak:      177.685, dec_peak:        1.765
Characteristic density local = 5363.5 deg^-2 = 1.490 arcmin^-2
Fitting aperture to hotspot...
Candidate: x_peak:        0.415, y_peak:       -0.185, r_peak:        0.020, sig:        5.558, ra_peak:      177.605, dec_peak:        1.005
Distance = 39.8 kpc (m-M = 18.0)
659158 objects left after isochrone cut...
Characteristic density = 5300.0 deg^-2
Characteristic density local = 5425.2 deg^-2 = 1.507 arcmin^-2
Fitting aperture to hotspot...
Candidate: x_peak:       -0.905, y_peak:       -0.275, r_peak:        0.020, sig:        7.990, ra_peak:      176.285, dec_peak:        0.915
Characteristic density local = 5443.1 deg^-2 = 1.512 arcmin^-2
Fitting aperture to hotspot...
Candidate: x_peak:       -0.625, y_peak:        0.485, r_peak:        0.050, sig:        3.901, ra_peak:      176.565, dec_peak:        1.675
Characteristic density local = 5381.4 deg^-2 = 1.495 arcmin^-2
Fitting aperture to hotspot...
Candidate: x_peak:       -0.485, y_peak:        0.425, r_peak:        0.030, sig:        4.270, ra_peak:      176.705, dec_peak:        1.615
Characteristic density local = 5096.9 deg^-2 = 1.416 arcmin^-2
Fitting aperture to hotspot...
Candidate: x_peak:       -0.325, y_peak:        0.835, r_peak:        0.020, sig:        6.676, ra_peak:      176.865, dec_peak:        2.025
Characteristic density local = 5208.3 deg^-2 = 1.447 arcmin^-2
Fitting aperture to hotspot...
Candidate: x_peak:        0.495, y_peak:        0.575, r_peak:        0.040, sig:       37.500, ra_peak:      177.685, dec_peak:        1.765
Characteristic density local = 5361.5 deg^-2 = 1.489 arcmin^-2
Fitting aperture to hotspot...
Candidate: x_peak:        0.415, y_peak:       -0.185, r_peak:        0.020, sig:        5.559, ra_peak:      177.605, dec_peak:        1.005
Distance = 50.1 kpc (m-M = 18.5)
658235 objects left after isochrone cut...
Characteristic density = 5200.0 deg^-2
Characteristic density local = 5409.3 deg^-2 = 1.503 arcmin^-2
Fitting aperture to hotspot...
Candidate: x_peak:       -0.905, y_peak:       -0.275, r_peak:        0.020, sig:        8.001, ra_peak:      176.285, dec_peak:        0.915
Characteristic density local = 5433.2 deg^-2 = 1.509 arcmin^-2
Fitting aperture to hotspot...
Candidate: x_peak:       -0.625, y_peak:        0.485, r_peak:        0.050, sig:        3.914, ra_peak:      176.565, dec_peak:        1.675
Characteristic density local = 5363.5 deg^-2 = 1.490 arcmin^-2
Fitting aperture to hotspot...
Candidate: x_peak:       -0.485, y_peak:        0.425, r_peak:        0.030, sig:        4.285, ra_peak:      176.705, dec_peak:        1.615
Characteristic density local = 5073.1 deg^-2 = 1.409 arcmin^-2
Fitting aperture to hotspot...
Candidate: x_peak:       -0.325, y_peak:        0.835, r_peak:        0.020, sig:        6.692, ra_peak:      176.865, dec_peak:        2.025
Characteristic density local = 5108.9 deg^-2 = 1.419 arcmin^-2
Fitting aperture to hotspot...
Candidate: x_peak:       -0.255, y_peak:       -0.575, r_peak:        0.020, sig:        3.927, ra_peak:      176.935, dec_peak:        0.615
Characteristic density local = 5162.6 deg^-2 = 1.434 arcmin^-2
Fitting aperture to hotspot...
Candidate: x_peak:        0.495, y_peak:        0.575, r_peak:        0.040, sig:       37.500, ra_peak:      177.685, dec_peak:        1.765
Characteristic density local = 5325.7 deg^-2 = 1.479 arcmin^-2
Fitting aperture to hotspot...
Candidate: x_peak:        0.415, y_peak:       -0.185, r_peak:        0.020, sig:        5.582, ra_peak:      177.605, dec_peak:        1.005
Distance = 63.1 kpc (m-M = 19.0)
656485 objects left after isochrone cut...
Characteristic density = 5200.0 deg^-2
Characteristic density local = 5337.7 deg^-2 = 1.483 arcmin^-2
Fitting aperture to hotspot...
Candidate: x_peak:       -0.905, y_peak:       -0.275, r_peak:        0.020, sig:        8.051, ra_peak:      176.285, dec_peak:        0.915
Characteristic density local = 5347.6 deg^-2 = 1.485 arcmin^-2
Fitting aperture to hotspot...
Candidate: x_peak:       -0.625, y_peak:        0.485, r_peak:        0.050, sig:        4.027, ra_peak:      176.565, dec_peak:        1.675
Characteristic density local = 5283.9 deg^-2 = 1.468 arcmin^-2
Fitting aperture to hotspot...
Candidate: x_peak:       -0.485, y_peak:        0.415, r_peak:        0.060, sig:        4.159, ra_peak:      176.705, dec_peak:        1.605
Characteristic density local = 4999.5 deg^-2 = 1.389 arcmin^-2
Fitting aperture to hotspot...
Candidate: x_peak:       -0.325, y_peak:        0.835, r_peak:        0.020, sig:        6.743, ra_peak:      176.865, dec_peak:        2.025
Characteristic density local = 5049.2 deg^-2 = 1.403 arcmin^-2
Fitting aperture to hotspot...
Candidate: x_peak:       -0.255, y_peak:       -0.575, r_peak:        0.020, sig:        3.964, ra_peak:      176.935, dec_peak:        0.615
Characteristic density local = 5081.0 deg^-2 = 1.411 arcmin^-2
Fitting aperture to hotspot...
Candidate: x_peak:        0.495, y_peak:        0.575, r_peak:        0.040, sig:       37.500, ra_peak:      177.685, dec_peak:        1.765
Characteristic density local = 5268.0 deg^-2 = 1.463 arcmin^-2
Fitting aperture to hotspot...
Candidate: x_peak:        0.415, y_peak:       -0.185, r_peak:        0.020, sig:        5.619, ra_peak:      177.605, dec_peak:        1.005
Distance = 79.4 kpc (m-M = 19.5)
654280 objects left after isochrone cut...
Characteristic density = 5100.0 deg^-2
Characteristic density local = 5242.2 deg^-2 = 1.456 arcmin^-2
Fitting aperture to hotspot...
Candidate: x_peak:       -0.905, y_peak:       -0.275, r_peak:        0.020, sig:        8.118, ra_peak:      176.285, dec_peak:        0.915
Characteristic density local = 5152.6 deg^-2 = 1.431 arcmin^-2
Fitting aperture to hotspot...
Candidate: x_peak:       -0.915, y_peak:        0.405, r_peak:        0.030, sig:        4.271, ra_peak:      176.275, dec_peak:        1.595
Characteristic density local = 5264.0 deg^-2 = 1.462 arcmin^-2
Fitting aperture to hotspot...
Candidate: x_peak:       -0.625, y_peak:        0.485, r_peak:        0.050, sig:        4.009, ra_peak:      176.565, dec_peak:        1.675
Characteristic density local = 5206.4 deg^-2 = 1.446 arcmin^-2
Fitting aperture to hotspot...
Candidate: x_peak:       -0.485, y_peak:        0.415, r_peak:        0.060, sig:        4.172, ra_peak:      176.705, dec_peak:        1.605
Characteristic density local = 4929.8 deg^-2 = 1.369 arcmin^-2
Fitting aperture to hotspot...
Candidate: x_peak:       -0.325, y_peak:        0.835, r_peak:        0.020, sig:        6.792, ra_peak:      176.865, dec_peak:        2.025
Characteristic density local = 4971.6 deg^-2 = 1.381 arcmin^-2
Fitting aperture to hotspot...
Candidate: x_peak:       -0.255, y_peak:       -0.575, r_peak:        0.020, sig:        4.012, ra_peak:      176.935, dec_peak:        0.615
Characteristic density local = 5017.4 deg^-2 = 1.394 arcmin^-2
Fitting aperture to hotspot...
Candidate: x_peak:        0.495, y_peak:        0.575, r_peak:        0.040, sig:       37.500, ra_peak:      177.685, dec_peak:        1.765
Characteristic density local = 5204.4 deg^-2 = 1.446 arcmin^-2
Fitting aperture to hotspot...
Candidate: x_peak:        0.415, y_peak:       -0.185, r_peak:        0.020, sig:        5.660, ra_peak:      177.605, dec_peak:        1.005
Distance = 100.0 kpc (m-M = 20.0)
651609 objects left after isochrone cut...
Characteristic density = 5000.0 deg^-2
Characteristic density local = 5134.7 deg^-2 = 1.426 arcmin^-2
Fitting aperture to hotspot...
Candidate: x_peak:       -0.905, y_peak:       -0.275, r_peak:        0.020, sig:        8.195, ra_peak:      176.285, dec_peak:        0.915
Characteristic density local = 5043.2 deg^-2 = 1.401 arcmin^-2
Fitting aperture to hotspot...
Candidate: x_peak:       -0.915, y_peak:        0.405, r_peak:        0.030, sig:        4.367, ra_peak:      176.275, dec_peak:        1.595
Characteristic density local = 5134.7 deg^-2 = 1.426 arcmin^-2
Fitting aperture to hotspot...
Candidate: x_peak:       -0.625, y_peak:        0.485, r_peak:        0.050, sig:        4.053, ra_peak:      176.565, dec_peak:        1.675
Characteristic density local = 5100.9 deg^-2 = 1.417 arcmin^-2
Fitting aperture to hotspot...
Candidate: x_peak:       -0.485, y_peak:        0.425, r_peak:        0.040, sig:        4.514, ra_peak:      176.705, dec_peak:        1.615
Characteristic density local = 4832.3 deg^-2 = 1.342 arcmin^-2
Fitting aperture to hotspot...
Candidate: x_peak:       -0.325, y_peak:        0.835, r_peak:        0.020, sig:        6.861, ra_peak:      176.865, dec_peak:        2.025
Characteristic density local = 4860.2 deg^-2 = 1.350 arcmin^-2
Fitting aperture to hotspot...
Candidate: x_peak:       -0.255, y_peak:       -0.575, r_peak:        0.020, sig:        3.805, ra_peak:      176.935, dec_peak:        0.615
Characteristic density local = 4925.8 deg^-2 = 1.368 arcmin^-2
Fitting aperture to hotspot...
Candidate: x_peak:        0.495, y_peak:        0.575, r_peak:        0.040, sig:       37.500, ra_peak:      177.685, dec_peak:        1.765
Characteristic density local = 5087.0 deg^-2 = 1.413 arcmin^-2
Fitting aperture to hotspot...
Candidate: x_peak:        0.415, y_peak:       -0.185, r_peak:        0.020, sig:        5.738, ra_peak:      177.605, dec_peak:        1.005
Characteristic density local = 5433.2 deg^-2 = 1.509 arcmin^-2
Fitting aperture to hotspot...
Candidate: x_peak:        1.205, y_peak:       -0.125, r_peak:        0.020, sig:        3.459, ra_peak:      178.395, dec_peak:        1.065
Distance = 125.9 kpc (m-M = 20.5)
648565 objects left after isochrone cut...
Characteristic density = 4900.0 deg^-2
Characteristic density local = 5005.4 deg^-2 = 1.390 arcmin^-2
Fitting aperture to hotspot...
Candidate: x_peak:       -0.905, y_peak:       -0.275, r_peak:        0.020, sig:        8.289, ra_peak:      176.285, dec_peak:        0.915
Characteristic density local = 5033.3 deg^-2 = 1.398 arcmin^-2
Fitting aperture to hotspot...
Candidate: x_peak:       -0.625, y_peak:        0.485, r_peak:        0.050, sig:        4.193, ra_peak:      176.565, dec_peak:        1.675
Characteristic density local = 4973.6 deg^-2 = 1.382 arcmin^-2
Fitting aperture to hotspot...
Candidate: x_peak:       -0.485, y_peak:        0.415, r_peak:        0.060, sig:        4.213, ra_peak:      176.705, dec_peak:        1.605
Characteristic density local = 4740.8 deg^-2 = 1.317 arcmin^-2
Fitting aperture to hotspot...
Candidate: x_peak:       -0.325, y_peak:        0.825, r_peak:        0.020, sig:        7.611, ra_peak:      176.865, dec_peak:        2.015
Characteristic density local = 4826.4 deg^-2 = 1.341 arcmin^-2
Fitting aperture to hotspot...
Candidate: x_peak:        0.495, y_peak:        0.575, r_peak:        0.040, sig:       37.500, ra_peak:      177.685, dec_peak:        1.765
Characteristic density local = 4979.6 deg^-2 = 1.383 arcmin^-2
Fitting aperture to hotspot...
Candidate: x_peak:        0.415, y_peak:       -0.185, r_peak:        0.020, sig:        5.809, ra_peak:      177.605, dec_peak:        1.005
Distance = 158.5 kpc (m-M = 21.0)
644797 objects left after isochrone cut...
Characteristic density = 4800.0 deg^-2
Characteristic density local = 4870.1 deg^-2 = 1.353 arcmin^-2
Fitting aperture to hotspot...
Candidate: x_peak:       -0.905, y_peak:       -0.275, r_peak:        0.020, sig:        8.389, ra_peak:      176.285, dec_peak:        0.915
Characteristic density local = 4886.1 deg^-2 = 1.357 arcmin^-2
Fitting aperture to hotspot...
Candidate: x_peak:       -0.625, y_peak:        0.485, r_peak:        0.050, sig:        4.265, ra_peak:      176.565, dec_peak:        1.675
Characteristic density local = 4858.2 deg^-2 = 1.350 arcmin^-2
Fitting aperture to hotspot...
Candidate: x_peak:       -0.475, y_peak:        0.415, r_peak:        0.020, sig:        4.885, ra_peak:      176.715, dec_peak:        1.605
Characteristic density local = 4585.7 deg^-2 = 1.274 arcmin^-2
Fitting aperture to hotspot...
Candidate: x_peak:       -0.325, y_peak:        0.835, r_peak:        0.020, sig:        7.041, ra_peak:      176.865, dec_peak:        2.025
Characteristic density local = 4687.1 deg^-2 = 1.302 arcmin^-2
Fitting aperture to hotspot...
Candidate: x_peak:        0.495, y_peak:        0.575, r_peak:        0.040, sig:       37.500, ra_peak:      177.685, dec_peak:        1.765
Characteristic density local = 4838.3 deg^-2 = 1.344 arcmin^-2
Fitting aperture to hotspot...
Candidate: x_peak:        0.415, y_peak:       -0.185, r_peak:        0.020, sig:        5.906, ra_peak:      177.605, dec_peak:        1.005
Distance = 199.5 kpc (m-M = 21.5)
640310 objects left after isochrone cut...
Characteristic density = 4600.0 deg^-2
Characteristic density local = 4720.9 deg^-2 = 1.311 arcmin^-2
Fitting aperture to hotspot...
Candidate: x_peak:       -0.905, y_peak:       -0.275, r_peak:        0.020, sig:        8.502, ra_peak:      176.285, dec_peak:        0.915
Characteristic density local = 4643.3 deg^-2 = 1.290 arcmin^-2
Fitting aperture to hotspot...
Candidate: x_peak:       -0.915, y_peak:        0.405, r_peak:        0.030, sig:        4.531, ra_peak:      176.275, dec_peak:        1.595
Characteristic density local = 4730.9 deg^-2 = 1.314 arcmin^-2
Fitting aperture to hotspot...
Candidate: x_peak:       -0.625, y_peak:        0.485, r_peak:        0.050, sig:        4.352, ra_peak:      176.565, dec_peak:        1.675
Characteristic density local = 4701.0 deg^-2 = 1.306 arcmin^-2
Fitting aperture to hotspot...
Candidate: x_peak:       -0.475, y_peak:        0.415, r_peak:        0.020, sig:        4.989, ra_peak:      176.715, dec_peak:        1.605
Characteristic density local = 4440.4 deg^-2 = 1.233 arcmin^-2
Fitting aperture to hotspot...
Candidate: x_peak:       -0.325, y_peak:        0.835, r_peak:        0.020, sig:        7.150, ra_peak:      176.865, dec_peak:        2.025
Characteristic density local = 4796.5 deg^-2 = 1.332 arcmin^-2
Fitting aperture to hotspot...
Candidate: x_peak:        0.075, y_peak:        0.175, r_peak:        0.060, sig:        3.932, ra_peak:      177.265, dec_peak:        1.365
Characteristic density local = 4516.0 deg^-2 = 1.254 arcmin^-2
Fitting aperture to hotspot...
Candidate: x_peak:        0.495, y_peak:        0.575, r_peak:        0.040, sig:       37.500, ra_peak:      177.685, dec_peak:        1.765
Characteristic density local = 4677.2 deg^-2 = 1.299 arcmin^-2
Fitting aperture to hotspot...
Candidate: x_peak:        0.415, y_peak:       -0.185, r_peak:        0.020, sig:        6.018, ra_peak:      177.605, dec_peak:        1.005
Distance = 251.2 kpc (m-M = 22.0)
634814 objects left after isochrone cut...
Characteristic density = 4400.0 deg^-2
Characteristic density local = 4526.0 deg^-2 = 1.257 arcmin^-2
Fitting aperture to hotspot...
Candidate: x_peak:       -0.905, y_peak:       -0.275, r_peak:        0.020, sig:        8.655, ra_peak:      176.285, dec_peak:        0.915
Characteristic density local = 4468.3 deg^-2 = 1.241 arcmin^-2
Fitting aperture to hotspot...
Candidate: x_peak:       -0.915, y_peak:        0.405, r_peak:        0.030, sig:        4.696, ra_peak:      176.275, dec_peak:        1.595
Characteristic density local = 4529.9 deg^-2 = 1.258 arcmin^-2
Fitting aperture to hotspot...
Candidate: x_peak:       -0.625, y_peak:        0.485, r_peak:        0.050, sig:        4.236, ra_peak:      176.565, dec_peak:        1.675
Characteristic density local = 4529.9 deg^-2 = 1.258 arcmin^-2
Fitting aperture to hotspot...
Candidate: x_peak:       -0.475, y_peak:        0.415, r_peak:        0.020, sig:        4.842, ra_peak:      176.715, dec_peak:        1.605
Characteristic density local = 4259.4 deg^-2 = 1.183 arcmin^-2
Fitting aperture to hotspot...
Candidate: x_peak:       -0.325, y_peak:        0.835, r_peak:        0.020, sig:        7.290, ra_peak:      176.865, dec_peak:        2.025
Characteristic density local = 4341.0 deg^-2 = 1.206 arcmin^-2
Fitting aperture to hotspot...
Candidate: x_peak:        0.495, y_peak:        0.575, r_peak:        0.040, sig:       37.500, ra_peak:      177.685, dec_peak:        1.765
Characteristic density local = 4482.2 deg^-2 = 1.245 arcmin^-2
Fitting aperture to hotspot...
Candidate: x_peak:        0.415, y_peak:       -0.185, r_peak:        0.020, sig:        6.158, ra_peak:      177.605, dec_peak:        1.005
Characteristic density local = 4800.5 deg^-2 = 1.333 arcmin^-2
Fitting aperture to hotspot...
Candidate: x_peak:        1.205, y_peak:       -0.125, r_peak:        0.010, sig:        3.574, ra_peak:      178.395, dec_peak:        1.065
Distance = 316.2 kpc (m-M = 22.5)
627638 objects left after isochrone cut...
Characteristic density = 4200.0 deg^-2
Characteristic density local = 4325.0 deg^-2 = 1.201 arcmin^-2
Fitting aperture to hotspot...
Candidate: x_peak:       -0.905, y_peak:       -0.275, r_peak:        0.020, sig:        8.817, ra_peak:      176.285, dec_peak:        0.915
Characteristic density local = 4185.8 deg^-2 = 1.163 arcmin^-2
Fitting aperture to hotspot...
Candidate: x_peak:       -0.905, y_peak:        0.405, r_peak:        0.030, sig:        4.973, ra_peak:      176.285, dec_peak:        1.595
Characteristic density local = 4291.2 deg^-2 = 1.192 arcmin^-2
Fitting aperture to hotspot...
Candidate: x_peak:       -0.625, y_peak:        0.485, r_peak:        0.050, sig:        4.173, ra_peak:      176.565, dec_peak:        1.675
Characteristic density local = 4281.3 deg^-2 = 1.189 arcmin^-2
Fitting aperture to hotspot...
Candidate: x_peak:       -0.475, y_peak:        0.415, r_peak:        0.020, sig:        5.016, ra_peak:      176.715, dec_peak:        1.605
Characteristic density local = 4062.4 deg^-2 = 1.128 arcmin^-2
Fitting aperture to hotspot...
Candidate: x_peak:       -0.325, y_peak:        0.835, r_peak:        0.020, sig:        7.448, ra_peak:      176.865, dec_peak:        2.025
Characteristic density local = 4044.5 deg^-2 = 1.123 arcmin^-2
Fitting aperture to hotspot...
Candidate: x_peak:       -0.255, y_peak:       -0.575, r_peak:        0.020, sig:        4.062, ra_peak:      176.935, dec_peak:        0.615
Characteristic density local = 4098.2 deg^-2 = 1.138 arcmin^-2
Fitting aperture to hotspot...
Candidate: x_peak:        0.495, y_peak:        0.575, r_peak:        0.040, sig:       37.500, ra_peak:      177.685, dec_peak:        1.765
Characteristic density local = 4251.4 deg^-2 = 1.181 arcmin^-2
Fitting aperture to hotspot...
Candidate: x_peak:        0.415, y_peak:       -0.185, r_peak:        0.020, sig:        6.329, ra_peak:      177.605, dec_peak:        1.005
Characteristic density local = 4563.8 deg^-2 = 1.268 arcmin^-2
Fitting aperture to hotspot...
Candidate: x_peak:        1.215, y_peak:       -0.125, r_peak:        0.020, sig:        3.418, ra_peak:      178.405, dec_peak:        1.065
Distance = 398.1 kpc (m-M = 23.0)
618915 objects left after isochrone cut...
Characteristic density = 3900.0 deg^-2
Characteristic density local = 4042.5 deg^-2 = 1.123 arcmin^-2
Fitting aperture to hotspot...
Candidate: x_peak:       -0.905, y_peak:       -0.275, r_peak:        0.020, sig:        9.055, ra_peak:      176.285, dec_peak:        0.915
Characteristic density local = 3867.5 deg^-2 = 1.074 arcmin^-2
Fitting aperture to hotspot...
Candidate: x_peak:       -0.905, y_peak:        0.405, r_peak:        0.030, sig:        4.883, ra_peak:      176.285, dec_peak:        1.595
Characteristic density local = 3988.8 deg^-2 = 1.108 arcmin^-2
Fitting aperture to hotspot...
Candidate: x_peak:       -0.625, y_peak:        0.485, r_peak:        0.050, sig:        4.354, ra_peak:      176.565, dec_peak:        1.675
Characteristic density local = 3905.3 deg^-2 = 1.085 arcmin^-2
Fitting aperture to hotspot...
Candidate: x_peak:       -0.625, y_peak:        0.345, r_peak:        0.020, sig:        6.090, ra_peak:      176.565, dec_peak:        1.535
Characteristic density local = 3988.8 deg^-2 = 1.108 arcmin^-2
Fitting aperture to hotspot...
Candidate: x_peak:       -0.475, y_peak:        0.415, r_peak:        0.020, sig:        5.231, ra_peak:      176.715, dec_peak:        1.605
Characteristic density local = 3742.1 deg^-2 = 1.039 arcmin^-2
Fitting aperture to hotspot...
Candidate: x_peak:       -0.325, y_peak:        0.825, r_peak:        0.020, sig:        8.189, ra_peak:      176.865, dec_peak:        2.015
Characteristic density local = 3813.8 deg^-2 = 1.059 arcmin^-2
Fitting aperture to hotspot...
Candidate: x_peak:        0.495, y_peak:        0.575, r_peak:        0.040, sig:       37.500, ra_peak:      177.685, dec_peak:        1.765
Characteristic density local = 3955.0 deg^-2 = 1.099 arcmin^-2
Fitting aperture to hotspot...
Candidate: x_peak:        0.415, y_peak:       -0.185, r_peak:        0.020, sig:        6.308, ra_peak:      177.605, dec_peak:        1.005
Characteristic density local = 4277.3 deg^-2 = 1.188 arcmin^-2
Fitting aperture to hotspot...
Candidate: x_peak:        1.215, y_peak:       -0.125, r_peak:        0.030, sig:        3.614, ra_peak:      178.405, dec_peak:        1.065
37.50 sigma; (RA, Dec, d) = (177.69, 1.76); r = 0.04 deg; d = 158.5, mu = 21.00 mag), mc_source_id: 0.00
9.06 sigma; (RA, Dec, d) = (176.28, 0.91); r = 0.02 deg; d = 398.1, mu = 23.00 mag), mc_source_id: 0.00
8.19 sigma; (RA, Dec, d) = (176.86, 2.01); r = 0.02 deg; d = 398.1, mu = 23.00 mag), mc_source_id: 0.00
6.33 sigma; (RA, Dec, d) = (177.61, 1.00); r = 0.02 deg; d = 316.2, mu = 22.50 mag), mc_source_id: 0.00
6.09 sigma; (RA, Dec, d) = (176.56, 1.53); r = 0.02 deg; d = 398.1, mu = 23.00 mag), mc_source_id: 0.00
5.23 sigma; (RA, Dec, d) = (176.71, 1.60); r = 0.02 deg; d = 398.1, mu = 23.00 mag), mc_source_id: 0.00
4.97 sigma; (RA, Dec, d) = (176.28, 1.59); r = 0.03 deg; d = 316.2, mu = 22.50 mag), mc_source_id: 0.00
4.35 sigma; (RA, Dec, d) = (176.56, 1.67); r = 0.05 deg; d = 398.1, mu = 23.00 mag), mc_source_id: 0.00
4.06 sigma; (RA, Dec, d) = (176.93, 0.61); r = 0.02 deg; d = 316.2, mu = 22.50 mag), mc_source_id: 0.00
3.93 sigma; (RA, Dec, d) = (177.27, 1.36); r = 0.06 deg; d = 199.5, mu = 21.50 mag), mc_source_id: 0.00
3.61 sigma; (RA, Dec, d) = (178.41, 1.06); r = 0.03 deg; d = 398.1, mu = 23.00 mag), mc_source_id: 0.00

------------------------------------------------------------
Job <680862.0> was submitted from <des51.fnal.gov> by user <tavangar>.
Job was executed on host <des40.fnal.gov> as user <tavangar>.
</var/lib/condor/execute/dir_2013058> was used as the initial working directory.
Results reported at Wed Jun  5 11:57:08 CDT 2019

Your job looked like:

------------------------------------------------------------
python /home/s1/tavangar/tavangar_simple/search_algorithm.py 177.19 1.19 0.00 /home/s1/tavangar/tavangar_simple/decals_dr7_results/results_nside_32_6015.csv /home/s1/tavangar/tavangar_simple/decals_dr7_results/decals_dr7_log/results_nside_32_6015.log
------------------------------------------------------------

Successfully completed.

Resource usage summary:

	Real time :			218.32 sec.
	CPU time :			6.44 sec.
	CPU percentage :		74%
	Max Memory :			5720880 KB
	Average Memory :		0 KB

The output (if any) is above this job summary.
