/home/s1/tavangar/tavangar_simple/simple_utils.py:170: FutureWarning: elementwise comparison failed; returning scalar instead, but in the future will perform elementwise comparison
  if np.all(isochrone.stage == 'Main'):
Search coordinates: (RA, Dec) = (226.41, 0.00)
Center healpixel: 6160
Healpixels: [6160 6288 6159 6032 5904 6033 6161 6289 6416]
MC_SOURCE_ID = 0.0
mode = 0: running only on real data
Found 1 objects...
Applying cuts...
1149622 star-like objects in ROI...
1055783 galaxy-like objects in ROI...
No fracdet map specified ...
Distance = 15.8 kpc (m-M = 16.0)
1149581 objects left after isochrone cut...
Characteristic density = 8800.0 deg^-2
Characteristic density local = 9692.5 deg^-2 = 2.692 arcmin^-2
Fitting aperture to hotspot...
Candidate: x_peak:       -0.955, y_peak:       -0.145, r_peak:        0.030, sig:       17.173, ra_peak:      225.455, dec_peak:       -0.145
Characteristic density local = 9038.0 deg^-2 = 2.511 arcmin^-2
Fitting aperture to hotspot...
Candidate: x_peak:       -0.295, y_peak:        0.945, r_peak:        0.020, sig:        2.235, ra_peak:      226.115, dec_peak:        0.945
Characteristic density local = 9151.4 deg^-2 = 2.542 arcmin^-2
Fitting aperture to hotspot...
Candidate: x_peak:       -0.265, y_peak:        0.965, r_peak:        0.010, sig:        1.917, ra_peak:      226.145, dec_peak:        0.965
Characteristic density local = 8813.2 deg^-2 = 2.448 arcmin^-2
Fitting aperture to hotspot...
Candidate: x_peak:        0.035, y_peak:        1.115, r_peak:        0.020, sig:        3.966, ra_peak:      226.445, dec_peak:        1.115
Characteristic density local = 9803.9 deg^-2 = 2.723 arcmin^-2
Fitting aperture to hotspot...
Candidate: x_peak:        0.055, y_peak:       -0.075, r_peak:        0.030, sig:        1.271, ra_peak:      226.465, dec_peak:       -0.075
Characteristic density local = 8968.4 deg^-2 = 2.491 arcmin^-2
Fitting aperture to hotspot...
Candidate: x_peak:        0.165, y_peak:        0.995, r_peak:        0.040, sig:        2.340, ra_peak:      226.575, dec_peak:        0.995
Distance = 20.0 kpc (m-M = 16.5)
1149604 objects left after isochrone cut...
Characteristic density = 8800.0 deg^-2
Characteristic density local = 9692.5 deg^-2 = 2.692 arcmin^-2
Fitting aperture to hotspot...
Candidate: x_peak:       -0.955, y_peak:       -0.145, r_peak:        0.030, sig:       17.173, ra_peak:      225.455, dec_peak:       -0.145
Characteristic density local = 9038.0 deg^-2 = 2.511 arcmin^-2
Fitting aperture to hotspot...
Candidate: x_peak:       -0.295, y_peak:        0.945, r_peak:        0.020, sig:        2.235, ra_peak:      226.115, dec_peak:        0.945
Characteristic density local = 9151.4 deg^-2 = 2.542 arcmin^-2
Fitting aperture to hotspot...
Candidate: x_peak:       -0.265, y_peak:        0.965, r_peak:        0.010, sig:        1.917, ra_peak:      226.145, dec_peak:        0.965
Characteristic density local = 8813.2 deg^-2 = 2.448 arcmin^-2
Fitting aperture to hotspot...
Candidate: x_peak:        0.035, y_peak:        1.115, r_peak:        0.020, sig:        3.966, ra_peak:      226.445, dec_peak:        1.115
Characteristic density local = 9803.9 deg^-2 = 2.723 arcmin^-2
Fitting aperture to hotspot...
Candidate: x_peak:        0.055, y_peak:       -0.075, r_peak:        0.030, sig:        1.271, ra_peak:      226.465, dec_peak:       -0.075
Characteristic density local = 8968.4 deg^-2 = 2.491 arcmin^-2
Fitting aperture to hotspot...
Candidate: x_peak:        0.165, y_peak:        0.995, r_peak:        0.040, sig:        2.340, ra_peak:      226.575, dec_peak:        0.995
Distance = 25.1 kpc (m-M = 17.0)
1149617 objects left after isochrone cut...
Characteristic density = 8800.0 deg^-2
Characteristic density local = 9692.5 deg^-2 = 2.692 arcmin^-2
Fitting aperture to hotspot...
Candidate: x_peak:       -0.955, y_peak:       -0.145, r_peak:        0.030, sig:       17.173, ra_peak:      225.455, dec_peak:       -0.145
Characteristic density local = 9038.0 deg^-2 = 2.511 arcmin^-2
Fitting aperture to hotspot...
Candidate: x_peak:       -0.295, y_peak:        0.945, r_peak:        0.020, sig:        2.235, ra_peak:      226.115, dec_peak:        0.945
Characteristic density local = 9151.4 deg^-2 = 2.542 arcmin^-2
Fitting aperture to hotspot...
Candidate: x_peak:       -0.265, y_peak:        0.965, r_peak:        0.010, sig:        1.917, ra_peak:      226.145, dec_peak:        0.965
Characteristic density local = 8813.2 deg^-2 = 2.448 arcmin^-2
Fitting aperture to hotspot...
Candidate: x_peak:        0.035, y_peak:        1.115, r_peak:        0.020, sig:        3.966, ra_peak:      226.445, dec_peak:        1.115
Characteristic density local = 9803.9 deg^-2 = 2.723 arcmin^-2
Fitting aperture to hotspot...
Candidate: x_peak:        0.055, y_peak:       -0.075, r_peak:        0.030, sig:        1.271, ra_peak:      226.465, dec_peak:       -0.075
Characteristic density local = 8968.4 deg^-2 = 2.491 arcmin^-2
Fitting aperture to hotspot...
Candidate: x_peak:        0.165, y_peak:        0.995, r_peak:        0.040, sig:        2.340, ra_peak:      226.575, dec_peak:        0.995
Distance = 31.6 kpc (m-M = 17.5)
1149619 objects left after isochrone cut...
Characteristic density = 8800.0 deg^-2
Characteristic density local = 9692.5 deg^-2 = 2.692 arcmin^-2
Fitting aperture to hotspot...
Candidate: x_peak:       -0.955, y_peak:       -0.145, r_peak:        0.030, sig:       17.173, ra_peak:      225.455, dec_peak:       -0.145
Characteristic density local = 9038.0 deg^-2 = 2.511 arcmin^-2
Fitting aperture to hotspot...
Candidate: x_peak:       -0.295, y_peak:        0.945, r_peak:        0.020, sig:        2.235, ra_peak:      226.115, dec_peak:        0.945
Characteristic density local = 9151.4 deg^-2 = 2.542 arcmin^-2
Fitting aperture to hotspot...
Candidate: x_peak:       -0.265, y_peak:        0.965, r_peak:        0.010, sig:        1.917, ra_peak:      226.145, dec_peak:        0.965
Characteristic density local = 8813.2 deg^-2 = 2.448 arcmin^-2
Fitting aperture to hotspot...
Candidate: x_peak:        0.035, y_peak:        1.115, r_peak:        0.020, sig:        3.966, ra_peak:      226.445, dec_peak:        1.115
Characteristic density local = 9803.9 deg^-2 = 2.723 arcmin^-2
Fitting aperture to hotspot...
Candidate: x_peak:        0.055, y_peak:       -0.075, r_peak:        0.030, sig:        1.271, ra_peak:      226.465, dec_peak:       -0.075
Characteristic density local = 8968.4 deg^-2 = 2.491 arcmin^-2
Fitting aperture to hotspot...
Candidate: x_peak:        0.165, y_peak:        0.995, r_peak:        0.040, sig:        2.340, ra_peak:      226.575, dec_peak:        0.995
Distance = 39.8 kpc (m-M = 18.0)
1149610 objects left after isochrone cut...
Characteristic density = 8800.0 deg^-2
Characteristic density local = 9692.5 deg^-2 = 2.692 arcmin^-2
Fitting aperture to hotspot...
Candidate: x_peak:       -0.955, y_peak:       -0.145, r_peak:        0.030, sig:       17.173, ra_peak:      225.455, dec_peak:       -0.145
Characteristic density local = 9036.0 deg^-2 = 2.510 arcmin^-2
Fitting aperture to hotspot...
Candidate: x_peak:       -0.295, y_peak:        0.945, r_peak:        0.020, sig:        2.236, ra_peak:      226.115, dec_peak:        0.945
Characteristic density local = 9149.4 deg^-2 = 2.542 arcmin^-2
Fitting aperture to hotspot...
Candidate: x_peak:       -0.265, y_peak:        0.965, r_peak:        0.010, sig:        1.918, ra_peak:      226.145, dec_peak:        0.965
Characteristic density local = 8813.2 deg^-2 = 2.448 arcmin^-2
Fitting aperture to hotspot...
Candidate: x_peak:        0.035, y_peak:        1.115, r_peak:        0.020, sig:        3.966, ra_peak:      226.445, dec_peak:        1.115
Characteristic density local = 9803.9 deg^-2 = 2.723 arcmin^-2
Fitting aperture to hotspot...
Candidate: x_peak:        0.055, y_peak:       -0.075, r_peak:        0.030, sig:        1.271, ra_peak:      226.465, dec_peak:       -0.075
Characteristic density local = 8968.4 deg^-2 = 2.491 arcmin^-2
Fitting aperture to hotspot...
Candidate: x_peak:        0.165, y_peak:        0.995, r_peak:        0.040, sig:        2.340, ra_peak:      226.575, dec_peak:        0.995
Distance = 50.1 kpc (m-M = 18.5)
1149132 objects left after isochrone cut...
Characteristic density = 8800.0 deg^-2
Characteristic density local = 9684.6 deg^-2 = 2.690 arcmin^-2
Fitting aperture to hotspot...
Candidate: x_peak:       -0.955, y_peak:       -0.145, r_peak:        0.030, sig:       17.179, ra_peak:      225.455, dec_peak:       -0.145
Characteristic density local = 9010.2 deg^-2 = 2.503 arcmin^-2
Fitting aperture to hotspot...
Candidate: x_peak:       -0.295, y_peak:        0.945, r_peak:        0.020, sig:        2.247, ra_peak:      226.115, dec_peak:        0.945
Characteristic density local = 9123.6 deg^-2 = 2.534 arcmin^-2
Fitting aperture to hotspot...
Candidate: x_peak:       -0.265, y_peak:        0.965, r_peak:        0.010, sig:        1.923, ra_peak:      226.145, dec_peak:        0.965
Characteristic density local = 8805.2 deg^-2 = 2.446 arcmin^-2
Fitting aperture to hotspot...
Candidate: x_peak:        0.035, y_peak:        1.115, r_peak:        0.020, sig:        3.969, ra_peak:      226.445, dec_peak:        1.115
Characteristic density local = 8956.4 deg^-2 = 2.488 arcmin^-2
Fitting aperture to hotspot...
Candidate: x_peak:        0.165, y_peak:        0.995, r_peak:        0.040, sig:        2.349, ra_peak:      226.575, dec_peak:        0.995
Distance = 63.1 kpc (m-M = 19.0)
1147527 objects left after isochrone cut...
Characteristic density = 8700.0 deg^-2
Characteristic density local = 9585.1 deg^-2 = 2.663 arcmin^-2
Fitting aperture to hotspot...
Candidate: x_peak:       -0.955, y_peak:       -0.145, r_peak:        0.030, sig:       17.258, ra_peak:      225.455, dec_peak:       -0.145
Characteristic density local = 8944.5 deg^-2 = 2.485 arcmin^-2
Fitting aperture to hotspot...
Candidate: x_peak:       -0.295, y_peak:        0.945, r_peak:        0.020, sig:        2.025, ra_peak:      226.115, dec_peak:        0.945
Characteristic density local = 9055.9 deg^-2 = 2.516 arcmin^-2
Fitting aperture to hotspot...
Candidate: x_peak:       -0.265, y_peak:        0.965, r_peak:        0.010, sig:        1.938, ra_peak:      226.145, dec_peak:        0.965
Characteristic density local = 9032.0 deg^-2 = 2.509 arcmin^-2
Fitting aperture to hotspot...
Candidate: x_peak:       -0.255, y_peak:        0.975, r_peak:        0.010, sig:        1.944, ra_peak:      226.155, dec_peak:        0.975
Characteristic density local = 8771.4 deg^-2 = 2.437 arcmin^-2
Fitting aperture to hotspot...
Candidate: x_peak:        0.035, y_peak:        1.115, r_peak:        0.020, sig:        3.984, ra_peak:      226.445, dec_peak:        1.115
Characteristic density local = 8930.6 deg^-2 = 2.481 arcmin^-2
Fitting aperture to hotspot...
Candidate: x_peak:        0.165, y_peak:        0.995, r_peak:        0.040, sig:        2.369, ra_peak:      226.575, dec_peak:        0.995
Characteristic density local = 9362.3 deg^-2 = 2.601 arcmin^-2
Fitting aperture to hotspot...
Candidate: x_peak:        0.265, y_peak:       -0.965, r_peak:        0.010, sig:        0.935, ra_peak:      226.675, dec_peak:       -0.965
Characteristic density local = 9422.0 deg^-2 = 2.617 arcmin^-2
Fitting aperture to hotspot...
Candidate: x_peak:        0.275, y_peak:       -0.955, r_peak:        0.070, sig:        0.218, ra_peak:      226.685, dec_peak:       -0.955
Characteristic density local = 9543.3 deg^-2 = 2.651 arcmin^-2
Fitting aperture to hotspot...
Candidate: x_peak:        1.015, y_peak:        0.325, r_peak:        0.090, sig:        0.689, ra_peak:      227.425, dec_peak:        0.325
Distance = 79.4 kpc (m-M = 19.5)
1145038 objects left after isochrone cut...
Characteristic density = 8700.0 deg^-2
Characteristic density local = 9455.8 deg^-2 = 2.627 arcmin^-2
Fitting aperture to hotspot...
Candidate: x_peak:       -0.955, y_peak:       -0.145, r_peak:        0.030, sig:       17.362, ra_peak:      225.455, dec_peak:       -0.145
Characteristic density local = 9654.7 deg^-2 = 2.682 arcmin^-2
Fitting aperture to hotspot...
Candidate: x_peak:       -0.315, y_peak:       -0.905, r_peak:        0.020, sig:        8.584, ra_peak:      226.095, dec_peak:       -0.905
Characteristic density local = 8922.6 deg^-2 = 2.479 arcmin^-2
Fitting aperture to hotspot...
Candidate: x_peak:       -0.085, y_peak:        0.495, r_peak:        0.020, sig:        7.711, ra_peak:      226.325, dec_peak:        0.495
Characteristic density local = 9414.0 deg^-2 = 2.615 arcmin^-2
Fitting aperture to hotspot...
Candidate: x_peak:        0.145, y_peak:        0.195, r_peak:        0.030, sig:        4.142, ra_peak:      226.555, dec_peak:        0.195
Characteristic density local = 9352.3 deg^-2 = 2.598 arcmin^-2
Fitting aperture to hotspot...
Candidate: x_peak:        0.445, y_peak:        0.025, r_peak:        0.030, sig:        9.877, ra_peak:      226.855, dec_peak:        0.025
Characteristic density local = 9250.9 deg^-2 = 2.570 arcmin^-2
Fitting aperture to hotspot...
Candidate: x_peak:        0.585, y_peak:       -0.055, r_peak:        0.020, sig:       11.558, ra_peak:      226.995, dec_peak:       -0.055
Distance = 100.0 kpc (m-M = 20.0)
1141108 objects left after isochrone cut...
Characteristic density = 8500.0 deg^-2
Characteristic density local = 9215.1 deg^-2 = 2.560 arcmin^-2
Fitting aperture to hotspot...
Candidate: x_peak:       -0.955, y_peak:       -0.145, r_peak:        0.030, sig:       17.557, ra_peak:      225.455, dec_peak:       -0.145
Characteristic density local = 9491.6 deg^-2 = 2.637 arcmin^-2
Fitting aperture to hotspot...
Candidate: x_peak:       -0.315, y_peak:       -0.905, r_peak:        0.020, sig:        8.665, ra_peak:      226.095, dec_peak:       -0.905
Characteristic density local = 8729.6 deg^-2 = 2.425 arcmin^-2
Fitting aperture to hotspot...
Candidate: x_peak:       -0.085, y_peak:        0.495, r_peak:        0.020, sig:        7.809, ra_peak:      226.325, dec_peak:        0.495
Characteristic density local = 9258.8 deg^-2 = 2.572 arcmin^-2
Fitting aperture to hotspot...
Candidate: x_peak:        0.145, y_peak:        0.195, r_peak:        0.030, sig:        4.082, ra_peak:      226.555, dec_peak:        0.195
Characteristic density local = 9197.2 deg^-2 = 2.555 arcmin^-2
Fitting aperture to hotspot...
Candidate: x_peak:        0.445, y_peak:        0.025, r_peak:        0.030, sig:        9.734, ra_peak:      226.855, dec_peak:        0.025
Characteristic density local = 9105.7 deg^-2 = 2.529 arcmin^-2
Fitting aperture to hotspot...
Candidate: x_peak:        0.585, y_peak:       -0.055, r_peak:        0.020, sig:       11.637, ra_peak:      226.995, dec_peak:       -0.055
Distance = 125.9 kpc (m-M = 20.5)
1135712 objects left after isochrone cut...
Characteristic density = 8300.0 deg^-2
Characteristic density local = 8990.3 deg^-2 = 2.497 arcmin^-2
Fitting aperture to hotspot...
Candidate: x_peak:       -0.955, y_peak:       -0.145, r_peak:        0.030, sig:       17.640, ra_peak:      225.455, dec_peak:       -0.145
Characteristic density local = 9240.9 deg^-2 = 2.567 arcmin^-2
Fitting aperture to hotspot...
Candidate: x_peak:       -0.315, y_peak:       -0.905, r_peak:        0.020, sig:        8.791, ra_peak:      226.095, dec_peak:       -0.905
Characteristic density local = 8518.8 deg^-2 = 2.366 arcmin^-2
Fitting aperture to hotspot...
Candidate: x_peak:       -0.085, y_peak:        0.495, r_peak:        0.020, sig:        7.918, ra_peak:      226.325, dec_peak:        0.495
Characteristic density local = 9028.1 deg^-2 = 2.508 arcmin^-2
Fitting aperture to hotspot...
Candidate: x_peak:        0.145, y_peak:        0.195, r_peak:        0.030, sig:        4.068, ra_peak:      226.555, dec_peak:        0.195
Characteristic density local = 8948.5 deg^-2 = 2.486 arcmin^-2
Fitting aperture to hotspot...
Candidate: x_peak:        0.445, y_peak:        0.025, r_peak:        0.030, sig:        9.913, ra_peak:      226.855, dec_peak:        0.025
Characteristic density local = 8876.9 deg^-2 = 2.466 arcmin^-2
Fitting aperture to hotspot...
Candidate: x_peak:        0.585, y_peak:       -0.055, r_peak:        0.020, sig:       11.764, ra_peak:      226.995, dec_peak:       -0.055
Distance = 158.5 kpc (m-M = 21.0)
1128882 objects left after isochrone cut...
Characteristic density = 8100.0 deg^-2
Characteristic density local = 8654.1 deg^-2 = 2.404 arcmin^-2
Fitting aperture to hotspot...
Candidate: x_peak:       -0.955, y_peak:       -0.145, r_peak:        0.030, sig:       17.507, ra_peak:      225.455, dec_peak:       -0.145
Characteristic density local = 8323.8 deg^-2 = 2.312 arcmin^-2
Fitting aperture to hotspot...
Candidate: x_peak:       -0.015, y_peak:        0.825, r_peak:        0.020, sig:        2.030, ra_peak:      226.395, dec_peak:        0.825
Characteristic density local = 8236.3 deg^-2 = 2.288 arcmin^-2
Fitting aperture to hotspot...
Candidate: x_peak:       -0.135, y_peak:        1.035, r_peak:        0.020, sig:        1.265, ra_peak:      226.275, dec_peak:        1.035
Characteristic density local = 8037.3 deg^-2 = 2.233 arcmin^-2
Fitting aperture to hotspot...
Candidate: x_peak:        0.035, y_peak:        1.125, r_peak:        0.030, sig:        2.686, ra_peak:      226.445, dec_peak:        1.125
Characteristic density local = 8180.6 deg^-2 = 2.272 arcmin^-2
Fitting aperture to hotspot...
Candidate: x_peak:        0.175, y_peak:        0.995, r_peak:        0.030, sig:        1.493, ra_peak:      226.585, dec_peak:        0.995
Characteristic density local = 8417.3 deg^-2 = 2.338 arcmin^-2
Fitting aperture to hotspot...
Candidate: x_peak:        0.395, y_peak:        0.655, r_peak:        0.020, sig:        2.247, ra_peak:      226.805, dec_peak:        0.655
Characteristic density local = 8707.8 deg^-2 = 2.419 arcmin^-2
Fitting aperture to hotspot...
Candidate: x_peak:        0.585, y_peak:       -0.255, r_peak:        0.220, sig:        1.735, ra_peak:      226.995, dec_peak:       -0.255
Distance = 199.5 kpc (m-M = 21.5)
1120011 objects left after isochrone cut...
Characteristic density = 7800.0 deg^-2
Characteristic density local = 8280.0 deg^-2 = 2.300 arcmin^-2
Fitting aperture to hotspot...
Candidate: x_peak:       -0.955, y_peak:       -0.145, r_peak:        0.030, sig:       17.620, ra_peak:      225.455, dec_peak:       -0.145
Characteristic density local = 8554.6 deg^-2 = 2.376 arcmin^-2
Fitting aperture to hotspot...
Candidate: x_peak:       -0.315, y_peak:       -0.905, r_peak:        0.020, sig:        8.974, ra_peak:      226.095, dec_peak:       -0.905
Characteristic density local = 7840.4 deg^-2 = 2.178 arcmin^-2
Fitting aperture to hotspot...
Candidate: x_peak:       -0.085, y_peak:        0.505, r_peak:        0.030, sig:        6.724, ra_peak:      226.325, dec_peak:        0.505
Characteristic density local = 7872.2 deg^-2 = 2.187 arcmin^-2
Fitting aperture to hotspot...
Candidate: x_peak:       -0.055, y_peak:        0.585, r_peak:        0.030, sig:        4.507, ra_peak:      226.355, dec_peak:        0.585
Characteristic density local = 8276.1 deg^-2 = 2.299 arcmin^-2
Fitting aperture to hotspot...
Candidate: x_peak:        0.445, y_peak:        0.025, r_peak:        0.030, sig:       10.415, ra_peak:      226.855, dec_peak:        0.025
Characteristic density local = 8228.3 deg^-2 = 2.286 arcmin^-2
Fitting aperture to hotspot...
Candidate: x_peak:        0.585, y_peak:       -0.055, r_peak:        0.020, sig:       11.823, ra_peak:      226.995, dec_peak:       -0.055
Distance = 251.2 kpc (m-M = 22.0)
1109109 objects left after isochrone cut...
Characteristic density = 7400.0 deg^-2
Characteristic density local = 7844.3 deg^-2 = 2.179 arcmin^-2
Fitting aperture to hotspot...
Candidate: x_peak:       -0.955, y_peak:       -0.145, r_peak:        0.030, sig:       17.797, ra_peak:      225.455, dec_peak:       -0.145
Characteristic density local = 8192.5 deg^-2 = 2.276 arcmin^-2
Fitting aperture to hotspot...
Candidate: x_peak:       -0.315, y_peak:       -0.905, r_peak:        0.020, sig:        9.170, ra_peak:      226.095, dec_peak:       -0.905
Characteristic density local = 7446.5 deg^-2 = 2.068 arcmin^-2
Fitting aperture to hotspot...
Candidate: x_peak:       -0.085, y_peak:        0.505, r_peak:        0.030, sig:        6.714, ra_peak:      226.325, dec_peak:        0.505
Characteristic density local = 7482.3 deg^-2 = 2.078 arcmin^-2
Fitting aperture to hotspot...
Candidate: x_peak:       -0.055, y_peak:        0.585, r_peak:        0.030, sig:        4.614, ra_peak:      226.355, dec_peak:        0.585
Characteristic density local = 7977.6 deg^-2 = 2.216 arcmin^-2
Fitting aperture to hotspot...
Candidate: x_peak:        0.145, y_peak:        0.195, r_peak:        0.030, sig:        3.936, ra_peak:      226.555, dec_peak:        0.195
Characteristic density local = 7830.4 deg^-2 = 2.175 arcmin^-2
Fitting aperture to hotspot...
Candidate: x_peak:        0.445, y_peak:        0.025, r_peak:        0.030, sig:       10.504, ra_peak:      226.855, dec_peak:        0.025
Characteristic density local = 7776.7 deg^-2 = 2.160 arcmin^-2
Fitting aperture to hotspot...
Candidate: x_peak:        0.585, y_peak:       -0.055, r_peak:        0.020, sig:       11.935, ra_peak:      226.995, dec_peak:       -0.055
Distance = 316.2 kpc (m-M = 22.5)
1094865 objects left after isochrone cut...
Characteristic density = 6900.0 deg^-2
Characteristic density local = 7360.9 deg^-2 = 2.045 arcmin^-2
Fitting aperture to hotspot...
Candidate: x_peak:       -0.955, y_peak:       -0.145, r_peak:        0.030, sig:       18.033, ra_peak:      225.455, dec_peak:       -0.145
Characteristic density local = 7685.2 deg^-2 = 2.135 arcmin^-2
Fitting aperture to hotspot...
Candidate: x_peak:       -0.315, y_peak:       -0.905, r_peak:        0.020, sig:        9.457, ra_peak:      226.095, dec_peak:       -0.905
Characteristic density local = 6945.1 deg^-2 = 1.929 arcmin^-2
Fitting aperture to hotspot...
Candidate: x_peak:       -0.085, y_peak:        0.505, r_peak:        0.030, sig:        6.946, ra_peak:      226.325, dec_peak:        0.505
Characteristic density local = 7806.5 deg^-2 = 2.168 arcmin^-2
Fitting aperture to hotspot...
Candidate: x_peak:       -0.065, y_peak:       -0.975, r_peak:        0.070, sig:        2.928, ra_peak:      226.345, dec_peak:       -0.975
Characteristic density local = 7042.6 deg^-2 = 1.956 arcmin^-2
Fitting aperture to hotspot...
Candidate: x_peak:       -0.055, y_peak:        0.585, r_peak:        0.030, sig:        4.422, ra_peak:      226.355, dec_peak:        0.585
Characteristic density local = 7428.6 deg^-2 = 2.063 arcmin^-2
Fitting aperture to hotspot...
Candidate: x_peak:        0.145, y_peak:        0.195, r_peak:        0.030, sig:        4.145, ra_peak:      226.555, dec_peak:        0.195
Characteristic density local = 7337.0 deg^-2 = 2.038 arcmin^-2
Fitting aperture to hotspot...
Candidate: x_peak:        0.445, y_peak:        0.025, r_peak:        0.030, sig:       10.775, ra_peak:      226.855, dec_peak:        0.025
Characteristic density local = 7251.5 deg^-2 = 2.014 arcmin^-2
Fitting aperture to hotspot...
Candidate: x_peak:        0.585, y_peak:       -0.055, r_peak:        0.020, sig:       12.266, ra_peak:      226.995, dec_peak:       -0.055
Distance = 398.1 kpc (m-M = 23.0)
1078418 objects left after isochrone cut...
Characteristic density = 6400.0 deg^-2
Characteristic density local = 6776.0 deg^-2 = 1.882 arcmin^-2
Fitting aperture to hotspot...
Candidate: x_peak:       -0.955, y_peak:       -0.145, r_peak:        0.030, sig:       18.280, ra_peak:      225.455, dec_peak:       -0.145
Characteristic density local = 7042.6 deg^-2 = 1.956 arcmin^-2
Fitting aperture to hotspot...
Candidate: x_peak:       -0.315, y_peak:       -0.905, r_peak:        0.020, sig:        9.297, ra_peak:      226.095, dec_peak:       -0.905
Characteristic density local = 6358.2 deg^-2 = 1.766 arcmin^-2
Fitting aperture to hotspot...
Candidate: x_peak:       -0.085, y_peak:        0.505, r_peak:        0.030, sig:        7.108, ra_peak:      226.325, dec_peak:        0.505
Characteristic density local = 7201.8 deg^-2 = 2.000 arcmin^-2
Fitting aperture to hotspot...
Candidate: x_peak:       -0.065, y_peak:       -0.975, r_peak:        0.040, sig:        3.141, ra_peak:      226.345, dec_peak:       -0.975
Characteristic density local = 6801.9 deg^-2 = 1.889 arcmin^-2
Fitting aperture to hotspot...
Candidate: x_peak:        0.135, y_peak:        0.195, r_peak:        0.030, sig:        4.601, ra_peak:      226.545, dec_peak:        0.195
Characteristic density local = 6742.2 deg^-2 = 1.873 arcmin^-2
Fitting aperture to hotspot...
Candidate: x_peak:        0.445, y_peak:        0.025, r_peak:        0.020, sig:       10.917, ra_peak:      226.855, dec_peak:        0.025
Characteristic density local = 6648.7 deg^-2 = 1.847 arcmin^-2
Fitting aperture to hotspot...
Candidate: x_peak:        0.585, y_peak:       -0.055, r_peak:        0.020, sig:       12.006, ra_peak:      226.995, dec_peak:       -0.055
Characteristic density local = 6660.6 deg^-2 = 1.850 arcmin^-2
Fitting aperture to hotspot...
Candidate: x_peak:        0.635, y_peak:        0.555, r_peak:        0.040, sig:        3.932, ra_peak:      227.045, dec_peak:        0.555
18.28 sigma; (RA, Dec, d) = (225.45, -0.14); r = 0.03 deg; d = 398.1, mu = 23.00 mag), mc_source_id: 0.00
12.27 sigma; (RA, Dec, d) = (227.00, -0.05); r = 0.02 deg; d = 316.2, mu = 22.50 mag), mc_source_id: 0.00
10.92 sigma; (RA, Dec, d) = (226.86, 0.02); r = 0.02 deg; d = 398.1, mu = 23.00 mag), mc_source_id: 0.00
9.46 sigma; (RA, Dec, d) = (226.09, -0.91); r = 0.02 deg; d = 316.2, mu = 22.50 mag), mc_source_id: 0.00
7.92 sigma; (RA, Dec, d) = (226.32, 0.50); r = 0.02 deg; d = 125.9, mu = 20.50 mag), mc_source_id: 0.00
4.61 sigma; (RA, Dec, d) = (226.35, 0.59); r = 0.03 deg; d = 251.2, mu = 22.00 mag), mc_source_id: 0.00
4.60 sigma; (RA, Dec, d) = (226.55, 0.20); r = 0.03 deg; d = 398.1, mu = 23.00 mag), mc_source_id: 0.00
3.98 sigma; (RA, Dec, d) = (226.45, 1.12); r = 0.02 deg; d = 63.1, mu = 19.00 mag), mc_source_id: 0.00
3.93 sigma; (RA, Dec, d) = (227.05, 0.56); r = 0.04 deg; d = 398.1, mu = 23.00 mag), mc_source_id: 0.00
3.14 sigma; (RA, Dec, d) = (226.34, -0.98); r = 0.04 deg; d = 398.1, mu = 23.00 mag), mc_source_id: 0.00
2.37 sigma; (RA, Dec, d) = (226.58, 1.00); r = 0.04 deg; d = 63.1, mu = 19.00 mag), mc_source_id: 0.00
2.25 sigma; (RA, Dec, d) = (226.11, 0.95); r = 0.02 deg; d = 50.1, mu = 18.50 mag), mc_source_id: 0.00
2.25 sigma; (RA, Dec, d) = (226.81, 0.66); r = 0.02 deg; d = 158.5, mu = 21.00 mag), mc_source_id: 0.00
2.03 sigma; (RA, Dec, d) = (226.39, 0.83); r = 0.02 deg; d = 158.5, mu = 21.00 mag), mc_source_id: 0.00
1.94 sigma; (RA, Dec, d) = (226.15, 0.98); r = 0.01 deg; d = 63.1, mu = 19.00 mag), mc_source_id: 0.00
1.94 sigma; (RA, Dec, d) = (226.14, 0.97); r = 0.01 deg; d = 63.1, mu = 19.00 mag), mc_source_id: 0.00
1.73 sigma; (RA, Dec, d) = (227.00, -0.25); r = 0.22 deg; d = 158.5, mu = 21.00 mag), mc_source_id: 0.00
1.27 sigma; (RA, Dec, d) = (226.47, -0.08); r = 0.03 deg; d = 20.0, mu = 16.50 mag), mc_source_id: 0.00
1.26 sigma; (RA, Dec, d) = (226.27, 1.04); r = 0.02 deg; d = 158.5, mu = 21.00 mag), mc_source_id: 0.00
0.93 sigma; (RA, Dec, d) = (226.68, -0.97); r = 0.01 deg; d = 63.1, mu = 19.00 mag), mc_source_id: 0.00
0.69 sigma; (RA, Dec, d) = (227.43, 0.32); r = 0.09 deg; d = 63.1, mu = 19.00 mag), mc_source_id: 0.00
0.22 sigma; (RA, Dec, d) = (226.69, -0.96); r = 0.07 deg; d = 63.1, mu = 19.00 mag), mc_source_id: 0.00

------------------------------------------------------------
Job <680975.0> was submitted from <des51.fnal.gov> by user <tavangar>.
Job was executed on host <des40.fnal.gov> as user <tavangar>.
</var/lib/condor/execute/dir_2030373> was used as the initial working directory.
Results reported at Wed Jun  5 12:26:58 CDT 2019

Your job looked like:

------------------------------------------------------------
python /home/s1/tavangar/tavangar_simple/search_algorithm.py 226.41 0.00 0.00 /home/s1/tavangar/tavangar_simple/decals_dr7_results/results_nside_32_6160.csv /home/s1/tavangar/tavangar_simple/decals_dr7_results/decals_dr7_log/results_nside_32_6160.log
------------------------------------------------------------

Successfully completed.

Resource usage summary:

	Real time :			275.50 sec.
	CPU time :			7.82 sec.
	CPU percentage :		91%
	Max Memory :			7614096 KB
	Average Memory :		0 KB

The output (if any) is above this job summary.
