/home/s1/tavangar/tavangar_simple/simple_utils.py:170: FutureWarning: elementwise comparison failed; returning scalar instead, but in the future will perform elementwise comparison
  if np.all(isochrone.stage == 'Main'):
Search coordinates: (RA, Dec) = (32.34, 27.28)
Center healpixel: 3275
Healpixels: [3275 3403 3274 3147 3019 3148 3276 3404 3531]
MC_SOURCE_ID = 0.0
mode = 0: running only on real data
Found 1 objects...
Applying cuts...
191844 star-like objects in ROI...
231544 galaxy-like objects in ROI...
No fracdet map specified ...
Distance = 15.8 kpc (m-M = 16.0)
191840 objects left after isochrone cut...
Characteristic density = 5600.0 deg^-2
Characteristic density local = 5600.0 deg^-2 = 1.556 arcmin^-2
Fitting aperture to hotspot...
Candidate: x_peak:       -0.445, y_peak:       -0.035, r_peak:        0.030, sig:       10.093, ra_peak:       31.839, dec_peak:       27.244
Characteristic density local = 6034.0 deg^-2 = 1.676 arcmin^-2
Fitting aperture to hotspot...
Candidate: x_peak:        0.005, y_peak:       -1.325, r_peak:        0.050, sig:       14.461, ra_peak:       32.346, dec_peak:       25.955
Characteristic density local = 5880.8 deg^-2 = 1.634 arcmin^-2
Fitting aperture to hotspot...
Candidate: x_peak:        0.075, y_peak:       -0.525, r_peak:        0.050, sig:        5.068, ra_peak:       32.424, dec_peak:       26.755
Characteristic density local = 5930.5 deg^-2 = 1.647 arcmin^-2
Fitting aperture to hotspot...
Candidate: x_peak:        0.135, y_peak:       -0.825, r_peak:        0.040, sig:        5.521, ra_peak:       32.491, dec_peak:       26.455
Characteristic density local = 6037.9 deg^-2 = 1.677 arcmin^-2
Fitting aperture to hotspot...
Candidate: x_peak:        0.195, y_peak:       -0.535, r_peak:        0.060, sig:        4.289, ra_peak:       32.558, dec_peak:       26.745
Characteristic density local = 6139.4 deg^-2 = 1.705 arcmin^-2
Fitting aperture to hotspot...
Candidate: x_peak:        0.295, y_peak:       -0.705, r_peak:        0.050, sig:        4.138, ra_peak:       32.670, dec_peak:       26.575
Characteristic density local = 5858.9 deg^-2 = 1.627 arcmin^-2
Fitting aperture to hotspot...
Candidate: x_peak:        0.435, y_peak:       -0.185, r_peak:        0.010, sig:        6.638, ra_peak:       32.829, dec_peak:       27.094
Distance = 20.0 kpc (m-M = 16.5)
191840 objects left after isochrone cut...
Characteristic density = 5600.0 deg^-2
Characteristic density local = 5600.0 deg^-2 = 1.556 arcmin^-2
Fitting aperture to hotspot...
Candidate: x_peak:       -0.445, y_peak:       -0.035, r_peak:        0.030, sig:       10.093, ra_peak:       31.839, dec_peak:       27.244
Characteristic density local = 6034.0 deg^-2 = 1.676 arcmin^-2
Fitting aperture to hotspot...
Candidate: x_peak:        0.005, y_peak:       -1.325, r_peak:        0.050, sig:       14.461, ra_peak:       32.346, dec_peak:       25.955
Characteristic density local = 5880.8 deg^-2 = 1.634 arcmin^-2
Fitting aperture to hotspot...
Candidate: x_peak:        0.075, y_peak:       -0.525, r_peak:        0.050, sig:        5.068, ra_peak:       32.424, dec_peak:       26.755
Characteristic density local = 5930.5 deg^-2 = 1.647 arcmin^-2
Fitting aperture to hotspot...
Candidate: x_peak:        0.135, y_peak:       -0.825, r_peak:        0.040, sig:        5.521, ra_peak:       32.491, dec_peak:       26.455
Characteristic density local = 6037.9 deg^-2 = 1.677 arcmin^-2
Fitting aperture to hotspot...
Candidate: x_peak:        0.195, y_peak:       -0.535, r_peak:        0.060, sig:        4.289, ra_peak:       32.558, dec_peak:       26.745
Characteristic density local = 6139.4 deg^-2 = 1.705 arcmin^-2
Fitting aperture to hotspot...
Candidate: x_peak:        0.295, y_peak:       -0.705, r_peak:        0.050, sig:        4.138, ra_peak:       32.670, dec_peak:       26.575
Characteristic density local = 5858.9 deg^-2 = 1.627 arcmin^-2
Fitting aperture to hotspot...
Candidate: x_peak:        0.435, y_peak:       -0.185, r_peak:        0.010, sig:        6.638, ra_peak:       32.829, dec_peak:       27.094
Distance = 25.1 kpc (m-M = 17.0)
191839 objects left after isochrone cut...
Characteristic density = 5600.0 deg^-2
Characteristic density local = 5600.0 deg^-2 = 1.556 arcmin^-2
Fitting aperture to hotspot...
Candidate: x_peak:       -0.445, y_peak:       -0.035, r_peak:        0.030, sig:       10.093, ra_peak:       31.839, dec_peak:       27.244
Characteristic density local = 6034.0 deg^-2 = 1.676 arcmin^-2
Fitting aperture to hotspot...
Candidate: x_peak:        0.005, y_peak:       -1.325, r_peak:        0.050, sig:       14.461, ra_peak:       32.346, dec_peak:       25.955
Characteristic density local = 5880.8 deg^-2 = 1.634 arcmin^-2
Fitting aperture to hotspot...
Candidate: x_peak:        0.075, y_peak:       -0.525, r_peak:        0.050, sig:        5.068, ra_peak:       32.424, dec_peak:       26.755
Characteristic density local = 5930.5 deg^-2 = 1.647 arcmin^-2
Fitting aperture to hotspot...
Candidate: x_peak:        0.135, y_peak:       -0.825, r_peak:        0.040, sig:        5.521, ra_peak:       32.491, dec_peak:       26.455
Characteristic density local = 6037.9 deg^-2 = 1.677 arcmin^-2
Fitting aperture to hotspot...
Candidate: x_peak:        0.195, y_peak:       -0.535, r_peak:        0.060, sig:        4.289, ra_peak:       32.558, dec_peak:       26.745
Characteristic density local = 6139.4 deg^-2 = 1.705 arcmin^-2
Fitting aperture to hotspot...
Candidate: x_peak:        0.295, y_peak:       -0.705, r_peak:        0.050, sig:        4.138, ra_peak:       32.670, dec_peak:       26.575
Characteristic density local = 5858.9 deg^-2 = 1.627 arcmin^-2
Fitting aperture to hotspot...
Candidate: x_peak:        0.435, y_peak:       -0.185, r_peak:        0.010, sig:        6.638, ra_peak:       32.829, dec_peak:       27.094
Distance = 31.6 kpc (m-M = 17.5)
191838 objects left after isochrone cut...
Characteristic density = 5600.0 deg^-2
Characteristic density local = 5600.0 deg^-2 = 1.556 arcmin^-2
Fitting aperture to hotspot...
Candidate: x_peak:       -0.445, y_peak:       -0.035, r_peak:        0.030, sig:       10.093, ra_peak:       31.839, dec_peak:       27.244
Characteristic density local = 6034.0 deg^-2 = 1.676 arcmin^-2
Fitting aperture to hotspot...
Candidate: x_peak:        0.005, y_peak:       -1.325, r_peak:        0.050, sig:       14.461, ra_peak:       32.346, dec_peak:       25.955
Characteristic density local = 5880.8 deg^-2 = 1.634 arcmin^-2
Fitting aperture to hotspot...
Candidate: x_peak:        0.075, y_peak:       -0.525, r_peak:        0.050, sig:        5.068, ra_peak:       32.424, dec_peak:       26.755
Characteristic density local = 5930.5 deg^-2 = 1.647 arcmin^-2
Fitting aperture to hotspot...
Candidate: x_peak:        0.135, y_peak:       -0.825, r_peak:        0.040, sig:        5.521, ra_peak:       32.491, dec_peak:       26.455
Characteristic density local = 6037.9 deg^-2 = 1.677 arcmin^-2
Fitting aperture to hotspot...
Candidate: x_peak:        0.195, y_peak:       -0.535, r_peak:        0.060, sig:        4.289, ra_peak:       32.558, dec_peak:       26.745
Characteristic density local = 6139.4 deg^-2 = 1.705 arcmin^-2
Fitting aperture to hotspot...
Candidate: x_peak:        0.295, y_peak:       -0.705, r_peak:        0.050, sig:        4.138, ra_peak:       32.670, dec_peak:       26.575
Characteristic density local = 5858.9 deg^-2 = 1.627 arcmin^-2
Fitting aperture to hotspot...
Candidate: x_peak:        0.435, y_peak:       -0.185, r_peak:        0.010, sig:        6.638, ra_peak:       32.829, dec_peak:       27.094
Distance = 39.8 kpc (m-M = 18.0)
191811 objects left after isochrone cut...
Characteristic density = 5600.0 deg^-2
Characteristic density local = 5600.0 deg^-2 = 1.556 arcmin^-2
Fitting aperture to hotspot...
Candidate: x_peak:       -0.445, y_peak:       -0.035, r_peak:        0.030, sig:       10.093, ra_peak:       31.839, dec_peak:       27.244
Characteristic density local = 6032.0 deg^-2 = 1.676 arcmin^-2
Fitting aperture to hotspot...
Candidate: x_peak:        0.005, y_peak:       -1.325, r_peak:        0.050, sig:       14.464, ra_peak:       32.346, dec_peak:       25.955
Characteristic density local = 5880.8 deg^-2 = 1.634 arcmin^-2
Fitting aperture to hotspot...
Candidate: x_peak:        0.075, y_peak:       -0.525, r_peak:        0.050, sig:        5.068, ra_peak:       32.424, dec_peak:       26.755
Characteristic density local = 5930.5 deg^-2 = 1.647 arcmin^-2
Fitting aperture to hotspot...
Candidate: x_peak:        0.135, y_peak:       -0.825, r_peak:        0.040, sig:        5.521, ra_peak:       32.491, dec_peak:       26.455
Characteristic density local = 6037.9 deg^-2 = 1.677 arcmin^-2
Fitting aperture to hotspot...
Candidate: x_peak:        0.195, y_peak:       -0.535, r_peak:        0.060, sig:        4.289, ra_peak:       32.558, dec_peak:       26.745
Characteristic density local = 6139.4 deg^-2 = 1.705 arcmin^-2
Fitting aperture to hotspot...
Candidate: x_peak:        0.295, y_peak:       -0.705, r_peak:        0.050, sig:        4.138, ra_peak:       32.670, dec_peak:       26.575
Characteristic density local = 5858.9 deg^-2 = 1.627 arcmin^-2
Fitting aperture to hotspot...
Candidate: x_peak:        0.435, y_peak:       -0.185, r_peak:        0.010, sig:        6.638, ra_peak:       32.829, dec_peak:       27.094
Distance = 50.1 kpc (m-M = 18.5)
191050 objects left after isochrone cut...
Characteristic density = 5600.0 deg^-2
Characteristic density local = 5600.0 deg^-2 = 1.556 arcmin^-2
Fitting aperture to hotspot...
Candidate: x_peak:       -0.445, y_peak:       -0.035, r_peak:        0.030, sig:       10.093, ra_peak:       31.839, dec_peak:       27.244
Characteristic density local = 5970.3 deg^-2 = 1.658 arcmin^-2
Fitting aperture to hotspot...
Candidate: x_peak:        0.005, y_peak:       -1.325, r_peak:        0.050, sig:       14.556, ra_peak:       32.346, dec_peak:       25.955
Characteristic density local = 5819.1 deg^-2 = 1.616 arcmin^-2
Fitting aperture to hotspot...
Candidate: x_peak:        0.075, y_peak:       -0.525, r_peak:        0.050, sig:        5.028, ra_peak:       32.424, dec_peak:       26.755
Characteristic density local = 5880.8 deg^-2 = 1.634 arcmin^-2
Fitting aperture to hotspot...
Candidate: x_peak:        0.135, y_peak:       -0.825, r_peak:        0.040, sig:        5.291, ra_peak:       32.491, dec_peak:       26.455
Characteristic density local = 5976.3 deg^-2 = 1.660 arcmin^-2
Fitting aperture to hotspot...
Candidate: x_peak:        0.195, y_peak:       -0.535, r_peak:        0.060, sig:        4.276, ra_peak:       32.558, dec_peak:       26.745
Characteristic density local = 6091.7 deg^-2 = 1.692 arcmin^-2
Fitting aperture to hotspot...
Candidate: x_peak:        0.295, y_peak:       -0.705, r_peak:        0.050, sig:        4.075, ra_peak:       32.670, dec_peak:       26.575
Characteristic density local = 5797.2 deg^-2 = 1.610 arcmin^-2
Fitting aperture to hotspot...
Candidate: x_peak:        0.435, y_peak:       -0.185, r_peak:        0.010, sig:        6.662, ra_peak:       32.829, dec_peak:       27.094
Distance = 63.1 kpc (m-M = 19.0)
189457 objects left after isochrone cut...
Characteristic density = 5500.0 deg^-2
Characteristic density local = 5500.0 deg^-2 = 1.528 arcmin^-2
Fitting aperture to hotspot...
Candidate: x_peak:       -0.445, y_peak:       -0.035, r_peak:        0.030, sig:       10.191, ra_peak:       31.839, dec_peak:       27.244
Characteristic density local = 5880.8 deg^-2 = 1.634 arcmin^-2
Fitting aperture to hotspot...
Candidate: x_peak:        0.005, y_peak:       -1.325, r_peak:        0.050, sig:       14.692, ra_peak:       32.346, dec_peak:       25.955
Characteristic density local = 5699.7 deg^-2 = 1.583 arcmin^-2
Fitting aperture to hotspot...
Candidate: x_peak:        0.065, y_peak:       -0.525, r_peak:        0.060, sig:        5.732, ra_peak:       32.413, dec_peak:       26.755
Characteristic density local = 5793.2 deg^-2 = 1.609 arcmin^-2
Fitting aperture to hotspot...
Candidate: x_peak:        0.135, y_peak:       -0.835, r_peak:        0.050, sig:        4.575, ra_peak:       32.491, dec_peak:       26.445
Characteristic density local = 5771.4 deg^-2 = 1.603 arcmin^-2
Fitting aperture to hotspot...
Candidate: x_peak:        0.155, y_peak:       -0.385, r_peak:        0.210, sig:        4.214, ra_peak:       32.514, dec_peak:       26.895
Characteristic density local = 6002.1 deg^-2 = 1.667 arcmin^-2
Fitting aperture to hotspot...
Candidate: x_peak:        0.295, y_peak:       -0.705, r_peak:        0.040, sig:        4.002, ra_peak:       32.670, dec_peak:       26.575
Characteristic density local = 5654.0 deg^-2 = 1.571 arcmin^-2
Fitting aperture to hotspot...
Candidate: x_peak:        0.435, y_peak:       -0.185, r_peak:        0.010, sig:        6.380, ra_peak:       32.829, dec_peak:       27.094
Distance = 79.4 kpc (m-M = 19.5)
187500 objects left after isochrone cut...
Characteristic density = 5300.0 deg^-2
Characteristic density local = 5300.0 deg^-2 = 1.472 arcmin^-2
Fitting aperture to hotspot...
Candidate: x_peak:       -0.445, y_peak:       -0.035, r_peak:        0.030, sig:       10.391, ra_peak:       31.839, dec_peak:       27.244
Characteristic density local = 5747.5 deg^-2 = 1.597 arcmin^-2
Fitting aperture to hotspot...
Candidate: x_peak:        0.005, y_peak:       -1.325, r_peak:        0.050, sig:       14.896, ra_peak:       32.346, dec_peak:       25.955
Characteristic density local = 5572.4 deg^-2 = 1.548 arcmin^-2
Fitting aperture to hotspot...
Candidate: x_peak:        0.065, y_peak:       -0.525, r_peak:        0.060, sig:        5.728, ra_peak:       32.413, dec_peak:       26.755
Characteristic density local = 5628.1 deg^-2 = 1.563 arcmin^-2
Fitting aperture to hotspot...
Candidate: x_peak:        0.135, y_peak:       -0.825, r_peak:        0.040, sig:        5.564, ra_peak:       32.491, dec_peak:       26.455
Characteristic density local = 5751.5 deg^-2 = 1.598 arcmin^-2
Fitting aperture to hotspot...
Candidate: x_peak:        0.195, y_peak:       -0.535, r_peak:        0.060, sig:        4.086, ra_peak:       32.558, dec_peak:       26.745
Characteristic density local = 5687.8 deg^-2 = 1.580 arcmin^-2
Fitting aperture to hotspot...
Candidate: x_peak:        0.245, y_peak:       -0.215, r_peak:        0.030, sig:        4.205, ra_peak:       32.615, dec_peak:       27.065
Characteristic density local = 5856.9 deg^-2 = 1.627 arcmin^-2
Fitting aperture to hotspot...
Candidate: x_peak:        0.295, y_peak:       -0.705, r_peak:        0.040, sig:        4.152, ra_peak:       32.670, dec_peak:       26.575
Characteristic density local = 5560.5 deg^-2 = 1.545 arcmin^-2
Fitting aperture to hotspot...
Candidate: x_peak:        0.445, y_peak:       -0.185, r_peak:        0.020, sig:        5.672, ra_peak:       32.840, dec_peak:       27.094
Distance = 100.0 kpc (m-M = 20.0)
185208 objects left after isochrone cut...
Characteristic density = 5200.0 deg^-2
Characteristic density local = 5200.0 deg^-2 = 1.444 arcmin^-2
Fitting aperture to hotspot...
Candidate: x_peak:       -0.445, y_peak:       -0.035, r_peak:        0.030, sig:       10.493, ra_peak:       31.839, dec_peak:       27.244
Characteristic density local = 5580.4 deg^-2 = 1.550 arcmin^-2
Fitting aperture to hotspot...
Candidate: x_peak:        0.005, y_peak:       -1.325, r_peak:        0.050, sig:       15.158, ra_peak:       32.346, dec_peak:       25.955
Characteristic density local = 5443.1 deg^-2 = 1.512 arcmin^-2
Fitting aperture to hotspot...
Candidate: x_peak:        0.075, y_peak:       -0.525, r_peak:        0.050, sig:        5.037, ra_peak:       32.424, dec_peak:       26.755
Characteristic density local = 5467.0 deg^-2 = 1.519 arcmin^-2
Fitting aperture to hotspot...
Candidate: x_peak:        0.135, y_peak:       -0.825, r_peak:        0.050, sig:        5.616, ra_peak:       32.491, dec_peak:       26.455
Characteristic density local = 5498.8 deg^-2 = 1.527 arcmin^-2
Fitting aperture to hotspot...
Candidate: x_peak:        0.155, y_peak:       -0.385, r_peak:        0.210, sig:        3.924, ra_peak:       32.514, dec_peak:       26.895
Characteristic density local = 5610.2 deg^-2 = 1.558 arcmin^-2
Fitting aperture to hotspot...
Candidate: x_peak:        0.195, y_peak:       -0.535, r_peak:        0.060, sig:        4.194, ra_peak:       32.558, dec_peak:       26.745
Characteristic density local = 5709.7 deg^-2 = 1.586 arcmin^-2
Fitting aperture to hotspot...
Candidate: x_peak:        0.305, y_peak:       -0.705, r_peak:        0.040, sig:        4.156, ra_peak:       32.681, dec_peak:       26.575
Characteristic density local = 5383.4 deg^-2 = 1.495 arcmin^-2
Fitting aperture to hotspot...
Candidate: x_peak:        0.435, y_peak:       -0.185, r_peak:        0.010, sig:        6.487, ra_peak:       32.829, dec_peak:       27.094
Distance = 125.9 kpc (m-M = 20.5)
182608 objects left after isochrone cut...
Characteristic density = 5000.0 deg^-2
Characteristic density local = 5000.0 deg^-2 = 1.389 arcmin^-2
Fitting aperture to hotspot...
Candidate: x_peak:       -0.445, y_peak:       -0.035, r_peak:        0.030, sig:       10.550, ra_peak:       31.839, dec_peak:       27.244
Characteristic density local = 5399.3 deg^-2 = 1.500 arcmin^-2
Fitting aperture to hotspot...
Candidate: x_peak:        0.005, y_peak:       -1.325, r_peak:        0.050, sig:       15.355, ra_peak:       32.346, dec_peak:       25.955
Characteristic density local = 5254.1 deg^-2 = 1.459 arcmin^-2
Fitting aperture to hotspot...
Candidate: x_peak:        0.065, y_peak:       -0.525, r_peak:        0.060, sig:        5.295, ra_peak:       32.413, dec_peak:       26.755
Characteristic density local = 5297.9 deg^-2 = 1.472 arcmin^-2
Fitting aperture to hotspot...
Candidate: x_peak:        0.135, y_peak:       -0.825, r_peak:        0.050, sig:        5.849, ra_peak:       32.491, dec_peak:       26.455
Characteristic density local = 5335.7 deg^-2 = 1.482 arcmin^-2
Fitting aperture to hotspot...
Candidate: x_peak:        0.155, y_peak:       -0.385, r_peak:        0.210, sig:        4.177, ra_peak:       32.514, dec_peak:       26.895
Characteristic density local = 5439.1 deg^-2 = 1.511 arcmin^-2
Fitting aperture to hotspot...
Candidate: x_peak:        0.195, y_peak:       -0.535, r_peak:        0.060, sig:        4.134, ra_peak:       32.558, dec_peak:       26.745
Characteristic density local = 5309.8 deg^-2 = 1.475 arcmin^-2
Fitting aperture to hotspot...
Candidate: x_peak:        0.245, y_peak:       -0.215, r_peak:        0.030, sig:        4.523, ra_peak:       32.615, dec_peak:       27.065
Characteristic density local = 5534.6 deg^-2 = 1.537 arcmin^-2
Fitting aperture to hotspot...
Candidate: x_peak:        0.305, y_peak:       -0.705, r_peak:        0.040, sig:        3.883, ra_peak:       32.681, dec_peak:       26.575
Characteristic density local = 5218.3 deg^-2 = 1.450 arcmin^-2
Fitting aperture to hotspot...
Candidate: x_peak:        0.435, y_peak:       -0.185, r_peak:        0.010, sig:        6.554, ra_peak:       32.829, dec_peak:       27.094
Distance = 158.5 kpc (m-M = 21.0)
179663 objects left after isochrone cut...
Characteristic density = 4800.0 deg^-2
Characteristic density local = 4800.0 deg^-2 = 1.333 arcmin^-2
Fitting aperture to hotspot...
Candidate: x_peak:       -0.585, y_peak:       -0.395, r_peak:        0.040, sig:        2.894, ra_peak:       31.684, dec_peak:       26.883
Characteristic density local = 4800.0 deg^-2 = 1.333 arcmin^-2
Fitting aperture to hotspot...
Candidate: x_peak:       -0.625, y_peak:       -0.665, r_peak:        0.040, sig:        2.194, ra_peak:       31.641, dec_peak:       26.613
Characteristic density local = 5214.3 deg^-2 = 1.448 arcmin^-2
Fitting aperture to hotspot...
Candidate: x_peak:        0.005, y_peak:       -1.325, r_peak:        0.050, sig:       15.472, ra_peak:       32.346, dec_peak:       25.955
Characteristic density local = 4800.0 deg^-2 = 1.333 arcmin^-2
Fitting aperture to hotspot...
Candidate: x_peak:       -0.385, y_peak:       -0.885, r_peak:        0.220, sig:        3.010, ra_peak:       31.910, dec_peak:       26.394
Characteristic density local = 4800.0 deg^-2 = 1.333 arcmin^-2
Fitting aperture to hotspot...
Candidate: x_peak:       -0.305, y_peak:       -0.995, r_peak:        0.020, sig:        3.843, ra_peak:       32.000, dec_peak:       26.285
Characteristic density local = 4800.0 deg^-2 = 1.333 arcmin^-2
Fitting aperture to hotspot...
Candidate: x_peak:       -0.015, y_peak:        0.315, r_peak:        0.010, sig:        3.574, ra_peak:       32.323, dec_peak:       27.595
Characteristic density local = 4800.0 deg^-2 = 1.333 arcmin^-2
Fitting aperture to hotspot...
Candidate: x_peak:        0.355, y_peak:        0.885, r_peak:        0.030, sig:        3.566, ra_peak:       32.743, dec_peak:       28.164
Characteristic density local = 4800.0 deg^-2 = 1.333 arcmin^-2
Fitting aperture to hotspot...
Candidate: x_peak:        0.625, y_peak:        0.665, r_peak:        0.270, sig:        4.235, ra_peak:       33.047, dec_peak:       27.943
Distance = 199.5 kpc (m-M = 21.5)
176308 objects left after isochrone cut...
Characteristic density = 4600.0 deg^-2
Characteristic density local = 4600.0 deg^-2 = 1.278 arcmin^-2
Fitting aperture to hotspot...
Candidate: x_peak:       -0.445, y_peak:       -0.035, r_peak:        0.030, sig:       10.985, ra_peak:       31.839, dec_peak:       27.244
Characteristic density local = 4961.7 deg^-2 = 1.378 arcmin^-2
Fitting aperture to hotspot...
Candidate: x_peak:        0.005, y_peak:       -1.325, r_peak:        0.050, sig:       15.804, ra_peak:       32.346, dec_peak:       25.955
Characteristic density local = 4792.6 deg^-2 = 1.331 arcmin^-2
Fitting aperture to hotspot...
Candidate: x_peak:        0.065, y_peak:       -0.525, r_peak:        0.060, sig:        5.634, ra_peak:       32.413, dec_peak:       26.755
Characteristic density local = 4864.2 deg^-2 = 1.351 arcmin^-2
Fitting aperture to hotspot...
Candidate: x_peak:        0.125, y_peak:       -0.825, r_peak:        0.050, sig:        5.596, ra_peak:       32.480, dec_peak:       26.455
Characteristic density local = 4935.8 deg^-2 = 1.371 arcmin^-2
Fitting aperture to hotspot...
Candidate: x_peak:        0.155, y_peak:       -0.385, r_peak:        0.050, sig:        3.794, ra_peak:       32.514, dec_peak:       26.895
Characteristic density local = 4977.6 deg^-2 = 1.383 arcmin^-2
Fitting aperture to hotspot...
Candidate: x_peak:        0.195, y_peak:       -0.535, r_peak:        0.060, sig:        4.432, ra_peak:       32.558, dec_peak:       26.745
Characteristic density local = 5049.2 deg^-2 = 1.403 arcmin^-2
Fitting aperture to hotspot...
Candidate: x_peak:        0.305, y_peak:       -0.705, r_peak:        0.060, sig:        3.862, ra_peak:       32.681, dec_peak:       26.575
Characteristic density local = 4768.7 deg^-2 = 1.325 arcmin^-2
Fitting aperture to hotspot...
Candidate: x_peak:        0.435, y_peak:       -0.185, r_peak:        0.010, sig:        6.747, ra_peak:       32.829, dec_peak:       27.094
Distance = 251.2 kpc (m-M = 22.0)
172410 objects left after isochrone cut...
Characteristic density = 4300.0 deg^-2
Characteristic density local = 4300.0 deg^-2 = 1.194 arcmin^-2
Fitting aperture to hotspot...
Candidate: x_peak:       -0.445, y_peak:       -0.035, r_peak:        0.030, sig:       11.021, ra_peak:       31.839, dec_peak:       27.244
Characteristic density local = 4695.1 deg^-2 = 1.304 arcmin^-2
Fitting aperture to hotspot...
Candidate: x_peak:        0.005, y_peak:       -1.325, r_peak:        0.050, sig:       16.272, ra_peak:       32.346, dec_peak:       25.955
Characteristic density local = 4512.0 deg^-2 = 1.253 arcmin^-2
Fitting aperture to hotspot...
Candidate: x_peak:        0.075, y_peak:       -0.525, r_peak:        0.050, sig:        5.340, ra_peak:       32.424, dec_peak:       26.755
Characteristic density local = 4551.8 deg^-2 = 1.264 arcmin^-2
Fitting aperture to hotspot...
Candidate: x_peak:        0.125, y_peak:       -0.815, r_peak:        0.040, sig:        5.630, ra_peak:       32.480, dec_peak:       26.465
Characteristic density local = 4506.1 deg^-2 = 1.252 arcmin^-2
Fitting aperture to hotspot...
Candidate: x_peak:        0.435, y_peak:       -0.185, r_peak:        0.010, sig:        5.770, ra_peak:       32.829, dec_peak:       27.094
Characteristic density local = 4699.0 deg^-2 = 1.305 arcmin^-2
Fitting aperture to hotspot...
Candidate: x_peak:        0.635, y_peak:       -0.655, r_peak:        0.030, sig:        5.073, ra_peak:       33.050, dec_peak:       26.623
Distance = 316.2 kpc (m-M = 22.5)
168140 objects left after isochrone cut...
Characteristic density = 4100.0 deg^-2
Characteristic density local = 4100.0 deg^-2 = 1.139 arcmin^-2
Fitting aperture to hotspot...
Candidate: x_peak:       -0.445, y_peak:       -0.035, r_peak:        0.030, sig:       10.786, ra_peak:       31.839, dec_peak:       27.244
Characteristic density local = 4452.4 deg^-2 = 1.237 arcmin^-2
Fitting aperture to hotspot...
Candidate: x_peak:        0.005, y_peak:       -1.325, r_peak:        0.050, sig:       16.234, ra_peak:       32.346, dec_peak:       25.955
Characteristic density local = 4231.5 deg^-2 = 1.175 arcmin^-2
Fitting aperture to hotspot...
Candidate: x_peak:        0.065, y_peak:       -0.525, r_peak:        0.060, sig:        5.963, ra_peak:       32.413, dec_peak:       26.755
Characteristic density local = 4279.3 deg^-2 = 1.189 arcmin^-2
Fitting aperture to hotspot...
Candidate: x_peak:        0.125, y_peak:       -0.815, r_peak:        0.040, sig:        5.503, ra_peak:       32.480, dec_peak:       26.465
Characteristic density local = 4428.5 deg^-2 = 1.230 arcmin^-2
Fitting aperture to hotspot...
Candidate: x_peak:        0.295, y_peak:       -0.705, r_peak:        0.040, sig:        4.175, ra_peak:       32.670, dec_peak:       26.575
Characteristic density local = 4219.6 deg^-2 = 1.172 arcmin^-2
Fitting aperture to hotspot...
Candidate: x_peak:        0.435, y_peak:       -0.185, r_peak:        0.010, sig:        5.898, ra_peak:       32.829, dec_peak:       27.094
Characteristic density local = 4392.7 deg^-2 = 1.220 arcmin^-2
Fitting aperture to hotspot...
Candidate: x_peak:        0.635, y_peak:       -0.655, r_peak:        0.030, sig:        4.769, ra_peak:       33.050, dec_peak:       26.623
Characteristic density local = 4380.7 deg^-2 = 1.217 arcmin^-2
Fitting aperture to hotspot...
Candidate: x_peak:        0.645, y_peak:       -0.645, r_peak:        0.030, sig:        4.576, ra_peak:       33.062, dec_peak:       26.633
Distance = 398.1 kpc (m-M = 23.0)
163140 objects left after isochrone cut...
Characteristic density = 3700.0 deg^-2
Characteristic density local = 3700.0 deg^-2 = 1.028 arcmin^-2
Fitting aperture to hotspot...
Candidate: x_peak:       -0.595, y_peak:       -0.405, r_peak:        0.020, sig:        3.707, ra_peak:       31.673, dec_peak:       26.873
Characteristic density local = 3700.0 deg^-2 = 1.028 arcmin^-2
Fitting aperture to hotspot...
Candidate: x_peak:       -0.625, y_peak:       -0.665, r_peak:        0.020, sig:        2.037, ra_peak:       31.641, dec_peak:       26.613
Characteristic density local = 4152.0 deg^-2 = 1.153 arcmin^-2
Fitting aperture to hotspot...
Candidate: x_peak:        0.005, y_peak:       -1.325, r_peak:        0.050, sig:       15.815, ra_peak:       32.346, dec_peak:       25.955
Characteristic density local = 4195.7 deg^-2 = 1.165 arcmin^-2
Fitting aperture to hotspot...
Candidate: x_peak:       -0.165, y_peak:       -0.865, r_peak:        0.050, sig:        2.556, ra_peak:       32.156, dec_peak:       26.415
Characteristic density local = 3700.0 deg^-2 = 1.028 arcmin^-2
Fitting aperture to hotspot...
Candidate: x_peak:       -0.125, y_peak:        0.275, r_peak:        0.050, sig:        1.357, ra_peak:       32.199, dec_peak:       27.555
Characteristic density local = 3700.0 deg^-2 = 1.028 arcmin^-2
Fitting aperture to hotspot...
Candidate: x_peak:       -0.025, y_peak:        0.315, r_peak:        0.010, sig:        3.016, ra_peak:       32.312, dec_peak:       27.595
Characteristic density local = 3690.4 deg^-2 = 1.025 arcmin^-2
Fitting aperture to hotspot...
Candidate: x_peak:        0.105, y_peak:       -0.095, r_peak:        0.290, sig:        4.768, ra_peak:       32.458, dec_peak:       27.185
Characteristic density local = 4028.6 deg^-2 = 1.119 arcmin^-2
Fitting aperture to hotspot...
Candidate: x_peak:        0.635, y_peak:       -0.655, r_peak:        0.040, sig:        4.677, ra_peak:       33.050, dec_peak:       26.623
Characteristic density local = 3421.8 deg^-2 = 0.951 arcmin^-2
Fitting aperture to hotspot...
Candidate: x_peak:        0.825, y_peak:       -0.455, r_peak:        0.290, sig:        5.571, ra_peak:       33.264, dec_peak:       26.822
16.27 sigma; (RA, Dec, d) = (32.35, 25.95); r = 0.05 deg; d = 251.2, mu = 22.00 mag), mc_source_id: 0.00
11.02 sigma; (RA, Dec, d) = (31.84, 27.24); r = 0.03 deg; d = 251.2, mu = 22.00 mag), mc_source_id: 0.00
6.75 sigma; (RA, Dec, d) = (32.83, 27.09); r = 0.01 deg; d = 199.5, mu = 21.50 mag), mc_source_id: 0.00
5.96 sigma; (RA, Dec, d) = (32.41, 26.75); r = 0.06 deg; d = 316.2, mu = 22.50 mag), mc_source_id: 0.00
5.85 sigma; (RA, Dec, d) = (32.49, 26.45); r = 0.05 deg; d = 125.9, mu = 20.50 mag), mc_source_id: 0.00
5.67 sigma; (RA, Dec, d) = (32.84, 27.09); r = 0.02 deg; d = 79.4, mu = 19.50 mag), mc_source_id: 0.00
5.57 sigma; (RA, Dec, d) = (33.26, 26.82); r = 0.29 deg; d = 398.1, mu = 23.00 mag), mc_source_id: 0.00
4.77 sigma; (RA, Dec, d) = (32.46, 27.18); r = 0.29 deg; d = 398.1, mu = 23.00 mag), mc_source_id: 0.00
4.43 sigma; (RA, Dec, d) = (32.56, 26.74); r = 0.06 deg; d = 199.5, mu = 21.50 mag), mc_source_id: 0.00
4.23 sigma; (RA, Dec, d) = (33.05, 27.94); r = 0.27 deg; d = 158.5, mu = 21.00 mag), mc_source_id: 0.00
4.21 sigma; (RA, Dec, d) = (32.51, 26.89); r = 0.21 deg; d = 63.1, mu = 19.00 mag), mc_source_id: 0.00
4.17 sigma; (RA, Dec, d) = (32.67, 26.57); r = 0.04 deg; d = 316.2, mu = 22.50 mag), mc_source_id: 0.00
3.84 sigma; (RA, Dec, d) = (32.00, 26.28); r = 0.02 deg; d = 158.5, mu = 21.00 mag), mc_source_id: 0.00
3.71 sigma; (RA, Dec, d) = (31.67, 26.87); r = 0.02 deg; d = 398.1, mu = 23.00 mag), mc_source_id: 0.00
3.57 sigma; (RA, Dec, d) = (32.32, 27.59); r = 0.01 deg; d = 158.5, mu = 21.00 mag), mc_source_id: 0.00
3.57 sigma; (RA, Dec, d) = (32.74, 28.16); r = 0.03 deg; d = 158.5, mu = 21.00 mag), mc_source_id: 0.00
3.01 sigma; (RA, Dec, d) = (31.91, 26.39); r = 0.22 deg; d = 158.5, mu = 21.00 mag), mc_source_id: 0.00
2.56 sigma; (RA, Dec, d) = (32.16, 26.41); r = 0.05 deg; d = 398.1, mu = 23.00 mag), mc_source_id: 0.00
2.19 sigma; (RA, Dec, d) = (31.64, 26.61); r = 0.04 deg; d = 158.5, mu = 21.00 mag), mc_source_id: 0.00
1.36 sigma; (RA, Dec, d) = (32.20, 27.55); r = 0.05 deg; d = 398.1, mu = 23.00 mag), mc_source_id: 0.00

------------------------------------------------------------
Job <679028.0> was submitted from <des51.fnal.gov> by user <tavangar>.
Job was executed on host <des40.fnal.gov> as user <tavangar>.
</var/lib/condor/execute/dir_1664155> was used as the initial working directory.
Results reported at Wed Jun  5 02:17:41 CDT 2019

Your job looked like:

------------------------------------------------------------
python /home/s1/tavangar/tavangar_simple/search_algorithm.py 32.34 27.28 0.00 /home/s1/tavangar/tavangar_simple/decals_dr7_results/results_nside_32_3275.csv /home/s1/tavangar/tavangar_simple/decals_dr7_results/decals_dr7_log/results_nside_32_3275.log
------------------------------------------------------------

Successfully completed.

Resource usage summary:

	Real time :			114.29 sec.
	CPU time :			5.36 sec.
	CPU percentage :		91%
	Max Memory :			2251504 KB
	Average Memory :		0 KB

The output (if any) is above this job summary.
