/home/s1/tavangar/tavangar_simple/simple_utils.py:170: FutureWarning: elementwise comparison failed; returning scalar instead, but in the future will perform elementwise comparison
  if np.all(isochrone.stage == 'Main'):
Search coordinates: (RA, Dec) = (167.34, 4.78)
Center healpixel: 5627
Healpixels: [5627 5755 5626 5499 5371 5500 5628 5756 5883]
MC_SOURCE_ID = 0.0
mode = 0: running only on real data
Found 1 objects...
Applying cuts...
653799 star-like objects in ROI...
1072630 galaxy-like objects in ROI...
No fracdet map specified ...
Distance = 15.8 kpc (m-M = 16.0)
653788 objects left after isochrone cut...
Characteristic density = 4600.0 deg^-2
Characteristic density local = 4478.2 deg^-2 = 1.244 arcmin^-2
Fitting aperture to hotspot...
Candidate: x_peak:       -0.655, y_peak:        0.635, r_peak:        0.030, sig:        8.038, ra_peak:      166.682, dec_peak:        5.415
Characteristic density local = 4653.3 deg^-2 = 1.293 arcmin^-2
Fitting aperture to hotspot...
Candidate: x_peak:       -0.255, y_peak:       -0.315, r_peak:        0.020, sig:       10.994, ra_peak:      167.084, dec_peak:        4.465
Characteristic density local = 4524.0 deg^-2 = 1.257 arcmin^-2
Fitting aperture to hotspot...
Candidate: x_peak:       -0.145, y_peak:        0.215, r_peak:        0.020, sig:       11.103, ra_peak:      167.194, dec_peak:        4.995
Characteristic density local = 4643.3 deg^-2 = 1.290 arcmin^-2
Fitting aperture to hotspot...
Candidate: x_peak:       -0.125, y_peak:       -0.595, r_peak:        0.010, sig:        6.085, ra_peak:      167.215, dec_peak:        4.185
Characteristic density local = 4947.7 deg^-2 = 1.374 arcmin^-2
Fitting aperture to hotspot...
Candidate: x_peak:        0.135, y_peak:       -1.075, r_peak:        0.020, sig:        7.236, ra_peak:      167.475, dec_peak:        3.705
Characteristic density local = 4508.1 deg^-2 = 1.252 arcmin^-2
Fitting aperture to hotspot...
Candidate: x_peak:        0.145, y_peak:        0.975, r_peak:        0.030, sig:        4.454, ra_peak:      167.486, dec_peak:        5.755
Characteristic density local = 4603.6 deg^-2 = 1.279 arcmin^-2
Fitting aperture to hotspot...
Candidate: x_peak:        0.465, y_peak:       -0.175, r_peak:        0.020, sig:        6.793, ra_peak:      167.807, dec_peak:        4.605
Characteristic density local = 4709.0 deg^-2 = 1.308 arcmin^-2
Fitting aperture to hotspot...
Candidate: x_peak:        0.855, y_peak:        0.155, r_peak:        0.040, sig:        4.007, ra_peak:      168.198, dec_peak:        4.934
Characteristic density local = 4730.9 deg^-2 = 1.314 arcmin^-2
Fitting aperture to hotspot...
Candidate: x_peak:        0.965, y_peak:       -0.295, r_peak:        0.020, sig:        9.336, ra_peak:      168.308, dec_peak:        4.484
Distance = 20.0 kpc (m-M = 16.5)
653794 objects left after isochrone cut...
Characteristic density = 4600.0 deg^-2
Characteristic density local = 4478.2 deg^-2 = 1.244 arcmin^-2
Fitting aperture to hotspot...
Candidate: x_peak:       -0.655, y_peak:        0.635, r_peak:        0.030, sig:        8.038, ra_peak:      166.682, dec_peak:        5.415
Characteristic density local = 4653.3 deg^-2 = 1.293 arcmin^-2
Fitting aperture to hotspot...
Candidate: x_peak:       -0.255, y_peak:       -0.315, r_peak:        0.020, sig:       10.994, ra_peak:      167.084, dec_peak:        4.465
Characteristic density local = 4524.0 deg^-2 = 1.257 arcmin^-2
Fitting aperture to hotspot...
Candidate: x_peak:       -0.145, y_peak:        0.215, r_peak:        0.020, sig:       11.103, ra_peak:      167.194, dec_peak:        4.995
Characteristic density local = 4643.3 deg^-2 = 1.290 arcmin^-2
Fitting aperture to hotspot...
Candidate: x_peak:       -0.125, y_peak:       -0.595, r_peak:        0.010, sig:        6.085, ra_peak:      167.215, dec_peak:        4.185
Characteristic density local = 4947.7 deg^-2 = 1.374 arcmin^-2
Fitting aperture to hotspot...
Candidate: x_peak:        0.135, y_peak:       -1.075, r_peak:        0.020, sig:        7.236, ra_peak:      167.475, dec_peak:        3.705
Characteristic density local = 4508.1 deg^-2 = 1.252 arcmin^-2
Fitting aperture to hotspot...
Candidate: x_peak:        0.145, y_peak:        0.975, r_peak:        0.030, sig:        4.454, ra_peak:      167.486, dec_peak:        5.755
Characteristic density local = 4603.6 deg^-2 = 1.279 arcmin^-2
Fitting aperture to hotspot...
Candidate: x_peak:        0.465, y_peak:       -0.175, r_peak:        0.020, sig:        6.793, ra_peak:      167.807, dec_peak:        4.605
Characteristic density local = 4709.0 deg^-2 = 1.308 arcmin^-2
Fitting aperture to hotspot...
Candidate: x_peak:        0.855, y_peak:        0.155, r_peak:        0.040, sig:        4.007, ra_peak:      168.198, dec_peak:        4.934
Characteristic density local = 4730.9 deg^-2 = 1.314 arcmin^-2
Fitting aperture to hotspot...
Candidate: x_peak:        0.965, y_peak:       -0.295, r_peak:        0.020, sig:        9.336, ra_peak:      168.308, dec_peak:        4.484
Distance = 25.1 kpc (m-M = 17.0)
653797 objects left after isochrone cut...
Characteristic density = 4600.0 deg^-2
Characteristic density local = 4478.2 deg^-2 = 1.244 arcmin^-2
Fitting aperture to hotspot...
Candidate: x_peak:       -0.655, y_peak:        0.635, r_peak:        0.030, sig:        8.038, ra_peak:      166.682, dec_peak:        5.415
Characteristic density local = 4653.3 deg^-2 = 1.293 arcmin^-2
Fitting aperture to hotspot...
Candidate: x_peak:       -0.255, y_peak:       -0.315, r_peak:        0.020, sig:       10.994, ra_peak:      167.084, dec_peak:        4.465
Characteristic density local = 4524.0 deg^-2 = 1.257 arcmin^-2
Fitting aperture to hotspot...
Candidate: x_peak:       -0.145, y_peak:        0.215, r_peak:        0.020, sig:       11.103, ra_peak:      167.194, dec_peak:        4.995
Characteristic density local = 4643.3 deg^-2 = 1.290 arcmin^-2
Fitting aperture to hotspot...
Candidate: x_peak:       -0.125, y_peak:       -0.595, r_peak:        0.010, sig:        6.085, ra_peak:      167.215, dec_peak:        4.185
Characteristic density local = 4947.7 deg^-2 = 1.374 arcmin^-2
Fitting aperture to hotspot...
Candidate: x_peak:        0.135, y_peak:       -1.075, r_peak:        0.020, sig:        7.236, ra_peak:      167.475, dec_peak:        3.705
Characteristic density local = 4508.1 deg^-2 = 1.252 arcmin^-2
Fitting aperture to hotspot...
Candidate: x_peak:        0.145, y_peak:        0.975, r_peak:        0.030, sig:        4.454, ra_peak:      167.486, dec_peak:        5.755
Characteristic density local = 4603.6 deg^-2 = 1.279 arcmin^-2
Fitting aperture to hotspot...
Candidate: x_peak:        0.465, y_peak:       -0.175, r_peak:        0.020, sig:        6.793, ra_peak:      167.807, dec_peak:        4.605
Characteristic density local = 4709.0 deg^-2 = 1.308 arcmin^-2
Fitting aperture to hotspot...
Candidate: x_peak:        0.855, y_peak:        0.155, r_peak:        0.040, sig:        4.007, ra_peak:      168.198, dec_peak:        4.934
Characteristic density local = 4730.9 deg^-2 = 1.314 arcmin^-2
Fitting aperture to hotspot...
Candidate: x_peak:        0.965, y_peak:       -0.295, r_peak:        0.020, sig:        9.336, ra_peak:      168.308, dec_peak:        4.484
Distance = 31.6 kpc (m-M = 17.5)
653796 objects left after isochrone cut...
Characteristic density = 4600.0 deg^-2
Characteristic density local = 4478.2 deg^-2 = 1.244 arcmin^-2
Fitting aperture to hotspot...
Candidate: x_peak:       -0.655, y_peak:        0.635, r_peak:        0.030, sig:        8.038, ra_peak:      166.682, dec_peak:        5.415
Characteristic density local = 4653.3 deg^-2 = 1.293 arcmin^-2
Fitting aperture to hotspot...
Candidate: x_peak:       -0.255, y_peak:       -0.315, r_peak:        0.020, sig:       10.994, ra_peak:      167.084, dec_peak:        4.465
Characteristic density local = 4524.0 deg^-2 = 1.257 arcmin^-2
Fitting aperture to hotspot...
Candidate: x_peak:       -0.145, y_peak:        0.215, r_peak:        0.020, sig:       11.103, ra_peak:      167.194, dec_peak:        4.995
Characteristic density local = 4643.3 deg^-2 = 1.290 arcmin^-2
Fitting aperture to hotspot...
Candidate: x_peak:       -0.125, y_peak:       -0.595, r_peak:        0.010, sig:        6.085, ra_peak:      167.215, dec_peak:        4.185
Characteristic density local = 4947.7 deg^-2 = 1.374 arcmin^-2
Fitting aperture to hotspot...
Candidate: x_peak:        0.135, y_peak:       -1.075, r_peak:        0.020, sig:        7.236, ra_peak:      167.475, dec_peak:        3.705
Characteristic density local = 4508.1 deg^-2 = 1.252 arcmin^-2
Fitting aperture to hotspot...
Candidate: x_peak:        0.145, y_peak:        0.975, r_peak:        0.030, sig:        4.454, ra_peak:      167.486, dec_peak:        5.755
Characteristic density local = 4603.6 deg^-2 = 1.279 arcmin^-2
Fitting aperture to hotspot...
Candidate: x_peak:        0.465, y_peak:       -0.175, r_peak:        0.020, sig:        6.793, ra_peak:      167.807, dec_peak:        4.605
Characteristic density local = 4709.0 deg^-2 = 1.308 arcmin^-2
Fitting aperture to hotspot...
Candidate: x_peak:        0.855, y_peak:        0.155, r_peak:        0.040, sig:        4.007, ra_peak:      168.198, dec_peak:        4.934
Characteristic density local = 4730.9 deg^-2 = 1.314 arcmin^-2
Fitting aperture to hotspot...
Candidate: x_peak:        0.965, y_peak:       -0.295, r_peak:        0.020, sig:        9.336, ra_peak:      168.308, dec_peak:        4.484
Distance = 39.8 kpc (m-M = 18.0)
653790 objects left after isochrone cut...
Characteristic density = 4600.0 deg^-2
Characteristic density local = 4478.2 deg^-2 = 1.244 arcmin^-2
Fitting aperture to hotspot...
Candidate: x_peak:       -0.655, y_peak:        0.635, r_peak:        0.030, sig:        8.038, ra_peak:      166.682, dec_peak:        5.415
Characteristic density local = 4653.3 deg^-2 = 1.293 arcmin^-2
Fitting aperture to hotspot...
Candidate: x_peak:       -0.255, y_peak:       -0.315, r_peak:        0.020, sig:       10.994, ra_peak:      167.084, dec_peak:        4.465
Characteristic density local = 4524.0 deg^-2 = 1.257 arcmin^-2
Fitting aperture to hotspot...
Candidate: x_peak:       -0.145, y_peak:        0.215, r_peak:        0.020, sig:       11.103, ra_peak:      167.194, dec_peak:        4.995
Characteristic density local = 4643.3 deg^-2 = 1.290 arcmin^-2
Fitting aperture to hotspot...
Candidate: x_peak:       -0.125, y_peak:       -0.595, r_peak:        0.010, sig:        6.085, ra_peak:      167.215, dec_peak:        4.185
Characteristic density local = 4947.7 deg^-2 = 1.374 arcmin^-2
Fitting aperture to hotspot...
Candidate: x_peak:        0.135, y_peak:       -1.075, r_peak:        0.020, sig:        7.236, ra_peak:      167.475, dec_peak:        3.705
Characteristic density local = 4508.1 deg^-2 = 1.252 arcmin^-2
Fitting aperture to hotspot...
Candidate: x_peak:        0.145, y_peak:        0.975, r_peak:        0.030, sig:        4.454, ra_peak:      167.486, dec_peak:        5.755
Characteristic density local = 4603.6 deg^-2 = 1.279 arcmin^-2
Fitting aperture to hotspot...
Candidate: x_peak:        0.465, y_peak:       -0.175, r_peak:        0.020, sig:        6.793, ra_peak:      167.807, dec_peak:        4.605
Characteristic density local = 4709.0 deg^-2 = 1.308 arcmin^-2
Fitting aperture to hotspot...
Candidate: x_peak:        0.855, y_peak:        0.155, r_peak:        0.040, sig:        4.007, ra_peak:      168.198, dec_peak:        4.934
Characteristic density local = 4730.9 deg^-2 = 1.314 arcmin^-2
Fitting aperture to hotspot...
Candidate: x_peak:        0.965, y_peak:       -0.295, r_peak:        0.020, sig:        9.336, ra_peak:      168.308, dec_peak:        4.484
Distance = 50.1 kpc (m-M = 18.5)
653379 objects left after isochrone cut...
Characteristic density = 4600.0 deg^-2
Characteristic density local = 4476.2 deg^-2 = 1.243 arcmin^-2
Fitting aperture to hotspot...
Candidate: x_peak:       -0.655, y_peak:        0.635, r_peak:        0.030, sig:        8.040, ra_peak:      166.682, dec_peak:        5.415
Characteristic density local = 4653.3 deg^-2 = 1.293 arcmin^-2
Fitting aperture to hotspot...
Candidate: x_peak:       -0.255, y_peak:       -0.315, r_peak:        0.020, sig:       10.994, ra_peak:      167.084, dec_peak:        4.465
Characteristic density local = 4518.0 deg^-2 = 1.255 arcmin^-2
Fitting aperture to hotspot...
Candidate: x_peak:       -0.145, y_peak:        0.215, r_peak:        0.020, sig:       11.109, ra_peak:      167.194, dec_peak:        4.995
Characteristic density local = 4947.7 deg^-2 = 1.374 arcmin^-2
Fitting aperture to hotspot...
Candidate: x_peak:        0.135, y_peak:       -1.075, r_peak:        0.020, sig:        7.236, ra_peak:      167.475, dec_peak:        3.705
Characteristic density local = 4597.6 deg^-2 = 1.277 arcmin^-2
Fitting aperture to hotspot...
Candidate: x_peak:        0.465, y_peak:       -0.175, r_peak:        0.020, sig:        6.797, ra_peak:      167.807, dec_peak:        4.605
Characteristic density local = 4711.0 deg^-2 = 1.309 arcmin^-2
Fitting aperture to hotspot...
Candidate: x_peak:        0.965, y_peak:       -0.295, r_peak:        0.020, sig:        9.352, ra_peak:      168.308, dec_peak:        4.484
Distance = 63.1 kpc (m-M = 19.0)
652048 objects left after isochrone cut...
Characteristic density = 4500.0 deg^-2
Characteristic density local = 4458.3 deg^-2 = 1.238 arcmin^-2
Fitting aperture to hotspot...
Candidate: x_peak:       -0.655, y_peak:        0.635, r_peak:        0.030, sig:        8.059, ra_peak:      166.682, dec_peak:        5.415
Characteristic density local = 4613.5 deg^-2 = 1.282 arcmin^-2
Fitting aperture to hotspot...
Candidate: x_peak:       -0.255, y_peak:       -0.315, r_peak:        0.020, sig:       11.027, ra_peak:      167.084, dec_peak:        4.465
Characteristic density local = 4480.2 deg^-2 = 1.245 arcmin^-2
Fitting aperture to hotspot...
Candidate: x_peak:       -0.145, y_peak:        0.215, r_peak:        0.020, sig:       11.141, ra_peak:      167.194, dec_peak:        4.995
Characteristic density local = 4583.7 deg^-2 = 1.273 arcmin^-2
Fitting aperture to hotspot...
Candidate: x_peak:       -0.125, y_peak:       -0.595, r_peak:        0.010, sig:        6.111, ra_peak:      167.215, dec_peak:        4.185
Characteristic density local = 4907.9 deg^-2 = 1.363 arcmin^-2
Fitting aperture to hotspot...
Candidate: x_peak:        0.135, y_peak:       -1.075, r_peak:        0.020, sig:        7.037, ra_peak:      167.475, dec_peak:        3.705
Characteristic density local = 4450.4 deg^-2 = 1.236 arcmin^-2
Fitting aperture to hotspot...
Candidate: x_peak:        0.145, y_peak:        0.975, r_peak:        0.030, sig:        4.509, ra_peak:      167.486, dec_peak:        5.755
Characteristic density local = 4549.8 deg^-2 = 1.264 arcmin^-2
Fitting aperture to hotspot...
Candidate: x_peak:        0.465, y_peak:       -0.175, r_peak:        0.020, sig:        6.832, ra_peak:      167.807, dec_peak:        4.605
Characteristic density local = 4655.3 deg^-2 = 1.293 arcmin^-2
Fitting aperture to hotspot...
Candidate: x_peak:        0.855, y_peak:        0.155, r_peak:        0.040, sig:        4.070, ra_peak:      168.198, dec_peak:        4.934
Characteristic density local = 4641.4 deg^-2 = 1.289 arcmin^-2
Fitting aperture to hotspot...
Candidate: x_peak:        0.965, y_peak:       -0.295, r_peak:        0.020, sig:        9.407, ra_peak:      168.308, dec_peak:        4.484
Distance = 79.4 kpc (m-M = 19.5)
650128 objects left after isochrone cut...
Characteristic density = 4400.0 deg^-2
Characteristic density local = 4402.6 deg^-2 = 1.223 arcmin^-2
Fitting aperture to hotspot...
Candidate: x_peak:       -0.655, y_peak:        0.635, r_peak:        0.030, sig:        7.945, ra_peak:      166.682, dec_peak:        5.415
Characteristic density local = 4529.9 deg^-2 = 1.258 arcmin^-2
Fitting aperture to hotspot...
Candidate: x_peak:       -0.255, y_peak:       -0.315, r_peak:        0.020, sig:       11.098, ra_peak:      167.084, dec_peak:        4.465
Characteristic density local = 4422.5 deg^-2 = 1.228 arcmin^-2
Fitting aperture to hotspot...
Candidate: x_peak:       -0.145, y_peak:        0.215, r_peak:        0.020, sig:       11.191, ra_peak:      167.194, dec_peak:        4.995
Characteristic density local = 4518.0 deg^-2 = 1.255 arcmin^-2
Fitting aperture to hotspot...
Candidate: x_peak:       -0.125, y_peak:       -0.595, r_peak:        0.010, sig:        6.140, ra_peak:      167.215, dec_peak:        4.185
Characteristic density local = 4834.3 deg^-2 = 1.343 arcmin^-2
Fitting aperture to hotspot...
Candidate: x_peak:        0.135, y_peak:       -1.075, r_peak:        0.020, sig:        7.090, ra_peak:      167.475, dec_peak:        3.705
Characteristic density local = 4398.6 deg^-2 = 1.222 arcmin^-2
Fitting aperture to hotspot...
Candidate: x_peak:        0.145, y_peak:        0.975, r_peak:        0.030, sig:        4.559, ra_peak:      167.486, dec_peak:        5.755
Characteristic density local = 4478.2 deg^-2 = 1.244 arcmin^-2
Fitting aperture to hotspot...
Candidate: x_peak:        0.465, y_peak:       -0.175, r_peak:        0.020, sig:        6.647, ra_peak:      167.807, dec_peak:        4.605
Characteristic density local = 4587.6 deg^-2 = 1.274 arcmin^-2
Fitting aperture to hotspot...
Candidate: x_peak:        0.855, y_peak:        0.155, r_peak:        0.040, sig:        3.817, ra_peak:      168.198, dec_peak:        4.934
Characteristic density local = 4555.8 deg^-2 = 1.266 arcmin^-2
Fitting aperture to hotspot...
Candidate: x_peak:        0.965, y_peak:       -0.295, r_peak:        0.020, sig:        9.476, ra_peak:      168.308, dec_peak:        4.484
Distance = 100.0 kpc (m-M = 20.0)
647790 objects left after isochrone cut...
Characteristic density = 4400.0 deg^-2
Characteristic density local = 4309.1 deg^-2 = 1.197 arcmin^-2
Fitting aperture to hotspot...
Candidate: x_peak:       -0.655, y_peak:        0.635, r_peak:        0.030, sig:        8.046, ra_peak:      166.682, dec_peak:        5.415
Characteristic density local = 4462.3 deg^-2 = 1.240 arcmin^-2
Fitting aperture to hotspot...
Candidate: x_peak:       -0.255, y_peak:       -0.325, r_peak:        0.020, sig:       11.920, ra_peak:      167.084, dec_peak:        4.455
Characteristic density local = 4317.1 deg^-2 = 1.199 arcmin^-2
Fitting aperture to hotspot...
Candidate: x_peak:       -0.145, y_peak:        0.215, r_peak:        0.020, sig:       11.284, ra_peak:      167.194, dec_peak:        4.995
Characteristic density local = 4446.4 deg^-2 = 1.235 arcmin^-2
Fitting aperture to hotspot...
Candidate: x_peak:       -0.125, y_peak:       -0.595, r_peak:        0.010, sig:        6.172, ra_peak:      167.215, dec_peak:        4.185
Characteristic density local = 4730.9 deg^-2 = 1.314 arcmin^-2
Fitting aperture to hotspot...
Candidate: x_peak:        0.135, y_peak:       -1.075, r_peak:        0.020, sig:        7.165, ra_peak:      167.475, dec_peak:        3.705
Characteristic density local = 4291.2 deg^-2 = 1.192 arcmin^-2
Fitting aperture to hotspot...
Candidate: x_peak:        0.135, y_peak:        0.975, r_peak:        0.010, sig:        5.476, ra_peak:      167.476, dec_peak:        5.755
Characteristic density local = 4392.7 deg^-2 = 1.220 arcmin^-2
Fitting aperture to hotspot...
Candidate: x_peak:        0.465, y_peak:       -0.175, r_peak:        0.020, sig:        6.711, ra_peak:      167.807, dec_peak:        4.605
Characteristic density local = 4462.3 deg^-2 = 1.240 arcmin^-2
Fitting aperture to hotspot...
Candidate: x_peak:        0.965, y_peak:       -0.295, r_peak:        0.020, sig:        9.552, ra_peak:      168.308, dec_peak:        4.484
Distance = 125.9 kpc (m-M = 20.5)
644985 objects left after isochrone cut...
Characteristic density = 4300.0 deg^-2
Characteristic density local = 4221.6 deg^-2 = 1.173 arcmin^-2
Fitting aperture to hotspot...
Candidate: x_peak:       -0.655, y_peak:        0.635, r_peak:        0.030, sig:        8.141, ra_peak:      166.682, dec_peak:        5.415
Characteristic density local = 4356.9 deg^-2 = 1.210 arcmin^-2
Fitting aperture to hotspot...
Candidate: x_peak:       -0.255, y_peak:       -0.325, r_peak:        0.020, sig:       12.015, ra_peak:      167.084, dec_peak:        4.455
Characteristic density local = 4233.5 deg^-2 = 1.176 arcmin^-2
Fitting aperture to hotspot...
Candidate: x_peak:       -0.145, y_peak:        0.215, r_peak:        0.020, sig:       11.359, ra_peak:      167.194, dec_peak:        4.995
Characteristic density local = 4348.9 deg^-2 = 1.208 arcmin^-2
Fitting aperture to hotspot...
Candidate: x_peak:       -0.125, y_peak:       -0.595, r_peak:        0.010, sig:        6.217, ra_peak:      167.215, dec_peak:        4.185
Characteristic density local = 4625.4 deg^-2 = 1.285 arcmin^-2
Fitting aperture to hotspot...
Candidate: x_peak:        0.135, y_peak:       -1.075, r_peak:        0.020, sig:        7.243, ra_peak:      167.475, dec_peak:        3.705
Characteristic density local = 4189.8 deg^-2 = 1.164 arcmin^-2
Fitting aperture to hotspot...
Candidate: x_peak:        0.135, y_peak:        0.975, r_peak:        0.010, sig:        5.521, ra_peak:      167.476, dec_peak:        5.755
Characteristic density local = 4311.1 deg^-2 = 1.198 arcmin^-2
Fitting aperture to hotspot...
Candidate: x_peak:        0.465, y_peak:       -0.175, r_peak:        0.020, sig:        6.773, ra_peak:      167.807, dec_peak:        4.605
Characteristic density local = 4364.8 deg^-2 = 1.212 arcmin^-2
Fitting aperture to hotspot...
Candidate: x_peak:        0.965, y_peak:       -0.295, r_peak:        0.020, sig:        9.424, ra_peak:      168.308, dec_peak:        4.484
Distance = 158.5 kpc (m-M = 21.0)
641631 objects left after isochrone cut...
Characteristic density = 4200.0 deg^-2
Characteristic density local = 4094.3 deg^-2 = 1.137 arcmin^-2
Fitting aperture to hotspot...
Candidate: x_peak:       -0.655, y_peak:        0.635, r_peak:        0.030, sig:        8.283, ra_peak:      166.682, dec_peak:        5.415
Characteristic density local = 4237.5 deg^-2 = 1.177 arcmin^-2
Fitting aperture to hotspot...
Candidate: x_peak:       -0.255, y_peak:       -0.325, r_peak:        0.020, sig:       12.124, ra_peak:      167.084, dec_peak:        4.455
Characteristic density local = 4124.1 deg^-2 = 1.146 arcmin^-2
Fitting aperture to hotspot...
Candidate: x_peak:       -0.145, y_peak:        0.215, r_peak:        0.020, sig:       11.459, ra_peak:      167.194, dec_peak:        4.995
Characteristic density local = 4229.5 deg^-2 = 1.175 arcmin^-2
Fitting aperture to hotspot...
Candidate: x_peak:       -0.125, y_peak:       -0.595, r_peak:        0.010, sig:        6.272, ra_peak:      167.215, dec_peak:        4.185
Characteristic density local = 4508.1 deg^-2 = 1.252 arcmin^-2
Fitting aperture to hotspot...
Candidate: x_peak:        0.135, y_peak:       -1.075, r_peak:        0.020, sig:        7.331, ra_peak:      167.475, dec_peak:        3.705
Characteristic density local = 4068.4 deg^-2 = 1.130 arcmin^-2
Fitting aperture to hotspot...
Candidate: x_peak:        0.135, y_peak:        0.975, r_peak:        0.010, sig:        5.577, ra_peak:      167.476, dec_peak:        5.755
Characteristic density local = 4269.3 deg^-2 = 1.186 arcmin^-2
Fitting aperture to hotspot...
Candidate: x_peak:        0.355, y_peak:       -0.775, r_peak:        0.030, sig:        4.267, ra_peak:      167.696, dec_peak:        4.005
Characteristic density local = 4201.7 deg^-2 = 1.167 arcmin^-2
Fitting aperture to hotspot...
Candidate: x_peak:        0.465, y_peak:       -0.175, r_peak:        0.020, sig:        6.858, ra_peak:      167.807, dec_peak:        4.605
Characteristic density local = 4255.4 deg^-2 = 1.182 arcmin^-2
Fitting aperture to hotspot...
Candidate: x_peak:        0.965, y_peak:       -0.295, r_peak:        0.020, sig:        9.516, ra_peak:      168.308, dec_peak:        4.484
Distance = 199.5 kpc (m-M = 21.5)
637560 objects left after isochrone cut...
Characteristic density = 4000.0 deg^-2
Characteristic density local = 3957.0 deg^-2 = 1.099 arcmin^-2
Fitting aperture to hotspot...
Candidate: x_peak:       -0.655, y_peak:        0.635, r_peak:        0.030, sig:        8.083, ra_peak:      166.682, dec_peak:        5.415
Characteristic density local = 4090.3 deg^-2 = 1.136 arcmin^-2
Fitting aperture to hotspot...
Candidate: x_peak:       -0.255, y_peak:       -0.325, r_peak:        0.020, sig:       12.071, ra_peak:      167.084, dec_peak:        4.455
Characteristic density local = 3976.9 deg^-2 = 1.105 arcmin^-2
Fitting aperture to hotspot...
Candidate: x_peak:       -0.145, y_peak:        0.215, r_peak:        0.020, sig:       11.597, ra_peak:      167.194, dec_peak:        4.995
Characteristic density local = 4070.4 deg^-2 = 1.131 arcmin^-2
Fitting aperture to hotspot...
Candidate: x_peak:       -0.125, y_peak:       -0.595, r_peak:        0.010, sig:        6.348, ra_peak:      167.215, dec_peak:        4.185
Characteristic density local = 4368.8 deg^-2 = 1.214 arcmin^-2
Fitting aperture to hotspot...
Candidate: x_peak:        0.135, y_peak:       -1.075, r_peak:        0.020, sig:        7.205, ra_peak:      167.475, dec_peak:        3.705
Characteristic density local = 3917.2 deg^-2 = 1.088 arcmin^-2
Fitting aperture to hotspot...
Candidate: x_peak:        0.135, y_peak:        0.975, r_peak:        0.010, sig:        5.648, ra_peak:      167.476, dec_peak:        5.755
Characteristic density local = 4138.0 deg^-2 = 1.149 arcmin^-2
Fitting aperture to hotspot...
Candidate: x_peak:        0.355, y_peak:       -0.775, r_peak:        0.030, sig:        4.396, ra_peak:      167.696, dec_peak:        4.005
Characteristic density local = 4072.4 deg^-2 = 1.131 arcmin^-2
Fitting aperture to hotspot...
Candidate: x_peak:        0.465, y_peak:       -0.175, r_peak:        0.010, sig:        6.716, ra_peak:      167.807, dec_peak:        4.605
Characteristic density local = 4128.1 deg^-2 = 1.147 arcmin^-2
Fitting aperture to hotspot...
Candidate: x_peak:        0.965, y_peak:       -0.295, r_peak:        0.020, sig:        9.626, ra_peak:      168.308, dec_peak:        4.484
Distance = 251.2 kpc (m-M = 22.0)
632515 objects left after isochrone cut...
Characteristic density = 3900.0 deg^-2
Characteristic density local = 3779.9 deg^-2 = 1.050 arcmin^-2
Fitting aperture to hotspot...
Candidate: x_peak:       -0.655, y_peak:        0.635, r_peak:        0.030, sig:        8.289, ra_peak:      166.682, dec_peak:        5.415
Characteristic density local = 3935.1 deg^-2 = 1.093 arcmin^-2
Fitting aperture to hotspot...
Candidate: x_peak:       -0.255, y_peak:       -0.325, r_peak:        0.020, sig:       12.220, ra_peak:      167.084, dec_peak:        4.455
Characteristic density local = 3823.7 deg^-2 = 1.062 arcmin^-2
Fitting aperture to hotspot...
Candidate: x_peak:       -0.145, y_peak:        0.215, r_peak:        0.020, sig:       11.745, ra_peak:      167.194, dec_peak:        4.995
Characteristic density local = 4187.8 deg^-2 = 1.163 arcmin^-2
Fitting aperture to hotspot...
Candidate: x_peak:        0.135, y_peak:       -1.075, r_peak:        0.020, sig:        7.347, ra_peak:      167.475, dec_peak:        3.705
Characteristic density local = 3770.0 deg^-2 = 1.047 arcmin^-2
Fitting aperture to hotspot...
Candidate: x_peak:        0.135, y_peak:        0.975, r_peak:        0.010, sig:        5.719, ra_peak:      167.476, dec_peak:        5.755
Characteristic density local = 3968.9 deg^-2 = 1.102 arcmin^-2
Fitting aperture to hotspot...
Candidate: x_peak:        0.355, y_peak:       -0.775, r_peak:        0.030, sig:        4.351, ra_peak:      167.696, dec_peak:        4.005
Characteristic density local = 3885.4 deg^-2 = 1.079 arcmin^-2
Fitting aperture to hotspot...
Candidate: x_peak:        0.855, y_peak:        0.145, r_peak:        0.060, sig:        4.085, ra_peak:      168.198, dec_peak:        4.924
Characteristic density local = 3970.9 deg^-2 = 1.103 arcmin^-2
Fitting aperture to hotspot...
Candidate: x_peak:        0.965, y_peak:       -0.295, r_peak:        0.020, sig:        9.551, ra_peak:      168.308, dec_peak:        4.484
Distance = 316.2 kpc (m-M = 22.5)
626241 objects left after isochrone cut...
Characteristic density = 3600.0 deg^-2
Characteristic density local = 3634.7 deg^-2 = 1.010 arcmin^-2
Fitting aperture to hotspot...
Candidate: x_peak:       -0.655, y_peak:        0.635, r_peak:        0.030, sig:        8.097, ra_peak:      166.682, dec_peak:        5.415
Characteristic density local = 3718.3 deg^-2 = 1.033 arcmin^-2
Fitting aperture to hotspot...
Candidate: x_peak:       -0.255, y_peak:       -0.325, r_peak:        0.020, sig:       12.242, ra_peak:      167.084, dec_peak:        4.455
Characteristic density local = 3606.8 deg^-2 = 1.002 arcmin^-2
Fitting aperture to hotspot...
Candidate: x_peak:       -0.145, y_peak:        0.215, r_peak:        0.020, sig:       11.962, ra_peak:      167.194, dec_peak:        4.995
Characteristic density local = 4026.6 deg^-2 = 1.119 arcmin^-2
Fitting aperture to hotspot...
Candidate: x_peak:        0.135, y_peak:       -1.075, r_peak:        0.020, sig:        7.238, ra_peak:      167.475, dec_peak:        3.705
Characteristic density local = 3622.8 deg^-2 = 1.006 arcmin^-2
Fitting aperture to hotspot...
Candidate: x_peak:        0.135, y_peak:        0.975, r_peak:        0.010, sig:        5.793, ra_peak:      167.476, dec_peak:        5.755
Characteristic density local = 3658.6 deg^-2 = 1.016 arcmin^-2
Fitting aperture to hotspot...
Candidate: x_peak:        0.245, y_peak:       -0.525, r_peak:        0.020, sig:        6.805, ra_peak:      167.586, dec_peak:        4.255
Characteristic density local = 3787.9 deg^-2 = 1.052 arcmin^-2
Fitting aperture to hotspot...
Candidate: x_peak:        0.355, y_peak:       -0.775, r_peak:        0.030, sig:        4.538, ra_peak:      167.696, dec_peak:        4.005
Characteristic density local = 3704.3 deg^-2 = 1.029 arcmin^-2
Fitting aperture to hotspot...
Candidate: x_peak:        0.465, y_peak:       -0.175, r_peak:        0.010, sig:        6.905, ra_peak:      167.807, dec_peak:        4.605
Characteristic density local = 3776.0 deg^-2 = 1.049 arcmin^-2
Fitting aperture to hotspot...
Candidate: x_peak:        0.965, y_peak:       -0.295, r_peak:        0.020, sig:        9.728, ra_peak:      168.308, dec_peak:        4.484
Distance = 398.1 kpc (m-M = 23.0)
618348 objects left after isochrone cut...
Characteristic density = 3400.0 deg^-2
Characteristic density local = 3419.8 deg^-2 = 0.950 arcmin^-2
Fitting aperture to hotspot...
Candidate: x_peak:       -0.655, y_peak:        0.635, r_peak:        0.030, sig:        8.362, ra_peak:      166.682, dec_peak:        5.415
Characteristic density local = 3457.6 deg^-2 = 0.960 arcmin^-2
Fitting aperture to hotspot...
Candidate: x_peak:       -0.255, y_peak:       -0.325, r_peak:        0.020, sig:       12.316, ra_peak:      167.084, dec_peak:        4.455
Characteristic density local = 3334.3 deg^-2 = 0.926 arcmin^-2
Fitting aperture to hotspot...
Candidate: x_peak:       -0.145, y_peak:        0.215, r_peak:        0.020, sig:       11.846, ra_peak:      167.194, dec_peak:        4.995
Characteristic density local = 3787.9 deg^-2 = 1.052 arcmin^-2
Fitting aperture to hotspot...
Candidate: x_peak:        0.135, y_peak:       -1.075, r_peak:        0.020, sig:        7.437, ra_peak:      167.475, dec_peak:        3.705
Characteristic density local = 3411.9 deg^-2 = 0.948 arcmin^-2
Fitting aperture to hotspot...
Candidate: x_peak:        0.135, y_peak:        0.975, r_peak:        0.010, sig:        5.902, ra_peak:      167.476, dec_peak:        5.755
Characteristic density local = 3407.9 deg^-2 = 0.947 arcmin^-2
Fitting aperture to hotspot...
Candidate: x_peak:        0.245, y_peak:       -0.525, r_peak:        0.020, sig:        6.766, ra_peak:      167.586, dec_peak:        4.255
Characteristic density local = 3529.3 deg^-2 = 0.980 arcmin^-2
Fitting aperture to hotspot...
Candidate: x_peak:        0.355, y_peak:       -0.775, r_peak:        0.030, sig:        4.595, ra_peak:      167.696, dec_peak:        4.005
Characteristic density local = 3433.8 deg^-2 = 0.954 arcmin^-2
Fitting aperture to hotspot...
Candidate: x_peak:        0.465, y_peak:       -0.175, r_peak:        0.010, sig:        7.054, ra_peak:      167.807, dec_peak:        4.605
Characteristic density local = 3471.6 deg^-2 = 0.964 arcmin^-2
Fitting aperture to hotspot...
Candidate: x_peak:        0.965, y_peak:       -0.295, r_peak:        0.020, sig:        9.801, ra_peak:      168.308, dec_peak:        4.484
12.32 sigma; (RA, Dec, d) = (167.08, 4.45); r = 0.02 deg; d = 398.1, mu = 23.00 mag), mc_source_id: 0.00
11.96 sigma; (RA, Dec, d) = (167.19, 4.99); r = 0.02 deg; d = 316.2, mu = 22.50 mag), mc_source_id: 0.00
9.80 sigma; (RA, Dec, d) = (168.31, 4.48); r = 0.02 deg; d = 398.1, mu = 23.00 mag), mc_source_id: 0.00
8.36 sigma; (RA, Dec, d) = (166.68, 5.41); r = 0.03 deg; d = 398.1, mu = 23.00 mag), mc_source_id: 0.00
7.44 sigma; (RA, Dec, d) = (167.48, 3.70); r = 0.02 deg; d = 398.1, mu = 23.00 mag), mc_source_id: 0.00
7.05 sigma; (RA, Dec, d) = (167.81, 4.60); r = 0.01 deg; d = 398.1, mu = 23.00 mag), mc_source_id: 0.00
6.80 sigma; (RA, Dec, d) = (167.59, 4.25); r = 0.02 deg; d = 316.2, mu = 22.50 mag), mc_source_id: 0.00
6.35 sigma; (RA, Dec, d) = (167.21, 4.18); r = 0.01 deg; d = 199.5, mu = 21.50 mag), mc_source_id: 0.00
5.90 sigma; (RA, Dec, d) = (167.48, 5.75); r = 0.01 deg; d = 398.1, mu = 23.00 mag), mc_source_id: 0.00
4.59 sigma; (RA, Dec, d) = (167.70, 4.00); r = 0.03 deg; d = 398.1, mu = 23.00 mag), mc_source_id: 0.00
4.09 sigma; (RA, Dec, d) = (168.20, 4.92); r = 0.06 deg; d = 251.2, mu = 22.00 mag), mc_source_id: 0.00

------------------------------------------------------------
Job <680590.0> was submitted from <des51.fnal.gov> by user <tavangar>.
Job was executed on host <des40.fnal.gov> as user <tavangar>.
</var/lib/condor/execute/dir_1960925> was used as the initial working directory.
Results reported at Wed Jun  5 10:35:07 CDT 2019

Your job looked like:

------------------------------------------------------------
python /home/s1/tavangar/tavangar_simple/search_algorithm.py 167.34 4.78 0.00 /home/s1/tavangar/tavangar_simple/decals_dr7_results/results_nside_32_5627.csv /home/s1/tavangar/tavangar_simple/decals_dr7_results/decals_dr7_log/results_nside_32_5627.log
------------------------------------------------------------

Successfully completed.

Resource usage summary:

	Real time :			524.68 sec.
	CPU time :			195.49 sec.
	CPU percentage :		84%
	Max Memory :			6028000 KB
	Average Memory :		0 KB

The output (if any) is above this job summary.
