/home/s1/tavangar/tavangar_simple/simple_utils.py:170: FutureWarning: elementwise comparison failed; returning scalar instead, but in the future will perform elementwise comparison
  if np.all(isochrone.stage == 'Main'):
Search coordinates: (RA, Dec) = (15.47, -16.96)
Center healpixel: 7877
Healpixels: [7877 8005 7876 7749 7621 7750 7878 8006 8133]
MC_SOURCE_ID = 0.0
mode = 0: running only on real data
Found 1 objects...
Applying cuts...
749722 star-like objects in ROI...
1171124 galaxy-like objects in ROI...
No fracdet map specified ...
Distance = 15.8 kpc (m-M = 16.0)
749697 objects left after isochrone cut...
Characteristic density = 3900.0 deg^-2
Characteristic density local = 4323.0 deg^-2 = 1.201 arcmin^-2
Fitting aperture to hotspot...
Candidate: x_peak:       -1.215, y_peak:       -0.115, r_peak:        0.040, sig:        3.273, ra_peak:       14.199, dec_peak:      -17.071
Characteristic density local = 4012.7 deg^-2 = 1.115 arcmin^-2
Fitting aperture to hotspot...
Candidate: x_peak:       -0.945, y_peak:        0.045, r_peak:        0.050, sig:        1.724, ra_peak:       14.482, dec_peak:      -16.913
Characteristic density local = 3925.2 deg^-2 = 1.090 arcmin^-2
Fitting aperture to hotspot...
Candidate: x_peak:       -0.065, y_peak:        0.695, r_peak:        0.020, sig:       16.827, ra_peak:       15.402, dec_peak:      -16.265
Characteristic density local = 4152.0 deg^-2 = 1.153 arcmin^-2
Fitting aperture to hotspot...
Candidate: x_peak:       -0.455, y_peak:       -0.205, r_peak:        0.020, sig:        1.746, ra_peak:       14.994, dec_peak:      -17.164
Characteristic density local = 4207.7 deg^-2 = 1.169 arcmin^-2
Fitting aperture to hotspot...
Candidate: x_peak:       -0.415, y_peak:       -0.855, r_peak:        0.060, sig:        2.478, ra_peak:       15.034, dec_peak:      -17.815
Characteristic density local = 4132.1 deg^-2 = 1.148 arcmin^-2
Fitting aperture to hotspot...
Candidate: x_peak:       -0.165, y_peak:        0.055, r_peak:        0.020, sig:        1.758, ra_peak:       15.298, dec_peak:      -16.905
Characteristic density local = 3909.2 deg^-2 = 1.086 arcmin^-2
Fitting aperture to hotspot...
Candidate: x_peak:       -0.185, y_peak:       -1.075, r_peak:        0.290, sig:        3.148, ra_peak:       15.275, dec_peak:      -18.035
Characteristic density local = 3907.3 deg^-2 = 1.085 arcmin^-2
Fitting aperture to hotspot...
Candidate: x_peak:        0.855, y_peak:       -0.165, r_peak:        0.010, sig:        2.387, ra_peak:       16.365, dec_peak:      -17.123
Characteristic density local = 3843.6 deg^-2 = 1.068 arcmin^-2
Fitting aperture to hotspot...
Candidate: x_peak:        1.185, y_peak:       -0.085, r_peak:        0.070, sig:        3.113, ra_peak:       16.709, dec_peak:      -17.041
Distance = 20.0 kpc (m-M = 16.5)
749712 objects left after isochrone cut...
Characteristic density = 3900.0 deg^-2
Characteristic density local = 4323.0 deg^-2 = 1.201 arcmin^-2
Fitting aperture to hotspot...
Candidate: x_peak:       -1.215, y_peak:       -0.115, r_peak:        0.040, sig:        3.273, ra_peak:       14.199, dec_peak:      -17.071
Characteristic density local = 4012.7 deg^-2 = 1.115 arcmin^-2
Fitting aperture to hotspot...
Candidate: x_peak:       -0.945, y_peak:        0.045, r_peak:        0.050, sig:        1.724, ra_peak:       14.482, dec_peak:      -16.913
Characteristic density local = 3925.2 deg^-2 = 1.090 arcmin^-2
Fitting aperture to hotspot...
Candidate: x_peak:       -0.065, y_peak:        0.695, r_peak:        0.020, sig:       16.827, ra_peak:       15.402, dec_peak:      -16.265
Characteristic density local = 4152.0 deg^-2 = 1.153 arcmin^-2
Fitting aperture to hotspot...
Candidate: x_peak:       -0.455, y_peak:       -0.205, r_peak:        0.020, sig:        1.746, ra_peak:       14.994, dec_peak:      -17.164
Characteristic density local = 4207.7 deg^-2 = 1.169 arcmin^-2
Fitting aperture to hotspot...
Candidate: x_peak:       -0.415, y_peak:       -0.855, r_peak:        0.060, sig:        2.478, ra_peak:       15.034, dec_peak:      -17.815
Characteristic density local = 4132.1 deg^-2 = 1.148 arcmin^-2
Fitting aperture to hotspot...
Candidate: x_peak:       -0.165, y_peak:        0.055, r_peak:        0.020, sig:        1.758, ra_peak:       15.298, dec_peak:      -16.905
Characteristic density local = 3909.2 deg^-2 = 1.086 arcmin^-2
Fitting aperture to hotspot...
Candidate: x_peak:       -0.185, y_peak:       -1.075, r_peak:        0.290, sig:        3.148, ra_peak:       15.275, dec_peak:      -18.035
Characteristic density local = 3907.3 deg^-2 = 1.085 arcmin^-2
Fitting aperture to hotspot...
Candidate: x_peak:        0.855, y_peak:       -0.165, r_peak:        0.010, sig:        2.387, ra_peak:       16.365, dec_peak:      -17.123
Characteristic density local = 3843.6 deg^-2 = 1.068 arcmin^-2
Fitting aperture to hotspot...
Candidate: x_peak:        1.185, y_peak:       -0.085, r_peak:        0.070, sig:        3.113, ra_peak:       16.709, dec_peak:      -17.041
Distance = 25.1 kpc (m-M = 17.0)
749717 objects left after isochrone cut...
Characteristic density = 3900.0 deg^-2
Characteristic density local = 4323.0 deg^-2 = 1.201 arcmin^-2
Fitting aperture to hotspot...
Candidate: x_peak:       -1.215, y_peak:       -0.115, r_peak:        0.040, sig:        3.273, ra_peak:       14.199, dec_peak:      -17.071
Characteristic density local = 4012.7 deg^-2 = 1.115 arcmin^-2
Fitting aperture to hotspot...
Candidate: x_peak:       -0.945, y_peak:        0.045, r_peak:        0.050, sig:        1.724, ra_peak:       14.482, dec_peak:      -16.913
Characteristic density local = 3925.2 deg^-2 = 1.090 arcmin^-2
Fitting aperture to hotspot...
Candidate: x_peak:       -0.065, y_peak:        0.695, r_peak:        0.020, sig:       16.827, ra_peak:       15.402, dec_peak:      -16.265
Characteristic density local = 4152.0 deg^-2 = 1.153 arcmin^-2
Fitting aperture to hotspot...
Candidate: x_peak:       -0.455, y_peak:       -0.205, r_peak:        0.020, sig:        1.746, ra_peak:       14.994, dec_peak:      -17.164
Characteristic density local = 4207.7 deg^-2 = 1.169 arcmin^-2
Fitting aperture to hotspot...
Candidate: x_peak:       -0.415, y_peak:       -0.855, r_peak:        0.060, sig:        2.478, ra_peak:       15.034, dec_peak:      -17.815
Characteristic density local = 4132.1 deg^-2 = 1.148 arcmin^-2
Fitting aperture to hotspot...
Candidate: x_peak:       -0.165, y_peak:        0.055, r_peak:        0.020, sig:        1.758, ra_peak:       15.298, dec_peak:      -16.905
Characteristic density local = 3909.2 deg^-2 = 1.086 arcmin^-2
Fitting aperture to hotspot...
Candidate: x_peak:       -0.185, y_peak:       -1.075, r_peak:        0.290, sig:        3.148, ra_peak:       15.275, dec_peak:      -18.035
Characteristic density local = 3907.3 deg^-2 = 1.085 arcmin^-2
Fitting aperture to hotspot...
Candidate: x_peak:        0.855, y_peak:       -0.165, r_peak:        0.010, sig:        2.387, ra_peak:       16.365, dec_peak:      -17.123
Characteristic density local = 3843.6 deg^-2 = 1.068 arcmin^-2
Fitting aperture to hotspot...
Candidate: x_peak:        1.185, y_peak:       -0.085, r_peak:        0.070, sig:        3.113, ra_peak:       16.709, dec_peak:      -17.041
Distance = 31.6 kpc (m-M = 17.5)
749721 objects left after isochrone cut...
Characteristic density = 3900.0 deg^-2
Characteristic density local = 4323.0 deg^-2 = 1.201 arcmin^-2
Fitting aperture to hotspot...
Candidate: x_peak:       -1.215, y_peak:       -0.115, r_peak:        0.040, sig:        3.273, ra_peak:       14.199, dec_peak:      -17.071
Characteristic density local = 4012.7 deg^-2 = 1.115 arcmin^-2
Fitting aperture to hotspot...
Candidate: x_peak:       -0.945, y_peak:        0.045, r_peak:        0.050, sig:        1.724, ra_peak:       14.482, dec_peak:      -16.913
Characteristic density local = 3925.2 deg^-2 = 1.090 arcmin^-2
Fitting aperture to hotspot...
Candidate: x_peak:       -0.065, y_peak:        0.695, r_peak:        0.020, sig:       16.827, ra_peak:       15.402, dec_peak:      -16.265
Characteristic density local = 4152.0 deg^-2 = 1.153 arcmin^-2
Fitting aperture to hotspot...
Candidate: x_peak:       -0.455, y_peak:       -0.205, r_peak:        0.020, sig:        1.746, ra_peak:       14.994, dec_peak:      -17.164
Characteristic density local = 4207.7 deg^-2 = 1.169 arcmin^-2
Fitting aperture to hotspot...
Candidate: x_peak:       -0.415, y_peak:       -0.855, r_peak:        0.060, sig:        2.478, ra_peak:       15.034, dec_peak:      -17.815
Characteristic density local = 4132.1 deg^-2 = 1.148 arcmin^-2
Fitting aperture to hotspot...
Candidate: x_peak:       -0.165, y_peak:        0.055, r_peak:        0.020, sig:        1.758, ra_peak:       15.298, dec_peak:      -16.905
Characteristic density local = 3909.2 deg^-2 = 1.086 arcmin^-2
Fitting aperture to hotspot...
Candidate: x_peak:       -0.185, y_peak:       -1.075, r_peak:        0.290, sig:        3.148, ra_peak:       15.275, dec_peak:      -18.035
Characteristic density local = 3907.3 deg^-2 = 1.085 arcmin^-2
Fitting aperture to hotspot...
Candidate: x_peak:        0.855, y_peak:       -0.165, r_peak:        0.010, sig:        2.387, ra_peak:       16.365, dec_peak:      -17.123
Characteristic density local = 3843.6 deg^-2 = 1.068 arcmin^-2
Fitting aperture to hotspot...
Candidate: x_peak:        1.185, y_peak:       -0.085, r_peak:        0.070, sig:        3.113, ra_peak:       16.709, dec_peak:      -17.041
Distance = 39.8 kpc (m-M = 18.0)
749722 objects left after isochrone cut...
Characteristic density = 3900.0 deg^-2
Characteristic density local = 4323.0 deg^-2 = 1.201 arcmin^-2
Fitting aperture to hotspot...
Candidate: x_peak:       -1.215, y_peak:       -0.115, r_peak:        0.040, sig:        3.273, ra_peak:       14.199, dec_peak:      -17.071
Characteristic density local = 4012.7 deg^-2 = 1.115 arcmin^-2
Fitting aperture to hotspot...
Candidate: x_peak:       -0.945, y_peak:        0.045, r_peak:        0.050, sig:        1.724, ra_peak:       14.482, dec_peak:      -16.913
Characteristic density local = 3925.2 deg^-2 = 1.090 arcmin^-2
Fitting aperture to hotspot...
Candidate: x_peak:       -0.065, y_peak:        0.695, r_peak:        0.020, sig:       16.827, ra_peak:       15.402, dec_peak:      -16.265
Characteristic density local = 4152.0 deg^-2 = 1.153 arcmin^-2
Fitting aperture to hotspot...
Candidate: x_peak:       -0.455, y_peak:       -0.205, r_peak:        0.020, sig:        1.746, ra_peak:       14.994, dec_peak:      -17.164
Characteristic density local = 4207.7 deg^-2 = 1.169 arcmin^-2
Fitting aperture to hotspot...
Candidate: x_peak:       -0.415, y_peak:       -0.855, r_peak:        0.060, sig:        2.478, ra_peak:       15.034, dec_peak:      -17.815
Characteristic density local = 4132.1 deg^-2 = 1.148 arcmin^-2
Fitting aperture to hotspot...
Candidate: x_peak:       -0.165, y_peak:        0.055, r_peak:        0.020, sig:        1.758, ra_peak:       15.298, dec_peak:      -16.905
Characteristic density local = 3909.2 deg^-2 = 1.086 arcmin^-2
Fitting aperture to hotspot...
Candidate: x_peak:       -0.185, y_peak:       -1.075, r_peak:        0.290, sig:        3.148, ra_peak:       15.275, dec_peak:      -18.035
Characteristic density local = 3907.3 deg^-2 = 1.085 arcmin^-2
Fitting aperture to hotspot...
Candidate: x_peak:        0.855, y_peak:       -0.165, r_peak:        0.010, sig:        2.387, ra_peak:       16.365, dec_peak:      -17.123
Characteristic density local = 3843.6 deg^-2 = 1.068 arcmin^-2
Fitting aperture to hotspot...
Candidate: x_peak:        1.185, y_peak:       -0.085, r_peak:        0.070, sig:        3.113, ra_peak:       16.709, dec_peak:      -17.041
Distance = 50.1 kpc (m-M = 18.5)
749699 objects left after isochrone cut...
Characteristic density = 3900.0 deg^-2
Characteristic density local = 4323.0 deg^-2 = 1.201 arcmin^-2
Fitting aperture to hotspot...
Candidate: x_peak:       -1.215, y_peak:       -0.115, r_peak:        0.040, sig:        3.273, ra_peak:       14.199, dec_peak:      -17.071
Characteristic density local = 4012.7 deg^-2 = 1.115 arcmin^-2
Fitting aperture to hotspot...
Candidate: x_peak:       -0.945, y_peak:        0.045, r_peak:        0.050, sig:        1.724, ra_peak:       14.482, dec_peak:      -16.913
Characteristic density local = 3925.2 deg^-2 = 1.090 arcmin^-2
Fitting aperture to hotspot...
Candidate: x_peak:       -0.065, y_peak:        0.695, r_peak:        0.020, sig:       16.827, ra_peak:       15.402, dec_peak:      -16.265
Characteristic density local = 4152.0 deg^-2 = 1.153 arcmin^-2
Fitting aperture to hotspot...
Candidate: x_peak:       -0.455, y_peak:       -0.205, r_peak:        0.020, sig:        1.746, ra_peak:       14.994, dec_peak:      -17.164
Characteristic density local = 4207.7 deg^-2 = 1.169 arcmin^-2
Fitting aperture to hotspot...
Candidate: x_peak:       -0.415, y_peak:       -0.855, r_peak:        0.060, sig:        2.478, ra_peak:       15.034, dec_peak:      -17.815
Characteristic density local = 4132.1 deg^-2 = 1.148 arcmin^-2
Fitting aperture to hotspot...
Candidate: x_peak:       -0.165, y_peak:        0.055, r_peak:        0.020, sig:        1.758, ra_peak:       15.298, dec_peak:      -16.905
Characteristic density local = 3909.2 deg^-2 = 1.086 arcmin^-2
Fitting aperture to hotspot...
Candidate: x_peak:       -0.185, y_peak:       -1.075, r_peak:        0.290, sig:        3.148, ra_peak:       15.275, dec_peak:      -18.035
Characteristic density local = 3907.3 deg^-2 = 1.085 arcmin^-2
Fitting aperture to hotspot...
Candidate: x_peak:        0.855, y_peak:       -0.165, r_peak:        0.010, sig:        2.387, ra_peak:       16.365, dec_peak:      -17.123
Characteristic density local = 3843.6 deg^-2 = 1.068 arcmin^-2
Fitting aperture to hotspot...
Candidate: x_peak:        1.185, y_peak:       -0.085, r_peak:        0.070, sig:        3.113, ra_peak:       16.709, dec_peak:      -17.041
Distance = 63.1 kpc (m-M = 19.0)
749470 objects left after isochrone cut...
Characteristic density = 3900.0 deg^-2
Characteristic density local = 4323.0 deg^-2 = 1.201 arcmin^-2
Fitting aperture to hotspot...
Candidate: x_peak:       -1.215, y_peak:       -0.115, r_peak:        0.040, sig:        3.273, ra_peak:       14.199, dec_peak:      -17.071
Characteristic density local = 4012.7 deg^-2 = 1.115 arcmin^-2
Fitting aperture to hotspot...
Candidate: x_peak:       -0.945, y_peak:        0.045, r_peak:        0.050, sig:        1.724, ra_peak:       14.482, dec_peak:      -16.913
Characteristic density local = 3915.2 deg^-2 = 1.088 arcmin^-2
Fitting aperture to hotspot...
Candidate: x_peak:       -0.065, y_peak:        0.695, r_peak:        0.020, sig:       16.673, ra_peak:       15.402, dec_peak:      -16.265
Characteristic density local = 4146.0 deg^-2 = 1.152 arcmin^-2
Fitting aperture to hotspot...
Candidate: x_peak:       -0.455, y_peak:       -0.205, r_peak:        0.020, sig:        1.750, ra_peak:       14.994, dec_peak:      -17.164
Characteristic density local = 4189.8 deg^-2 = 1.164 arcmin^-2
Fitting aperture to hotspot...
Candidate: x_peak:       -0.415, y_peak:       -0.855, r_peak:        0.060, sig:        2.509, ra_peak:       15.034, dec_peak:      -17.815
Characteristic density local = 4122.1 deg^-2 = 1.145 arcmin^-2
Fitting aperture to hotspot...
Candidate: x_peak:       -0.165, y_peak:        0.055, r_peak:        0.020, sig:        1.764, ra_peak:       15.298, dec_peak:      -16.905
Characteristic density local = 3893.3 deg^-2 = 1.081 arcmin^-2
Fitting aperture to hotspot...
Candidate: x_peak:       -0.185, y_peak:       -1.075, r_peak:        0.290, sig:        3.100, ra_peak:       15.275, dec_peak:      -18.035
Characteristic density local = 3869.5 deg^-2 = 1.075 arcmin^-2
Fitting aperture to hotspot...
Candidate: x_peak:        0.855, y_peak:       -0.155, r_peak:        0.060, sig:        2.142, ra_peak:       16.365, dec_peak:      -17.113
Characteristic density local = 3817.7 deg^-2 = 1.060 arcmin^-2
Fitting aperture to hotspot...
Candidate: x_peak:        1.185, y_peak:       -0.095, r_peak:        0.040, sig:        3.543, ra_peak:       16.709, dec_peak:      -17.051
Distance = 79.4 kpc (m-M = 19.5)
748222 objects left after isochrone cut...
Characteristic density = 3900.0 deg^-2
Characteristic density local = 4044.5 deg^-2 = 1.123 arcmin^-2
Fitting aperture to hotspot...
Candidate: x_peak:       -0.825, y_peak:        0.165, r_peak:        0.020, sig:        5.458, ra_peak:       14.608, dec_peak:      -16.793
Characteristic density local = 3941.1 deg^-2 = 1.095 arcmin^-2
Fitting aperture to hotspot...
Candidate: x_peak:       -0.725, y_peak:       -0.525, r_peak:        0.020, sig:       10.213, ra_peak:       14.710, dec_peak:      -17.484
Characteristic density local = 4159.9 deg^-2 = 1.156 arcmin^-2
Fitting aperture to hotspot...
Candidate: x_peak:       -0.425, y_peak:        0.325, r_peak:        0.020, sig:        9.809, ra_peak:       15.026, dec_peak:      -16.635
Characteristic density local = 4072.4 deg^-2 = 1.131 arcmin^-2
Fitting aperture to hotspot...
Candidate: x_peak:       -0.315, y_peak:       -0.115, r_peak:        0.020, sig:        9.675, ra_peak:       15.140, dec_peak:      -17.075
Characteristic density local = 3869.5 deg^-2 = 1.075 arcmin^-2
Fitting aperture to hotspot...
Candidate: x_peak:       -0.065, y_peak:        0.695, r_peak:        0.020, sig:       16.724, ra_peak:       15.402, dec_peak:      -16.265
Characteristic density local = 3933.1 deg^-2 = 1.093 arcmin^-2
Fitting aperture to hotspot...
Candidate: x_peak:       -0.065, y_peak:        0.445, r_peak:        0.010, sig:        5.640, ra_peak:       15.402, dec_peak:      -16.515
Characteristic density local = 4022.6 deg^-2 = 1.117 arcmin^-2
Fitting aperture to hotspot...
Candidate: x_peak:        0.385, y_peak:        0.395, r_peak:        0.040, sig:        5.021, ra_peak:       15.872, dec_peak:      -16.565
Characteristic density local = 3927.1 deg^-2 = 1.091 arcmin^-2
Fitting aperture to hotspot...
Candidate: x_peak:        0.695, y_peak:       -0.525, r_peak:        0.020, sig:        6.583, ra_peak:       16.199, dec_peak:      -17.484
Distance = 100.0 kpc (m-M = 20.0)
746342 objects left after isochrone cut...
Characteristic density = 3800.0 deg^-2
Characteristic density local = 3988.8 deg^-2 = 1.108 arcmin^-2
Fitting aperture to hotspot...
Candidate: x_peak:       -0.825, y_peak:        0.165, r_peak:        0.020, sig:        5.500, ra_peak:       14.608, dec_peak:      -16.793
Characteristic density local = 3875.4 deg^-2 = 1.077 arcmin^-2
Fitting aperture to hotspot...
Candidate: x_peak:       -0.725, y_peak:       -0.525, r_peak:        0.020, sig:       10.274, ra_peak:       14.710, dec_peak:      -17.484
Characteristic density local = 4090.3 deg^-2 = 1.136 arcmin^-2
Fitting aperture to hotspot...
Candidate: x_peak:       -0.425, y_peak:        0.325, r_peak:        0.020, sig:        9.870, ra_peak:       15.026, dec_peak:      -16.635
Characteristic density local = 4016.7 deg^-2 = 1.116 arcmin^-2
Fitting aperture to hotspot...
Candidate: x_peak:       -0.315, y_peak:       -0.115, r_peak:        0.020, sig:        9.724, ra_peak:       15.140, dec_peak:      -17.075
Characteristic density local = 3811.8 deg^-2 = 1.059 arcmin^-2
Fitting aperture to hotspot...
Candidate: x_peak:       -0.065, y_peak:        0.695, r_peak:        0.020, sig:       16.788, ra_peak:       15.402, dec_peak:      -16.265
Characteristic density local = 3879.4 deg^-2 = 1.078 arcmin^-2
Fitting aperture to hotspot...
Candidate: x_peak:       -0.065, y_peak:        0.435, r_peak:        0.010, sig:        6.060, ra_peak:       15.402, dec_peak:      -16.525
Characteristic density local = 3959.0 deg^-2 = 1.100 arcmin^-2
Fitting aperture to hotspot...
Candidate: x_peak:        0.385, y_peak:        0.385, r_peak:        0.040, sig:        5.271, ra_peak:       15.872, dec_peak:      -16.575
Distance = 125.9 kpc (m-M = 20.5)
744115 objects left after isochrone cut...
Characteristic density = 3700.0 deg^-2
Characteristic density local = 3905.3 deg^-2 = 1.085 arcmin^-2
Fitting aperture to hotspot...
Candidate: x_peak:       -0.825, y_peak:        0.165, r_peak:        0.020, sig:        5.564, ra_peak:       14.608, dec_peak:      -16.793
Characteristic density local = 3783.9 deg^-2 = 1.051 arcmin^-2
Fitting aperture to hotspot...
Candidate: x_peak:       -0.725, y_peak:       -0.515, r_peak:        0.020, sig:        8.839, ra_peak:       14.710, dec_peak:      -17.474
Characteristic density local = 3998.8 deg^-2 = 1.111 arcmin^-2
Fitting aperture to hotspot...
Candidate: x_peak:       -0.425, y_peak:        0.325, r_peak:        0.020, sig:        9.951, ra_peak:       15.026, dec_peak:      -16.635
Characteristic density local = 3927.1 deg^-2 = 1.091 arcmin^-2
Fitting aperture to hotspot...
Candidate: x_peak:       -0.315, y_peak:       -0.115, r_peak:        0.020, sig:        9.804, ra_peak:       15.140, dec_peak:      -17.075
Characteristic density local = 3837.6 deg^-2 = 1.066 arcmin^-2
Fitting aperture to hotspot...
Candidate: x_peak:       -0.295, y_peak:        0.535, r_peak:        0.040, sig:        4.058, ra_peak:       15.162, dec_peak:      -16.425
Characteristic density local = 3722.2 deg^-2 = 1.034 arcmin^-2
Fitting aperture to hotspot...
Candidate: x_peak:       -0.065, y_peak:        0.695, r_peak:        0.020, sig:       16.890, ra_peak:       15.402, dec_peak:      -16.265
Characteristic density local = 3805.8 deg^-2 = 1.057 arcmin^-2
Fitting aperture to hotspot...
Candidate: x_peak:       -0.065, y_peak:        0.435, r_peak:        0.010, sig:        6.097, ra_peak:       15.402, dec_peak:      -16.525
Characteristic density local = 3879.4 deg^-2 = 1.078 arcmin^-2
Fitting aperture to hotspot...
Candidate: x_peak:        0.385, y_peak:        0.385, r_peak:        0.040, sig:        5.378, ra_peak:       15.872, dec_peak:      -16.575
Characteristic density local = 3793.9 deg^-2 = 1.054 arcmin^-2
Fitting aperture to hotspot...
Candidate: x_peak:        0.685, y_peak:       -0.525, r_peak:        0.030, sig:        5.790, ra_peak:       16.188, dec_peak:      -17.484
Distance = 158.5 kpc (m-M = 21.0)
741518 objects left after isochrone cut...
Characteristic density = 3600.0 deg^-2
Characteristic density local = 3690.4 deg^-2 = 1.025 arcmin^-2
Fitting aperture to hotspot...
Candidate: x_peak:       -0.725, y_peak:       -0.525, r_peak:        0.020, sig:       10.449, ra_peak:       14.710, dec_peak:      -17.484
Characteristic density local = 3909.2 deg^-2 = 1.086 arcmin^-2
Fitting aperture to hotspot...
Candidate: x_peak:       -0.425, y_peak:        0.325, r_peak:        0.020, sig:       10.032, ra_peak:       15.026, dec_peak:      -16.635
Characteristic density local = 3843.6 deg^-2 = 1.068 arcmin^-2
Fitting aperture to hotspot...
Candidate: x_peak:       -0.315, y_peak:       -0.115, r_peak:        0.020, sig:        9.881, ra_peak:       15.140, dec_peak:      -17.075
Characteristic density local = 3632.7 deg^-2 = 1.009 arcmin^-2
Fitting aperture to hotspot...
Candidate: x_peak:       -0.065, y_peak:        0.695, r_peak:        0.020, sig:       16.994, ra_peak:       15.402, dec_peak:      -16.265
Characteristic density local = 3714.3 deg^-2 = 1.032 arcmin^-2
Fitting aperture to hotspot...
Candidate: x_peak:       -0.065, y_peak:        0.445, r_peak:        0.010, sig:        5.747, ra_peak:       15.402, dec_peak:      -16.515
Characteristic density local = 3770.0 deg^-2 = 1.047 arcmin^-2
Fitting aperture to hotspot...
Candidate: x_peak:        0.385, y_peak:        0.385, r_peak:        0.040, sig:        5.528, ra_peak:       15.872, dec_peak:      -16.575
Distance = 199.5 kpc (m-M = 21.5)
738605 objects left after isochrone cut...
Characteristic density = 3500.0 deg^-2
Characteristic density local = 3690.4 deg^-2 = 1.025 arcmin^-2
Fitting aperture to hotspot...
Candidate: x_peak:       -0.825, y_peak:        0.165, r_peak:        0.020, sig:        5.734, ra_peak:       14.608, dec_peak:      -16.793
Characteristic density local = 3587.0 deg^-2 = 0.996 arcmin^-2
Fitting aperture to hotspot...
Candidate: x_peak:       -0.725, y_peak:       -0.525, r_peak:        0.020, sig:       10.337, ra_peak:       14.710, dec_peak:      -17.484
Characteristic density local = 3821.7 deg^-2 = 1.062 arcmin^-2
Fitting aperture to hotspot...
Candidate: x_peak:       -0.425, y_peak:        0.325, r_peak:        0.020, sig:       10.113, ra_peak:       15.026, dec_peak:      -16.635
Characteristic density local = 3730.2 deg^-2 = 1.036 arcmin^-2
Fitting aperture to hotspot...
Candidate: x_peak:       -0.315, y_peak:       -0.115, r_peak:        0.020, sig:        9.986, ra_peak:       15.140, dec_peak:      -17.075
Characteristic density local = 3495.4 deg^-2 = 0.971 arcmin^-2
Fitting aperture to hotspot...
Candidate: x_peak:       -0.065, y_peak:        0.695, r_peak:        0.020, sig:       16.990, ra_peak:       15.402, dec_peak:      -16.265
Characteristic density local = 3618.8 deg^-2 = 1.005 arcmin^-2
Fitting aperture to hotspot...
Candidate: x_peak:       -0.065, y_peak:        0.445, r_peak:        0.010, sig:        5.795, ra_peak:       15.402, dec_peak:      -16.515
Characteristic density local = 3648.6 deg^-2 = 1.014 arcmin^-2
Fitting aperture to hotspot...
Candidate: x_peak:        0.385, y_peak:        0.385, r_peak:        0.040, sig:        5.697, ra_peak:       15.872, dec_peak:      -16.575
Characteristic density local = 3610.8 deg^-2 = 1.003 arcmin^-2
Fitting aperture to hotspot...
Candidate: x_peak:        0.685, y_peak:       -0.525, r_peak:        0.020, sig:        5.799, ra_peak:       16.188, dec_peak:      -17.484
Characteristic density local = 3485.5 deg^-2 = 0.968 arcmin^-2
Fitting aperture to hotspot...
Candidate: x_peak:        0.915, y_peak:        0.355, r_peak:        0.020, sig:        4.777, ra_peak:       16.425, dec_peak:      -16.603
Distance = 251.2 kpc (m-M = 22.0)
735103 objects left after isochrone cut...
Characteristic density = 3400.0 deg^-2
Characteristic density local = 3555.1 deg^-2 = 0.988 arcmin^-2
Fitting aperture to hotspot...
Candidate: x_peak:       -0.825, y_peak:        0.165, r_peak:        0.020, sig:        5.845, ra_peak:       14.608, dec_peak:      -16.793
Characteristic density local = 3453.7 deg^-2 = 0.959 arcmin^-2
Fitting aperture to hotspot...
Candidate: x_peak:       -0.725, y_peak:       -0.525, r_peak:        0.020, sig:       10.470, ra_peak:       14.710, dec_peak:      -17.484
Characteristic density local = 3696.4 deg^-2 = 1.027 arcmin^-2
Fitting aperture to hotspot...
Candidate: x_peak:       -0.425, y_peak:        0.325, r_peak:        0.020, sig:       10.231, ra_peak:       15.026, dec_peak:      -16.635
Characteristic density local = 3606.8 deg^-2 = 1.002 arcmin^-2
Fitting aperture to hotspot...
Candidate: x_peak:       -0.315, y_peak:       -0.115, r_peak:        0.020, sig:       10.104, ra_peak:       15.140, dec_peak:      -17.075
Characteristic density local = 3354.2 deg^-2 = 0.932 arcmin^-2
Fitting aperture to hotspot...
Candidate: x_peak:       -0.065, y_peak:        0.695, r_peak:        0.030, sig:       16.995, ra_peak:       15.402, dec_peak:      -16.265
Characteristic density local = 3515.3 deg^-2 = 0.976 arcmin^-2
Fitting aperture to hotspot...
Candidate: x_peak:       -0.065, y_peak:        0.435, r_peak:        0.010, sig:        6.246, ra_peak:       15.402, dec_peak:      -16.525
Characteristic density local = 3473.6 deg^-2 = 0.965 arcmin^-2
Fitting aperture to hotspot...
Candidate: x_peak:        0.385, y_peak:        0.385, r_peak:        0.040, sig:        5.608, ra_peak:       15.872, dec_peak:      -16.575
Distance = 316.2 kpc (m-M = 22.5)
730771 objects left after isochrone cut...
Characteristic density = 3200.0 deg^-2
Characteristic density local = 3380.1 deg^-2 = 0.939 arcmin^-2
Fitting aperture to hotspot...
Candidate: x_peak:       -0.825, y_peak:        0.165, r_peak:        0.020, sig:        5.994, ra_peak:       14.608, dec_peak:      -16.793
Characteristic density local = 3294.5 deg^-2 = 0.915 arcmin^-2
Fitting aperture to hotspot...
Candidate: x_peak:       -0.725, y_peak:       -0.525, r_peak:        0.020, sig:       10.633, ra_peak:       14.710, dec_peak:      -17.484
Characteristic density local = 3535.2 deg^-2 = 0.982 arcmin^-2
Fitting aperture to hotspot...
Candidate: x_peak:       -0.425, y_peak:        0.325, r_peak:        0.020, sig:        9.957, ra_peak:       15.026, dec_peak:      -16.635
Characteristic density local = 3441.7 deg^-2 = 0.956 arcmin^-2
Fitting aperture to hotspot...
Candidate: x_peak:       -0.315, y_peak:       -0.115, r_peak:        0.020, sig:       10.267, ra_peak:       15.140, dec_peak:      -17.075
Characteristic density local = 3197.0 deg^-2 = 0.888 arcmin^-2
Fitting aperture to hotspot...
Candidate: x_peak:       -0.065, y_peak:        0.695, r_peak:        0.030, sig:       17.109, ra_peak:       15.402, dec_peak:      -16.265
Characteristic density local = 3292.5 deg^-2 = 0.915 arcmin^-2
Fitting aperture to hotspot...
Candidate: x_peak:        0.385, y_peak:        0.395, r_peak:        0.040, sig:        5.702, ra_peak:       15.872, dec_peak:      -16.565
Distance = 398.1 kpc (m-M = 23.0)
725221 objects left after isochrone cut...
Characteristic density = 3000.0 deg^-2
Characteristic density local = 3145.3 deg^-2 = 0.874 arcmin^-2
Fitting aperture to hotspot...
Candidate: x_peak:       -0.825, y_peak:        0.165, r_peak:        0.020, sig:        5.925, ra_peak:       14.608, dec_peak:      -16.793
Characteristic density local = 3083.6 deg^-2 = 0.857 arcmin^-2
Fitting aperture to hotspot...
Candidate: x_peak:       -0.725, y_peak:       -0.525, r_peak:        0.020, sig:       10.642, ra_peak:       14.710, dec_peak:      -17.484
Characteristic density local = 3314.4 deg^-2 = 0.921 arcmin^-2
Fitting aperture to hotspot...
Candidate: x_peak:       -0.425, y_peak:        0.325, r_peak:        0.020, sig:       10.178, ra_peak:       15.026, dec_peak:      -16.635
Characteristic density local = 3171.2 deg^-2 = 0.881 arcmin^-2
Fitting aperture to hotspot...
Candidate: x_peak:       -0.315, y_peak:       -0.125, r_peak:        0.020, sig:        9.882, ra_peak:       15.140, dec_peak:      -17.085
Characteristic density local = 2972.2 deg^-2 = 0.826 arcmin^-2
Fitting aperture to hotspot...
Candidate: x_peak:       -0.065, y_peak:        0.695, r_peak:        0.030, sig:       17.348, ra_peak:       15.402, dec_peak:      -16.265
Characteristic density local = 3141.3 deg^-2 = 0.873 arcmin^-2
Fitting aperture to hotspot...
Candidate: x_peak:       -0.065, y_peak:        0.435, r_peak:        0.010, sig:        6.455, ra_peak:       15.402, dec_peak:      -16.525
Characteristic density local = 3191.1 deg^-2 = 0.886 arcmin^-2
Fitting aperture to hotspot...
Candidate: x_peak:        0.215, y_peak:       -0.655, r_peak:        0.040, sig:        4.027, ra_peak:       15.696, dec_peak:      -17.615
Characteristic density local = 3083.6 deg^-2 = 0.857 arcmin^-2
Fitting aperture to hotspot...
Candidate: x_peak:        0.385, y_peak:        0.395, r_peak:        0.040, sig:        5.847, ra_peak:       15.872, dec_peak:      -16.565
Characteristic density local = 2972.2 deg^-2 = 0.826 arcmin^-2
Fitting aperture to hotspot...
Candidate: x_peak:        0.905, y_peak:        0.355, r_peak:        0.020, sig:        4.911, ra_peak:       16.414, dec_peak:      -16.603
17.35 sigma; (RA, Dec, d) = (15.40, -16.26); r = 0.03 deg; d = 398.1, mu = 23.00 mag), mc_source_id: 0.00
10.64 sigma; (RA, Dec, d) = (14.71, -17.48); r = 0.02 deg; d = 398.1, mu = 23.00 mag), mc_source_id: 0.00
10.27 sigma; (RA, Dec, d) = (15.14, -17.07); r = 0.02 deg; d = 316.2, mu = 22.50 mag), mc_source_id: 0.00
10.23 sigma; (RA, Dec, d) = (15.03, -16.63); r = 0.02 deg; d = 251.2, mu = 22.00 mag), mc_source_id: 0.00
6.58 sigma; (RA, Dec, d) = (16.20, -17.48); r = 0.02 deg; d = 79.4, mu = 19.50 mag), mc_source_id: 0.00
6.45 sigma; (RA, Dec, d) = (15.40, -16.52); r = 0.01 deg; d = 398.1, mu = 23.00 mag), mc_source_id: 0.00
5.99 sigma; (RA, Dec, d) = (14.61, -16.79); r = 0.02 deg; d = 316.2, mu = 22.50 mag), mc_source_id: 0.00
5.85 sigma; (RA, Dec, d) = (15.87, -16.56); r = 0.04 deg; d = 398.1, mu = 23.00 mag), mc_source_id: 0.00
5.79 sigma; (RA, Dec, d) = (15.40, -16.51); r = 0.01 deg; d = 199.5, mu = 21.50 mag), mc_source_id: 0.00
4.91 sigma; (RA, Dec, d) = (16.41, -16.60); r = 0.02 deg; d = 398.1, mu = 23.00 mag), mc_source_id: 0.00
4.06 sigma; (RA, Dec, d) = (15.16, -16.42); r = 0.04 deg; d = 125.9, mu = 20.50 mag), mc_source_id: 0.00
4.03 sigma; (RA, Dec, d) = (15.70, -17.61); r = 0.04 deg; d = 398.1, mu = 23.00 mag), mc_source_id: 0.00
3.54 sigma; (RA, Dec, d) = (16.71, -17.05); r = 0.04 deg; d = 63.1, mu = 19.00 mag), mc_source_id: 0.00
3.27 sigma; (RA, Dec, d) = (14.20, -17.07); r = 0.04 deg; d = 20.0, mu = 16.50 mag), mc_source_id: 0.00
3.15 sigma; (RA, Dec, d) = (15.28, -18.03); r = 0.29 deg; d = 25.1, mu = 17.00 mag), mc_source_id: 0.00
2.51 sigma; (RA, Dec, d) = (15.03, -17.81); r = 0.06 deg; d = 63.1, mu = 19.00 mag), mc_source_id: 0.00
2.39 sigma; (RA, Dec, d) = (16.36, -17.12); r = 0.01 deg; d = 50.1, mu = 18.50 mag), mc_source_id: 0.00
1.76 sigma; (RA, Dec, d) = (15.30, -16.90); r = 0.02 deg; d = 63.1, mu = 19.00 mag), mc_source_id: 0.00
1.75 sigma; (RA, Dec, d) = (14.99, -17.16); r = 0.02 deg; d = 63.1, mu = 19.00 mag), mc_source_id: 0.00
1.72 sigma; (RA, Dec, d) = (14.48, -16.91); r = 0.05 deg; d = 15.8, mu = 16.00 mag), mc_source_id: 0.00

------------------------------------------------------------
Job <681888.0> was submitted from <des51.fnal.gov> by user <tavangar>.
Job was executed on host <des40.fnal.gov> as user <tavangar>.
</var/lib/condor/execute/dir_2189474> was used as the initial working directory.
Results reported at Wed Jun  5 16:31:05 CDT 2019

Your job looked like:

------------------------------------------------------------
python /home/s1/tavangar/tavangar_simple/search_algorithm.py 15.47 -16.96 0.00 /home/s1/tavangar/tavangar_simple/decals_dr7_results/results_nside_32_7877.csv /home/s1/tavangar/tavangar_simple/decals_dr7_results/decals_dr7_log/results_nside_32_7877.log
------------------------------------------------------------

Successfully completed.

Resource usage summary:

	Real time :			751.15 sec.
	CPU time :			464.13 sec.
	CPU percentage :		96%
	Max Memory :			6665632 KB
	Average Memory :		0 KB

The output (if any) is above this job summary.
