/home/s1/tavangar/tavangar_simple/simple_utils.py:170: FutureWarning: elementwise comparison failed; returning scalar instead, but in the future will perform elementwise comparison
  if np.all(isochrone.stage == 'Main'):
Search coordinates: (RA, Dec) = (14.06, 28.63)
Center healpixel: 3141
Healpixels: [3141 3268 3140 3012 2885 3013 3142 3269 3397]
MC_SOURCE_ID = 0.0
mode = 0: running only on real data
Found 1 objects...
Applying cuts...
354686 star-like objects in ROI...
358459 galaxy-like objects in ROI...
No fracdet map specified ...
Distance = 15.8 kpc (m-M = 16.0)
354678 objects left after isochrone cut...
Characteristic density = 6400.0 deg^-2
Characteristic density local = 6867.5 deg^-2 = 1.908 arcmin^-2
Fitting aperture to hotspot...
Candidate: x_peak:       -0.885, y_peak:       -0.005, r_peak:        0.020, sig:        7.080, ra_peak:       13.052, dec_peak:       28.621
Characteristic density local = 6585.0 deg^-2 = 1.829 arcmin^-2
Fitting aperture to hotspot...
Candidate: x_peak:       -0.735, y_peak:        0.445, r_peak:        0.020, sig:        6.831, ra_peak:       13.219, dec_peak:       29.072
Characteristic density local = 6177.2 deg^-2 = 1.716 arcmin^-2
Fitting aperture to hotspot...
Candidate: x_peak:       -0.575, y_peak:        0.455, r_peak:        0.020, sig:       11.996, ra_peak:       13.402, dec_peak:       29.083
Characteristic density local = 6949.1 deg^-2 = 1.930 arcmin^-2
Fitting aperture to hotspot...
Candidate: x_peak:       -0.525, y_peak:       -0.065, r_peak:        0.020, sig:        6.828, ra_peak:       13.462, dec_peak:       28.564
Characteristic density local = 6786.0 deg^-2 = 1.885 arcmin^-2
Fitting aperture to hotspot...
Candidate: x_peak:       -0.185, y_peak:       -0.065, r_peak:        0.020, sig:        8.323, ra_peak:       13.849, dec_peak:       28.565
Characteristic density local = 6597.0 deg^-2 = 1.832 arcmin^-2
Fitting aperture to hotspot...
Candidate: x_peak:       -0.045, y_peak:       -0.385, r_peak:        0.060, sig:        5.185, ra_peak:       14.009, dec_peak:       28.245
Characteristic density local = 6933.2 deg^-2 = 1.926 arcmin^-2
Fitting aperture to hotspot...
Candidate: x_peak:        0.345, y_peak:        0.365, r_peak:        0.030, sig:       13.317, ra_peak:       14.454, dec_peak:       28.994
Characteristic density local = 6712.4 deg^-2 = 1.865 arcmin^-2
Fitting aperture to hotspot...
Candidate: x_peak:        0.365, y_peak:        0.885, r_peak:        0.030, sig:        6.178, ra_peak:       14.479, dec_peak:       29.514
Characteristic density local = 6388.1 deg^-2 = 1.774 arcmin^-2
Fitting aperture to hotspot...
Candidate: x_peak:        0.535, y_peak:        0.715, r_peak:        0.030, sig:        6.275, ra_peak:       14.674, dec_peak:       29.344
Distance = 20.0 kpc (m-M = 16.5)
354681 objects left after isochrone cut...
Characteristic density = 6400.0 deg^-2
Characteristic density local = 6867.5 deg^-2 = 1.908 arcmin^-2
Fitting aperture to hotspot...
Candidate: x_peak:       -0.885, y_peak:       -0.005, r_peak:        0.020, sig:        7.080, ra_peak:       13.052, dec_peak:       28.621
Characteristic density local = 6585.0 deg^-2 = 1.829 arcmin^-2
Fitting aperture to hotspot...
Candidate: x_peak:       -0.735, y_peak:        0.445, r_peak:        0.020, sig:        6.831, ra_peak:       13.219, dec_peak:       29.072
Characteristic density local = 6177.2 deg^-2 = 1.716 arcmin^-2
Fitting aperture to hotspot...
Candidate: x_peak:       -0.575, y_peak:        0.455, r_peak:        0.020, sig:       11.996, ra_peak:       13.402, dec_peak:       29.083
Characteristic density local = 6949.1 deg^-2 = 1.930 arcmin^-2
Fitting aperture to hotspot...
Candidate: x_peak:       -0.525, y_peak:       -0.065, r_peak:        0.020, sig:        6.828, ra_peak:       13.462, dec_peak:       28.564
Characteristic density local = 6786.0 deg^-2 = 1.885 arcmin^-2
Fitting aperture to hotspot...
Candidate: x_peak:       -0.185, y_peak:       -0.065, r_peak:        0.020, sig:        8.323, ra_peak:       13.849, dec_peak:       28.565
Characteristic density local = 6597.0 deg^-2 = 1.832 arcmin^-2
Fitting aperture to hotspot...
Candidate: x_peak:       -0.045, y_peak:       -0.385, r_peak:        0.060, sig:        5.185, ra_peak:       14.009, dec_peak:       28.245
Characteristic density local = 6931.2 deg^-2 = 1.925 arcmin^-2
Fitting aperture to hotspot...
Candidate: x_peak:        0.345, y_peak:        0.365, r_peak:        0.030, sig:       13.319, ra_peak:       14.454, dec_peak:       28.994
Characteristic density local = 6712.4 deg^-2 = 1.865 arcmin^-2
Fitting aperture to hotspot...
Candidate: x_peak:        0.365, y_peak:        0.885, r_peak:        0.030, sig:        6.178, ra_peak:       14.479, dec_peak:       29.514
Characteristic density local = 6386.1 deg^-2 = 1.774 arcmin^-2
Fitting aperture to hotspot...
Candidate: x_peak:        0.535, y_peak:        0.715, r_peak:        0.030, sig:        6.276, ra_peak:       14.674, dec_peak:       29.344
Distance = 25.1 kpc (m-M = 17.0)
354680 objects left after isochrone cut...
Characteristic density = 6400.0 deg^-2
Characteristic density local = 6867.5 deg^-2 = 1.908 arcmin^-2
Fitting aperture to hotspot...
Candidate: x_peak:       -0.885, y_peak:       -0.005, r_peak:        0.020, sig:        7.080, ra_peak:       13.052, dec_peak:       28.621
Characteristic density local = 6585.0 deg^-2 = 1.829 arcmin^-2
Fitting aperture to hotspot...
Candidate: x_peak:       -0.735, y_peak:        0.445, r_peak:        0.020, sig:        6.831, ra_peak:       13.219, dec_peak:       29.072
Characteristic density local = 6177.2 deg^-2 = 1.716 arcmin^-2
Fitting aperture to hotspot...
Candidate: x_peak:       -0.575, y_peak:        0.455, r_peak:        0.020, sig:       11.996, ra_peak:       13.402, dec_peak:       29.083
Characteristic density local = 6949.1 deg^-2 = 1.930 arcmin^-2
Fitting aperture to hotspot...
Candidate: x_peak:       -0.525, y_peak:       -0.065, r_peak:        0.020, sig:        6.828, ra_peak:       13.462, dec_peak:       28.564
Characteristic density local = 6786.0 deg^-2 = 1.885 arcmin^-2
Fitting aperture to hotspot...
Candidate: x_peak:       -0.185, y_peak:       -0.065, r_peak:        0.020, sig:        8.323, ra_peak:       13.849, dec_peak:       28.565
Characteristic density local = 6597.0 deg^-2 = 1.832 arcmin^-2
Fitting aperture to hotspot...
Candidate: x_peak:       -0.045, y_peak:       -0.385, r_peak:        0.060, sig:        5.185, ra_peak:       14.009, dec_peak:       28.245
Characteristic density local = 6931.2 deg^-2 = 1.925 arcmin^-2
Fitting aperture to hotspot...
Candidate: x_peak:        0.345, y_peak:        0.365, r_peak:        0.030, sig:       13.319, ra_peak:       14.454, dec_peak:       28.994
Characteristic density local = 6712.4 deg^-2 = 1.865 arcmin^-2
Fitting aperture to hotspot...
Candidate: x_peak:        0.365, y_peak:        0.885, r_peak:        0.030, sig:        6.178, ra_peak:       14.479, dec_peak:       29.514
Characteristic density local = 6384.1 deg^-2 = 1.773 arcmin^-2
Fitting aperture to hotspot...
Candidate: x_peak:        0.535, y_peak:        0.715, r_peak:        0.030, sig:        6.278, ra_peak:       14.674, dec_peak:       29.344
Distance = 31.6 kpc (m-M = 17.5)
354672 objects left after isochrone cut...
Characteristic density = 6400.0 deg^-2
Characteristic density local = 6867.5 deg^-2 = 1.908 arcmin^-2
Fitting aperture to hotspot...
Candidate: x_peak:       -0.885, y_peak:       -0.005, r_peak:        0.020, sig:        7.080, ra_peak:       13.052, dec_peak:       28.621
Characteristic density local = 6585.0 deg^-2 = 1.829 arcmin^-2
Fitting aperture to hotspot...
Candidate: x_peak:       -0.735, y_peak:        0.445, r_peak:        0.020, sig:        6.831, ra_peak:       13.219, dec_peak:       29.072
Characteristic density local = 6177.2 deg^-2 = 1.716 arcmin^-2
Fitting aperture to hotspot...
Candidate: x_peak:       -0.575, y_peak:        0.455, r_peak:        0.020, sig:       11.996, ra_peak:       13.402, dec_peak:       29.083
Characteristic density local = 6949.1 deg^-2 = 1.930 arcmin^-2
Fitting aperture to hotspot...
Candidate: x_peak:       -0.525, y_peak:       -0.065, r_peak:        0.020, sig:        6.828, ra_peak:       13.462, dec_peak:       28.564
Characteristic density local = 6786.0 deg^-2 = 1.885 arcmin^-2
Fitting aperture to hotspot...
Candidate: x_peak:       -0.185, y_peak:       -0.065, r_peak:        0.020, sig:        8.323, ra_peak:       13.849, dec_peak:       28.565
Characteristic density local = 6597.0 deg^-2 = 1.832 arcmin^-2
Fitting aperture to hotspot...
Candidate: x_peak:       -0.045, y_peak:       -0.385, r_peak:        0.060, sig:        5.185, ra_peak:       14.009, dec_peak:       28.245
Characteristic density local = 6931.2 deg^-2 = 1.925 arcmin^-2
Fitting aperture to hotspot...
Candidate: x_peak:        0.345, y_peak:        0.365, r_peak:        0.030, sig:       13.319, ra_peak:       14.454, dec_peak:       28.994
Characteristic density local = 6712.4 deg^-2 = 1.865 arcmin^-2
Fitting aperture to hotspot...
Candidate: x_peak:        0.365, y_peak:        0.885, r_peak:        0.030, sig:        6.178, ra_peak:       14.479, dec_peak:       29.514
Characteristic density local = 6384.1 deg^-2 = 1.773 arcmin^-2
Fitting aperture to hotspot...
Candidate: x_peak:        0.535, y_peak:        0.715, r_peak:        0.030, sig:        6.278, ra_peak:       14.674, dec_peak:       29.344
Distance = 39.8 kpc (m-M = 18.0)
354471 objects left after isochrone cut...
Characteristic density = 6400.0 deg^-2
Characteristic density local = 6865.5 deg^-2 = 1.907 arcmin^-2
Fitting aperture to hotspot...
Candidate: x_peak:       -0.885, y_peak:       -0.005, r_peak:        0.020, sig:        7.082, ra_peak:       13.052, dec_peak:       28.621
Characteristic density local = 6585.0 deg^-2 = 1.829 arcmin^-2
Fitting aperture to hotspot...
Candidate: x_peak:       -0.735, y_peak:        0.445, r_peak:        0.020, sig:        6.831, ra_peak:       13.219, dec_peak:       29.072
Characteristic density local = 6175.2 deg^-2 = 1.715 arcmin^-2
Fitting aperture to hotspot...
Candidate: x_peak:       -0.575, y_peak:        0.455, r_peak:        0.020, sig:       11.997, ra_peak:       13.402, dec_peak:       29.083
Characteristic density local = 6947.1 deg^-2 = 1.930 arcmin^-2
Fitting aperture to hotspot...
Candidate: x_peak:       -0.525, y_peak:       -0.065, r_peak:        0.020, sig:        6.829, ra_peak:       13.462, dec_peak:       28.564
Characteristic density local = 6782.0 deg^-2 = 1.884 arcmin^-2
Fitting aperture to hotspot...
Candidate: x_peak:       -0.185, y_peak:       -0.065, r_peak:        0.020, sig:        8.325, ra_peak:       13.849, dec_peak:       28.565
Characteristic density local = 6597.0 deg^-2 = 1.832 arcmin^-2
Fitting aperture to hotspot...
Candidate: x_peak:       -0.045, y_peak:       -0.385, r_peak:        0.060, sig:        5.185, ra_peak:       14.009, dec_peak:       28.245
Characteristic density local = 6919.3 deg^-2 = 1.922 arcmin^-2
Fitting aperture to hotspot...
Candidate: x_peak:        0.345, y_peak:        0.365, r_peak:        0.030, sig:       13.330, ra_peak:       14.454, dec_peak:       28.994
Characteristic density local = 6708.4 deg^-2 = 1.863 arcmin^-2
Fitting aperture to hotspot...
Candidate: x_peak:        0.365, y_peak:        0.885, r_peak:        0.030, sig:        6.181, ra_peak:       14.479, dec_peak:       29.514
Characteristic density local = 6378.1 deg^-2 = 1.772 arcmin^-2
Fitting aperture to hotspot...
Candidate: x_peak:        0.535, y_peak:        0.715, r_peak:        0.030, sig:        6.283, ra_peak:       14.674, dec_peak:       29.344
Distance = 50.1 kpc (m-M = 18.5)
353038 objects left after isochrone cut...
Characteristic density = 6300.0 deg^-2
Characteristic density local = 6811.8 deg^-2 = 1.892 arcmin^-2
Fitting aperture to hotspot...
Candidate: x_peak:       -0.885, y_peak:       -0.005, r_peak:        0.020, sig:        7.113, ra_peak:       13.052, dec_peak:       28.621
Characteristic density local = 6147.4 deg^-2 = 1.708 arcmin^-2
Fitting aperture to hotspot...
Candidate: x_peak:       -0.575, y_peak:        0.455, r_peak:        0.020, sig:       12.017, ra_peak:       13.402, dec_peak:       29.083
Characteristic density local = 6881.5 deg^-2 = 1.912 arcmin^-2
Fitting aperture to hotspot...
Candidate: x_peak:       -0.525, y_peak:       -0.065, r_peak:        0.020, sig:        6.867, ra_peak:       13.462, dec_peak:       28.564
Characteristic density local = 6710.4 deg^-2 = 1.864 arcmin^-2
Fitting aperture to hotspot...
Candidate: x_peak:       -0.185, y_peak:       -0.065, r_peak:        0.020, sig:        8.174, ra_peak:       13.849, dec_peak:       28.565
Characteristic density local = 6827.7 deg^-2 = 1.897 arcmin^-2
Fitting aperture to hotspot...
Candidate: x_peak:        0.345, y_peak:        0.365, r_peak:        0.030, sig:       13.414, ra_peak:       14.454, dec_peak:       28.994
Characteristic density local = 6624.8 deg^-2 = 1.840 arcmin^-2
Fitting aperture to hotspot...
Candidate: x_peak:        0.365, y_peak:        0.885, r_peak:        0.030, sig:        6.248, ra_peak:       14.479, dec_peak:       29.514
Characteristic density local = 6310.5 deg^-2 = 1.753 arcmin^-2
Fitting aperture to hotspot...
Candidate: x_peak:        0.535, y_peak:        0.715, r_peak:        0.030, sig:        6.173, ra_peak:       14.674, dec_peak:       29.344
Distance = 63.1 kpc (m-M = 19.0)
350606 objects left after isochrone cut...
Characteristic density = 6200.0 deg^-2
Characteristic density local = 6688.5 deg^-2 = 1.858 arcmin^-2
Fitting aperture to hotspot...
Candidate: x_peak:       -0.885, y_peak:       -0.005, r_peak:        0.020, sig:        7.185, ra_peak:       13.052, dec_peak:       28.621
Characteristic density local = 6477.6 deg^-2 = 1.799 arcmin^-2
Fitting aperture to hotspot...
Candidate: x_peak:       -0.735, y_peak:        0.445, r_peak:        0.020, sig:        6.894, ra_peak:       13.219, dec_peak:       29.072
Characteristic density local = 6071.8 deg^-2 = 1.687 arcmin^-2
Fitting aperture to hotspot...
Candidate: x_peak:       -0.575, y_peak:        0.455, r_peak:        0.020, sig:       12.072, ra_peak:       13.402, dec_peak:       29.083
Characteristic density local = 6782.0 deg^-2 = 1.884 arcmin^-2
Fitting aperture to hotspot...
Candidate: x_peak:       -0.525, y_peak:       -0.065, r_peak:        0.020, sig:        6.924, ra_peak:       13.462, dec_peak:       28.564
Characteristic density local = 6604.9 deg^-2 = 1.835 arcmin^-2
Fitting aperture to hotspot...
Candidate: x_peak:       -0.185, y_peak:       -0.065, r_peak:        0.020, sig:        8.238, ra_peak:       13.849, dec_peak:       28.565
Characteristic density local = 6692.5 deg^-2 = 1.859 arcmin^-2
Fitting aperture to hotspot...
Candidate: x_peak:        0.345, y_peak:        0.365, r_peak:        0.030, sig:       13.539, ra_peak:       14.454, dec_peak:       28.994
Characteristic density local = 6503.5 deg^-2 = 1.807 arcmin^-2
Fitting aperture to hotspot...
Candidate: x_peak:        0.365, y_peak:        0.885, r_peak:        0.030, sig:        6.181, ra_peak:       14.479, dec_peak:       29.514
Characteristic density local = 6169.2 deg^-2 = 1.714 arcmin^-2
Fitting aperture to hotspot...
Candidate: x_peak:        0.535, y_peak:        0.715, r_peak:        0.030, sig:        6.289, ra_peak:       14.674, dec_peak:       29.344
Distance = 79.4 kpc (m-M = 19.5)
347661 objects left after isochrone cut...
Characteristic density = 6100.0 deg^-2
Characteristic density local = 6561.2 deg^-2 = 1.823 arcmin^-2
Fitting aperture to hotspot...
Candidate: x_peak:       -0.885, y_peak:       -0.005, r_peak:        0.020, sig:        7.261, ra_peak:       13.052, dec_peak:       28.621
Characteristic density local = 6350.3 deg^-2 = 1.764 arcmin^-2
Fitting aperture to hotspot...
Candidate: x_peak:       -0.735, y_peak:        0.445, r_peak:        0.020, sig:        6.971, ra_peak:       13.219, dec_peak:       29.072
Characteristic density local = 5948.4 deg^-2 = 1.652 arcmin^-2
Fitting aperture to hotspot...
Candidate: x_peak:       -0.575, y_peak:        0.455, r_peak:        0.030, sig:       12.163, ra_peak:       13.402, dec_peak:       29.083
Characteristic density local = 6644.7 deg^-2 = 1.846 arcmin^-2
Fitting aperture to hotspot...
Candidate: x_peak:       -0.525, y_peak:       -0.065, r_peak:        0.020, sig:        7.004, ra_peak:       13.462, dec_peak:       28.564
Characteristic density local = 6461.7 deg^-2 = 1.795 arcmin^-2
Fitting aperture to hotspot...
Candidate: x_peak:       -0.185, y_peak:       -0.065, r_peak:        0.020, sig:        8.327, ra_peak:       13.849, dec_peak:       28.565
Characteristic density local = 6555.2 deg^-2 = 1.821 arcmin^-2
Fitting aperture to hotspot...
Candidate: x_peak:        0.345, y_peak:        0.365, r_peak:        0.030, sig:       13.669, ra_peak:       14.454, dec_peak:       28.994
Characteristic density local = 6358.2 deg^-2 = 1.766 arcmin^-2
Fitting aperture to hotspot...
Candidate: x_peak:        0.365, y_peak:        0.885, r_peak:        0.030, sig:        6.134, ra_peak:       14.479, dec_peak:       29.514
Distance = 100.0 kpc (m-M = 20.0)
344096 objects left after isochrone cut...
Characteristic density = 5900.0 deg^-2
Characteristic density local = 6398.0 deg^-2 = 1.777 arcmin^-2
Fitting aperture to hotspot...
Candidate: x_peak:       -0.885, y_peak:       -0.005, r_peak:        0.020, sig:        7.359, ra_peak:       13.052, dec_peak:       28.621
Characteristic density local = 6199.1 deg^-2 = 1.722 arcmin^-2
Fitting aperture to hotspot...
Candidate: x_peak:       -0.735, y_peak:        0.445, r_peak:        0.020, sig:        7.063, ra_peak:       13.219, dec_peak:       29.072
Characteristic density local = 5787.3 deg^-2 = 1.608 arcmin^-2
Fitting aperture to hotspot...
Candidate: x_peak:       -0.575, y_peak:        0.455, r_peak:        0.030, sig:       12.323, ra_peak:       13.402, dec_peak:       29.083
Characteristic density local = 6507.4 deg^-2 = 1.808 arcmin^-2
Fitting aperture to hotspot...
Candidate: x_peak:       -0.575, y_peak:       -0.715, r_peak:        0.020, sig:        5.570, ra_peak:       13.409, dec_peak:       27.913
Characteristic density local = 6467.7 deg^-2 = 1.797 arcmin^-2
Fitting aperture to hotspot...
Candidate: x_peak:       -0.525, y_peak:       -0.065, r_peak:        0.020, sig:        7.110, ra_peak:       13.462, dec_peak:       28.564
Characteristic density local = 6296.6 deg^-2 = 1.749 arcmin^-2
Fitting aperture to hotspot...
Candidate: x_peak:       -0.185, y_peak:       -0.065, r_peak:        0.020, sig:        8.431, ra_peak:       13.849, dec_peak:       28.565
Characteristic density local = 6406.0 deg^-2 = 1.779 arcmin^-2
Fitting aperture to hotspot...
Candidate: x_peak:        0.345, y_peak:        0.365, r_peak:        0.030, sig:       13.685, ra_peak:       14.454, dec_peak:       28.994
Characteristic density local = 6213.0 deg^-2 = 1.726 arcmin^-2
Fitting aperture to hotspot...
Candidate: x_peak:        0.365, y_peak:        0.885, r_peak:        0.030, sig:        6.253, ra_peak:       14.479, dec_peak:       29.514
Characteristic density local = 5908.6 deg^-2 = 1.641 arcmin^-2
Fitting aperture to hotspot...
Candidate: x_peak:        0.545, y_peak:        0.715, r_peak:        0.030, sig:        5.829, ra_peak:       14.685, dec_peak:       29.344
Distance = 125.9 kpc (m-M = 20.5)
340175 objects left after isochrone cut...
Characteristic density = 5700.0 deg^-2
Characteristic density local = 6203.1 deg^-2 = 1.723 arcmin^-2
Fitting aperture to hotspot...
Candidate: x_peak:       -0.885, y_peak:       -0.005, r_peak:        0.020, sig:        7.479, ra_peak:       13.052, dec_peak:       28.621
Characteristic density local = 5906.6 deg^-2 = 1.641 arcmin^-2
Fitting aperture to hotspot...
Candidate: x_peak:       -0.725, y_peak:        0.445, r_peak:        0.020, sig:        7.246, ra_peak:       13.230, dec_peak:       29.072
Characteristic density local = 5624.1 deg^-2 = 1.562 arcmin^-2
Fitting aperture to hotspot...
Candidate: x_peak:       -0.575, y_peak:        0.455, r_peak:        0.020, sig:       12.406, ra_peak:       13.402, dec_peak:       29.083
Characteristic density local = 6296.6 deg^-2 = 1.749 arcmin^-2
Fitting aperture to hotspot...
Candidate: x_peak:       -0.575, y_peak:       -0.715, r_peak:        0.020, sig:        5.691, ra_peak:       13.409, dec_peak:       27.913
Characteristic density local = 6272.7 deg^-2 = 1.742 arcmin^-2
Fitting aperture to hotspot...
Candidate: x_peak:       -0.525, y_peak:       -0.065, r_peak:        0.020, sig:        7.228, ra_peak:       13.462, dec_peak:       28.564
Characteristic density local = 6107.6 deg^-2 = 1.697 arcmin^-2
Fitting aperture to hotspot...
Candidate: x_peak:       -0.185, y_peak:       -0.065, r_peak:        0.020, sig:        8.553, ra_peak:       13.849, dec_peak:       28.565
Characteristic density local = 6203.1 deg^-2 = 1.723 arcmin^-2
Fitting aperture to hotspot...
Candidate: x_peak:        0.345, y_peak:        0.365, r_peak:        0.030, sig:       13.884, ra_peak:       14.454, dec_peak:       28.994
Characteristic density local = 6020.0 deg^-2 = 1.672 arcmin^-2
Fitting aperture to hotspot...
Candidate: x_peak:        0.365, y_peak:        0.885, r_peak:        0.030, sig:        6.247, ra_peak:       14.479, dec_peak:       29.514
Characteristic density local = 5727.6 deg^-2 = 1.591 arcmin^-2
Fitting aperture to hotspot...
Candidate: x_peak:        0.545, y_peak:        0.715, r_peak:        0.030, sig:        5.809, ra_peak:       14.685, dec_peak:       29.344
Distance = 158.5 kpc (m-M = 21.0)
335461 objects left after isochrone cut...
Characteristic density = 5500.0 deg^-2
Characteristic density local = 5986.2 deg^-2 = 1.663 arcmin^-2
Fitting aperture to hotspot...
Candidate: x_peak:       -0.885, y_peak:       -0.005, r_peak:        0.020, sig:        7.617, ra_peak:       13.052, dec_peak:       28.621
Characteristic density local = 5697.7 deg^-2 = 1.583 arcmin^-2
Fitting aperture to hotspot...
Candidate: x_peak:       -0.725, y_peak:        0.445, r_peak:        0.020, sig:        7.381, ra_peak:       13.230, dec_peak:       29.072
Characteristic density local = 5413.3 deg^-2 = 1.504 arcmin^-2
Fitting aperture to hotspot...
Candidate: x_peak:       -0.575, y_peak:        0.455, r_peak:        0.020, sig:       12.571, ra_peak:       13.402, dec_peak:       29.083
Characteristic density local = 6123.5 deg^-2 = 1.701 arcmin^-2
Fitting aperture to hotspot...
Candidate: x_peak:       -0.575, y_peak:       -0.715, r_peak:        0.020, sig:        5.793, ra_peak:       13.409, dec_peak:       27.913
Characteristic density local = 6093.6 deg^-2 = 1.693 arcmin^-2
Fitting aperture to hotspot...
Candidate: x_peak:       -0.525, y_peak:       -0.065, r_peak:        0.020, sig:        7.128, ra_peak:       13.462, dec_peak:       28.564
Characteristic density local = 5910.6 deg^-2 = 1.642 arcmin^-2
Fitting aperture to hotspot...
Candidate: x_peak:       -0.185, y_peak:       -0.065, r_peak:        0.020, sig:        8.683, ra_peak:       13.849, dec_peak:       28.565
Characteristic density local = 5960.4 deg^-2 = 1.656 arcmin^-2
Fitting aperture to hotspot...
Candidate: x_peak:        0.345, y_peak:        0.365, r_peak:        0.030, sig:       14.128, ra_peak:       14.454, dec_peak:       28.994
Characteristic density local = 5791.3 deg^-2 = 1.609 arcmin^-2
Fitting aperture to hotspot...
Candidate: x_peak:        0.365, y_peak:        0.895, r_peak:        0.030, sig:        6.945, ra_peak:       14.479, dec_peak:       29.524
Characteristic density local = 5518.7 deg^-2 = 1.533 arcmin^-2
Fitting aperture to hotspot...
Candidate: x_peak:        0.545, y_peak:        0.715, r_peak:        0.030, sig:        5.814, ra_peak:       14.685, dec_peak:       29.344
Distance = 199.5 kpc (m-M = 21.5)
330249 objects left after isochrone cut...
Characteristic density = 5300.0 deg^-2
Characteristic density local = 5795.2 deg^-2 = 1.610 arcmin^-2
Fitting aperture to hotspot...
Candidate: x_peak:       -0.885, y_peak:       -0.005, r_peak:        0.020, sig:        7.741, ra_peak:       13.052, dec_peak:       28.621
Characteristic density local = 5474.9 deg^-2 = 1.521 arcmin^-2
Fitting aperture to hotspot...
Candidate: x_peak:       -0.725, y_peak:        0.445, r_peak:        0.020, sig:        7.530, ra_peak:       13.230, dec_peak:       29.072
Characteristic density local = 5194.4 deg^-2 = 1.443 arcmin^-2
Fitting aperture to hotspot...
Candidate: x_peak:       -0.575, y_peak:        0.455, r_peak:        0.030, sig:       12.663, ra_peak:       13.402, dec_peak:       29.083
Characteristic density local = 5900.7 deg^-2 = 1.639 arcmin^-2
Fitting aperture to hotspot...
Candidate: x_peak:       -0.575, y_peak:       -0.715, r_peak:        0.020, sig:        5.927, ra_peak:       13.409, dec_peak:       27.913
Characteristic density local = 5835.0 deg^-2 = 1.621 arcmin^-2
Fitting aperture to hotspot...
Candidate: x_peak:       -0.525, y_peak:       -0.065, r_peak:        0.020, sig:        7.292, ra_peak:       13.462, dec_peak:       28.564
Characteristic density local = 5677.9 deg^-2 = 1.577 arcmin^-2
Fitting aperture to hotspot...
Candidate: x_peak:       -0.185, y_peak:       -0.065, r_peak:        0.020, sig:        8.641, ra_peak:       13.849, dec_peak:       28.565
Characteristic density local = 5699.7 deg^-2 = 1.583 arcmin^-2
Fitting aperture to hotspot...
Candidate: x_peak:        0.345, y_peak:        0.365, r_peak:        0.030, sig:       13.617, ra_peak:       14.454, dec_peak:       28.994
Characteristic density local = 5576.4 deg^-2 = 1.549 arcmin^-2
Fitting aperture to hotspot...
Candidate: x_peak:        0.365, y_peak:        0.895, r_peak:        0.030, sig:        7.136, ra_peak:       14.479, dec_peak:       29.524
Characteristic density local = 5262.1 deg^-2 = 1.462 arcmin^-2
Fitting aperture to hotspot...
Candidate: x_peak:        0.535, y_peak:        0.715, r_peak:        0.030, sig:        5.864, ra_peak:       14.674, dec_peak:       29.344
Distance = 251.2 kpc (m-M = 22.0)
324283 objects left after isochrone cut...
Characteristic density = 5000.0 deg^-2
Characteristic density local = 5514.7 deg^-2 = 1.532 arcmin^-2
Fitting aperture to hotspot...
Candidate: x_peak:       -0.885, y_peak:       -0.005, r_peak:        0.020, sig:        7.928, ra_peak:       13.052, dec_peak:       28.621
Characteristic density local = 5220.3 deg^-2 = 1.450 arcmin^-2
Fitting aperture to hotspot...
Candidate: x_peak:       -0.725, y_peak:        0.445, r_peak:        0.020, sig:        7.705, ra_peak:       13.230, dec_peak:       29.072
Characteristic density local = 4955.7 deg^-2 = 1.377 arcmin^-2
Fitting aperture to hotspot...
Candidate: x_peak:       -0.575, y_peak:        0.455, r_peak:        0.030, sig:       12.786, ra_peak:       13.402, dec_peak:       29.083
Characteristic density local = 5628.1 deg^-2 = 1.563 arcmin^-2
Fitting aperture to hotspot...
Candidate: x_peak:       -0.575, y_peak:       -0.715, r_peak:        0.020, sig:        6.096, ra_peak:       13.409, dec_peak:       27.913
Characteristic density local = 5522.7 deg^-2 = 1.534 arcmin^-2
Fitting aperture to hotspot...
Candidate: x_peak:       -0.525, y_peak:       -0.065, r_peak:        0.020, sig:        7.498, ra_peak:       13.462, dec_peak:       28.564
Characteristic density local = 5393.4 deg^-2 = 1.498 arcmin^-2
Fitting aperture to hotspot...
Candidate: x_peak:       -0.185, y_peak:       -0.065, r_peak:        0.020, sig:        8.222, ra_peak:       13.849, dec_peak:       28.565
Characteristic density local = 5437.1 deg^-2 = 1.510 arcmin^-2
Fitting aperture to hotspot...
Candidate: x_peak:        0.345, y_peak:        0.365, r_peak:        0.030, sig:       13.227, ra_peak:       14.454, dec_peak:       28.994
Characteristic density local = 5303.8 deg^-2 = 1.473 arcmin^-2
Fitting aperture to hotspot...
Candidate: x_peak:        0.365, y_peak:        0.895, r_peak:        0.030, sig:        7.219, ra_peak:       14.479, dec_peak:       29.524
Characteristic density local = 4981.5 deg^-2 = 1.384 arcmin^-2
Fitting aperture to hotspot...
Candidate: x_peak:        0.535, y_peak:        0.715, r_peak:        0.040, sig:        6.160, ra_peak:       14.674, dec_peak:       29.344
Distance = 316.2 kpc (m-M = 22.5)
317520 objects left after isochrone cut...
Characteristic density = 4700.0 deg^-2
Characteristic density local = 5198.4 deg^-2 = 1.444 arcmin^-2
Fitting aperture to hotspot...
Candidate: x_peak:       -0.885, y_peak:       -0.005, r_peak:        0.020, sig:        8.149, ra_peak:       13.052, dec_peak:       28.621
Characteristic density local = 4931.8 deg^-2 = 1.370 arcmin^-2
Fitting aperture to hotspot...
Candidate: x_peak:       -0.725, y_peak:        0.445, r_peak:        0.020, sig:        7.693, ra_peak:       13.230, dec_peak:       29.072
Characteristic density local = 4679.2 deg^-2 = 1.300 arcmin^-2
Fitting aperture to hotspot...
Candidate: x_peak:       -0.575, y_peak:        0.455, r_peak:        0.030, sig:       12.816, ra_peak:       13.402, dec_peak:       29.083
Characteristic density local = 5307.8 deg^-2 = 1.474 arcmin^-2
Fitting aperture to hotspot...
Candidate: x_peak:       -0.575, y_peak:       -0.715, r_peak:        0.020, sig:        6.303, ra_peak:       13.409, dec_peak:       27.913
Characteristic density local = 5188.5 deg^-2 = 1.441 arcmin^-2
Fitting aperture to hotspot...
Candidate: x_peak:       -0.525, y_peak:       -0.065, r_peak:        0.020, sig:        7.728, ra_peak:       13.462, dec_peak:       28.564
Characteristic density local = 5110.9 deg^-2 = 1.420 arcmin^-2
Fitting aperture to hotspot...
Candidate: x_peak:       -0.185, y_peak:       -0.065, r_peak:        0.020, sig:        8.423, ra_peak:       13.849, dec_peak:       28.565
Characteristic density local = 5156.6 deg^-2 = 1.432 arcmin^-2
Fitting aperture to hotspot...
Candidate: x_peak:        0.345, y_peak:        0.365, r_peak:        0.030, sig:       12.704, ra_peak:       14.454, dec_peak:       28.994
Characteristic density local = 4983.5 deg^-2 = 1.384 arcmin^-2
Fitting aperture to hotspot...
Candidate: x_peak:        0.365, y_peak:        0.895, r_peak:        0.030, sig:        7.182, ra_peak:       14.479, dec_peak:       29.524
Characteristic density local = 4669.2 deg^-2 = 1.297 arcmin^-2
Fitting aperture to hotspot...
Candidate: x_peak:        0.535, y_peak:        0.715, r_peak:        0.030, sig:        6.423, ra_peak:       14.674, dec_peak:       29.344
Distance = 398.1 kpc (m-M = 23.0)
309696 objects left after isochrone cut...
Characteristic density = 4400.0 deg^-2
Characteristic density local = 4788.6 deg^-2 = 1.330 arcmin^-2
Fitting aperture to hotspot...
Candidate: x_peak:       -0.895, y_peak:       -0.005, r_peak:        0.020, sig:        7.123, ra_peak:       13.040, dec_peak:       28.621
Characteristic density local = 4502.1 deg^-2 = 1.251 arcmin^-2
Fitting aperture to hotspot...
Candidate: x_peak:       -0.725, y_peak:        0.455, r_peak:        0.020, sig:        7.103, ra_peak:       13.230, dec_peak:       29.082
Characteristic density local = 4303.2 deg^-2 = 1.195 arcmin^-2
Fitting aperture to hotspot...
Candidate: x_peak:       -0.575, y_peak:        0.455, r_peak:        0.030, sig:       13.122, ra_peak:       13.402, dec_peak:       29.083
Characteristic density local = 4816.4 deg^-2 = 1.338 arcmin^-2
Fitting aperture to hotspot...
Candidate: x_peak:       -0.525, y_peak:       -0.065, r_peak:        0.020, sig:        7.103, ra_peak:       13.462, dec_peak:       28.564
Characteristic density local = 4713.0 deg^-2 = 1.309 arcmin^-2
Fitting aperture to hotspot...
Candidate: x_peak:       -0.185, y_peak:       -0.065, r_peak:        0.020, sig:        8.722, ra_peak:       13.849, dec_peak:       28.565
Characteristic density local = 4786.6 deg^-2 = 1.330 arcmin^-2
Fitting aperture to hotspot...
Candidate: x_peak:        0.345, y_peak:        0.365, r_peak:        0.030, sig:       12.406, ra_peak:       14.454, dec_peak:       28.994
Characteristic density local = 4619.5 deg^-2 = 1.283 arcmin^-2
Fitting aperture to hotspot...
Candidate: x_peak:        0.365, y_peak:        0.895, r_peak:        0.030, sig:        7.014, ra_peak:       14.479, dec_peak:       29.524
Characteristic density local = 4386.7 deg^-2 = 1.219 arcmin^-2
Fitting aperture to hotspot...
Candidate: x_peak:        0.535, y_peak:        0.715, r_peak:        0.030, sig:        6.335, ra_peak:       14.674, dec_peak:       29.344
14.13 sigma; (RA, Dec, d) = (14.45, 28.99); r = 0.03 deg; d = 158.5, mu = 21.00 mag), mc_source_id: 0.00
13.12 sigma; (RA, Dec, d) = (13.40, 29.08); r = 0.03 deg; d = 398.1, mu = 23.00 mag), mc_source_id: 0.00
8.72 sigma; (RA, Dec, d) = (13.85, 28.56); r = 0.02 deg; d = 398.1, mu = 23.00 mag), mc_source_id: 0.00
8.15 sigma; (RA, Dec, d) = (13.05, 28.62); r = 0.02 deg; d = 316.2, mu = 22.50 mag), mc_source_id: 0.00
7.73 sigma; (RA, Dec, d) = (13.46, 28.56); r = 0.02 deg; d = 316.2, mu = 22.50 mag), mc_source_id: 0.00
7.71 sigma; (RA, Dec, d) = (13.23, 29.07); r = 0.02 deg; d = 251.2, mu = 22.00 mag), mc_source_id: 0.00
7.22 sigma; (RA, Dec, d) = (14.48, 29.52); r = 0.03 deg; d = 251.2, mu = 22.00 mag), mc_source_id: 0.00
6.42 sigma; (RA, Dec, d) = (14.67, 29.34); r = 0.03 deg; d = 316.2, mu = 22.50 mag), mc_source_id: 0.00
6.30 sigma; (RA, Dec, d) = (13.41, 27.91); r = 0.02 deg; d = 316.2, mu = 22.50 mag), mc_source_id: 0.00
5.18 sigma; (RA, Dec, d) = (14.01, 28.24); r = 0.06 deg; d = 39.8, mu = 18.00 mag), mc_source_id: 0.00

------------------------------------------------------------
Job <678940.0> was submitted from <des51.fnal.gov> by user <tavangar>.
Job was executed on host <des40.fnal.gov> as user <tavangar>.
</var/lib/condor/execute/dir_1651717> was used as the initial working directory.
Results reported at Wed Jun  5 01:58:16 CDT 2019

Your job looked like:

------------------------------------------------------------
python /home/s1/tavangar/tavangar_simple/search_algorithm.py 14.06 28.63 0.00 /home/s1/tavangar/tavangar_simple/decals_dr7_results/results_nside_32_3141.csv /home/s1/tavangar/tavangar_simple/decals_dr7_results/decals_dr7_log/results_nside_32_3141.log
------------------------------------------------------------

Successfully completed.

Resource usage summary:

	Real time :			176.67 sec.
	CPU time :			4.86 sec.
	CPU percentage :		76%
	Max Memory :			2677552 KB
	Average Memory :		0 KB

The output (if any) is above this job summary.
