/home/s1/tavangar/tavangar_simple/simple_utils.py:170: FutureWarning: elementwise comparison failed; returning scalar instead, but in the future will perform elementwise comparison
  if np.all(isochrone.stage == 'Main'):
Search coordinates: (RA, Dec) = (222.19, 31.39)
Center healpixel: 2959
Healpixels: [2959 3086 2958 2830 2703 2831 2960 3087 3215]
MC_SOURCE_ID = 0.0
mode = 0: running only on real data
Found 1 objects...
Applying cuts...
593008 star-like objects in ROI...
854644 galaxy-like objects in ROI...
No fracdet map specified ...
Distance = 15.8 kpc (m-M = 16.0)
592994 objects left after isochrone cut...
Characteristic density = 5300.0 deg^-2
Characteristic density local = 5212.3 deg^-2 = 1.448 arcmin^-2
Fitting aperture to hotspot...
Candidate: x_peak:       -0.535, y_peak:        0.365, r_peak:        0.040, sig:        4.697, ra_peak:      221.561, dec_peak:       31.753
Characteristic density local = 5482.9 deg^-2 = 1.523 arcmin^-2
Fitting aperture to hotspot...
Candidate: x_peak:       -0.485, y_peak:       -0.745, r_peak:        0.020, sig:        7.738, ra_peak:      221.626, dec_peak:       30.644
Characteristic density local = 5383.4 deg^-2 = 1.495 arcmin^-2
Fitting aperture to hotspot...
Candidate: x_peak:       -0.465, y_peak:       -0.225, r_peak:        0.070, sig:        3.885, ra_peak:      221.647, dec_peak:       31.164
Characteristic density local = 5146.7 deg^-2 = 1.430 arcmin^-2
Fitting aperture to hotspot...
Candidate: x_peak:       -0.085, y_peak:        0.725, r_peak:        0.020, sig:        7.757, ra_peak:      222.090, dec_peak:       32.115
Characteristic density local = 5753.5 deg^-2 = 1.598 arcmin^-2
Fitting aperture to hotspot...
Candidate: x_peak:        0.255, y_peak:       -0.805, r_peak:        0.020, sig:        7.345, ra_peak:      222.486, dec_peak:       30.585
Characteristic density local = 5307.8 deg^-2 = 1.474 arcmin^-2
Fitting aperture to hotspot...
Candidate: x_peak:        0.245, y_peak:        0.605, r_peak:        0.020, sig:        8.901, ra_peak:      222.479, dec_peak:       31.995
Characteristic density local = 5711.7 deg^-2 = 1.587 arcmin^-2
Fitting aperture to hotspot...
Candidate: x_peak:        0.375, y_peak:       -0.445, r_peak:        0.020, sig:        4.856, ra_peak:      222.627, dec_peak:       30.944
Characteristic density local = 5622.1 deg^-2 = 1.562 arcmin^-2
Fitting aperture to hotspot...
Candidate: x_peak:        0.865, y_peak:       -0.185, r_peak:        0.020, sig:        6.777, ra_peak:      223.201, dec_peak:       31.201
Distance = 20.0 kpc (m-M = 16.5)
593004 objects left after isochrone cut...
Characteristic density = 5300.0 deg^-2
Characteristic density local = 5212.3 deg^-2 = 1.448 arcmin^-2
Fitting aperture to hotspot...
Candidate: x_peak:       -0.535, y_peak:        0.365, r_peak:        0.040, sig:        4.697, ra_peak:      221.561, dec_peak:       31.753
Characteristic density local = 5482.9 deg^-2 = 1.523 arcmin^-2
Fitting aperture to hotspot...
Candidate: x_peak:       -0.485, y_peak:       -0.745, r_peak:        0.020, sig:        7.738, ra_peak:      221.626, dec_peak:       30.644
Characteristic density local = 5383.4 deg^-2 = 1.495 arcmin^-2
Fitting aperture to hotspot...
Candidate: x_peak:       -0.465, y_peak:       -0.225, r_peak:        0.070, sig:        3.885, ra_peak:      221.647, dec_peak:       31.164
Characteristic density local = 5146.7 deg^-2 = 1.430 arcmin^-2
Fitting aperture to hotspot...
Candidate: x_peak:       -0.085, y_peak:        0.725, r_peak:        0.020, sig:        7.757, ra_peak:      222.090, dec_peak:       32.115
Characteristic density local = 5753.5 deg^-2 = 1.598 arcmin^-2
Fitting aperture to hotspot...
Candidate: x_peak:        0.255, y_peak:       -0.805, r_peak:        0.020, sig:        7.345, ra_peak:      222.486, dec_peak:       30.585
Characteristic density local = 5307.8 deg^-2 = 1.474 arcmin^-2
Fitting aperture to hotspot...
Candidate: x_peak:        0.245, y_peak:        0.605, r_peak:        0.020, sig:        8.901, ra_peak:      222.479, dec_peak:       31.995
Characteristic density local = 5711.7 deg^-2 = 1.587 arcmin^-2
Fitting aperture to hotspot...
Candidate: x_peak:        0.375, y_peak:       -0.445, r_peak:        0.020, sig:        4.856, ra_peak:      222.627, dec_peak:       30.944
Characteristic density local = 5622.1 deg^-2 = 1.562 arcmin^-2
Fitting aperture to hotspot...
Candidate: x_peak:        0.865, y_peak:       -0.185, r_peak:        0.020, sig:        6.777, ra_peak:      223.201, dec_peak:       31.201
Distance = 25.1 kpc (m-M = 17.0)
593004 objects left after isochrone cut...
Characteristic density = 5300.0 deg^-2
Characteristic density local = 5212.3 deg^-2 = 1.448 arcmin^-2
Fitting aperture to hotspot...
Candidate: x_peak:       -0.535, y_peak:        0.365, r_peak:        0.040, sig:        4.697, ra_peak:      221.561, dec_peak:       31.753
Characteristic density local = 5482.9 deg^-2 = 1.523 arcmin^-2
Fitting aperture to hotspot...
Candidate: x_peak:       -0.485, y_peak:       -0.745, r_peak:        0.020, sig:        7.738, ra_peak:      221.626, dec_peak:       30.644
Characteristic density local = 5383.4 deg^-2 = 1.495 arcmin^-2
Fitting aperture to hotspot...
Candidate: x_peak:       -0.465, y_peak:       -0.225, r_peak:        0.070, sig:        3.885, ra_peak:      221.647, dec_peak:       31.164
Characteristic density local = 5146.7 deg^-2 = 1.430 arcmin^-2
Fitting aperture to hotspot...
Candidate: x_peak:       -0.085, y_peak:        0.725, r_peak:        0.020, sig:        7.757, ra_peak:      222.090, dec_peak:       32.115
Characteristic density local = 5753.5 deg^-2 = 1.598 arcmin^-2
Fitting aperture to hotspot...
Candidate: x_peak:        0.255, y_peak:       -0.805, r_peak:        0.020, sig:        7.345, ra_peak:      222.486, dec_peak:       30.585
Characteristic density local = 5307.8 deg^-2 = 1.474 arcmin^-2
Fitting aperture to hotspot...
Candidate: x_peak:        0.245, y_peak:        0.605, r_peak:        0.020, sig:        8.901, ra_peak:      222.479, dec_peak:       31.995
Characteristic density local = 5711.7 deg^-2 = 1.587 arcmin^-2
Fitting aperture to hotspot...
Candidate: x_peak:        0.375, y_peak:       -0.445, r_peak:        0.020, sig:        4.856, ra_peak:      222.627, dec_peak:       30.944
Characteristic density local = 5622.1 deg^-2 = 1.562 arcmin^-2
Fitting aperture to hotspot...
Candidate: x_peak:        0.865, y_peak:       -0.185, r_peak:        0.020, sig:        6.777, ra_peak:      223.201, dec_peak:       31.201
Distance = 31.6 kpc (m-M = 17.5)
593006 objects left after isochrone cut...
Characteristic density = 5300.0 deg^-2
Characteristic density local = 5212.3 deg^-2 = 1.448 arcmin^-2
Fitting aperture to hotspot...
Candidate: x_peak:       -0.535, y_peak:        0.365, r_peak:        0.040, sig:        4.697, ra_peak:      221.561, dec_peak:       31.753
Characteristic density local = 5482.9 deg^-2 = 1.523 arcmin^-2
Fitting aperture to hotspot...
Candidate: x_peak:       -0.485, y_peak:       -0.745, r_peak:        0.020, sig:        7.738, ra_peak:      221.626, dec_peak:       30.644
Characteristic density local = 5383.4 deg^-2 = 1.495 arcmin^-2
Fitting aperture to hotspot...
Candidate: x_peak:       -0.465, y_peak:       -0.225, r_peak:        0.070, sig:        3.885, ra_peak:      221.647, dec_peak:       31.164
Characteristic density local = 5146.7 deg^-2 = 1.430 arcmin^-2
Fitting aperture to hotspot...
Candidate: x_peak:       -0.085, y_peak:        0.725, r_peak:        0.020, sig:        7.757, ra_peak:      222.090, dec_peak:       32.115
Characteristic density local = 5753.5 deg^-2 = 1.598 arcmin^-2
Fitting aperture to hotspot...
Candidate: x_peak:        0.255, y_peak:       -0.805, r_peak:        0.020, sig:        7.345, ra_peak:      222.486, dec_peak:       30.585
Characteristic density local = 5307.8 deg^-2 = 1.474 arcmin^-2
Fitting aperture to hotspot...
Candidate: x_peak:        0.245, y_peak:        0.605, r_peak:        0.020, sig:        8.901, ra_peak:      222.479, dec_peak:       31.995
Characteristic density local = 5711.7 deg^-2 = 1.587 arcmin^-2
Fitting aperture to hotspot...
Candidate: x_peak:        0.375, y_peak:       -0.445, r_peak:        0.020, sig:        4.856, ra_peak:      222.627, dec_peak:       30.944
Characteristic density local = 5622.1 deg^-2 = 1.562 arcmin^-2
Fitting aperture to hotspot...
Candidate: x_peak:        0.865, y_peak:       -0.185, r_peak:        0.020, sig:        6.777, ra_peak:      223.201, dec_peak:       31.201
Distance = 39.8 kpc (m-M = 18.0)
592984 objects left after isochrone cut...
Characteristic density = 5300.0 deg^-2
Characteristic density local = 5212.3 deg^-2 = 1.448 arcmin^-2
Fitting aperture to hotspot...
Candidate: x_peak:       -0.535, y_peak:        0.365, r_peak:        0.040, sig:        4.697, ra_peak:      221.561, dec_peak:       31.753
Characteristic density local = 5480.9 deg^-2 = 1.522 arcmin^-2
Fitting aperture to hotspot...
Candidate: x_peak:       -0.485, y_peak:       -0.745, r_peak:        0.020, sig:        7.740, ra_peak:      221.626, dec_peak:       30.644
Characteristic density local = 5373.5 deg^-2 = 1.493 arcmin^-2
Fitting aperture to hotspot...
Candidate: x_peak:       -0.465, y_peak:       -0.225, r_peak:        0.040, sig:        3.744, ra_peak:      221.647, dec_peak:       31.164
Characteristic density local = 5146.7 deg^-2 = 1.430 arcmin^-2
Fitting aperture to hotspot...
Candidate: x_peak:       -0.085, y_peak:        0.725, r_peak:        0.020, sig:        7.757, ra_peak:      222.090, dec_peak:       32.115
Characteristic density local = 5747.5 deg^-2 = 1.597 arcmin^-2
Fitting aperture to hotspot...
Candidate: x_peak:        0.255, y_peak:       -0.805, r_peak:        0.020, sig:        7.349, ra_peak:      222.486, dec_peak:       30.585
Characteristic density local = 5307.8 deg^-2 = 1.474 arcmin^-2
Fitting aperture to hotspot...
Candidate: x_peak:        0.245, y_peak:        0.605, r_peak:        0.020, sig:        8.901, ra_peak:      222.479, dec_peak:       31.995
Characteristic density local = 5709.7 deg^-2 = 1.586 arcmin^-2
Fitting aperture to hotspot...
Candidate: x_peak:        0.375, y_peak:       -0.445, r_peak:        0.020, sig:        4.857, ra_peak:      222.627, dec_peak:       30.944
Characteristic density local = 5622.1 deg^-2 = 1.562 arcmin^-2
Fitting aperture to hotspot...
Candidate: x_peak:        0.865, y_peak:       -0.185, r_peak:        0.020, sig:        6.777, ra_peak:      223.201, dec_peak:       31.201
Distance = 50.1 kpc (m-M = 18.5)
592490 objects left after isochrone cut...
Characteristic density = 5300.0 deg^-2
Characteristic density local = 5186.5 deg^-2 = 1.441 arcmin^-2
Fitting aperture to hotspot...
Candidate: x_peak:       -0.535, y_peak:        0.365, r_peak:        0.040, sig:        4.726, ra_peak:      221.561, dec_peak:       31.753
Characteristic density local = 5443.1 deg^-2 = 1.512 arcmin^-2
Fitting aperture to hotspot...
Candidate: x_peak:       -0.485, y_peak:       -0.745, r_peak:        0.020, sig:        7.766, ra_peak:      221.626, dec_peak:       30.644
Characteristic density local = 5319.8 deg^-2 = 1.478 arcmin^-2
Fitting aperture to hotspot...
Candidate: x_peak:       -0.465, y_peak:       -0.225, r_peak:        0.050, sig:        3.673, ra_peak:      221.647, dec_peak:       31.164
Characteristic density local = 5140.7 deg^-2 = 1.428 arcmin^-2
Fitting aperture to hotspot...
Candidate: x_peak:       -0.085, y_peak:        0.725, r_peak:        0.020, sig:        7.761, ra_peak:      222.090, dec_peak:       32.115
Characteristic density local = 5719.6 deg^-2 = 1.589 arcmin^-2
Fitting aperture to hotspot...
Candidate: x_peak:        0.255, y_peak:       -0.805, r_peak:        0.020, sig:        7.367, ra_peak:      222.486, dec_peak:       30.585
Characteristic density local = 5297.9 deg^-2 = 1.472 arcmin^-2
Fitting aperture to hotspot...
Candidate: x_peak:        0.245, y_peak:        0.605, r_peak:        0.020, sig:        8.908, ra_peak:      222.479, dec_peak:       31.995
Characteristic density local = 5691.8 deg^-2 = 1.581 arcmin^-2
Fitting aperture to hotspot...
Candidate: x_peak:        0.375, y_peak:       -0.445, r_peak:        0.020, sig:        4.868, ra_peak:      222.627, dec_peak:       30.944
Characteristic density local = 5600.3 deg^-2 = 1.556 arcmin^-2
Fitting aperture to hotspot...
Candidate: x_peak:        0.865, y_peak:       -0.185, r_peak:        0.020, sig:        6.792, ra_peak:      223.201, dec_peak:       31.201
Distance = 63.1 kpc (m-M = 19.0)
590962 objects left after isochrone cut...
Characteristic density = 5200.0 deg^-2
Characteristic density local = 5132.7 deg^-2 = 1.426 arcmin^-2
Fitting aperture to hotspot...
Candidate: x_peak:       -0.535, y_peak:        0.365, r_peak:        0.020, sig:        4.707, ra_peak:      221.561, dec_peak:       31.753
Characteristic density local = 5371.5 deg^-2 = 1.492 arcmin^-2
Fitting aperture to hotspot...
Candidate: x_peak:       -0.485, y_peak:       -0.745, r_peak:        0.020, sig:        7.815, ra_peak:      221.626, dec_peak:       30.644
Characteristic density local = 5285.9 deg^-2 = 1.468 arcmin^-2
Fitting aperture to hotspot...
Candidate: x_peak:       -0.475, y_peak:       -0.225, r_peak:        0.040, sig:        3.996, ra_peak:      221.635, dec_peak:       31.164
Characteristic density local = 5065.1 deg^-2 = 1.407 arcmin^-2
Fitting aperture to hotspot...
Candidate: x_peak:       -0.085, y_peak:        0.725, r_peak:        0.020, sig:        7.815, ra_peak:      222.090, dec_peak:       32.115
Characteristic density local = 5638.1 deg^-2 = 1.566 arcmin^-2
Fitting aperture to hotspot...
Candidate: x_peak:        0.255, y_peak:       -0.805, r_peak:        0.020, sig:        7.421, ra_peak:      222.486, dec_peak:       30.585
Characteristic density local = 5232.2 deg^-2 = 1.453 arcmin^-2
Fitting aperture to hotspot...
Candidate: x_peak:        0.245, y_peak:        0.605, r_peak:        0.020, sig:        8.956, ra_peak:      222.479, dec_peak:       31.995
Characteristic density local = 5634.1 deg^-2 = 1.565 arcmin^-2
Fitting aperture to hotspot...
Candidate: x_peak:        0.375, y_peak:       -0.445, r_peak:        0.020, sig:        4.902, ra_peak:      222.627, dec_peak:       30.944
Characteristic density local = 5548.5 deg^-2 = 1.541 arcmin^-2
Fitting aperture to hotspot...
Candidate: x_peak:        0.865, y_peak:       -0.185, r_peak:        0.020, sig:        6.602, ra_peak:      223.201, dec_peak:       31.201
Distance = 79.4 kpc (m-M = 19.5)
588742 objects left after isochrone cut...
Characteristic density = 5100.0 deg^-2
Characteristic density local = 5043.2 deg^-2 = 1.401 arcmin^-2
Fitting aperture to hotspot...
Candidate: x_peak:       -0.525, y_peak:        0.365, r_peak:        0.030, sig:        5.140, ra_peak:      221.573, dec_peak:       31.754
Characteristic density local = 5283.9 deg^-2 = 1.468 arcmin^-2
Fitting aperture to hotspot...
Candidate: x_peak:       -0.485, y_peak:       -0.745, r_peak:        0.020, sig:        7.876, ra_peak:      221.626, dec_peak:       30.644
Characteristic density local = 5188.5 deg^-2 = 1.441 arcmin^-2
Fitting aperture to hotspot...
Candidate: x_peak:       -0.475, y_peak:       -0.225, r_peak:        0.040, sig:        4.103, ra_peak:      221.635, dec_peak:       31.164
Characteristic density local = 4983.5 deg^-2 = 1.384 arcmin^-2
Fitting aperture to hotspot...
Candidate: x_peak:       -0.085, y_peak:        0.725, r_peak:        0.020, sig:        7.874, ra_peak:      222.090, dec_peak:       32.115
Characteristic density local = 5546.5 deg^-2 = 1.541 arcmin^-2
Fitting aperture to hotspot...
Candidate: x_peak:        0.255, y_peak:       -0.805, r_peak:        0.020, sig:        7.482, ra_peak:      222.486, dec_peak:       30.585
Characteristic density local = 5152.6 deg^-2 = 1.431 arcmin^-2
Fitting aperture to hotspot...
Candidate: x_peak:        0.245, y_peak:        0.605, r_peak:        0.020, sig:        9.014, ra_peak:      222.479, dec_peak:       31.995
Characteristic density local = 5536.6 deg^-2 = 1.538 arcmin^-2
Fitting aperture to hotspot...
Candidate: x_peak:        0.375, y_peak:       -0.445, r_peak:        0.020, sig:        4.961, ra_peak:      222.627, dec_peak:       30.944
Characteristic density local = 5459.0 deg^-2 = 1.516 arcmin^-2
Fitting aperture to hotspot...
Candidate: x_peak:        0.865, y_peak:       -0.185, r_peak:        0.020, sig:        6.660, ra_peak:      223.201, dec_peak:       31.201
Distance = 100.0 kpc (m-M = 20.0)
586169 objects left after isochrone cut...
Characteristic density = 5100.0 deg^-2
Characteristic density local = 4935.8 deg^-2 = 1.371 arcmin^-2
Fitting aperture to hotspot...
Candidate: x_peak:       -0.525, y_peak:        0.365, r_peak:        0.030, sig:        5.047, ra_peak:      221.573, dec_peak:       31.754
Characteristic density local = 5160.6 deg^-2 = 1.433 arcmin^-2
Fitting aperture to hotspot...
Candidate: x_peak:       -0.485, y_peak:       -0.745, r_peak:        0.020, sig:        7.963, ra_peak:      221.626, dec_peak:       30.644
Characteristic density local = 5087.0 deg^-2 = 1.413 arcmin^-2
Fitting aperture to hotspot...
Candidate: x_peak:       -0.475, y_peak:       -0.225, r_peak:        0.040, sig:        4.217, ra_peak:      221.635, dec_peak:       31.164
Characteristic density local = 4890.0 deg^-2 = 1.358 arcmin^-2
Fitting aperture to hotspot...
Candidate: x_peak:       -0.085, y_peak:        0.725, r_peak:        0.020, sig:        7.942, ra_peak:      222.090, dec_peak:       32.115
Characteristic density local = 5441.1 deg^-2 = 1.511 arcmin^-2
Fitting aperture to hotspot...
Candidate: x_peak:        0.255, y_peak:       -0.805, r_peak:        0.020, sig:        7.553, ra_peak:      222.486, dec_peak:       30.585
Characteristic density local = 5043.2 deg^-2 = 1.401 arcmin^-2
Fitting aperture to hotspot...
Candidate: x_peak:        0.245, y_peak:        0.605, r_peak:        0.020, sig:        9.096, ra_peak:      222.479, dec_peak:       31.995
Characteristic density local = 5441.1 deg^-2 = 1.511 arcmin^-2
Fitting aperture to hotspot...
Candidate: x_peak:        0.375, y_peak:       -0.445, r_peak:        0.040, sig:        4.895, ra_peak:      222.627, dec_peak:       30.944
Characteristic density local = 5341.6 deg^-2 = 1.484 arcmin^-2
Fitting aperture to hotspot...
Candidate: x_peak:        0.865, y_peak:       -0.185, r_peak:        0.020, sig:        6.738, ra_peak:      223.201, dec_peak:       31.201
Distance = 125.9 kpc (m-M = 20.5)
582937 objects left after isochrone cut...
Characteristic density = 4900.0 deg^-2
Characteristic density local = 4828.4 deg^-2 = 1.341 arcmin^-2
Fitting aperture to hotspot...
Candidate: x_peak:       -0.525, y_peak:        0.365, r_peak:        0.030, sig:        5.146, ra_peak:      221.573, dec_peak:       31.754
Characteristic density local = 5031.3 deg^-2 = 1.398 arcmin^-2
Fitting aperture to hotspot...
Candidate: x_peak:       -0.485, y_peak:       -0.745, r_peak:        0.020, sig:        7.840, ra_peak:      221.626, dec_peak:       30.644
Characteristic density local = 4979.6 deg^-2 = 1.383 arcmin^-2
Fitting aperture to hotspot...
Candidate: x_peak:       -0.475, y_peak:       -0.225, r_peak:        0.040, sig:        4.020, ra_peak:      221.635, dec_peak:       31.164
Characteristic density local = 4736.8 deg^-2 = 1.316 arcmin^-2
Fitting aperture to hotspot...
Candidate: x_peak:       -0.085, y_peak:        0.725, r_peak:        0.020, sig:        8.057, ra_peak:      222.090, dec_peak:       32.115
Characteristic density local = 4955.7 deg^-2 = 1.377 arcmin^-2
Fitting aperture to hotspot...
Candidate: x_peak:        0.125, y_peak:       -0.155, r_peak:        0.010, sig:        4.391, ra_peak:      222.336, dec_peak:       31.235
Characteristic density local = 5331.7 deg^-2 = 1.481 arcmin^-2
Fitting aperture to hotspot...
Candidate: x_peak:        0.255, y_peak:       -0.805, r_peak:        0.020, sig:        7.628, ra_peak:      222.486, dec_peak:       30.585
Characteristic density local = 4917.9 deg^-2 = 1.366 arcmin^-2
Fitting aperture to hotspot...
Candidate: x_peak:        0.245, y_peak:        0.605, r_peak:        0.020, sig:        9.191, ra_peak:      222.479, dec_peak:       31.995
Characteristic density local = 5280.0 deg^-2 = 1.467 arcmin^-2
Fitting aperture to hotspot...
Candidate: x_peak:        0.375, y_peak:       -0.445, r_peak:        0.040, sig:        4.924, ra_peak:      222.627, dec_peak:       30.944
Characteristic density local = 5228.2 deg^-2 = 1.452 arcmin^-2
Fitting aperture to hotspot...
Candidate: x_peak:        0.865, y_peak:       -0.185, r_peak:        0.020, sig:        6.814, ra_peak:      223.201, dec_peak:       31.201
Distance = 158.5 kpc (m-M = 21.0)
579232 objects left after isochrone cut...
Characteristic density = 4800.0 deg^-2
Characteristic density local = 4896.0 deg^-2 = 1.360 arcmin^-2
Fitting aperture to hotspot...
Candidate: x_peak:       -0.485, y_peak:       -0.745, r_peak:        0.020, sig:        7.938, ra_peak:      221.626, dec_peak:       30.644
Characteristic density local = 4830.4 deg^-2 = 1.342 arcmin^-2
Fitting aperture to hotspot...
Candidate: x_peak:       -0.465, y_peak:       -0.235, r_peak:        0.040, sig:        4.191, ra_peak:      221.647, dec_peak:       31.154
Characteristic density local = 4587.6 deg^-2 = 1.274 arcmin^-2
Fitting aperture to hotspot...
Candidate: x_peak:       -0.085, y_peak:        0.725, r_peak:        0.020, sig:        8.171, ra_peak:      222.090, dec_peak:       32.115
Characteristic density local = 5178.5 deg^-2 = 1.438 arcmin^-2
Fitting aperture to hotspot...
Candidate: x_peak:        0.255, y_peak:       -0.805, r_peak:        0.020, sig:        7.735, ra_peak:      222.486, dec_peak:       30.585
Characteristic density local = 4774.6 deg^-2 = 1.326 arcmin^-2
Fitting aperture to hotspot...
Candidate: x_peak:        0.245, y_peak:        0.605, r_peak:        0.020, sig:        9.301, ra_peak:      222.479, dec_peak:       31.995
Characteristic density local = 5124.8 deg^-2 = 1.424 arcmin^-2
Fitting aperture to hotspot...
Candidate: x_peak:        0.375, y_peak:       -0.445, r_peak:        0.020, sig:        4.968, ra_peak:      222.627, dec_peak:       30.944
Characteristic density local = 5333.7 deg^-2 = 1.482 arcmin^-2
Fitting aperture to hotspot...
Candidate: x_peak:        0.455, y_peak:       -0.485, r_peak:        0.030, sig:        4.882, ra_peak:      222.720, dec_peak:       30.904
Characteristic density local = 5065.1 deg^-2 = 1.407 arcmin^-2
Fitting aperture to hotspot...
Candidate: x_peak:        0.865, y_peak:       -0.185, r_peak:        0.020, sig:        6.926, ra_peak:      223.201, dec_peak:       31.201
Distance = 199.5 kpc (m-M = 21.5)
574824 objects left after isochrone cut...
Characteristic density = 4600.0 deg^-2
Characteristic density local = 4732.9 deg^-2 = 1.315 arcmin^-2
Fitting aperture to hotspot...
Candidate: x_peak:       -0.485, y_peak:       -0.745, r_peak:        0.020, sig:        8.060, ra_peak:      221.626, dec_peak:       30.644
Characteristic density local = 4424.5 deg^-2 = 1.229 arcmin^-2
Fitting aperture to hotspot...
Candidate: x_peak:       -0.085, y_peak:        0.725, r_peak:        0.020, sig:        8.299, ra_peak:      222.090, dec_peak:       32.115
Characteristic density local = 4697.1 deg^-2 = 1.305 arcmin^-2
Fitting aperture to hotspot...
Candidate: x_peak:        0.055, y_peak:       -0.145, r_peak:        0.030, sig:        3.657, ra_peak:      222.254, dec_peak:       31.245
Characteristic density local = 4627.4 deg^-2 = 1.285 arcmin^-2
Fitting aperture to hotspot...
Candidate: x_peak:        0.125, y_peak:       -0.155, r_peak:        0.030, sig:        4.343, ra_peak:      222.336, dec_peak:       31.235
Characteristic density local = 4975.6 deg^-2 = 1.382 arcmin^-2
Fitting aperture to hotspot...
Candidate: x_peak:        0.255, y_peak:       -0.805, r_peak:        0.020, sig:        7.880, ra_peak:      222.486, dec_peak:       30.585
Characteristic density local = 4595.6 deg^-2 = 1.277 arcmin^-2
Fitting aperture to hotspot...
Candidate: x_peak:        0.245, y_peak:        0.605, r_peak:        0.020, sig:        9.444, ra_peak:      222.479, dec_peak:       31.995
Characteristic density local = 4933.8 deg^-2 = 1.371 arcmin^-2
Fitting aperture to hotspot...
Candidate: x_peak:        0.375, y_peak:       -0.445, r_peak:        0.020, sig:        5.092, ra_peak:      222.627, dec_peak:       30.944
Characteristic density local = 4898.0 deg^-2 = 1.361 arcmin^-2
Fitting aperture to hotspot...
Candidate: x_peak:        0.865, y_peak:       -0.185, r_peak:        0.020, sig:        7.044, ra_peak:      223.201, dec_peak:       31.201
Distance = 251.2 kpc (m-M = 22.0)
569478 objects left after isochrone cut...
Characteristic density = 4400.0 deg^-2
Characteristic density local = 4526.0 deg^-2 = 1.257 arcmin^-2
Fitting aperture to hotspot...
Candidate: x_peak:       -0.485, y_peak:       -0.745, r_peak:        0.020, sig:        8.219, ra_peak:      221.626, dec_peak:       30.644
Characteristic density local = 4219.6 deg^-2 = 1.172 arcmin^-2
Fitting aperture to hotspot...
Candidate: x_peak:       -0.085, y_peak:        0.725, r_peak:        0.020, sig:        8.465, ra_peak:      222.090, dec_peak:       32.115
Characteristic density local = 4398.6 deg^-2 = 1.222 arcmin^-2
Fitting aperture to hotspot...
Candidate: x_peak:        0.125, y_peak:       -0.155, r_peak:        0.030, sig:        4.559, ra_peak:      222.336, dec_peak:       31.235
Characteristic density local = 4414.6 deg^-2 = 1.226 arcmin^-2
Fitting aperture to hotspot...
Candidate: x_peak:        0.245, y_peak:        0.605, r_peak:        0.020, sig:        9.592, ra_peak:      222.479, dec_peak:       31.995
Characteristic density local = 4740.8 deg^-2 = 1.317 arcmin^-2
Fitting aperture to hotspot...
Candidate: x_peak:        0.255, y_peak:       -0.805, r_peak:        0.020, sig:        8.054, ra_peak:      222.486, dec_peak:       30.585
Characteristic density local = 4713.0 deg^-2 = 1.309 arcmin^-2
Fitting aperture to hotspot...
Candidate: x_peak:        0.375, y_peak:       -0.445, r_peak:        0.020, sig:        4.981, ra_peak:      222.627, dec_peak:       30.944
Characteristic density local = 4925.8 deg^-2 = 1.368 arcmin^-2
Fitting aperture to hotspot...
Candidate: x_peak:        0.455, y_peak:       -0.485, r_peak:        0.030, sig:        4.863, ra_peak:      222.720, dec_peak:       30.904
Characteristic density local = 4677.2 deg^-2 = 1.299 arcmin^-2
Fitting aperture to hotspot...
Candidate: x_peak:        0.865, y_peak:       -0.185, r_peak:        0.020, sig:        7.204, ra_peak:      223.201, dec_peak:       31.201
Distance = 316.2 kpc (m-M = 22.5)
563240 objects left after isochrone cut...
Characteristic density = 4200.0 deg^-2
Characteristic density local = 4257.4 deg^-2 = 1.183 arcmin^-2
Fitting aperture to hotspot...
Candidate: x_peak:       -0.485, y_peak:       -0.745, r_peak:        0.020, sig:        8.434, ra_peak:      221.626, dec_peak:       30.644
Characteristic density local = 3953.0 deg^-2 = 1.098 arcmin^-2
Fitting aperture to hotspot...
Candidate: x_peak:       -0.085, y_peak:        0.725, r_peak:        0.020, sig:        8.465, ra_peak:      222.090, dec_peak:       32.115
Characteristic density local = 4436.4 deg^-2 = 1.232 arcmin^-2
Fitting aperture to hotspot...
Candidate: x_peak:        0.255, y_peak:       -0.805, r_peak:        0.020, sig:        8.289, ra_peak:      222.486, dec_peak:       30.585
Characteristic density local = 4148.0 deg^-2 = 1.152 arcmin^-2
Fitting aperture to hotspot...
Candidate: x_peak:        0.245, y_peak:        0.605, r_peak:        0.020, sig:        9.181, ra_peak:      222.479, dec_peak:       31.995
Characteristic density local = 4472.3 deg^-2 = 1.242 arcmin^-2
Fitting aperture to hotspot...
Candidate: x_peak:        0.375, y_peak:       -0.445, r_peak:        0.040, sig:        4.940, ra_peak:      222.627, dec_peak:       30.944
Characteristic density local = 4693.1 deg^-2 = 1.304 arcmin^-2
Fitting aperture to hotspot...
Candidate: x_peak:        0.455, y_peak:       -0.485, r_peak:        0.030, sig:        5.079, ra_peak:      222.720, dec_peak:       30.904
Characteristic density local = 4416.5 deg^-2 = 1.227 arcmin^-2
Fitting aperture to hotspot...
Candidate: x_peak:        0.865, y_peak:       -0.185, r_peak:        0.020, sig:        7.401, ra_peak:      223.201, dec_peak:       31.201
Distance = 398.1 kpc (m-M = 23.0)
555467 objects left after isochrone cut...
Characteristic density = 3900.0 deg^-2
Characteristic density local = 3976.9 deg^-2 = 1.105 arcmin^-2
Fitting aperture to hotspot...
Candidate: x_peak:       -0.485, y_peak:       -0.745, r_peak:        0.020, sig:        8.670, ra_peak:      221.626, dec_peak:       30.644
Characteristic density local = 3702.3 deg^-2 = 1.028 arcmin^-2
Fitting aperture to hotspot...
Candidate: x_peak:       -0.085, y_peak:        0.725, r_peak:        0.020, sig:        8.686, ra_peak:      222.090, dec_peak:       32.115
Characteristic density local = 3875.4 deg^-2 = 1.077 arcmin^-2
Fitting aperture to hotspot...
Candidate: x_peak:        0.245, y_peak:        0.605, r_peak:        0.020, sig:        9.421, ra_peak:      222.479, dec_peak:       31.995
Characteristic density local = 4150.0 deg^-2 = 1.153 arcmin^-2
Fitting aperture to hotspot...
Candidate: x_peak:        0.255, y_peak:       -0.805, r_peak:        0.020, sig:        8.523, ra_peak:      222.486, dec_peak:       30.585
Characteristic density local = 4155.9 deg^-2 = 1.154 arcmin^-2
Fitting aperture to hotspot...
Candidate: x_peak:        0.375, y_peak:       -0.445, r_peak:        0.040, sig:        5.340, ra_peak:      222.627, dec_peak:       30.944
Characteristic density local = 4104.2 deg^-2 = 1.140 arcmin^-2
Fitting aperture to hotspot...
Candidate: x_peak:        0.405, y_peak:       -0.925, r_peak:        0.210, sig:        5.342, ra_peak:      222.660, dec_peak:       30.464
Characteristic density local = 4096.3 deg^-2 = 1.138 arcmin^-2
Fitting aperture to hotspot...
Candidate: x_peak:        0.865, y_peak:       -0.185, r_peak:        0.020, sig:        7.655, ra_peak:      223.201, dec_peak:       31.201
9.59 sigma; (RA, Dec, d) = (222.48, 31.99); r = 0.02 deg; d = 251.2, mu = 22.00 mag), mc_source_id: 0.00
8.69 sigma; (RA, Dec, d) = (222.09, 32.11); r = 0.02 deg; d = 398.1, mu = 23.00 mag), mc_source_id: 0.00
8.67 sigma; (RA, Dec, d) = (221.63, 30.64); r = 0.02 deg; d = 398.1, mu = 23.00 mag), mc_source_id: 0.00
8.52 sigma; (RA, Dec, d) = (222.49, 30.58); r = 0.02 deg; d = 398.1, mu = 23.00 mag), mc_source_id: 0.00
7.66 sigma; (RA, Dec, d) = (223.20, 31.20); r = 0.02 deg; d = 398.1, mu = 23.00 mag), mc_source_id: 0.00
5.34 sigma; (RA, Dec, d) = (222.66, 30.46); r = 0.21 deg; d = 398.1, mu = 23.00 mag), mc_source_id: 0.00
5.34 sigma; (RA, Dec, d) = (222.63, 30.94); r = 0.04 deg; d = 398.1, mu = 23.00 mag), mc_source_id: 0.00
5.15 sigma; (RA, Dec, d) = (221.57, 31.75); r = 0.03 deg; d = 125.9, mu = 20.50 mag), mc_source_id: 0.00
5.08 sigma; (RA, Dec, d) = (222.72, 30.90); r = 0.03 deg; d = 316.2, mu = 22.50 mag), mc_source_id: 0.00
4.56 sigma; (RA, Dec, d) = (222.34, 31.23); r = 0.03 deg; d = 251.2, mu = 22.00 mag), mc_source_id: 0.00
4.22 sigma; (RA, Dec, d) = (221.63, 31.16); r = 0.04 deg; d = 100.0, mu = 20.00 mag), mc_source_id: 0.00
3.66 sigma; (RA, Dec, d) = (222.25, 31.24); r = 0.03 deg; d = 199.5, mu = 21.50 mag), mc_source_id: 0.00

------------------------------------------------------------
Job <678834.0> was submitted from <des51.fnal.gov> by user <tavangar>.
Job was executed on host <des40.fnal.gov> as user <tavangar>.
</var/lib/condor/execute/dir_1637933> was used as the initial working directory.
Results reported at Wed Jun  5 01:38:43 CDT 2019

Your job looked like:

------------------------------------------------------------
python /home/s1/tavangar/tavangar_simple/search_algorithm.py 222.19 31.39 0.00 /home/s1/tavangar/tavangar_simple/decals_dr7_results/results_nside_32_2959.csv /home/s1/tavangar/tavangar_simple/decals_dr7_results/decals_dr7_log/results_nside_32_2959.log
------------------------------------------------------------

Successfully completed.

Resource usage summary:

	Real time :			211.01 sec.
	CPU time :			6.38 sec.
	CPU percentage :		86%
	Max Memory :			5094256 KB
	Average Memory :		0 KB

The output (if any) is above this job summary.
