/home/s1/tavangar/tavangar_simple/simple_utils.py:170: FutureWarning: elementwise comparison failed; returning scalar instead, but in the future will perform elementwise comparison
  if np.all(isochrone.stage == 'Main'):
Search coordinates: (RA, Dec) = (337.50, 3.58)
Center healpixel: 5816
Healpixels: [5816 5943 5815 5687 5560 5688 5817 5944 6072]
MC_SOURCE_ID = 0.0
mode = 0: running only on real data
Found 1 objects...
Applying cuts...
771450 star-like objects in ROI...
942228 galaxy-like objects in ROI...
No fracdet map specified ...
Distance = 15.8 kpc (m-M = 16.0)
771426 objects left after isochrone cut...
Characteristic density = 6700.0 deg^-2
Characteristic density local = 7289.3 deg^-2 = 2.025 arcmin^-2
Fitting aperture to hotspot...
Candidate: x_peak:       -1.395, y_peak:        0.005, r_peak:        0.020, sig:        0.167, ra_peak:      336.102, dec_peak:        3.584
Characteristic density local = 7132.1 deg^-2 = 1.981 arcmin^-2
Fitting aperture to hotspot...
Candidate: x_peak:       -0.005, y_peak:        0.855, r_peak:        0.040, sig:       26.199, ra_peak:      337.495, dec_peak:        4.435
Characteristic density local = 7364.9 deg^-2 = 2.046 arcmin^-2
Fitting aperture to hotspot...
Candidate: x_peak:       -0.855, y_peak:        0.395, r_peak:        0.030, sig:        1.429, ra_peak:      336.643, dec_peak:        3.975
Characteristic density local = 7046.6 deg^-2 = 1.957 arcmin^-2
Fitting aperture to hotspot...
Candidate: x_peak:       -0.735, y_peak:       -0.545, r_peak:        0.020, sig:        2.610, ra_peak:      336.764, dec_peak:        3.035
Characteristic density local = 8453.1 deg^-2 = 2.348 arcmin^-2
Fitting aperture to hotspot...
Candidate: x_peak:       -0.385, y_peak:        0.865, r_peak:        0.010, sig:        0.000, ra_peak:      337.114, dec_peak:        4.445
Characteristic density local = 8268.1 deg^-2 = 2.297 arcmin^-2
Fitting aperture to hotspot...
Candidate: x_peak:       -0.365, y_peak:        0.885, r_peak:        0.010, sig:        0.000, ra_peak:      337.134, dec_peak:        4.465
Characteristic density local = 8015.4 deg^-2 = 2.227 arcmin^-2
Fitting aperture to hotspot...
Candidate: x_peak:       -0.345, y_peak:        0.905, r_peak:        0.290, sig:        1.016, ra_peak:      337.154, dec_peak:        4.485
Characteristic density local = 7581.7 deg^-2 = 2.106 arcmin^-2
Fitting aperture to hotspot...
Candidate: x_peak:       -0.025, y_peak:        1.085, r_peak:        0.260, sig:        3.816, ra_peak:      337.475, dec_peak:        4.665
Characteristic density local = 7534.0 deg^-2 = 2.093 arcmin^-2
Fitting aperture to hotspot...
Candidate: x_peak:        0.005, y_peak:        1.195, r_peak:        0.010, sig:        0.791, ra_peak:      337.505, dec_peak:        4.775
Distance = 20.0 kpc (m-M = 16.5)
771444 objects left after isochrone cut...
Characteristic density = 6700.0 deg^-2
Characteristic density local = 7289.3 deg^-2 = 2.025 arcmin^-2
Fitting aperture to hotspot...
Candidate: x_peak:       -1.395, y_peak:        0.005, r_peak:        0.020, sig:        0.167, ra_peak:      336.102, dec_peak:        3.584
Characteristic density local = 7132.1 deg^-2 = 1.981 arcmin^-2
Fitting aperture to hotspot...
Candidate: x_peak:       -0.005, y_peak:        0.855, r_peak:        0.040, sig:       26.199, ra_peak:      337.495, dec_peak:        4.435
Characteristic density local = 7364.9 deg^-2 = 2.046 arcmin^-2
Fitting aperture to hotspot...
Candidate: x_peak:       -0.855, y_peak:        0.395, r_peak:        0.030, sig:        1.429, ra_peak:      336.643, dec_peak:        3.975
Characteristic density local = 7046.6 deg^-2 = 1.957 arcmin^-2
Fitting aperture to hotspot...
Candidate: x_peak:       -0.735, y_peak:       -0.545, r_peak:        0.020, sig:        2.610, ra_peak:      336.764, dec_peak:        3.035
Characteristic density local = 8453.1 deg^-2 = 2.348 arcmin^-2
Fitting aperture to hotspot...
Candidate: x_peak:       -0.385, y_peak:        0.865, r_peak:        0.010, sig:        0.000, ra_peak:      337.114, dec_peak:        4.445
Characteristic density local = 8268.1 deg^-2 = 2.297 arcmin^-2
Fitting aperture to hotspot...
Candidate: x_peak:       -0.365, y_peak:        0.885, r_peak:        0.010, sig:        0.000, ra_peak:      337.134, dec_peak:        4.465
Characteristic density local = 8015.4 deg^-2 = 2.227 arcmin^-2
Fitting aperture to hotspot...
Candidate: x_peak:       -0.345, y_peak:        0.905, r_peak:        0.290, sig:        1.016, ra_peak:      337.154, dec_peak:        4.485
Characteristic density local = 7581.7 deg^-2 = 2.106 arcmin^-2
Fitting aperture to hotspot...
Candidate: x_peak:       -0.025, y_peak:        1.085, r_peak:        0.260, sig:        3.816, ra_peak:      337.475, dec_peak:        4.665
Characteristic density local = 7534.0 deg^-2 = 2.093 arcmin^-2
Fitting aperture to hotspot...
Candidate: x_peak:        0.005, y_peak:        1.195, r_peak:        0.010, sig:        0.791, ra_peak:      337.505, dec_peak:        4.775
Distance = 25.1 kpc (m-M = 17.0)
771448 objects left after isochrone cut...
Characteristic density = 6700.0 deg^-2
Characteristic density local = 7289.3 deg^-2 = 2.025 arcmin^-2
Fitting aperture to hotspot...
Candidate: x_peak:       -1.395, y_peak:        0.005, r_peak:        0.020, sig:        0.167, ra_peak:      336.102, dec_peak:        3.584
Characteristic density local = 7132.1 deg^-2 = 1.981 arcmin^-2
Fitting aperture to hotspot...
Candidate: x_peak:       -0.005, y_peak:        0.855, r_peak:        0.040, sig:       26.199, ra_peak:      337.495, dec_peak:        4.435
Characteristic density local = 7364.9 deg^-2 = 2.046 arcmin^-2
Fitting aperture to hotspot...
Candidate: x_peak:       -0.855, y_peak:        0.395, r_peak:        0.030, sig:        1.429, ra_peak:      336.643, dec_peak:        3.975
Characteristic density local = 7046.6 deg^-2 = 1.957 arcmin^-2
Fitting aperture to hotspot...
Candidate: x_peak:       -0.735, y_peak:       -0.545, r_peak:        0.020, sig:        2.610, ra_peak:      336.764, dec_peak:        3.035
Characteristic density local = 8453.1 deg^-2 = 2.348 arcmin^-2
Fitting aperture to hotspot...
Candidate: x_peak:       -0.385, y_peak:        0.865, r_peak:        0.010, sig:        0.000, ra_peak:      337.114, dec_peak:        4.445
Characteristic density local = 8268.1 deg^-2 = 2.297 arcmin^-2
Fitting aperture to hotspot...
Candidate: x_peak:       -0.365, y_peak:        0.885, r_peak:        0.010, sig:        0.000, ra_peak:      337.134, dec_peak:        4.465
Characteristic density local = 8015.4 deg^-2 = 2.227 arcmin^-2
Fitting aperture to hotspot...
Candidate: x_peak:       -0.345, y_peak:        0.905, r_peak:        0.290, sig:        1.016, ra_peak:      337.154, dec_peak:        4.485
Characteristic density local = 7581.7 deg^-2 = 2.106 arcmin^-2
Fitting aperture to hotspot...
Candidate: x_peak:       -0.025, y_peak:        1.085, r_peak:        0.260, sig:        3.816, ra_peak:      337.475, dec_peak:        4.665
Characteristic density local = 7534.0 deg^-2 = 2.093 arcmin^-2
Fitting aperture to hotspot...
Candidate: x_peak:        0.005, y_peak:        1.195, r_peak:        0.010, sig:        0.791, ra_peak:      337.505, dec_peak:        4.775
Distance = 31.6 kpc (m-M = 17.5)
771450 objects left after isochrone cut...
Characteristic density = 6700.0 deg^-2
Characteristic density local = 7289.3 deg^-2 = 2.025 arcmin^-2
Fitting aperture to hotspot...
Candidate: x_peak:       -1.395, y_peak:        0.005, r_peak:        0.020, sig:        0.167, ra_peak:      336.102, dec_peak:        3.584
Characteristic density local = 7132.1 deg^-2 = 1.981 arcmin^-2
Fitting aperture to hotspot...
Candidate: x_peak:       -0.005, y_peak:        0.855, r_peak:        0.040, sig:       26.199, ra_peak:      337.495, dec_peak:        4.435
Characteristic density local = 7364.9 deg^-2 = 2.046 arcmin^-2
Fitting aperture to hotspot...
Candidate: x_peak:       -0.855, y_peak:        0.395, r_peak:        0.030, sig:        1.429, ra_peak:      336.643, dec_peak:        3.975
Characteristic density local = 7046.6 deg^-2 = 1.957 arcmin^-2
Fitting aperture to hotspot...
Candidate: x_peak:       -0.735, y_peak:       -0.545, r_peak:        0.020, sig:        2.610, ra_peak:      336.764, dec_peak:        3.035
Characteristic density local = 8453.1 deg^-2 = 2.348 arcmin^-2
Fitting aperture to hotspot...
Candidate: x_peak:       -0.385, y_peak:        0.865, r_peak:        0.010, sig:        0.000, ra_peak:      337.114, dec_peak:        4.445
Characteristic density local = 8268.1 deg^-2 = 2.297 arcmin^-2
Fitting aperture to hotspot...
Candidate: x_peak:       -0.365, y_peak:        0.885, r_peak:        0.010, sig:        0.000, ra_peak:      337.134, dec_peak:        4.465
Characteristic density local = 8015.4 deg^-2 = 2.227 arcmin^-2
Fitting aperture to hotspot...
Candidate: x_peak:       -0.345, y_peak:        0.905, r_peak:        0.290, sig:        1.016, ra_peak:      337.154, dec_peak:        4.485
Characteristic density local = 7581.7 deg^-2 = 2.106 arcmin^-2
Fitting aperture to hotspot...
Candidate: x_peak:       -0.025, y_peak:        1.085, r_peak:        0.260, sig:        3.816, ra_peak:      337.475, dec_peak:        4.665
Characteristic density local = 7534.0 deg^-2 = 2.093 arcmin^-2
Fitting aperture to hotspot...
Candidate: x_peak:        0.005, y_peak:        1.195, r_peak:        0.010, sig:        0.791, ra_peak:      337.505, dec_peak:        4.775
Distance = 39.8 kpc (m-M = 18.0)
771411 objects left after isochrone cut...
Characteristic density = 6700.0 deg^-2
Characteristic density local = 7287.3 deg^-2 = 2.024 arcmin^-2
Fitting aperture to hotspot...
Candidate: x_peak:       -1.395, y_peak:        0.005, r_peak:        0.020, sig:        0.168, ra_peak:      336.102, dec_peak:        3.584
Characteristic density local = 7132.1 deg^-2 = 1.981 arcmin^-2
Fitting aperture to hotspot...
Candidate: x_peak:       -0.005, y_peak:        0.855, r_peak:        0.040, sig:       26.199, ra_peak:      337.495, dec_peak:        4.435
Characteristic density local = 7362.9 deg^-2 = 2.045 arcmin^-2
Fitting aperture to hotspot...
Candidate: x_peak:       -0.855, y_peak:        0.395, r_peak:        0.030, sig:        1.430, ra_peak:      336.643, dec_peak:        3.975
Characteristic density local = 7044.6 deg^-2 = 1.957 arcmin^-2
Fitting aperture to hotspot...
Candidate: x_peak:       -0.735, y_peak:       -0.545, r_peak:        0.020, sig:        2.611, ra_peak:      336.764, dec_peak:        3.035
Characteristic density local = 8453.1 deg^-2 = 2.348 arcmin^-2
Fitting aperture to hotspot...
Candidate: x_peak:       -0.385, y_peak:        0.865, r_peak:        0.010, sig:        0.000, ra_peak:      337.114, dec_peak:        4.445
Characteristic density local = 8268.1 deg^-2 = 2.297 arcmin^-2
Fitting aperture to hotspot...
Candidate: x_peak:       -0.365, y_peak:        0.885, r_peak:        0.010, sig:        0.000, ra_peak:      337.134, dec_peak:        4.465
Characteristic density local = 8015.4 deg^-2 = 2.227 arcmin^-2
Fitting aperture to hotspot...
Candidate: x_peak:       -0.345, y_peak:        0.905, r_peak:        0.290, sig:        1.016, ra_peak:      337.154, dec_peak:        4.485
Characteristic density local = 7581.7 deg^-2 = 2.106 arcmin^-2
Fitting aperture to hotspot...
Candidate: x_peak:       -0.025, y_peak:        1.085, r_peak:        0.260, sig:        3.816, ra_peak:      337.475, dec_peak:        4.665
Characteristic density local = 7534.0 deg^-2 = 2.093 arcmin^-2
Fitting aperture to hotspot...
Candidate: x_peak:        0.005, y_peak:        1.195, r_peak:        0.010, sig:        0.791, ra_peak:      337.505, dec_peak:        4.775
Distance = 50.1 kpc (m-M = 18.5)
770774 objects left after isochrone cut...
Characteristic density = 6700.0 deg^-2
Characteristic density local = 7062.5 deg^-2 = 1.962 arcmin^-2
Fitting aperture to hotspot...
Candidate: x_peak:       -1.115, y_peak:        0.185, r_peak:        0.060, sig:        4.242, ra_peak:      336.383, dec_peak:        3.764
Characteristic density local = 6809.8 deg^-2 = 1.892 arcmin^-2
Fitting aperture to hotspot...
Candidate: x_peak:       -0.075, y_peak:       -1.005, r_peak:        0.040, sig:        4.629, ra_peak:      337.425, dec_peak:        2.575
Characteristic density local = 7104.3 deg^-2 = 1.973 arcmin^-2
Fitting aperture to hotspot...
Candidate: x_peak:       -0.005, y_peak:        0.855, r_peak:        0.040, sig:       26.237, ra_peak:      337.495, dec_peak:        4.435
Characteristic density local = 7122.2 deg^-2 = 1.978 arcmin^-2
Fitting aperture to hotspot...
Candidate: x_peak:        0.165, y_peak:        0.755, r_peak:        0.020, sig:       11.187, ra_peak:      337.665, dec_peak:        4.335
Characteristic density local = 7006.8 deg^-2 = 1.946 arcmin^-2
Fitting aperture to hotspot...
Candidate: x_peak:        0.145, y_peak:       -1.025, r_peak:        0.030, sig:        5.295, ra_peak:      337.645, dec_peak:        2.555
Characteristic density local = 7086.4 deg^-2 = 1.968 arcmin^-2
Fitting aperture to hotspot...
Candidate: x_peak:        0.485, y_peak:        0.275, r_peak:        0.020, sig:        8.901, ra_peak:      337.986, dec_peak:        3.855
Characteristic density local = 7006.8 deg^-2 = 1.946 arcmin^-2
Fitting aperture to hotspot...
Candidate: x_peak:        0.685, y_peak:       -0.575, r_peak:        0.020, sig:       11.767, ra_peak:      338.186, dec_peak:        3.005
Characteristic density local = 7046.6 deg^-2 = 1.957 arcmin^-2
Fitting aperture to hotspot...
Candidate: x_peak:        0.675, y_peak:        0.335, r_peak:        0.010, sig:        5.200, ra_peak:      338.177, dec_peak:        3.915
Characteristic density local = 7279.3 deg^-2 = 2.022 arcmin^-2
Fitting aperture to hotspot...
Candidate: x_peak:        1.085, y_peak:        0.165, r_peak:        0.020, sig:        7.839, ra_peak:      338.587, dec_peak:        3.744
Distance = 63.1 kpc (m-M = 19.0)
768898 objects left after isochrone cut...
Characteristic density = 6600.0 deg^-2
Characteristic density local = 6980.9 deg^-2 = 1.939 arcmin^-2
Fitting aperture to hotspot...
Candidate: x_peak:       -1.115, y_peak:        0.185, r_peak:        0.060, sig:        4.256, ra_peak:      336.383, dec_peak:        3.764
Characteristic density local = 6760.1 deg^-2 = 1.878 arcmin^-2
Fitting aperture to hotspot...
Candidate: x_peak:       -0.075, y_peak:       -1.005, r_peak:        0.040, sig:        4.539, ra_peak:      337.425, dec_peak:        2.575
Characteristic density local = 6990.9 deg^-2 = 1.942 arcmin^-2
Fitting aperture to hotspot...
Candidate: x_peak:       -0.005, y_peak:        0.855, r_peak:        0.040, sig:       26.390, ra_peak:      337.495, dec_peak:        4.435
Characteristic density local = 7024.7 deg^-2 = 1.951 arcmin^-2
Fitting aperture to hotspot...
Candidate: x_peak:        0.165, y_peak:        0.755, r_peak:        0.020, sig:       11.250, ra_peak:      337.665, dec_peak:        4.335
Characteristic density local = 6965.0 deg^-2 = 1.935 arcmin^-2
Fitting aperture to hotspot...
Candidate: x_peak:        0.145, y_peak:       -1.025, r_peak:        0.030, sig:        5.326, ra_peak:      337.645, dec_peak:        2.555
Characteristic density local = 6982.9 deg^-2 = 1.940 arcmin^-2
Fitting aperture to hotspot...
Candidate: x_peak:        0.485, y_peak:        0.265, r_peak:        0.020, sig:        8.587, ra_peak:      337.986, dec_peak:        3.845
Characteristic density local = 6929.2 deg^-2 = 1.925 arcmin^-2
Fitting aperture to hotspot...
Candidate: x_peak:        0.685, y_peak:       -0.575, r_peak:        0.020, sig:       11.818, ra_peak:      338.186, dec_peak:        3.005
Characteristic density local = 7106.3 deg^-2 = 1.974 arcmin^-2
Fitting aperture to hotspot...
Candidate: x_peak:        0.965, y_peak:        0.295, r_peak:        0.010, sig:        4.458, ra_peak:      338.467, dec_peak:        3.874
Characteristic density local = 7167.9 deg^-2 = 1.991 arcmin^-2
Fitting aperture to hotspot...
Candidate: x_peak:        1.085, y_peak:        0.165, r_peak:        0.020, sig:        7.903, ra_peak:      338.587, dec_peak:        3.744
Distance = 79.4 kpc (m-M = 19.5)
765399 objects left after isochrone cut...
Characteristic density = 6500.0 deg^-2
Characteristic density local = 6801.9 deg^-2 = 1.889 arcmin^-2
Fitting aperture to hotspot...
Candidate: x_peak:       -1.115, y_peak:        0.185, r_peak:        0.060, sig:        4.405, ra_peak:      336.383, dec_peak:        3.764
Characteristic density local = 6634.8 deg^-2 = 1.843 arcmin^-2
Fitting aperture to hotspot...
Candidate: x_peak:       -0.075, y_peak:       -1.005, r_peak:        0.040, sig:        4.522, ra_peak:      337.425, dec_peak:        2.575
Characteristic density local = 6851.6 deg^-2 = 1.903 arcmin^-2
Fitting aperture to hotspot...
Candidate: x_peak:       -0.005, y_peak:        0.855, r_peak:        0.040, sig:       26.580, ra_peak:      337.495, dec_peak:        4.435
Characteristic density local = 6865.5 deg^-2 = 1.907 arcmin^-2
Fitting aperture to hotspot...
Candidate: x_peak:        0.165, y_peak:        0.755, r_peak:        0.020, sig:       11.353, ra_peak:      337.665, dec_peak:        4.335
Characteristic density local = 6927.2 deg^-2 = 1.924 arcmin^-2
Fitting aperture to hotspot...
Candidate: x_peak:        0.145, y_peak:       -1.035, r_peak:        0.040, sig:        4.516, ra_peak:      337.645, dec_peak:        2.545
Characteristic density local = 6873.5 deg^-2 = 1.909 arcmin^-2
Fitting aperture to hotspot...
Candidate: x_peak:        0.485, y_peak:        0.275, r_peak:        0.020, sig:        9.030, ra_peak:      337.986, dec_peak:        3.855
Characteristic density local = 6791.9 deg^-2 = 1.887 arcmin^-2
Fitting aperture to hotspot...
Candidate: x_peak:        0.685, y_peak:       -0.575, r_peak:        0.020, sig:       11.909, ra_peak:      338.186, dec_peak:        3.005
Characteristic density local = 6831.7 deg^-2 = 1.898 arcmin^-2
Fitting aperture to hotspot...
Candidate: x_peak:        0.675, y_peak:        0.345, r_peak:        0.030, sig:        4.578, ra_peak:      338.177, dec_peak:        3.925
Characteristic density local = 7026.7 deg^-2 = 1.952 arcmin^-2
Fitting aperture to hotspot...
Candidate: x_peak:        1.085, y_peak:        0.165, r_peak:        0.020, sig:        7.985, ra_peak:      338.587, dec_peak:        3.744
Distance = 100.0 kpc (m-M = 20.0)
760969 objects left after isochrone cut...
Characteristic density = 6400.0 deg^-2
Characteristic density local = 6620.8 deg^-2 = 1.839 arcmin^-2
Fitting aperture to hotspot...
Candidate: x_peak:       -1.115, y_peak:        0.185, r_peak:        0.060, sig:        4.162, ra_peak:      336.383, dec_peak:        3.764
Characteristic density local = 6501.5 deg^-2 = 1.806 arcmin^-2
Fitting aperture to hotspot...
Candidate: x_peak:       -0.075, y_peak:       -1.005, r_peak:        0.040, sig:        4.371, ra_peak:      337.425, dec_peak:        2.575
Characteristic density local = 6682.5 deg^-2 = 1.856 arcmin^-2
Fitting aperture to hotspot...
Candidate: x_peak:       -0.005, y_peak:        0.855, r_peak:        0.040, sig:       26.816, ra_peak:      337.495, dec_peak:        4.435
Characteristic density local = 6678.5 deg^-2 = 1.855 arcmin^-2
Fitting aperture to hotspot...
Candidate: x_peak:        0.165, y_peak:        0.755, r_peak:        0.020, sig:       11.477, ra_peak:      337.665, dec_peak:        4.335
Characteristic density local = 6764.1 deg^-2 = 1.879 arcmin^-2
Fitting aperture to hotspot...
Candidate: x_peak:        0.145, y_peak:       -1.035, r_peak:        0.040, sig:        4.396, ra_peak:      337.645, dec_peak:        2.545
Characteristic density local = 6690.5 deg^-2 = 1.858 arcmin^-2
Fitting aperture to hotspot...
Candidate: x_peak:        0.485, y_peak:        0.275, r_peak:        0.020, sig:        9.144, ra_peak:      337.986, dec_peak:        3.855
Characteristic density local = 6644.7 deg^-2 = 1.846 arcmin^-2
Fitting aperture to hotspot...
Candidate: x_peak:        0.685, y_peak:       -0.575, r_peak:        0.020, sig:       12.009, ra_peak:      338.186, dec_peak:        3.005
Characteristic density local = 6857.6 deg^-2 = 1.905 arcmin^-2
Fitting aperture to hotspot...
Candidate: x_peak:        1.085, y_peak:        0.165, r_peak:        0.020, sig:        7.889, ra_peak:      338.587, dec_peak:        3.744
Distance = 125.9 kpc (m-M = 20.5)
755703 objects left after isochrone cut...
Characteristic density = 6200.0 deg^-2
Characteristic density local = 6417.9 deg^-2 = 1.783 arcmin^-2
Fitting aperture to hotspot...
Candidate: x_peak:       -1.115, y_peak:        0.185, r_peak:        0.060, sig:        4.249, ra_peak:      336.383, dec_peak:        3.764
Characteristic density local = 6312.5 deg^-2 = 1.753 arcmin^-2
Fitting aperture to hotspot...
Candidate: x_peak:       -0.075, y_peak:       -1.005, r_peak:        0.040, sig:        4.417, ra_peak:      337.425, dec_peak:        2.575
Characteristic density local = 6513.4 deg^-2 = 1.809 arcmin^-2
Fitting aperture to hotspot...
Candidate: x_peak:       -0.005, y_peak:        0.855, r_peak:        0.040, sig:       27.056, ra_peak:      337.495, dec_peak:        4.435
Characteristic density local = 6485.6 deg^-2 = 1.802 arcmin^-2
Fitting aperture to hotspot...
Candidate: x_peak:        0.165, y_peak:        0.755, r_peak:        0.020, sig:       11.608, ra_peak:      337.665, dec_peak:        4.335
Characteristic density local = 6561.2 deg^-2 = 1.823 arcmin^-2
Fitting aperture to hotspot...
Candidate: x_peak:        0.145, y_peak:       -1.035, r_peak:        0.030, sig:        4.254, ra_peak:      337.645, dec_peak:        2.545
Characteristic density local = 6503.5 deg^-2 = 1.807 arcmin^-2
Fitting aperture to hotspot...
Candidate: x_peak:        0.485, y_peak:        0.275, r_peak:        0.020, sig:        9.073, ra_peak:      337.986, dec_peak:        3.855
Characteristic density local = 6429.9 deg^-2 = 1.786 arcmin^-2
Fitting aperture to hotspot...
Candidate: x_peak:        0.685, y_peak:       -0.575, r_peak:        0.020, sig:       12.157, ra_peak:      338.186, dec_peak:        3.005
Characteristic density local = 6477.6 deg^-2 = 1.799 arcmin^-2
Fitting aperture to hotspot...
Candidate: x_peak:        0.675, y_peak:        0.335, r_peak:        0.010, sig:        5.385, ra_peak:      338.177, dec_peak:        3.915
Characteristic density local = 6684.5 deg^-2 = 1.857 arcmin^-2
Fitting aperture to hotspot...
Candidate: x_peak:        1.075, y_peak:        0.165, r_peak:        0.020, sig:        9.520, ra_peak:      338.577, dec_peak:        3.744
Distance = 158.5 kpc (m-M = 21.0)
749317 objects left after isochrone cut...
Characteristic density = 6000.0 deg^-2
Characteristic density local = 6252.8 deg^-2 = 1.737 arcmin^-2
Fitting aperture to hotspot...
Candidate: x_peak:       -0.005, y_peak:        0.855, r_peak:        0.040, sig:       27.437, ra_peak:      337.495, dec_peak:        4.435
Characteristic density local = 7514.1 deg^-2 = 2.087 arcmin^-2
Fitting aperture to hotspot...
Candidate: x_peak:       -0.375, y_peak:        0.875, r_peak:        0.010, sig:        0.202, ra_peak:      337.124, dec_peak:        4.455
Characteristic density local = 7166.0 deg^-2 = 1.991 arcmin^-2
Fitting aperture to hotspot...
Candidate: x_peak:       -0.345, y_peak:        0.905, r_peak:        0.290, sig:        1.266, ra_peak:      337.154, dec_peak:        4.485
Characteristic density local = 6248.8 deg^-2 = 1.736 arcmin^-2
Fitting aperture to hotspot...
Candidate: x_peak:       -0.205, y_peak:       -0.335, r_peak:        0.280, sig:        1.685, ra_peak:      337.295, dec_peak:        3.245
Characteristic density local = 6125.5 deg^-2 = 1.702 arcmin^-2
Fitting aperture to hotspot...
Candidate: x_peak:        0.215, y_peak:       -0.185, r_peak:        0.030, sig:        2.492, ra_peak:      337.715, dec_peak:        3.395
Characteristic density local = 6179.2 deg^-2 = 1.716 arcmin^-2
Fitting aperture to hotspot...
Candidate: x_peak:        0.285, y_peak:       -0.085, r_peak:        0.030, sig:        2.249, ra_peak:      337.786, dec_peak:        3.495
Characteristic density local = 6722.3 deg^-2 = 1.867 arcmin^-2
Fitting aperture to hotspot...
Candidate: x_peak:        0.375, y_peak:        0.845, r_peak:        0.010, sig:        2.035, ra_peak:      337.876, dec_peak:        4.425
Characteristic density local = 6099.6 deg^-2 = 1.694 arcmin^-2
Fitting aperture to hotspot...
Candidate: x_peak:        0.515, y_peak:       -0.555, r_peak:        0.250, sig:        1.150, ra_peak:      338.016, dec_peak:        3.025
Characteristic density local = 6183.2 deg^-2 = 1.718 arcmin^-2
Fitting aperture to hotspot...
Candidate: x_peak:        0.685, y_peak:       -0.575, r_peak:        0.020, sig:       12.163, ra_peak:      338.186, dec_peak:        3.005
Distance = 199.5 kpc (m-M = 21.5)
741871 objects left after isochrone cut...
Characteristic density = 5700.0 deg^-2
Characteristic density local = 5829.0 deg^-2 = 1.619 arcmin^-2
Fitting aperture to hotspot...
Candidate: x_peak:       -0.075, y_peak:       -1.005, r_peak:        0.040, sig:        4.477, ra_peak:      337.425, dec_peak:        2.575
Characteristic density local = 5966.3 deg^-2 = 1.657 arcmin^-2
Fitting aperture to hotspot...
Candidate: x_peak:       -0.005, y_peak:        0.855, r_peak:        0.040, sig:       27.626, ra_peak:      337.495, dec_peak:        4.435
Characteristic density local = 5984.2 deg^-2 = 1.662 arcmin^-2
Fitting aperture to hotspot...
Candidate: x_peak:        0.165, y_peak:        0.755, r_peak:        0.020, sig:       11.963, ra_peak:      337.665, dec_peak:        4.335
Characteristic density local = 6010.1 deg^-2 = 1.669 arcmin^-2
Fitting aperture to hotspot...
Candidate: x_peak:        0.145, y_peak:       -1.035, r_peak:        0.020, sig:        4.184, ra_peak:      337.645, dec_peak:        2.545
Characteristic density local = 6014.1 deg^-2 = 1.671 arcmin^-2
Fitting aperture to hotspot...
Candidate: x_peak:        0.485, y_peak:        0.275, r_peak:        0.020, sig:        9.395, ra_peak:      337.986, dec_peak:        3.855
Characteristic density local = 5940.5 deg^-2 = 1.650 arcmin^-2
Fitting aperture to hotspot...
Candidate: x_peak:        0.685, y_peak:       -0.575, r_peak:        0.020, sig:       12.340, ra_peak:      338.186, dec_peak:        3.005
Characteristic density local = 5928.5 deg^-2 = 1.647 arcmin^-2
Fitting aperture to hotspot...
Candidate: x_peak:        0.675, y_peak:        0.335, r_peak:        0.010, sig:        5.576, ra_peak:      338.177, dec_peak:        3.915
Characteristic density local = 6151.3 deg^-2 = 1.709 arcmin^-2
Fitting aperture to hotspot...
Candidate: x_peak:        0.955, y_peak:        0.295, r_peak:        0.020, sig:        4.105, ra_peak:      338.457, dec_peak:        3.874
Characteristic density local = 6195.1 deg^-2 = 1.721 arcmin^-2
Fitting aperture to hotspot...
Candidate: x_peak:        1.085, y_peak:        0.165, r_peak:        0.020, sig:        8.097, ra_peak:      338.587, dec_peak:        3.744
Distance = 251.2 kpc (m-M = 22.0)
733182 objects left after isochrone cut...
Characteristic density = 5400.0 deg^-2
Characteristic density local = 5516.7 deg^-2 = 1.532 arcmin^-2
Fitting aperture to hotspot...
Candidate: x_peak:       -0.075, y_peak:       -1.005, r_peak:        0.040, sig:        4.663, ra_peak:      337.425, dec_peak:        2.575
Characteristic density local = 5648.0 deg^-2 = 1.569 arcmin^-2
Fitting aperture to hotspot...
Candidate: x_peak:       -0.005, y_peak:        0.855, r_peak:        0.040, sig:       27.961, ra_peak:      337.495, dec_peak:        4.435
Characteristic density local = 5667.9 deg^-2 = 1.574 arcmin^-2
Fitting aperture to hotspot...
Candidate: x_peak:        0.175, y_peak:        0.755, r_peak:        0.020, sig:       11.670, ra_peak:      337.675, dec_peak:        4.335
Characteristic density local = 5667.9 deg^-2 = 1.574 arcmin^-2
Fitting aperture to hotspot...
Candidate: x_peak:        0.145, y_peak:       -1.035, r_peak:        0.030, sig:        4.411, ra_peak:      337.645, dec_peak:        2.545
Characteristic density local = 5739.5 deg^-2 = 1.594 arcmin^-2
Fitting aperture to hotspot...
Candidate: x_peak:        0.485, y_peak:        0.275, r_peak:        0.020, sig:        9.584, ra_peak:      337.986, dec_peak:        3.855
Characteristic density local = 5620.2 deg^-2 = 1.561 arcmin^-2
Fitting aperture to hotspot...
Candidate: x_peak:        0.685, y_peak:       -0.575, r_peak:        0.020, sig:       12.409, ra_peak:      338.186, dec_peak:        3.005
Characteristic density local = 5650.0 deg^-2 = 1.569 arcmin^-2
Fitting aperture to hotspot...
Candidate: x_peak:        0.675, y_peak:        0.335, r_peak:        0.010, sig:        5.679, ra_peak:      338.177, dec_peak:        3.915
Characteristic density local = 5912.6 deg^-2 = 1.642 arcmin^-2
Fitting aperture to hotspot...
Candidate: x_peak:        1.085, y_peak:        0.165, r_peak:        0.020, sig:        8.281, ra_peak:      338.587, dec_peak:        3.744
Distance = 316.2 kpc (m-M = 22.5)
722742 objects left after isochrone cut...
Characteristic density = 5100.0 deg^-2
Characteristic density local = 5178.5 deg^-2 = 1.438 arcmin^-2
Fitting aperture to hotspot...
Candidate: x_peak:       -0.075, y_peak:       -1.005, r_peak:        0.040, sig:        4.271, ra_peak:      337.425, dec_peak:        2.575
Characteristic density local = 5289.9 deg^-2 = 1.469 arcmin^-2
Fitting aperture to hotspot...
Candidate: x_peak:       -0.005, y_peak:        0.855, r_peak:        0.040, sig:       28.466, ra_peak:      337.495, dec_peak:        4.435
Characteristic density local = 5313.8 deg^-2 = 1.476 arcmin^-2
Fitting aperture to hotspot...
Candidate: x_peak:        0.175, y_peak:        0.755, r_peak:        0.020, sig:       11.763, ra_peak:      337.675, dec_peak:        4.335
Characteristic density local = 5305.8 deg^-2 = 1.474 arcmin^-2
Fitting aperture to hotspot...
Candidate: x_peak:        0.145, y_peak:       -1.035, r_peak:        0.020, sig:        4.340, ra_peak:      337.645, dec_peak:        2.545
Characteristic density local = 5371.5 deg^-2 = 1.492 arcmin^-2
Fitting aperture to hotspot...
Candidate: x_peak:        0.485, y_peak:        0.265, r_peak:        0.020, sig:        9.258, ra_peak:      337.986, dec_peak:        3.845
Characteristic density local = 5313.8 deg^-2 = 1.476 arcmin^-2
Fitting aperture to hotspot...
Candidate: x_peak:        0.685, y_peak:       -0.575, r_peak:        0.020, sig:       12.299, ra_peak:      338.186, dec_peak:        3.005
Characteristic density local = 5560.5 deg^-2 = 1.545 arcmin^-2
Fitting aperture to hotspot...
Candidate: x_peak:        1.085, y_peak:        0.165, r_peak:        0.020, sig:        8.519, ra_peak:      338.587, dec_peak:        3.744
Distance = 398.1 kpc (m-M = 23.0)
710078 objects left after isochrone cut...
Characteristic density = 4700.0 deg^-2
Characteristic density local = 4808.5 deg^-2 = 1.336 arcmin^-2
Fitting aperture to hotspot...
Candidate: x_peak:       -0.005, y_peak:        0.855, r_peak:        0.040, sig:       29.223, ra_peak:      337.495, dec_peak:        4.435
Characteristic density local = 4911.9 deg^-2 = 1.364 arcmin^-2
Fitting aperture to hotspot...
Candidate: x_peak:        0.175, y_peak:        0.755, r_peak:        0.020, sig:       11.722, ra_peak:      337.675, dec_peak:        4.335
Characteristic density local = 4846.3 deg^-2 = 1.346 arcmin^-2
Fitting aperture to hotspot...
Candidate: x_peak:        0.145, y_peak:       -1.035, r_peak:        0.030, sig:        4.544, ra_peak:      337.645, dec_peak:        2.545
Characteristic density local = 5582.4 deg^-2 = 1.551 arcmin^-2
Fitting aperture to hotspot...
Candidate: x_peak:        0.315, y_peak:        0.675, r_peak:        0.010, sig:        6.061, ra_peak:      337.816, dec_peak:        4.255
Characteristic density local = 5017.4 deg^-2 = 1.394 arcmin^-2
Fitting aperture to hotspot...
Candidate: x_peak:        0.485, y_peak:        0.275, r_peak:        0.020, sig:        9.721, ra_peak:      337.986, dec_peak:        3.855
Characteristic density local = 4909.9 deg^-2 = 1.364 arcmin^-2
Fitting aperture to hotspot...
Candidate: x_peak:        0.685, y_peak:       -0.575, r_peak:        0.020, sig:       12.090, ra_peak:      338.186, dec_peak:        3.005
Characteristic density local = 5104.9 deg^-2 = 1.418 arcmin^-2
Fitting aperture to hotspot...
Candidate: x_peak:        1.085, y_peak:        0.165, r_peak:        0.020, sig:        8.637, ra_peak:      338.587, dec_peak:        3.744
29.22 sigma; (RA, Dec, d) = (337.49, 4.44); r = 0.04 deg; d = 398.1, mu = 23.00 mag), mc_source_id: 0.00
12.41 sigma; (RA, Dec, d) = (338.19, 3.00); r = 0.02 deg; d = 251.2, mu = 22.00 mag), mc_source_id: 0.00
11.96 sigma; (RA, Dec, d) = (337.67, 4.33); r = 0.02 deg; d = 199.5, mu = 21.50 mag), mc_source_id: 0.00
9.72 sigma; (RA, Dec, d) = (337.99, 3.85); r = 0.02 deg; d = 398.1, mu = 23.00 mag), mc_source_id: 0.00
9.52 sigma; (RA, Dec, d) = (338.58, 3.74); r = 0.02 deg; d = 125.9, mu = 20.50 mag), mc_source_id: 0.00
6.06 sigma; (RA, Dec, d) = (337.82, 4.25); r = 0.01 deg; d = 398.1, mu = 23.00 mag), mc_source_id: 0.00
5.68 sigma; (RA, Dec, d) = (338.18, 3.91); r = 0.01 deg; d = 251.2, mu = 22.00 mag), mc_source_id: 0.00
5.33 sigma; (RA, Dec, d) = (337.65, 2.55); r = 0.03 deg; d = 63.1, mu = 19.00 mag), mc_source_id: 0.00
4.66 sigma; (RA, Dec, d) = (337.42, 2.57); r = 0.04 deg; d = 251.2, mu = 22.00 mag), mc_source_id: 0.00
4.58 sigma; (RA, Dec, d) = (338.18, 3.92); r = 0.03 deg; d = 79.4, mu = 19.50 mag), mc_source_id: 0.00
4.46 sigma; (RA, Dec, d) = (338.47, 3.87); r = 0.01 deg; d = 63.1, mu = 19.00 mag), mc_source_id: 0.00
4.41 sigma; (RA, Dec, d) = (336.38, 3.76); r = 0.06 deg; d = 79.4, mu = 19.50 mag), mc_source_id: 0.00
4.10 sigma; (RA, Dec, d) = (338.46, 3.87); r = 0.02 deg; d = 199.5, mu = 21.50 mag), mc_source_id: 0.00
3.82 sigma; (RA, Dec, d) = (337.47, 4.67); r = 0.26 deg; d = 20.0, mu = 16.50 mag), mc_source_id: 0.00
2.61 sigma; (RA, Dec, d) = (336.76, 3.03); r = 0.02 deg; d = 39.8, mu = 18.00 mag), mc_source_id: 0.00
2.49 sigma; (RA, Dec, d) = (337.72, 3.39); r = 0.03 deg; d = 158.5, mu = 21.00 mag), mc_source_id: 0.00
2.25 sigma; (RA, Dec, d) = (337.79, 3.49); r = 0.03 deg; d = 158.5, mu = 21.00 mag), mc_source_id: 0.00
2.03 sigma; (RA, Dec, d) = (337.88, 4.42); r = 0.01 deg; d = 158.5, mu = 21.00 mag), mc_source_id: 0.00
1.69 sigma; (RA, Dec, d) = (337.29, 3.24); r = 0.28 deg; d = 158.5, mu = 21.00 mag), mc_source_id: 0.00
1.43 sigma; (RA, Dec, d) = (336.64, 3.97); r = 0.03 deg; d = 39.8, mu = 18.00 mag), mc_source_id: 0.00
1.27 sigma; (RA, Dec, d) = (337.15, 4.48); r = 0.29 deg; d = 158.5, mu = 21.00 mag), mc_source_id: 0.00
1.15 sigma; (RA, Dec, d) = (338.02, 3.02); r = 0.25 deg; d = 158.5, mu = 21.00 mag), mc_source_id: 0.00
0.17 sigma; (RA, Dec, d) = (336.10, 3.58); r = 0.02 deg; d = 39.8, mu = 18.00 mag), mc_source_id: 0.00

------------------------------------------------------------
Job <680725.0> was submitted from <des51.fnal.gov> by user <tavangar>.
Job was executed on host <des40.fnal.gov> as user <tavangar>.
</var/lib/condor/execute/dir_1988690> was used as the initial working directory.
Results reported at Wed Jun  5 11:22:08 CDT 2019

Your job looked like:

------------------------------------------------------------
python /home/s1/tavangar/tavangar_simple/search_algorithm.py 337.50 3.58 0.00 /home/s1/tavangar/tavangar_simple/decals_dr7_results/results_nside_32_5816.csv /home/s1/tavangar/tavangar_simple/decals_dr7_results/decals_dr7_log/results_nside_32_5816.log
------------------------------------------------------------

Successfully completed.

Resource usage summary:

	Real time :			341.71 sec.
	CPU time :			6.68 sec.
	CPU percentage :		74%
	Max Memory :			6010880 KB
	Average Memory :		0 KB

The output (if any) is above this job summary.
