/home/s1/tavangar/tavangar_simple/simple_utils.py:170: FutureWarning: elementwise comparison failed; returning scalar instead, but in the future will perform elementwise comparison
  if np.all(isochrone.stage == 'Main'):
Search coordinates: (RA, Dec) = (149.06, 10.81)
Center healpixel: 4981
Healpixels: [4981 5108 4980 4852 4725 4853 4982 5109 5237]
MC_SOURCE_ID = 0.0
mode = 0: running only on real data
Found 1 objects...
Applying cuts...
655810 star-like objects in ROI...
1076502 galaxy-like objects in ROI...
No fracdet map specified ...
Distance = 15.8 kpc (m-M = 16.0)
655783 objects left after isochrone cut...
Characteristic density = 4800.0 deg^-2
Characteristic density local = 4663.2 deg^-2 = 1.295 arcmin^-2
Fitting aperture to hotspot...
Candidate: x_peak:       -1.295, y_peak:        0.065, r_peak:        0.030, sig:        8.855, ra_peak:      147.741, dec_peak:       10.872
Characteristic density local = 4661.3 deg^-2 = 1.295 arcmin^-2
Fitting aperture to hotspot...
Candidate: x_peak:       -0.705, y_peak:        0.355, r_peak:        0.020, sig:        7.445, ra_peak:      148.341, dec_peak:       11.164
Characteristic density local = 4878.1 deg^-2 = 1.355 arcmin^-2
Fitting aperture to hotspot...
Candidate: x_peak:       -0.565, y_peak:       -0.555, r_peak:        0.020, sig:       11.189, ra_peak:      148.486, dec_peak:       10.254
Characteristic density local = 5140.7 deg^-2 = 1.428 arcmin^-2
Fitting aperture to hotspot...
Candidate: x_peak:       -0.305, y_peak:       -0.905, r_peak:        0.020, sig:        6.646, ra_peak:      148.750, dec_peak:        9.905
Characteristic density local = 5120.8 deg^-2 = 1.422 arcmin^-2
Fitting aperture to hotspot...
Candidate: x_peak:       -0.205, y_peak:       -0.705, r_peak:        0.020, sig:        8.205, ra_peak:      148.852, dec_peak:       10.105
Characteristic density local = 5110.9 deg^-2 = 1.420 arcmin^-2
Fitting aperture to hotspot...
Candidate: x_peak:        0.015, y_peak:       -0.555, r_peak:        0.020, sig:        9.248, ra_peak:      149.075, dec_peak:       10.255
Characteristic density local = 4965.6 deg^-2 = 1.379 arcmin^-2
Fitting aperture to hotspot...
Candidate: x_peak:        0.035, y_peak:       -0.145, r_peak:        0.020, sig:       10.157, ra_peak:      149.096, dec_peak:       10.665
Characteristic density local = 5264.0 deg^-2 = 1.462 arcmin^-2
Fitting aperture to hotspot...
Candidate: x_peak:        0.615, y_peak:       -0.355, r_peak:        0.030, sig:       10.427, ra_peak:      149.685, dec_peak:       10.454
Characteristic density local = 5176.5 deg^-2 = 1.438 arcmin^-2
Fitting aperture to hotspot...
Candidate: x_peak:        0.595, y_peak:        0.145, r_peak:        0.020, sig:       12.410, ra_peak:      149.666, dec_peak:       10.954
Distance = 20.0 kpc (m-M = 16.5)
655795 objects left after isochrone cut...
Characteristic density = 4800.0 deg^-2
Characteristic density local = 4663.2 deg^-2 = 1.295 arcmin^-2
Fitting aperture to hotspot...
Candidate: x_peak:       -1.295, y_peak:        0.065, r_peak:        0.030, sig:        8.855, ra_peak:      147.741, dec_peak:       10.872
Characteristic density local = 4661.3 deg^-2 = 1.295 arcmin^-2
Fitting aperture to hotspot...
Candidate: x_peak:       -0.705, y_peak:        0.355, r_peak:        0.020, sig:        7.445, ra_peak:      148.341, dec_peak:       11.164
Characteristic density local = 4878.1 deg^-2 = 1.355 arcmin^-2
Fitting aperture to hotspot...
Candidate: x_peak:       -0.565, y_peak:       -0.555, r_peak:        0.020, sig:       11.189, ra_peak:      148.486, dec_peak:       10.254
Characteristic density local = 5140.7 deg^-2 = 1.428 arcmin^-2
Fitting aperture to hotspot...
Candidate: x_peak:       -0.305, y_peak:       -0.905, r_peak:        0.020, sig:        6.646, ra_peak:      148.750, dec_peak:        9.905
Characteristic density local = 5120.8 deg^-2 = 1.422 arcmin^-2
Fitting aperture to hotspot...
Candidate: x_peak:       -0.205, y_peak:       -0.705, r_peak:        0.020, sig:        8.205, ra_peak:      148.852, dec_peak:       10.105
Characteristic density local = 5110.9 deg^-2 = 1.420 arcmin^-2
Fitting aperture to hotspot...
Candidate: x_peak:        0.015, y_peak:       -0.555, r_peak:        0.020, sig:        9.248, ra_peak:      149.075, dec_peak:       10.255
Characteristic density local = 4965.6 deg^-2 = 1.379 arcmin^-2
Fitting aperture to hotspot...
Candidate: x_peak:        0.035, y_peak:       -0.145, r_peak:        0.020, sig:       10.157, ra_peak:      149.096, dec_peak:       10.665
Characteristic density local = 5264.0 deg^-2 = 1.462 arcmin^-2
Fitting aperture to hotspot...
Candidate: x_peak:        0.615, y_peak:       -0.355, r_peak:        0.030, sig:       10.427, ra_peak:      149.685, dec_peak:       10.454
Characteristic density local = 5176.5 deg^-2 = 1.438 arcmin^-2
Fitting aperture to hotspot...
Candidate: x_peak:        0.595, y_peak:        0.145, r_peak:        0.020, sig:       12.410, ra_peak:      149.666, dec_peak:       10.954
Distance = 25.1 kpc (m-M = 17.0)
655802 objects left after isochrone cut...
Characteristic density = 4800.0 deg^-2
Characteristic density local = 4663.2 deg^-2 = 1.295 arcmin^-2
Fitting aperture to hotspot...
Candidate: x_peak:       -1.295, y_peak:        0.065, r_peak:        0.030, sig:        8.855, ra_peak:      147.741, dec_peak:       10.872
Characteristic density local = 4661.3 deg^-2 = 1.295 arcmin^-2
Fitting aperture to hotspot...
Candidate: x_peak:       -0.705, y_peak:        0.355, r_peak:        0.020, sig:        7.445, ra_peak:      148.341, dec_peak:       11.164
Characteristic density local = 4878.1 deg^-2 = 1.355 arcmin^-2
Fitting aperture to hotspot...
Candidate: x_peak:       -0.565, y_peak:       -0.555, r_peak:        0.020, sig:       11.189, ra_peak:      148.486, dec_peak:       10.254
Characteristic density local = 5140.7 deg^-2 = 1.428 arcmin^-2
Fitting aperture to hotspot...
Candidate: x_peak:       -0.305, y_peak:       -0.905, r_peak:        0.020, sig:        6.646, ra_peak:      148.750, dec_peak:        9.905
Characteristic density local = 5120.8 deg^-2 = 1.422 arcmin^-2
Fitting aperture to hotspot...
Candidate: x_peak:       -0.205, y_peak:       -0.705, r_peak:        0.020, sig:        8.205, ra_peak:      148.852, dec_peak:       10.105
Characteristic density local = 5110.9 deg^-2 = 1.420 arcmin^-2
Fitting aperture to hotspot...
Candidate: x_peak:        0.015, y_peak:       -0.555, r_peak:        0.020, sig:        9.248, ra_peak:      149.075, dec_peak:       10.255
Characteristic density local = 4965.6 deg^-2 = 1.379 arcmin^-2
Fitting aperture to hotspot...
Candidate: x_peak:        0.035, y_peak:       -0.145, r_peak:        0.020, sig:       10.157, ra_peak:      149.096, dec_peak:       10.665
Characteristic density local = 5264.0 deg^-2 = 1.462 arcmin^-2
Fitting aperture to hotspot...
Candidate: x_peak:        0.615, y_peak:       -0.355, r_peak:        0.030, sig:       10.427, ra_peak:      149.685, dec_peak:       10.454
Characteristic density local = 5176.5 deg^-2 = 1.438 arcmin^-2
Fitting aperture to hotspot...
Candidate: x_peak:        0.595, y_peak:        0.145, r_peak:        0.020, sig:       12.410, ra_peak:      149.666, dec_peak:       10.954
Distance = 31.6 kpc (m-M = 17.5)
655807 objects left after isochrone cut...
Characteristic density = 4800.0 deg^-2
Characteristic density local = 4663.2 deg^-2 = 1.295 arcmin^-2
Fitting aperture to hotspot...
Candidate: x_peak:       -1.295, y_peak:        0.065, r_peak:        0.030, sig:        8.855, ra_peak:      147.741, dec_peak:       10.872
Characteristic density local = 4661.3 deg^-2 = 1.295 arcmin^-2
Fitting aperture to hotspot...
Candidate: x_peak:       -0.705, y_peak:        0.355, r_peak:        0.020, sig:        7.445, ra_peak:      148.341, dec_peak:       11.164
Characteristic density local = 4878.1 deg^-2 = 1.355 arcmin^-2
Fitting aperture to hotspot...
Candidate: x_peak:       -0.565, y_peak:       -0.555, r_peak:        0.020, sig:       11.189, ra_peak:      148.486, dec_peak:       10.254
Characteristic density local = 5140.7 deg^-2 = 1.428 arcmin^-2
Fitting aperture to hotspot...
Candidate: x_peak:       -0.305, y_peak:       -0.905, r_peak:        0.020, sig:        6.646, ra_peak:      148.750, dec_peak:        9.905
Characteristic density local = 5120.8 deg^-2 = 1.422 arcmin^-2
Fitting aperture to hotspot...
Candidate: x_peak:       -0.205, y_peak:       -0.705, r_peak:        0.020, sig:        8.205, ra_peak:      148.852, dec_peak:       10.105
Characteristic density local = 5110.9 deg^-2 = 1.420 arcmin^-2
Fitting aperture to hotspot...
Candidate: x_peak:        0.015, y_peak:       -0.555, r_peak:        0.020, sig:        9.248, ra_peak:      149.075, dec_peak:       10.255
Characteristic density local = 4965.6 deg^-2 = 1.379 arcmin^-2
Fitting aperture to hotspot...
Candidate: x_peak:        0.035, y_peak:       -0.145, r_peak:        0.020, sig:       10.157, ra_peak:      149.096, dec_peak:       10.665
Characteristic density local = 5264.0 deg^-2 = 1.462 arcmin^-2
Fitting aperture to hotspot...
Candidate: x_peak:        0.615, y_peak:       -0.355, r_peak:        0.030, sig:       10.427, ra_peak:      149.685, dec_peak:       10.454
Characteristic density local = 5176.5 deg^-2 = 1.438 arcmin^-2
Fitting aperture to hotspot...
Candidate: x_peak:        0.595, y_peak:        0.145, r_peak:        0.020, sig:       12.410, ra_peak:      149.666, dec_peak:       10.954
Distance = 39.8 kpc (m-M = 18.0)
655796 objects left after isochrone cut...
Characteristic density = 4800.0 deg^-2
Characteristic density local = 4663.2 deg^-2 = 1.295 arcmin^-2
Fitting aperture to hotspot...
Candidate: x_peak:       -1.295, y_peak:        0.065, r_peak:        0.030, sig:        8.855, ra_peak:      147.741, dec_peak:       10.872
Characteristic density local = 4661.3 deg^-2 = 1.295 arcmin^-2
Fitting aperture to hotspot...
Candidate: x_peak:       -0.705, y_peak:        0.355, r_peak:        0.020, sig:        7.445, ra_peak:      148.341, dec_peak:       11.164
Characteristic density local = 4878.1 deg^-2 = 1.355 arcmin^-2
Fitting aperture to hotspot...
Candidate: x_peak:       -0.565, y_peak:       -0.555, r_peak:        0.020, sig:       11.189, ra_peak:      148.486, dec_peak:       10.254
Characteristic density local = 5138.7 deg^-2 = 1.427 arcmin^-2
Fitting aperture to hotspot...
Candidate: x_peak:       -0.305, y_peak:       -0.905, r_peak:        0.020, sig:        6.647, ra_peak:      148.750, dec_peak:        9.905
Characteristic density local = 5120.8 deg^-2 = 1.422 arcmin^-2
Fitting aperture to hotspot...
Candidate: x_peak:       -0.205, y_peak:       -0.705, r_peak:        0.020, sig:        8.205, ra_peak:      148.852, dec_peak:       10.105
Characteristic density local = 5108.9 deg^-2 = 1.419 arcmin^-2
Fitting aperture to hotspot...
Candidate: x_peak:        0.015, y_peak:       -0.555, r_peak:        0.020, sig:        9.250, ra_peak:      149.075, dec_peak:       10.255
Characteristic density local = 4963.6 deg^-2 = 1.379 arcmin^-2
Fitting aperture to hotspot...
Candidate: x_peak:        0.035, y_peak:       -0.145, r_peak:        0.020, sig:       10.158, ra_peak:      149.096, dec_peak:       10.665
Characteristic density local = 5262.1 deg^-2 = 1.462 arcmin^-2
Fitting aperture to hotspot...
Candidate: x_peak:        0.615, y_peak:       -0.355, r_peak:        0.030, sig:       10.429, ra_peak:      149.685, dec_peak:       10.454
Characteristic density local = 5170.5 deg^-2 = 1.436 arcmin^-2
Fitting aperture to hotspot...
Candidate: x_peak:        0.595, y_peak:        0.145, r_peak:        0.020, sig:       12.414, ra_peak:      149.666, dec_peak:       10.954
Distance = 50.1 kpc (m-M = 18.5)
655367 objects left after isochrone cut...
Characteristic density = 4800.0 deg^-2
Characteristic density local = 4659.3 deg^-2 = 1.294 arcmin^-2
Fitting aperture to hotspot...
Candidate: x_peak:       -1.295, y_peak:        0.065, r_peak:        0.030, sig:        8.859, ra_peak:      147.741, dec_peak:       10.872
Characteristic density local = 4645.3 deg^-2 = 1.290 arcmin^-2
Fitting aperture to hotspot...
Candidate: x_peak:       -0.705, y_peak:        0.355, r_peak:        0.020, sig:        7.456, ra_peak:      148.341, dec_peak:       11.164
Characteristic density local = 4878.1 deg^-2 = 1.355 arcmin^-2
Fitting aperture to hotspot...
Candidate: x_peak:       -0.565, y_peak:       -0.555, r_peak:        0.020, sig:       11.189, ra_peak:      148.486, dec_peak:       10.254
Characteristic density local = 5124.8 deg^-2 = 1.424 arcmin^-2
Fitting aperture to hotspot...
Candidate: x_peak:       -0.305, y_peak:       -0.905, r_peak:        0.020, sig:        6.657, ra_peak:      148.750, dec_peak:        9.905
Characteristic density local = 5106.9 deg^-2 = 1.419 arcmin^-2
Fitting aperture to hotspot...
Candidate: x_peak:       -0.205, y_peak:       -0.705, r_peak:        0.020, sig:        8.215, ra_peak:      148.852, dec_peak:       10.105
Characteristic density local = 5100.9 deg^-2 = 1.417 arcmin^-2
Fitting aperture to hotspot...
Candidate: x_peak:        0.015, y_peak:       -0.555, r_peak:        0.020, sig:        9.256, ra_peak:      149.075, dec_peak:       10.255
Characteristic density local = 4939.8 deg^-2 = 1.372 arcmin^-2
Fitting aperture to hotspot...
Candidate: x_peak:        0.035, y_peak:       -0.145, r_peak:        0.020, sig:       10.177, ra_peak:      149.096, dec_peak:       10.665
Characteristic density local = 5234.2 deg^-2 = 1.454 arcmin^-2
Fitting aperture to hotspot...
Candidate: x_peak:        0.615, y_peak:       -0.355, r_peak:        0.030, sig:       10.458, ra_peak:      149.685, dec_peak:       10.454
Characteristic density local = 5132.7 deg^-2 = 1.426 arcmin^-2
Fitting aperture to hotspot...
Candidate: x_peak:        0.595, y_peak:        0.145, r_peak:        0.020, sig:       12.267, ra_peak:      149.666, dec_peak:       10.954
Distance = 63.1 kpc (m-M = 19.0)
653463 objects left after isochrone cut...
Characteristic density = 4700.0 deg^-2
Characteristic density local = 4617.5 deg^-2 = 1.283 arcmin^-2
Fitting aperture to hotspot...
Candidate: x_peak:       -1.295, y_peak:        0.065, r_peak:        0.030, sig:        8.903, ra_peak:      147.741, dec_peak:       10.872
Characteristic density local = 4599.6 deg^-2 = 1.278 arcmin^-2
Fitting aperture to hotspot...
Candidate: x_peak:       -0.705, y_peak:        0.355, r_peak:        0.020, sig:        7.491, ra_peak:      148.341, dec_peak:       11.164
Characteristic density local = 4826.4 deg^-2 = 1.341 arcmin^-2
Fitting aperture to hotspot...
Candidate: x_peak:       -0.565, y_peak:       -0.555, r_peak:        0.020, sig:       11.232, ra_peak:      148.486, dec_peak:       10.254
Characteristic density local = 5065.1 deg^-2 = 1.407 arcmin^-2
Fitting aperture to hotspot...
Candidate: x_peak:       -0.305, y_peak:       -0.905, r_peak:        0.020, sig:        6.698, ra_peak:      148.750, dec_peak:        9.905
Characteristic density local = 5037.3 deg^-2 = 1.399 arcmin^-2
Fitting aperture to hotspot...
Candidate: x_peak:       -0.205, y_peak:       -0.705, r_peak:        0.020, sig:        8.265, ra_peak:      148.852, dec_peak:       10.105
Characteristic density local = 5059.1 deg^-2 = 1.405 arcmin^-2
Fitting aperture to hotspot...
Candidate: x_peak:        0.015, y_peak:       -0.555, r_peak:        0.020, sig:        9.287, ra_peak:      149.075, dec_peak:       10.255
Characteristic density local = 4884.1 deg^-2 = 1.357 arcmin^-2
Fitting aperture to hotspot...
Candidate: x_peak:        0.035, y_peak:       -0.145, r_peak:        0.020, sig:       10.024, ra_peak:      149.096, dec_peak:       10.665
Characteristic density local = 5160.6 deg^-2 = 1.433 arcmin^-2
Fitting aperture to hotspot...
Candidate: x_peak:        0.615, y_peak:       -0.355, r_peak:        0.030, sig:       10.533, ra_peak:      149.685, dec_peak:       10.454
Characteristic density local = 5059.1 deg^-2 = 1.405 arcmin^-2
Fitting aperture to hotspot...
Candidate: x_peak:        0.595, y_peak:        0.145, r_peak:        0.020, sig:       12.328, ra_peak:      149.666, dec_peak:       10.954
Distance = 79.4 kpc (m-M = 19.5)
650787 objects left after isochrone cut...
Characteristic density = 4700.0 deg^-2
Characteristic density local = 4545.9 deg^-2 = 1.263 arcmin^-2
Fitting aperture to hotspot...
Candidate: x_peak:       -1.295, y_peak:        0.065, r_peak:        0.030, sig:        8.980, ra_peak:      147.741, dec_peak:       10.872
Characteristic density local = 4520.0 deg^-2 = 1.256 arcmin^-2
Fitting aperture to hotspot...
Candidate: x_peak:       -0.705, y_peak:        0.355, r_peak:        0.020, sig:        7.551, ra_peak:      148.341, dec_peak:       11.164
Characteristic density local = 4758.7 deg^-2 = 1.322 arcmin^-2
Fitting aperture to hotspot...
Candidate: x_peak:       -0.565, y_peak:       -0.555, r_peak:        0.020, sig:       11.288, ra_peak:      148.486, dec_peak:       10.254
Characteristic density local = 4985.5 deg^-2 = 1.385 arcmin^-2
Fitting aperture to hotspot...
Candidate: x_peak:       -0.305, y_peak:       -0.905, r_peak:        0.020, sig:        6.753, ra_peak:      148.750, dec_peak:        9.905
Characteristic density local = 4943.8 deg^-2 = 1.373 arcmin^-2
Fitting aperture to hotspot...
Candidate: x_peak:       -0.205, y_peak:       -0.705, r_peak:        0.020, sig:        8.334, ra_peak:      148.852, dec_peak:       10.105
Characteristic density local = 4957.7 deg^-2 = 1.377 arcmin^-2
Fitting aperture to hotspot...
Candidate: x_peak:        0.015, y_peak:       -0.555, r_peak:        0.020, sig:        9.364, ra_peak:      149.075, dec_peak:       10.255
Characteristic density local = 4824.4 deg^-2 = 1.340 arcmin^-2
Fitting aperture to hotspot...
Candidate: x_peak:        0.025, y_peak:       -0.145, r_peak:        0.010, sig:        9.579, ra_peak:      149.085, dec_peak:       10.665
Characteristic density local = 5071.1 deg^-2 = 1.409 arcmin^-2
Fitting aperture to hotspot...
Candidate: x_peak:        0.615, y_peak:       -0.355, r_peak:        0.030, sig:       10.476, ra_peak:      149.685, dec_peak:       10.454
Characteristic density local = 4975.6 deg^-2 = 1.382 arcmin^-2
Fitting aperture to hotspot...
Candidate: x_peak:        0.595, y_peak:        0.145, r_peak:        0.020, sig:       12.397, ra_peak:      149.666, dec_peak:       10.954
Distance = 100.0 kpc (m-M = 20.0)
647631 objects left after isochrone cut...
Characteristic density = 4600.0 deg^-2
Characteristic density local = 4440.4 deg^-2 = 1.233 arcmin^-2
Fitting aperture to hotspot...
Candidate: x_peak:       -1.295, y_peak:        0.065, r_peak:        0.030, sig:        9.094, ra_peak:      147.741, dec_peak:       10.872
Characteristic density local = 4408.6 deg^-2 = 1.225 arcmin^-2
Fitting aperture to hotspot...
Candidate: x_peak:       -0.695, y_peak:        0.355, r_peak:        0.030, sig:        7.410, ra_peak:      148.352, dec_peak:       11.164
Characteristic density local = 4627.4 deg^-2 = 1.285 arcmin^-2
Fitting aperture to hotspot...
Candidate: x_peak:       -0.565, y_peak:       -0.555, r_peak:        0.030, sig:       11.409, ra_peak:      148.486, dec_peak:       10.254
Characteristic density local = 4878.1 deg^-2 = 1.355 arcmin^-2
Fitting aperture to hotspot...
Candidate: x_peak:       -0.305, y_peak:       -0.905, r_peak:        0.020, sig:        6.360, ra_peak:      148.750, dec_peak:        9.905
Characteristic density local = 4822.4 deg^-2 = 1.340 arcmin^-2
Fitting aperture to hotspot...
Candidate: x_peak:       -0.205, y_peak:       -0.705, r_peak:        0.020, sig:        8.425, ra_peak:      148.852, dec_peak:       10.105
Characteristic density local = 4826.4 deg^-2 = 1.341 arcmin^-2
Fitting aperture to hotspot...
Candidate: x_peak:        0.015, y_peak:       -0.555, r_peak:        0.020, sig:        9.466, ra_peak:      149.075, dec_peak:       10.255
Characteristic density local = 4734.9 deg^-2 = 1.315 arcmin^-2
Fitting aperture to hotspot...
Candidate: x_peak:        0.025, y_peak:       -0.145, r_peak:        0.010, sig:        9.624, ra_peak:      149.085, dec_peak:       10.665
Characteristic density local = 4894.0 deg^-2 = 1.359 arcmin^-2
Fitting aperture to hotspot...
Candidate: x_peak:        0.595, y_peak:        0.145, r_peak:        0.020, sig:       12.465, ra_peak:      149.666, dec_peak:       10.954
Characteristic density local = 4961.7 deg^-2 = 1.378 arcmin^-2
Fitting aperture to hotspot...
Candidate: x_peak:        0.615, y_peak:       -0.355, r_peak:        0.030, sig:       10.591, ra_peak:      149.685, dec_peak:       10.454
Distance = 125.9 kpc (m-M = 20.5)
643976 objects left after isochrone cut...
Characteristic density = 4400.0 deg^-2
Characteristic density local = 4335.0 deg^-2 = 1.204 arcmin^-2
Fitting aperture to hotspot...
Candidate: x_peak:       -1.285, y_peak:        0.075, r_peak:        0.030, sig:        8.707, ra_peak:      147.751, dec_peak:       10.882
Characteristic density local = 4289.2 deg^-2 = 1.191 arcmin^-2
Fitting aperture to hotspot...
Candidate: x_peak:       -0.695, y_peak:        0.355, r_peak:        0.030, sig:        7.536, ra_peak:      148.352, dec_peak:       11.164
Characteristic density local = 4492.1 deg^-2 = 1.248 arcmin^-2
Fitting aperture to hotspot...
Candidate: x_peak:       -0.565, y_peak:       -0.555, r_peak:        0.030, sig:       11.564, ra_peak:      148.486, dec_peak:       10.254
Characteristic density local = 4669.2 deg^-2 = 1.297 arcmin^-2
Fitting aperture to hotspot...
Candidate: x_peak:       -0.205, y_peak:       -0.705, r_peak:        0.020, sig:        8.542, ra_peak:      148.852, dec_peak:       10.105
Characteristic density local = 4718.9 deg^-2 = 1.311 arcmin^-2
Fitting aperture to hotspot...
Candidate: x_peak:        0.015, y_peak:       -0.555, r_peak:        0.020, sig:        9.551, ra_peak:      149.075, dec_peak:       10.255
Characteristic density local = 4605.5 deg^-2 = 1.279 arcmin^-2
Fitting aperture to hotspot...
Candidate: x_peak:        0.025, y_peak:       -0.145, r_peak:        0.010, sig:        9.691, ra_peak:      149.085, dec_peak:       10.665
Characteristic density local = 4786.6 deg^-2 = 1.330 arcmin^-2
Fitting aperture to hotspot...
Candidate: x_peak:        0.595, y_peak:        0.145, r_peak:        0.020, sig:       12.557, ra_peak:      149.666, dec_peak:       10.954
Characteristic density local = 4860.2 deg^-2 = 1.350 arcmin^-2
Fitting aperture to hotspot...
Candidate: x_peak:        0.615, y_peak:       -0.355, r_peak:        0.030, sig:       10.699, ra_peak:      149.685, dec_peak:       10.454
Distance = 158.5 kpc (m-M = 21.0)
639808 objects left after isochrone cut...
Characteristic density = 4300.0 deg^-2
Characteristic density local = 4203.7 deg^-2 = 1.168 arcmin^-2
Fitting aperture to hotspot...
Candidate: x_peak:       -1.285, y_peak:        0.075, r_peak:        0.030, sig:        8.853, ra_peak:      147.751, dec_peak:       10.882
Characteristic density local = 4179.8 deg^-2 = 1.161 arcmin^-2
Fitting aperture to hotspot...
Candidate: x_peak:       -0.695, y_peak:        0.355, r_peak:        0.030, sig:        7.292, ra_peak:      148.352, dec_peak:       11.164
Characteristic density local = 4362.8 deg^-2 = 1.212 arcmin^-2
Fitting aperture to hotspot...
Candidate: x_peak:       -0.565, y_peak:       -0.555, r_peak:        0.030, sig:       11.715, ra_peak:      148.486, dec_peak:       10.254
Characteristic density local = 4623.5 deg^-2 = 1.284 arcmin^-2
Fitting aperture to hotspot...
Candidate: x_peak:       -0.305, y_peak:       -0.905, r_peak:        0.020, sig:        6.300, ra_peak:      148.750, dec_peak:        9.905
Characteristic density local = 4547.9 deg^-2 = 1.263 arcmin^-2
Fitting aperture to hotspot...
Candidate: x_peak:       -0.205, y_peak:       -0.705, r_peak:        0.020, sig:        8.637, ra_peak:      148.852, dec_peak:       10.105
Characteristic density local = 4597.6 deg^-2 = 1.277 arcmin^-2
Fitting aperture to hotspot...
Candidate: x_peak:        0.015, y_peak:       -0.555, r_peak:        0.020, sig:        9.648, ra_peak:      149.075, dec_peak:       10.255
Characteristic density local = 4484.2 deg^-2 = 1.246 arcmin^-2
Fitting aperture to hotspot...
Candidate: x_peak:        0.025, y_peak:       -0.145, r_peak:        0.010, sig:        9.755, ra_peak:      149.085, dec_peak:       10.665
Characteristic density local = 4653.3 deg^-2 = 1.293 arcmin^-2
Fitting aperture to hotspot...
Candidate: x_peak:        0.595, y_peak:        0.145, r_peak:        0.020, sig:       12.673, ra_peak:      149.666, dec_peak:       10.954
Characteristic density local = 4717.0 deg^-2 = 1.310 arcmin^-2
Fitting aperture to hotspot...
Candidate: x_peak:        0.615, y_peak:       -0.355, r_peak:        0.030, sig:       10.855, ra_peak:      149.685, dec_peak:       10.454
Distance = 199.5 kpc (m-M = 21.5)
635079 objects left after isochrone cut...
Characteristic density = 4100.0 deg^-2
Characteristic density local = 4026.6 deg^-2 = 1.119 arcmin^-2
Fitting aperture to hotspot...
Candidate: x_peak:       -1.285, y_peak:        0.075, r_peak:        0.030, sig:        9.055, ra_peak:      147.751, dec_peak:       10.882
Characteristic density local = 4034.6 deg^-2 = 1.121 arcmin^-2
Fitting aperture to hotspot...
Candidate: x_peak:       -0.705, y_peak:        0.355, r_peak:        0.020, sig:        7.706, ra_peak:      148.341, dec_peak:       11.164
Characteristic density local = 4189.8 deg^-2 = 1.164 arcmin^-2
Fitting aperture to hotspot...
Candidate: x_peak:       -0.565, y_peak:       -0.555, r_peak:        0.030, sig:       11.770, ra_peak:      148.486, dec_peak:       10.254
Characteristic density local = 4446.4 deg^-2 = 1.235 arcmin^-2
Fitting aperture to hotspot...
Candidate: x_peak:       -0.305, y_peak:       -0.905, r_peak:        0.020, sig:        6.429, ra_peak:      148.750, dec_peak:        9.905
Characteristic density local = 4362.8 deg^-2 = 1.212 arcmin^-2
Fitting aperture to hotspot...
Candidate: x_peak:       -0.205, y_peak:       -0.705, r_peak:        0.020, sig:        8.786, ra_peak:      148.852, dec_peak:       10.105
Characteristic density local = 4442.4 deg^-2 = 1.234 arcmin^-2
Fitting aperture to hotspot...
Candidate: x_peak:        0.015, y_peak:       -0.555, r_peak:        0.020, sig:        9.776, ra_peak:      149.075, dec_peak:       10.255
Characteristic density local = 4323.0 deg^-2 = 1.201 arcmin^-2
Fitting aperture to hotspot...
Candidate: x_peak:        0.025, y_peak:       -0.145, r_peak:        0.010, sig:        9.843, ra_peak:      149.085, dec_peak:       10.665
Characteristic density local = 4514.0 deg^-2 = 1.254 arcmin^-2
Fitting aperture to hotspot...
Candidate: x_peak:        0.615, y_peak:       -0.355, r_peak:        0.030, sig:       11.083, ra_peak:      149.685, dec_peak:       10.454
Characteristic density local = 4490.2 deg^-2 = 1.247 arcmin^-2
Fitting aperture to hotspot...
Candidate: x_peak:        0.595, y_peak:        0.145, r_peak:        0.020, sig:       12.819, ra_peak:      149.666, dec_peak:       10.954
Distance = 251.2 kpc (m-M = 22.0)
629402 objects left after isochrone cut...
Characteristic density = 3900.0 deg^-2
Characteristic density local = 3833.6 deg^-2 = 1.065 arcmin^-2
Fitting aperture to hotspot...
Candidate: x_peak:       -1.285, y_peak:        0.075, r_peak:        0.030, sig:        9.110, ra_peak:      147.751, dec_peak:       10.882
Characteristic density local = 3827.7 deg^-2 = 1.063 arcmin^-2
Fitting aperture to hotspot...
Candidate: x_peak:       -0.695, y_peak:        0.355, r_peak:        0.030, sig:        7.500, ra_peak:      148.352, dec_peak:       11.164
Characteristic density local = 3986.8 deg^-2 = 1.107 arcmin^-2
Fitting aperture to hotspot...
Candidate: x_peak:       -0.565, y_peak:       -0.555, r_peak:        0.030, sig:       11.712, ra_peak:      148.486, dec_peak:       10.254
Characteristic density local = 4249.4 deg^-2 = 1.180 arcmin^-2
Fitting aperture to hotspot...
Candidate: x_peak:       -0.305, y_peak:       -0.905, r_peak:        0.020, sig:        6.578, ra_peak:      148.750, dec_peak:        9.905
Characteristic density local = 4144.0 deg^-2 = 1.151 arcmin^-2
Fitting aperture to hotspot...
Candidate: x_peak:       -0.205, y_peak:       -0.705, r_peak:        0.020, sig:        8.968, ra_peak:      148.852, dec_peak:       10.105
Characteristic density local = 4219.6 deg^-2 = 1.172 arcmin^-2
Fitting aperture to hotspot...
Candidate: x_peak:        0.015, y_peak:       -0.555, r_peak:        0.020, sig:        9.757, ra_peak:      149.075, dec_peak:       10.255
Characteristic density local = 4132.1 deg^-2 = 1.148 arcmin^-2
Fitting aperture to hotspot...
Candidate: x_peak:        0.025, y_peak:       -0.145, r_peak:        0.010, sig:        9.950, ra_peak:      149.085, dec_peak:       10.665
Characteristic density local = 4313.1 deg^-2 = 1.198 arcmin^-2
Fitting aperture to hotspot...
Candidate: x_peak:        0.615, y_peak:       -0.355, r_peak:        0.030, sig:       11.316, ra_peak:      149.685, dec_peak:       10.454
Characteristic density local = 4287.2 deg^-2 = 1.191 arcmin^-2
Fitting aperture to hotspot...
Candidate: x_peak:        0.595, y_peak:        0.145, r_peak:        0.020, sig:       13.006, ra_peak:      149.666, dec_peak:       10.954
Distance = 316.2 kpc (m-M = 22.5)
622509 objects left after isochrone cut...
Characteristic density = 3700.0 deg^-2
Characteristic density local = 3579.0 deg^-2 = 0.994 arcmin^-2
Fitting aperture to hotspot...
Candidate: x_peak:       -1.295, y_peak:        0.065, r_peak:        0.030, sig:        9.248, ra_peak:      147.741, dec_peak:       10.872
Characteristic density local = 3602.9 deg^-2 = 1.001 arcmin^-2
Fitting aperture to hotspot...
Candidate: x_peak:       -0.695, y_peak:        0.355, r_peak:        0.030, sig:        7.575, ra_peak:      148.352, dec_peak:       11.164
Characteristic density local = 3742.1 deg^-2 = 1.039 arcmin^-2
Fitting aperture to hotspot...
Candidate: x_peak:       -0.565, y_peak:       -0.555, r_peak:        0.030, sig:       11.869, ra_peak:      148.486, dec_peak:       10.254
Characteristic density local = 4002.7 deg^-2 = 1.112 arcmin^-2
Fitting aperture to hotspot...
Candidate: x_peak:       -0.305, y_peak:       -0.905, r_peak:        0.020, sig:        6.771, ra_peak:      148.750, dec_peak:        9.905
Characteristic density local = 3885.4 deg^-2 = 1.079 arcmin^-2
Fitting aperture to hotspot...
Candidate: x_peak:       -0.205, y_peak:       -0.705, r_peak:        0.020, sig:        9.193, ra_peak:      148.852, dec_peak:       10.105
Characteristic density local = 4012.7 deg^-2 = 1.115 arcmin^-2
Fitting aperture to hotspot...
Candidate: x_peak:        0.015, y_peak:       -0.555, r_peak:        0.020, sig:        9.939, ra_peak:      149.075, dec_peak:       10.255
Characteristic density local = 3927.1 deg^-2 = 1.091 arcmin^-2
Fitting aperture to hotspot...
Candidate: x_peak:        0.035, y_peak:       -0.145, r_peak:        0.020, sig:       10.640, ra_peak:      149.096, dec_peak:       10.665
Characteristic density local = 4116.1 deg^-2 = 1.143 arcmin^-2
Fitting aperture to hotspot...
Candidate: x_peak:        0.615, y_peak:       -0.355, r_peak:        0.030, sig:       11.240, ra_peak:      149.685, dec_peak:       10.454
Characteristic density local = 4084.3 deg^-2 = 1.135 arcmin^-2
Fitting aperture to hotspot...
Candidate: x_peak:        0.595, y_peak:        0.145, r_peak:        0.020, sig:       13.201, ra_peak:      149.666, dec_peak:       10.954
Distance = 398.1 kpc (m-M = 23.0)
613986 objects left after isochrone cut...
Characteristic density = 3400.0 deg^-2
Characteristic density local = 3270.6 deg^-2 = 0.909 arcmin^-2
Fitting aperture to hotspot...
Candidate: x_peak:       -1.295, y_peak:        0.065, r_peak:        0.030, sig:        9.470, ra_peak:      147.741, dec_peak:       10.872
Characteristic density local = 3342.3 deg^-2 = 0.928 arcmin^-2
Fitting aperture to hotspot...
Candidate: x_peak:       -0.705, y_peak:        0.355, r_peak:        0.020, sig:        8.079, ra_peak:      148.341, dec_peak:       11.164
Characteristic density local = 3491.5 deg^-2 = 0.970 arcmin^-2
Fitting aperture to hotspot...
Candidate: x_peak:       -0.565, y_peak:       -0.555, r_peak:        0.030, sig:       11.886, ra_peak:      148.486, dec_peak:       10.254
Characteristic density local = 3698.4 deg^-2 = 1.027 arcmin^-2
Fitting aperture to hotspot...
Candidate: x_peak:       -0.305, y_peak:       -0.905, r_peak:        0.020, sig:        6.771, ra_peak:      148.750, dec_peak:        9.905
Characteristic density local = 3571.0 deg^-2 = 0.992 arcmin^-2
Fitting aperture to hotspot...
Candidate: x_peak:       -0.205, y_peak:       -0.705, r_peak:        0.020, sig:        9.260, ra_peak:      148.852, dec_peak:       10.105
Characteristic density local = 3714.3 deg^-2 = 1.032 arcmin^-2
Fitting aperture to hotspot...
Candidate: x_peak:        0.015, y_peak:       -0.555, r_peak:        0.020, sig:       10.001, ra_peak:      149.075, dec_peak:       10.255
Characteristic density local = 3612.8 deg^-2 = 1.004 arcmin^-2
Fitting aperture to hotspot...
Candidate: x_peak:        0.035, y_peak:       -0.145, r_peak:        0.020, sig:       10.734, ra_peak:      149.096, dec_peak:       10.665
Characteristic density local = 3811.8 deg^-2 = 1.059 arcmin^-2
Fitting aperture to hotspot...
Candidate: x_peak:        0.615, y_peak:       -0.355, r_peak:        0.030, sig:       11.462, ra_peak:      149.685, dec_peak:       10.454
Characteristic density local = 3839.6 deg^-2 = 1.067 arcmin^-2
Fitting aperture to hotspot...
Candidate: x_peak:        0.595, y_peak:        0.145, r_peak:        0.020, sig:       13.446, ra_peak:      149.666, dec_peak:       10.954
13.45 sigma; (RA, Dec, d) = (149.67, 10.95); r = 0.02 deg; d = 398.1, mu = 23.00 mag), mc_source_id: 0.00
11.89 sigma; (RA, Dec, d) = (148.49, 10.25); r = 0.03 deg; d = 398.1, mu = 23.00 mag), mc_source_id: 0.00
11.46 sigma; (RA, Dec, d) = (149.69, 10.45); r = 0.03 deg; d = 398.1, mu = 23.00 mag), mc_source_id: 0.00
10.73 sigma; (RA, Dec, d) = (149.10, 10.66); r = 0.02 deg; d = 398.1, mu = 23.00 mag), mc_source_id: 0.00
10.00 sigma; (RA, Dec, d) = (149.08, 10.25); r = 0.02 deg; d = 398.1, mu = 23.00 mag), mc_source_id: 0.00
9.47 sigma; (RA, Dec, d) = (147.74, 10.87); r = 0.03 deg; d = 398.1, mu = 23.00 mag), mc_source_id: 0.00
9.26 sigma; (RA, Dec, d) = (148.85, 10.10); r = 0.02 deg; d = 398.1, mu = 23.00 mag), mc_source_id: 0.00
8.08 sigma; (RA, Dec, d) = (148.34, 11.16); r = 0.02 deg; d = 398.1, mu = 23.00 mag), mc_source_id: 0.00
6.77 sigma; (RA, Dec, d) = (148.75, 9.90); r = 0.02 deg; d = 398.1, mu = 23.00 mag), mc_source_id: 0.00

------------------------------------------------------------
Job <680157.0> was submitted from <des51.fnal.gov> by user <tavangar>.
Job was executed on host <des40.fnal.gov> as user <tavangar>.
</var/lib/condor/execute/dir_1870410> was used as the initial working directory.
Results reported at Wed Jun  5 07:57:54 CDT 2019

Your job looked like:

------------------------------------------------------------
python /home/s1/tavangar/tavangar_simple/search_algorithm.py 149.06 10.81 0.00 /home/s1/tavangar/tavangar_simple/decals_dr7_results/results_nside_32_4981.csv /home/s1/tavangar/tavangar_simple/decals_dr7_results/decals_dr7_log/results_nside_32_4981.log
------------------------------------------------------------

Successfully completed.

Resource usage summary:

	Real time :			419.13 sec.
	CPU time :			128.44 sec.
	CPU percentage :		94%
	Max Memory :			6037680 KB
	Average Memory :		0 KB

The output (if any) is above this job summary.
