/home/s1/tavangar/tavangar_simple/simple_utils.py:170: FutureWarning: elementwise comparison failed; returning scalar instead, but in the future will perform elementwise comparison
  if np.all(isochrone.stage == 'Main'):
Search coordinates: (RA, Dec) = (320.62, 1.19)
Center healpixel: 6066
Healpixels: [6066 6193 6065 5937 5810 5938 6067 6194 6322]
MC_SOURCE_ID = 0.0
mode = 0: running only on real data
Found 1 objects...
Applying cuts...
1208167 star-like objects in ROI...
993002 galaxy-like objects in ROI...
No fracdet map specified ...
Distance = 15.8 kpc (m-M = 16.0)
1208141 objects left after isochrone cut...
Characteristic density = 14300.0 deg^-2
Characteristic density local = 15163.5 deg^-2 = 4.212 arcmin^-2
Fitting aperture to hotspot...
Candidate: x_peak:       -1.055, y_peak:        0.005, r_peak:        0.020, sig:        9.635, ra_peak:      319.565, dec_peak:        1.195
Characteristic density local = 14528.9 deg^-2 = 4.036 arcmin^-2
Fitting aperture to hotspot...
Candidate: x_peak:       -0.485, y_peak:        0.045, r_peak:        0.020, sig:        6.219, ra_peak:      320.135, dec_peak:        1.235
Characteristic density local = 14477.1 deg^-2 = 4.021 arcmin^-2
Fitting aperture to hotspot...
Candidate: x_peak:       -0.355, y_peak:       -0.515, r_peak:        0.020, sig:        9.901, ra_peak:      320.265, dec_peak:        0.675
Characteristic density local = 14556.7 deg^-2 = 4.044 arcmin^-2
Fitting aperture to hotspot...
Candidate: x_peak:       -0.175, y_peak:        0.835, r_peak:        0.030, sig:       10.245, ra_peak:      320.445, dec_peak:        2.025
Characteristic density local = 14479.1 deg^-2 = 4.022 arcmin^-2
Fitting aperture to hotspot...
Candidate: x_peak:       -0.165, y_peak:        0.165, r_peak:        0.020, sig:       12.365, ra_peak:      320.455, dec_peak:        1.355
Characteristic density local = 14375.7 deg^-2 = 3.993 arcmin^-2
Fitting aperture to hotspot...
Candidate: x_peak:        0.135, y_peak:        1.055, r_peak:        0.020, sig:       10.083, ra_peak:      320.755, dec_peak:        2.245
Characteristic density local = 14228.5 deg^-2 = 3.952 arcmin^-2
Fitting aperture to hotspot...
Candidate: x_peak:        0.325, y_peak:        0.485, r_peak:        0.030, sig:        6.460, ra_peak:      320.945, dec_peak:        1.675
Characteristic density local = 14335.9 deg^-2 = 3.982 arcmin^-2
Fitting aperture to hotspot...
Candidate: x_peak:        0.715, y_peak:        0.135, r_peak:        0.020, sig:       10.663, ra_peak:      321.335, dec_peak:        1.325
Characteristic density local = 13938.0 deg^-2 = 3.872 arcmin^-2
Fitting aperture to hotspot...
Candidate: x_peak:        0.995, y_peak:       -0.095, r_peak:        0.030, sig:       24.894, ra_peak:      321.615, dec_peak:        1.095
Distance = 20.0 kpc (m-M = 16.5)
1208158 objects left after isochrone cut...
Characteristic density = 14300.0 deg^-2
Characteristic density local = 15163.5 deg^-2 = 4.212 arcmin^-2
Fitting aperture to hotspot...
Candidate: x_peak:       -1.055, y_peak:        0.005, r_peak:        0.020, sig:        9.635, ra_peak:      319.565, dec_peak:        1.195
Characteristic density local = 14528.9 deg^-2 = 4.036 arcmin^-2
Fitting aperture to hotspot...
Candidate: x_peak:       -0.485, y_peak:        0.045, r_peak:        0.020, sig:        6.219, ra_peak:      320.135, dec_peak:        1.235
Characteristic density local = 14477.1 deg^-2 = 4.021 arcmin^-2
Fitting aperture to hotspot...
Candidate: x_peak:       -0.355, y_peak:       -0.515, r_peak:        0.020, sig:        9.901, ra_peak:      320.265, dec_peak:        0.675
Characteristic density local = 14556.7 deg^-2 = 4.044 arcmin^-2
Fitting aperture to hotspot...
Candidate: x_peak:       -0.175, y_peak:        0.835, r_peak:        0.030, sig:       10.245, ra_peak:      320.445, dec_peak:        2.025
Characteristic density local = 14479.1 deg^-2 = 4.022 arcmin^-2
Fitting aperture to hotspot...
Candidate: x_peak:       -0.165, y_peak:        0.165, r_peak:        0.020, sig:       12.365, ra_peak:      320.455, dec_peak:        1.355
Characteristic density local = 14375.7 deg^-2 = 3.993 arcmin^-2
Fitting aperture to hotspot...
Candidate: x_peak:        0.135, y_peak:        1.055, r_peak:        0.020, sig:       10.083, ra_peak:      320.755, dec_peak:        2.245
Characteristic density local = 14228.5 deg^-2 = 3.952 arcmin^-2
Fitting aperture to hotspot...
Candidate: x_peak:        0.325, y_peak:        0.485, r_peak:        0.030, sig:        6.460, ra_peak:      320.945, dec_peak:        1.675
Characteristic density local = 14335.9 deg^-2 = 3.982 arcmin^-2
Fitting aperture to hotspot...
Candidate: x_peak:        0.715, y_peak:        0.135, r_peak:        0.020, sig:       10.663, ra_peak:      321.335, dec_peak:        1.325
Characteristic density local = 13938.0 deg^-2 = 3.872 arcmin^-2
Fitting aperture to hotspot...
Candidate: x_peak:        0.995, y_peak:       -0.095, r_peak:        0.030, sig:       24.894, ra_peak:      321.615, dec_peak:        1.095
Distance = 25.1 kpc (m-M = 17.0)
1208163 objects left after isochrone cut...
Characteristic density = 14300.0 deg^-2
Characteristic density local = 15163.5 deg^-2 = 4.212 arcmin^-2
Fitting aperture to hotspot...
Candidate: x_peak:       -1.055, y_peak:        0.005, r_peak:        0.020, sig:        9.635, ra_peak:      319.565, dec_peak:        1.195
Characteristic density local = 14528.9 deg^-2 = 4.036 arcmin^-2
Fitting aperture to hotspot...
Candidate: x_peak:       -0.485, y_peak:        0.045, r_peak:        0.020, sig:        6.219, ra_peak:      320.135, dec_peak:        1.235
Characteristic density local = 14477.1 deg^-2 = 4.021 arcmin^-2
Fitting aperture to hotspot...
Candidate: x_peak:       -0.355, y_peak:       -0.515, r_peak:        0.020, sig:        9.901, ra_peak:      320.265, dec_peak:        0.675
Characteristic density local = 14556.7 deg^-2 = 4.044 arcmin^-2
Fitting aperture to hotspot...
Candidate: x_peak:       -0.175, y_peak:        0.835, r_peak:        0.030, sig:       10.245, ra_peak:      320.445, dec_peak:        2.025
Characteristic density local = 14479.1 deg^-2 = 4.022 arcmin^-2
Fitting aperture to hotspot...
Candidate: x_peak:       -0.165, y_peak:        0.165, r_peak:        0.020, sig:       12.365, ra_peak:      320.455, dec_peak:        1.355
Characteristic density local = 14375.7 deg^-2 = 3.993 arcmin^-2
Fitting aperture to hotspot...
Candidate: x_peak:        0.135, y_peak:        1.055, r_peak:        0.020, sig:       10.083, ra_peak:      320.755, dec_peak:        2.245
Characteristic density local = 14228.5 deg^-2 = 3.952 arcmin^-2
Fitting aperture to hotspot...
Candidate: x_peak:        0.325, y_peak:        0.485, r_peak:        0.030, sig:        6.460, ra_peak:      320.945, dec_peak:        1.675
Characteristic density local = 14335.9 deg^-2 = 3.982 arcmin^-2
Fitting aperture to hotspot...
Candidate: x_peak:        0.715, y_peak:        0.135, r_peak:        0.020, sig:       10.663, ra_peak:      321.335, dec_peak:        1.325
Characteristic density local = 13938.0 deg^-2 = 3.872 arcmin^-2
Fitting aperture to hotspot...
Candidate: x_peak:        0.995, y_peak:       -0.095, r_peak:        0.030, sig:       24.894, ra_peak:      321.615, dec_peak:        1.095
Distance = 31.6 kpc (m-M = 17.5)
1208165 objects left after isochrone cut...
Characteristic density = 14300.0 deg^-2
Characteristic density local = 15163.5 deg^-2 = 4.212 arcmin^-2
Fitting aperture to hotspot...
Candidate: x_peak:       -1.055, y_peak:        0.005, r_peak:        0.020, sig:        9.635, ra_peak:      319.565, dec_peak:        1.195
Characteristic density local = 14528.9 deg^-2 = 4.036 arcmin^-2
Fitting aperture to hotspot...
Candidate: x_peak:       -0.485, y_peak:        0.045, r_peak:        0.020, sig:        6.219, ra_peak:      320.135, dec_peak:        1.235
Characteristic density local = 14477.1 deg^-2 = 4.021 arcmin^-2
Fitting aperture to hotspot...
Candidate: x_peak:       -0.355, y_peak:       -0.515, r_peak:        0.020, sig:        9.901, ra_peak:      320.265, dec_peak:        0.675
Characteristic density local = 14556.7 deg^-2 = 4.044 arcmin^-2
Fitting aperture to hotspot...
Candidate: x_peak:       -0.175, y_peak:        0.835, r_peak:        0.030, sig:       10.245, ra_peak:      320.445, dec_peak:        2.025
Characteristic density local = 14479.1 deg^-2 = 4.022 arcmin^-2
Fitting aperture to hotspot...
Candidate: x_peak:       -0.165, y_peak:        0.165, r_peak:        0.020, sig:       12.365, ra_peak:      320.455, dec_peak:        1.355
Characteristic density local = 14375.7 deg^-2 = 3.993 arcmin^-2
Fitting aperture to hotspot...
Candidate: x_peak:        0.135, y_peak:        1.055, r_peak:        0.020, sig:       10.083, ra_peak:      320.755, dec_peak:        2.245
Characteristic density local = 14228.5 deg^-2 = 3.952 arcmin^-2
Fitting aperture to hotspot...
Candidate: x_peak:        0.325, y_peak:        0.485, r_peak:        0.030, sig:        6.460, ra_peak:      320.945, dec_peak:        1.675
Characteristic density local = 14335.9 deg^-2 = 3.982 arcmin^-2
Fitting aperture to hotspot...
Candidate: x_peak:        0.715, y_peak:        0.135, r_peak:        0.020, sig:       10.663, ra_peak:      321.335, dec_peak:        1.325
Characteristic density local = 13938.0 deg^-2 = 3.872 arcmin^-2
Fitting aperture to hotspot...
Candidate: x_peak:        0.995, y_peak:       -0.095, r_peak:        0.030, sig:       24.894, ra_peak:      321.615, dec_peak:        1.095
Distance = 39.8 kpc (m-M = 18.0)
1208157 objects left after isochrone cut...
Characteristic density = 14300.0 deg^-2
Characteristic density local = 15163.5 deg^-2 = 4.212 arcmin^-2
Fitting aperture to hotspot...
Candidate: x_peak:       -1.055, y_peak:        0.005, r_peak:        0.020, sig:        9.635, ra_peak:      319.565, dec_peak:        1.195
Characteristic density local = 14528.9 deg^-2 = 4.036 arcmin^-2
Fitting aperture to hotspot...
Candidate: x_peak:       -0.485, y_peak:        0.045, r_peak:        0.020, sig:        6.219, ra_peak:      320.135, dec_peak:        1.235
Characteristic density local = 14477.1 deg^-2 = 4.021 arcmin^-2
Fitting aperture to hotspot...
Candidate: x_peak:       -0.355, y_peak:       -0.515, r_peak:        0.020, sig:        9.901, ra_peak:      320.265, dec_peak:        0.675
Characteristic density local = 14556.7 deg^-2 = 4.044 arcmin^-2
Fitting aperture to hotspot...
Candidate: x_peak:       -0.175, y_peak:        0.835, r_peak:        0.030, sig:       10.245, ra_peak:      320.445, dec_peak:        2.025
Characteristic density local = 14479.1 deg^-2 = 4.022 arcmin^-2
Fitting aperture to hotspot...
Candidate: x_peak:       -0.165, y_peak:        0.165, r_peak:        0.020, sig:       12.365, ra_peak:      320.455, dec_peak:        1.355
Characteristic density local = 14373.7 deg^-2 = 3.993 arcmin^-2
Fitting aperture to hotspot...
Candidate: x_peak:        0.135, y_peak:        1.055, r_peak:        0.020, sig:       10.084, ra_peak:      320.755, dec_peak:        2.245
Characteristic density local = 14228.5 deg^-2 = 3.952 arcmin^-2
Fitting aperture to hotspot...
Candidate: x_peak:        0.325, y_peak:        0.485, r_peak:        0.030, sig:        6.460, ra_peak:      320.945, dec_peak:        1.675
Characteristic density local = 14335.9 deg^-2 = 3.982 arcmin^-2
Fitting aperture to hotspot...
Candidate: x_peak:        0.715, y_peak:        0.135, r_peak:        0.020, sig:       10.663, ra_peak:      321.335, dec_peak:        1.325
Characteristic density local = 13938.0 deg^-2 = 3.872 arcmin^-2
Fitting aperture to hotspot...
Candidate: x_peak:        0.995, y_peak:       -0.095, r_peak:        0.030, sig:       24.894, ra_peak:      321.615, dec_peak:        1.095
Distance = 50.1 kpc (m-M = 18.5)
1207687 objects left after isochrone cut...
Characteristic density = 14300.0 deg^-2
Characteristic density local = 15163.5 deg^-2 = 4.212 arcmin^-2
Fitting aperture to hotspot...
Candidate: x_peak:       -1.055, y_peak:        0.005, r_peak:        0.020, sig:        9.635, ra_peak:      319.565, dec_peak:        1.195
Characteristic density local = 14528.9 deg^-2 = 4.036 arcmin^-2
Fitting aperture to hotspot...
Candidate: x_peak:       -0.485, y_peak:        0.045, r_peak:        0.020, sig:        6.219, ra_peak:      320.135, dec_peak:        1.235
Characteristic density local = 14477.1 deg^-2 = 4.021 arcmin^-2
Fitting aperture to hotspot...
Candidate: x_peak:       -0.355, y_peak:       -0.515, r_peak:        0.020, sig:        9.901, ra_peak:      320.265, dec_peak:        0.675
Characteristic density local = 14546.8 deg^-2 = 4.041 arcmin^-2
Fitting aperture to hotspot...
Candidate: x_peak:       -0.175, y_peak:        0.835, r_peak:        0.030, sig:       10.251, ra_peak:      320.445, dec_peak:        2.025
Characteristic density local = 14477.1 deg^-2 = 4.021 arcmin^-2
Fitting aperture to hotspot...
Candidate: x_peak:       -0.165, y_peak:        0.165, r_peak:        0.020, sig:       12.366, ra_peak:      320.455, dec_peak:        1.355
Characteristic density local = 14329.9 deg^-2 = 3.981 arcmin^-2
Fitting aperture to hotspot...
Candidate: x_peak:        0.135, y_peak:        1.055, r_peak:        0.020, sig:       10.102, ra_peak:      320.755, dec_peak:        2.245
Characteristic density local = 14224.5 deg^-2 = 3.951 arcmin^-2
Fitting aperture to hotspot...
Candidate: x_peak:        0.325, y_peak:        0.485, r_peak:        0.030, sig:        6.462, ra_peak:      320.945, dec_peak:        1.675
Characteristic density local = 14335.9 deg^-2 = 3.982 arcmin^-2
Fitting aperture to hotspot...
Candidate: x_peak:        0.715, y_peak:        0.135, r_peak:        0.020, sig:       10.663, ra_peak:      321.335, dec_peak:        1.325
Characteristic density local = 13938.0 deg^-2 = 3.872 arcmin^-2
Fitting aperture to hotspot...
Candidate: x_peak:        0.995, y_peak:       -0.095, r_peak:        0.030, sig:       24.894, ra_peak:      321.615, dec_peak:        1.095
Distance = 63.1 kpc (m-M = 19.0)
1204995 objects left after isochrone cut...
Characteristic density = 14200.0 deg^-2
Characteristic density local = 15093.9 deg^-2 = 4.193 arcmin^-2
Fitting aperture to hotspot...
Candidate: x_peak:       -1.055, y_peak:        0.005, r_peak:        0.020, sig:        9.661, ra_peak:      319.565, dec_peak:        1.195
Characteristic density local = 14491.1 deg^-2 = 4.025 arcmin^-2
Fitting aperture to hotspot...
Candidate: x_peak:       -0.485, y_peak:        0.045, r_peak:        0.020, sig:        6.232, ra_peak:      320.135, dec_peak:        1.235
Characteristic density local = 14439.3 deg^-2 = 4.011 arcmin^-2
Fitting aperture to hotspot...
Candidate: x_peak:       -0.355, y_peak:       -0.515, r_peak:        0.020, sig:        9.916, ra_peak:      320.265, dec_peak:        0.675
Characteristic density local = 14471.2 deg^-2 = 4.020 arcmin^-2
Fitting aperture to hotspot...
Candidate: x_peak:       -0.175, y_peak:        0.835, r_peak:        0.030, sig:       10.292, ra_peak:      320.445, dec_peak:        2.025
Characteristic density local = 14427.4 deg^-2 = 4.008 arcmin^-2
Fitting aperture to hotspot...
Candidate: x_peak:       -0.165, y_peak:        0.165, r_peak:        0.020, sig:       12.387, ra_peak:      320.455, dec_peak:        1.355
Characteristic density local = 14220.5 deg^-2 = 3.950 arcmin^-2
Fitting aperture to hotspot...
Candidate: x_peak:        0.135, y_peak:        1.055, r_peak:        0.020, sig:       10.145, ra_peak:      320.755, dec_peak:        2.245
Characteristic density local = 14150.9 deg^-2 = 3.931 arcmin^-2
Fitting aperture to hotspot...
Candidate: x_peak:        0.325, y_peak:        0.485, r_peak:        0.030, sig:        6.379, ra_peak:      320.945, dec_peak:        1.675
Characteristic density local = 14286.1 deg^-2 = 3.968 arcmin^-2
Fitting aperture to hotspot...
Candidate: x_peak:        0.715, y_peak:        0.135, r_peak:        0.020, sig:       10.683, ra_peak:      321.335, dec_peak:        1.325
Characteristic density local = 13900.2 deg^-2 = 3.861 arcmin^-2
Fitting aperture to hotspot...
Candidate: x_peak:        0.995, y_peak:       -0.095, r_peak:        0.030, sig:       24.920, ra_peak:      321.615, dec_peak:        1.095
Distance = 79.4 kpc (m-M = 19.5)
1196733 objects left after isochrone cut...
Characteristic density = 13900.0 deg^-2
Characteristic density local = 14779.5 deg^-2 = 4.105 arcmin^-2
Fitting aperture to hotspot...
Candidate: x_peak:       -1.055, y_peak:        0.005, r_peak:        0.020, sig:        9.640, ra_peak:      319.565, dec_peak:        1.195
Characteristic density local = 14212.5 deg^-2 = 3.948 arcmin^-2
Fitting aperture to hotspot...
Candidate: x_peak:       -0.485, y_peak:        0.045, r_peak:        0.020, sig:        6.333, ra_peak:      320.135, dec_peak:        1.235
Characteristic density local = 14190.7 deg^-2 = 3.942 arcmin^-2
Fitting aperture to hotspot...
Candidate: x_peak:       -0.355, y_peak:       -0.515, r_peak:        0.020, sig:       10.015, ra_peak:      320.265, dec_peak:        0.675
Characteristic density local = 14158.8 deg^-2 = 3.933 arcmin^-2
Fitting aperture to hotspot...
Candidate: x_peak:       -0.175, y_peak:        0.835, r_peak:        0.030, sig:       10.358, ra_peak:      320.445, dec_peak:        2.025
Characteristic density local = 14140.9 deg^-2 = 3.928 arcmin^-2
Fitting aperture to hotspot...
Candidate: x_peak:       -0.165, y_peak:        0.165, r_peak:        0.020, sig:       12.507, ra_peak:      320.455, dec_peak:        1.355
Characteristic density local = 13949.9 deg^-2 = 3.875 arcmin^-2
Fitting aperture to hotspot...
Candidate: x_peak:        0.135, y_peak:        1.055, r_peak:        0.020, sig:       10.255, ra_peak:      320.755, dec_peak:        2.245
Characteristic density local = 13892.2 deg^-2 = 3.859 arcmin^-2
Fitting aperture to hotspot...
Candidate: x_peak:        0.325, y_peak:        0.485, r_peak:        0.030, sig:        6.514, ra_peak:      320.945, dec_peak:        1.675
Characteristic density local = 14009.6 deg^-2 = 3.892 arcmin^-2
Fitting aperture to hotspot...
Candidate: x_peak:        0.725, y_peak:        0.135, r_peak:        0.020, sig:       10.655, ra_peak:      321.345, dec_peak:        1.325
Characteristic density local = 13657.5 deg^-2 = 3.794 arcmin^-2
Fitting aperture to hotspot...
Candidate: x_peak:        0.995, y_peak:       -0.095, r_peak:        0.030, sig:       25.090, ra_peak:      321.615, dec_peak:        1.095
Distance = 100.0 kpc (m-M = 20.0)
1185792 objects left after isochrone cut...
Characteristic density = 13500.0 deg^-2
Characteristic density local = 14421.4 deg^-2 = 4.006 arcmin^-2
Fitting aperture to hotspot...
Candidate: x_peak:       -1.055, y_peak:        0.005, r_peak:        0.020, sig:        9.780, ra_peak:      319.565, dec_peak:        1.195
Characteristic density local = 13816.6 deg^-2 = 3.838 arcmin^-2
Fitting aperture to hotspot...
Candidate: x_peak:       -0.485, y_peak:        0.045, r_peak:        0.020, sig:        6.479, ra_peak:      320.135, dec_peak:        1.235
Characteristic density local = 13802.7 deg^-2 = 3.834 arcmin^-2
Fitting aperture to hotspot...
Candidate: x_peak:       -0.365, y_peak:       -0.515, r_peak:        0.020, sig:       10.458, ra_peak:      320.255, dec_peak:        0.675
Characteristic density local = 13802.7 deg^-2 = 3.834 arcmin^-2
Fitting aperture to hotspot...
Candidate: x_peak:       -0.175, y_peak:        0.835, r_peak:        0.030, sig:       10.558, ra_peak:      320.445, dec_peak:        2.025
Characteristic density local = 13751.0 deg^-2 = 3.820 arcmin^-2
Fitting aperture to hotspot...
Candidate: x_peak:       -0.165, y_peak:        0.165, r_peak:        0.020, sig:       12.675, ra_peak:      320.455, dec_peak:        1.355
Characteristic density local = 13613.7 deg^-2 = 3.782 arcmin^-2
Fitting aperture to hotspot...
Candidate: x_peak:        0.135, y_peak:        1.055, r_peak:        0.020, sig:       10.393, ra_peak:      320.755, dec_peak:        2.245
Characteristic density local = 13542.1 deg^-2 = 3.762 arcmin^-2
Fitting aperture to hotspot...
Candidate: x_peak:        0.325, y_peak:        0.485, r_peak:        0.030, sig:        6.577, ra_peak:      320.945, dec_peak:        1.675
Characteristic density local = 13665.4 deg^-2 = 3.796 arcmin^-2
Fitting aperture to hotspot...
Candidate: x_peak:        0.725, y_peak:        0.135, r_peak:        0.020, sig:       10.798, ra_peak:      321.345, dec_peak:        1.325
Characteristic density local = 13367.0 deg^-2 = 3.713 arcmin^-2
Fitting aperture to hotspot...
Candidate: x_peak:        0.995, y_peak:       -0.095, r_peak:        0.030, sig:       25.297, ra_peak:      321.615, dec_peak:        1.095
Distance = 125.9 kpc (m-M = 20.5)
1172489 objects left after isochrone cut...
Characteristic density = 13100.0 deg^-2
Characteristic density local = 13912.1 deg^-2 = 3.864 arcmin^-2
Fitting aperture to hotspot...
Candidate: x_peak:       -1.055, y_peak:        0.005, r_peak:        0.020, sig:        9.839, ra_peak:      319.565, dec_peak:        1.195
Characteristic density local = 13333.2 deg^-2 = 3.704 arcmin^-2
Fitting aperture to hotspot...
Candidate: x_peak:       -0.485, y_peak:        0.045, r_peak:        0.020, sig:        6.662, ra_peak:      320.135, dec_peak:        1.235
Characteristic density local = 13365.0 deg^-2 = 3.713 arcmin^-2
Fitting aperture to hotspot...
Candidate: x_peak:       -0.355, y_peak:       -0.515, r_peak:        0.020, sig:       10.208, ra_peak:      320.265, dec_peak:        0.675
Characteristic density local = 13351.1 deg^-2 = 3.709 arcmin^-2
Fitting aperture to hotspot...
Candidate: x_peak:       -0.175, y_peak:        0.835, r_peak:        0.030, sig:       10.709, ra_peak:      320.445, dec_peak:        2.025
Characteristic density local = 13285.5 deg^-2 = 3.690 arcmin^-2
Fitting aperture to hotspot...
Candidate: x_peak:       -0.165, y_peak:        0.165, r_peak:        0.020, sig:       12.745, ra_peak:      320.455, dec_peak:        1.355
Characteristic density local = 13219.8 deg^-2 = 3.672 arcmin^-2
Fitting aperture to hotspot...
Candidate: x_peak:        0.135, y_peak:        1.055, r_peak:        0.020, sig:       10.414, ra_peak:      320.755, dec_peak:        2.245
Characteristic density local = 13112.4 deg^-2 = 3.642 arcmin^-2
Fitting aperture to hotspot...
Candidate: x_peak:        0.325, y_peak:        0.485, r_peak:        0.030, sig:        6.561, ra_peak:      320.945, dec_peak:        1.675
Characteristic density local = 13235.7 deg^-2 = 3.677 arcmin^-2
Fitting aperture to hotspot...
Candidate: x_peak:        0.725, y_peak:        0.135, r_peak:        0.020, sig:       10.979, ra_peak:      321.345, dec_peak:        1.325
Characteristic density local = 12969.1 deg^-2 = 3.603 arcmin^-2
Fitting aperture to hotspot...
Candidate: x_peak:        0.995, y_peak:       -0.095, r_peak:        0.030, sig:       25.507, ra_peak:      321.615, dec_peak:        1.095
Distance = 158.5 kpc (m-M = 21.0)
1156319 objects left after isochrone cut...
Characteristic density = 12500.0 deg^-2
Characteristic density local = 13291.4 deg^-2 = 3.692 arcmin^-2
Fitting aperture to hotspot...
Candidate: x_peak:       -1.055, y_peak:        0.005, r_peak:        0.020, sig:        9.801, ra_peak:      319.565, dec_peak:        1.195
Characteristic density local = 12742.3 deg^-2 = 3.540 arcmin^-2
Fitting aperture to hotspot...
Candidate: x_peak:       -0.485, y_peak:        0.045, r_peak:        0.020, sig:        6.892, ra_peak:      320.135, dec_peak:        1.235
Characteristic density local = 12827.9 deg^-2 = 3.563 arcmin^-2
Fitting aperture to hotspot...
Candidate: x_peak:       -0.365, y_peak:       -0.515, r_peak:        0.020, sig:       10.436, ra_peak:      320.255, dec_peak:        0.675
Characteristic density local = 12796.1 deg^-2 = 3.554 arcmin^-2
Fitting aperture to hotspot...
Candidate: x_peak:       -0.175, y_peak:        0.835, r_peak:        0.030, sig:       11.036, ra_peak:      320.445, dec_peak:        2.025
Characteristic density local = 12672.7 deg^-2 = 3.520 arcmin^-2
Fitting aperture to hotspot...
Candidate: x_peak:       -0.165, y_peak:        0.165, r_peak:        0.020, sig:       13.022, ra_peak:      320.455, dec_peak:        1.355
Characteristic density local = 12706.5 deg^-2 = 3.530 arcmin^-2
Fitting aperture to hotspot...
Candidate: x_peak:        0.135, y_peak:        1.055, r_peak:        0.020, sig:       10.488, ra_peak:      320.755, dec_peak:        2.245
Characteristic density local = 12559.3 deg^-2 = 3.489 arcmin^-2
Fitting aperture to hotspot...
Candidate: x_peak:        0.325, y_peak:        0.485, r_peak:        0.030, sig:        6.866, ra_peak:      320.945, dec_peak:        1.675
Characteristic density local = 12638.9 deg^-2 = 3.511 arcmin^-2
Fitting aperture to hotspot...
Candidate: x_peak:        0.725, y_peak:        0.135, r_peak:        0.020, sig:       11.239, ra_peak:      321.345, dec_peak:        1.325
Characteristic density local = 12453.9 deg^-2 = 3.459 arcmin^-2
Fitting aperture to hotspot...
Candidate: x_peak:        0.995, y_peak:       -0.095, r_peak:        0.030, sig:       25.651, ra_peak:      321.615, dec_peak:        1.095
Distance = 199.5 kpc (m-M = 21.5)
1137456 objects left after isochrone cut...
Characteristic density = 11900.0 deg^-2
Characteristic density local = 12567.3 deg^-2 = 3.491 arcmin^-2
Fitting aperture to hotspot...
Candidate: x_peak:       -1.055, y_peak:        0.005, r_peak:        0.020, sig:       10.107, ra_peak:      319.565, dec_peak:        1.195
Characteristic density local = 12038.1 deg^-2 = 3.344 arcmin^-2
Fitting aperture to hotspot...
Candidate: x_peak:       -0.485, y_peak:        0.045, r_peak:        0.020, sig:        7.176, ra_peak:      320.135, dec_peak:        1.235
Characteristic density local = 12119.6 deg^-2 = 3.367 arcmin^-2
Fitting aperture to hotspot...
Candidate: x_peak:       -0.355, y_peak:       -0.515, r_peak:        0.020, sig:       10.304, ra_peak:      320.265, dec_peak:        0.675
Characteristic density local = 12209.2 deg^-2 = 3.391 arcmin^-2
Fitting aperture to hotspot...
Candidate: x_peak:       -0.175, y_peak:        0.835, r_peak:        0.030, sig:       11.284, ra_peak:      320.445, dec_peak:        2.025
Characteristic density local = 12089.8 deg^-2 = 3.358 arcmin^-2
Fitting aperture to hotspot...
Candidate: x_peak:       -0.165, y_peak:        0.165, r_peak:        0.020, sig:       13.159, ra_peak:      320.455, dec_peak:        1.355
Characteristic density local = 12101.7 deg^-2 = 3.362 arcmin^-2
Fitting aperture to hotspot...
Candidate: x_peak:        0.135, y_peak:        1.055, r_peak:        0.020, sig:       10.608, ra_peak:      320.755, dec_peak:        2.245
Characteristic density local = 11934.6 deg^-2 = 3.315 arcmin^-2
Fitting aperture to hotspot...
Candidate: x_peak:        0.325, y_peak:        0.485, r_peak:        0.030, sig:        7.095, ra_peak:      320.945, dec_peak:        1.675
Characteristic density local = 12056.0 deg^-2 = 3.349 arcmin^-2
Fitting aperture to hotspot...
Candidate: x_peak:        0.725, y_peak:        0.135, r_peak:        0.020, sig:       11.358, ra_peak:      321.345, dec_peak:        1.325
Characteristic density local = 11813.3 deg^-2 = 3.281 arcmin^-2
Fitting aperture to hotspot...
Candidate: x_peak:        0.995, y_peak:       -0.095, r_peak:        0.030, sig:       25.902, ra_peak:      321.615, dec_peak:        1.095
Distance = 251.2 kpc (m-M = 22.0)
1115134 objects left after isochrone cut...
Characteristic density = 11200.0 deg^-2
Characteristic density local = 11837.1 deg^-2 = 3.288 arcmin^-2
Fitting aperture to hotspot...
Candidate: x_peak:       -1.055, y_peak:        0.005, r_peak:        0.020, sig:       10.430, ra_peak:      319.565, dec_peak:        1.195
Characteristic density local = 11290.1 deg^-2 = 3.136 arcmin^-2
Fitting aperture to hotspot...
Candidate: x_peak:       -0.485, y_peak:        0.045, r_peak:        0.020, sig:        7.321, ra_peak:      320.135, dec_peak:        1.235
Characteristic density local = 11357.7 deg^-2 = 3.155 arcmin^-2
Fitting aperture to hotspot...
Candidate: x_peak:       -0.355, y_peak:       -0.515, r_peak:        0.020, sig:       10.500, ra_peak:      320.265, dec_peak:        0.675
Characteristic density local = 11451.2 deg^-2 = 3.181 arcmin^-2
Fitting aperture to hotspot...
Candidate: x_peak:       -0.175, y_peak:        0.835, r_peak:        0.030, sig:       11.204, ra_peak:      320.445, dec_peak:        2.025
Characteristic density local = 11292.0 deg^-2 = 3.137 arcmin^-2
Fitting aperture to hotspot...
Candidate: x_peak:       -0.165, y_peak:        0.165, r_peak:        0.020, sig:       13.548, ra_peak:      320.455, dec_peak:        1.355
Characteristic density local = 11339.8 deg^-2 = 3.150 arcmin^-2
Fitting aperture to hotspot...
Candidate: x_peak:        0.135, y_peak:        1.055, r_peak:        0.020, sig:       10.958, ra_peak:      320.755, dec_peak:        2.245
Characteristic density local = 11091.1 deg^-2 = 3.081 arcmin^-2
Fitting aperture to hotspot...
Candidate: x_peak:        0.315, y_peak:        0.485, r_peak:        0.030, sig:        6.290, ra_peak:      320.935, dec_peak:        1.675
Characteristic density local = 11339.8 deg^-2 = 3.150 arcmin^-2
Fitting aperture to hotspot...
Candidate: x_peak:        0.715, y_peak:        0.135, r_peak:        0.020, sig:       11.547, ra_peak:      321.335, dec_peak:        1.325
Characteristic density local = 11122.9 deg^-2 = 3.090 arcmin^-2
Fitting aperture to hotspot...
Candidate: x_peak:        0.995, y_peak:       -0.095, r_peak:        0.030, sig:       26.376, ra_peak:      321.615, dec_peak:        1.095
Distance = 316.2 kpc (m-M = 22.5)
1089737 objects left after isochrone cut...
Characteristic density = 10300.0 deg^-2
Characteristic density local = 10975.7 deg^-2 = 3.049 arcmin^-2
Fitting aperture to hotspot...
Candidate: x_peak:       -1.055, y_peak:        0.005, r_peak:        0.020, sig:       10.375, ra_peak:      319.565, dec_peak:        1.195
Characteristic density local = 10452.5 deg^-2 = 2.903 arcmin^-2
Fitting aperture to hotspot...
Candidate: x_peak:       -0.485, y_peak:        0.045, r_peak:        0.020, sig:        7.518, ra_peak:      320.135, dec_peak:        1.235
Characteristic density local = 10518.2 deg^-2 = 2.922 arcmin^-2
Fitting aperture to hotspot...
Candidate: x_peak:       -0.355, y_peak:       -0.515, r_peak:        0.020, sig:       10.749, ra_peak:      320.265, dec_peak:        0.675
Characteristic density local = 10619.6 deg^-2 = 2.950 arcmin^-2
Fitting aperture to hotspot...
Candidate: x_peak:       -0.175, y_peak:        0.835, r_peak:        0.030, sig:       11.177, ra_peak:      320.445, dec_peak:        2.025
Characteristic density local = 10436.6 deg^-2 = 2.899 arcmin^-2
Fitting aperture to hotspot...
Candidate: x_peak:       -0.165, y_peak:        0.165, r_peak:        0.020, sig:       13.712, ra_peak:      320.455, dec_peak:        1.355
Characteristic density local = 10544.0 deg^-2 = 2.929 arcmin^-2
Fitting aperture to hotspot...
Candidate: x_peak:        0.135, y_peak:        1.055, r_peak:        0.020, sig:       10.889, ra_peak:      320.755, dec_peak:        2.245
Characteristic density local = 10239.6 deg^-2 = 2.844 arcmin^-2
Fitting aperture to hotspot...
Candidate: x_peak:        0.315, y_peak:        0.485, r_peak:        0.030, sig:        6.537, ra_peak:      320.935, dec_peak:        1.675
Characteristic density local = 10548.0 deg^-2 = 2.930 arcmin^-2
Fitting aperture to hotspot...
Candidate: x_peak:        0.715, y_peak:        0.135, r_peak:        0.020, sig:       11.640, ra_peak:      321.335, dec_peak:        1.325
Characteristic density local = 10380.9 deg^-2 = 2.884 arcmin^-2
Fitting aperture to hotspot...
Candidate: x_peak:        0.995, y_peak:       -0.095, r_peak:        0.030, sig:       26.920, ra_peak:      321.615, dec_peak:        1.095
Distance = 398.1 kpc (m-M = 23.0)
1060254 objects left after isochrone cut...
Characteristic density = 9400.0 deg^-2
Characteristic density local = 9921.3 deg^-2 = 2.756 arcmin^-2
Fitting aperture to hotspot...
Candidate: x_peak:       -1.055, y_peak:        0.005, r_peak:        0.020, sig:       10.581, ra_peak:      319.565, dec_peak:        1.195
Characteristic density local = 9479.7 deg^-2 = 2.633 arcmin^-2
Fitting aperture to hotspot...
Candidate: x_peak:       -0.485, y_peak:        0.045, r_peak:        0.020, sig:        7.618, ra_peak:      320.135, dec_peak:        1.235
Characteristic density local = 9567.2 deg^-2 = 2.658 arcmin^-2
Fitting aperture to hotspot...
Candidate: x_peak:       -0.355, y_peak:       -0.515, r_peak:        0.020, sig:       11.077, ra_peak:      320.265, dec_peak:        0.675
Characteristic density local = 9551.3 deg^-2 = 2.653 arcmin^-2
Fitting aperture to hotspot...
Candidate: x_peak:       -0.175, y_peak:        0.835, r_peak:        0.030, sig:       11.569, ra_peak:      320.445, dec_peak:        2.025
Characteristic density local = 9427.9 deg^-2 = 2.619 arcmin^-2
Fitting aperture to hotspot...
Candidate: x_peak:       -0.165, y_peak:        0.165, r_peak:        0.030, sig:       14.296, ra_peak:      320.455, dec_peak:        1.355
Characteristic density local = 9523.4 deg^-2 = 2.645 arcmin^-2
Fitting aperture to hotspot...
Candidate: x_peak:        0.135, y_peak:        1.055, r_peak:        0.020, sig:       10.786, ra_peak:      320.755, dec_peak:        2.245
Characteristic density local = 9248.9 deg^-2 = 2.569 arcmin^-2
Fitting aperture to hotspot...
Candidate: x_peak:        0.315, y_peak:        0.485, r_peak:        0.030, sig:        7.039, ra_peak:      320.935, dec_peak:        1.675
Characteristic density local = 9624.9 deg^-2 = 2.674 arcmin^-2
Fitting aperture to hotspot...
Candidate: x_peak:        0.715, y_peak:        0.135, r_peak:        0.020, sig:       11.664, ra_peak:      321.335, dec_peak:        1.325
Characteristic density local = 9433.9 deg^-2 = 2.621 arcmin^-2
Fitting aperture to hotspot...
Candidate: x_peak:        0.995, y_peak:       -0.095, r_peak:        0.030, sig:       27.353, ra_peak:      321.615, dec_peak:        1.095
27.35 sigma; (RA, Dec, d) = (321.62, 1.09); r = 0.03 deg; d = 398.1, mu = 23.00 mag), mc_source_id: 0.00
14.30 sigma; (RA, Dec, d) = (320.45, 1.35); r = 0.03 deg; d = 398.1, mu = 23.00 mag), mc_source_id: 0.00
11.66 sigma; (RA, Dec, d) = (321.34, 1.32); r = 0.02 deg; d = 398.1, mu = 23.00 mag), mc_source_id: 0.00
11.57 sigma; (RA, Dec, d) = (320.44, 2.03); r = 0.03 deg; d = 398.1, mu = 23.00 mag), mc_source_id: 0.00
11.08 sigma; (RA, Dec, d) = (320.26, 0.67); r = 0.02 deg; d = 398.1, mu = 23.00 mag), mc_source_id: 0.00
10.96 sigma; (RA, Dec, d) = (320.76, 2.25); r = 0.02 deg; d = 251.2, mu = 22.00 mag), mc_source_id: 0.00
10.58 sigma; (RA, Dec, d) = (319.56, 1.19); r = 0.02 deg; d = 398.1, mu = 23.00 mag), mc_source_id: 0.00
7.62 sigma; (RA, Dec, d) = (320.13, 1.23); r = 0.02 deg; d = 398.1, mu = 23.00 mag), mc_source_id: 0.00
7.10 sigma; (RA, Dec, d) = (320.95, 1.67); r = 0.03 deg; d = 199.5, mu = 21.50 mag), mc_source_id: 0.00

------------------------------------------------------------
Job <680899.0> was submitted from <des51.fnal.gov> by user <tavangar>.
Job was executed on host <des40.fnal.gov> as user <tavangar>.
</var/lib/condor/execute/dir_2018621> was used as the initial working directory.
Results reported at Wed Jun  5 12:09:12 CDT 2019

Your job looked like:

------------------------------------------------------------
python /home/s1/tavangar/tavangar_simple/search_algorithm.py 320.62 1.19 0.00 /home/s1/tavangar/tavangar_simple/decals_dr7_results/results_nside_32_6066.csv /home/s1/tavangar/tavangar_simple/decals_dr7_results/decals_dr7_log/results_nside_32_6066.log
------------------------------------------------------------

Successfully completed.

Resource usage summary:

	Real time :			493.42 sec.
	CPU time :			33.94 sec.
	CPU percentage :		84%
	Max Memory :			7625776 KB
	Average Memory :		0 KB

The output (if any) is above this job summary.
