/home/s1/tavangar/tavangar_simple/simple_utils.py:170: FutureWarning: elementwise comparison failed; returning scalar instead, but in the future will perform elementwise comparison
  if np.all(isochrone.stage == 'Main'):
Search coordinates: (RA, Dec) = (133.59, 9.59)
Center healpixel: 5103
Healpixels: [5103 5231 5102 4975 4847 4976 5104 5232 5359]
MC_SOURCE_ID = 0.0
mode = 0: running only on real data
Found 1 objects...
Applying cuts...
775987 star-like objects in ROI...
1059517 galaxy-like objects in ROI...
No fracdet map specified ...
Distance = 15.8 kpc (m-M = 16.0)
775963 objects left after isochrone cut...
Characteristic density = 6100.0 deg^-2
Characteristic density local = 6901.4 deg^-2 = 1.917 arcmin^-2
Fitting aperture to hotspot...
Candidate: x_peak:       -0.325, y_peak:       -0.405, r_peak:        0.020, sig:        7.061, ra_peak:      133.261, dec_peak:        9.185
Characteristic density local = 6217.0 deg^-2 = 1.727 arcmin^-2
Fitting aperture to hotspot...
Candidate: x_peak:       -0.245, y_peak:        0.045, r_peak:        0.020, sig:        7.052, ra_peak:      133.341, dec_peak:        9.635
Characteristic density local = 6919.3 deg^-2 = 1.922 arcmin^-2
Fitting aperture to hotspot...
Candidate: x_peak:       -0.075, y_peak:       -1.135, r_peak:        0.060, sig:        6.431, ra_peak:      133.514, dec_peak:        8.455
Characteristic density local = 7010.8 deg^-2 = 1.947 arcmin^-2
Fitting aperture to hotspot...
Candidate: x_peak:       -0.025, y_peak:       -0.705, r_peak:        0.040, sig:        6.159, ra_peak:      133.565, dec_peak:        8.885
Characteristic density local = 6833.7 deg^-2 = 1.898 arcmin^-2
Fitting aperture to hotspot...
Candidate: x_peak:       -0.045, y_peak:       -1.155, r_peak:        0.070, sig:        5.100, ra_peak:      133.545, dec_peak:        8.435
Characteristic density local = 6189.1 deg^-2 = 1.719 arcmin^-2
Fitting aperture to hotspot...
Candidate: x_peak:       -0.015, y_peak:        0.715, r_peak:        0.020, sig:        6.641, ra_peak:      133.575, dec_peak:       10.305
Characteristic density local = 6676.5 deg^-2 = 1.855 arcmin^-2
Fitting aperture to hotspot...
Candidate: x_peak:        0.105, y_peak:       -1.005, r_peak:        0.020, sig:        6.566, ra_peak:      133.696, dec_peak:        8.585
Characteristic density local = 6511.4 deg^-2 = 1.809 arcmin^-2
Fitting aperture to hotspot...
Candidate: x_peak:        0.825, y_peak:       -0.205, r_peak:        0.020, sig:       14.053, ra_peak:      134.426, dec_peak:        9.384
Characteristic density local = 6400.0 deg^-2 = 1.778 arcmin^-2
Fitting aperture to hotspot...
Candidate: x_peak:        1.065, y_peak:       -0.125, r_peak:        0.030, sig:        5.766, ra_peak:      134.670, dec_peak:        9.463
Distance = 20.0 kpc (m-M = 16.5)
775977 objects left after isochrone cut...
Characteristic density = 6100.0 deg^-2
Characteristic density local = 6901.4 deg^-2 = 1.917 arcmin^-2
Fitting aperture to hotspot...
Candidate: x_peak:       -0.325, y_peak:       -0.405, r_peak:        0.020, sig:        7.061, ra_peak:      133.261, dec_peak:        9.185
Characteristic density local = 6217.0 deg^-2 = 1.727 arcmin^-2
Fitting aperture to hotspot...
Candidate: x_peak:       -0.245, y_peak:        0.045, r_peak:        0.020, sig:        7.052, ra_peak:      133.341, dec_peak:        9.635
Characteristic density local = 6919.3 deg^-2 = 1.922 arcmin^-2
Fitting aperture to hotspot...
Candidate: x_peak:       -0.075, y_peak:       -1.135, r_peak:        0.060, sig:        6.431, ra_peak:      133.514, dec_peak:        8.455
Characteristic density local = 7010.8 deg^-2 = 1.947 arcmin^-2
Fitting aperture to hotspot...
Candidate: x_peak:       -0.025, y_peak:       -0.705, r_peak:        0.040, sig:        6.159, ra_peak:      133.565, dec_peak:        8.885
Characteristic density local = 6833.7 deg^-2 = 1.898 arcmin^-2
Fitting aperture to hotspot...
Candidate: x_peak:       -0.045, y_peak:       -1.155, r_peak:        0.070, sig:        5.100, ra_peak:      133.545, dec_peak:        8.435
Characteristic density local = 6189.1 deg^-2 = 1.719 arcmin^-2
Fitting aperture to hotspot...
Candidate: x_peak:       -0.015, y_peak:        0.715, r_peak:        0.020, sig:        6.641, ra_peak:      133.575, dec_peak:       10.305
Characteristic density local = 6676.5 deg^-2 = 1.855 arcmin^-2
Fitting aperture to hotspot...
Candidate: x_peak:        0.105, y_peak:       -1.005, r_peak:        0.020, sig:        6.566, ra_peak:      133.696, dec_peak:        8.585
Characteristic density local = 6511.4 deg^-2 = 1.809 arcmin^-2
Fitting aperture to hotspot...
Candidate: x_peak:        0.825, y_peak:       -0.205, r_peak:        0.020, sig:       14.053, ra_peak:      134.426, dec_peak:        9.384
Characteristic density local = 6400.0 deg^-2 = 1.778 arcmin^-2
Fitting aperture to hotspot...
Candidate: x_peak:        1.065, y_peak:       -0.125, r_peak:        0.030, sig:        5.766, ra_peak:      134.670, dec_peak:        9.463
Distance = 25.1 kpc (m-M = 17.0)
775985 objects left after isochrone cut...
Characteristic density = 6100.0 deg^-2
Characteristic density local = 6901.4 deg^-2 = 1.917 arcmin^-2
Fitting aperture to hotspot...
Candidate: x_peak:       -0.325, y_peak:       -0.405, r_peak:        0.020, sig:        7.061, ra_peak:      133.261, dec_peak:        9.185
Characteristic density local = 6217.0 deg^-2 = 1.727 arcmin^-2
Fitting aperture to hotspot...
Candidate: x_peak:       -0.245, y_peak:        0.045, r_peak:        0.020, sig:        7.052, ra_peak:      133.341, dec_peak:        9.635
Characteristic density local = 6919.3 deg^-2 = 1.922 arcmin^-2
Fitting aperture to hotspot...
Candidate: x_peak:       -0.075, y_peak:       -1.135, r_peak:        0.060, sig:        6.431, ra_peak:      133.514, dec_peak:        8.455
Characteristic density local = 7010.8 deg^-2 = 1.947 arcmin^-2
Fitting aperture to hotspot...
Candidate: x_peak:       -0.025, y_peak:       -0.705, r_peak:        0.040, sig:        6.159, ra_peak:      133.565, dec_peak:        8.885
Characteristic density local = 6833.7 deg^-2 = 1.898 arcmin^-2
Fitting aperture to hotspot...
Candidate: x_peak:       -0.045, y_peak:       -1.155, r_peak:        0.070, sig:        5.100, ra_peak:      133.545, dec_peak:        8.435
Characteristic density local = 6189.1 deg^-2 = 1.719 arcmin^-2
Fitting aperture to hotspot...
Candidate: x_peak:       -0.015, y_peak:        0.715, r_peak:        0.020, sig:        6.641, ra_peak:      133.575, dec_peak:       10.305
Characteristic density local = 6676.5 deg^-2 = 1.855 arcmin^-2
Fitting aperture to hotspot...
Candidate: x_peak:        0.105, y_peak:       -1.005, r_peak:        0.020, sig:        6.566, ra_peak:      133.696, dec_peak:        8.585
Characteristic density local = 6511.4 deg^-2 = 1.809 arcmin^-2
Fitting aperture to hotspot...
Candidate: x_peak:        0.825, y_peak:       -0.205, r_peak:        0.020, sig:       14.053, ra_peak:      134.426, dec_peak:        9.384
Characteristic density local = 6400.0 deg^-2 = 1.778 arcmin^-2
Fitting aperture to hotspot...
Candidate: x_peak:        1.065, y_peak:       -0.125, r_peak:        0.030, sig:        5.766, ra_peak:      134.670, dec_peak:        9.463
Distance = 31.6 kpc (m-M = 17.5)
775984 objects left after isochrone cut...
Characteristic density = 6100.0 deg^-2
Characteristic density local = 6901.4 deg^-2 = 1.917 arcmin^-2
Fitting aperture to hotspot...
Candidate: x_peak:       -0.325, y_peak:       -0.405, r_peak:        0.020, sig:        7.061, ra_peak:      133.261, dec_peak:        9.185
Characteristic density local = 6217.0 deg^-2 = 1.727 arcmin^-2
Fitting aperture to hotspot...
Candidate: x_peak:       -0.245, y_peak:        0.045, r_peak:        0.020, sig:        7.052, ra_peak:      133.341, dec_peak:        9.635
Characteristic density local = 6919.3 deg^-2 = 1.922 arcmin^-2
Fitting aperture to hotspot...
Candidate: x_peak:       -0.075, y_peak:       -1.135, r_peak:        0.060, sig:        6.431, ra_peak:      133.514, dec_peak:        8.455
Characteristic density local = 7008.8 deg^-2 = 1.947 arcmin^-2
Fitting aperture to hotspot...
Candidate: x_peak:       -0.025, y_peak:       -0.705, r_peak:        0.040, sig:        6.161, ra_peak:      133.565, dec_peak:        8.885
Characteristic density local = 6833.7 deg^-2 = 1.898 arcmin^-2
Fitting aperture to hotspot...
Candidate: x_peak:       -0.045, y_peak:       -1.155, r_peak:        0.070, sig:        5.100, ra_peak:      133.545, dec_peak:        8.435
Characteristic density local = 6189.1 deg^-2 = 1.719 arcmin^-2
Fitting aperture to hotspot...
Candidate: x_peak:       -0.015, y_peak:        0.715, r_peak:        0.020, sig:        6.641, ra_peak:      133.575, dec_peak:       10.305
Characteristic density local = 6674.6 deg^-2 = 1.854 arcmin^-2
Fitting aperture to hotspot...
Candidate: x_peak:        0.105, y_peak:       -1.005, r_peak:        0.020, sig:        6.567, ra_peak:      133.696, dec_peak:        8.585
Characteristic density local = 6511.4 deg^-2 = 1.809 arcmin^-2
Fitting aperture to hotspot...
Candidate: x_peak:        0.825, y_peak:       -0.205, r_peak:        0.020, sig:       14.053, ra_peak:      134.426, dec_peak:        9.384
Characteristic density local = 6400.0 deg^-2 = 1.778 arcmin^-2
Fitting aperture to hotspot...
Candidate: x_peak:        1.065, y_peak:       -0.125, r_peak:        0.030, sig:        5.766, ra_peak:      134.670, dec_peak:        9.463
Distance = 39.8 kpc (m-M = 18.0)
775982 objects left after isochrone cut...
Characteristic density = 6100.0 deg^-2
Characteristic density local = 6901.4 deg^-2 = 1.917 arcmin^-2
Fitting aperture to hotspot...
Candidate: x_peak:       -0.325, y_peak:       -0.405, r_peak:        0.020, sig:        7.061, ra_peak:      133.261, dec_peak:        9.185
Characteristic density local = 6217.0 deg^-2 = 1.727 arcmin^-2
Fitting aperture to hotspot...
Candidate: x_peak:       -0.245, y_peak:        0.045, r_peak:        0.020, sig:        7.052, ra_peak:      133.341, dec_peak:        9.635
Characteristic density local = 6919.3 deg^-2 = 1.922 arcmin^-2
Fitting aperture to hotspot...
Candidate: x_peak:       -0.075, y_peak:       -1.135, r_peak:        0.060, sig:        6.431, ra_peak:      133.514, dec_peak:        8.455
Characteristic density local = 7006.8 deg^-2 = 1.946 arcmin^-2
Fitting aperture to hotspot...
Candidate: x_peak:       -0.025, y_peak:       -0.705, r_peak:        0.040, sig:        6.163, ra_peak:      133.565, dec_peak:        8.885
Characteristic density local = 6833.7 deg^-2 = 1.898 arcmin^-2
Fitting aperture to hotspot...
Candidate: x_peak:       -0.045, y_peak:       -1.155, r_peak:        0.070, sig:        5.100, ra_peak:      133.545, dec_peak:        8.435
Characteristic density local = 6189.1 deg^-2 = 1.719 arcmin^-2
Fitting aperture to hotspot...
Candidate: x_peak:       -0.015, y_peak:        0.715, r_peak:        0.020, sig:        6.641, ra_peak:      133.575, dec_peak:       10.305
Characteristic density local = 6674.6 deg^-2 = 1.854 arcmin^-2
Fitting aperture to hotspot...
Candidate: x_peak:        0.105, y_peak:       -1.005, r_peak:        0.020, sig:        6.567, ra_peak:      133.696, dec_peak:        8.585
Characteristic density local = 6511.4 deg^-2 = 1.809 arcmin^-2
Fitting aperture to hotspot...
Candidate: x_peak:        0.825, y_peak:       -0.205, r_peak:        0.020, sig:       14.053, ra_peak:      134.426, dec_peak:        9.384
Characteristic density local = 6400.0 deg^-2 = 1.778 arcmin^-2
Fitting aperture to hotspot...
Candidate: x_peak:        1.065, y_peak:       -0.125, r_peak:        0.030, sig:        5.766, ra_peak:      134.670, dec_peak:        9.463
Distance = 50.1 kpc (m-M = 18.5)
775681 objects left after isochrone cut...
Characteristic density = 6100.0 deg^-2
Characteristic density local = 6885.4 deg^-2 = 1.913 arcmin^-2
Fitting aperture to hotspot...
Candidate: x_peak:       -0.325, y_peak:       -0.405, r_peak:        0.020, sig:        7.070, ra_peak:      133.261, dec_peak:        9.185
Characteristic density local = 6209.0 deg^-2 = 1.725 arcmin^-2
Fitting aperture to hotspot...
Candidate: x_peak:       -0.245, y_peak:        0.045, r_peak:        0.020, sig:        7.057, ra_peak:      133.341, dec_peak:        9.635
Characteristic density local = 6915.3 deg^-2 = 1.921 arcmin^-2
Fitting aperture to hotspot...
Candidate: x_peak:       -0.075, y_peak:       -1.135, r_peak:        0.060, sig:        6.437, ra_peak:      133.514, dec_peak:        8.455
Characteristic density local = 6996.8 deg^-2 = 1.944 arcmin^-2
Fitting aperture to hotspot...
Candidate: x_peak:       -0.025, y_peak:       -0.705, r_peak:        0.040, sig:        6.173, ra_peak:      133.565, dec_peak:        8.885
Characteristic density local = 6829.7 deg^-2 = 1.897 arcmin^-2
Fitting aperture to hotspot...
Candidate: x_peak:       -0.045, y_peak:       -1.155, r_peak:        0.070, sig:        5.106, ra_peak:      133.545, dec_peak:        8.435
Characteristic density local = 6177.2 deg^-2 = 1.716 arcmin^-2
Fitting aperture to hotspot...
Candidate: x_peak:       -0.015, y_peak:        0.715, r_peak:        0.020, sig:        6.648, ra_peak:      133.575, dec_peak:       10.305
Characteristic density local = 6662.6 deg^-2 = 1.851 arcmin^-2
Fitting aperture to hotspot...
Candidate: x_peak:        0.105, y_peak:       -1.005, r_peak:        0.020, sig:        6.574, ra_peak:      133.696, dec_peak:        8.585
Characteristic density local = 6471.6 deg^-2 = 1.798 arcmin^-2
Fitting aperture to hotspot...
Candidate: x_peak:        0.825, y_peak:       -0.205, r_peak:        0.020, sig:       14.082, ra_peak:      134.426, dec_peak:        9.384
Characteristic density local = 6370.2 deg^-2 = 1.769 arcmin^-2
Fitting aperture to hotspot...
Candidate: x_peak:        1.065, y_peak:       -0.125, r_peak:        0.030, sig:        5.790, ra_peak:      134.670, dec_peak:        9.463
Distance = 63.1 kpc (m-M = 19.0)
773809 objects left after isochrone cut...
Characteristic density = 6000.0 deg^-2
Characteristic density local = 6268.7 deg^-2 = 1.741 arcmin^-2
Fitting aperture to hotspot...
Candidate: x_peak:       -1.295, y_peak:        0.075, r_peak:        0.020, sig:        2.163, ra_peak:      132.276, dec_peak:        9.663
Characteristic density local = 6334.4 deg^-2 = 1.760 arcmin^-2
Fitting aperture to hotspot...
Candidate: x_peak:        0.825, y_peak:       -0.205, r_peak:        0.020, sig:       14.183, ra_peak:      134.426, dec_peak:        9.384
Characteristic density local = 5896.7 deg^-2 = 1.638 arcmin^-2
Fitting aperture to hotspot...
Candidate: x_peak:       -0.155, y_peak:        0.885, r_peak:        0.020, sig:        4.747, ra_peak:      133.432, dec_peak:       10.475
Characteristic density local = 6298.6 deg^-2 = 1.750 arcmin^-2
Fitting aperture to hotspot...
Candidate: x_peak:       -0.105, y_peak:        0.435, r_peak:        0.010, sig:        3.083, ra_peak:      133.483, dec_peak:       10.025
Characteristic density local = 5870.8 deg^-2 = 1.631 arcmin^-2
Fitting aperture to hotspot...
Candidate: x_peak:       -0.025, y_peak:        1.005, r_peak:        0.220, sig:        2.182, ra_peak:      133.565, dec_peak:       10.595
Characteristic density local = 5821.1 deg^-2 = 1.617 arcmin^-2
Fitting aperture to hotspot...
Candidate: x_peak:        0.025, y_peak:        1.195, r_peak:        0.040, sig:        4.189, ra_peak:      133.615, dec_peak:       10.785
Characteristic density local = 6246.8 deg^-2 = 1.735 arcmin^-2
Fitting aperture to hotspot...
Candidate: x_peak:        0.735, y_peak:        0.575, r_peak:        0.170, sig:        0.856, ra_peak:      134.337, dec_peak:       10.164
Distance = 79.4 kpc (m-M = 19.5)
771191 objects left after isochrone cut...
Characteristic density = 6000.0 deg^-2
Characteristic density local = 6630.8 deg^-2 = 1.842 arcmin^-2
Fitting aperture to hotspot...
Candidate: x_peak:       -0.325, y_peak:       -0.405, r_peak:        0.020, sig:        7.219, ra_peak:      133.261, dec_peak:        9.185
Characteristic density local = 6045.9 deg^-2 = 1.679 arcmin^-2
Fitting aperture to hotspot...
Candidate: x_peak:       -0.255, y_peak:        0.045, r_peak:        0.020, sig:        7.158, ra_peak:      133.331, dec_peak:        9.635
Characteristic density local = 6286.6 deg^-2 = 1.746 arcmin^-2
Fitting aperture to hotspot...
Candidate: x_peak:       -0.235, y_peak:       -0.125, r_peak:        0.040, sig:        4.155, ra_peak:      133.352, dec_peak:        9.465
Characteristic density local = 6750.2 deg^-2 = 1.875 arcmin^-2
Fitting aperture to hotspot...
Candidate: x_peak:       -0.075, y_peak:       -1.135, r_peak:        0.060, sig:        6.674, ra_peak:      133.514, dec_peak:        8.455
Characteristic density local = 6772.0 deg^-2 = 1.881 arcmin^-2
Fitting aperture to hotspot...
Candidate: x_peak:       -0.015, y_peak:       -0.705, r_peak:        0.020, sig:        6.722, ra_peak:      133.575, dec_peak:        8.885
Characteristic density local = 6099.6 deg^-2 = 1.694 arcmin^-2
Fitting aperture to hotspot...
Candidate: x_peak:       -0.015, y_peak:        0.715, r_peak:        0.020, sig:        6.695, ra_peak:      133.575, dec_peak:       10.305
Characteristic density local = 6475.6 deg^-2 = 1.799 arcmin^-2
Fitting aperture to hotspot...
Candidate: x_peak:        0.095, y_peak:       -1.005, r_peak:        0.030, sig:        5.873, ra_peak:      133.686, dec_peak:        8.585
Characteristic density local = 6175.2 deg^-2 = 1.715 arcmin^-2
Fitting aperture to hotspot...
Candidate: x_peak:        0.825, y_peak:       -0.205, r_peak:        0.020, sig:       14.303, ra_peak:      134.426, dec_peak:        9.384
Characteristic density local = 6167.3 deg^-2 = 1.713 arcmin^-2
Fitting aperture to hotspot...
Candidate: x_peak:        1.065, y_peak:       -0.125, r_peak:        0.030, sig:        5.786, ra_peak:      134.670, dec_peak:        9.463
Distance = 100.0 kpc (m-M = 20.0)
767911 objects left after isochrone cut...
Characteristic density = 5900.0 deg^-2
Characteristic density local = 6467.7 deg^-2 = 1.797 arcmin^-2
Fitting aperture to hotspot...
Candidate: x_peak:       -0.325, y_peak:       -0.405, r_peak:        0.020, sig:        7.317, ra_peak:      133.261, dec_peak:        9.185
Characteristic density local = 5946.4 deg^-2 = 1.652 arcmin^-2
Fitting aperture to hotspot...
Candidate: x_peak:       -0.255, y_peak:        0.045, r_peak:        0.020, sig:        7.221, ra_peak:      133.331, dec_peak:        9.635
Characteristic density local = 6626.8 deg^-2 = 1.841 arcmin^-2
Fitting aperture to hotspot...
Candidate: x_peak:       -0.075, y_peak:       -1.135, r_peak:        0.060, sig:        6.761, ra_peak:      133.514, dec_peak:        8.455
Characteristic density local = 6616.9 deg^-2 = 1.838 arcmin^-2
Fitting aperture to hotspot...
Candidate: x_peak:       -0.055, y_peak:       -1.145, r_peak:        0.060, sig:        6.776, ra_peak:      133.534, dec_peak:        8.445
Characteristic density local = 6545.2 deg^-2 = 1.818 arcmin^-2
Fitting aperture to hotspot...
Candidate: x_peak:       -0.045, y_peak:       -1.155, r_peak:        0.070, sig:        5.489, ra_peak:      133.545, dec_peak:        8.435
Characteristic density local = 6579.1 deg^-2 = 1.828 arcmin^-2
Fitting aperture to hotspot...
Candidate: x_peak:       -0.015, y_peak:       -0.705, r_peak:        0.020, sig:        6.623, ra_peak:      133.575, dec_peak:        8.885
Characteristic density local = 6028.0 deg^-2 = 1.674 arcmin^-2
Fitting aperture to hotspot...
Candidate: x_peak:       -0.015, y_peak:        0.715, r_peak:        0.020, sig:        6.740, ra_peak:      133.575, dec_peak:       10.305
Characteristic density local = 6376.1 deg^-2 = 1.771 arcmin^-2
Fitting aperture to hotspot...
Candidate: x_peak:        0.095, y_peak:       -1.005, r_peak:        0.020, sig:        5.870, ra_peak:      133.686, dec_peak:        8.585
Characteristic density local = 6002.1 deg^-2 = 1.667 arcmin^-2
Fitting aperture to hotspot...
Candidate: x_peak:        0.825, y_peak:       -0.205, r_peak:        0.020, sig:       14.436, ra_peak:      134.426, dec_peak:        9.384
Distance = 125.9 kpc (m-M = 20.5)
763854 objects left after isochrone cut...
Characteristic density = 5700.0 deg^-2
Characteristic density local = 5819.1 deg^-2 = 1.616 arcmin^-2
Fitting aperture to hotspot...
Candidate: x_peak:       -0.945, y_peak:        0.065, r_peak:        0.040, sig:        4.041, ra_peak:      132.631, dec_peak:        9.654
Characteristic density local = 6274.7 deg^-2 = 1.743 arcmin^-2
Fitting aperture to hotspot...
Candidate: x_peak:       -0.325, y_peak:       -0.405, r_peak:        0.020, sig:        7.435, ra_peak:      133.261, dec_peak:        9.185
Characteristic density local = 5809.2 deg^-2 = 1.614 arcmin^-2
Fitting aperture to hotspot...
Candidate: x_peak:       -0.255, y_peak:        0.045, r_peak:        0.020, sig:        7.309, ra_peak:      133.331, dec_peak:        9.635
Characteristic density local = 6481.6 deg^-2 = 1.800 arcmin^-2
Fitting aperture to hotspot...
Candidate: x_peak:       -0.075, y_peak:       -1.135, r_peak:        0.060, sig:        6.976, ra_peak:      133.514, dec_peak:        8.455
Characteristic density local = 6402.0 deg^-2 = 1.778 arcmin^-2
Fitting aperture to hotspot...
Candidate: x_peak:       -0.015, y_peak:       -0.705, r_peak:        0.020, sig:        6.727, ra_peak:      133.575, dec_peak:        8.885
Characteristic density local = 5930.5 deg^-2 = 1.647 arcmin^-2
Fitting aperture to hotspot...
Candidate: x_peak:       -0.015, y_peak:        0.715, r_peak:        0.020, sig:        6.582, ra_peak:      133.575, dec_peak:       10.305
Characteristic density local = 6209.0 deg^-2 = 1.725 arcmin^-2
Fitting aperture to hotspot...
Candidate: x_peak:        0.095, y_peak:       -1.005, r_peak:        0.020, sig:        5.968, ra_peak:      133.686, dec_peak:        8.585
Characteristic density local = 5793.2 deg^-2 = 1.609 arcmin^-2
Fitting aperture to hotspot...
Candidate: x_peak:        0.825, y_peak:       -0.205, r_peak:        0.020, sig:       14.600, ra_peak:      134.426, dec_peak:        9.384
Characteristic density local = 5767.4 deg^-2 = 1.602 arcmin^-2
Fitting aperture to hotspot...
Candidate: x_peak:        1.055, y_peak:       -0.125, r_peak:        0.020, sig:        6.684, ra_peak:      134.660, dec_peak:        9.463
Distance = 158.5 kpc (m-M = 21.0)
758679 objects left after isochrone cut...
Characteristic density = 5600.0 deg^-2
Characteristic density local = 5679.8 deg^-2 = 1.578 arcmin^-2
Fitting aperture to hotspot...
Candidate: x_peak:       -0.945, y_peak:        0.065, r_peak:        0.040, sig:        4.036, ra_peak:      132.631, dec_peak:        9.654
Characteristic density local = 6045.9 deg^-2 = 1.679 arcmin^-2
Fitting aperture to hotspot...
Candidate: x_peak:       -0.325, y_peak:       -0.405, r_peak:        0.020, sig:        7.578, ra_peak:      133.261, dec_peak:        9.185
Characteristic density local = 5572.4 deg^-2 = 1.548 arcmin^-2
Fitting aperture to hotspot...
Candidate: x_peak:       -0.255, y_peak:        0.045, r_peak:        0.020, sig:        6.810, ra_peak:      133.331, dec_peak:        9.635
Characteristic density local = 6276.7 deg^-2 = 1.744 arcmin^-2
Fitting aperture to hotspot...
Candidate: x_peak:       -0.075, y_peak:       -1.135, r_peak:        0.060, sig:        7.097, ra_peak:      133.514, dec_peak:        8.455
Characteristic density local = 6139.4 deg^-2 = 1.705 arcmin^-2
Fitting aperture to hotspot...
Candidate: x_peak:       -0.015, y_peak:       -0.705, r_peak:        0.020, sig:        6.887, ra_peak:      133.575, dec_peak:        8.885
Characteristic density local = 5781.3 deg^-2 = 1.606 arcmin^-2
Fitting aperture to hotspot...
Candidate: x_peak:       -0.015, y_peak:        0.715, r_peak:        0.020, sig:        6.675, ra_peak:      133.575, dec_peak:       10.305
Characteristic density local = 5994.2 deg^-2 = 1.665 arcmin^-2
Fitting aperture to hotspot...
Candidate: x_peak:        0.095, y_peak:       -1.005, r_peak:        0.020, sig:        6.097, ra_peak:      133.686, dec_peak:        8.585
Characteristic density local = 5544.6 deg^-2 = 1.540 arcmin^-2
Fitting aperture to hotspot...
Candidate: x_peak:        0.825, y_peak:       -0.195, r_peak:        0.020, sig:       14.317, ra_peak:      134.426, dec_peak:        9.394
Characteristic density local = 5552.5 deg^-2 = 1.542 arcmin^-2
Fitting aperture to hotspot...
Candidate: x_peak:        1.055, y_peak:       -0.125, r_peak:        0.020, sig:        6.823, ra_peak:      134.660, dec_peak:        9.463
Distance = 199.5 kpc (m-M = 21.5)
751743 objects left after isochrone cut...
Characteristic density = 5300.0 deg^-2
Characteristic density local = 5488.9 deg^-2 = 1.525 arcmin^-2
Fitting aperture to hotspot...
Candidate: x_peak:       -0.955, y_peak:        0.065, r_peak:        0.020, sig:        4.741, ra_peak:      132.621, dec_peak:        9.654
Characteristic density local = 5813.1 deg^-2 = 1.615 arcmin^-2
Fitting aperture to hotspot...
Candidate: x_peak:       -0.335, y_peak:       -0.405, r_peak:        0.020, sig:        7.937, ra_peak:      133.251, dec_peak:        9.185
Characteristic density local = 5341.6 deg^-2 = 1.484 arcmin^-2
Fitting aperture to hotspot...
Candidate: x_peak:       -0.255, y_peak:        0.045, r_peak:        0.020, sig:        6.963, ra_peak:      133.331, dec_peak:        9.635
Characteristic density local = 6008.1 deg^-2 = 1.669 arcmin^-2
Fitting aperture to hotspot...
Candidate: x_peak:       -0.075, y_peak:       -1.135, r_peak:        0.060, sig:        7.416, ra_peak:      133.514, dec_peak:        8.455
Characteristic density local = 5874.8 deg^-2 = 1.632 arcmin^-2
Fitting aperture to hotspot...
Candidate: x_peak:       -0.015, y_peak:       -0.705, r_peak:        0.020, sig:        6.616, ra_peak:      133.575, dec_peak:        8.885
Characteristic density local = 5582.4 deg^-2 = 1.551 arcmin^-2
Fitting aperture to hotspot...
Candidate: x_peak:       -0.015, y_peak:        0.715, r_peak:        0.020, sig:        6.580, ra_peak:      133.575, dec_peak:       10.305
Characteristic density local = 5721.6 deg^-2 = 1.589 arcmin^-2
Fitting aperture to hotspot...
Candidate: x_peak:        0.095, y_peak:       -1.005, r_peak:        0.020, sig:        6.266, ra_peak:      133.686, dec_peak:        8.585
Characteristic density local = 5303.8 deg^-2 = 1.473 arcmin^-2
Fitting aperture to hotspot...
Candidate: x_peak:        0.825, y_peak:       -0.195, r_peak:        0.020, sig:       14.353, ra_peak:      134.426, dec_peak:        9.394
Characteristic density local = 5313.8 deg^-2 = 1.476 arcmin^-2
Fitting aperture to hotspot...
Candidate: x_peak:        1.055, y_peak:       -0.125, r_peak:        0.020, sig:        6.981, ra_peak:      134.660, dec_peak:        9.463
Distance = 251.2 kpc (m-M = 22.0)
742901 objects left after isochrone cut...
Characteristic density = 5000.0 deg^-2
Characteristic density local = 5492.8 deg^-2 = 1.526 arcmin^-2
Fitting aperture to hotspot...
Candidate: x_peak:       -0.335, y_peak:       -0.405, r_peak:        0.020, sig:        8.153, ra_peak:      133.251, dec_peak:        9.185
Characteristic density local = 5065.1 deg^-2 = 1.407 arcmin^-2
Fitting aperture to hotspot...
Candidate: x_peak:       -0.255, y_peak:        0.045, r_peak:        0.020, sig:        7.153, ra_peak:      133.331, dec_peak:        9.635
Characteristic density local = 5685.8 deg^-2 = 1.579 arcmin^-2
Fitting aperture to hotspot...
Candidate: x_peak:       -0.075, y_peak:       -1.135, r_peak:        0.060, sig:        7.930, ra_peak:      133.514, dec_peak:        8.455
Characteristic density local = 5656.0 deg^-2 = 1.571 arcmin^-2
Fitting aperture to hotspot...
Candidate: x_peak:       -0.015, y_peak:       -0.705, r_peak:        0.020, sig:        6.307, ra_peak:      133.575, dec_peak:        8.885
Characteristic density local = 5280.0 deg^-2 = 1.467 arcmin^-2
Fitting aperture to hotspot...
Candidate: x_peak:       -0.015, y_peak:        0.715, r_peak:        0.020, sig:        6.552, ra_peak:      133.575, dec_peak:       10.305
Characteristic density local = 5453.0 deg^-2 = 1.515 arcmin^-2
Fitting aperture to hotspot...
Candidate: x_peak:        0.095, y_peak:       -1.005, r_peak:        0.020, sig:        6.438, ra_peak:      133.686, dec_peak:        8.585
Characteristic density local = 4991.5 deg^-2 = 1.387 arcmin^-2
Fitting aperture to hotspot...
Candidate: x_peak:        0.825, y_peak:       -0.195, r_peak:        0.020, sig:       14.289, ra_peak:      134.426, dec_peak:        9.394
Distance = 316.2 kpc (m-M = 22.5)
732100 objects left after isochrone cut...
Characteristic density = 4700.0 deg^-2
Characteristic density local = 5128.8 deg^-2 = 1.425 arcmin^-2
Fitting aperture to hotspot...
Candidate: x_peak:       -0.325, y_peak:       -0.405, r_peak:        0.020, sig:        8.199, ra_peak:      133.261, dec_peak:        9.185
Characteristic density local = 4730.9 deg^-2 = 1.314 arcmin^-2
Fitting aperture to hotspot...
Candidate: x_peak:       -0.255, y_peak:        0.045, r_peak:        0.020, sig:        6.934, ra_peak:      133.331, dec_peak:        9.635
Characteristic density local = 5301.8 deg^-2 = 1.473 arcmin^-2
Fitting aperture to hotspot...
Candidate: x_peak:       -0.075, y_peak:       -1.135, r_peak:        0.060, sig:        8.083, ra_peak:      133.514, dec_peak:        8.455
Characteristic density local = 4933.8 deg^-2 = 1.371 arcmin^-2
Fitting aperture to hotspot...
Candidate: x_peak:       -0.015, y_peak:        0.715, r_peak:        0.020, sig:        6.789, ra_peak:      133.575, dec_peak:       10.305
Characteristic density local = 5283.9 deg^-2 = 1.468 arcmin^-2
Fitting aperture to hotspot...
Candidate: x_peak:       -0.015, y_peak:       -0.705, r_peak:        0.020, sig:        6.319, ra_peak:      133.575, dec_peak:        8.885
Characteristic density local = 5093.0 deg^-2 = 1.415 arcmin^-2
Fitting aperture to hotspot...
Candidate: x_peak:        0.095, y_peak:       -1.015, r_peak:        0.020, sig:        6.678, ra_peak:      133.686, dec_peak:        8.575
Characteristic density local = 4633.4 deg^-2 = 1.287 arcmin^-2
Fitting aperture to hotspot...
Candidate: x_peak:        0.825, y_peak:       -0.195, r_peak:        0.020, sig:       14.272, ra_peak:      134.426, dec_peak:        9.394
Characteristic density local = 4677.2 deg^-2 = 1.299 arcmin^-2
Fitting aperture to hotspot...
Candidate: x_peak:        1.055, y_peak:       -0.125, r_peak:        0.020, sig:        6.973, ra_peak:      134.660, dec_peak:        9.463
Distance = 398.1 kpc (m-M = 23.0)
719498 objects left after isochrone cut...
Characteristic density = 4300.0 deg^-2
Characteristic density local = 4718.9 deg^-2 = 1.311 arcmin^-2
Fitting aperture to hotspot...
Candidate: x_peak:       -0.995, y_peak:       -0.295, r_peak:        0.020, sig:        4.173, ra_peak:      132.582, dec_peak:        9.294
Characteristic density local = 4740.8 deg^-2 = 1.317 arcmin^-2
Fitting aperture to hotspot...
Candidate: x_peak:       -0.325, y_peak:       -0.405, r_peak:        0.020, sig:        8.272, ra_peak:      133.261, dec_peak:        9.185
Characteristic density local = 4350.9 deg^-2 = 1.209 arcmin^-2
Fitting aperture to hotspot...
Candidate: x_peak:       -0.255, y_peak:        0.045, r_peak:        0.020, sig:        7.219, ra_peak:      133.331, dec_peak:        9.635
Characteristic density local = 4804.5 deg^-2 = 1.335 arcmin^-2
Fitting aperture to hotspot...
Candidate: x_peak:       -0.075, y_peak:       -1.135, r_peak:        0.060, sig:        8.455, ra_peak:      133.514, dec_peak:        8.455
Characteristic density local = 4512.0 deg^-2 = 1.253 arcmin^-2
Fitting aperture to hotspot...
Candidate: x_peak:       -0.015, y_peak:        0.715, r_peak:        0.020, sig:        6.622, ra_peak:      133.575, dec_peak:       10.305
Characteristic density local = 4862.2 deg^-2 = 1.351 arcmin^-2
Fitting aperture to hotspot...
Candidate: x_peak:       -0.015, y_peak:       -0.705, r_peak:        0.020, sig:        6.607, ra_peak:      133.575, dec_peak:        8.885
Characteristic density local = 4631.4 deg^-2 = 1.287 arcmin^-2
Fitting aperture to hotspot...
Candidate: x_peak:        0.095, y_peak:       -1.015, r_peak:        0.020, sig:        6.772, ra_peak:      133.686, dec_peak:        8.575
Characteristic density local = 4243.5 deg^-2 = 1.179 arcmin^-2
Fitting aperture to hotspot...
Candidate: x_peak:        0.825, y_peak:       -0.195, r_peak:        0.030, sig:       14.479, ra_peak:      134.426, dec_peak:        9.394
Characteristic density local = 4285.2 deg^-2 = 1.190 arcmin^-2
Fitting aperture to hotspot...
Candidate: x_peak:        1.055, y_peak:       -0.125, r_peak:        0.020, sig:        7.270, ra_peak:      134.660, dec_peak:        9.463
14.60 sigma; (RA, Dec, d) = (134.43, 9.38); r = 0.02 deg; d = 125.9, mu = 20.50 mag), mc_source_id: 0.00
8.46 sigma; (RA, Dec, d) = (133.51, 8.45); r = 0.06 deg; d = 398.1, mu = 23.00 mag), mc_source_id: 0.00
8.27 sigma; (RA, Dec, d) = (133.26, 9.18); r = 0.02 deg; d = 398.1, mu = 23.00 mag), mc_source_id: 0.00
7.31 sigma; (RA, Dec, d) = (133.33, 9.63); r = 0.02 deg; d = 125.9, mu = 20.50 mag), mc_source_id: 0.00
7.27 sigma; (RA, Dec, d) = (134.66, 9.46); r = 0.02 deg; d = 398.1, mu = 23.00 mag), mc_source_id: 0.00
6.89 sigma; (RA, Dec, d) = (133.57, 8.88); r = 0.02 deg; d = 158.5, mu = 21.00 mag), mc_source_id: 0.00
6.79 sigma; (RA, Dec, d) = (133.57, 10.31); r = 0.02 deg; d = 316.2, mu = 22.50 mag), mc_source_id: 0.00
6.77 sigma; (RA, Dec, d) = (133.69, 8.57); r = 0.02 deg; d = 398.1, mu = 23.00 mag), mc_source_id: 0.00
4.75 sigma; (RA, Dec, d) = (133.43, 10.47); r = 0.02 deg; d = 63.1, mu = 19.00 mag), mc_source_id: 0.00
4.74 sigma; (RA, Dec, d) = (132.62, 9.65); r = 0.02 deg; d = 199.5, mu = 21.50 mag), mc_source_id: 0.00
4.19 sigma; (RA, Dec, d) = (133.62, 10.79); r = 0.04 deg; d = 63.1, mu = 19.00 mag), mc_source_id: 0.00
4.17 sigma; (RA, Dec, d) = (132.58, 9.29); r = 0.02 deg; d = 398.1, mu = 23.00 mag), mc_source_id: 0.00
4.15 sigma; (RA, Dec, d) = (133.35, 9.46); r = 0.04 deg; d = 79.4, mu = 19.50 mag), mc_source_id: 0.00
3.08 sigma; (RA, Dec, d) = (133.48, 10.02); r = 0.01 deg; d = 63.1, mu = 19.00 mag), mc_source_id: 0.00
2.18 sigma; (RA, Dec, d) = (133.56, 10.60); r = 0.22 deg; d = 63.1, mu = 19.00 mag), mc_source_id: 0.00
2.16 sigma; (RA, Dec, d) = (132.28, 9.66); r = 0.02 deg; d = 63.1, mu = 19.00 mag), mc_source_id: 0.00
0.86 sigma; (RA, Dec, d) = (134.34, 10.16); r = 0.17 deg; d = 63.1, mu = 19.00 mag), mc_source_id: 0.00

------------------------------------------------------------
Job <680233.0> was submitted from <des51.fnal.gov> by user <tavangar>.
Job was executed on host <des40.fnal.gov> as user <tavangar>.
</var/lib/condor/execute/dir_1883993> was used as the initial working directory.
Results reported at Wed Jun  5 08:20:51 CDT 2019

Your job looked like:

------------------------------------------------------------
python /home/s1/tavangar/tavangar_simple/search_algorithm.py 133.59 9.59 0.00 /home/s1/tavangar/tavangar_simple/decals_dr7_results/results_nside_32_5103.csv /home/s1/tavangar/tavangar_simple/decals_dr7_results/decals_dr7_log/results_nside_32_5103.log
------------------------------------------------------------

Successfully completed.

Resource usage summary:

	Real time :			354.09 sec.
	CPU time :			41.88 sec.
	CPU percentage :		81%
	Max Memory :			6384288 KB
	Average Memory :		0 KB

The output (if any) is above this job summary.
