/home/s1/tavangar/tavangar_simple/simple_utils.py:170: FutureWarning: elementwise comparison failed; returning scalar instead, but in the future will perform elementwise comparison
  if np.all(isochrone.stage == 'Main'):
Search coordinates: (RA, Dec) = (352.97, 14.48)
Center healpixel: 4669
Healpixels: [4669 4797 4668 4541 4413 4542 4670 4798 4925]
MC_SOURCE_ID = 0.0
mode = 0: running only on real data
Found 1 objects...
Applying cuts...
576530 star-like objects in ROI...
683261 galaxy-like objects in ROI...
No fracdet map specified ...
Distance = 15.8 kpc (m-M = 16.0)
576519 objects left after isochrone cut...
Characteristic density = 5700.0 deg^-2
Characteristic density local = 5952.4 deg^-2 = 1.653 arcmin^-2
Fitting aperture to hotspot...
Candidate: x_peak:       -0.725, y_peak:        0.215, r_peak:        0.070, sig:        6.252, ra_peak:      352.220, dec_peak:       14.694
Characteristic density local = 6008.1 deg^-2 = 1.669 arcmin^-2
Fitting aperture to hotspot...
Candidate: x_peak:       -0.445, y_peak:       -0.175, r_peak:        0.020, sig:        4.185, ra_peak:      352.511, dec_peak:       14.305
Characteristic density local = 5908.6 deg^-2 = 1.641 arcmin^-2
Fitting aperture to hotspot...
Candidate: x_peak:       -0.345, y_peak:       -0.215, r_peak:        0.160, sig:        4.803, ra_peak:      352.614, dec_peak:       14.265
Characteristic density local = 5528.6 deg^-2 = 1.536 arcmin^-2
Fitting aperture to hotspot...
Candidate: x_peak:        0.125, y_peak:       -1.115, r_peak:        0.040, sig:        5.531, ra_peak:      353.098, dec_peak:       13.365
Characteristic density local = 5711.7 deg^-2 = 1.587 arcmin^-2
Fitting aperture to hotspot...
Candidate: x_peak:        0.195, y_peak:       -0.495, r_peak:        0.020, sig:        5.341, ra_peak:      353.171, dec_peak:       13.985
Characteristic density local = 5936.5 deg^-2 = 1.649 arcmin^-2
Fitting aperture to hotspot...
Candidate: x_peak:        0.215, y_peak:       -0.135, r_peak:        0.050, sig:        3.899, ra_peak:      353.192, dec_peak:       14.345
Characteristic density local = 5514.7 deg^-2 = 1.532 arcmin^-2
Fitting aperture to hotspot...
Candidate: x_peak:        0.905, y_peak:        0.115, r_peak:        0.020, sig:       12.141, ra_peak:      353.905, dec_peak:       14.593
Characteristic density local = 5500.8 deg^-2 = 1.528 arcmin^-2
Fitting aperture to hotspot...
Candidate: x_peak:        1.225, y_peak:        0.055, r_peak:        0.020, sig:        5.229, ra_peak:      354.235, dec_peak:       14.532
Characteristic density local = 5659.9 deg^-2 = 1.572 arcmin^-2
Fitting aperture to hotspot...
Candidate: x_peak:        1.275, y_peak:       -0.025, r_peak:        0.020, sig:        7.406, ra_peak:      354.287, dec_peak:       14.451
Distance = 20.0 kpc (m-M = 16.5)
576524 objects left after isochrone cut...
Characteristic density = 5700.0 deg^-2
Characteristic density local = 5952.4 deg^-2 = 1.653 arcmin^-2
Fitting aperture to hotspot...
Candidate: x_peak:       -0.725, y_peak:        0.215, r_peak:        0.070, sig:        6.252, ra_peak:      352.220, dec_peak:       14.694
Characteristic density local = 6008.1 deg^-2 = 1.669 arcmin^-2
Fitting aperture to hotspot...
Candidate: x_peak:       -0.445, y_peak:       -0.175, r_peak:        0.020, sig:        4.185, ra_peak:      352.511, dec_peak:       14.305
Characteristic density local = 5908.6 deg^-2 = 1.641 arcmin^-2
Fitting aperture to hotspot...
Candidate: x_peak:       -0.345, y_peak:       -0.215, r_peak:        0.160, sig:        4.803, ra_peak:      352.614, dec_peak:       14.265
Characteristic density local = 5528.6 deg^-2 = 1.536 arcmin^-2
Fitting aperture to hotspot...
Candidate: x_peak:        0.125, y_peak:       -1.115, r_peak:        0.040, sig:        5.531, ra_peak:      353.098, dec_peak:       13.365
Characteristic density local = 5711.7 deg^-2 = 1.587 arcmin^-2
Fitting aperture to hotspot...
Candidate: x_peak:        0.195, y_peak:       -0.495, r_peak:        0.020, sig:        5.341, ra_peak:      353.171, dec_peak:       13.985
Characteristic density local = 5936.5 deg^-2 = 1.649 arcmin^-2
Fitting aperture to hotspot...
Candidate: x_peak:        0.215, y_peak:       -0.135, r_peak:        0.050, sig:        3.899, ra_peak:      353.192, dec_peak:       14.345
Characteristic density local = 5514.7 deg^-2 = 1.532 arcmin^-2
Fitting aperture to hotspot...
Candidate: x_peak:        0.905, y_peak:        0.115, r_peak:        0.020, sig:       12.141, ra_peak:      353.905, dec_peak:       14.593
Characteristic density local = 5500.8 deg^-2 = 1.528 arcmin^-2
Fitting aperture to hotspot...
Candidate: x_peak:        1.225, y_peak:        0.055, r_peak:        0.020, sig:        5.229, ra_peak:      354.235, dec_peak:       14.532
Characteristic density local = 5659.9 deg^-2 = 1.572 arcmin^-2
Fitting aperture to hotspot...
Candidate: x_peak:        1.275, y_peak:       -0.025, r_peak:        0.020, sig:        7.406, ra_peak:      354.287, dec_peak:       14.451
Distance = 25.1 kpc (m-M = 17.0)
576528 objects left after isochrone cut...
Characteristic density = 5700.0 deg^-2
Characteristic density local = 5952.4 deg^-2 = 1.653 arcmin^-2
Fitting aperture to hotspot...
Candidate: x_peak:       -0.725, y_peak:        0.215, r_peak:        0.070, sig:        6.252, ra_peak:      352.220, dec_peak:       14.694
Characteristic density local = 6008.1 deg^-2 = 1.669 arcmin^-2
Fitting aperture to hotspot...
Candidate: x_peak:       -0.445, y_peak:       -0.175, r_peak:        0.020, sig:        4.185, ra_peak:      352.511, dec_peak:       14.305
Characteristic density local = 5908.6 deg^-2 = 1.641 arcmin^-2
Fitting aperture to hotspot...
Candidate: x_peak:       -0.345, y_peak:       -0.215, r_peak:        0.160, sig:        4.803, ra_peak:      352.614, dec_peak:       14.265
Characteristic density local = 5528.6 deg^-2 = 1.536 arcmin^-2
Fitting aperture to hotspot...
Candidate: x_peak:        0.125, y_peak:       -1.115, r_peak:        0.040, sig:        5.531, ra_peak:      353.098, dec_peak:       13.365
Characteristic density local = 5711.7 deg^-2 = 1.587 arcmin^-2
Fitting aperture to hotspot...
Candidate: x_peak:        0.195, y_peak:       -0.495, r_peak:        0.020, sig:        5.341, ra_peak:      353.171, dec_peak:       13.985
Characteristic density local = 5936.5 deg^-2 = 1.649 arcmin^-2
Fitting aperture to hotspot...
Candidate: x_peak:        0.215, y_peak:       -0.135, r_peak:        0.050, sig:        3.899, ra_peak:      353.192, dec_peak:       14.345
Characteristic density local = 5514.7 deg^-2 = 1.532 arcmin^-2
Fitting aperture to hotspot...
Candidate: x_peak:        0.905, y_peak:        0.115, r_peak:        0.020, sig:       12.141, ra_peak:      353.905, dec_peak:       14.593
Characteristic density local = 5500.8 deg^-2 = 1.528 arcmin^-2
Fitting aperture to hotspot...
Candidate: x_peak:        1.225, y_peak:        0.055, r_peak:        0.020, sig:        5.229, ra_peak:      354.235, dec_peak:       14.532
Characteristic density local = 5659.9 deg^-2 = 1.572 arcmin^-2
Fitting aperture to hotspot...
Candidate: x_peak:        1.275, y_peak:       -0.025, r_peak:        0.020, sig:        7.406, ra_peak:      354.287, dec_peak:       14.451
Distance = 31.6 kpc (m-M = 17.5)
576529 objects left after isochrone cut...
Characteristic density = 5700.0 deg^-2
Characteristic density local = 5952.4 deg^-2 = 1.653 arcmin^-2
Fitting aperture to hotspot...
Candidate: x_peak:       -0.725, y_peak:        0.215, r_peak:        0.070, sig:        6.252, ra_peak:      352.220, dec_peak:       14.694
Characteristic density local = 6008.1 deg^-2 = 1.669 arcmin^-2
Fitting aperture to hotspot...
Candidate: x_peak:       -0.445, y_peak:       -0.175, r_peak:        0.020, sig:        4.185, ra_peak:      352.511, dec_peak:       14.305
Characteristic density local = 5908.6 deg^-2 = 1.641 arcmin^-2
Fitting aperture to hotspot...
Candidate: x_peak:       -0.345, y_peak:       -0.215, r_peak:        0.160, sig:        4.803, ra_peak:      352.614, dec_peak:       14.265
Characteristic density local = 5528.6 deg^-2 = 1.536 arcmin^-2
Fitting aperture to hotspot...
Candidate: x_peak:        0.125, y_peak:       -1.115, r_peak:        0.040, sig:        5.531, ra_peak:      353.098, dec_peak:       13.365
Characteristic density local = 5711.7 deg^-2 = 1.587 arcmin^-2
Fitting aperture to hotspot...
Candidate: x_peak:        0.195, y_peak:       -0.495, r_peak:        0.020, sig:        5.341, ra_peak:      353.171, dec_peak:       13.985
Characteristic density local = 5936.5 deg^-2 = 1.649 arcmin^-2
Fitting aperture to hotspot...
Candidate: x_peak:        0.215, y_peak:       -0.135, r_peak:        0.050, sig:        3.899, ra_peak:      353.192, dec_peak:       14.345
Characteristic density local = 5514.7 deg^-2 = 1.532 arcmin^-2
Fitting aperture to hotspot...
Candidate: x_peak:        0.905, y_peak:        0.115, r_peak:        0.020, sig:       12.141, ra_peak:      353.905, dec_peak:       14.593
Characteristic density local = 5500.8 deg^-2 = 1.528 arcmin^-2
Fitting aperture to hotspot...
Candidate: x_peak:        1.225, y_peak:        0.055, r_peak:        0.020, sig:        5.229, ra_peak:      354.235, dec_peak:       14.532
Characteristic density local = 5659.9 deg^-2 = 1.572 arcmin^-2
Fitting aperture to hotspot...
Candidate: x_peak:        1.275, y_peak:       -0.025, r_peak:        0.020, sig:        7.406, ra_peak:      354.287, dec_peak:       14.451
Distance = 39.8 kpc (m-M = 18.0)
576428 objects left after isochrone cut...
Characteristic density = 5700.0 deg^-2
Characteristic density local = 5946.4 deg^-2 = 1.652 arcmin^-2
Fitting aperture to hotspot...
Candidate: x_peak:       -0.725, y_peak:        0.215, r_peak:        0.070, sig:        6.262, ra_peak:      352.220, dec_peak:       14.694
Characteristic density local = 6006.1 deg^-2 = 1.668 arcmin^-2
Fitting aperture to hotspot...
Candidate: x_peak:       -0.445, y_peak:       -0.175, r_peak:        0.020, sig:        4.186, ra_peak:      352.511, dec_peak:       14.305
Characteristic density local = 5904.6 deg^-2 = 1.640 arcmin^-2
Fitting aperture to hotspot...
Candidate: x_peak:       -0.345, y_peak:       -0.215, r_peak:        0.160, sig:        4.775, ra_peak:      352.614, dec_peak:       14.265
Characteristic density local = 5528.6 deg^-2 = 1.536 arcmin^-2
Fitting aperture to hotspot...
Candidate: x_peak:        0.125, y_peak:       -1.115, r_peak:        0.040, sig:        5.531, ra_peak:      353.098, dec_peak:       13.365
Characteristic density local = 5711.7 deg^-2 = 1.587 arcmin^-2
Fitting aperture to hotspot...
Candidate: x_peak:        0.195, y_peak:       -0.495, r_peak:        0.020, sig:        5.341, ra_peak:      353.171, dec_peak:       13.985
Characteristic density local = 5934.5 deg^-2 = 1.648 arcmin^-2
Fitting aperture to hotspot...
Candidate: x_peak:        0.215, y_peak:       -0.135, r_peak:        0.050, sig:        3.902, ra_peak:      353.192, dec_peak:       14.345
Characteristic density local = 5514.7 deg^-2 = 1.532 arcmin^-2
Fitting aperture to hotspot...
Candidate: x_peak:        0.905, y_peak:        0.115, r_peak:        0.020, sig:       12.141, ra_peak:      353.905, dec_peak:       14.593
Characteristic density local = 5500.8 deg^-2 = 1.528 arcmin^-2
Fitting aperture to hotspot...
Candidate: x_peak:        1.225, y_peak:        0.055, r_peak:        0.020, sig:        5.229, ra_peak:      354.235, dec_peak:       14.532
Characteristic density local = 5659.9 deg^-2 = 1.572 arcmin^-2
Fitting aperture to hotspot...
Candidate: x_peak:        1.275, y_peak:       -0.025, r_peak:        0.020, sig:        7.406, ra_peak:      354.287, dec_peak:       14.451
Distance = 50.1 kpc (m-M = 18.5)
575412 objects left after isochrone cut...
Characteristic density = 5700.0 deg^-2
Characteristic density local = 5876.8 deg^-2 = 1.632 arcmin^-2
Fitting aperture to hotspot...
Candidate: x_peak:       -0.725, y_peak:        0.215, r_peak:        0.070, sig:        6.386, ra_peak:      352.220, dec_peak:       14.694
Characteristic density local = 5940.5 deg^-2 = 1.650 arcmin^-2
Fitting aperture to hotspot...
Candidate: x_peak:       -0.445, y_peak:       -0.175, r_peak:        0.020, sig:        4.223, ra_peak:      352.511, dec_peak:       14.305
Characteristic density local = 5843.0 deg^-2 = 1.623 arcmin^-2
Fitting aperture to hotspot...
Candidate: x_peak:       -0.345, y_peak:       -0.215, r_peak:        0.160, sig:        4.840, ra_peak:      352.614, dec_peak:       14.265
Characteristic density local = 5496.8 deg^-2 = 1.527 arcmin^-2
Fitting aperture to hotspot...
Candidate: x_peak:        0.125, y_peak:       -1.115, r_peak:        0.040, sig:        5.566, ra_peak:      353.098, dec_peak:       13.365
Characteristic density local = 5679.8 deg^-2 = 1.578 arcmin^-2
Fitting aperture to hotspot...
Candidate: x_peak:        0.195, y_peak:       -0.495, r_peak:        0.020, sig:        5.360, ra_peak:      353.171, dec_peak:       13.985
Characteristic density local = 5886.7 deg^-2 = 1.635 arcmin^-2
Fitting aperture to hotspot...
Candidate: x_peak:        0.215, y_peak:       -0.135, r_peak:        0.050, sig:        3.962, ra_peak:      353.192, dec_peak:       14.345
Characteristic density local = 5494.8 deg^-2 = 1.526 arcmin^-2
Fitting aperture to hotspot...
Candidate: x_peak:        0.905, y_peak:        0.115, r_peak:        0.020, sig:       12.157, ra_peak:      353.905, dec_peak:       14.593
Characteristic density local = 5478.9 deg^-2 = 1.522 arcmin^-2
Fitting aperture to hotspot...
Candidate: x_peak:        1.225, y_peak:        0.055, r_peak:        0.020, sig:        5.243, ra_peak:      354.235, dec_peak:       14.532
Characteristic density local = 5642.0 deg^-2 = 1.567 arcmin^-2
Fitting aperture to hotspot...
Candidate: x_peak:        1.275, y_peak:       -0.025, r_peak:        0.020, sig:        7.418, ra_peak:      354.287, dec_peak:       14.451
Distance = 63.1 kpc (m-M = 19.0)
572785 objects left after isochrone cut...
Characteristic density = 5600.0 deg^-2
Characteristic density local = 5765.4 deg^-2 = 1.601 arcmin^-2
Fitting aperture to hotspot...
Candidate: x_peak:       -0.725, y_peak:        0.215, r_peak:        0.070, sig:        6.412, ra_peak:      352.220, dec_peak:       14.694
Characteristic density local = 5866.8 deg^-2 = 1.630 arcmin^-2
Fitting aperture to hotspot...
Candidate: x_peak:       -0.445, y_peak:       -0.185, r_peak:        0.040, sig:        3.992, ra_peak:      352.511, dec_peak:       14.295
Characteristic density local = 5407.3 deg^-2 = 1.502 arcmin^-2
Fitting aperture to hotspot...
Candidate: x_peak:        0.125, y_peak:       -1.115, r_peak:        0.040, sig:        5.666, ra_peak:      353.098, dec_peak:       13.365
Characteristic density local = 5600.3 deg^-2 = 1.556 arcmin^-2
Fitting aperture to hotspot...
Candidate: x_peak:        0.185, y_peak:       -0.505, r_peak:        0.020, sig:        5.409, ra_peak:      353.161, dec_peak:       13.975
Characteristic density local = 5421.2 deg^-2 = 1.506 arcmin^-2
Fitting aperture to hotspot...
Candidate: x_peak:        0.905, y_peak:        0.115, r_peak:        0.020, sig:       12.214, ra_peak:      353.905, dec_peak:       14.593
Characteristic density local = 5403.3 deg^-2 = 1.501 arcmin^-2
Fitting aperture to hotspot...
Candidate: x_peak:        1.225, y_peak:        0.055, r_peak:        0.020, sig:        5.044, ra_peak:      354.235, dec_peak:       14.532
Characteristic density local = 5564.5 deg^-2 = 1.546 arcmin^-2
Fitting aperture to hotspot...
Candidate: x_peak:        1.275, y_peak:       -0.025, r_peak:        0.020, sig:        7.470, ra_peak:      354.287, dec_peak:       14.451
Distance = 79.4 kpc (m-M = 19.5)
569304 objects left after isochrone cut...
Characteristic density = 5500.0 deg^-2
Characteristic density local = 5620.2 deg^-2 = 1.561 arcmin^-2
Fitting aperture to hotspot...
Candidate: x_peak:       -0.725, y_peak:        0.215, r_peak:        0.070, sig:        6.501, ra_peak:      352.220, dec_peak:       14.694
Characteristic density local = 5691.8 deg^-2 = 1.581 arcmin^-2
Fitting aperture to hotspot...
Candidate: x_peak:       -0.445, y_peak:       -0.175, r_peak:        0.020, sig:        4.367, ra_peak:      352.511, dec_peak:       14.305
Characteristic density local = 5299.9 deg^-2 = 1.472 arcmin^-2
Fitting aperture to hotspot...
Candidate: x_peak:        0.125, y_peak:       -1.115, r_peak:        0.040, sig:        5.349, ra_peak:      353.098, dec_peak:       13.365
Characteristic density local = 5463.0 deg^-2 = 1.517 arcmin^-2
Fitting aperture to hotspot...
Candidate: x_peak:        0.185, y_peak:       -0.505, r_peak:        0.020, sig:        5.495, ra_peak:      353.161, dec_peak:       13.975
Characteristic density local = 5642.0 deg^-2 = 1.567 arcmin^-2
Fitting aperture to hotspot...
Candidate: x_peak:        0.215, y_peak:       -0.135, r_peak:        0.030, sig:        4.052, ra_peak:      353.192, dec_peak:       14.345
Characteristic density local = 5325.7 deg^-2 = 1.479 arcmin^-2
Fitting aperture to hotspot...
Candidate: x_peak:        0.905, y_peak:        0.115, r_peak:        0.020, sig:       12.289, ra_peak:      353.905, dec_peak:       14.593
Characteristic density local = 5285.9 deg^-2 = 1.468 arcmin^-2
Fitting aperture to hotspot...
Candidate: x_peak:        1.225, y_peak:        0.065, r_peak:        0.020, sig:        4.611, ra_peak:      354.236, dec_peak:       14.542
Characteristic density local = 5445.1 deg^-2 = 1.513 arcmin^-2
Fitting aperture to hotspot...
Candidate: x_peak:        1.265, y_peak:       -0.015, r_peak:        0.010, sig:        7.459, ra_peak:      354.276, dec_peak:       14.461
Distance = 100.0 kpc (m-M = 20.0)
565241 objects left after isochrone cut...
Characteristic density = 5300.0 deg^-2
Characteristic density local = 5508.8 deg^-2 = 1.530 arcmin^-2
Fitting aperture to hotspot...
Candidate: x_peak:       -0.725, y_peak:        0.215, r_peak:        0.070, sig:        6.530, ra_peak:      352.220, dec_peak:       14.694
Characteristic density local = 5691.8 deg^-2 = 1.581 arcmin^-2
Fitting aperture to hotspot...
Candidate: x_peak:       -0.865, y_peak:       -0.115, r_peak:        0.020, sig:        4.367, ra_peak:      352.077, dec_peak:       14.363
Characteristic density local = 5578.4 deg^-2 = 1.550 arcmin^-2
Fitting aperture to hotspot...
Candidate: x_peak:       -0.445, y_peak:       -0.175, r_peak:        0.020, sig:        4.434, ra_peak:      352.511, dec_peak:       14.305
Characteristic density local = 5190.4 deg^-2 = 1.442 arcmin^-2
Fitting aperture to hotspot...
Candidate: x_peak:        0.125, y_peak:       -1.115, r_peak:        0.040, sig:        5.474, ra_peak:      353.098, dec_peak:       13.365
Characteristic density local = 5371.5 deg^-2 = 1.492 arcmin^-2
Fitting aperture to hotspot...
Candidate: x_peak:        0.185, y_peak:       -0.505, r_peak:        0.020, sig:        5.310, ra_peak:      353.161, dec_peak:       13.975
Characteristic density local = 5721.6 deg^-2 = 1.589 arcmin^-2
Fitting aperture to hotspot...
Candidate: x_peak:        0.235, y_peak:        1.015, r_peak:        0.020, sig:        5.806, ra_peak:      353.214, dec_peak:       15.495
Characteristic density local = 5210.3 deg^-2 = 1.447 arcmin^-2
Fitting aperture to hotspot...
Candidate: x_peak:        0.905, y_peak:        0.115, r_peak:        0.020, sig:       12.382, ra_peak:      353.905, dec_peak:       14.593
Characteristic density local = 5166.6 deg^-2 = 1.435 arcmin^-2
Fitting aperture to hotspot...
Candidate: x_peak:        1.225, y_peak:        0.055, r_peak:        0.020, sig:        5.193, ra_peak:      354.235, dec_peak:       14.532
Characteristic density local = 5299.9 deg^-2 = 1.472 arcmin^-2
Fitting aperture to hotspot...
Candidate: x_peak:        1.265, y_peak:       -0.025, r_peak:        0.020, sig:        8.702, ra_peak:      354.276, dec_peak:       14.451
Distance = 125.9 kpc (m-M = 20.5)
560623 objects left after isochrone cut...
Characteristic density = 5200.0 deg^-2
Characteristic density local = 5357.6 deg^-2 = 1.488 arcmin^-2
Fitting aperture to hotspot...
Candidate: x_peak:       -0.725, y_peak:        0.215, r_peak:        0.070, sig:        6.545, ra_peak:      352.220, dec_peak:       14.694
Characteristic density local = 5427.2 deg^-2 = 1.508 arcmin^-2
Fitting aperture to hotspot...
Candidate: x_peak:       -0.445, y_peak:       -0.175, r_peak:        0.020, sig:        4.525, ra_peak:      352.511, dec_peak:       14.305
Characteristic density local = 5019.3 deg^-2 = 1.394 arcmin^-2
Fitting aperture to hotspot...
Candidate: x_peak:        0.125, y_peak:       -1.115, r_peak:        0.040, sig:        5.373, ra_peak:      353.098, dec_peak:       13.365
Characteristic density local = 5208.3 deg^-2 = 1.447 arcmin^-2
Fitting aperture to hotspot...
Candidate: x_peak:        0.185, y_peak:       -0.505, r_peak:        0.020, sig:        5.414, ra_peak:      353.161, dec_peak:       13.975
Characteristic density local = 5087.0 deg^-2 = 1.413 arcmin^-2
Fitting aperture to hotspot...
Candidate: x_peak:        0.905, y_peak:        0.115, r_peak:        0.020, sig:       12.483, ra_peak:      353.905, dec_peak:       14.593
Characteristic density local = 5166.6 deg^-2 = 1.435 arcmin^-2
Fitting aperture to hotspot...
Candidate: x_peak:        1.265, y_peak:       -0.025, r_peak:        0.020, sig:        8.799, ra_peak:      354.276, dec_peak:       14.451
Distance = 158.5 kpc (m-M = 21.0)
555250 objects left after isochrone cut...
Characteristic density = 5000.0 deg^-2
Characteristic density local = 5178.5 deg^-2 = 1.438 arcmin^-2
Fitting aperture to hotspot...
Candidate: x_peak:       -0.725, y_peak:        0.215, r_peak:        0.080, sig:        6.460, ra_peak:      352.220, dec_peak:       14.694
Characteristic density local = 5260.1 deg^-2 = 1.461 arcmin^-2
Fitting aperture to hotspot...
Candidate: x_peak:       -0.865, y_peak:       -0.115, r_peak:        0.020, sig:        4.627, ra_peak:      352.077, dec_peak:       14.363
Characteristic density local = 5202.4 deg^-2 = 1.445 arcmin^-2
Fitting aperture to hotspot...
Candidate: x_peak:       -0.445, y_peak:       -0.175, r_peak:        0.020, sig:        4.663, ra_peak:      352.511, dec_peak:       14.305
Characteristic density local = 4860.2 deg^-2 = 1.350 arcmin^-2
Fitting aperture to hotspot...
Candidate: x_peak:        0.125, y_peak:       -1.115, r_peak:        0.040, sig:        5.561, ra_peak:      353.098, dec_peak:       13.365
Characteristic density local = 4985.5 deg^-2 = 1.385 arcmin^-2
Fitting aperture to hotspot...
Candidate: x_peak:        0.185, y_peak:       -0.505, r_peak:        0.020, sig:        5.311, ra_peak:      353.161, dec_peak:       13.975
Characteristic density local = 4907.9 deg^-2 = 1.363 arcmin^-2
Fitting aperture to hotspot...
Candidate: x_peak:        0.905, y_peak:        0.115, r_peak:        0.020, sig:       12.454, ra_peak:      353.905, dec_peak:       14.593
Characteristic density local = 4989.5 deg^-2 = 1.386 arcmin^-2
Fitting aperture to hotspot...
Candidate: x_peak:        1.265, y_peak:       -0.025, r_peak:        0.020, sig:        8.722, ra_peak:      354.276, dec_peak:       14.451
Distance = 199.5 kpc (m-M = 21.5)
549249 objects left after isochrone cut...
Characteristic density = 4800.0 deg^-2
Characteristic density local = 4931.8 deg^-2 = 1.370 arcmin^-2
Fitting aperture to hotspot...
Candidate: x_peak:       -0.725, y_peak:        0.215, r_peak:        0.080, sig:        6.507, ra_peak:      352.220, dec_peak:       14.694
Characteristic density local = 4906.0 deg^-2 = 1.363 arcmin^-2
Fitting aperture to hotspot...
Candidate: x_peak:       -0.495, y_peak:       -0.585, r_peak:        0.020, sig:        5.613, ra_peak:      352.460, dec_peak:       13.894
Characteristic density local = 5007.4 deg^-2 = 1.391 arcmin^-2
Fitting aperture to hotspot...
Candidate: x_peak:       -0.445, y_peak:       -0.175, r_peak:        0.020, sig:        4.787, ra_peak:      352.511, dec_peak:       14.305
Characteristic density local = 4947.7 deg^-2 = 1.374 arcmin^-2
Fitting aperture to hotspot...
Candidate: x_peak:       -0.355, y_peak:       -0.215, r_peak:        0.180, sig:        4.782, ra_peak:      352.604, dec_peak:       14.265
Characteristic density local = 4649.3 deg^-2 = 1.291 arcmin^-2
Fitting aperture to hotspot...
Candidate: x_peak:        0.125, y_peak:       -1.115, r_peak:        0.040, sig:        5.042, ra_peak:      353.098, dec_peak:       13.365
Characteristic density local = 4800.5 deg^-2 = 1.333 arcmin^-2
Fitting aperture to hotspot...
Candidate: x_peak:        0.185, y_peak:       -0.495, r_peak:        0.050, sig:        4.652, ra_peak:      353.161, dec_peak:       13.985
Characteristic density local = 4709.0 deg^-2 = 1.308 arcmin^-2
Fitting aperture to hotspot...
Candidate: x_peak:        0.905, y_peak:        0.115, r_peak:        0.020, sig:       12.624, ra_peak:      353.905, dec_peak:       14.593
Characteristic density local = 4728.9 deg^-2 = 1.314 arcmin^-2
Fitting aperture to hotspot...
Candidate: x_peak:        0.965, y_peak:       -0.215, r_peak:        0.020, sig:        5.484, ra_peak:      353.966, dec_peak:       14.263
Characteristic density local = 4790.6 deg^-2 = 1.331 arcmin^-2
Fitting aperture to hotspot...
Candidate: x_peak:        1.265, y_peak:       -0.025, r_peak:        0.020, sig:        8.873, ra_peak:      354.276, dec_peak:       14.451
Distance = 251.2 kpc (m-M = 22.0)
542162 objects left after isochrone cut...
Characteristic density = 4600.0 deg^-2
Characteristic density local = 4722.9 deg^-2 = 1.312 arcmin^-2
Fitting aperture to hotspot...
Candidate: x_peak:       -0.725, y_peak:        0.215, r_peak:        0.080, sig:        6.472, ra_peak:      352.220, dec_peak:       14.694
Characteristic density local = 4818.4 deg^-2 = 1.338 arcmin^-2
Fitting aperture to hotspot...
Candidate: x_peak:       -0.865, y_peak:       -0.115, r_peak:        0.020, sig:        4.648, ra_peak:      352.077, dec_peak:       14.363
Characteristic density local = 4637.4 deg^-2 = 1.288 arcmin^-2
Fitting aperture to hotspot...
Candidate: x_peak:       -0.495, y_peak:       -0.585, r_peak:        0.020, sig:        5.798, ra_peak:      352.460, dec_peak:       13.894
Characteristic density local = 4754.8 deg^-2 = 1.321 arcmin^-2
Fitting aperture to hotspot...
Candidate: x_peak:       -0.445, y_peak:       -0.175, r_peak:        0.020, sig:        4.953, ra_peak:      352.511, dec_peak:       14.305
Characteristic density local = 4424.5 deg^-2 = 1.229 arcmin^-2
Fitting aperture to hotspot...
Candidate: x_peak:        0.125, y_peak:       -1.115, r_peak:        0.040, sig:        4.675, ra_peak:      353.098, dec_peak:       13.365
Characteristic density local = 4555.8 deg^-2 = 1.266 arcmin^-2
Fitting aperture to hotspot...
Candidate: x_peak:        0.185, y_peak:       -0.495, r_peak:        0.050, sig:        4.742, ra_peak:      353.161, dec_peak:       13.985
Characteristic density local = 4504.1 deg^-2 = 1.251 arcmin^-2
Fitting aperture to hotspot...
Candidate: x_peak:        0.905, y_peak:        0.115, r_peak:        0.020, sig:       12.806, ra_peak:      353.905, dec_peak:       14.593
Characteristic density local = 4591.6 deg^-2 = 1.275 arcmin^-2
Fitting aperture to hotspot...
Candidate: x_peak:        1.265, y_peak:       -0.015, r_peak:        0.010, sig:        7.843, ra_peak:      354.276, dec_peak:       14.461
Distance = 316.2 kpc (m-M = 22.5)
533840 objects left after isochrone cut...
Characteristic density = 4300.0 deg^-2
Characteristic density local = 4412.6 deg^-2 = 1.226 arcmin^-2
Fitting aperture to hotspot...
Candidate: x_peak:       -0.725, y_peak:        0.215, r_peak:        0.080, sig:        6.852, ra_peak:      352.220, dec_peak:       14.694
Characteristic density local = 4378.8 deg^-2 = 1.216 arcmin^-2
Fitting aperture to hotspot...
Candidate: x_peak:       -0.495, y_peak:       -0.595, r_peak:        0.020, sig:        5.731, ra_peak:      352.460, dec_peak:       13.884
Characteristic density local = 4452.4 deg^-2 = 1.237 arcmin^-2
Fitting aperture to hotspot...
Candidate: x_peak:       -0.445, y_peak:       -0.175, r_peak:        0.020, sig:        5.161, ra_peak:      352.511, dec_peak:       14.305
Characteristic density local = 4299.2 deg^-2 = 1.194 arcmin^-2
Fitting aperture to hotspot...
Candidate: x_peak:       -0.045, y_peak:       -0.135, r_peak:        0.020, sig:        4.732, ra_peak:      352.924, dec_peak:       14.345
Characteristic density local = 4193.7 deg^-2 = 1.165 arcmin^-2
Fitting aperture to hotspot...
Candidate: x_peak:        0.125, y_peak:       -1.115, r_peak:        0.040, sig:        4.800, ra_peak:      353.098, dec_peak:       13.365
Characteristic density local = 4275.3 deg^-2 = 1.188 arcmin^-2
Fitting aperture to hotspot...
Candidate: x_peak:        0.185, y_peak:       -0.505, r_peak:        0.020, sig:        5.020, ra_peak:      353.161, dec_peak:       13.975
Characteristic density local = 4219.6 deg^-2 = 1.172 arcmin^-2
Fitting aperture to hotspot...
Candidate: x_peak:        0.905, y_peak:        0.115, r_peak:        0.020, sig:       12.887, ra_peak:      353.905, dec_peak:       14.593
Characteristic density local = 4331.0 deg^-2 = 1.203 arcmin^-2
Fitting aperture to hotspot...
Candidate: x_peak:        1.275, y_peak:       -0.015, r_peak:        0.020, sig:        6.998, ra_peak:      354.287, dec_peak:       14.461
Distance = 398.1 kpc (m-M = 23.0)
523868 objects left after isochrone cut...
Characteristic density = 3900.0 deg^-2
Characteristic density local = 4044.5 deg^-2 = 1.123 arcmin^-2
Fitting aperture to hotspot...
Candidate: x_peak:       -0.725, y_peak:        0.215, r_peak:        0.050, sig:        6.994, ra_peak:      352.220, dec_peak:       14.694
Characteristic density local = 4165.9 deg^-2 = 1.157 arcmin^-2
Fitting aperture to hotspot...
Candidate: x_peak:       -0.855, y_peak:       -0.115, r_peak:        0.010, sig:        4.273, ra_peak:      352.087, dec_peak:       14.363
Characteristic density local = 4066.4 deg^-2 = 1.130 arcmin^-2
Fitting aperture to hotspot...
Candidate: x_peak:       -0.495, y_peak:       -0.595, r_peak:        0.020, sig:        5.965, ra_peak:      352.460, dec_peak:       13.884
Characteristic density local = 4155.9 deg^-2 = 1.154 arcmin^-2
Fitting aperture to hotspot...
Candidate: x_peak:       -0.435, y_peak:       -0.175, r_peak:        0.030, sig:        5.206, ra_peak:      352.521, dec_peak:       14.305
Characteristic density local = 3968.9 deg^-2 = 1.102 arcmin^-2
Fitting aperture to hotspot...
Candidate: x_peak:       -0.045, y_peak:       -0.135, r_peak:        0.020, sig:        4.971, ra_peak:      352.924, dec_peak:       14.345
Characteristic density local = 3857.5 deg^-2 = 1.072 arcmin^-2
Fitting aperture to hotspot...
Candidate: x_peak:        0.125, y_peak:       -1.115, r_peak:        0.040, sig:        5.072, ra_peak:      353.098, dec_peak:       13.365
Characteristic density local = 3943.1 deg^-2 = 1.095 arcmin^-2
Fitting aperture to hotspot...
Candidate: x_peak:        0.185, y_peak:       -0.505, r_peak:        0.020, sig:        5.265, ra_peak:      353.161, dec_peak:       13.975
Characteristic density local = 3933.1 deg^-2 = 1.093 arcmin^-2
Fitting aperture to hotspot...
Candidate: x_peak:        0.905, y_peak:        0.115, r_peak:        0.020, sig:       13.166, ra_peak:      353.905, dec_peak:       14.593
Characteristic density local = 4046.5 deg^-2 = 1.124 arcmin^-2
Fitting aperture to hotspot...
Candidate: x_peak:        1.275, y_peak:       -0.015, r_peak:        0.020, sig:        7.222, ra_peak:      354.287, dec_peak:       14.461
13.17 sigma; (RA, Dec, d) = (353.91, 14.59); r = 0.02 deg; d = 398.1, mu = 23.00 mag), mc_source_id: 0.00
8.87 sigma; (RA, Dec, d) = (354.28, 14.45); r = 0.02 deg; d = 199.5, mu = 21.50 mag), mc_source_id: 0.00
6.99 sigma; (RA, Dec, d) = (352.22, 14.69); r = 0.05 deg; d = 398.1, mu = 23.00 mag), mc_source_id: 0.00
5.96 sigma; (RA, Dec, d) = (352.46, 13.88); r = 0.02 deg; d = 398.1, mu = 23.00 mag), mc_source_id: 0.00
5.81 sigma; (RA, Dec, d) = (353.21, 15.49); r = 0.02 deg; d = 100.0, mu = 20.00 mag), mc_source_id: 0.00
5.67 sigma; (RA, Dec, d) = (353.10, 13.36); r = 0.04 deg; d = 63.1, mu = 19.00 mag), mc_source_id: 0.00
5.49 sigma; (RA, Dec, d) = (353.16, 13.97); r = 0.02 deg; d = 79.4, mu = 19.50 mag), mc_source_id: 0.00
5.48 sigma; (RA, Dec, d) = (353.97, 14.26); r = 0.02 deg; d = 199.5, mu = 21.50 mag), mc_source_id: 0.00
5.24 sigma; (RA, Dec, d) = (354.24, 14.53); r = 0.02 deg; d = 50.1, mu = 18.50 mag), mc_source_id: 0.00
5.21 sigma; (RA, Dec, d) = (352.52, 14.30); r = 0.03 deg; d = 398.1, mu = 23.00 mag), mc_source_id: 0.00
4.97 sigma; (RA, Dec, d) = (352.92, 14.34); r = 0.02 deg; d = 398.1, mu = 23.00 mag), mc_source_id: 0.00
4.84 sigma; (RA, Dec, d) = (352.61, 14.26); r = 0.16 deg; d = 50.1, mu = 18.50 mag), mc_source_id: 0.00
4.65 sigma; (RA, Dec, d) = (352.08, 14.36); r = 0.02 deg; d = 251.2, mu = 22.00 mag), mc_source_id: 0.00
4.05 sigma; (RA, Dec, d) = (353.19, 14.34); r = 0.03 deg; d = 79.4, mu = 19.50 mag), mc_source_id: 0.00

------------------------------------------------------------
Job <679952.0> was submitted from <des51.fnal.gov> by user <tavangar>.
Job was executed on host <des40.fnal.gov> as user <tavangar>.
</var/lib/condor/execute/dir_1834085> was used as the initial working directory.
Results reported at Wed Jun  5 06:56:53 CDT 2019

Your job looked like:

------------------------------------------------------------
python /home/s1/tavangar/tavangar_simple/search_algorithm.py 352.97 14.48 0.00 /home/s1/tavangar/tavangar_simple/decals_dr7_results/results_nside_32_4669.csv /home/s1/tavangar/tavangar_simple/decals_dr7_results/decals_dr7_log/results_nside_32_4669.log
------------------------------------------------------------

Successfully completed.

Resource usage summary:

	Real time :			242.41 sec.
	CPU time :			9.14 sec.
	CPU percentage :		87%
	Max Memory :			4472384 KB
	Average Memory :		0 KB

The output (if any) is above this job summary.
