/home/s1/tavangar/tavangar_simple/simple_utils.py:170: FutureWarning: elementwise comparison failed; returning scalar instead, but in the future will perform elementwise comparison
  if np.all(isochrone.stage == 'Main'):
Search coordinates: (RA, Dec) = (142.03, -4.78)
Center healpixel: 6642
Healpixels: [6642 6770 6641 6514 6386 6515 6643 6771 6898]
MC_SOURCE_ID = 0.0
mode = 0: running only on real data
Found 1 objects...
Applying cuts...
1003439 star-like objects in ROI...
1175416 galaxy-like objects in ROI...
No fracdet map specified ...
Distance = 15.8 kpc (m-M = 16.0)
1003419 objects left after isochrone cut...
Characteristic density = 6100.0 deg^-2
Characteristic density local = 7327.1 deg^-2 = 2.035 arcmin^-2
Fitting aperture to hotspot...
Candidate: x_peak:       -1.305, y_peak:       -0.075, r_peak:        0.210, sig:        7.132, ra_peak:      140.720, dec_peak:       -4.854
Characteristic density local = 6125.5 deg^-2 = 1.702 arcmin^-2
Fitting aperture to hotspot...
Candidate: x_peak:       -0.805, y_peak:        0.505, r_peak:        0.020, sig:       14.022, ra_peak:      141.223, dec_peak:       -4.275
Characteristic density local = 7102.3 deg^-2 = 1.973 arcmin^-2
Fitting aperture to hotspot...
Candidate: x_peak:       -0.675, y_peak:       -0.335, r_peak:        0.030, sig:       17.401, ra_peak:      141.352, dec_peak:       -5.115
Characteristic density local = 6917.3 deg^-2 = 1.921 arcmin^-2
Fitting aperture to hotspot...
Candidate: x_peak:       -0.175, y_peak:       -0.665, r_peak:        0.020, sig:        8.627, ra_peak:      141.854, dec_peak:       -5.445
Characteristic density local = 6730.3 deg^-2 = 1.870 arcmin^-2
Fitting aperture to hotspot...
Candidate: x_peak:        0.025, y_peak:       -0.695, r_peak:        0.220, sig:        7.360, ra_peak:      142.055, dec_peak:       -5.475
Characteristic density local = 5665.9 deg^-2 = 1.574 arcmin^-2
Fitting aperture to hotspot...
Candidate: x_peak:        0.355, y_peak:        0.535, r_peak:        0.020, sig:       22.409, ra_peak:      142.386, dec_peak:       -4.245
Characteristic density local = 6827.7 deg^-2 = 1.897 arcmin^-2
Fitting aperture to hotspot...
Candidate: x_peak:        0.935, y_peak:       -0.305, r_peak:        0.020, sig:       14.447, ra_peak:      142.969, dec_peak:       -5.084
Characteristic density local = 6614.9 deg^-2 = 1.837 arcmin^-2
Fitting aperture to hotspot...
Candidate: x_peak:        0.965, y_peak:        0.365, r_peak:        0.020, sig:        5.954, ra_peak:      142.998, dec_peak:       -4.414
Characteristic density local = 7227.6 deg^-2 = 2.008 arcmin^-2
Fitting aperture to hotspot...
Candidate: x_peak:        1.135, y_peak:       -0.115, r_peak:        0.020, sig:        5.833, ra_peak:      143.169, dec_peak:       -4.894
Distance = 20.0 kpc (m-M = 16.5)
1003433 objects left after isochrone cut...
Characteristic density = 6100.0 deg^-2
Characteristic density local = 7327.1 deg^-2 = 2.035 arcmin^-2
Fitting aperture to hotspot...
Candidate: x_peak:       -1.305, y_peak:       -0.075, r_peak:        0.210, sig:        7.132, ra_peak:      140.720, dec_peak:       -4.854
Characteristic density local = 6125.5 deg^-2 = 1.702 arcmin^-2
Fitting aperture to hotspot...
Candidate: x_peak:       -0.805, y_peak:        0.505, r_peak:        0.020, sig:       14.022, ra_peak:      141.223, dec_peak:       -4.275
Characteristic density local = 7102.3 deg^-2 = 1.973 arcmin^-2
Fitting aperture to hotspot...
Candidate: x_peak:       -0.675, y_peak:       -0.335, r_peak:        0.030, sig:       17.401, ra_peak:      141.352, dec_peak:       -5.115
Characteristic density local = 6917.3 deg^-2 = 1.921 arcmin^-2
Fitting aperture to hotspot...
Candidate: x_peak:       -0.175, y_peak:       -0.665, r_peak:        0.020, sig:        8.627, ra_peak:      141.854, dec_peak:       -5.445
Characteristic density local = 6730.3 deg^-2 = 1.870 arcmin^-2
Fitting aperture to hotspot...
Candidate: x_peak:        0.025, y_peak:       -0.695, r_peak:        0.220, sig:        7.360, ra_peak:      142.055, dec_peak:       -5.475
Characteristic density local = 5665.9 deg^-2 = 1.574 arcmin^-2
Fitting aperture to hotspot...
Candidate: x_peak:        0.355, y_peak:        0.535, r_peak:        0.020, sig:       22.409, ra_peak:      142.386, dec_peak:       -4.245
Characteristic density local = 6827.7 deg^-2 = 1.897 arcmin^-2
Fitting aperture to hotspot...
Candidate: x_peak:        0.935, y_peak:       -0.305, r_peak:        0.020, sig:       14.447, ra_peak:      142.969, dec_peak:       -5.084
Characteristic density local = 6614.9 deg^-2 = 1.837 arcmin^-2
Fitting aperture to hotspot...
Candidate: x_peak:        0.965, y_peak:        0.365, r_peak:        0.020, sig:        5.954, ra_peak:      142.998, dec_peak:       -4.414
Characteristic density local = 7227.6 deg^-2 = 2.008 arcmin^-2
Fitting aperture to hotspot...
Candidate: x_peak:        1.135, y_peak:       -0.115, r_peak:        0.020, sig:        5.833, ra_peak:      143.169, dec_peak:       -4.894
Distance = 25.1 kpc (m-M = 17.0)
1003434 objects left after isochrone cut...
Characteristic density = 6100.0 deg^-2
Characteristic density local = 7327.1 deg^-2 = 2.035 arcmin^-2
Fitting aperture to hotspot...
Candidate: x_peak:       -1.305, y_peak:       -0.075, r_peak:        0.210, sig:        7.132, ra_peak:      140.720, dec_peak:       -4.854
Characteristic density local = 6125.5 deg^-2 = 1.702 arcmin^-2
Fitting aperture to hotspot...
Candidate: x_peak:       -0.805, y_peak:        0.505, r_peak:        0.020, sig:       14.022, ra_peak:      141.223, dec_peak:       -4.275
Characteristic density local = 7102.3 deg^-2 = 1.973 arcmin^-2
Fitting aperture to hotspot...
Candidate: x_peak:       -0.675, y_peak:       -0.335, r_peak:        0.030, sig:       17.401, ra_peak:      141.352, dec_peak:       -5.115
Characteristic density local = 6917.3 deg^-2 = 1.921 arcmin^-2
Fitting aperture to hotspot...
Candidate: x_peak:       -0.175, y_peak:       -0.665, r_peak:        0.020, sig:        8.627, ra_peak:      141.854, dec_peak:       -5.445
Characteristic density local = 6730.3 deg^-2 = 1.870 arcmin^-2
Fitting aperture to hotspot...
Candidate: x_peak:        0.025, y_peak:       -0.695, r_peak:        0.220, sig:        7.360, ra_peak:      142.055, dec_peak:       -5.475
Characteristic density local = 5665.9 deg^-2 = 1.574 arcmin^-2
Fitting aperture to hotspot...
Candidate: x_peak:        0.355, y_peak:        0.535, r_peak:        0.020, sig:       22.409, ra_peak:      142.386, dec_peak:       -4.245
Characteristic density local = 6827.7 deg^-2 = 1.897 arcmin^-2
Fitting aperture to hotspot...
Candidate: x_peak:        0.935, y_peak:       -0.305, r_peak:        0.020, sig:       14.447, ra_peak:      142.969, dec_peak:       -5.084
Characteristic density local = 6614.9 deg^-2 = 1.837 arcmin^-2
Fitting aperture to hotspot...
Candidate: x_peak:        0.965, y_peak:        0.365, r_peak:        0.020, sig:        5.954, ra_peak:      142.998, dec_peak:       -4.414
Characteristic density local = 7227.6 deg^-2 = 2.008 arcmin^-2
Fitting aperture to hotspot...
Candidate: x_peak:        1.135, y_peak:       -0.115, r_peak:        0.020, sig:        5.833, ra_peak:      143.169, dec_peak:       -4.894
Distance = 31.6 kpc (m-M = 17.5)
1003437 objects left after isochrone cut...
Characteristic density = 6100.0 deg^-2
Characteristic density local = 7327.1 deg^-2 = 2.035 arcmin^-2
Fitting aperture to hotspot...
Candidate: x_peak:       -1.305, y_peak:       -0.075, r_peak:        0.210, sig:        7.132, ra_peak:      140.720, dec_peak:       -4.854
Characteristic density local = 6125.5 deg^-2 = 1.702 arcmin^-2
Fitting aperture to hotspot...
Candidate: x_peak:       -0.805, y_peak:        0.505, r_peak:        0.020, sig:       14.022, ra_peak:      141.223, dec_peak:       -4.275
Characteristic density local = 7102.3 deg^-2 = 1.973 arcmin^-2
Fitting aperture to hotspot...
Candidate: x_peak:       -0.675, y_peak:       -0.335, r_peak:        0.030, sig:       17.401, ra_peak:      141.352, dec_peak:       -5.115
Characteristic density local = 6917.3 deg^-2 = 1.921 arcmin^-2
Fitting aperture to hotspot...
Candidate: x_peak:       -0.175, y_peak:       -0.665, r_peak:        0.020, sig:        8.627, ra_peak:      141.854, dec_peak:       -5.445
Characteristic density local = 6730.3 deg^-2 = 1.870 arcmin^-2
Fitting aperture to hotspot...
Candidate: x_peak:        0.025, y_peak:       -0.695, r_peak:        0.220, sig:        7.360, ra_peak:      142.055, dec_peak:       -5.475
Characteristic density local = 5665.9 deg^-2 = 1.574 arcmin^-2
Fitting aperture to hotspot...
Candidate: x_peak:        0.355, y_peak:        0.535, r_peak:        0.020, sig:       22.409, ra_peak:      142.386, dec_peak:       -4.245
Characteristic density local = 6827.7 deg^-2 = 1.897 arcmin^-2
Fitting aperture to hotspot...
Candidate: x_peak:        0.935, y_peak:       -0.305, r_peak:        0.020, sig:       14.447, ra_peak:      142.969, dec_peak:       -5.084
Characteristic density local = 6614.9 deg^-2 = 1.837 arcmin^-2
Fitting aperture to hotspot...
Candidate: x_peak:        0.965, y_peak:        0.365, r_peak:        0.020, sig:        5.954, ra_peak:      142.998, dec_peak:       -4.414
Characteristic density local = 7227.6 deg^-2 = 2.008 arcmin^-2
Fitting aperture to hotspot...
Candidate: x_peak:        1.135, y_peak:       -0.115, r_peak:        0.020, sig:        5.833, ra_peak:      143.169, dec_peak:       -4.894
Distance = 39.8 kpc (m-M = 18.0)
1003393 objects left after isochrone cut...
Characteristic density = 6100.0 deg^-2
Characteristic density local = 7327.1 deg^-2 = 2.035 arcmin^-2
Fitting aperture to hotspot...
Candidate: x_peak:       -1.305, y_peak:       -0.075, r_peak:        0.210, sig:        7.132, ra_peak:      140.720, dec_peak:       -4.854
Characteristic density local = 6125.5 deg^-2 = 1.702 arcmin^-2
Fitting aperture to hotspot...
Candidate: x_peak:       -0.805, y_peak:        0.505, r_peak:        0.020, sig:       14.022, ra_peak:      141.223, dec_peak:       -4.275
Characteristic density local = 7102.3 deg^-2 = 1.973 arcmin^-2
Fitting aperture to hotspot...
Candidate: x_peak:       -0.675, y_peak:       -0.335, r_peak:        0.030, sig:       17.401, ra_peak:      141.352, dec_peak:       -5.115
Characteristic density local = 6915.3 deg^-2 = 1.921 arcmin^-2
Fitting aperture to hotspot...
Candidate: x_peak:       -0.175, y_peak:       -0.665, r_peak:        0.020, sig:        8.628, ra_peak:      141.854, dec_peak:       -5.445
Characteristic density local = 6728.3 deg^-2 = 1.869 arcmin^-2
Fitting aperture to hotspot...
Candidate: x_peak:        0.025, y_peak:       -0.695, r_peak:        0.220, sig:        7.341, ra_peak:      142.055, dec_peak:       -5.475
Characteristic density local = 5663.9 deg^-2 = 1.573 arcmin^-2
Fitting aperture to hotspot...
Candidate: x_peak:        0.355, y_peak:        0.535, r_peak:        0.020, sig:       22.411, ra_peak:      142.386, dec_peak:       -4.245
Characteristic density local = 6827.7 deg^-2 = 1.897 arcmin^-2
Fitting aperture to hotspot...
Candidate: x_peak:        0.935, y_peak:       -0.305, r_peak:        0.020, sig:       14.447, ra_peak:      142.969, dec_peak:       -5.084
Characteristic density local = 6612.9 deg^-2 = 1.837 arcmin^-2
Fitting aperture to hotspot...
Candidate: x_peak:        0.965, y_peak:        0.365, r_peak:        0.020, sig:        5.956, ra_peak:      142.998, dec_peak:       -4.414
Characteristic density local = 7227.6 deg^-2 = 2.008 arcmin^-2
Fitting aperture to hotspot...
Candidate: x_peak:        1.135, y_peak:       -0.115, r_peak:        0.020, sig:        5.833, ra_peak:      143.169, dec_peak:       -4.894
Distance = 50.1 kpc (m-M = 18.5)
1002677 objects left after isochrone cut...
Characteristic density = 6100.0 deg^-2
Characteristic density local = 7307.2 deg^-2 = 2.030 arcmin^-2
Fitting aperture to hotspot...
Candidate: x_peak:       -1.305, y_peak:       -0.075, r_peak:        0.210, sig:        7.104, ra_peak:      140.720, dec_peak:       -4.854
Characteristic density local = 6107.6 deg^-2 = 1.697 arcmin^-2
Fitting aperture to hotspot...
Candidate: x_peak:       -0.805, y_peak:        0.505, r_peak:        0.020, sig:       14.035, ra_peak:      141.223, dec_peak:       -4.275
Characteristic density local = 7064.5 deg^-2 = 1.962 arcmin^-2
Fitting aperture to hotspot...
Candidate: x_peak:       -0.675, y_peak:       -0.335, r_peak:        0.030, sig:       17.438, ra_peak:      141.352, dec_peak:       -5.115
Characteristic density local = 6867.5 deg^-2 = 1.908 arcmin^-2
Fitting aperture to hotspot...
Candidate: x_peak:       -0.175, y_peak:       -0.665, r_peak:        0.020, sig:        8.657, ra_peak:      141.854, dec_peak:       -5.445
Characteristic density local = 6684.5 deg^-2 = 1.857 arcmin^-2
Fitting aperture to hotspot...
Candidate: x_peak:        0.025, y_peak:       -0.695, r_peak:        0.220, sig:        7.149, ra_peak:      142.055, dec_peak:       -5.475
Characteristic density local = 5646.0 deg^-2 = 1.568 arcmin^-2
Fitting aperture to hotspot...
Candidate: x_peak:        0.355, y_peak:        0.535, r_peak:        0.020, sig:       22.428, ra_peak:      142.386, dec_peak:       -4.245
Characteristic density local = 6778.0 deg^-2 = 1.883 arcmin^-2
Fitting aperture to hotspot...
Candidate: x_peak:        0.935, y_peak:       -0.305, r_peak:        0.020, sig:       14.483, ra_peak:      142.969, dec_peak:       -5.084
Characteristic density local = 6557.2 deg^-2 = 1.821 arcmin^-2
Fitting aperture to hotspot...
Candidate: x_peak:        0.965, y_peak:        0.365, r_peak:        0.020, sig:        5.987, ra_peak:      142.998, dec_peak:       -4.414
Characteristic density local = 7181.9 deg^-2 = 1.995 arcmin^-2
Fitting aperture to hotspot...
Candidate: x_peak:        1.135, y_peak:       -0.115, r_peak:        0.020, sig:        5.857, ra_peak:      143.169, dec_peak:       -4.894
Distance = 63.1 kpc (m-M = 19.0)
1001136 objects left after isochrone cut...
Characteristic density = 6100.0 deg^-2
Characteristic density local = 7239.6 deg^-2 = 2.011 arcmin^-2
Fitting aperture to hotspot...
Candidate: x_peak:       -1.305, y_peak:       -0.075, r_peak:        0.210, sig:        6.969, ra_peak:      140.720, dec_peak:       -4.854
Characteristic density local = 6079.7 deg^-2 = 1.689 arcmin^-2
Fitting aperture to hotspot...
Candidate: x_peak:       -0.805, y_peak:        0.505, r_peak:        0.020, sig:       14.057, ra_peak:      141.223, dec_peak:       -4.275
Characteristic density local = 6975.0 deg^-2 = 1.937 arcmin^-2
Fitting aperture to hotspot...
Candidate: x_peak:       -0.675, y_peak:       -0.335, r_peak:        0.030, sig:       17.525, ra_peak:      141.352, dec_peak:       -5.115
Characteristic density local = 6772.0 deg^-2 = 1.881 arcmin^-2
Fitting aperture to hotspot...
Candidate: x_peak:       -0.175, y_peak:       -0.665, r_peak:        0.020, sig:        8.715, ra_peak:      141.854, dec_peak:       -5.445
Characteristic density local = 6618.9 deg^-2 = 1.839 arcmin^-2
Fitting aperture to hotspot...
Candidate: x_peak:        0.025, y_peak:       -0.695, r_peak:        0.220, sig:        6.887, ra_peak:      142.055, dec_peak:       -5.475
Characteristic density local = 5618.2 deg^-2 = 1.561 arcmin^-2
Fitting aperture to hotspot...
Candidate: x_peak:        0.355, y_peak:        0.535, r_peak:        0.020, sig:       22.455, ra_peak:      142.386, dec_peak:       -4.245
Characteristic density local = 6672.6 deg^-2 = 1.853 arcmin^-2
Fitting aperture to hotspot...
Candidate: x_peak:        0.935, y_peak:       -0.305, r_peak:        0.020, sig:       14.558, ra_peak:      142.969, dec_peak:       -5.084
Distance = 79.4 kpc (m-M = 19.5)
997769 objects left after isochrone cut...
Characteristic density = 6000.0 deg^-2
Characteristic density local = 7098.3 deg^-2 = 1.972 arcmin^-2
Fitting aperture to hotspot...
Candidate: x_peak:       -1.305, y_peak:       -0.075, r_peak:        0.210, sig:        6.961, ra_peak:      140.720, dec_peak:       -4.854
Characteristic density local = 5968.3 deg^-2 = 1.658 arcmin^-2
Fitting aperture to hotspot...
Candidate: x_peak:       -0.805, y_peak:        0.505, r_peak:        0.020, sig:       14.142, ra_peak:      141.223, dec_peak:       -4.275
Characteristic density local = 6835.7 deg^-2 = 1.899 arcmin^-2
Fitting aperture to hotspot...
Candidate: x_peak:       -0.675, y_peak:       -0.335, r_peak:        0.030, sig:       17.663, ra_peak:      141.352, dec_peak:       -5.115
Characteristic density local = 6628.8 deg^-2 = 1.841 arcmin^-2
Fitting aperture to hotspot...
Candidate: x_peak:       -0.175, y_peak:       -0.665, r_peak:        0.020, sig:        8.804, ra_peak:      141.854, dec_peak:       -5.445
Characteristic density local = 6410.0 deg^-2 = 1.781 arcmin^-2
Fitting aperture to hotspot...
Candidate: x_peak:        0.025, y_peak:       -0.685, r_peak:        0.230, sig:        7.169, ra_peak:      142.055, dec_peak:       -5.465
Characteristic density local = 5540.6 deg^-2 = 1.539 arcmin^-2
Fitting aperture to hotspot...
Candidate: x_peak:        0.355, y_peak:        0.535, r_peak:        0.020, sig:       22.530, ra_peak:      142.386, dec_peak:       -4.245
Characteristic density local = 6547.2 deg^-2 = 1.819 arcmin^-2
Fitting aperture to hotspot...
Candidate: x_peak:        0.935, y_peak:       -0.305, r_peak:        0.020, sig:       14.650, ra_peak:      142.969, dec_peak:       -5.084
Characteristic density local = 6380.1 deg^-2 = 1.772 arcmin^-2
Fitting aperture to hotspot...
Candidate: x_peak:        0.965, y_peak:        0.365, r_peak:        0.020, sig:        6.090, ra_peak:      142.998, dec_peak:       -4.414
Characteristic density local = 6903.3 deg^-2 = 1.918 arcmin^-2
Fitting aperture to hotspot...
Candidate: x_peak:        1.135, y_peak:       -0.105, r_peak:        0.020, sig:        5.793, ra_peak:      143.169, dec_peak:       -4.884
Distance = 100.0 kpc (m-M = 20.0)
992475 objects left after isochrone cut...
Characteristic density = 5800.0 deg^-2
Characteristic density local = 6889.4 deg^-2 = 1.914 arcmin^-2
Fitting aperture to hotspot...
Candidate: x_peak:       -1.305, y_peak:       -0.075, r_peak:        0.020, sig:        7.068, ra_peak:      140.720, dec_peak:       -4.854
Characteristic density local = 5775.3 deg^-2 = 1.604 arcmin^-2
Fitting aperture to hotspot...
Candidate: x_peak:       -0.805, y_peak:        0.505, r_peak:        0.020, sig:       14.132, ra_peak:      141.223, dec_peak:       -4.275
Characteristic density local = 6628.8 deg^-2 = 1.841 arcmin^-2
Fitting aperture to hotspot...
Candidate: x_peak:       -0.675, y_peak:       -0.335, r_peak:        0.030, sig:       17.759, ra_peak:      141.352, dec_peak:       -5.115
Characteristic density local = 6392.1 deg^-2 = 1.776 arcmin^-2
Fitting aperture to hotspot...
Candidate: x_peak:       -0.175, y_peak:       -0.665, r_peak:        0.020, sig:        8.954, ra_peak:      141.854, dec_peak:       -5.445
Characteristic density local = 6189.1 deg^-2 = 1.719 arcmin^-2
Fitting aperture to hotspot...
Candidate: x_peak:        0.025, y_peak:       -0.685, r_peak:        0.290, sig:        7.358, ra_peak:      142.055, dec_peak:       -5.465
Characteristic density local = 5373.5 deg^-2 = 1.493 arcmin^-2
Fitting aperture to hotspot...
Candidate: x_peak:        0.355, y_peak:        0.535, r_peak:        0.020, sig:       22.695, ra_peak:      142.386, dec_peak:       -4.245
Characteristic density local = 6360.2 deg^-2 = 1.767 arcmin^-2
Fitting aperture to hotspot...
Candidate: x_peak:        0.935, y_peak:       -0.305, r_peak:        0.020, sig:       14.789, ra_peak:      142.969, dec_peak:       -5.084
Characteristic density local = 6217.0 deg^-2 = 1.727 arcmin^-2
Fitting aperture to hotspot...
Candidate: x_peak:        0.965, y_peak:        0.365, r_peak:        0.020, sig:        6.186, ra_peak:      142.998, dec_peak:       -4.414
Characteristic density local = 6730.3 deg^-2 = 1.870 arcmin^-2
Fitting aperture to hotspot...
Candidate: x_peak:        1.135, y_peak:       -0.105, r_peak:        0.020, sig:        5.669, ra_peak:      143.169, dec_peak:       -4.884
Distance = 125.9 kpc (m-M = 20.5)
986261 objects left after isochrone cut...
Characteristic density = 5600.0 deg^-2
Characteristic density local = 6664.6 deg^-2 = 1.851 arcmin^-2
Fitting aperture to hotspot...
Candidate: x_peak:       -1.305, y_peak:       -0.075, r_peak:        0.020, sig:        7.199, ra_peak:      140.720, dec_peak:       -4.854
Characteristic density local = 5552.5 deg^-2 = 1.542 arcmin^-2
Fitting aperture to hotspot...
Candidate: x_peak:       -0.805, y_peak:        0.505, r_peak:        0.020, sig:       14.311, ra_peak:      141.223, dec_peak:       -4.275
Characteristic density local = 6380.1 deg^-2 = 1.772 arcmin^-2
Fitting aperture to hotspot...
Candidate: x_peak:       -0.675, y_peak:       -0.335, r_peak:        0.030, sig:       17.903, ra_peak:      141.352, dec_peak:       -5.115
Characteristic density local = 6111.5 deg^-2 = 1.698 arcmin^-2
Fitting aperture to hotspot...
Candidate: x_peak:       -0.175, y_peak:       -0.665, r_peak:        0.020, sig:        8.943, ra_peak:      141.854, dec_peak:       -5.445
Characteristic density local = 5948.4 deg^-2 = 1.652 arcmin^-2
Fitting aperture to hotspot...
Candidate: x_peak:        0.025, y_peak:       -0.685, r_peak:        0.290, sig:        7.274, ra_peak:      142.055, dec_peak:       -5.465
Characteristic density local = 5148.7 deg^-2 = 1.430 arcmin^-2
Fitting aperture to hotspot...
Candidate: x_peak:        0.355, y_peak:        0.535, r_peak:        0.020, sig:       22.794, ra_peak:      142.386, dec_peak:       -4.245
Characteristic density local = 6125.5 deg^-2 = 1.702 arcmin^-2
Fitting aperture to hotspot...
Candidate: x_peak:        0.935, y_peak:       -0.305, r_peak:        0.020, sig:       14.813, ra_peak:      142.969, dec_peak:       -5.084
Characteristic density local = 6026.0 deg^-2 = 1.674 arcmin^-2
Fitting aperture to hotspot...
Candidate: x_peak:        0.965, y_peak:        0.365, r_peak:        0.020, sig:        5.851, ra_peak:      142.998, dec_peak:       -4.414
Characteristic density local = 6527.3 deg^-2 = 1.813 arcmin^-2
Fitting aperture to hotspot...
Candidate: x_peak:        1.135, y_peak:       -0.105, r_peak:        0.020, sig:        5.783, ra_peak:      143.169, dec_peak:       -4.884
Distance = 158.5 kpc (m-M = 21.0)
979379 objects left after isochrone cut...
Characteristic density = 5400.0 deg^-2
Characteristic density local = 6419.9 deg^-2 = 1.783 arcmin^-2
Fitting aperture to hotspot...
Candidate: x_peak:       -1.305, y_peak:       -0.075, r_peak:        0.210, sig:        7.325, ra_peak:      140.720, dec_peak:       -4.854
Characteristic density local = 5329.7 deg^-2 = 1.480 arcmin^-2
Fitting aperture to hotspot...
Candidate: x_peak:       -0.805, y_peak:        0.505, r_peak:        0.020, sig:       14.166, ra_peak:      141.223, dec_peak:       -4.275
Characteristic density local = 6131.4 deg^-2 = 1.703 arcmin^-2
Fitting aperture to hotspot...
Candidate: x_peak:       -0.675, y_peak:       -0.335, r_peak:        0.030, sig:       17.939, ra_peak:      141.352, dec_peak:       -5.115
Characteristic density local = 5860.9 deg^-2 = 1.628 arcmin^-2
Fitting aperture to hotspot...
Candidate: x_peak:       -0.175, y_peak:       -0.665, r_peak:        0.020, sig:        9.111, ra_peak:      141.854, dec_peak:       -5.445
Characteristic density local = 5673.9 deg^-2 = 1.576 arcmin^-2
Fitting aperture to hotspot...
Candidate: x_peak:        0.025, y_peak:       -0.685, r_peak:        0.290, sig:        7.548, ra_peak:      142.055, dec_peak:       -5.465
Characteristic density local = 4941.8 deg^-2 = 1.373 arcmin^-2
Fitting aperture to hotspot...
Candidate: x_peak:        0.355, y_peak:        0.535, r_peak:        0.020, sig:       23.011, ra_peak:      142.386, dec_peak:       -4.245
Characteristic density local = 5908.6 deg^-2 = 1.641 arcmin^-2
Fitting aperture to hotspot...
Candidate: x_peak:        0.935, y_peak:       -0.305, r_peak:        0.020, sig:       14.983, ra_peak:      142.969, dec_peak:       -5.084
Characteristic density local = 5817.1 deg^-2 = 1.616 arcmin^-2
Fitting aperture to hotspot...
Candidate: x_peak:        0.965, y_peak:        0.365, r_peak:        0.020, sig:        5.978, ra_peak:      142.998, dec_peak:       -4.414
Distance = 199.5 kpc (m-M = 21.5)
971332 objects left after isochrone cut...
Characteristic density = 5100.0 deg^-2
Characteristic density local = 6119.5 deg^-2 = 1.700 arcmin^-2
Fitting aperture to hotspot...
Candidate: x_peak:       -1.305, y_peak:       -0.075, r_peak:        0.020, sig:        7.323, ra_peak:      140.720, dec_peak:       -4.854
Characteristic density local = 5055.2 deg^-2 = 1.404 arcmin^-2
Fitting aperture to hotspot...
Candidate: x_peak:       -0.805, y_peak:        0.505, r_peak:        0.020, sig:       14.234, ra_peak:      141.223, dec_peak:       -4.275
Characteristic density local = 5835.0 deg^-2 = 1.621 arcmin^-2
Fitting aperture to hotspot...
Candidate: x_peak:       -0.675, y_peak:       -0.335, r_peak:        0.030, sig:       18.265, ra_peak:      141.352, dec_peak:       -5.115
Characteristic density local = 5582.4 deg^-2 = 1.551 arcmin^-2
Fitting aperture to hotspot...
Candidate: x_peak:       -0.175, y_peak:       -0.665, r_peak:        0.020, sig:        9.305, ra_peak:      141.854, dec_peak:       -5.445
Characteristic density local = 5385.4 deg^-2 = 1.496 arcmin^-2
Fitting aperture to hotspot...
Candidate: x_peak:        0.025, y_peak:       -0.685, r_peak:        0.020, sig:        7.591, ra_peak:      142.055, dec_peak:       -5.465
Characteristic density local = 4667.2 deg^-2 = 1.296 arcmin^-2
Fitting aperture to hotspot...
Candidate: x_peak:        0.355, y_peak:        0.535, r_peak:        0.020, sig:       23.312, ra_peak:      142.386, dec_peak:       -4.245
Characteristic density local = 5630.1 deg^-2 = 1.564 arcmin^-2
Fitting aperture to hotspot...
Candidate: x_peak:        0.935, y_peak:       -0.305, r_peak:        0.020, sig:       15.208, ra_peak:      142.969, dec_peak:       -5.084
Distance = 251.2 kpc (m-M = 22.0)
962132 objects left after isochrone cut...
Characteristic density = 4700.0 deg^-2
Characteristic density local = 5755.4 deg^-2 = 1.599 arcmin^-2
Fitting aperture to hotspot...
Candidate: x_peak:       -1.305, y_peak:       -0.075, r_peak:        0.200, sig:        7.519, ra_peak:      140.720, dec_peak:       -4.854
Characteristic density local = 4709.0 deg^-2 = 1.308 arcmin^-2
Fitting aperture to hotspot...
Candidate: x_peak:       -0.805, y_peak:        0.505, r_peak:        0.020, sig:       14.373, ra_peak:      141.223, dec_peak:       -4.275
Characteristic density local = 5478.9 deg^-2 = 1.522 arcmin^-2
Fitting aperture to hotspot...
Candidate: x_peak:       -0.675, y_peak:       -0.335, r_peak:        0.030, sig:       18.673, ra_peak:      141.352, dec_peak:       -5.115
Characteristic density local = 5276.0 deg^-2 = 1.466 arcmin^-2
Fitting aperture to hotspot...
Candidate: x_peak:       -0.175, y_peak:       -0.665, r_peak:        0.020, sig:        9.526, ra_peak:      141.854, dec_peak:       -5.445
Characteristic density local = 5057.1 deg^-2 = 1.405 arcmin^-2
Fitting aperture to hotspot...
Candidate: x_peak:        0.025, y_peak:       -0.685, r_peak:        0.020, sig:        7.821, ra_peak:      142.055, dec_peak:       -5.465
Characteristic density local = 4372.8 deg^-2 = 1.215 arcmin^-2
Fitting aperture to hotspot...
Candidate: x_peak:        0.355, y_peak:        0.535, r_peak:        0.020, sig:       23.518, ra_peak:      142.386, dec_peak:       -4.245
Characteristic density local = 5361.5 deg^-2 = 1.489 arcmin^-2
Fitting aperture to hotspot...
Candidate: x_peak:        0.935, y_peak:       -0.305, r_peak:        0.020, sig:       15.276, ra_peak:      142.969, dec_peak:       -5.084
Characteristic density local = 5220.3 deg^-2 = 1.450 arcmin^-2
Fitting aperture to hotspot...
Candidate: x_peak:        0.965, y_peak:        0.365, r_peak:        0.020, sig:        6.361, ra_peak:      142.998, dec_peak:       -4.414
Distance = 316.2 kpc (m-M = 22.5)
951839 objects left after isochrone cut...
Characteristic density = 4400.0 deg^-2
Characteristic density local = 5385.4 deg^-2 = 1.496 arcmin^-2
Fitting aperture to hotspot...
Candidate: x_peak:       -1.305, y_peak:       -0.075, r_peak:        0.020, sig:        7.374, ra_peak:      140.720, dec_peak:       -4.854
Characteristic density local = 4362.8 deg^-2 = 1.212 arcmin^-2
Fitting aperture to hotspot...
Candidate: x_peak:       -0.805, y_peak:        0.505, r_peak:        0.020, sig:       14.700, ra_peak:      141.223, dec_peak:       -4.275
Characteristic density local = 5116.8 deg^-2 = 1.421 arcmin^-2
Fitting aperture to hotspot...
Candidate: x_peak:       -0.675, y_peak:       -0.335, r_peak:        0.030, sig:       18.993, ra_peak:      141.352, dec_peak:       -5.115
Characteristic density local = 4919.9 deg^-2 = 1.367 arcmin^-2
Fitting aperture to hotspot...
Candidate: x_peak:       -0.175, y_peak:       -0.665, r_peak:        0.020, sig:        9.596, ra_peak:      141.854, dec_peak:       -5.445
Characteristic density local = 3740.1 deg^-2 = 1.039 arcmin^-2
Fitting aperture to hotspot...
Candidate: x_peak:       -0.135, y_peak:        0.985, r_peak:        0.020, sig:        9.325, ra_peak:      141.895, dec_peak:       -3.795
Characteristic density local = 4788.6 deg^-2 = 1.330 arcmin^-2
Fitting aperture to hotspot...
Candidate: x_peak:        0.015, y_peak:       -0.685, r_peak:        0.280, sig:        6.776, ra_peak:      142.045, dec_peak:       -5.465
Characteristic density local = 4042.5 deg^-2 = 1.123 arcmin^-2
Fitting aperture to hotspot...
Candidate: x_peak:        0.355, y_peak:        0.535, r_peak:        0.020, sig:       23.378, ra_peak:      142.386, dec_peak:       -4.245
Characteristic density local = 5069.1 deg^-2 = 1.408 arcmin^-2
Fitting aperture to hotspot...
Candidate: x_peak:        0.935, y_peak:       -0.305, r_peak:        0.020, sig:       15.531, ra_peak:      142.969, dec_peak:       -5.084
Characteristic density local = 4929.8 deg^-2 = 1.369 arcmin^-2
Fitting aperture to hotspot...
Candidate: x_peak:        0.965, y_peak:        0.365, r_peak:        0.020, sig:        6.559, ra_peak:      142.998, dec_peak:       -4.414
Distance = 398.1 kpc (m-M = 23.0)
939642 objects left after isochrone cut...
Characteristic density = 4000.0 deg^-2
Characteristic density local = 4870.1 deg^-2 = 1.353 arcmin^-2
Fitting aperture to hotspot...
Candidate: x_peak:       -1.305, y_peak:       -0.075, r_peak:        0.020, sig:        7.516, ra_peak:      140.720, dec_peak:       -4.854
Characteristic density local = 3972.9 deg^-2 = 1.104 arcmin^-2
Fitting aperture to hotspot...
Candidate: x_peak:       -0.805, y_peak:        0.505, r_peak:        0.030, sig:       14.975, ra_peak:      141.223, dec_peak:       -4.275
Characteristic density local = 4675.2 deg^-2 = 1.299 arcmin^-2
Fitting aperture to hotspot...
Candidate: x_peak:       -0.675, y_peak:       -0.335, r_peak:        0.030, sig:       19.559, ra_peak:      141.352, dec_peak:       -5.115
Characteristic density local = 4498.1 deg^-2 = 1.249 arcmin^-2
Fitting aperture to hotspot...
Candidate: x_peak:       -0.175, y_peak:       -0.665, r_peak:        0.020, sig:        9.934, ra_peak:      141.854, dec_peak:       -5.445
Characteristic density local = 3362.1 deg^-2 = 0.934 arcmin^-2
Fitting aperture to hotspot...
Candidate: x_peak:       -0.135, y_peak:        0.985, r_peak:        0.020, sig:        9.687, ra_peak:      141.895, dec_peak:       -3.795
Characteristic density local = 3674.5 deg^-2 = 1.021 arcmin^-2
Fitting aperture to hotspot...
Candidate: x_peak:        0.355, y_peak:        0.535, r_peak:        0.020, sig:       23.855, ra_peak:      142.386, dec_peak:       -4.245
Characteristic density local = 4667.2 deg^-2 = 1.296 arcmin^-2
Fitting aperture to hotspot...
Candidate: x_peak:        0.935, y_peak:       -0.305, r_peak:        0.020, sig:       15.578, ra_peak:      142.969, dec_peak:       -5.084
Characteristic density local = 4559.8 deg^-2 = 1.267 arcmin^-2
Fitting aperture to hotspot...
Candidate: x_peak:        0.965, y_peak:        0.365, r_peak:        0.020, sig:        6.825, ra_peak:      142.998, dec_peak:       -4.414
23.86 sigma; (RA, Dec, d) = (142.39, -4.24); r = 0.02 deg; d = 398.1, mu = 23.00 mag), mc_source_id: 0.00
19.56 sigma; (RA, Dec, d) = (141.35, -5.11); r = 0.03 deg; d = 398.1, mu = 23.00 mag), mc_source_id: 0.00
15.58 sigma; (RA, Dec, d) = (142.97, -5.08); r = 0.02 deg; d = 398.1, mu = 23.00 mag), mc_source_id: 0.00
14.97 sigma; (RA, Dec, d) = (141.22, -4.27); r = 0.03 deg; d = 398.1, mu = 23.00 mag), mc_source_id: 0.00
9.93 sigma; (RA, Dec, d) = (141.85, -5.44); r = 0.02 deg; d = 398.1, mu = 23.00 mag), mc_source_id: 0.00
9.69 sigma; (RA, Dec, d) = (141.89, -3.79); r = 0.02 deg; d = 398.1, mu = 23.00 mag), mc_source_id: 0.00
7.82 sigma; (RA, Dec, d) = (142.06, -5.47); r = 0.02 deg; d = 251.2, mu = 22.00 mag), mc_source_id: 0.00
7.52 sigma; (RA, Dec, d) = (140.72, -4.85); r = 0.20 deg; d = 251.2, mu = 22.00 mag), mc_source_id: 0.00
6.83 sigma; (RA, Dec, d) = (143.00, -4.41); r = 0.02 deg; d = 398.1, mu = 23.00 mag), mc_source_id: 0.00
5.86 sigma; (RA, Dec, d) = (143.17, -4.89); r = 0.02 deg; d = 50.1, mu = 18.50 mag), mc_source_id: 0.00

------------------------------------------------------------
Job <681302.0> was submitted from <des51.fnal.gov> by user <tavangar>.
Job was executed on host <des40.fnal.gov> as user <tavangar>.
</var/lib/condor/execute/dir_2084283> was used as the initial working directory.
Results reported at Wed Jun  5 13:46:26 CDT 2019

Your job looked like:

------------------------------------------------------------
python /home/s1/tavangar/tavangar_simple/search_algorithm.py 142.03 -4.78 0.00 /home/s1/tavangar/tavangar_simple/decals_dr7_results/results_nside_32_6642.csv /home/s1/tavangar/tavangar_simple/decals_dr7_results/decals_dr7_log/results_nside_32_6642.log
------------------------------------------------------------

Successfully completed.

Resource usage summary:

	Real time :			365.84 sec.
	CPU time :			8.37 sec.
	CPU percentage :		83%
	Max Memory :			7531040 KB
	Average Memory :		0 KB

The output (if any) is above this job summary.
