/home/s1/tavangar/tavangar_simple/simple_utils.py:170: FutureWarning: elementwise comparison failed; returning scalar instead, but in the future will perform elementwise comparison
  if np.all(isochrone.stage == 'Main'):
Search coordinates: (RA, Dec) = (136.41, 27.28)
Center healpixel: 3312
Healpixels: [3312 3440 3311 3184 3056 3185 3313 3441 3568]
MC_SOURCE_ID = 0.0
mode = 0: running only on real data
Found 1 objects...
Applying cuts...
609806 star-like objects in ROI...
846593 galaxy-like objects in ROI...
No fracdet map specified ...
Distance = 15.8 kpc (m-M = 16.0)
609780 objects left after isochrone cut...
Characteristic density = 5300.0 deg^-2
Characteristic density local = 5492.8 deg^-2 = 1.526 arcmin^-2
Fitting aperture to hotspot...
Candidate: x_peak:       -1.035, y_peak:        0.055, r_peak:        0.020, sig:        6.862, ra_peak:      135.245, dec_peak:       27.330
Characteristic density local = 5524.7 deg^-2 = 1.535 arcmin^-2
Fitting aperture to hotspot...
Candidate: x_peak:       -0.525, y_peak:       -0.065, r_peak:        0.020, sig:        7.496, ra_peak:      135.820, dec_peak:       27.214
Characteristic density local = 5301.8 deg^-2 = 1.473 arcmin^-2
Fitting aperture to hotspot...
Candidate: x_peak:       -0.325, y_peak:        0.625, r_peak:        0.030, sig:       15.980, ra_peak:      136.042, dec_peak:       27.905
Characteristic density local = 5274.0 deg^-2 = 1.465 arcmin^-2
Fitting aperture to hotspot...
Candidate: x_peak:        0.115, y_peak:       -1.145, r_peak:        0.020, sig:        6.092, ra_peak:      136.538, dec_peak:       26.135
Characteristic density local = 5359.5 deg^-2 = 1.489 arcmin^-2
Fitting aperture to hotspot...
Candidate: x_peak:        0.455, y_peak:        0.705, r_peak:        0.050, sig:        7.872, ra_peak:      136.925, dec_peak:       27.984
Characteristic density local = 5407.3 deg^-2 = 1.502 arcmin^-2
Fitting aperture to hotspot...
Candidate: x_peak:        0.545, y_peak:        0.275, r_peak:        0.030, sig:       12.575, ra_peak:      137.025, dec_peak:       27.554
Characteristic density local = 5242.2 deg^-2 = 1.456 arcmin^-2
Fitting aperture to hotspot...
Candidate: x_peak:        0.665, y_peak:       -0.625, r_peak:        0.070, sig:        7.746, ra_peak:      137.154, dec_peak:       26.653
Characteristic density local = 5343.6 deg^-2 = 1.484 arcmin^-2
Fitting aperture to hotspot...
Candidate: x_peak:        0.745, y_peak:        0.135, r_peak:        0.020, sig:        5.810, ra_peak:      137.249, dec_peak:       27.412
Distance = 20.0 kpc (m-M = 16.5)
609796 objects left after isochrone cut...
Characteristic density = 5300.0 deg^-2
Characteristic density local = 5492.8 deg^-2 = 1.526 arcmin^-2
Fitting aperture to hotspot...
Candidate: x_peak:       -1.035, y_peak:        0.055, r_peak:        0.020, sig:        6.862, ra_peak:      135.245, dec_peak:       27.330
Characteristic density local = 5524.7 deg^-2 = 1.535 arcmin^-2
Fitting aperture to hotspot...
Candidate: x_peak:       -0.525, y_peak:       -0.065, r_peak:        0.020, sig:        7.496, ra_peak:      135.820, dec_peak:       27.214
Characteristic density local = 5301.8 deg^-2 = 1.473 arcmin^-2
Fitting aperture to hotspot...
Candidate: x_peak:       -0.325, y_peak:        0.625, r_peak:        0.030, sig:       15.980, ra_peak:      136.042, dec_peak:       27.905
Characteristic density local = 5274.0 deg^-2 = 1.465 arcmin^-2
Fitting aperture to hotspot...
Candidate: x_peak:        0.115, y_peak:       -1.145, r_peak:        0.020, sig:        6.092, ra_peak:      136.538, dec_peak:       26.135
Characteristic density local = 5359.5 deg^-2 = 1.489 arcmin^-2
Fitting aperture to hotspot...
Candidate: x_peak:        0.455, y_peak:        0.705, r_peak:        0.050, sig:        7.872, ra_peak:      136.925, dec_peak:       27.984
Characteristic density local = 5407.3 deg^-2 = 1.502 arcmin^-2
Fitting aperture to hotspot...
Candidate: x_peak:        0.545, y_peak:        0.275, r_peak:        0.030, sig:       12.575, ra_peak:      137.025, dec_peak:       27.554
Characteristic density local = 5242.2 deg^-2 = 1.456 arcmin^-2
Fitting aperture to hotspot...
Candidate: x_peak:        0.665, y_peak:       -0.625, r_peak:        0.070, sig:        7.746, ra_peak:      137.154, dec_peak:       26.653
Characteristic density local = 5343.6 deg^-2 = 1.484 arcmin^-2
Fitting aperture to hotspot...
Candidate: x_peak:        0.745, y_peak:        0.135, r_peak:        0.020, sig:        5.810, ra_peak:      137.249, dec_peak:       27.412
Distance = 25.1 kpc (m-M = 17.0)
609801 objects left after isochrone cut...
Characteristic density = 5300.0 deg^-2
Characteristic density local = 5492.8 deg^-2 = 1.526 arcmin^-2
Fitting aperture to hotspot...
Candidate: x_peak:       -1.035, y_peak:        0.055, r_peak:        0.020, sig:        6.862, ra_peak:      135.245, dec_peak:       27.330
Characteristic density local = 5524.7 deg^-2 = 1.535 arcmin^-2
Fitting aperture to hotspot...
Candidate: x_peak:       -0.525, y_peak:       -0.065, r_peak:        0.020, sig:        7.496, ra_peak:      135.820, dec_peak:       27.214
Characteristic density local = 5301.8 deg^-2 = 1.473 arcmin^-2
Fitting aperture to hotspot...
Candidate: x_peak:       -0.325, y_peak:        0.625, r_peak:        0.030, sig:       15.980, ra_peak:      136.042, dec_peak:       27.905
Characteristic density local = 5274.0 deg^-2 = 1.465 arcmin^-2
Fitting aperture to hotspot...
Candidate: x_peak:        0.115, y_peak:       -1.145, r_peak:        0.020, sig:        6.092, ra_peak:      136.538, dec_peak:       26.135
Characteristic density local = 5359.5 deg^-2 = 1.489 arcmin^-2
Fitting aperture to hotspot...
Candidate: x_peak:        0.455, y_peak:        0.705, r_peak:        0.050, sig:        7.872, ra_peak:      136.925, dec_peak:       27.984
Characteristic density local = 5407.3 deg^-2 = 1.502 arcmin^-2
Fitting aperture to hotspot...
Candidate: x_peak:        0.545, y_peak:        0.275, r_peak:        0.030, sig:       12.575, ra_peak:      137.025, dec_peak:       27.554
Characteristic density local = 5242.2 deg^-2 = 1.456 arcmin^-2
Fitting aperture to hotspot...
Candidate: x_peak:        0.665, y_peak:       -0.625, r_peak:        0.070, sig:        7.746, ra_peak:      137.154, dec_peak:       26.653
Characteristic density local = 5343.6 deg^-2 = 1.484 arcmin^-2
Fitting aperture to hotspot...
Candidate: x_peak:        0.745, y_peak:        0.135, r_peak:        0.020, sig:        5.810, ra_peak:      137.249, dec_peak:       27.412
Distance = 31.6 kpc (m-M = 17.5)
609804 objects left after isochrone cut...
Characteristic density = 5300.0 deg^-2
Characteristic density local = 5492.8 deg^-2 = 1.526 arcmin^-2
Fitting aperture to hotspot...
Candidate: x_peak:       -1.035, y_peak:        0.055, r_peak:        0.020, sig:        6.862, ra_peak:      135.245, dec_peak:       27.330
Characteristic density local = 5524.7 deg^-2 = 1.535 arcmin^-2
Fitting aperture to hotspot...
Candidate: x_peak:       -0.525, y_peak:       -0.065, r_peak:        0.020, sig:        7.496, ra_peak:      135.820, dec_peak:       27.214
Characteristic density local = 5301.8 deg^-2 = 1.473 arcmin^-2
Fitting aperture to hotspot...
Candidate: x_peak:       -0.325, y_peak:        0.625, r_peak:        0.030, sig:       15.980, ra_peak:      136.042, dec_peak:       27.905
Characteristic density local = 5274.0 deg^-2 = 1.465 arcmin^-2
Fitting aperture to hotspot...
Candidate: x_peak:        0.115, y_peak:       -1.145, r_peak:        0.020, sig:        6.092, ra_peak:      136.538, dec_peak:       26.135
Characteristic density local = 5359.5 deg^-2 = 1.489 arcmin^-2
Fitting aperture to hotspot...
Candidate: x_peak:        0.455, y_peak:        0.705, r_peak:        0.050, sig:        7.872, ra_peak:      136.925, dec_peak:       27.984
Characteristic density local = 5407.3 deg^-2 = 1.502 arcmin^-2
Fitting aperture to hotspot...
Candidate: x_peak:        0.545, y_peak:        0.275, r_peak:        0.030, sig:       12.575, ra_peak:      137.025, dec_peak:       27.554
Characteristic density local = 5242.2 deg^-2 = 1.456 arcmin^-2
Fitting aperture to hotspot...
Candidate: x_peak:        0.665, y_peak:       -0.625, r_peak:        0.070, sig:        7.746, ra_peak:      137.154, dec_peak:       26.653
Characteristic density local = 5343.6 deg^-2 = 1.484 arcmin^-2
Fitting aperture to hotspot...
Candidate: x_peak:        0.745, y_peak:        0.135, r_peak:        0.020, sig:        5.810, ra_peak:      137.249, dec_peak:       27.412
Distance = 39.8 kpc (m-M = 18.0)
609731 objects left after isochrone cut...
Characteristic density = 5300.0 deg^-2
Characteristic density local = 5492.8 deg^-2 = 1.526 arcmin^-2
Fitting aperture to hotspot...
Candidate: x_peak:       -1.035, y_peak:        0.055, r_peak:        0.020, sig:        6.862, ra_peak:      135.245, dec_peak:       27.330
Characteristic density local = 5524.7 deg^-2 = 1.535 arcmin^-2
Fitting aperture to hotspot...
Candidate: x_peak:       -0.525, y_peak:       -0.065, r_peak:        0.020, sig:        7.496, ra_peak:      135.820, dec_peak:       27.214
Characteristic density local = 5301.8 deg^-2 = 1.473 arcmin^-2
Fitting aperture to hotspot...
Candidate: x_peak:       -0.325, y_peak:        0.625, r_peak:        0.030, sig:       15.980, ra_peak:      136.042, dec_peak:       27.905
Characteristic density local = 5272.0 deg^-2 = 1.464 arcmin^-2
Fitting aperture to hotspot...
Candidate: x_peak:        0.115, y_peak:       -1.145, r_peak:        0.020, sig:        6.093, ra_peak:      136.538, dec_peak:       26.135
Characteristic density local = 5357.6 deg^-2 = 1.488 arcmin^-2
Fitting aperture to hotspot...
Candidate: x_peak:        0.455, y_peak:        0.705, r_peak:        0.050, sig:        7.875, ra_peak:      136.925, dec_peak:       27.984
Characteristic density local = 5407.3 deg^-2 = 1.502 arcmin^-2
Fitting aperture to hotspot...
Candidate: x_peak:        0.545, y_peak:        0.275, r_peak:        0.030, sig:       12.575, ra_peak:      137.025, dec_peak:       27.554
Characteristic density local = 5240.2 deg^-2 = 1.456 arcmin^-2
Fitting aperture to hotspot...
Candidate: x_peak:        0.665, y_peak:       -0.625, r_peak:        0.070, sig:        7.750, ra_peak:      137.154, dec_peak:       26.653
Characteristic density local = 5341.6 deg^-2 = 1.484 arcmin^-2
Fitting aperture to hotspot...
Candidate: x_peak:        0.745, y_peak:        0.135, r_peak:        0.020, sig:        5.811, ra_peak:      137.249, dec_peak:       27.412
Distance = 50.1 kpc (m-M = 18.5)
608815 objects left after isochrone cut...
Characteristic density = 5200.0 deg^-2
Characteristic density local = 5484.9 deg^-2 = 1.524 arcmin^-2
Fitting aperture to hotspot...
Candidate: x_peak:       -1.035, y_peak:        0.055, r_peak:        0.020, sig:        6.867, ra_peak:      135.245, dec_peak:       27.330
Characteristic density local = 5508.8 deg^-2 = 1.530 arcmin^-2
Fitting aperture to hotspot...
Candidate: x_peak:       -0.525, y_peak:       -0.065, r_peak:        0.020, sig:        7.507, ra_peak:      135.820, dec_peak:       27.214
Characteristic density local = 5283.9 deg^-2 = 1.468 arcmin^-2
Fitting aperture to hotspot...
Candidate: x_peak:       -0.325, y_peak:        0.625, r_peak:        0.030, sig:       16.000, ra_peak:      136.042, dec_peak:       27.905
Characteristic density local = 5230.2 deg^-2 = 1.453 arcmin^-2
Fitting aperture to hotspot...
Candidate: x_peak:        0.115, y_peak:       -1.145, r_peak:        0.020, sig:        6.121, ra_peak:      136.538, dec_peak:       26.135
Characteristic density local = 5339.6 deg^-2 = 1.483 arcmin^-2
Fitting aperture to hotspot...
Candidate: x_peak:        0.455, y_peak:        0.705, r_peak:        0.050, sig:        7.901, ra_peak:      136.925, dec_peak:       27.984
Characteristic density local = 5377.4 deg^-2 = 1.494 arcmin^-2
Fitting aperture to hotspot...
Candidate: x_peak:        0.545, y_peak:        0.275, r_peak:        0.030, sig:       12.607, ra_peak:      137.025, dec_peak:       27.554
Characteristic density local = 5194.4 deg^-2 = 1.443 arcmin^-2
Fitting aperture to hotspot...
Candidate: x_peak:        0.665, y_peak:       -0.625, r_peak:        0.070, sig:        7.751, ra_peak:      137.154, dec_peak:       26.653
Characteristic density local = 5309.8 deg^-2 = 1.475 arcmin^-2
Fitting aperture to hotspot...
Candidate: x_peak:        0.745, y_peak:        0.135, r_peak:        0.020, sig:        5.832, ra_peak:      137.249, dec_peak:       27.412
Distance = 63.1 kpc (m-M = 19.0)
606483 objects left after isochrone cut...
Characteristic density = 5200.0 deg^-2
Characteristic density local = 5391.4 deg^-2 = 1.498 arcmin^-2
Fitting aperture to hotspot...
Candidate: x_peak:       -1.035, y_peak:        0.055, r_peak:        0.020, sig:        6.929, ra_peak:      135.245, dec_peak:       27.330
Characteristic density local = 5411.3 deg^-2 = 1.503 arcmin^-2
Fitting aperture to hotspot...
Candidate: x_peak:       -0.525, y_peak:       -0.065, r_peak:        0.020, sig:        7.573, ra_peak:      135.820, dec_peak:       27.214
Characteristic density local = 5222.3 deg^-2 = 1.451 arcmin^-2
Fitting aperture to hotspot...
Candidate: x_peak:       -0.325, y_peak:        0.625, r_peak:        0.030, sig:       15.945, ra_peak:      136.042, dec_peak:       27.905
Characteristic density local = 5130.8 deg^-2 = 1.425 arcmin^-2
Fitting aperture to hotspot...
Candidate: x_peak:        0.115, y_peak:       -1.145, r_peak:        0.020, sig:        5.949, ra_peak:      136.538, dec_peak:       26.135
Characteristic density local = 5246.1 deg^-2 = 1.457 arcmin^-2
Fitting aperture to hotspot...
Candidate: x_peak:        0.455, y_peak:        0.705, r_peak:        0.050, sig:        7.923, ra_peak:      136.925, dec_peak:       27.984
Characteristic density local = 5287.9 deg^-2 = 1.469 arcmin^-2
Fitting aperture to hotspot...
Candidate: x_peak:        0.545, y_peak:        0.275, r_peak:        0.030, sig:       12.702, ra_peak:      137.025, dec_peak:       27.554
Characteristic density local = 5120.8 deg^-2 = 1.422 arcmin^-2
Fitting aperture to hotspot...
Candidate: x_peak:        0.665, y_peak:       -0.625, r_peak:        0.070, sig:        7.895, ra_peak:      137.154, dec_peak:       26.653
Characteristic density local = 5234.2 deg^-2 = 1.454 arcmin^-2
Fitting aperture to hotspot...
Candidate: x_peak:        0.745, y_peak:        0.135, r_peak:        0.020, sig:        5.881, ra_peak:      137.249, dec_peak:       27.412
Distance = 79.4 kpc (m-M = 19.5)
603279 objects left after isochrone cut...
Characteristic density = 5100.0 deg^-2
Characteristic density local = 5289.9 deg^-2 = 1.469 arcmin^-2
Fitting aperture to hotspot...
Candidate: x_peak:       -1.035, y_peak:        0.055, r_peak:        0.020, sig:        6.998, ra_peak:      135.245, dec_peak:       27.330
Characteristic density local = 5297.9 deg^-2 = 1.472 arcmin^-2
Fitting aperture to hotspot...
Candidate: x_peak:       -0.525, y_peak:       -0.065, r_peak:        0.020, sig:        7.651, ra_peak:      135.820, dec_peak:       27.214
Characteristic density local = 5134.7 deg^-2 = 1.426 arcmin^-2
Fitting aperture to hotspot...
Candidate: x_peak:       -0.325, y_peak:        0.625, r_peak:        0.030, sig:       16.046, ra_peak:      136.042, dec_peak:       27.905
Characteristic density local = 5021.3 deg^-2 = 1.395 arcmin^-2
Fitting aperture to hotspot...
Candidate: x_peak:        0.115, y_peak:       -1.145, r_peak:        0.020, sig:        6.023, ra_peak:      136.538, dec_peak:       26.135
Characteristic density local = 5132.7 deg^-2 = 1.426 arcmin^-2
Fitting aperture to hotspot...
Candidate: x_peak:        0.455, y_peak:        0.705, r_peak:        0.050, sig:        8.089, ra_peak:      136.925, dec_peak:       27.984
Characteristic density local = 5198.4 deg^-2 = 1.444 arcmin^-2
Fitting aperture to hotspot...
Candidate: x_peak:        0.545, y_peak:        0.275, r_peak:        0.030, sig:       12.798, ra_peak:      137.025, dec_peak:       27.554
Characteristic density local = 5025.3 deg^-2 = 1.396 arcmin^-2
Fitting aperture to hotspot...
Candidate: x_peak:        0.665, y_peak:       -0.625, r_peak:        0.070, sig:        7.996, ra_peak:      137.154, dec_peak:       26.653
Characteristic density local = 5128.8 deg^-2 = 1.425 arcmin^-2
Fitting aperture to hotspot...
Candidate: x_peak:        0.745, y_peak:        0.135, r_peak:        0.020, sig:        5.951, ra_peak:      137.249, dec_peak:       27.412
Distance = 100.0 kpc (m-M = 20.0)
599610 objects left after isochrone cut...
Characteristic density = 4900.0 deg^-2
Characteristic density local = 5148.7 deg^-2 = 1.430 arcmin^-2
Fitting aperture to hotspot...
Candidate: x_peak:       -1.035, y_peak:        0.055, r_peak:        0.020, sig:        7.094, ra_peak:      135.245, dec_peak:       27.330
Characteristic density local = 5152.6 deg^-2 = 1.431 arcmin^-2
Fitting aperture to hotspot...
Candidate: x_peak:       -0.535, y_peak:       -0.065, r_peak:        0.020, sig:        8.182, ra_peak:      135.808, dec_peak:       27.214
Characteristic density local = 5003.4 deg^-2 = 1.390 arcmin^-2
Fitting aperture to hotspot...
Candidate: x_peak:       -0.325, y_peak:        0.625, r_peak:        0.030, sig:       16.201, ra_peak:      136.042, dec_peak:       27.905
Characteristic density local = 4896.0 deg^-2 = 1.360 arcmin^-2
Fitting aperture to hotspot...
Candidate: x_peak:       -0.055, y_peak:       -0.535, r_peak:        0.030, sig:        5.651, ra_peak:      136.348, dec_peak:       26.745
Characteristic density local = 4911.9 deg^-2 = 1.364 arcmin^-2
Fitting aperture to hotspot...
Candidate: x_peak:        0.115, y_peak:       -1.145, r_peak:        0.020, sig:        6.097, ra_peak:      136.538, dec_peak:       26.135
Characteristic density local = 5023.3 deg^-2 = 1.395 arcmin^-2
Fitting aperture to hotspot...
Candidate: x_peak:        0.455, y_peak:        0.705, r_peak:        0.050, sig:        8.022, ra_peak:      136.925, dec_peak:       27.984
Characteristic density local = 5077.0 deg^-2 = 1.410 arcmin^-2
Fitting aperture to hotspot...
Candidate: x_peak:        0.545, y_peak:        0.275, r_peak:        0.030, sig:       12.931, ra_peak:      137.025, dec_peak:       27.554
Characteristic density local = 4915.9 deg^-2 = 1.366 arcmin^-2
Fitting aperture to hotspot...
Candidate: x_peak:        0.665, y_peak:       -0.625, r_peak:        0.070, sig:        7.948, ra_peak:      137.154, dec_peak:       26.653
Characteristic density local = 5013.4 deg^-2 = 1.393 arcmin^-2
Fitting aperture to hotspot...
Candidate: x_peak:        0.745, y_peak:        0.135, r_peak:        0.020, sig:        6.028, ra_peak:      137.249, dec_peak:       27.412
Distance = 125.9 kpc (m-M = 20.5)
595545 objects left after isochrone cut...
Characteristic density = 4800.0 deg^-2
Characteristic density local = 4965.6 deg^-2 = 1.379 arcmin^-2
Fitting aperture to hotspot...
Candidate: x_peak:       -1.035, y_peak:        0.055, r_peak:        0.020, sig:        7.223, ra_peak:      135.245, dec_peak:       27.330
Characteristic density local = 5021.3 deg^-2 = 1.395 arcmin^-2
Fitting aperture to hotspot...
Candidate: x_peak:       -0.525, y_peak:       -0.065, r_peak:        0.020, sig:        7.628, ra_peak:      135.820, dec_peak:       27.214
Characteristic density local = 4880.1 deg^-2 = 1.356 arcmin^-2
Fitting aperture to hotspot...
Candidate: x_peak:       -0.325, y_peak:        0.625, r_peak:        0.030, sig:       16.350, ra_peak:      136.042, dec_peak:       27.905
Characteristic density local = 4800.5 deg^-2 = 1.333 arcmin^-2
Fitting aperture to hotspot...
Candidate: x_peak:       -0.055, y_peak:       -0.535, r_peak:        0.030, sig:        5.553, ra_peak:      136.348, dec_peak:       26.745
Characteristic density local = 4790.6 deg^-2 = 1.331 arcmin^-2
Fitting aperture to hotspot...
Candidate: x_peak:        0.115, y_peak:       -1.145, r_peak:        0.020, sig:        6.181, ra_peak:      136.538, dec_peak:       26.135
Characteristic density local = 4896.0 deg^-2 = 1.360 arcmin^-2
Fitting aperture to hotspot...
Candidate: x_peak:        0.455, y_peak:        0.705, r_peak:        0.050, sig:        7.981, ra_peak:      136.925, dec_peak:       27.984
Characteristic density local = 4937.8 deg^-2 = 1.372 arcmin^-2
Fitting aperture to hotspot...
Candidate: x_peak:        0.545, y_peak:        0.275, r_peak:        0.030, sig:       12.946, ra_peak:      137.025, dec_peak:       27.554
Characteristic density local = 4812.4 deg^-2 = 1.337 arcmin^-2
Fitting aperture to hotspot...
Candidate: x_peak:        0.665, y_peak:       -0.625, r_peak:        0.070, sig:        7.887, ra_peak:      137.154, dec_peak:       26.653
Distance = 158.5 kpc (m-M = 21.0)
591030 objects left after isochrone cut...
Characteristic density = 4700.0 deg^-2
Characteristic density local = 4814.4 deg^-2 = 1.337 arcmin^-2
Fitting aperture to hotspot...
Candidate: x_peak:       -1.035, y_peak:        0.065, r_peak:        0.020, sig:        7.779, ra_peak:      135.245, dec_peak:       27.340
Characteristic density local = 4842.3 deg^-2 = 1.345 arcmin^-2
Fitting aperture to hotspot...
Candidate: x_peak:       -0.525, y_peak:       -0.065, r_peak:        0.020, sig:        7.758, ra_peak:      135.820, dec_peak:       27.214
Characteristic density local = 4740.8 deg^-2 = 1.317 arcmin^-2
Fitting aperture to hotspot...
Candidate: x_peak:       -0.325, y_peak:        0.625, r_peak:        0.030, sig:       16.521, ra_peak:      136.042, dec_peak:       27.905
Characteristic density local = 4615.5 deg^-2 = 1.282 arcmin^-2
Fitting aperture to hotspot...
Candidate: x_peak:       -0.055, y_peak:       -0.535, r_peak:        0.030, sig:        5.730, ra_peak:      136.348, dec_peak:       26.745
Characteristic density local = 4631.4 deg^-2 = 1.287 arcmin^-2
Fitting aperture to hotspot...
Candidate: x_peak:        0.115, y_peak:       -1.145, r_peak:        0.020, sig:        6.294, ra_peak:      136.538, dec_peak:       26.135
Characteristic density local = 4758.7 deg^-2 = 1.322 arcmin^-2
Fitting aperture to hotspot...
Candidate: x_peak:        0.455, y_peak:        0.705, r_peak:        0.050, sig:        8.074, ra_peak:      136.925, dec_peak:       27.984
Characteristic density local = 4798.5 deg^-2 = 1.333 arcmin^-2
Fitting aperture to hotspot...
Candidate: x_peak:        0.545, y_peak:        0.275, r_peak:        0.030, sig:       12.963, ra_peak:      137.025, dec_peak:       27.554
Characteristic density local = 4641.4 deg^-2 = 1.289 arcmin^-2
Fitting aperture to hotspot...
Candidate: x_peak:        0.665, y_peak:       -0.625, r_peak:        0.070, sig:        7.782, ra_peak:      137.154, dec_peak:       26.653
Distance = 199.5 kpc (m-M = 21.5)
585791 objects left after isochrone cut...
Characteristic density = 4500.0 deg^-2
Characteristic density local = 4609.5 deg^-2 = 1.280 arcmin^-2
Fitting aperture to hotspot...
Candidate: x_peak:       -1.035, y_peak:        0.065, r_peak:        0.020, sig:        7.709, ra_peak:      135.245, dec_peak:       27.340
Characteristic density local = 4651.3 deg^-2 = 1.292 arcmin^-2
Fitting aperture to hotspot...
Candidate: x_peak:       -0.535, y_peak:       -0.065, r_peak:        0.020, sig:        8.340, ra_peak:      135.808, dec_peak:       27.214
Characteristic density local = 4563.8 deg^-2 = 1.268 arcmin^-2
Fitting aperture to hotspot...
Candidate: x_peak:       -0.325, y_peak:        0.625, r_peak:        0.030, sig:       16.616, ra_peak:      136.042, dec_peak:       27.905
Characteristic density local = 4426.5 deg^-2 = 1.230 arcmin^-2
Fitting aperture to hotspot...
Candidate: x_peak:       -0.055, y_peak:       -0.535, r_peak:        0.030, sig:        5.916, ra_peak:      136.348, dec_peak:       26.745
Characteristic density local = 4472.3 deg^-2 = 1.242 arcmin^-2
Fitting aperture to hotspot...
Candidate: x_peak:        0.115, y_peak:       -1.145, r_peak:        0.030, sig:        6.435, ra_peak:      136.538, dec_peak:       26.135
Characteristic density local = 4603.6 deg^-2 = 1.279 arcmin^-2
Fitting aperture to hotspot...
Candidate: x_peak:        0.455, y_peak:        0.705, r_peak:        0.050, sig:        8.316, ra_peak:      136.925, dec_peak:       27.984
Characteristic density local = 4663.2 deg^-2 = 1.295 arcmin^-2
Fitting aperture to hotspot...
Candidate: x_peak:        0.545, y_peak:        0.275, r_peak:        0.030, sig:       12.978, ra_peak:      137.025, dec_peak:       27.554
Characteristic density local = 4418.5 deg^-2 = 1.227 arcmin^-2
Fitting aperture to hotspot...
Candidate: x_peak:        0.655, y_peak:       -0.635, r_peak:        0.080, sig:        7.695, ra_peak:      137.143, dec_peak:       26.643
Characteristic density local = 4454.3 deg^-2 = 1.237 arcmin^-2
Fitting aperture to hotspot...
Candidate: x_peak:        0.665, y_peak:       -0.625, r_peak:        0.070, sig:        7.991, ra_peak:      137.154, dec_peak:       26.653
Distance = 251.2 kpc (m-M = 22.0)
579705 objects left after isochrone cut...
Characteristic density = 4300.0 deg^-2
Characteristic density local = 4404.6 deg^-2 = 1.224 arcmin^-2
Fitting aperture to hotspot...
Candidate: x_peak:       -1.035, y_peak:        0.065, r_peak:        0.020, sig:        7.640, ra_peak:      135.245, dec_peak:       27.340
Characteristic density local = 4430.5 deg^-2 = 1.231 arcmin^-2
Fitting aperture to hotspot...
Candidate: x_peak:       -0.535, y_peak:       -0.065, r_peak:        0.020, sig:        8.294, ra_peak:      135.808, dec_peak:       27.214
Characteristic density local = 4362.8 deg^-2 = 1.212 arcmin^-2
Fitting aperture to hotspot...
Candidate: x_peak:       -0.325, y_peak:        0.615, r_peak:        0.030, sig:       17.392, ra_peak:      136.042, dec_peak:       27.895
Characteristic density local = 4261.4 deg^-2 = 1.184 arcmin^-2
Fitting aperture to hotspot...
Candidate: x_peak:       -0.065, y_peak:       -0.535, r_peak:        0.020, sig:        5.559, ra_peak:      136.337, dec_peak:       26.745
Characteristic density local = 4279.3 deg^-2 = 1.189 arcmin^-2
Fitting aperture to hotspot...
Candidate: x_peak:        0.115, y_peak:       -1.145, r_peak:        0.020, sig:        6.555, ra_peak:      136.538, dec_peak:       26.135
Characteristic density local = 4436.4 deg^-2 = 1.232 arcmin^-2
Fitting aperture to hotspot...
Candidate: x_peak:        0.455, y_peak:        0.705, r_peak:        0.050, sig:        8.465, ra_peak:      136.925, dec_peak:       27.984
Characteristic density local = 4460.3 deg^-2 = 1.239 arcmin^-2
Fitting aperture to hotspot...
Candidate: x_peak:        0.545, y_peak:        0.275, r_peak:        0.030, sig:       13.075, ra_peak:      137.025, dec_peak:       27.554
Characteristic density local = 4281.3 deg^-2 = 1.189 arcmin^-2
Fitting aperture to hotspot...
Candidate: x_peak:        0.665, y_peak:       -0.625, r_peak:        0.070, sig:        8.272, ra_peak:      137.154, dec_peak:       26.653
Distance = 316.2 kpc (m-M = 22.5)
572467 objects left after isochrone cut...
Characteristic density = 4000.0 deg^-2
Characteristic density local = 4148.0 deg^-2 = 1.152 arcmin^-2
Fitting aperture to hotspot...
Candidate: x_peak:       -1.035, y_peak:        0.065, r_peak:        0.020, sig:        7.613, ra_peak:      135.245, dec_peak:       27.340
Characteristic density local = 4163.9 deg^-2 = 1.157 arcmin^-2
Fitting aperture to hotspot...
Candidate: x_peak:       -0.535, y_peak:       -0.065, r_peak:        0.020, sig:        8.511, ra_peak:      135.808, dec_peak:       27.214
Characteristic density local = 4130.1 deg^-2 = 1.147 arcmin^-2
Fitting aperture to hotspot...
Candidate: x_peak:       -0.325, y_peak:        0.625, r_peak:        0.030, sig:       16.799, ra_peak:      136.042, dec_peak:       27.905
Characteristic density local = 4249.4 deg^-2 = 1.180 arcmin^-2
Fitting aperture to hotspot...
Candidate: x_peak:       -0.175, y_peak:        1.105, r_peak:        0.020, sig:        7.532, ra_peak:      136.211, dec_peak:       28.385
Characteristic density local = 4036.6 deg^-2 = 1.121 arcmin^-2
Fitting aperture to hotspot...
Candidate: x_peak:        0.115, y_peak:       -1.145, r_peak:        0.030, sig:        6.512, ra_peak:      136.538, dec_peak:       26.135
Characteristic density local = 4215.6 deg^-2 = 1.171 arcmin^-2
Fitting aperture to hotspot...
Candidate: x_peak:        0.455, y_peak:        0.705, r_peak:        0.050, sig:        8.588, ra_peak:      136.925, dec_peak:       27.984
Characteristic density local = 4227.6 deg^-2 = 1.174 arcmin^-2
Fitting aperture to hotspot...
Candidate: x_peak:        0.545, y_peak:        0.275, r_peak:        0.030, sig:       13.216, ra_peak:      137.025, dec_peak:       27.554
Characteristic density local = 4004.7 deg^-2 = 1.112 arcmin^-2
Fitting aperture to hotspot...
Candidate: x_peak:        0.655, y_peak:       -0.635, r_peak:        0.080, sig:        8.381, ra_peak:      137.143, dec_peak:       26.643
Characteristic density local = 4028.6 deg^-2 = 1.119 arcmin^-2
Fitting aperture to hotspot...
Candidate: x_peak:        0.665, y_peak:       -0.625, r_peak:        0.070, sig:        8.648, ra_peak:      137.154, dec_peak:       26.653
Distance = 398.1 kpc (m-M = 23.0)
563654 objects left after isochrone cut...
Characteristic density = 3700.0 deg^-2
Characteristic density local = 3875.4 deg^-2 = 1.077 arcmin^-2
Fitting aperture to hotspot...
Candidate: x_peak:       -1.035, y_peak:        0.055, r_peak:        0.020, sig:        7.603, ra_peak:      135.245, dec_peak:       27.330
Characteristic density local = 3891.3 deg^-2 = 1.081 arcmin^-2
Fitting aperture to hotspot...
Candidate: x_peak:       -0.535, y_peak:       -0.065, r_peak:        0.020, sig:        8.744, ra_peak:      135.808, dec_peak:       27.214
Characteristic density local = 3813.8 deg^-2 = 1.059 arcmin^-2
Fitting aperture to hotspot...
Candidate: x_peak:       -0.325, y_peak:        0.625, r_peak:        0.030, sig:       17.246, ra_peak:      136.042, dec_peak:       27.905
Characteristic density local = 3873.4 deg^-2 = 1.076 arcmin^-2
Fitting aperture to hotspot...
Candidate: x_peak:       -0.205, y_peak:        1.125, r_peak:        0.060, sig:        8.011, ra_peak:      136.177, dec_peak:       28.405
Characteristic density local = 3728.2 deg^-2 = 1.036 arcmin^-2
Fitting aperture to hotspot...
Candidate: x_peak:        0.115, y_peak:       -1.145, r_peak:        0.030, sig:        6.854, ra_peak:      136.538, dec_peak:       26.135
Characteristic density local = 3907.3 deg^-2 = 1.085 arcmin^-2
Fitting aperture to hotspot...
Candidate: x_peak:        0.455, y_peak:        0.705, r_peak:        0.050, sig:        8.625, ra_peak:      136.925, dec_peak:       27.984
Characteristic density local = 3931.1 deg^-2 = 1.092 arcmin^-2
Fitting aperture to hotspot...
Candidate: x_peak:        0.545, y_peak:        0.275, r_peak:        0.030, sig:       13.301, ra_peak:      137.025, dec_peak:       27.554
Characteristic density local = 3756.1 deg^-2 = 1.043 arcmin^-2
Fitting aperture to hotspot...
Candidate: x_peak:        0.665, y_peak:       -0.625, r_peak:        0.070, sig:        8.802, ra_peak:      137.154, dec_peak:       26.653
17.39 sigma; (RA, Dec, d) = (136.04, 27.89); r = 0.03 deg; d = 251.2, mu = 22.00 mag), mc_source_id: 0.00
13.30 sigma; (RA, Dec, d) = (137.02, 27.55); r = 0.03 deg; d = 398.1, mu = 23.00 mag), mc_source_id: 0.00
8.80 sigma; (RA, Dec, d) = (137.15, 26.65); r = 0.07 deg; d = 398.1, mu = 23.00 mag), mc_source_id: 0.00
8.74 sigma; (RA, Dec, d) = (135.81, 27.21); r = 0.02 deg; d = 398.1, mu = 23.00 mag), mc_source_id: 0.00
8.63 sigma; (RA, Dec, d) = (136.93, 27.98); r = 0.05 deg; d = 398.1, mu = 23.00 mag), mc_source_id: 0.00
8.01 sigma; (RA, Dec, d) = (136.18, 28.40); r = 0.06 deg; d = 398.1, mu = 23.00 mag), mc_source_id: 0.00
7.78 sigma; (RA, Dec, d) = (135.24, 27.34); r = 0.02 deg; d = 158.5, mu = 21.00 mag), mc_source_id: 0.00
6.85 sigma; (RA, Dec, d) = (136.54, 26.13); r = 0.03 deg; d = 398.1, mu = 23.00 mag), mc_source_id: 0.00
6.03 sigma; (RA, Dec, d) = (137.25, 27.41); r = 0.02 deg; d = 100.0, mu = 20.00 mag), mc_source_id: 0.00
5.92 sigma; (RA, Dec, d) = (136.35, 26.74); r = 0.03 deg; d = 199.5, mu = 21.50 mag), mc_source_id: 0.00

------------------------------------------------------------
Job <679044.0> was submitted from <des51.fnal.gov> by user <tavangar>.
Job was executed on host <des40.fnal.gov> as user <tavangar>.
</var/lib/condor/execute/dir_1664954> was used as the initial working directory.
Results reported at Wed Jun  5 02:23:50 CDT 2019

Your job looked like:

------------------------------------------------------------
python /home/s1/tavangar/tavangar_simple/search_algorithm.py 136.41 27.28 0.00 /home/s1/tavangar/tavangar_simple/decals_dr7_results/results_nside_32_3312.csv /home/s1/tavangar/tavangar_simple/decals_dr7_results/decals_dr7_log/results_nside_32_3312.log
------------------------------------------------------------

Successfully completed.

Resource usage summary:

	Real time :			359.20 sec.
	CPU time :			63.87 sec.
	CPU percentage :		91%
	Max Memory :			5125328 KB
	Average Memory :		0 KB

The output (if any) is above this job summary.
