/home/s1/tavangar/tavangar_simple/simple_utils.py:170: FutureWarning: elementwise comparison failed; returning scalar instead, but in the future will perform elementwise comparison
  if np.all(isochrone.stage == 'Main'):
Search coordinates: (RA, Dec) = (175.78, 32.80)
Center healpixel: 2814
Healpixels: [2814 2942 2813 2686 2558 2687 2815 2943 3070]
MC_SOURCE_ID = 0.0
mode = 0: running only on real data
Found 1 objects...
Applying cuts...
389678 star-like objects in ROI...
638393 galaxy-like objects in ROI...
No fracdet map specified ...
Distance = 15.8 kpc (m-M = 16.0)
389665 objects left after isochrone cut...
Characteristic density = 3800.0 deg^-2
Characteristic density local = 3823.7 deg^-2 = 1.062 arcmin^-2
Fitting aperture to hotspot...
Candidate: x_peak:       -0.915, y_peak:       -0.155, r_peak:        0.030, sig:        5.758, ra_peak:      174.693, dec_peak:       32.640
Characteristic density local = 3959.0 deg^-2 = 1.100 arcmin^-2
Fitting aperture to hotspot...
Candidate: x_peak:       -0.545, y_peak:       -0.095, r_peak:        0.020, sig:        8.685, ra_peak:      175.132, dec_peak:       32.703
Characteristic density local = 3889.3 deg^-2 = 1.080 arcmin^-2
Fitting aperture to hotspot...
Candidate: x_peak:       -0.355, y_peak:       -0.555, r_peak:        0.020, sig:       11.681, ra_peak:      175.360, dec_peak:       32.244
Characteristic density local = 4088.3 deg^-2 = 1.136 arcmin^-2
Fitting aperture to hotspot...
Candidate: x_peak:       -0.315, y_peak:       -1.035, r_peak:        0.050, sig:       22.470, ra_peak:      175.410, dec_peak:       31.764
Characteristic density local = 3921.2 deg^-2 = 1.089 arcmin^-2
Fitting aperture to hotspot...
Candidate: x_peak:       -0.065, y_peak:       -0.075, r_peak:        0.030, sig:       10.519, ra_peak:      175.703, dec_peak:       32.725
Characteristic density local = 4177.8 deg^-2 = 1.161 arcmin^-2
Fitting aperture to hotspot...
Candidate: x_peak:        0.095, y_peak:       -1.035, r_peak:        0.030, sig:       13.712, ra_peak:      175.892, dec_peak:       31.765
Characteristic density local = 3768.0 deg^-2 = 1.047 arcmin^-2
Fitting aperture to hotspot...
Candidate: x_peak:        0.165, y_peak:       -0.215, r_peak:        0.020, sig:        7.210, ra_peak:      175.976, dec_peak:       32.585
Characteristic density local = 3921.2 deg^-2 = 1.089 arcmin^-2
Fitting aperture to hotspot...
Candidate: x_peak:        0.605, y_peak:        0.135, r_peak:        0.020, sig:        5.817, ra_peak:      176.501, dec_peak:       32.933
Characteristic density local = 3998.8 deg^-2 = 1.111 arcmin^-2
Fitting aperture to hotspot...
Candidate: x_peak:        0.665, y_peak:        0.245, r_peak:        0.030, sig:        4.321, ra_peak:      176.573, dec_peak:       33.043
Distance = 20.0 kpc (m-M = 16.5)
389670 objects left after isochrone cut...
Characteristic density = 3800.0 deg^-2
Characteristic density local = 3823.7 deg^-2 = 1.062 arcmin^-2
Fitting aperture to hotspot...
Candidate: x_peak:       -0.915, y_peak:       -0.155, r_peak:        0.030, sig:        5.758, ra_peak:      174.693, dec_peak:       32.640
Characteristic density local = 3959.0 deg^-2 = 1.100 arcmin^-2
Fitting aperture to hotspot...
Candidate: x_peak:       -0.545, y_peak:       -0.095, r_peak:        0.020, sig:        8.685, ra_peak:      175.132, dec_peak:       32.703
Characteristic density local = 3889.3 deg^-2 = 1.080 arcmin^-2
Fitting aperture to hotspot...
Candidate: x_peak:       -0.355, y_peak:       -0.555, r_peak:        0.020, sig:       11.681, ra_peak:      175.360, dec_peak:       32.244
Characteristic density local = 4088.3 deg^-2 = 1.136 arcmin^-2
Fitting aperture to hotspot...
Candidate: x_peak:       -0.315, y_peak:       -1.035, r_peak:        0.050, sig:       22.470, ra_peak:      175.410, dec_peak:       31.764
Characteristic density local = 3921.2 deg^-2 = 1.089 arcmin^-2
Fitting aperture to hotspot...
Candidate: x_peak:       -0.065, y_peak:       -0.075, r_peak:        0.030, sig:       10.519, ra_peak:      175.703, dec_peak:       32.725
Characteristic density local = 4177.8 deg^-2 = 1.161 arcmin^-2
Fitting aperture to hotspot...
Candidate: x_peak:        0.095, y_peak:       -1.035, r_peak:        0.030, sig:       13.712, ra_peak:      175.892, dec_peak:       31.765
Characteristic density local = 3768.0 deg^-2 = 1.047 arcmin^-2
Fitting aperture to hotspot...
Candidate: x_peak:        0.165, y_peak:       -0.215, r_peak:        0.020, sig:        7.210, ra_peak:      175.976, dec_peak:       32.585
Characteristic density local = 3921.2 deg^-2 = 1.089 arcmin^-2
Fitting aperture to hotspot...
Candidate: x_peak:        0.605, y_peak:        0.135, r_peak:        0.020, sig:        5.817, ra_peak:      176.501, dec_peak:       32.933
Characteristic density local = 3998.8 deg^-2 = 1.111 arcmin^-2
Fitting aperture to hotspot...
Candidate: x_peak:        0.665, y_peak:        0.245, r_peak:        0.030, sig:        4.321, ra_peak:      176.573, dec_peak:       33.043
Distance = 25.1 kpc (m-M = 17.0)
389676 objects left after isochrone cut...
Characteristic density = 3800.0 deg^-2
Characteristic density local = 3823.7 deg^-2 = 1.062 arcmin^-2
Fitting aperture to hotspot...
Candidate: x_peak:       -0.915, y_peak:       -0.155, r_peak:        0.030, sig:        5.758, ra_peak:      174.693, dec_peak:       32.640
Characteristic density local = 3959.0 deg^-2 = 1.100 arcmin^-2
Fitting aperture to hotspot...
Candidate: x_peak:       -0.545, y_peak:       -0.095, r_peak:        0.020, sig:        8.685, ra_peak:      175.132, dec_peak:       32.703
Characteristic density local = 3889.3 deg^-2 = 1.080 arcmin^-2
Fitting aperture to hotspot...
Candidate: x_peak:       -0.355, y_peak:       -0.555, r_peak:        0.020, sig:       11.681, ra_peak:      175.360, dec_peak:       32.244
Characteristic density local = 4088.3 deg^-2 = 1.136 arcmin^-2
Fitting aperture to hotspot...
Candidate: x_peak:       -0.315, y_peak:       -1.035, r_peak:        0.050, sig:       22.470, ra_peak:      175.410, dec_peak:       31.764
Characteristic density local = 3921.2 deg^-2 = 1.089 arcmin^-2
Fitting aperture to hotspot...
Candidate: x_peak:       -0.065, y_peak:       -0.075, r_peak:        0.030, sig:       10.519, ra_peak:      175.703, dec_peak:       32.725
Characteristic density local = 4177.8 deg^-2 = 1.161 arcmin^-2
Fitting aperture to hotspot...
Candidate: x_peak:        0.095, y_peak:       -1.035, r_peak:        0.030, sig:       13.712, ra_peak:      175.892, dec_peak:       31.765
Characteristic density local = 3768.0 deg^-2 = 1.047 arcmin^-2
Fitting aperture to hotspot...
Candidate: x_peak:        0.165, y_peak:       -0.215, r_peak:        0.020, sig:        7.210, ra_peak:      175.976, dec_peak:       32.585
Characteristic density local = 3921.2 deg^-2 = 1.089 arcmin^-2
Fitting aperture to hotspot...
Candidate: x_peak:        0.605, y_peak:        0.135, r_peak:        0.020, sig:        5.817, ra_peak:      176.501, dec_peak:       32.933
Characteristic density local = 3998.8 deg^-2 = 1.111 arcmin^-2
Fitting aperture to hotspot...
Candidate: x_peak:        0.665, y_peak:        0.245, r_peak:        0.030, sig:        4.321, ra_peak:      176.573, dec_peak:       33.043
Distance = 31.6 kpc (m-M = 17.5)
389677 objects left after isochrone cut...
Characteristic density = 3800.0 deg^-2
Characteristic density local = 3823.7 deg^-2 = 1.062 arcmin^-2
Fitting aperture to hotspot...
Candidate: x_peak:       -0.915, y_peak:       -0.155, r_peak:        0.030, sig:        5.758, ra_peak:      174.693, dec_peak:       32.640
Characteristic density local = 3959.0 deg^-2 = 1.100 arcmin^-2
Fitting aperture to hotspot...
Candidate: x_peak:       -0.545, y_peak:       -0.095, r_peak:        0.020, sig:        8.685, ra_peak:      175.132, dec_peak:       32.703
Characteristic density local = 3889.3 deg^-2 = 1.080 arcmin^-2
Fitting aperture to hotspot...
Candidate: x_peak:       -0.355, y_peak:       -0.555, r_peak:        0.020, sig:       11.681, ra_peak:      175.360, dec_peak:       32.244
Characteristic density local = 4088.3 deg^-2 = 1.136 arcmin^-2
Fitting aperture to hotspot...
Candidate: x_peak:       -0.315, y_peak:       -1.035, r_peak:        0.050, sig:       22.470, ra_peak:      175.410, dec_peak:       31.764
Characteristic density local = 3921.2 deg^-2 = 1.089 arcmin^-2
Fitting aperture to hotspot...
Candidate: x_peak:       -0.065, y_peak:       -0.075, r_peak:        0.030, sig:       10.519, ra_peak:      175.703, dec_peak:       32.725
Characteristic density local = 4177.8 deg^-2 = 1.161 arcmin^-2
Fitting aperture to hotspot...
Candidate: x_peak:        0.095, y_peak:       -1.035, r_peak:        0.030, sig:       13.712, ra_peak:      175.892, dec_peak:       31.765
Characteristic density local = 3768.0 deg^-2 = 1.047 arcmin^-2
Fitting aperture to hotspot...
Candidate: x_peak:        0.165, y_peak:       -0.215, r_peak:        0.020, sig:        7.210, ra_peak:      175.976, dec_peak:       32.585
Characteristic density local = 3921.2 deg^-2 = 1.089 arcmin^-2
Fitting aperture to hotspot...
Candidate: x_peak:        0.605, y_peak:        0.135, r_peak:        0.020, sig:        5.817, ra_peak:      176.501, dec_peak:       32.933
Characteristic density local = 3998.8 deg^-2 = 1.111 arcmin^-2
Fitting aperture to hotspot...
Candidate: x_peak:        0.665, y_peak:        0.245, r_peak:        0.030, sig:        4.321, ra_peak:      176.573, dec_peak:       33.043
Distance = 39.8 kpc (m-M = 18.0)
389656 objects left after isochrone cut...
Characteristic density = 3800.0 deg^-2
Characteristic density local = 3823.7 deg^-2 = 1.062 arcmin^-2
Fitting aperture to hotspot...
Candidate: x_peak:       -0.915, y_peak:       -0.155, r_peak:        0.030, sig:        5.758, ra_peak:      174.693, dec_peak:       32.640
Characteristic density local = 3959.0 deg^-2 = 1.100 arcmin^-2
Fitting aperture to hotspot...
Candidate: x_peak:       -0.545, y_peak:       -0.095, r_peak:        0.020, sig:        8.685, ra_peak:      175.132, dec_peak:       32.703
Characteristic density local = 3889.3 deg^-2 = 1.080 arcmin^-2
Fitting aperture to hotspot...
Candidate: x_peak:       -0.355, y_peak:       -0.555, r_peak:        0.020, sig:       11.681, ra_peak:      175.360, dec_peak:       32.244
Characteristic density local = 4088.3 deg^-2 = 1.136 arcmin^-2
Fitting aperture to hotspot...
Candidate: x_peak:       -0.315, y_peak:       -1.035, r_peak:        0.050, sig:       22.470, ra_peak:      175.410, dec_peak:       31.764
Characteristic density local = 3921.2 deg^-2 = 1.089 arcmin^-2
Fitting aperture to hotspot...
Candidate: x_peak:       -0.065, y_peak:       -0.075, r_peak:        0.030, sig:       10.519, ra_peak:      175.703, dec_peak:       32.725
Characteristic density local = 4177.8 deg^-2 = 1.161 arcmin^-2
Fitting aperture to hotspot...
Candidate: x_peak:        0.095, y_peak:       -1.035, r_peak:        0.030, sig:       13.712, ra_peak:      175.892, dec_peak:       31.765
Characteristic density local = 3768.0 deg^-2 = 1.047 arcmin^-2
Fitting aperture to hotspot...
Candidate: x_peak:        0.165, y_peak:       -0.215, r_peak:        0.020, sig:        7.210, ra_peak:      175.976, dec_peak:       32.585
Characteristic density local = 3921.2 deg^-2 = 1.089 arcmin^-2
Fitting aperture to hotspot...
Candidate: x_peak:        0.605, y_peak:        0.135, r_peak:        0.020, sig:        5.817, ra_peak:      176.501, dec_peak:       32.933
Characteristic density local = 3998.8 deg^-2 = 1.111 arcmin^-2
Fitting aperture to hotspot...
Candidate: x_peak:        0.665, y_peak:        0.245, r_peak:        0.030, sig:        4.321, ra_peak:      176.573, dec_peak:       33.043
Distance = 50.1 kpc (m-M = 18.5)
389436 objects left after isochrone cut...
Characteristic density = 3800.0 deg^-2
Characteristic density local = 3815.7 deg^-2 = 1.060 arcmin^-2
Fitting aperture to hotspot...
Candidate: x_peak:       -0.915, y_peak:       -0.155, r_peak:        0.030, sig:        5.767, ra_peak:      174.693, dec_peak:       32.640
Characteristic density local = 3951.0 deg^-2 = 1.098 arcmin^-2
Fitting aperture to hotspot...
Candidate: x_peak:       -0.545, y_peak:       -0.095, r_peak:        0.020, sig:        8.692, ra_peak:      175.132, dec_peak:       32.703
Characteristic density local = 3883.4 deg^-2 = 1.079 arcmin^-2
Fitting aperture to hotspot...
Candidate: x_peak:       -0.355, y_peak:       -0.555, r_peak:        0.020, sig:       11.686, ra_peak:      175.360, dec_peak:       32.244
Characteristic density local = 4074.4 deg^-2 = 1.132 arcmin^-2
Fitting aperture to hotspot...
Candidate: x_peak:       -0.315, y_peak:       -1.035, r_peak:        0.050, sig:       22.500, ra_peak:      175.410, dec_peak:       31.764
Characteristic density local = 3917.2 deg^-2 = 1.088 arcmin^-2
Fitting aperture to hotspot...
Candidate: x_peak:       -0.065, y_peak:       -0.075, r_peak:        0.030, sig:       10.524, ra_peak:      175.703, dec_peak:       32.725
Characteristic density local = 4167.9 deg^-2 = 1.158 arcmin^-2
Fitting aperture to hotspot...
Candidate: x_peak:        0.095, y_peak:       -1.035, r_peak:        0.030, sig:       13.725, ra_peak:      175.892, dec_peak:       31.765
Characteristic density local = 3766.0 deg^-2 = 1.046 arcmin^-2
Fitting aperture to hotspot...
Candidate: x_peak:        0.165, y_peak:       -0.215, r_peak:        0.020, sig:        7.212, ra_peak:      175.976, dec_peak:       32.585
Characteristic density local = 3913.2 deg^-2 = 1.087 arcmin^-2
Fitting aperture to hotspot...
Candidate: x_peak:        0.605, y_peak:        0.135, r_peak:        0.020, sig:        5.823, ra_peak:      176.501, dec_peak:       32.933
Distance = 63.1 kpc (m-M = 19.0)
388602 objects left after isochrone cut...
Characteristic density = 3700.0 deg^-2
Characteristic density local = 3772.0 deg^-2 = 1.048 arcmin^-2
Fitting aperture to hotspot...
Candidate: x_peak:       -0.915, y_peak:       -0.155, r_peak:        0.030, sig:        5.814, ra_peak:      174.693, dec_peak:       32.640
Characteristic density local = 3905.3 deg^-2 = 1.085 arcmin^-2
Fitting aperture to hotspot...
Candidate: x_peak:       -0.545, y_peak:       -0.095, r_peak:        0.020, sig:        8.732, ra_peak:      175.132, dec_peak:       32.703
Characteristic density local = 3849.6 deg^-2 = 1.069 arcmin^-2
Fitting aperture to hotspot...
Candidate: x_peak:       -0.355, y_peak:       -0.555, r_peak:        0.020, sig:       11.719, ra_peak:      175.360, dec_peak:       32.244
Characteristic density local = 4026.6 deg^-2 = 1.119 arcmin^-2
Fitting aperture to hotspot...
Candidate: x_peak:       -0.315, y_peak:       -1.035, r_peak:        0.050, sig:       22.603, ra_peak:      175.410, dec_peak:       31.764
Characteristic density local = 3891.3 deg^-2 = 1.081 arcmin^-2
Fitting aperture to hotspot...
Candidate: x_peak:       -0.065, y_peak:       -0.075, r_peak:        0.030, sig:       10.392, ra_peak:      175.703, dec_peak:       32.725
Characteristic density local = 4120.1 deg^-2 = 1.144 arcmin^-2
Fitting aperture to hotspot...
Candidate: x_peak:        0.095, y_peak:       -1.035, r_peak:        0.030, sig:       13.642, ra_peak:      175.892, dec_peak:       31.765
Characteristic density local = 3734.2 deg^-2 = 1.037 arcmin^-2
Fitting aperture to hotspot...
Candidate: x_peak:        0.165, y_peak:       -0.215, r_peak:        0.020, sig:        7.239, ra_peak:      175.976, dec_peak:       32.585
Characteristic density local = 3869.5 deg^-2 = 1.075 arcmin^-2
Fitting aperture to hotspot...
Candidate: x_peak:        0.605, y_peak:        0.135, r_peak:        0.020, sig:        5.858, ra_peak:      176.501, dec_peak:       32.933
Distance = 79.4 kpc (m-M = 19.5)
387548 objects left after isochrone cut...
Characteristic density = 3700.0 deg^-2
Characteristic density local = 3726.2 deg^-2 = 1.035 arcmin^-2
Fitting aperture to hotspot...
Candidate: x_peak:       -0.915, y_peak:       -0.155, r_peak:        0.030, sig:        5.865, ra_peak:      174.693, dec_peak:       32.640
Characteristic density local = 3863.5 deg^-2 = 1.073 arcmin^-2
Fitting aperture to hotspot...
Candidate: x_peak:       -0.545, y_peak:       -0.095, r_peak:        0.020, sig:        8.769, ra_peak:      175.132, dec_peak:       32.703
Characteristic density local = 3797.8 deg^-2 = 1.055 arcmin^-2
Fitting aperture to hotspot...
Candidate: x_peak:       -0.355, y_peak:       -0.555, r_peak:        0.020, sig:       11.770, ra_peak:      175.360, dec_peak:       32.244
Characteristic density local = 3966.9 deg^-2 = 1.102 arcmin^-2
Fitting aperture to hotspot...
Candidate: x_peak:       -0.315, y_peak:       -1.035, r_peak:        0.050, sig:       22.733, ra_peak:      175.410, dec_peak:       31.764
Characteristic density local = 3841.6 deg^-2 = 1.067 arcmin^-2
Fitting aperture to hotspot...
Candidate: x_peak:       -0.065, y_peak:       -0.075, r_peak:        0.030, sig:       10.453, ra_peak:      175.703, dec_peak:       32.725
Characteristic density local = 4080.3 deg^-2 = 1.133 arcmin^-2
Fitting aperture to hotspot...
Candidate: x_peak:        0.095, y_peak:       -1.035, r_peak:        0.030, sig:       13.548, ra_peak:      175.892, dec_peak:       31.765
Characteristic density local = 3686.4 deg^-2 = 1.024 arcmin^-2
Fitting aperture to hotspot...
Candidate: x_peak:        0.165, y_peak:       -0.215, r_peak:        0.020, sig:        7.280, ra_peak:      175.976, dec_peak:       32.585
Characteristic density local = 3815.7 deg^-2 = 1.060 arcmin^-2
Fitting aperture to hotspot...
Candidate: x_peak:        0.605, y_peak:        0.135, r_peak:        0.020, sig:        5.900, ra_peak:      176.501, dec_peak:       32.933
Distance = 100.0 kpc (m-M = 20.0)
386344 objects left after isochrone cut...
Characteristic density = 3600.0 deg^-2
Characteristic density local = 3656.6 deg^-2 = 1.016 arcmin^-2
Fitting aperture to hotspot...
Candidate: x_peak:       -0.915, y_peak:       -0.155, r_peak:        0.030, sig:        5.942, ra_peak:      174.693, dec_peak:       32.640
Characteristic density local = 3797.8 deg^-2 = 1.055 arcmin^-2
Fitting aperture to hotspot...
Candidate: x_peak:       -0.545, y_peak:       -0.095, r_peak:        0.020, sig:        8.827, ra_peak:      175.132, dec_peak:       32.703
Characteristic density local = 3744.1 deg^-2 = 1.040 arcmin^-2
Fitting aperture to hotspot...
Candidate: x_peak:       -0.355, y_peak:       -0.555, r_peak:        0.020, sig:       11.823, ra_peak:      175.360, dec_peak:       32.244
Characteristic density local = 3901.3 deg^-2 = 1.084 arcmin^-2
Fitting aperture to hotspot...
Candidate: x_peak:       -0.315, y_peak:       -1.035, r_peak:        0.050, sig:       22.878, ra_peak:      175.410, dec_peak:       31.764
Characteristic density local = 3781.9 deg^-2 = 1.051 arcmin^-2
Fitting aperture to hotspot...
Candidate: x_peak:       -0.065, y_peak:       -0.075, r_peak:        0.030, sig:       10.362, ra_peak:      175.703, dec_peak:       32.725
Characteristic density local = 4030.6 deg^-2 = 1.120 arcmin^-2
Fitting aperture to hotspot...
Candidate: x_peak:        0.095, y_peak:       -1.035, r_peak:        0.030, sig:       13.612, ra_peak:      175.892, dec_peak:       31.765
Characteristic density local = 3638.7 deg^-2 = 1.011 arcmin^-2
Fitting aperture to hotspot...
Candidate: x_peak:        0.175, y_peak:       -0.215, r_peak:        0.020, sig:        8.046, ra_peak:      175.988, dec_peak:       32.585
Characteristic density local = 3760.0 deg^-2 = 1.044 arcmin^-2
Fitting aperture to hotspot...
Candidate: x_peak:        0.605, y_peak:        0.135, r_peak:        0.020, sig:        5.945, ra_peak:      176.501, dec_peak:       32.933
Distance = 125.9 kpc (m-M = 20.5)
384882 objects left after isochrone cut...
Characteristic density = 3500.0 deg^-2
Characteristic density local = 3579.0 deg^-2 = 0.994 arcmin^-2
Fitting aperture to hotspot...
Candidate: x_peak:       -0.915, y_peak:       -0.155, r_peak:        0.030, sig:        6.030, ra_peak:      174.693, dec_peak:       32.640
Characteristic density local = 3730.2 deg^-2 = 1.036 arcmin^-2
Fitting aperture to hotspot...
Candidate: x_peak:       -0.545, y_peak:       -0.095, r_peak:        0.020, sig:        8.888, ra_peak:      175.132, dec_peak:       32.703
Characteristic density local = 3682.4 deg^-2 = 1.023 arcmin^-2
Fitting aperture to hotspot...
Candidate: x_peak:       -0.355, y_peak:       -0.555, r_peak:        0.020, sig:       11.885, ra_peak:      175.360, dec_peak:       32.244
Characteristic density local = 3847.6 deg^-2 = 1.069 arcmin^-2
Fitting aperture to hotspot...
Candidate: x_peak:       -0.315, y_peak:       -1.035, r_peak:        0.050, sig:       22.997, ra_peak:      175.410, dec_peak:       31.764
Characteristic density local = 3696.4 deg^-2 = 1.027 arcmin^-2
Fitting aperture to hotspot...
Candidate: x_peak:       -0.065, y_peak:       -0.075, r_peak:        0.030, sig:       10.470, ra_peak:      175.703, dec_peak:       32.725
Characteristic density local = 3947.0 deg^-2 = 1.096 arcmin^-2
Fitting aperture to hotspot...
Candidate: x_peak:        0.085, y_peak:       -1.035, r_peak:        0.020, sig:       15.804, ra_peak:      175.880, dec_peak:       31.765
Characteristic density local = 3567.1 deg^-2 = 0.991 arcmin^-2
Fitting aperture to hotspot...
Candidate: x_peak:        0.175, y_peak:       -0.215, r_peak:        0.020, sig:        8.111, ra_peak:      175.988, dec_peak:       32.585
Characteristic density local = 3680.5 deg^-2 = 1.022 arcmin^-2
Fitting aperture to hotspot...
Candidate: x_peak:        0.605, y_peak:        0.135, r_peak:        0.020, sig:        6.010, ra_peak:      176.501, dec_peak:       32.933
Distance = 158.5 kpc (m-M = 21.0)
383218 objects left after isochrone cut...
Characteristic density = 3500.0 deg^-2
Characteristic density local = 3503.4 deg^-2 = 0.973 arcmin^-2
Fitting aperture to hotspot...
Candidate: x_peak:       -0.915, y_peak:       -0.155, r_peak:        0.030, sig:        6.117, ra_peak:      174.693, dec_peak:       32.640
Characteristic density local = 3632.7 deg^-2 = 1.009 arcmin^-2
Fitting aperture to hotspot...
Candidate: x_peak:       -0.545, y_peak:       -0.095, r_peak:        0.020, sig:        8.977, ra_peak:      175.132, dec_peak:       32.703
Characteristic density local = 3592.9 deg^-2 = 0.998 arcmin^-2
Fitting aperture to hotspot...
Candidate: x_peak:       -0.355, y_peak:       -0.555, r_peak:        0.020, sig:       11.976, ra_peak:      175.360, dec_peak:       32.244
Characteristic density local = 3766.0 deg^-2 = 1.046 arcmin^-2
Fitting aperture to hotspot...
Candidate: x_peak:       -0.315, y_peak:       -1.035, r_peak:        0.050, sig:       23.094, ra_peak:      175.410, dec_peak:       31.764
Characteristic density local = 3616.8 deg^-2 = 1.005 arcmin^-2
Fitting aperture to hotspot...
Candidate: x_peak:       -0.065, y_peak:       -0.075, r_peak:        0.030, sig:       10.236, ra_peak:      175.703, dec_peak:       32.725
Characteristic density local = 3849.6 deg^-2 = 1.069 arcmin^-2
Fitting aperture to hotspot...
Candidate: x_peak:        0.085, y_peak:       -1.035, r_peak:        0.020, sig:       15.910, ra_peak:      175.880, dec_peak:       31.765
Characteristic density local = 3475.5 deg^-2 = 0.965 arcmin^-2
Fitting aperture to hotspot...
Candidate: x_peak:        0.175, y_peak:       -0.215, r_peak:        0.020, sig:        8.195, ra_peak:      175.988, dec_peak:       32.585
Characteristic density local = 3604.9 deg^-2 = 1.001 arcmin^-2
Fitting aperture to hotspot...
Candidate: x_peak:        0.605, y_peak:        0.135, r_peak:        0.020, sig:        5.531, ra_peak:      176.501, dec_peak:       32.933
Distance = 199.5 kpc (m-M = 21.5)
381197 objects left after isochrone cut...
Characteristic density = 3400.0 deg^-2
Characteristic density local = 3413.9 deg^-2 = 0.948 arcmin^-2
Fitting aperture to hotspot...
Candidate: x_peak:       -0.915, y_peak:       -0.155, r_peak:        0.030, sig:        6.222, ra_peak:      174.693, dec_peak:       32.640
Characteristic density local = 3549.2 deg^-2 = 0.986 arcmin^-2
Fitting aperture to hotspot...
Candidate: x_peak:       -0.545, y_peak:       -0.095, r_peak:        0.020, sig:        9.055, ra_peak:      175.132, dec_peak:       32.703
Characteristic density local = 3509.4 deg^-2 = 0.975 arcmin^-2
Fitting aperture to hotspot...
Candidate: x_peak:       -0.355, y_peak:       -0.555, r_peak:        0.020, sig:       12.063, ra_peak:      175.360, dec_peak:       32.244
Characteristic density local = 3668.5 deg^-2 = 1.019 arcmin^-2
Fitting aperture to hotspot...
Candidate: x_peak:       -0.315, y_peak:       -1.035, r_peak:        0.050, sig:       22.873, ra_peak:      175.410, dec_peak:       31.764
Characteristic density local = 3531.3 deg^-2 = 0.981 arcmin^-2
Fitting aperture to hotspot...
Candidate: x_peak:       -0.065, y_peak:       -0.075, r_peak:        0.030, sig:       10.347, ra_peak:      175.703, dec_peak:       32.725
Characteristic density local = 3748.1 deg^-2 = 1.041 arcmin^-2
Fitting aperture to hotspot...
Candidate: x_peak:        0.085, y_peak:       -1.035, r_peak:        0.020, sig:       16.022, ra_peak:      175.880, dec_peak:       31.765
Characteristic density local = 3378.1 deg^-2 = 0.938 arcmin^-2
Fitting aperture to hotspot...
Candidate: x_peak:        0.175, y_peak:       -0.215, r_peak:        0.020, sig:        8.286, ra_peak:      175.988, dec_peak:       32.585
Characteristic density local = 3507.4 deg^-2 = 0.974 arcmin^-2
Fitting aperture to hotspot...
Candidate: x_peak:        0.605, y_peak:        0.135, r_peak:        0.020, sig:        5.611, ra_peak:      176.501, dec_peak:       32.933
Distance = 251.2 kpc (m-M = 22.0)
378746 objects left after isochrone cut...
Characteristic density = 3200.0 deg^-2
Characteristic density local = 3252.7 deg^-2 = 0.904 arcmin^-2
Fitting aperture to hotspot...
Candidate: x_peak:       -0.915, y_peak:       -0.155, r_peak:        0.030, sig:        6.207, ra_peak:      174.693, dec_peak:       32.640
Characteristic density local = 3396.0 deg^-2 = 0.943 arcmin^-2
Fitting aperture to hotspot...
Candidate: x_peak:       -0.545, y_peak:       -0.095, r_peak:        0.020, sig:        9.202, ra_peak:      175.132, dec_peak:       32.703
Characteristic density local = 3346.2 deg^-2 = 0.930 arcmin^-2
Fitting aperture to hotspot...
Candidate: x_peak:       -0.355, y_peak:       -0.555, r_peak:        0.020, sig:       12.237, ra_peak:      175.360, dec_peak:       32.244
Characteristic density local = 3527.3 deg^-2 = 0.980 arcmin^-2
Fitting aperture to hotspot...
Candidate: x_peak:       -0.315, y_peak:       -1.035, r_peak:        0.050, sig:       23.024, ra_peak:      175.410, dec_peak:       31.764
Characteristic density local = 3390.0 deg^-2 = 0.942 arcmin^-2
Fitting aperture to hotspot...
Candidate: x_peak:       -0.065, y_peak:       -0.075, r_peak:        0.030, sig:       10.364, ra_peak:      175.703, dec_peak:       32.725
Characteristic density local = 3638.7 deg^-2 = 1.011 arcmin^-2
Fitting aperture to hotspot...
Candidate: x_peak:        0.085, y_peak:       -1.035, r_peak:        0.020, sig:       16.145, ra_peak:      175.880, dec_peak:       31.765
Characteristic density local = 3240.8 deg^-2 = 0.900 arcmin^-2
Fitting aperture to hotspot...
Candidate: x_peak:        0.175, y_peak:       -0.215, r_peak:        0.020, sig:        8.418, ra_peak:      175.988, dec_peak:       32.585
Characteristic density local = 3417.9 deg^-2 = 0.949 arcmin^-2
Fitting aperture to hotspot...
Candidate: x_peak:        0.305, y_peak:       -0.285, r_peak:        0.020, sig:        5.961, ra_peak:      176.142, dec_peak:       32.514
Characteristic density local = 3403.9 deg^-2 = 0.946 arcmin^-2
Fitting aperture to hotspot...
Candidate: x_peak:        0.665, y_peak:        0.255, r_peak:        0.020, sig:        5.419, ra_peak:      176.573, dec_peak:       33.053
Distance = 316.2 kpc (m-M = 22.5)
375746 objects left after isochrone cut...
Characteristic density = 3100.0 deg^-2
Characteristic density local = 3095.6 deg^-2 = 0.860 arcmin^-2
Fitting aperture to hotspot...
Candidate: x_peak:       -0.915, y_peak:       -0.155, r_peak:        0.030, sig:        6.190, ra_peak:      174.693, dec_peak:       32.640
Characteristic density local = 3234.8 deg^-2 = 0.899 arcmin^-2
Fitting aperture to hotspot...
Candidate: x_peak:       -0.545, y_peak:       -0.095, r_peak:        0.020, sig:        9.363, ra_peak:      175.132, dec_peak:       32.703
Characteristic density local = 3193.0 deg^-2 = 0.887 arcmin^-2
Fitting aperture to hotspot...
Candidate: x_peak:       -0.355, y_peak:       -0.555, r_peak:        0.020, sig:       12.205, ra_peak:      175.360, dec_peak:       32.244
Characteristic density local = 3388.0 deg^-2 = 0.941 arcmin^-2
Fitting aperture to hotspot...
Candidate: x_peak:       -0.315, y_peak:       -1.035, r_peak:        0.050, sig:       23.179, ra_peak:      175.410, dec_peak:       31.764
Characteristic density local = 3216.9 deg^-2 = 0.894 arcmin^-2
Fitting aperture to hotspot...
Candidate: x_peak:       -0.065, y_peak:       -0.075, r_peak:        0.030, sig:       10.427, ra_peak:      175.703, dec_peak:       32.725
Characteristic density local = 3503.4 deg^-2 = 0.973 arcmin^-2
Fitting aperture to hotspot...
Candidate: x_peak:        0.085, y_peak:       -1.035, r_peak:        0.020, sig:       15.785, ra_peak:      175.880, dec_peak:       31.765
Characteristic density local = 3079.6 deg^-2 = 0.855 arcmin^-2
Fitting aperture to hotspot...
Candidate: x_peak:        0.175, y_peak:       -0.215, r_peak:        0.020, sig:        8.336, ra_peak:      175.988, dec_peak:       32.585
Characteristic density local = 3282.6 deg^-2 = 0.912 arcmin^-2
Fitting aperture to hotspot...
Candidate: x_peak:        0.305, y_peak:       -0.275, r_peak:        0.010, sig:        7.510, ra_peak:      176.142, dec_peak:       32.524
Characteristic density local = 3234.8 deg^-2 = 0.899 arcmin^-2
Fitting aperture to hotspot...
Candidate: x_peak:        0.665, y_peak:        0.255, r_peak:        0.020, sig:        5.563, ra_peak:      176.573, dec_peak:       33.053
Distance = 398.1 kpc (m-M = 23.0)
371853 objects left after isochrone cut...
Characteristic density = 2900.0 deg^-2
Characteristic density local = 2928.5 deg^-2 = 0.813 arcmin^-2
Fitting aperture to hotspot...
Candidate: x_peak:       -0.915, y_peak:       -0.155, r_peak:        0.030, sig:        6.404, ra_peak:      174.693, dec_peak:       32.640
Characteristic density local = 3057.8 deg^-2 = 0.849 arcmin^-2
Fitting aperture to hotspot...
Candidate: x_peak:       -0.545, y_peak:       -0.095, r_peak:        0.020, sig:        9.546, ra_peak:      175.132, dec_peak:       32.703
Characteristic density local = 3022.0 deg^-2 = 0.839 arcmin^-2
Fitting aperture to hotspot...
Candidate: x_peak:       -0.355, y_peak:       -0.555, r_peak:        0.020, sig:       12.402, ra_peak:      175.360, dec_peak:       32.244
Characteristic density local = 3187.1 deg^-2 = 0.885 arcmin^-2
Fitting aperture to hotspot...
Candidate: x_peak:       -0.315, y_peak:       -1.035, r_peak:        0.050, sig:       23.131, ra_peak:      175.410, dec_peak:       31.764
Characteristic density local = 2998.1 deg^-2 = 0.833 arcmin^-2
Fitting aperture to hotspot...
Candidate: x_peak:       -0.065, y_peak:       -0.075, r_peak:        0.030, sig:       10.740, ra_peak:      175.703, dec_peak:       32.725
Characteristic density local = 3312.4 deg^-2 = 0.920 arcmin^-2
Fitting aperture to hotspot...
Candidate: x_peak:        0.095, y_peak:       -1.035, r_peak:        0.030, sig:       13.865, ra_peak:      175.892, dec_peak:       31.765
Characteristic density local = 2880.7 deg^-2 = 0.800 arcmin^-2
Fitting aperture to hotspot...
Candidate: x_peak:        0.175, y_peak:       -0.215, r_peak:        0.020, sig:        8.542, ra_peak:      175.988, dec_peak:       32.585
Characteristic density local = 3101.5 deg^-2 = 0.862 arcmin^-2
Fitting aperture to hotspot...
Candidate: x_peak:        0.305, y_peak:       -0.275, r_peak:        0.010, sig:        7.621, ra_peak:      176.142, dec_peak:       32.524
Characteristic density local = 3022.0 deg^-2 = 0.839 arcmin^-2
Fitting aperture to hotspot...
Candidate: x_peak:        0.605, y_peak:        0.135, r_peak:        0.020, sig:        5.754, ra_peak:      176.501, dec_peak:       32.933
23.18 sigma; (RA, Dec, d) = (175.41, 31.76); r = 0.05 deg; d = 316.2, mu = 22.50 mag), mc_source_id: 0.00
16.15 sigma; (RA, Dec, d) = (175.88, 31.76); r = 0.02 deg; d = 251.2, mu = 22.00 mag), mc_source_id: 0.00
12.40 sigma; (RA, Dec, d) = (175.36, 32.24); r = 0.02 deg; d = 398.1, mu = 23.00 mag), mc_source_id: 0.00
10.74 sigma; (RA, Dec, d) = (175.70, 32.72); r = 0.03 deg; d = 398.1, mu = 23.00 mag), mc_source_id: 0.00
9.55 sigma; (RA, Dec, d) = (175.13, 32.70); r = 0.02 deg; d = 398.1, mu = 23.00 mag), mc_source_id: 0.00
8.54 sigma; (RA, Dec, d) = (175.99, 32.58); r = 0.02 deg; d = 398.1, mu = 23.00 mag), mc_source_id: 0.00
7.62 sigma; (RA, Dec, d) = (176.14, 32.52); r = 0.01 deg; d = 398.1, mu = 23.00 mag), mc_source_id: 0.00
6.40 sigma; (RA, Dec, d) = (174.69, 32.64); r = 0.03 deg; d = 398.1, mu = 23.00 mag), mc_source_id: 0.00
6.01 sigma; (RA, Dec, d) = (176.50, 32.93); r = 0.02 deg; d = 125.9, mu = 20.50 mag), mc_source_id: 0.00
5.96 sigma; (RA, Dec, d) = (176.14, 32.51); r = 0.02 deg; d = 251.2, mu = 22.00 mag), mc_source_id: 0.00
5.56 sigma; (RA, Dec, d) = (176.57, 33.05); r = 0.02 deg; d = 316.2, mu = 22.50 mag), mc_source_id: 0.00

------------------------------------------------------------
Job <678752.0> was submitted from <des51.fnal.gov> by user <tavangar>.
Job was executed on host <des40.fnal.gov> as user <tavangar>.
</var/lib/condor/execute/dir_1627662> was used as the initial working directory.
Results reported at Wed Jun  5 01:23:37 CDT 2019

Your job looked like:

------------------------------------------------------------
python /home/s1/tavangar/tavangar_simple/search_algorithm.py 175.78 32.80 0.00 /home/s1/tavangar/tavangar_simple/decals_dr7_results/results_nside_32_2814.csv /home/s1/tavangar/tavangar_simple/decals_dr7_results/decals_dr7_log/results_nside_32_2814.log
------------------------------------------------------------

Successfully completed.

Resource usage summary:

	Real time :			195.13 sec.
	CPU time :			5.34 sec.
	CPU percentage :		71%
	Max Memory :			3722336 KB
	Average Memory :		0 KB

The output (if any) is above this job summary.
