/home/s1/tavangar/tavangar_simple/simple_utils.py:170: FutureWarning: elementwise comparison failed; returning scalar instead, but in the future will perform elementwise comparison
  if np.all(isochrone.stage == 'Main'):
Search coordinates: (RA, Dec) = (223.59, 32.80)
Center healpixel: 2831
Healpixels: [2831 2959 2830 2703 2575 2704 2832 2960 3087]
MC_SOURCE_ID = 0.0
mode = 0: running only on real data
Found 1 objects...
Applying cuts...
404139 star-like objects in ROI...
590551 galaxy-like objects in ROI...
No fracdet map specified ...
Distance = 15.8 kpc (m-M = 16.0)
404128 objects left after isochrone cut...
Characteristic density = 5300.0 deg^-2
Characteristic density local = 5522.7 deg^-2 = 1.534 arcmin^-2
Fitting aperture to hotspot...
Candidate: x_peak:       -0.725, y_peak:        0.175, r_peak:        0.030, sig:        6.508, ra_peak:      222.726, dec_peak:       32.972
Characteristic density local = 5439.1 deg^-2 = 1.511 arcmin^-2
Fitting aperture to hotspot...
Candidate: x_peak:       -0.345, y_peak:       -0.875, r_peak:        0.020, sig:       18.535, ra_peak:      223.184, dec_peak:       31.924
Characteristic density local = 5558.5 deg^-2 = 1.544 arcmin^-2
Fitting aperture to hotspot...
Candidate: x_peak:       -0.305, y_peak:       -0.105, r_peak:        0.030, sig:       14.806, ra_peak:      223.228, dec_peak:       32.694
Characteristic density local = 5920.6 deg^-2 = 1.645 arcmin^-2
Fitting aperture to hotspot...
Candidate: x_peak:       -0.105, y_peak:       -0.385, r_peak:        0.020, sig:       11.306, ra_peak:      223.466, dec_peak:       32.415
Characteristic density local = 5658.0 deg^-2 = 1.572 arcmin^-2
Fitting aperture to hotspot...
Candidate: x_peak:       -0.005, y_peak:       -0.785, r_peak:        0.020, sig:       11.499, ra_peak:      223.584, dec_peak:       32.015
Characteristic density local = 5441.1 deg^-2 = 1.511 arcmin^-2
Fitting aperture to hotspot...
Candidate: x_peak:        0.015, y_peak:       -1.045, r_peak:        0.020, sig:        9.797, ra_peak:      223.608, dec_peak:       31.755
Characteristic density local = 4396.7 deg^-2 = 1.221 arcmin^-2
Fitting aperture to hotspot...
Candidate: x_peak:        0.205, y_peak:        0.025, r_peak:        0.020, sig:       16.004, ra_peak:      223.834, dec_peak:       32.825
Characteristic density local = 5300.0 deg^-2 = 1.472 arcmin^-2
Fitting aperture to hotspot...
Candidate: x_peak:        0.215, y_peak:        0.175, r_peak:        0.020, sig:        9.310, ra_peak:      223.846, dec_peak:       32.975
Characteristic density local = 5349.6 deg^-2 = 1.486 arcmin^-2
Fitting aperture to hotspot...
Candidate: x_peak:        0.345, y_peak:       -0.505, r_peak:        0.030, sig:       21.645, ra_peak:      223.998, dec_peak:       32.294
Distance = 20.0 kpc (m-M = 16.5)
404136 objects left after isochrone cut...
Characteristic density = 5300.0 deg^-2
Characteristic density local = 5522.7 deg^-2 = 1.534 arcmin^-2
Fitting aperture to hotspot...
Candidate: x_peak:       -0.725, y_peak:        0.175, r_peak:        0.030, sig:        6.508, ra_peak:      222.726, dec_peak:       32.972
Characteristic density local = 5439.1 deg^-2 = 1.511 arcmin^-2
Fitting aperture to hotspot...
Candidate: x_peak:       -0.345, y_peak:       -0.875, r_peak:        0.020, sig:       18.535, ra_peak:      223.184, dec_peak:       31.924
Characteristic density local = 5558.5 deg^-2 = 1.544 arcmin^-2
Fitting aperture to hotspot...
Candidate: x_peak:       -0.305, y_peak:       -0.105, r_peak:        0.030, sig:       14.806, ra_peak:      223.228, dec_peak:       32.694
Characteristic density local = 5920.6 deg^-2 = 1.645 arcmin^-2
Fitting aperture to hotspot...
Candidate: x_peak:       -0.105, y_peak:       -0.385, r_peak:        0.020, sig:       11.306, ra_peak:      223.466, dec_peak:       32.415
Characteristic density local = 5658.0 deg^-2 = 1.572 arcmin^-2
Fitting aperture to hotspot...
Candidate: x_peak:       -0.005, y_peak:       -0.785, r_peak:        0.020, sig:       11.499, ra_peak:      223.584, dec_peak:       32.015
Characteristic density local = 5441.1 deg^-2 = 1.511 arcmin^-2
Fitting aperture to hotspot...
Candidate: x_peak:        0.015, y_peak:       -1.045, r_peak:        0.020, sig:        9.797, ra_peak:      223.608, dec_peak:       31.755
Characteristic density local = 4396.7 deg^-2 = 1.221 arcmin^-2
Fitting aperture to hotspot...
Candidate: x_peak:        0.205, y_peak:        0.025, r_peak:        0.020, sig:       16.004, ra_peak:      223.834, dec_peak:       32.825
Characteristic density local = 5300.0 deg^-2 = 1.472 arcmin^-2
Fitting aperture to hotspot...
Candidate: x_peak:        0.215, y_peak:        0.175, r_peak:        0.020, sig:        9.310, ra_peak:      223.846, dec_peak:       32.975
Characteristic density local = 5349.6 deg^-2 = 1.486 arcmin^-2
Fitting aperture to hotspot...
Candidate: x_peak:        0.345, y_peak:       -0.505, r_peak:        0.030, sig:       21.645, ra_peak:      223.998, dec_peak:       32.294
Distance = 25.1 kpc (m-M = 17.0)
404136 objects left after isochrone cut...
Characteristic density = 5300.0 deg^-2
Characteristic density local = 5522.7 deg^-2 = 1.534 arcmin^-2
Fitting aperture to hotspot...
Candidate: x_peak:       -0.725, y_peak:        0.175, r_peak:        0.030, sig:        6.508, ra_peak:      222.726, dec_peak:       32.972
Characteristic density local = 5439.1 deg^-2 = 1.511 arcmin^-2
Fitting aperture to hotspot...
Candidate: x_peak:       -0.345, y_peak:       -0.875, r_peak:        0.020, sig:       18.535, ra_peak:      223.184, dec_peak:       31.924
Characteristic density local = 5558.5 deg^-2 = 1.544 arcmin^-2
Fitting aperture to hotspot...
Candidate: x_peak:       -0.305, y_peak:       -0.105, r_peak:        0.030, sig:       14.806, ra_peak:      223.228, dec_peak:       32.694
Characteristic density local = 5920.6 deg^-2 = 1.645 arcmin^-2
Fitting aperture to hotspot...
Candidate: x_peak:       -0.105, y_peak:       -0.385, r_peak:        0.020, sig:       11.306, ra_peak:      223.466, dec_peak:       32.415
Characteristic density local = 5658.0 deg^-2 = 1.572 arcmin^-2
Fitting aperture to hotspot...
Candidate: x_peak:       -0.005, y_peak:       -0.785, r_peak:        0.020, sig:       11.499, ra_peak:      223.584, dec_peak:       32.015
Characteristic density local = 5441.1 deg^-2 = 1.511 arcmin^-2
Fitting aperture to hotspot...
Candidate: x_peak:        0.015, y_peak:       -1.045, r_peak:        0.020, sig:        9.797, ra_peak:      223.608, dec_peak:       31.755
Characteristic density local = 4396.7 deg^-2 = 1.221 arcmin^-2
Fitting aperture to hotspot...
Candidate: x_peak:        0.205, y_peak:        0.025, r_peak:        0.020, sig:       16.004, ra_peak:      223.834, dec_peak:       32.825
Characteristic density local = 5300.0 deg^-2 = 1.472 arcmin^-2
Fitting aperture to hotspot...
Candidate: x_peak:        0.215, y_peak:        0.175, r_peak:        0.020, sig:        9.310, ra_peak:      223.846, dec_peak:       32.975
Characteristic density local = 5349.6 deg^-2 = 1.486 arcmin^-2
Fitting aperture to hotspot...
Candidate: x_peak:        0.345, y_peak:       -0.505, r_peak:        0.030, sig:       21.645, ra_peak:      223.998, dec_peak:       32.294
Distance = 31.6 kpc (m-M = 17.5)
404138 objects left after isochrone cut...
Characteristic density = 5300.0 deg^-2
Characteristic density local = 5522.7 deg^-2 = 1.534 arcmin^-2
Fitting aperture to hotspot...
Candidate: x_peak:       -0.725, y_peak:        0.175, r_peak:        0.030, sig:        6.508, ra_peak:      222.726, dec_peak:       32.972
Characteristic density local = 5439.1 deg^-2 = 1.511 arcmin^-2
Fitting aperture to hotspot...
Candidate: x_peak:       -0.345, y_peak:       -0.875, r_peak:        0.020, sig:       18.535, ra_peak:      223.184, dec_peak:       31.924
Characteristic density local = 5558.5 deg^-2 = 1.544 arcmin^-2
Fitting aperture to hotspot...
Candidate: x_peak:       -0.305, y_peak:       -0.105, r_peak:        0.030, sig:       14.806, ra_peak:      223.228, dec_peak:       32.694
Characteristic density local = 5920.6 deg^-2 = 1.645 arcmin^-2
Fitting aperture to hotspot...
Candidate: x_peak:       -0.105, y_peak:       -0.385, r_peak:        0.020, sig:       11.306, ra_peak:      223.466, dec_peak:       32.415
Characteristic density local = 5658.0 deg^-2 = 1.572 arcmin^-2
Fitting aperture to hotspot...
Candidate: x_peak:       -0.005, y_peak:       -0.785, r_peak:        0.020, sig:       11.499, ra_peak:      223.584, dec_peak:       32.015
Characteristic density local = 5441.1 deg^-2 = 1.511 arcmin^-2
Fitting aperture to hotspot...
Candidate: x_peak:        0.015, y_peak:       -1.045, r_peak:        0.020, sig:        9.797, ra_peak:      223.608, dec_peak:       31.755
Characteristic density local = 4396.7 deg^-2 = 1.221 arcmin^-2
Fitting aperture to hotspot...
Candidate: x_peak:        0.205, y_peak:        0.025, r_peak:        0.020, sig:       16.004, ra_peak:      223.834, dec_peak:       32.825
Characteristic density local = 5300.0 deg^-2 = 1.472 arcmin^-2
Fitting aperture to hotspot...
Candidate: x_peak:        0.215, y_peak:        0.175, r_peak:        0.020, sig:        9.310, ra_peak:      223.846, dec_peak:       32.975
Characteristic density local = 5349.6 deg^-2 = 1.486 arcmin^-2
Fitting aperture to hotspot...
Candidate: x_peak:        0.345, y_peak:       -0.505, r_peak:        0.030, sig:       21.645, ra_peak:      223.998, dec_peak:       32.294
Distance = 39.8 kpc (m-M = 18.0)
404120 objects left after isochrone cut...
Characteristic density = 5300.0 deg^-2
Characteristic density local = 5522.7 deg^-2 = 1.534 arcmin^-2
Fitting aperture to hotspot...
Candidate: x_peak:       -0.725, y_peak:        0.175, r_peak:        0.030, sig:        6.508, ra_peak:      222.726, dec_peak:       32.972
Characteristic density local = 5439.1 deg^-2 = 1.511 arcmin^-2
Fitting aperture to hotspot...
Candidate: x_peak:       -0.345, y_peak:       -0.875, r_peak:        0.020, sig:       18.535, ra_peak:      223.184, dec_peak:       31.924
Characteristic density local = 5558.5 deg^-2 = 1.544 arcmin^-2
Fitting aperture to hotspot...
Candidate: x_peak:       -0.305, y_peak:       -0.105, r_peak:        0.030, sig:       14.806, ra_peak:      223.228, dec_peak:       32.694
Characteristic density local = 5920.6 deg^-2 = 1.645 arcmin^-2
Fitting aperture to hotspot...
Candidate: x_peak:       -0.105, y_peak:       -0.385, r_peak:        0.020, sig:       11.306, ra_peak:      223.466, dec_peak:       32.415
Characteristic density local = 5658.0 deg^-2 = 1.572 arcmin^-2
Fitting aperture to hotspot...
Candidate: x_peak:       -0.005, y_peak:       -0.785, r_peak:        0.020, sig:       11.499, ra_peak:      223.584, dec_peak:       32.015
Characteristic density local = 5441.1 deg^-2 = 1.511 arcmin^-2
Fitting aperture to hotspot...
Candidate: x_peak:        0.015, y_peak:       -1.045, r_peak:        0.020, sig:        9.797, ra_peak:      223.608, dec_peak:       31.755
Characteristic density local = 4394.7 deg^-2 = 1.221 arcmin^-2
Fitting aperture to hotspot...
Candidate: x_peak:        0.205, y_peak:        0.025, r_peak:        0.020, sig:       16.006, ra_peak:      223.834, dec_peak:       32.825
Characteristic density local = 5300.0 deg^-2 = 1.472 arcmin^-2
Fitting aperture to hotspot...
Candidate: x_peak:        0.215, y_peak:        0.175, r_peak:        0.020, sig:        9.310, ra_peak:      223.846, dec_peak:       32.975
Characteristic density local = 5349.6 deg^-2 = 1.486 arcmin^-2
Fitting aperture to hotspot...
Candidate: x_peak:        0.345, y_peak:       -0.505, r_peak:        0.030, sig:       21.645, ra_peak:      223.998, dec_peak:       32.294
Distance = 50.1 kpc (m-M = 18.5)
403834 objects left after isochrone cut...
Characteristic density = 5300.0 deg^-2
Characteristic density local = 5502.8 deg^-2 = 1.529 arcmin^-2
Fitting aperture to hotspot...
Candidate: x_peak:       -0.725, y_peak:        0.175, r_peak:        0.030, sig:        6.526, ra_peak:      222.726, dec_peak:       32.972
Characteristic density local = 5419.2 deg^-2 = 1.505 arcmin^-2
Fitting aperture to hotspot...
Candidate: x_peak:       -0.345, y_peak:       -0.875, r_peak:        0.020, sig:       18.553, ra_peak:      223.184, dec_peak:       31.924
Characteristic density local = 5538.6 deg^-2 = 1.538 arcmin^-2
Fitting aperture to hotspot...
Candidate: x_peak:       -0.305, y_peak:       -0.105, r_peak:        0.030, sig:       14.827, ra_peak:      223.228, dec_peak:       32.694
Characteristic density local = 5910.6 deg^-2 = 1.642 arcmin^-2
Fitting aperture to hotspot...
Candidate: x_peak:       -0.105, y_peak:       -0.385, r_peak:        0.020, sig:       11.314, ra_peak:      223.466, dec_peak:       32.415
Characteristic density local = 5648.0 deg^-2 = 1.569 arcmin^-2
Fitting aperture to hotspot...
Candidate: x_peak:       -0.005, y_peak:       -0.785, r_peak:        0.020, sig:       11.507, ra_peak:      223.584, dec_peak:       32.015
Characteristic density local = 5431.2 deg^-2 = 1.509 arcmin^-2
Fitting aperture to hotspot...
Candidate: x_peak:        0.015, y_peak:       -1.045, r_peak:        0.020, sig:        9.804, ra_peak:      223.608, dec_peak:       31.755
Characteristic density local = 4384.7 deg^-2 = 1.218 arcmin^-2
Fitting aperture to hotspot...
Candidate: x_peak:        0.205, y_peak:        0.025, r_peak:        0.020, sig:       16.016, ra_peak:      223.834, dec_peak:       32.825
Characteristic density local = 5300.0 deg^-2 = 1.472 arcmin^-2
Fitting aperture to hotspot...
Candidate: x_peak:        0.215, y_peak:        0.175, r_peak:        0.020, sig:        9.310, ra_peak:      223.846, dec_peak:       32.975
Characteristic density local = 5337.7 deg^-2 = 1.483 arcmin^-2
Fitting aperture to hotspot...
Candidate: x_peak:        0.345, y_peak:       -0.505, r_peak:        0.030, sig:       21.660, ra_peak:      223.998, dec_peak:       32.294
Distance = 63.1 kpc (m-M = 19.0)
402763 objects left after isochrone cut...
Characteristic density = 5200.0 deg^-2
Characteristic density local = 5486.9 deg^-2 = 1.524 arcmin^-2
Fitting aperture to hotspot...
Candidate: x_peak:       -0.715, y_peak:        0.175, r_peak:        0.020, sig:        7.087, ra_peak:      222.738, dec_peak:       32.972
Characteristic density local = 5357.6 deg^-2 = 1.488 arcmin^-2
Fitting aperture to hotspot...
Candidate: x_peak:       -0.345, y_peak:       -0.875, r_peak:        0.020, sig:       18.610, ra_peak:      223.184, dec_peak:       31.924
Characteristic density local = 5472.9 deg^-2 = 1.520 arcmin^-2
Fitting aperture to hotspot...
Candidate: x_peak:       -0.305, y_peak:       -0.105, r_peak:        0.030, sig:       14.899, ra_peak:      223.228, dec_peak:       32.694
Characteristic density local = 5856.9 deg^-2 = 1.627 arcmin^-2
Fitting aperture to hotspot...
Candidate: x_peak:       -0.105, y_peak:       -0.385, r_peak:        0.020, sig:       11.352, ra_peak:      223.466, dec_peak:       32.415
Characteristic density local = 5586.3 deg^-2 = 1.552 arcmin^-2
Fitting aperture to hotspot...
Candidate: x_peak:       -0.005, y_peak:       -0.785, r_peak:        0.020, sig:       11.553, ra_peak:      223.584, dec_peak:       32.015
Characteristic density local = 5357.6 deg^-2 = 1.488 arcmin^-2
Fitting aperture to hotspot...
Candidate: x_peak:        0.015, y_peak:       -1.045, r_peak:        0.020, sig:        9.858, ra_peak:      223.608, dec_peak:       31.755
Characteristic density local = 4339.0 deg^-2 = 1.205 arcmin^-2
Fitting aperture to hotspot...
Candidate: x_peak:        0.205, y_peak:        0.025, r_peak:        0.020, sig:       16.062, ra_peak:      223.834, dec_peak:       32.825
Characteristic density local = 5200.0 deg^-2 = 1.444 arcmin^-2
Fitting aperture to hotspot...
Candidate: x_peak:        0.215, y_peak:        0.175, r_peak:        0.020, sig:        9.383, ra_peak:      223.846, dec_peak:       32.975
Characteristic density local = 5280.0 deg^-2 = 1.467 arcmin^-2
Fitting aperture to hotspot...
Candidate: x_peak:        0.345, y_peak:       -0.505, r_peak:        0.030, sig:       21.733, ra_peak:      223.998, dec_peak:       32.294
Distance = 79.4 kpc (m-M = 19.5)
401166 objects left after isochrone cut...
Characteristic density = 5200.0 deg^-2
Characteristic density local = 5274.0 deg^-2 = 1.465 arcmin^-2
Fitting aperture to hotspot...
Candidate: x_peak:       -0.345, y_peak:       -0.875, r_peak:        0.020, sig:       18.688, ra_peak:      223.184, dec_peak:       31.924
Characteristic density local = 5395.4 deg^-2 = 1.499 arcmin^-2
Fitting aperture to hotspot...
Candidate: x_peak:       -0.305, y_peak:       -0.105, r_peak:        0.030, sig:       14.984, ra_peak:      223.228, dec_peak:       32.694
Characteristic density local = 5763.4 deg^-2 = 1.601 arcmin^-2
Fitting aperture to hotspot...
Candidate: x_peak:       -0.105, y_peak:       -0.385, r_peak:        0.020, sig:       11.421, ra_peak:      223.466, dec_peak:       32.415
Characteristic density local = 5496.8 deg^-2 = 1.527 arcmin^-2
Fitting aperture to hotspot...
Candidate: x_peak:       -0.005, y_peak:       -0.785, r_peak:        0.020, sig:       11.621, ra_peak:      223.584, dec_peak:       32.015
Characteristic density local = 5258.1 deg^-2 = 1.461 arcmin^-2
Fitting aperture to hotspot...
Candidate: x_peak:        0.015, y_peak:       -1.045, r_peak:        0.020, sig:        9.932, ra_peak:      223.608, dec_peak:       31.755
Characteristic density local = 4285.2 deg^-2 = 1.190 arcmin^-2
Fitting aperture to hotspot...
Candidate: x_peak:        0.205, y_peak:        0.025, r_peak:        0.020, sig:       15.952, ra_peak:      223.834, dec_peak:       32.825
Characteristic density local = 5200.0 deg^-2 = 1.444 arcmin^-2
Fitting aperture to hotspot...
Candidate: x_peak:        0.215, y_peak:        0.175, r_peak:        0.020, sig:        9.182, ra_peak:      223.846, dec_peak:       32.975
Characteristic density local = 5190.4 deg^-2 = 1.442 arcmin^-2
Fitting aperture to hotspot...
Candidate: x_peak:        0.345, y_peak:       -0.495, r_peak:        0.030, sig:       21.297, ra_peak:      223.998, dec_peak:       32.304
Distance = 100.0 kpc (m-M = 20.0)
399254 objects left after isochrone cut...
Characteristic density = 5100.0 deg^-2
Characteristic density local = 5170.5 deg^-2 = 1.436 arcmin^-2
Fitting aperture to hotspot...
Candidate: x_peak:       -0.345, y_peak:       -0.875, r_peak:        0.020, sig:       18.785, ra_peak:      223.184, dec_peak:       31.924
Characteristic density local = 5303.8 deg^-2 = 1.473 arcmin^-2
Fitting aperture to hotspot...
Candidate: x_peak:       -0.305, y_peak:       -0.105, r_peak:        0.030, sig:       15.086, ra_peak:      223.228, dec_peak:       32.694
Characteristic density local = 5667.9 deg^-2 = 1.574 arcmin^-2
Fitting aperture to hotspot...
Candidate: x_peak:       -0.105, y_peak:       -0.385, r_peak:        0.020, sig:       11.492, ra_peak:      223.466, dec_peak:       32.415
Characteristic density local = 5391.4 deg^-2 = 1.498 arcmin^-2
Fitting aperture to hotspot...
Candidate: x_peak:       -0.005, y_peak:       -0.785, r_peak:        0.020, sig:       11.702, ra_peak:      223.584, dec_peak:       32.015
Characteristic density local = 5152.6 deg^-2 = 1.431 arcmin^-2
Fitting aperture to hotspot...
Candidate: x_peak:        0.015, y_peak:       -1.045, r_peak:        0.020, sig:       10.012, ra_peak:      223.608, dec_peak:       31.755
Characteristic density local = 4211.6 deg^-2 = 1.170 arcmin^-2
Fitting aperture to hotspot...
Candidate: x_peak:        0.205, y_peak:        0.025, r_peak:        0.020, sig:       16.028, ra_peak:      223.834, dec_peak:       32.825
Characteristic density local = 5100.0 deg^-2 = 1.417 arcmin^-2
Fitting aperture to hotspot...
Candidate: x_peak:        0.215, y_peak:        0.175, r_peak:        0.020, sig:        9.257, ra_peak:      223.846, dec_peak:       32.975
Characteristic density local = 5081.0 deg^-2 = 1.411 arcmin^-2
Fitting aperture to hotspot...
Candidate: x_peak:        0.345, y_peak:       -0.505, r_peak:        0.030, sig:       21.990, ra_peak:      223.998, dec_peak:       32.294
Distance = 125.9 kpc (m-M = 20.5)
396964 objects left after isochrone cut...
Characteristic density = 4900.0 deg^-2
Characteristic density local = 5053.2 deg^-2 = 1.404 arcmin^-2
Fitting aperture to hotspot...
Candidate: x_peak:       -0.345, y_peak:       -0.875, r_peak:        0.020, sig:       18.898, ra_peak:      223.184, dec_peak:       31.924
Characteristic density local = 5192.4 deg^-2 = 1.442 arcmin^-2
Fitting aperture to hotspot...
Candidate: x_peak:       -0.305, y_peak:       -0.105, r_peak:        0.030, sig:       15.083, ra_peak:      223.228, dec_peak:       32.694
Characteristic density local = 5558.5 deg^-2 = 1.544 arcmin^-2
Fitting aperture to hotspot...
Candidate: x_peak:       -0.105, y_peak:       -0.385, r_peak:        0.020, sig:       11.574, ra_peak:      223.466, dec_peak:       32.415
Characteristic density local = 5280.0 deg^-2 = 1.467 arcmin^-2
Fitting aperture to hotspot...
Candidate: x_peak:       -0.005, y_peak:       -0.785, r_peak:        0.020, sig:       11.790, ra_peak:      223.584, dec_peak:       32.015
Characteristic density local = 4995.5 deg^-2 = 1.388 arcmin^-2
Fitting aperture to hotspot...
Candidate: x_peak:        0.015, y_peak:       -1.045, r_peak:        0.020, sig:       10.133, ra_peak:      223.608, dec_peak:       31.755
Characteristic density local = 4120.1 deg^-2 = 1.144 arcmin^-2
Fitting aperture to hotspot...
Candidate: x_peak:        0.205, y_peak:        0.025, r_peak:        0.020, sig:       16.123, ra_peak:      223.834, dec_peak:       32.825
Characteristic density local = 4900.0 deg^-2 = 1.361 arcmin^-2
Fitting aperture to hotspot...
Candidate: x_peak:        0.215, y_peak:        0.175, r_peak:        0.020, sig:        9.409, ra_peak:      223.846, dec_peak:       32.975
Characteristic density local = 4953.7 deg^-2 = 1.376 arcmin^-2
Fitting aperture to hotspot...
Candidate: x_peak:        0.345, y_peak:       -0.495, r_peak:        0.030, sig:       21.605, ra_peak:      223.998, dec_peak:       32.304
Distance = 158.5 kpc (m-M = 21.0)
394321 objects left after isochrone cut...
Characteristic density = 4800.0 deg^-2
Characteristic density local = 4909.9 deg^-2 = 1.364 arcmin^-2
Fitting aperture to hotspot...
Candidate: x_peak:       -0.345, y_peak:       -0.875, r_peak:        0.020, sig:       18.892, ra_peak:      223.184, dec_peak:       31.924
Characteristic density local = 5047.2 deg^-2 = 1.402 arcmin^-2
Fitting aperture to hotspot...
Candidate: x_peak:       -0.305, y_peak:       -0.105, r_peak:        0.030, sig:       15.250, ra_peak:      223.228, dec_peak:       32.694
Characteristic density local = 5405.3 deg^-2 = 1.501 arcmin^-2
Fitting aperture to hotspot...
Candidate: x_peak:       -0.105, y_peak:       -0.385, r_peak:        0.020, sig:       11.692, ra_peak:      223.466, dec_peak:       32.415
Characteristic density local = 5146.7 deg^-2 = 1.430 arcmin^-2
Fitting aperture to hotspot...
Candidate: x_peak:       -0.005, y_peak:       -0.785, r_peak:        0.020, sig:       11.896, ra_peak:      223.584, dec_peak:       32.015
Characteristic density local = 4858.2 deg^-2 = 1.350 arcmin^-2
Fitting aperture to hotspot...
Candidate: x_peak:        0.015, y_peak:       -1.035, r_peak:        0.020, sig:        9.236, ra_peak:      223.608, dec_peak:       31.765
Characteristic density local = 3970.9 deg^-2 = 1.103 arcmin^-2
Fitting aperture to hotspot...
Candidate: x_peak:        0.205, y_peak:        0.025, r_peak:        0.020, sig:       16.281, ra_peak:      223.834, dec_peak:       32.825
Characteristic density local = 4800.0 deg^-2 = 1.333 arcmin^-2
Fitting aperture to hotspot...
Candidate: x_peak:        0.215, y_peak:        0.175, r_peak:        0.020, sig:        9.487, ra_peak:      223.846, dec_peak:       32.975
Characteristic density local = 4840.3 deg^-2 = 1.345 arcmin^-2
Fitting aperture to hotspot...
Candidate: x_peak:        0.345, y_peak:       -0.495, r_peak:        0.030, sig:       21.756, ra_peak:      223.998, dec_peak:       32.304
Distance = 199.5 kpc (m-M = 21.5)
391137 objects left after isochrone cut...
Characteristic density = 4600.0 deg^-2
Characteristic density local = 4766.7 deg^-2 = 1.324 arcmin^-2
Fitting aperture to hotspot...
Candidate: x_peak:       -0.345, y_peak:       -0.875, r_peak:        0.020, sig:       18.741, ra_peak:      223.184, dec_peak:       31.924
Characteristic density local = 4880.1 deg^-2 = 1.356 arcmin^-2
Fitting aperture to hotspot...
Candidate: x_peak:       -0.305, y_peak:       -0.105, r_peak:        0.030, sig:       15.447, ra_peak:      223.228, dec_peak:       32.694
Characteristic density local = 5216.3 deg^-2 = 1.449 arcmin^-2
Fitting aperture to hotspot...
Candidate: x_peak:       -0.105, y_peak:       -0.385, r_peak:        0.020, sig:       11.840, ra_peak:      223.466, dec_peak:       32.415
Characteristic density local = 4963.6 deg^-2 = 1.379 arcmin^-2
Fitting aperture to hotspot...
Candidate: x_peak:       -0.005, y_peak:       -0.785, r_peak:        0.020, sig:       12.046, ra_peak:      223.584, dec_peak:       32.015
Characteristic density local = 4724.9 deg^-2 = 1.312 arcmin^-2
Fitting aperture to hotspot...
Candidate: x_peak:        0.015, y_peak:       -1.045, r_peak:        0.020, sig:        9.951, ra_peak:      223.608, dec_peak:       31.755
Characteristic density local = 3831.7 deg^-2 = 1.064 arcmin^-2
Fitting aperture to hotspot...
Candidate: x_peak:        0.205, y_peak:        0.025, r_peak:        0.020, sig:       16.267, ra_peak:      223.834, dec_peak:       32.825
Characteristic density local = 4600.0 deg^-2 = 1.278 arcmin^-2
Fitting aperture to hotspot...
Candidate: x_peak:        0.215, y_peak:        0.175, r_peak:        0.020, sig:        9.440, ra_peak:      223.846, dec_peak:       32.975
Characteristic density local = 4713.0 deg^-2 = 1.309 arcmin^-2
Fitting aperture to hotspot...
Candidate: x_peak:        0.345, y_peak:       -0.495, r_peak:        0.030, sig:       21.930, ra_peak:      223.998, dec_peak:       32.304
Distance = 251.2 kpc (m-M = 22.0)
387319 objects left after isochrone cut...
Characteristic density = 4400.0 deg^-2
Characteristic density local = 4645.3 deg^-2 = 1.290 arcmin^-2
Fitting aperture to hotspot...
Candidate: x_peak:       -0.715, y_peak:        0.175, r_peak:        0.020, sig:        7.682, ra_peak:      222.738, dec_peak:       32.972
Characteristic density local = 4585.7 deg^-2 = 1.274 arcmin^-2
Fitting aperture to hotspot...
Candidate: x_peak:       -0.345, y_peak:       -0.875, r_peak:        0.020, sig:       18.777, ra_peak:      223.184, dec_peak:       31.924
Characteristic density local = 4691.1 deg^-2 = 1.303 arcmin^-2
Fitting aperture to hotspot...
Candidate: x_peak:       -0.305, y_peak:       -0.105, r_peak:        0.030, sig:       15.676, ra_peak:      223.228, dec_peak:       32.694
Characteristic density local = 5023.3 deg^-2 = 1.395 arcmin^-2
Fitting aperture to hotspot...
Candidate: x_peak:       -0.105, y_peak:       -0.385, r_peak:        0.020, sig:       11.996, ra_peak:      223.466, dec_peak:       32.415
Characteristic density local = 4784.6 deg^-2 = 1.329 arcmin^-2
Fitting aperture to hotspot...
Candidate: x_peak:       -0.005, y_peak:       -0.785, r_peak:        0.020, sig:       12.013, ra_peak:      223.584, dec_peak:       32.015
Characteristic density local = 4528.0 deg^-2 = 1.258 arcmin^-2
Fitting aperture to hotspot...
Candidate: x_peak:        0.015, y_peak:       -1.045, r_peak:        0.020, sig:       10.112, ra_peak:      223.608, dec_peak:       31.755
Characteristic density local = 3676.5 deg^-2 = 1.021 arcmin^-2
Fitting aperture to hotspot...
Candidate: x_peak:        0.205, y_peak:        0.025, r_peak:        0.020, sig:       16.272, ra_peak:      223.834, dec_peak:       32.825
Characteristic density local = 4400.0 deg^-2 = 1.222 arcmin^-2
Fitting aperture to hotspot...
Candidate: x_peak:        0.215, y_peak:        0.175, r_peak:        0.020, sig:        9.184, ra_peak:      223.846, dec_peak:       32.975
Characteristic density local = 4535.9 deg^-2 = 1.260 arcmin^-2
Fitting aperture to hotspot...
Candidate: x_peak:        0.345, y_peak:       -0.495, r_peak:        0.030, sig:       21.952, ra_peak:      223.998, dec_peak:       32.304
Distance = 316.2 kpc (m-M = 22.5)
382826 objects left after isochrone cut...
Characteristic density = 4200.0 deg^-2
Characteristic density local = 4384.7 deg^-2 = 1.218 arcmin^-2
Fitting aperture to hotspot...
Candidate: x_peak:       -0.715, y_peak:        0.175, r_peak:        0.020, sig:        7.883, ra_peak:      222.738, dec_peak:       32.972
Characteristic density local = 4323.0 deg^-2 = 1.201 arcmin^-2
Fitting aperture to hotspot...
Candidate: x_peak:       -0.345, y_peak:       -0.875, r_peak:        0.020, sig:       19.055, ra_peak:      223.184, dec_peak:       31.924
Characteristic density local = 4430.5 deg^-2 = 1.231 arcmin^-2
Fitting aperture to hotspot...
Candidate: x_peak:       -0.305, y_peak:       -0.105, r_peak:        0.030, sig:       15.872, ra_peak:      223.228, dec_peak:       32.694
Characteristic density local = 4872.1 deg^-2 = 1.353 arcmin^-2
Fitting aperture to hotspot...
Candidate: x_peak:       -0.095, y_peak:       -0.385, r_peak:        0.020, sig:       12.122, ra_peak:      223.477, dec_peak:       32.415
Characteristic density local = 4549.8 deg^-2 = 1.264 arcmin^-2
Fitting aperture to hotspot...
Candidate: x_peak:       -0.015, y_peak:       -0.785, r_peak:        0.020, sig:       14.005, ra_peak:      223.572, dec_peak:       32.015
Characteristic density local = 4311.1 deg^-2 = 1.198 arcmin^-2
Fitting aperture to hotspot...
Candidate: x_peak:        0.015, y_peak:       -1.045, r_peak:        0.020, sig:       10.296, ra_peak:      223.608, dec_peak:       31.755
Characteristic density local = 3477.5 deg^-2 = 0.966 arcmin^-2
Fitting aperture to hotspot...
Candidate: x_peak:        0.205, y_peak:        0.025, r_peak:        0.020, sig:       16.504, ra_peak:      223.834, dec_peak:       32.825
Characteristic density local = 4200.0 deg^-2 = 1.167 arcmin^-2
Fitting aperture to hotspot...
Candidate: x_peak:        0.215, y_peak:        0.175, r_peak:        0.020, sig:        9.137, ra_peak:      223.846, dec_peak:       32.975
Characteristic density local = 4323.0 deg^-2 = 1.201 arcmin^-2
Fitting aperture to hotspot...
Candidate: x_peak:        0.345, y_peak:       -0.495, r_peak:        0.030, sig:       22.145, ra_peak:      223.998, dec_peak:       32.304
Distance = 398.1 kpc (m-M = 23.0)
377288 objects left after isochrone cut...
Characteristic density = 3900.0 deg^-2
Characteristic density local = 3982.9 deg^-2 = 1.106 arcmin^-2
Fitting aperture to hotspot...
Candidate: x_peak:       -0.345, y_peak:       -0.875, r_peak:        0.020, sig:       19.436, ra_peak:      223.184, dec_peak:       31.924
Characteristic density local = 4094.3 deg^-2 = 1.137 arcmin^-2
Fitting aperture to hotspot...
Candidate: x_peak:       -0.305, y_peak:       -0.105, r_peak:        0.030, sig:       15.913, ra_peak:      223.228, dec_peak:       32.694
Characteristic density local = 4472.3 deg^-2 = 1.242 arcmin^-2
Fitting aperture to hotspot...
Candidate: x_peak:       -0.105, y_peak:       -0.385, r_peak:        0.020, sig:       12.285, ra_peak:      223.466, dec_peak:       32.415
Characteristic density local = 4231.5 deg^-2 = 1.175 arcmin^-2
Fitting aperture to hotspot...
Candidate: x_peak:       -0.015, y_peak:       -0.785, r_peak:        0.020, sig:       13.780, ra_peak:      223.572, dec_peak:       32.015
Characteristic density local = 3994.8 deg^-2 = 1.110 arcmin^-2
Fitting aperture to hotspot...
Candidate: x_peak:        0.015, y_peak:       -1.045, r_peak:        0.020, sig:       10.372, ra_peak:      223.608, dec_peak:       31.755
Characteristic density local = 3220.9 deg^-2 = 0.895 arcmin^-2
Fitting aperture to hotspot...
Candidate: x_peak:        0.205, y_peak:        0.025, r_peak:        0.020, sig:       16.820, ra_peak:      223.834, dec_peak:       32.825
Characteristic density local = 3900.0 deg^-2 = 1.083 arcmin^-2
Fitting aperture to hotspot...
Candidate: x_peak:        0.215, y_peak:        0.175, r_peak:        0.020, sig:        9.399, ra_peak:      223.846, dec_peak:       32.975
Characteristic density local = 3974.9 deg^-2 = 1.104 arcmin^-2
Fitting aperture to hotspot...
Candidate: x_peak:        0.345, y_peak:       -0.495, r_peak:        0.030, sig:       22.327, ra_peak:      223.998, dec_peak:       32.304
22.33 sigma; (RA, Dec, d) = (224.00, 32.30); r = 0.03 deg; d = 398.1, mu = 23.00 mag), mc_source_id: 0.00
19.44 sigma; (RA, Dec, d) = (223.18, 31.92); r = 0.02 deg; d = 398.1, mu = 23.00 mag), mc_source_id: 0.00
16.82 sigma; (RA, Dec, d) = (223.83, 32.82); r = 0.02 deg; d = 398.1, mu = 23.00 mag), mc_source_id: 0.00
15.91 sigma; (RA, Dec, d) = (223.23, 32.69); r = 0.03 deg; d = 398.1, mu = 23.00 mag), mc_source_id: 0.00
14.01 sigma; (RA, Dec, d) = (223.57, 32.01); r = 0.02 deg; d = 316.2, mu = 22.50 mag), mc_source_id: 0.00
12.28 sigma; (RA, Dec, d) = (223.47, 32.41); r = 0.02 deg; d = 398.1, mu = 23.00 mag), mc_source_id: 0.00
10.37 sigma; (RA, Dec, d) = (223.61, 31.75); r = 0.02 deg; d = 398.1, mu = 23.00 mag), mc_source_id: 0.00
9.49 sigma; (RA, Dec, d) = (223.85, 32.97); r = 0.02 deg; d = 158.5, mu = 21.00 mag), mc_source_id: 0.00
7.88 sigma; (RA, Dec, d) = (222.74, 32.97); r = 0.02 deg; d = 316.2, mu = 22.50 mag), mc_source_id: 0.00

------------------------------------------------------------
Job <678768.0> was submitted from <des51.fnal.gov> by user <tavangar>.
Job was executed on host <des40.fnal.gov> as user <tavangar>.
</var/lib/condor/execute/dir_1628513> was used as the initial working directory.
Results reported at Wed Jun  5 01:26:04 CDT 2019

Your job looked like:

------------------------------------------------------------
python /home/s1/tavangar/tavangar_simple/search_algorithm.py 223.59 32.80 0.00 /home/s1/tavangar/tavangar_simple/decals_dr7_results/results_nside_32_2831.csv /home/s1/tavangar/tavangar_simple/decals_dr7_results/decals_dr7_log/results_nside_32_2831.log
------------------------------------------------------------

Successfully completed.

Resource usage summary:

	Real time :			197.60 sec.
	CPU time :			5.27 sec.
	CPU percentage :		74%
	Max Memory :			3591808 KB
	Average Memory :		0 KB

The output (if any) is above this job summary.
