/home/s1/tavangar/tavangar_simple/simple_utils.py:170: FutureWarning: elementwise comparison failed; returning scalar instead, but in the future will perform elementwise comparison
  if np.all(isochrone.stage == 'Main'):
Search coordinates: (RA, Dec) = (358.59, 19.47)
Center healpixel: 4159
Healpixels: [4159 4287 4158 4031 3903 3904 4032 4160 4415]
MC_SOURCE_ID = 0.0
mode = 0: running only on real data
Found 1 objects...
Applying cuts...
445383 star-like objects in ROI...
617476 galaxy-like objects in ROI...
No fracdet map specified ...
Distance = 15.8 kpc (m-M = 16.0)
445368 objects left after isochrone cut...
Characteristic density = 5300.0 deg^-2
Characteristic density local = 4116.1 deg^-2 = 1.143 arcmin^-2
Fitting aperture to hotspot...
Candidate: x_peak:       -0.445, y_peak:       -0.365, r_peak:        0.030, sig:       24.143, ra_peak:      358.119, dec_peak:       19.104
Characteristic density local = 5300.0 deg^-2 = 1.472 arcmin^-2
Fitting aperture to hotspot...
Candidate: x_peak:       -0.465, y_peak:        0.375, r_peak:        0.030, sig:        7.223, ra_peak:      358.096, dec_peak:       19.844
Characteristic density local = 5091.0 deg^-2 = 1.414 arcmin^-2
Fitting aperture to hotspot...
Candidate: x_peak:        0.105, y_peak:       -0.725, r_peak:        0.020, sig:       10.447, ra_peak:      358.701, dec_peak:       18.745
Characteristic density local = 5474.9 deg^-2 = 1.521 arcmin^-2
Fitting aperture to hotspot...
Candidate: x_peak:        0.155, y_peak:        0.905, r_peak:        0.030, sig:        6.205, ra_peak:      358.755, dec_peak:       20.375
Characteristic density local = 5299.9 deg^-2 = 1.472 arcmin^-2
Fitting aperture to hotspot...
Candidate: x_peak:        0.935, y_peak:        0.225, r_peak:        0.020, sig:       13.352, ra_peak:      359.583, dec_peak:       19.692
Characteristic density local = 5467.0 deg^-2 = 1.519 arcmin^-2
Fitting aperture to hotspot...
Candidate: x_peak:        0.945, y_peak:       -0.165, r_peak:        0.030, sig:        6.037, ra_peak:      359.591, dec_peak:       19.302
Characteristic density local = 5307.8 deg^-2 = 1.474 arcmin^-2
Fitting aperture to hotspot...
Candidate: x_peak:        1.215, y_peak:        0.085, r_peak:        0.030, sig:        6.355, ra_peak:      359.879, dec_peak:       19.550
Distance = 20.0 kpc (m-M = 16.5)
445374 objects left after isochrone cut...
Characteristic density = 5300.0 deg^-2
Characteristic density local = 4116.1 deg^-2 = 1.143 arcmin^-2
Fitting aperture to hotspot...
Candidate: x_peak:       -0.445, y_peak:       -0.365, r_peak:        0.030, sig:       24.143, ra_peak:      358.119, dec_peak:       19.104
Characteristic density local = 5300.0 deg^-2 = 1.472 arcmin^-2
Fitting aperture to hotspot...
Candidate: x_peak:       -0.465, y_peak:        0.375, r_peak:        0.030, sig:        7.223, ra_peak:      358.096, dec_peak:       19.844
Characteristic density local = 5091.0 deg^-2 = 1.414 arcmin^-2
Fitting aperture to hotspot...
Candidate: x_peak:        0.105, y_peak:       -0.725, r_peak:        0.020, sig:       10.447, ra_peak:      358.701, dec_peak:       18.745
Characteristic density local = 5474.9 deg^-2 = 1.521 arcmin^-2
Fitting aperture to hotspot...
Candidate: x_peak:        0.155, y_peak:        0.905, r_peak:        0.030, sig:        6.205, ra_peak:      358.755, dec_peak:       20.375
Characteristic density local = 5299.9 deg^-2 = 1.472 arcmin^-2
Fitting aperture to hotspot...
Candidate: x_peak:        0.935, y_peak:        0.225, r_peak:        0.020, sig:       13.352, ra_peak:      359.583, dec_peak:       19.692
Characteristic density local = 5467.0 deg^-2 = 1.519 arcmin^-2
Fitting aperture to hotspot...
Candidate: x_peak:        0.945, y_peak:       -0.165, r_peak:        0.030, sig:        6.037, ra_peak:      359.591, dec_peak:       19.302
Characteristic density local = 5307.8 deg^-2 = 1.474 arcmin^-2
Fitting aperture to hotspot...
Candidate: x_peak:        1.215, y_peak:        0.085, r_peak:        0.030, sig:        6.355, ra_peak:      359.879, dec_peak:       19.550
Distance = 25.1 kpc (m-M = 17.0)
445380 objects left after isochrone cut...
Characteristic density = 5300.0 deg^-2
Characteristic density local = 4116.1 deg^-2 = 1.143 arcmin^-2
Fitting aperture to hotspot...
Candidate: x_peak:       -0.445, y_peak:       -0.365, r_peak:        0.030, sig:       24.143, ra_peak:      358.119, dec_peak:       19.104
Characteristic density local = 5300.0 deg^-2 = 1.472 arcmin^-2
Fitting aperture to hotspot...
Candidate: x_peak:       -0.465, y_peak:        0.375, r_peak:        0.030, sig:        7.223, ra_peak:      358.096, dec_peak:       19.844
Characteristic density local = 5091.0 deg^-2 = 1.414 arcmin^-2
Fitting aperture to hotspot...
Candidate: x_peak:        0.105, y_peak:       -0.725, r_peak:        0.020, sig:       10.447, ra_peak:      358.701, dec_peak:       18.745
Characteristic density local = 5474.9 deg^-2 = 1.521 arcmin^-2
Fitting aperture to hotspot...
Candidate: x_peak:        0.155, y_peak:        0.905, r_peak:        0.030, sig:        6.205, ra_peak:      358.755, dec_peak:       20.375
Characteristic density local = 5299.9 deg^-2 = 1.472 arcmin^-2
Fitting aperture to hotspot...
Candidate: x_peak:        0.935, y_peak:        0.225, r_peak:        0.020, sig:       13.352, ra_peak:      359.583, dec_peak:       19.692
Characteristic density local = 5467.0 deg^-2 = 1.519 arcmin^-2
Fitting aperture to hotspot...
Candidate: x_peak:        0.945, y_peak:       -0.165, r_peak:        0.030, sig:        6.037, ra_peak:      359.591, dec_peak:       19.302
Characteristic density local = 5307.8 deg^-2 = 1.474 arcmin^-2
Fitting aperture to hotspot...
Candidate: x_peak:        1.215, y_peak:        0.085, r_peak:        0.030, sig:        6.355, ra_peak:      359.879, dec_peak:       19.550
Distance = 31.6 kpc (m-M = 17.5)
445381 objects left after isochrone cut...
Characteristic density = 5300.0 deg^-2
Characteristic density local = 4116.1 deg^-2 = 1.143 arcmin^-2
Fitting aperture to hotspot...
Candidate: x_peak:       -0.445, y_peak:       -0.365, r_peak:        0.030, sig:       24.143, ra_peak:      358.119, dec_peak:       19.104
Characteristic density local = 5300.0 deg^-2 = 1.472 arcmin^-2
Fitting aperture to hotspot...
Candidate: x_peak:       -0.465, y_peak:        0.375, r_peak:        0.030, sig:        7.223, ra_peak:      358.096, dec_peak:       19.844
Characteristic density local = 5091.0 deg^-2 = 1.414 arcmin^-2
Fitting aperture to hotspot...
Candidate: x_peak:        0.105, y_peak:       -0.725, r_peak:        0.020, sig:       10.447, ra_peak:      358.701, dec_peak:       18.745
Characteristic density local = 5474.9 deg^-2 = 1.521 arcmin^-2
Fitting aperture to hotspot...
Candidate: x_peak:        0.155, y_peak:        0.905, r_peak:        0.030, sig:        6.205, ra_peak:      358.755, dec_peak:       20.375
Characteristic density local = 5299.9 deg^-2 = 1.472 arcmin^-2
Fitting aperture to hotspot...
Candidate: x_peak:        0.935, y_peak:        0.225, r_peak:        0.020, sig:       13.352, ra_peak:      359.583, dec_peak:       19.692
Characteristic density local = 5467.0 deg^-2 = 1.519 arcmin^-2
Fitting aperture to hotspot...
Candidate: x_peak:        0.945, y_peak:       -0.165, r_peak:        0.030, sig:        6.037, ra_peak:      359.591, dec_peak:       19.302
Characteristic density local = 5307.8 deg^-2 = 1.474 arcmin^-2
Fitting aperture to hotspot...
Candidate: x_peak:        1.215, y_peak:        0.085, r_peak:        0.030, sig:        6.355, ra_peak:      359.879, dec_peak:       19.550
Distance = 39.8 kpc (m-M = 18.0)
445309 objects left after isochrone cut...
Characteristic density = 5300.0 deg^-2
Characteristic density local = 5300.0 deg^-2 = 1.472 arcmin^-2
Fitting aperture to hotspot...
Candidate: x_peak:       -0.595, y_peak:        0.035, r_peak:        0.020, sig:        4.344, ra_peak:      357.959, dec_peak:       19.504
Characteristic density local = 4112.2 deg^-2 = 1.142 arcmin^-2
Fitting aperture to hotspot...
Candidate: x_peak:       -0.445, y_peak:       -0.365, r_peak:        0.030, sig:       24.150, ra_peak:      358.119, dec_peak:       19.104
Characteristic density local = 5300.0 deg^-2 = 1.472 arcmin^-2
Fitting aperture to hotspot...
Candidate: x_peak:       -0.465, y_peak:        0.375, r_peak:        0.030, sig:        7.223, ra_peak:      358.096, dec_peak:       19.844
Characteristic density local = 5089.0 deg^-2 = 1.414 arcmin^-2
Fitting aperture to hotspot...
Candidate: x_peak:        0.105, y_peak:       -0.725, r_peak:        0.020, sig:       10.449, ra_peak:      358.701, dec_peak:       18.745
Characteristic density local = 5474.9 deg^-2 = 1.521 arcmin^-2
Fitting aperture to hotspot...
Candidate: x_peak:        0.155, y_peak:        0.905, r_peak:        0.030, sig:        6.205, ra_peak:      358.755, dec_peak:       20.375
Characteristic density local = 5558.5 deg^-2 = 1.544 arcmin^-2
Fitting aperture to hotspot...
Candidate: x_peak:        0.465, y_peak:        0.715, r_peak:        0.030, sig:        4.875, ra_peak:      359.085, dec_peak:       20.184
Characteristic density local = 5297.9 deg^-2 = 1.472 arcmin^-2
Fitting aperture to hotspot...
Candidate: x_peak:        0.935, y_peak:        0.225, r_peak:        0.020, sig:       13.353, ra_peak:      359.583, dec_peak:       19.692
Characteristic density local = 5463.0 deg^-2 = 1.517 arcmin^-2
Fitting aperture to hotspot...
Candidate: x_peak:        0.945, y_peak:       -0.165, r_peak:        0.030, sig:        6.040, ra_peak:      359.591, dec_peak:       19.302
Characteristic density local = 5299.9 deg^-2 = 1.472 arcmin^-2
Fitting aperture to hotspot...
Candidate: x_peak:        1.215, y_peak:        0.085, r_peak:        0.030, sig:        6.363, ra_peak:      359.879, dec_peak:       19.550
Distance = 50.1 kpc (m-M = 18.5)
444444 objects left after isochrone cut...
Characteristic density = 5300.0 deg^-2
Characteristic density local = 5300.0 deg^-2 = 1.472 arcmin^-2
Fitting aperture to hotspot...
Candidate: x_peak:       -0.595, y_peak:        0.045, r_peak:        0.030, sig:        4.145, ra_peak:      357.959, dec_peak:       19.514
Characteristic density local = 4070.4 deg^-2 = 1.131 arcmin^-2
Fitting aperture to hotspot...
Candidate: x_peak:       -0.445, y_peak:       -0.365, r_peak:        0.030, sig:       24.216, ra_peak:      358.119, dec_peak:       19.104
Characteristic density local = 5300.0 deg^-2 = 1.472 arcmin^-2
Fitting aperture to hotspot...
Candidate: x_peak:       -0.465, y_peak:        0.375, r_peak:        0.030, sig:        7.223, ra_peak:      358.096, dec_peak:       19.844
Characteristic density local = 5057.1 deg^-2 = 1.405 arcmin^-2
Fitting aperture to hotspot...
Candidate: x_peak:        0.105, y_peak:       -0.725, r_peak:        0.020, sig:       10.474, ra_peak:      358.701, dec_peak:       18.745
Characteristic density local = 5467.0 deg^-2 = 1.519 arcmin^-2
Fitting aperture to hotspot...
Candidate: x_peak:        0.155, y_peak:        0.905, r_peak:        0.030, sig:        6.212, ra_peak:      358.755, dec_peak:       20.375
Characteristic density local = 5534.6 deg^-2 = 1.537 arcmin^-2
Fitting aperture to hotspot...
Candidate: x_peak:        0.465, y_peak:        0.715, r_peak:        0.030, sig:        4.895, ra_peak:      359.085, dec_peak:       20.184
Characteristic density local = 5240.2 deg^-2 = 1.456 arcmin^-2
Fitting aperture to hotspot...
Candidate: x_peak:        0.935, y_peak:        0.225, r_peak:        0.020, sig:       13.401, ra_peak:      359.583, dec_peak:       19.692
Characteristic density local = 5391.4 deg^-2 = 1.498 arcmin^-2
Fitting aperture to hotspot...
Candidate: x_peak:        0.945, y_peak:       -0.165, r_peak:        0.030, sig:        5.927, ra_peak:      359.591, dec_peak:       19.302
Characteristic density local = 5224.3 deg^-2 = 1.451 arcmin^-2
Fitting aperture to hotspot...
Candidate: x_peak:        1.215, y_peak:        0.085, r_peak:        0.030, sig:        6.432, ra_peak:      359.879, dec_peak:       19.550
Distance = 63.1 kpc (m-M = 19.0)
442168 objects left after isochrone cut...
Characteristic density = 5200.0 deg^-2
Characteristic density local = 4028.6 deg^-2 = 1.119 arcmin^-2
Fitting aperture to hotspot...
Candidate: x_peak:       -0.445, y_peak:       -0.365, r_peak:        0.030, sig:       24.282, ra_peak:      358.119, dec_peak:       19.104
Characteristic density local = 5200.0 deg^-2 = 1.444 arcmin^-2
Fitting aperture to hotspot...
Candidate: x_peak:       -0.465, y_peak:        0.375, r_peak:        0.030, sig:        7.317, ra_peak:      358.096, dec_peak:       19.844
Characteristic density local = 4993.5 deg^-2 = 1.387 arcmin^-2
Fitting aperture to hotspot...
Candidate: x_peak:        0.105, y_peak:       -0.725, r_peak:        0.020, sig:       10.524, ra_peak:      358.701, dec_peak:       18.745
Characteristic density local = 5397.3 deg^-2 = 1.499 arcmin^-2
Fitting aperture to hotspot...
Candidate: x_peak:        0.165, y_peak:        0.905, r_peak:        0.020, sig:        6.474, ra_peak:      358.766, dec_peak:       20.375
Characteristic density local = 5146.7 deg^-2 = 1.430 arcmin^-2
Fitting aperture to hotspot...
Candidate: x_peak:        0.935, y_peak:        0.225, r_peak:        0.020, sig:       13.479, ra_peak:      359.583, dec_peak:       19.692
Characteristic density local = 5303.8 deg^-2 = 1.473 arcmin^-2
Fitting aperture to hotspot...
Candidate: x_peak:        0.945, y_peak:       -0.165, r_peak:        0.030, sig:        6.005, ra_peak:      359.591, dec_peak:       19.302
Characteristic density local = 5168.6 deg^-2 = 1.436 arcmin^-2
Fitting aperture to hotspot...
Candidate: x_peak:        1.215, y_peak:        0.085, r_peak:        0.030, sig:        6.483, ra_peak:      359.879, dec_peak:       19.550
Distance = 79.4 kpc (m-M = 19.5)
439211 objects left after isochrone cut...
Characteristic density = 5100.0 deg^-2
Characteristic density local = 3935.1 deg^-2 = 1.093 arcmin^-2
Fitting aperture to hotspot...
Candidate: x_peak:       -0.445, y_peak:       -0.365, r_peak:        0.030, sig:       24.433, ra_peak:      358.119, dec_peak:       19.104
Characteristic density local = 5100.0 deg^-2 = 1.417 arcmin^-2
Fitting aperture to hotspot...
Candidate: x_peak:       -0.465, y_peak:        0.385, r_peak:        0.020, sig:        7.351, ra_peak:      358.096, dec_peak:       19.854
Characteristic density local = 4888.0 deg^-2 = 1.358 arcmin^-2
Fitting aperture to hotspot...
Candidate: x_peak:        0.105, y_peak:       -0.725, r_peak:        0.020, sig:       10.608, ra_peak:      358.701, dec_peak:       18.745
Characteristic density local = 5295.9 deg^-2 = 1.471 arcmin^-2
Fitting aperture to hotspot...
Candidate: x_peak:        0.165, y_peak:        0.905, r_peak:        0.020, sig:        6.541, ra_peak:      358.766, dec_peak:       20.375
Characteristic density local = 5051.2 deg^-2 = 1.403 arcmin^-2
Fitting aperture to hotspot...
Candidate: x_peak:        0.935, y_peak:        0.225, r_peak:        0.020, sig:       13.560, ra_peak:      359.583, dec_peak:       19.692
Characteristic density local = 5198.4 deg^-2 = 1.444 arcmin^-2
Fitting aperture to hotspot...
Candidate: x_peak:        0.945, y_peak:       -0.165, r_peak:        0.030, sig:        6.101, ra_peak:      359.591, dec_peak:       19.302
Characteristic density local = 5075.1 deg^-2 = 1.410 arcmin^-2
Fitting aperture to hotspot...
Candidate: x_peak:        1.215, y_peak:        0.085, r_peak:        0.030, sig:        6.571, ra_peak:      359.879, dec_peak:       19.550
Distance = 100.0 kpc (m-M = 20.0)
435735 objects left after isochrone cut...
Characteristic density = 4900.0 deg^-2
Characteristic density local = 4900.0 deg^-2 = 1.361 arcmin^-2
Fitting aperture to hotspot...
Candidate: x_peak:       -0.595, y_peak:        0.045, r_peak:        0.030, sig:        4.296, ra_peak:      357.959, dec_peak:       19.514
Characteristic density local = 3825.7 deg^-2 = 1.063 arcmin^-2
Fitting aperture to hotspot...
Candidate: x_peak:       -0.445, y_peak:       -0.365, r_peak:        0.030, sig:       24.613, ra_peak:      358.119, dec_peak:       19.104
Characteristic density local = 4900.0 deg^-2 = 1.361 arcmin^-2
Fitting aperture to hotspot...
Candidate: x_peak:       -0.465, y_peak:        0.385, r_peak:        0.020, sig:        7.494, ra_peak:      358.096, dec_peak:       19.854
Characteristic density local = 4975.6 deg^-2 = 1.382 arcmin^-2
Fitting aperture to hotspot...
Candidate: x_peak:       -0.075, y_peak:        1.195, r_peak:        0.080, sig:        4.619, ra_peak:      358.510, dec_peak:       20.665
Characteristic density local = 4766.7 deg^-2 = 1.324 arcmin^-2
Fitting aperture to hotspot...
Candidate: x_peak:        0.105, y_peak:       -0.725, r_peak:        0.020, sig:       10.706, ra_peak:      358.701, dec_peak:       18.745
Characteristic density local = 5196.4 deg^-2 = 1.443 arcmin^-2
Fitting aperture to hotspot...
Candidate: x_peak:        0.165, y_peak:        0.905, r_peak:        0.020, sig:        6.608, ra_peak:      358.766, dec_peak:       20.375
Characteristic density local = 4925.8 deg^-2 = 1.368 arcmin^-2
Fitting aperture to hotspot...
Candidate: x_peak:        0.935, y_peak:        0.225, r_peak:        0.020, sig:       13.668, ra_peak:      359.583, dec_peak:       19.692
Characteristic density local = 5067.1 deg^-2 = 1.408 arcmin^-2
Fitting aperture to hotspot...
Candidate: x_peak:        0.945, y_peak:       -0.165, r_peak:        0.030, sig:        6.223, ra_peak:      359.591, dec_peak:       19.302
Characteristic density local = 4961.7 deg^-2 = 1.378 arcmin^-2
Fitting aperture to hotspot...
Candidate: x_peak:        1.215, y_peak:        0.085, r_peak:        0.030, sig:        6.678, ra_peak:      359.879, dec_peak:       19.550
Distance = 125.9 kpc (m-M = 20.5)
431705 objects left after isochrone cut...
Characteristic density = 4800.0 deg^-2
Characteristic density local = 3700.4 deg^-2 = 1.028 arcmin^-2
Fitting aperture to hotspot...
Candidate: x_peak:       -0.445, y_peak:       -0.365, r_peak:        0.030, sig:       24.489, ra_peak:      358.119, dec_peak:       19.104
Characteristic density local = 4800.0 deg^-2 = 1.333 arcmin^-2
Fitting aperture to hotspot...
Candidate: x_peak:       -0.465, y_peak:        0.385, r_peak:        0.020, sig:        7.342, ra_peak:      358.096, dec_peak:       19.854
Characteristic density local = 4617.5 deg^-2 = 1.283 arcmin^-2
Fitting aperture to hotspot...
Candidate: x_peak:        0.105, y_peak:       -0.725, r_peak:        0.020, sig:       10.830, ra_peak:      358.701, dec_peak:       18.745
Characteristic density local = 5037.3 deg^-2 = 1.399 arcmin^-2
Fitting aperture to hotspot...
Candidate: x_peak:        0.155, y_peak:        0.905, r_peak:        0.030, sig:        6.250, ra_peak:      358.755, dec_peak:       20.375
Characteristic density local = 4764.7 deg^-2 = 1.324 arcmin^-2
Fitting aperture to hotspot...
Candidate: x_peak:        0.935, y_peak:        0.225, r_peak:        0.020, sig:       13.637, ra_peak:      359.583, dec_peak:       19.692
Characteristic density local = 4874.1 deg^-2 = 1.354 arcmin^-2
Fitting aperture to hotspot...
Candidate: x_peak:        0.945, y_peak:       -0.165, r_peak:        0.030, sig:        6.405, ra_peak:      359.591, dec_peak:       19.302
Characteristic density local = 4848.3 deg^-2 = 1.347 arcmin^-2
Fitting aperture to hotspot...
Candidate: x_peak:        1.215, y_peak:        0.085, r_peak:        0.030, sig:        6.788, ra_peak:      359.879, dec_peak:       19.550
Distance = 158.5 kpc (m-M = 21.0)
426961 objects left after isochrone cut...
Characteristic density = 4600.0 deg^-2
Characteristic density local = 3539.2 deg^-2 = 0.983 arcmin^-2
Fitting aperture to hotspot...
Candidate: x_peak:       -0.445, y_peak:       -0.365, r_peak:        0.030, sig:       24.655, ra_peak:      358.119, dec_peak:       19.104
Characteristic density local = 4600.0 deg^-2 = 1.278 arcmin^-2
Fitting aperture to hotspot...
Candidate: x_peak:       -0.465, y_peak:        0.385, r_peak:        0.020, sig:        7.262, ra_peak:      358.096, dec_peak:       19.854
Characteristic density local = 4671.2 deg^-2 = 1.298 arcmin^-2
Fitting aperture to hotspot...
Candidate: x_peak:       -0.075, y_peak:        1.195, r_peak:        0.080, sig:        4.580, ra_peak:      358.510, dec_peak:       20.665
Characteristic density local = 4434.5 deg^-2 = 1.232 arcmin^-2
Fitting aperture to hotspot...
Candidate: x_peak:        0.105, y_peak:       -0.725, r_peak:        0.020, sig:       10.986, ra_peak:      358.701, dec_peak:       18.745
Characteristic density local = 4872.1 deg^-2 = 1.353 arcmin^-2
Fitting aperture to hotspot...
Candidate: x_peak:        0.155, y_peak:        0.915, r_peak:        0.030, sig:        5.486, ra_peak:      358.755, dec_peak:       20.385
Characteristic density local = 4597.6 deg^-2 = 1.277 arcmin^-2
Fitting aperture to hotspot...
Candidate: x_peak:        0.935, y_peak:        0.225, r_peak:        0.020, sig:       13.613, ra_peak:      359.583, dec_peak:       19.692
Characteristic density local = 4718.9 deg^-2 = 1.311 arcmin^-2
Fitting aperture to hotspot...
Candidate: x_peak:        0.945, y_peak:       -0.165, r_peak:        0.030, sig:        6.556, ra_peak:      359.591, dec_peak:       19.302
Characteristic density local = 4663.2 deg^-2 = 1.295 arcmin^-2
Fitting aperture to hotspot...
Candidate: x_peak:        1.215, y_peak:        0.085, r_peak:        0.030, sig:        6.970, ra_peak:      359.879, dec_peak:       19.550
Distance = 199.5 kpc (m-M = 21.5)
421543 objects left after isochrone cut...
Characteristic density = 4400.0 deg^-2
Characteristic density local = 3366.1 deg^-2 = 0.935 arcmin^-2
Fitting aperture to hotspot...
Candidate: x_peak:       -0.445, y_peak:       -0.365, r_peak:        0.030, sig:       24.393, ra_peak:      358.119, dec_peak:       19.104
Characteristic density local = 4400.0 deg^-2 = 1.222 arcmin^-2
Fitting aperture to hotspot...
Candidate: x_peak:       -0.465, y_peak:        0.385, r_peak:        0.020, sig:        7.181, ra_peak:      358.096, dec_peak:       19.854
Characteristic density local = 4251.4 deg^-2 = 1.181 arcmin^-2
Fitting aperture to hotspot...
Candidate: x_peak:        0.105, y_peak:       -0.725, r_peak:        0.020, sig:       11.147, ra_peak:      358.701, dec_peak:       18.745
Characteristic density local = 4683.1 deg^-2 = 1.301 arcmin^-2
Fitting aperture to hotspot...
Candidate: x_peak:        0.155, y_peak:        0.915, r_peak:        0.030, sig:        5.474, ra_peak:      358.755, dec_peak:       20.385
Characteristic density local = 4382.7 deg^-2 = 1.217 arcmin^-2
Fitting aperture to hotspot...
Candidate: x_peak:        0.935, y_peak:        0.225, r_peak:        0.020, sig:       13.812, ra_peak:      359.583, dec_peak:       19.692
Characteristic density local = 4539.9 deg^-2 = 1.261 arcmin^-2
Fitting aperture to hotspot...
Candidate: x_peak:        0.945, y_peak:       -0.165, r_peak:        0.030, sig:        6.551, ra_peak:      359.591, dec_peak:       19.302
Characteristic density local = 4486.2 deg^-2 = 1.246 arcmin^-2
Fitting aperture to hotspot...
Candidate: x_peak:        1.215, y_peak:        0.085, r_peak:        0.030, sig:        7.150, ra_peak:      359.879, dec_peak:       19.550
Distance = 251.2 kpc (m-M = 22.0)
415499 objects left after isochrone cut...
Characteristic density = 4200.0 deg^-2
Characteristic density local = 4200.0 deg^-2 = 1.167 arcmin^-2
Fitting aperture to hotspot...
Candidate: x_peak:       -0.605, y_peak:        0.035, r_peak:        0.030, sig:        5.363, ra_peak:      357.948, dec_peak:       19.504
Characteristic density local = 3195.0 deg^-2 = 0.888 arcmin^-2
Fitting aperture to hotspot...
Candidate: x_peak:       -0.445, y_peak:       -0.365, r_peak:        0.030, sig:       23.891, ra_peak:      358.119, dec_peak:       19.104
Characteristic density local = 4200.0 deg^-2 = 1.167 arcmin^-2
Fitting aperture to hotspot...
Candidate: x_peak:       -0.465, y_peak:        0.385, r_peak:        0.020, sig:        7.100, ra_peak:      358.096, dec_peak:       19.854
Characteristic density local = 4034.6 deg^-2 = 1.121 arcmin^-2
Fitting aperture to hotspot...
Candidate: x_peak:        0.105, y_peak:       -0.725, r_peak:        0.020, sig:       10.947, ra_peak:      358.701, dec_peak:       18.745
Characteristic density local = 4438.4 deg^-2 = 1.233 arcmin^-2
Fitting aperture to hotspot...
Candidate: x_peak:        0.155, y_peak:        0.915, r_peak:        0.030, sig:        5.519, ra_peak:      358.755, dec_peak:       20.385
Characteristic density local = 4486.2 deg^-2 = 1.246 arcmin^-2
Fitting aperture to hotspot...
Candidate: x_peak:        0.465, y_peak:        0.715, r_peak:        0.040, sig:        4.436, ra_peak:      359.085, dec_peak:       20.184
Characteristic density local = 4153.9 deg^-2 = 1.154 arcmin^-2
Fitting aperture to hotspot...
Candidate: x_peak:        0.935, y_peak:        0.225, r_peak:        0.020, sig:       13.856, ra_peak:      359.583, dec_peak:       19.692
Characteristic density local = 4350.9 deg^-2 = 1.209 arcmin^-2
Fitting aperture to hotspot...
Candidate: x_peak:        0.945, y_peak:       -0.165, r_peak:        0.030, sig:        6.559, ra_peak:      359.591, dec_peak:       19.302
Characteristic density local = 4279.3 deg^-2 = 1.189 arcmin^-2
Fitting aperture to hotspot...
Candidate: x_peak:        1.215, y_peak:        0.085, r_peak:        0.030, sig:        7.367, ra_peak:      359.879, dec_peak:       19.550
Distance = 316.2 kpc (m-M = 22.5)
408309 objects left after isochrone cut...
Characteristic density = 3900.0 deg^-2
Characteristic density local = 3900.0 deg^-2 = 1.083 arcmin^-2
Fitting aperture to hotspot...
Candidate: x_peak:       -0.605, y_peak:        0.035, r_peak:        0.030, sig:        5.472, ra_peak:      357.948, dec_peak:       19.504
Characteristic density local = 3012.0 deg^-2 = 0.837 arcmin^-2
Fitting aperture to hotspot...
Candidate: x_peak:       -0.445, y_peak:       -0.365, r_peak:        0.030, sig:       23.159, ra_peak:      358.119, dec_peak:       19.104
Characteristic density local = 3900.0 deg^-2 = 1.083 arcmin^-2
Fitting aperture to hotspot...
Candidate: x_peak:       -0.465, y_peak:        0.385, r_peak:        0.020, sig:        7.343, ra_peak:      358.096, dec_peak:       19.854
Characteristic density local = 3781.9 deg^-2 = 1.051 arcmin^-2
Fitting aperture to hotspot...
Candidate: x_peak:        0.105, y_peak:       -0.725, r_peak:        0.020, sig:       11.186, ra_peak:      358.701, dec_peak:       18.745
Characteristic density local = 4173.8 deg^-2 = 1.159 arcmin^-2
Fitting aperture to hotspot...
Candidate: x_peak:        0.155, y_peak:        0.915, r_peak:        0.030, sig:        5.188, ra_peak:      358.755, dec_peak:       20.385
Characteristic density local = 3883.4 deg^-2 = 1.079 arcmin^-2
Fitting aperture to hotspot...
Candidate: x_peak:        0.935, y_peak:        0.225, r_peak:        0.020, sig:       13.949, ra_peak:      359.583, dec_peak:       19.692
Characteristic density local = 4082.3 deg^-2 = 1.134 arcmin^-2
Fitting aperture to hotspot...
Candidate: x_peak:        0.945, y_peak:       -0.165, r_peak:        0.030, sig:        6.654, ra_peak:      359.591, dec_peak:       19.302
Characteristic density local = 4022.6 deg^-2 = 1.117 arcmin^-2
Fitting aperture to hotspot...
Candidate: x_peak:        1.215, y_peak:        0.085, r_peak:        0.030, sig:        7.465, ra_peak:      359.879, dec_peak:       19.550
Distance = 398.1 kpc (m-M = 23.0)
399871 objects left after isochrone cut...
Characteristic density = 3600.0 deg^-2
Characteristic density local = 3600.0 deg^-2 = 1.000 arcmin^-2
Fitting aperture to hotspot...
Candidate: x_peak:       -0.605, y_peak:        0.035, r_peak:        0.030, sig:        5.593, ra_peak:      357.948, dec_peak:       19.504
Characteristic density local = 2745.4 deg^-2 = 0.763 arcmin^-2
Fitting aperture to hotspot...
Candidate: x_peak:       -0.455, y_peak:       -0.365, r_peak:        0.030, sig:       21.030, ra_peak:      358.108, dec_peak:       19.104
Characteristic density local = 3600.0 deg^-2 = 1.000 arcmin^-2
Fitting aperture to hotspot...
Candidate: x_peak:       -0.465, y_peak:        0.385, r_peak:        0.020, sig:        7.600, ra_peak:      358.096, dec_peak:       19.854
Characteristic density local = 3429.8 deg^-2 = 0.953 arcmin^-2
Fitting aperture to hotspot...
Candidate: x_peak:        0.105, y_peak:       -0.725, r_peak:        0.020, sig:       11.540, ra_peak:      358.701, dec_peak:       18.745
Characteristic density local = 3859.5 deg^-2 = 1.072 arcmin^-2
Fitting aperture to hotspot...
Candidate: x_peak:        0.155, y_peak:        0.915, r_peak:        0.030, sig:        5.102, ra_peak:      358.755, dec_peak:       20.385
Characteristic density local = 3531.3 deg^-2 = 0.981 arcmin^-2
Fitting aperture to hotspot...
Candidate: x_peak:        0.935, y_peak:        0.225, r_peak:        0.020, sig:       13.958, ra_peak:      359.583, dec_peak:       19.692
Characteristic density local = 3746.1 deg^-2 = 1.041 arcmin^-2
Fitting aperture to hotspot...
Candidate: x_peak:        0.945, y_peak:       -0.165, r_peak:        0.030, sig:        6.443, ra_peak:      359.591, dec_peak:       19.302
Characteristic density local = 3716.3 deg^-2 = 1.032 arcmin^-2
Fitting aperture to hotspot...
Candidate: x_peak:        1.215, y_peak:        0.085, r_peak:        0.030, sig:        7.252, ra_peak:      359.879, dec_peak:       19.550
24.65 sigma; (RA, Dec, d) = (358.12, 19.10); r = 0.03 deg; d = 158.5, mu = 21.00 mag), mc_source_id: 0.00
13.96 sigma; (RA, Dec, d) = (359.58, 19.69); r = 0.02 deg; d = 398.1, mu = 23.00 mag), mc_source_id: 0.00
11.54 sigma; (RA, Dec, d) = (358.70, 18.74); r = 0.02 deg; d = 398.1, mu = 23.00 mag), mc_source_id: 0.00
7.60 sigma; (RA, Dec, d) = (358.10, 19.85); r = 0.02 deg; d = 398.1, mu = 23.00 mag), mc_source_id: 0.00
7.46 sigma; (RA, Dec, d) = (359.88, 19.55); r = 0.03 deg; d = 316.2, mu = 22.50 mag), mc_source_id: 0.00
6.65 sigma; (RA, Dec, d) = (359.59, 19.30); r = 0.03 deg; d = 316.2, mu = 22.50 mag), mc_source_id: 0.00
6.61 sigma; (RA, Dec, d) = (358.77, 20.37); r = 0.02 deg; d = 100.0, mu = 20.00 mag), mc_source_id: 0.00
5.59 sigma; (RA, Dec, d) = (357.95, 19.50); r = 0.03 deg; d = 398.1, mu = 23.00 mag), mc_source_id: 0.00
4.90 sigma; (RA, Dec, d) = (359.09, 20.18); r = 0.03 deg; d = 50.1, mu = 18.50 mag), mc_source_id: 0.00
4.62 sigma; (RA, Dec, d) = (358.51, 20.67); r = 0.08 deg; d = 100.0, mu = 20.00 mag), mc_source_id: 0.00

------------------------------------------------------------
Job <679605.0> was submitted from <des51.fnal.gov> by user <tavangar>.
Job was executed on host <des40.fnal.gov> as user <tavangar>.
</var/lib/condor/execute/dir_1770623> was used as the initial working directory.
Results reported at Wed Jun  5 05:09:48 CDT 2019

Your job looked like:

------------------------------------------------------------
python /home/s1/tavangar/tavangar_simple/search_algorithm.py 358.59 19.47 0.00 /home/s1/tavangar/tavangar_simple/decals_dr7_results/results_nside_32_4159.csv /home/s1/tavangar/tavangar_simple/decals_dr7_results/decals_dr7_log/results_nside_32_4159.log
------------------------------------------------------------

Successfully completed.

Resource usage summary:

	Real time :			229.17 sec.
	CPU time :			7.13 sec.
	CPU percentage :		80%
	Max Memory :			3815408 KB
	Average Memory :		0 KB

The output (if any) is above this job summary.
