/home/s1/tavangar/tavangar_simple/simple_utils.py:170: FutureWarning: elementwise comparison failed; returning scalar instead, but in the future will perform elementwise comparison
  if np.all(isochrone.stage == 'Main'):
Search coordinates: (RA, Dec) = (174.38, -3.58)
Center healpixel: 6526
Healpixels: [6526 6653 6525 6397 6270 6398 6527 6654 6782]
MC_SOURCE_ID = 0.0
mode = 0: running only on real data
Found 1 objects...
Applying cuts...
776827 star-like objects in ROI...
1104742 galaxy-like objects in ROI...
No fracdet map specified ...
Distance = 15.8 kpc (m-M = 16.0)
776814 objects left after isochrone cut...
Characteristic density = 5300.0 deg^-2
Characteristic density local = 4943.8 deg^-2 = 1.373 arcmin^-2
Fitting aperture to hotspot...
Candidate: x_peak:       -1.345, y_peak:        0.045, r_peak:        0.020, sig:       10.756, ra_peak:      173.032, dec_peak:       -3.534
Characteristic density local = 5534.6 deg^-2 = 1.537 arcmin^-2
Fitting aperture to hotspot...
Candidate: x_peak:        0.015, y_peak:       -0.935, r_peak:        0.020, sig:        7.703, ra_peak:      174.395, dec_peak:       -4.515
Characteristic density local = 5194.4 deg^-2 = 1.443 arcmin^-2
Fitting aperture to hotspot...
Candidate: x_peak:       -0.025, y_peak:        0.685, r_peak:        0.020, sig:        7.285, ra_peak:      174.355, dec_peak:       -2.895
Characteristic density local = 5763.4 deg^-2 = 1.601 arcmin^-2
Fitting aperture to hotspot...
Candidate: x_peak:        0.265, y_peak:       -0.275, r_peak:        0.040, sig:        3.796, ra_peak:      174.646, dec_peak:       -3.855
Characteristic density local = 5761.4 deg^-2 = 1.600 arcmin^-2
Fitting aperture to hotspot...
Candidate: x_peak:        0.455, y_peak:       -0.555, r_peak:        0.020, sig:        5.311, ra_peak:      174.836, dec_peak:       -4.135
Characteristic density local = 5894.7 deg^-2 = 1.637 arcmin^-2
Fitting aperture to hotspot...
Candidate: x_peak:        0.575, y_peak:        0.585, r_peak:        0.030, sig:        6.353, ra_peak:      174.956, dec_peak:       -2.995
Characteristic density local = 5966.3 deg^-2 = 1.657 arcmin^-2
Fitting aperture to hotspot...
Candidate: x_peak:        0.935, y_peak:        0.255, r_peak:        0.020, sig:        4.706, ra_peak:      175.317, dec_peak:       -3.325
Characteristic density local = 5958.4 deg^-2 = 1.655 arcmin^-2
Fitting aperture to hotspot...
Candidate: x_peak:        1.325, y_peak:        0.025, r_peak:        0.020, sig:       11.100, ra_peak:      175.708, dec_peak:       -3.554
Distance = 20.0 kpc (m-M = 16.5)
776823 objects left after isochrone cut...
Characteristic density = 5300.0 deg^-2
Characteristic density local = 4943.8 deg^-2 = 1.373 arcmin^-2
Fitting aperture to hotspot...
Candidate: x_peak:       -1.345, y_peak:        0.045, r_peak:        0.020, sig:       10.756, ra_peak:      173.032, dec_peak:       -3.534
Characteristic density local = 5534.6 deg^-2 = 1.537 arcmin^-2
Fitting aperture to hotspot...
Candidate: x_peak:        0.015, y_peak:       -0.935, r_peak:        0.020, sig:        7.703, ra_peak:      174.395, dec_peak:       -4.515
Characteristic density local = 5194.4 deg^-2 = 1.443 arcmin^-2
Fitting aperture to hotspot...
Candidate: x_peak:       -0.025, y_peak:        0.685, r_peak:        0.020, sig:        7.285, ra_peak:      174.355, dec_peak:       -2.895
Characteristic density local = 5763.4 deg^-2 = 1.601 arcmin^-2
Fitting aperture to hotspot...
Candidate: x_peak:        0.265, y_peak:       -0.275, r_peak:        0.040, sig:        3.796, ra_peak:      174.646, dec_peak:       -3.855
Characteristic density local = 5761.4 deg^-2 = 1.600 arcmin^-2
Fitting aperture to hotspot...
Candidate: x_peak:        0.455, y_peak:       -0.555, r_peak:        0.020, sig:        5.311, ra_peak:      174.836, dec_peak:       -4.135
Characteristic density local = 5894.7 deg^-2 = 1.637 arcmin^-2
Fitting aperture to hotspot...
Candidate: x_peak:        0.575, y_peak:        0.585, r_peak:        0.030, sig:        6.353, ra_peak:      174.956, dec_peak:       -2.995
Characteristic density local = 5966.3 deg^-2 = 1.657 arcmin^-2
Fitting aperture to hotspot...
Candidate: x_peak:        0.935, y_peak:        0.255, r_peak:        0.020, sig:        4.706, ra_peak:      175.317, dec_peak:       -3.325
Characteristic density local = 5958.4 deg^-2 = 1.655 arcmin^-2
Fitting aperture to hotspot...
Candidate: x_peak:        1.325, y_peak:        0.025, r_peak:        0.020, sig:       11.100, ra_peak:      175.708, dec_peak:       -3.554
Distance = 25.1 kpc (m-M = 17.0)
776825 objects left after isochrone cut...
Characteristic density = 5300.0 deg^-2
Characteristic density local = 4943.8 deg^-2 = 1.373 arcmin^-2
Fitting aperture to hotspot...
Candidate: x_peak:       -1.345, y_peak:        0.045, r_peak:        0.020, sig:       10.756, ra_peak:      173.032, dec_peak:       -3.534
Characteristic density local = 5534.6 deg^-2 = 1.537 arcmin^-2
Fitting aperture to hotspot...
Candidate: x_peak:        0.015, y_peak:       -0.935, r_peak:        0.020, sig:        7.703, ra_peak:      174.395, dec_peak:       -4.515
Characteristic density local = 5194.4 deg^-2 = 1.443 arcmin^-2
Fitting aperture to hotspot...
Candidate: x_peak:       -0.025, y_peak:        0.685, r_peak:        0.020, sig:        7.285, ra_peak:      174.355, dec_peak:       -2.895
Characteristic density local = 5763.4 deg^-2 = 1.601 arcmin^-2
Fitting aperture to hotspot...
Candidate: x_peak:        0.265, y_peak:       -0.275, r_peak:        0.040, sig:        3.796, ra_peak:      174.646, dec_peak:       -3.855
Characteristic density local = 5761.4 deg^-2 = 1.600 arcmin^-2
Fitting aperture to hotspot...
Candidate: x_peak:        0.455, y_peak:       -0.555, r_peak:        0.020, sig:        5.311, ra_peak:      174.836, dec_peak:       -4.135
Characteristic density local = 5894.7 deg^-2 = 1.637 arcmin^-2
Fitting aperture to hotspot...
Candidate: x_peak:        0.575, y_peak:        0.585, r_peak:        0.030, sig:        6.353, ra_peak:      174.956, dec_peak:       -2.995
Characteristic density local = 5966.3 deg^-2 = 1.657 arcmin^-2
Fitting aperture to hotspot...
Candidate: x_peak:        0.935, y_peak:        0.255, r_peak:        0.020, sig:        4.706, ra_peak:      175.317, dec_peak:       -3.325
Characteristic density local = 5958.4 deg^-2 = 1.655 arcmin^-2
Fitting aperture to hotspot...
Candidate: x_peak:        1.325, y_peak:        0.025, r_peak:        0.020, sig:       11.100, ra_peak:      175.708, dec_peak:       -3.554
Distance = 31.6 kpc (m-M = 17.5)
776824 objects left after isochrone cut...
Characteristic density = 5300.0 deg^-2
Characteristic density local = 4943.8 deg^-2 = 1.373 arcmin^-2
Fitting aperture to hotspot...
Candidate: x_peak:       -1.345, y_peak:        0.045, r_peak:        0.020, sig:       10.756, ra_peak:      173.032, dec_peak:       -3.534
Characteristic density local = 5534.6 deg^-2 = 1.537 arcmin^-2
Fitting aperture to hotspot...
Candidate: x_peak:        0.015, y_peak:       -0.935, r_peak:        0.020, sig:        7.703, ra_peak:      174.395, dec_peak:       -4.515
Characteristic density local = 5194.4 deg^-2 = 1.443 arcmin^-2
Fitting aperture to hotspot...
Candidate: x_peak:       -0.025, y_peak:        0.685, r_peak:        0.020, sig:        7.285, ra_peak:      174.355, dec_peak:       -2.895
Characteristic density local = 5763.4 deg^-2 = 1.601 arcmin^-2
Fitting aperture to hotspot...
Candidate: x_peak:        0.265, y_peak:       -0.275, r_peak:        0.040, sig:        3.796, ra_peak:      174.646, dec_peak:       -3.855
Characteristic density local = 5761.4 deg^-2 = 1.600 arcmin^-2
Fitting aperture to hotspot...
Candidate: x_peak:        0.455, y_peak:       -0.555, r_peak:        0.020, sig:        5.311, ra_peak:      174.836, dec_peak:       -4.135
Characteristic density local = 5894.7 deg^-2 = 1.637 arcmin^-2
Fitting aperture to hotspot...
Candidate: x_peak:        0.575, y_peak:        0.585, r_peak:        0.030, sig:        6.353, ra_peak:      174.956, dec_peak:       -2.995
Characteristic density local = 5966.3 deg^-2 = 1.657 arcmin^-2
Fitting aperture to hotspot...
Candidate: x_peak:        0.935, y_peak:        0.255, r_peak:        0.020, sig:        4.706, ra_peak:      175.317, dec_peak:       -3.325
Characteristic density local = 5958.4 deg^-2 = 1.655 arcmin^-2
Fitting aperture to hotspot...
Candidate: x_peak:        1.325, y_peak:        0.025, r_peak:        0.020, sig:       11.100, ra_peak:      175.708, dec_peak:       -3.554
Distance = 39.8 kpc (m-M = 18.0)
776777 objects left after isochrone cut...
Characteristic density = 5300.0 deg^-2
Characteristic density local = 4943.8 deg^-2 = 1.373 arcmin^-2
Fitting aperture to hotspot...
Candidate: x_peak:       -1.345, y_peak:        0.045, r_peak:        0.020, sig:       10.756, ra_peak:      173.032, dec_peak:       -3.534
Characteristic density local = 5534.6 deg^-2 = 1.537 arcmin^-2
Fitting aperture to hotspot...
Candidate: x_peak:        0.015, y_peak:       -0.935, r_peak:        0.020, sig:        7.703, ra_peak:      174.395, dec_peak:       -4.515
Characteristic density local = 5194.4 deg^-2 = 1.443 arcmin^-2
Fitting aperture to hotspot...
Candidate: x_peak:       -0.025, y_peak:        0.685, r_peak:        0.020, sig:        7.285, ra_peak:      174.355, dec_peak:       -2.895
Characteristic density local = 5763.4 deg^-2 = 1.601 arcmin^-2
Fitting aperture to hotspot...
Candidate: x_peak:        0.265, y_peak:       -0.275, r_peak:        0.040, sig:        3.796, ra_peak:      174.646, dec_peak:       -3.855
Characteristic density local = 5761.4 deg^-2 = 1.600 arcmin^-2
Fitting aperture to hotspot...
Candidate: x_peak:        0.455, y_peak:       -0.555, r_peak:        0.020, sig:        5.311, ra_peak:      174.836, dec_peak:       -4.135
Characteristic density local = 5894.7 deg^-2 = 1.637 arcmin^-2
Fitting aperture to hotspot...
Candidate: x_peak:        0.575, y_peak:        0.585, r_peak:        0.030, sig:        6.353, ra_peak:      174.956, dec_peak:       -2.995
Characteristic density local = 5964.3 deg^-2 = 1.657 arcmin^-2
Fitting aperture to hotspot...
Candidate: x_peak:        0.935, y_peak:        0.255, r_peak:        0.020, sig:        4.707, ra_peak:      175.317, dec_peak:       -3.325
Characteristic density local = 5958.4 deg^-2 = 1.655 arcmin^-2
Fitting aperture to hotspot...
Candidate: x_peak:        1.325, y_peak:        0.025, r_peak:        0.020, sig:       11.100, ra_peak:      175.708, dec_peak:       -3.554
Distance = 50.1 kpc (m-M = 18.5)
776170 objects left after isochrone cut...
Characteristic density = 5300.0 deg^-2
Characteristic density local = 4943.8 deg^-2 = 1.373 arcmin^-2
Fitting aperture to hotspot...
Candidate: x_peak:       -1.345, y_peak:        0.045, r_peak:        0.020, sig:       10.756, ra_peak:      173.032, dec_peak:       -3.534
Characteristic density local = 5532.6 deg^-2 = 1.537 arcmin^-2
Fitting aperture to hotspot...
Candidate: x_peak:        0.015, y_peak:       -0.935, r_peak:        0.020, sig:        7.705, ra_peak:      174.395, dec_peak:       -4.515
Characteristic density local = 5178.5 deg^-2 = 1.438 arcmin^-2
Fitting aperture to hotspot...
Candidate: x_peak:       -0.025, y_peak:        0.685, r_peak:        0.020, sig:        7.296, ra_peak:      174.355, dec_peak:       -2.895
Characteristic density local = 5747.5 deg^-2 = 1.597 arcmin^-2
Fitting aperture to hotspot...
Candidate: x_peak:        0.265, y_peak:       -0.275, r_peak:        0.040, sig:        3.813, ra_peak:      174.646, dec_peak:       -3.855
Characteristic density local = 5747.5 deg^-2 = 1.597 arcmin^-2
Fitting aperture to hotspot...
Candidate: x_peak:        0.455, y_peak:       -0.555, r_peak:        0.020, sig:        5.319, ra_peak:      174.836, dec_peak:       -4.135
Characteristic density local = 5856.9 deg^-2 = 1.627 arcmin^-2
Fitting aperture to hotspot...
Candidate: x_peak:        0.575, y_peak:        0.585, r_peak:        0.030, sig:        6.216, ra_peak:      174.956, dec_peak:       -2.995
Characteristic density local = 5922.6 deg^-2 = 1.645 arcmin^-2
Fitting aperture to hotspot...
Candidate: x_peak:        0.935, y_peak:        0.255, r_peak:        0.020, sig:        4.732, ra_peak:      175.317, dec_peak:       -3.325
Characteristic density local = 5926.5 deg^-2 = 1.646 arcmin^-2
Fitting aperture to hotspot...
Candidate: x_peak:        1.325, y_peak:        0.025, r_peak:        0.020, sig:       11.123, ra_peak:      175.708, dec_peak:       -3.554
Distance = 63.1 kpc (m-M = 19.0)
775065 objects left after isochrone cut...
Characteristic density = 5200.0 deg^-2
Characteristic density local = 4943.8 deg^-2 = 1.373 arcmin^-2
Fitting aperture to hotspot...
Candidate: x_peak:       -1.345, y_peak:        0.045, r_peak:        0.020, sig:       10.756, ra_peak:      173.032, dec_peak:       -3.534
Characteristic density local = 5502.8 deg^-2 = 1.529 arcmin^-2
Fitting aperture to hotspot...
Candidate: x_peak:        0.015, y_peak:       -0.935, r_peak:        0.020, sig:        7.725, ra_peak:      174.395, dec_peak:       -4.515
Characteristic density local = 5136.7 deg^-2 = 1.427 arcmin^-2
Fitting aperture to hotspot...
Candidate: x_peak:       -0.025, y_peak:        0.685, r_peak:        0.020, sig:        7.326, ra_peak:      174.355, dec_peak:       -2.895
Characteristic density local = 5707.7 deg^-2 = 1.585 arcmin^-2
Fitting aperture to hotspot...
Candidate: x_peak:        0.265, y_peak:       -0.275, r_peak:        0.040, sig:        3.854, ra_peak:      174.646, dec_peak:       -3.855
Characteristic density local = 5727.6 deg^-2 = 1.591 arcmin^-2
Fitting aperture to hotspot...
Candidate: x_peak:        0.455, y_peak:       -0.565, r_peak:        0.020, sig:        5.331, ra_peak:      174.836, dec_peak:       -4.145
Characteristic density local = 5825.1 deg^-2 = 1.618 arcmin^-2
Fitting aperture to hotspot...
Candidate: x_peak:        0.585, y_peak:        0.585, r_peak:        0.020, sig:        5.509, ra_peak:      174.966, dec_peak:       -2.995
Characteristic density local = 5874.8 deg^-2 = 1.632 arcmin^-2
Fitting aperture to hotspot...
Candidate: x_peak:        0.935, y_peak:        0.255, r_peak:        0.020, sig:        4.759, ra_peak:      175.317, dec_peak:       -3.325
Characteristic density local = 5852.9 deg^-2 = 1.626 arcmin^-2
Fitting aperture to hotspot...
Candidate: x_peak:        1.325, y_peak:        0.025, r_peak:        0.020, sig:       11.176, ra_peak:      175.708, dec_peak:       -3.554
Distance = 79.4 kpc (m-M = 19.5)
773397 objects left after isochrone cut...
Characteristic density = 5100.0 deg^-2
Characteristic density local = 4917.9 deg^-2 = 1.366 arcmin^-2
Fitting aperture to hotspot...
Candidate: x_peak:       -1.345, y_peak:        0.045, r_peak:        0.020, sig:       10.776, ra_peak:      173.032, dec_peak:       -3.534
Characteristic density local = 5435.1 deg^-2 = 1.510 arcmin^-2
Fitting aperture to hotspot...
Candidate: x_peak:        0.015, y_peak:       -0.935, r_peak:        0.020, sig:        7.771, ra_peak:      174.395, dec_peak:       -4.515
Characteristic density local = 5079.0 deg^-2 = 1.411 arcmin^-2
Fitting aperture to hotspot...
Candidate: x_peak:       -0.025, y_peak:        0.685, r_peak:        0.020, sig:        7.366, ra_peak:      174.355, dec_peak:       -2.895
Characteristic density local = 5624.1 deg^-2 = 1.562 arcmin^-2
Fitting aperture to hotspot...
Candidate: x_peak:        0.265, y_peak:       -0.275, r_peak:        0.040, sig:        3.942, ra_peak:      174.646, dec_peak:       -3.855
Characteristic density local = 5630.1 deg^-2 = 1.564 arcmin^-2
Fitting aperture to hotspot...
Candidate: x_peak:        0.455, y_peak:       -0.565, r_peak:        0.020, sig:        5.391, ra_peak:      174.836, dec_peak:       -4.145
Characteristic density local = 5693.8 deg^-2 = 1.582 arcmin^-2
Fitting aperture to hotspot...
Candidate: x_peak:        0.575, y_peak:        0.585, r_peak:        0.030, sig:        6.186, ra_peak:      174.956, dec_peak:       -2.995
Characteristic density local = 5781.3 deg^-2 = 1.606 arcmin^-2
Fitting aperture to hotspot...
Candidate: x_peak:        0.935, y_peak:        0.255, r_peak:        0.020, sig:        4.814, ra_peak:      175.317, dec_peak:       -3.325
Characteristic density local = 5797.2 deg^-2 = 1.610 arcmin^-2
Fitting aperture to hotspot...
Candidate: x_peak:        1.325, y_peak:        0.025, r_peak:        0.020, sig:       11.217, ra_peak:      175.708, dec_peak:       -3.554
Distance = 100.0 kpc (m-M = 20.0)
771305 objects left after isochrone cut...
Characteristic density = 5100.0 deg^-2
Characteristic density local = 4862.2 deg^-2 = 1.351 arcmin^-2
Fitting aperture to hotspot...
Candidate: x_peak:       -1.345, y_peak:        0.045, r_peak:        0.020, sig:       10.821, ra_peak:      173.032, dec_peak:       -3.534
Characteristic density local = 5365.5 deg^-2 = 1.490 arcmin^-2
Fitting aperture to hotspot...
Candidate: x_peak:        0.015, y_peak:       -0.935, r_peak:        0.020, sig:        7.819, ra_peak:      174.395, dec_peak:       -4.515
Characteristic density local = 5005.4 deg^-2 = 1.390 arcmin^-2
Fitting aperture to hotspot...
Candidate: x_peak:       -0.025, y_peak:        0.685, r_peak:        0.020, sig:        7.418, ra_peak:      174.355, dec_peak:       -2.895
Characteristic density local = 5552.5 deg^-2 = 1.542 arcmin^-2
Fitting aperture to hotspot...
Candidate: x_peak:        0.455, y_peak:       -0.565, r_peak:        0.020, sig:        5.439, ra_peak:      174.836, dec_peak:       -4.145
Characteristic density local = 5624.1 deg^-2 = 1.562 arcmin^-2
Fitting aperture to hotspot...
Candidate: x_peak:        0.585, y_peak:        0.585, r_peak:        0.020, sig:        5.395, ra_peak:      174.966, dec_peak:       -2.995
Characteristic density local = 5691.8 deg^-2 = 1.581 arcmin^-2
Fitting aperture to hotspot...
Candidate: x_peak:        0.935, y_peak:        0.255, r_peak:        0.020, sig:        4.868, ra_peak:      175.317, dec_peak:       -3.325
Characteristic density local = 5681.8 deg^-2 = 1.578 arcmin^-2
Fitting aperture to hotspot...
Candidate: x_peak:        1.325, y_peak:        0.025, r_peak:        0.020, sig:       11.121, ra_peak:      175.708, dec_peak:       -3.554
Distance = 125.9 kpc (m-M = 20.5)
768631 objects left after isochrone cut...
Characteristic density = 5000.0 deg^-2
Characteristic density local = 4798.5 deg^-2 = 1.333 arcmin^-2
Fitting aperture to hotspot...
Candidate: x_peak:       -1.345, y_peak:        0.045, r_peak:        0.020, sig:       10.873, ra_peak:      173.032, dec_peak:       -3.534
Characteristic density local = 5268.0 deg^-2 = 1.463 arcmin^-2
Fitting aperture to hotspot...
Candidate: x_peak:        0.015, y_peak:       -0.935, r_peak:        0.020, sig:        7.887, ra_peak:      174.395, dec_peak:       -4.515
Characteristic density local = 4913.9 deg^-2 = 1.365 arcmin^-2
Fitting aperture to hotspot...
Candidate: x_peak:       -0.025, y_peak:        0.685, r_peak:        0.020, sig:        7.260, ra_peak:      174.355, dec_peak:       -2.895
Characteristic density local = 5439.1 deg^-2 = 1.511 arcmin^-2
Fitting aperture to hotspot...
Candidate: x_peak:        0.455, y_peak:       -0.565, r_peak:        0.020, sig:        5.510, ra_peak:      174.836, dec_peak:       -4.145
Characteristic density local = 5423.2 deg^-2 = 1.506 arcmin^-2
Fitting aperture to hotspot...
Candidate: x_peak:        0.495, y_peak:        0.055, r_peak:        0.040, sig:        3.532, ra_peak:      174.876, dec_peak:       -3.525
Characteristic density local = 5518.7 deg^-2 = 1.533 arcmin^-2
Fitting aperture to hotspot...
Candidate: x_peak:        0.585, y_peak:        0.585, r_peak:        0.020, sig:        5.460, ra_peak:      174.966, dec_peak:       -2.995
Characteristic density local = 5453.0 deg^-2 = 1.515 arcmin^-2
Fitting aperture to hotspot...
Candidate: x_peak:        0.685, y_peak:        0.255, r_peak:        0.020, sig:        5.013, ra_peak:      175.066, dec_peak:       -3.325
Characteristic density local = 5562.5 deg^-2 = 1.545 arcmin^-2
Fitting aperture to hotspot...
Candidate: x_peak:        0.935, y_peak:        0.255, r_peak:        0.020, sig:        4.946, ra_peak:      175.317, dec_peak:       -3.325
Characteristic density local = 5558.5 deg^-2 = 1.544 arcmin^-2
Fitting aperture to hotspot...
Candidate: x_peak:        1.325, y_peak:        0.025, r_peak:        0.020, sig:       11.213, ra_peak:      175.708, dec_peak:       -3.554
Distance = 158.5 kpc (m-M = 21.0)
765438 objects left after isochrone cut...
Characteristic density = 4900.0 deg^-2
Characteristic density local = 4713.0 deg^-2 = 1.309 arcmin^-2
Fitting aperture to hotspot...
Candidate: x_peak:       -1.345, y_peak:        0.045, r_peak:        0.020, sig:       10.944, ra_peak:      173.032, dec_peak:       -3.534
Characteristic density local = 5134.7 deg^-2 = 1.426 arcmin^-2
Fitting aperture to hotspot...
Candidate: x_peak:        0.015, y_peak:       -0.935, r_peak:        0.020, sig:        7.981, ra_peak:      174.395, dec_peak:       -4.515
Characteristic density local = 4810.5 deg^-2 = 1.336 arcmin^-2
Fitting aperture to hotspot...
Candidate: x_peak:       -0.025, y_peak:        0.685, r_peak:        0.020, sig:        7.334, ra_peak:      174.355, dec_peak:       -2.895
Characteristic density local = 5270.0 deg^-2 = 1.464 arcmin^-2
Fitting aperture to hotspot...
Candidate: x_peak:        0.455, y_peak:       -0.565, r_peak:        0.020, sig:        5.618, ra_peak:      174.836, dec_peak:       -4.145
Characteristic density local = 5283.9 deg^-2 = 1.468 arcmin^-2
Fitting aperture to hotspot...
Candidate: x_peak:        0.495, y_peak:        0.055, r_peak:        0.020, sig:        3.267, ra_peak:      174.876, dec_peak:       -3.525
Characteristic density local = 5361.5 deg^-2 = 1.489 arcmin^-2
Fitting aperture to hotspot...
Candidate: x_peak:        0.575, y_peak:        0.585, r_peak:        0.030, sig:        6.307, ra_peak:      174.956, dec_peak:       -2.995
Characteristic density local = 5289.9 deg^-2 = 1.469 arcmin^-2
Fitting aperture to hotspot...
Candidate: x_peak:        0.685, y_peak:        0.255, r_peak:        0.020, sig:        5.115, ra_peak:      175.066, dec_peak:       -3.325
Characteristic density local = 5443.1 deg^-2 = 1.512 arcmin^-2
Fitting aperture to hotspot...
Candidate: x_peak:        0.935, y_peak:        0.255, r_peak:        0.020, sig:        5.019, ra_peak:      175.317, dec_peak:       -3.325
Characteristic density local = 5399.3 deg^-2 = 1.500 arcmin^-2
Fitting aperture to hotspot...
Candidate: x_peak:        1.325, y_peak:        0.025, r_peak:        0.020, sig:       11.150, ra_peak:      175.708, dec_peak:       -3.554
Distance = 199.5 kpc (m-M = 21.5)
761211 objects left after isochrone cut...
Characteristic density = 4700.0 deg^-2
Characteristic density local = 4625.4 deg^-2 = 1.285 arcmin^-2
Fitting aperture to hotspot...
Candidate: x_peak:       -1.345, y_peak:        0.045, r_peak:        0.020, sig:       11.017, ra_peak:      173.032, dec_peak:       -3.534
Characteristic density local = 4937.8 deg^-2 = 1.372 arcmin^-2
Fitting aperture to hotspot...
Candidate: x_peak:        0.005, y_peak:       -0.935, r_peak:        0.020, sig:        8.124, ra_peak:      174.385, dec_peak:       -4.515
Characteristic density local = 4675.2 deg^-2 = 1.299 arcmin^-2
Fitting aperture to hotspot...
Candidate: x_peak:       -0.025, y_peak:        0.685, r_peak:        0.020, sig:        7.434, ra_peak:      174.355, dec_peak:       -2.895
Characteristic density local = 5102.9 deg^-2 = 1.417 arcmin^-2
Fitting aperture to hotspot...
Candidate: x_peak:        0.455, y_peak:       -0.565, r_peak:        0.020, sig:        5.727, ra_peak:      174.836, dec_peak:       -4.145
Characteristic density local = 5089.0 deg^-2 = 1.414 arcmin^-2
Fitting aperture to hotspot...
Candidate: x_peak:        0.495, y_peak:        0.055, r_peak:        0.020, sig:        3.382, ra_peak:      174.876, dec_peak:       -3.525
Characteristic density local = 5196.4 deg^-2 = 1.443 arcmin^-2
Fitting aperture to hotspot...
Candidate: x_peak:        0.575, y_peak:        0.585, r_peak:        0.030, sig:        6.458, ra_peak:      174.956, dec_peak:       -2.995
Characteristic density local = 5130.8 deg^-2 = 1.425 arcmin^-2
Fitting aperture to hotspot...
Candidate: x_peak:        0.685, y_peak:        0.255, r_peak:        0.020, sig:        5.216, ra_peak:      175.066, dec_peak:       -3.325
Characteristic density local = 5280.0 deg^-2 = 1.467 arcmin^-2
Fitting aperture to hotspot...
Candidate: x_peak:        0.935, y_peak:        0.255, r_peak:        0.020, sig:        5.121, ra_peak:      175.317, dec_peak:       -3.325
Characteristic density local = 5228.2 deg^-2 = 1.452 arcmin^-2
Fitting aperture to hotspot...
Candidate: x_peak:        1.325, y_peak:        0.025, r_peak:        0.020, sig:       11.283, ra_peak:      175.708, dec_peak:       -3.554
Distance = 251.2 kpc (m-M = 22.0)
755657 objects left after isochrone cut...
Characteristic density = 4500.0 deg^-2
Characteristic density local = 4500.1 deg^-2 = 1.250 arcmin^-2
Fitting aperture to hotspot...
Candidate: x_peak:       -1.345, y_peak:        0.045, r_peak:        0.020, sig:       11.124, ra_peak:      173.032, dec_peak:       -3.534
Characteristic density local = 4713.0 deg^-2 = 1.309 arcmin^-2
Fitting aperture to hotspot...
Candidate: x_peak:        0.005, y_peak:       -0.935, r_peak:        0.020, sig:        8.075, ra_peak:      174.385, dec_peak:       -4.515
Characteristic density local = 4460.3 deg^-2 = 1.239 arcmin^-2
Fitting aperture to hotspot...
Candidate: x_peak:       -0.025, y_peak:        0.685, r_peak:        0.020, sig:        7.597, ra_peak:      174.355, dec_peak:       -2.895
Characteristic density local = 4884.1 deg^-2 = 1.357 arcmin^-2
Fitting aperture to hotspot...
Candidate: x_peak:        0.455, y_peak:       -0.565, r_peak:        0.020, sig:        5.874, ra_peak:      174.836, dec_peak:       -4.145
Characteristic density local = 4997.5 deg^-2 = 1.388 arcmin^-2
Fitting aperture to hotspot...
Candidate: x_peak:        0.585, y_peak:        0.585, r_peak:        0.040, sig:        5.698, ra_peak:      174.966, dec_peak:       -2.995
Characteristic density local = 4909.9 deg^-2 = 1.364 arcmin^-2
Fitting aperture to hotspot...
Candidate: x_peak:        0.685, y_peak:        0.255, r_peak:        0.020, sig:        5.108, ra_peak:      175.066, dec_peak:       -3.325
Characteristic density local = 5063.1 deg^-2 = 1.406 arcmin^-2
Fitting aperture to hotspot...
Candidate: x_peak:        0.935, y_peak:        0.255, r_peak:        0.020, sig:        5.008, ra_peak:      175.317, dec_peak:       -3.325
Characteristic density local = 5009.4 deg^-2 = 1.392 arcmin^-2
Fitting aperture to hotspot...
Candidate: x_peak:        1.325, y_peak:        0.025, r_peak:        0.020, sig:       11.271, ra_peak:      175.708, dec_peak:       -3.554
Distance = 316.2 kpc (m-M = 22.5)
748098 objects left after isochrone cut...
Characteristic density = 4300.0 deg^-2
Characteristic density local = 4301.2 deg^-2 = 1.195 arcmin^-2
Fitting aperture to hotspot...
Candidate: x_peak:       -1.345, y_peak:        0.045, r_peak:        0.020, sig:       11.298, ra_peak:      173.032, dec_peak:       -3.534
Characteristic density local = 4410.6 deg^-2 = 1.225 arcmin^-2
Fitting aperture to hotspot...
Candidate: x_peak:        0.005, y_peak:       -0.925, r_peak:        0.020, sig:        9.175, ra_peak:      174.385, dec_peak:       -4.505
Characteristic density local = 4159.9 deg^-2 = 1.156 arcmin^-2
Fitting aperture to hotspot...
Candidate: x_peak:       -0.025, y_peak:        0.685, r_peak:        0.020, sig:        7.835, ra_peak:      174.355, dec_peak:       -2.895
Characteristic density local = 4553.8 deg^-2 = 1.265 arcmin^-2
Fitting aperture to hotspot...
Candidate: x_peak:        0.455, y_peak:       -0.565, r_peak:        0.020, sig:        5.606, ra_peak:      174.836, dec_peak:       -4.145
Characteristic density local = 4607.5 deg^-2 = 1.280 arcmin^-2
Fitting aperture to hotspot...
Candidate: x_peak:        0.495, y_peak:        0.055, r_peak:        0.040, sig:        3.794, ra_peak:      174.876, dec_peak:       -3.525
Characteristic density local = 4798.5 deg^-2 = 1.333 arcmin^-2
Fitting aperture to hotspot...
Candidate: x_peak:        0.645, y_peak:        0.585, r_peak:        0.020, sig:        5.687, ra_peak:      175.026, dec_peak:       -2.995
Characteristic density local = 4647.3 deg^-2 = 1.291 arcmin^-2
Fitting aperture to hotspot...
Candidate: x_peak:        0.685, y_peak:        0.255, r_peak:        0.020, sig:        5.285, ra_peak:      175.066, dec_peak:       -3.325
Characteristic density local = 4838.3 deg^-2 = 1.344 arcmin^-2
Fitting aperture to hotspot...
Candidate: x_peak:        0.935, y_peak:        0.255, r_peak:        0.020, sig:        5.156, ra_peak:      175.317, dec_peak:       -3.325
Characteristic density local = 4734.9 deg^-2 = 1.315 arcmin^-2
Fitting aperture to hotspot...
Candidate: x_peak:        1.325, y_peak:        0.025, r_peak:        0.020, sig:       11.497, ra_peak:      175.708, dec_peak:       -3.554
Distance = 398.1 kpc (m-M = 23.0)
738461 objects left after isochrone cut...
Characteristic density = 3900.0 deg^-2
Characteristic density local = 3917.2 deg^-2 = 1.088 arcmin^-2
Fitting aperture to hotspot...
Candidate: x_peak:       -1.345, y_peak:        0.045, r_peak:        0.020, sig:       11.456, ra_peak:      173.032, dec_peak:       -3.534
Characteristic density local = 4094.3 deg^-2 = 1.137 arcmin^-2
Fitting aperture to hotspot...
Candidate: x_peak:        0.005, y_peak:       -0.925, r_peak:        0.020, sig:        9.010, ra_peak:      174.385, dec_peak:       -4.505
Characteristic density local = 3813.8 deg^-2 = 1.059 arcmin^-2
Fitting aperture to hotspot...
Candidate: x_peak:       -0.025, y_peak:        0.685, r_peak:        0.020, sig:        7.655, ra_peak:      174.355, dec_peak:       -2.895
Characteristic density local = 4181.8 deg^-2 = 1.162 arcmin^-2
Fitting aperture to hotspot...
Candidate: x_peak:        0.455, y_peak:       -0.555, r_peak:        0.020, sig:        6.132, ra_peak:      174.836, dec_peak:       -4.135
Characteristic density local = 4261.4 deg^-2 = 1.184 arcmin^-2
Fitting aperture to hotspot...
Candidate: x_peak:        0.495, y_peak:        0.055, r_peak:        0.040, sig:        3.698, ra_peak:      174.876, dec_peak:       -3.525
Characteristic density local = 4424.5 deg^-2 = 1.229 arcmin^-2
Fitting aperture to hotspot...
Candidate: x_peak:        0.585, y_peak:        0.585, r_peak:        0.040, sig:        6.252, ra_peak:      174.966, dec_peak:       -2.995
Characteristic density local = 4329.0 deg^-2 = 1.203 arcmin^-2
Fitting aperture to hotspot...
Candidate: x_peak:        0.685, y_peak:        0.255, r_peak:        0.020, sig:        5.510, ra_peak:      175.066, dec_peak:       -3.325
Characteristic density local = 4512.0 deg^-2 = 1.253 arcmin^-2
Fitting aperture to hotspot...
Candidate: x_peak:        0.935, y_peak:        0.255, r_peak:        0.020, sig:        5.119, ra_peak:      175.317, dec_peak:       -3.325
Characteristic density local = 4352.9 deg^-2 = 1.209 arcmin^-2
Fitting aperture to hotspot...
Candidate: x_peak:        1.325, y_peak:        0.025, r_peak:        0.020, sig:       11.829, ra_peak:      175.708, dec_peak:       -3.554
11.83 sigma; (RA, Dec, d) = (175.71, -3.55); r = 0.02 deg; d = 398.1, mu = 23.00 mag), mc_source_id: 0.00
11.46 sigma; (RA, Dec, d) = (173.03, -3.53); r = 0.02 deg; d = 398.1, mu = 23.00 mag), mc_source_id: 0.00
9.18 sigma; (RA, Dec, d) = (174.39, -4.51); r = 0.02 deg; d = 316.2, mu = 22.50 mag), mc_source_id: 0.00
7.84 sigma; (RA, Dec, d) = (174.35, -2.89); r = 0.02 deg; d = 316.2, mu = 22.50 mag), mc_source_id: 0.00
6.46 sigma; (RA, Dec, d) = (174.96, -2.99); r = 0.03 deg; d = 199.5, mu = 21.50 mag), mc_source_id: 0.00
6.13 sigma; (RA, Dec, d) = (174.84, -4.13); r = 0.02 deg; d = 398.1, mu = 23.00 mag), mc_source_id: 0.00
5.69 sigma; (RA, Dec, d) = (175.03, -2.99); r = 0.02 deg; d = 316.2, mu = 22.50 mag), mc_source_id: 0.00
5.51 sigma; (RA, Dec, d) = (175.07, -3.32); r = 0.02 deg; d = 398.1, mu = 23.00 mag), mc_source_id: 0.00
5.16 sigma; (RA, Dec, d) = (175.32, -3.32); r = 0.02 deg; d = 316.2, mu = 22.50 mag), mc_source_id: 0.00
3.94 sigma; (RA, Dec, d) = (174.65, -3.85); r = 0.04 deg; d = 79.4, mu = 19.50 mag), mc_source_id: 0.00
3.79 sigma; (RA, Dec, d) = (174.88, -3.52); r = 0.04 deg; d = 316.2, mu = 22.50 mag), mc_source_id: 0.00

------------------------------------------------------------
Job <681229.0> was submitted from <des51.fnal.gov> by user <tavangar>.
Job was executed on host <des40.fnal.gov> as user <tavangar>.
</var/lib/condor/execute/dir_2072583> was used as the initial working directory.
Results reported at Wed Jun  5 13:26:02 CDT 2019

Your job looked like:

------------------------------------------------------------
python /home/s1/tavangar/tavangar_simple/search_algorithm.py 174.38 -3.58 0.00 /home/s1/tavangar/tavangar_simple/decals_dr7_results/results_nside_32_6526.csv /home/s1/tavangar/tavangar_simple/decals_dr7_results/decals_dr7_log/results_nside_32_6526.log
------------------------------------------------------------

Successfully completed.

Resource usage summary:

	Real time :			226.01 sec.
	CPU time :			7.47 sec.
	CPU percentage :		94%
	Max Memory :			6535664 KB
	Average Memory :		0 KB

The output (if any) is above this job summary.
