/home/s1/tavangar/tavangar_simple/simple_utils.py:170: FutureWarning: elementwise comparison failed; returning scalar instead, but in the future will perform elementwise comparison
  if np.all(isochrone.stage == 'Main'):
Search coordinates: (RA, Dec) = (115.31, 28.63)
Center healpixel: 3177
Healpixels: [3177 3304 3176 3048 2921 3049 3178 3305 3433]
MC_SOURCE_ID = 0.0
mode = 0: running only on real data
Found 1 objects...
Applying cuts...
664093 star-like objects in ROI...
570038 galaxy-like objects in ROI...
No fracdet map specified ...
Distance = 15.8 kpc (m-M = 16.0)
664079 objects left after isochrone cut...
Characteristic density = 10900.0 deg^-2
Characteristic density local = 12137.6 deg^-2 = 3.372 arcmin^-2
Fitting aperture to hotspot...
Candidate: x_peak:       -0.725, y_peak:       -0.095, r_peak:        0.070, sig:       20.399, ra_peak:      114.485, dec_peak:       28.532
Characteristic density local = 11843.1 deg^-2 = 3.290 arcmin^-2
Fitting aperture to hotspot...
Candidate: x_peak:       -0.725, y_peak:       -0.285, r_peak:        0.030, sig:       13.872, ra_peak:      114.486, dec_peak:       28.343
Characteristic density local = 10991.6 deg^-2 = 3.053 arcmin^-2
Fitting aperture to hotspot...
Candidate: x_peak:        0.475, y_peak:        0.245, r_peak:        0.050, sig:       12.220, ra_peak:      115.852, dec_peak:       28.874
Characteristic density local = 10583.8 deg^-2 = 2.940 arcmin^-2
Fitting aperture to hotspot...
Candidate: x_peak:        0.755, y_peak:       -0.525, r_peak:        0.190, sig:       37.500, ra_peak:      116.166, dec_peak:       28.102
Characteristic density local = 10691.2 deg^-2 = 2.970 arcmin^-2
Fitting aperture to hotspot...
Candidate: x_peak:        0.765, y_peak:       -0.515, r_peak:        0.190, sig:       37.500, ra_peak:      116.177, dec_peak:       28.112
Distance = 20.0 kpc (m-M = 16.5)
664084 objects left after isochrone cut...
Characteristic density = 10900.0 deg^-2
Characteristic density local = 12137.6 deg^-2 = 3.372 arcmin^-2
Fitting aperture to hotspot...
Candidate: x_peak:       -0.725, y_peak:       -0.095, r_peak:        0.070, sig:       20.399, ra_peak:      114.485, dec_peak:       28.532
Characteristic density local = 11843.1 deg^-2 = 3.290 arcmin^-2
Fitting aperture to hotspot...
Candidate: x_peak:       -0.725, y_peak:       -0.285, r_peak:        0.030, sig:       13.872, ra_peak:      114.486, dec_peak:       28.343
Characteristic density local = 10991.6 deg^-2 = 3.053 arcmin^-2
Fitting aperture to hotspot...
Candidate: x_peak:        0.475, y_peak:        0.245, r_peak:        0.050, sig:       12.220, ra_peak:      115.852, dec_peak:       28.874
Characteristic density local = 10583.8 deg^-2 = 2.940 arcmin^-2
Fitting aperture to hotspot...
Candidate: x_peak:        0.755, y_peak:       -0.525, r_peak:        0.190, sig:       37.500, ra_peak:      116.166, dec_peak:       28.102
Characteristic density local = 10691.2 deg^-2 = 2.970 arcmin^-2
Fitting aperture to hotspot...
Candidate: x_peak:        0.765, y_peak:       -0.515, r_peak:        0.190, sig:       37.500, ra_peak:      116.177, dec_peak:       28.112
Distance = 25.1 kpc (m-M = 17.0)
664083 objects left after isochrone cut...
Characteristic density = 10900.0 deg^-2
Characteristic density local = 12137.6 deg^-2 = 3.372 arcmin^-2
Fitting aperture to hotspot...
Candidate: x_peak:       -0.725, y_peak:       -0.095, r_peak:        0.070, sig:       20.399, ra_peak:      114.485, dec_peak:       28.532
Characteristic density local = 11843.1 deg^-2 = 3.290 arcmin^-2
Fitting aperture to hotspot...
Candidate: x_peak:       -0.725, y_peak:       -0.285, r_peak:        0.030, sig:       13.872, ra_peak:      114.486, dec_peak:       28.343
Characteristic density local = 10991.6 deg^-2 = 3.053 arcmin^-2
Fitting aperture to hotspot...
Candidate: x_peak:        0.475, y_peak:        0.245, r_peak:        0.050, sig:       12.220, ra_peak:      115.852, dec_peak:       28.874
Characteristic density local = 10583.8 deg^-2 = 2.940 arcmin^-2
Fitting aperture to hotspot...
Candidate: x_peak:        0.755, y_peak:       -0.525, r_peak:        0.190, sig:       37.500, ra_peak:      116.166, dec_peak:       28.102
Characteristic density local = 10691.2 deg^-2 = 2.970 arcmin^-2
Fitting aperture to hotspot...
Candidate: x_peak:        0.765, y_peak:       -0.515, r_peak:        0.190, sig:       37.500, ra_peak:      116.177, dec_peak:       28.112
Distance = 31.6 kpc (m-M = 17.5)
664060 objects left after isochrone cut...
Characteristic density = 10900.0 deg^-2
Characteristic density local = 12137.6 deg^-2 = 3.372 arcmin^-2
Fitting aperture to hotspot...
Candidate: x_peak:       -0.725, y_peak:       -0.095, r_peak:        0.070, sig:       20.399, ra_peak:      114.485, dec_peak:       28.532
Characteristic density local = 11843.1 deg^-2 = 3.290 arcmin^-2
Fitting aperture to hotspot...
Candidate: x_peak:       -0.725, y_peak:       -0.285, r_peak:        0.030, sig:       13.872, ra_peak:      114.486, dec_peak:       28.343
Characteristic density local = 10987.7 deg^-2 = 3.052 arcmin^-2
Fitting aperture to hotspot...
Candidate: x_peak:        0.475, y_peak:        0.245, r_peak:        0.050, sig:       12.224, ra_peak:      115.852, dec_peak:       28.874
Characteristic density local = 10583.8 deg^-2 = 2.940 arcmin^-2
Fitting aperture to hotspot...
Candidate: x_peak:        0.755, y_peak:       -0.525, r_peak:        0.190, sig:       37.500, ra_peak:      116.166, dec_peak:       28.102
Characteristic density local = 10691.2 deg^-2 = 2.970 arcmin^-2
Fitting aperture to hotspot...
Candidate: x_peak:        0.765, y_peak:       -0.515, r_peak:        0.190, sig:       37.500, ra_peak:      116.177, dec_peak:       28.112
Distance = 39.8 kpc (m-M = 18.0)
663538 objects left after isochrone cut...
Characteristic density = 10850.0 deg^-2
Characteristic density local = 12091.8 deg^-2 = 3.359 arcmin^-2
Fitting aperture to hotspot...
Candidate: x_peak:       -0.725, y_peak:       -0.095, r_peak:        0.070, sig:       20.412, ra_peak:      114.485, dec_peak:       28.532
Characteristic density local = 11795.4 deg^-2 = 3.276 arcmin^-2
Fitting aperture to hotspot...
Candidate: x_peak:       -0.725, y_peak:       -0.285, r_peak:        0.030, sig:       13.799, ra_peak:      114.486, dec_peak:       28.343
Characteristic density local = 10957.8 deg^-2 = 3.044 arcmin^-2
Fitting aperture to hotspot...
Candidate: x_peak:        0.475, y_peak:        0.245, r_peak:        0.050, sig:       12.255, ra_peak:      115.852, dec_peak:       28.874
Characteristic density local = 10565.9 deg^-2 = 2.935 arcmin^-2
Fitting aperture to hotspot...
Candidate: x_peak:        0.755, y_peak:       -0.525, r_peak:        0.190, sig:       37.500, ra_peak:      116.166, dec_peak:       28.102
Characteristic density local = 10673.3 deg^-2 = 2.965 arcmin^-2
Fitting aperture to hotspot...
Candidate: x_peak:        0.765, y_peak:       -0.515, r_peak:        0.190, sig:       37.500, ra_peak:      116.177, dec_peak:       28.112
Distance = 50.1 kpc (m-M = 18.5)
661442 objects left after isochrone cut...
Characteristic density = 10800.0 deg^-2
Characteristic density local = 12380.3 deg^-2 = 3.439 arcmin^-2
Fitting aperture to hotspot...
Candidate: x_peak:       -1.225, y_peak:        0.005, r_peak:        0.070, sig:        4.216, ra_peak:      113.914, dec_peak:       28.628
Characteristic density local = 11962.5 deg^-2 = 3.323 arcmin^-2
Fitting aperture to hotspot...
Candidate: x_peak:       -0.725, y_peak:       -0.095, r_peak:        0.070, sig:       20.386, ra_peak:      114.485, dec_peak:       28.532
Characteristic density local = 11648.2 deg^-2 = 3.236 arcmin^-2
Fitting aperture to hotspot...
Candidate: x_peak:       -0.725, y_peak:       -0.285, r_peak:        0.030, sig:       13.897, ra_peak:      114.486, dec_peak:       28.343
Characteristic density local = 11377.6 deg^-2 = 3.160 arcmin^-2
Fitting aperture to hotspot...
Candidate: x_peak:       -0.205, y_peak:       -0.365, r_peak:        0.170, sig:        4.788, ra_peak:      115.077, dec_peak:       28.265
Characteristic density local = 10820.5 deg^-2 = 3.006 arcmin^-2
Fitting aperture to hotspot...
Candidate: x_peak:        0.475, y_peak:        0.245, r_peak:        0.050, sig:       12.317, ra_peak:      115.852, dec_peak:       28.874
Characteristic density local = 10470.4 deg^-2 = 2.908 arcmin^-2
Fitting aperture to hotspot...
Candidate: x_peak:        0.755, y_peak:       -0.525, r_peak:        0.190, sig:       37.500, ra_peak:      116.166, dec_peak:       28.102
Characteristic density local = 10579.8 deg^-2 = 2.939 arcmin^-2
Fitting aperture to hotspot...
Candidate: x_peak:        0.765, y_peak:       -0.515, r_peak:        0.190, sig:       37.500, ra_peak:      116.177, dec_peak:       28.112
Characteristic density local = 10591.8 deg^-2 = 2.942 arcmin^-2
Fitting aperture to hotspot...
Candidate: x_peak:        0.775, y_peak:       -0.505, r_peak:        0.190, sig:       37.500, ra_peak:      116.189, dec_peak:       28.122
Characteristic density local = 10750.9 deg^-2 = 2.986 arcmin^-2
Fitting aperture to hotspot...
Candidate: x_peak:        0.935, y_peak:        0.125, r_peak:        0.220, sig:        7.861, ra_peak:      116.376, dec_peak:       28.751
Distance = 63.1 kpc (m-M = 19.0)
657455 objects left after isochrone cut...
Characteristic density = 10600.0 deg^-2
Characteristic density local = 11703.9 deg^-2 = 3.251 arcmin^-2
Fitting aperture to hotspot...
Candidate: x_peak:       -0.725, y_peak:       -0.095, r_peak:        0.070, sig:       20.543, ra_peak:      114.485, dec_peak:       28.532
Characteristic density local = 11409.4 deg^-2 = 3.169 arcmin^-2
Fitting aperture to hotspot...
Candidate: x_peak:       -0.725, y_peak:       -0.285, r_peak:        0.030, sig:       13.847, ra_peak:      114.486, dec_peak:       28.343
Characteristic density local = 10565.9 deg^-2 = 2.935 arcmin^-2
Fitting aperture to hotspot...
Candidate: x_peak:        0.475, y_peak:        0.245, r_peak:        0.050, sig:       12.581, ra_peak:      115.852, dec_peak:       28.874
Characteristic density local = 10291.4 deg^-2 = 2.859 arcmin^-2
Fitting aperture to hotspot...
Candidate: x_peak:        0.755, y_peak:       -0.525, r_peak:        0.200, sig:       37.500, ra_peak:      116.166, dec_peak:       28.102
Characteristic density local = 10396.8 deg^-2 = 2.888 arcmin^-2
Fitting aperture to hotspot...
Candidate: x_peak:        0.765, y_peak:       -0.515, r_peak:        0.190, sig:       37.500, ra_peak:      116.177, dec_peak:       28.112
Characteristic density local = 10534.1 deg^-2 = 2.926 arcmin^-2
Fitting aperture to hotspot...
Candidate: x_peak:        0.935, y_peak:        0.125, r_peak:        0.220, sig:        7.771, ra_peak:      116.376, dec_peak:       28.751
Distance = 79.4 kpc (m-M = 19.5)
651316 objects left after isochrone cut...
Characteristic density = 10400.0 deg^-2
Characteristic density local = 11389.5 deg^-2 = 3.164 arcmin^-2
Fitting aperture to hotspot...
Candidate: x_peak:       -0.725, y_peak:       -0.095, r_peak:        0.070, sig:       20.784, ra_peak:      114.485, dec_peak:       28.532
Characteristic density local = 11111.0 deg^-2 = 3.086 arcmin^-2
Fitting aperture to hotspot...
Candidate: x_peak:       -0.725, y_peak:       -0.285, r_peak:        0.030, sig:       13.944, ra_peak:      114.486, dec_peak:       28.343
Characteristic density local = 10259.5 deg^-2 = 2.850 arcmin^-2
Fitting aperture to hotspot...
Candidate: x_peak:        0.475, y_peak:        0.245, r_peak:        0.050, sig:       12.825, ra_peak:      115.852, dec_peak:       28.874
Characteristic density local = 10072.5 deg^-2 = 2.798 arcmin^-2
Fitting aperture to hotspot...
Candidate: x_peak:        0.755, y_peak:       -0.525, r_peak:        0.200, sig:       37.500, ra_peak:      116.166, dec_peak:       28.102
Characteristic density local = 10174.0 deg^-2 = 2.826 arcmin^-2
Fitting aperture to hotspot...
Candidate: x_peak:        0.765, y_peak:       -0.515, r_peak:        0.190, sig:       37.500, ra_peak:      116.177, dec_peak:       28.112
Characteristic density local = 10195.9 deg^-2 = 2.832 arcmin^-2
Fitting aperture to hotspot...
Candidate: x_peak:        0.775, y_peak:       -0.505, r_peak:        0.190, sig:       37.500, ra_peak:      116.189, dec_peak:       28.122
Distance = 100.0 kpc (m-M = 20.0)
642535 objects left after isochrone cut...
Characteristic density = 10100.0 deg^-2
Characteristic density local = 11039.4 deg^-2 = 3.066 arcmin^-2
Fitting aperture to hotspot...
Candidate: x_peak:       -0.725, y_peak:       -0.095, r_peak:        0.070, sig:       21.033, ra_peak:      114.485, dec_peak:       28.532
Characteristic density local = 10798.7 deg^-2 = 3.000 arcmin^-2
Fitting aperture to hotspot...
Candidate: x_peak:       -0.725, y_peak:       -0.285, r_peak:        0.030, sig:       14.161, ra_peak:      114.486, dec_peak:       28.343
Characteristic density local = 9992.9 deg^-2 = 2.776 arcmin^-2
Fitting aperture to hotspot...
Candidate: x_peak:        0.475, y_peak:        0.245, r_peak:        0.050, sig:       12.397, ra_peak:      115.852, dec_peak:       28.874
Characteristic density local = 9748.2 deg^-2 = 2.708 arcmin^-2
Fitting aperture to hotspot...
Candidate: x_peak:        0.755, y_peak:       -0.525, r_peak:        0.200, sig:       37.500, ra_peak:      116.166, dec_peak:       28.102
Characteristic density local = 9861.6 deg^-2 = 2.739 arcmin^-2
Fitting aperture to hotspot...
Candidate: x_peak:        0.765, y_peak:       -0.515, r_peak:        0.190, sig:       37.500, ra_peak:      116.177, dec_peak:       28.112
Characteristic density local = 9873.6 deg^-2 = 2.743 arcmin^-2
Fitting aperture to hotspot...
Candidate: x_peak:        0.775, y_peak:       -0.505, r_peak:        0.190, sig:       37.500, ra_peak:      116.189, dec_peak:       28.122
Characteristic density local = 9945.2 deg^-2 = 2.763 arcmin^-2
Fitting aperture to hotspot...
Candidate: x_peak:        0.935, y_peak:        0.125, r_peak:        0.220, sig:        7.828, ra_peak:      116.376, dec_peak:       28.751
Distance = 125.9 kpc (m-M = 20.5)
632254 objects left after isochrone cut...
Characteristic density = 9700.0 deg^-2
Characteristic density local = 10629.6 deg^-2 = 2.953 arcmin^-2
Fitting aperture to hotspot...
Candidate: x_peak:       -0.725, y_peak:       -0.095, r_peak:        0.070, sig:       21.273, ra_peak:      114.485, dec_peak:       28.532
Characteristic density local = 10380.9 deg^-2 = 2.884 arcmin^-2
Fitting aperture to hotspot...
Candidate: x_peak:       -0.725, y_peak:       -0.285, r_peak:        0.030, sig:       14.136, ra_peak:      114.486, dec_peak:       28.343
Characteristic density local = 9666.7 deg^-2 = 2.685 arcmin^-2
Fitting aperture to hotspot...
Candidate: x_peak:        0.475, y_peak:        0.245, r_peak:        0.050, sig:       12.104, ra_peak:      115.852, dec_peak:       28.874
Characteristic density local = 9396.1 deg^-2 = 2.610 arcmin^-2
Fitting aperture to hotspot...
Candidate: x_peak:        0.745, y_peak:       -0.535, r_peak:        0.200, sig:       37.500, ra_peak:      116.154, dec_peak:       28.092
Characteristic density local = 9420.0 deg^-2 = 2.617 arcmin^-2
Fitting aperture to hotspot...
Candidate: x_peak:        0.755, y_peak:       -0.525, r_peak:        0.200, sig:       37.500, ra_peak:      116.166, dec_peak:       28.102
Characteristic density local = 9519.5 deg^-2 = 2.644 arcmin^-2
Fitting aperture to hotspot...
Candidate: x_peak:        0.765, y_peak:       -0.515, r_peak:        0.200, sig:       37.500, ra_peak:      116.177, dec_peak:       28.112
Characteristic density local = 9527.4 deg^-2 = 2.647 arcmin^-2
Fitting aperture to hotspot...
Candidate: x_peak:        0.775, y_peak:       -0.505, r_peak:        0.190, sig:       37.500, ra_peak:      116.189, dec_peak:       28.122
Characteristic density local = 9668.7 deg^-2 = 2.686 arcmin^-2
Fitting aperture to hotspot...
Candidate: x_peak:        0.925, y_peak:        0.125, r_peak:        0.230, sig:        7.334, ra_peak:      116.365, dec_peak:       28.751
Distance = 158.5 kpc (m-M = 21.0)
620519 objects left after isochrone cut...
Characteristic density = 9300.0 deg^-2
Characteristic density local = 10116.3 deg^-2 = 2.810 arcmin^-2
Fitting aperture to hotspot...
Candidate: x_peak:       -0.725, y_peak:       -0.095, r_peak:        0.070, sig:       21.846, ra_peak:      114.485, dec_peak:       28.532
Characteristic density local = 9887.5 deg^-2 = 2.747 arcmin^-2
Fitting aperture to hotspot...
Candidate: x_peak:       -0.725, y_peak:       -0.285, r_peak:        0.030, sig:       14.279, ra_peak:      114.486, dec_peak:       28.343
Characteristic density local = 9356.3 deg^-2 = 2.599 arcmin^-2
Fitting aperture to hotspot...
Candidate: x_peak:        0.315, y_peak:        0.205, r_peak:        0.020, sig:        6.761, ra_peak:      115.670, dec_peak:       28.835
Characteristic density local = 9262.8 deg^-2 = 2.573 arcmin^-2
Fitting aperture to hotspot...
Candidate: x_peak:        0.475, y_peak:        0.245, r_peak:        0.050, sig:       12.388, ra_peak:      115.852, dec_peak:       28.874
Characteristic density local = 9010.2 deg^-2 = 2.503 arcmin^-2
Fitting aperture to hotspot...
Candidate: x_peak:        0.755, y_peak:       -0.525, r_peak:        0.200, sig:       37.500, ra_peak:      116.166, dec_peak:       28.102
Characteristic density local = 9099.7 deg^-2 = 2.528 arcmin^-2
Fitting aperture to hotspot...
Candidate: x_peak:        0.765, y_peak:       -0.515, r_peak:        0.200, sig:       37.500, ra_peak:      116.177, dec_peak:       28.112
Characteristic density local = 9113.6 deg^-2 = 2.532 arcmin^-2
Fitting aperture to hotspot...
Candidate: x_peak:        0.775, y_peak:       -0.505, r_peak:        0.190, sig:       37.500, ra_peak:      116.189, dec_peak:       28.122
Characteristic density local = 9235.0 deg^-2 = 2.565 arcmin^-2
Fitting aperture to hotspot...
Candidate: x_peak:        0.915, y_peak:        0.115, r_peak:        0.230, sig:        7.424, ra_peak:      116.354, dec_peak:       28.741
Distance = 199.5 kpc (m-M = 21.5)
606769 objects left after isochrone cut...
Characteristic density = 8800.0 deg^-2
Characteristic density local = 9577.1 deg^-2 = 2.660 arcmin^-2
Fitting aperture to hotspot...
Candidate: x_peak:       -0.725, y_peak:       -0.095, r_peak:        0.070, sig:       22.163, ra_peak:      114.485, dec_peak:       28.532
Characteristic density local = 9328.5 deg^-2 = 2.591 arcmin^-2
Fitting aperture to hotspot...
Candidate: x_peak:       -0.725, y_peak:       -0.285, r_peak:        0.030, sig:       14.150, ra_peak:      114.486, dec_peak:       28.343
Characteristic density local = 8926.6 deg^-2 = 2.480 arcmin^-2
Fitting aperture to hotspot...
Candidate: x_peak:        0.315, y_peak:        0.205, r_peak:        0.020, sig:        6.968, ra_peak:      115.670, dec_peak:       28.835
Characteristic density local = 8777.4 deg^-2 = 2.438 arcmin^-2
Fitting aperture to hotspot...
Candidate: x_peak:        0.475, y_peak:        0.245, r_peak:        0.050, sig:       12.191, ra_peak:      115.852, dec_peak:       28.874
Characteristic density local = 8550.6 deg^-2 = 2.375 arcmin^-2
Fitting aperture to hotspot...
Candidate: x_peak:        0.745, y_peak:       -0.535, r_peak:        0.200, sig:       37.500, ra_peak:      116.154, dec_peak:       28.092
Characteristic density local = 8578.5 deg^-2 = 2.383 arcmin^-2
Fitting aperture to hotspot...
Candidate: x_peak:        0.755, y_peak:       -0.525, r_peak:        0.200, sig:       37.500, ra_peak:      116.166, dec_peak:       28.102
Characteristic density local = 8646.1 deg^-2 = 2.402 arcmin^-2
Fitting aperture to hotspot...
Candidate: x_peak:        0.765, y_peak:       -0.515, r_peak:        0.200, sig:       37.500, ra_peak:      116.177, dec_peak:       28.112
Characteristic density local = 8650.1 deg^-2 = 2.403 arcmin^-2
Fitting aperture to hotspot...
Candidate: x_peak:        0.775, y_peak:       -0.505, r_peak:        0.190, sig:       37.500, ra_peak:      116.189, dec_peak:       28.122
Characteristic density local = 8817.2 deg^-2 = 2.449 arcmin^-2
Fitting aperture to hotspot...
Candidate: x_peak:        0.925, y_peak:        0.125, r_peak:        0.230, sig:        7.500, ra_peak:      116.365, dec_peak:       28.751
Distance = 251.2 kpc (m-M = 22.0)
590977 objects left after isochrone cut...
Characteristic density = 8300.0 deg^-2
Characteristic density local = 8906.7 deg^-2 = 2.474 arcmin^-2
Fitting aperture to hotspot...
Candidate: x_peak:       -0.725, y_peak:       -0.095, r_peak:        0.070, sig:       22.944, ra_peak:      114.485, dec_peak:       28.532
Characteristic density local = 8711.7 deg^-2 = 2.420 arcmin^-2
Fitting aperture to hotspot...
Candidate: x_peak:       -0.725, y_peak:       -0.285, r_peak:        0.030, sig:       14.297, ra_peak:      114.486, dec_peak:       28.343
Characteristic density local = 8367.6 deg^-2 = 2.324 arcmin^-2
Fitting aperture to hotspot...
Candidate: x_peak:        0.315, y_peak:        0.205, r_peak:        0.020, sig:        7.058, ra_peak:      115.670, dec_peak:       28.835
Characteristic density local = 8272.1 deg^-2 = 2.298 arcmin^-2
Fitting aperture to hotspot...
Candidate: x_peak:        0.485, y_peak:        0.245, r_peak:        0.050, sig:       11.843, ra_peak:      115.864, dec_peak:       28.874
Characteristic density local = 8037.3 deg^-2 = 2.233 arcmin^-2
Fitting aperture to hotspot...
Candidate: x_peak:        0.745, y_peak:       -0.535, r_peak:        0.210, sig:       37.500, ra_peak:      116.154, dec_peak:       28.092
Characteristic density local = 8061.2 deg^-2 = 2.239 arcmin^-2
Fitting aperture to hotspot...
Candidate: x_peak:        0.755, y_peak:       -0.525, r_peak:        0.200, sig:       37.500, ra_peak:      116.166, dec_peak:       28.102
Characteristic density local = 8130.8 deg^-2 = 2.259 arcmin^-2
Fitting aperture to hotspot...
Candidate: x_peak:        0.765, y_peak:       -0.515, r_peak:        0.200, sig:       37.500, ra_peak:      116.177, dec_peak:       28.112
Characteristic density local = 8142.8 deg^-2 = 2.262 arcmin^-2
Fitting aperture to hotspot...
Candidate: x_peak:        0.775, y_peak:       -0.505, r_peak:        0.200, sig:       37.500, ra_peak:      116.189, dec_peak:       28.122
Characteristic density local = 8262.1 deg^-2 = 2.295 arcmin^-2
Fitting aperture to hotspot...
Candidate: x_peak:        0.935, y_peak:        0.125, r_peak:        0.230, sig:        7.131, ra_peak:      116.376, dec_peak:       28.751
Distance = 316.2 kpc (m-M = 22.5)
573147 objects left after isochrone cut...
Characteristic density = 7600.0 deg^-2
Characteristic density local = 8238.3 deg^-2 = 2.288 arcmin^-2
Fitting aperture to hotspot...
Candidate: x_peak:       -0.725, y_peak:       -0.095, r_peak:        0.070, sig:       23.385, ra_peak:      114.485, dec_peak:       28.532
Characteristic density local = 8043.3 deg^-2 = 2.234 arcmin^-2
Fitting aperture to hotspot...
Candidate: x_peak:       -0.725, y_peak:       -0.285, r_peak:        0.030, sig:       14.389, ra_peak:      114.486, dec_peak:       28.343
Characteristic density local = 7778.7 deg^-2 = 2.161 arcmin^-2
Fitting aperture to hotspot...
Candidate: x_peak:        0.315, y_peak:        0.205, r_peak:        0.020, sig:        7.173, ra_peak:      115.670, dec_peak:       28.835
Characteristic density local = 7723.0 deg^-2 = 2.145 arcmin^-2
Fitting aperture to hotspot...
Candidate: x_peak:        0.485, y_peak:        0.245, r_peak:        0.050, sig:       11.449, ra_peak:      115.864, dec_peak:       28.874
Characteristic density local = 7480.3 deg^-2 = 2.078 arcmin^-2
Fitting aperture to hotspot...
Candidate: x_peak:        0.745, y_peak:       -0.535, r_peak:        0.220, sig:       37.500, ra_peak:      116.154, dec_peak:       28.092
Characteristic density local = 7494.2 deg^-2 = 2.082 arcmin^-2
Fitting aperture to hotspot...
Candidate: x_peak:        0.755, y_peak:       -0.525, r_peak:        0.220, sig:       37.500, ra_peak:      116.166, dec_peak:       28.102
Characteristic density local = 7555.9 deg^-2 = 2.099 arcmin^-2
Fitting aperture to hotspot...
Candidate: x_peak:        0.765, y_peak:       -0.515, r_peak:        0.210, sig:       37.500, ra_peak:      116.177, dec_peak:       28.112
Characteristic density local = 7567.8 deg^-2 = 2.102 arcmin^-2
Fitting aperture to hotspot...
Candidate: x_peak:        0.775, y_peak:       -0.505, r_peak:        0.210, sig:       37.500, ra_peak:      116.189, dec_peak:       28.122
Characteristic density local = 7663.3 deg^-2 = 2.129 arcmin^-2
Fitting aperture to hotspot...
Candidate: x_peak:        0.935, y_peak:        0.125, r_peak:        0.240, sig:        7.662, ra_peak:      116.376, dec_peak:       28.751
Distance = 398.1 kpc (m-M = 23.0)
552551 objects left after isochrone cut...
Characteristic density = 6900.0 deg^-2
Characteristic density local = 7472.3 deg^-2 = 2.076 arcmin^-2
Fitting aperture to hotspot...
Candidate: x_peak:       -0.725, y_peak:       -0.095, r_peak:        0.070, sig:       23.830, ra_peak:      114.485, dec_peak:       28.532
Characteristic density local = 7267.4 deg^-2 = 2.019 arcmin^-2
Fitting aperture to hotspot...
Candidate: x_peak:       -0.725, y_peak:       -0.285, r_peak:        0.030, sig:       14.480, ra_peak:      114.486, dec_peak:       28.343
Characteristic density local = 7104.3 deg^-2 = 1.973 arcmin^-2
Fitting aperture to hotspot...
Candidate: x_peak:        0.315, y_peak:        0.205, r_peak:        0.020, sig:        7.148, ra_peak:      115.670, dec_peak:       28.835
Characteristic density local = 7158.0 deg^-2 = 1.988 arcmin^-2
Fitting aperture to hotspot...
Candidate: x_peak:        0.495, y_peak:        0.245, r_peak:        0.060, sig:        9.691, ra_peak:      115.875, dec_peak:       28.874
Characteristic density local = 6837.7 deg^-2 = 1.899 arcmin^-2
Fitting aperture to hotspot...
Candidate: x_peak:        0.745, y_peak:       -0.535, r_peak:        0.240, sig:       37.500, ra_peak:      116.154, dec_peak:       28.092
Characteristic density local = 6837.7 deg^-2 = 1.899 arcmin^-2
Fitting aperture to hotspot...
Candidate: x_peak:        0.755, y_peak:       -0.525, r_peak:        0.240, sig:       37.500, ra_peak:      116.166, dec_peak:       28.102
Characteristic density local = 6895.4 deg^-2 = 1.915 arcmin^-2
Fitting aperture to hotspot...
Candidate: x_peak:        0.765, y_peak:       -0.515, r_peak:        0.240, sig:       37.500, ra_peak:      116.177, dec_peak:       28.112
Characteristic density local = 6903.3 deg^-2 = 1.918 arcmin^-2
Fitting aperture to hotspot...
Candidate: x_peak:        0.775, y_peak:       -0.505, r_peak:        0.230, sig:       37.500, ra_peak:      116.189, dec_peak:       28.122
Characteristic density local = 7026.7 deg^-2 = 1.952 arcmin^-2
Fitting aperture to hotspot...
Candidate: x_peak:        0.925, y_peak:        0.125, r_peak:        0.020, sig:        7.789, ra_peak:      116.365, dec_peak:       28.751
37.50 sigma; (RA, Dec, d) = (116.19, 28.12); r = 0.19 deg; d = 125.9, mu = 20.50 mag), mc_source_id: 0.00
23.83 sigma; (RA, Dec, d) = (114.48, 28.53); r = 0.07 deg; d = 398.1, mu = 23.00 mag), mc_source_id: 0.00
14.48 sigma; (RA, Dec, d) = (114.49, 28.34); r = 0.03 deg; d = 398.1, mu = 23.00 mag), mc_source_id: 0.00
12.83 sigma; (RA, Dec, d) = (115.85, 28.87); r = 0.05 deg; d = 79.4, mu = 19.50 mag), mc_source_id: 0.00
7.86 sigma; (RA, Dec, d) = (116.38, 28.75); r = 0.22 deg; d = 50.1, mu = 18.50 mag), mc_source_id: 0.00
7.17 sigma; (RA, Dec, d) = (115.67, 28.83); r = 0.02 deg; d = 316.2, mu = 22.50 mag), mc_source_id: 0.00
4.79 sigma; (RA, Dec, d) = (115.08, 28.26); r = 0.17 deg; d = 50.1, mu = 18.50 mag), mc_source_id: 0.00
4.22 sigma; (RA, Dec, d) = (113.91, 28.63); r = 0.07 deg; d = 50.1, mu = 18.50 mag), mc_source_id: 0.00

------------------------------------------------------------
Job <678946.0> was submitted from <des51.fnal.gov> by user <tavangar>.
Job was executed on host <des40.fnal.gov> as user <tavangar>.
</var/lib/condor/execute/dir_1651866> was used as the initial working directory.
Results reported at Wed Jun  5 02:00:19 CDT 2019

Your job looked like:

------------------------------------------------------------
python /home/s1/tavangar/tavangar_simple/search_algorithm.py 115.31 28.63 0.00 /home/s1/tavangar/tavangar_simple/decals_dr7_results/results_nside_32_3177.csv /home/s1/tavangar/tavangar_simple/decals_dr7_results/decals_dr7_log/results_nside_32_3177.log
------------------------------------------------------------

Successfully completed.

Resource usage summary:

	Real time :			270.26 sec.
	CPU time :			10.38 sec.
	CPU percentage :		79%
	Max Memory :			4385632 KB
	Average Memory :		0 KB

The output (if any) is above this job summary.
