/home/s1/tavangar/tavangar_simple/simple_utils.py:170: FutureWarning: elementwise comparison failed; returning scalar instead, but in the future will perform elementwise comparison
  if np.all(isochrone.stage == 'Main'):
Search coordinates: (RA, Dec) = (219.38, -3.58)
Center healpixel: 6542
Healpixels: [6542 6669 6541 6413 6286 6414 6543 6670 6798]
MC_SOURCE_ID = 0.0
mode = 0: running only on real data
Found 1 objects...
Applying cuts...
961546 star-like objects in ROI...
983288 galaxy-like objects in ROI...
No fracdet map specified ...
Distance = 15.8 kpc (m-M = 16.0)
961519 objects left after isochrone cut...
Characteristic density = 9500.0 deg^-2
Characteristic density local = 9119.6 deg^-2 = 2.533 arcmin^-2
Fitting aperture to hotspot...
Candidate: x_peak:       -0.745, y_peak:        0.405, r_peak:        0.020, sig:        9.364, ra_peak:      218.634, dec_peak:       -3.175
Characteristic density local = 9233.0 deg^-2 = 2.565 arcmin^-2
Fitting aperture to hotspot...
Candidate: x_peak:       -0.345, y_peak:       -0.195, r_peak:        0.050, sig:        5.843, ra_peak:      219.034, dec_peak:       -3.775
Characteristic density local = 9670.7 deg^-2 = 2.686 arcmin^-2
Fitting aperture to hotspot...
Candidate: x_peak:       -0.285, y_peak:        0.805, r_peak:        0.100, sig:        3.707, ra_peak:      219.095, dec_peak:       -2.775
Characteristic density local = 9004.2 deg^-2 = 2.501 arcmin^-2
Fitting aperture to hotspot...
Candidate: x_peak:       -0.155, y_peak:       -0.695, r_peak:        0.020, sig:        9.255, ra_peak:      219.225, dec_peak:       -4.275
Characteristic density local = 9692.5 deg^-2 = 2.692 arcmin^-2
Fitting aperture to hotspot...
Candidate: x_peak:       -0.105, y_peak:       -0.315, r_peak:        0.020, sig:       10.061, ra_peak:      219.275, dec_peak:       -3.895
Characteristic density local = 9730.3 deg^-2 = 2.703 arcmin^-2
Fitting aperture to hotspot...
Candidate: x_peak:        0.235, y_peak:       -0.035, r_peak:        0.020, sig:       12.804, ra_peak:      219.615, dec_peak:       -3.615
Characteristic density local = 10016.8 deg^-2 = 2.782 arcmin^-2
Fitting aperture to hotspot...
Candidate: x_peak:        0.245, y_peak:        0.435, r_peak:        0.020, sig:        8.238, ra_peak:      219.625, dec_peak:       -3.145
Characteristic density local = 9821.8 deg^-2 = 2.728 arcmin^-2
Fitting aperture to hotspot...
Candidate: x_peak:        0.425, y_peak:        0.755, r_peak:        0.050, sig:        3.481, ra_peak:      219.806, dec_peak:       -2.825
Distance = 20.0 kpc (m-M = 16.5)
961536 objects left after isochrone cut...
Characteristic density = 9500.0 deg^-2
Characteristic density local = 9119.6 deg^-2 = 2.533 arcmin^-2
Fitting aperture to hotspot...
Candidate: x_peak:       -0.745, y_peak:        0.405, r_peak:        0.020, sig:        9.364, ra_peak:      218.634, dec_peak:       -3.175
Characteristic density local = 9233.0 deg^-2 = 2.565 arcmin^-2
Fitting aperture to hotspot...
Candidate: x_peak:       -0.345, y_peak:       -0.195, r_peak:        0.050, sig:        5.843, ra_peak:      219.034, dec_peak:       -3.775
Characteristic density local = 9670.7 deg^-2 = 2.686 arcmin^-2
Fitting aperture to hotspot...
Candidate: x_peak:       -0.285, y_peak:        0.805, r_peak:        0.100, sig:        3.707, ra_peak:      219.095, dec_peak:       -2.775
Characteristic density local = 9004.2 deg^-2 = 2.501 arcmin^-2
Fitting aperture to hotspot...
Candidate: x_peak:       -0.155, y_peak:       -0.695, r_peak:        0.020, sig:        9.255, ra_peak:      219.225, dec_peak:       -4.275
Characteristic density local = 9692.5 deg^-2 = 2.692 arcmin^-2
Fitting aperture to hotspot...
Candidate: x_peak:       -0.105, y_peak:       -0.315, r_peak:        0.020, sig:       10.061, ra_peak:      219.275, dec_peak:       -3.895
Characteristic density local = 9730.3 deg^-2 = 2.703 arcmin^-2
Fitting aperture to hotspot...
Candidate: x_peak:        0.235, y_peak:       -0.035, r_peak:        0.020, sig:       12.804, ra_peak:      219.615, dec_peak:       -3.615
Characteristic density local = 10016.8 deg^-2 = 2.782 arcmin^-2
Fitting aperture to hotspot...
Candidate: x_peak:        0.245, y_peak:        0.435, r_peak:        0.020, sig:        8.238, ra_peak:      219.625, dec_peak:       -3.145
Characteristic density local = 9821.8 deg^-2 = 2.728 arcmin^-2
Fitting aperture to hotspot...
Candidate: x_peak:        0.425, y_peak:        0.755, r_peak:        0.050, sig:        3.481, ra_peak:      219.806, dec_peak:       -2.825
Distance = 25.1 kpc (m-M = 17.0)
961540 objects left after isochrone cut...
Characteristic density = 9500.0 deg^-2
Characteristic density local = 9119.6 deg^-2 = 2.533 arcmin^-2
Fitting aperture to hotspot...
Candidate: x_peak:       -0.745, y_peak:        0.405, r_peak:        0.020, sig:        9.364, ra_peak:      218.634, dec_peak:       -3.175
Characteristic density local = 9233.0 deg^-2 = 2.565 arcmin^-2
Fitting aperture to hotspot...
Candidate: x_peak:       -0.345, y_peak:       -0.195, r_peak:        0.050, sig:        5.843, ra_peak:      219.034, dec_peak:       -3.775
Characteristic density local = 9670.7 deg^-2 = 2.686 arcmin^-2
Fitting aperture to hotspot...
Candidate: x_peak:       -0.285, y_peak:        0.805, r_peak:        0.100, sig:        3.707, ra_peak:      219.095, dec_peak:       -2.775
Characteristic density local = 9004.2 deg^-2 = 2.501 arcmin^-2
Fitting aperture to hotspot...
Candidate: x_peak:       -0.155, y_peak:       -0.695, r_peak:        0.020, sig:        9.255, ra_peak:      219.225, dec_peak:       -4.275
Characteristic density local = 9692.5 deg^-2 = 2.692 arcmin^-2
Fitting aperture to hotspot...
Candidate: x_peak:       -0.105, y_peak:       -0.315, r_peak:        0.020, sig:       10.061, ra_peak:      219.275, dec_peak:       -3.895
Characteristic density local = 9730.3 deg^-2 = 2.703 arcmin^-2
Fitting aperture to hotspot...
Candidate: x_peak:        0.235, y_peak:       -0.035, r_peak:        0.020, sig:       12.804, ra_peak:      219.615, dec_peak:       -3.615
Characteristic density local = 10016.8 deg^-2 = 2.782 arcmin^-2
Fitting aperture to hotspot...
Candidate: x_peak:        0.245, y_peak:        0.435, r_peak:        0.020, sig:        8.238, ra_peak:      219.625, dec_peak:       -3.145
Characteristic density local = 9821.8 deg^-2 = 2.728 arcmin^-2
Fitting aperture to hotspot...
Candidate: x_peak:        0.425, y_peak:        0.755, r_peak:        0.050, sig:        3.481, ra_peak:      219.806, dec_peak:       -2.825
Distance = 31.6 kpc (m-M = 17.5)
961543 objects left after isochrone cut...
Characteristic density = 9500.0 deg^-2
Characteristic density local = 9119.6 deg^-2 = 2.533 arcmin^-2
Fitting aperture to hotspot...
Candidate: x_peak:       -0.745, y_peak:        0.405, r_peak:        0.020, sig:        9.364, ra_peak:      218.634, dec_peak:       -3.175
Characteristic density local = 9233.0 deg^-2 = 2.565 arcmin^-2
Fitting aperture to hotspot...
Candidate: x_peak:       -0.345, y_peak:       -0.195, r_peak:        0.050, sig:        5.843, ra_peak:      219.034, dec_peak:       -3.775
Characteristic density local = 9670.7 deg^-2 = 2.686 arcmin^-2
Fitting aperture to hotspot...
Candidate: x_peak:       -0.285, y_peak:        0.805, r_peak:        0.100, sig:        3.707, ra_peak:      219.095, dec_peak:       -2.775
Characteristic density local = 9004.2 deg^-2 = 2.501 arcmin^-2
Fitting aperture to hotspot...
Candidate: x_peak:       -0.155, y_peak:       -0.695, r_peak:        0.020, sig:        9.255, ra_peak:      219.225, dec_peak:       -4.275
Characteristic density local = 9692.5 deg^-2 = 2.692 arcmin^-2
Fitting aperture to hotspot...
Candidate: x_peak:       -0.105, y_peak:       -0.315, r_peak:        0.020, sig:       10.061, ra_peak:      219.275, dec_peak:       -3.895
Characteristic density local = 9730.3 deg^-2 = 2.703 arcmin^-2
Fitting aperture to hotspot...
Candidate: x_peak:        0.235, y_peak:       -0.035, r_peak:        0.020, sig:       12.804, ra_peak:      219.615, dec_peak:       -3.615
Characteristic density local = 10016.8 deg^-2 = 2.782 arcmin^-2
Fitting aperture to hotspot...
Candidate: x_peak:        0.245, y_peak:        0.435, r_peak:        0.020, sig:        8.238, ra_peak:      219.625, dec_peak:       -3.145
Characteristic density local = 9821.8 deg^-2 = 2.728 arcmin^-2
Fitting aperture to hotspot...
Candidate: x_peak:        0.425, y_peak:        0.755, r_peak:        0.050, sig:        3.481, ra_peak:      219.806, dec_peak:       -2.825
Distance = 39.8 kpc (m-M = 18.0)
961541 objects left after isochrone cut...
Characteristic density = 9500.0 deg^-2
Characteristic density local = 9119.6 deg^-2 = 2.533 arcmin^-2
Fitting aperture to hotspot...
Candidate: x_peak:       -0.745, y_peak:        0.405, r_peak:        0.020, sig:        9.364, ra_peak:      218.634, dec_peak:       -3.175
Characteristic density local = 9233.0 deg^-2 = 2.565 arcmin^-2
Fitting aperture to hotspot...
Candidate: x_peak:       -0.345, y_peak:       -0.195, r_peak:        0.050, sig:        5.843, ra_peak:      219.034, dec_peak:       -3.775
Characteristic density local = 9670.7 deg^-2 = 2.686 arcmin^-2
Fitting aperture to hotspot...
Candidate: x_peak:       -0.285, y_peak:        0.805, r_peak:        0.100, sig:        3.707, ra_peak:      219.095, dec_peak:       -2.775
Characteristic density local = 9004.2 deg^-2 = 2.501 arcmin^-2
Fitting aperture to hotspot...
Candidate: x_peak:       -0.155, y_peak:       -0.695, r_peak:        0.020, sig:        9.255, ra_peak:      219.225, dec_peak:       -4.275
Characteristic density local = 9692.5 deg^-2 = 2.692 arcmin^-2
Fitting aperture to hotspot...
Candidate: x_peak:       -0.105, y_peak:       -0.315, r_peak:        0.020, sig:       10.061, ra_peak:      219.275, dec_peak:       -3.895
Characteristic density local = 9730.3 deg^-2 = 2.703 arcmin^-2
Fitting aperture to hotspot...
Candidate: x_peak:        0.235, y_peak:       -0.035, r_peak:        0.020, sig:       12.804, ra_peak:      219.615, dec_peak:       -3.615
Characteristic density local = 10016.8 deg^-2 = 2.782 arcmin^-2
Fitting aperture to hotspot...
Candidate: x_peak:        0.245, y_peak:        0.435, r_peak:        0.020, sig:        8.238, ra_peak:      219.625, dec_peak:       -3.145
Characteristic density local = 9821.8 deg^-2 = 2.728 arcmin^-2
Fitting aperture to hotspot...
Candidate: x_peak:        0.425, y_peak:        0.755, r_peak:        0.050, sig:        3.481, ra_peak:      219.806, dec_peak:       -2.825
Distance = 50.1 kpc (m-M = 18.5)
961087 objects left after isochrone cut...
Characteristic density = 9500.0 deg^-2
Characteristic density local = 9117.6 deg^-2 = 2.533 arcmin^-2
Fitting aperture to hotspot...
Candidate: x_peak:       -0.745, y_peak:        0.405, r_peak:        0.020, sig:        9.365, ra_peak:      218.634, dec_peak:       -3.175
Characteristic density local = 9217.1 deg^-2 = 2.560 arcmin^-2
Fitting aperture to hotspot...
Candidate: x_peak:       -0.345, y_peak:       -0.195, r_peak:        0.050, sig:        5.665, ra_peak:      219.034, dec_peak:       -3.775
Characteristic density local = 9654.7 deg^-2 = 2.682 arcmin^-2
Fitting aperture to hotspot...
Candidate: x_peak:       -0.285, y_peak:        0.805, r_peak:        0.100, sig:        3.683, ra_peak:      219.095, dec_peak:       -2.775
Characteristic density local = 8998.2 deg^-2 = 2.500 arcmin^-2
Fitting aperture to hotspot...
Candidate: x_peak:       -0.155, y_peak:       -0.695, r_peak:        0.020, sig:        9.258, ra_peak:      219.225, dec_peak:       -4.275
Characteristic density local = 9680.6 deg^-2 = 2.689 arcmin^-2
Fitting aperture to hotspot...
Candidate: x_peak:       -0.105, y_peak:       -0.315, r_peak:        0.020, sig:       10.067, ra_peak:      219.275, dec_peak:       -3.895
Characteristic density local = 9714.4 deg^-2 = 2.698 arcmin^-2
Fitting aperture to hotspot...
Candidate: x_peak:        0.235, y_peak:       -0.035, r_peak:        0.020, sig:       12.812, ra_peak:      219.615, dec_peak:       -3.615
Characteristic density local = 10006.9 deg^-2 = 2.780 arcmin^-2
Fitting aperture to hotspot...
Candidate: x_peak:        0.245, y_peak:        0.435, r_peak:        0.020, sig:        8.243, ra_peak:      219.625, dec_peak:       -3.145
Characteristic density local = 9803.9 deg^-2 = 2.723 arcmin^-2
Fitting aperture to hotspot...
Candidate: x_peak:        0.425, y_peak:        0.755, r_peak:        0.050, sig:        3.498, ra_peak:      219.806, dec_peak:       -2.825
Distance = 63.1 kpc (m-M = 19.0)
958682 objects left after isochrone cut...
Characteristic density = 9400.0 deg^-2
Characteristic density local = 9010.2 deg^-2 = 2.503 arcmin^-2
Fitting aperture to hotspot...
Candidate: x_peak:       -0.745, y_peak:        0.405, r_peak:        0.020, sig:        9.421, ra_peak:      218.634, dec_peak:       -3.175
Characteristic density local = 9123.6 deg^-2 = 2.534 arcmin^-2
Fitting aperture to hotspot...
Candidate: x_peak:       -0.335, y_peak:       -0.195, r_peak:        0.050, sig:        5.467, ra_peak:      219.044, dec_peak:       -3.775
Characteristic density local = 9555.3 deg^-2 = 2.654 arcmin^-2
Fitting aperture to hotspot...
Candidate: x_peak:       -0.285, y_peak:        0.805, r_peak:        0.100, sig:        3.545, ra_peak:      219.095, dec_peak:       -2.775
Characteristic density local = 8914.7 deg^-2 = 2.476 arcmin^-2
Fitting aperture to hotspot...
Candidate: x_peak:       -0.155, y_peak:       -0.695, r_peak:        0.020, sig:        9.302, ra_peak:      219.225, dec_peak:       -4.275
Characteristic density local = 9603.0 deg^-2 = 2.668 arcmin^-2
Fitting aperture to hotspot...
Candidate: x_peak:       -0.105, y_peak:       -0.315, r_peak:        0.020, sig:       10.106, ra_peak:      219.275, dec_peak:       -3.895
Characteristic density local = 9646.8 deg^-2 = 2.680 arcmin^-2
Fitting aperture to hotspot...
Candidate: x_peak:        0.235, y_peak:       -0.035, r_peak:        0.020, sig:       12.849, ra_peak:      219.615, dec_peak:       -3.615
Characteristic density local = 9907.4 deg^-2 = 2.752 arcmin^-2
Fitting aperture to hotspot...
Candidate: x_peak:        0.245, y_peak:        0.435, r_peak:        0.020, sig:        8.291, ra_peak:      219.625, dec_peak:       -3.145
Characteristic density local = 9803.9 deg^-2 = 2.723 arcmin^-2
Fitting aperture to hotspot...
Candidate: x_peak:        0.225, y_peak:        0.725, r_peak:        0.040, sig:        3.236, ra_peak:      219.605, dec_peak:       -2.855
Characteristic density local = 9718.4 deg^-2 = 2.700 arcmin^-2
Fitting aperture to hotspot...
Candidate: x_peak:        0.425, y_peak:        0.755, r_peak:        0.050, sig:        3.580, ra_peak:      219.806, dec_peak:       -2.825
Distance = 79.4 kpc (m-M = 19.5)
954957 objects left after isochrone cut...
Characteristic density = 9200.0 deg^-2
Characteristic density local = 8859.0 deg^-2 = 2.461 arcmin^-2
Fitting aperture to hotspot...
Candidate: x_peak:       -0.745, y_peak:        0.405, r_peak:        0.020, sig:        9.501, ra_peak:      218.634, dec_peak:       -3.175
Characteristic density local = 8978.3 deg^-2 = 2.494 arcmin^-2
Fitting aperture to hotspot...
Candidate: x_peak:       -0.335, y_peak:       -0.195, r_peak:        0.050, sig:        5.418, ra_peak:      219.044, dec_peak:       -3.775
Characteristic density local = 9437.9 deg^-2 = 2.622 arcmin^-2
Fitting aperture to hotspot...
Candidate: x_peak:       -0.285, y_peak:        0.805, r_peak:        0.100, sig:        3.549, ra_peak:      219.095, dec_peak:       -2.775
Characteristic density local = 8773.4 deg^-2 = 2.437 arcmin^-2
Fitting aperture to hotspot...
Candidate: x_peak:       -0.155, y_peak:       -0.695, r_peak:        0.020, sig:        9.376, ra_peak:      219.225, dec_peak:       -4.275
Characteristic density local = 9461.8 deg^-2 = 2.628 arcmin^-2
Fitting aperture to hotspot...
Candidate: x_peak:       -0.105, y_peak:       -0.315, r_peak:        0.020, sig:       10.179, ra_peak:      219.275, dec_peak:       -3.895
Characteristic density local = 9535.4 deg^-2 = 2.649 arcmin^-2
Fitting aperture to hotspot...
Candidate: x_peak:        0.235, y_peak:       -0.035, r_peak:        0.020, sig:       12.910, ra_peak:      219.615, dec_peak:       -3.615
Characteristic density local = 9766.1 deg^-2 = 2.713 arcmin^-2
Fitting aperture to hotspot...
Candidate: x_peak:        0.245, y_peak:        0.435, r_peak:        0.020, sig:        8.186, ra_peak:      219.625, dec_peak:       -3.145
Characteristic density local = 9603.0 deg^-2 = 2.668 arcmin^-2
Fitting aperture to hotspot...
Candidate: x_peak:        0.425, y_peak:        0.755, r_peak:        0.050, sig:        3.488, ra_peak:      219.806, dec_peak:       -2.825
Distance = 100.0 kpc (m-M = 20.0)
950340 objects left after isochrone cut...
Characteristic density = 9100.0 deg^-2
Characteristic density local = 8701.8 deg^-2 = 2.417 arcmin^-2
Fitting aperture to hotspot...
Candidate: x_peak:       -0.745, y_peak:        0.405, r_peak:        0.020, sig:        9.585, ra_peak:      218.634, dec_peak:       -3.175
Characteristic density local = 8797.3 deg^-2 = 2.444 arcmin^-2
Fitting aperture to hotspot...
Candidate: x_peak:       -0.345, y_peak:       -0.195, r_peak:        0.040, sig:        5.755, ra_peak:      219.034, dec_peak:       -3.775
Characteristic density local = 8634.2 deg^-2 = 2.398 arcmin^-2
Fitting aperture to hotspot...
Candidate: x_peak:       -0.155, y_peak:       -0.695, r_peak:        0.020, sig:        9.451, ra_peak:      219.225, dec_peak:       -4.275
Characteristic density local = 9328.5 deg^-2 = 2.591 arcmin^-2
Fitting aperture to hotspot...
Candidate: x_peak:       -0.105, y_peak:       -0.315, r_peak:        0.020, sig:       10.248, ra_peak:      219.275, dec_peak:       -3.895
Characteristic density local = 9346.4 deg^-2 = 2.596 arcmin^-2
Fitting aperture to hotspot...
Candidate: x_peak:        0.235, y_peak:       -0.035, r_peak:        0.020, sig:       13.015, ra_peak:      219.615, dec_peak:       -3.615
Characteristic density local = 9587.1 deg^-2 = 2.663 arcmin^-2
Fitting aperture to hotspot...
Candidate: x_peak:        0.245, y_peak:        0.435, r_peak:        0.020, sig:        8.273, ra_peak:      219.625, dec_peak:       -3.145
Distance = 125.9 kpc (m-M = 20.5)
944626 objects left after isochrone cut...
Characteristic density = 8900.0 deg^-2
Characteristic density local = 8508.8 deg^-2 = 2.364 arcmin^-2
Fitting aperture to hotspot...
Candidate: x_peak:       -0.745, y_peak:        0.405, r_peak:        0.020, sig:        9.690, ra_peak:      218.634, dec_peak:       -3.175
Characteristic density local = 8604.3 deg^-2 = 2.390 arcmin^-2
Fitting aperture to hotspot...
Candidate: x_peak:       -0.345, y_peak:       -0.195, r_peak:        0.050, sig:        5.810, ra_peak:      219.034, dec_peak:       -3.775
Characteristic density local = 8391.4 deg^-2 = 2.331 arcmin^-2
Fitting aperture to hotspot...
Candidate: x_peak:       -0.155, y_peak:       -0.695, r_peak:        0.020, sig:        9.583, ra_peak:      219.225, dec_peak:       -4.275
Characteristic density local = 9119.6 deg^-2 = 2.533 arcmin^-2
Fitting aperture to hotspot...
Candidate: x_peak:       -0.105, y_peak:       -0.315, r_peak:        0.020, sig:       10.031, ra_peak:      219.275, dec_peak:       -3.895
Characteristic density local = 9155.4 deg^-2 = 2.543 arcmin^-2
Fitting aperture to hotspot...
Candidate: x_peak:        0.235, y_peak:       -0.035, r_peak:        0.020, sig:       13.123, ra_peak:      219.615, dec_peak:       -3.615
Characteristic density local = 9356.3 deg^-2 = 2.599 arcmin^-2
Fitting aperture to hotspot...
Candidate: x_peak:        0.245, y_peak:        0.435, r_peak:        0.020, sig:        8.386, ra_peak:      219.625, dec_peak:       -3.145
Characteristic density local = 9201.1 deg^-2 = 2.556 arcmin^-2
Fitting aperture to hotspot...
Candidate: x_peak:        0.425, y_peak:        0.755, r_peak:        0.050, sig:        3.467, ra_peak:      219.806, dec_peak:       -2.825
Distance = 158.5 kpc (m-M = 21.0)
937468 objects left after isochrone cut...
Characteristic density = 8700.0 deg^-2
Characteristic density local = 8297.9 deg^-2 = 2.305 arcmin^-2
Fitting aperture to hotspot...
Candidate: x_peak:       -0.745, y_peak:        0.405, r_peak:        0.020, sig:        9.634, ra_peak:      218.634, dec_peak:       -3.175
Characteristic density local = 8337.7 deg^-2 = 2.316 arcmin^-2
Fitting aperture to hotspot...
Candidate: x_peak:       -0.345, y_peak:       -0.195, r_peak:        0.040, sig:        5.917, ra_peak:      219.034, dec_peak:       -3.775
Characteristic density local = 8777.4 deg^-2 = 2.438 arcmin^-2
Fitting aperture to hotspot...
Candidate: x_peak:       -0.285, y_peak:        0.805, r_peak:        0.040, sig:        3.286, ra_peak:      219.095, dec_peak:       -2.775
Characteristic density local = 8154.7 deg^-2 = 2.265 arcmin^-2
Fitting aperture to hotspot...
Candidate: x_peak:       -0.155, y_peak:       -0.695, r_peak:        0.020, sig:        9.714, ra_peak:      219.225, dec_peak:       -4.275
Characteristic density local = 8835.1 deg^-2 = 2.454 arcmin^-2
Fitting aperture to hotspot...
Candidate: x_peak:       -0.105, y_peak:       -0.315, r_peak:        0.020, sig:       10.183, ra_peak:      219.275, dec_peak:       -3.895
Characteristic density local = 8876.9 deg^-2 = 2.466 arcmin^-2
Fitting aperture to hotspot...
Candidate: x_peak:        0.235, y_peak:       -0.035, r_peak:        0.020, sig:       13.283, ra_peak:      219.615, dec_peak:       -3.615
Characteristic density local = 9111.6 deg^-2 = 2.531 arcmin^-2
Fitting aperture to hotspot...
Candidate: x_peak:        0.245, y_peak:        0.435, r_peak:        0.020, sig:        8.333, ra_peak:      219.625, dec_peak:       -3.145
Characteristic density local = 9042.0 deg^-2 = 2.512 arcmin^-2
Fitting aperture to hotspot...
Candidate: x_peak:        0.225, y_peak:        0.725, r_peak:        0.040, sig:        3.458, ra_peak:      219.605, dec_peak:       -2.855
Characteristic density local = 9000.2 deg^-2 = 2.500 arcmin^-2
Fitting aperture to hotspot...
Candidate: x_peak:        0.425, y_peak:        0.765, r_peak:        0.050, sig:        3.245, ra_peak:      219.806, dec_peak:       -2.815
Distance = 199.5 kpc (m-M = 21.5)
928524 objects left after isochrone cut...
Characteristic density = 8300.0 deg^-2
Characteristic density local = 8011.5 deg^-2 = 2.225 arcmin^-2
Fitting aperture to hotspot...
Candidate: x_peak:       -0.745, y_peak:        0.405, r_peak:        0.020, sig:        9.795, ra_peak:      218.634, dec_peak:       -3.175
Characteristic density local = 8009.5 deg^-2 = 2.225 arcmin^-2
Fitting aperture to hotspot...
Candidate: x_peak:       -0.345, y_peak:       -0.195, r_peak:        0.040, sig:        5.968, ra_peak:      219.034, dec_peak:       -3.775
Characteristic density local = 8479.0 deg^-2 = 2.355 arcmin^-2
Fitting aperture to hotspot...
Candidate: x_peak:       -0.285, y_peak:        0.805, r_peak:        0.040, sig:        3.269, ra_peak:      219.095, dec_peak:       -2.775
Characteristic density local = 7878.2 deg^-2 = 2.188 arcmin^-2
Fitting aperture to hotspot...
Candidate: x_peak:       -0.155, y_peak:       -0.695, r_peak:        0.020, sig:        9.872, ra_peak:      219.225, dec_peak:       -4.275
Characteristic density local = 8520.8 deg^-2 = 2.367 arcmin^-2
Fitting aperture to hotspot...
Candidate: x_peak:       -0.105, y_peak:       -0.315, r_peak:        0.020, sig:       10.356, ra_peak:      219.275, dec_peak:       -3.895
Characteristic density local = 8552.6 deg^-2 = 2.376 arcmin^-2
Fitting aperture to hotspot...
Candidate: x_peak:        0.235, y_peak:       -0.035, r_peak:        0.020, sig:       13.175, ra_peak:      219.615, dec_peak:       -3.615
Characteristic density local = 8827.1 deg^-2 = 2.452 arcmin^-2
Fitting aperture to hotspot...
Candidate: x_peak:        0.245, y_peak:        0.435, r_peak:        0.020, sig:        7.941, ra_peak:      219.625, dec_peak:       -3.145
Characteristic density local = 8675.9 deg^-2 = 2.410 arcmin^-2
Fitting aperture to hotspot...
Candidate: x_peak:        0.425, y_peak:        0.765, r_peak:        0.050, sig:        3.465, ra_peak:      219.806, dec_peak:       -2.815
Distance = 251.2 kpc (m-M = 22.0)
917763 objects left after isochrone cut...
Characteristic density = 8000.0 deg^-2
Characteristic density local = 7637.4 deg^-2 = 2.122 arcmin^-2
Fitting aperture to hotspot...
Candidate: x_peak:       -0.745, y_peak:        0.405, r_peak:        0.020, sig:       10.012, ra_peak:      218.634, dec_peak:       -3.175
Characteristic density local = 7685.2 deg^-2 = 2.135 arcmin^-2
Fitting aperture to hotspot...
Candidate: x_peak:       -0.335, y_peak:       -0.195, r_peak:        0.050, sig:        5.690, ra_peak:      219.044, dec_peak:       -3.775
Characteristic density local = 8099.0 deg^-2 = 2.250 arcmin^-2
Fitting aperture to hotspot...
Candidate: x_peak:       -0.285, y_peak:        0.805, r_peak:        0.120, sig:        3.118, ra_peak:      219.095, dec_peak:       -2.775
Characteristic density local = 7543.9 deg^-2 = 2.096 arcmin^-2
Fitting aperture to hotspot...
Candidate: x_peak:       -0.155, y_peak:       -0.695, r_peak:        0.020, sig:       10.068, ra_peak:      219.225, dec_peak:       -4.275
Characteristic density local = 8132.8 deg^-2 = 2.259 arcmin^-2
Fitting aperture to hotspot...
Candidate: x_peak:       -0.105, y_peak:       -0.315, r_peak:        0.020, sig:       10.575, ra_peak:      219.275, dec_peak:       -3.895
Characteristic density local = 8198.5 deg^-2 = 2.277 arcmin^-2
Fitting aperture to hotspot...
Candidate: x_peak:        0.235, y_peak:       -0.035, r_peak:        0.020, sig:       13.390, ra_peak:      219.615, dec_peak:       -3.615
Characteristic density local = 8488.9 deg^-2 = 2.358 arcmin^-2
Fitting aperture to hotspot...
Candidate: x_peak:        0.245, y_peak:        0.435, r_peak:        0.020, sig:        8.116, ra_peak:      219.625, dec_peak:       -3.145
Characteristic density local = 8315.8 deg^-2 = 2.310 arcmin^-2
Fitting aperture to hotspot...
Candidate: x_peak:        0.425, y_peak:        0.765, r_peak:        0.050, sig:        3.728, ra_peak:      219.806, dec_peak:       -2.815
Distance = 316.2 kpc (m-M = 22.5)
903380 objects left after isochrone cut...
Characteristic density = 7500.0 deg^-2
Characteristic density local = 7191.8 deg^-2 = 1.998 arcmin^-2
Fitting aperture to hotspot...
Candidate: x_peak:       -0.745, y_peak:        0.405, r_peak:        0.020, sig:       10.282, ra_peak:      218.634, dec_peak:       -3.175
Characteristic density local = 7245.5 deg^-2 = 2.013 arcmin^-2
Fitting aperture to hotspot...
Candidate: x_peak:       -0.335, y_peak:       -0.195, r_peak:        0.030, sig:        5.769, ra_peak:      219.044, dec_peak:       -3.775
Characteristic density local = 7056.5 deg^-2 = 1.960 arcmin^-2
Fitting aperture to hotspot...
Candidate: x_peak:       -0.155, y_peak:       -0.695, r_peak:        0.020, sig:       10.366, ra_peak:      219.225, dec_peak:       -4.275
Characteristic density local = 7669.3 deg^-2 = 2.130 arcmin^-2
Fitting aperture to hotspot...
Candidate: x_peak:       -0.105, y_peak:       -0.315, r_peak:        0.020, sig:       10.848, ra_peak:      219.275, dec_peak:       -3.895
Characteristic density local = 7750.8 deg^-2 = 2.153 arcmin^-2
Fitting aperture to hotspot...
Candidate: x_peak:        0.235, y_peak:       -0.035, r_peak:        0.020, sig:       13.365, ra_peak:      219.615, dec_peak:       -3.615
Characteristic density local = 7850.3 deg^-2 = 2.181 arcmin^-2
Fitting aperture to hotspot...
Candidate: x_peak:        0.225, y_peak:        0.725, r_peak:        0.040, sig:        3.807, ra_peak:      219.605, dec_peak:       -2.855
Characteristic density local = 8027.4 deg^-2 = 2.230 arcmin^-2
Fitting aperture to hotspot...
Candidate: x_peak:        0.245, y_peak:        0.435, r_peak:        0.020, sig:        8.363, ra_peak:      219.625, dec_peak:       -3.145
Characteristic density local = 7852.3 deg^-2 = 2.181 arcmin^-2
Fitting aperture to hotspot...
Candidate: x_peak:        0.425, y_peak:        0.765, r_peak:        0.030, sig:        3.682, ra_peak:      219.806, dec_peak:       -2.815
Distance = 398.1 kpc (m-M = 23.0)
887049 objects left after isochrone cut...
Characteristic density = 7000.0 deg^-2
Characteristic density local = 6738.2 deg^-2 = 1.872 arcmin^-2
Fitting aperture to hotspot...
Candidate: x_peak:       -1.035, y_peak:        0.285, r_peak:        0.020, sig:        4.037, ra_peak:      218.343, dec_peak:       -3.294
Characteristic density local = 6698.4 deg^-2 = 1.861 arcmin^-2
Fitting aperture to hotspot...
Candidate: x_peak:       -0.745, y_peak:        0.405, r_peak:        0.020, sig:       10.418, ra_peak:      218.634, dec_peak:       -3.175
Characteristic density local = 6740.2 deg^-2 = 1.872 arcmin^-2
Fitting aperture to hotspot...
Candidate: x_peak:       -0.335, y_peak:       -0.195, r_peak:        0.030, sig:        5.829, ra_peak:      219.044, dec_peak:       -3.775
Characteristic density local = 6610.9 deg^-2 = 1.836 arcmin^-2
Fitting aperture to hotspot...
Candidate: x_peak:       -0.155, y_peak:       -0.705, r_peak:        0.020, sig:       10.829, ra_peak:      219.225, dec_peak:       -4.285
Characteristic density local = 7142.1 deg^-2 = 1.984 arcmin^-2
Fitting aperture to hotspot...
Candidate: x_peak:       -0.105, y_peak:       -0.315, r_peak:        0.020, sig:       11.005, ra_peak:      219.275, dec_peak:       -3.895
Characteristic density local = 7227.6 deg^-2 = 2.008 arcmin^-2
Fitting aperture to hotspot...
Candidate: x_peak:        0.235, y_peak:       -0.035, r_peak:        0.020, sig:       13.553, ra_peak:      219.615, dec_peak:       -3.615
Characteristic density local = 7476.3 deg^-2 = 2.077 arcmin^-2
Fitting aperture to hotspot...
Candidate: x_peak:        0.245, y_peak:        0.435, r_peak:        0.020, sig:        8.486, ra_peak:      219.625, dec_peak:       -3.145
Characteristic density local = 7291.3 deg^-2 = 2.025 arcmin^-2
Fitting aperture to hotspot...
Candidate: x_peak:        0.215, y_peak:        0.725, r_peak:        0.030, sig:        3.365, ra_peak:      219.595, dec_peak:       -2.855
Characteristic density local = 7299.2 deg^-2 = 2.028 arcmin^-2
Fitting aperture to hotspot...
Candidate: x_peak:        0.425, y_peak:        0.765, r_peak:        0.050, sig:        3.370, ra_peak:      219.806, dec_peak:       -2.815
13.55 sigma; (RA, Dec, d) = (219.62, -3.61); r = 0.02 deg; d = 398.1, mu = 23.00 mag), mc_source_id: 0.00
11.00 sigma; (RA, Dec, d) = (219.27, -3.89); r = 0.02 deg; d = 398.1, mu = 23.00 mag), mc_source_id: 0.00
10.83 sigma; (RA, Dec, d) = (219.22, -4.28); r = 0.02 deg; d = 398.1, mu = 23.00 mag), mc_source_id: 0.00
10.42 sigma; (RA, Dec, d) = (218.63, -3.17); r = 0.02 deg; d = 398.1, mu = 23.00 mag), mc_source_id: 0.00
8.49 sigma; (RA, Dec, d) = (219.63, -3.14); r = 0.02 deg; d = 398.1, mu = 23.00 mag), mc_source_id: 0.00
5.97 sigma; (RA, Dec, d) = (219.03, -3.77); r = 0.04 deg; d = 199.5, mu = 21.50 mag), mc_source_id: 0.00
4.04 sigma; (RA, Dec, d) = (218.34, -3.29); r = 0.02 deg; d = 398.1, mu = 23.00 mag), mc_source_id: 0.00
3.81 sigma; (RA, Dec, d) = (219.61, -2.85); r = 0.04 deg; d = 316.2, mu = 22.50 mag), mc_source_id: 0.00
3.73 sigma; (RA, Dec, d) = (219.81, -2.81); r = 0.05 deg; d = 251.2, mu = 22.00 mag), mc_source_id: 0.00
3.71 sigma; (RA, Dec, d) = (219.09, -2.77); r = 0.10 deg; d = 20.0, mu = 16.50 mag), mc_source_id: 0.00

------------------------------------------------------------
Job <681241.0> was submitted from <des51.fnal.gov> by user <tavangar>.
Job was executed on host <des40.fnal.gov> as user <tavangar>.
</var/lib/condor/execute/dir_2074960> was used as the initial working directory.
Results reported at Wed Jun  5 13:29:31 CDT 2019

Your job looked like:

------------------------------------------------------------
python /home/s1/tavangar/tavangar_simple/search_algorithm.py 219.38 -3.58 0.00 /home/s1/tavangar/tavangar_simple/decals_dr7_results/results_nside_32_6542.csv /home/s1/tavangar/tavangar_simple/decals_dr7_results/decals_dr7_log/results_nside_32_6542.log
------------------------------------------------------------

Successfully completed.

Resource usage summary:

	Real time :			225.20 sec.
	CPU time :			5.71 sec.
	CPU percentage :		78%
	Max Memory :			6770736 KB
	Average Memory :		0 KB

The output (if any) is above this job summary.
