/home/s1/tavangar/tavangar_simple/simple_utils.py:170: FutureWarning: elementwise comparison failed; returning scalar instead, but in the future will perform elementwise comparison
  if np.all(isochrone.stage == 'Main'):
Search coordinates: (RA, Dec) = (310.78, -2.39)
Center healpixel: 6446
Healpixels: [6446 6574 6445 6318 6190 6319 6447 6575 6702]
MC_SOURCE_ID = 0.0
mode = 0: running only on real data
Found 1 objects...
Applying cuts...
1020181 star-like objects in ROI...
421980 galaxy-like objects in ROI...
No fracdet map specified ...
Distance = 15.8 kpc (m-M = 16.0)
1020168 objects left after isochrone cut...
Characteristic density = 21800.0 deg^-2
Characteristic density local = 20204.7 deg^-2 = 5.612 arcmin^-2
Fitting aperture to hotspot...
Candidate: x_peak:       -0.015, y_peak:       -0.555, r_peak:        0.290, sig:        9.414, ra_peak:      310.765, dec_peak:       -2.945
Characteristic density local = 21800.0 deg^-2 = 6.056 arcmin^-2
Fitting aperture to hotspot...
Candidate: x_peak:        0.035, y_peak:       -0.075, r_peak:        0.060, sig:        6.062, ra_peak:      310.815, dec_peak:       -2.465
Characteristic density local = 21800.0 deg^-2 = 6.056 arcmin^-2
Fitting aperture to hotspot...
Candidate: x_peak:        0.125, y_peak:       -0.255, r_peak:        0.050, sig:        6.010, ra_peak:      310.905, dec_peak:       -2.645
Characteristic density local = 22504.5 deg^-2 = 6.251 arcmin^-2
Fitting aperture to hotspot...
Candidate: x_peak:        0.225, y_peak:       -0.725, r_peak:        0.080, sig:        4.638, ra_peak:      311.005, dec_peak:       -3.115
Characteristic density local = 21201.4 deg^-2 = 5.889 arcmin^-2
Fitting aperture to hotspot...
Candidate: x_peak:        0.825, y_peak:       -0.235, r_peak:        0.230, sig:        5.904, ra_peak:      311.606, dec_peak:       -2.625
Characteristic density local = 20308.2 deg^-2 = 5.641 arcmin^-2
Fitting aperture to hotspot...
Candidate: x_peak:        0.995, y_peak:       -0.105, r_peak:        0.020, sig:       10.737, ra_peak:      311.776, dec_peak:       -2.495
Distance = 20.0 kpc (m-M = 16.5)
1020171 objects left after isochrone cut...
Characteristic density = 21800.0 deg^-2
Characteristic density local = 20204.7 deg^-2 = 5.612 arcmin^-2
Fitting aperture to hotspot...
Candidate: x_peak:       -0.015, y_peak:       -0.555, r_peak:        0.290, sig:        9.414, ra_peak:      310.765, dec_peak:       -2.945
Characteristic density local = 21800.0 deg^-2 = 6.056 arcmin^-2
Fitting aperture to hotspot...
Candidate: x_peak:        0.035, y_peak:       -0.075, r_peak:        0.060, sig:        6.062, ra_peak:      310.815, dec_peak:       -2.465
Characteristic density local = 21800.0 deg^-2 = 6.056 arcmin^-2
Fitting aperture to hotspot...
Candidate: x_peak:        0.125, y_peak:       -0.255, r_peak:        0.050, sig:        6.010, ra_peak:      310.905, dec_peak:       -2.645
Characteristic density local = 22504.5 deg^-2 = 6.251 arcmin^-2
Fitting aperture to hotspot...
Candidate: x_peak:        0.225, y_peak:       -0.725, r_peak:        0.080, sig:        4.638, ra_peak:      311.005, dec_peak:       -3.115
Characteristic density local = 21201.4 deg^-2 = 5.889 arcmin^-2
Fitting aperture to hotspot...
Candidate: x_peak:        0.825, y_peak:       -0.235, r_peak:        0.230, sig:        5.904, ra_peak:      311.606, dec_peak:       -2.625
Characteristic density local = 20308.2 deg^-2 = 5.641 arcmin^-2
Fitting aperture to hotspot...
Candidate: x_peak:        0.995, y_peak:       -0.105, r_peak:        0.020, sig:       10.737, ra_peak:      311.776, dec_peak:       -2.495
Distance = 25.1 kpc (m-M = 17.0)
1020169 objects left after isochrone cut...
Characteristic density = 21800.0 deg^-2
Characteristic density local = 20204.7 deg^-2 = 5.612 arcmin^-2
Fitting aperture to hotspot...
Candidate: x_peak:       -0.015, y_peak:       -0.555, r_peak:        0.290, sig:        9.414, ra_peak:      310.765, dec_peak:       -2.945
Characteristic density local = 21800.0 deg^-2 = 6.056 arcmin^-2
Fitting aperture to hotspot...
Candidate: x_peak:        0.035, y_peak:       -0.075, r_peak:        0.060, sig:        6.062, ra_peak:      310.815, dec_peak:       -2.465
Characteristic density local = 21800.0 deg^-2 = 6.056 arcmin^-2
Fitting aperture to hotspot...
Candidate: x_peak:        0.125, y_peak:       -0.255, r_peak:        0.050, sig:        6.010, ra_peak:      310.905, dec_peak:       -2.645
Characteristic density local = 22504.5 deg^-2 = 6.251 arcmin^-2
Fitting aperture to hotspot...
Candidate: x_peak:        0.225, y_peak:       -0.725, r_peak:        0.080, sig:        4.638, ra_peak:      311.005, dec_peak:       -3.115
Characteristic density local = 21201.4 deg^-2 = 5.889 arcmin^-2
Fitting aperture to hotspot...
Candidate: x_peak:        0.825, y_peak:       -0.235, r_peak:        0.230, sig:        5.904, ra_peak:      311.606, dec_peak:       -2.625
Characteristic density local = 20308.2 deg^-2 = 5.641 arcmin^-2
Fitting aperture to hotspot...
Candidate: x_peak:        0.995, y_peak:       -0.105, r_peak:        0.020, sig:       10.737, ra_peak:      311.776, dec_peak:       -2.495
Distance = 31.6 kpc (m-M = 17.5)
1020153 objects left after isochrone cut...
Characteristic density = 21800.0 deg^-2
Characteristic density local = 20200.7 deg^-2 = 5.611 arcmin^-2
Fitting aperture to hotspot...
Candidate: x_peak:       -0.015, y_peak:       -0.555, r_peak:        0.290, sig:        9.415, ra_peak:      310.765, dec_peak:       -2.945
Characteristic density local = 21800.0 deg^-2 = 6.056 arcmin^-2
Fitting aperture to hotspot...
Candidate: x_peak:        0.035, y_peak:       -0.075, r_peak:        0.060, sig:        6.062, ra_peak:      310.815, dec_peak:       -2.465
Characteristic density local = 21800.0 deg^-2 = 6.056 arcmin^-2
Fitting aperture to hotspot...
Candidate: x_peak:        0.125, y_peak:       -0.255, r_peak:        0.050, sig:        6.010, ra_peak:      310.905, dec_peak:       -2.645
Characteristic density local = 22500.5 deg^-2 = 6.250 arcmin^-2
Fitting aperture to hotspot...
Candidate: x_peak:        0.225, y_peak:       -0.725, r_peak:        0.080, sig:        4.642, ra_peak:      311.005, dec_peak:       -3.115
Characteristic density local = 21201.4 deg^-2 = 5.889 arcmin^-2
Fitting aperture to hotspot...
Candidate: x_peak:        0.825, y_peak:       -0.235, r_peak:        0.230, sig:        5.904, ra_peak:      311.606, dec_peak:       -2.625
Characteristic density local = 20308.2 deg^-2 = 5.641 arcmin^-2
Fitting aperture to hotspot...
Candidate: x_peak:        0.995, y_peak:       -0.105, r_peak:        0.020, sig:       10.737, ra_peak:      311.776, dec_peak:       -2.495
Distance = 39.8 kpc (m-M = 18.0)
1019648 objects left after isochrone cut...
Characteristic density = 21800.0 deg^-2
Characteristic density local = 20129.1 deg^-2 = 5.591 arcmin^-2
Fitting aperture to hotspot...
Candidate: x_peak:       -0.015, y_peak:       -0.555, r_peak:        0.290, sig:        9.338, ra_peak:      310.765, dec_peak:       -2.945
Characteristic density local = 21800.0 deg^-2 = 6.056 arcmin^-2
Fitting aperture to hotspot...
Candidate: x_peak:        0.025, y_peak:       -0.065, r_peak:        0.070, sig:        5.471, ra_peak:      310.805, dec_peak:       -2.455
Characteristic density local = 21800.0 deg^-2 = 6.056 arcmin^-2
Fitting aperture to hotspot...
Candidate: x_peak:        0.125, y_peak:       -0.255, r_peak:        0.050, sig:        5.877, ra_peak:      310.905, dec_peak:       -2.645
Characteristic density local = 22428.9 deg^-2 = 6.230 arcmin^-2
Fitting aperture to hotspot...
Candidate: x_peak:        0.225, y_peak:       -0.725, r_peak:        0.080, sig:        4.669, ra_peak:      311.005, dec_peak:       -3.115
Characteristic density local = 21107.9 deg^-2 = 5.863 arcmin^-2
Fitting aperture to hotspot...
Candidate: x_peak:        0.825, y_peak:       -0.235, r_peak:        0.230, sig:        6.007, ra_peak:      311.606, dec_peak:       -2.625
Characteristic density local = 20246.5 deg^-2 = 5.624 arcmin^-2
Fitting aperture to hotspot...
Candidate: x_peak:        0.995, y_peak:       -0.105, r_peak:        0.020, sig:       10.757, ra_peak:      311.776, dec_peak:       -2.495
Distance = 50.1 kpc (m-M = 18.5)
1015793 objects left after isochrone cut...
Characteristic density = 21700.0 deg^-2
Characteristic density local = 21700.0 deg^-2 = 6.028 arcmin^-2
Fitting aperture to hotspot...
Candidate: x_peak:        0.025, y_peak:       -0.065, r_peak:        0.050, sig:        5.267, ra_peak:      310.805, dec_peak:       -2.455
Characteristic density local = 21700.0 deg^-2 = 6.028 arcmin^-2
Fitting aperture to hotspot...
Candidate: x_peak:        0.125, y_peak:       -0.255, r_peak:        0.050, sig:        5.740, ra_peak:      310.905, dec_peak:       -2.645
Characteristic density local = 21700.0 deg^-2 = 6.028 arcmin^-2
Fitting aperture to hotspot...
Candidate: x_peak:        0.135, y_peak:       -0.055, r_peak:        0.050, sig:        5.740, ra_peak:      310.915, dec_peak:       -2.445
Characteristic density local = 20033.6 deg^-2 = 5.565 arcmin^-2
Fitting aperture to hotspot...
Candidate: x_peak:        0.995, y_peak:       -0.105, r_peak:        0.020, sig:       10.827, ra_peak:      311.776, dec_peak:       -2.495
Distance = 63.1 kpc (m-M = 19.0)
1008600 objects left after isochrone cut...
Characteristic density = 21400.0 deg^-2
Characteristic density local = 19681.5 deg^-2 = 5.467 arcmin^-2
Fitting aperture to hotspot...
Candidate: x_peak:       -0.015, y_peak:       -0.555, r_peak:        0.290, sig:        8.817, ra_peak:      310.765, dec_peak:       -2.945
Characteristic density local = 21400.0 deg^-2 = 5.944 arcmin^-2
Fitting aperture to hotspot...
Candidate: x_peak:        0.025, y_peak:       -0.065, r_peak:        0.020, sig:        5.292, ra_peak:      310.805, dec_peak:       -2.455
Characteristic density local = 21400.0 deg^-2 = 5.944 arcmin^-2
Fitting aperture to hotspot...
Candidate: x_peak:        0.135, y_peak:       -0.055, r_peak:        0.050, sig:        5.867, ra_peak:      310.915, dec_peak:       -2.445
Characteristic density local = 21400.0 deg^-2 = 5.944 arcmin^-2
Fitting aperture to hotspot...
Candidate: x_peak:        0.125, y_peak:       -0.255, r_peak:        0.050, sig:        5.867, ra_peak:      310.905, dec_peak:       -2.645
Characteristic density local = 19771.0 deg^-2 = 5.492 arcmin^-2
Fitting aperture to hotspot...
Candidate: x_peak:        0.995, y_peak:       -0.105, r_peak:        0.030, sig:       10.832, ra_peak:      311.776, dec_peak:       -2.495
Distance = 79.4 kpc (m-M = 19.5)
998535 objects left after isochrone cut...
Characteristic density = 21000.0 deg^-2
Characteristic density local = 19241.8 deg^-2 = 5.345 arcmin^-2
Fitting aperture to hotspot...
Candidate: x_peak:       -0.015, y_peak:       -0.555, r_peak:        0.290, sig:        8.983, ra_peak:      310.765, dec_peak:       -2.945
Characteristic density local = 21000.0 deg^-2 = 5.833 arcmin^-2
Fitting aperture to hotspot...
Candidate: x_peak:        0.135, y_peak:       -0.055, r_peak:        0.050, sig:        5.789, ra_peak:      310.915, dec_peak:       -2.445
Characteristic density local = 21000.0 deg^-2 = 5.833 arcmin^-2
Fitting aperture to hotspot...
Candidate: x_peak:        0.125, y_peak:       -0.255, r_peak:        0.050, sig:        5.721, ra_peak:      310.905, dec_peak:       -2.645
Characteristic density local = 19367.2 deg^-2 = 5.380 arcmin^-2
Fitting aperture to hotspot...
Candidate: x_peak:        0.995, y_peak:       -0.105, r_peak:        0.030, sig:       10.831, ra_peak:      311.776, dec_peak:       -2.495
Distance = 100.0 kpc (m-M = 20.0)
985496 objects left after isochrone cut...
Characteristic density = 20400.0 deg^-2
Characteristic density local = 18678.8 deg^-2 = 5.189 arcmin^-2
Fitting aperture to hotspot...
Candidate: x_peak:       -0.015, y_peak:       -0.555, r_peak:        0.290, sig:        9.368, ra_peak:      310.765, dec_peak:       -2.945
Characteristic density local = 20400.0 deg^-2 = 5.667 arcmin^-2
Fitting aperture to hotspot...
Candidate: x_peak:        0.025, y_peak:       -0.065, r_peak:        0.050, sig:        5.219, ra_peak:      310.805, dec_peak:       -2.455
Characteristic density local = 20400.0 deg^-2 = 5.667 arcmin^-2
Fitting aperture to hotspot...
Candidate: x_peak:        0.135, y_peak:       -0.055, r_peak:        0.050, sig:        5.912, ra_peak:      310.915, dec_peak:       -2.445
Characteristic density local = 20400.0 deg^-2 = 5.667 arcmin^-2
Fitting aperture to hotspot...
Candidate: x_peak:        0.125, y_peak:       -0.245, r_peak:        0.060, sig:        5.824, ra_peak:      310.905, dec_peak:       -2.635
Characteristic density local = 20867.2 deg^-2 = 5.796 arcmin^-2
Fitting aperture to hotspot...
Candidate: x_peak:        0.225, y_peak:       -0.725, r_peak:        0.080, sig:        4.619, ra_peak:      311.005, dec_peak:       -3.115
Characteristic density local = 19697.4 deg^-2 = 5.472 arcmin^-2
Fitting aperture to hotspot...
Candidate: x_peak:        0.825, y_peak:       -0.235, r_peak:        0.060, sig:        5.794, ra_peak:      311.606, dec_peak:       -2.625
Characteristic density local = 18907.6 deg^-2 = 5.252 arcmin^-2
Fitting aperture to hotspot...
Candidate: x_peak:        0.995, y_peak:       -0.105, r_peak:        0.030, sig:       11.047, ra_peak:      311.776, dec_peak:       -2.495
Distance = 125.9 kpc (m-M = 20.5)
968355 objects left after isochrone cut...
Characteristic density = 19700.0 deg^-2
Characteristic density local = 19700.0 deg^-2 = 5.472 arcmin^-2
Fitting aperture to hotspot...
Candidate: x_peak:        0.135, y_peak:       -0.055, r_peak:        0.050, sig:        5.898, ra_peak:      310.915, dec_peak:       -2.445
Characteristic density local = 19700.0 deg^-2 = 5.472 arcmin^-2
Fitting aperture to hotspot...
Candidate: x_peak:        0.125, y_peak:       -0.245, r_peak:        0.060, sig:        5.732, ra_peak:      310.905, dec_peak:       -2.635
Characteristic density local = 20093.3 deg^-2 = 5.581 arcmin^-2
Fitting aperture to hotspot...
Candidate: x_peak:        0.475, y_peak:       -0.725, r_peak:        0.020, sig:        5.217, ra_peak:      311.256, dec_peak:       -3.115
Characteristic density local = 19084.7 deg^-2 = 5.301 arcmin^-2
Fitting aperture to hotspot...
Candidate: x_peak:        0.825, y_peak:       -0.235, r_peak:        0.060, sig:        5.508, ra_peak:      311.606, dec_peak:       -2.625
Characteristic density local = 18261.0 deg^-2 = 5.073 arcmin^-2
Fitting aperture to hotspot...
Candidate: x_peak:        0.995, y_peak:       -0.105, r_peak:        0.030, sig:       11.071, ra_peak:      311.776, dec_peak:       -2.495
Distance = 158.5 kpc (m-M = 21.0)
947493 objects left after isochrone cut...
Characteristic density = 18900.0 deg^-2
Characteristic density local = 17202.7 deg^-2 = 4.779 arcmin^-2
Fitting aperture to hotspot...
Candidate: x_peak:       -0.015, y_peak:       -0.555, r_peak:        0.290, sig:        9.333, ra_peak:      310.765, dec_peak:       -2.945
Characteristic density local = 18900.0 deg^-2 = 5.250 arcmin^-2
Fitting aperture to hotspot...
Candidate: x_peak:        0.135, y_peak:       -0.055, r_peak:        0.050, sig:        5.883, ra_peak:      310.915, dec_peak:       -2.445
Characteristic density local = 18900.0 deg^-2 = 5.250 arcmin^-2
Fitting aperture to hotspot...
Candidate: x_peak:        0.125, y_peak:       -0.245, r_peak:        0.060, sig:        5.842, ra_peak:      310.905, dec_peak:       -2.635
Characteristic density local = 19214.0 deg^-2 = 5.337 arcmin^-2
Fitting aperture to hotspot...
Candidate: x_peak:        0.475, y_peak:       -0.725, r_peak:        0.020, sig:        5.169, ra_peak:      311.256, dec_peak:       -3.115
Characteristic density local = 17487.1 deg^-2 = 4.858 arcmin^-2
Fitting aperture to hotspot...
Candidate: x_peak:        0.995, y_peak:       -0.105, r_peak:        0.030, sig:       10.671, ra_peak:      311.776, dec_peak:       -2.495
Distance = 199.5 kpc (m-M = 21.5)
922263 objects left after isochrone cut...
Characteristic density = 17800.0 deg^-2
Characteristic density local = 16277.6 deg^-2 = 4.522 arcmin^-2
Fitting aperture to hotspot...
Candidate: x_peak:       -0.015, y_peak:       -0.555, r_peak:        0.290, sig:        8.802, ra_peak:      310.765, dec_peak:       -2.945
Characteristic density local = 17800.0 deg^-2 = 4.944 arcmin^-2
Fitting aperture to hotspot...
Candidate: x_peak:        0.135, y_peak:       -0.055, r_peak:        0.050, sig:        5.866, ra_peak:      310.915, dec_peak:       -2.445
Characteristic density local = 17800.0 deg^-2 = 4.944 arcmin^-2
Fitting aperture to hotspot...
Candidate: x_peak:        0.125, y_peak:       -0.245, r_peak:        0.060, sig:        5.964, ra_peak:      310.905, dec_peak:       -2.635
Characteristic density local = 18215.3 deg^-2 = 5.060 arcmin^-2
Fitting aperture to hotspot...
Candidate: x_peak:        0.475, y_peak:       -0.725, r_peak:        0.020, sig:        5.316, ra_peak:      311.256, dec_peak:       -3.115
Characteristic density local = 17347.9 deg^-2 = 4.819 arcmin^-2
Fitting aperture to hotspot...
Candidate: x_peak:        0.825, y_peak:       -0.235, r_peak:        0.240, sig:        5.661, ra_peak:      311.606, dec_peak:       -2.625
Characteristic density local = 16583.9 deg^-2 = 4.607 arcmin^-2
Fitting aperture to hotspot...
Candidate: x_peak:        0.995, y_peak:       -0.105, r_peak:        0.030, sig:       11.126, ra_peak:      311.776, dec_peak:       -2.495
Distance = 251.2 kpc (m-M = 22.0)
892867 objects left after isochrone cut...
Characteristic density = 16600.0 deg^-2
Characteristic density local = 16600.0 deg^-2 = 4.611 arcmin^-2
Fitting aperture to hotspot...
Candidate: x_peak:       -1.265, y_peak:        0.075, r_peak:        0.070, sig:        4.894, ra_peak:      309.514, dec_peak:       -2.314
Characteristic density local = 15225.2 deg^-2 = 4.229 arcmin^-2
Fitting aperture to hotspot...
Candidate: x_peak:       -0.015, y_peak:       -0.555, r_peak:        0.290, sig:        8.304, ra_peak:      310.765, dec_peak:       -2.945
Characteristic density local = 16600.0 deg^-2 = 4.611 arcmin^-2
Fitting aperture to hotspot...
Candidate: x_peak:        0.135, y_peak:       -0.065, r_peak:        0.050, sig:        5.625, ra_peak:      310.915, dec_peak:       -2.455
Characteristic density local = 16600.0 deg^-2 = 4.611 arcmin^-2
Fitting aperture to hotspot...
Candidate: x_peak:        0.125, y_peak:       -0.245, r_peak:        0.060, sig:        6.251, ra_peak:      310.905, dec_peak:       -2.635
Characteristic density local = 17027.6 deg^-2 = 4.730 arcmin^-2
Fitting aperture to hotspot...
Candidate: x_peak:        0.475, y_peak:       -0.725, r_peak:        0.020, sig:        5.691, ra_peak:      311.256, dec_peak:       -3.115
Characteristic density local = 14753.7 deg^-2 = 4.098 arcmin^-2
Fitting aperture to hotspot...
Candidate: x_peak:        0.765, y_peak:        0.235, r_peak:        0.080, sig:        6.977, ra_peak:      311.546, dec_peak:       -2.155
Characteristic density local = 16339.2 deg^-2 = 4.539 arcmin^-2
Fitting aperture to hotspot...
Candidate: x_peak:        0.815, y_peak:       -0.235, r_peak:        0.240, sig:        5.017, ra_peak:      311.596, dec_peak:       -2.625
Characteristic density local = 15561.4 deg^-2 = 4.323 arcmin^-2
Fitting aperture to hotspot...
Candidate: x_peak:        0.995, y_peak:       -0.105, r_peak:        0.030, sig:       11.261, ra_peak:      311.776, dec_peak:       -2.495
Distance = 316.2 kpc (m-M = 22.5)
859199 objects left after isochrone cut...
Characteristic density = 15200.0 deg^-2
Characteristic density local = 13969.8 deg^-2 = 3.881 arcmin^-2
Fitting aperture to hotspot...
Candidate: x_peak:       -0.015, y_peak:       -0.555, r_peak:        0.290, sig:        7.797, ra_peak:      310.765, dec_peak:       -2.945
Characteristic density local = 15200.0 deg^-2 = 4.222 arcmin^-2
Fitting aperture to hotspot...
Candidate: x_peak:        0.145, y_peak:       -0.065, r_peak:        0.020, sig:        6.466, ra_peak:      310.925, dec_peak:       -2.455
Characteristic density local = 15200.0 deg^-2 = 4.222 arcmin^-2
Fitting aperture to hotspot...
Candidate: x_peak:        0.125, y_peak:       -0.245, r_peak:        0.060, sig:        6.286, ra_peak:      310.905, dec_peak:       -2.635
Characteristic density local = 15453.9 deg^-2 = 4.293 arcmin^-2
Fitting aperture to hotspot...
Candidate: x_peak:        0.485, y_peak:       -0.725, r_peak:        0.020, sig:        5.894, ra_peak:      311.266, dec_peak:       -3.115
Characteristic density local = 13651.5 deg^-2 = 3.792 arcmin^-2
Fitting aperture to hotspot...
Candidate: x_peak:        0.765, y_peak:        0.235, r_peak:        0.080, sig:        6.910, ra_peak:      311.546, dec_peak:       -2.155
Characteristic density local = 14914.8 deg^-2 = 4.143 arcmin^-2
Fitting aperture to hotspot...
Candidate: x_peak:        0.825, y_peak:       -0.235, r_peak:        0.240, sig:        5.686, ra_peak:      311.606, dec_peak:       -2.625
Characteristic density local = 14329.9 deg^-2 = 3.981 arcmin^-2
Fitting aperture to hotspot...
Candidate: x_peak:        0.995, y_peak:       -0.105, r_peak:        0.030, sig:       11.111, ra_peak:      311.776, dec_peak:       -2.495
Characteristic density local = 14377.7 deg^-2 = 3.994 arcmin^-2
Fitting aperture to hotspot...
Candidate: x_peak:        1.105, y_peak:        0.225, r_peak:        0.040, sig:        5.680, ra_peak:      311.886, dec_peak:       -2.165
Distance = 398.1 kpc (m-M = 23.0)
820653 objects left after isochrone cut...
Characteristic density = 13700.0 deg^-2
Characteristic density local = 12481.7 deg^-2 = 3.467 arcmin^-2
Fitting aperture to hotspot...
Candidate: x_peak:       -0.015, y_peak:       -0.555, r_peak:        0.040, sig:        7.280, ra_peak:      310.765, dec_peak:       -2.945
Characteristic density local = 13700.0 deg^-2 = 3.806 arcmin^-2
Fitting aperture to hotspot...
Candidate: x_peak:        0.135, y_peak:       -0.065, r_peak:        0.030, sig:        5.371, ra_peak:      310.915, dec_peak:       -2.455
Characteristic density local = 13700.0 deg^-2 = 3.806 arcmin^-2
Fitting aperture to hotspot...
Candidate: x_peak:        0.125, y_peak:       -0.245, r_peak:        0.060, sig:        6.018, ra_peak:      310.905, dec_peak:       -2.635
Characteristic density local = 13828.6 deg^-2 = 3.841 arcmin^-2
Fitting aperture to hotspot...
Candidate: x_peak:        0.485, y_peak:       -0.725, r_peak:        0.020, sig:        5.973, ra_peak:      311.266, dec_peak:       -3.115
Characteristic density local = 12272.8 deg^-2 = 3.409 arcmin^-2
Fitting aperture to hotspot...
Candidate: x_peak:        0.765, y_peak:        0.235, r_peak:        0.080, sig:        7.115, ra_peak:      311.546, dec_peak:       -2.155
Characteristic density local = 12907.5 deg^-2 = 3.585 arcmin^-2
Fitting aperture to hotspot...
Candidate: x_peak:        0.995, y_peak:       -0.105, r_peak:        0.030, sig:       10.751, ra_peak:      311.776, dec_peak:       -2.495
Characteristic density local = 12905.5 deg^-2 = 3.585 arcmin^-2
Fitting aperture to hotspot...
Candidate: x_peak:        1.105, y_peak:        0.235, r_peak:        0.050, sig:        5.339, ra_peak:      311.886, dec_peak:       -2.155
11.26 sigma; (RA, Dec, d) = (311.78, -2.49); r = 0.03 deg; d = 251.2, mu = 22.00 mag), mc_source_id: 0.00
9.42 sigma; (RA, Dec, d) = (310.76, -2.95); r = 0.29 deg; d = 31.6, mu = 17.50 mag), mc_source_id: 0.00
7.11 sigma; (RA, Dec, d) = (311.55, -2.15); r = 0.08 deg; d = 398.1, mu = 23.00 mag), mc_source_id: 0.00
6.47 sigma; (RA, Dec, d) = (310.93, -2.45); r = 0.02 deg; d = 316.2, mu = 22.50 mag), mc_source_id: 0.00
6.29 sigma; (RA, Dec, d) = (310.91, -2.63); r = 0.06 deg; d = 316.2, mu = 22.50 mag), mc_source_id: 0.00
6.06 sigma; (RA, Dec, d) = (310.82, -2.46); r = 0.06 deg; d = 31.6, mu = 17.50 mag), mc_source_id: 0.00
6.01 sigma; (RA, Dec, d) = (311.61, -2.62); r = 0.23 deg; d = 39.8, mu = 18.00 mag), mc_source_id: 0.00
5.97 sigma; (RA, Dec, d) = (311.27, -3.11); r = 0.02 deg; d = 398.1, mu = 23.00 mag), mc_source_id: 0.00
5.68 sigma; (RA, Dec, d) = (311.89, -2.16); r = 0.04 deg; d = 316.2, mu = 22.50 mag), mc_source_id: 0.00
4.89 sigma; (RA, Dec, d) = (309.51, -2.31); r = 0.07 deg; d = 251.2, mu = 22.00 mag), mc_source_id: 0.00
4.67 sigma; (RA, Dec, d) = (311.01, -3.11); r = 0.08 deg; d = 39.8, mu = 18.00 mag), mc_source_id: 0.00

------------------------------------------------------------
Job <681166.0> was submitted from <des51.fnal.gov> by user <tavangar>.
Job was executed on host <des40.fnal.gov> as user <tavangar>.
</var/lib/condor/execute/dir_2063642> was used as the initial working directory.
Results reported at Wed Jun  5 13:12:54 CDT 2019

Your job looked like:

------------------------------------------------------------
python /home/s1/tavangar/tavangar_simple/search_algorithm.py 310.78 -2.39 0.00 /home/s1/tavangar/tavangar_simple/decals_dr7_results/results_nside_32_6446.csv /home/s1/tavangar/tavangar_simple/decals_dr7_results/decals_dr7_log/results_nside_32_6446.log
------------------------------------------------------------

Successfully completed.

Resource usage summary:

	Real time :			275.49 sec.
	CPU time :			8.13 sec.
	CPU percentage :		89%
	Max Memory :			5083024 KB
	Average Memory :		0 KB

The output (if any) is above this job summary.
