/home/s1/tavangar/tavangar_simple/simple_utils.py:170: FutureWarning: elementwise comparison failed; returning scalar instead, but in the future will perform elementwise comparison
  if np.all(isochrone.stage == 'Main'):
Search coordinates: (RA, Dec) = (337.50, 15.71)
Center healpixel: 4536
Healpixels: [4536 4663 4535 4407 4280 4408 4537 4664 4792]
MC_SOURCE_ID = 0.0
mode = 0: running only on real data
Found 1 objects...
Applying cuts...
651807 star-like objects in ROI...
572827 galaxy-like objects in ROI...
No fracdet map specified ...
Distance = 15.8 kpc (m-M = 16.0)
651796 objects left after isochrone cut...
Characteristic density = 8800.0 deg^-2
Characteristic density local = 9455.8 deg^-2 = 2.627 arcmin^-2
Fitting aperture to hotspot...
Candidate: x_peak:       -1.275, y_peak:        0.035, r_peak:        0.200, sig:        3.969, ra_peak:      336.175, dec_peak:       15.741
Characteristic density local = 9674.6 deg^-2 = 2.687 arcmin^-2
Fitting aperture to hotspot...
Candidate: x_peak:       -0.715, y_peak:       -0.455, r_peak:        0.050, sig:        3.622, ra_peak:      336.759, dec_peak:       15.254
Characteristic density local = 9648.8 deg^-2 = 2.680 arcmin^-2
Fitting aperture to hotspot...
Candidate: x_peak:       -0.675, y_peak:       -0.555, r_peak:        0.020, sig:        6.624, ra_peak:      336.801, dec_peak:       15.154
Characteristic density local = 9551.3 deg^-2 = 2.653 arcmin^-2
Fitting aperture to hotspot...
Candidate: x_peak:       -0.345, y_peak:        0.395, r_peak:        0.070, sig:        3.816, ra_peak:      337.141, dec_peak:       16.105
Characteristic density local = 9185.2 deg^-2 = 2.551 arcmin^-2
Fitting aperture to hotspot...
Candidate: x_peak:       -0.145, y_peak:       -0.795, r_peak:        0.020, sig:        6.077, ra_peak:      337.350, dec_peak:       14.915
Characteristic density local = 9135.5 deg^-2 = 2.538 arcmin^-2
Fitting aperture to hotspot...
Candidate: x_peak:        0.005, y_peak:        1.185, r_peak:        0.090, sig:        4.518, ra_peak:      337.505, dec_peak:       16.895
Characteristic density local = 8998.2 deg^-2 = 2.500 arcmin^-2
Fitting aperture to hotspot...
Candidate: x_peak:        0.125, y_peak:        0.315, r_peak:        0.020, sig:        6.166, ra_peak:      337.630, dec_peak:       16.025
Characteristic density local = 8417.3 deg^-2 = 2.338 arcmin^-2
Fitting aperture to hotspot...
Candidate: x_peak:        0.995, y_peak:        0.305, r_peak:        0.010, sig:        6.414, ra_peak:      338.535, dec_peak:       16.013
Characteristic density local = 7784.7 deg^-2 = 2.162 arcmin^-2
Fitting aperture to hotspot...
Candidate: x_peak:        1.085, y_peak:       -0.015, r_peak:        0.030, sig:        6.614, ra_peak:      338.627, dec_peak:       15.692
Distance = 20.0 kpc (m-M = 16.5)
651797 objects left after isochrone cut...
Characteristic density = 8800.0 deg^-2
Characteristic density local = 9455.8 deg^-2 = 2.627 arcmin^-2
Fitting aperture to hotspot...
Candidate: x_peak:       -1.275, y_peak:        0.035, r_peak:        0.200, sig:        3.969, ra_peak:      336.175, dec_peak:       15.741
Characteristic density local = 9674.6 deg^-2 = 2.687 arcmin^-2
Fitting aperture to hotspot...
Candidate: x_peak:       -0.715, y_peak:       -0.455, r_peak:        0.050, sig:        3.622, ra_peak:      336.759, dec_peak:       15.254
Characteristic density local = 9648.8 deg^-2 = 2.680 arcmin^-2
Fitting aperture to hotspot...
Candidate: x_peak:       -0.675, y_peak:       -0.555, r_peak:        0.020, sig:        6.624, ra_peak:      336.801, dec_peak:       15.154
Characteristic density local = 9551.3 deg^-2 = 2.653 arcmin^-2
Fitting aperture to hotspot...
Candidate: x_peak:       -0.345, y_peak:        0.395, r_peak:        0.070, sig:        3.816, ra_peak:      337.141, dec_peak:       16.105
Characteristic density local = 9185.2 deg^-2 = 2.551 arcmin^-2
Fitting aperture to hotspot...
Candidate: x_peak:       -0.145, y_peak:       -0.795, r_peak:        0.020, sig:        6.077, ra_peak:      337.350, dec_peak:       14.915
Characteristic density local = 9135.5 deg^-2 = 2.538 arcmin^-2
Fitting aperture to hotspot...
Candidate: x_peak:        0.005, y_peak:        1.185, r_peak:        0.090, sig:        4.518, ra_peak:      337.505, dec_peak:       16.895
Characteristic density local = 8998.2 deg^-2 = 2.500 arcmin^-2
Fitting aperture to hotspot...
Candidate: x_peak:        0.125, y_peak:        0.315, r_peak:        0.020, sig:        6.166, ra_peak:      337.630, dec_peak:       16.025
Characteristic density local = 8417.3 deg^-2 = 2.338 arcmin^-2
Fitting aperture to hotspot...
Candidate: x_peak:        0.995, y_peak:        0.305, r_peak:        0.010, sig:        6.414, ra_peak:      338.535, dec_peak:       16.013
Characteristic density local = 7784.7 deg^-2 = 2.162 arcmin^-2
Fitting aperture to hotspot...
Candidate: x_peak:        1.085, y_peak:       -0.015, r_peak:        0.030, sig:        6.614, ra_peak:      338.627, dec_peak:       15.692
Distance = 25.1 kpc (m-M = 17.0)
651797 objects left after isochrone cut...
Characteristic density = 8800.0 deg^-2
Characteristic density local = 9455.8 deg^-2 = 2.627 arcmin^-2
Fitting aperture to hotspot...
Candidate: x_peak:       -1.275, y_peak:        0.035, r_peak:        0.200, sig:        3.969, ra_peak:      336.175, dec_peak:       15.741
Characteristic density local = 9674.6 deg^-2 = 2.687 arcmin^-2
Fitting aperture to hotspot...
Candidate: x_peak:       -0.715, y_peak:       -0.455, r_peak:        0.050, sig:        3.622, ra_peak:      336.759, dec_peak:       15.254
Characteristic density local = 9648.8 deg^-2 = 2.680 arcmin^-2
Fitting aperture to hotspot...
Candidate: x_peak:       -0.675, y_peak:       -0.555, r_peak:        0.020, sig:        6.624, ra_peak:      336.801, dec_peak:       15.154
Characteristic density local = 9551.3 deg^-2 = 2.653 arcmin^-2
Fitting aperture to hotspot...
Candidate: x_peak:       -0.345, y_peak:        0.395, r_peak:        0.070, sig:        3.816, ra_peak:      337.141, dec_peak:       16.105
Characteristic density local = 9185.2 deg^-2 = 2.551 arcmin^-2
Fitting aperture to hotspot...
Candidate: x_peak:       -0.145, y_peak:       -0.795, r_peak:        0.020, sig:        6.077, ra_peak:      337.350, dec_peak:       14.915
Characteristic density local = 9135.5 deg^-2 = 2.538 arcmin^-2
Fitting aperture to hotspot...
Candidate: x_peak:        0.005, y_peak:        1.185, r_peak:        0.090, sig:        4.518, ra_peak:      337.505, dec_peak:       16.895
Characteristic density local = 8998.2 deg^-2 = 2.500 arcmin^-2
Fitting aperture to hotspot...
Candidate: x_peak:        0.125, y_peak:        0.315, r_peak:        0.020, sig:        6.166, ra_peak:      337.630, dec_peak:       16.025
Characteristic density local = 8417.3 deg^-2 = 2.338 arcmin^-2
Fitting aperture to hotspot...
Candidate: x_peak:        0.995, y_peak:        0.305, r_peak:        0.010, sig:        6.414, ra_peak:      338.535, dec_peak:       16.013
Characteristic density local = 7784.7 deg^-2 = 2.162 arcmin^-2
Fitting aperture to hotspot...
Candidate: x_peak:        1.085, y_peak:       -0.015, r_peak:        0.030, sig:        6.614, ra_peak:      338.627, dec_peak:       15.692
Distance = 31.6 kpc (m-M = 17.5)
651770 objects left after isochrone cut...
Characteristic density = 8800.0 deg^-2
Characteristic density local = 9455.8 deg^-2 = 2.627 arcmin^-2
Fitting aperture to hotspot...
Candidate: x_peak:       -1.275, y_peak:        0.035, r_peak:        0.200, sig:        3.969, ra_peak:      336.175, dec_peak:       15.741
Characteristic density local = 9674.6 deg^-2 = 2.687 arcmin^-2
Fitting aperture to hotspot...
Candidate: x_peak:       -0.715, y_peak:       -0.455, r_peak:        0.050, sig:        3.622, ra_peak:      336.759, dec_peak:       15.254
Characteristic density local = 9648.8 deg^-2 = 2.680 arcmin^-2
Fitting aperture to hotspot...
Candidate: x_peak:       -0.675, y_peak:       -0.555, r_peak:        0.020, sig:        6.624, ra_peak:      336.801, dec_peak:       15.154
Characteristic density local = 9551.3 deg^-2 = 2.653 arcmin^-2
Fitting aperture to hotspot...
Candidate: x_peak:       -0.345, y_peak:        0.395, r_peak:        0.070, sig:        3.816, ra_peak:      337.141, dec_peak:       16.105
Characteristic density local = 9185.2 deg^-2 = 2.551 arcmin^-2
Fitting aperture to hotspot...
Candidate: x_peak:       -0.145, y_peak:       -0.795, r_peak:        0.020, sig:        6.077, ra_peak:      337.350, dec_peak:       14.915
Characteristic density local = 9135.5 deg^-2 = 2.538 arcmin^-2
Fitting aperture to hotspot...
Candidate: x_peak:        0.005, y_peak:        1.185, r_peak:        0.090, sig:        4.518, ra_peak:      337.505, dec_peak:       16.895
Characteristic density local = 8998.2 deg^-2 = 2.500 arcmin^-2
Fitting aperture to hotspot...
Candidate: x_peak:        0.125, y_peak:        0.315, r_peak:        0.020, sig:        6.166, ra_peak:      337.630, dec_peak:       16.025
Characteristic density local = 8417.3 deg^-2 = 2.338 arcmin^-2
Fitting aperture to hotspot...
Candidate: x_peak:        0.995, y_peak:        0.305, r_peak:        0.010, sig:        6.414, ra_peak:      338.535, dec_peak:       16.013
Characteristic density local = 7784.7 deg^-2 = 2.162 arcmin^-2
Fitting aperture to hotspot...
Candidate: x_peak:        1.085, y_peak:       -0.015, r_peak:        0.030, sig:        6.614, ra_peak:      338.627, dec_peak:       15.692
Distance = 39.8 kpc (m-M = 18.0)
651563 objects left after isochrone cut...
Characteristic density = 8800.0 deg^-2
Characteristic density local = 9455.8 deg^-2 = 2.627 arcmin^-2
Fitting aperture to hotspot...
Candidate: x_peak:       -1.275, y_peak:        0.035, r_peak:        0.200, sig:        3.969, ra_peak:      336.175, dec_peak:       15.741
Characteristic density local = 9674.6 deg^-2 = 2.687 arcmin^-2
Fitting aperture to hotspot...
Candidate: x_peak:       -0.715, y_peak:       -0.455, r_peak:        0.050, sig:        3.622, ra_peak:      336.759, dec_peak:       15.254
Characteristic density local = 9648.8 deg^-2 = 2.680 arcmin^-2
Fitting aperture to hotspot...
Candidate: x_peak:       -0.675, y_peak:       -0.555, r_peak:        0.020, sig:        6.624, ra_peak:      336.801, dec_peak:       15.154
Characteristic density local = 9549.3 deg^-2 = 2.653 arcmin^-2
Fitting aperture to hotspot...
Candidate: x_peak:       -0.345, y_peak:        0.395, r_peak:        0.070, sig:        3.819, ra_peak:      337.141, dec_peak:       16.105
Characteristic density local = 9185.2 deg^-2 = 2.551 arcmin^-2
Fitting aperture to hotspot...
Candidate: x_peak:       -0.145, y_peak:       -0.795, r_peak:        0.020, sig:        6.077, ra_peak:      337.350, dec_peak:       14.915
Characteristic density local = 9135.5 deg^-2 = 2.538 arcmin^-2
Fitting aperture to hotspot...
Candidate: x_peak:        0.005, y_peak:        1.185, r_peak:        0.090, sig:        4.518, ra_peak:      337.505, dec_peak:       16.895
Characteristic density local = 8996.2 deg^-2 = 2.499 arcmin^-2
Fitting aperture to hotspot...
Candidate: x_peak:        0.125, y_peak:        0.315, r_peak:        0.020, sig:        6.166, ra_peak:      337.630, dec_peak:       16.025
Characteristic density local = 8417.3 deg^-2 = 2.338 arcmin^-2
Fitting aperture to hotspot...
Candidate: x_peak:        0.995, y_peak:        0.305, r_peak:        0.010, sig:        6.414, ra_peak:      338.535, dec_peak:       16.013
Characteristic density local = 7784.7 deg^-2 = 2.162 arcmin^-2
Fitting aperture to hotspot...
Candidate: x_peak:        1.085, y_peak:       -0.015, r_peak:        0.030, sig:        6.614, ra_peak:      338.627, dec_peak:       15.692
Distance = 50.1 kpc (m-M = 18.5)
650225 objects left after isochrone cut...
Characteristic density = 8700.0 deg^-2
Characteristic density local = 9429.9 deg^-2 = 2.619 arcmin^-2
Fitting aperture to hotspot...
Candidate: x_peak:       -1.275, y_peak:        0.035, r_peak:        0.030, sig:        3.976, ra_peak:      336.175, dec_peak:       15.741
Characteristic density local = 9644.8 deg^-2 = 2.679 arcmin^-2
Fitting aperture to hotspot...
Candidate: x_peak:       -0.675, y_peak:       -0.555, r_peak:        0.020, sig:        6.626, ra_peak:      336.801, dec_peak:       15.154
Characteristic density local = 9175.3 deg^-2 = 2.549 arcmin^-2
Fitting aperture to hotspot...
Candidate: x_peak:       -0.145, y_peak:       -0.795, r_peak:        0.020, sig:        6.082, ra_peak:      337.350, dec_peak:       14.915
Characteristic density local = 9075.8 deg^-2 = 2.521 arcmin^-2
Fitting aperture to hotspot...
Candidate: x_peak:        0.005, y_peak:        1.185, r_peak:        0.060, sig:        4.515, ra_peak:      337.505, dec_peak:       16.895
Characteristic density local = 8956.4 deg^-2 = 2.488 arcmin^-2
Fitting aperture to hotspot...
Candidate: x_peak:        0.125, y_peak:        0.315, r_peak:        0.020, sig:        6.185, ra_peak:      337.630, dec_peak:       16.025
Distance = 63.1 kpc (m-M = 19.0)
646220 objects left after isochrone cut...
Characteristic density = 8600.0 deg^-2
Characteristic density local = 9302.6 deg^-2 = 2.584 arcmin^-2
Fitting aperture to hotspot...
Candidate: x_peak:       -1.275, y_peak:        0.035, r_peak:        0.030, sig:        4.054, ra_peak:      336.175, dec_peak:       15.741
Characteristic density local = 9515.5 deg^-2 = 2.643 arcmin^-2
Fitting aperture to hotspot...
Candidate: x_peak:       -0.675, y_peak:       -0.555, r_peak:        0.020, sig:        6.686, ra_peak:      336.801, dec_peak:       15.154
Characteristic density local = 9069.8 deg^-2 = 2.519 arcmin^-2
Fitting aperture to hotspot...
Candidate: x_peak:       -0.145, y_peak:       -0.795, r_peak:        0.020, sig:        6.132, ra_peak:      337.350, dec_peak:       14.915
Characteristic density local = 8946.5 deg^-2 = 2.485 arcmin^-2
Fitting aperture to hotspot...
Candidate: x_peak:        0.005, y_peak:        1.185, r_peak:        0.090, sig:        4.368, ra_peak:      337.505, dec_peak:       16.895
Characteristic density local = 8841.1 deg^-2 = 2.456 arcmin^-2
Fitting aperture to hotspot...
Candidate: x_peak:        0.125, y_peak:        0.315, r_peak:        0.020, sig:        6.241, ra_peak:      337.630, dec_peak:       16.025
Distance = 79.4 kpc (m-M = 19.5)
640853 objects left after isochrone cut...
Characteristic density = 8400.0 deg^-2
Characteristic density local = 9109.6 deg^-2 = 2.530 arcmin^-2
Fitting aperture to hotspot...
Candidate: x_peak:       -1.275, y_peak:        0.035, r_peak:        0.030, sig:        4.017, ra_peak:      336.175, dec_peak:       15.741
Characteristic density local = 9322.5 deg^-2 = 2.590 arcmin^-2
Fitting aperture to hotspot...
Candidate: x_peak:       -0.675, y_peak:       -0.555, r_peak:        0.020, sig:        6.777, ra_peak:      336.801, dec_peak:       15.154
Characteristic density local = 8862.9 deg^-2 = 2.462 arcmin^-2
Fitting aperture to hotspot...
Candidate: x_peak:       -0.145, y_peak:       -0.795, r_peak:        0.020, sig:        6.034, ra_peak:      337.350, dec_peak:       14.915
Characteristic density local = 8634.2 deg^-2 = 2.398 arcmin^-2
Fitting aperture to hotspot...
Candidate: x_peak:        0.125, y_peak:        0.315, r_peak:        0.020, sig:        6.342, ra_peak:      337.630, dec_peak:       16.025
Distance = 100.0 kpc (m-M = 20.0)
634352 objects left after isochrone cut...
Characteristic density = 8200.0 deg^-2
Characteristic density local = 8888.8 deg^-2 = 2.469 arcmin^-2
Fitting aperture to hotspot...
Candidate: x_peak:       -1.265, y_peak:        0.045, r_peak:        0.030, sig:        4.784, ra_peak:      336.186, dec_peak:       15.751
Characteristic density local = 9051.9 deg^-2 = 2.514 arcmin^-2
Fitting aperture to hotspot...
Candidate: x_peak:       -0.675, y_peak:       -0.555, r_peak:        0.020, sig:        6.907, ra_peak:      336.801, dec_peak:       15.154
Characteristic density local = 8586.4 deg^-2 = 2.385 arcmin^-2
Fitting aperture to hotspot...
Candidate: x_peak:       -0.145, y_peak:       -0.795, r_peak:        0.020, sig:        6.167, ra_peak:      337.350, dec_peak:       14.915
Characteristic density local = 8459.1 deg^-2 = 2.350 arcmin^-2
Fitting aperture to hotspot...
Candidate: x_peak:        0.125, y_peak:        0.305, r_peak:        0.020, sig:        8.313, ra_peak:      337.630, dec_peak:       16.015
Characteristic density local = 7796.6 deg^-2 = 2.166 arcmin^-2
Fitting aperture to hotspot...
Candidate: x_peak:        0.995, y_peak:        0.305, r_peak:        0.010, sig:        6.605, ra_peak:      338.535, dec_peak:       16.013
Distance = 125.9 kpc (m-M = 20.5)
626839 objects left after isochrone cut...
Characteristic density = 7900.0 deg^-2
Characteristic density local = 8648.1 deg^-2 = 2.402 arcmin^-2
Fitting aperture to hotspot...
Candidate: x_peak:       -1.265, y_peak:        0.045, r_peak:        0.030, sig:        4.786, ra_peak:      336.186, dec_peak:       15.751
Characteristic density local = 8759.5 deg^-2 = 2.433 arcmin^-2
Fitting aperture to hotspot...
Candidate: x_peak:       -0.675, y_peak:       -0.555, r_peak:        0.020, sig:        7.051, ra_peak:      336.801, dec_peak:       15.154
Characteristic density local = 8307.9 deg^-2 = 2.308 arcmin^-2
Fitting aperture to hotspot...
Candidate: x_peak:       -0.145, y_peak:       -0.795, r_peak:        0.020, sig:        5.698, ra_peak:      337.350, dec_peak:       14.915
Characteristic density local = 8194.5 deg^-2 = 2.276 arcmin^-2
Fitting aperture to hotspot...
Candidate: x_peak:        0.125, y_peak:        0.305, r_peak:        0.020, sig:        8.272, ra_peak:      337.630, dec_peak:       16.015
Distance = 158.5 kpc (m-M = 21.0)
617902 objects left after isochrone cut...
Characteristic density = 7700.0 deg^-2
Characteristic density local = 8313.9 deg^-2 = 2.309 arcmin^-2
Fitting aperture to hotspot...
Candidate: x_peak:       -1.275, y_peak:        0.045, r_peak:        0.040, sig:        4.828, ra_peak:      336.175, dec_peak:       15.751
Characteristic density local = 8570.5 deg^-2 = 2.381 arcmin^-2
Fitting aperture to hotspot...
Candidate: x_peak:       -0.835, y_peak:        0.125, r_peak:        0.030, sig:        4.202, ra_peak:      336.632, dec_peak:       15.833
Characteristic density local = 8365.6 deg^-2 = 2.324 arcmin^-2
Fitting aperture to hotspot...
Candidate: x_peak:       -0.675, y_peak:       -0.555, r_peak:        0.020, sig:        6.866, ra_peak:      336.801, dec_peak:       15.154
Characteristic density local = 8459.1 deg^-2 = 2.350 arcmin^-2
Fitting aperture to hotspot...
Candidate: x_peak:       -0.535, y_peak:        0.215, r_peak:        0.030, sig:        4.595, ra_peak:      336.944, dec_peak:       15.924
Characteristic density local = 8311.9 deg^-2 = 2.309 arcmin^-2
Fitting aperture to hotspot...
Candidate: x_peak:       -0.345, y_peak:        0.395, r_peak:        0.070, sig:        4.070, ra_peak:      337.141, dec_peak:       16.105
Characteristic density local = 7981.6 deg^-2 = 2.217 arcmin^-2
Fitting aperture to hotspot...
Candidate: x_peak:       -0.145, y_peak:       -0.795, r_peak:        0.020, sig:        5.861, ra_peak:      337.350, dec_peak:       14.915
Characteristic density local = 7892.1 deg^-2 = 2.192 arcmin^-2
Fitting aperture to hotspot...
Candidate: x_peak:        0.125, y_peak:        0.305, r_peak:        0.020, sig:        8.253, ra_peak:      337.630, dec_peak:       16.015
Characteristic density local = 7249.5 deg^-2 = 2.014 arcmin^-2
Fitting aperture to hotspot...
Candidate: x_peak:        0.995, y_peak:        0.305, r_peak:        0.010, sig:        6.783, ra_peak:      338.535, dec_peak:       16.013
Characteristic density local = 6742.2 deg^-2 = 1.873 arcmin^-2
Fitting aperture to hotspot...
Candidate: x_peak:        1.075, y_peak:       -0.015, r_peak:        0.040, sig:        5.906, ra_peak:      338.617, dec_peak:       15.692
Distance = 199.5 kpc (m-M = 21.5)
607781 objects left after isochrone cut...
Characteristic density = 7300.0 deg^-2
Characteristic density local = 7949.8 deg^-2 = 2.208 arcmin^-2
Fitting aperture to hotspot...
Candidate: x_peak:       -1.275, y_peak:        0.045, r_peak:        0.040, sig:        5.023, ra_peak:      336.175, dec_peak:       15.751
Characteristic density local = 7979.6 deg^-2 = 2.217 arcmin^-2
Fitting aperture to hotspot...
Candidate: x_peak:       -0.675, y_peak:       -0.555, r_peak:        0.020, sig:        7.066, ra_peak:      336.801, dec_peak:       15.154
Characteristic density local = 8085.1 deg^-2 = 2.246 arcmin^-2
Fitting aperture to hotspot...
Candidate: x_peak:       -0.535, y_peak:        0.215, r_peak:        0.030, sig:        4.848, ra_peak:      336.944, dec_peak:       15.924
Characteristic density local = 7571.8 deg^-2 = 2.103 arcmin^-2
Fitting aperture to hotspot...
Candidate: x_peak:       -0.145, y_peak:       -0.785, r_peak:        0.030, sig:        5.846, ra_peak:      337.350, dec_peak:       14.925
Characteristic density local = 7565.8 deg^-2 = 2.102 arcmin^-2
Fitting aperture to hotspot...
Candidate: x_peak:        0.125, y_peak:        0.305, r_peak:        0.020, sig:        8.435, ra_peak:      337.630, dec_peak:       16.015
Characteristic density local = 6404.0 deg^-2 = 1.779 arcmin^-2
Fitting aperture to hotspot...
Candidate: x_peak:        1.075, y_peak:       -0.015, r_peak:        0.040, sig:        6.250, ra_peak:      338.617, dec_peak:       15.692
Distance = 251.2 kpc (m-M = 22.0)
595919 objects left after isochrone cut...
Characteristic density = 6900.0 deg^-2
Characteristic density local = 7500.2 deg^-2 = 2.083 arcmin^-2
Fitting aperture to hotspot...
Candidate: x_peak:       -1.275, y_peak:        0.035, r_peak:        0.030, sig:        4.601, ra_peak:      336.175, dec_peak:       15.741
Characteristic density local = 7526.0 deg^-2 = 2.091 arcmin^-2
Fitting aperture to hotspot...
Candidate: x_peak:       -0.675, y_peak:       -0.555, r_peak:        0.020, sig:        7.310, ra_peak:      336.801, dec_peak:       15.154
Characteristic density local = 7800.6 deg^-2 = 2.167 arcmin^-2
Fitting aperture to hotspot...
Candidate: x_peak:       -0.505, y_peak:       -0.065, r_peak:        0.030, sig:        3.544, ra_peak:      336.976, dec_peak:       15.644
Characteristic density local = 7173.9 deg^-2 = 1.993 arcmin^-2
Fitting aperture to hotspot...
Candidate: x_peak:       -0.145, y_peak:       -0.795, r_peak:        0.020, sig:        6.286, ra_peak:      337.350, dec_peak:       14.915
Characteristic density local = 7144.1 deg^-2 = 1.984 arcmin^-2
Fitting aperture to hotspot...
Candidate: x_peak:        0.125, y_peak:        0.305, r_peak:        0.020, sig:        8.110, ra_peak:      337.630, dec_peak:       16.015
Characteristic density local = 7231.6 deg^-2 = 2.009 arcmin^-2
Fitting aperture to hotspot...
Candidate: x_peak:        0.285, y_peak:       -0.245, r_peak:        0.020, sig:        5.396, ra_peak:      337.796, dec_peak:       15.465
Characteristic density local = 6543.3 deg^-2 = 1.818 arcmin^-2
Fitting aperture to hotspot...
Candidate: x_peak:        0.995, y_peak:        0.305, r_peak:        0.010, sig:        6.712, ra_peak:      338.535, dec_peak:       16.013
Characteristic density local = 5994.2 deg^-2 = 1.665 arcmin^-2
Fitting aperture to hotspot...
Candidate: x_peak:        1.085, y_peak:       -0.005, r_peak:        0.020, sig:        7.191, ra_peak:      338.627, dec_peak:       15.702
Distance = 316.2 kpc (m-M = 22.5)
582471 objects left after isochrone cut...
Characteristic density = 6400.0 deg^-2
Characteristic density local = 6929.2 deg^-2 = 1.925 arcmin^-2
Fitting aperture to hotspot...
Candidate: x_peak:       -1.265, y_peak:        0.035, r_peak:        0.030, sig:        5.353, ra_peak:      336.186, dec_peak:       15.741
Characteristic density local = 7026.7 deg^-2 = 1.952 arcmin^-2
Fitting aperture to hotspot...
Candidate: x_peak:       -0.675, y_peak:       -0.555, r_peak:        0.020, sig:        7.393, ra_peak:      336.801, dec_peak:       15.154
Characteristic density local = 7036.6 deg^-2 = 1.955 arcmin^-2
Fitting aperture to hotspot...
Candidate: x_peak:       -0.535, y_peak:        0.215, r_peak:        0.030, sig:        4.426, ra_peak:      336.944, dec_peak:       15.924
Characteristic density local = 7295.3 deg^-2 = 2.026 arcmin^-2
Fitting aperture to hotspot...
Candidate: x_peak:       -0.495, y_peak:       -0.065, r_peak:        0.030, sig:        3.362, ra_peak:      336.986, dec_peak:       15.644
Characteristic density local = 6706.4 deg^-2 = 1.863 arcmin^-2
Fitting aperture to hotspot...
Candidate: x_peak:       -0.145, y_peak:       -0.795, r_peak:        0.020, sig:        6.549, ra_peak:      337.350, dec_peak:       14.915
Characteristic density local = 6628.8 deg^-2 = 1.841 arcmin^-2
Fitting aperture to hotspot...
Candidate: x_peak:        0.125, y_peak:        0.305, r_peak:        0.020, sig:        8.224, ra_peak:      337.630, dec_peak:       16.015
Characteristic density local = 6662.6 deg^-2 = 1.851 arcmin^-2
Fitting aperture to hotspot...
Candidate: x_peak:        0.285, y_peak:       -0.245, r_peak:        0.020, sig:        5.707, ra_peak:      337.796, dec_peak:       15.465
Characteristic density local = 6099.6 deg^-2 = 1.694 arcmin^-2
Fitting aperture to hotspot...
Candidate: x_peak:        0.995, y_peak:        0.305, r_peak:        0.010, sig:        6.875, ra_peak:      338.535, dec_peak:       16.013
Characteristic density local = 5596.3 deg^-2 = 1.555 arcmin^-2
Fitting aperture to hotspot...
Candidate: x_peak:        1.085, y_peak:       -0.005, r_peak:        0.020, sig:        7.233, ra_peak:      338.627, dec_peak:       15.702
Distance = 398.1 kpc (m-M = 23.0)
566730 objects left after isochrone cut...
Characteristic density = 5900.0 deg^-2
Characteristic density local = 6270.7 deg^-2 = 1.742 arcmin^-2
Fitting aperture to hotspot...
Candidate: x_peak:       -1.265, y_peak:        0.035, r_peak:        0.020, sig:        5.012, ra_peak:      336.186, dec_peak:       15.741
Characteristic density local = 6408.0 deg^-2 = 1.780 arcmin^-2
Fitting aperture to hotspot...
Candidate: x_peak:       -0.675, y_peak:       -0.555, r_peak:        0.020, sig:        7.146, ra_peak:      336.801, dec_peak:       15.154
Characteristic density local = 6143.4 deg^-2 = 1.706 arcmin^-2
Fitting aperture to hotspot...
Candidate: x_peak:       -0.145, y_peak:       -0.795, r_peak:        0.020, sig:        6.451, ra_peak:      337.350, dec_peak:       14.915
Characteristic density local = 6063.8 deg^-2 = 1.684 arcmin^-2
Fitting aperture to hotspot...
Candidate: x_peak:        0.125, y_peak:        0.305, r_peak:        0.020, sig:        8.182, ra_peak:      337.630, dec_peak:       16.015
Characteristic density local = 6024.0 deg^-2 = 1.673 arcmin^-2
Fitting aperture to hotspot...
Candidate: x_peak:        0.285, y_peak:       -0.245, r_peak:        0.020, sig:        5.623, ra_peak:      337.796, dec_peak:       15.465
Characteristic density local = 5490.8 deg^-2 = 1.525 arcmin^-2
Fitting aperture to hotspot...
Candidate: x_peak:        0.985, y_peak:        0.295, r_peak:        0.040, sig:        5.860, ra_peak:      338.525, dec_peak:       16.003
Characteristic density local = 5140.7 deg^-2 = 1.428 arcmin^-2
Fitting aperture to hotspot...
Candidate: x_peak:        1.085, y_peak:       -0.005, r_peak:        0.020, sig:        7.100, ra_peak:      338.627, dec_peak:       15.702
8.44 sigma; (RA, Dec, d) = (337.63, 16.01); r = 0.02 deg; d = 199.5, mu = 21.50 mag), mc_source_id: 0.00
7.39 sigma; (RA, Dec, d) = (336.80, 15.15); r = 0.02 deg; d = 316.2, mu = 22.50 mag), mc_source_id: 0.00
7.23 sigma; (RA, Dec, d) = (338.63, 15.70); r = 0.02 deg; d = 316.2, mu = 22.50 mag), mc_source_id: 0.00
6.87 sigma; (RA, Dec, d) = (338.54, 16.01); r = 0.01 deg; d = 316.2, mu = 22.50 mag), mc_source_id: 0.00
6.55 sigma; (RA, Dec, d) = (337.35, 14.91); r = 0.02 deg; d = 316.2, mu = 22.50 mag), mc_source_id: 0.00
5.86 sigma; (RA, Dec, d) = (338.52, 16.00); r = 0.04 deg; d = 398.1, mu = 23.00 mag), mc_source_id: 0.00
5.71 sigma; (RA, Dec, d) = (337.80, 15.46); r = 0.02 deg; d = 316.2, mu = 22.50 mag), mc_source_id: 0.00
5.35 sigma; (RA, Dec, d) = (336.19, 15.74); r = 0.03 deg; d = 316.2, mu = 22.50 mag), mc_source_id: 0.00
4.85 sigma; (RA, Dec, d) = (336.94, 15.92); r = 0.03 deg; d = 199.5, mu = 21.50 mag), mc_source_id: 0.00
4.52 sigma; (RA, Dec, d) = (337.51, 16.90); r = 0.09 deg; d = 31.6, mu = 17.50 mag), mc_source_id: 0.00
4.20 sigma; (RA, Dec, d) = (336.63, 15.83); r = 0.03 deg; d = 158.5, mu = 21.00 mag), mc_source_id: 0.00
4.07 sigma; (RA, Dec, d) = (337.14, 16.10); r = 0.07 deg; d = 158.5, mu = 21.00 mag), mc_source_id: 0.00
3.62 sigma; (RA, Dec, d) = (336.76, 15.25); r = 0.05 deg; d = 39.8, mu = 18.00 mag), mc_source_id: 0.00
3.54 sigma; (RA, Dec, d) = (336.98, 15.64); r = 0.03 deg; d = 251.2, mu = 22.00 mag), mc_source_id: 0.00

------------------------------------------------------------
Job <679857.0> was submitted from <des51.fnal.gov> by user <tavangar>.
Job was executed on host <des40.fnal.gov> as user <tavangar>.
</var/lib/condor/execute/dir_1818123> was used as the initial working directory.
Results reported at Wed Jun  5 06:30:50 CDT 2019

Your job looked like:

------------------------------------------------------------
python /home/s1/tavangar/tavangar_simple/search_algorithm.py 337.50 15.71 0.00 /home/s1/tavangar/tavangar_simple/decals_dr7_results/results_nside_32_4536.csv /home/s1/tavangar/tavangar_simple/decals_dr7_results/decals_dr7_log/results_nside_32_4536.log
------------------------------------------------------------

Successfully completed.

Resource usage summary:

	Real time :			287.29 sec.
	CPU time :			6.35 sec.
	CPU percentage :		76%
	Max Memory :			4380640 KB
	Average Memory :		0 KB

The output (if any) is above this job summary.
