/home/s1/tavangar/tavangar_simple/simple_utils.py:170: FutureWarning: elementwise comparison failed; returning scalar instead, but in the future will perform elementwise comparison
  if np.all(isochrone.stage == 'Main'):
Search coordinates: (RA, Dec) = (23.91, 14.48)
Center healpixel: 4552
Healpixels: [4552 4680 4551 4424 4296 4425 4553 4681 4808]
MC_SOURCE_ID = 0.0
mode = 0: running only on real data
Found 1 objects...
Applying cuts...
484265 star-like objects in ROI...
744786 galaxy-like objects in ROI...
No fracdet map specified ...
Distance = 15.8 kpc (m-M = 16.0)
484254 objects left after isochrone cut...
Characteristic density = 4300.0 deg^-2
Characteristic density local = 5011.4 deg^-2 = 1.392 arcmin^-2
Fitting aperture to hotspot...
Candidate: x_peak:       -0.185, y_peak:       -0.085, r_peak:        0.030, sig:        6.982, ra_peak:       23.719, dec_peak:       14.395
Characteristic density local = 4621.5 deg^-2 = 1.284 arcmin^-2
Fitting aperture to hotspot...
Candidate: x_peak:       -0.135, y_peak:        0.785, r_peak:        0.020, sig:        7.246, ra_peak:       23.770, dec_peak:       15.265
Characteristic density local = 4649.3 deg^-2 = 1.291 arcmin^-2
Fitting aperture to hotspot...
Candidate: x_peak:        0.035, y_peak:        0.185, r_peak:        0.030, sig:       26.512, ra_peak:       23.946, dec_peak:       14.665
Characteristic density local = 4581.7 deg^-2 = 1.273 arcmin^-2
Fitting aperture to hotspot...
Candidate: x_peak:       -0.025, y_peak:        0.465, r_peak:        0.020, sig:        5.071, ra_peak:       23.884, dec_peak:       14.945
Characteristic density local = 4466.3 deg^-2 = 1.241 arcmin^-2
Fitting aperture to hotspot...
Candidate: x_peak:        0.265, y_peak:        0.765, r_peak:        0.020, sig:        5.668, ra_peak:       24.185, dec_peak:       15.245
Characteristic density local = 4935.8 deg^-2 = 1.371 arcmin^-2
Fitting aperture to hotspot...
Candidate: x_peak:        0.485, y_peak:       -0.325, r_peak:        0.020, sig:        5.839, ra_peak:       24.410, dec_peak:       14.154
Characteristic density local = 4673.2 deg^-2 = 1.298 arcmin^-2
Fitting aperture to hotspot...
Candidate: x_peak:        0.685, y_peak:       -0.555, r_peak:        0.020, sig:       13.015, ra_peak:       24.616, dec_peak:       13.924
Characteristic density local = 4520.0 deg^-2 = 1.256 arcmin^-2
Fitting aperture to hotspot...
Candidate: x_peak:        0.875, y_peak:       -0.195, r_peak:        0.020, sig:       21.020, ra_peak:       24.813, dec_peak:       14.283
Characteristic density local = 4247.4 deg^-2 = 1.180 arcmin^-2
Fitting aperture to hotspot...
Candidate: x_peak:        1.125, y_peak:        0.015, r_peak:        0.030, sig:        7.037, ra_peak:       25.072, dec_peak:       14.492
Distance = 20.0 kpc (m-M = 16.5)
484259 objects left after isochrone cut...
Characteristic density = 4300.0 deg^-2
Characteristic density local = 5011.4 deg^-2 = 1.392 arcmin^-2
Fitting aperture to hotspot...
Candidate: x_peak:       -0.185, y_peak:       -0.085, r_peak:        0.030, sig:        6.982, ra_peak:       23.719, dec_peak:       14.395
Characteristic density local = 4621.5 deg^-2 = 1.284 arcmin^-2
Fitting aperture to hotspot...
Candidate: x_peak:       -0.135, y_peak:        0.785, r_peak:        0.020, sig:        7.246, ra_peak:       23.770, dec_peak:       15.265
Characteristic density local = 4649.3 deg^-2 = 1.291 arcmin^-2
Fitting aperture to hotspot...
Candidate: x_peak:        0.035, y_peak:        0.185, r_peak:        0.030, sig:       26.512, ra_peak:       23.946, dec_peak:       14.665
Characteristic density local = 4581.7 deg^-2 = 1.273 arcmin^-2
Fitting aperture to hotspot...
Candidate: x_peak:       -0.025, y_peak:        0.465, r_peak:        0.020, sig:        5.071, ra_peak:       23.884, dec_peak:       14.945
Characteristic density local = 4466.3 deg^-2 = 1.241 arcmin^-2
Fitting aperture to hotspot...
Candidate: x_peak:        0.265, y_peak:        0.765, r_peak:        0.020, sig:        5.668, ra_peak:       24.185, dec_peak:       15.245
Characteristic density local = 4935.8 deg^-2 = 1.371 arcmin^-2
Fitting aperture to hotspot...
Candidate: x_peak:        0.485, y_peak:       -0.325, r_peak:        0.020, sig:        5.839, ra_peak:       24.410, dec_peak:       14.154
Characteristic density local = 4673.2 deg^-2 = 1.298 arcmin^-2
Fitting aperture to hotspot...
Candidate: x_peak:        0.685, y_peak:       -0.555, r_peak:        0.020, sig:       13.015, ra_peak:       24.616, dec_peak:       13.924
Characteristic density local = 4520.0 deg^-2 = 1.256 arcmin^-2
Fitting aperture to hotspot...
Candidate: x_peak:        0.875, y_peak:       -0.195, r_peak:        0.020, sig:       21.020, ra_peak:       24.813, dec_peak:       14.283
Characteristic density local = 4247.4 deg^-2 = 1.180 arcmin^-2
Fitting aperture to hotspot...
Candidate: x_peak:        1.125, y_peak:        0.015, r_peak:        0.030, sig:        7.037, ra_peak:       25.072, dec_peak:       14.492
Distance = 25.1 kpc (m-M = 17.0)
484260 objects left after isochrone cut...
Characteristic density = 4300.0 deg^-2
Characteristic density local = 5011.4 deg^-2 = 1.392 arcmin^-2
Fitting aperture to hotspot...
Candidate: x_peak:       -0.185, y_peak:       -0.085, r_peak:        0.030, sig:        6.982, ra_peak:       23.719, dec_peak:       14.395
Characteristic density local = 4621.5 deg^-2 = 1.284 arcmin^-2
Fitting aperture to hotspot...
Candidate: x_peak:       -0.135, y_peak:        0.785, r_peak:        0.020, sig:        7.246, ra_peak:       23.770, dec_peak:       15.265
Characteristic density local = 4649.3 deg^-2 = 1.291 arcmin^-2
Fitting aperture to hotspot...
Candidate: x_peak:        0.035, y_peak:        0.185, r_peak:        0.030, sig:       26.512, ra_peak:       23.946, dec_peak:       14.665
Characteristic density local = 4581.7 deg^-2 = 1.273 arcmin^-2
Fitting aperture to hotspot...
Candidate: x_peak:       -0.025, y_peak:        0.465, r_peak:        0.020, sig:        5.071, ra_peak:       23.884, dec_peak:       14.945
Characteristic density local = 4466.3 deg^-2 = 1.241 arcmin^-2
Fitting aperture to hotspot...
Candidate: x_peak:        0.265, y_peak:        0.765, r_peak:        0.020, sig:        5.668, ra_peak:       24.185, dec_peak:       15.245
Characteristic density local = 4935.8 deg^-2 = 1.371 arcmin^-2
Fitting aperture to hotspot...
Candidate: x_peak:        0.485, y_peak:       -0.325, r_peak:        0.020, sig:        5.839, ra_peak:       24.410, dec_peak:       14.154
Characteristic density local = 4673.2 deg^-2 = 1.298 arcmin^-2
Fitting aperture to hotspot...
Candidate: x_peak:        0.685, y_peak:       -0.555, r_peak:        0.020, sig:       13.015, ra_peak:       24.616, dec_peak:       13.924
Characteristic density local = 4520.0 deg^-2 = 1.256 arcmin^-2
Fitting aperture to hotspot...
Candidate: x_peak:        0.875, y_peak:       -0.195, r_peak:        0.020, sig:       21.020, ra_peak:       24.813, dec_peak:       14.283
Characteristic density local = 4247.4 deg^-2 = 1.180 arcmin^-2
Fitting aperture to hotspot...
Candidate: x_peak:        1.125, y_peak:        0.015, r_peak:        0.030, sig:        7.037, ra_peak:       25.072, dec_peak:       14.492
Distance = 31.6 kpc (m-M = 17.5)
484261 objects left after isochrone cut...
Characteristic density = 4300.0 deg^-2
Characteristic density local = 5011.4 deg^-2 = 1.392 arcmin^-2
Fitting aperture to hotspot...
Candidate: x_peak:       -0.185, y_peak:       -0.085, r_peak:        0.030, sig:        6.982, ra_peak:       23.719, dec_peak:       14.395
Characteristic density local = 4621.5 deg^-2 = 1.284 arcmin^-2
Fitting aperture to hotspot...
Candidate: x_peak:       -0.135, y_peak:        0.785, r_peak:        0.020, sig:        7.246, ra_peak:       23.770, dec_peak:       15.265
Characteristic density local = 4649.3 deg^-2 = 1.291 arcmin^-2
Fitting aperture to hotspot...
Candidate: x_peak:        0.035, y_peak:        0.185, r_peak:        0.030, sig:       26.512, ra_peak:       23.946, dec_peak:       14.665
Characteristic density local = 4581.7 deg^-2 = 1.273 arcmin^-2
Fitting aperture to hotspot...
Candidate: x_peak:       -0.025, y_peak:        0.465, r_peak:        0.020, sig:        5.071, ra_peak:       23.884, dec_peak:       14.945
Characteristic density local = 4466.3 deg^-2 = 1.241 arcmin^-2
Fitting aperture to hotspot...
Candidate: x_peak:        0.265, y_peak:        0.765, r_peak:        0.020, sig:        5.668, ra_peak:       24.185, dec_peak:       15.245
Characteristic density local = 4935.8 deg^-2 = 1.371 arcmin^-2
Fitting aperture to hotspot...
Candidate: x_peak:        0.485, y_peak:       -0.325, r_peak:        0.020, sig:        5.839, ra_peak:       24.410, dec_peak:       14.154
Characteristic density local = 4673.2 deg^-2 = 1.298 arcmin^-2
Fitting aperture to hotspot...
Candidate: x_peak:        0.685, y_peak:       -0.555, r_peak:        0.020, sig:       13.015, ra_peak:       24.616, dec_peak:       13.924
Characteristic density local = 4520.0 deg^-2 = 1.256 arcmin^-2
Fitting aperture to hotspot...
Candidate: x_peak:        0.875, y_peak:       -0.195, r_peak:        0.020, sig:       21.020, ra_peak:       24.813, dec_peak:       14.283
Characteristic density local = 4247.4 deg^-2 = 1.180 arcmin^-2
Fitting aperture to hotspot...
Candidate: x_peak:        1.125, y_peak:        0.015, r_peak:        0.030, sig:        7.037, ra_peak:       25.072, dec_peak:       14.492
Distance = 39.8 kpc (m-M = 18.0)
484242 objects left after isochrone cut...
Characteristic density = 4300.0 deg^-2
Characteristic density local = 5011.4 deg^-2 = 1.392 arcmin^-2
Fitting aperture to hotspot...
Candidate: x_peak:       -0.185, y_peak:       -0.085, r_peak:        0.030, sig:        6.982, ra_peak:       23.719, dec_peak:       14.395
Characteristic density local = 4621.5 deg^-2 = 1.284 arcmin^-2
Fitting aperture to hotspot...
Candidate: x_peak:       -0.135, y_peak:        0.785, r_peak:        0.020, sig:        7.246, ra_peak:       23.770, dec_peak:       15.265
Characteristic density local = 4649.3 deg^-2 = 1.291 arcmin^-2
Fitting aperture to hotspot...
Candidate: x_peak:        0.035, y_peak:        0.185, r_peak:        0.030, sig:       26.512, ra_peak:       23.946, dec_peak:       14.665
Characteristic density local = 4581.7 deg^-2 = 1.273 arcmin^-2
Fitting aperture to hotspot...
Candidate: x_peak:       -0.025, y_peak:        0.465, r_peak:        0.020, sig:        5.071, ra_peak:       23.884, dec_peak:       14.945
Characteristic density local = 4466.3 deg^-2 = 1.241 arcmin^-2
Fitting aperture to hotspot...
Candidate: x_peak:        0.265, y_peak:        0.765, r_peak:        0.020, sig:        5.668, ra_peak:       24.185, dec_peak:       15.245
Characteristic density local = 4935.8 deg^-2 = 1.371 arcmin^-2
Fitting aperture to hotspot...
Candidate: x_peak:        0.485, y_peak:       -0.325, r_peak:        0.020, sig:        5.839, ra_peak:       24.410, dec_peak:       14.154
Characteristic density local = 4673.2 deg^-2 = 1.298 arcmin^-2
Fitting aperture to hotspot...
Candidate: x_peak:        0.685, y_peak:       -0.555, r_peak:        0.020, sig:       13.015, ra_peak:       24.616, dec_peak:       13.924
Characteristic density local = 4518.0 deg^-2 = 1.255 arcmin^-2
Fitting aperture to hotspot...
Candidate: x_peak:        0.875, y_peak:       -0.195, r_peak:        0.020, sig:       21.022, ra_peak:       24.813, dec_peak:       14.283
Characteristic density local = 4245.5 deg^-2 = 1.179 arcmin^-2
Fitting aperture to hotspot...
Candidate: x_peak:        1.125, y_peak:        0.015, r_peak:        0.030, sig:        7.039, ra_peak:       25.072, dec_peak:       14.492
Distance = 50.1 kpc (m-M = 18.5)
483738 objects left after isochrone cut...
Characteristic density = 4300.0 deg^-2
Characteristic density local = 4991.5 deg^-2 = 1.387 arcmin^-2
Fitting aperture to hotspot...
Candidate: x_peak:       -0.185, y_peak:       -0.085, r_peak:        0.030, sig:        7.001, ra_peak:       23.719, dec_peak:       14.395
Characteristic density local = 4575.7 deg^-2 = 1.271 arcmin^-2
Fitting aperture to hotspot...
Candidate: x_peak:       -0.135, y_peak:        0.785, r_peak:        0.020, sig:        7.280, ra_peak:       23.770, dec_peak:       15.265
Characteristic density local = 4627.4 deg^-2 = 1.285 arcmin^-2
Fitting aperture to hotspot...
Candidate: x_peak:        0.035, y_peak:        0.185, r_peak:        0.030, sig:       26.545, ra_peak:       23.946, dec_peak:       14.665
Characteristic density local = 4543.9 deg^-2 = 1.262 arcmin^-2
Fitting aperture to hotspot...
Candidate: x_peak:       -0.025, y_peak:        0.465, r_peak:        0.020, sig:        5.097, ra_peak:       23.884, dec_peak:       14.945
Characteristic density local = 4434.5 deg^-2 = 1.232 arcmin^-2
Fitting aperture to hotspot...
Candidate: x_peak:        0.265, y_peak:        0.765, r_peak:        0.020, sig:        5.691, ra_peak:       24.185, dec_peak:       15.245
Characteristic density local = 4927.8 deg^-2 = 1.369 arcmin^-2
Fitting aperture to hotspot...
Candidate: x_peak:        0.485, y_peak:       -0.325, r_peak:        0.020, sig:        5.844, ra_peak:       24.410, dec_peak:       14.154
Characteristic density local = 4671.2 deg^-2 = 1.298 arcmin^-2
Fitting aperture to hotspot...
Candidate: x_peak:        0.685, y_peak:       -0.555, r_peak:        0.020, sig:       13.017, ra_peak:       24.616, dec_peak:       13.924
Characteristic density local = 4508.1 deg^-2 = 1.252 arcmin^-2
Fitting aperture to hotspot...
Candidate: x_peak:        0.875, y_peak:       -0.195, r_peak:        0.020, sig:       21.033, ra_peak:       24.813, dec_peak:       14.283
Characteristic density local = 4241.5 deg^-2 = 1.178 arcmin^-2
Fitting aperture to hotspot...
Candidate: x_peak:        1.125, y_peak:        0.015, r_peak:        0.030, sig:        7.043, ra_peak:       25.072, dec_peak:       14.492
Distance = 63.1 kpc (m-M = 19.0)
482037 objects left after isochrone cut...
Characteristic density = 4300.0 deg^-2
Characteristic density local = 4927.8 deg^-2 = 1.369 arcmin^-2
Fitting aperture to hotspot...
Candidate: x_peak:       -0.185, y_peak:       -0.085, r_peak:        0.030, sig:        7.062, ra_peak:       23.719, dec_peak:       14.395
Characteristic density local = 4488.2 deg^-2 = 1.247 arcmin^-2
Fitting aperture to hotspot...
Candidate: x_peak:       -0.135, y_peak:        0.785, r_peak:        0.020, sig:        7.346, ra_peak:       23.770, dec_peak:       15.265
Characteristic density local = 4563.8 deg^-2 = 1.268 arcmin^-2
Fitting aperture to hotspot...
Candidate: x_peak:        0.035, y_peak:        0.185, r_peak:        0.030, sig:       26.642, ra_peak:       23.946, dec_peak:       14.665
Characteristic density local = 4380.7 deg^-2 = 1.217 arcmin^-2
Fitting aperture to hotspot...
Candidate: x_peak:       -0.025, y_peak:        0.455, r_peak:        0.040, sig:        4.729, ra_peak:       23.884, dec_peak:       14.935
Characteristic density local = 4344.9 deg^-2 = 1.207 arcmin^-2
Fitting aperture to hotspot...
Candidate: x_peak:        0.265, y_peak:        0.765, r_peak:        0.020, sig:        5.756, ra_peak:       24.185, dec_peak:       15.245
Characteristic density local = 4876.1 deg^-2 = 1.354 arcmin^-2
Fitting aperture to hotspot...
Candidate: x_peak:        0.485, y_peak:       -0.325, r_peak:        0.020, sig:        5.880, ra_peak:       24.410, dec_peak:       14.154
Characteristic density local = 4627.4 deg^-2 = 1.285 arcmin^-2
Fitting aperture to hotspot...
Candidate: x_peak:        0.685, y_peak:       -0.555, r_peak:        0.020, sig:       13.055, ra_peak:       24.616, dec_peak:       13.924
Characteristic density local = 4468.3 deg^-2 = 1.241 arcmin^-2
Fitting aperture to hotspot...
Candidate: x_peak:        0.875, y_peak:       -0.195, r_peak:        0.020, sig:       21.077, ra_peak:       24.813, dec_peak:       14.283
Characteristic density local = 4201.7 deg^-2 = 1.167 arcmin^-2
Fitting aperture to hotspot...
Candidate: x_peak:        1.125, y_peak:        0.015, r_peak:        0.030, sig:        7.086, ra_peak:       25.072, dec_peak:       14.492
Distance = 79.4 kpc (m-M = 19.5)
479442 objects left after isochrone cut...
Characteristic density = 4200.0 deg^-2
Characteristic density local = 4856.2 deg^-2 = 1.349 arcmin^-2
Fitting aperture to hotspot...
Candidate: x_peak:       -0.185, y_peak:       -0.085, r_peak:        0.030, sig:        7.132, ra_peak:       23.719, dec_peak:       14.395
Characteristic density local = 4368.8 deg^-2 = 1.214 arcmin^-2
Fitting aperture to hotspot...
Candidate: x_peak:       -0.135, y_peak:        0.795, r_peak:        0.020, sig:        7.438, ra_peak:       23.770, dec_peak:       15.275
Characteristic density local = 4484.2 deg^-2 = 1.246 arcmin^-2
Fitting aperture to hotspot...
Candidate: x_peak:        0.035, y_peak:        0.185, r_peak:        0.030, sig:       26.763, ra_peak:       23.946, dec_peak:       14.665
Characteristic density local = 4325.0 deg^-2 = 1.201 arcmin^-2
Fitting aperture to hotspot...
Candidate: x_peak:       -0.025, y_peak:        0.455, r_peak:        0.040, sig:        4.799, ra_peak:       23.884, dec_peak:       14.935
Characteristic density local = 4255.4 deg^-2 = 1.182 arcmin^-2
Fitting aperture to hotspot...
Candidate: x_peak:        0.265, y_peak:        0.765, r_peak:        0.020, sig:        5.822, ra_peak:       24.185, dec_peak:       15.245
Characteristic density local = 4796.5 deg^-2 = 1.332 arcmin^-2
Fitting aperture to hotspot...
Candidate: x_peak:        0.485, y_peak:       -0.325, r_peak:        0.020, sig:        5.934, ra_peak:       24.410, dec_peak:       14.154
Characteristic density local = 4557.8 deg^-2 = 1.266 arcmin^-2
Fitting aperture to hotspot...
Candidate: x_peak:        0.685, y_peak:       -0.555, r_peak:        0.020, sig:       13.118, ra_peak:       24.616, dec_peak:       13.924
Characteristic density local = 4392.7 deg^-2 = 1.220 arcmin^-2
Fitting aperture to hotspot...
Candidate: x_peak:        0.875, y_peak:       -0.195, r_peak:        0.020, sig:       21.161, ra_peak:       24.813, dec_peak:       14.283
Characteristic density local = 4126.1 deg^-2 = 1.146 arcmin^-2
Fitting aperture to hotspot...
Candidate: x_peak:        1.125, y_peak:        0.015, r_peak:        0.030, sig:        7.167, ra_peak:       25.072, dec_peak:       14.492
Distance = 100.0 kpc (m-M = 20.0)
476414 objects left after isochrone cut...
Characteristic density = 4100.0 deg^-2
Characteristic density local = 4762.7 deg^-2 = 1.323 arcmin^-2
Fitting aperture to hotspot...
Candidate: x_peak:       -0.175, y_peak:       -0.085, r_peak:        0.020, sig:        7.817, ra_peak:       23.729, dec_peak:       14.395
Characteristic density local = 4271.3 deg^-2 = 1.186 arcmin^-2
Fitting aperture to hotspot...
Candidate: x_peak:       -0.135, y_peak:        0.785, r_peak:        0.020, sig:        7.514, ra_peak:       23.770, dec_peak:       15.265
Characteristic density local = 4352.9 deg^-2 = 1.209 arcmin^-2
Fitting aperture to hotspot...
Candidate: x_peak:        0.035, y_peak:        0.185, r_peak:        0.030, sig:       26.865, ra_peak:       23.946, dec_peak:       14.665
Characteristic density local = 4221.6 deg^-2 = 1.173 arcmin^-2
Fitting aperture to hotspot...
Candidate: x_peak:       -0.025, y_peak:        0.455, r_peak:        0.040, sig:        4.929, ra_peak:       23.884, dec_peak:       14.935
Characteristic density local = 4169.9 deg^-2 = 1.158 arcmin^-2
Fitting aperture to hotspot...
Candidate: x_peak:        0.265, y_peak:        0.765, r_peak:        0.020, sig:        5.886, ra_peak:       24.185, dec_peak:       15.245
Characteristic density local = 4707.0 deg^-2 = 1.308 arcmin^-2
Fitting aperture to hotspot...
Candidate: x_peak:        0.485, y_peak:       -0.325, r_peak:        0.020, sig:        5.997, ra_peak:       24.410, dec_peak:       14.154
Characteristic density local = 4472.3 deg^-2 = 1.242 arcmin^-2
Fitting aperture to hotspot...
Candidate: x_peak:        0.685, y_peak:       -0.555, r_peak:        0.020, sig:       13.196, ra_peak:       24.616, dec_peak:       13.924
Characteristic density local = 4283.3 deg^-2 = 1.190 arcmin^-2
Fitting aperture to hotspot...
Candidate: x_peak:        0.875, y_peak:       -0.195, r_peak:        0.020, sig:       21.285, ra_peak:       24.813, dec_peak:       14.283
Characteristic density local = 4044.5 deg^-2 = 1.123 arcmin^-2
Fitting aperture to hotspot...
Candidate: x_peak:        1.125, y_peak:        0.015, r_peak:        0.030, sig:        7.071, ra_peak:       25.072, dec_peak:       14.492
Distance = 125.9 kpc (m-M = 20.5)
472927 objects left after isochrone cut...
Characteristic density = 4000.0 deg^-2
Characteristic density local = 4635.4 deg^-2 = 1.288 arcmin^-2
Fitting aperture to hotspot...
Candidate: x_peak:       -0.185, y_peak:       -0.085, r_peak:        0.030, sig:        7.353, ra_peak:       23.719, dec_peak:       14.395
Characteristic density local = 4165.9 deg^-2 = 1.157 arcmin^-2
Fitting aperture to hotspot...
Candidate: x_peak:       -0.135, y_peak:        0.785, r_peak:        0.020, sig:        7.599, ra_peak:       23.770, dec_peak:       15.265
Characteristic density local = 4239.5 deg^-2 = 1.178 arcmin^-2
Fitting aperture to hotspot...
Candidate: x_peak:        0.035, y_peak:        0.185, r_peak:        0.030, sig:       27.046, ra_peak:       23.946, dec_peak:       14.665
Characteristic density local = 4100.2 deg^-2 = 1.139 arcmin^-2
Fitting aperture to hotspot...
Candidate: x_peak:       -0.025, y_peak:        0.455, r_peak:        0.040, sig:        5.085, ra_peak:       23.884, dec_peak:       14.935
Characteristic density local = 4050.5 deg^-2 = 1.125 arcmin^-2
Fitting aperture to hotspot...
Candidate: x_peak:        0.265, y_peak:        0.765, r_peak:        0.020, sig:        5.717, ra_peak:       24.185, dec_peak:       15.245
Characteristic density local = 4573.7 deg^-2 = 1.270 arcmin^-2
Fitting aperture to hotspot...
Candidate: x_peak:        0.485, y_peak:       -0.325, r_peak:        0.020, sig:        6.092, ra_peak:       24.410, dec_peak:       14.154
Characteristic density local = 4329.0 deg^-2 = 1.203 arcmin^-2
Fitting aperture to hotspot...
Candidate: x_peak:        0.685, y_peak:       -0.555, r_peak:        0.020, sig:       13.329, ra_peak:       24.616, dec_peak:       13.924
Characteristic density local = 4140.0 deg^-2 = 1.150 arcmin^-2
Fitting aperture to hotspot...
Candidate: x_peak:        0.875, y_peak:       -0.195, r_peak:        0.020, sig:       21.452, ra_peak:       24.813, dec_peak:       14.283
Characteristic density local = 3905.3 deg^-2 = 1.085 arcmin^-2
Fitting aperture to hotspot...
Candidate: x_peak:        1.115, y_peak:        0.005, r_peak:        0.040, sig:        6.478, ra_peak:       25.062, dec_peak:       14.482
Distance = 158.5 kpc (m-M = 21.0)
468990 objects left after isochrone cut...
Characteristic density = 3800.0 deg^-2
Characteristic density local = 4506.1 deg^-2 = 1.252 arcmin^-2
Fitting aperture to hotspot...
Candidate: x_peak:       -0.175, y_peak:       -0.085, r_peak:        0.020, sig:        8.013, ra_peak:       23.729, dec_peak:       14.395
Characteristic density local = 4016.7 deg^-2 = 1.116 arcmin^-2
Fitting aperture to hotspot...
Candidate: x_peak:       -0.145, y_peak:        0.785, r_peak:        0.020, sig:        7.953, ra_peak:       23.760, dec_peak:       15.265
Characteristic density local = 4080.3 deg^-2 = 1.133 arcmin^-2
Fitting aperture to hotspot...
Candidate: x_peak:        0.035, y_peak:        0.185, r_peak:        0.030, sig:       27.307, ra_peak:       23.946, dec_peak:       14.665
Characteristic density local = 3970.9 deg^-2 = 1.103 arcmin^-2
Fitting aperture to hotspot...
Candidate: x_peak:       -0.025, y_peak:        0.455, r_peak:        0.040, sig:        5.255, ra_peak:       23.884, dec_peak:       14.935
Characteristic density local = 3925.2 deg^-2 = 1.090 arcmin^-2
Fitting aperture to hotspot...
Candidate: x_peak:        0.265, y_peak:        0.765, r_peak:        0.020, sig:        5.814, ra_peak:       24.185, dec_peak:       15.245
Characteristic density local = 4422.5 deg^-2 = 1.228 arcmin^-2
Fitting aperture to hotspot...
Candidate: x_peak:        0.485, y_peak:       -0.325, r_peak:        0.020, sig:        6.201, ra_peak:       24.410, dec_peak:       14.154
Characteristic density local = 4197.7 deg^-2 = 1.166 arcmin^-2
Fitting aperture to hotspot...
Candidate: x_peak:        0.685, y_peak:       -0.555, r_peak:        0.020, sig:       13.273, ra_peak:       24.616, dec_peak:       13.924
Characteristic density local = 4016.7 deg^-2 = 1.116 arcmin^-2
Fitting aperture to hotspot...
Candidate: x_peak:        0.875, y_peak:       -0.195, r_peak:        0.020, sig:       21.599, ra_peak:       24.813, dec_peak:       14.283
Characteristic density local = 3781.9 deg^-2 = 1.051 arcmin^-2
Fitting aperture to hotspot...
Candidate: x_peak:        1.125, y_peak:        0.015, r_peak:        0.030, sig:        7.176, ra_peak:       25.072, dec_peak:       14.492
Distance = 199.5 kpc (m-M = 21.5)
464459 objects left after isochrone cut...
Characteristic density = 3700.0 deg^-2
Characteristic density local = 4350.9 deg^-2 = 1.209 arcmin^-2
Fitting aperture to hotspot...
Candidate: x_peak:       -0.175, y_peak:       -0.085, r_peak:        0.020, sig:        8.135, ra_peak:       23.729, dec_peak:       14.395
Characteristic density local = 3855.5 deg^-2 = 1.071 arcmin^-2
Fitting aperture to hotspot...
Candidate: x_peak:       -0.135, y_peak:        0.785, r_peak:        0.020, sig:        7.620, ra_peak:       23.770, dec_peak:       15.265
Characteristic density local = 3913.2 deg^-2 = 1.087 arcmin^-2
Fitting aperture to hotspot...
Candidate: x_peak:        0.035, y_peak:        0.185, r_peak:        0.030, sig:       27.589, ra_peak:       23.946, dec_peak:       14.665
Characteristic density local = 3865.5 deg^-2 = 1.074 arcmin^-2
Fitting aperture to hotspot...
Candidate: x_peak:       -0.035, y_peak:        0.455, r_peak:        0.010, sig:        5.673, ra_peak:       23.874, dec_peak:       14.935
Characteristic density local = 3776.0 deg^-2 = 1.049 arcmin^-2
Fitting aperture to hotspot...
Candidate: x_peak:        0.265, y_peak:        0.765, r_peak:        0.020, sig:        5.932, ra_peak:       24.185, dec_peak:       15.245
Characteristic density local = 4271.3 deg^-2 = 1.186 arcmin^-2
Fitting aperture to hotspot...
Candidate: x_peak:        0.485, y_peak:       -0.325, r_peak:        0.020, sig:        6.314, ra_peak:       24.410, dec_peak:       14.154
Characteristic density local = 4030.6 deg^-2 = 1.120 arcmin^-2
Fitting aperture to hotspot...
Candidate: x_peak:        0.685, y_peak:       -0.555, r_peak:        0.020, sig:       13.436, ra_peak:       24.616, dec_peak:       13.924
Characteristic density local = 3899.3 deg^-2 = 1.083 arcmin^-2
Fitting aperture to hotspot...
Candidate: x_peak:        0.875, y_peak:       -0.195, r_peak:        0.020, sig:       21.455, ra_peak:       24.813, dec_peak:       14.283
Characteristic density local = 3622.8 deg^-2 = 1.006 arcmin^-2
Fitting aperture to hotspot...
Candidate: x_peak:        1.115, y_peak:        0.005, r_peak:        0.040, sig:        6.559, ra_peak:       25.062, dec_peak:       14.482
Distance = 251.2 kpc (m-M = 22.0)
459139 objects left after isochrone cut...
Characteristic density = 3500.0 deg^-2
Characteristic density local = 4148.0 deg^-2 = 1.152 arcmin^-2
Fitting aperture to hotspot...
Candidate: x_peak:       -0.185, y_peak:       -0.085, r_peak:        0.030, sig:        7.143, ra_peak:       23.719, dec_peak:       14.395
Characteristic density local = 3660.6 deg^-2 = 1.017 arcmin^-2
Fitting aperture to hotspot...
Candidate: x_peak:       -0.145, y_peak:        0.785, r_peak:        0.020, sig:        8.262, ra_peak:       23.760, dec_peak:       15.265
Characteristic density local = 3744.1 deg^-2 = 1.040 arcmin^-2
Fitting aperture to hotspot...
Candidate: x_peak:        0.035, y_peak:        0.185, r_peak:        0.030, sig:       27.676, ra_peak:       23.946, dec_peak:       14.665
Characteristic density local = 3752.1 deg^-2 = 1.042 arcmin^-2
Fitting aperture to hotspot...
Candidate: x_peak:       -0.035, y_peak:        0.465, r_peak:        0.020, sig:        6.726, ra_peak:       23.874, dec_peak:       14.945
Characteristic density local = 3626.7 deg^-2 = 1.007 arcmin^-2
Fitting aperture to hotspot...
Candidate: x_peak:        0.275, y_peak:        0.765, r_peak:        0.020, sig:        5.514, ra_peak:       24.195, dec_peak:       15.245
Characteristic density local = 4104.2 deg^-2 = 1.140 arcmin^-2
Fitting aperture to hotspot...
Candidate: x_peak:        0.485, y_peak:       -0.325, r_peak:        0.020, sig:        6.442, ra_peak:       24.410, dec_peak:       14.154
Characteristic density local = 3885.4 deg^-2 = 1.079 arcmin^-2
Fitting aperture to hotspot...
Candidate: x_peak:        0.685, y_peak:       -0.555, r_peak:        0.020, sig:       13.583, ra_peak:       24.616, dec_peak:       13.924
Characteristic density local = 3754.1 deg^-2 = 1.043 arcmin^-2
Fitting aperture to hotspot...
Candidate: x_peak:        0.875, y_peak:       -0.195, r_peak:        0.020, sig:       21.637, ra_peak:       24.813, dec_peak:       14.283
Characteristic density local = 3475.5 deg^-2 = 0.965 arcmin^-2
Fitting aperture to hotspot...
Candidate: x_peak:        1.115, y_peak:        0.005, r_peak:        0.040, sig:        6.447, ra_peak:       25.062, dec_peak:       14.482
Distance = 316.2 kpc (m-M = 22.5)
453235 objects left after isochrone cut...
Characteristic density = 3300.0 deg^-2
Characteristic density local = 3972.9 deg^-2 = 1.104 arcmin^-2
Fitting aperture to hotspot...
Candidate: x_peak:       -0.175, y_peak:       -0.085, r_peak:        0.020, sig:        8.220, ra_peak:       23.729, dec_peak:       14.395
Characteristic density local = 3439.7 deg^-2 = 0.955 arcmin^-2
Fitting aperture to hotspot...
Candidate: x_peak:       -0.145, y_peak:        0.785, r_peak:        0.020, sig:        8.465, ra_peak:       23.760, dec_peak:       15.265
Characteristic density local = 3539.2 deg^-2 = 0.983 arcmin^-2
Fitting aperture to hotspot...
Candidate: x_peak:        0.035, y_peak:        0.185, r_peak:        0.030, sig:       27.942, ra_peak:       23.946, dec_peak:       14.665
Characteristic density local = 3585.0 deg^-2 = 0.996 arcmin^-2
Fitting aperture to hotspot...
Candidate: x_peak:       -0.035, y_peak:        0.465, r_peak:        0.020, sig:        6.612, ra_peak:       23.874, dec_peak:       14.945
Characteristic density local = 3423.8 deg^-2 = 0.951 arcmin^-2
Fitting aperture to hotspot...
Candidate: x_peak:        0.265, y_peak:        0.765, r_peak:        0.020, sig:        6.226, ra_peak:       24.185, dec_peak:       15.245
Characteristic density local = 3877.4 deg^-2 = 1.077 arcmin^-2
Fitting aperture to hotspot...
Candidate: x_peak:        0.485, y_peak:       -0.325, r_peak:        0.020, sig:        6.623, ra_peak:       24.410, dec_peak:       14.154
Characteristic density local = 3686.4 deg^-2 = 1.024 arcmin^-2
Fitting aperture to hotspot...
Candidate: x_peak:        0.685, y_peak:       -0.555, r_peak:        0.020, sig:       13.605, ra_peak:       24.616, dec_peak:       13.924
Characteristic density local = 3545.2 deg^-2 = 0.985 arcmin^-2
Fitting aperture to hotspot...
Candidate: x_peak:        0.875, y_peak:       -0.195, r_peak:        0.020, sig:       21.908, ra_peak:       24.813, dec_peak:       14.283
Characteristic density local = 3298.5 deg^-2 = 0.916 arcmin^-2
Fitting aperture to hotspot...
Candidate: x_peak:        1.115, y_peak:        0.005, r_peak:        0.040, sig:        6.548, ra_peak:       25.062, dec_peak:       14.482
Distance = 398.1 kpc (m-M = 23.0)
446064 objects left after isochrone cut...
Characteristic density = 3100.0 deg^-2
Characteristic density local = 3684.4 deg^-2 = 1.023 arcmin^-2
Fitting aperture to hotspot...
Candidate: x_peak:       -0.175, y_peak:       -0.085, r_peak:        0.020, sig:        8.473, ra_peak:       23.729, dec_peak:       14.395
Characteristic density local = 3199.0 deg^-2 = 0.889 arcmin^-2
Fitting aperture to hotspot...
Candidate: x_peak:       -0.145, y_peak:        0.785, r_peak:        0.020, sig:        8.699, ra_peak:       23.760, dec_peak:       15.265
Characteristic density local = 3360.2 deg^-2 = 0.933 arcmin^-2
Fitting aperture to hotspot...
Candidate: x_peak:       -0.035, y_peak:        0.465, r_peak:        0.020, sig:        6.809, ra_peak:       23.874, dec_peak:       14.945
Characteristic density local = 3246.8 deg^-2 = 0.902 arcmin^-2
Fitting aperture to hotspot...
Candidate: x_peak:        0.035, y_peak:        0.185, r_peak:        0.030, sig:       28.505, ra_peak:       23.946, dec_peak:       14.665
Characteristic density local = 3187.1 deg^-2 = 0.885 arcmin^-2
Fitting aperture to hotspot...
Candidate: x_peak:        0.265, y_peak:        0.765, r_peak:        0.020, sig:        5.887, ra_peak:       24.185, dec_peak:       15.245
Characteristic density local = 3614.8 deg^-2 = 1.004 arcmin^-2
Fitting aperture to hotspot...
Candidate: x_peak:        0.485, y_peak:       -0.325, r_peak:        0.020, sig:        6.587, ra_peak:       24.410, dec_peak:       14.154
Characteristic density local = 3443.7 deg^-2 = 0.957 arcmin^-2
Fitting aperture to hotspot...
Candidate: x_peak:        0.685, y_peak:       -0.555, r_peak:        0.020, sig:       13.870, ra_peak:       24.616, dec_peak:       13.924
Characteristic density local = 3296.5 deg^-2 = 0.916 arcmin^-2
Fitting aperture to hotspot...
Candidate: x_peak:        0.875, y_peak:       -0.195, r_peak:        0.020, sig:       21.955, ra_peak:       24.813, dec_peak:       14.283
Characteristic density local = 3141.3 deg^-2 = 0.873 arcmin^-2
Fitting aperture to hotspot...
Candidate: x_peak:        1.115, y_peak:        0.015, r_peak:        0.040, sig:        6.962, ra_peak:       25.062, dec_peak:       14.492
28.51 sigma; (RA, Dec, d) = (23.95, 14.66); r = 0.03 deg; d = 398.1, mu = 23.00 mag), mc_source_id: 0.00
21.96 sigma; (RA, Dec, d) = (24.81, 14.28); r = 0.02 deg; d = 398.1, mu = 23.00 mag), mc_source_id: 0.00
13.87 sigma; (RA, Dec, d) = (24.62, 13.92); r = 0.02 deg; d = 398.1, mu = 23.00 mag), mc_source_id: 0.00
8.70 sigma; (RA, Dec, d) = (23.76, 15.26); r = 0.02 deg; d = 398.1, mu = 23.00 mag), mc_source_id: 0.00
8.47 sigma; (RA, Dec, d) = (23.73, 14.39); r = 0.02 deg; d = 398.1, mu = 23.00 mag), mc_source_id: 0.00
7.18 sigma; (RA, Dec, d) = (25.07, 14.49); r = 0.03 deg; d = 158.5, mu = 21.00 mag), mc_source_id: 0.00
6.81 sigma; (RA, Dec, d) = (23.87, 14.94); r = 0.02 deg; d = 398.1, mu = 23.00 mag), mc_source_id: 0.00
6.62 sigma; (RA, Dec, d) = (24.41, 14.15); r = 0.02 deg; d = 316.2, mu = 22.50 mag), mc_source_id: 0.00
6.23 sigma; (RA, Dec, d) = (24.18, 15.24); r = 0.02 deg; d = 316.2, mu = 22.50 mag), mc_source_id: 0.00

------------------------------------------------------------
Job <679877.0> was submitted from <des51.fnal.gov> by user <tavangar>.
Job was executed on host <des40.fnal.gov> as user <tavangar>.
</var/lib/condor/execute/dir_1821877> was used as the initial working directory.
Results reported at Wed Jun  5 06:35:30 CDT 2019

Your job looked like:

------------------------------------------------------------
python /home/s1/tavangar/tavangar_simple/search_algorithm.py 23.91 14.48 0.00 /home/s1/tavangar/tavangar_simple/decals_dr7_results/results_nside_32_4552.csv /home/s1/tavangar/tavangar_simple/decals_dr7_results/decals_dr7_log/results_nside_32_4552.log
------------------------------------------------------------

Successfully completed.

Resource usage summary:

	Real time :			264.56 sec.
	CPU time :			11.72 sec.
	CPU percentage :		70%
	Max Memory :			4369872 KB
	Average Memory :		0 KB

The output (if any) is above this job summary.
