/home/s1/tavangar/tavangar_simple/simple_utils.py:170: FutureWarning: elementwise comparison failed; returning scalar instead, but in the future will perform elementwise comparison
  if np.all(isochrone.stage == 'Main'):
Search coordinates: (RA, Dec) = (2.81, 25.94)
Center healpixel: 3393
Healpixels: [3393 3520 3392 3264 3137 3265 3394 3521 3649]
MC_SOURCE_ID = 0.0
mode = 0: running only on real data
Found 1 objects...
Applying cuts...
243931 star-like objects in ROI...
293118 galaxy-like objects in ROI...
No fracdet map specified ...
Distance = 15.8 kpc (m-M = 16.0)
243931 objects left after isochrone cut...
Characteristic density = 5800.0 deg^-2
Characteristic density local = 5800.0 deg^-2 = 1.611 arcmin^-2
Fitting aperture to hotspot...
Candidate: x_peak:       -1.105, y_peak:       -0.035, r_peak:        0.050, sig:        4.197, ra_peak:        1.582, dec_peak:       25.900
Characteristic density local = 5800.0 deg^-2 = 1.611 arcmin^-2
Fitting aperture to hotspot...
Candidate: x_peak:       -0.535, y_peak:       -0.485, r_peak:        0.030, sig:       16.291, ra_peak:        2.217, dec_peak:       25.454
Characteristic density local = 5800.0 deg^-2 = 1.611 arcmin^-2
Fitting aperture to hotspot...
Candidate: x_peak:       -0.385, y_peak:       -0.835, r_peak:        0.020, sig:        3.522, ra_peak:        2.385, dec_peak:       25.104
Characteristic density local = 5800.0 deg^-2 = 1.611 arcmin^-2
Fitting aperture to hotspot...
Candidate: x_peak:       -0.315, y_peak:       -0.985, r_peak:        0.020, sig:        2.694, ra_peak:        2.463, dec_peak:       24.955
Characteristic density local = 5800.0 deg^-2 = 1.611 arcmin^-2
Fitting aperture to hotspot...
Candidate: x_peak:       -0.305, y_peak:       -0.995, r_peak:        0.030, sig:        3.538, ra_peak:        2.474, dec_peak:       24.945
Characteristic density local = 5800.0 deg^-2 = 1.611 arcmin^-2
Fitting aperture to hotspot...
Candidate: x_peak:       -0.295, y_peak:       -1.005, r_peak:        0.020, sig:        2.405, ra_peak:        2.485, dec_peak:       24.935
Characteristic density local = 5800.0 deg^-2 = 1.611 arcmin^-2
Fitting aperture to hotspot...
Candidate: x_peak:        0.665, y_peak:        0.325, r_peak:        0.040, sig:       12.192, ra_peak:        3.552, dec_peak:       26.263
Characteristic density local = 5800.0 deg^-2 = 1.611 arcmin^-2
Fitting aperture to hotspot...
Candidate: x_peak:        1.065, y_peak:       -0.095, r_peak:        0.030, sig:        3.342, ra_peak:        3.993, dec_peak:       25.840
Distance = 20.0 kpc (m-M = 16.5)
243931 objects left after isochrone cut...
Characteristic density = 5800.0 deg^-2
Characteristic density local = 5800.0 deg^-2 = 1.611 arcmin^-2
Fitting aperture to hotspot...
Candidate: x_peak:       -1.105, y_peak:       -0.035, r_peak:        0.050, sig:        4.197, ra_peak:        1.582, dec_peak:       25.900
Characteristic density local = 5800.0 deg^-2 = 1.611 arcmin^-2
Fitting aperture to hotspot...
Candidate: x_peak:       -0.535, y_peak:       -0.485, r_peak:        0.030, sig:       16.291, ra_peak:        2.217, dec_peak:       25.454
Characteristic density local = 5800.0 deg^-2 = 1.611 arcmin^-2
Fitting aperture to hotspot...
Candidate: x_peak:       -0.385, y_peak:       -0.835, r_peak:        0.020, sig:        3.522, ra_peak:        2.385, dec_peak:       25.104
Characteristic density local = 5800.0 deg^-2 = 1.611 arcmin^-2
Fitting aperture to hotspot...
Candidate: x_peak:       -0.315, y_peak:       -0.985, r_peak:        0.020, sig:        2.694, ra_peak:        2.463, dec_peak:       24.955
Characteristic density local = 5800.0 deg^-2 = 1.611 arcmin^-2
Fitting aperture to hotspot...
Candidate: x_peak:       -0.305, y_peak:       -0.995, r_peak:        0.030, sig:        3.538, ra_peak:        2.474, dec_peak:       24.945
Characteristic density local = 5800.0 deg^-2 = 1.611 arcmin^-2
Fitting aperture to hotspot...
Candidate: x_peak:       -0.295, y_peak:       -1.005, r_peak:        0.020, sig:        2.405, ra_peak:        2.485, dec_peak:       24.935
Characteristic density local = 5800.0 deg^-2 = 1.611 arcmin^-2
Fitting aperture to hotspot...
Candidate: x_peak:        0.665, y_peak:        0.325, r_peak:        0.040, sig:       12.192, ra_peak:        3.552, dec_peak:       26.263
Characteristic density local = 5800.0 deg^-2 = 1.611 arcmin^-2
Fitting aperture to hotspot...
Candidate: x_peak:        1.065, y_peak:       -0.095, r_peak:        0.030, sig:        3.342, ra_peak:        3.993, dec_peak:       25.840
Distance = 25.1 kpc (m-M = 17.0)
243927 objects left after isochrone cut...
Characteristic density = 5800.0 deg^-2
Characteristic density local = 5800.0 deg^-2 = 1.611 arcmin^-2
Fitting aperture to hotspot...
Candidate: x_peak:       -1.105, y_peak:       -0.035, r_peak:        0.050, sig:        4.197, ra_peak:        1.582, dec_peak:       25.900
Characteristic density local = 5800.0 deg^-2 = 1.611 arcmin^-2
Fitting aperture to hotspot...
Candidate: x_peak:       -0.535, y_peak:       -0.485, r_peak:        0.030, sig:       16.291, ra_peak:        2.217, dec_peak:       25.454
Characteristic density local = 5800.0 deg^-2 = 1.611 arcmin^-2
Fitting aperture to hotspot...
Candidate: x_peak:       -0.385, y_peak:       -0.835, r_peak:        0.020, sig:        3.522, ra_peak:        2.385, dec_peak:       25.104
Characteristic density local = 5800.0 deg^-2 = 1.611 arcmin^-2
Fitting aperture to hotspot...
Candidate: x_peak:       -0.315, y_peak:       -0.985, r_peak:        0.020, sig:        2.694, ra_peak:        2.463, dec_peak:       24.955
Characteristic density local = 5800.0 deg^-2 = 1.611 arcmin^-2
Fitting aperture to hotspot...
Candidate: x_peak:       -0.305, y_peak:       -0.995, r_peak:        0.030, sig:        3.538, ra_peak:        2.474, dec_peak:       24.945
Characteristic density local = 5800.0 deg^-2 = 1.611 arcmin^-2
Fitting aperture to hotspot...
Candidate: x_peak:       -0.295, y_peak:       -1.005, r_peak:        0.020, sig:        2.405, ra_peak:        2.485, dec_peak:       24.935
Characteristic density local = 5800.0 deg^-2 = 1.611 arcmin^-2
Fitting aperture to hotspot...
Candidate: x_peak:        0.665, y_peak:        0.325, r_peak:        0.040, sig:       12.192, ra_peak:        3.552, dec_peak:       26.263
Characteristic density local = 5800.0 deg^-2 = 1.611 arcmin^-2
Fitting aperture to hotspot...
Candidate: x_peak:        1.065, y_peak:       -0.095, r_peak:        0.030, sig:        3.342, ra_peak:        3.993, dec_peak:       25.840
Distance = 31.6 kpc (m-M = 17.5)
243927 objects left after isochrone cut...
Characteristic density = 5800.0 deg^-2
Characteristic density local = 5800.0 deg^-2 = 1.611 arcmin^-2
Fitting aperture to hotspot...
Candidate: x_peak:       -1.105, y_peak:       -0.035, r_peak:        0.050, sig:        4.197, ra_peak:        1.582, dec_peak:       25.900
Characteristic density local = 5800.0 deg^-2 = 1.611 arcmin^-2
Fitting aperture to hotspot...
Candidate: x_peak:       -0.535, y_peak:       -0.485, r_peak:        0.030, sig:       16.291, ra_peak:        2.217, dec_peak:       25.454
Characteristic density local = 5800.0 deg^-2 = 1.611 arcmin^-2
Fitting aperture to hotspot...
Candidate: x_peak:       -0.385, y_peak:       -0.835, r_peak:        0.020, sig:        3.522, ra_peak:        2.385, dec_peak:       25.104
Characteristic density local = 5800.0 deg^-2 = 1.611 arcmin^-2
Fitting aperture to hotspot...
Candidate: x_peak:       -0.315, y_peak:       -0.985, r_peak:        0.020, sig:        2.694, ra_peak:        2.463, dec_peak:       24.955
Characteristic density local = 5800.0 deg^-2 = 1.611 arcmin^-2
Fitting aperture to hotspot...
Candidate: x_peak:       -0.305, y_peak:       -0.995, r_peak:        0.030, sig:        3.538, ra_peak:        2.474, dec_peak:       24.945
Characteristic density local = 5800.0 deg^-2 = 1.611 arcmin^-2
Fitting aperture to hotspot...
Candidate: x_peak:       -0.295, y_peak:       -1.005, r_peak:        0.020, sig:        2.405, ra_peak:        2.485, dec_peak:       24.935
Characteristic density local = 5800.0 deg^-2 = 1.611 arcmin^-2
Fitting aperture to hotspot...
Candidate: x_peak:        0.665, y_peak:        0.325, r_peak:        0.040, sig:       12.192, ra_peak:        3.552, dec_peak:       26.263
Characteristic density local = 5800.0 deg^-2 = 1.611 arcmin^-2
Fitting aperture to hotspot...
Candidate: x_peak:        1.065, y_peak:       -0.095, r_peak:        0.030, sig:        3.342, ra_peak:        3.993, dec_peak:       25.840
Distance = 39.8 kpc (m-M = 18.0)
243826 objects left after isochrone cut...
Characteristic density = 5800.0 deg^-2
Characteristic density local = 5800.0 deg^-2 = 1.611 arcmin^-2
Fitting aperture to hotspot...
Candidate: x_peak:       -1.105, y_peak:       -0.035, r_peak:        0.050, sig:        4.197, ra_peak:        1.582, dec_peak:       25.900
Characteristic density local = 5800.0 deg^-2 = 1.611 arcmin^-2
Fitting aperture to hotspot...
Candidate: x_peak:       -0.535, y_peak:       -0.485, r_peak:        0.030, sig:       16.291, ra_peak:        2.217, dec_peak:       25.454
Characteristic density local = 5800.0 deg^-2 = 1.611 arcmin^-2
Fitting aperture to hotspot...
Candidate: x_peak:       -0.385, y_peak:       -0.835, r_peak:        0.020, sig:        3.522, ra_peak:        2.385, dec_peak:       25.104
Characteristic density local = 5800.0 deg^-2 = 1.611 arcmin^-2
Fitting aperture to hotspot...
Candidate: x_peak:       -0.315, y_peak:       -0.985, r_peak:        0.020, sig:        2.694, ra_peak:        2.463, dec_peak:       24.955
Characteristic density local = 5800.0 deg^-2 = 1.611 arcmin^-2
Fitting aperture to hotspot...
Candidate: x_peak:       -0.305, y_peak:       -0.995, r_peak:        0.030, sig:        3.538, ra_peak:        2.474, dec_peak:       24.945
Characteristic density local = 5800.0 deg^-2 = 1.611 arcmin^-2
Fitting aperture to hotspot...
Candidate: x_peak:       -0.295, y_peak:       -1.005, r_peak:        0.020, sig:        2.405, ra_peak:        2.485, dec_peak:       24.935
Characteristic density local = 5800.0 deg^-2 = 1.611 arcmin^-2
Fitting aperture to hotspot...
Candidate: x_peak:        0.665, y_peak:        0.325, r_peak:        0.040, sig:       12.192, ra_peak:        3.552, dec_peak:       26.263
Characteristic density local = 5800.0 deg^-2 = 1.611 arcmin^-2
Fitting aperture to hotspot...
Candidate: x_peak:        1.065, y_peak:       -0.095, r_peak:        0.030, sig:        3.342, ra_peak:        3.993, dec_peak:       25.840
Distance = 50.1 kpc (m-M = 18.5)
243133 objects left after isochrone cut...
Characteristic density = 5700.0 deg^-2
Characteristic density local = 5700.0 deg^-2 = 1.583 arcmin^-2
Fitting aperture to hotspot...
Candidate: x_peak:       -1.105, y_peak:       -0.035, r_peak:        0.050, sig:        4.201, ra_peak:        1.582, dec_peak:       25.900
Characteristic density local = 5700.0 deg^-2 = 1.583 arcmin^-2
Fitting aperture to hotspot...
Candidate: x_peak:       -0.535, y_peak:       -0.485, r_peak:        0.030, sig:       16.400, ra_peak:        2.217, dec_peak:       25.454
Characteristic density local = 5700.0 deg^-2 = 1.583 arcmin^-2
Fitting aperture to hotspot...
Candidate: x_peak:       -0.385, y_peak:       -0.835, r_peak:        0.020, sig:        3.578, ra_peak:        2.385, dec_peak:       25.104
Characteristic density local = 5700.0 deg^-2 = 1.583 arcmin^-2
Fitting aperture to hotspot...
Candidate: x_peak:       -0.315, y_peak:       -0.985, r_peak:        0.020, sig:        2.459, ra_peak:        2.463, dec_peak:       24.955
Characteristic density local = 5700.0 deg^-2 = 1.583 arcmin^-2
Fitting aperture to hotspot...
Candidate: x_peak:       -0.305, y_peak:       -0.995, r_peak:        0.030, sig:        3.421, ra_peak:        2.474, dec_peak:       24.945
Characteristic density local = 5700.0 deg^-2 = 1.583 arcmin^-2
Fitting aperture to hotspot...
Candidate: x_peak:       -0.295, y_peak:       -1.005, r_peak:        0.020, sig:        2.459, ra_peak:        2.485, dec_peak:       24.935
Characteristic density local = 5700.0 deg^-2 = 1.583 arcmin^-2
Fitting aperture to hotspot...
Candidate: x_peak:        0.665, y_peak:        0.325, r_peak:        0.040, sig:       12.317, ra_peak:        3.552, dec_peak:       26.263
Characteristic density local = 5700.0 deg^-2 = 1.583 arcmin^-2
Fitting aperture to hotspot...
Candidate: x_peak:        1.065, y_peak:       -0.095, r_peak:        0.030, sig:        3.421, ra_peak:        3.993, dec_peak:       25.840
Distance = 63.1 kpc (m-M = 19.0)
241570 objects left after isochrone cut...
Characteristic density = 5700.0 deg^-2
Characteristic density local = 5700.0 deg^-2 = 1.583 arcmin^-2
Fitting aperture to hotspot...
Candidate: x_peak:       -1.105, y_peak:       -0.035, r_peak:        0.050, sig:        4.075, ra_peak:        1.582, dec_peak:       25.900
Characteristic density local = 5700.0 deg^-2 = 1.583 arcmin^-2
Fitting aperture to hotspot...
Candidate: x_peak:       -0.965, y_peak:       -0.305, r_peak:        0.260, sig:        3.510, ra_peak:        1.740, dec_peak:       25.631
Characteristic density local = 5700.0 deg^-2 = 1.583 arcmin^-2
Fitting aperture to hotspot...
Candidate: x_peak:       -0.535, y_peak:       -0.485, r_peak:        0.030, sig:       16.400, ra_peak:        2.217, dec_peak:       25.454
Characteristic density local = 5700.0 deg^-2 = 1.583 arcmin^-2
Fitting aperture to hotspot...
Candidate: x_peak:       -0.385, y_peak:       -0.835, r_peak:        0.020, sig:        3.578, ra_peak:        2.385, dec_peak:       25.104
Characteristic density local = 5700.0 deg^-2 = 1.583 arcmin^-2
Fitting aperture to hotspot...
Candidate: x_peak:       -0.315, y_peak:       -0.985, r_peak:        0.020, sig:        2.163, ra_peak:        2.463, dec_peak:       24.955
Characteristic density local = 5700.0 deg^-2 = 1.583 arcmin^-2
Fitting aperture to hotspot...
Candidate: x_peak:       -0.305, y_peak:       -0.995, r_peak:        0.030, sig:        3.222, ra_peak:        2.474, dec_peak:       24.945
Characteristic density local = 5700.0 deg^-2 = 1.583 arcmin^-2
Fitting aperture to hotspot...
Candidate: x_peak:        0.665, y_peak:        0.325, r_peak:        0.040, sig:       12.203, ra_peak:        3.552, dec_peak:       26.263
Characteristic density local = 5700.0 deg^-2 = 1.583 arcmin^-2
Fitting aperture to hotspot...
Candidate: x_peak:        1.065, y_peak:       -0.095, r_peak:        0.030, sig:        3.421, ra_peak:        3.993, dec_peak:       25.840
Characteristic density local = 5580.4 deg^-2 = 1.550 arcmin^-2
Fitting aperture to hotspot...
Candidate: x_peak:        1.225, y_peak:        0.045, r_peak:        0.290, sig:        4.704, ra_peak:        4.173, dec_peak:       25.979
Distance = 79.4 kpc (m-M = 19.5)
239575 objects left after isochrone cut...
Characteristic density = 5500.0 deg^-2
Characteristic density local = 5500.0 deg^-2 = 1.528 arcmin^-2
Fitting aperture to hotspot...
Candidate: x_peak:       -1.105, y_peak:       -0.035, r_peak:        0.050, sig:        4.210, ra_peak:        1.582, dec_peak:       25.900
Characteristic density local = 5500.0 deg^-2 = 1.528 arcmin^-2
Fitting aperture to hotspot...
Candidate: x_peak:       -0.665, y_peak:       -0.415, r_peak:        0.020, sig:        4.734, ra_peak:        2.073, dec_peak:       25.523
Characteristic density local = 5500.0 deg^-2 = 1.528 arcmin^-2
Fitting aperture to hotspot...
Candidate: x_peak:       -0.535, y_peak:       -0.485, r_peak:        0.030, sig:       16.623, ra_peak:        2.217, dec_peak:       25.454
Characteristic density local = 5500.0 deg^-2 = 1.528 arcmin^-2
Fitting aperture to hotspot...
Candidate: x_peak:       -0.455, y_peak:       -0.665, r_peak:        0.030, sig:        8.975, ra_peak:        2.307, dec_peak:       25.274
Characteristic density local = 5500.0 deg^-2 = 1.528 arcmin^-2
Fitting aperture to hotspot...
Candidate: x_peak:        0.665, y_peak:        0.325, r_peak:        0.040, sig:       12.341, ra_peak:        3.552, dec_peak:       26.263
Characteristic density local = 5500.0 deg^-2 = 1.528 arcmin^-2
Fitting aperture to hotspot...
Candidate: x_peak:        0.785, y_peak:        0.205, r_peak:        0.030, sig:        4.739, ra_peak:        3.684, dec_peak:       26.142
Characteristic density local = 5500.0 deg^-2 = 1.528 arcmin^-2
Fitting aperture to hotspot...
Candidate: x_peak:        0.915, y_peak:        0.035, r_peak:        0.070, sig:        3.191, ra_peak:        3.828, dec_peak:       25.971
Characteristic density local = 5500.0 deg^-2 = 1.528 arcmin^-2
Fitting aperture to hotspot...
Candidate: x_peak:        1.085, y_peak:        0.175, r_peak:        0.100, sig:        4.599, ra_peak:        4.018, dec_peak:       26.110
Distance = 100.0 kpc (m-M = 20.0)
237369 objects left after isochrone cut...
Characteristic density = 5400.0 deg^-2
Characteristic density local = 5400.0 deg^-2 = 1.500 arcmin^-2
Fitting aperture to hotspot...
Candidate: x_peak:       -0.975, y_peak:       -0.085, r_peak:        0.030, sig:        4.446, ra_peak:        1.727, dec_peak:       25.851
Characteristic density local = 5400.0 deg^-2 = 1.500 arcmin^-2
Fitting aperture to hotspot...
Candidate: x_peak:       -0.535, y_peak:       -0.485, r_peak:        0.030, sig:       16.736, ra_peak:        2.217, dec_peak:       25.454
Characteristic density local = 5400.0 deg^-2 = 1.500 arcmin^-2
Fitting aperture to hotspot...
Candidate: x_peak:       -0.385, y_peak:       -0.835, r_peak:        0.020, sig:        3.200, ra_peak:        2.385, dec_peak:       25.104
Characteristic density local = 5400.0 deg^-2 = 1.500 arcmin^-2
Fitting aperture to hotspot...
Candidate: x_peak:       -0.315, y_peak:       -0.985, r_peak:        0.020, sig:        2.325, ra_peak:        2.463, dec_peak:       24.955
Characteristic density local = 5400.0 deg^-2 = 1.500 arcmin^-2
Fitting aperture to hotspot...
Candidate: x_peak:       -0.305, y_peak:       -0.995, r_peak:        0.030, sig:        3.465, ra_peak:        2.474, dec_peak:       24.945
Characteristic density local = 5400.0 deg^-2 = 1.500 arcmin^-2
Fitting aperture to hotspot...
Candidate: x_peak:       -0.295, y_peak:       -1.005, r_peak:        0.020, sig:        2.623, ra_peak:        2.485, dec_peak:       24.935
Characteristic density local = 5400.0 deg^-2 = 1.500 arcmin^-2
Fitting aperture to hotspot...
Candidate: x_peak:        0.665, y_peak:        0.325, r_peak:        0.040, sig:       12.355, ra_peak:        3.552, dec_peak:       26.263
Characteristic density local = 5400.0 deg^-2 = 1.500 arcmin^-2
Fitting aperture to hotspot...
Candidate: x_peak:        1.075, y_peak:       -0.105, r_peak:        0.020, sig:        3.479, ra_peak:        4.004, dec_peak:       25.830
Distance = 125.9 kpc (m-M = 20.5)
234783 objects left after isochrone cut...
Characteristic density = 5200.0 deg^-2
Characteristic density local = 5200.0 deg^-2 = 1.444 arcmin^-2
Fitting aperture to hotspot...
Candidate: x_peak:       -1.245, y_peak:       -0.005, r_peak:        0.010, sig:        1.950, ra_peak:        1.426, dec_peak:       25.928
Characteristic density local = 5200.0 deg^-2 = 1.444 arcmin^-2
Fitting aperture to hotspot...
Candidate: x_peak:       -0.975, y_peak:       -0.085, r_peak:        0.030, sig:        4.619, ra_peak:        1.727, dec_peak:       25.851
Characteristic density local = 5200.0 deg^-2 = 1.444 arcmin^-2
Fitting aperture to hotspot...
Candidate: x_peak:       -0.535, y_peak:       -0.485, r_peak:        0.030, sig:       16.845, ra_peak:        2.217, dec_peak:       25.454
Characteristic density local = 5200.0 deg^-2 = 1.444 arcmin^-2
Fitting aperture to hotspot...
Candidate: x_peak:       -0.385, y_peak:       -0.835, r_peak:        0.020, sig:        3.316, ra_peak:        2.385, dec_peak:       25.104
Characteristic density local = 5200.0 deg^-2 = 1.444 arcmin^-2
Fitting aperture to hotspot...
Candidate: x_peak:       -0.315, y_peak:       -0.985, r_peak:        0.020, sig:        2.128, ra_peak:        2.463, dec_peak:       24.955
Characteristic density local = 5200.0 deg^-2 = 1.444 arcmin^-2
Fitting aperture to hotspot...
Candidate: x_peak:       -0.305, y_peak:       -0.995, r_peak:        0.030, sig:        3.428, ra_peak:        2.474, dec_peak:       24.945
Characteristic density local = 5200.0 deg^-2 = 1.444 arcmin^-2
Fitting aperture to hotspot...
Candidate: x_peak:       -0.295, y_peak:       -1.005, r_peak:        0.020, sig:        2.737, ra_peak:        2.485, dec_peak:       24.935
Characteristic density local = 5200.0 deg^-2 = 1.444 arcmin^-2
Fitting aperture to hotspot...
Candidate: x_peak:        0.665, y_peak:        0.325, r_peak:        0.040, sig:       12.149, ra_peak:        3.552, dec_peak:       26.263
Characteristic density local = 5200.0 deg^-2 = 1.444 arcmin^-2
Fitting aperture to hotspot...
Candidate: x_peak:        1.085, y_peak:       -0.105, r_peak:        0.040, sig:        2.962, ra_peak:        4.015, dec_peak:       25.830
Distance = 158.5 kpc (m-M = 21.0)
231822 objects left after isochrone cut...
Characteristic density = 5000.0 deg^-2
Characteristic density local = 5000.0 deg^-2 = 1.389 arcmin^-2
Fitting aperture to hotspot...
Candidate: x_peak:       -0.975, y_peak:       -0.085, r_peak:        0.030, sig:        4.796, ra_peak:        1.727, dec_peak:       25.851
Characteristic density local = 5000.0 deg^-2 = 1.389 arcmin^-2
Fitting aperture to hotspot...
Candidate: x_peak:       -0.665, y_peak:       -0.415, r_peak:        0.020, sig:        4.792, ra_peak:        2.073, dec_peak:       25.523
Characteristic density local = 5000.0 deg^-2 = 1.389 arcmin^-2
Fitting aperture to hotspot...
Candidate: x_peak:       -0.535, y_peak:       -0.485, r_peak:        0.030, sig:       17.084, ra_peak:        2.217, dec_peak:       25.454
Characteristic density local = 5000.0 deg^-2 = 1.389 arcmin^-2
Fitting aperture to hotspot...
Candidate: x_peak:       -0.455, y_peak:       -0.665, r_peak:        0.030, sig:        9.154, ra_peak:        2.307, dec_peak:       25.274
Characteristic density local = 5000.0 deg^-2 = 1.389 arcmin^-2
Fitting aperture to hotspot...
Candidate: x_peak:        0.545, y_peak:        0.365, r_peak:        0.080, sig:        3.863, ra_peak:        3.418, dec_peak:       26.304
Characteristic density local = 5000.0 deg^-2 = 1.389 arcmin^-2
Fitting aperture to hotspot...
Candidate: x_peak:        0.665, y_peak:        0.325, r_peak:        0.040, sig:       12.417, ra_peak:        3.552, dec_peak:       26.263
Characteristic density local = 5000.0 deg^-2 = 1.389 arcmin^-2
Fitting aperture to hotspot...
Candidate: x_peak:        0.785, y_peak:        0.205, r_peak:        0.030, sig:        4.988, ra_peak:        3.684, dec_peak:       26.142
Characteristic density local = 5000.0 deg^-2 = 1.389 arcmin^-2
Fitting aperture to hotspot...
Candidate: x_peak:        0.915, y_peak:        0.035, r_peak:        0.040, sig:        3.346, ra_peak:        3.828, dec_peak:       25.971
Characteristic density local = 5000.0 deg^-2 = 1.389 arcmin^-2
Fitting aperture to hotspot...
Candidate: x_peak:        1.085, y_peak:        0.175, r_peak:        0.100, sig:        4.921, ra_peak:        4.018, dec_peak:       26.110
Distance = 199.5 kpc (m-M = 21.5)
228374 objects left after isochrone cut...
Characteristic density = 4800.0 deg^-2
Characteristic density local = 4800.0 deg^-2 = 1.333 arcmin^-2
Fitting aperture to hotspot...
Candidate: x_peak:       -0.985, y_peak:       -0.085, r_peak:        0.040, sig:        4.705, ra_peak:        1.715, dec_peak:       25.851
Characteristic density local = 4800.0 deg^-2 = 1.333 arcmin^-2
Fitting aperture to hotspot...
Candidate: x_peak:       -0.665, y_peak:       -0.415, r_peak:        0.020, sig:        4.923, ra_peak:        2.073, dec_peak:       25.523
Characteristic density local = 4800.0 deg^-2 = 1.333 arcmin^-2
Fitting aperture to hotspot...
Candidate: x_peak:       -0.535, y_peak:       -0.485, r_peak:        0.030, sig:       16.955, ra_peak:        2.217, dec_peak:       25.454
Characteristic density local = 4800.0 deg^-2 = 1.333 arcmin^-2
Fitting aperture to hotspot...
Candidate: x_peak:       -0.455, y_peak:       -0.665, r_peak:        0.030, sig:        9.038, ra_peak:        2.307, dec_peak:       25.274
Characteristic density local = 4800.0 deg^-2 = 1.333 arcmin^-2
Fitting aperture to hotspot...
Candidate: x_peak:        0.665, y_peak:        0.325, r_peak:        0.040, sig:       12.455, ra_peak:        3.552, dec_peak:       26.263
Characteristic density local = 4800.0 deg^-2 = 1.333 arcmin^-2
Fitting aperture to hotspot...
Candidate: x_peak:        0.785, y_peak:        0.205, r_peak:        0.030, sig:        4.979, ra_peak:        3.684, dec_peak:       26.142
Characteristic density local = 4800.0 deg^-2 = 1.333 arcmin^-2
Fitting aperture to hotspot...
Candidate: x_peak:        0.915, y_peak:        0.035, r_peak:        0.070, sig:        3.574, ra_peak:        3.828, dec_peak:       25.971
Characteristic density local = 4800.0 deg^-2 = 1.333 arcmin^-2
Fitting aperture to hotspot...
Candidate: x_peak:        1.095, y_peak:        0.175, r_peak:        0.100, sig:        5.104, ra_peak:        4.029, dec_peak:       26.110
Distance = 251.2 kpc (m-M = 22.0)
224407 objects left after isochrone cut...
Characteristic density = 4500.0 deg^-2
Characteristic density local = 4500.0 deg^-2 = 1.250 arcmin^-2
Fitting aperture to hotspot...
Candidate: x_peak:       -0.985, y_peak:       -0.085, r_peak:        0.040, sig:        4.745, ra_peak:        1.715, dec_peak:       25.851
Characteristic density local = 4500.0 deg^-2 = 1.250 arcmin^-2
Fitting aperture to hotspot...
Candidate: x_peak:       -0.665, y_peak:       -0.415, r_peak:        0.020, sig:        4.862, ra_peak:        2.073, dec_peak:       25.523
Characteristic density local = 4500.0 deg^-2 = 1.250 arcmin^-2
Fitting aperture to hotspot...
Candidate: x_peak:       -0.535, y_peak:       -0.485, r_peak:        0.030, sig:       17.210, ra_peak:        2.217, dec_peak:       25.454
Characteristic density local = 4500.0 deg^-2 = 1.250 arcmin^-2
Fitting aperture to hotspot...
Candidate: x_peak:       -0.455, y_peak:       -0.665, r_peak:        0.030, sig:        9.358, ra_peak:        2.307, dec_peak:       25.274
Characteristic density local = 4500.0 deg^-2 = 1.250 arcmin^-2
Fitting aperture to hotspot...
Candidate: x_peak:        0.575, y_peak:        0.675, r_peak:        0.020, sig:        5.896, ra_peak:        3.453, dec_peak:       26.614
Characteristic density local = 4500.0 deg^-2 = 1.250 arcmin^-2
Fitting aperture to hotspot...
Candidate: x_peak:        0.665, y_peak:        0.325, r_peak:        0.040, sig:       12.885, ra_peak:        3.552, dec_peak:       26.263
Characteristic density local = 4500.0 deg^-2 = 1.250 arcmin^-2
Fitting aperture to hotspot...
Candidate: x_peak:        0.785, y_peak:        0.205, r_peak:        0.030, sig:        4.462, ra_peak:        3.684, dec_peak:       26.142
Characteristic density local = 4500.0 deg^-2 = 1.250 arcmin^-2
Fitting aperture to hotspot...
Candidate: x_peak:        0.915, y_peak:        0.035, r_peak:        0.070, sig:        3.848, ra_peak:        3.828, dec_peak:       25.971
Characteristic density local = 4500.0 deg^-2 = 1.250 arcmin^-2
Fitting aperture to hotspot...
Candidate: x_peak:        1.085, y_peak:        0.175, r_peak:        0.100, sig:        5.135, ra_peak:        4.018, dec_peak:       26.110
Distance = 316.2 kpc (m-M = 22.5)
219905 objects left after isochrone cut...
Characteristic density = 4200.0 deg^-2
Characteristic density local = 4200.0 deg^-2 = 1.167 arcmin^-2
Fitting aperture to hotspot...
Candidate: x_peak:       -0.985, y_peak:       -0.085, r_peak:        0.040, sig:        4.957, ra_peak:        1.715, dec_peak:       25.851
Characteristic density local = 4200.0 deg^-2 = 1.167 arcmin^-2
Fitting aperture to hotspot...
Candidate: x_peak:       -0.665, y_peak:       -0.425, r_peak:        0.170, sig:        5.922, ra_peak:        2.073, dec_peak:       25.513
Characteristic density local = 4200.0 deg^-2 = 1.167 arcmin^-2
Fitting aperture to hotspot...
Candidate: x_peak:       -0.535, y_peak:       -0.485, r_peak:        0.030, sig:       16.966, ra_peak:        2.217, dec_peak:       25.454
Characteristic density local = 4200.0 deg^-2 = 1.167 arcmin^-2
Fitting aperture to hotspot...
Candidate: x_peak:       -0.455, y_peak:       -0.665, r_peak:        0.030, sig:        9.363, ra_peak:        2.307, dec_peak:       25.274
Characteristic density local = 4200.0 deg^-2 = 1.167 arcmin^-2
Fitting aperture to hotspot...
Candidate: x_peak:        0.665, y_peak:        0.325, r_peak:        0.040, sig:       12.968, ra_peak:        3.552, dec_peak:       26.263
Characteristic density local = 4200.0 deg^-2 = 1.167 arcmin^-2
Fitting aperture to hotspot...
Candidate: x_peak:        0.915, y_peak:        0.035, r_peak:        0.070, sig:        3.599, ra_peak:        3.828, dec_peak:       25.971
Characteristic density local = 4200.0 deg^-2 = 1.167 arcmin^-2
Fitting aperture to hotspot...
Candidate: x_peak:        1.085, y_peak:        0.175, r_peak:        0.030, sig:        4.959, ra_peak:        4.018, dec_peak:       26.110
Distance = 398.1 kpc (m-M = 23.0)
214588 objects left after isochrone cut...
Characteristic density = 3900.0 deg^-2
Characteristic density local = 3900.0 deg^-2 = 1.083 arcmin^-2
Fitting aperture to hotspot...
Candidate: x_peak:       -0.535, y_peak:       -0.485, r_peak:        0.030, sig:       16.044, ra_peak:        2.217, dec_peak:       25.454
Characteristic density local = 3900.0 deg^-2 = 1.083 arcmin^-2
Fitting aperture to hotspot...
Candidate: x_peak:       -0.455, y_peak:       -0.655, r_peak:        0.030, sig:        8.506, ra_peak:        2.307, dec_peak:       25.284
Characteristic density local = 3900.0 deg^-2 = 1.083 arcmin^-2
Fitting aperture to hotspot...
Candidate: x_peak:        0.665, y_peak:        0.325, r_peak:        0.040, sig:       13.191, ra_peak:        3.552, dec_peak:       26.263
Characteristic density local = 3900.0 deg^-2 = 1.083 arcmin^-2
Fitting aperture to hotspot...
Candidate: x_peak:        0.915, y_peak:        0.035, r_peak:        0.040, sig:        3.799, ra_peak:        3.828, dec_peak:       25.971
Characteristic density local = 3900.0 deg^-2 = 1.083 arcmin^-2
Fitting aperture to hotspot...
Candidate: x_peak:        1.085, y_peak:        0.175, r_peak:        0.050, sig:        4.495, ra_peak:        4.018, dec_peak:       26.110
Characteristic density local = 3900.0 deg^-2 = 1.083 arcmin^-2
Fitting aperture to hotspot...
Candidate: x_peak:        1.075, y_peak:       -0.095, r_peak:        0.030, sig:        4.204, ra_peak:        4.004, dec_peak:       25.840
17.21 sigma; (RA, Dec, d) = (2.22, 25.45); r = 0.03 deg; d = 251.2, mu = 22.00 mag), mc_source_id: 0.00
13.19 sigma; (RA, Dec, d) = (3.55, 26.26); r = 0.04 deg; d = 398.1, mu = 23.00 mag), mc_source_id: 0.00
9.36 sigma; (RA, Dec, d) = (2.31, 25.27); r = 0.03 deg; d = 316.2, mu = 22.50 mag), mc_source_id: 0.00
5.92 sigma; (RA, Dec, d) = (2.07, 25.51); r = 0.17 deg; d = 316.2, mu = 22.50 mag), mc_source_id: 0.00
5.90 sigma; (RA, Dec, d) = (3.45, 26.61); r = 0.02 deg; d = 251.2, mu = 22.00 mag), mc_source_id: 0.00
5.13 sigma; (RA, Dec, d) = (4.02, 26.11); r = 0.10 deg; d = 251.2, mu = 22.00 mag), mc_source_id: 0.00
4.99 sigma; (RA, Dec, d) = (3.68, 26.14); r = 0.03 deg; d = 158.5, mu = 21.00 mag), mc_source_id: 0.00
4.96 sigma; (RA, Dec, d) = (1.72, 25.85); r = 0.04 deg; d = 316.2, mu = 22.50 mag), mc_source_id: 0.00
4.70 sigma; (RA, Dec, d) = (4.17, 25.98); r = 0.29 deg; d = 63.1, mu = 19.00 mag), mc_source_id: 0.00
4.21 sigma; (RA, Dec, d) = (1.58, 25.90); r = 0.05 deg; d = 79.4, mu = 19.50 mag), mc_source_id: 0.00
3.86 sigma; (RA, Dec, d) = (3.42, 26.30); r = 0.08 deg; d = 158.5, mu = 21.00 mag), mc_source_id: 0.00
3.85 sigma; (RA, Dec, d) = (3.83, 25.97); r = 0.07 deg; d = 251.2, mu = 22.00 mag), mc_source_id: 0.00
3.58 sigma; (RA, Dec, d) = (2.38, 25.10); r = 0.02 deg; d = 50.1, mu = 18.50 mag), mc_source_id: 0.00
3.54 sigma; (RA, Dec, d) = (2.47, 24.94); r = 0.03 deg; d = 31.6, mu = 17.50 mag), mc_source_id: 0.00
3.51 sigma; (RA, Dec, d) = (1.74, 25.63); r = 0.26 deg; d = 63.1, mu = 19.00 mag), mc_source_id: 0.00
1.95 sigma; (RA, Dec, d) = (1.43, 25.93); r = 0.01 deg; d = 125.9, mu = 20.50 mag), mc_source_id: 0.00

------------------------------------------------------------
Job <679105.0> was submitted from <des51.fnal.gov> by user <tavangar>.
Job was executed on host <des40.fnal.gov> as user <tavangar>.
</var/lib/condor/execute/dir_1676119> was used as the initial working directory.
Results reported at Wed Jun  5 02:39:15 CDT 2019

Your job looked like:

------------------------------------------------------------
python /home/s1/tavangar/tavangar_simple/search_algorithm.py 2.81 25.94 0.00 /home/s1/tavangar/tavangar_simple/decals_dr7_results/results_nside_32_3393.csv /home/s1/tavangar/tavangar_simple/decals_dr7_results/decals_dr7_log/results_nside_32_3393.log
------------------------------------------------------------

Successfully completed.

Resource usage summary:

	Real time :			164.59 sec.
	CPU time :			4.34 sec.
	CPU percentage :		58%
	Max Memory :			2381856 KB
	Average Memory :		0 KB

The output (if any) is above this job summary.
