/home/s1/tavangar/tavangar_simple/simple_utils.py:170: FutureWarning: elementwise comparison failed; returning scalar instead, but in the future will perform elementwise comparison
  if np.all(isochrone.stage == 'Main'):
Search coordinates: (RA, Dec) = (149.06, 20.74)
Center healpixel: 3957
Healpixels: [3957 4084 3956 3828 3701 3829 3958 4085 4213]
MC_SOURCE_ID = 0.0
mode = 0: running only on real data
Found 1 objects...
Applying cuts...
659918 star-like objects in ROI...
1060304 galaxy-like objects in ROI...
No fracdet map specified ...
Distance = 15.8 kpc (m-M = 16.0)
659899 objects left after isochrone cut...
Characteristic density = 4800.0 deg^-2
Characteristic density local = 5182.5 deg^-2 = 1.440 arcmin^-2
Fitting aperture to hotspot...
Candidate: x_peak:       -1.165, y_peak:        0.145, r_peak:        0.030, sig:        4.441, ra_peak:      147.813, dec_peak:       20.881
Characteristic density local = 4864.2 deg^-2 = 1.351 arcmin^-2
Fitting aperture to hotspot...
Candidate: x_peak:       -0.125, y_peak:        0.235, r_peak:        0.020, sig:        7.296, ra_peak:      148.926, dec_peak:       20.975
Characteristic density local = 5134.7 deg^-2 = 1.426 arcmin^-2
Fitting aperture to hotspot...
Candidate: x_peak:        0.165, y_peak:        0.035, r_peak:        0.020, sig:       10.220, ra_peak:      149.236, dec_peak:       20.775
Characteristic density local = 5287.9 deg^-2 = 1.469 arcmin^-2
Fitting aperture to hotspot...
Candidate: x_peak:        0.195, y_peak:       -0.985, r_peak:        0.020, sig:       10.677, ra_peak:      149.267, dec_peak:       19.755
Characteristic density local = 5212.3 deg^-2 = 1.448 arcmin^-2
Fitting aperture to hotspot...
Candidate: x_peak:        0.345, y_peak:       -0.565, r_peak:        0.020, sig:       11.479, ra_peak:      149.428, dec_peak:       20.175
Characteristic density local = 4945.7 deg^-2 = 1.374 arcmin^-2
Fitting aperture to hotspot...
Candidate: x_peak:        0.425, y_peak:        0.245, r_peak:        0.020, sig:       15.963, ra_peak:      149.515, dec_peak:       20.984
Characteristic density local = 5067.1 deg^-2 = 1.408 arcmin^-2
Fitting aperture to hotspot...
Candidate: x_peak:        0.695, y_peak:       -0.325, r_peak:        0.010, sig:        9.166, ra_peak:      149.802, dec_peak:       20.413
Characteristic density local = 4874.1 deg^-2 = 1.354 arcmin^-2
Fitting aperture to hotspot...
Candidate: x_peak:        0.735, y_peak:        0.565, r_peak:        0.040, sig:       12.471, ra_peak:      149.849, dec_peak:       21.303
Characteristic density local = 5009.4 deg^-2 = 1.392 arcmin^-2
Fitting aperture to hotspot...
Candidate: x_peak:        0.735, y_peak:        0.295, r_peak:        0.020, sig:        9.727, ra_peak:      149.847, dec_peak:       21.033
Distance = 20.0 kpc (m-M = 16.5)
659911 objects left after isochrone cut...
Characteristic density = 4800.0 deg^-2
Characteristic density local = 5182.5 deg^-2 = 1.440 arcmin^-2
Fitting aperture to hotspot...
Candidate: x_peak:       -1.165, y_peak:        0.145, r_peak:        0.030, sig:        4.441, ra_peak:      147.813, dec_peak:       20.881
Characteristic density local = 4864.2 deg^-2 = 1.351 arcmin^-2
Fitting aperture to hotspot...
Candidate: x_peak:       -0.125, y_peak:        0.235, r_peak:        0.020, sig:        7.296, ra_peak:      148.926, dec_peak:       20.975
Characteristic density local = 5134.7 deg^-2 = 1.426 arcmin^-2
Fitting aperture to hotspot...
Candidate: x_peak:        0.165, y_peak:        0.035, r_peak:        0.020, sig:       10.220, ra_peak:      149.236, dec_peak:       20.775
Characteristic density local = 5287.9 deg^-2 = 1.469 arcmin^-2
Fitting aperture to hotspot...
Candidate: x_peak:        0.195, y_peak:       -0.985, r_peak:        0.020, sig:       10.677, ra_peak:      149.267, dec_peak:       19.755
Characteristic density local = 5212.3 deg^-2 = 1.448 arcmin^-2
Fitting aperture to hotspot...
Candidate: x_peak:        0.345, y_peak:       -0.565, r_peak:        0.020, sig:       11.479, ra_peak:      149.428, dec_peak:       20.175
Characteristic density local = 4945.7 deg^-2 = 1.374 arcmin^-2
Fitting aperture to hotspot...
Candidate: x_peak:        0.425, y_peak:        0.245, r_peak:        0.020, sig:       15.963, ra_peak:      149.515, dec_peak:       20.984
Characteristic density local = 5067.1 deg^-2 = 1.408 arcmin^-2
Fitting aperture to hotspot...
Candidate: x_peak:        0.695, y_peak:       -0.325, r_peak:        0.010, sig:        9.166, ra_peak:      149.802, dec_peak:       20.413
Characteristic density local = 4874.1 deg^-2 = 1.354 arcmin^-2
Fitting aperture to hotspot...
Candidate: x_peak:        0.735, y_peak:        0.565, r_peak:        0.040, sig:       12.471, ra_peak:      149.849, dec_peak:       21.303
Characteristic density local = 5009.4 deg^-2 = 1.392 arcmin^-2
Fitting aperture to hotspot...
Candidate: x_peak:        0.735, y_peak:        0.295, r_peak:        0.020, sig:        9.727, ra_peak:      149.847, dec_peak:       21.033
Distance = 25.1 kpc (m-M = 17.0)
659914 objects left after isochrone cut...
Characteristic density = 4800.0 deg^-2
Characteristic density local = 5182.5 deg^-2 = 1.440 arcmin^-2
Fitting aperture to hotspot...
Candidate: x_peak:       -1.165, y_peak:        0.145, r_peak:        0.030, sig:        4.441, ra_peak:      147.813, dec_peak:       20.881
Characteristic density local = 4864.2 deg^-2 = 1.351 arcmin^-2
Fitting aperture to hotspot...
Candidate: x_peak:       -0.125, y_peak:        0.235, r_peak:        0.020, sig:        7.296, ra_peak:      148.926, dec_peak:       20.975
Characteristic density local = 5134.7 deg^-2 = 1.426 arcmin^-2
Fitting aperture to hotspot...
Candidate: x_peak:        0.165, y_peak:        0.035, r_peak:        0.020, sig:       10.220, ra_peak:      149.236, dec_peak:       20.775
Characteristic density local = 5287.9 deg^-2 = 1.469 arcmin^-2
Fitting aperture to hotspot...
Candidate: x_peak:        0.195, y_peak:       -0.985, r_peak:        0.020, sig:       10.677, ra_peak:      149.267, dec_peak:       19.755
Characteristic density local = 5212.3 deg^-2 = 1.448 arcmin^-2
Fitting aperture to hotspot...
Candidate: x_peak:        0.345, y_peak:       -0.565, r_peak:        0.020, sig:       11.479, ra_peak:      149.428, dec_peak:       20.175
Characteristic density local = 4945.7 deg^-2 = 1.374 arcmin^-2
Fitting aperture to hotspot...
Candidate: x_peak:        0.425, y_peak:        0.245, r_peak:        0.020, sig:       15.963, ra_peak:      149.515, dec_peak:       20.984
Characteristic density local = 5067.1 deg^-2 = 1.408 arcmin^-2
Fitting aperture to hotspot...
Candidate: x_peak:        0.695, y_peak:       -0.325, r_peak:        0.010, sig:        9.166, ra_peak:      149.802, dec_peak:       20.413
Characteristic density local = 4874.1 deg^-2 = 1.354 arcmin^-2
Fitting aperture to hotspot...
Candidate: x_peak:        0.735, y_peak:        0.565, r_peak:        0.040, sig:       12.471, ra_peak:      149.849, dec_peak:       21.303
Characteristic density local = 5009.4 deg^-2 = 1.392 arcmin^-2
Fitting aperture to hotspot...
Candidate: x_peak:        0.735, y_peak:        0.295, r_peak:        0.020, sig:        9.727, ra_peak:      149.847, dec_peak:       21.033
Distance = 31.6 kpc (m-M = 17.5)
659917 objects left after isochrone cut...
Characteristic density = 4800.0 deg^-2
Characteristic density local = 5182.5 deg^-2 = 1.440 arcmin^-2
Fitting aperture to hotspot...
Candidate: x_peak:       -1.165, y_peak:        0.145, r_peak:        0.030, sig:        4.441, ra_peak:      147.813, dec_peak:       20.881
Characteristic density local = 4864.2 deg^-2 = 1.351 arcmin^-2
Fitting aperture to hotspot...
Candidate: x_peak:       -0.125, y_peak:        0.235, r_peak:        0.020, sig:        7.296, ra_peak:      148.926, dec_peak:       20.975
Characteristic density local = 5134.7 deg^-2 = 1.426 arcmin^-2
Fitting aperture to hotspot...
Candidate: x_peak:        0.165, y_peak:        0.035, r_peak:        0.020, sig:       10.220, ra_peak:      149.236, dec_peak:       20.775
Characteristic density local = 5287.9 deg^-2 = 1.469 arcmin^-2
Fitting aperture to hotspot...
Candidate: x_peak:        0.195, y_peak:       -0.985, r_peak:        0.020, sig:       10.677, ra_peak:      149.267, dec_peak:       19.755
Characteristic density local = 5212.3 deg^-2 = 1.448 arcmin^-2
Fitting aperture to hotspot...
Candidate: x_peak:        0.345, y_peak:       -0.565, r_peak:        0.020, sig:       11.479, ra_peak:      149.428, dec_peak:       20.175
Characteristic density local = 4945.7 deg^-2 = 1.374 arcmin^-2
Fitting aperture to hotspot...
Candidate: x_peak:        0.425, y_peak:        0.245, r_peak:        0.020, sig:       15.963, ra_peak:      149.515, dec_peak:       20.984
Characteristic density local = 5067.1 deg^-2 = 1.408 arcmin^-2
Fitting aperture to hotspot...
Candidate: x_peak:        0.695, y_peak:       -0.325, r_peak:        0.010, sig:        9.166, ra_peak:      149.802, dec_peak:       20.413
Characteristic density local = 4874.1 deg^-2 = 1.354 arcmin^-2
Fitting aperture to hotspot...
Candidate: x_peak:        0.735, y_peak:        0.565, r_peak:        0.040, sig:       12.471, ra_peak:      149.849, dec_peak:       21.303
Characteristic density local = 5009.4 deg^-2 = 1.392 arcmin^-2
Fitting aperture to hotspot...
Candidate: x_peak:        0.735, y_peak:        0.295, r_peak:        0.020, sig:        9.727, ra_peak:      149.847, dec_peak:       21.033
Distance = 39.8 kpc (m-M = 18.0)
659898 objects left after isochrone cut...
Characteristic density = 4800.0 deg^-2
Characteristic density local = 5182.5 deg^-2 = 1.440 arcmin^-2
Fitting aperture to hotspot...
Candidate: x_peak:       -1.165, y_peak:        0.145, r_peak:        0.030, sig:        4.441, ra_peak:      147.813, dec_peak:       20.881
Characteristic density local = 4864.2 deg^-2 = 1.351 arcmin^-2
Fitting aperture to hotspot...
Candidate: x_peak:       -0.125, y_peak:        0.235, r_peak:        0.020, sig:        7.296, ra_peak:      148.926, dec_peak:       20.975
Characteristic density local = 5134.7 deg^-2 = 1.426 arcmin^-2
Fitting aperture to hotspot...
Candidate: x_peak:        0.165, y_peak:        0.035, r_peak:        0.020, sig:       10.220, ra_peak:      149.236, dec_peak:       20.775
Characteristic density local = 5287.9 deg^-2 = 1.469 arcmin^-2
Fitting aperture to hotspot...
Candidate: x_peak:        0.195, y_peak:       -0.985, r_peak:        0.020, sig:       10.677, ra_peak:      149.267, dec_peak:       19.755
Characteristic density local = 5212.3 deg^-2 = 1.448 arcmin^-2
Fitting aperture to hotspot...
Candidate: x_peak:        0.345, y_peak:       -0.565, r_peak:        0.020, sig:       11.479, ra_peak:      149.428, dec_peak:       20.175
Characteristic density local = 4943.8 deg^-2 = 1.373 arcmin^-2
Fitting aperture to hotspot...
Candidate: x_peak:        0.425, y_peak:        0.245, r_peak:        0.020, sig:       15.964, ra_peak:      149.515, dec_peak:       20.984
Characteristic density local = 5067.1 deg^-2 = 1.408 arcmin^-2
Fitting aperture to hotspot...
Candidate: x_peak:        0.695, y_peak:       -0.325, r_peak:        0.010, sig:        9.166, ra_peak:      149.802, dec_peak:       20.413
Characteristic density local = 4872.1 deg^-2 = 1.353 arcmin^-2
Fitting aperture to hotspot...
Candidate: x_peak:        0.735, y_peak:        0.565, r_peak:        0.040, sig:       12.474, ra_peak:      149.849, dec_peak:       21.303
Characteristic density local = 5009.4 deg^-2 = 1.392 arcmin^-2
Fitting aperture to hotspot...
Candidate: x_peak:        0.735, y_peak:        0.295, r_peak:        0.020, sig:        9.727, ra_peak:      149.847, dec_peak:       21.033
Distance = 50.1 kpc (m-M = 18.5)
659430 objects left after isochrone cut...
Characteristic density = 4700.0 deg^-2
Characteristic density local = 4850.2 deg^-2 = 1.347 arcmin^-2
Fitting aperture to hotspot...
Candidate: x_peak:       -0.125, y_peak:        0.235, r_peak:        0.020, sig:        7.306, ra_peak:      148.926, dec_peak:       20.975
Characteristic density local = 5124.8 deg^-2 = 1.424 arcmin^-2
Fitting aperture to hotspot...
Candidate: x_peak:        0.165, y_peak:        0.035, r_peak:        0.020, sig:       10.228, ra_peak:      149.236, dec_peak:       20.775
Characteristic density local = 5283.9 deg^-2 = 1.468 arcmin^-2
Fitting aperture to hotspot...
Candidate: x_peak:        0.195, y_peak:       -0.985, r_peak:        0.020, sig:       10.680, ra_peak:      149.267, dec_peak:       19.755
Characteristic density local = 5202.4 deg^-2 = 1.445 arcmin^-2
Fitting aperture to hotspot...
Candidate: x_peak:        0.345, y_peak:       -0.565, r_peak:        0.020, sig:       11.487, ra_peak:      149.428, dec_peak:       20.175
Characteristic density local = 4923.9 deg^-2 = 1.368 arcmin^-2
Fitting aperture to hotspot...
Candidate: x_peak:        0.425, y_peak:        0.245, r_peak:        0.020, sig:       15.983, ra_peak:      149.515, dec_peak:       20.984
Characteristic density local = 5035.3 deg^-2 = 1.399 arcmin^-2
Fitting aperture to hotspot...
Candidate: x_peak:        0.695, y_peak:       -0.325, r_peak:        0.010, sig:        9.181, ra_peak:      149.802, dec_peak:       20.413
Characteristic density local = 4840.3 deg^-2 = 1.345 arcmin^-2
Fitting aperture to hotspot...
Candidate: x_peak:        0.735, y_peak:        0.565, r_peak:        0.040, sig:       12.399, ra_peak:      149.849, dec_peak:       21.303
Characteristic density local = 4973.6 deg^-2 = 1.382 arcmin^-2
Fitting aperture to hotspot...
Candidate: x_peak:        0.735, y_peak:        0.295, r_peak:        0.020, sig:        9.755, ra_peak:      149.847, dec_peak:       21.033
Distance = 63.1 kpc (m-M = 19.0)
657635 objects left after isochrone cut...
Characteristic density = 4700.0 deg^-2
Characteristic density local = 4770.7 deg^-2 = 1.325 arcmin^-2
Fitting aperture to hotspot...
Candidate: x_peak:       -0.125, y_peak:        0.235, r_peak:        0.020, sig:        7.364, ra_peak:      148.926, dec_peak:       20.975
Characteristic density local = 5041.2 deg^-2 = 1.400 arcmin^-2
Fitting aperture to hotspot...
Candidate: x_peak:        0.165, y_peak:        0.035, r_peak:        0.020, sig:       10.293, ra_peak:      149.236, dec_peak:       20.775
Characteristic density local = 5238.2 deg^-2 = 1.455 arcmin^-2
Fitting aperture to hotspot...
Candidate: x_peak:        0.195, y_peak:       -0.985, r_peak:        0.020, sig:       10.715, ra_peak:      149.267, dec_peak:       19.755
Characteristic density local = 5130.8 deg^-2 = 1.425 arcmin^-2
Fitting aperture to hotspot...
Candidate: x_peak:        0.345, y_peak:       -0.565, r_peak:        0.020, sig:       11.544, ra_peak:      149.428, dec_peak:       20.175
Characteristic density local = 4840.3 deg^-2 = 1.345 arcmin^-2
Fitting aperture to hotspot...
Candidate: x_peak:        0.425, y_peak:        0.245, r_peak:        0.020, sig:       16.060, ra_peak:      149.515, dec_peak:       20.984
Characteristic density local = 4975.6 deg^-2 = 1.382 arcmin^-2
Fitting aperture to hotspot...
Candidate: x_peak:        0.695, y_peak:       -0.325, r_peak:        0.010, sig:        9.210, ra_peak:      149.802, dec_peak:       20.413
Characteristic density local = 4764.7 deg^-2 = 1.324 arcmin^-2
Fitting aperture to hotspot...
Candidate: x_peak:        0.735, y_peak:        0.565, r_peak:        0.040, sig:       12.384, ra_peak:      149.849, dec_peak:       21.303
Characteristic density local = 4896.0 deg^-2 = 1.360 arcmin^-2
Fitting aperture to hotspot...
Candidate: x_peak:        0.735, y_peak:        0.295, r_peak:        0.020, sig:        9.815, ra_peak:      149.847, dec_peak:       21.033
Distance = 79.4 kpc (m-M = 19.5)
655466 objects left after isochrone cut...
Characteristic density = 4600.0 deg^-2
Characteristic density local = 4713.0 deg^-2 = 1.309 arcmin^-2
Fitting aperture to hotspot...
Candidate: x_peak:       -0.125, y_peak:        0.235, r_peak:        0.020, sig:        7.406, ra_peak:      148.926, dec_peak:       20.975
Characteristic density local = 4963.6 deg^-2 = 1.379 arcmin^-2
Fitting aperture to hotspot...
Candidate: x_peak:        0.165, y_peak:        0.035, r_peak:        0.020, sig:       10.354, ra_peak:      149.236, dec_peak:       20.775
Characteristic density local = 5180.5 deg^-2 = 1.439 arcmin^-2
Fitting aperture to hotspot...
Candidate: x_peak:        0.195, y_peak:       -0.985, r_peak:        0.020, sig:       10.759, ra_peak:      149.267, dec_peak:       19.755
Characteristic density local = 5057.1 deg^-2 = 1.405 arcmin^-2
Fitting aperture to hotspot...
Candidate: x_peak:        0.345, y_peak:       -0.565, r_peak:        0.020, sig:       11.603, ra_peak:      149.428, dec_peak:       20.175
Characteristic density local = 4778.6 deg^-2 = 1.327 arcmin^-2
Fitting aperture to hotspot...
Candidate: x_peak:        0.425, y_peak:        0.245, r_peak:        0.020, sig:       16.118, ra_peak:      149.515, dec_peak:       20.984
Characteristic density local = 4911.9 deg^-2 = 1.364 arcmin^-2
Fitting aperture to hotspot...
Candidate: x_peak:        0.695, y_peak:       -0.325, r_peak:        0.010, sig:        9.241, ra_peak:      149.802, dec_peak:       20.413
Characteristic density local = 4673.2 deg^-2 = 1.298 arcmin^-2
Fitting aperture to hotspot...
Candidate: x_peak:        0.735, y_peak:        0.565, r_peak:        0.040, sig:       12.513, ra_peak:      149.849, dec_peak:       21.303
Characteristic density local = 4820.4 deg^-2 = 1.339 arcmin^-2
Fitting aperture to hotspot...
Candidate: x_peak:        0.735, y_peak:        0.295, r_peak:        0.020, sig:        9.875, ra_peak:      149.847, dec_peak:       21.033
Distance = 100.0 kpc (m-M = 20.0)
652841 objects left after isochrone cut...
Characteristic density = 4500.0 deg^-2
Characteristic density local = 4627.4 deg^-2 = 1.285 arcmin^-2
Fitting aperture to hotspot...
Candidate: x_peak:       -0.125, y_peak:        0.235, r_peak:        0.020, sig:        7.470, ra_peak:      148.926, dec_peak:       20.975
Characteristic density local = 4862.2 deg^-2 = 1.351 arcmin^-2
Fitting aperture to hotspot...
Candidate: x_peak:        0.165, y_peak:        0.035, r_peak:        0.020, sig:       10.434, ra_peak:      149.236, dec_peak:       20.775
Characteristic density local = 5073.1 deg^-2 = 1.409 arcmin^-2
Fitting aperture to hotspot...
Candidate: x_peak:        0.195, y_peak:       -0.985, r_peak:        0.020, sig:       10.653, ra_peak:      149.267, dec_peak:       19.755
Characteristic density local = 4951.7 deg^-2 = 1.375 arcmin^-2
Fitting aperture to hotspot...
Candidate: x_peak:        0.345, y_peak:       -0.565, r_peak:        0.020, sig:       11.689, ra_peak:      149.428, dec_peak:       20.175
Characteristic density local = 4677.2 deg^-2 = 1.299 arcmin^-2
Fitting aperture to hotspot...
Candidate: x_peak:        0.425, y_peak:        0.245, r_peak:        0.020, sig:       16.215, ra_peak:      149.515, dec_peak:       20.984
Characteristic density local = 4818.4 deg^-2 = 1.338 arcmin^-2
Fitting aperture to hotspot...
Candidate: x_peak:        0.695, y_peak:       -0.325, r_peak:        0.010, sig:        9.287, ra_peak:      149.802, dec_peak:       20.413
Characteristic density local = 4605.5 deg^-2 = 1.279 arcmin^-2
Fitting aperture to hotspot...
Candidate: x_peak:        0.735, y_peak:        0.565, r_peak:        0.040, sig:       12.489, ra_peak:      149.849, dec_peak:       21.303
Characteristic density local = 4724.9 deg^-2 = 1.312 arcmin^-2
Fitting aperture to hotspot...
Candidate: x_peak:        0.735, y_peak:        0.295, r_peak:        0.020, sig:        9.951, ra_peak:      149.847, dec_peak:       21.033
Distance = 125.9 kpc (m-M = 20.5)
649720 objects left after isochrone cut...
Characteristic density = 4400.0 deg^-2
Characteristic density local = 4024.6 deg^-2 = 1.118 arcmin^-2
Fitting aperture to hotspot...
Candidate: x_peak:       -0.415, y_peak:        0.725, r_peak:        0.020, sig:        5.997, ra_peak:      148.614, dec_peak:       21.464
Characteristic density local = 4531.9 deg^-2 = 1.259 arcmin^-2
Fitting aperture to hotspot...
Candidate: x_peak:       -0.125, y_peak:        0.235, r_peak:        0.020, sig:        7.542, ra_peak:      148.926, dec_peak:       20.975
Characteristic density local = 4756.7 deg^-2 = 1.321 arcmin^-2
Fitting aperture to hotspot...
Candidate: x_peak:        0.165, y_peak:        0.035, r_peak:        0.020, sig:       10.520, ra_peak:      149.236, dec_peak:       20.775
Characteristic density local = 4961.7 deg^-2 = 1.378 arcmin^-2
Fitting aperture to hotspot...
Candidate: x_peak:        0.195, y_peak:       -0.985, r_peak:        0.020, sig:       10.741, ra_peak:      149.267, dec_peak:       19.755
Characteristic density local = 4854.2 deg^-2 = 1.348 arcmin^-2
Fitting aperture to hotspot...
Candidate: x_peak:        0.345, y_peak:       -0.565, r_peak:        0.020, sig:       11.770, ra_peak:      149.428, dec_peak:       20.175
Characteristic density local = 4593.6 deg^-2 = 1.276 arcmin^-2
Fitting aperture to hotspot...
Candidate: x_peak:        0.425, y_peak:        0.245, r_peak:        0.020, sig:       16.296, ra_peak:      149.515, dec_peak:       20.984
Characteristic density local = 4711.0 deg^-2 = 1.309 arcmin^-2
Fitting aperture to hotspot...
Candidate: x_peak:        0.695, y_peak:       -0.325, r_peak:        0.010, sig:        9.041, ra_peak:      149.802, dec_peak:       20.413
Characteristic density local = 4512.0 deg^-2 = 1.253 arcmin^-2
Fitting aperture to hotspot...
Candidate: x_peak:        0.735, y_peak:        0.565, r_peak:        0.040, sig:       12.624, ra_peak:      149.849, dec_peak:       21.303
Characteristic density local = 4637.4 deg^-2 = 1.288 arcmin^-2
Fitting aperture to hotspot...
Candidate: x_peak:        0.735, y_peak:        0.295, r_peak:        0.020, sig:        9.820, ra_peak:      149.847, dec_peak:       21.033
Distance = 158.5 kpc (m-M = 21.0)
646184 objects left after isochrone cut...
Characteristic density = 4300.0 deg^-2
Characteristic density local = 3921.2 deg^-2 = 1.089 arcmin^-2
Fitting aperture to hotspot...
Candidate: x_peak:       -0.415, y_peak:        0.725, r_peak:        0.020, sig:        6.078, ra_peak:      148.614, dec_peak:       21.464
Characteristic density local = 4414.6 deg^-2 = 1.226 arcmin^-2
Fitting aperture to hotspot...
Candidate: x_peak:       -0.125, y_peak:        0.235, r_peak:        0.020, sig:        7.633, ra_peak:      148.926, dec_peak:       20.975
Characteristic density local = 4637.4 deg^-2 = 1.288 arcmin^-2
Fitting aperture to hotspot...
Candidate: x_peak:        0.165, y_peak:        0.035, r_peak:        0.020, sig:       10.618, ra_peak:      149.236, dec_peak:       20.775
Characteristic density local = 4826.4 deg^-2 = 1.341 arcmin^-2
Fitting aperture to hotspot...
Candidate: x_peak:        0.195, y_peak:       -0.985, r_peak:        0.020, sig:       10.850, ra_peak:      149.267, dec_peak:       19.755
Characteristic density local = 4744.8 deg^-2 = 1.318 arcmin^-2
Fitting aperture to hotspot...
Candidate: x_peak:        0.345, y_peak:       -0.565, r_peak:        0.020, sig:       11.862, ra_peak:      149.428, dec_peak:       20.175
Characteristic density local = 4476.2 deg^-2 = 1.243 arcmin^-2
Fitting aperture to hotspot...
Candidate: x_peak:        0.425, y_peak:        0.245, r_peak:        0.020, sig:       16.412, ra_peak:      149.515, dec_peak:       20.984
Characteristic density local = 4593.6 deg^-2 = 1.276 arcmin^-2
Fitting aperture to hotspot...
Candidate: x_peak:        0.695, y_peak:       -0.325, r_peak:        0.010, sig:        9.101, ra_peak:      149.802, dec_peak:       20.413
Characteristic density local = 4408.6 deg^-2 = 1.225 arcmin^-2
Fitting aperture to hotspot...
Candidate: x_peak:        0.735, y_peak:        0.565, r_peak:        0.040, sig:       12.653, ra_peak:      149.849, dec_peak:       21.303
Characteristic density local = 4547.9 deg^-2 = 1.263 arcmin^-2
Fitting aperture to hotspot...
Candidate: x_peak:        0.735, y_peak:        0.295, r_peak:        0.020, sig:        9.893, ra_peak:      149.847, dec_peak:       21.033
Distance = 199.5 kpc (m-M = 21.5)
641930 objects left after isochrone cut...
Characteristic density = 4200.0 deg^-2
Characteristic density local = 3791.9 deg^-2 = 1.053 arcmin^-2
Fitting aperture to hotspot...
Candidate: x_peak:       -0.415, y_peak:        0.725, r_peak:        0.020, sig:        6.181, ra_peak:      148.614, dec_peak:       21.464
Characteristic density local = 4291.2 deg^-2 = 1.192 arcmin^-2
Fitting aperture to hotspot...
Candidate: x_peak:       -0.125, y_peak:        0.235, r_peak:        0.020, sig:        7.730, ra_peak:      148.926, dec_peak:       20.975
Characteristic density local = 4504.1 deg^-2 = 1.251 arcmin^-2
Fitting aperture to hotspot...
Candidate: x_peak:        0.165, y_peak:        0.035, r_peak:        0.020, sig:       10.730, ra_peak:      149.236, dec_peak:       20.775
Characteristic density local = 4701.0 deg^-2 = 1.306 arcmin^-2
Fitting aperture to hotspot...
Candidate: x_peak:        0.195, y_peak:       -0.985, r_peak:        0.020, sig:       10.954, ra_peak:      149.267, dec_peak:       19.755
Characteristic density local = 4565.8 deg^-2 = 1.268 arcmin^-2
Fitting aperture to hotspot...
Candidate: x_peak:        0.345, y_peak:       -0.575, r_peak:        0.020, sig:       11.451, ra_peak:      149.428, dec_peak:       20.165
Characteristic density local = 4323.0 deg^-2 = 1.201 arcmin^-2
Fitting aperture to hotspot...
Candidate: x_peak:        0.425, y_peak:        0.245, r_peak:        0.020, sig:       16.566, ra_peak:      149.515, dec_peak:       20.984
Characteristic density local = 4458.3 deg^-2 = 1.238 arcmin^-2
Fitting aperture to hotspot...
Candidate: x_peak:        0.695, y_peak:       -0.325, r_peak:        0.010, sig:        8.864, ra_peak:      149.802, dec_peak:       20.413
Characteristic density local = 4269.3 deg^-2 = 1.186 arcmin^-2
Fitting aperture to hotspot...
Candidate: x_peak:        0.735, y_peak:        0.565, r_peak:        0.040, sig:       12.739, ra_peak:      149.849, dec_peak:       21.303
Characteristic density local = 4406.6 deg^-2 = 1.224 arcmin^-2
Fitting aperture to hotspot...
Candidate: x_peak:        0.735, y_peak:        0.295, r_peak:        0.020, sig:        9.806, ra_peak:      149.847, dec_peak:       21.033
Distance = 251.2 kpc (m-M = 22.0)
636689 objects left after isochrone cut...
Characteristic density = 4000.0 deg^-2
Characteristic density local = 3654.6 deg^-2 = 1.015 arcmin^-2
Fitting aperture to hotspot...
Candidate: x_peak:       -0.415, y_peak:        0.715, r_peak:        0.020, sig:        6.808, ra_peak:      148.614, dec_peak:       21.454
Characteristic density local = 4140.0 deg^-2 = 1.150 arcmin^-2
Fitting aperture to hotspot...
Candidate: x_peak:       -0.125, y_peak:        0.235, r_peak:        0.020, sig:        7.851, ra_peak:      148.926, dec_peak:       20.975
Characteristic density local = 4333.0 deg^-2 = 1.204 arcmin^-2
Fitting aperture to hotspot...
Candidate: x_peak:        0.165, y_peak:        0.035, r_peak:        0.020, sig:       10.878, ra_peak:      149.236, dec_peak:       20.775
Characteristic density local = 4569.7 deg^-2 = 1.269 arcmin^-2
Fitting aperture to hotspot...
Candidate: x_peak:        0.195, y_peak:       -0.975, r_peak:        0.020, sig:       10.077, ra_peak:      149.267, dec_peak:       19.765
Characteristic density local = 4404.6 deg^-2 = 1.224 arcmin^-2
Fitting aperture to hotspot...
Candidate: x_peak:        0.345, y_peak:       -0.575, r_peak:        0.020, sig:       11.592, ra_peak:      149.428, dec_peak:       20.165
Characteristic density local = 4163.9 deg^-2 = 1.157 arcmin^-2
Fitting aperture to hotspot...
Candidate: x_peak:        0.425, y_peak:        0.245, r_peak:        0.020, sig:       16.732, ra_peak:      149.515, dec_peak:       20.984
Characteristic density local = 4273.3 deg^-2 = 1.187 arcmin^-2
Fitting aperture to hotspot...
Candidate: x_peak:        0.695, y_peak:       -0.325, r_peak:        0.010, sig:        8.961, ra_peak:      149.802, dec_peak:       20.413
Characteristic density local = 4094.3 deg^-2 = 1.137 arcmin^-2
Fitting aperture to hotspot...
Candidate: x_peak:        0.735, y_peak:        0.565, r_peak:        0.040, sig:       12.883, ra_peak:      149.849, dec_peak:       21.303
Characteristic density local = 4217.6 deg^-2 = 1.172 arcmin^-2
Fitting aperture to hotspot...
Candidate: x_peak:        0.735, y_peak:        0.295, r_peak:        0.020, sig:        9.967, ra_peak:      149.847, dec_peak:       21.033
Distance = 316.2 kpc (m-M = 22.5)
630562 objects left after isochrone cut...
Characteristic density = 3800.0 deg^-2
Characteristic density local = 3487.5 deg^-2 = 0.969 arcmin^-2
Fitting aperture to hotspot...
Candidate: x_peak:       -0.415, y_peak:        0.725, r_peak:        0.020, sig:        6.171, ra_peak:      148.614, dec_peak:       21.464
Characteristic density local = 3953.0 deg^-2 = 1.098 arcmin^-2
Fitting aperture to hotspot...
Candidate: x_peak:       -0.125, y_peak:        0.235, r_peak:        0.020, sig:        8.007, ra_peak:      148.926, dec_peak:       20.975
Characteristic density local = 4132.1 deg^-2 = 1.148 arcmin^-2
Fitting aperture to hotspot...
Candidate: x_peak:        0.165, y_peak:        0.035, r_peak:        0.020, sig:       11.057, ra_peak:      149.236, dec_peak:       20.775
Characteristic density local = 4358.9 deg^-2 = 1.211 arcmin^-2
Fitting aperture to hotspot...
Candidate: x_peak:        0.195, y_peak:       -0.975, r_peak:        0.010, sig:       10.116, ra_peak:      149.267, dec_peak:       19.765
Characteristic density local = 4195.7 deg^-2 = 1.165 arcmin^-2
Fitting aperture to hotspot...
Candidate: x_peak:        0.345, y_peak:       -0.575, r_peak:        0.020, sig:       11.588, ra_peak:      149.428, dec_peak:       20.165
Characteristic density local = 3970.9 deg^-2 = 1.103 arcmin^-2
Fitting aperture to hotspot...
Candidate: x_peak:        0.425, y_peak:        0.245, r_peak:        0.020, sig:       16.776, ra_peak:      149.515, dec_peak:       20.984
Characteristic density local = 4046.5 deg^-2 = 1.124 arcmin^-2
Fitting aperture to hotspot...
Candidate: x_peak:        0.695, y_peak:       -0.325, r_peak:        0.010, sig:        9.085, ra_peak:      149.802, dec_peak:       20.413
Characteristic density local = 3899.3 deg^-2 = 1.083 arcmin^-2
Fitting aperture to hotspot...
Candidate: x_peak:        0.735, y_peak:        0.565, r_peak:        0.040, sig:       13.067, ra_peak:      149.849, dec_peak:       21.303
Characteristic density local = 4010.7 deg^-2 = 1.114 arcmin^-2
Fitting aperture to hotspot...
Candidate: x_peak:        0.735, y_peak:        0.295, r_peak:        0.020, sig:        9.729, ra_peak:      149.847, dec_peak:       21.033
Distance = 398.1 kpc (m-M = 23.0)
622954 objects left after isochrone cut...
Characteristic density = 3600.0 deg^-2
Characteristic density local = 3252.7 deg^-2 = 0.904 arcmin^-2
Fitting aperture to hotspot...
Candidate: x_peak:       -0.415, y_peak:        0.715, r_peak:        0.020, sig:        6.907, ra_peak:      148.614, dec_peak:       21.454
Characteristic density local = 3688.4 deg^-2 = 1.025 arcmin^-2
Fitting aperture to hotspot...
Candidate: x_peak:       -0.125, y_peak:        0.235, r_peak:        0.020, sig:        8.237, ra_peak:      148.926, dec_peak:       20.975
Characteristic density local = 3859.5 deg^-2 = 1.072 arcmin^-2
Fitting aperture to hotspot...
Candidate: x_peak:        0.165, y_peak:        0.035, r_peak:        0.020, sig:       11.312, ra_peak:      149.236, dec_peak:       20.775
Characteristic density local = 4096.3 deg^-2 = 1.138 arcmin^-2
Fitting aperture to hotspot...
Candidate: x_peak:        0.195, y_peak:       -0.975, r_peak:        0.020, sig:       10.073, ra_peak:      149.267, dec_peak:       19.765
Characteristic density local = 3972.9 deg^-2 = 1.104 arcmin^-2
Fitting aperture to hotspot...
Candidate: x_peak:        0.345, y_peak:       -0.565, r_peak:        0.020, sig:       11.601, ra_peak:      149.428, dec_peak:       20.175
Characteristic density local = 3736.2 deg^-2 = 1.038 arcmin^-2
Fitting aperture to hotspot...
Candidate: x_peak:        0.425, y_peak:        0.245, r_peak:        0.020, sig:       16.708, ra_peak:      149.515, dec_peak:       20.984
Characteristic density local = 3813.8 deg^-2 = 1.059 arcmin^-2
Fitting aperture to hotspot...
Candidate: x_peak:        0.695, y_peak:       -0.325, r_peak:        0.010, sig:        9.218, ra_peak:      149.802, dec_peak:       20.413
Characteristic density local = 3654.6 deg^-2 = 1.015 arcmin^-2
Fitting aperture to hotspot...
Candidate: x_peak:        0.735, y_peak:        0.565, r_peak:        0.040, sig:       13.088, ra_peak:      149.849, dec_peak:       21.303
Characteristic density local = 3764.0 deg^-2 = 1.046 arcmin^-2
Fitting aperture to hotspot...
Candidate: x_peak:        0.735, y_peak:        0.295, r_peak:        0.020, sig:        9.739, ra_peak:      149.847, dec_peak:       21.033
16.78 sigma; (RA, Dec, d) = (149.52, 20.98); r = 0.02 deg; d = 316.2, mu = 22.50 mag), mc_source_id: 0.00
13.09 sigma; (RA, Dec, d) = (149.85, 21.30); r = 0.04 deg; d = 398.1, mu = 23.00 mag), mc_source_id: 0.00
11.86 sigma; (RA, Dec, d) = (149.43, 20.17); r = 0.02 deg; d = 158.5, mu = 21.00 mag), mc_source_id: 0.00
11.31 sigma; (RA, Dec, d) = (149.24, 20.77); r = 0.02 deg; d = 398.1, mu = 23.00 mag), mc_source_id: 0.00
10.95 sigma; (RA, Dec, d) = (149.27, 19.75); r = 0.02 deg; d = 199.5, mu = 21.50 mag), mc_source_id: 0.00
9.97 sigma; (RA, Dec, d) = (149.85, 21.03); r = 0.02 deg; d = 251.2, mu = 22.00 mag), mc_source_id: 0.00
9.29 sigma; (RA, Dec, d) = (149.80, 20.41); r = 0.01 deg; d = 100.0, mu = 20.00 mag), mc_source_id: 0.00
8.24 sigma; (RA, Dec, d) = (148.93, 20.97); r = 0.02 deg; d = 398.1, mu = 23.00 mag), mc_source_id: 0.00
6.91 sigma; (RA, Dec, d) = (148.61, 21.45); r = 0.02 deg; d = 398.1, mu = 23.00 mag), mc_source_id: 0.00
4.44 sigma; (RA, Dec, d) = (147.81, 20.88); r = 0.03 deg; d = 20.0, mu = 16.50 mag), mc_source_id: 0.00

------------------------------------------------------------
Job <679466.0> was submitted from <des51.fnal.gov> by user <tavangar>.
Job was executed on host <des40.fnal.gov> as user <tavangar>.
</var/lib/condor/execute/dir_1738334> was used as the initial working directory.
Results reported at Wed Jun  5 04:24:53 CDT 2019

Your job looked like:

------------------------------------------------------------
python /home/s1/tavangar/tavangar_simple/search_algorithm.py 149.06 20.74 0.00 /home/s1/tavangar/tavangar_simple/decals_dr7_results/results_nside_32_3957.csv /home/s1/tavangar/tavangar_simple/decals_dr7_results/decals_dr7_log/results_nside_32_3957.log
------------------------------------------------------------

Successfully completed.

Resource usage summary:

	Real time :			393.24 sec.
	CPU time :			88.66 sec.
	CPU percentage :		81%
	Max Memory :			6005616 KB
	Average Memory :		0 KB

The output (if any) is above this job summary.
