/home/s1/tavangar/tavangar_simple/simple_utils.py:170: FutureWarning: elementwise comparison failed; returning scalar instead, but in the future will perform elementwise comparison
  if np.all(isochrone.stage == 'Main'):
Search coordinates: (RA, Dec) = (144.84, 14.48)
Center healpixel: 4595
Healpixels: [4595 4723 4594 4467 4339 4468 4596 4724 4851]
MC_SOURCE_ID = 0.0
mode = 0: running only on real data
Found 1 objects...
Applying cuts...
663811 star-like objects in ROI...
1073878 galaxy-like objects in ROI...
No fracdet map specified ...
Distance = 15.8 kpc (m-M = 16.0)
663786 objects left after isochrone cut...
Characteristic density = 5000.0 deg^-2
Characteristic density local = 5059.1 deg^-2 = 1.405 arcmin^-2
Fitting aperture to hotspot...
Candidate: x_peak:       -0.845, y_peak:       -0.105, r_peak:        0.030, sig:       23.212, ra_peak:      143.968, dec_peak:       14.373
Characteristic density local = 5005.4 deg^-2 = 1.390 arcmin^-2
Fitting aperture to hotspot...
Candidate: x_peak:       -0.495, y_peak:        0.775, r_peak:        0.020, sig:       11.086, ra_peak:      144.327, dec_peak:       15.254
Characteristic density local = 4567.7 deg^-2 = 1.269 arcmin^-2
Fitting aperture to hotspot...
Candidate: x_peak:       -0.325, y_peak:       -0.135, r_peak:        0.030, sig:       18.373, ra_peak:      144.505, dec_peak:       14.345
Characteristic density local = 5321.7 deg^-2 = 1.478 arcmin^-2
Fitting aperture to hotspot...
Candidate: x_peak:       -0.055, y_peak:        0.795, r_peak:        0.010, sig:       10.459, ra_peak:      144.783, dec_peak:       15.275
Characteristic density local = 4462.3 deg^-2 = 1.240 arcmin^-2
Fitting aperture to hotspot...
Candidate: x_peak:       -0.065, y_peak:       -0.055, r_peak:        0.020, sig:        8.705, ra_peak:      144.773, dec_peak:       14.425
Characteristic density local = 4999.5 deg^-2 = 1.389 arcmin^-2
Fitting aperture to hotspot...
Candidate: x_peak:       -0.015, y_peak:       -1.165, r_peak:        0.020, sig:       17.007, ra_peak:      144.825, dec_peak:       13.315
Characteristic density local = 4643.3 deg^-2 = 1.290 arcmin^-2
Fitting aperture to hotspot...
Candidate: x_peak:        0.245, y_peak:       -0.485, r_peak:        0.020, sig:        8.562, ra_peak:      145.092, dec_peak:       13.995
Characteristic density local = 4611.5 deg^-2 = 1.281 arcmin^-2
Fitting aperture to hotspot...
Candidate: x_peak:        0.425, y_peak:       -0.355, r_peak:        0.020, sig:        9.431, ra_peak:      145.278, dec_peak:       14.125
Distance = 20.0 kpc (m-M = 16.5)
663797 objects left after isochrone cut...
Characteristic density = 5000.0 deg^-2
Characteristic density local = 5059.1 deg^-2 = 1.405 arcmin^-2
Fitting aperture to hotspot...
Candidate: x_peak:       -0.845, y_peak:       -0.105, r_peak:        0.030, sig:       23.212, ra_peak:      143.968, dec_peak:       14.373
Characteristic density local = 5005.4 deg^-2 = 1.390 arcmin^-2
Fitting aperture to hotspot...
Candidate: x_peak:       -0.495, y_peak:        0.775, r_peak:        0.020, sig:       11.086, ra_peak:      144.327, dec_peak:       15.254
Characteristic density local = 4567.7 deg^-2 = 1.269 arcmin^-2
Fitting aperture to hotspot...
Candidate: x_peak:       -0.325, y_peak:       -0.135, r_peak:        0.030, sig:       18.373, ra_peak:      144.505, dec_peak:       14.345
Characteristic density local = 5321.7 deg^-2 = 1.478 arcmin^-2
Fitting aperture to hotspot...
Candidate: x_peak:       -0.055, y_peak:        0.795, r_peak:        0.010, sig:       10.459, ra_peak:      144.783, dec_peak:       15.275
Characteristic density local = 4462.3 deg^-2 = 1.240 arcmin^-2
Fitting aperture to hotspot...
Candidate: x_peak:       -0.065, y_peak:       -0.055, r_peak:        0.020, sig:        8.705, ra_peak:      144.773, dec_peak:       14.425
Characteristic density local = 4999.5 deg^-2 = 1.389 arcmin^-2
Fitting aperture to hotspot...
Candidate: x_peak:       -0.015, y_peak:       -1.165, r_peak:        0.020, sig:       17.007, ra_peak:      144.825, dec_peak:       13.315
Characteristic density local = 4643.3 deg^-2 = 1.290 arcmin^-2
Fitting aperture to hotspot...
Candidate: x_peak:        0.245, y_peak:       -0.485, r_peak:        0.020, sig:        8.562, ra_peak:      145.092, dec_peak:       13.995
Characteristic density local = 4611.5 deg^-2 = 1.281 arcmin^-2
Fitting aperture to hotspot...
Candidate: x_peak:        0.425, y_peak:       -0.355, r_peak:        0.020, sig:        9.431, ra_peak:      145.278, dec_peak:       14.125
Distance = 25.1 kpc (m-M = 17.0)
663808 objects left after isochrone cut...
Characteristic density = 5000.0 deg^-2
Characteristic density local = 5059.1 deg^-2 = 1.405 arcmin^-2
Fitting aperture to hotspot...
Candidate: x_peak:       -0.845, y_peak:       -0.105, r_peak:        0.030, sig:       23.212, ra_peak:      143.968, dec_peak:       14.373
Characteristic density local = 5005.4 deg^-2 = 1.390 arcmin^-2
Fitting aperture to hotspot...
Candidate: x_peak:       -0.495, y_peak:        0.775, r_peak:        0.020, sig:       11.086, ra_peak:      144.327, dec_peak:       15.254
Characteristic density local = 4567.7 deg^-2 = 1.269 arcmin^-2
Fitting aperture to hotspot...
Candidate: x_peak:       -0.325, y_peak:       -0.135, r_peak:        0.030, sig:       18.373, ra_peak:      144.505, dec_peak:       14.345
Characteristic density local = 5321.7 deg^-2 = 1.478 arcmin^-2
Fitting aperture to hotspot...
Candidate: x_peak:       -0.055, y_peak:        0.795, r_peak:        0.010, sig:       10.459, ra_peak:      144.783, dec_peak:       15.275
Characteristic density local = 4462.3 deg^-2 = 1.240 arcmin^-2
Fitting aperture to hotspot...
Candidate: x_peak:       -0.065, y_peak:       -0.055, r_peak:        0.020, sig:        8.705, ra_peak:      144.773, dec_peak:       14.425
Characteristic density local = 4999.5 deg^-2 = 1.389 arcmin^-2
Fitting aperture to hotspot...
Candidate: x_peak:       -0.015, y_peak:       -1.165, r_peak:        0.020, sig:       17.007, ra_peak:      144.825, dec_peak:       13.315
Characteristic density local = 4643.3 deg^-2 = 1.290 arcmin^-2
Fitting aperture to hotspot...
Candidate: x_peak:        0.245, y_peak:       -0.485, r_peak:        0.020, sig:        8.562, ra_peak:      145.092, dec_peak:       13.995
Characteristic density local = 4611.5 deg^-2 = 1.281 arcmin^-2
Fitting aperture to hotspot...
Candidate: x_peak:        0.425, y_peak:       -0.355, r_peak:        0.020, sig:        9.431, ra_peak:      145.278, dec_peak:       14.125
Distance = 31.6 kpc (m-M = 17.5)
663807 objects left after isochrone cut...
Characteristic density = 5000.0 deg^-2
Characteristic density local = 5059.1 deg^-2 = 1.405 arcmin^-2
Fitting aperture to hotspot...
Candidate: x_peak:       -0.845, y_peak:       -0.105, r_peak:        0.030, sig:       23.212, ra_peak:      143.968, dec_peak:       14.373
Characteristic density local = 5005.4 deg^-2 = 1.390 arcmin^-2
Fitting aperture to hotspot...
Candidate: x_peak:       -0.495, y_peak:        0.775, r_peak:        0.020, sig:       11.086, ra_peak:      144.327, dec_peak:       15.254
Characteristic density local = 4567.7 deg^-2 = 1.269 arcmin^-2
Fitting aperture to hotspot...
Candidate: x_peak:       -0.325, y_peak:       -0.135, r_peak:        0.030, sig:       18.373, ra_peak:      144.505, dec_peak:       14.345
Characteristic density local = 5321.7 deg^-2 = 1.478 arcmin^-2
Fitting aperture to hotspot...
Candidate: x_peak:       -0.055, y_peak:        0.795, r_peak:        0.010, sig:       10.459, ra_peak:      144.783, dec_peak:       15.275
Characteristic density local = 4462.3 deg^-2 = 1.240 arcmin^-2
Fitting aperture to hotspot...
Candidate: x_peak:       -0.065, y_peak:       -0.055, r_peak:        0.020, sig:        8.705, ra_peak:      144.773, dec_peak:       14.425
Characteristic density local = 4999.5 deg^-2 = 1.389 arcmin^-2
Fitting aperture to hotspot...
Candidate: x_peak:       -0.015, y_peak:       -1.165, r_peak:        0.020, sig:       17.007, ra_peak:      144.825, dec_peak:       13.315
Characteristic density local = 4643.3 deg^-2 = 1.290 arcmin^-2
Fitting aperture to hotspot...
Candidate: x_peak:        0.245, y_peak:       -0.485, r_peak:        0.020, sig:        8.562, ra_peak:      145.092, dec_peak:       13.995
Characteristic density local = 4611.5 deg^-2 = 1.281 arcmin^-2
Fitting aperture to hotspot...
Candidate: x_peak:        0.425, y_peak:       -0.355, r_peak:        0.020, sig:        9.431, ra_peak:      145.278, dec_peak:       14.125
Distance = 39.8 kpc (m-M = 18.0)
663804 objects left after isochrone cut...
Characteristic density = 5000.0 deg^-2
Characteristic density local = 5059.1 deg^-2 = 1.405 arcmin^-2
Fitting aperture to hotspot...
Candidate: x_peak:       -0.845, y_peak:       -0.105, r_peak:        0.030, sig:       23.212, ra_peak:      143.968, dec_peak:       14.373
Characteristic density local = 5005.4 deg^-2 = 1.390 arcmin^-2
Fitting aperture to hotspot...
Candidate: x_peak:       -0.495, y_peak:        0.775, r_peak:        0.020, sig:       11.086, ra_peak:      144.327, dec_peak:       15.254
Characteristic density local = 4567.7 deg^-2 = 1.269 arcmin^-2
Fitting aperture to hotspot...
Candidate: x_peak:       -0.325, y_peak:       -0.135, r_peak:        0.030, sig:       18.373, ra_peak:      144.505, dec_peak:       14.345
Characteristic density local = 5321.7 deg^-2 = 1.478 arcmin^-2
Fitting aperture to hotspot...
Candidate: x_peak:       -0.055, y_peak:        0.795, r_peak:        0.010, sig:       10.459, ra_peak:      144.783, dec_peak:       15.275
Characteristic density local = 4462.3 deg^-2 = 1.240 arcmin^-2
Fitting aperture to hotspot...
Candidate: x_peak:       -0.065, y_peak:       -0.055, r_peak:        0.020, sig:        8.705, ra_peak:      144.773, dec_peak:       14.425
Characteristic density local = 4999.5 deg^-2 = 1.389 arcmin^-2
Fitting aperture to hotspot...
Candidate: x_peak:       -0.015, y_peak:       -1.165, r_peak:        0.020, sig:       17.007, ra_peak:      144.825, dec_peak:       13.315
Characteristic density local = 4643.3 deg^-2 = 1.290 arcmin^-2
Fitting aperture to hotspot...
Candidate: x_peak:        0.245, y_peak:       -0.485, r_peak:        0.020, sig:        8.562, ra_peak:      145.092, dec_peak:       13.995
Characteristic density local = 4611.5 deg^-2 = 1.281 arcmin^-2
Fitting aperture to hotspot...
Candidate: x_peak:        0.425, y_peak:       -0.355, r_peak:        0.020, sig:        9.431, ra_peak:      145.278, dec_peak:       14.125
Distance = 50.1 kpc (m-M = 18.5)
663366 objects left after isochrone cut...
Characteristic density = 5000.0 deg^-2
Characteristic density local = 5007.4 deg^-2 = 1.391 arcmin^-2
Fitting aperture to hotspot...
Candidate: x_peak:       -0.845, y_peak:       -0.105, r_peak:        0.030, sig:       23.174, ra_peak:      143.968, dec_peak:       14.373
Characteristic density local = 4985.5 deg^-2 = 1.385 arcmin^-2
Fitting aperture to hotspot...
Candidate: x_peak:       -0.495, y_peak:        0.775, r_peak:        0.020, sig:       11.102, ra_peak:      144.327, dec_peak:       15.254
Characteristic density local = 4524.0 deg^-2 = 1.257 arcmin^-2
Fitting aperture to hotspot...
Candidate: x_peak:       -0.325, y_peak:       -0.135, r_peak:        0.030, sig:       18.431, ra_peak:      144.505, dec_peak:       14.345
Characteristic density local = 5307.8 deg^-2 = 1.474 arcmin^-2
Fitting aperture to hotspot...
Candidate: x_peak:       -0.055, y_peak:        0.795, r_peak:        0.010, sig:       10.465, ra_peak:      144.783, dec_peak:       15.275
Characteristic density local = 4426.5 deg^-2 = 1.230 arcmin^-2
Fitting aperture to hotspot...
Candidate: x_peak:       -0.065, y_peak:       -0.055, r_peak:        0.020, sig:        8.734, ra_peak:      144.773, dec_peak:       14.425
Characteristic density local = 4985.5 deg^-2 = 1.385 arcmin^-2
Fitting aperture to hotspot...
Candidate: x_peak:       -0.015, y_peak:       -1.165, r_peak:        0.020, sig:       17.020, ra_peak:      144.825, dec_peak:       13.315
Characteristic density local = 4605.5 deg^-2 = 1.279 arcmin^-2
Fitting aperture to hotspot...
Candidate: x_peak:        0.245, y_peak:       -0.485, r_peak:        0.020, sig:        8.592, ra_peak:      145.092, dec_peak:       13.995
Characteristic density local = 4569.7 deg^-2 = 1.269 arcmin^-2
Fitting aperture to hotspot...
Candidate: x_peak:        0.425, y_peak:       -0.355, r_peak:        0.020, sig:        9.465, ra_peak:      145.278, dec_peak:       14.125
Distance = 63.1 kpc (m-M = 19.0)
661177 objects left after isochrone cut...
Characteristic density = 4900.0 deg^-2
Characteristic density local = 4921.9 deg^-2 = 1.367 arcmin^-2
Fitting aperture to hotspot...
Candidate: x_peak:       -0.845, y_peak:       -0.105, r_peak:        0.030, sig:       23.291, ra_peak:      143.968, dec_peak:       14.373
Characteristic density local = 4904.0 deg^-2 = 1.362 arcmin^-2
Fitting aperture to hotspot...
Candidate: x_peak:       -0.495, y_peak:        0.775, r_peak:        0.020, sig:       11.168, ra_peak:      144.327, dec_peak:       15.254
Characteristic density local = 4432.5 deg^-2 = 1.231 arcmin^-2
Fitting aperture to hotspot...
Candidate: x_peak:       -0.325, y_peak:       -0.135, r_peak:        0.030, sig:       18.430, ra_peak:      144.505, dec_peak:       14.345
Characteristic density local = 5224.3 deg^-2 = 1.451 arcmin^-2
Fitting aperture to hotspot...
Candidate: x_peak:       -0.055, y_peak:        0.795, r_peak:        0.010, sig:       10.507, ra_peak:      144.783, dec_peak:       15.275
Characteristic density local = 4325.0 deg^-2 = 1.201 arcmin^-2
Fitting aperture to hotspot...
Candidate: x_peak:       -0.075, y_peak:       -0.055, r_peak:        0.020, sig:        9.458, ra_peak:      144.763, dec_peak:       14.425
Characteristic density local = 4902.0 deg^-2 = 1.362 arcmin^-2
Fitting aperture to hotspot...
Candidate: x_peak:       -0.015, y_peak:       -1.165, r_peak:        0.020, sig:       17.099, ra_peak:      144.825, dec_peak:       13.315
Characteristic density local = 4502.1 deg^-2 = 1.251 arcmin^-2
Fitting aperture to hotspot...
Candidate: x_peak:        0.245, y_peak:       -0.485, r_peak:        0.020, sig:        8.674, ra_peak:      145.092, dec_peak:       13.995
Characteristic density local = 4494.1 deg^-2 = 1.248 arcmin^-2
Fitting aperture to hotspot...
Candidate: x_peak:        0.425, y_peak:       -0.355, r_peak:        0.020, sig:        9.526, ra_peak:      145.278, dec_peak:       14.125
Distance = 79.4 kpc (m-M = 19.5)
658317 objects left after isochrone cut...
Characteristic density = 4800.0 deg^-2
Characteristic density local = 4840.3 deg^-2 = 1.345 arcmin^-2
Fitting aperture to hotspot...
Candidate: x_peak:       -0.845, y_peak:       -0.105, r_peak:        0.030, sig:       23.403, ra_peak:      143.968, dec_peak:       14.373
Characteristic density local = 4832.3 deg^-2 = 1.342 arcmin^-2
Fitting aperture to hotspot...
Candidate: x_peak:       -0.495, y_peak:        0.775, r_peak:        0.020, sig:       11.227, ra_peak:      144.327, dec_peak:       15.254
Characteristic density local = 4321.1 deg^-2 = 1.200 arcmin^-2
Fitting aperture to hotspot...
Candidate: x_peak:       -0.325, y_peak:       -0.135, r_peak:        0.030, sig:       18.582, ra_peak:      144.505, dec_peak:       14.345
Characteristic density local = 5120.8 deg^-2 = 1.422 arcmin^-2
Fitting aperture to hotspot...
Candidate: x_peak:       -0.055, y_peak:        0.795, r_peak:        0.010, sig:       10.558, ra_peak:      144.783, dec_peak:       15.275
Characteristic density local = 4259.4 deg^-2 = 1.183 arcmin^-2
Fitting aperture to hotspot...
Candidate: x_peak:       -0.075, y_peak:       -0.055, r_peak:        0.020, sig:        9.513, ra_peak:      144.763, dec_peak:       14.425
Characteristic density local = 4796.5 deg^-2 = 1.332 arcmin^-2
Fitting aperture to hotspot...
Candidate: x_peak:       -0.015, y_peak:       -1.165, r_peak:        0.020, sig:       17.200, ra_peak:      144.825, dec_peak:       13.315
Characteristic density local = 4418.5 deg^-2 = 1.227 arcmin^-2
Fitting aperture to hotspot...
Candidate: x_peak:        0.245, y_peak:       -0.485, r_peak:        0.020, sig:        8.741, ra_peak:      145.092, dec_peak:       13.995
Characteristic density local = 4701.0 deg^-2 = 1.306 arcmin^-2
Fitting aperture to hotspot...
Candidate: x_peak:        0.305, y_peak:       -0.785, r_peak:        0.020, sig:        7.187, ra_peak:      145.154, dec_peak:       13.695
Characteristic density local = 4438.4 deg^-2 = 1.233 arcmin^-2
Fitting aperture to hotspot...
Candidate: x_peak:        0.425, y_peak:       -0.355, r_peak:        0.020, sig:        9.572, ra_peak:      145.278, dec_peak:       14.125
Distance = 100.0 kpc (m-M = 20.0)
655011 objects left after isochrone cut...
Characteristic density = 4700.0 deg^-2
Characteristic density local = 4734.9 deg^-2 = 1.315 arcmin^-2
Fitting aperture to hotspot...
Candidate: x_peak:       -0.845, y_peak:       -0.105, r_peak:        0.030, sig:       23.550, ra_peak:      143.968, dec_peak:       14.373
Characteristic density local = 4722.9 deg^-2 = 1.312 arcmin^-2
Fitting aperture to hotspot...
Candidate: x_peak:       -0.495, y_peak:        0.775, r_peak:        0.020, sig:       11.318, ra_peak:      144.327, dec_peak:       15.254
Characteristic density local = 4223.6 deg^-2 = 1.173 arcmin^-2
Fitting aperture to hotspot...
Candidate: x_peak:       -0.325, y_peak:       -0.135, r_peak:        0.030, sig:       18.593, ra_peak:      144.505, dec_peak:       14.345
Characteristic density local = 4987.5 deg^-2 = 1.385 arcmin^-2
Fitting aperture to hotspot...
Candidate: x_peak:       -0.055, y_peak:        0.795, r_peak:        0.010, sig:       10.626, ra_peak:      144.783, dec_peak:       15.275
Characteristic density local = 4175.8 deg^-2 = 1.160 arcmin^-2
Fitting aperture to hotspot...
Candidate: x_peak:       -0.075, y_peak:       -0.055, r_peak:        0.020, sig:        9.585, ra_peak:      144.763, dec_peak:       14.425
Characteristic density local = 4681.1 deg^-2 = 1.300 arcmin^-2
Fitting aperture to hotspot...
Candidate: x_peak:       -0.015, y_peak:       -1.165, r_peak:        0.020, sig:       17.313, ra_peak:      144.825, dec_peak:       13.315
Characteristic density local = 4319.1 deg^-2 = 1.200 arcmin^-2
Fitting aperture to hotspot...
Candidate: x_peak:        0.245, y_peak:       -0.485, r_peak:        0.020, sig:        8.822, ra_peak:      145.092, dec_peak:       13.995
Characteristic density local = 4352.9 deg^-2 = 1.209 arcmin^-2
Fitting aperture to hotspot...
Candidate: x_peak:        0.425, y_peak:       -0.355, r_peak:        0.020, sig:        9.644, ra_peak:      145.278, dec_peak:       14.125
Distance = 125.9 kpc (m-M = 20.5)
651172 objects left after isochrone cut...
Characteristic density = 4600.0 deg^-2
Characteristic density local = 4607.5 deg^-2 = 1.280 arcmin^-2
Fitting aperture to hotspot...
Candidate: x_peak:       -0.845, y_peak:       -0.105, r_peak:        0.030, sig:       23.732, ra_peak:      143.968, dec_peak:       14.373
Characteristic density local = 4585.7 deg^-2 = 1.274 arcmin^-2
Fitting aperture to hotspot...
Candidate: x_peak:       -0.495, y_peak:        0.775, r_peak:        0.020, sig:       11.434, ra_peak:      144.327, dec_peak:       15.254
Characteristic density local = 4068.4 deg^-2 = 1.130 arcmin^-2
Fitting aperture to hotspot...
Candidate: x_peak:       -0.325, y_peak:       -0.135, r_peak:        0.030, sig:       18.813, ra_peak:      144.505, dec_peak:       14.345
Characteristic density local = 4850.2 deg^-2 = 1.347 arcmin^-2
Fitting aperture to hotspot...
Candidate: x_peak:       -0.055, y_peak:        0.795, r_peak:        0.010, sig:       10.697, ra_peak:      144.783, dec_peak:       15.275
Characteristic density local = 4032.6 deg^-2 = 1.120 arcmin^-2
Fitting aperture to hotspot...
Candidate: x_peak:       -0.075, y_peak:       -0.055, r_peak:        0.020, sig:        9.710, ra_peak:      144.763, dec_peak:       14.425
Characteristic density local = 4575.7 deg^-2 = 1.271 arcmin^-2
Fitting aperture to hotspot...
Candidate: x_peak:       -0.015, y_peak:       -1.165, r_peak:        0.020, sig:       17.418, ra_peak:      144.825, dec_peak:       13.315
Characteristic density local = 4195.7 deg^-2 = 1.165 arcmin^-2
Fitting aperture to hotspot...
Candidate: x_peak:        0.245, y_peak:       -0.485, r_peak:        0.020, sig:        8.924, ra_peak:      145.092, dec_peak:       13.995
Characteristic density local = 4191.7 deg^-2 = 1.164 arcmin^-2
Fitting aperture to hotspot...
Candidate: x_peak:        0.425, y_peak:       -0.355, r_peak:        0.020, sig:        9.781, ra_peak:      145.278, dec_peak:       14.125
Distance = 158.5 kpc (m-M = 21.0)
646767 objects left after isochrone cut...
Characteristic density = 4400.0 deg^-2
Characteristic density local = 4456.3 deg^-2 = 1.238 arcmin^-2
Fitting aperture to hotspot...
Candidate: x_peak:       -0.845, y_peak:       -0.105, r_peak:        0.030, sig:       23.844, ra_peak:      143.968, dec_peak:       14.373
Characteristic density local = 4446.4 deg^-2 = 1.235 arcmin^-2
Fitting aperture to hotspot...
Candidate: x_peak:       -0.495, y_peak:        0.775, r_peak:        0.020, sig:       11.555, ra_peak:      144.327, dec_peak:       15.254
Characteristic density local = 3963.0 deg^-2 = 1.101 arcmin^-2
Fitting aperture to hotspot...
Candidate: x_peak:       -0.325, y_peak:       -0.135, r_peak:        0.030, sig:       18.966, ra_peak:      144.505, dec_peak:       14.345
Characteristic density local = 4705.0 deg^-2 = 1.307 arcmin^-2
Fitting aperture to hotspot...
Candidate: x_peak:       -0.055, y_peak:        0.795, r_peak:        0.010, sig:       10.775, ra_peak:      144.783, dec_peak:       15.275
Characteristic density local = 3903.3 deg^-2 = 1.084 arcmin^-2
Fitting aperture to hotspot...
Candidate: x_peak:       -0.075, y_peak:       -0.055, r_peak:        0.020, sig:        9.826, ra_peak:      144.763, dec_peak:       14.425
Characteristic density local = 4432.5 deg^-2 = 1.231 arcmin^-2
Fitting aperture to hotspot...
Candidate: x_peak:       -0.015, y_peak:       -1.165, r_peak:        0.020, sig:       17.564, ra_peak:      144.825, dec_peak:       13.315
Characteristic density local = 4034.6 deg^-2 = 1.121 arcmin^-2
Fitting aperture to hotspot...
Candidate: x_peak:        0.245, y_peak:       -0.485, r_peak:        0.020, sig:        9.062, ra_peak:      145.092, dec_peak:       13.995
Characteristic density local = 4048.5 deg^-2 = 1.125 arcmin^-2
Fitting aperture to hotspot...
Candidate: x_peak:        0.425, y_peak:       -0.355, r_peak:        0.020, sig:        9.907, ra_peak:      145.278, dec_peak:       14.125
Distance = 199.5 kpc (m-M = 21.5)
641857 objects left after isochrone cut...
Characteristic density = 4300.0 deg^-2
Characteristic density local = 4279.3 deg^-2 = 1.189 arcmin^-2
Fitting aperture to hotspot...
Candidate: x_peak:       -0.845, y_peak:       -0.105, r_peak:        0.030, sig:       24.001, ra_peak:      143.968, dec_peak:       14.373
Characteristic density local = 4283.3 deg^-2 = 1.190 arcmin^-2
Fitting aperture to hotspot...
Candidate: x_peak:       -0.495, y_peak:        0.775, r_peak:        0.020, sig:       11.701, ra_peak:      144.327, dec_peak:       15.254
Characteristic density local = 3823.7 deg^-2 = 1.062 arcmin^-2
Fitting aperture to hotspot...
Candidate: x_peak:       -0.325, y_peak:       -0.135, r_peak:        0.030, sig:       19.174, ra_peak:      144.505, dec_peak:       14.345
Characteristic density local = 4569.7 deg^-2 = 1.269 arcmin^-2
Fitting aperture to hotspot...
Candidate: x_peak:       -0.055, y_peak:        0.795, r_peak:        0.010, sig:       10.849, ra_peak:      144.783, dec_peak:       15.275
Characteristic density local = 3740.1 deg^-2 = 1.039 arcmin^-2
Fitting aperture to hotspot...
Candidate: x_peak:       -0.075, y_peak:       -0.055, r_peak:        0.020, sig:        9.762, ra_peak:      144.763, dec_peak:       14.425
Characteristic density local = 4287.2 deg^-2 = 1.191 arcmin^-2
Fitting aperture to hotspot...
Candidate: x_peak:       -0.015, y_peak:       -1.165, r_peak:        0.020, sig:       17.559, ra_peak:      144.825, dec_peak:       13.315
Characteristic density local = 3897.3 deg^-2 = 1.083 arcmin^-2
Fitting aperture to hotspot...
Candidate: x_peak:        0.245, y_peak:       -0.485, r_peak:        0.020, sig:        9.183, ra_peak:      145.092, dec_peak:       13.995
Characteristic density local = 3893.3 deg^-2 = 1.081 arcmin^-2
Fitting aperture to hotspot...
Candidate: x_peak:        0.425, y_peak:       -0.355, r_peak:        0.020, sig:       10.047, ra_peak:      145.278, dec_peak:       14.125
Distance = 251.2 kpc (m-M = 22.0)
636003 objects left after isochrone cut...
Characteristic density = 4100.0 deg^-2
Characteristic density local = 4311.1 deg^-2 = 1.198 arcmin^-2
Fitting aperture to hotspot...
Candidate: x_peak:       -0.925, y_peak:        0.345, r_peak:        0.010, sig:        7.307, ra_peak:      143.883, dec_peak:       14.823
Characteristic density local = 4056.5 deg^-2 = 1.127 arcmin^-2
Fitting aperture to hotspot...
Candidate: x_peak:       -0.845, y_peak:       -0.105, r_peak:        0.030, sig:       24.238, ra_peak:      143.968, dec_peak:       14.373
Characteristic density local = 4090.3 deg^-2 = 1.136 arcmin^-2
Fitting aperture to hotspot...
Candidate: x_peak:       -0.495, y_peak:        0.775, r_peak:        0.020, sig:       11.685, ra_peak:      144.327, dec_peak:       15.254
Characteristic density local = 3632.7 deg^-2 = 1.009 arcmin^-2
Fitting aperture to hotspot...
Candidate: x_peak:       -0.325, y_peak:       -0.135, r_peak:        0.030, sig:       19.214, ra_peak:      144.505, dec_peak:       14.345
Characteristic density local = 4398.6 deg^-2 = 1.222 arcmin^-2
Fitting aperture to hotspot...
Candidate: x_peak:       -0.055, y_peak:        0.795, r_peak:        0.010, sig:       10.665, ra_peak:      144.783, dec_peak:       15.275
Characteristic density local = 3563.1 deg^-2 = 0.990 arcmin^-2
Fitting aperture to hotspot...
Candidate: x_peak:       -0.075, y_peak:       -0.055, r_peak:        0.020, sig:        9.712, ra_peak:      144.763, dec_peak:       14.425
Characteristic density local = 4094.3 deg^-2 = 1.137 arcmin^-2
Fitting aperture to hotspot...
Candidate: x_peak:       -0.015, y_peak:       -1.165, r_peak:        0.020, sig:       17.766, ra_peak:      144.825, dec_peak:       13.315
Characteristic density local = 3726.2 deg^-2 = 1.035 arcmin^-2
Fitting aperture to hotspot...
Candidate: x_peak:        0.245, y_peak:       -0.485, r_peak:        0.020, sig:        9.116, ra_peak:      145.092, dec_peak:       13.995
Characteristic density local = 3744.1 deg^-2 = 1.040 arcmin^-2
Fitting aperture to hotspot...
Candidate: x_peak:        0.425, y_peak:       -0.355, r_peak:        0.020, sig:        9.973, ra_peak:      145.278, dec_peak:       14.125
Distance = 316.2 kpc (m-M = 22.5)
628911 objects left after isochrone cut...
Characteristic density = 3800.0 deg^-2
Characteristic density local = 3799.8 deg^-2 = 1.056 arcmin^-2
Fitting aperture to hotspot...
Candidate: x_peak:       -0.845, y_peak:       -0.105, r_peak:        0.030, sig:       24.657, ra_peak:      143.968, dec_peak:       14.373
Characteristic density local = 3879.4 deg^-2 = 1.078 arcmin^-2
Fitting aperture to hotspot...
Candidate: x_peak:       -0.495, y_peak:        0.775, r_peak:        0.020, sig:       11.690, ra_peak:      144.327, dec_peak:       15.254
Characteristic density local = 3403.9 deg^-2 = 0.946 arcmin^-2
Fitting aperture to hotspot...
Candidate: x_peak:       -0.325, y_peak:       -0.135, r_peak:        0.030, sig:       19.454, ra_peak:      144.505, dec_peak:       14.345
Characteristic density local = 4167.9 deg^-2 = 1.158 arcmin^-2
Fitting aperture to hotspot...
Candidate: x_peak:       -0.055, y_peak:        0.805, r_peak:        0.020, sig:       10.421, ra_peak:      144.783, dec_peak:       15.285
Characteristic density local = 3306.4 deg^-2 = 0.918 arcmin^-2
Fitting aperture to hotspot...
Candidate: x_peak:       -0.075, y_peak:       -0.055, r_peak:        0.020, sig:        9.966, ra_peak:      144.763, dec_peak:       14.425
Characteristic density local = 3867.5 deg^-2 = 1.074 arcmin^-2
Fitting aperture to hotspot...
Candidate: x_peak:       -0.015, y_peak:       -1.165, r_peak:        0.020, sig:       17.702, ra_peak:      144.825, dec_peak:       13.315
Characteristic density local = 3519.3 deg^-2 = 0.978 arcmin^-2
Fitting aperture to hotspot...
Candidate: x_peak:        0.245, y_peak:       -0.485, r_peak:        0.020, sig:        8.855, ra_peak:      145.092, dec_peak:       13.995
Characteristic density local = 3491.5 deg^-2 = 0.970 arcmin^-2
Fitting aperture to hotspot...
Candidate: x_peak:        0.425, y_peak:       -0.355, r_peak:        0.020, sig:       10.000, ra_peak:      145.278, dec_peak:       14.125
Distance = 398.1 kpc (m-M = 23.0)
620302 objects left after isochrone cut...
Characteristic density = 3600.0 deg^-2
Characteristic density local = 3525.3 deg^-2 = 0.979 arcmin^-2
Fitting aperture to hotspot...
Candidate: x_peak:       -0.845, y_peak:       -0.105, r_peak:        0.030, sig:       24.679, ra_peak:      143.968, dec_peak:       14.373
Characteristic density local = 3575.0 deg^-2 = 0.993 arcmin^-2
Fitting aperture to hotspot...
Candidate: x_peak:       -0.495, y_peak:        0.775, r_peak:        0.020, sig:       11.795, ra_peak:      144.327, dec_peak:       15.254
Characteristic density local = 3099.5 deg^-2 = 0.861 arcmin^-2
Fitting aperture to hotspot...
Candidate: x_peak:       -0.325, y_peak:       -0.135, r_peak:        0.030, sig:       19.713, ra_peak:      144.505, dec_peak:       14.345
Characteristic density local = 3029.9 deg^-2 = 0.842 arcmin^-2
Fitting aperture to hotspot...
Candidate: x_peak:       -0.075, y_peak:       -0.055, r_peak:        0.020, sig:       10.033, ra_peak:      144.763, dec_peak:       14.425
Characteristic density local = 3885.4 deg^-2 = 1.079 arcmin^-2
Fitting aperture to hotspot...
Candidate: x_peak:       -0.055, y_peak:        0.805, r_peak:        0.020, sig:       10.473, ra_peak:      144.783, dec_peak:       15.285
Characteristic density local = 3610.8 deg^-2 = 1.003 arcmin^-2
Fitting aperture to hotspot...
Candidate: x_peak:       -0.015, y_peak:       -1.165, r_peak:        0.020, sig:       17.678, ra_peak:      144.825, dec_peak:       13.315
Characteristic density local = 3260.7 deg^-2 = 0.906 arcmin^-2
Fitting aperture to hotspot...
Candidate: x_peak:        0.245, y_peak:       -0.485, r_peak:        0.020, sig:        9.106, ra_peak:      145.092, dec_peak:       13.995
Characteristic density local = 3507.4 deg^-2 = 0.974 arcmin^-2
Fitting aperture to hotspot...
Candidate: x_peak:        0.305, y_peak:       -0.785, r_peak:        0.020, sig:        7.437, ra_peak:      145.154, dec_peak:       13.695
Characteristic density local = 3222.9 deg^-2 = 0.895 arcmin^-2
Fitting aperture to hotspot...
Candidate: x_peak:        0.425, y_peak:       -0.355, r_peak:        0.020, sig:       10.273, ra_peak:      145.278, dec_peak:       14.125
24.68 sigma; (RA, Dec, d) = (143.97, 14.37); r = 0.03 deg; d = 398.1, mu = 23.00 mag), mc_source_id: 0.00
19.71 sigma; (RA, Dec, d) = (144.50, 14.34); r = 0.03 deg; d = 398.1, mu = 23.00 mag), mc_source_id: 0.00
17.77 sigma; (RA, Dec, d) = (144.82, 13.31); r = 0.02 deg; d = 251.2, mu = 22.00 mag), mc_source_id: 0.00
11.80 sigma; (RA, Dec, d) = (144.33, 15.25); r = 0.02 deg; d = 398.1, mu = 23.00 mag), mc_source_id: 0.00
10.85 sigma; (RA, Dec, d) = (144.78, 15.27); r = 0.01 deg; d = 199.5, mu = 21.50 mag), mc_source_id: 0.00
10.47 sigma; (RA, Dec, d) = (144.78, 15.28); r = 0.02 deg; d = 398.1, mu = 23.00 mag), mc_source_id: 0.00
10.27 sigma; (RA, Dec, d) = (145.28, 14.12); r = 0.02 deg; d = 398.1, mu = 23.00 mag), mc_source_id: 0.00
10.03 sigma; (RA, Dec, d) = (144.76, 14.42); r = 0.02 deg; d = 398.1, mu = 23.00 mag), mc_source_id: 0.00
9.18 sigma; (RA, Dec, d) = (145.09, 13.99); r = 0.02 deg; d = 199.5, mu = 21.50 mag), mc_source_id: 0.00
7.44 sigma; (RA, Dec, d) = (145.15, 13.69); r = 0.02 deg; d = 398.1, mu = 23.00 mag), mc_source_id: 0.00
7.31 sigma; (RA, Dec, d) = (143.88, 14.82); r = 0.01 deg; d = 251.2, mu = 22.00 mag), mc_source_id: 0.00

------------------------------------------------------------
Job <679895.0> was submitted from <des51.fnal.gov> by user <tavangar>.
Job was executed on host <des40.fnal.gov> as user <tavangar>.
</var/lib/condor/execute/dir_1822968> was used as the initial working directory.
Results reported at Wed Jun  5 06:39:33 CDT 2019

Your job looked like:

------------------------------------------------------------
python /home/s1/tavangar/tavangar_simple/search_algorithm.py 144.84 14.48 0.00 /home/s1/tavangar/tavangar_simple/decals_dr7_results/results_nside_32_4595.csv /home/s1/tavangar/tavangar_simple/decals_dr7_results/decals_dr7_log/results_nside_32_4595.log
------------------------------------------------------------

Successfully completed.

Resource usage summary:

	Real time :			346.42 sec.
	CPU time :			16.54 sec.
	CPU percentage :		80%
	Max Memory :			6060944 KB
	Average Memory :		0 KB

The output (if any) is above this job summary.
