/home/s1/tavangar/tavangar_simple/simple_utils.py:170: FutureWarning: elementwise comparison failed; returning scalar instead, but in the future will perform elementwise comparison
  if np.all(isochrone.stage == 'Main'):
Search coordinates: (RA, Dec) = (241.88, 13.25)
Center healpixel: 4758
Healpixels: [4758 4885 4757 4629 4502 4630 4759 4886 5014]
MC_SOURCE_ID = 0.0
mode = 0: running only on real data
Found 1 objects...
Applying cuts...
843301 star-like objects in ROI...
824952 galaxy-like objects in ROI...
No fracdet map specified ...
Distance = 15.8 kpc (m-M = 16.0)
843279 objects left after isochrone cut...
Characteristic density = 10400.0 deg^-2
Characteristic density local = 10786.7 deg^-2 = 2.996 arcmin^-2
Fitting aperture to hotspot...
Candidate: x_peak:       -0.805, y_peak:       -0.185, r_peak:        0.100, sig:        4.281, ra_peak:      241.054, dec_peak:       13.064
Characteristic density local = 11099.1 deg^-2 = 3.083 arcmin^-2
Fitting aperture to hotspot...
Candidate: x_peak:       -0.365, y_peak:        0.065, r_peak:        0.030, sig:       12.549, ra_peak:      241.505, dec_peak:       13.315
Characteristic density local = 10454.5 deg^-2 = 2.904 arcmin^-2
Fitting aperture to hotspot...
Candidate: x_peak:       -0.085, y_peak:        0.715, r_peak:        0.030, sig:        5.714, ra_peak:      241.792, dec_peak:       13.965
Characteristic density local = 10971.7 deg^-2 = 3.048 arcmin^-2
Fitting aperture to hotspot...
Candidate: x_peak:       -0.025, y_peak:        0.085, r_peak:        0.020, sig:        9.913, ra_peak:      241.854, dec_peak:       13.335
Characteristic density local = 10937.9 deg^-2 = 3.038 arcmin^-2
Fitting aperture to hotspot...
Candidate: x_peak:        0.075, y_peak:       -0.875, r_peak:        0.020, sig:        9.456, ra_peak:      241.957, dec_peak:       12.375
Characteristic density local = 10480.4 deg^-2 = 2.911 arcmin^-2
Fitting aperture to hotspot...
Candidate: x_peak:        0.055, y_peak:        1.165, r_peak:        0.060, sig:        5.770, ra_peak:      241.937, dec_peak:       14.415
Characteristic density local = 10468.4 deg^-2 = 2.908 arcmin^-2
Fitting aperture to hotspot...
Candidate: x_peak:        0.075, y_peak:        1.155, r_peak:        0.060, sig:        6.486, ra_peak:      241.957, dec_peak:       14.405
Characteristic density local = 10615.6 deg^-2 = 2.949 arcmin^-2
Fitting aperture to hotspot...
Candidate: x_peak:        0.415, y_peak:       -0.325, r_peak:        0.020, sig:       10.082, ra_peak:      242.306, dec_peak:       12.925
Distance = 20.0 kpc (m-M = 16.5)
843289 objects left after isochrone cut...
Characteristic density = 10400.0 deg^-2
Characteristic density local = 10786.7 deg^-2 = 2.996 arcmin^-2
Fitting aperture to hotspot...
Candidate: x_peak:       -0.805, y_peak:       -0.185, r_peak:        0.100, sig:        4.281, ra_peak:      241.054, dec_peak:       13.064
Characteristic density local = 11099.1 deg^-2 = 3.083 arcmin^-2
Fitting aperture to hotspot...
Candidate: x_peak:       -0.365, y_peak:        0.065, r_peak:        0.030, sig:       12.549, ra_peak:      241.505, dec_peak:       13.315
Characteristic density local = 10454.5 deg^-2 = 2.904 arcmin^-2
Fitting aperture to hotspot...
Candidate: x_peak:       -0.085, y_peak:        0.715, r_peak:        0.030, sig:        5.714, ra_peak:      241.792, dec_peak:       13.965
Characteristic density local = 10971.7 deg^-2 = 3.048 arcmin^-2
Fitting aperture to hotspot...
Candidate: x_peak:       -0.025, y_peak:        0.085, r_peak:        0.020, sig:        9.913, ra_peak:      241.854, dec_peak:       13.335
Characteristic density local = 10937.9 deg^-2 = 3.038 arcmin^-2
Fitting aperture to hotspot...
Candidate: x_peak:        0.075, y_peak:       -0.875, r_peak:        0.020, sig:        9.456, ra_peak:      241.957, dec_peak:       12.375
Characteristic density local = 10480.4 deg^-2 = 2.911 arcmin^-2
Fitting aperture to hotspot...
Candidate: x_peak:        0.055, y_peak:        1.165, r_peak:        0.060, sig:        5.770, ra_peak:      241.937, dec_peak:       14.415
Characteristic density local = 10468.4 deg^-2 = 2.908 arcmin^-2
Fitting aperture to hotspot...
Candidate: x_peak:        0.075, y_peak:        1.155, r_peak:        0.060, sig:        6.486, ra_peak:      241.957, dec_peak:       14.405
Characteristic density local = 10615.6 deg^-2 = 2.949 arcmin^-2
Fitting aperture to hotspot...
Candidate: x_peak:        0.415, y_peak:       -0.325, r_peak:        0.020, sig:       10.082, ra_peak:      242.306, dec_peak:       12.925
Distance = 25.1 kpc (m-M = 17.0)
843292 objects left after isochrone cut...
Characteristic density = 10400.0 deg^-2
Characteristic density local = 10786.7 deg^-2 = 2.996 arcmin^-2
Fitting aperture to hotspot...
Candidate: x_peak:       -0.805, y_peak:       -0.185, r_peak:        0.100, sig:        4.281, ra_peak:      241.054, dec_peak:       13.064
Characteristic density local = 11099.1 deg^-2 = 3.083 arcmin^-2
Fitting aperture to hotspot...
Candidate: x_peak:       -0.365, y_peak:        0.065, r_peak:        0.030, sig:       12.549, ra_peak:      241.505, dec_peak:       13.315
Characteristic density local = 10454.5 deg^-2 = 2.904 arcmin^-2
Fitting aperture to hotspot...
Candidate: x_peak:       -0.085, y_peak:        0.715, r_peak:        0.030, sig:        5.714, ra_peak:      241.792, dec_peak:       13.965
Characteristic density local = 10971.7 deg^-2 = 3.048 arcmin^-2
Fitting aperture to hotspot...
Candidate: x_peak:       -0.025, y_peak:        0.085, r_peak:        0.020, sig:        9.913, ra_peak:      241.854, dec_peak:       13.335
Characteristic density local = 10937.9 deg^-2 = 3.038 arcmin^-2
Fitting aperture to hotspot...
Candidate: x_peak:        0.075, y_peak:       -0.875, r_peak:        0.020, sig:        9.456, ra_peak:      241.957, dec_peak:       12.375
Characteristic density local = 10480.4 deg^-2 = 2.911 arcmin^-2
Fitting aperture to hotspot...
Candidate: x_peak:        0.055, y_peak:        1.165, r_peak:        0.060, sig:        5.770, ra_peak:      241.937, dec_peak:       14.415
Characteristic density local = 10468.4 deg^-2 = 2.908 arcmin^-2
Fitting aperture to hotspot...
Candidate: x_peak:        0.075, y_peak:        1.155, r_peak:        0.060, sig:        6.486, ra_peak:      241.957, dec_peak:       14.405
Characteristic density local = 10615.6 deg^-2 = 2.949 arcmin^-2
Fitting aperture to hotspot...
Candidate: x_peak:        0.415, y_peak:       -0.325, r_peak:        0.020, sig:       10.082, ra_peak:      242.306, dec_peak:       12.925
Distance = 31.6 kpc (m-M = 17.5)
843294 objects left after isochrone cut...
Characteristic density = 10400.0 deg^-2
Characteristic density local = 10786.7 deg^-2 = 2.996 arcmin^-2
Fitting aperture to hotspot...
Candidate: x_peak:       -0.805, y_peak:       -0.185, r_peak:        0.100, sig:        4.281, ra_peak:      241.054, dec_peak:       13.064
Characteristic density local = 11099.1 deg^-2 = 3.083 arcmin^-2
Fitting aperture to hotspot...
Candidate: x_peak:       -0.365, y_peak:        0.065, r_peak:        0.030, sig:       12.549, ra_peak:      241.505, dec_peak:       13.315
Characteristic density local = 10454.5 deg^-2 = 2.904 arcmin^-2
Fitting aperture to hotspot...
Candidate: x_peak:       -0.085, y_peak:        0.715, r_peak:        0.030, sig:        5.714, ra_peak:      241.792, dec_peak:       13.965
Characteristic density local = 10971.7 deg^-2 = 3.048 arcmin^-2
Fitting aperture to hotspot...
Candidate: x_peak:       -0.025, y_peak:        0.085, r_peak:        0.020, sig:        9.913, ra_peak:      241.854, dec_peak:       13.335
Characteristic density local = 10937.9 deg^-2 = 3.038 arcmin^-2
Fitting aperture to hotspot...
Candidate: x_peak:        0.075, y_peak:       -0.875, r_peak:        0.020, sig:        9.456, ra_peak:      241.957, dec_peak:       12.375
Characteristic density local = 10480.4 deg^-2 = 2.911 arcmin^-2
Fitting aperture to hotspot...
Candidate: x_peak:        0.055, y_peak:        1.165, r_peak:        0.060, sig:        5.770, ra_peak:      241.937, dec_peak:       14.415
Characteristic density local = 10468.4 deg^-2 = 2.908 arcmin^-2
Fitting aperture to hotspot...
Candidate: x_peak:        0.075, y_peak:        1.155, r_peak:        0.060, sig:        6.486, ra_peak:      241.957, dec_peak:       14.405
Characteristic density local = 10615.6 deg^-2 = 2.949 arcmin^-2
Fitting aperture to hotspot...
Candidate: x_peak:        0.415, y_peak:       -0.325, r_peak:        0.020, sig:       10.082, ra_peak:      242.306, dec_peak:       12.925
Distance = 39.8 kpc (m-M = 18.0)
843048 objects left after isochrone cut...
Characteristic density = 10400.0 deg^-2
Characteristic density local = 10778.8 deg^-2 = 2.994 arcmin^-2
Fitting aperture to hotspot...
Candidate: x_peak:       -0.805, y_peak:       -0.185, r_peak:        0.100, sig:        4.295, ra_peak:      241.054, dec_peak:       13.064
Characteristic density local = 11095.1 deg^-2 = 3.082 arcmin^-2
Fitting aperture to hotspot...
Candidate: x_peak:       -0.365, y_peak:        0.065, r_peak:        0.030, sig:       12.551, ra_peak:      241.505, dec_peak:       13.315
Characteristic density local = 10452.5 deg^-2 = 2.903 arcmin^-2
Fitting aperture to hotspot...
Candidate: x_peak:       -0.085, y_peak:        0.715, r_peak:        0.030, sig:        5.715, ra_peak:      241.792, dec_peak:       13.965
Characteristic density local = 10967.8 deg^-2 = 3.047 arcmin^-2
Fitting aperture to hotspot...
Candidate: x_peak:       -0.025, y_peak:        0.085, r_peak:        0.020, sig:        9.914, ra_peak:      241.854, dec_peak:       13.335
Characteristic density local = 10912.1 deg^-2 = 3.031 arcmin^-2
Fitting aperture to hotspot...
Candidate: x_peak:        0.075, y_peak:       -0.875, r_peak:        0.020, sig:        9.468, ra_peak:      241.957, dec_peak:       12.375
Characteristic density local = 10480.4 deg^-2 = 2.911 arcmin^-2
Fitting aperture to hotspot...
Candidate: x_peak:        0.055, y_peak:        1.165, r_peak:        0.060, sig:        5.770, ra_peak:      241.937, dec_peak:       14.415
Characteristic density local = 10468.4 deg^-2 = 2.908 arcmin^-2
Fitting aperture to hotspot...
Candidate: x_peak:        0.075, y_peak:        1.155, r_peak:        0.060, sig:        6.486, ra_peak:      241.957, dec_peak:       14.405
Characteristic density local = 10607.7 deg^-2 = 2.947 arcmin^-2
Fitting aperture to hotspot...
Candidate: x_peak:        0.415, y_peak:       -0.325, r_peak:        0.020, sig:       10.085, ra_peak:      242.306, dec_peak:       12.925
Distance = 50.1 kpc (m-M = 18.5)
841480 objects left after isochrone cut...
Characteristic density = 10400.0 deg^-2
Characteristic density local = 11015.5 deg^-2 = 3.060 arcmin^-2
Fitting aperture to hotspot...
Candidate: x_peak:       -0.365, y_peak:        0.065, r_peak:        0.030, sig:       12.605, ra_peak:      241.505, dec_peak:       13.315
Characteristic density local = 10398.8 deg^-2 = 2.889 arcmin^-2
Fitting aperture to hotspot...
Candidate: x_peak:       -0.085, y_peak:        0.715, r_peak:        0.030, sig:        5.748, ra_peak:      241.792, dec_peak:       13.965
Characteristic density local = 10890.2 deg^-2 = 3.025 arcmin^-2
Fitting aperture to hotspot...
Candidate: x_peak:       -0.025, y_peak:        0.085, r_peak:        0.020, sig:        9.951, ra_peak:      241.854, dec_peak:       13.335
Characteristic density local = 10856.4 deg^-2 = 3.016 arcmin^-2
Fitting aperture to hotspot...
Candidate: x_peak:        0.075, y_peak:       -0.875, r_peak:        0.020, sig:        9.494, ra_peak:      241.957, dec_peak:       12.375
Characteristic density local = 10442.6 deg^-2 = 2.901 arcmin^-2
Fitting aperture to hotspot...
Candidate: x_peak:        0.055, y_peak:        1.165, r_peak:        0.060, sig:        5.734, ra_peak:      241.937, dec_peak:       14.415
Characteristic density local = 10432.6 deg^-2 = 2.898 arcmin^-2
Fitting aperture to hotspot...
Candidate: x_peak:        0.075, y_peak:        1.155, r_peak:        0.060, sig:        6.449, ra_peak:      241.957, dec_peak:       14.405
Characteristic density local = 10548.0 deg^-2 = 2.930 arcmin^-2
Fitting aperture to hotspot...
Candidate: x_peak:        0.415, y_peak:       -0.325, r_peak:        0.020, sig:       10.114, ra_peak:      242.306, dec_peak:       12.925
Distance = 63.1 kpc (m-M = 19.0)
838166 objects left after isochrone cut...
Characteristic density = 10300.0 deg^-2
Characteristic density local = 10583.8 deg^-2 = 2.940 arcmin^-2
Fitting aperture to hotspot...
Candidate: x_peak:       -0.805, y_peak:       -0.185, r_peak:        0.100, sig:        4.134, ra_peak:      241.054, dec_peak:       13.064
Characteristic density local = 10876.3 deg^-2 = 3.021 arcmin^-2
Fitting aperture to hotspot...
Candidate: x_peak:       -0.365, y_peak:        0.065, r_peak:        0.030, sig:       12.699, ra_peak:      241.505, dec_peak:       13.315
Characteristic density local = 10261.5 deg^-2 = 2.850 arcmin^-2
Fitting aperture to hotspot...
Candidate: x_peak:       -0.085, y_peak:        0.715, r_peak:        0.020, sig:        5.783, ra_peak:      241.792, dec_peak:       13.965
Characteristic density local = 10752.9 deg^-2 = 2.987 arcmin^-2
Fitting aperture to hotspot...
Candidate: x_peak:       -0.025, y_peak:        0.085, r_peak:        0.020, sig:        9.859, ra_peak:      241.854, dec_peak:       13.335
Characteristic density local = 10979.7 deg^-2 = 3.050 arcmin^-2
Fitting aperture to hotspot...
Candidate: x_peak:       -0.015, y_peak:       -0.565, r_peak:        0.020, sig:        4.513, ra_peak:      241.865, dec_peak:       12.685
Characteristic density local = 10743.0 deg^-2 = 2.984 arcmin^-2
Fitting aperture to hotspot...
Candidate: x_peak:        0.075, y_peak:       -0.875, r_peak:        0.020, sig:        9.387, ra_peak:      241.957, dec_peak:       12.375
Characteristic density local = 10319.2 deg^-2 = 2.866 arcmin^-2
Fitting aperture to hotspot...
Candidate: x_peak:        0.075, y_peak:        1.155, r_peak:        0.060, sig:        6.501, ra_peak:      241.957, dec_peak:       14.405
Characteristic density local = 10406.7 deg^-2 = 2.891 arcmin^-2
Fitting aperture to hotspot...
Candidate: x_peak:        0.415, y_peak:       -0.325, r_peak:        0.020, sig:       10.183, ra_peak:      242.306, dec_peak:       12.925
Characteristic density local = 10559.9 deg^-2 = 2.933 arcmin^-2
Fitting aperture to hotspot...
Candidate: x_peak:        1.355, y_peak:       -0.005, r_peak:        0.030, sig:        4.799, ra_peak:      243.272, dec_peak:       13.241
Distance = 79.4 kpc (m-M = 19.5)
833267 objects left after isochrone cut...
Characteristic density = 10100.0 deg^-2
Characteristic density local = 10414.7 deg^-2 = 2.893 arcmin^-2
Fitting aperture to hotspot...
Candidate: x_peak:       -0.805, y_peak:       -0.185, r_peak:        0.100, sig:        3.923, ra_peak:      241.054, dec_peak:       13.064
Characteristic density local = 10659.4 deg^-2 = 2.961 arcmin^-2
Fitting aperture to hotspot...
Candidate: x_peak:       -0.365, y_peak:        0.065, r_peak:        0.030, sig:       12.737, ra_peak:      241.505, dec_peak:       13.315
Characteristic density local = 10054.6 deg^-2 = 2.793 arcmin^-2
Fitting aperture to hotspot...
Candidate: x_peak:       -0.085, y_peak:        0.715, r_peak:        0.020, sig:        5.874, ra_peak:      241.792, dec_peak:       13.965
Characteristic density local = 10579.8 deg^-2 = 2.939 arcmin^-2
Fitting aperture to hotspot...
Candidate: x_peak:       -0.025, y_peak:        0.085, r_peak:        0.020, sig:        9.942, ra_peak:      241.854, dec_peak:       13.335
Characteristic density local = 10619.6 deg^-2 = 2.950 arcmin^-2
Fitting aperture to hotspot...
Candidate: x_peak:        0.075, y_peak:       -0.875, r_peak:        0.020, sig:        9.445, ra_peak:      241.957, dec_peak:       12.375
Characteristic density local = 10110.3 deg^-2 = 2.808 arcmin^-2
Fitting aperture to hotspot...
Candidate: x_peak:        0.075, y_peak:        1.155, r_peak:        0.060, sig:        6.586, ra_peak:      241.957, dec_peak:       14.405
Characteristic density local = 10603.7 deg^-2 = 2.945 arcmin^-2
Fitting aperture to hotspot...
Candidate: x_peak:        0.145, y_peak:       -0.415, r_peak:        0.010, sig:        5.517, ra_peak:      242.029, dec_peak:       12.835
Characteristic density local = 10193.9 deg^-2 = 2.832 arcmin^-2
Fitting aperture to hotspot...
Candidate: x_peak:        0.415, y_peak:       -0.325, r_peak:        0.020, sig:       10.129, ra_peak:      242.306, dec_peak:       12.925
Characteristic density local = 10382.9 deg^-2 = 2.884 arcmin^-2
Fitting aperture to hotspot...
Candidate: x_peak:        1.355, y_peak:       -0.005, r_peak:        0.030, sig:        4.465, ra_peak:      243.272, dec_peak:       13.241
Distance = 100.0 kpc (m-M = 20.0)
826393 objects left after isochrone cut...
Characteristic density = 9900.0 deg^-2
Characteristic density local = 10422.7 deg^-2 = 2.895 arcmin^-2
Fitting aperture to hotspot...
Candidate: x_peak:       -0.365, y_peak:        0.065, r_peak:        0.030, sig:       12.790, ra_peak:      241.505, dec_peak:       13.315
Characteristic density local = 9843.7 deg^-2 = 2.734 arcmin^-2
Fitting aperture to hotspot...
Candidate: x_peak:       -0.085, y_peak:        0.715, r_peak:        0.020, sig:        5.968, ra_peak:      241.792, dec_peak:       13.965
Characteristic density local = 10333.1 deg^-2 = 2.870 arcmin^-2
Fitting aperture to hotspot...
Candidate: x_peak:       -0.025, y_peak:        0.085, r_peak:        0.020, sig:       10.061, ra_peak:      241.854, dec_peak:       13.335
Characteristic density local = 10376.9 deg^-2 = 2.882 arcmin^-2
Fitting aperture to hotspot...
Candidate: x_peak:        0.075, y_peak:       -0.875, r_peak:        0.020, sig:        9.561, ra_peak:      241.957, dec_peak:       12.375
Characteristic density local = 9895.5 deg^-2 = 2.749 arcmin^-2
Fitting aperture to hotspot...
Candidate: x_peak:        0.075, y_peak:        1.155, r_peak:        0.050, sig:        6.313, ra_peak:      241.957, dec_peak:       14.405
Characteristic density local = 9933.3 deg^-2 = 2.759 arcmin^-2
Fitting aperture to hotspot...
Candidate: x_peak:        0.415, y_peak:       -0.325, r_peak:        0.020, sig:       10.259, ra_peak:      242.306, dec_peak:       12.925
Distance = 125.9 kpc (m-M = 20.5)
817625 objects left after isochrone cut...
Characteristic density = 9600.0 deg^-2
Characteristic density local = 9805.9 deg^-2 = 2.724 arcmin^-2
Fitting aperture to hotspot...
Candidate: x_peak:       -0.815, y_peak:       -0.205, r_peak:        0.050, sig:        4.098, ra_peak:      241.043, dec_peak:       13.044
Characteristic density local = 10130.2 deg^-2 = 2.814 arcmin^-2
Fitting aperture to hotspot...
Candidate: x_peak:       -0.365, y_peak:        0.065, r_peak:        0.030, sig:       12.997, ra_peak:      241.505, dec_peak:       13.315
Characteristic density local = 9589.1 deg^-2 = 2.664 arcmin^-2
Fitting aperture to hotspot...
Candidate: x_peak:       -0.085, y_peak:        0.715, r_peak:        0.030, sig:        6.112, ra_peak:      241.792, dec_peak:       13.965
Characteristic density local = 10048.6 deg^-2 = 2.791 arcmin^-2
Fitting aperture to hotspot...
Candidate: x_peak:       -0.025, y_peak:        0.085, r_peak:        0.020, sig:       10.042, ra_peak:      241.854, dec_peak:       13.335
Characteristic density local = 10098.4 deg^-2 = 2.805 arcmin^-2
Fitting aperture to hotspot...
Candidate: x_peak:        0.075, y_peak:       -0.875, r_peak:        0.020, sig:        9.696, ra_peak:      241.957, dec_peak:       12.375
Characteristic density local = 9607.0 deg^-2 = 2.669 arcmin^-2
Fitting aperture to hotspot...
Candidate: x_peak:        0.055, y_peak:        1.165, r_peak:        0.060, sig:        5.816, ra_peak:      241.937, dec_peak:       14.415
Characteristic density local = 9599.0 deg^-2 = 2.666 arcmin^-2
Fitting aperture to hotspot...
Candidate: x_peak:        0.075, y_peak:        1.155, r_peak:        0.050, sig:        6.517, ra_peak:      241.957, dec_peak:       14.405
Characteristic density local = 9642.8 deg^-2 = 2.679 arcmin^-2
Fitting aperture to hotspot...
Candidate: x_peak:        0.415, y_peak:       -0.325, r_peak:        0.020, sig:       10.407, ra_peak:      242.306, dec_peak:       12.925
Distance = 158.5 kpc (m-M = 21.0)
807286 objects left after isochrone cut...
Characteristic density = 9200.0 deg^-2
Characteristic density local = 9439.9 deg^-2 = 2.622 arcmin^-2
Fitting aperture to hotspot...
Candidate: x_peak:       -0.815, y_peak:       -0.205, r_peak:        0.050, sig:        4.254, ra_peak:      241.043, dec_peak:       13.044
Characteristic density local = 9764.2 deg^-2 = 2.712 arcmin^-2
Fitting aperture to hotspot...
Candidate: x_peak:       -0.365, y_peak:        0.065, r_peak:        0.030, sig:       13.150, ra_peak:      241.505, dec_peak:       13.315
Characteristic density local = 9250.9 deg^-2 = 2.570 arcmin^-2
Fitting aperture to hotspot...
Candidate: x_peak:       -0.085, y_peak:        0.715, r_peak:        0.030, sig:        6.188, ra_peak:      241.792, dec_peak:       13.965
Characteristic density local = 9698.5 deg^-2 = 2.694 arcmin^-2
Fitting aperture to hotspot...
Candidate: x_peak:       -0.025, y_peak:        0.085, r_peak:        0.020, sig:       10.218, ra_peak:      241.854, dec_peak:       13.335
Characteristic density local = 9756.2 deg^-2 = 2.710 arcmin^-2
Fitting aperture to hotspot...
Candidate: x_peak:        0.075, y_peak:       -0.875, r_peak:        0.020, sig:        9.704, ra_peak:      241.957, dec_peak:       12.375
Characteristic density local = 9248.9 deg^-2 = 2.569 arcmin^-2
Fitting aperture to hotspot...
Candidate: x_peak:        0.075, y_peak:        1.155, r_peak:        0.060, sig:        6.816, ra_peak:      241.957, dec_peak:       14.405
Characteristic density local = 9915.4 deg^-2 = 2.754 arcmin^-2
Fitting aperture to hotspot...
Candidate: x_peak:        0.105, y_peak:       -0.475, r_peak:        0.020, sig:        4.957, ra_peak:      241.988, dec_peak:       12.775
Characteristic density local = 9692.5 deg^-2 = 2.692 arcmin^-2
Fitting aperture to hotspot...
Candidate: x_peak:        0.145, y_peak:       -0.415, r_peak:        0.010, sig:        5.749, ra_peak:      242.029, dec_peak:       12.835
Characteristic density local = 9324.5 deg^-2 = 2.590 arcmin^-2
Fitting aperture to hotspot...
Candidate: x_peak:        0.415, y_peak:       -0.325, r_peak:        0.020, sig:       10.573, ra_peak:      242.306, dec_peak:       12.925
Distance = 199.5 kpc (m-M = 21.5)
794871 objects left after isochrone cut...
Characteristic density = 8800.0 deg^-2
Characteristic density local = 9085.8 deg^-2 = 2.524 arcmin^-2
Fitting aperture to hotspot...
Candidate: x_peak:       -0.815, y_peak:       -0.205, r_peak:        0.060, sig:        4.243, ra_peak:      241.043, dec_peak:       13.044
Characteristic density local = 9388.2 deg^-2 = 2.608 arcmin^-2
Fitting aperture to hotspot...
Candidate: x_peak:       -0.365, y_peak:        0.065, r_peak:        0.030, sig:       12.858, ra_peak:      241.505, dec_peak:       13.315
Characteristic density local = 8835.1 deg^-2 = 2.454 arcmin^-2
Fitting aperture to hotspot...
Candidate: x_peak:       -0.085, y_peak:        0.715, r_peak:        0.030, sig:        6.028, ra_peak:      241.792, dec_peak:       13.965
Characteristic density local = 9242.9 deg^-2 = 2.567 arcmin^-2
Fitting aperture to hotspot...
Candidate: x_peak:       -0.025, y_peak:        0.085, r_peak:        0.020, sig:       10.293, ra_peak:      241.854, dec_peak:       13.335
Characteristic density local = 9282.7 deg^-2 = 2.579 arcmin^-2
Fitting aperture to hotspot...
Candidate: x_peak:        0.075, y_peak:       -0.875, r_peak:        0.020, sig:        9.615, ra_peak:      241.957, dec_peak:       12.375
Characteristic density local = 8825.1 deg^-2 = 2.451 arcmin^-2
Fitting aperture to hotspot...
Candidate: x_peak:        0.075, y_peak:        1.155, r_peak:        0.060, sig:        6.767, ra_peak:      241.957, dec_peak:       14.405
Characteristic density local = 8920.6 deg^-2 = 2.478 arcmin^-2
Fitting aperture to hotspot...
Candidate: x_peak:        0.415, y_peak:       -0.325, r_peak:        0.020, sig:       10.790, ra_peak:      242.306, dec_peak:       12.925
Distance = 251.2 kpc (m-M = 22.0)
780244 objects left after isochrone cut...
Characteristic density = 8300.0 deg^-2
Characteristic density local = 8624.2 deg^-2 = 2.396 arcmin^-2
Fitting aperture to hotspot...
Candidate: x_peak:       -0.815, y_peak:       -0.195, r_peak:        0.050, sig:        4.673, ra_peak:      241.043, dec_peak:       13.054
Characteristic density local = 8825.1 deg^-2 = 2.451 arcmin^-2
Fitting aperture to hotspot...
Candidate: x_peak:       -0.365, y_peak:        0.065, r_peak:        0.030, sig:       13.056, ra_peak:      241.505, dec_peak:       13.315
Characteristic density local = 8367.6 deg^-2 = 2.324 arcmin^-2
Fitting aperture to hotspot...
Candidate: x_peak:       -0.085, y_peak:        0.725, r_peak:        0.020, sig:        6.670, ra_peak:      241.792, dec_peak:       13.975
Characteristic density local = 8670.0 deg^-2 = 2.408 arcmin^-2
Fitting aperture to hotspot...
Candidate: x_peak:       -0.025, y_peak:        0.085, r_peak:        0.020, sig:       10.603, ra_peak:      241.854, dec_peak:       13.335
Characteristic density local = 8743.6 deg^-2 = 2.429 arcmin^-2
Fitting aperture to hotspot...
Candidate: x_peak:        0.075, y_peak:       -0.875, r_peak:        0.020, sig:        9.900, ra_peak:      241.957, dec_peak:       12.375
Characteristic density local = 8311.9 deg^-2 = 2.309 arcmin^-2
Fitting aperture to hotspot...
Candidate: x_peak:        0.075, y_peak:        1.155, r_peak:        0.060, sig:        6.666, ra_peak:      241.957, dec_peak:       14.405
Characteristic density local = 8992.3 deg^-2 = 2.498 arcmin^-2
Fitting aperture to hotspot...
Candidate: x_peak:        0.105, y_peak:       -0.475, r_peak:        0.020, sig:        5.371, ra_peak:      241.988, dec_peak:       12.775
Characteristic density local = 8347.7 deg^-2 = 2.319 arcmin^-2
Fitting aperture to hotspot...
Candidate: x_peak:        0.415, y_peak:       -0.325, r_peak:        0.020, sig:       10.948, ra_peak:      242.306, dec_peak:       12.925
Characteristic density local = 8618.2 deg^-2 = 2.394 arcmin^-2
Fitting aperture to hotspot...
Candidate: x_peak:        1.355, y_peak:        0.005, r_peak:        0.040, sig:        4.692, ra_peak:      243.272, dec_peak:       13.251
Distance = 316.2 kpc (m-M = 22.5)
763122 objects left after isochrone cut...
Characteristic density = 7700.0 deg^-2
Characteristic density local = 8021.4 deg^-2 = 2.228 arcmin^-2
Fitting aperture to hotspot...
Candidate: x_peak:       -0.815, y_peak:       -0.195, r_peak:        0.050, sig:        4.684, ra_peak:      241.043, dec_peak:       13.054
Characteristic density local = 8210.4 deg^-2 = 2.281 arcmin^-2
Fitting aperture to hotspot...
Candidate: x_peak:       -0.365, y_peak:        0.065, r_peak:        0.030, sig:       13.430, ra_peak:      241.505, dec_peak:       13.315
Characteristic density local = 7786.7 deg^-2 = 2.163 arcmin^-2
Fitting aperture to hotspot...
Candidate: x_peak:       -0.085, y_peak:        0.715, r_peak:        0.030, sig:        6.309, ra_peak:      241.792, dec_peak:       13.965
Characteristic density local = 8073.1 deg^-2 = 2.243 arcmin^-2
Fitting aperture to hotspot...
Candidate: x_peak:       -0.025, y_peak:        0.095, r_peak:        0.030, sig:        9.385, ra_peak:      241.854, dec_peak:       13.345
Characteristic density local = 8144.8 deg^-2 = 2.262 arcmin^-2
Fitting aperture to hotspot...
Candidate: x_peak:        0.075, y_peak:       -0.875, r_peak:        0.020, sig:        9.892, ra_peak:      241.957, dec_peak:       12.375
Characteristic density local = 7782.7 deg^-2 = 2.162 arcmin^-2
Fitting aperture to hotspot...
Candidate: x_peak:        0.075, y_peak:        1.155, r_peak:        0.050, sig:        6.916, ra_peak:      241.957, dec_peak:       14.405
Characteristic density local = 8433.2 deg^-2 = 2.343 arcmin^-2
Fitting aperture to hotspot...
Candidate: x_peak:        0.105, y_peak:       -0.485, r_peak:        0.020, sig:        5.636, ra_peak:      241.988, dec_peak:       12.765
Characteristic density local = 7746.9 deg^-2 = 2.152 arcmin^-2
Fitting aperture to hotspot...
Candidate: x_peak:        0.415, y_peak:       -0.325, r_peak:        0.020, sig:       10.802, ra_peak:      242.306, dec_peak:       12.925
Characteristic density local = 8077.1 deg^-2 = 2.244 arcmin^-2
Fitting aperture to hotspot...
Candidate: x_peak:        1.355, y_peak:        0.005, r_peak:        0.040, sig:        4.655, ra_peak:      243.272, dec_peak:       13.251
Distance = 398.1 kpc (m-M = 23.0)
742874 objects left after isochrone cut...
Characteristic density = 7100.0 deg^-2
Characteristic density local = 7311.2 deg^-2 = 2.031 arcmin^-2
Fitting aperture to hotspot...
Candidate: x_peak:       -0.805, y_peak:       -0.195, r_peak:        0.050, sig:        4.714, ra_peak:      241.054, dec_peak:       13.054
Characteristic density local = 7510.1 deg^-2 = 2.086 arcmin^-2
Fitting aperture to hotspot...
Candidate: x_peak:       -0.365, y_peak:        0.065, r_peak:        0.030, sig:       13.542, ra_peak:      241.505, dec_peak:       13.315
Characteristic density local = 7068.5 deg^-2 = 1.963 arcmin^-2
Fitting aperture to hotspot...
Candidate: x_peak:       -0.085, y_peak:        0.715, r_peak:        0.030, sig:        6.538, ra_peak:      241.792, dec_peak:       13.965
Characteristic density local = 7295.3 deg^-2 = 2.026 arcmin^-2
Fitting aperture to hotspot...
Candidate: x_peak:       -0.025, y_peak:        0.095, r_peak:        0.030, sig:        9.451, ra_peak:      241.854, dec_peak:       13.345
Characteristic density local = 7402.7 deg^-2 = 2.056 arcmin^-2
Fitting aperture to hotspot...
Candidate: x_peak:        0.075, y_peak:       -0.875, r_peak:        0.020, sig:       10.327, ra_peak:      241.957, dec_peak:       12.375
Characteristic density local = 7183.9 deg^-2 = 1.996 arcmin^-2
Fitting aperture to hotspot...
Candidate: x_peak:        0.075, y_peak:        1.155, r_peak:        0.050, sig:        7.003, ra_peak:      241.957, dec_peak:       14.405
Characteristic density local = 7742.9 deg^-2 = 2.151 arcmin^-2
Fitting aperture to hotspot...
Candidate: x_peak:        0.105, y_peak:       -0.485, r_peak:        0.020, sig:        5.983, ra_peak:      241.988, dec_peak:       12.765
Characteristic density local = 7058.5 deg^-2 = 1.961 arcmin^-2
Fitting aperture to hotspot...
Candidate: x_peak:        0.415, y_peak:       -0.325, r_peak:        0.020, sig:       11.058, ra_peak:      242.306, dec_peak:       12.925
Characteristic density local = 7382.8 deg^-2 = 2.051 arcmin^-2
Fitting aperture to hotspot...
Candidate: x_peak:        1.355, y_peak:       -0.005, r_peak:        0.030, sig:        4.348, ra_peak:      243.272, dec_peak:       13.241
13.54 sigma; (RA, Dec, d) = (241.50, 13.31); r = 0.03 deg; d = 398.1, mu = 23.00 mag), mc_source_id: 0.00
11.06 sigma; (RA, Dec, d) = (242.31, 12.92); r = 0.02 deg; d = 398.1, mu = 23.00 mag), mc_source_id: 0.00
10.60 sigma; (RA, Dec, d) = (241.85, 13.33); r = 0.02 deg; d = 251.2, mu = 22.00 mag), mc_source_id: 0.00
10.33 sigma; (RA, Dec, d) = (241.96, 12.37); r = 0.02 deg; d = 398.1, mu = 23.00 mag), mc_source_id: 0.00
7.00 sigma; (RA, Dec, d) = (241.96, 14.41); r = 0.05 deg; d = 398.1, mu = 23.00 mag), mc_source_id: 0.00
6.67 sigma; (RA, Dec, d) = (241.79, 13.97); r = 0.02 deg; d = 251.2, mu = 22.00 mag), mc_source_id: 0.00
5.98 sigma; (RA, Dec, d) = (241.99, 12.76); r = 0.02 deg; d = 398.1, mu = 23.00 mag), mc_source_id: 0.00
5.75 sigma; (RA, Dec, d) = (242.03, 12.83); r = 0.01 deg; d = 158.5, mu = 21.00 mag), mc_source_id: 0.00
4.80 sigma; (RA, Dec, d) = (243.27, 13.24); r = 0.03 deg; d = 63.1, mu = 19.00 mag), mc_source_id: 0.00
4.71 sigma; (RA, Dec, d) = (241.05, 13.05); r = 0.05 deg; d = 398.1, mu = 23.00 mag), mc_source_id: 0.00
4.51 sigma; (RA, Dec, d) = (241.86, 12.68); r = 0.02 deg; d = 63.1, mu = 19.00 mag), mc_source_id: 0.00

------------------------------------------------------------
Job <680014.0> was submitted from <des51.fnal.gov> by user <tavangar>.
Job was executed on host <des40.fnal.gov> as user <tavangar>.
</var/lib/condor/execute/dir_1845026> was used as the initial working directory.
Results reported at Wed Jun  5 07:16:28 CDT 2019

Your job looked like:

------------------------------------------------------------
python /home/s1/tavangar/tavangar_simple/search_algorithm.py 241.88 13.25 0.00 /home/s1/tavangar/tavangar_simple/decals_dr7_results/results_nside_32_4758.csv /home/s1/tavangar/tavangar_simple/decals_dr7_results/decals_dr7_log/results_nside_32_4758.log
------------------------------------------------------------

Successfully completed.

Resource usage summary:

	Real time :			354.01 sec.
	CPU time :			37.57 sec.
	CPU percentage :		84%
	Max Memory :			5832016 KB
	Average Memory :		0 KB

The output (if any) is above this job summary.
