/home/s1/tavangar/tavangar_simple/simple_utils.py:170: FutureWarning: elementwise comparison failed; returning scalar instead, but in the future will perform elementwise comparison
  if np.all(isochrone.stage == 'Main'):
Search coordinates: (RA, Dec) = (21.09, 22.02)
Center healpixel: 3783
Healpixels: [3783 3911 3782 3655 3527 3656 3784 3912 4039]
MC_SOURCE_ID = 0.0
mode = 0: running only on real data
Found 1 objects...
Applying cuts...
396356 star-like objects in ROI...
558327 galaxy-like objects in ROI...
No fracdet map specified ...
Distance = 15.8 kpc (m-M = 16.0)
396345 objects left after isochrone cut...
Characteristic density = 4900.0 deg^-2
Characteristic density local = 5552.5 deg^-2 = 1.542 arcmin^-2
Fitting aperture to hotspot...
Candidate: x_peak:       -0.975, y_peak:        0.255, r_peak:        0.010, sig:        7.731, ra_peak:       20.036, dec_peak:       22.272
Characteristic density local = 5377.4 deg^-2 = 1.494 arcmin^-2
Fitting aperture to hotspot...
Candidate: x_peak:       -0.795, y_peak:       -0.415, r_peak:        0.020, sig:        6.024, ra_peak:       20.235, dec_peak:       21.603
Characteristic density local = 5313.8 deg^-2 = 1.476 arcmin^-2
Fitting aperture to hotspot...
Candidate: x_peak:       -0.715, y_peak:        0.355, r_peak:        0.020, sig:       15.317, ra_peak:       20.317, dec_peak:       22.373
Characteristic density local = 5116.8 deg^-2 = 1.421 arcmin^-2
Fitting aperture to hotspot...
Candidate: x_peak:       -0.595, y_peak:        0.515, r_peak:        0.020, sig:        9.244, ra_peak:       20.446, dec_peak:       22.534
Characteristic density local = 5041.2 deg^-2 = 1.400 arcmin^-2
Fitting aperture to hotspot...
Candidate: x_peak:       -0.455, y_peak:        0.065, r_peak:        0.020, sig:        9.097, ra_peak:       20.599, dec_peak:       22.084
Characteristic density local = 5166.6 deg^-2 = 1.435 arcmin^-2
Fitting aperture to hotspot...
Candidate: x_peak:       -0.475, y_peak:       -0.175, r_peak:        0.020, sig:        5.441, ra_peak:       20.578, dec_peak:       21.844
Characteristic density local = 4707.0 deg^-2 = 1.308 arcmin^-2
Fitting aperture to hotspot...
Candidate: x_peak:       -0.185, y_peak:       -0.775, r_peak:        0.030, sig:        5.642, ra_peak:       20.892, dec_peak:       21.245
Characteristic density local = 5170.5 deg^-2 = 1.436 arcmin^-2
Fitting aperture to hotspot...
Candidate: x_peak:        0.205, y_peak:        0.955, r_peak:        0.020, sig:        8.589, ra_peak:       21.313, dec_peak:       22.975
Characteristic density local = 4900.0 deg^-2 = 1.361 arcmin^-2
Fitting aperture to hotspot...
Candidate: x_peak:        0.535, y_peak:        0.765, r_peak:        0.100, sig:        5.544, ra_peak:       21.670, dec_peak:       22.784
Distance = 20.0 kpc (m-M = 16.5)
396349 objects left after isochrone cut...
Characteristic density = 4900.0 deg^-2
Characteristic density local = 5552.5 deg^-2 = 1.542 arcmin^-2
Fitting aperture to hotspot...
Candidate: x_peak:       -0.975, y_peak:        0.255, r_peak:        0.010, sig:        7.731, ra_peak:       20.036, dec_peak:       22.272
Characteristic density local = 5377.4 deg^-2 = 1.494 arcmin^-2
Fitting aperture to hotspot...
Candidate: x_peak:       -0.795, y_peak:       -0.415, r_peak:        0.020, sig:        6.024, ra_peak:       20.235, dec_peak:       21.603
Characteristic density local = 5313.8 deg^-2 = 1.476 arcmin^-2
Fitting aperture to hotspot...
Candidate: x_peak:       -0.715, y_peak:        0.355, r_peak:        0.020, sig:       15.317, ra_peak:       20.317, dec_peak:       22.373
Characteristic density local = 5116.8 deg^-2 = 1.421 arcmin^-2
Fitting aperture to hotspot...
Candidate: x_peak:       -0.595, y_peak:        0.515, r_peak:        0.020, sig:        9.244, ra_peak:       20.446, dec_peak:       22.534
Characteristic density local = 5041.2 deg^-2 = 1.400 arcmin^-2
Fitting aperture to hotspot...
Candidate: x_peak:       -0.455, y_peak:        0.065, r_peak:        0.020, sig:        9.097, ra_peak:       20.599, dec_peak:       22.084
Characteristic density local = 5166.6 deg^-2 = 1.435 arcmin^-2
Fitting aperture to hotspot...
Candidate: x_peak:       -0.475, y_peak:       -0.175, r_peak:        0.020, sig:        5.441, ra_peak:       20.578, dec_peak:       21.844
Characteristic density local = 4707.0 deg^-2 = 1.308 arcmin^-2
Fitting aperture to hotspot...
Candidate: x_peak:       -0.185, y_peak:       -0.775, r_peak:        0.030, sig:        5.642, ra_peak:       20.892, dec_peak:       21.245
Characteristic density local = 5170.5 deg^-2 = 1.436 arcmin^-2
Fitting aperture to hotspot...
Candidate: x_peak:        0.205, y_peak:        0.955, r_peak:        0.020, sig:        8.589, ra_peak:       21.313, dec_peak:       22.975
Characteristic density local = 4900.0 deg^-2 = 1.361 arcmin^-2
Fitting aperture to hotspot...
Candidate: x_peak:        0.535, y_peak:        0.765, r_peak:        0.100, sig:        5.544, ra_peak:       21.670, dec_peak:       22.784
Distance = 25.1 kpc (m-M = 17.0)
396352 objects left after isochrone cut...
Characteristic density = 4900.0 deg^-2
Characteristic density local = 5552.5 deg^-2 = 1.542 arcmin^-2
Fitting aperture to hotspot...
Candidate: x_peak:       -0.975, y_peak:        0.255, r_peak:        0.010, sig:        7.731, ra_peak:       20.036, dec_peak:       22.272
Characteristic density local = 5377.4 deg^-2 = 1.494 arcmin^-2
Fitting aperture to hotspot...
Candidate: x_peak:       -0.795, y_peak:       -0.415, r_peak:        0.020, sig:        6.024, ra_peak:       20.235, dec_peak:       21.603
Characteristic density local = 5313.8 deg^-2 = 1.476 arcmin^-2
Fitting aperture to hotspot...
Candidate: x_peak:       -0.715, y_peak:        0.355, r_peak:        0.020, sig:       15.317, ra_peak:       20.317, dec_peak:       22.373
Characteristic density local = 5116.8 deg^-2 = 1.421 arcmin^-2
Fitting aperture to hotspot...
Candidate: x_peak:       -0.595, y_peak:        0.515, r_peak:        0.020, sig:        9.244, ra_peak:       20.446, dec_peak:       22.534
Characteristic density local = 5041.2 deg^-2 = 1.400 arcmin^-2
Fitting aperture to hotspot...
Candidate: x_peak:       -0.455, y_peak:        0.065, r_peak:        0.020, sig:        9.097, ra_peak:       20.599, dec_peak:       22.084
Characteristic density local = 5166.6 deg^-2 = 1.435 arcmin^-2
Fitting aperture to hotspot...
Candidate: x_peak:       -0.475, y_peak:       -0.175, r_peak:        0.020, sig:        5.441, ra_peak:       20.578, dec_peak:       21.844
Characteristic density local = 4707.0 deg^-2 = 1.308 arcmin^-2
Fitting aperture to hotspot...
Candidate: x_peak:       -0.185, y_peak:       -0.775, r_peak:        0.030, sig:        5.642, ra_peak:       20.892, dec_peak:       21.245
Characteristic density local = 5170.5 deg^-2 = 1.436 arcmin^-2
Fitting aperture to hotspot...
Candidate: x_peak:        0.205, y_peak:        0.955, r_peak:        0.020, sig:        8.589, ra_peak:       21.313, dec_peak:       22.975
Characteristic density local = 4900.0 deg^-2 = 1.361 arcmin^-2
Fitting aperture to hotspot...
Candidate: x_peak:        0.535, y_peak:        0.765, r_peak:        0.100, sig:        5.544, ra_peak:       21.670, dec_peak:       22.784
Distance = 31.6 kpc (m-M = 17.5)
396352 objects left after isochrone cut...
Characteristic density = 4900.0 deg^-2
Characteristic density local = 5552.5 deg^-2 = 1.542 arcmin^-2
Fitting aperture to hotspot...
Candidate: x_peak:       -0.975, y_peak:        0.255, r_peak:        0.010, sig:        7.731, ra_peak:       20.036, dec_peak:       22.272
Characteristic density local = 5377.4 deg^-2 = 1.494 arcmin^-2
Fitting aperture to hotspot...
Candidate: x_peak:       -0.795, y_peak:       -0.415, r_peak:        0.020, sig:        6.024, ra_peak:       20.235, dec_peak:       21.603
Characteristic density local = 5313.8 deg^-2 = 1.476 arcmin^-2
Fitting aperture to hotspot...
Candidate: x_peak:       -0.715, y_peak:        0.355, r_peak:        0.020, sig:       15.317, ra_peak:       20.317, dec_peak:       22.373
Characteristic density local = 5116.8 deg^-2 = 1.421 arcmin^-2
Fitting aperture to hotspot...
Candidate: x_peak:       -0.595, y_peak:        0.515, r_peak:        0.020, sig:        9.244, ra_peak:       20.446, dec_peak:       22.534
Characteristic density local = 5041.2 deg^-2 = 1.400 arcmin^-2
Fitting aperture to hotspot...
Candidate: x_peak:       -0.455, y_peak:        0.065, r_peak:        0.020, sig:        9.097, ra_peak:       20.599, dec_peak:       22.084
Characteristic density local = 5166.6 deg^-2 = 1.435 arcmin^-2
Fitting aperture to hotspot...
Candidate: x_peak:       -0.475, y_peak:       -0.175, r_peak:        0.020, sig:        5.441, ra_peak:       20.578, dec_peak:       21.844
Characteristic density local = 4707.0 deg^-2 = 1.308 arcmin^-2
Fitting aperture to hotspot...
Candidate: x_peak:       -0.185, y_peak:       -0.775, r_peak:        0.030, sig:        5.642, ra_peak:       20.892, dec_peak:       21.245
Characteristic density local = 5170.5 deg^-2 = 1.436 arcmin^-2
Fitting aperture to hotspot...
Candidate: x_peak:        0.205, y_peak:        0.955, r_peak:        0.020, sig:        8.589, ra_peak:       21.313, dec_peak:       22.975
Characteristic density local = 4900.0 deg^-2 = 1.361 arcmin^-2
Fitting aperture to hotspot...
Candidate: x_peak:        0.535, y_peak:        0.765, r_peak:        0.100, sig:        5.544, ra_peak:       21.670, dec_peak:       22.784
Distance = 39.8 kpc (m-M = 18.0)
396307 objects left after isochrone cut...
Characteristic density = 4900.0 deg^-2
Characteristic density local = 5552.5 deg^-2 = 1.542 arcmin^-2
Fitting aperture to hotspot...
Candidate: x_peak:       -0.975, y_peak:        0.255, r_peak:        0.010, sig:        7.731, ra_peak:       20.036, dec_peak:       22.272
Characteristic density local = 5377.4 deg^-2 = 1.494 arcmin^-2
Fitting aperture to hotspot...
Candidate: x_peak:       -0.795, y_peak:       -0.415, r_peak:        0.020, sig:        6.024, ra_peak:       20.235, dec_peak:       21.603
Characteristic density local = 5313.8 deg^-2 = 1.476 arcmin^-2
Fitting aperture to hotspot...
Candidate: x_peak:       -0.715, y_peak:        0.355, r_peak:        0.020, sig:       15.317, ra_peak:       20.317, dec_peak:       22.373
Characteristic density local = 5116.8 deg^-2 = 1.421 arcmin^-2
Fitting aperture to hotspot...
Candidate: x_peak:       -0.595, y_peak:        0.515, r_peak:        0.020, sig:        9.244, ra_peak:       20.446, dec_peak:       22.534
Characteristic density local = 5037.3 deg^-2 = 1.399 arcmin^-2
Fitting aperture to hotspot...
Candidate: x_peak:       -0.455, y_peak:        0.065, r_peak:        0.020, sig:        9.100, ra_peak:       20.599, dec_peak:       22.084
Characteristic density local = 5162.6 deg^-2 = 1.434 arcmin^-2
Fitting aperture to hotspot...
Candidate: x_peak:       -0.475, y_peak:       -0.175, r_peak:        0.020, sig:        5.444, ra_peak:       20.578, dec_peak:       21.844
Characteristic density local = 4687.1 deg^-2 = 1.302 arcmin^-2
Fitting aperture to hotspot...
Candidate: x_peak:       -0.185, y_peak:       -0.775, r_peak:        0.030, sig:        5.661, ra_peak:       20.892, dec_peak:       21.245
Characteristic density local = 5170.5 deg^-2 = 1.436 arcmin^-2
Fitting aperture to hotspot...
Candidate: x_peak:        0.205, y_peak:        0.955, r_peak:        0.020, sig:        8.589, ra_peak:       21.313, dec_peak:       22.975
Characteristic density local = 4900.0 deg^-2 = 1.361 arcmin^-2
Fitting aperture to hotspot...
Candidate: x_peak:        0.535, y_peak:        0.765, r_peak:        0.100, sig:        5.544, ra_peak:       21.670, dec_peak:       22.784
Distance = 50.1 kpc (m-M = 18.5)
395827 objects left after isochrone cut...
Characteristic density = 4800.0 deg^-2
Characteristic density local = 5520.7 deg^-2 = 1.534 arcmin^-2
Fitting aperture to hotspot...
Candidate: x_peak:       -0.975, y_peak:        0.255, r_peak:        0.010, sig:        7.745, ra_peak:       20.036, dec_peak:       22.272
Characteristic density local = 5343.6 deg^-2 = 1.484 arcmin^-2
Fitting aperture to hotspot...
Candidate: x_peak:       -0.795, y_peak:       -0.415, r_peak:        0.020, sig:        6.046, ra_peak:       20.235, dec_peak:       21.603
Characteristic density local = 5299.9 deg^-2 = 1.472 arcmin^-2
Fitting aperture to hotspot...
Candidate: x_peak:       -0.715, y_peak:        0.355, r_peak:        0.020, sig:       15.329, ra_peak:       20.317, dec_peak:       22.373
Characteristic density local = 5112.9 deg^-2 = 1.420 arcmin^-2
Fitting aperture to hotspot...
Candidate: x_peak:       -0.595, y_peak:        0.515, r_peak:        0.020, sig:        9.247, ra_peak:       20.446, dec_peak:       22.534
Characteristic density local = 5015.4 deg^-2 = 1.393 arcmin^-2
Fitting aperture to hotspot...
Candidate: x_peak:       -0.455, y_peak:        0.065, r_peak:        0.020, sig:        9.117, ra_peak:       20.599, dec_peak:       22.084
Characteristic density local = 5132.7 deg^-2 = 1.426 arcmin^-2
Fitting aperture to hotspot...
Candidate: x_peak:       -0.475, y_peak:       -0.175, r_peak:        0.020, sig:        5.463, ra_peak:       20.578, dec_peak:       21.844
Characteristic density local = 4641.4 deg^-2 = 1.289 arcmin^-2
Fitting aperture to hotspot...
Candidate: x_peak:       -0.185, y_peak:       -0.775, r_peak:        0.030, sig:        5.705, ra_peak:       20.892, dec_peak:       21.245
Characteristic density local = 5168.6 deg^-2 = 1.436 arcmin^-2
Fitting aperture to hotspot...
Candidate: x_peak:        0.205, y_peak:        0.955, r_peak:        0.020, sig:        8.590, ra_peak:       21.313, dec_peak:       22.975
Characteristic density local = 4800.0 deg^-2 = 1.333 arcmin^-2
Fitting aperture to hotspot...
Candidate: x_peak:        0.535, y_peak:        0.765, r_peak:        0.100, sig:        5.818, ra_peak:       21.670, dec_peak:       22.784
Distance = 63.1 kpc (m-M = 19.0)
393885 objects left after isochrone cut...
Characteristic density = 4800.0 deg^-2
Characteristic density local = 5413.3 deg^-2 = 1.504 arcmin^-2
Fitting aperture to hotspot...
Candidate: x_peak:       -0.975, y_peak:        0.255, r_peak:        0.010, sig:        7.790, ra_peak:       20.036, dec_peak:       22.272
Characteristic density local = 5234.2 deg^-2 = 1.454 arcmin^-2
Fitting aperture to hotspot...
Candidate: x_peak:       -0.795, y_peak:       -0.415, r_peak:        0.020, sig:        6.118, ra_peak:       20.235, dec_peak:       21.603
Characteristic density local = 5218.3 deg^-2 = 1.450 arcmin^-2
Fitting aperture to hotspot...
Candidate: x_peak:       -0.715, y_peak:        0.355, r_peak:        0.020, sig:       15.399, ra_peak:       20.317, dec_peak:       22.373
Characteristic density local = 5017.4 deg^-2 = 1.394 arcmin^-2
Fitting aperture to hotspot...
Candidate: x_peak:       -0.595, y_peak:        0.515, r_peak:        0.020, sig:        9.319, ra_peak:       20.446, dec_peak:       22.534
Characteristic density local = 4935.8 deg^-2 = 1.371 arcmin^-2
Fitting aperture to hotspot...
Candidate: x_peak:       -0.455, y_peak:        0.065, r_peak:        0.020, sig:        8.971, ra_peak:       20.599, dec_peak:       22.084
Characteristic density local = 5041.2 deg^-2 = 1.400 arcmin^-2
Fitting aperture to hotspot...
Candidate: x_peak:       -0.475, y_peak:       -0.175, r_peak:        0.020, sig:        5.523, ra_peak:       20.578, dec_peak:       21.844
Characteristic density local = 4571.7 deg^-2 = 1.270 arcmin^-2
Fitting aperture to hotspot...
Candidate: x_peak:       -0.185, y_peak:       -0.775, r_peak:        0.030, sig:        5.582, ra_peak:       20.892, dec_peak:       21.245
Characteristic density local = 5093.0 deg^-2 = 1.415 arcmin^-2
Fitting aperture to hotspot...
Candidate: x_peak:        0.205, y_peak:        0.955, r_peak:        0.020, sig:        8.646, ra_peak:       21.313, dec_peak:       22.975
Characteristic density local = 4800.0 deg^-2 = 1.333 arcmin^-2
Fitting aperture to hotspot...
Candidate: x_peak:        0.535, y_peak:        0.765, r_peak:        0.100, sig:        5.462, ra_peak:       21.670, dec_peak:       22.784
Distance = 79.4 kpc (m-M = 19.5)
391425 objects left after isochrone cut...
Characteristic density = 4700.0 deg^-2
Characteristic density local = 5313.8 deg^-2 = 1.476 arcmin^-2
Fitting aperture to hotspot...
Candidate: x_peak:       -0.975, y_peak:        0.255, r_peak:        0.010, sig:        7.833, ra_peak:       20.036, dec_peak:       22.272
Characteristic density local = 5102.9 deg^-2 = 1.417 arcmin^-2
Fitting aperture to hotspot...
Candidate: x_peak:       -0.795, y_peak:       -0.415, r_peak:        0.020, sig:        6.206, ra_peak:       20.235, dec_peak:       21.603
Characteristic density local = 5100.9 deg^-2 = 1.417 arcmin^-2
Fitting aperture to hotspot...
Candidate: x_peak:       -0.715, y_peak:        0.355, r_peak:        0.020, sig:       15.503, ra_peak:       20.317, dec_peak:       22.373
Characteristic density local = 4906.0 deg^-2 = 1.363 arcmin^-2
Fitting aperture to hotspot...
Candidate: x_peak:       -0.595, y_peak:        0.515, r_peak:        0.020, sig:        9.404, ra_peak:       20.446, dec_peak:       22.534
Characteristic density local = 4852.2 deg^-2 = 1.348 arcmin^-2
Fitting aperture to hotspot...
Candidate: x_peak:       -0.455, y_peak:        0.075, r_peak:        0.030, sig:        8.658, ra_peak:       20.599, dec_peak:       22.094
Characteristic density local = 4933.8 deg^-2 = 1.371 arcmin^-2
Fitting aperture to hotspot...
Candidate: x_peak:       -0.475, y_peak:       -0.175, r_peak:        0.020, sig:        5.345, ra_peak:       20.578, dec_peak:       21.844
Characteristic density local = 4464.3 deg^-2 = 1.240 arcmin^-2
Fitting aperture to hotspot...
Candidate: x_peak:       -0.185, y_peak:       -0.775, r_peak:        0.030, sig:        5.494, ra_peak:       20.892, dec_peak:       21.245
Characteristic density local = 4977.6 deg^-2 = 1.383 arcmin^-2
Fitting aperture to hotspot...
Candidate: x_peak:        0.205, y_peak:        0.955, r_peak:        0.020, sig:        8.731, ra_peak:       21.313, dec_peak:       22.975
Distance = 100.0 kpc (m-M = 20.0)
388467 objects left after isochrone cut...
Characteristic density = 4500.0 deg^-2
Characteristic density local = 5202.4 deg^-2 = 1.445 arcmin^-2
Fitting aperture to hotspot...
Candidate: x_peak:       -0.975, y_peak:        0.255, r_peak:        0.010, sig:        7.882, ra_peak:       20.036, dec_peak:       22.272
Characteristic density local = 4963.6 deg^-2 = 1.379 arcmin^-2
Fitting aperture to hotspot...
Candidate: x_peak:       -0.795, y_peak:       -0.415, r_peak:        0.020, sig:        6.300, ra_peak:       20.235, dec_peak:       21.603
Characteristic density local = 4995.5 deg^-2 = 1.388 arcmin^-2
Fitting aperture to hotspot...
Candidate: x_peak:       -0.715, y_peak:        0.355, r_peak:        0.020, sig:       15.598, ra_peak:       20.317, dec_peak:       22.373
Characteristic density local = 4814.4 deg^-2 = 1.337 arcmin^-2
Fitting aperture to hotspot...
Candidate: x_peak:       -0.595, y_peak:        0.515, r_peak:        0.020, sig:        9.475, ra_peak:       20.446, dec_peak:       22.534
Characteristic density local = 4724.9 deg^-2 = 1.312 arcmin^-2
Fitting aperture to hotspot...
Candidate: x_peak:       -0.455, y_peak:        0.075, r_peak:        0.030, sig:        8.790, ra_peak:       20.599, dec_peak:       22.094
Characteristic density local = 4824.4 deg^-2 = 1.340 arcmin^-2
Fitting aperture to hotspot...
Candidate: x_peak:       -0.475, y_peak:       -0.175, r_peak:        0.020, sig:        5.419, ra_peak:       20.578, dec_peak:       21.844
Characteristic density local = 4703.0 deg^-2 = 1.306 arcmin^-2
Fitting aperture to hotspot...
Candidate: x_peak:       -0.195, y_peak:        0.945, r_peak:        0.030, sig:        5.455, ra_peak:       20.878, dec_peak:       22.965
Characteristic density local = 4358.9 deg^-2 = 1.211 arcmin^-2
Fitting aperture to hotspot...
Candidate: x_peak:       -0.185, y_peak:       -0.775, r_peak:        0.030, sig:        5.598, ra_peak:       20.892, dec_peak:       21.245
Characteristic density local = 4834.3 deg^-2 = 1.343 arcmin^-2
Fitting aperture to hotspot...
Candidate: x_peak:        0.205, y_peak:        0.955, r_peak:        0.020, sig:        8.840, ra_peak:       21.313, dec_peak:       22.975
Distance = 125.9 kpc (m-M = 20.5)
385050 objects left after isochrone cut...
Characteristic density = 4400.0 deg^-2
Characteristic density local = 5051.2 deg^-2 = 1.403 arcmin^-2
Fitting aperture to hotspot...
Candidate: x_peak:       -0.975, y_peak:        0.255, r_peak:        0.010, sig:        7.950, ra_peak:       20.036, dec_peak:       22.272
Characteristic density local = 4820.4 deg^-2 = 1.339 arcmin^-2
Fitting aperture to hotspot...
Candidate: x_peak:       -0.795, y_peak:       -0.415, r_peak:        0.020, sig:        6.161, ra_peak:       20.235, dec_peak:       21.603
Characteristic density local = 4820.4 deg^-2 = 1.339 arcmin^-2
Fitting aperture to hotspot...
Candidate: x_peak:       -0.715, y_peak:        0.355, r_peak:        0.020, sig:       15.597, ra_peak:       20.317, dec_peak:       22.373
Characteristic density local = 4641.4 deg^-2 = 1.289 arcmin^-2
Fitting aperture to hotspot...
Candidate: x_peak:       -0.595, y_peak:        0.515, r_peak:        0.020, sig:        9.613, ra_peak:       20.446, dec_peak:       22.534
Characteristic density local = 4569.7 deg^-2 = 1.269 arcmin^-2
Fitting aperture to hotspot...
Candidate: x_peak:       -0.455, y_peak:        0.075, r_peak:        0.030, sig:        8.788, ra_peak:       20.599, dec_peak:       22.094
Characteristic density local = 4685.1 deg^-2 = 1.301 arcmin^-2
Fitting aperture to hotspot...
Candidate: x_peak:       -0.475, y_peak:       -0.175, r_peak:        0.020, sig:        5.514, ra_peak:       20.578, dec_peak:       21.844
Characteristic density local = 4559.8 deg^-2 = 1.267 arcmin^-2
Fitting aperture to hotspot...
Candidate: x_peak:       -0.195, y_peak:        0.945, r_peak:        0.030, sig:        5.400, ra_peak:       20.878, dec_peak:       22.965
Characteristic density local = 4235.5 deg^-2 = 1.177 arcmin^-2
Fitting aperture to hotspot...
Candidate: x_peak:       -0.185, y_peak:       -0.775, r_peak:        0.030, sig:        5.526, ra_peak:       20.892, dec_peak:       21.245
Characteristic density local = 4687.1 deg^-2 = 1.302 arcmin^-2
Fitting aperture to hotspot...
Candidate: x_peak:        0.205, y_peak:        0.955, r_peak:        0.020, sig:        8.954, ra_peak:       21.313, dec_peak:       22.975
Distance = 158.5 kpc (m-M = 21.0)
381159 objects left after isochrone cut...
Characteristic density = 4200.0 deg^-2
Characteristic density local = 4906.0 deg^-2 = 1.363 arcmin^-2
Fitting aperture to hotspot...
Candidate: x_peak:       -0.975, y_peak:        0.255, r_peak:        0.010, sig:        8.017, ra_peak:       20.036, dec_peak:       22.272
Characteristic density local = 4651.3 deg^-2 = 1.292 arcmin^-2
Fitting aperture to hotspot...
Candidate: x_peak:       -0.795, y_peak:       -0.415, r_peak:        0.020, sig:        6.280, ra_peak:       20.235, dec_peak:       21.603
Characteristic density local = 4625.4 deg^-2 = 1.285 arcmin^-2
Fitting aperture to hotspot...
Candidate: x_peak:       -0.715, y_peak:        0.355, r_peak:        0.020, sig:       15.617, ra_peak:       20.317, dec_peak:       22.373
Characteristic density local = 4462.3 deg^-2 = 1.240 arcmin^-2
Fitting aperture to hotspot...
Candidate: x_peak:       -0.595, y_peak:        0.515, r_peak:        0.020, sig:        9.759, ra_peak:       20.446, dec_peak:       22.534
Characteristic density local = 4420.5 deg^-2 = 1.228 arcmin^-2
Fitting aperture to hotspot...
Candidate: x_peak:       -0.455, y_peak:        0.075, r_peak:        0.030, sig:        8.782, ra_peak:       20.599, dec_peak:       22.094
Characteristic density local = 4492.1 deg^-2 = 1.248 arcmin^-2
Fitting aperture to hotspot...
Candidate: x_peak:       -0.475, y_peak:       -0.175, r_peak:        0.020, sig:        5.393, ra_peak:       20.578, dec_peak:       21.844
Characteristic density local = 4531.9 deg^-2 = 1.259 arcmin^-2
Fitting aperture to hotspot...
Candidate: x_peak:        0.205, y_peak:        0.955, r_peak:        0.020, sig:        9.077, ra_peak:       21.313, dec_peak:       22.975
Distance = 199.5 kpc (m-M = 21.5)
376887 objects left after isochrone cut...
Characteristic density = 4000.0 deg^-2
Characteristic density local = 4728.9 deg^-2 = 1.314 arcmin^-2
Fitting aperture to hotspot...
Candidate: x_peak:       -0.975, y_peak:        0.255, r_peak:        0.010, sig:        8.100, ra_peak:       20.036, dec_peak:       22.272
Characteristic density local = 4464.3 deg^-2 = 1.240 arcmin^-2
Fitting aperture to hotspot...
Candidate: x_peak:       -0.795, y_peak:       -0.415, r_peak:        0.020, sig:        6.416, ra_peak:       20.235, dec_peak:       21.603
Characteristic density local = 4426.5 deg^-2 = 1.230 arcmin^-2
Fitting aperture to hotspot...
Candidate: x_peak:       -0.715, y_peak:        0.355, r_peak:        0.020, sig:       15.811, ra_peak:       20.317, dec_peak:       22.373
Characteristic density local = 4291.2 deg^-2 = 1.192 arcmin^-2
Fitting aperture to hotspot...
Candidate: x_peak:       -0.595, y_peak:        0.515, r_peak:        0.020, sig:        9.486, ra_peak:       20.446, dec_peak:       22.534
Characteristic density local = 4287.2 deg^-2 = 1.191 arcmin^-2
Fitting aperture to hotspot...
Candidate: x_peak:       -0.455, y_peak:        0.075, r_peak:        0.030, sig:        8.759, ra_peak:       20.599, dec_peak:       22.094
Characteristic density local = 3382.0 deg^-2 = 0.939 arcmin^-2
Fitting aperture to hotspot...
Candidate: x_peak:        0.035, y_peak:        0.015, r_peak:        0.020, sig:        8.042, ra_peak:       21.128, dec_peak:       22.035
Characteristic density local = 4360.8 deg^-2 = 1.211 arcmin^-2
Fitting aperture to hotspot...
Candidate: x_peak:        0.205, y_peak:        0.955, r_peak:        0.020, sig:        9.216, ra_peak:       21.313, dec_peak:       22.975
Distance = 251.2 kpc (m-M = 22.0)
371825 objects left after isochrone cut...
Characteristic density = 3800.0 deg^-2
Characteristic density local = 4500.1 deg^-2 = 1.250 arcmin^-2
Fitting aperture to hotspot...
Candidate: x_peak:       -0.975, y_peak:        0.255, r_peak:        0.010, sig:        7.555, ra_peak:       20.036, dec_peak:       22.272
Characteristic density local = 4259.4 deg^-2 = 1.183 arcmin^-2
Fitting aperture to hotspot...
Candidate: x_peak:       -0.795, y_peak:       -0.415, r_peak:        0.020, sig:        6.323, ra_peak:       20.235, dec_peak:       21.603
Characteristic density local = 4177.8 deg^-2 = 1.161 arcmin^-2
Fitting aperture to hotspot...
Candidate: x_peak:       -0.715, y_peak:        0.355, r_peak:        0.020, sig:       16.063, ra_peak:       20.317, dec_peak:       22.373
Characteristic density local = 4094.3 deg^-2 = 1.137 arcmin^-2
Fitting aperture to hotspot...
Candidate: x_peak:       -0.595, y_peak:        0.515, r_peak:        0.020, sig:        9.443, ra_peak:       20.446, dec_peak:       22.534
Characteristic density local = 4108.2 deg^-2 = 1.141 arcmin^-2
Fitting aperture to hotspot...
Candidate: x_peak:       -0.455, y_peak:        0.075, r_peak:        0.030, sig:        8.789, ra_peak:       20.599, dec_peak:       22.094
Characteristic density local = 4040.5 deg^-2 = 1.122 arcmin^-2
Fitting aperture to hotspot...
Candidate: x_peak:       -0.195, y_peak:        0.945, r_peak:        0.030, sig:        5.527, ra_peak:       20.878, dec_peak:       22.965
Characteristic density local = 3207.0 deg^-2 = 0.891 arcmin^-2
Fitting aperture to hotspot...
Candidate: x_peak:        0.035, y_peak:        0.015, r_peak:        0.020, sig:        8.210, ra_peak:       21.128, dec_peak:       22.035
Characteristic density local = 4130.1 deg^-2 = 1.147 arcmin^-2
Fitting aperture to hotspot...
Candidate: x_peak:        0.205, y_peak:        0.955, r_peak:        0.020, sig:        9.412, ra_peak:       21.313, dec_peak:       22.975
Distance = 316.2 kpc (m-M = 22.5)
365976 objects left after isochrone cut...
Characteristic density = 3600.0 deg^-2
Characteristic density local = 4205.7 deg^-2 = 1.168 arcmin^-2
Fitting aperture to hotspot...
Candidate: x_peak:       -0.975, y_peak:        0.255, r_peak:        0.010, sig:        7.701, ra_peak:       20.036, dec_peak:       22.272
Characteristic density local = 3963.0 deg^-2 = 1.101 arcmin^-2
Fitting aperture to hotspot...
Candidate: x_peak:       -0.795, y_peak:       -0.415, r_peak:        0.020, sig:        6.554, ra_peak:       20.235, dec_peak:       21.603
Characteristic density local = 3903.3 deg^-2 = 1.084 arcmin^-2
Fitting aperture to hotspot...
Candidate: x_peak:       -0.715, y_peak:        0.355, r_peak:        0.020, sig:       16.355, ra_peak:       20.317, dec_peak:       22.373
Characteristic density local = 3851.5 deg^-2 = 1.070 arcmin^-2
Fitting aperture to hotspot...
Candidate: x_peak:       -0.595, y_peak:        0.515, r_peak:        0.020, sig:        9.442, ra_peak:       20.446, dec_peak:       22.534
Characteristic density local = 3871.4 deg^-2 = 1.075 arcmin^-2
Fitting aperture to hotspot...
Candidate: x_peak:       -0.455, y_peak:        0.075, r_peak:        0.030, sig:        9.065, ra_peak:       20.599, dec_peak:       22.094
Characteristic density local = 3774.0 deg^-2 = 1.048 arcmin^-2
Fitting aperture to hotspot...
Candidate: x_peak:       -0.195, y_peak:        0.945, r_peak:        0.030, sig:        5.812, ra_peak:       20.878, dec_peak:       22.965
Characteristic density local = 3008.0 deg^-2 = 0.836 arcmin^-2
Fitting aperture to hotspot...
Candidate: x_peak:        0.035, y_peak:        0.015, r_peak:        0.020, sig:        8.409, ra_peak:       21.128, dec_peak:       22.035
Characteristic density local = 3899.3 deg^-2 = 1.083 arcmin^-2
Fitting aperture to hotspot...
Candidate: x_peak:        0.205, y_peak:        0.955, r_peak:        0.020, sig:        9.399, ra_peak:       21.313, dec_peak:       22.975
Distance = 398.1 kpc (m-M = 23.0)
359003 objects left after isochrone cut...
Characteristic density = 3300.0 deg^-2
Characteristic density local = 3927.1 deg^-2 = 1.091 arcmin^-2
Fitting aperture to hotspot...
Candidate: x_peak:       -0.975, y_peak:        0.255, r_peak:        0.010, sig:        7.847, ra_peak:       20.036, dec_peak:       22.272
Characteristic density local = 3694.4 deg^-2 = 1.026 arcmin^-2
Fitting aperture to hotspot...
Candidate: x_peak:       -0.805, y_peak:       -0.415, r_peak:        0.020, sig:        7.518, ra_peak:       20.224, dec_peak:       21.603
Characteristic density local = 3624.8 deg^-2 = 1.007 arcmin^-2
Fitting aperture to hotspot...
Candidate: x_peak:       -0.715, y_peak:        0.355, r_peak:        0.020, sig:       15.990, ra_peak:       20.317, dec_peak:       22.373
Characteristic density local = 3545.2 deg^-2 = 0.985 arcmin^-2
Fitting aperture to hotspot...
Candidate: x_peak:       -0.595, y_peak:        0.515, r_peak:        0.020, sig:        9.508, ra_peak:       20.446, dec_peak:       22.534
Characteristic density local = 3602.9 deg^-2 = 1.001 arcmin^-2
Fitting aperture to hotspot...
Candidate: x_peak:       -0.455, y_peak:        0.075, r_peak:        0.030, sig:        9.394, ra_peak:       20.599, dec_peak:       22.094
Characteristic density local = 3479.5 deg^-2 = 0.967 arcmin^-2
Fitting aperture to hotspot...
Candidate: x_peak:       -0.195, y_peak:        0.945, r_peak:        0.030, sig:        5.730, ra_peak:       20.878, dec_peak:       22.965
Characteristic density local = 2755.4 deg^-2 = 0.765 arcmin^-2
Fitting aperture to hotspot...
Candidate: x_peak:        0.035, y_peak:        0.015, r_peak:        0.020, sig:        8.678, ra_peak:       21.128, dec_peak:       22.035
Characteristic density local = 3612.8 deg^-2 = 1.004 arcmin^-2
Fitting aperture to hotspot...
Candidate: x_peak:        0.205, y_peak:        0.955, r_peak:        0.020, sig:        9.444, ra_peak:       21.313, dec_peak:       22.975
16.35 sigma; (RA, Dec, d) = (20.32, 22.37); r = 0.02 deg; d = 316.2, mu = 22.50 mag), mc_source_id: 0.00
9.76 sigma; (RA, Dec, d) = (20.45, 22.53); r = 0.02 deg; d = 158.5, mu = 21.00 mag), mc_source_id: 0.00
9.44 sigma; (RA, Dec, d) = (21.31, 22.97); r = 0.02 deg; d = 398.1, mu = 23.00 mag), mc_source_id: 0.00
9.39 sigma; (RA, Dec, d) = (20.60, 22.09); r = 0.03 deg; d = 398.1, mu = 23.00 mag), mc_source_id: 0.00
8.68 sigma; (RA, Dec, d) = (21.13, 22.03); r = 0.02 deg; d = 398.1, mu = 23.00 mag), mc_source_id: 0.00
8.10 sigma; (RA, Dec, d) = (20.04, 22.27); r = 0.01 deg; d = 199.5, mu = 21.50 mag), mc_source_id: 0.00
7.52 sigma; (RA, Dec, d) = (20.22, 21.60); r = 0.02 deg; d = 398.1, mu = 23.00 mag), mc_source_id: 0.00
5.82 sigma; (RA, Dec, d) = (21.67, 22.78); r = 0.10 deg; d = 50.1, mu = 18.50 mag), mc_source_id: 0.00
5.81 sigma; (RA, Dec, d) = (20.88, 22.96); r = 0.03 deg; d = 316.2, mu = 22.50 mag), mc_source_id: 0.00
5.70 sigma; (RA, Dec, d) = (20.89, 21.24); r = 0.03 deg; d = 50.1, mu = 18.50 mag), mc_source_id: 0.00
5.52 sigma; (RA, Dec, d) = (20.58, 21.84); r = 0.02 deg; d = 63.1, mu = 19.00 mag), mc_source_id: 0.00

------------------------------------------------------------
Job <679358.0> was submitted from <des51.fnal.gov> by user <tavangar>.
Job was executed on host <des40.fnal.gov> as user <tavangar>.
</var/lib/condor/execute/dir_1719431> was used as the initial working directory.
Results reported at Wed Jun  5 03:51:12 CDT 2019

Your job looked like:

------------------------------------------------------------
python /home/s1/tavangar/tavangar_simple/search_algorithm.py 21.09 22.02 0.00 /home/s1/tavangar/tavangar_simple/decals_dr7_results/results_nside_32_3783.csv /home/s1/tavangar/tavangar_simple/decals_dr7_results/decals_dr7_log/results_nside_32_3783.log
------------------------------------------------------------

Successfully completed.

Resource usage summary:

	Real time :			200.39 sec.
	CPU time :			16.91 sec.
	CPU percentage :		95%
	Max Memory :			3460096 KB
	Average Memory :		0 KB

The output (if any) is above this job summary.
