/home/s1/tavangar/tavangar_simple/simple_utils.py:170: FutureWarning: elementwise comparison failed; returning scalar instead, but in the future will perform elementwise comparison
  if np.all(isochrone.stage == 'Main'):
Search coordinates: (RA, Dec) = (43.59, 0.00)
Center healpixel: 6095
Healpixels: [6095 6223 6094 5967 5839 5968 6096 6224 6351]
MC_SOURCE_ID = 0.0
mode = 0: running only on real data
Found 1 objects...
Applying cuts...
771362 star-like objects in ROI...
1296522 galaxy-like objects in ROI...
No fracdet map specified ...
Distance = 15.8 kpc (m-M = 16.0)
771311 objects left after isochrone cut...
Characteristic density = 4000.0 deg^-2
Characteristic density local = 3413.9 deg^-2 = 0.948 arcmin^-2
Fitting aperture to hotspot...
Candidate: x_peak:       -0.715, y_peak:        0.085, r_peak:        0.020, sig:       17.589, ra_peak:       42.875, dec_peak:        0.085
Characteristic density local = 3821.7 deg^-2 = 1.062 arcmin^-2
Fitting aperture to hotspot...
Candidate: x_peak:       -0.545, y_peak:       -0.655, r_peak:        0.020, sig:       19.321, ra_peak:       43.045, dec_peak:       -0.655
Characteristic density local = 4307.1 deg^-2 = 1.196 arcmin^-2
Fitting aperture to hotspot...
Candidate: x_peak:        0.105, y_peak:       -0.045, r_peak:        0.030, sig:       27.247, ra_peak:       43.695, dec_peak:       -0.045
Characteristic density local = 4350.9 deg^-2 = 1.209 arcmin^-2
Fitting aperture to hotspot...
Candidate: x_peak:        0.215, y_peak:        0.435, r_peak:        0.020, sig:       18.113, ra_peak:       43.805, dec_peak:        0.435
Characteristic density local = 4665.2 deg^-2 = 1.296 arcmin^-2
Fitting aperture to hotspot...
Candidate: x_peak:        0.265, y_peak:       -0.465, r_peak:        0.020, sig:        9.180, ra_peak:       43.855, dec_peak:       -0.465
Characteristic density local = 4301.2 deg^-2 = 1.195 arcmin^-2
Fitting aperture to hotspot...
Candidate: x_peak:        0.705, y_peak:       -0.575, r_peak:        0.020, sig:       17.229, ra_peak:       44.295, dec_peak:       -0.575
Characteristic density local = 4398.6 deg^-2 = 1.222 arcmin^-2
Fitting aperture to hotspot...
Candidate: x_peak:        0.705, y_peak:        0.445, r_peak:        0.020, sig:       20.441, ra_peak:       44.295, dec_peak:        0.445
Distance = 20.0 kpc (m-M = 16.5)
771342 objects left after isochrone cut...
Characteristic density = 4000.0 deg^-2
Characteristic density local = 3413.9 deg^-2 = 0.948 arcmin^-2
Fitting aperture to hotspot...
Candidate: x_peak:       -0.715, y_peak:        0.085, r_peak:        0.020, sig:       17.589, ra_peak:       42.875, dec_peak:        0.085
Characteristic density local = 3821.7 deg^-2 = 1.062 arcmin^-2
Fitting aperture to hotspot...
Candidate: x_peak:       -0.545, y_peak:       -0.655, r_peak:        0.020, sig:       19.321, ra_peak:       43.045, dec_peak:       -0.655
Characteristic density local = 4307.1 deg^-2 = 1.196 arcmin^-2
Fitting aperture to hotspot...
Candidate: x_peak:        0.105, y_peak:       -0.045, r_peak:        0.030, sig:       27.247, ra_peak:       43.695, dec_peak:       -0.045
Characteristic density local = 4350.9 deg^-2 = 1.209 arcmin^-2
Fitting aperture to hotspot...
Candidate: x_peak:        0.215, y_peak:        0.435, r_peak:        0.020, sig:       18.113, ra_peak:       43.805, dec_peak:        0.435
Characteristic density local = 4665.2 deg^-2 = 1.296 arcmin^-2
Fitting aperture to hotspot...
Candidate: x_peak:        0.265, y_peak:       -0.465, r_peak:        0.020, sig:        9.180, ra_peak:       43.855, dec_peak:       -0.465
Characteristic density local = 4301.2 deg^-2 = 1.195 arcmin^-2
Fitting aperture to hotspot...
Candidate: x_peak:        0.705, y_peak:       -0.575, r_peak:        0.020, sig:       17.229, ra_peak:       44.295, dec_peak:       -0.575
Characteristic density local = 4398.6 deg^-2 = 1.222 arcmin^-2
Fitting aperture to hotspot...
Candidate: x_peak:        0.705, y_peak:        0.445, r_peak:        0.020, sig:       20.441, ra_peak:       44.295, dec_peak:        0.445
Distance = 25.1 kpc (m-M = 17.0)
771355 objects left after isochrone cut...
Characteristic density = 4000.0 deg^-2
Characteristic density local = 3413.9 deg^-2 = 0.948 arcmin^-2
Fitting aperture to hotspot...
Candidate: x_peak:       -0.715, y_peak:        0.085, r_peak:        0.020, sig:       17.589, ra_peak:       42.875, dec_peak:        0.085
Characteristic density local = 3821.7 deg^-2 = 1.062 arcmin^-2
Fitting aperture to hotspot...
Candidate: x_peak:       -0.545, y_peak:       -0.655, r_peak:        0.020, sig:       19.321, ra_peak:       43.045, dec_peak:       -0.655
Characteristic density local = 4307.1 deg^-2 = 1.196 arcmin^-2
Fitting aperture to hotspot...
Candidate: x_peak:        0.105, y_peak:       -0.045, r_peak:        0.030, sig:       27.247, ra_peak:       43.695, dec_peak:       -0.045
Characteristic density local = 4350.9 deg^-2 = 1.209 arcmin^-2
Fitting aperture to hotspot...
Candidate: x_peak:        0.215, y_peak:        0.435, r_peak:        0.020, sig:       18.113, ra_peak:       43.805, dec_peak:        0.435
Characteristic density local = 4665.2 deg^-2 = 1.296 arcmin^-2
Fitting aperture to hotspot...
Candidate: x_peak:        0.265, y_peak:       -0.465, r_peak:        0.020, sig:        9.180, ra_peak:       43.855, dec_peak:       -0.465
Characteristic density local = 4301.2 deg^-2 = 1.195 arcmin^-2
Fitting aperture to hotspot...
Candidate: x_peak:        0.705, y_peak:       -0.575, r_peak:        0.020, sig:       17.229, ra_peak:       44.295, dec_peak:       -0.575
Characteristic density local = 4398.6 deg^-2 = 1.222 arcmin^-2
Fitting aperture to hotspot...
Candidate: x_peak:        0.705, y_peak:        0.445, r_peak:        0.020, sig:       20.441, ra_peak:       44.295, dec_peak:        0.445
Distance = 31.6 kpc (m-M = 17.5)
771358 objects left after isochrone cut...
Characteristic density = 4000.0 deg^-2
Characteristic density local = 3413.9 deg^-2 = 0.948 arcmin^-2
Fitting aperture to hotspot...
Candidate: x_peak:       -0.715, y_peak:        0.085, r_peak:        0.020, sig:       17.589, ra_peak:       42.875, dec_peak:        0.085
Characteristic density local = 3821.7 deg^-2 = 1.062 arcmin^-2
Fitting aperture to hotspot...
Candidate: x_peak:       -0.545, y_peak:       -0.655, r_peak:        0.020, sig:       19.321, ra_peak:       43.045, dec_peak:       -0.655
Characteristic density local = 4307.1 deg^-2 = 1.196 arcmin^-2
Fitting aperture to hotspot...
Candidate: x_peak:        0.105, y_peak:       -0.045, r_peak:        0.030, sig:       27.247, ra_peak:       43.695, dec_peak:       -0.045
Characteristic density local = 4350.9 deg^-2 = 1.209 arcmin^-2
Fitting aperture to hotspot...
Candidate: x_peak:        0.215, y_peak:        0.435, r_peak:        0.020, sig:       18.113, ra_peak:       43.805, dec_peak:        0.435
Characteristic density local = 4665.2 deg^-2 = 1.296 arcmin^-2
Fitting aperture to hotspot...
Candidate: x_peak:        0.265, y_peak:       -0.465, r_peak:        0.020, sig:        9.180, ra_peak:       43.855, dec_peak:       -0.465
Characteristic density local = 4301.2 deg^-2 = 1.195 arcmin^-2
Fitting aperture to hotspot...
Candidate: x_peak:        0.705, y_peak:       -0.575, r_peak:        0.020, sig:       17.229, ra_peak:       44.295, dec_peak:       -0.575
Characteristic density local = 4398.6 deg^-2 = 1.222 arcmin^-2
Fitting aperture to hotspot...
Candidate: x_peak:        0.705, y_peak:        0.445, r_peak:        0.020, sig:       20.441, ra_peak:       44.295, dec_peak:        0.445
Distance = 39.8 kpc (m-M = 18.0)
771360 objects left after isochrone cut...
Characteristic density = 4000.0 deg^-2
Characteristic density local = 3413.9 deg^-2 = 0.948 arcmin^-2
Fitting aperture to hotspot...
Candidate: x_peak:       -0.715, y_peak:        0.085, r_peak:        0.020, sig:       17.589, ra_peak:       42.875, dec_peak:        0.085
Characteristic density local = 3821.7 deg^-2 = 1.062 arcmin^-2
Fitting aperture to hotspot...
Candidate: x_peak:       -0.545, y_peak:       -0.655, r_peak:        0.020, sig:       19.321, ra_peak:       43.045, dec_peak:       -0.655
Characteristic density local = 4307.1 deg^-2 = 1.196 arcmin^-2
Fitting aperture to hotspot...
Candidate: x_peak:        0.105, y_peak:       -0.045, r_peak:        0.030, sig:       27.247, ra_peak:       43.695, dec_peak:       -0.045
Characteristic density local = 4350.9 deg^-2 = 1.209 arcmin^-2
Fitting aperture to hotspot...
Candidate: x_peak:        0.215, y_peak:        0.435, r_peak:        0.020, sig:       18.113, ra_peak:       43.805, dec_peak:        0.435
Characteristic density local = 4665.2 deg^-2 = 1.296 arcmin^-2
Fitting aperture to hotspot...
Candidate: x_peak:        0.265, y_peak:       -0.465, r_peak:        0.020, sig:        9.180, ra_peak:       43.855, dec_peak:       -0.465
Characteristic density local = 4301.2 deg^-2 = 1.195 arcmin^-2
Fitting aperture to hotspot...
Candidate: x_peak:        0.705, y_peak:       -0.575, r_peak:        0.020, sig:       17.229, ra_peak:       44.295, dec_peak:       -0.575
Characteristic density local = 4398.6 deg^-2 = 1.222 arcmin^-2
Fitting aperture to hotspot...
Candidate: x_peak:        0.705, y_peak:        0.445, r_peak:        0.020, sig:       20.441, ra_peak:       44.295, dec_peak:        0.445
Distance = 50.1 kpc (m-M = 18.5)
771323 objects left after isochrone cut...
Characteristic density = 4000.0 deg^-2
Characteristic density local = 3413.9 deg^-2 = 0.948 arcmin^-2
Fitting aperture to hotspot...
Candidate: x_peak:       -0.715, y_peak:        0.085, r_peak:        0.020, sig:       17.589, ra_peak:       42.875, dec_peak:        0.085
Characteristic density local = 3821.7 deg^-2 = 1.062 arcmin^-2
Fitting aperture to hotspot...
Candidate: x_peak:       -0.545, y_peak:       -0.655, r_peak:        0.020, sig:       19.321, ra_peak:       43.045, dec_peak:       -0.655
Characteristic density local = 4307.1 deg^-2 = 1.196 arcmin^-2
Fitting aperture to hotspot...
Candidate: x_peak:        0.105, y_peak:       -0.045, r_peak:        0.030, sig:       27.247, ra_peak:       43.695, dec_peak:       -0.045
Characteristic density local = 4350.9 deg^-2 = 1.209 arcmin^-2
Fitting aperture to hotspot...
Candidate: x_peak:        0.215, y_peak:        0.435, r_peak:        0.020, sig:       18.113, ra_peak:       43.805, dec_peak:        0.435
Characteristic density local = 4665.2 deg^-2 = 1.296 arcmin^-2
Fitting aperture to hotspot...
Candidate: x_peak:        0.265, y_peak:       -0.465, r_peak:        0.020, sig:        9.180, ra_peak:       43.855, dec_peak:       -0.465
Characteristic density local = 4301.2 deg^-2 = 1.195 arcmin^-2
Fitting aperture to hotspot...
Candidate: x_peak:        0.705, y_peak:       -0.575, r_peak:        0.020, sig:       17.229, ra_peak:       44.295, dec_peak:       -0.575
Characteristic density local = 4398.6 deg^-2 = 1.222 arcmin^-2
Fitting aperture to hotspot...
Candidate: x_peak:        0.705, y_peak:        0.445, r_peak:        0.020, sig:       20.441, ra_peak:       44.295, dec_peak:        0.445
Distance = 63.1 kpc (m-M = 19.0)
770836 objects left after isochrone cut...
Characteristic density = 4000.0 deg^-2
Characteristic density local = 3411.9 deg^-2 = 0.948 arcmin^-2
Fitting aperture to hotspot...
Candidate: x_peak:       -0.715, y_peak:        0.085, r_peak:        0.020, sig:       17.592, ra_peak:       42.875, dec_peak:        0.085
Characteristic density local = 3815.7 deg^-2 = 1.060 arcmin^-2
Fitting aperture to hotspot...
Candidate: x_peak:       -0.545, y_peak:       -0.655, r_peak:        0.020, sig:       19.328, ra_peak:       43.045, dec_peak:       -0.655
Characteristic density local = 4301.2 deg^-2 = 1.195 arcmin^-2
Fitting aperture to hotspot...
Candidate: x_peak:        0.105, y_peak:       -0.045, r_peak:        0.030, sig:       27.256, ra_peak:       43.695, dec_peak:       -0.045
Characteristic density local = 4341.0 deg^-2 = 1.206 arcmin^-2
Fitting aperture to hotspot...
Candidate: x_peak:        0.215, y_peak:        0.435, r_peak:        0.020, sig:       18.124, ra_peak:       43.805, dec_peak:        0.435
Characteristic density local = 4679.2 deg^-2 = 1.300 arcmin^-2
Fitting aperture to hotspot...
Candidate: x_peak:        0.275, y_peak:       -0.465, r_peak:        0.020, sig:       10.778, ra_peak:       43.865, dec_peak:       -0.465
Characteristic density local = 4281.3 deg^-2 = 1.189 arcmin^-2
Fitting aperture to hotspot...
Candidate: x_peak:        0.705, y_peak:       -0.575, r_peak:        0.020, sig:       17.250, ra_peak:       44.295, dec_peak:       -0.575
Characteristic density local = 4386.7 deg^-2 = 1.219 arcmin^-2
Fitting aperture to hotspot...
Candidate: x_peak:        0.705, y_peak:        0.445, r_peak:        0.020, sig:       20.455, ra_peak:       44.295, dec_peak:        0.445
Distance = 79.4 kpc (m-M = 19.5)
769218 objects left after isochrone cut...
Characteristic density = 3900.0 deg^-2
Characteristic density local = 3405.9 deg^-2 = 0.946 arcmin^-2
Fitting aperture to hotspot...
Candidate: x_peak:       -0.715, y_peak:        0.085, r_peak:        0.020, sig:       17.599, ra_peak:       42.875, dec_peak:        0.085
Characteristic density local = 3791.9 deg^-2 = 1.053 arcmin^-2
Fitting aperture to hotspot...
Candidate: x_peak:       -0.545, y_peak:       -0.655, r_peak:        0.020, sig:       19.357, ra_peak:       43.045, dec_peak:       -0.655
Characteristic density local = 4279.3 deg^-2 = 1.189 arcmin^-2
Fitting aperture to hotspot...
Candidate: x_peak:        0.105, y_peak:       -0.045, r_peak:        0.030, sig:       27.291, ra_peak:       43.695, dec_peak:       -0.045
Characteristic density local = 4307.1 deg^-2 = 1.196 arcmin^-2
Fitting aperture to hotspot...
Candidate: x_peak:        0.215, y_peak:        0.435, r_peak:        0.020, sig:       18.160, ra_peak:       43.805, dec_peak:        0.435
Characteristic density local = 4635.4 deg^-2 = 1.288 arcmin^-2
Fitting aperture to hotspot...
Candidate: x_peak:        0.275, y_peak:       -0.465, r_peak:        0.020, sig:       10.815, ra_peak:       43.865, dec_peak:       -0.465
Characteristic density local = 4518.0 deg^-2 = 1.255 arcmin^-2
Fitting aperture to hotspot...
Candidate: x_peak:        0.445, y_peak:       -0.195, r_peak:        0.030, sig:        6.203, ra_peak:       44.035, dec_peak:       -0.195
Characteristic density local = 4229.5 deg^-2 = 1.175 arcmin^-2
Fitting aperture to hotspot...
Candidate: x_peak:        0.705, y_peak:       -0.575, r_peak:        0.020, sig:       17.304, ra_peak:       44.295, dec_peak:       -0.575
Characteristic density local = 4321.1 deg^-2 = 1.200 arcmin^-2
Fitting aperture to hotspot...
Candidate: x_peak:        0.705, y_peak:        0.445, r_peak:        0.020, sig:       20.528, ra_peak:       44.295, dec_peak:        0.445
Characteristic density local = 4311.1 deg^-2 = 1.198 arcmin^-2
Fitting aperture to hotspot...
Candidate: x_peak:        0.865, y_peak:        0.415, r_peak:        0.020, sig:        6.773, ra_peak:       44.455, dec_peak:        0.415
Distance = 100.0 kpc (m-M = 20.0)
766961 objects left after isochrone cut...
Characteristic density = 3800.0 deg^-2
Characteristic density local = 3390.0 deg^-2 = 0.942 arcmin^-2
Fitting aperture to hotspot...
Candidate: x_peak:       -0.715, y_peak:        0.085, r_peak:        0.020, sig:       17.619, ra_peak:       42.875, dec_peak:        0.085
Characteristic density local = 3764.0 deg^-2 = 1.046 arcmin^-2
Fitting aperture to hotspot...
Candidate: x_peak:       -0.545, y_peak:       -0.655, r_peak:        0.020, sig:       19.390, ra_peak:       43.045, dec_peak:       -0.655
Characteristic density local = 4209.6 deg^-2 = 1.169 arcmin^-2
Fitting aperture to hotspot...
Candidate: x_peak:        0.105, y_peak:       -0.045, r_peak:        0.030, sig:       27.404, ra_peak:       43.695, dec_peak:       -0.045
Characteristic density local = 4243.5 deg^-2 = 1.179 arcmin^-2
Fitting aperture to hotspot...
Candidate: x_peak:        0.215, y_peak:        0.435, r_peak:        0.020, sig:       18.228, ra_peak:       43.805, dec_peak:        0.435
Characteristic density local = 4555.8 deg^-2 = 1.266 arcmin^-2
Fitting aperture to hotspot...
Candidate: x_peak:        0.275, y_peak:       -0.465, r_peak:        0.020, sig:       10.882, ra_peak:       43.865, dec_peak:       -0.465
Characteristic density local = 4108.2 deg^-2 = 1.141 arcmin^-2
Fitting aperture to hotspot...
Candidate: x_peak:        0.705, y_peak:       -0.575, r_peak:        0.020, sig:       17.434, ra_peak:       44.295, dec_peak:       -0.575
Characteristic density local = 4211.6 deg^-2 = 1.170 arcmin^-2
Fitting aperture to hotspot...
Candidate: x_peak:        0.705, y_peak:        0.445, r_peak:        0.020, sig:       20.652, ra_peak:       44.295, dec_peak:        0.445
Characteristic density local = 4217.6 deg^-2 = 1.172 arcmin^-2
Fitting aperture to hotspot...
Candidate: x_peak:        0.865, y_peak:        0.415, r_peak:        0.020, sig:        6.846, ra_peak:       44.455, dec_peak:        0.415
Distance = 125.9 kpc (m-M = 20.5)
764178 objects left after isochrone cut...
Characteristic density = 3700.0 deg^-2
Characteristic density local = 3320.4 deg^-2 = 0.922 arcmin^-2
Fitting aperture to hotspot...
Candidate: x_peak:       -0.715, y_peak:        0.085, r_peak:        0.020, sig:       17.707, ra_peak:       42.875, dec_peak:        0.085
Characteristic density local = 3698.4 deg^-2 = 1.027 arcmin^-2
Fitting aperture to hotspot...
Candidate: x_peak:       -0.545, y_peak:       -0.655, r_peak:        0.020, sig:       19.316, ra_peak:       43.045, dec_peak:       -0.655
Characteristic density local = 4114.2 deg^-2 = 1.143 arcmin^-2
Fitting aperture to hotspot...
Candidate: x_peak:        0.105, y_peak:       -0.045, r_peak:        0.030, sig:       27.561, ra_peak:       43.695, dec_peak:       -0.045
Characteristic density local = 4153.9 deg^-2 = 1.154 arcmin^-2
Fitting aperture to hotspot...
Candidate: x_peak:        0.215, y_peak:        0.435, r_peak:        0.020, sig:       18.325, ra_peak:       43.805, dec_peak:        0.435
Characteristic density local = 4474.2 deg^-2 = 1.243 arcmin^-2
Fitting aperture to hotspot...
Candidate: x_peak:        0.275, y_peak:       -0.465, r_peak:        0.020, sig:       10.952, ra_peak:       43.865, dec_peak:       -0.465
Characteristic density local = 3972.9 deg^-2 = 1.104 arcmin^-2
Fitting aperture to hotspot...
Candidate: x_peak:        0.705, y_peak:       -0.575, r_peak:        0.020, sig:       17.583, ra_peak:       44.295, dec_peak:       -0.575
Characteristic density local = 4096.3 deg^-2 = 1.138 arcmin^-2
Fitting aperture to hotspot...
Candidate: x_peak:        0.705, y_peak:        0.445, r_peak:        0.020, sig:       20.640, ra_peak:       44.295, dec_peak:        0.445
Characteristic density local = 4114.2 deg^-2 = 1.143 arcmin^-2
Fitting aperture to hotspot...
Candidate: x_peak:        0.865, y_peak:        0.415, r_peak:        0.020, sig:        6.927, ra_peak:       44.455, dec_peak:        0.415
Distance = 158.5 kpc (m-M = 21.0)
760766 objects left after isochrone cut...
Characteristic density = 3600.0 deg^-2
Characteristic density local = 3212.9 deg^-2 = 0.892 arcmin^-2
Fitting aperture to hotspot...
Candidate: x_peak:       -0.715, y_peak:        0.085, r_peak:        0.020, sig:       17.845, ra_peak:       42.875, dec_peak:        0.085
Characteristic density local = 3571.0 deg^-2 = 0.992 arcmin^-2
Fitting aperture to hotspot...
Candidate: x_peak:       -0.545, y_peak:       -0.655, r_peak:        0.020, sig:       19.474, ra_peak:       43.045, dec_peak:       -0.655
Characteristic density local = 4004.7 deg^-2 = 1.112 arcmin^-2
Fitting aperture to hotspot...
Candidate: x_peak:        0.105, y_peak:       -0.045, r_peak:        0.030, sig:       27.745, ra_peak:       43.695, dec_peak:       -0.045
Characteristic density local = 4040.5 deg^-2 = 1.122 arcmin^-2
Fitting aperture to hotspot...
Candidate: x_peak:        0.215, y_peak:        0.435, r_peak:        0.020, sig:       18.451, ra_peak:       43.805, dec_peak:        0.435
Characteristic density local = 4354.9 deg^-2 = 1.210 arcmin^-2
Fitting aperture to hotspot...
Candidate: x_peak:        0.275, y_peak:       -0.465, r_peak:        0.020, sig:       11.055, ra_peak:       43.865, dec_peak:       -0.465
Characteristic density local = 3887.4 deg^-2 = 1.080 arcmin^-2
Fitting aperture to hotspot...
Candidate: x_peak:        0.465, y_peak:        0.525, r_peak:        0.020, sig:        8.063, ra_peak:       44.055, dec_peak:        0.525
Characteristic density local = 3865.5 deg^-2 = 1.074 arcmin^-2
Fitting aperture to hotspot...
Candidate: x_peak:        0.705, y_peak:       -0.575, r_peak:        0.020, sig:       17.704, ra_peak:       44.295, dec_peak:       -0.575
Characteristic density local = 3990.8 deg^-2 = 1.109 arcmin^-2
Fitting aperture to hotspot...
Candidate: x_peak:        0.705, y_peak:        0.445, r_peak:        0.020, sig:       20.764, ra_peak:       44.295, dec_peak:        0.445
Characteristic density local = 4006.7 deg^-2 = 1.113 arcmin^-2
Fitting aperture to hotspot...
Candidate: x_peak:        0.865, y_peak:        0.415, r_peak:        0.020, sig:        7.013, ra_peak:       44.455, dec_peak:        0.415
Distance = 199.5 kpc (m-M = 21.5)
756751 objects left after isochrone cut...
Characteristic density = 3500.0 deg^-2
Characteristic density local = 3113.5 deg^-2 = 0.865 arcmin^-2
Fitting aperture to hotspot...
Candidate: x_peak:       -0.715, y_peak:        0.085, r_peak:        0.020, sig:       17.976, ra_peak:       42.875, dec_peak:        0.085
Characteristic density local = 3439.7 deg^-2 = 0.955 arcmin^-2
Fitting aperture to hotspot...
Candidate: x_peak:       -0.545, y_peak:       -0.655, r_peak:        0.020, sig:       19.641, ra_peak:       43.045, dec_peak:       -0.655
Characteristic density local = 3847.6 deg^-2 = 1.069 arcmin^-2
Fitting aperture to hotspot...
Candidate: x_peak:        0.105, y_peak:       -0.045, r_peak:        0.030, sig:       28.016, ra_peak:       43.695, dec_peak:       -0.045
Characteristic density local = 3897.3 deg^-2 = 1.083 arcmin^-2
Fitting aperture to hotspot...
Candidate: x_peak:        0.215, y_peak:        0.435, r_peak:        0.020, sig:       18.615, ra_peak:       43.805, dec_peak:        0.435
Characteristic density local = 4235.5 deg^-2 = 1.177 arcmin^-2
Fitting aperture to hotspot...
Candidate: x_peak:        0.275, y_peak:       -0.465, r_peak:        0.020, sig:       11.161, ra_peak:       43.865, dec_peak:       -0.465
Characteristic density local = 3724.2 deg^-2 = 1.035 arcmin^-2
Fitting aperture to hotspot...
Candidate: x_peak:        0.705, y_peak:       -0.575, r_peak:        0.020, sig:       17.867, ra_peak:       44.295, dec_peak:       -0.575
Characteristic density local = 3815.7 deg^-2 = 1.060 arcmin^-2
Fitting aperture to hotspot...
Candidate: x_peak:        0.705, y_peak:        0.445, r_peak:        0.020, sig:       20.977, ra_peak:       44.295, dec_peak:        0.445
Characteristic density local = 3861.5 deg^-2 = 1.073 arcmin^-2
Fitting aperture to hotspot...
Candidate: x_peak:        0.865, y_peak:        0.415, r_peak:        0.020, sig:        7.132, ra_peak:       44.455, dec_peak:        0.415
Distance = 251.2 kpc (m-M = 22.0)
752055 objects left after isochrone cut...
Characteristic density = 3300.0 deg^-2
Characteristic density local = 2958.3 deg^-2 = 0.822 arcmin^-2
Fitting aperture to hotspot...
Candidate: x_peak:       -0.715, y_peak:        0.085, r_peak:        0.020, sig:       18.188, ra_peak:       42.875, dec_peak:        0.085
Characteristic density local = 3290.5 deg^-2 = 0.914 arcmin^-2
Fitting aperture to hotspot...
Candidate: x_peak:       -0.545, y_peak:       -0.655, r_peak:        0.020, sig:       19.838, ra_peak:       43.045, dec_peak:       -0.655
Characteristic density local = 3716.3 deg^-2 = 1.032 arcmin^-2
Fitting aperture to hotspot...
Candidate: x_peak:        0.105, y_peak:       -0.045, r_peak:        0.030, sig:       28.145, ra_peak:       43.695, dec_peak:       -0.045
Characteristic density local = 3744.1 deg^-2 = 1.040 arcmin^-2
Fitting aperture to hotspot...
Candidate: x_peak:        0.215, y_peak:        0.435, r_peak:        0.020, sig:       18.638, ra_peak:       43.805, dec_peak:        0.435
Characteristic density local = 4092.3 deg^-2 = 1.137 arcmin^-2
Fitting aperture to hotspot...
Candidate: x_peak:        0.275, y_peak:       -0.475, r_peak:        0.020, sig:       11.488, ra_peak:       43.865, dec_peak:       -0.475
Characteristic density local = 3573.0 deg^-2 = 0.993 arcmin^-2
Fitting aperture to hotspot...
Candidate: x_peak:        0.465, y_peak:        0.525, r_peak:        0.290, sig:        8.342, ra_peak:       44.055, dec_peak:        0.525
Characteristic density local = 3634.7 deg^-2 = 1.010 arcmin^-2
Fitting aperture to hotspot...
Candidate: x_peak:        0.705, y_peak:        0.445, r_peak:        0.020, sig:       21.205, ra_peak:       44.295, dec_peak:        0.445
Characteristic density local = 3565.1 deg^-2 = 0.990 arcmin^-2
Fitting aperture to hotspot...
Candidate: x_peak:        0.705, y_peak:       -0.575, r_peak:        0.020, sig:       18.057, ra_peak:       44.295, dec_peak:       -0.575
Characteristic density local = 3688.4 deg^-2 = 1.025 arcmin^-2
Fitting aperture to hotspot...
Candidate: x_peak:        0.865, y_peak:        0.415, r_peak:        0.020, sig:        7.278, ra_peak:       44.455, dec_peak:        0.415
Distance = 316.2 kpc (m-M = 22.5)
746472 objects left after isochrone cut...
Characteristic density = 3200.0 deg^-2
Characteristic density local = 2795.2 deg^-2 = 0.776 arcmin^-2
Fitting aperture to hotspot...
Candidate: x_peak:       -0.715, y_peak:        0.085, r_peak:        0.020, sig:       18.421, ra_peak:       42.875, dec_peak:        0.085
Characteristic density local = 3129.4 deg^-2 = 0.869 arcmin^-2
Fitting aperture to hotspot...
Candidate: x_peak:       -0.545, y_peak:       -0.655, r_peak:        0.020, sig:       20.059, ra_peak:       43.045, dec_peak:       -0.655
Characteristic density local = 3529.3 deg^-2 = 0.980 arcmin^-2
Fitting aperture to hotspot...
Candidate: x_peak:        0.105, y_peak:       -0.045, r_peak:        0.030, sig:       28.278, ra_peak:       43.695, dec_peak:       -0.045
Characteristic density local = 3535.2 deg^-2 = 0.982 arcmin^-2
Fitting aperture to hotspot...
Candidate: x_peak:        0.215, y_peak:        0.435, r_peak:        0.020, sig:       18.734, ra_peak:       43.805, dec_peak:        0.435
Characteristic density local = 3899.3 deg^-2 = 1.083 arcmin^-2
Fitting aperture to hotspot...
Candidate: x_peak:        0.275, y_peak:       -0.465, r_peak:        0.020, sig:       11.473, ra_peak:       43.865, dec_peak:       -0.465
Characteristic density local = 3370.1 deg^-2 = 0.936 arcmin^-2
Fitting aperture to hotspot...
Candidate: x_peak:        0.465, y_peak:        0.525, r_peak:        0.290, sig:        8.924, ra_peak:       44.055, dec_peak:        0.525
Characteristic density local = 3425.8 deg^-2 = 0.952 arcmin^-2
Fitting aperture to hotspot...
Candidate: x_peak:        0.705, y_peak:        0.445, r_peak:        0.020, sig:       21.333, ra_peak:       44.295, dec_peak:        0.445
Characteristic density local = 3401.9 deg^-2 = 0.945 arcmin^-2
Fitting aperture to hotspot...
Candidate: x_peak:        0.705, y_peak:       -0.575, r_peak:        0.020, sig:       18.260, ra_peak:       44.295, dec_peak:       -0.575
Characteristic density local = 3477.5 deg^-2 = 0.966 arcmin^-2
Fitting aperture to hotspot...
Candidate: x_peak:        0.865, y_peak:        0.415, r_peak:        0.190, sig:        7.555, ra_peak:       44.455, dec_peak:        0.415
Distance = 398.1 kpc (m-M = 23.0)
739950 objects left after isochrone cut...
Characteristic density = 3000.0 deg^-2
Characteristic density local = 2610.1 deg^-2 = 0.725 arcmin^-2
Fitting aperture to hotspot...
Candidate: x_peak:       -0.715, y_peak:        0.085, r_peak:        0.020, sig:       18.700, ra_peak:       42.875, dec_peak:        0.085
Characteristic density local = 2946.4 deg^-2 = 0.818 arcmin^-2
Fitting aperture to hotspot...
Candidate: x_peak:       -0.545, y_peak:       -0.655, r_peak:        0.020, sig:       20.322, ra_peak:       43.045, dec_peak:       -0.655
Characteristic density local = 3298.5 deg^-2 = 0.916 arcmin^-2
Fitting aperture to hotspot...
Candidate: x_peak:        0.105, y_peak:       -0.045, r_peak:        0.030, sig:       28.616, ra_peak:       43.695, dec_peak:       -0.045
Characteristic density local = 3252.7 deg^-2 = 0.904 arcmin^-2
Fitting aperture to hotspot...
Candidate: x_peak:        0.215, y_peak:        0.445, r_peak:        0.030, sig:       16.738, ra_peak:       43.805, dec_peak:        0.445
Characteristic density local = 3674.5 deg^-2 = 1.021 arcmin^-2
Fitting aperture to hotspot...
Candidate: x_peak:        0.275, y_peak:       -0.465, r_peak:        0.020, sig:       11.694, ra_peak:       43.865, dec_peak:       -0.465
Characteristic density local = 3113.5 deg^-2 = 0.865 arcmin^-2
Fitting aperture to hotspot...
Candidate: x_peak:        0.465, y_peak:        0.525, r_peak:        0.280, sig:        9.601, ra_peak:       44.055, dec_peak:        0.525
Characteristic density local = 3220.9 deg^-2 = 0.895 arcmin^-2
Fitting aperture to hotspot...
Candidate: x_peak:        0.705, y_peak:        0.445, r_peak:        0.020, sig:       21.466, ra_peak:       44.295, dec_peak:        0.445
Characteristic density local = 3201.0 deg^-2 = 0.889 arcmin^-2
Fitting aperture to hotspot...
Candidate: x_peak:        0.705, y_peak:       -0.575, r_peak:        0.020, sig:       18.356, ra_peak:       44.295, dec_peak:       -0.575
Characteristic density local = 3268.6 deg^-2 = 0.908 arcmin^-2
Fitting aperture to hotspot...
Candidate: x_peak:        0.865, y_peak:        0.415, r_peak:        0.020, sig:        7.657, ra_peak:       44.455, dec_peak:        0.415
28.62 sigma; (RA, Dec, d) = (43.70, -0.04); r = 0.03 deg; d = 398.1, mu = 23.00 mag), mc_source_id: 0.00
21.47 sigma; (RA, Dec, d) = (44.30, 0.44); r = 0.02 deg; d = 398.1, mu = 23.00 mag), mc_source_id: 0.00
20.32 sigma; (RA, Dec, d) = (43.04, -0.66); r = 0.02 deg; d = 398.1, mu = 23.00 mag), mc_source_id: 0.00
18.73 sigma; (RA, Dec, d) = (43.81, 0.44); r = 0.02 deg; d = 316.2, mu = 22.50 mag), mc_source_id: 0.00
18.70 sigma; (RA, Dec, d) = (42.87, 0.08); r = 0.02 deg; d = 398.1, mu = 23.00 mag), mc_source_id: 0.00
18.36 sigma; (RA, Dec, d) = (44.30, -0.57); r = 0.02 deg; d = 398.1, mu = 23.00 mag), mc_source_id: 0.00
11.69 sigma; (RA, Dec, d) = (43.87, -0.47); r = 0.02 deg; d = 398.1, mu = 23.00 mag), mc_source_id: 0.00
9.60 sigma; (RA, Dec, d) = (44.06, 0.53); r = 0.28 deg; d = 398.1, mu = 23.00 mag), mc_source_id: 0.00
7.66 sigma; (RA, Dec, d) = (44.46, 0.41); r = 0.02 deg; d = 398.1, mu = 23.00 mag), mc_source_id: 0.00
6.20 sigma; (RA, Dec, d) = (44.04, -0.19); r = 0.03 deg; d = 79.4, mu = 19.50 mag), mc_source_id: 0.00

------------------------------------------------------------
Job <680933.0> was submitted from <des51.fnal.gov> by user <tavangar>.
Job was executed on host <des40.fnal.gov> as user <tavangar>.
</var/lib/condor/execute/dir_2024611> was used as the initial working directory.
Results reported at Wed Jun  5 12:16:03 CDT 2019

Your job looked like:

------------------------------------------------------------
python /home/s1/tavangar/tavangar_simple/search_algorithm.py 43.59 0.00 0.00 /home/s1/tavangar/tavangar_simple/decals_dr7_results/results_nside_32_6095.csv /home/s1/tavangar/tavangar_simple/decals_dr7_results/decals_dr7_log/results_nside_32_6095.log
------------------------------------------------------------

Successfully completed.

Resource usage summary:

	Real time :			285.93 sec.
	CPU time :			33.16 sec.
	CPU percentage :		76%
	Max Memory :			7157920 KB
	Average Memory :		0 KB

The output (if any) is above this job summary.
