/home/s1/tavangar/tavangar_simple/simple_utils.py:170: FutureWarning: elementwise comparison failed; returning scalar instead, but in the future will perform elementwise comparison
  if np.all(isochrone.stage == 'Main'):
Search coordinates: (RA, Dec) = (4.22, 27.28)
Center healpixel: 3265
Healpixels: [3265 3393 3264 3137 3009 3138 3266 3394 3521]
MC_SOURCE_ID = 0.0
mode = 0: running only on real data
Found 1 objects...
Applying cuts...
206514 star-like objects in ROI...
246780 galaxy-like objects in ROI...
No fracdet map specified ...
Distance = 15.8 kpc (m-M = 16.0)
206514 objects left after isochrone cut...
Characteristic density = 6100.0 deg^-2
Characteristic density local = 6100.0 deg^-2 = 1.694 arcmin^-2
Fitting aperture to hotspot...
Candidate: x_peak:       -0.395, y_peak:        0.005, r_peak:        0.030, sig:        9.476, ra_peak:        3.776, dec_peak:       27.284
Characteristic density local = 6748.2 deg^-2 = 1.874 arcmin^-2
Fitting aperture to hotspot...
Candidate: x_peak:       -0.065, y_peak:       -0.985, r_peak:        0.020, sig:        2.485, ra_peak:        4.148, dec_peak:       26.295
Characteristic density local = 6780.0 deg^-2 = 1.883 arcmin^-2
Fitting aperture to hotspot...
Candidate: x_peak:        0.285, y_peak:       -1.025, r_peak:        0.160, sig:        2.292, ra_peak:        4.538, dec_peak:       26.255
Characteristic density local = 6841.7 deg^-2 = 1.900 arcmin^-2
Fitting aperture to hotspot...
Candidate: x_peak:        0.295, y_peak:       -1.015, r_peak:        0.160, sig:        1.786, ra_peak:        4.549, dec_peak:       26.265
Characteristic density local = 6410.0 deg^-2 = 1.781 arcmin^-2
Fitting aperture to hotspot...
Candidate: x_peak:        0.655, y_peak:       -0.635, r_peak:        0.040, sig:        2.385, ra_peak:        4.953, dec_peak:       26.643
Characteristic density local = 6977.0 deg^-2 = 1.938 arcmin^-2
Fitting aperture to hotspot...
Candidate: x_peak:        0.515, y_peak:       -0.785, r_peak:        0.070, sig:        1.808, ra_peak:        4.795, dec_peak:       26.494
Distance = 20.0 kpc (m-M = 16.5)
206512 objects left after isochrone cut...
Characteristic density = 6100.0 deg^-2
Characteristic density local = 6100.0 deg^-2 = 1.694 arcmin^-2
Fitting aperture to hotspot...
Candidate: x_peak:       -0.395, y_peak:        0.005, r_peak:        0.030, sig:        9.476, ra_peak:        3.776, dec_peak:       27.284
Characteristic density local = 6748.2 deg^-2 = 1.874 arcmin^-2
Fitting aperture to hotspot...
Candidate: x_peak:       -0.065, y_peak:       -0.985, r_peak:        0.020, sig:        2.485, ra_peak:        4.148, dec_peak:       26.295
Characteristic density local = 6780.0 deg^-2 = 1.883 arcmin^-2
Fitting aperture to hotspot...
Candidate: x_peak:        0.285, y_peak:       -1.025, r_peak:        0.160, sig:        2.292, ra_peak:        4.538, dec_peak:       26.255
Characteristic density local = 6841.7 deg^-2 = 1.900 arcmin^-2
Fitting aperture to hotspot...
Candidate: x_peak:        0.295, y_peak:       -1.015, r_peak:        0.160, sig:        1.786, ra_peak:        4.549, dec_peak:       26.265
Characteristic density local = 6410.0 deg^-2 = 1.781 arcmin^-2
Fitting aperture to hotspot...
Candidate: x_peak:        0.655, y_peak:       -0.635, r_peak:        0.040, sig:        2.385, ra_peak:        4.953, dec_peak:       26.643
Characteristic density local = 6977.0 deg^-2 = 1.938 arcmin^-2
Fitting aperture to hotspot...
Candidate: x_peak:        0.515, y_peak:       -0.785, r_peak:        0.070, sig:        1.808, ra_peak:        4.795, dec_peak:       26.494
Distance = 25.1 kpc (m-M = 17.0)
206508 objects left after isochrone cut...
Characteristic density = 6100.0 deg^-2
Characteristic density local = 6100.0 deg^-2 = 1.694 arcmin^-2
Fitting aperture to hotspot...
Candidate: x_peak:       -0.395, y_peak:        0.005, r_peak:        0.030, sig:        9.476, ra_peak:        3.776, dec_peak:       27.284
Characteristic density local = 6748.2 deg^-2 = 1.874 arcmin^-2
Fitting aperture to hotspot...
Candidate: x_peak:       -0.065, y_peak:       -0.985, r_peak:        0.020, sig:        2.485, ra_peak:        4.148, dec_peak:       26.295
Characteristic density local = 6780.0 deg^-2 = 1.883 arcmin^-2
Fitting aperture to hotspot...
Candidate: x_peak:        0.285, y_peak:       -1.025, r_peak:        0.160, sig:        2.292, ra_peak:        4.538, dec_peak:       26.255
Characteristic density local = 6841.7 deg^-2 = 1.900 arcmin^-2
Fitting aperture to hotspot...
Candidate: x_peak:        0.295, y_peak:       -1.015, r_peak:        0.160, sig:        1.786, ra_peak:        4.549, dec_peak:       26.265
Characteristic density local = 6410.0 deg^-2 = 1.781 arcmin^-2
Fitting aperture to hotspot...
Candidate: x_peak:        0.655, y_peak:       -0.635, r_peak:        0.040, sig:        2.385, ra_peak:        4.953, dec_peak:       26.643
Characteristic density local = 6977.0 deg^-2 = 1.938 arcmin^-2
Fitting aperture to hotspot...
Candidate: x_peak:        0.515, y_peak:       -0.785, r_peak:        0.070, sig:        1.808, ra_peak:        4.795, dec_peak:       26.494
Distance = 31.6 kpc (m-M = 17.5)
206508 objects left after isochrone cut...
Characteristic density = 6100.0 deg^-2
Characteristic density local = 6100.0 deg^-2 = 1.694 arcmin^-2
Fitting aperture to hotspot...
Candidate: x_peak:       -0.395, y_peak:        0.005, r_peak:        0.030, sig:        9.476, ra_peak:        3.776, dec_peak:       27.284
Characteristic density local = 6748.2 deg^-2 = 1.874 arcmin^-2
Fitting aperture to hotspot...
Candidate: x_peak:       -0.065, y_peak:       -0.985, r_peak:        0.020, sig:        2.485, ra_peak:        4.148, dec_peak:       26.295
Characteristic density local = 6780.0 deg^-2 = 1.883 arcmin^-2
Fitting aperture to hotspot...
Candidate: x_peak:        0.285, y_peak:       -1.025, r_peak:        0.160, sig:        2.292, ra_peak:        4.538, dec_peak:       26.255
Characteristic density local = 6841.7 deg^-2 = 1.900 arcmin^-2
Fitting aperture to hotspot...
Candidate: x_peak:        0.295, y_peak:       -1.015, r_peak:        0.160, sig:        1.786, ra_peak:        4.549, dec_peak:       26.265
Characteristic density local = 6410.0 deg^-2 = 1.781 arcmin^-2
Fitting aperture to hotspot...
Candidate: x_peak:        0.655, y_peak:       -0.635, r_peak:        0.040, sig:        2.385, ra_peak:        4.953, dec_peak:       26.643
Characteristic density local = 6977.0 deg^-2 = 1.938 arcmin^-2
Fitting aperture to hotspot...
Candidate: x_peak:        0.515, y_peak:       -0.785, r_peak:        0.070, sig:        1.808, ra_peak:        4.795, dec_peak:       26.494
Distance = 39.8 kpc (m-M = 18.0)
206443 objects left after isochrone cut...
Characteristic density = 6100.0 deg^-2
Characteristic density local = 6100.0 deg^-2 = 1.694 arcmin^-2
Fitting aperture to hotspot...
Candidate: x_peak:       -0.395, y_peak:        0.005, r_peak:        0.030, sig:        9.476, ra_peak:        3.776, dec_peak:       27.284
Characteristic density local = 6744.2 deg^-2 = 1.873 arcmin^-2
Fitting aperture to hotspot...
Candidate: x_peak:       -0.065, y_peak:       -0.985, r_peak:        0.020, sig:        2.487, ra_peak:        4.148, dec_peak:       26.295
Characteristic density local = 6776.0 deg^-2 = 1.882 arcmin^-2
Fitting aperture to hotspot...
Candidate: x_peak:        0.285, y_peak:       -1.025, r_peak:        0.160, sig:        2.306, ra_peak:        4.538, dec_peak:       26.255
Characteristic density local = 6837.7 deg^-2 = 1.899 arcmin^-2
Fitting aperture to hotspot...
Candidate: x_peak:        0.295, y_peak:       -1.015, r_peak:        0.160, sig:        1.800, ra_peak:        4.549, dec_peak:       26.265
Characteristic density local = 6396.0 deg^-2 = 1.777 arcmin^-2
Fitting aperture to hotspot...
Candidate: x_peak:        0.655, y_peak:       -0.635, r_peak:        0.040, sig:        2.398, ra_peak:        4.953, dec_peak:       26.643
Characteristic density local = 6975.0 deg^-2 = 1.937 arcmin^-2
Fitting aperture to hotspot...
Candidate: x_peak:        0.515, y_peak:       -0.785, r_peak:        0.070, sig:        1.811, ra_peak:        4.795, dec_peak:       26.494
Distance = 50.1 kpc (m-M = 18.5)
205959 objects left after isochrone cut...
Characteristic density = 6100.0 deg^-2
Characteristic density local = 6100.0 deg^-2 = 1.694 arcmin^-2
Fitting aperture to hotspot...
Candidate: x_peak:       -0.765, y_peak:       -0.285, r_peak:        0.030, sig:        9.179, ra_peak:        3.361, dec_peak:       26.992
Characteristic density local = 6435.8 deg^-2 = 1.788 arcmin^-2
Fitting aperture to hotspot...
Candidate: x_peak:       -0.465, y_peak:       -0.615, r_peak:        0.040, sig:        5.546, ra_peak:        3.700, dec_peak:       26.664
Characteristic density local = 6100.0 deg^-2 = 1.694 arcmin^-2
Fitting aperture to hotspot...
Candidate: x_peak:       -0.395, y_peak:        0.005, r_peak:        0.030, sig:        9.476, ra_peak:        3.776, dec_peak:       27.284
Characteristic density local = 6815.8 deg^-2 = 1.893 arcmin^-2
Fitting aperture to hotspot...
Candidate: x_peak:       -0.305, y_peak:       -0.345, r_peak:        0.030, sig:        4.934, ra_peak:        3.878, dec_peak:       26.935
Characteristic density local = 6100.0 deg^-2 = 1.694 arcmin^-2
Fitting aperture to hotspot...
Candidate: x_peak:        0.055, y_peak:        1.055, r_peak:        0.030, sig:        5.670, ra_peak:        4.282, dec_peak:       28.335
Characteristic density local = 6441.8 deg^-2 = 1.789 arcmin^-2
Fitting aperture to hotspot...
Candidate: x_peak:        0.175, y_peak:       -0.685, r_peak:        0.040, sig:        6.211, ra_peak:        4.416, dec_peak:       26.595
Characteristic density local = 6100.0 deg^-2 = 1.694 arcmin^-2
Fitting aperture to hotspot...
Candidate: x_peak:        0.935, y_peak:       -0.295, r_peak:        0.030, sig:        5.670, ra_peak:        5.269, dec_peak:       26.981
Distance = 63.1 kpc (m-M = 19.0)
204688 objects left after isochrone cut...
Characteristic density = 6000.0 deg^-2
Characteristic density local = 6000.0 deg^-2 = 1.667 arcmin^-2
Fitting aperture to hotspot...
Candidate: x_peak:       -0.765, y_peak:       -0.285, r_peak:        0.030, sig:        9.270, ra_peak:        3.361, dec_peak:       26.992
Characteristic density local = 6334.4 deg^-2 = 1.760 arcmin^-2
Fitting aperture to hotspot...
Candidate: x_peak:       -0.465, y_peak:       -0.625, r_peak:        0.020, sig:        5.669, ra_peak:        3.700, dec_peak:       26.654
Characteristic density local = 6000.0 deg^-2 = 1.667 arcmin^-2
Fitting aperture to hotspot...
Candidate: x_peak:       -0.395, y_peak:        0.005, r_peak:        0.030, sig:        9.567, ra_peak:        3.776, dec_peak:       27.284
Characteristic density local = 6660.6 deg^-2 = 1.850 arcmin^-2
Fitting aperture to hotspot...
Candidate: x_peak:       -0.315, y_peak:       -0.335, r_peak:        0.040, sig:        3.932, ra_peak:        3.867, dec_peak:       26.945
Characteristic density local = 6000.0 deg^-2 = 1.667 arcmin^-2
Fitting aperture to hotspot...
Candidate: x_peak:        0.055, y_peak:        1.055, r_peak:        0.040, sig:        5.587, ra_peak:        4.282, dec_peak:       28.335
Characteristic density local = 6302.5 deg^-2 = 1.751 arcmin^-2
Fitting aperture to hotspot...
Candidate: x_peak:        0.175, y_peak:       -0.685, r_peak:        0.040, sig:        6.089, ra_peak:        4.416, dec_peak:       26.595
Characteristic density local = 6000.0 deg^-2 = 1.667 arcmin^-2
Fitting aperture to hotspot...
Candidate: x_peak:        0.935, y_peak:       -0.295, r_peak:        0.030, sig:        5.580, ra_peak:        5.269, dec_peak:       26.981
Distance = 79.4 kpc (m-M = 19.5)
203005 objects left after isochrone cut...
Characteristic density = 5800.0 deg^-2
Characteristic density local = 5800.0 deg^-2 = 1.611 arcmin^-2
Fitting aperture to hotspot...
Candidate: x_peak:       -0.395, y_peak:        0.005, r_peak:        0.030, sig:        9.753, ra_peak:        3.776, dec_peak:       27.284
Characteristic density local = 6427.9 deg^-2 = 1.786 arcmin^-2
Fitting aperture to hotspot...
Candidate: x_peak:       -0.065, y_peak:       -0.985, r_peak:        0.020, sig:        2.367, ra_peak:        4.148, dec_peak:       26.295
Characteristic density local = 6471.6 deg^-2 = 1.798 arcmin^-2
Fitting aperture to hotspot...
Candidate: x_peak:        0.105, y_peak:       -0.965, r_peak:        0.010, sig:        1.592, ra_peak:        4.337, dec_peak:       26.315
Characteristic density local = 6646.7 deg^-2 = 1.846 arcmin^-2
Fitting aperture to hotspot...
Candidate: x_peak:        0.515, y_peak:       -0.785, r_peak:        0.070, sig:        1.764, ra_peak:        4.795, dec_peak:       26.494
Characteristic density local = 6119.5 deg^-2 = 1.700 arcmin^-2
Fitting aperture to hotspot...
Candidate: x_peak:        0.645, y_peak:       -0.645, r_peak:        0.030, sig:        2.497, ra_peak:        4.942, dec_peak:       26.633
Distance = 100.0 kpc (m-M = 20.0)
200982 objects left after isochrone cut...
Characteristic density = 5700.0 deg^-2
Characteristic density local = 5700.0 deg^-2 = 1.583 arcmin^-2
Fitting aperture to hotspot...
Candidate: x_peak:       -0.395, y_peak:        0.005, r_peak:        0.030, sig:        9.699, ra_peak:        3.776, dec_peak:       27.284
Characteristic density local = 6278.7 deg^-2 = 1.744 arcmin^-2
Fitting aperture to hotspot...
Candidate: x_peak:       -0.065, y_peak:       -0.985, r_peak:        0.040, sig:        1.877, ra_peak:        4.148, dec_peak:       26.295
Characteristic density local = 5500.8 deg^-2 = 1.528 arcmin^-2
Fitting aperture to hotspot...
Candidate: x_peak:       -0.025, y_peak:       -1.285, r_peak:        0.290, sig:        3.114, ra_peak:        4.192, dec_peak:       25.995
Characteristic density local = 6380.1 deg^-2 = 1.772 arcmin^-2
Fitting aperture to hotspot...
Candidate: x_peak:        0.255, y_peak:       -1.065, r_peak:        0.140, sig:        2.463, ra_peak:        4.504, dec_peak:       26.215
Characteristic density local = 6354.3 deg^-2 = 1.765 arcmin^-2
Fitting aperture to hotspot...
Candidate: x_peak:        0.265, y_peak:       -1.045, r_peak:        0.150, sig:        2.659, ra_peak:        4.515, dec_peak:       26.235
Characteristic density local = 6360.2 deg^-2 = 1.767 arcmin^-2
Fitting aperture to hotspot...
Candidate: x_peak:        0.295, y_peak:       -1.015, r_peak:        0.160, sig:        1.796, ra_peak:        4.549, dec_peak:       26.265
Characteristic density local = 6485.6 deg^-2 = 1.802 arcmin^-2
Fitting aperture to hotspot...
Candidate: x_peak:        0.515, y_peak:       -0.785, r_peak:        0.070, sig:        1.640, ra_peak:        4.795, dec_peak:       26.494
Characteristic density local = 5944.4 deg^-2 = 1.651 arcmin^-2
Fitting aperture to hotspot...
Candidate: x_peak:        0.655, y_peak:       -0.635, r_peak:        0.050, sig:        2.222, ra_peak:        4.953, dec_peak:       26.643
Distance = 125.9 kpc (m-M = 20.5)
198672 objects left after isochrone cut...
Characteristic density = 5500.0 deg^-2
Characteristic density local = 5500.0 deg^-2 = 1.528 arcmin^-2
Fitting aperture to hotspot...
Candidate: x_peak:       -0.765, y_peak:       -0.285, r_peak:        0.030, sig:        9.438, ra_peak:        3.361, dec_peak:       26.992
Characteristic density local = 5843.0 deg^-2 = 1.623 arcmin^-2
Fitting aperture to hotspot...
Candidate: x_peak:       -0.465, y_peak:       -0.625, r_peak:        0.020, sig:        5.962, ra_peak:        3.700, dec_peak:       26.654
Characteristic density local = 5500.0 deg^-2 = 1.528 arcmin^-2
Fitting aperture to hotspot...
Candidate: x_peak:       -0.395, y_peak:        0.005, r_peak:        0.030, sig:        9.892, ra_peak:        3.776, dec_peak:       27.284
Characteristic density local = 5500.0 deg^-2 = 1.528 arcmin^-2
Fitting aperture to hotspot...
Candidate: x_peak:        0.055, y_peak:        1.065, r_peak:        0.050, sig:        6.756, ra_peak:        4.282, dec_peak:       28.345
Characteristic density local = 5825.1 deg^-2 = 1.618 arcmin^-2
Fitting aperture to hotspot...
Candidate: x_peak:        0.175, y_peak:       -0.685, r_peak:        0.040, sig:        6.191, ra_peak:        4.416, dec_peak:       26.595
Characteristic density local = 5500.0 deg^-2 = 1.528 arcmin^-2
Fitting aperture to hotspot...
Candidate: x_peak:        0.935, y_peak:       -0.295, r_peak:        0.030, sig:        5.473, ra_peak:        5.269, dec_peak:       26.981
Distance = 158.5 kpc (m-M = 21.0)
196193 objects left after isochrone cut...
Characteristic density = 5300.0 deg^-2
Characteristic density local = 5300.0 deg^-2 = 1.472 arcmin^-2
Fitting aperture to hotspot...
Candidate: x_peak:       -0.775, y_peak:       -0.285, r_peak:        0.020, sig:       10.287, ra_peak:        3.350, dec_peak:       26.992
Characteristic density local = 5632.1 deg^-2 = 1.564 arcmin^-2
Fitting aperture to hotspot...
Candidate: x_peak:       -0.465, y_peak:       -0.625, r_peak:        0.020, sig:        5.862, ra_peak:        3.700, dec_peak:       26.654
Characteristic density local = 5300.0 deg^-2 = 1.472 arcmin^-2
Fitting aperture to hotspot...
Candidate: x_peak:       -0.395, y_peak:        0.005, r_peak:        0.030, sig:        9.939, ra_peak:        3.776, dec_peak:       27.284
Characteristic density local = 5300.0 deg^-2 = 1.472 arcmin^-2
Fitting aperture to hotspot...
Candidate: x_peak:        0.055, y_peak:        1.055, r_peak:        0.040, sig:        5.788, ra_peak:        4.282, dec_peak:       28.335
Characteristic density local = 5300.0 deg^-2 = 1.472 arcmin^-2
Fitting aperture to hotspot...
Candidate: x_peak:        0.075, y_peak:        0.925, r_peak:        0.050, sig:        4.604, ra_peak:        4.305, dec_peak:       28.205
Characteristic density local = 5610.2 deg^-2 = 1.558 arcmin^-2
Fitting aperture to hotspot...
Candidate: x_peak:        0.175, y_peak:       -0.685, r_peak:        0.040, sig:        6.290, ra_peak:        4.416, dec_peak:       26.595
Characteristic density local = 5300.0 deg^-2 = 1.472 arcmin^-2
Fitting aperture to hotspot...
Candidate: x_peak:        0.935, y_peak:       -0.295, r_peak:        0.030, sig:        5.467, ra_peak:        5.269, dec_peak:       26.981
Distance = 199.5 kpc (m-M = 21.5)
193225 objects left after isochrone cut...
Characteristic density = 5100.0 deg^-2
Characteristic density local = 5100.0 deg^-2 = 1.417 arcmin^-2
Fitting aperture to hotspot...
Candidate: x_peak:       -0.775, y_peak:       -0.285, r_peak:        0.020, sig:       10.440, ra_peak:        3.350, dec_peak:       26.992
Characteristic density local = 5409.3 deg^-2 = 1.503 arcmin^-2
Fitting aperture to hotspot...
Candidate: x_peak:       -0.465, y_peak:       -0.625, r_peak:        0.020, sig:        6.004, ra_peak:        3.700, dec_peak:       26.654
Characteristic density local = 5100.0 deg^-2 = 1.417 arcmin^-2
Fitting aperture to hotspot...
Candidate: x_peak:       -0.395, y_peak:        0.005, r_peak:        0.030, sig:       10.142, ra_peak:        3.776, dec_peak:       27.284
Characteristic density local = 5100.0 deg^-2 = 1.417 arcmin^-2
Fitting aperture to hotspot...
Candidate: x_peak:        0.055, y_peak:        1.055, r_peak:        0.050, sig:        5.759, ra_peak:        4.282, dec_peak:       28.335
Characteristic density local = 5365.5 deg^-2 = 1.490 arcmin^-2
Fitting aperture to hotspot...
Candidate: x_peak:        0.175, y_peak:       -0.685, r_peak:        0.040, sig:        6.428, ra_peak:        4.416, dec_peak:       26.595
Characteristic density local = 5429.2 deg^-2 = 1.508 arcmin^-2
Fitting aperture to hotspot...
Candidate: x_peak:        0.275, y_peak:       -0.145, r_peak:        0.020, sig:        4.265, ra_peak:        4.529, dec_peak:       27.135
Characteristic density local = 5100.0 deg^-2 = 1.417 arcmin^-2
Fitting aperture to hotspot...
Candidate: x_peak:        0.935, y_peak:       -0.295, r_peak:        0.040, sig:        5.279, ra_peak:        5.269, dec_peak:       26.981
Distance = 251.2 kpc (m-M = 22.0)
189753 objects left after isochrone cut...
Characteristic density = 4800.0 deg^-2
Characteristic density local = 4800.0 deg^-2 = 1.333 arcmin^-2
Fitting aperture to hotspot...
Candidate: x_peak:       -0.775, y_peak:       -0.285, r_peak:        0.020, sig:       10.484, ra_peak:        3.350, dec_peak:       26.992
Characteristic density local = 5156.6 deg^-2 = 1.432 arcmin^-2
Fitting aperture to hotspot...
Candidate: x_peak:       -0.465, y_peak:       -0.625, r_peak:        0.020, sig:        5.447, ra_peak:        3.700, dec_peak:       26.654
Characteristic density local = 4800.0 deg^-2 = 1.333 arcmin^-2
Fitting aperture to hotspot...
Candidate: x_peak:       -0.395, y_peak:        0.005, r_peak:        0.030, sig:       10.149, ra_peak:        3.776, dec_peak:       27.284
Characteristic density local = 4800.0 deg^-2 = 1.333 arcmin^-2
Fitting aperture to hotspot...
Candidate: x_peak:        0.065, y_peak:        1.055, r_peak:        0.040, sig:        6.084, ra_peak:        4.294, dec_peak:       28.335
Characteristic density local = 4800.0 deg^-2 = 1.333 arcmin^-2
Fitting aperture to hotspot...
Candidate: x_peak:        0.065, y_peak:        0.925, r_peak:        0.070, sig:        4.884, ra_peak:        4.294, dec_peak:       28.205
Characteristic density local = 5152.6 deg^-2 = 1.431 arcmin^-2
Fitting aperture to hotspot...
Candidate: x_peak:        0.175, y_peak:       -0.695, r_peak:        0.040, sig:        5.665, ra_peak:        4.416, dec_peak:       26.585
Characteristic density local = 5132.7 deg^-2 = 1.426 arcmin^-2
Fitting aperture to hotspot...
Candidate: x_peak:        0.275, y_peak:       -0.145, r_peak:        0.020, sig:        3.912, ra_peak:        4.529, dec_peak:       27.135
Characteristic density local = 4579.7 deg^-2 = 1.272 arcmin^-2
Fitting aperture to hotspot...
Candidate: x_peak:        0.615, y_peak:        0.225, r_peak:        0.290, sig:        5.647, ra_peak:        4.913, dec_peak:       27.503
Characteristic density local = 4800.0 deg^-2 = 1.333 arcmin^-2
Fitting aperture to hotspot...
Candidate: x_peak:        0.935, y_peak:       -0.295, r_peak:        0.040, sig:        5.481, ra_peak:        5.269, dec_peak:       26.981
Distance = 316.2 kpc (m-M = 22.5)
185880 objects left after isochrone cut...
Characteristic density = 4500.0 deg^-2
Characteristic density local = 4500.0 deg^-2 = 1.250 arcmin^-2
Fitting aperture to hotspot...
Candidate: x_peak:       -0.395, y_peak:        0.005, r_peak:        0.030, sig:        9.844, ra_peak:        3.776, dec_peak:       27.284
Characteristic density local = 4342.9 deg^-2 = 1.206 arcmin^-2
Fitting aperture to hotspot...
Candidate: x_peak:       -0.025, y_peak:       -1.295, r_peak:        0.290, sig:        3.147, ra_peak:        4.192, dec_peak:       25.985
Characteristic density local = 5025.3 deg^-2 = 1.396 arcmin^-2
Fitting aperture to hotspot...
Candidate: x_peak:        0.275, y_peak:       -1.035, r_peak:        0.160, sig:        2.606, ra_peak:        4.527, dec_peak:       26.245
Characteristic density local = 4985.5 deg^-2 = 1.385 arcmin^-2
Fitting aperture to hotspot...
Candidate: x_peak:        0.285, y_peak:       -1.025, r_peak:        0.160, sig:        2.578, ra_peak:        4.538, dec_peak:       26.255
Characteristic density local = 5075.1 deg^-2 = 1.410 arcmin^-2
Fitting aperture to hotspot...
Candidate: x_peak:        0.455, y_peak:       -0.675, r_peak:        0.020, sig:        3.672, ra_peak:        4.729, dec_peak:       26.604
Characteristic density local = 4874.1 deg^-2 = 1.354 arcmin^-2
Fitting aperture to hotspot...
Candidate: x_peak:        0.555, y_peak:        0.735, r_peak:        0.040, sig:        3.152, ra_peak:        4.849, dec_peak:       28.014
Characteristic density local = 5198.4 deg^-2 = 1.444 arcmin^-2
Fitting aperture to hotspot...
Candidate: x_peak:        0.495, y_peak:       -0.805, r_peak:        0.080, sig:        1.355, ra_peak:        4.773, dec_peak:       26.474
Characteristic density local = 5254.1 deg^-2 = 1.459 arcmin^-2
Fitting aperture to hotspot...
Candidate: x_peak:        0.515, y_peak:       -0.785, r_peak:        0.070, sig:        1.598, ra_peak:        4.795, dec_peak:       26.494
Characteristic density local = 4800.5 deg^-2 = 1.333 arcmin^-2
Fitting aperture to hotspot...
Candidate: x_peak:        0.655, y_peak:       -0.635, r_peak:        0.050, sig:        2.732, ra_peak:        4.953, dec_peak:       26.643
Distance = 398.1 kpc (m-M = 23.0)
181303 objects left after isochrone cut...
Characteristic density = 4200.0 deg^-2
Characteristic density local = 4200.0 deg^-2 = 1.167 arcmin^-2
Fitting aperture to hotspot...
Candidate: x_peak:       -0.775, y_peak:       -0.285, r_peak:        0.020, sig:       10.188, ra_peak:        3.350, dec_peak:       26.992
Characteristic density local = 4200.0 deg^-2 = 1.167 arcmin^-2
Fitting aperture to hotspot...
Candidate: x_peak:       -0.755, y_peak:       -0.475, r_peak:        0.030, sig:        5.162, ra_peak:        3.374, dec_peak:       26.802
Characteristic density local = 4482.2 deg^-2 = 1.245 arcmin^-2
Fitting aperture to hotspot...
Candidate: x_peak:       -0.475, y_peak:       -0.615, r_peak:        0.020, sig:        5.909, ra_peak:        3.688, dec_peak:       26.664
Characteristic density local = 4200.0 deg^-2 = 1.167 arcmin^-2
Fitting aperture to hotspot...
Candidate: x_peak:       -0.395, y_peak:        0.005, r_peak:        0.030, sig:        9.695, ra_peak:        3.776, dec_peak:       27.284
Characteristic density local = 4200.0 deg^-2 = 1.167 arcmin^-2
Fitting aperture to hotspot...
Candidate: x_peak:        0.055, y_peak:        1.055, r_peak:        0.050, sig:        5.955, ra_peak:        4.282, dec_peak:       28.335
Characteristic density local = 4458.3 deg^-2 = 1.238 arcmin^-2
Fitting aperture to hotspot...
Candidate: x_peak:        0.175, y_peak:       -0.695, r_peak:        0.040, sig:        5.591, ra_peak:        4.416, dec_peak:       26.585
Characteristic density local = 4420.5 deg^-2 = 1.228 arcmin^-2
Fitting aperture to hotspot...
Candidate: x_peak:        0.275, y_peak:       -0.145, r_peak:        0.020, sig:        4.372, ra_peak:        4.529, dec_peak:       27.135
Characteristic density local = 3963.0 deg^-2 = 1.101 arcmin^-2
Fitting aperture to hotspot...
Candidate: x_peak:        0.625, y_peak:        0.225, r_peak:        0.290, sig:        5.227, ra_peak:        4.925, dec_peak:       27.503
Characteristic density local = 4200.0 deg^-2 = 1.167 arcmin^-2
Fitting aperture to hotspot...
Candidate: x_peak:        0.945, y_peak:       -0.295, r_peak:        0.020, sig:        6.118, ra_peak:        5.280, dec_peak:       26.981
10.48 sigma; (RA, Dec, d) = (3.35, 26.99); r = 0.02 deg; d = 251.2, mu = 22.00 mag), mc_source_id: 0.00
10.15 sigma; (RA, Dec, d) = (3.78, 27.28); r = 0.03 deg; d = 251.2, mu = 22.00 mag), mc_source_id: 0.00
6.76 sigma; (RA, Dec, d) = (4.28, 28.35); r = 0.05 deg; d = 125.9, mu = 20.50 mag), mc_source_id: 0.00
6.43 sigma; (RA, Dec, d) = (4.42, 26.59); r = 0.04 deg; d = 199.5, mu = 21.50 mag), mc_source_id: 0.00
6.12 sigma; (RA, Dec, d) = (5.28, 26.98); r = 0.02 deg; d = 398.1, mu = 23.00 mag), mc_source_id: 0.00
6.00 sigma; (RA, Dec, d) = (3.70, 26.65); r = 0.02 deg; d = 199.5, mu = 21.50 mag), mc_source_id: 0.00
5.65 sigma; (RA, Dec, d) = (4.91, 27.50); r = 0.29 deg; d = 251.2, mu = 22.00 mag), mc_source_id: 0.00
5.16 sigma; (RA, Dec, d) = (3.37, 26.80); r = 0.03 deg; d = 398.1, mu = 23.00 mag), mc_source_id: 0.00
4.93 sigma; (RA, Dec, d) = (3.88, 26.93); r = 0.03 deg; d = 50.1, mu = 18.50 mag), mc_source_id: 0.00
4.88 sigma; (RA, Dec, d) = (4.29, 28.20); r = 0.07 deg; d = 251.2, mu = 22.00 mag), mc_source_id: 0.00
4.37 sigma; (RA, Dec, d) = (4.53, 27.13); r = 0.02 deg; d = 398.1, mu = 23.00 mag), mc_source_id: 0.00
3.67 sigma; (RA, Dec, d) = (4.73, 26.60); r = 0.02 deg; d = 316.2, mu = 22.50 mag), mc_source_id: 0.00
3.15 sigma; (RA, Dec, d) = (4.85, 28.01); r = 0.04 deg; d = 316.2, mu = 22.50 mag), mc_source_id: 0.00
3.15 sigma; (RA, Dec, d) = (4.19, 25.98); r = 0.29 deg; d = 316.2, mu = 22.50 mag), mc_source_id: 0.00
2.73 sigma; (RA, Dec, d) = (4.95, 26.64); r = 0.05 deg; d = 316.2, mu = 22.50 mag), mc_source_id: 0.00
2.66 sigma; (RA, Dec, d) = (4.52, 26.23); r = 0.15 deg; d = 100.0, mu = 20.00 mag), mc_source_id: 0.00
2.49 sigma; (RA, Dec, d) = (4.15, 26.29); r = 0.02 deg; d = 39.8, mu = 18.00 mag), mc_source_id: 0.00
1.81 sigma; (RA, Dec, d) = (4.80, 26.49); r = 0.07 deg; d = 39.8, mu = 18.00 mag), mc_source_id: 0.00
1.59 sigma; (RA, Dec, d) = (4.34, 26.31); r = 0.01 deg; d = 79.4, mu = 19.50 mag), mc_source_id: 0.00

------------------------------------------------------------
Job <679022.0> was submitted from <des51.fnal.gov> by user <tavangar>.
Job was executed on host <des40.fnal.gov> as user <tavangar>.
</var/lib/condor/execute/dir_1663010> was used as the initial working directory.
Results reported at Wed Jun  5 02:16:58 CDT 2019

Your job looked like:

------------------------------------------------------------
python /home/s1/tavangar/tavangar_simple/search_algorithm.py 4.22 27.28 0.00 /home/s1/tavangar/tavangar_simple/decals_dr7_results/results_nside_32_3265.csv /home/s1/tavangar/tavangar_simple/decals_dr7_results/decals_dr7_log/results_nside_32_3265.log
------------------------------------------------------------

Successfully completed.

Resource usage summary:

	Real time :			132.70 sec.
	CPU time :			5.04 sec.
	CPU percentage :		92%
	Max Memory :			2286736 KB
	Average Memory :		0 KB

The output (if any) is above this job summary.
