/home/s1/tavangar/tavangar_simple/simple_utils.py:170: FutureWarning: elementwise comparison failed; returning scalar instead, but in the future will perform elementwise comparison
  if np.all(isochrone.stage == 'Main'):
Search coordinates: (RA, Dec) = (215.16, 32.80)
Center healpixel: 2828
Healpixels: [2828 2956 2827 2700 2572 2701 2829 2957 3084]
MC_SOURCE_ID = 0.0
mode = 0: running only on real data
Found 1 objects...
Applying cuts...
460048 star-like objects in ROI...
681686 galaxy-like objects in ROI...
No fracdet map specified ...
Distance = 15.8 kpc (m-M = 16.0)
460033 objects left after isochrone cut...
Characteristic density = 4800.0 deg^-2
Characteristic density local = 5278.0 deg^-2 = 1.466 arcmin^-2
Fitting aperture to hotspot...
Candidate: x_peak:       -0.805, y_peak:       -0.155, r_peak:        0.020, sig:        7.880, ra_peak:      214.204, dec_peak:       32.641
Characteristic density local = 4798.5 deg^-2 = 1.333 arcmin^-2
Fitting aperture to hotspot...
Candidate: x_peak:       -0.605, y_peak:        0.455, r_peak:        0.020, sig:       13.082, ra_peak:      214.437, dec_peak:       33.253
Characteristic density local = 5047.2 deg^-2 = 1.402 arcmin^-2
Fitting aperture to hotspot...
Candidate: x_peak:       -0.445, y_peak:       -0.475, r_peak:        0.030, sig:        7.463, ra_peak:      214.633, dec_peak:       32.324
Characteristic density local = 4800.0 deg^-2 = 1.333 arcmin^-2
Fitting aperture to hotspot...
Candidate: x_peak:       -0.025, y_peak:        0.775, r_peak:        0.020, sig:        6.414, ra_peak:      215.130, dec_peak:       33.575
Characteristic density local = 4456.3 deg^-2 = 1.238 arcmin^-2
Fitting aperture to hotspot...
Candidate: x_peak:        0.065, y_peak:        0.495, r_peak:        0.020, sig:       12.113, ra_peak:      215.238, dec_peak:       33.295
Characteristic density local = 5053.2 deg^-2 = 1.404 arcmin^-2
Fitting aperture to hotspot...
Candidate: x_peak:        0.215, y_peak:       -0.225, r_peak:        0.020, sig:        8.254, ra_peak:      215.415, dec_peak:       32.575
Characteristic density local = 4601.6 deg^-2 = 1.278 arcmin^-2
Fitting aperture to hotspot...
Candidate: x_peak:        0.425, y_peak:       -0.295, r_peak:        0.030, sig:       15.257, ra_peak:      215.664, dec_peak:       32.504
Characteristic density local = 4790.6 deg^-2 = 1.331 arcmin^-2
Fitting aperture to hotspot...
Candidate: x_peak:        0.975, y_peak:       -0.005, r_peak:        0.020, sig:        8.449, ra_peak:      216.320, dec_peak:       32.790
Distance = 20.0 kpc (m-M = 16.5)
460042 objects left after isochrone cut...
Characteristic density = 4800.0 deg^-2
Characteristic density local = 5278.0 deg^-2 = 1.466 arcmin^-2
Fitting aperture to hotspot...
Candidate: x_peak:       -0.805, y_peak:       -0.155, r_peak:        0.020, sig:        7.880, ra_peak:      214.204, dec_peak:       32.641
Characteristic density local = 4798.5 deg^-2 = 1.333 arcmin^-2
Fitting aperture to hotspot...
Candidate: x_peak:       -0.605, y_peak:        0.455, r_peak:        0.020, sig:       13.082, ra_peak:      214.437, dec_peak:       33.253
Characteristic density local = 5047.2 deg^-2 = 1.402 arcmin^-2
Fitting aperture to hotspot...
Candidate: x_peak:       -0.445, y_peak:       -0.475, r_peak:        0.030, sig:        7.463, ra_peak:      214.633, dec_peak:       32.324
Characteristic density local = 4800.0 deg^-2 = 1.333 arcmin^-2
Fitting aperture to hotspot...
Candidate: x_peak:       -0.025, y_peak:        0.775, r_peak:        0.020, sig:        6.414, ra_peak:      215.130, dec_peak:       33.575
Characteristic density local = 4456.3 deg^-2 = 1.238 arcmin^-2
Fitting aperture to hotspot...
Candidate: x_peak:        0.065, y_peak:        0.495, r_peak:        0.020, sig:       12.113, ra_peak:      215.238, dec_peak:       33.295
Characteristic density local = 5053.2 deg^-2 = 1.404 arcmin^-2
Fitting aperture to hotspot...
Candidate: x_peak:        0.215, y_peak:       -0.225, r_peak:        0.020, sig:        8.254, ra_peak:      215.415, dec_peak:       32.575
Characteristic density local = 4601.6 deg^-2 = 1.278 arcmin^-2
Fitting aperture to hotspot...
Candidate: x_peak:        0.425, y_peak:       -0.295, r_peak:        0.030, sig:       15.257, ra_peak:      215.664, dec_peak:       32.504
Characteristic density local = 4790.6 deg^-2 = 1.331 arcmin^-2
Fitting aperture to hotspot...
Candidate: x_peak:        0.975, y_peak:       -0.005, r_peak:        0.020, sig:        8.449, ra_peak:      216.320, dec_peak:       32.790
Distance = 25.1 kpc (m-M = 17.0)
460045 objects left after isochrone cut...
Characteristic density = 4800.0 deg^-2
Characteristic density local = 5278.0 deg^-2 = 1.466 arcmin^-2
Fitting aperture to hotspot...
Candidate: x_peak:       -0.805, y_peak:       -0.155, r_peak:        0.020, sig:        7.880, ra_peak:      214.204, dec_peak:       32.641
Characteristic density local = 4798.5 deg^-2 = 1.333 arcmin^-2
Fitting aperture to hotspot...
Candidate: x_peak:       -0.605, y_peak:        0.455, r_peak:        0.020, sig:       13.082, ra_peak:      214.437, dec_peak:       33.253
Characteristic density local = 5047.2 deg^-2 = 1.402 arcmin^-2
Fitting aperture to hotspot...
Candidate: x_peak:       -0.445, y_peak:       -0.475, r_peak:        0.030, sig:        7.463, ra_peak:      214.633, dec_peak:       32.324
Characteristic density local = 4800.0 deg^-2 = 1.333 arcmin^-2
Fitting aperture to hotspot...
Candidate: x_peak:       -0.025, y_peak:        0.775, r_peak:        0.020, sig:        6.414, ra_peak:      215.130, dec_peak:       33.575
Characteristic density local = 4456.3 deg^-2 = 1.238 arcmin^-2
Fitting aperture to hotspot...
Candidate: x_peak:        0.065, y_peak:        0.495, r_peak:        0.020, sig:       12.113, ra_peak:      215.238, dec_peak:       33.295
Characteristic density local = 5053.2 deg^-2 = 1.404 arcmin^-2
Fitting aperture to hotspot...
Candidate: x_peak:        0.215, y_peak:       -0.225, r_peak:        0.020, sig:        8.254, ra_peak:      215.415, dec_peak:       32.575
Characteristic density local = 4601.6 deg^-2 = 1.278 arcmin^-2
Fitting aperture to hotspot...
Candidate: x_peak:        0.425, y_peak:       -0.295, r_peak:        0.030, sig:       15.257, ra_peak:      215.664, dec_peak:       32.504
Characteristic density local = 4790.6 deg^-2 = 1.331 arcmin^-2
Fitting aperture to hotspot...
Candidate: x_peak:        0.975, y_peak:       -0.005, r_peak:        0.020, sig:        8.449, ra_peak:      216.320, dec_peak:       32.790
Distance = 31.6 kpc (m-M = 17.5)
460039 objects left after isochrone cut...
Characteristic density = 4800.0 deg^-2
Characteristic density local = 5278.0 deg^-2 = 1.466 arcmin^-2
Fitting aperture to hotspot...
Candidate: x_peak:       -0.805, y_peak:       -0.155, r_peak:        0.020, sig:        7.880, ra_peak:      214.204, dec_peak:       32.641
Characteristic density local = 4798.5 deg^-2 = 1.333 arcmin^-2
Fitting aperture to hotspot...
Candidate: x_peak:       -0.605, y_peak:        0.455, r_peak:        0.020, sig:       13.082, ra_peak:      214.437, dec_peak:       33.253
Characteristic density local = 5047.2 deg^-2 = 1.402 arcmin^-2
Fitting aperture to hotspot...
Candidate: x_peak:       -0.445, y_peak:       -0.475, r_peak:        0.030, sig:        7.463, ra_peak:      214.633, dec_peak:       32.324
Characteristic density local = 4800.0 deg^-2 = 1.333 arcmin^-2
Fitting aperture to hotspot...
Candidate: x_peak:       -0.025, y_peak:        0.775, r_peak:        0.020, sig:        6.414, ra_peak:      215.130, dec_peak:       33.575
Characteristic density local = 4456.3 deg^-2 = 1.238 arcmin^-2
Fitting aperture to hotspot...
Candidate: x_peak:        0.065, y_peak:        0.495, r_peak:        0.020, sig:       12.113, ra_peak:      215.238, dec_peak:       33.295
Characteristic density local = 5053.2 deg^-2 = 1.404 arcmin^-2
Fitting aperture to hotspot...
Candidate: x_peak:        0.215, y_peak:       -0.225, r_peak:        0.020, sig:        8.254, ra_peak:      215.415, dec_peak:       32.575
Characteristic density local = 4601.6 deg^-2 = 1.278 arcmin^-2
Fitting aperture to hotspot...
Candidate: x_peak:        0.425, y_peak:       -0.295, r_peak:        0.030, sig:       15.257, ra_peak:      215.664, dec_peak:       32.504
Characteristic density local = 4790.6 deg^-2 = 1.331 arcmin^-2
Fitting aperture to hotspot...
Candidate: x_peak:        0.975, y_peak:       -0.005, r_peak:        0.020, sig:        8.449, ra_peak:      216.320, dec_peak:       32.790
Distance = 39.8 kpc (m-M = 18.0)
459958 objects left after isochrone cut...
Characteristic density = 4800.0 deg^-2
Characteristic density local = 5278.0 deg^-2 = 1.466 arcmin^-2
Fitting aperture to hotspot...
Candidate: x_peak:       -0.805, y_peak:       -0.155, r_peak:        0.020, sig:        7.880, ra_peak:      214.204, dec_peak:       32.641
Characteristic density local = 4798.5 deg^-2 = 1.333 arcmin^-2
Fitting aperture to hotspot...
Candidate: x_peak:       -0.605, y_peak:        0.455, r_peak:        0.020, sig:       13.082, ra_peak:      214.437, dec_peak:       33.253
Characteristic density local = 5047.2 deg^-2 = 1.402 arcmin^-2
Fitting aperture to hotspot...
Candidate: x_peak:       -0.445, y_peak:       -0.475, r_peak:        0.030, sig:        7.463, ra_peak:      214.633, dec_peak:       32.324
Characteristic density local = 4800.0 deg^-2 = 1.333 arcmin^-2
Fitting aperture to hotspot...
Candidate: x_peak:       -0.025, y_peak:        0.775, r_peak:        0.020, sig:        6.414, ra_peak:      215.130, dec_peak:       33.575
Characteristic density local = 4456.3 deg^-2 = 1.238 arcmin^-2
Fitting aperture to hotspot...
Candidate: x_peak:        0.065, y_peak:        0.495, r_peak:        0.020, sig:       12.113, ra_peak:      215.238, dec_peak:       33.295
Characteristic density local = 5053.2 deg^-2 = 1.404 arcmin^-2
Fitting aperture to hotspot...
Candidate: x_peak:        0.215, y_peak:       -0.225, r_peak:        0.020, sig:        8.254, ra_peak:      215.415, dec_peak:       32.575
Characteristic density local = 4601.6 deg^-2 = 1.278 arcmin^-2
Fitting aperture to hotspot...
Candidate: x_peak:        0.425, y_peak:       -0.295, r_peak:        0.030, sig:       15.257, ra_peak:      215.664, dec_peak:       32.504
Characteristic density local = 4790.6 deg^-2 = 1.331 arcmin^-2
Fitting aperture to hotspot...
Candidate: x_peak:        0.975, y_peak:       -0.005, r_peak:        0.020, sig:        8.449, ra_peak:      216.320, dec_peak:       32.790
Distance = 50.1 kpc (m-M = 18.5)
459337 objects left after isochrone cut...
Characteristic density = 4800.0 deg^-2
Characteristic density local = 5266.0 deg^-2 = 1.463 arcmin^-2
Fitting aperture to hotspot...
Candidate: x_peak:       -0.805, y_peak:       -0.155, r_peak:        0.020, sig:        7.888, ra_peak:      214.204, dec_peak:       32.641
Characteristic density local = 4788.6 deg^-2 = 1.330 arcmin^-2
Fitting aperture to hotspot...
Candidate: x_peak:       -0.605, y_peak:        0.455, r_peak:        0.020, sig:       13.091, ra_peak:      214.437, dec_peak:       33.253
Characteristic density local = 5041.2 deg^-2 = 1.400 arcmin^-2
Fitting aperture to hotspot...
Candidate: x_peak:       -0.445, y_peak:       -0.475, r_peak:        0.030, sig:        7.469, ra_peak:      214.633, dec_peak:       32.324
Characteristic density local = 4800.0 deg^-2 = 1.333 arcmin^-2
Fitting aperture to hotspot...
Candidate: x_peak:       -0.025, y_peak:        0.775, r_peak:        0.020, sig:        6.414, ra_peak:      215.130, dec_peak:       33.575
Characteristic density local = 4436.4 deg^-2 = 1.232 arcmin^-2
Fitting aperture to hotspot...
Candidate: x_peak:        0.065, y_peak:        0.495, r_peak:        0.020, sig:       12.131, ra_peak:      215.238, dec_peak:       33.295
Characteristic density local = 5031.3 deg^-2 = 1.398 arcmin^-2
Fitting aperture to hotspot...
Candidate: x_peak:        0.215, y_peak:       -0.225, r_peak:        0.020, sig:        8.270, ra_peak:      215.415, dec_peak:       32.575
Characteristic density local = 4583.7 deg^-2 = 1.273 arcmin^-2
Fitting aperture to hotspot...
Candidate: x_peak:        0.425, y_peak:       -0.295, r_peak:        0.030, sig:       15.279, ra_peak:      215.664, dec_peak:       32.504
Characteristic density local = 4750.8 deg^-2 = 1.320 arcmin^-2
Fitting aperture to hotspot...
Candidate: x_peak:        0.975, y_peak:       -0.005, r_peak:        0.020, sig:        8.479, ra_peak:      216.320, dec_peak:       32.790
Distance = 63.1 kpc (m-M = 19.0)
458064 objects left after isochrone cut...
Characteristic density = 4700.0 deg^-2
Characteristic density local = 5220.3 deg^-2 = 1.450 arcmin^-2
Fitting aperture to hotspot...
Candidate: x_peak:       -0.805, y_peak:       -0.155, r_peak:        0.020, sig:        7.920, ra_peak:      214.204, dec_peak:       32.641
Characteristic density local = 4734.9 deg^-2 = 1.315 arcmin^-2
Fitting aperture to hotspot...
Candidate: x_peak:       -0.605, y_peak:        0.455, r_peak:        0.020, sig:       13.138, ra_peak:      214.437, dec_peak:       33.253
Characteristic density local = 4997.5 deg^-2 = 1.388 arcmin^-2
Fitting aperture to hotspot...
Candidate: x_peak:       -0.445, y_peak:       -0.475, r_peak:        0.030, sig:        7.511, ra_peak:      214.633, dec_peak:       32.324
Characteristic density local = 4700.0 deg^-2 = 1.306 arcmin^-2
Fitting aperture to hotspot...
Candidate: x_peak:       -0.025, y_peak:        0.775, r_peak:        0.020, sig:        6.486, ra_peak:      215.130, dec_peak:       33.575
Characteristic density local = 4378.8 deg^-2 = 1.216 arcmin^-2
Fitting aperture to hotspot...
Candidate: x_peak:        0.065, y_peak:        0.495, r_peak:        0.020, sig:       12.183, ra_peak:      215.238, dec_peak:       33.295
Characteristic density local = 4967.6 deg^-2 = 1.380 arcmin^-2
Fitting aperture to hotspot...
Candidate: x_peak:        0.215, y_peak:       -0.225, r_peak:        0.020, sig:        8.317, ra_peak:      215.415, dec_peak:       32.575
Characteristic density local = 4541.9 deg^-2 = 1.262 arcmin^-2
Fitting aperture to hotspot...
Candidate: x_peak:        0.425, y_peak:       -0.295, r_peak:        0.030, sig:       15.331, ra_peak:      215.664, dec_peak:       32.504
Characteristic density local = 4699.0 deg^-2 = 1.305 arcmin^-2
Fitting aperture to hotspot...
Candidate: x_peak:        0.975, y_peak:       -0.005, r_peak:        0.020, sig:        8.519, ra_peak:      216.320, dec_peak:       32.790
Distance = 79.4 kpc (m-M = 19.5)
456395 objects left after isochrone cut...
Characteristic density = 4700.0 deg^-2
Characteristic density local = 5126.8 deg^-2 = 1.424 arcmin^-2
Fitting aperture to hotspot...
Candidate: x_peak:       -0.795, y_peak:       -0.155, r_peak:        0.020, sig:        7.333, ra_peak:      214.216, dec_peak:       32.641
Characteristic density local = 4655.3 deg^-2 = 1.293 arcmin^-2
Fitting aperture to hotspot...
Candidate: x_peak:       -0.605, y_peak:        0.455, r_peak:        0.020, sig:       13.208, ra_peak:      214.437, dec_peak:       33.253
Characteristic density local = 4923.9 deg^-2 = 1.368 arcmin^-2
Fitting aperture to hotspot...
Candidate: x_peak:       -0.445, y_peak:       -0.475, r_peak:        0.030, sig:        7.583, ra_peak:      214.633, dec_peak:       32.324
Characteristic density local = 4700.0 deg^-2 = 1.306 arcmin^-2
Fitting aperture to hotspot...
Candidate: x_peak:       -0.025, y_peak:        0.775, r_peak:        0.020, sig:        6.486, ra_peak:      215.130, dec_peak:       33.575
Characteristic density local = 4297.2 deg^-2 = 1.194 arcmin^-2
Fitting aperture to hotspot...
Candidate: x_peak:        0.065, y_peak:        0.495, r_peak:        0.020, sig:       12.257, ra_peak:      215.238, dec_peak:       33.295
Characteristic density local = 4874.1 deg^-2 = 1.354 arcmin^-2
Fitting aperture to hotspot...
Candidate: x_peak:        0.215, y_peak:       -0.225, r_peak:        0.020, sig:        8.386, ra_peak:      215.415, dec_peak:       32.575
Characteristic density local = 4456.3 deg^-2 = 1.238 arcmin^-2
Fitting aperture to hotspot...
Candidate: x_peak:        0.425, y_peak:       -0.295, r_peak:        0.030, sig:       15.439, ra_peak:      215.664, dec_peak:       32.504
Characteristic density local = 4617.5 deg^-2 = 1.283 arcmin^-2
Fitting aperture to hotspot...
Candidate: x_peak:        0.975, y_peak:       -0.005, r_peak:        0.020, sig:        8.583, ra_peak:      216.320, dec_peak:       32.790
Distance = 100.0 kpc (m-M = 20.0)
454360 objects left after isochrone cut...
Characteristic density = 4600.0 deg^-2
Characteristic density local = 5053.2 deg^-2 = 1.404 arcmin^-2
Fitting aperture to hotspot...
Candidate: x_peak:       -0.795, y_peak:       -0.155, r_peak:        0.020, sig:        7.384, ra_peak:      214.216, dec_peak:       32.641
Characteristic density local = 4571.7 deg^-2 = 1.270 arcmin^-2
Fitting aperture to hotspot...
Candidate: x_peak:       -0.605, y_peak:        0.455, r_peak:        0.020, sig:       13.284, ra_peak:      214.437, dec_peak:       33.253
Characteristic density local = 4858.2 deg^-2 = 1.350 arcmin^-2
Fitting aperture to hotspot...
Candidate: x_peak:       -0.445, y_peak:       -0.475, r_peak:        0.030, sig:        7.648, ra_peak:      214.633, dec_peak:       32.324
Characteristic density local = 4600.0 deg^-2 = 1.278 arcmin^-2
Fitting aperture to hotspot...
Candidate: x_peak:       -0.025, y_peak:        0.775, r_peak:        0.020, sig:        6.558, ra_peak:      215.130, dec_peak:       33.575
Characteristic density local = 4231.5 deg^-2 = 1.175 arcmin^-2
Fitting aperture to hotspot...
Candidate: x_peak:        0.065, y_peak:        0.495, r_peak:        0.020, sig:       12.318, ra_peak:      215.238, dec_peak:       33.295
Characteristic density local = 4657.3 deg^-2 = 1.294 arcmin^-2
Fitting aperture to hotspot...
Candidate: x_peak:        0.125, y_peak:        0.405, r_peak:        0.020, sig:        6.754, ra_peak:      215.309, dec_peak:       33.205
Characteristic density local = 4816.4 deg^-2 = 1.338 arcmin^-2
Fitting aperture to hotspot...
Candidate: x_peak:        0.215, y_peak:       -0.225, r_peak:        0.020, sig:        8.430, ra_peak:      215.415, dec_peak:       32.575
Characteristic density local = 4410.6 deg^-2 = 1.225 arcmin^-2
Fitting aperture to hotspot...
Candidate: x_peak:        0.425, y_peak:       -0.295, r_peak:        0.030, sig:       15.362, ra_peak:      215.664, dec_peak:       32.504
Characteristic density local = 4514.0 deg^-2 = 1.254 arcmin^-2
Fitting aperture to hotspot...
Candidate: x_peak:        0.975, y_peak:       -0.005, r_peak:        0.020, sig:        8.664, ra_peak:      216.320, dec_peak:       32.790
Distance = 125.9 kpc (m-M = 20.5)
451921 objects left after isochrone cut...
Characteristic density = 4500.0 deg^-2
Characteristic density local = 4977.6 deg^-2 = 1.383 arcmin^-2
Fitting aperture to hotspot...
Candidate: x_peak:       -0.795, y_peak:       -0.155, r_peak:        0.020, sig:        7.438, ra_peak:      214.216, dec_peak:       32.641
Characteristic density local = 4476.2 deg^-2 = 1.243 arcmin^-2
Fitting aperture to hotspot...
Candidate: x_peak:       -0.605, y_peak:        0.455, r_peak:        0.020, sig:       13.371, ra_peak:      214.437, dec_peak:       33.253
Characteristic density local = 4782.6 deg^-2 = 1.329 arcmin^-2
Fitting aperture to hotspot...
Candidate: x_peak:       -0.445, y_peak:       -0.475, r_peak:        0.030, sig:        7.724, ra_peak:      214.633, dec_peak:       32.324
Characteristic density local = 4500.0 deg^-2 = 1.250 arcmin^-2
Fitting aperture to hotspot...
Candidate: x_peak:       -0.025, y_peak:        0.775, r_peak:        0.020, sig:        6.631, ra_peak:      215.130, dec_peak:       33.575
Characteristic density local = 4134.0 deg^-2 = 1.148 arcmin^-2
Fitting aperture to hotspot...
Candidate: x_peak:        0.065, y_peak:        0.495, r_peak:        0.020, sig:       12.409, ra_peak:      215.238, dec_peak:       33.295
Characteristic density local = 4553.8 deg^-2 = 1.265 arcmin^-2
Fitting aperture to hotspot...
Candidate: x_peak:        0.125, y_peak:        0.405, r_peak:        0.020, sig:        6.830, ra_peak:      215.309, dec_peak:       33.205
Characteristic density local = 4711.0 deg^-2 = 1.309 arcmin^-2
Fitting aperture to hotspot...
Candidate: x_peak:        0.215, y_peak:       -0.225, r_peak:        0.020, sig:        8.294, ra_peak:      215.415, dec_peak:       32.575
Characteristic density local = 4329.0 deg^-2 = 1.203 arcmin^-2
Fitting aperture to hotspot...
Candidate: x_peak:        0.425, y_peak:       -0.295, r_peak:        0.030, sig:       15.467, ra_peak:      215.664, dec_peak:       32.504
Characteristic density local = 4416.5 deg^-2 = 1.227 arcmin^-2
Fitting aperture to hotspot...
Candidate: x_peak:        0.975, y_peak:       -0.005, r_peak:        0.020, sig:        8.742, ra_peak:      216.320, dec_peak:       32.790
Distance = 158.5 kpc (m-M = 21.0)
449002 objects left after isochrone cut...
Characteristic density = 4400.0 deg^-2
Characteristic density local = 4840.3 deg^-2 = 1.345 arcmin^-2
Fitting aperture to hotspot...
Candidate: x_peak:       -0.795, y_peak:       -0.155, r_peak:        0.020, sig:        7.537, ra_peak:      214.216, dec_peak:       32.641
Characteristic density local = 4378.8 deg^-2 = 1.216 arcmin^-2
Fitting aperture to hotspot...
Candidate: x_peak:       -0.605, y_peak:        0.455, r_peak:        0.020, sig:       13.462, ra_peak:      214.437, dec_peak:       33.253
Characteristic density local = 4651.3 deg^-2 = 1.292 arcmin^-2
Fitting aperture to hotspot...
Candidate: x_peak:       -0.445, y_peak:       -0.475, r_peak:        0.030, sig:        7.858, ra_peak:      214.633, dec_peak:       32.324
Characteristic density local = 4400.0 deg^-2 = 1.222 arcmin^-2
Fitting aperture to hotspot...
Candidate: x_peak:       -0.025, y_peak:        0.775, r_peak:        0.020, sig:        6.706, ra_peak:      215.130, dec_peak:       33.575
Characteristic density local = 4026.6 deg^-2 = 1.119 arcmin^-2
Fitting aperture to hotspot...
Candidate: x_peak:        0.065, y_peak:        0.495, r_peak:        0.020, sig:       12.512, ra_peak:      215.238, dec_peak:       33.295
Characteristic density local = 4452.4 deg^-2 = 1.237 arcmin^-2
Fitting aperture to hotspot...
Candidate: x_peak:        0.125, y_peak:        0.405, r_peak:        0.020, sig:        6.905, ra_peak:      215.309, dec_peak:       33.205
Characteristic density local = 4605.5 deg^-2 = 1.279 arcmin^-2
Fitting aperture to hotspot...
Candidate: x_peak:        0.215, y_peak:       -0.225, r_peak:        0.020, sig:        8.376, ra_peak:      215.415, dec_peak:       32.575
Characteristic density local = 4201.7 deg^-2 = 1.167 arcmin^-2
Fitting aperture to hotspot...
Candidate: x_peak:        0.425, y_peak:       -0.295, r_peak:        0.030, sig:       15.498, ra_peak:      215.664, dec_peak:       32.504
Characteristic density local = 4301.2 deg^-2 = 1.195 arcmin^-2
Fitting aperture to hotspot...
Candidate: x_peak:        0.975, y_peak:       -0.005, r_peak:        0.020, sig:        8.836, ra_peak:      216.320, dec_peak:       32.790
Distance = 199.5 kpc (m-M = 21.5)
445477 objects left after isochrone cut...
Characteristic density = 4200.0 deg^-2
Characteristic density local = 4653.3 deg^-2 = 1.293 arcmin^-2
Fitting aperture to hotspot...
Candidate: x_peak:       -0.795, y_peak:       -0.155, r_peak:        0.020, sig:        7.676, ra_peak:      214.216, dec_peak:       32.641
Characteristic density local = 4237.5 deg^-2 = 1.177 arcmin^-2
Fitting aperture to hotspot...
Candidate: x_peak:       -0.605, y_peak:        0.455, r_peak:        0.020, sig:       13.596, ra_peak:      214.437, dec_peak:       33.253
Characteristic density local = 4531.9 deg^-2 = 1.259 arcmin^-2
Fitting aperture to hotspot...
Candidate: x_peak:       -0.435, y_peak:       -0.475, r_peak:        0.030, sig:        7.459, ra_peak:      214.645, dec_peak:       32.324
Characteristic density local = 4200.0 deg^-2 = 1.167 arcmin^-2
Fitting aperture to hotspot...
Candidate: x_peak:       -0.025, y_peak:        0.775, r_peak:        0.020, sig:        6.859, ra_peak:      215.130, dec_peak:       33.575
Characteristic density local = 3895.3 deg^-2 = 1.082 arcmin^-2
Fitting aperture to hotspot...
Candidate: x_peak:        0.065, y_peak:        0.495, r_peak:        0.020, sig:       12.451, ra_peak:      215.238, dec_peak:       33.295
Characteristic density local = 4313.1 deg^-2 = 1.198 arcmin^-2
Fitting aperture to hotspot...
Candidate: x_peak:        0.125, y_peak:        0.405, r_peak:        0.020, sig:        7.012, ra_peak:      215.309, dec_peak:       33.205
Characteristic density local = 4450.4 deg^-2 = 1.236 arcmin^-2
Fitting aperture to hotspot...
Candidate: x_peak:        0.215, y_peak:       -0.225, r_peak:        0.020, sig:        8.498, ra_peak:      215.415, dec_peak:       32.575
Characteristic density local = 4066.4 deg^-2 = 1.130 arcmin^-2
Fitting aperture to hotspot...
Candidate: x_peak:        0.425, y_peak:       -0.295, r_peak:        0.030, sig:       15.542, ra_peak:      215.664, dec_peak:       32.504
Characteristic density local = 4152.0 deg^-2 = 1.153 arcmin^-2
Fitting aperture to hotspot...
Candidate: x_peak:        0.975, y_peak:       -0.005, r_peak:        0.020, sig:        8.961, ra_peak:      216.320, dec_peak:       32.790
Distance = 251.2 kpc (m-M = 22.0)
441316 objects left after isochrone cut...
Characteristic density = 4000.0 deg^-2
Characteristic density local = 4476.2 deg^-2 = 1.243 arcmin^-2
Fitting aperture to hotspot...
Candidate: x_peak:       -0.795, y_peak:       -0.155, r_peak:        0.020, sig:        7.812, ra_peak:      214.216, dec_peak:       32.641
Characteristic density local = 4052.5 deg^-2 = 1.126 arcmin^-2
Fitting aperture to hotspot...
Candidate: x_peak:       -0.605, y_peak:        0.455, r_peak:        0.020, sig:       13.777, ra_peak:      214.437, dec_peak:       33.253
Characteristic density local = 4325.0 deg^-2 = 1.201 arcmin^-2
Fitting aperture to hotspot...
Candidate: x_peak:       -0.435, y_peak:       -0.475, r_peak:        0.030, sig:        7.498, ra_peak:      214.645, dec_peak:       32.324
Characteristic density local = 4000.0 deg^-2 = 1.111 arcmin^-2
Fitting aperture to hotspot...
Candidate: x_peak:       -0.025, y_peak:        0.775, r_peak:        0.020, sig:        6.773, ra_peak:      215.130, dec_peak:       33.575
Characteristic density local = 3762.0 deg^-2 = 1.045 arcmin^-2
Fitting aperture to hotspot...
Candidate: x_peak:        0.065, y_peak:        0.495, r_peak:        0.020, sig:       12.392, ra_peak:      215.238, dec_peak:       33.295
Characteristic density local = 4146.0 deg^-2 = 1.152 arcmin^-2
Fitting aperture to hotspot...
Candidate: x_peak:        0.125, y_peak:        0.405, r_peak:        0.020, sig:        7.142, ra_peak:      215.309, dec_peak:       33.205
Characteristic density local = 4303.2 deg^-2 = 1.195 arcmin^-2
Fitting aperture to hotspot...
Candidate: x_peak:        0.215, y_peak:       -0.225, r_peak:        0.020, sig:        8.617, ra_peak:      215.415, dec_peak:       32.575
Characteristic density local = 3899.3 deg^-2 = 1.083 arcmin^-2
Fitting aperture to hotspot...
Candidate: x_peak:        0.425, y_peak:       -0.295, r_peak:        0.030, sig:       15.216, ra_peak:      215.664, dec_peak:       32.504
Characteristic density local = 3994.8 deg^-2 = 1.110 arcmin^-2
Fitting aperture to hotspot...
Candidate: x_peak:        0.975, y_peak:       -0.005, r_peak:        0.020, sig:        9.097, ra_peak:      216.320, dec_peak:       32.790
Distance = 316.2 kpc (m-M = 22.5)
436173 objects left after isochrone cut...
Characteristic density = 3800.0 deg^-2
Characteristic density local = 4243.5 deg^-2 = 1.179 arcmin^-2
Fitting aperture to hotspot...
Candidate: x_peak:       -0.795, y_peak:       -0.155, r_peak:        0.020, sig:        7.996, ra_peak:      214.216, dec_peak:       32.641
Characteristic density local = 3827.7 deg^-2 = 1.063 arcmin^-2
Fitting aperture to hotspot...
Candidate: x_peak:       -0.605, y_peak:        0.455, r_peak:        0.020, sig:       14.007, ra_peak:      214.437, dec_peak:       33.253
Characteristic density local = 4102.2 deg^-2 = 1.140 arcmin^-2
Fitting aperture to hotspot...
Candidate: x_peak:       -0.435, y_peak:       -0.475, r_peak:        0.030, sig:        7.559, ra_peak:      214.645, dec_peak:       32.324
Characteristic density local = 3800.0 deg^-2 = 1.056 arcmin^-2
Fitting aperture to hotspot...
Candidate: x_peak:       -0.025, y_peak:        0.775, r_peak:        0.020, sig:        6.937, ra_peak:      215.130, dec_peak:       33.575
Characteristic density local = 3686.4 deg^-2 = 1.024 arcmin^-2
Fitting aperture to hotspot...
Candidate: x_peak:        0.065, y_peak:        0.485, r_peak:        0.020, sig:       12.853, ra_peak:      215.238, dec_peak:       33.285
Characteristic density local = 3919.2 deg^-2 = 1.089 arcmin^-2
Fitting aperture to hotspot...
Candidate: x_peak:        0.125, y_peak:        0.405, r_peak:        0.020, sig:        7.327, ra_peak:      215.309, dec_peak:       33.205
Characteristic density local = 4104.2 deg^-2 = 1.140 arcmin^-2
Fitting aperture to hotspot...
Candidate: x_peak:        0.215, y_peak:       -0.235, r_peak:        0.020, sig:        8.783, ra_peak:      215.415, dec_peak:       32.565
Characteristic density local = 3712.3 deg^-2 = 1.031 arcmin^-2
Fitting aperture to hotspot...
Candidate: x_peak:        0.425, y_peak:       -0.295, r_peak:        0.030, sig:       15.196, ra_peak:      215.664, dec_peak:       32.504
Characteristic density local = 3791.9 deg^-2 = 1.053 arcmin^-2
Fitting aperture to hotspot...
Candidate: x_peak:        0.975, y_peak:       -0.005, r_peak:        0.020, sig:        9.056, ra_peak:      216.320, dec_peak:       32.790
Distance = 398.1 kpc (m-M = 23.0)
430060 objects left after isochrone cut...
Characteristic density = 3600.0 deg^-2
Characteristic density local = 3949.0 deg^-2 = 1.097 arcmin^-2
Fitting aperture to hotspot...
Candidate: x_peak:       -0.795, y_peak:       -0.155, r_peak:        0.020, sig:        8.010, ra_peak:      214.216, dec_peak:       32.641
Characteristic density local = 3535.2 deg^-2 = 0.982 arcmin^-2
Fitting aperture to hotspot...
Candidate: x_peak:       -0.605, y_peak:        0.455, r_peak:        0.020, sig:       13.954, ra_peak:      214.437, dec_peak:       33.253
Characteristic density local = 3861.5 deg^-2 = 1.073 arcmin^-2
Fitting aperture to hotspot...
Candidate: x_peak:       -0.435, y_peak:       -0.475, r_peak:        0.030, sig:        7.646, ra_peak:      214.645, dec_peak:       32.324
Characteristic density local = 3600.0 deg^-2 = 1.000 arcmin^-2
Fitting aperture to hotspot...
Candidate: x_peak:       -0.025, y_peak:        0.775, r_peak:        0.020, sig:        6.855, ra_peak:      215.130, dec_peak:       33.575
Characteristic density local = 3421.8 deg^-2 = 0.951 arcmin^-2
Fitting aperture to hotspot...
Candidate: x_peak:        0.065, y_peak:        0.485, r_peak:        0.020, sig:       13.136, ra_peak:      215.238, dec_peak:       33.285
Characteristic density local = 3622.8 deg^-2 = 1.006 arcmin^-2
Fitting aperture to hotspot...
Candidate: x_peak:        0.125, y_peak:        0.405, r_peak:        0.020, sig:        7.580, ra_peak:      215.309, dec_peak:       33.205
Characteristic density local = 3861.5 deg^-2 = 1.073 arcmin^-2
Fitting aperture to hotspot...
Candidate: x_peak:        0.215, y_peak:       -0.235, r_peak:        0.020, sig:        8.994, ra_peak:      215.415, dec_peak:       32.565
Characteristic density local = 3451.7 deg^-2 = 0.959 arcmin^-2
Fitting aperture to hotspot...
Candidate: x_peak:        0.425, y_peak:       -0.295, r_peak:        0.030, sig:       15.290, ra_peak:      215.664, dec_peak:       32.504
Characteristic density local = 3537.2 deg^-2 = 0.983 arcmin^-2
Fitting aperture to hotspot...
Candidate: x_peak:        0.975, y_peak:       -0.005, r_peak:        0.020, sig:        9.292, ra_peak:      216.320, dec_peak:       32.790
15.54 sigma; (RA, Dec, d) = (215.66, 32.50); r = 0.03 deg; d = 199.5, mu = 21.50 mag), mc_source_id: 0.00
14.01 sigma; (RA, Dec, d) = (214.44, 33.25); r = 0.02 deg; d = 316.2, mu = 22.50 mag), mc_source_id: 0.00
13.14 sigma; (RA, Dec, d) = (215.24, 33.28); r = 0.02 deg; d = 398.1, mu = 23.00 mag), mc_source_id: 0.00
9.29 sigma; (RA, Dec, d) = (216.32, 32.79); r = 0.02 deg; d = 398.1, mu = 23.00 mag), mc_source_id: 0.00
8.99 sigma; (RA, Dec, d) = (215.42, 32.56); r = 0.02 deg; d = 398.1, mu = 23.00 mag), mc_source_id: 0.00
8.01 sigma; (RA, Dec, d) = (214.22, 32.64); r = 0.02 deg; d = 398.1, mu = 23.00 mag), mc_source_id: 0.00
7.86 sigma; (RA, Dec, d) = (214.63, 32.32); r = 0.03 deg; d = 158.5, mu = 21.00 mag), mc_source_id: 0.00
7.58 sigma; (RA, Dec, d) = (215.31, 33.20); r = 0.02 deg; d = 398.1, mu = 23.00 mag), mc_source_id: 0.00
6.94 sigma; (RA, Dec, d) = (215.13, 33.58); r = 0.02 deg; d = 316.2, mu = 22.50 mag), mc_source_id: 0.00

------------------------------------------------------------
Job <678767.0> was submitted from <des51.fnal.gov> by user <tavangar>.
Job was executed on host <des40.fnal.gov> as user <tavangar>.
</var/lib/condor/execute/dir_1628508> was used as the initial working directory.
Results reported at Wed Jun  5 01:26:06 CDT 2019

Your job looked like:

------------------------------------------------------------
python /home/s1/tavangar/tavangar_simple/search_algorithm.py 215.16 32.80 0.00 /home/s1/tavangar/tavangar_simple/decals_dr7_results/results_nside_32_2828.csv /home/s1/tavangar/tavangar_simple/decals_dr7_results/decals_dr7_log/results_nside_32_2828.log
------------------------------------------------------------

Successfully completed.

Resource usage summary:

	Real time :			199.09 sec.
	CPU time :			5.15 sec.
	CPU percentage :		74%
	Max Memory :			4086512 KB
	Average Memory :		0 KB

The output (if any) is above this job summary.
