/home/s1/tavangar/tavangar_simple/simple_utils.py:170: FutureWarning: elementwise comparison failed; returning scalar instead, but in the future will perform elementwise comparison
  if np.all(isochrone.stage == 'Main'):
Search coordinates: (RA, Dec) = (255.94, 15.71)
Center healpixel: 4507
Healpixels: [4507 4634 4506 4378 4251 4379 4508 4635 4763]
MC_SOURCE_ID = 0.0
mode = 0: running only on real data
Found 1 objects...
Applying cuts...
854256 star-like objects in ROI...
455467 galaxy-like objects in ROI...
No fracdet map specified ...
Distance = 15.8 kpc (m-M = 16.0)
854238 objects left after isochrone cut...
Characteristic density = 16400.0 deg^-2
Characteristic density local = 15700.6 deg^-2 = 4.361 arcmin^-2
Fitting aperture to hotspot...
Candidate: x_peak:       -0.205, y_peak:       -1.045, r_peak:        0.020, sig:        9.291, ra_peak:      255.728, dec_peak:       14.665
Characteristic density local = 16400.0 deg^-2 = 4.556 arcmin^-2
Fitting aperture to hotspot...
Candidate: x_peak:        0.145, y_peak:       -0.355, r_peak:        0.030, sig:        4.677, ra_peak:      256.090, dec_peak:       15.355
Characteristic density local = 16418.8 deg^-2 = 4.561 arcmin^-2
Fitting aperture to hotspot...
Candidate: x_peak:        0.225, y_peak:       -0.865, r_peak:        0.050, sig:        3.738, ra_peak:      256.173, dec_peak:       14.845
Characteristic density local = 15718.5 deg^-2 = 4.366 arcmin^-2
Fitting aperture to hotspot...
Candidate: x_peak:        0.615, y_peak:       -0.495, r_peak:        0.030, sig:        7.675, ra_peak:      256.577, dec_peak:       15.214
Characteristic density local = 16400.0 deg^-2 = 4.556 arcmin^-2
Fitting aperture to hotspot...
Candidate: x_peak:        0.815, y_peak:       -0.135, r_peak:        0.060, sig:        4.475, ra_peak:      256.786, dec_peak:       15.573
Characteristic density local = 16400.0 deg^-2 = 4.556 arcmin^-2
Fitting aperture to hotspot...
Candidate: x_peak:        0.975, y_peak:        0.225, r_peak:        0.060, sig:        4.674, ra_peak:      256.954, dec_peak:       15.933
Characteristic density local = 15485.8 deg^-2 = 4.302 arcmin^-2
Fitting aperture to hotspot...
Candidate: x_peak:        1.055, y_peak:       -0.125, r_peak:        0.290, sig:       10.328, ra_peak:      257.035, dec_peak:       15.582
Characteristic density local = 16400.0 deg^-2 = 4.556 arcmin^-2
Fitting aperture to hotspot...
Candidate: x_peak:        1.165, y_peak:        0.175, r_peak:        0.250, sig:        8.186, ra_peak:      257.151, dec_peak:       15.882
Distance = 20.0 kpc (m-M = 16.5)
854241 objects left after isochrone cut...
Characteristic density = 16400.0 deg^-2
Characteristic density local = 15700.6 deg^-2 = 4.361 arcmin^-2
Fitting aperture to hotspot...
Candidate: x_peak:       -0.205, y_peak:       -1.045, r_peak:        0.020, sig:        9.291, ra_peak:      255.728, dec_peak:       14.665
Characteristic density local = 16400.0 deg^-2 = 4.556 arcmin^-2
Fitting aperture to hotspot...
Candidate: x_peak:        0.145, y_peak:       -0.355, r_peak:        0.030, sig:        4.677, ra_peak:      256.090, dec_peak:       15.355
Characteristic density local = 16418.8 deg^-2 = 4.561 arcmin^-2
Fitting aperture to hotspot...
Candidate: x_peak:        0.225, y_peak:       -0.865, r_peak:        0.050, sig:        3.738, ra_peak:      256.173, dec_peak:       14.845
Characteristic density local = 15718.5 deg^-2 = 4.366 arcmin^-2
Fitting aperture to hotspot...
Candidate: x_peak:        0.615, y_peak:       -0.495, r_peak:        0.030, sig:        7.675, ra_peak:      256.577, dec_peak:       15.214
Characteristic density local = 16400.0 deg^-2 = 4.556 arcmin^-2
Fitting aperture to hotspot...
Candidate: x_peak:        0.815, y_peak:       -0.135, r_peak:        0.060, sig:        4.475, ra_peak:      256.786, dec_peak:       15.573
Characteristic density local = 16400.0 deg^-2 = 4.556 arcmin^-2
Fitting aperture to hotspot...
Candidate: x_peak:        0.975, y_peak:        0.225, r_peak:        0.060, sig:        4.674, ra_peak:      256.954, dec_peak:       15.933
Characteristic density local = 15485.8 deg^-2 = 4.302 arcmin^-2
Fitting aperture to hotspot...
Candidate: x_peak:        1.055, y_peak:       -0.125, r_peak:        0.290, sig:       10.328, ra_peak:      257.035, dec_peak:       15.582
Characteristic density local = 16400.0 deg^-2 = 4.556 arcmin^-2
Fitting aperture to hotspot...
Candidate: x_peak:        1.165, y_peak:        0.175, r_peak:        0.250, sig:        8.186, ra_peak:      257.151, dec_peak:       15.882
Distance = 25.1 kpc (m-M = 17.0)
854246 objects left after isochrone cut...
Characteristic density = 16400.0 deg^-2
Characteristic density local = 15700.6 deg^-2 = 4.361 arcmin^-2
Fitting aperture to hotspot...
Candidate: x_peak:       -0.205, y_peak:       -1.045, r_peak:        0.020, sig:        9.291, ra_peak:      255.728, dec_peak:       14.665
Characteristic density local = 16400.0 deg^-2 = 4.556 arcmin^-2
Fitting aperture to hotspot...
Candidate: x_peak:        0.145, y_peak:       -0.355, r_peak:        0.030, sig:        4.677, ra_peak:      256.090, dec_peak:       15.355
Characteristic density local = 16418.8 deg^-2 = 4.561 arcmin^-2
Fitting aperture to hotspot...
Candidate: x_peak:        0.225, y_peak:       -0.865, r_peak:        0.050, sig:        3.738, ra_peak:      256.173, dec_peak:       14.845
Characteristic density local = 15718.5 deg^-2 = 4.366 arcmin^-2
Fitting aperture to hotspot...
Candidate: x_peak:        0.615, y_peak:       -0.495, r_peak:        0.030, sig:        7.675, ra_peak:      256.577, dec_peak:       15.214
Characteristic density local = 16400.0 deg^-2 = 4.556 arcmin^-2
Fitting aperture to hotspot...
Candidate: x_peak:        0.815, y_peak:       -0.135, r_peak:        0.060, sig:        4.475, ra_peak:      256.786, dec_peak:       15.573
Characteristic density local = 16400.0 deg^-2 = 4.556 arcmin^-2
Fitting aperture to hotspot...
Candidate: x_peak:        0.975, y_peak:        0.225, r_peak:        0.060, sig:        4.674, ra_peak:      256.954, dec_peak:       15.933
Characteristic density local = 15485.8 deg^-2 = 4.302 arcmin^-2
Fitting aperture to hotspot...
Candidate: x_peak:        1.055, y_peak:       -0.125, r_peak:        0.290, sig:       10.328, ra_peak:      257.035, dec_peak:       15.582
Characteristic density local = 16400.0 deg^-2 = 4.556 arcmin^-2
Fitting aperture to hotspot...
Candidate: x_peak:        1.165, y_peak:        0.175, r_peak:        0.250, sig:        8.186, ra_peak:      257.151, dec_peak:       15.882
Distance = 31.6 kpc (m-M = 17.5)
854235 objects left after isochrone cut...
Characteristic density = 16400.0 deg^-2
Characteristic density local = 15700.6 deg^-2 = 4.361 arcmin^-2
Fitting aperture to hotspot...
Candidate: x_peak:       -0.205, y_peak:       -1.045, r_peak:        0.020, sig:        9.291, ra_peak:      255.728, dec_peak:       14.665
Characteristic density local = 16400.0 deg^-2 = 4.556 arcmin^-2
Fitting aperture to hotspot...
Candidate: x_peak:        0.145, y_peak:       -0.355, r_peak:        0.030, sig:        4.677, ra_peak:      256.090, dec_peak:       15.355
Characteristic density local = 16416.8 deg^-2 = 4.560 arcmin^-2
Fitting aperture to hotspot...
Candidate: x_peak:        0.225, y_peak:       -0.865, r_peak:        0.050, sig:        3.740, ra_peak:      256.173, dec_peak:       14.845
Characteristic density local = 15716.6 deg^-2 = 4.366 arcmin^-2
Fitting aperture to hotspot...
Candidate: x_peak:        0.615, y_peak:       -0.495, r_peak:        0.030, sig:        7.676, ra_peak:      256.577, dec_peak:       15.214
Characteristic density local = 16400.0 deg^-2 = 4.556 arcmin^-2
Fitting aperture to hotspot...
Candidate: x_peak:        0.815, y_peak:       -0.135, r_peak:        0.060, sig:        4.475, ra_peak:      256.786, dec_peak:       15.573
Characteristic density local = 16400.0 deg^-2 = 4.556 arcmin^-2
Fitting aperture to hotspot...
Candidate: x_peak:        0.975, y_peak:        0.225, r_peak:        0.060, sig:        4.674, ra_peak:      256.954, dec_peak:       15.933
Characteristic density local = 15485.8 deg^-2 = 4.302 arcmin^-2
Fitting aperture to hotspot...
Candidate: x_peak:        1.055, y_peak:       -0.125, r_peak:        0.290, sig:       10.328, ra_peak:      257.035, dec_peak:       15.582
Characteristic density local = 16400.0 deg^-2 = 4.556 arcmin^-2
Fitting aperture to hotspot...
Candidate: x_peak:        1.165, y_peak:        0.175, r_peak:        0.250, sig:        8.186, ra_peak:      257.151, dec_peak:       15.882
Distance = 39.8 kpc (m-M = 18.0)
853989 objects left after isochrone cut...
Characteristic density = 16400.0 deg^-2
Characteristic density local = 15700.6 deg^-2 = 4.361 arcmin^-2
Fitting aperture to hotspot...
Candidate: x_peak:       -0.205, y_peak:       -1.045, r_peak:        0.020, sig:        9.291, ra_peak:      255.728, dec_peak:       14.665
Characteristic density local = 16400.0 deg^-2 = 4.556 arcmin^-2
Fitting aperture to hotspot...
Candidate: x_peak:        0.145, y_peak:       -0.355, r_peak:        0.030, sig:        4.677, ra_peak:      256.090, dec_peak:       15.355
Characteristic density local = 16416.8 deg^-2 = 4.560 arcmin^-2
Fitting aperture to hotspot...
Candidate: x_peak:        0.225, y_peak:       -0.865, r_peak:        0.050, sig:        3.740, ra_peak:      256.173, dec_peak:       14.845
Characteristic density local = 15716.6 deg^-2 = 4.366 arcmin^-2
Fitting aperture to hotspot...
Candidate: x_peak:        0.615, y_peak:       -0.495, r_peak:        0.030, sig:        7.676, ra_peak:      256.577, dec_peak:       15.214
Characteristic density local = 16400.0 deg^-2 = 4.556 arcmin^-2
Fitting aperture to hotspot...
Candidate: x_peak:        0.815, y_peak:       -0.135, r_peak:        0.060, sig:        4.475, ra_peak:      256.786, dec_peak:       15.573
Characteristic density local = 16400.0 deg^-2 = 4.556 arcmin^-2
Fitting aperture to hotspot...
Candidate: x_peak:        0.975, y_peak:        0.225, r_peak:        0.060, sig:        4.674, ra_peak:      256.954, dec_peak:       15.933
Characteristic density local = 15485.8 deg^-2 = 4.302 arcmin^-2
Fitting aperture to hotspot...
Candidate: x_peak:        1.055, y_peak:       -0.125, r_peak:        0.290, sig:       10.328, ra_peak:      257.035, dec_peak:       15.582
Characteristic density local = 16400.0 deg^-2 = 4.556 arcmin^-2
Fitting aperture to hotspot...
Candidate: x_peak:        1.165, y_peak:        0.175, r_peak:        0.250, sig:        8.186, ra_peak:      257.151, dec_peak:       15.882
Distance = 50.1 kpc (m-M = 18.5)
852603 objects left after isochrone cut...
Characteristic density = 16300.0 deg^-2
Characteristic density local = 15670.8 deg^-2 = 4.353 arcmin^-2
Fitting aperture to hotspot...
Candidate: x_peak:       -0.205, y_peak:       -1.045, r_peak:        0.020, sig:        9.160, ra_peak:      255.728, dec_peak:       14.665
Characteristic density local = 16300.0 deg^-2 = 4.528 arcmin^-2
Fitting aperture to hotspot...
Candidate: x_peak:        0.145, y_peak:       -0.355, r_peak:        0.020, sig:        4.617, ra_peak:      256.090, dec_peak:       15.355
Characteristic density local = 15666.8 deg^-2 = 4.352 arcmin^-2
Fitting aperture to hotspot...
Candidate: x_peak:        0.615, y_peak:       -0.495, r_peak:        0.030, sig:        7.589, ra_peak:      256.577, dec_peak:       15.214
Characteristic density local = 16300.0 deg^-2 = 4.528 arcmin^-2
Fitting aperture to hotspot...
Candidate: x_peak:        0.815, y_peak:       -0.135, r_peak:        0.060, sig:        4.562, ra_peak:      256.786, dec_peak:       15.573
Characteristic density local = 16300.0 deg^-2 = 4.528 arcmin^-2
Fitting aperture to hotspot...
Candidate: x_peak:        0.975, y_peak:        0.225, r_peak:        0.060, sig:        4.762, ra_peak:      256.954, dec_peak:       15.933
Characteristic density local = 15463.9 deg^-2 = 4.296 arcmin^-2
Fitting aperture to hotspot...
Candidate: x_peak:        1.055, y_peak:       -0.125, r_peak:        0.290, sig:       10.362, ra_peak:      257.035, dec_peak:       15.582
Distance = 63.1 kpc (m-M = 19.0)
847952 objects left after isochrone cut...
Characteristic density = 16100.0 deg^-2
Characteristic density local = 15483.8 deg^-2 = 4.301 arcmin^-2
Fitting aperture to hotspot...
Candidate: x_peak:       -0.205, y_peak:       -1.045, r_peak:        0.020, sig:        9.086, ra_peak:      255.728, dec_peak:       14.665
Characteristic density local = 16100.0 deg^-2 = 4.472 arcmin^-2
Fitting aperture to hotspot...
Candidate: x_peak:        0.145, y_peak:       -0.355, r_peak:        0.030, sig:        4.694, ra_peak:      256.090, dec_peak:       15.355
Characteristic density local = 15499.7 deg^-2 = 4.305 arcmin^-2
Fitting aperture to hotspot...
Candidate: x_peak:        0.615, y_peak:       -0.495, r_peak:        0.030, sig:        7.673, ra_peak:      256.577, dec_peak:       15.214
Characteristic density local = 16100.0 deg^-2 = 4.472 arcmin^-2
Fitting aperture to hotspot...
Candidate: x_peak:        0.815, y_peak:       -0.135, r_peak:        0.060, sig:        4.472, ra_peak:      256.786, dec_peak:       15.573
Characteristic density local = 16100.0 deg^-2 = 4.472 arcmin^-2
Fitting aperture to hotspot...
Candidate: x_peak:        0.975, y_peak:        0.235, r_peak:        0.040, sig:        4.598, ra_peak:      256.954, dec_peak:       15.943
Characteristic density local = 15266.9 deg^-2 = 4.241 arcmin^-2
Fitting aperture to hotspot...
Candidate: x_peak:        1.055, y_peak:       -0.125, r_peak:        0.290, sig:       10.321, ra_peak:      257.035, dec_peak:       15.582
Distance = 79.4 kpc (m-M = 19.5)
840745 objects left after isochrone cut...
Characteristic density = 15900.0 deg^-2
Characteristic density local = 15245.1 deg^-2 = 4.235 arcmin^-2
Fitting aperture to hotspot...
Candidate: x_peak:       -0.205, y_peak:       -1.045, r_peak:        0.020, sig:        9.175, ra_peak:      255.728, dec_peak:       14.665
Characteristic density local = 15197.3 deg^-2 = 4.221 arcmin^-2
Fitting aperture to hotspot...
Candidate: x_peak:        0.615, y_peak:       -0.495, r_peak:        0.030, sig:        7.826, ra_peak:      256.577, dec_peak:       15.214
Characteristic density local = 15900.0 deg^-2 = 4.417 arcmin^-2
Fitting aperture to hotspot...
Candidate: x_peak:        0.815, y_peak:       -0.135, r_peak:        0.060, sig:        4.312, ra_peak:      256.786, dec_peak:       15.573
Characteristic density local = 15900.0 deg^-2 = 4.417 arcmin^-2
Fitting aperture to hotspot...
Candidate: x_peak:        0.975, y_peak:        0.235, r_peak:        0.040, sig:        4.623, ra_peak:      256.954, dec_peak:       15.943
Characteristic density local = 14988.4 deg^-2 = 4.163 arcmin^-2
Fitting aperture to hotspot...
Candidate: x_peak:        1.055, y_peak:       -0.125, r_peak:        0.290, sig:       10.194, ra_peak:      257.035, dec_peak:       15.582
Distance = 100.0 kpc (m-M = 20.0)
831128 objects left after isochrone cut...
Characteristic density = 15400.0 deg^-2
Characteristic density local = 14879.0 deg^-2 = 4.133 arcmin^-2
Fitting aperture to hotspot...
Candidate: x_peak:       -0.205, y_peak:       -1.045, r_peak:        0.020, sig:        9.314, ra_peak:      255.728, dec_peak:       14.665
Characteristic density local = 14861.1 deg^-2 = 4.128 arcmin^-2
Fitting aperture to hotspot...
Candidate: x_peak:        0.615, y_peak:       -0.495, r_peak:        0.030, sig:        7.544, ra_peak:      256.577, dec_peak:       15.214
Characteristic density local = 15400.0 deg^-2 = 4.278 arcmin^-2
Fitting aperture to hotspot...
Candidate: x_peak:        0.815, y_peak:       -0.135, r_peak:        0.080, sig:        4.476, ra_peak:      256.786, dec_peak:       15.573
Characteristic density local = 15400.0 deg^-2 = 4.278 arcmin^-2
Fitting aperture to hotspot...
Candidate: x_peak:        0.975, y_peak:        0.235, r_peak:        0.040, sig:        4.834, ra_peak:      256.954, dec_peak:       15.943
Characteristic density local = 14783.5 deg^-2 = 4.107 arcmin^-2
Fitting aperture to hotspot...
Candidate: x_peak:        1.065, y_peak:       -0.125, r_peak:        0.290, sig:        9.959, ra_peak:      257.046, dec_peak:       15.582
Distance = 125.9 kpc (m-M = 20.5)
818999 objects left after isochrone cut...
Characteristic density = 14900.0 deg^-2
Characteristic density local = 14407.5 deg^-2 = 4.002 arcmin^-2
Fitting aperture to hotspot...
Candidate: x_peak:       -0.205, y_peak:       -1.045, r_peak:        0.020, sig:        9.497, ra_peak:      255.728, dec_peak:       14.665
Characteristic density local = 14363.7 deg^-2 = 3.990 arcmin^-2
Fitting aperture to hotspot...
Candidate: x_peak:        0.615, y_peak:       -0.495, r_peak:        0.030, sig:        7.803, ra_peak:      256.577, dec_peak:       15.214
Characteristic density local = 14900.0 deg^-2 = 4.139 arcmin^-2
Fitting aperture to hotspot...
Candidate: x_peak:        0.815, y_peak:       -0.135, r_peak:        0.080, sig:        4.813, ra_peak:      256.786, dec_peak:       15.573
Characteristic density local = 14900.0 deg^-2 = 4.139 arcmin^-2
Fitting aperture to hotspot...
Candidate: x_peak:        0.975, y_peak:        0.235, r_peak:        0.040, sig:        4.757, ra_peak:      256.954, dec_peak:       15.943
Distance = 158.5 kpc (m-M = 21.0)
803681 objects left after isochrone cut...
Characteristic density = 14300.0 deg^-2
Characteristic density local = 13749.0 deg^-2 = 3.819 arcmin^-2
Fitting aperture to hotspot...
Candidate: x_peak:       -0.205, y_peak:       -1.045, r_peak:        0.020, sig:        9.759, ra_peak:      255.728, dec_peak:       14.665
Characteristic density local = 13751.0 deg^-2 = 3.820 arcmin^-2
Fitting aperture to hotspot...
Candidate: x_peak:        0.615, y_peak:       -0.495, r_peak:        0.030, sig:        8.131, ra_peak:      256.577, dec_peak:       15.214
Characteristic density local = 14300.0 deg^-2 = 3.972 arcmin^-2
Fitting aperture to hotspot...
Candidate: x_peak:        0.805, y_peak:       -0.145, r_peak:        0.090, sig:        4.967, ra_peak:      256.776, dec_peak:       15.563
Characteristic density local = 14300.0 deg^-2 = 3.972 arcmin^-2
Fitting aperture to hotspot...
Candidate: x_peak:        0.975, y_peak:        0.235, r_peak:        0.040, sig:        4.440, ra_peak:      256.954, dec_peak:       15.943
Characteristic density local = 13492.4 deg^-2 = 3.748 arcmin^-2
Fitting aperture to hotspot...
Candidate: x_peak:        1.055, y_peak:       -0.125, r_peak:        0.290, sig:       10.909, ra_peak:      257.035, dec_peak:       15.582
Distance = 199.5 kpc (m-M = 21.5)
785450 objects left after isochrone cut...
Characteristic density = 13600.0 deg^-2
Characteristic density local = 13600.0 deg^-2 = 3.778 arcmin^-2
Fitting aperture to hotspot...
Candidate: x_peak:       -0.515, y_peak:       -0.735, r_peak:        0.040, sig:        5.504, ra_peak:      255.407, dec_peak:       14.974
Characteristic density local = 13078.6 deg^-2 = 3.633 arcmin^-2
Fitting aperture to hotspot...
Candidate: x_peak:       -0.205, y_peak:       -1.045, r_peak:        0.020, sig:        9.889, ra_peak:      255.728, dec_peak:       14.665
Characteristic density local = 13492.4 deg^-2 = 3.748 arcmin^-2
Fitting aperture to hotspot...
Candidate: x_peak:        0.215, y_peak:       -0.855, r_peak:        0.060, sig:        4.370, ra_peak:      256.162, dec_peak:       14.855
Characteristic density local = 12746.3 deg^-2 = 3.541 arcmin^-2
Fitting aperture to hotspot...
Candidate: x_peak:        0.605, y_peak:       -0.485, r_peak:        0.020, sig:       10.905, ra_peak:      256.567, dec_peak:       15.224
Characteristic density local = 13600.0 deg^-2 = 3.778 arcmin^-2
Fitting aperture to hotspot...
Candidate: x_peak:        0.805, y_peak:       -0.145, r_peak:        0.090, sig:        4.628, ra_peak:      256.776, dec_peak:       15.563
Distance = 251.2 kpc (m-M = 22.0)
763925 objects left after isochrone cut...
Characteristic density = 12700.0 deg^-2
Characteristic density local = 12700.0 deg^-2 = 3.528 arcmin^-2
Fitting aperture to hotspot...
Candidate: x_peak:       -0.515, y_peak:       -0.745, r_peak:        0.040, sig:        5.614, ra_peak:      255.407, dec_peak:       14.964
Characteristic density local = 12300.7 deg^-2 = 3.417 arcmin^-2
Fitting aperture to hotspot...
Candidate: x_peak:       -0.205, y_peak:       -1.045, r_peak:        0.020, sig:        9.924, ra_peak:      255.728, dec_peak:       14.665
Characteristic density local = 12605.1 deg^-2 = 3.501 arcmin^-2
Fitting aperture to hotspot...
Candidate: x_peak:        0.225, y_peak:       -0.855, r_peak:        0.010, sig:        4.135, ra_peak:      256.173, dec_peak:       14.855
Characteristic density local = 11916.7 deg^-2 = 3.310 arcmin^-2
Fitting aperture to hotspot...
Candidate: x_peak:        0.605, y_peak:       -0.485, r_peak:        0.020, sig:       11.132, ra_peak:      256.567, dec_peak:       15.224
Characteristic density local = 12700.0 deg^-2 = 3.528 arcmin^-2
Fitting aperture to hotspot...
Candidate: x_peak:        0.805, y_peak:       -0.145, r_peak:        0.090, sig:        4.772, ra_peak:      256.776, dec_peak:       15.563
Distance = 316.2 kpc (m-M = 22.5)
739011 objects left after isochrone cut...
Characteristic density = 11700.0 deg^-2
Characteristic density local = 11700.0 deg^-2 = 3.250 arcmin^-2
Fitting aperture to hotspot...
Candidate: x_peak:       -0.515, y_peak:       -0.745, r_peak:        0.040, sig:        6.334, ra_peak:      255.407, dec_peak:       14.964
Characteristic density local = 11393.5 deg^-2 = 3.165 arcmin^-2
Fitting aperture to hotspot...
Candidate: x_peak:       -0.205, y_peak:       -1.045, r_peak:        0.020, sig:       10.027, ra_peak:      255.728, dec_peak:       14.665
Characteristic density local = 11700.0 deg^-2 = 3.250 arcmin^-2
Fitting aperture to hotspot...
Candidate: x_peak:        0.135, y_peak:       -0.355, r_peak:        0.030, sig:        5.264, ra_peak:      256.080, dec_peak:       15.355
Characteristic density local = 10924.0 deg^-2 = 3.034 arcmin^-2
Fitting aperture to hotspot...
Candidate: x_peak:        0.605, y_peak:       -0.485, r_peak:        0.020, sig:       11.454, ra_peak:      256.567, dec_peak:       15.224
Characteristic density local = 11700.0 deg^-2 = 3.250 arcmin^-2
Fitting aperture to hotspot...
Candidate: x_peak:        0.805, y_peak:       -0.145, r_peak:        0.090, sig:        4.606, ra_peak:      256.776, dec_peak:       15.563
Characteristic density local = 11228.4 deg^-2 = 3.119 arcmin^-2
Fitting aperture to hotspot...
Candidate: x_peak:        1.065, y_peak:       -0.125, r_peak:        0.290, sig:        8.556, ra_peak:      257.046, dec_peak:       15.582
Distance = 398.1 kpc (m-M = 23.0)
710444 objects left after isochrone cut...
Characteristic density = 10600.0 deg^-2
Characteristic density local = 10600.0 deg^-2 = 2.944 arcmin^-2
Fitting aperture to hotspot...
Candidate: x_peak:       -0.525, y_peak:       -0.745, r_peak:        0.030, sig:        7.771, ra_peak:      255.397, dec_peak:       14.964
Characteristic density local = 10243.6 deg^-2 = 2.845 arcmin^-2
Fitting aperture to hotspot...
Candidate: x_peak:       -0.205, y_peak:       -1.045, r_peak:        0.020, sig:       10.420, ra_peak:      255.728, dec_peak:       14.665
Characteristic density local = 9770.1 deg^-2 = 2.714 arcmin^-2
Fitting aperture to hotspot...
Candidate: x_peak:        0.605, y_peak:       -0.485, r_peak:        0.020, sig:       11.891, ra_peak:      256.567, dec_peak:       15.224
Characteristic density local = 10600.0 deg^-2 = 2.944 arcmin^-2
Fitting aperture to hotspot...
Candidate: x_peak:        0.805, y_peak:       -0.145, r_peak:        0.040, sig:        4.307, ra_peak:      256.776, dec_peak:       15.563
Characteristic density local = 9656.7 deg^-2 = 2.682 arcmin^-2
Fitting aperture to hotspot...
Candidate: x_peak:        0.915, y_peak:       -0.305, r_peak:        0.240, sig:       10.285, ra_peak:      256.889, dec_peak:       15.403
Characteristic density local = 10193.9 deg^-2 = 2.832 arcmin^-2
Fitting aperture to hotspot...
Candidate: x_peak:        1.065, y_peak:       -0.115, r_peak:        0.280, sig:        7.706, ra_peak:      257.046, dec_peak:       15.592
Characteristic density local = 10600.0 deg^-2 = 2.944 arcmin^-2
Fitting aperture to hotspot...
Candidate: x_peak:        1.165, y_peak:        0.175, r_peak:        0.250, sig:        7.977, ra_peak:      257.151, dec_peak:       15.882
Characteristic density local = 11339.8 deg^-2 = 3.150 arcmin^-2
Fitting aperture to hotspot...
Candidate: x_peak:        1.205, y_peak:       -0.015, r_peak:        0.010, sig:        3.043, ra_peak:      257.192, dec_peak:       15.691
Characteristic density local = 11650.1 deg^-2 = 3.236 arcmin^-2
Fitting aperture to hotspot...
Candidate: x_peak:        1.255, y_peak:        0.025, r_peak:        0.020, sig:        2.605, ra_peak:      257.244, dec_peak:       15.731
11.89 sigma; (RA, Dec, d) = (256.57, 15.22); r = 0.02 deg; d = 398.1, mu = 23.00 mag), mc_source_id: 0.00
10.91 sigma; (RA, Dec, d) = (257.04, 15.58); r = 0.29 deg; d = 158.5, mu = 21.00 mag), mc_source_id: 0.00
10.42 sigma; (RA, Dec, d) = (255.73, 14.66); r = 0.02 deg; d = 398.1, mu = 23.00 mag), mc_source_id: 0.00
8.19 sigma; (RA, Dec, d) = (257.15, 15.88); r = 0.25 deg; d = 20.0, mu = 16.50 mag), mc_source_id: 0.00
7.77 sigma; (RA, Dec, d) = (255.40, 14.96); r = 0.03 deg; d = 398.1, mu = 23.00 mag), mc_source_id: 0.00
5.26 sigma; (RA, Dec, d) = (256.08, 15.35); r = 0.03 deg; d = 316.2, mu = 22.50 mag), mc_source_id: 0.00
4.37 sigma; (RA, Dec, d) = (256.16, 14.85); r = 0.06 deg; d = 199.5, mu = 21.50 mag), mc_source_id: 0.00

------------------------------------------------------------
Job <679843.0> was submitted from <des51.fnal.gov> by user <tavangar>.
Job was executed on host <des40.fnal.gov> as user <tavangar>.
</var/lib/condor/execute/dir_1815350> was used as the initial working directory.
Results reported at Wed Jun  5 06:27:47 CDT 2019

Your job looked like:

------------------------------------------------------------
python /home/s1/tavangar/tavangar_simple/search_algorithm.py 255.94 15.71 0.00 /home/s1/tavangar/tavangar_simple/decals_dr7_results/results_nside_32_4507.csv /home/s1/tavangar/tavangar_simple/decals_dr7_results/decals_dr7_log/results_nside_32_4507.log
------------------------------------------------------------

Successfully completed.

Resource usage summary:

	Real time :			354.02 sec.
	CPU time :			43.99 sec.
	CPU percentage :		81%
	Max Memory :			4632544 KB
	Average Memory :		0 KB

The output (if any) is above this job summary.
