/home/s1/tavangar/tavangar_simple/simple_utils.py:170: FutureWarning: elementwise comparison failed; returning scalar instead, but in the future will perform elementwise comparison
  if np.all(isochrone.stage == 'Main'):
Search coordinates: (RA, Dec) = (0.00, 3.58)
Center healpixel: 5696
Healpixels: [5696 5951 5823 5695 5440 5568 5697 5824 5952]
MC_SOURCE_ID = 0.0
mode = 0: running only on real data
Found 1 objects...
Applying cuts...
673844 star-like objects in ROI...
1088931 galaxy-like objects in ROI...
No fracdet map specified ...
Distance = 15.8 kpc (m-M = 16.0)
673814 objects left after isochrone cut...
Characteristic density = 4200.0 deg^-2
Characteristic density local = 4472.3 deg^-2 = 1.242 arcmin^-2
Fitting aperture to hotspot...
Candidate: x_peak:       -1.105, y_peak:       -0.075, r_peak:        0.020, sig:       11.912, ra_peak:      358.893, dec_peak:        3.504
Characteristic density local = 4927.8 deg^-2 = 1.369 arcmin^-2
Fitting aperture to hotspot...
Candidate: x_peak:       -0.805, y_peak:        0.165, r_peak:        0.020, sig:        8.131, ra_peak:      359.193, dec_peak:        3.745
Characteristic density local = 4494.1 deg^-2 = 1.248 arcmin^-2
Fitting aperture to hotspot...
Candidate: x_peak:       -0.725, y_peak:       -0.515, r_peak:        0.020, sig:       12.633, ra_peak:      359.274, dec_peak:        3.065
Characteristic density local = 4496.1 deg^-2 = 1.249 arcmin^-2
Fitting aperture to hotspot...
Candidate: x_peak:       -0.395, y_peak:       -0.015, r_peak:        0.020, sig:        7.796, ra_peak:      359.604, dec_peak:        3.565
Characteristic density local = 4448.4 deg^-2 = 1.236 arcmin^-2
Fitting aperture to hotspot...
Candidate: x_peak:       -0.275, y_peak:        0.685, r_peak:        0.030, sig:        8.070, ra_peak:      359.724, dec_peak:        4.265
Characteristic density local = 4331.0 deg^-2 = 1.203 arcmin^-2
Fitting aperture to hotspot...
Candidate: x_peak:        0.705, y_peak:        0.275, r_peak:        0.020, sig:        7.234, ra_peak:        0.707, dec_peak:        3.855
Characteristic density local = 4201.7 deg^-2 = 1.167 arcmin^-2
Fitting aperture to hotspot...
Candidate: x_peak:        0.745, y_peak:       -0.195, r_peak:        0.020, sig:        8.479, ra_peak:        0.746, dec_peak:        3.385
Characteristic density local = 4420.5 deg^-2 = 1.228 arcmin^-2
Fitting aperture to hotspot...
Candidate: x_peak:        0.915, y_peak:        0.325, r_peak:        0.020, sig:       11.193, ra_peak:        0.917, dec_peak:        3.905
Characteristic density local = 4175.8 deg^-2 = 1.160 arcmin^-2
Fitting aperture to hotspot...
Candidate: x_peak:        1.335, y_peak:        0.025, r_peak:        0.020, sig:       12.744, ra_peak:        1.338, dec_peak:        3.604
Distance = 20.0 kpc (m-M = 16.5)
673825 objects left after isochrone cut...
Characteristic density = 4200.0 deg^-2
Characteristic density local = 4472.3 deg^-2 = 1.242 arcmin^-2
Fitting aperture to hotspot...
Candidate: x_peak:       -1.105, y_peak:       -0.075, r_peak:        0.020, sig:       11.912, ra_peak:      358.893, dec_peak:        3.504
Characteristic density local = 4927.8 deg^-2 = 1.369 arcmin^-2
Fitting aperture to hotspot...
Candidate: x_peak:       -0.805, y_peak:        0.165, r_peak:        0.020, sig:        8.131, ra_peak:      359.193, dec_peak:        3.745
Characteristic density local = 4494.1 deg^-2 = 1.248 arcmin^-2
Fitting aperture to hotspot...
Candidate: x_peak:       -0.725, y_peak:       -0.515, r_peak:        0.020, sig:       12.633, ra_peak:      359.274, dec_peak:        3.065
Characteristic density local = 4496.1 deg^-2 = 1.249 arcmin^-2
Fitting aperture to hotspot...
Candidate: x_peak:       -0.395, y_peak:       -0.015, r_peak:        0.020, sig:        7.796, ra_peak:      359.604, dec_peak:        3.565
Characteristic density local = 4448.4 deg^-2 = 1.236 arcmin^-2
Fitting aperture to hotspot...
Candidate: x_peak:       -0.275, y_peak:        0.685, r_peak:        0.030, sig:        8.070, ra_peak:      359.724, dec_peak:        4.265
Characteristic density local = 4331.0 deg^-2 = 1.203 arcmin^-2
Fitting aperture to hotspot...
Candidate: x_peak:        0.705, y_peak:        0.275, r_peak:        0.020, sig:        7.234, ra_peak:        0.707, dec_peak:        3.855
Characteristic density local = 4201.7 deg^-2 = 1.167 arcmin^-2
Fitting aperture to hotspot...
Candidate: x_peak:        0.745, y_peak:       -0.195, r_peak:        0.020, sig:        8.479, ra_peak:        0.746, dec_peak:        3.385
Characteristic density local = 4420.5 deg^-2 = 1.228 arcmin^-2
Fitting aperture to hotspot...
Candidate: x_peak:        0.915, y_peak:        0.325, r_peak:        0.020, sig:       11.193, ra_peak:        0.917, dec_peak:        3.905
Characteristic density local = 4175.8 deg^-2 = 1.160 arcmin^-2
Fitting aperture to hotspot...
Candidate: x_peak:        1.335, y_peak:        0.025, r_peak:        0.020, sig:       12.744, ra_peak:        1.338, dec_peak:        3.604
Distance = 25.1 kpc (m-M = 17.0)
673838 objects left after isochrone cut...
Characteristic density = 4200.0 deg^-2
Characteristic density local = 4472.3 deg^-2 = 1.242 arcmin^-2
Fitting aperture to hotspot...
Candidate: x_peak:       -1.105, y_peak:       -0.075, r_peak:        0.020, sig:       11.912, ra_peak:      358.893, dec_peak:        3.504
Characteristic density local = 4927.8 deg^-2 = 1.369 arcmin^-2
Fitting aperture to hotspot...
Candidate: x_peak:       -0.805, y_peak:        0.165, r_peak:        0.020, sig:        8.131, ra_peak:      359.193, dec_peak:        3.745
Characteristic density local = 4494.1 deg^-2 = 1.248 arcmin^-2
Fitting aperture to hotspot...
Candidate: x_peak:       -0.725, y_peak:       -0.515, r_peak:        0.020, sig:       12.633, ra_peak:      359.274, dec_peak:        3.065
Characteristic density local = 4496.1 deg^-2 = 1.249 arcmin^-2
Fitting aperture to hotspot...
Candidate: x_peak:       -0.395, y_peak:       -0.015, r_peak:        0.020, sig:        7.796, ra_peak:      359.604, dec_peak:        3.565
Characteristic density local = 4448.4 deg^-2 = 1.236 arcmin^-2
Fitting aperture to hotspot...
Candidate: x_peak:       -0.275, y_peak:        0.685, r_peak:        0.030, sig:        8.070, ra_peak:      359.724, dec_peak:        4.265
Characteristic density local = 4331.0 deg^-2 = 1.203 arcmin^-2
Fitting aperture to hotspot...
Candidate: x_peak:        0.705, y_peak:        0.275, r_peak:        0.020, sig:        7.234, ra_peak:        0.707, dec_peak:        3.855
Characteristic density local = 4201.7 deg^-2 = 1.167 arcmin^-2
Fitting aperture to hotspot...
Candidate: x_peak:        0.745, y_peak:       -0.195, r_peak:        0.020, sig:        8.479, ra_peak:        0.746, dec_peak:        3.385
Characteristic density local = 4420.5 deg^-2 = 1.228 arcmin^-2
Fitting aperture to hotspot...
Candidate: x_peak:        0.915, y_peak:        0.325, r_peak:        0.020, sig:       11.193, ra_peak:        0.917, dec_peak:        3.905
Characteristic density local = 4175.8 deg^-2 = 1.160 arcmin^-2
Fitting aperture to hotspot...
Candidate: x_peak:        1.335, y_peak:        0.025, r_peak:        0.020, sig:       12.744, ra_peak:        1.338, dec_peak:        3.604
Distance = 31.6 kpc (m-M = 17.5)
673841 objects left after isochrone cut...
Characteristic density = 4200.0 deg^-2
Characteristic density local = 4472.3 deg^-2 = 1.242 arcmin^-2
Fitting aperture to hotspot...
Candidate: x_peak:       -1.105, y_peak:       -0.075, r_peak:        0.020, sig:       11.912, ra_peak:      358.893, dec_peak:        3.504
Characteristic density local = 4927.8 deg^-2 = 1.369 arcmin^-2
Fitting aperture to hotspot...
Candidate: x_peak:       -0.805, y_peak:        0.165, r_peak:        0.020, sig:        8.131, ra_peak:      359.193, dec_peak:        3.745
Characteristic density local = 4494.1 deg^-2 = 1.248 arcmin^-2
Fitting aperture to hotspot...
Candidate: x_peak:       -0.725, y_peak:       -0.515, r_peak:        0.020, sig:       12.633, ra_peak:      359.274, dec_peak:        3.065
Characteristic density local = 4496.1 deg^-2 = 1.249 arcmin^-2
Fitting aperture to hotspot...
Candidate: x_peak:       -0.395, y_peak:       -0.015, r_peak:        0.020, sig:        7.796, ra_peak:      359.604, dec_peak:        3.565
Characteristic density local = 4448.4 deg^-2 = 1.236 arcmin^-2
Fitting aperture to hotspot...
Candidate: x_peak:       -0.275, y_peak:        0.685, r_peak:        0.030, sig:        8.070, ra_peak:      359.724, dec_peak:        4.265
Characteristic density local = 4331.0 deg^-2 = 1.203 arcmin^-2
Fitting aperture to hotspot...
Candidate: x_peak:        0.705, y_peak:        0.275, r_peak:        0.020, sig:        7.234, ra_peak:        0.707, dec_peak:        3.855
Characteristic density local = 4201.7 deg^-2 = 1.167 arcmin^-2
Fitting aperture to hotspot...
Candidate: x_peak:        0.745, y_peak:       -0.195, r_peak:        0.020, sig:        8.479, ra_peak:        0.746, dec_peak:        3.385
Characteristic density local = 4420.5 deg^-2 = 1.228 arcmin^-2
Fitting aperture to hotspot...
Candidate: x_peak:        0.915, y_peak:        0.325, r_peak:        0.020, sig:       11.193, ra_peak:        0.917, dec_peak:        3.905
Characteristic density local = 4175.8 deg^-2 = 1.160 arcmin^-2
Fitting aperture to hotspot...
Candidate: x_peak:        1.335, y_peak:        0.025, r_peak:        0.020, sig:       12.744, ra_peak:        1.338, dec_peak:        3.604
Distance = 39.8 kpc (m-M = 18.0)
673784 objects left after isochrone cut...
Characteristic density = 4200.0 deg^-2
Characteristic density local = 4468.3 deg^-2 = 1.241 arcmin^-2
Fitting aperture to hotspot...
Candidate: x_peak:       -1.105, y_peak:       -0.075, r_peak:        0.020, sig:       11.915, ra_peak:      358.893, dec_peak:        3.504
Characteristic density local = 4925.8 deg^-2 = 1.368 arcmin^-2
Fitting aperture to hotspot...
Candidate: x_peak:       -0.805, y_peak:        0.165, r_peak:        0.020, sig:        8.133, ra_peak:      359.193, dec_peak:        3.745
Characteristic density local = 4492.1 deg^-2 = 1.248 arcmin^-2
Fitting aperture to hotspot...
Candidate: x_peak:       -0.725, y_peak:       -0.515, r_peak:        0.020, sig:       12.635, ra_peak:      359.274, dec_peak:        3.065
Characteristic density local = 4496.1 deg^-2 = 1.249 arcmin^-2
Fitting aperture to hotspot...
Candidate: x_peak:       -0.395, y_peak:       -0.015, r_peak:        0.020, sig:        7.796, ra_peak:      359.604, dec_peak:        3.565
Characteristic density local = 4448.4 deg^-2 = 1.236 arcmin^-2
Fitting aperture to hotspot...
Candidate: x_peak:       -0.275, y_peak:        0.685, r_peak:        0.030, sig:        8.070, ra_peak:      359.724, dec_peak:        4.265
Characteristic density local = 4331.0 deg^-2 = 1.203 arcmin^-2
Fitting aperture to hotspot...
Candidate: x_peak:        0.705, y_peak:        0.275, r_peak:        0.020, sig:        7.234, ra_peak:        0.707, dec_peak:        3.855
Characteristic density local = 4201.7 deg^-2 = 1.167 arcmin^-2
Fitting aperture to hotspot...
Candidate: x_peak:        0.745, y_peak:       -0.195, r_peak:        0.020, sig:        8.479, ra_peak:        0.746, dec_peak:        3.385
Characteristic density local = 4420.5 deg^-2 = 1.228 arcmin^-2
Fitting aperture to hotspot...
Candidate: x_peak:        0.915, y_peak:        0.325, r_peak:        0.020, sig:       11.193, ra_peak:        0.917, dec_peak:        3.905
Characteristic density local = 4175.8 deg^-2 = 1.160 arcmin^-2
Fitting aperture to hotspot...
Candidate: x_peak:        1.335, y_peak:        0.025, r_peak:        0.020, sig:       12.744, ra_peak:        1.338, dec_peak:        3.604
Distance = 50.1 kpc (m-M = 18.5)
673377 objects left after isochrone cut...
Characteristic density = 4200.0 deg^-2
Characteristic density local = 4444.4 deg^-2 = 1.235 arcmin^-2
Fitting aperture to hotspot...
Candidate: x_peak:       -1.105, y_peak:       -0.075, r_peak:        0.020, sig:       11.747, ra_peak:      358.893, dec_peak:        3.504
Characteristic density local = 4898.0 deg^-2 = 1.361 arcmin^-2
Fitting aperture to hotspot...
Candidate: x_peak:       -0.805, y_peak:        0.165, r_peak:        0.020, sig:        8.154, ra_peak:      359.193, dec_peak:        3.745
Characteristic density local = 4486.2 deg^-2 = 1.246 arcmin^-2
Fitting aperture to hotspot...
Candidate: x_peak:       -0.725, y_peak:       -0.515, r_peak:        0.020, sig:       12.641, ra_peak:      359.274, dec_peak:        3.065
Characteristic density local = 4478.2 deg^-2 = 1.244 arcmin^-2
Fitting aperture to hotspot...
Candidate: x_peak:       -0.395, y_peak:       -0.015, r_peak:        0.020, sig:        7.810, ra_peak:      359.604, dec_peak:        3.565
Characteristic density local = 4432.5 deg^-2 = 1.231 arcmin^-2
Fitting aperture to hotspot...
Candidate: x_peak:       -0.275, y_peak:        0.685, r_peak:        0.030, sig:        8.087, ra_peak:      359.724, dec_peak:        4.265
Characteristic density local = 4331.0 deg^-2 = 1.203 arcmin^-2
Fitting aperture to hotspot...
Candidate: x_peak:        0.705, y_peak:        0.275, r_peak:        0.020, sig:        7.234, ra_peak:        0.707, dec_peak:        3.855
Characteristic density local = 4201.7 deg^-2 = 1.167 arcmin^-2
Fitting aperture to hotspot...
Candidate: x_peak:        0.745, y_peak:       -0.195, r_peak:        0.020, sig:        8.479, ra_peak:        0.746, dec_peak:        3.385
Characteristic density local = 4420.5 deg^-2 = 1.228 arcmin^-2
Fitting aperture to hotspot...
Candidate: x_peak:        0.915, y_peak:        0.325, r_peak:        0.020, sig:       11.193, ra_peak:        0.917, dec_peak:        3.905
Characteristic density local = 4175.8 deg^-2 = 1.160 arcmin^-2
Fitting aperture to hotspot...
Candidate: x_peak:        1.335, y_peak:        0.025, r_peak:        0.020, sig:       12.744, ra_peak:        1.338, dec_peak:        3.604
Distance = 63.1 kpc (m-M = 19.0)
672227 objects left after isochrone cut...
Characteristic density = 4200.0 deg^-2
Characteristic density local = 4388.7 deg^-2 = 1.219 arcmin^-2
Fitting aperture to hotspot...
Candidate: x_peak:       -1.105, y_peak:       -0.075, r_peak:        0.020, sig:       11.797, ra_peak:      358.893, dec_peak:        3.504
Characteristic density local = 4838.3 deg^-2 = 1.344 arcmin^-2
Fitting aperture to hotspot...
Candidate: x_peak:       -0.805, y_peak:        0.165, r_peak:        0.020, sig:        8.198, ra_peak:      359.193, dec_peak:        3.745
Characteristic density local = 4442.4 deg^-2 = 1.234 arcmin^-2
Fitting aperture to hotspot...
Candidate: x_peak:       -0.725, y_peak:       -0.515, r_peak:        0.020, sig:       12.680, ra_peak:      359.274, dec_peak:        3.065
Characteristic density local = 4444.4 deg^-2 = 1.235 arcmin^-2
Fitting aperture to hotspot...
Candidate: x_peak:       -0.395, y_peak:       -0.015, r_peak:        0.020, sig:        7.836, ra_peak:      359.604, dec_peak:        3.565
Characteristic density local = 4406.6 deg^-2 = 1.224 arcmin^-2
Fitting aperture to hotspot...
Candidate: x_peak:       -0.275, y_peak:        0.685, r_peak:        0.030, sig:        8.115, ra_peak:      359.724, dec_peak:        4.265
Characteristic density local = 4309.1 deg^-2 = 1.197 arcmin^-2
Fitting aperture to hotspot...
Candidate: x_peak:        0.705, y_peak:        0.275, r_peak:        0.020, sig:        7.251, ra_peak:        0.707, dec_peak:        3.855
Characteristic density local = 4185.8 deg^-2 = 1.163 arcmin^-2
Fitting aperture to hotspot...
Candidate: x_peak:        0.745, y_peak:       -0.195, r_peak:        0.020, sig:        8.493, ra_peak:        0.746, dec_peak:        3.385
Characteristic density local = 4386.7 deg^-2 = 1.219 arcmin^-2
Fitting aperture to hotspot...
Candidate: x_peak:        0.915, y_peak:        0.325, r_peak:        0.020, sig:       11.223, ra_peak:        0.917, dec_peak:        3.905
Characteristic density local = 4157.9 deg^-2 = 1.155 arcmin^-2
Fitting aperture to hotspot...
Candidate: x_peak:        1.335, y_peak:        0.025, r_peak:        0.020, sig:       12.761, ra_peak:        1.338, dec_peak:        3.604
Distance = 79.4 kpc (m-M = 19.5)
669862 objects left after isochrone cut...
Characteristic density = 4100.0 deg^-2
Characteristic density local = 4311.1 deg^-2 = 1.198 arcmin^-2
Fitting aperture to hotspot...
Candidate: x_peak:       -1.105, y_peak:       -0.075, r_peak:        0.020, sig:       11.867, ra_peak:      358.893, dec_peak:        3.504
Characteristic density local = 4772.7 deg^-2 = 1.326 arcmin^-2
Fitting aperture to hotspot...
Candidate: x_peak:       -0.805, y_peak:        0.165, r_peak:        0.020, sig:        8.247, ra_peak:      359.193, dec_peak:        3.745
Characteristic density local = 4364.8 deg^-2 = 1.212 arcmin^-2
Fitting aperture to hotspot...
Candidate: x_peak:       -0.725, y_peak:       -0.515, r_peak:        0.020, sig:       12.751, ra_peak:      359.274, dec_peak:        3.065
Characteristic density local = 4370.8 deg^-2 = 1.214 arcmin^-2
Fitting aperture to hotspot...
Candidate: x_peak:       -0.395, y_peak:       -0.015, r_peak:        0.020, sig:        7.894, ra_peak:      359.604, dec_peak:        3.565
Characteristic density local = 4307.1 deg^-2 = 1.196 arcmin^-2
Fitting aperture to hotspot...
Candidate: x_peak:       -0.275, y_peak:        0.685, r_peak:        0.030, sig:        8.222, ra_peak:      359.724, dec_peak:        4.265
Characteristic density local = 4237.5 deg^-2 = 1.177 arcmin^-2
Fitting aperture to hotspot...
Candidate: x_peak:        0.705, y_peak:        0.275, r_peak:        0.020, sig:        7.307, ra_peak:        0.707, dec_peak:        3.855
Characteristic density local = 4094.3 deg^-2 = 1.137 arcmin^-2
Fitting aperture to hotspot...
Candidate: x_peak:        0.745, y_peak:       -0.195, r_peak:        0.020, sig:        8.569, ra_peak:        0.746, dec_peak:        3.385
Characteristic density local = 4299.2 deg^-2 = 1.194 arcmin^-2
Fitting aperture to hotspot...
Candidate: x_peak:        0.915, y_peak:        0.325, r_peak:        0.020, sig:       11.300, ra_peak:        0.917, dec_peak:        3.905
Characteristic density local = 4068.4 deg^-2 = 1.130 arcmin^-2
Fitting aperture to hotspot...
Candidate: x_peak:        1.335, y_peak:        0.025, r_peak:        0.020, sig:       12.847, ra_peak:        1.338, dec_peak:        3.604
Distance = 100.0 kpc (m-M = 20.0)
666955 objects left after isochrone cut...
Characteristic density = 4000.0 deg^-2
Characteristic density local = 4225.6 deg^-2 = 1.174 arcmin^-2
Fitting aperture to hotspot...
Candidate: x_peak:       -1.105, y_peak:       -0.075, r_peak:        0.020, sig:       11.945, ra_peak:      358.893, dec_peak:        3.504
Characteristic density local = 4679.2 deg^-2 = 1.300 arcmin^-2
Fitting aperture to hotspot...
Candidate: x_peak:       -0.805, y_peak:        0.165, r_peak:        0.020, sig:        8.319, ra_peak:      359.193, dec_peak:        3.745
Characteristic density local = 4285.2 deg^-2 = 1.190 arcmin^-2
Fitting aperture to hotspot...
Candidate: x_peak:       -0.725, y_peak:       -0.515, r_peak:        0.020, sig:       12.825, ra_peak:      359.274, dec_peak:        3.065
Characteristic density local = 4303.2 deg^-2 = 1.195 arcmin^-2
Fitting aperture to hotspot...
Candidate: x_peak:       -0.395, y_peak:       -0.015, r_peak:        0.020, sig:        7.948, ra_peak:      359.604, dec_peak:        3.565
Characteristic density local = 4209.6 deg^-2 = 1.169 arcmin^-2
Fitting aperture to hotspot...
Candidate: x_peak:       -0.275, y_peak:        0.685, r_peak:        0.030, sig:        8.329, ra_peak:      359.724, dec_peak:        4.265
Characteristic density local = 4124.1 deg^-2 = 1.146 arcmin^-2
Fitting aperture to hotspot...
Candidate: x_peak:        0.705, y_peak:        0.275, r_peak:        0.020, sig:        7.160, ra_peak:        0.707, dec_peak:        3.855
Characteristic density local = 3980.9 deg^-2 = 1.106 arcmin^-2
Fitting aperture to hotspot...
Candidate: x_peak:        0.745, y_peak:       -0.195, r_peak:        0.020, sig:        8.666, ra_peak:        0.746, dec_peak:        3.385
Characteristic density local = 4205.7 deg^-2 = 1.168 arcmin^-2
Fitting aperture to hotspot...
Candidate: x_peak:        0.915, y_peak:        0.325, r_peak:        0.020, sig:       11.384, ra_peak:        0.917, dec_peak:        3.905
Characteristic density local = 3970.9 deg^-2 = 1.103 arcmin^-2
Fitting aperture to hotspot...
Candidate: x_peak:        1.335, y_peak:        0.025, r_peak:        0.020, sig:       12.755, ra_peak:        1.338, dec_peak:        3.604
Distance = 125.9 kpc (m-M = 20.5)
663681 objects left after isochrone cut...
Characteristic density = 3900.0 deg^-2
Characteristic density local = 4108.2 deg^-2 = 1.141 arcmin^-2
Fitting aperture to hotspot...
Candidate: x_peak:       -1.105, y_peak:       -0.075, r_peak:        0.020, sig:       11.862, ra_peak:      358.893, dec_peak:        3.504
Characteristic density local = 4559.8 deg^-2 = 1.267 arcmin^-2
Fitting aperture to hotspot...
Candidate: x_peak:       -0.805, y_peak:        0.165, r_peak:        0.020, sig:        8.411, ra_peak:      359.193, dec_peak:        3.745
Characteristic density local = 4150.0 deg^-2 = 1.153 arcmin^-2
Fitting aperture to hotspot...
Candidate: x_peak:       -0.725, y_peak:       -0.515, r_peak:        0.020, sig:       12.768, ra_peak:      359.274, dec_peak:        3.065
Characteristic density local = 4195.7 deg^-2 = 1.165 arcmin^-2
Fitting aperture to hotspot...
Candidate: x_peak:       -0.395, y_peak:       -0.015, r_peak:        0.020, sig:        8.035, ra_peak:      359.604, dec_peak:        3.565
Characteristic density local = 4106.2 deg^-2 = 1.141 arcmin^-2
Fitting aperture to hotspot...
Candidate: x_peak:       -0.275, y_peak:        0.685, r_peak:        0.030, sig:        8.445, ra_peak:      359.724, dec_peak:        4.265
Characteristic density local = 4004.7 deg^-2 = 1.112 arcmin^-2
Fitting aperture to hotspot...
Candidate: x_peak:        0.705, y_peak:        0.275, r_peak:        0.020, sig:        7.256, ra_peak:        0.707, dec_peak:        3.855
Characteristic density local = 3851.5 deg^-2 = 1.070 arcmin^-2
Fitting aperture to hotspot...
Candidate: x_peak:        0.745, y_peak:       -0.195, r_peak:        0.020, sig:        8.553, ra_peak:        0.746, dec_peak:        3.385
Characteristic density local = 4096.3 deg^-2 = 1.138 arcmin^-2
Fitting aperture to hotspot...
Candidate: x_peak:        0.915, y_peak:        0.325, r_peak:        0.020, sig:       11.485, ra_peak:        0.917, dec_peak:        3.905
Characteristic density local = 3871.4 deg^-2 = 1.075 arcmin^-2
Fitting aperture to hotspot...
Candidate: x_peak:        1.335, y_peak:        0.025, r_peak:        0.020, sig:       12.854, ra_peak:        1.338, dec_peak:        3.604
Distance = 158.5 kpc (m-M = 21.0)
659822 objects left after isochrone cut...
Characteristic density = 3800.0 deg^-2
Characteristic density local = 3984.8 deg^-2 = 1.107 arcmin^-2
Fitting aperture to hotspot...
Candidate: x_peak:       -1.105, y_peak:       -0.075, r_peak:        0.020, sig:       11.979, ra_peak:      358.893, dec_peak:        3.504
Characteristic density local = 4422.5 deg^-2 = 1.228 arcmin^-2
Fitting aperture to hotspot...
Candidate: x_peak:       -0.805, y_peak:        0.165, r_peak:        0.020, sig:        8.300, ra_peak:      359.193, dec_peak:        3.745
Characteristic density local = 4044.5 deg^-2 = 1.123 arcmin^-2
Fitting aperture to hotspot...
Candidate: x_peak:       -0.725, y_peak:       -0.515, r_peak:        0.020, sig:       12.870, ra_peak:      359.274, dec_peak:        3.065
Characteristic density local = 4066.4 deg^-2 = 1.130 arcmin^-2
Fitting aperture to hotspot...
Candidate: x_peak:       -0.395, y_peak:       -0.015, r_peak:        0.020, sig:        8.142, ra_peak:      359.604, dec_peak:        3.565
Characteristic density local = 3972.9 deg^-2 = 1.104 arcmin^-2
Fitting aperture to hotspot...
Candidate: x_peak:       -0.275, y_peak:        0.685, r_peak:        0.030, sig:        8.597, ra_peak:      359.724, dec_peak:        4.265
Characteristic density local = 3871.4 deg^-2 = 1.075 arcmin^-2
Fitting aperture to hotspot...
Candidate: x_peak:        0.705, y_peak:        0.275, r_peak:        0.020, sig:        7.367, ra_peak:        0.707, dec_peak:        3.855
Characteristic density local = 3726.2 deg^-2 = 1.035 arcmin^-2
Fitting aperture to hotspot...
Candidate: x_peak:        0.745, y_peak:       -0.195, r_peak:        0.020, sig:        8.665, ra_peak:        0.746, dec_peak:        3.385
Characteristic density local = 3966.9 deg^-2 = 1.102 arcmin^-2
Fitting aperture to hotspot...
Candidate: x_peak:        0.915, y_peak:        0.325, r_peak:        0.020, sig:       11.606, ra_peak:        0.917, dec_peak:        3.905
Characteristic density local = 3718.3 deg^-2 = 1.033 arcmin^-2
Fitting aperture to hotspot...
Candidate: x_peak:        1.335, y_peak:        0.025, r_peak:        0.020, sig:       13.010, ra_peak:        1.338, dec_peak:        3.604
Distance = 199.5 kpc (m-M = 21.5)
655273 objects left after isochrone cut...
Characteristic density = 3600.0 deg^-2
Characteristic density local = 3817.7 deg^-2 = 1.060 arcmin^-2
Fitting aperture to hotspot...
Candidate: x_peak:       -1.105, y_peak:       -0.075, r_peak:        0.020, sig:       12.142, ra_peak:      358.893, dec_peak:        3.504
Characteristic density local = 4251.4 deg^-2 = 1.181 arcmin^-2
Fitting aperture to hotspot...
Candidate: x_peak:       -0.805, y_peak:        0.165, r_peak:        0.020, sig:        8.439, ra_peak:      359.193, dec_peak:        3.745
Characteristic density local = 3909.2 deg^-2 = 1.086 arcmin^-2
Fitting aperture to hotspot...
Candidate: x_peak:       -0.725, y_peak:       -0.515, r_peak:        0.020, sig:       13.003, ra_peak:      359.274, dec_peak:        3.065
Characteristic density local = 3905.3 deg^-2 = 1.085 arcmin^-2
Fitting aperture to hotspot...
Candidate: x_peak:       -0.395, y_peak:       -0.015, r_peak:        0.020, sig:        8.278, ra_peak:      359.604, dec_peak:        3.565
Characteristic density local = 3833.6 deg^-2 = 1.065 arcmin^-2
Fitting aperture to hotspot...
Candidate: x_peak:       -0.275, y_peak:        0.685, r_peak:        0.030, sig:        8.584, ra_peak:      359.724, dec_peak:        4.265
Characteristic density local = 3722.2 deg^-2 = 1.034 arcmin^-2
Fitting aperture to hotspot...
Candidate: x_peak:        0.705, y_peak:        0.275, r_peak:        0.020, sig:        7.493, ra_peak:        0.707, dec_peak:        3.855
Characteristic density local = 3579.0 deg^-2 = 0.994 arcmin^-2
Fitting aperture to hotspot...
Candidate: x_peak:        0.745, y_peak:       -0.195, r_peak:        0.020, sig:        8.799, ra_peak:        0.746, dec_peak:        3.385
Characteristic density local = 3823.7 deg^-2 = 1.062 arcmin^-2
Fitting aperture to hotspot...
Candidate: x_peak:        0.915, y_peak:        0.325, r_peak:        0.020, sig:       11.745, ra_peak:        0.917, dec_peak:        3.905
Characteristic density local = 3555.1 deg^-2 = 0.988 arcmin^-2
Fitting aperture to hotspot...
Candidate: x_peak:        1.335, y_peak:        0.025, r_peak:        0.020, sig:       13.182, ra_peak:        1.338, dec_peak:        3.604
Distance = 251.2 kpc (m-M = 22.0)
650130 objects left after isochrone cut...
Characteristic density = 3400.0 deg^-2
Characteristic density local = 3652.6 deg^-2 = 1.015 arcmin^-2
Fitting aperture to hotspot...
Candidate: x_peak:       -1.105, y_peak:       -0.075, r_peak:        0.020, sig:       12.309, ra_peak:      358.893, dec_peak:        3.504
Characteristic density local = 4080.3 deg^-2 = 1.133 arcmin^-2
Fitting aperture to hotspot...
Candidate: x_peak:       -0.805, y_peak:        0.165, r_peak:        0.020, sig:        8.357, ra_peak:      359.193, dec_peak:        3.745
Characteristic density local = 3744.1 deg^-2 = 1.040 arcmin^-2
Fitting aperture to hotspot...
Candidate: x_peak:       -0.725, y_peak:       -0.515, r_peak:        0.020, sig:       13.172, ra_peak:      359.274, dec_peak:        3.065
Characteristic density local = 3738.2 deg^-2 = 1.038 arcmin^-2
Fitting aperture to hotspot...
Candidate: x_peak:       -0.395, y_peak:       -0.015, r_peak:        0.020, sig:        8.193, ra_peak:      359.604, dec_peak:        3.565
Characteristic density local = 3640.7 deg^-2 = 1.011 arcmin^-2
Fitting aperture to hotspot...
Candidate: x_peak:       -0.275, y_peak:        0.685, r_peak:        0.030, sig:        8.816, ra_peak:      359.724, dec_peak:        4.265
Characteristic density local = 3559.1 deg^-2 = 0.989 arcmin^-2
Fitting aperture to hotspot...
Candidate: x_peak:        0.705, y_peak:        0.275, r_peak:        0.020, sig:        7.637, ra_peak:        0.707, dec_peak:        3.855
Characteristic density local = 3443.7 deg^-2 = 0.957 arcmin^-2
Fitting aperture to hotspot...
Candidate: x_peak:        0.745, y_peak:       -0.195, r_peak:        0.020, sig:        8.927, ra_peak:        0.746, dec_peak:        3.385
Characteristic density local = 3638.7 deg^-2 = 1.011 arcmin^-2
Fitting aperture to hotspot...
Candidate: x_peak:        0.915, y_peak:        0.325, r_peak:        0.020, sig:       11.730, ra_peak:        0.917, dec_peak:        3.905
Characteristic density local = 3382.0 deg^-2 = 0.939 arcmin^-2
Fitting aperture to hotspot...
Candidate: x_peak:        1.335, y_peak:        0.025, r_peak:        0.020, sig:       13.372, ra_peak:        1.338, dec_peak:        3.604
Distance = 316.2 kpc (m-M = 22.5)
643956 objects left after isochrone cut...
Characteristic density = 3200.0 deg^-2
Characteristic density local = 3555.1 deg^-2 = 0.988 arcmin^-2
Fitting aperture to hotspot...
Candidate: x_peak:       -0.725, y_peak:       -0.515, r_peak:        0.020, sig:       13.372, ra_peak:      359.274, dec_peak:        3.065
Characteristic density local = 3238.8 deg^-2 = 0.900 arcmin^-2
Fitting aperture to hotspot...
Candidate: x_peak:       -0.045, y_peak:        1.155, r_peak:        0.020, sig:        6.389, ra_peak:      359.955, dec_peak:        4.735
Characteristic density local = 3226.9 deg^-2 = 0.896 arcmin^-2
Fitting aperture to hotspot...
Candidate: x_peak:       -0.045, y_peak:       -1.065, r_peak:        0.020, sig:        4.990, ra_peak:      359.955, dec_peak:        2.515
Characteristic density local = 3310.4 deg^-2 = 0.920 arcmin^-2
Fitting aperture to hotspot...
Candidate: x_peak:        0.185, y_peak:       -0.455, r_peak:        0.040, sig:        1.402, ra_peak:        0.185, dec_peak:        3.125
Characteristic density local = 3411.9 deg^-2 = 0.948 arcmin^-2
Fitting aperture to hotspot...
Candidate: x_peak:        0.315, y_peak:        0.925, r_peak:        0.010, sig:        1.982, ra_peak:        0.316, dec_peak:        4.505
Characteristic density local = 3437.7 deg^-2 = 0.955 arcmin^-2
Fitting aperture to hotspot...
Candidate: x_peak:        0.325, y_peak:        0.915, r_peak:        0.010, sig:        1.972, ra_peak:        0.326, dec_peak:        4.495
Characteristic density local = 3149.3 deg^-2 = 0.875 arcmin^-2
Fitting aperture to hotspot...
Candidate: x_peak:        0.405, y_peak:       -0.635, r_peak:        0.040, sig:        2.054, ra_peak:        0.406, dec_peak:        2.945
Characteristic density local = 3264.7 deg^-2 = 0.907 arcmin^-2
Fitting aperture to hotspot...
Candidate: x_peak:        0.595, y_peak:       -0.665, r_peak:        0.020, sig:        1.967, ra_peak:        0.596, dec_peak:        2.915
Characteristic density local = 3177.1 deg^-2 = 0.883 arcmin^-2
Fitting aperture to hotspot...
Candidate: x_peak:        1.335, y_peak:        0.025, r_peak:        0.020, sig:       13.219, ra_peak:        1.338, dec_peak:        3.604
Distance = 398.1 kpc (m-M = 23.0)
636434 objects left after isochrone cut...
Characteristic density = 3000.0 deg^-2
Characteristic density local = 3226.9 deg^-2 = 0.896 arcmin^-2
Fitting aperture to hotspot...
Candidate: x_peak:       -1.105, y_peak:       -0.075, r_peak:        0.020, sig:       12.369, ra_peak:      358.893, dec_peak:        3.504
Characteristic density local = 3624.8 deg^-2 = 1.007 arcmin^-2
Fitting aperture to hotspot...
Candidate: x_peak:       -0.805, y_peak:        0.165, r_peak:        0.020, sig:        8.757, ra_peak:      359.193, dec_peak:        3.745
Characteristic density local = 3334.3 deg^-2 = 0.926 arcmin^-2
Fitting aperture to hotspot...
Candidate: x_peak:       -0.725, y_peak:       -0.515, r_peak:        0.020, sig:       13.616, ra_peak:      359.274, dec_peak:        3.065
Characteristic density local = 3296.5 deg^-2 = 0.916 arcmin^-2
Fitting aperture to hotspot...
Candidate: x_peak:       -0.395, y_peak:       -0.015, r_peak:        0.020, sig:        8.364, ra_peak:      359.604, dec_peak:        3.565
Characteristic density local = 3203.0 deg^-2 = 0.890 arcmin^-2
Fitting aperture to hotspot...
Candidate: x_peak:       -0.275, y_peak:        0.685, r_peak:        0.030, sig:        9.015, ra_peak:      359.724, dec_peak:        4.265
Characteristic density local = 3103.5 deg^-2 = 0.862 arcmin^-2
Fitting aperture to hotspot...
Candidate: x_peak:        0.705, y_peak:        0.275, r_peak:        0.020, sig:        7.047, ra_peak:        0.707, dec_peak:        3.855
Characteristic density local = 2996.1 deg^-2 = 0.832 arcmin^-2
Fitting aperture to hotspot...
Candidate: x_peak:        0.745, y_peak:       -0.195, r_peak:        0.020, sig:        9.380, ra_peak:        0.746, dec_peak:        3.385
Characteristic density local = 3147.3 deg^-2 = 0.874 arcmin^-2
Fitting aperture to hotspot...
Candidate: x_peak:        0.915, y_peak:        0.325, r_peak:        0.020, sig:       12.257, ra_peak:        0.917, dec_peak:        3.905
Characteristic density local = 2894.6 deg^-2 = 0.804 arcmin^-2
Fitting aperture to hotspot...
Candidate: x_peak:        1.335, y_peak:        0.025, r_peak:        0.020, sig:       13.559, ra_peak:        1.338, dec_peak:        3.604
13.62 sigma; (RA, Dec, d) = (359.27, 3.06); r = 0.02 deg; d = 398.1, mu = 23.00 mag), mc_source_id: 0.00
13.56 sigma; (RA, Dec, d) = (1.34, 3.60); r = 0.02 deg; d = 398.1, mu = 23.00 mag), mc_source_id: 0.00
12.37 sigma; (RA, Dec, d) = (358.89, 3.50); r = 0.02 deg; d = 398.1, mu = 23.00 mag), mc_source_id: 0.00
12.26 sigma; (RA, Dec, d) = (0.92, 3.90); r = 0.02 deg; d = 398.1, mu = 23.00 mag), mc_source_id: 0.00
9.38 sigma; (RA, Dec, d) = (0.75, 3.38); r = 0.02 deg; d = 398.1, mu = 23.00 mag), mc_source_id: 0.00
9.01 sigma; (RA, Dec, d) = (359.72, 4.26); r = 0.03 deg; d = 398.1, mu = 23.00 mag), mc_source_id: 0.00
8.76 sigma; (RA, Dec, d) = (359.19, 3.74); r = 0.02 deg; d = 398.1, mu = 23.00 mag), mc_source_id: 0.00
8.36 sigma; (RA, Dec, d) = (359.60, 3.56); r = 0.02 deg; d = 398.1, mu = 23.00 mag), mc_source_id: 0.00
7.64 sigma; (RA, Dec, d) = (0.71, 3.85); r = 0.02 deg; d = 251.2, mu = 22.00 mag), mc_source_id: 0.00
6.39 sigma; (RA, Dec, d) = (359.95, 4.74); r = 0.02 deg; d = 316.2, mu = 22.50 mag), mc_source_id: 0.00
4.99 sigma; (RA, Dec, d) = (359.95, 2.51); r = 0.02 deg; d = 316.2, mu = 22.50 mag), mc_source_id: 0.00
2.05 sigma; (RA, Dec, d) = (0.41, 2.94); r = 0.04 deg; d = 316.2, mu = 22.50 mag), mc_source_id: 0.00
1.98 sigma; (RA, Dec, d) = (0.32, 4.50); r = 0.01 deg; d = 316.2, mu = 22.50 mag), mc_source_id: 0.00
1.97 sigma; (RA, Dec, d) = (0.33, 4.49); r = 0.01 deg; d = 316.2, mu = 22.50 mag), mc_source_id: 0.00
1.97 sigma; (RA, Dec, d) = (0.60, 2.91); r = 0.02 deg; d = 316.2, mu = 22.50 mag), mc_source_id: 0.00
1.40 sigma; (RA, Dec, d) = (0.19, 3.12); r = 0.04 deg; d = 316.2, mu = 22.50 mag), mc_source_id: 0.00

------------------------------------------------------------
Job <680652.0> was submitted from <des51.fnal.gov> by user <tavangar>.
Job was executed on host <des40.fnal.gov> as user <tavangar>.
</var/lib/condor/execute/dir_1975877> was used as the initial working directory.
Results reported at Wed Jun  5 11:02:17 CDT 2019

Your job looked like:

------------------------------------------------------------
python /home/s1/tavangar/tavangar_simple/search_algorithm.py 0.00 3.58 0.00 /home/s1/tavangar/tavangar_simple/decals_dr7_results/results_nside_32_5696.csv /home/s1/tavangar/tavangar_simple/decals_dr7_results/decals_dr7_log/results_nside_32_5696.log
------------------------------------------------------------

Successfully completed.

Resource usage summary:

	Real time :			312.47 sec.
	CPU time :			39.01 sec.
	CPU percentage :		85%
	Max Memory :			6139504 KB
	Average Memory :		0 KB

The output (if any) is above this job summary.
