/home/s1/tavangar/tavangar_simple/simple_utils.py:170: FutureWarning: elementwise comparison failed; returning scalar instead, but in the future will perform elementwise comparison
  if np.all(isochrone.stage == 'Main'):
Search coordinates: (RA, Dec) = (212.34, 19.47)
Center healpixel: 4107
Healpixels: [4107 4235 4106 3979 3851 3980 4108 4236 4363]
MC_SOURCE_ID = 0.0
mode = 0: running only on real data
Found 1 objects...
Applying cuts...
657949 star-like objects in ROI...
1059856 galaxy-like objects in ROI...
No fracdet map specified ...
Distance = 15.8 kpc (m-M = 16.0)
657928 objects left after isochrone cut...
Characteristic density = 4900.0 deg^-2
Characteristic density local = 5118.8 deg^-2 = 1.422 arcmin^-2
Fitting aperture to hotspot...
Candidate: x_peak:       -0.335, y_peak:        0.945, r_peak:        0.040, sig:        8.368, ra_peak:      211.983, dec_peak:       20.415
Characteristic density local = 5331.7 deg^-2 = 1.481 arcmin^-2
Fitting aperture to hotspot...
Candidate: x_peak:        0.035, y_peak:        0.995, r_peak:        0.020, sig:       16.705, ra_peak:      212.377, dec_peak:       20.465
Characteristic density local = 5170.5 deg^-2 = 1.436 arcmin^-2
Fitting aperture to hotspot...
Candidate: x_peak:        0.095, y_peak:       -1.145, r_peak:        0.020, sig:       12.236, ra_peak:      212.440, dec_peak:       18.325
Characteristic density local = 5053.2 deg^-2 = 1.404 arcmin^-2
Fitting aperture to hotspot...
Candidate: x_peak:        0.095, y_peak:        0.265, r_peak:        0.020, sig:        9.694, ra_peak:      212.441, dec_peak:       19.735
Characteristic density local = 5140.7 deg^-2 = 1.428 arcmin^-2
Fitting aperture to hotspot...
Candidate: x_peak:        0.205, y_peak:       -0.115, r_peak:        0.020, sig:        9.023, ra_peak:      212.557, dec_peak:       19.355
Characteristic density local = 5146.7 deg^-2 = 1.430 arcmin^-2
Fitting aperture to hotspot...
Candidate: x_peak:        0.375, y_peak:       -0.375, r_peak:        0.020, sig:        8.606, ra_peak:      212.737, dec_peak:       19.095
Characteristic density local = 4856.2 deg^-2 = 1.349 arcmin^-2
Fitting aperture to hotspot...
Candidate: x_peak:        0.625, y_peak:       -0.525, r_peak:        0.020, sig:        9.443, ra_peak:      213.001, dec_peak:       18.944
Characteristic density local = 4619.5 deg^-2 = 1.283 arcmin^-2
Fitting aperture to hotspot...
Candidate: x_peak:        0.655, y_peak:       -0.415, r_peak:        0.030, sig:        8.232, ra_peak:      213.033, dec_peak:       19.054
Characteristic density local = 7629.5 deg^-2 = 2.119 arcmin^-2
Fitting aperture to hotspot...
Candidate: x_peak:        1.285, y_peak:       -0.035, r_peak:        0.040, sig:        9.931, ra_peak:      213.703, dec_peak:       19.430
Distance = 20.0 kpc (m-M = 16.5)
657945 objects left after isochrone cut...
Characteristic density = 4900.0 deg^-2
Characteristic density local = 5118.8 deg^-2 = 1.422 arcmin^-2
Fitting aperture to hotspot...
Candidate: x_peak:       -0.335, y_peak:        0.945, r_peak:        0.040, sig:        8.368, ra_peak:      211.983, dec_peak:       20.415
Characteristic density local = 5331.7 deg^-2 = 1.481 arcmin^-2
Fitting aperture to hotspot...
Candidate: x_peak:        0.035, y_peak:        0.995, r_peak:        0.020, sig:       16.705, ra_peak:      212.377, dec_peak:       20.465
Characteristic density local = 5170.5 deg^-2 = 1.436 arcmin^-2
Fitting aperture to hotspot...
Candidate: x_peak:        0.095, y_peak:       -1.145, r_peak:        0.020, sig:       12.236, ra_peak:      212.440, dec_peak:       18.325
Characteristic density local = 5053.2 deg^-2 = 1.404 arcmin^-2
Fitting aperture to hotspot...
Candidate: x_peak:        0.095, y_peak:        0.265, r_peak:        0.020, sig:        9.694, ra_peak:      212.441, dec_peak:       19.735
Characteristic density local = 5140.7 deg^-2 = 1.428 arcmin^-2
Fitting aperture to hotspot...
Candidate: x_peak:        0.205, y_peak:       -0.115, r_peak:        0.020, sig:        9.023, ra_peak:      212.557, dec_peak:       19.355
Characteristic density local = 5146.7 deg^-2 = 1.430 arcmin^-2
Fitting aperture to hotspot...
Candidate: x_peak:        0.375, y_peak:       -0.375, r_peak:        0.020, sig:        8.606, ra_peak:      212.737, dec_peak:       19.095
Characteristic density local = 4856.2 deg^-2 = 1.349 arcmin^-2
Fitting aperture to hotspot...
Candidate: x_peak:        0.625, y_peak:       -0.525, r_peak:        0.020, sig:        9.443, ra_peak:      213.001, dec_peak:       18.944
Characteristic density local = 4619.5 deg^-2 = 1.283 arcmin^-2
Fitting aperture to hotspot...
Candidate: x_peak:        0.655, y_peak:       -0.415, r_peak:        0.030, sig:        8.232, ra_peak:      213.033, dec_peak:       19.054
Characteristic density local = 7629.5 deg^-2 = 2.119 arcmin^-2
Fitting aperture to hotspot...
Candidate: x_peak:        1.285, y_peak:       -0.035, r_peak:        0.040, sig:        9.931, ra_peak:      213.703, dec_peak:       19.430
Distance = 25.1 kpc (m-M = 17.0)
657945 objects left after isochrone cut...
Characteristic density = 4900.0 deg^-2
Characteristic density local = 5118.8 deg^-2 = 1.422 arcmin^-2
Fitting aperture to hotspot...
Candidate: x_peak:       -0.335, y_peak:        0.945, r_peak:        0.040, sig:        8.368, ra_peak:      211.983, dec_peak:       20.415
Characteristic density local = 5331.7 deg^-2 = 1.481 arcmin^-2
Fitting aperture to hotspot...
Candidate: x_peak:        0.035, y_peak:        0.995, r_peak:        0.020, sig:       16.705, ra_peak:      212.377, dec_peak:       20.465
Characteristic density local = 5170.5 deg^-2 = 1.436 arcmin^-2
Fitting aperture to hotspot...
Candidate: x_peak:        0.095, y_peak:       -1.145, r_peak:        0.020, sig:       12.236, ra_peak:      212.440, dec_peak:       18.325
Characteristic density local = 5053.2 deg^-2 = 1.404 arcmin^-2
Fitting aperture to hotspot...
Candidate: x_peak:        0.095, y_peak:        0.265, r_peak:        0.020, sig:        9.694, ra_peak:      212.441, dec_peak:       19.735
Characteristic density local = 5140.7 deg^-2 = 1.428 arcmin^-2
Fitting aperture to hotspot...
Candidate: x_peak:        0.205, y_peak:       -0.115, r_peak:        0.020, sig:        9.023, ra_peak:      212.557, dec_peak:       19.355
Characteristic density local = 5146.7 deg^-2 = 1.430 arcmin^-2
Fitting aperture to hotspot...
Candidate: x_peak:        0.375, y_peak:       -0.375, r_peak:        0.020, sig:        8.606, ra_peak:      212.737, dec_peak:       19.095
Characteristic density local = 4856.2 deg^-2 = 1.349 arcmin^-2
Fitting aperture to hotspot...
Candidate: x_peak:        0.625, y_peak:       -0.525, r_peak:        0.020, sig:        9.443, ra_peak:      213.001, dec_peak:       18.944
Characteristic density local = 4619.5 deg^-2 = 1.283 arcmin^-2
Fitting aperture to hotspot...
Candidate: x_peak:        0.655, y_peak:       -0.415, r_peak:        0.030, sig:        8.232, ra_peak:      213.033, dec_peak:       19.054
Characteristic density local = 7629.5 deg^-2 = 2.119 arcmin^-2
Fitting aperture to hotspot...
Candidate: x_peak:        1.285, y_peak:       -0.035, r_peak:        0.040, sig:        9.931, ra_peak:      213.703, dec_peak:       19.430
Distance = 31.6 kpc (m-M = 17.5)
657946 objects left after isochrone cut...
Characteristic density = 4900.0 deg^-2
Characteristic density local = 5118.8 deg^-2 = 1.422 arcmin^-2
Fitting aperture to hotspot...
Candidate: x_peak:       -0.335, y_peak:        0.945, r_peak:        0.040, sig:        8.368, ra_peak:      211.983, dec_peak:       20.415
Characteristic density local = 5331.7 deg^-2 = 1.481 arcmin^-2
Fitting aperture to hotspot...
Candidate: x_peak:        0.035, y_peak:        0.995, r_peak:        0.020, sig:       16.705, ra_peak:      212.377, dec_peak:       20.465
Characteristic density local = 5170.5 deg^-2 = 1.436 arcmin^-2
Fitting aperture to hotspot...
Candidate: x_peak:        0.095, y_peak:       -1.145, r_peak:        0.020, sig:       12.236, ra_peak:      212.440, dec_peak:       18.325
Characteristic density local = 5053.2 deg^-2 = 1.404 arcmin^-2
Fitting aperture to hotspot...
Candidate: x_peak:        0.095, y_peak:        0.265, r_peak:        0.020, sig:        9.694, ra_peak:      212.441, dec_peak:       19.735
Characteristic density local = 5140.7 deg^-2 = 1.428 arcmin^-2
Fitting aperture to hotspot...
Candidate: x_peak:        0.205, y_peak:       -0.115, r_peak:        0.020, sig:        9.023, ra_peak:      212.557, dec_peak:       19.355
Characteristic density local = 5146.7 deg^-2 = 1.430 arcmin^-2
Fitting aperture to hotspot...
Candidate: x_peak:        0.375, y_peak:       -0.375, r_peak:        0.020, sig:        8.606, ra_peak:      212.737, dec_peak:       19.095
Characteristic density local = 4856.2 deg^-2 = 1.349 arcmin^-2
Fitting aperture to hotspot...
Candidate: x_peak:        0.625, y_peak:       -0.525, r_peak:        0.020, sig:        9.443, ra_peak:      213.001, dec_peak:       18.944
Characteristic density local = 4619.5 deg^-2 = 1.283 arcmin^-2
Fitting aperture to hotspot...
Candidate: x_peak:        0.655, y_peak:       -0.415, r_peak:        0.030, sig:        8.232, ra_peak:      213.033, dec_peak:       19.054
Characteristic density local = 7629.5 deg^-2 = 2.119 arcmin^-2
Fitting aperture to hotspot...
Candidate: x_peak:        1.285, y_peak:       -0.035, r_peak:        0.040, sig:        9.931, ra_peak:      213.703, dec_peak:       19.430
Distance = 39.8 kpc (m-M = 18.0)
657930 objects left after isochrone cut...
Characteristic density = 4900.0 deg^-2
Characteristic density local = 5116.8 deg^-2 = 1.421 arcmin^-2
Fitting aperture to hotspot...
Candidate: x_peak:       -0.335, y_peak:        0.945, r_peak:        0.040, sig:        8.371, ra_peak:      211.983, dec_peak:       20.415
Characteristic density local = 5329.7 deg^-2 = 1.480 arcmin^-2
Fitting aperture to hotspot...
Candidate: x_peak:        0.035, y_peak:        0.995, r_peak:        0.020, sig:       16.706, ra_peak:      212.377, dec_peak:       20.465
Characteristic density local = 5170.5 deg^-2 = 1.436 arcmin^-2
Fitting aperture to hotspot...
Candidate: x_peak:        0.095, y_peak:       -1.145, r_peak:        0.020, sig:       12.236, ra_peak:      212.440, dec_peak:       18.325
Characteristic density local = 5053.2 deg^-2 = 1.404 arcmin^-2
Fitting aperture to hotspot...
Candidate: x_peak:        0.095, y_peak:        0.265, r_peak:        0.020, sig:        9.694, ra_peak:      212.441, dec_peak:       19.735
Characteristic density local = 5140.7 deg^-2 = 1.428 arcmin^-2
Fitting aperture to hotspot...
Candidate: x_peak:        0.205, y_peak:       -0.115, r_peak:        0.020, sig:        9.023, ra_peak:      212.557, dec_peak:       19.355
Characteristic density local = 5146.7 deg^-2 = 1.430 arcmin^-2
Fitting aperture to hotspot...
Candidate: x_peak:        0.375, y_peak:       -0.375, r_peak:        0.020, sig:        8.606, ra_peak:      212.737, dec_peak:       19.095
Characteristic density local = 4856.2 deg^-2 = 1.349 arcmin^-2
Fitting aperture to hotspot...
Candidate: x_peak:        0.625, y_peak:       -0.525, r_peak:        0.020, sig:        9.443, ra_peak:      213.001, dec_peak:       18.944
Characteristic density local = 4619.5 deg^-2 = 1.283 arcmin^-2
Fitting aperture to hotspot...
Candidate: x_peak:        0.655, y_peak:       -0.415, r_peak:        0.030, sig:        8.232, ra_peak:      213.033, dec_peak:       19.054
Characteristic density local = 7629.5 deg^-2 = 2.119 arcmin^-2
Fitting aperture to hotspot...
Candidate: x_peak:        1.285, y_peak:       -0.035, r_peak:        0.040, sig:        9.931, ra_peak:      213.703, dec_peak:       19.430
Distance = 50.1 kpc (m-M = 18.5)
657169 objects left after isochrone cut...
Characteristic density = 4900.0 deg^-2
Characteristic density local = 5077.0 deg^-2 = 1.410 arcmin^-2
Fitting aperture to hotspot...
Candidate: x_peak:       -0.335, y_peak:        0.945, r_peak:        0.040, sig:        8.286, ra_peak:      211.983, dec_peak:       20.415
Characteristic density local = 5280.0 deg^-2 = 1.467 arcmin^-2
Fitting aperture to hotspot...
Candidate: x_peak:        0.035, y_peak:        0.995, r_peak:        0.020, sig:       16.751, ra_peak:      212.377, dec_peak:       20.465
Characteristic density local = 5146.7 deg^-2 = 1.430 arcmin^-2
Fitting aperture to hotspot...
Candidate: x_peak:        0.095, y_peak:       -1.145, r_peak:        0.020, sig:       12.256, ra_peak:      212.440, dec_peak:       18.325
Characteristic density local = 5027.3 deg^-2 = 1.396 arcmin^-2
Fitting aperture to hotspot...
Candidate: x_peak:        0.095, y_peak:        0.265, r_peak:        0.020, sig:        9.713, ra_peak:      212.441, dec_peak:       19.735
Characteristic density local = 5116.8 deg^-2 = 1.421 arcmin^-2
Fitting aperture to hotspot...
Candidate: x_peak:        0.205, y_peak:       -0.115, r_peak:        0.020, sig:        9.041, ra_peak:      212.557, dec_peak:       19.355
Characteristic density local = 5116.8 deg^-2 = 1.421 arcmin^-2
Fitting aperture to hotspot...
Candidate: x_peak:        0.375, y_peak:       -0.375, r_peak:        0.020, sig:        8.628, ra_peak:      212.737, dec_peak:       19.095
Characteristic density local = 4840.3 deg^-2 = 1.345 arcmin^-2
Fitting aperture to hotspot...
Candidate: x_peak:        0.625, y_peak:       -0.525, r_peak:        0.020, sig:        9.455, ra_peak:      213.001, dec_peak:       18.944
Characteristic density local = 4591.6 deg^-2 = 1.275 arcmin^-2
Fitting aperture to hotspot...
Candidate: x_peak:        0.655, y_peak:       -0.415, r_peak:        0.030, sig:        8.261, ra_peak:      213.033, dec_peak:       19.054
Characteristic density local = 7599.6 deg^-2 = 2.111 arcmin^-2
Fitting aperture to hotspot...
Candidate: x_peak:        1.285, y_peak:       -0.035, r_peak:        0.040, sig:        9.961, ra_peak:      213.703, dec_peak:       19.430
Distance = 63.1 kpc (m-M = 19.0)
655529 objects left after isochrone cut...
Characteristic density = 4800.0 deg^-2
Characteristic density local = 5017.4 deg^-2 = 1.394 arcmin^-2
Fitting aperture to hotspot...
Candidate: x_peak:       -0.345, y_peak:        0.935, r_peak:        0.050, sig:        6.853, ra_peak:      211.972, dec_peak:       20.405
Characteristic density local = 5011.4 deg^-2 = 1.392 arcmin^-2
Fitting aperture to hotspot...
Candidate: x_peak:       -0.335, y_peak:        0.945, r_peak:        0.040, sig:        8.233, ra_peak:      211.983, dec_peak:       20.415
Characteristic density local = 5216.3 deg^-2 = 1.449 arcmin^-2
Fitting aperture to hotspot...
Candidate: x_peak:        0.035, y_peak:        0.995, r_peak:        0.020, sig:       16.808, ra_peak:      212.377, dec_peak:       20.465
Characteristic density local = 5087.0 deg^-2 = 1.413 arcmin^-2
Fitting aperture to hotspot...
Candidate: x_peak:        0.095, y_peak:       -1.145, r_peak:        0.020, sig:       12.305, ra_peak:      212.440, dec_peak:       18.325
Characteristic density local = 4975.6 deg^-2 = 1.382 arcmin^-2
Fitting aperture to hotspot...
Candidate: x_peak:        0.095, y_peak:        0.265, r_peak:        0.020, sig:        9.753, ra_peak:      212.441, dec_peak:       19.735
Characteristic density local = 5065.1 deg^-2 = 1.407 arcmin^-2
Fitting aperture to hotspot...
Candidate: x_peak:        0.205, y_peak:       -0.115, r_peak:        0.020, sig:        9.079, ra_peak:      212.557, dec_peak:       19.355
Characteristic density local = 4547.9 deg^-2 = 1.263 arcmin^-2
Fitting aperture to hotspot...
Candidate: x_peak:        0.655, y_peak:       -0.415, r_peak:        0.030, sig:        8.307, ra_peak:      213.033, dec_peak:       19.054
Characteristic density local = 7545.9 deg^-2 = 2.096 arcmin^-2
Fitting aperture to hotspot...
Candidate: x_peak:        1.285, y_peak:       -0.035, r_peak:        0.040, sig:       10.015, ra_peak:      213.703, dec_peak:       19.430
Distance = 79.4 kpc (m-M = 19.5)
653398 objects left after isochrone cut...
Characteristic density = 4800.0 deg^-2
Characteristic density local = 4917.9 deg^-2 = 1.366 arcmin^-2
Fitting aperture to hotspot...
Candidate: x_peak:       -0.335, y_peak:        0.945, r_peak:        0.040, sig:        8.350, ra_peak:      211.983, dec_peak:       20.415
Characteristic density local = 5156.6 deg^-2 = 1.432 arcmin^-2
Fitting aperture to hotspot...
Candidate: x_peak:        0.035, y_peak:        0.995, r_peak:        0.020, sig:       16.862, ra_peak:      212.377, dec_peak:       20.465
Characteristic density local = 5025.3 deg^-2 = 1.396 arcmin^-2
Fitting aperture to hotspot...
Candidate: x_peak:        0.095, y_peak:       -1.145, r_peak:        0.020, sig:       12.355, ra_peak:      212.440, dec_peak:       18.325
Characteristic density local = 4902.0 deg^-2 = 1.362 arcmin^-2
Fitting aperture to hotspot...
Candidate: x_peak:        0.095, y_peak:        0.265, r_peak:        0.020, sig:        9.810, ra_peak:      212.441, dec_peak:       19.735
Characteristic density local = 4965.6 deg^-2 = 1.379 arcmin^-2
Fitting aperture to hotspot...
Candidate: x_peak:        0.205, y_peak:       -0.115, r_peak:        0.020, sig:        9.154, ra_peak:      212.557, dec_peak:       19.355
Characteristic density local = 4985.5 deg^-2 = 1.385 arcmin^-2
Fitting aperture to hotspot...
Candidate: x_peak:        0.375, y_peak:       -0.375, r_peak:        0.020, sig:        8.725, ra_peak:      212.737, dec_peak:       19.095
Characteristic density local = 4715.0 deg^-2 = 1.310 arcmin^-2
Fitting aperture to hotspot...
Candidate: x_peak:        0.625, y_peak:       -0.525, r_peak:        0.020, sig:        9.554, ra_peak:      213.001, dec_peak:       18.944
Characteristic density local = 4458.3 deg^-2 = 1.238 arcmin^-2
Fitting aperture to hotspot...
Candidate: x_peak:        0.655, y_peak:       -0.415, r_peak:        0.020, sig:        8.272, ra_peak:      213.033, dec_peak:       19.054
Characteristic density local = 7470.3 deg^-2 = 2.075 arcmin^-2
Fitting aperture to hotspot...
Candidate: x_peak:        1.285, y_peak:       -0.035, r_peak:        0.040, sig:       10.092, ra_peak:      213.703, dec_peak:       19.430
Distance = 100.0 kpc (m-M = 20.0)
650831 objects left after isochrone cut...
Characteristic density = 4700.0 deg^-2
Characteristic density local = 4846.3 deg^-2 = 1.346 arcmin^-2
Fitting aperture to hotspot...
Candidate: x_peak:       -0.345, y_peak:        0.935, r_peak:        0.050, sig:        6.864, ra_peak:      211.972, dec_peak:       20.405
Characteristic density local = 4838.3 deg^-2 = 1.344 arcmin^-2
Fitting aperture to hotspot...
Candidate: x_peak:       -0.335, y_peak:        0.945, r_peak:        0.040, sig:        8.316, ra_peak:      211.983, dec_peak:       20.415
Characteristic density local = 5085.0 deg^-2 = 1.413 arcmin^-2
Fitting aperture to hotspot...
Candidate: x_peak:        0.035, y_peak:        0.995, r_peak:        0.020, sig:       16.928, ra_peak:      212.377, dec_peak:       20.465
Characteristic density local = 4915.9 deg^-2 = 1.366 arcmin^-2
Fitting aperture to hotspot...
Candidate: x_peak:        0.095, y_peak:       -1.145, r_peak:        0.020, sig:       12.447, ra_peak:      212.440, dec_peak:       18.325
Characteristic density local = 4814.4 deg^-2 = 1.337 arcmin^-2
Fitting aperture to hotspot...
Candidate: x_peak:        0.095, y_peak:        0.265, r_peak:        0.020, sig:        9.879, ra_peak:      212.441, dec_peak:       19.735
Characteristic density local = 4898.0 deg^-2 = 1.361 arcmin^-2
Fitting aperture to hotspot...
Candidate: x_peak:        0.205, y_peak:       -0.115, r_peak:        0.020, sig:        9.206, ra_peak:      212.557, dec_peak:       19.355
Characteristic density local = 4633.4 deg^-2 = 1.287 arcmin^-2
Fitting aperture to hotspot...
Candidate: x_peak:        0.625, y_peak:       -0.525, r_peak:        0.020, sig:        9.619, ra_peak:      213.001, dec_peak:       18.944
Characteristic density local = 4380.7 deg^-2 = 1.217 arcmin^-2
Fitting aperture to hotspot...
Candidate: x_peak:        0.655, y_peak:       -0.415, r_peak:        0.020, sig:        8.334, ra_peak:      213.033, dec_peak:       19.054
Characteristic density local = 7380.8 deg^-2 = 2.050 arcmin^-2
Fitting aperture to hotspot...
Candidate: x_peak:        1.285, y_peak:       -0.035, r_peak:        0.040, sig:       10.184, ra_peak:      213.703, dec_peak:       19.430
Distance = 125.9 kpc (m-M = 20.5)
647741 objects left after isochrone cut...
Characteristic density = 4600.0 deg^-2
Characteristic density local = 4709.0 deg^-2 = 1.308 arcmin^-2
Fitting aperture to hotspot...
Candidate: x_peak:       -0.335, y_peak:        0.945, r_peak:        0.040, sig:        8.345, ra_peak:      211.983, dec_peak:       20.415
Characteristic density local = 4987.5 deg^-2 = 1.385 arcmin^-2
Fitting aperture to hotspot...
Candidate: x_peak:        0.035, y_peak:        0.995, r_peak:        0.020, sig:       17.018, ra_peak:      212.377, dec_peak:       20.465
Characteristic density local = 4824.4 deg^-2 = 1.340 arcmin^-2
Fitting aperture to hotspot...
Candidate: x_peak:        0.095, y_peak:       -1.145, r_peak:        0.020, sig:       12.525, ra_peak:      212.440, dec_peak:       18.325
Characteristic density local = 4703.0 deg^-2 = 1.306 arcmin^-2
Fitting aperture to hotspot...
Candidate: x_peak:        0.095, y_peak:        0.265, r_peak:        0.020, sig:        9.969, ra_peak:      212.441, dec_peak:       19.735
Characteristic density local = 4794.5 deg^-2 = 1.332 arcmin^-2
Fitting aperture to hotspot...
Candidate: x_peak:        0.205, y_peak:       -0.115, r_peak:        0.020, sig:        9.286, ra_peak:      212.557, dec_peak:       19.355
Characteristic density local = 4812.4 deg^-2 = 1.337 arcmin^-2
Fitting aperture to hotspot...
Candidate: x_peak:        0.375, y_peak:       -0.375, r_peak:        0.020, sig:        8.856, ra_peak:      212.737, dec_peak:       19.095
Characteristic density local = 4498.1 deg^-2 = 1.249 arcmin^-2
Fitting aperture to hotspot...
Candidate: x_peak:        0.625, y_peak:       -0.525, r_peak:        0.020, sig:        9.729, ra_peak:      213.001, dec_peak:       18.944
Characteristic density local = 4257.4 deg^-2 = 1.183 arcmin^-2
Fitting aperture to hotspot...
Candidate: x_peak:        0.655, y_peak:       -0.415, r_peak:        0.030, sig:        8.450, ra_peak:      213.033, dec_peak:       19.054
Characteristic density local = 7257.5 deg^-2 = 2.016 arcmin^-2
Fitting aperture to hotspot...
Candidate: x_peak:        1.285, y_peak:       -0.035, r_peak:        0.040, sig:       10.201, ra_peak:      213.703, dec_peak:       19.430
Distance = 158.5 kpc (m-M = 21.0)
643790 objects left after isochrone cut...
Characteristic density = 4400.0 deg^-2
Characteristic density local = 4563.8 deg^-2 = 1.268 arcmin^-2
Fitting aperture to hotspot...
Candidate: x_peak:       -0.335, y_peak:        0.945, r_peak:        0.040, sig:        8.536, ra_peak:      211.983, dec_peak:       20.415
Characteristic density local = 4846.3 deg^-2 = 1.346 arcmin^-2
Fitting aperture to hotspot...
Candidate: x_peak:        0.035, y_peak:        0.995, r_peak:        0.020, sig:       17.152, ra_peak:      212.377, dec_peak:       20.465
Characteristic density local = 4665.2 deg^-2 = 1.296 arcmin^-2
Fitting aperture to hotspot...
Candidate: x_peak:        0.095, y_peak:       -1.145, r_peak:        0.020, sig:       12.663, ra_peak:      212.440, dec_peak:       18.325
Characteristic density local = 4583.7 deg^-2 = 1.273 arcmin^-2
Fitting aperture to hotspot...
Candidate: x_peak:        0.105, y_peak:        0.265, r_peak:        0.020, sig:       10.858, ra_peak:      212.452, dec_peak:       19.735
Characteristic density local = 4679.2 deg^-2 = 1.300 arcmin^-2
Fitting aperture to hotspot...
Candidate: x_peak:        0.205, y_peak:       -0.115, r_peak:        0.020, sig:        9.377, ra_peak:      212.557, dec_peak:       19.355
Characteristic density local = 4677.2 deg^-2 = 1.299 arcmin^-2
Fitting aperture to hotspot...
Candidate: x_peak:        0.375, y_peak:       -0.375, r_peak:        0.020, sig:        8.961, ra_peak:      212.737, dec_peak:       19.095
Characteristic density local = 4366.8 deg^-2 = 1.213 arcmin^-2
Fitting aperture to hotspot...
Candidate: x_peak:        0.625, y_peak:       -0.525, r_peak:        0.020, sig:        9.839, ra_peak:      213.001, dec_peak:       18.944
Characteristic density local = 4128.1 deg^-2 = 1.147 arcmin^-2
Fitting aperture to hotspot...
Candidate: x_peak:        0.655, y_peak:       -0.415, r_peak:        0.030, sig:        8.594, ra_peak:      213.033, dec_peak:       19.054
Characteristic density local = 7142.1 deg^-2 = 1.984 arcmin^-2
Fitting aperture to hotspot...
Candidate: x_peak:        1.285, y_peak:       -0.035, r_peak:        0.040, sig:       10.322, ra_peak:      213.703, dec_peak:       19.430
Distance = 199.5 kpc (m-M = 21.5)
638945 objects left after isochrone cut...
Characteristic density = 4300.0 deg^-2
Characteristic density local = 4416.5 deg^-2 = 1.227 arcmin^-2
Fitting aperture to hotspot...
Candidate: x_peak:       -0.335, y_peak:        0.945, r_peak:        0.040, sig:        8.455, ra_peak:      211.983, dec_peak:       20.415
Characteristic density local = 4679.2 deg^-2 = 1.300 arcmin^-2
Fitting aperture to hotspot...
Candidate: x_peak:        0.035, y_peak:        0.995, r_peak:        0.020, sig:       17.315, ra_peak:      212.377, dec_peak:       20.465
Characteristic density local = 4468.3 deg^-2 = 1.241 arcmin^-2
Fitting aperture to hotspot...
Candidate: x_peak:        0.095, y_peak:       -1.145, r_peak:        0.020, sig:       12.839, ra_peak:      212.440, dec_peak:       18.325
Characteristic density local = 4412.6 deg^-2 = 1.226 arcmin^-2
Fitting aperture to hotspot...
Candidate: x_peak:        0.105, y_peak:        0.265, r_peak:        0.020, sig:       11.005, ra_peak:      212.452, dec_peak:       19.735
Characteristic density local = 4516.0 deg^-2 = 1.254 arcmin^-2
Fitting aperture to hotspot...
Candidate: x_peak:        0.205, y_peak:       -0.115, r_peak:        0.020, sig:        9.090, ra_peak:      212.557, dec_peak:       19.355
Characteristic density local = 4181.8 deg^-2 = 1.162 arcmin^-2
Fitting aperture to hotspot...
Candidate: x_peak:        0.625, y_peak:       -0.525, r_peak:        0.020, sig:        9.998, ra_peak:      213.001, dec_peak:       18.944
Characteristic density local = 3974.9 deg^-2 = 1.104 arcmin^-2
Fitting aperture to hotspot...
Candidate: x_peak:        0.655, y_peak:       -0.415, r_peak:        0.030, sig:        8.770, ra_peak:      213.033, dec_peak:       19.054
Characteristic density local = 6915.3 deg^-2 = 1.921 arcmin^-2
Fitting aperture to hotspot...
Candidate: x_peak:        1.285, y_peak:       -0.035, r_peak:        0.040, sig:       10.452, ra_peak:      213.703, dec_peak:       19.430
Distance = 251.2 kpc (m-M = 22.0)
632877 objects left after isochrone cut...
Characteristic density = 4100.0 deg^-2
Characteristic density local = 4255.4 deg^-2 = 1.182 arcmin^-2
Fitting aperture to hotspot...
Candidate: x_peak:       -0.335, y_peak:        0.945, r_peak:        0.040, sig:        8.392, ra_peak:      211.983, dec_peak:       20.415
Characteristic density local = 4482.2 deg^-2 = 1.245 arcmin^-2
Fitting aperture to hotspot...
Candidate: x_peak:        0.035, y_peak:        0.995, r_peak:        0.020, sig:       17.357, ra_peak:      212.377, dec_peak:       20.465
Characteristic density local = 4283.3 deg^-2 = 1.190 arcmin^-2
Fitting aperture to hotspot...
Candidate: x_peak:        0.095, y_peak:       -1.145, r_peak:        0.020, sig:       12.827, ra_peak:      212.440, dec_peak:       18.325
Characteristic density local = 4203.7 deg^-2 = 1.168 arcmin^-2
Fitting aperture to hotspot...
Candidate: x_peak:        0.105, y_peak:        0.265, r_peak:        0.020, sig:       11.190, ra_peak:      212.452, dec_peak:       19.735
Characteristic density local = 4285.2 deg^-2 = 1.190 arcmin^-2
Fitting aperture to hotspot...
Candidate: x_peak:        0.205, y_peak:       -0.115, r_peak:        0.020, sig:        9.279, ra_peak:      212.557, dec_peak:       19.355
Characteristic density local = 3996.8 deg^-2 = 1.110 arcmin^-2
Fitting aperture to hotspot...
Candidate: x_peak:        0.625, y_peak:       -0.525, r_peak:        0.020, sig:        9.953, ra_peak:      213.001, dec_peak:       18.944
Characteristic density local = 3783.9 deg^-2 = 1.051 arcmin^-2
Fitting aperture to hotspot...
Candidate: x_peak:        0.655, y_peak:       -0.415, r_peak:        0.020, sig:        8.839, ra_peak:      213.033, dec_peak:       19.054
Characteristic density local = 6441.8 deg^-2 = 1.789 arcmin^-2
Fitting aperture to hotspot...
Candidate: x_peak:        1.285, y_peak:       -0.035, r_peak:        0.040, sig:       10.863, ra_peak:      213.703, dec_peak:       19.430
Distance = 316.2 kpc (m-M = 22.5)
625555 objects left after isochrone cut...
Characteristic density = 3900.0 deg^-2
Characteristic density local = 4030.6 deg^-2 = 1.120 arcmin^-2
Fitting aperture to hotspot...
Candidate: x_peak:       -0.335, y_peak:        0.945, r_peak:        0.040, sig:        8.565, ra_peak:      211.983, dec_peak:       20.415
Characteristic density local = 4229.5 deg^-2 = 1.175 arcmin^-2
Fitting aperture to hotspot...
Candidate: x_peak:        0.035, y_peak:        0.995, r_peak:        0.020, sig:       17.620, ra_peak:      212.377, dec_peak:       20.465
Characteristic density local = 4052.5 deg^-2 = 1.126 arcmin^-2
Fitting aperture to hotspot...
Candidate: x_peak:        0.085, y_peak:       -1.145, r_peak:        0.020, sig:       11.329, ra_peak:      212.430, dec_peak:       18.325
Characteristic density local = 3982.9 deg^-2 = 1.106 arcmin^-2
Fitting aperture to hotspot...
Candidate: x_peak:        0.095, y_peak:        0.265, r_peak:        0.020, sig:       10.588, ra_peak:      212.441, dec_peak:       19.735
Characteristic density local = 4032.6 deg^-2 = 1.120 arcmin^-2
Fitting aperture to hotspot...
Candidate: x_peak:        0.205, y_peak:       -0.115, r_peak:        0.020, sig:        9.497, ra_peak:      212.557, dec_peak:       19.355
Characteristic density local = 3585.0 deg^-2 = 0.996 arcmin^-2
Fitting aperture to hotspot...
Candidate: x_peak:        0.655, y_peak:       -0.415, r_peak:        0.030, sig:        9.063, ra_peak:      213.033, dec_peak:       19.054
Characteristic density local = 5904.6 deg^-2 = 1.640 arcmin^-2
Fitting aperture to hotspot...
Candidate: x_peak:        1.285, y_peak:       -0.035, r_peak:        0.040, sig:       11.260, ra_peak:      213.703, dec_peak:       19.430
Distance = 398.1 kpc (m-M = 23.0)
616800 objects left after isochrone cut...
Characteristic density = 3600.0 deg^-2
Characteristic density local = 3754.1 deg^-2 = 1.043 arcmin^-2
Fitting aperture to hotspot...
Candidate: x_peak:       -0.335, y_peak:        0.945, r_peak:        0.040, sig:        8.531, ra_peak:      211.983, dec_peak:       20.415
Characteristic density local = 3925.2 deg^-2 = 1.090 arcmin^-2
Fitting aperture to hotspot...
Candidate: x_peak:        0.035, y_peak:        0.995, r_peak:        0.020, sig:       17.955, ra_peak:      212.377, dec_peak:       20.465
Characteristic density local = 3801.8 deg^-2 = 1.056 arcmin^-2
Fitting aperture to hotspot...
Candidate: x_peak:        0.095, y_peak:       -1.145, r_peak:        0.020, sig:       12.352, ra_peak:      212.440, dec_peak:       18.325
Characteristic density local = 3696.4 deg^-2 = 1.027 arcmin^-2
Fitting aperture to hotspot...
Candidate: x_peak:        0.095, y_peak:        0.265, r_peak:        0.020, sig:       10.860, ra_peak:      212.441, dec_peak:       19.735
Characteristic density local = 3758.0 deg^-2 = 1.044 arcmin^-2
Fitting aperture to hotspot...
Candidate: x_peak:        0.205, y_peak:       -0.115, r_peak:        0.020, sig:        9.745, ra_peak:      212.557, dec_peak:       19.355
Characteristic density local = 3316.4 deg^-2 = 0.921 arcmin^-2
Fitting aperture to hotspot...
Candidate: x_peak:        0.655, y_peak:       -0.415, r_peak:        0.030, sig:        9.409, ra_peak:      213.033, dec_peak:       19.054
Characteristic density local = 5327.7 deg^-2 = 1.480 arcmin^-2
Fitting aperture to hotspot...
Candidate: x_peak:        1.285, y_peak:       -0.035, r_peak:        0.040, sig:       11.745, ra_peak:      213.703, dec_peak:       19.430
17.95 sigma; (RA, Dec, d) = (212.38, 20.47); r = 0.02 deg; d = 398.1, mu = 23.00 mag), mc_source_id: 0.00
12.84 sigma; (RA, Dec, d) = (212.44, 18.32); r = 0.02 deg; d = 199.5, mu = 21.50 mag), mc_source_id: 0.00
11.75 sigma; (RA, Dec, d) = (213.70, 19.43); r = 0.04 deg; d = 398.1, mu = 23.00 mag), mc_source_id: 0.00
11.19 sigma; (RA, Dec, d) = (212.45, 19.73); r = 0.02 deg; d = 251.2, mu = 22.00 mag), mc_source_id: 0.00
10.00 sigma; (RA, Dec, d) = (213.00, 18.94); r = 0.02 deg; d = 199.5, mu = 21.50 mag), mc_source_id: 0.00
9.74 sigma; (RA, Dec, d) = (212.56, 19.35); r = 0.02 deg; d = 398.1, mu = 23.00 mag), mc_source_id: 0.00
9.41 sigma; (RA, Dec, d) = (213.03, 19.05); r = 0.03 deg; d = 398.1, mu = 23.00 mag), mc_source_id: 0.00
8.96 sigma; (RA, Dec, d) = (212.74, 19.09); r = 0.02 deg; d = 158.5, mu = 21.00 mag), mc_source_id: 0.00
8.57 sigma; (RA, Dec, d) = (211.98, 20.41); r = 0.04 deg; d = 316.2, mu = 22.50 mag), mc_source_id: 0.00

------------------------------------------------------------
Job <679570.0> was submitted from <des51.fnal.gov> by user <tavangar>.
Job was executed on host <des40.fnal.gov> as user <tavangar>.
</var/lib/condor/execute/dir_1761540> was used as the initial working directory.
Results reported at Wed Jun  5 05:00:15 CDT 2019

Your job looked like:

------------------------------------------------------------
python /home/s1/tavangar/tavangar_simple/search_algorithm.py 212.34 19.47 0.00 /home/s1/tavangar/tavangar_simple/decals_dr7_results/results_nside_32_4107.csv /home/s1/tavangar/tavangar_simple/decals_dr7_results/decals_dr7_log/results_nside_32_4107.log
------------------------------------------------------------

Successfully completed.

Resource usage summary:

	Real time :			569.40 sec.
	CPU time :			274.72 sec.
	CPU percentage :		93%
	Max Memory :			5996832 KB
	Average Memory :		0 KB

The output (if any) is above this job summary.
