/home/s1/tavangar/tavangar_simple/simple_utils.py:170: FutureWarning: elementwise comparison failed; returning scalar instead, but in the future will perform elementwise comparison
  if np.all(isochrone.stage == 'Main'):
Search coordinates: (RA, Dec) = (142.03, 16.96)
Center healpixel: 4338
Healpixels: [4338 4466 4337 4210 4082 4211 4339 4467 4594]
MC_SOURCE_ID = 0.0
mode = 0: running only on real data
Found 1 objects...
Applying cuts...
703442 star-like objects in ROI...
977938 galaxy-like objects in ROI...
No fracdet map specified ...
Distance = 15.8 kpc (m-M = 16.0)
703419 objects left after isochrone cut...
Characteristic density = 5300.0 deg^-2
Characteristic density local = 5636.1 deg^-2 = 1.566 arcmin^-2
Fitting aperture to hotspot...
Candidate: x_peak:       -0.625, y_peak:       -0.365, r_peak:        0.030, sig:       19.520, ra_peak:      141.378, dec_peak:       16.594
Characteristic density local = 5791.3 deg^-2 = 1.609 arcmin^-2
Fitting aperture to hotspot...
Candidate: x_peak:       -0.585, y_peak:        0.135, r_peak:        0.030, sig:       10.057, ra_peak:      141.418, dec_peak:       17.094
Characteristic density local = 6039.9 deg^-2 = 1.678 arcmin^-2
Fitting aperture to hotspot...
Candidate: x_peak:       -0.345, y_peak:       -0.255, r_peak:        0.030, sig:        6.061, ra_peak:      141.670, dec_peak:       16.705
Characteristic density local = 5821.1 deg^-2 = 1.617 arcmin^-2
Fitting aperture to hotspot...
Candidate: x_peak:       -0.105, y_peak:        0.625, r_peak:        0.040, sig:        4.633, ra_peak:      141.920, dec_peak:       17.585
Characteristic density local = 5616.2 deg^-2 = 1.560 arcmin^-2
Fitting aperture to hotspot...
Candidate: x_peak:       -0.085, y_peak:       -0.085, r_peak:        0.020, sig:        8.480, ra_peak:      141.941, dec_peak:       16.875
Characteristic density local = 5580.4 deg^-2 = 1.550 arcmin^-2
Fitting aperture to hotspot...
Candidate: x_peak:       -0.045, y_peak:        0.015, r_peak:        0.020, sig:        7.459, ra_peak:      141.983, dec_peak:       16.975
Characteristic density local = 5882.8 deg^-2 = 1.634 arcmin^-2
Fitting aperture to hotspot...
Candidate: x_peak:        0.065, y_peak:        0.825, r_peak:        0.030, sig:        7.193, ra_peak:      142.098, dec_peak:       17.785
Characteristic density local = 5823.1 deg^-2 = 1.618 arcmin^-2
Fitting aperture to hotspot...
Candidate: x_peak:        0.335, y_peak:        0.685, r_peak:        0.020, sig:        7.300, ra_peak:      142.382, dec_peak:       17.645
Distance = 20.0 kpc (m-M = 16.5)
703435 objects left after isochrone cut...
Characteristic density = 5300.0 deg^-2
Characteristic density local = 5636.1 deg^-2 = 1.566 arcmin^-2
Fitting aperture to hotspot...
Candidate: x_peak:       -0.625, y_peak:       -0.365, r_peak:        0.030, sig:       19.520, ra_peak:      141.378, dec_peak:       16.594
Characteristic density local = 5791.3 deg^-2 = 1.609 arcmin^-2
Fitting aperture to hotspot...
Candidate: x_peak:       -0.585, y_peak:        0.135, r_peak:        0.030, sig:       10.057, ra_peak:      141.418, dec_peak:       17.094
Characteristic density local = 6039.9 deg^-2 = 1.678 arcmin^-2
Fitting aperture to hotspot...
Candidate: x_peak:       -0.345, y_peak:       -0.255, r_peak:        0.030, sig:        6.061, ra_peak:      141.670, dec_peak:       16.705
Characteristic density local = 5821.1 deg^-2 = 1.617 arcmin^-2
Fitting aperture to hotspot...
Candidate: x_peak:       -0.105, y_peak:        0.625, r_peak:        0.040, sig:        4.633, ra_peak:      141.920, dec_peak:       17.585
Characteristic density local = 5616.2 deg^-2 = 1.560 arcmin^-2
Fitting aperture to hotspot...
Candidate: x_peak:       -0.085, y_peak:       -0.085, r_peak:        0.020, sig:        8.480, ra_peak:      141.941, dec_peak:       16.875
Characteristic density local = 5580.4 deg^-2 = 1.550 arcmin^-2
Fitting aperture to hotspot...
Candidate: x_peak:       -0.045, y_peak:        0.015, r_peak:        0.020, sig:        7.459, ra_peak:      141.983, dec_peak:       16.975
Characteristic density local = 5882.8 deg^-2 = 1.634 arcmin^-2
Fitting aperture to hotspot...
Candidate: x_peak:        0.065, y_peak:        0.825, r_peak:        0.030, sig:        7.193, ra_peak:      142.098, dec_peak:       17.785
Characteristic density local = 5823.1 deg^-2 = 1.618 arcmin^-2
Fitting aperture to hotspot...
Candidate: x_peak:        0.335, y_peak:        0.685, r_peak:        0.020, sig:        7.300, ra_peak:      142.382, dec_peak:       17.645
Distance = 25.1 kpc (m-M = 17.0)
703441 objects left after isochrone cut...
Characteristic density = 5300.0 deg^-2
Characteristic density local = 5636.1 deg^-2 = 1.566 arcmin^-2
Fitting aperture to hotspot...
Candidate: x_peak:       -0.625, y_peak:       -0.365, r_peak:        0.030, sig:       19.520, ra_peak:      141.378, dec_peak:       16.594
Characteristic density local = 5791.3 deg^-2 = 1.609 arcmin^-2
Fitting aperture to hotspot...
Candidate: x_peak:       -0.585, y_peak:        0.135, r_peak:        0.030, sig:       10.057, ra_peak:      141.418, dec_peak:       17.094
Characteristic density local = 6039.9 deg^-2 = 1.678 arcmin^-2
Fitting aperture to hotspot...
Candidate: x_peak:       -0.345, y_peak:       -0.255, r_peak:        0.030, sig:        6.061, ra_peak:      141.670, dec_peak:       16.705
Characteristic density local = 5821.1 deg^-2 = 1.617 arcmin^-2
Fitting aperture to hotspot...
Candidate: x_peak:       -0.105, y_peak:        0.625, r_peak:        0.040, sig:        4.633, ra_peak:      141.920, dec_peak:       17.585
Characteristic density local = 5616.2 deg^-2 = 1.560 arcmin^-2
Fitting aperture to hotspot...
Candidate: x_peak:       -0.085, y_peak:       -0.085, r_peak:        0.020, sig:        8.480, ra_peak:      141.941, dec_peak:       16.875
Characteristic density local = 5580.4 deg^-2 = 1.550 arcmin^-2
Fitting aperture to hotspot...
Candidate: x_peak:       -0.045, y_peak:        0.015, r_peak:        0.020, sig:        7.459, ra_peak:      141.983, dec_peak:       16.975
Characteristic density local = 5882.8 deg^-2 = 1.634 arcmin^-2
Fitting aperture to hotspot...
Candidate: x_peak:        0.065, y_peak:        0.825, r_peak:        0.030, sig:        7.193, ra_peak:      142.098, dec_peak:       17.785
Characteristic density local = 5823.1 deg^-2 = 1.618 arcmin^-2
Fitting aperture to hotspot...
Candidate: x_peak:        0.335, y_peak:        0.685, r_peak:        0.020, sig:        7.300, ra_peak:      142.382, dec_peak:       17.645
Distance = 31.6 kpc (m-M = 17.5)
703440 objects left after isochrone cut...
Characteristic density = 5300.0 deg^-2
Characteristic density local = 5636.1 deg^-2 = 1.566 arcmin^-2
Fitting aperture to hotspot...
Candidate: x_peak:       -0.625, y_peak:       -0.365, r_peak:        0.030, sig:       19.520, ra_peak:      141.378, dec_peak:       16.594
Characteristic density local = 5791.3 deg^-2 = 1.609 arcmin^-2
Fitting aperture to hotspot...
Candidate: x_peak:       -0.585, y_peak:        0.135, r_peak:        0.030, sig:       10.057, ra_peak:      141.418, dec_peak:       17.094
Characteristic density local = 6039.9 deg^-2 = 1.678 arcmin^-2
Fitting aperture to hotspot...
Candidate: x_peak:       -0.345, y_peak:       -0.255, r_peak:        0.030, sig:        6.061, ra_peak:      141.670, dec_peak:       16.705
Characteristic density local = 5821.1 deg^-2 = 1.617 arcmin^-2
Fitting aperture to hotspot...
Candidate: x_peak:       -0.105, y_peak:        0.625, r_peak:        0.040, sig:        4.633, ra_peak:      141.920, dec_peak:       17.585
Characteristic density local = 5616.2 deg^-2 = 1.560 arcmin^-2
Fitting aperture to hotspot...
Candidate: x_peak:       -0.085, y_peak:       -0.085, r_peak:        0.020, sig:        8.480, ra_peak:      141.941, dec_peak:       16.875
Characteristic density local = 5580.4 deg^-2 = 1.550 arcmin^-2
Fitting aperture to hotspot...
Candidate: x_peak:       -0.045, y_peak:        0.015, r_peak:        0.020, sig:        7.459, ra_peak:      141.983, dec_peak:       16.975
Characteristic density local = 5882.8 deg^-2 = 1.634 arcmin^-2
Fitting aperture to hotspot...
Candidate: x_peak:        0.065, y_peak:        0.825, r_peak:        0.030, sig:        7.193, ra_peak:      142.098, dec_peak:       17.785
Characteristic density local = 5823.1 deg^-2 = 1.618 arcmin^-2
Fitting aperture to hotspot...
Candidate: x_peak:        0.335, y_peak:        0.685, r_peak:        0.020, sig:        7.300, ra_peak:      142.382, dec_peak:       17.645
Distance = 39.8 kpc (m-M = 18.0)
703428 objects left after isochrone cut...
Characteristic density = 5300.0 deg^-2
Characteristic density local = 5634.1 deg^-2 = 1.565 arcmin^-2
Fitting aperture to hotspot...
Candidate: x_peak:       -0.625, y_peak:       -0.365, r_peak:        0.030, sig:       19.523, ra_peak:      141.378, dec_peak:       16.594
Characteristic density local = 5791.3 deg^-2 = 1.609 arcmin^-2
Fitting aperture to hotspot...
Candidate: x_peak:       -0.585, y_peak:        0.135, r_peak:        0.030, sig:       10.057, ra_peak:      141.418, dec_peak:       17.094
Characteristic density local = 6039.9 deg^-2 = 1.678 arcmin^-2
Fitting aperture to hotspot...
Candidate: x_peak:       -0.345, y_peak:       -0.255, r_peak:        0.030, sig:        6.061, ra_peak:      141.670, dec_peak:       16.705
Characteristic density local = 5819.1 deg^-2 = 1.616 arcmin^-2
Fitting aperture to hotspot...
Candidate: x_peak:       -0.105, y_peak:        0.625, r_peak:        0.040, sig:        4.635, ra_peak:      141.920, dec_peak:       17.585
Characteristic density local = 5616.2 deg^-2 = 1.560 arcmin^-2
Fitting aperture to hotspot...
Candidate: x_peak:       -0.085, y_peak:       -0.085, r_peak:        0.020, sig:        8.480, ra_peak:      141.941, dec_peak:       16.875
Characteristic density local = 5580.4 deg^-2 = 1.550 arcmin^-2
Fitting aperture to hotspot...
Candidate: x_peak:       -0.045, y_peak:        0.015, r_peak:        0.020, sig:        7.459, ra_peak:      141.983, dec_peak:       16.975
Characteristic density local = 5880.8 deg^-2 = 1.634 arcmin^-2
Fitting aperture to hotspot...
Candidate: x_peak:        0.065, y_peak:        0.825, r_peak:        0.030, sig:        7.195, ra_peak:      142.098, dec_peak:       17.785
Characteristic density local = 5823.1 deg^-2 = 1.618 arcmin^-2
Fitting aperture to hotspot...
Candidate: x_peak:        0.335, y_peak:        0.685, r_peak:        0.020, sig:        7.300, ra_peak:      142.382, dec_peak:       17.645
Distance = 50.1 kpc (m-M = 18.5)
702923 objects left after isochrone cut...
Characteristic density = 5300.0 deg^-2
Characteristic density local = 5606.2 deg^-2 = 1.557 arcmin^-2
Fitting aperture to hotspot...
Candidate: x_peak:       -0.625, y_peak:       -0.365, r_peak:        0.030, sig:       19.555, ra_peak:      141.378, dec_peak:       16.594
Characteristic density local = 5771.4 deg^-2 = 1.603 arcmin^-2
Fitting aperture to hotspot...
Candidate: x_peak:       -0.585, y_peak:        0.135, r_peak:        0.030, sig:       10.076, ra_peak:      141.418, dec_peak:       17.094
Characteristic density local = 6010.1 deg^-2 = 1.669 arcmin^-2
Fitting aperture to hotspot...
Candidate: x_peak:       -0.345, y_peak:       -0.255, r_peak:        0.030, sig:        6.086, ra_peak:      141.670, dec_peak:       16.705
Characteristic density local = 5799.2 deg^-2 = 1.611 arcmin^-2
Fitting aperture to hotspot...
Candidate: x_peak:       -0.105, y_peak:        0.625, r_peak:        0.040, sig:        4.656, ra_peak:      141.920, dec_peak:       17.585
Characteristic density local = 5590.3 deg^-2 = 1.553 arcmin^-2
Fitting aperture to hotspot...
Candidate: x_peak:       -0.085, y_peak:       -0.085, r_peak:        0.020, sig:        8.293, ra_peak:      141.941, dec_peak:       16.875
Characteristic density local = 5560.5 deg^-2 = 1.545 arcmin^-2
Fitting aperture to hotspot...
Candidate: x_peak:       -0.045, y_peak:        0.015, r_peak:        0.020, sig:        7.472, ra_peak:      141.983, dec_peak:       16.975
Characteristic density local = 5858.9 deg^-2 = 1.627 arcmin^-2
Fitting aperture to hotspot...
Candidate: x_peak:        0.065, y_peak:        0.825, r_peak:        0.030, sig:        7.214, ra_peak:      142.098, dec_peak:       17.785
Characteristic density local = 5803.2 deg^-2 = 1.612 arcmin^-2
Fitting aperture to hotspot...
Candidate: x_peak:        0.335, y_peak:        0.685, r_peak:        0.020, sig:        7.313, ra_peak:      142.382, dec_peak:       17.645
Distance = 63.1 kpc (m-M = 19.0)
700686 objects left after isochrone cut...
Characteristic density = 5200.0 deg^-2
Characteristic density local = 5546.5 deg^-2 = 1.541 arcmin^-2
Fitting aperture to hotspot...
Candidate: x_peak:       -0.625, y_peak:       -0.365, r_peak:        0.030, sig:       19.512, ra_peak:      141.378, dec_peak:       16.594
Characteristic density local = 5956.4 deg^-2 = 1.655 arcmin^-2
Fitting aperture to hotspot...
Candidate: x_peak:       -0.645, y_peak:       -0.065, r_peak:        0.010, sig:        4.440, ra_peak:      141.356, dec_peak:       16.894
Characteristic density local = 5689.8 deg^-2 = 1.580 arcmin^-2
Fitting aperture to hotspot...
Candidate: x_peak:       -0.585, y_peak:        0.135, r_peak:        0.030, sig:       10.154, ra_peak:      141.418, dec_peak:       17.094
Characteristic density local = 5944.4 deg^-2 = 1.651 arcmin^-2
Fitting aperture to hotspot...
Candidate: x_peak:       -0.345, y_peak:       -0.255, r_peak:        0.030, sig:        6.142, ra_peak:      141.670, dec_peak:       16.705
Characteristic density local = 5705.7 deg^-2 = 1.585 arcmin^-2
Fitting aperture to hotspot...
Candidate: x_peak:       -0.105, y_peak:        0.625, r_peak:        0.040, sig:        4.608, ra_peak:      141.920, dec_peak:       17.585
Characteristic density local = 5512.7 deg^-2 = 1.531 arcmin^-2
Fitting aperture to hotspot...
Candidate: x_peak:       -0.085, y_peak:       -0.085, r_peak:        0.020, sig:        8.346, ra_peak:      141.941, dec_peak:       16.875
Characteristic density local = 5471.0 deg^-2 = 1.520 arcmin^-2
Fitting aperture to hotspot...
Candidate: x_peak:       -0.045, y_peak:        0.015, r_peak:        0.020, sig:        7.533, ra_peak:      141.983, dec_peak:       16.975
Characteristic density local = 5777.3 deg^-2 = 1.605 arcmin^-2
Fitting aperture to hotspot...
Candidate: x_peak:        0.065, y_peak:        0.825, r_peak:        0.030, sig:        7.286, ra_peak:      142.098, dec_peak:       17.785
Characteristic density local = 5737.5 deg^-2 = 1.594 arcmin^-2
Fitting aperture to hotspot...
Candidate: x_peak:        0.335, y_peak:        0.685, r_peak:        0.020, sig:        7.355, ra_peak:      142.382, dec_peak:       17.645
Distance = 79.4 kpc (m-M = 19.5)
697654 objects left after isochrone cut...
Characteristic density = 5100.0 deg^-2
Characteristic density local = 5451.1 deg^-2 = 1.514 arcmin^-2
Fitting aperture to hotspot...
Candidate: x_peak:       -0.625, y_peak:       -0.365, r_peak:        0.030, sig:       19.626, ra_peak:      141.378, dec_peak:       16.594
Characteristic density local = 5771.4 deg^-2 = 1.603 arcmin^-2
Fitting aperture to hotspot...
Candidate: x_peak:       -1.005, y_peak:       -0.315, r_peak:        0.030, sig:        1.262, ra_peak:      140.981, dec_peak:       16.642
Characteristic density local = 5644.0 deg^-2 = 1.568 arcmin^-2
Fitting aperture to hotspot...
Candidate: x_peak:       -0.525, y_peak:       -0.755, r_peak:        0.040, sig:        1.143, ra_peak:      141.483, dec_peak:       16.204
Characteristic density local = 5665.9 deg^-2 = 1.574 arcmin^-2
Fitting aperture to hotspot...
Candidate: x_peak:        0.175, y_peak:        0.675, r_peak:        0.030, sig:        2.003, ra_peak:      142.214, dec_peak:       17.635
Characteristic density local = 5220.3 deg^-2 = 1.450 arcmin^-2
Fitting aperture to hotspot...
Candidate: x_peak:        0.985, y_peak:       -0.185, r_peak:        0.030, sig:        3.411, ra_peak:      143.059, dec_peak:       16.772
Characteristic density local = 5283.9 deg^-2 = 1.468 arcmin^-2
Fitting aperture to hotspot...
Candidate: x_peak:        0.925, y_peak:       -0.385, r_peak:        0.210, sig:        0.831, ra_peak:      142.995, dec_peak:       16.573
Characteristic density local = 5469.0 deg^-2 = 1.519 arcmin^-2
Fitting aperture to hotspot...
Candidate: x_peak:        1.275, y_peak:        0.065, r_peak:        0.040, sig:        2.346, ra_peak:      143.363, dec_peak:       17.021
Characteristic density local = 5385.4 deg^-2 = 1.496 arcmin^-2
Fitting aperture to hotspot...
Candidate: x_peak:        1.255, y_peak:       -0.075, r_peak:        0.030, sig:        1.553, ra_peak:      143.342, dec_peak:       16.881
Distance = 100.0 kpc (m-M = 20.0)
694205 objects left after isochrone cut...
Characteristic density = 5000.0 deg^-2
Characteristic density local = 5343.6 deg^-2 = 1.484 arcmin^-2
Fitting aperture to hotspot...
Candidate: x_peak:       -0.625, y_peak:       -0.365, r_peak:        0.030, sig:       19.756, ra_peak:      141.378, dec_peak:       16.594
Characteristic density local = 5192.4 deg^-2 = 1.442 arcmin^-2
Fitting aperture to hotspot...
Candidate: x_peak:       -1.275, y_peak:        0.065, r_peak:        0.200, sig:        1.787, ra_peak:      140.697, dec_peak:       17.021
Characteristic density local = 5234.2 deg^-2 = 1.454 arcmin^-2
Fitting aperture to hotspot...
Candidate: x_peak:       -1.195, y_peak:        0.135, r_peak:        0.260, sig:        2.256, ra_peak:      140.780, dec_peak:       17.091
Characteristic density local = 5654.0 deg^-2 = 1.571 arcmin^-2
Fitting aperture to hotspot...
Candidate: x_peak:       -1.005, y_peak:       -0.315, r_peak:        0.030, sig:        1.121, ra_peak:      140.981, dec_peak:       16.642
Characteristic density local = 5542.6 deg^-2 = 1.540 arcmin^-2
Fitting aperture to hotspot...
Candidate: x_peak:        0.175, y_peak:        0.675, r_peak:        0.270, sig:        1.679, ra_peak:      142.214, dec_peak:       17.635
Characteristic density local = 5248.1 deg^-2 = 1.458 arcmin^-2
Fitting aperture to hotspot...
Candidate: x_peak:        1.255, y_peak:       -0.075, r_peak:        0.030, sig:        1.430, ra_peak:      143.342, dec_peak:       16.881
Characteristic density local = 5331.7 deg^-2 = 1.481 arcmin^-2
Fitting aperture to hotspot...
Candidate: x_peak:        1.275, y_peak:        0.065, r_peak:        0.040, sig:        2.150, ra_peak:      143.363, dec_peak:       17.021
Distance = 125.9 kpc (m-M = 20.5)
690271 objects left after isochrone cut...
Characteristic density = 4900.0 deg^-2
Characteristic density local = 5216.3 deg^-2 = 1.449 arcmin^-2
Fitting aperture to hotspot...
Candidate: x_peak:       -0.625, y_peak:       -0.365, r_peak:        0.030, sig:       19.798, ra_peak:      141.378, dec_peak:       16.594
Characteristic density local = 5361.5 deg^-2 = 1.489 arcmin^-2
Fitting aperture to hotspot...
Candidate: x_peak:       -0.585, y_peak:        0.135, r_peak:        0.030, sig:       10.179, ra_peak:      141.418, dec_peak:       17.094
Characteristic density local = 5518.7 deg^-2 = 1.533 arcmin^-2
Fitting aperture to hotspot...
Candidate: x_peak:       -0.355, y_peak:       -0.255, r_peak:        0.030, sig:        7.189, ra_peak:      141.659, dec_peak:       16.705
Characteristic density local = 5375.5 deg^-2 = 1.493 arcmin^-2
Fitting aperture to hotspot...
Candidate: x_peak:       -0.105, y_peak:        0.625, r_peak:        0.040, sig:        4.515, ra_peak:      141.920, dec_peak:       17.585
Characteristic density local = 5178.5 deg^-2 = 1.438 arcmin^-2
Fitting aperture to hotspot...
Candidate: x_peak:       -0.085, y_peak:       -0.085, r_peak:        0.020, sig:        8.374, ra_peak:      141.941, dec_peak:       16.875
Characteristic density local = 5148.7 deg^-2 = 1.430 arcmin^-2
Fitting aperture to hotspot...
Candidate: x_peak:       -0.045, y_peak:        0.015, r_peak:        0.020, sig:        7.538, ra_peak:      141.983, dec_peak:       16.975
Characteristic density local = 5455.0 deg^-2 = 1.515 arcmin^-2
Fitting aperture to hotspot...
Candidate: x_peak:        0.075, y_peak:        0.825, r_peak:        0.040, sig:        6.465, ra_peak:      142.109, dec_peak:       17.785
Characteristic density local = 5415.2 deg^-2 = 1.504 arcmin^-2
Fitting aperture to hotspot...
Candidate: x_peak:        0.335, y_peak:        0.685, r_peak:        0.020, sig:        7.570, ra_peak:      142.382, dec_peak:       17.645
Distance = 158.5 kpc (m-M = 21.0)
685739 objects left after isochrone cut...
Characteristic density = 4700.0 deg^-2
Characteristic density local = 5061.1 deg^-2 = 1.406 arcmin^-2
Fitting aperture to hotspot...
Candidate: x_peak:       -0.625, y_peak:       -0.365, r_peak:        0.030, sig:       19.993, ra_peak:      141.378, dec_peak:       16.594
Characteristic density local = 4945.7 deg^-2 = 1.374 arcmin^-2
Fitting aperture to hotspot...
Candidate: x_peak:       -1.195, y_peak:        0.135, r_peak:        0.260, sig:        2.086, ra_peak:      140.780, dec_peak:       17.091
Characteristic density local = 5355.6 deg^-2 = 1.488 arcmin^-2
Fitting aperture to hotspot...
Candidate: x_peak:       -1.005, y_peak:       -0.315, r_peak:        0.030, sig:        1.113, ra_peak:      140.981, dec_peak:       16.642
Characteristic density local = 5274.0 deg^-2 = 1.465 arcmin^-2
Fitting aperture to hotspot...
Candidate: x_peak:       -0.525, y_peak:       -0.755, r_peak:        0.040, sig:        0.972, ra_peak:      141.483, dec_peak:       16.204
Characteristic density local = 4947.7 deg^-2 = 1.374 arcmin^-2
Fitting aperture to hotspot...
Candidate: x_peak:        1.245, y_peak:       -0.085, r_peak:        0.030, sig:        1.432, ra_peak:      143.331, dec_peak:       16.871
Distance = 199.5 kpc (m-M = 21.5)
680535 objects left after isochrone cut...
Characteristic density = 4600.0 deg^-2
Characteristic density local = 4923.9 deg^-2 = 1.368 arcmin^-2
Fitting aperture to hotspot...
Candidate: x_peak:       -0.625, y_peak:       -0.365, r_peak:        0.030, sig:       20.169, ra_peak:      141.378, dec_peak:       16.594
Characteristic density local = 5049.2 deg^-2 = 1.403 arcmin^-2
Fitting aperture to hotspot...
Candidate: x_peak:       -0.585, y_peak:        0.135, r_peak:        0.030, sig:       10.347, ra_peak:      141.418, dec_peak:       17.094
Characteristic density local = 5210.3 deg^-2 = 1.447 arcmin^-2
Fitting aperture to hotspot...
Candidate: x_peak:       -0.355, y_peak:       -0.255, r_peak:        0.030, sig:        7.475, ra_peak:      141.659, dec_peak:       16.705
Characteristic density local = 5087.0 deg^-2 = 1.413 arcmin^-2
Fitting aperture to hotspot...
Candidate: x_peak:       -0.105, y_peak:        0.625, r_peak:        0.040, sig:        4.685, ra_peak:      141.920, dec_peak:       17.585
Characteristic density local = 4886.1 deg^-2 = 1.357 arcmin^-2
Fitting aperture to hotspot...
Candidate: x_peak:       -0.085, y_peak:       -0.085, r_peak:        0.020, sig:        8.590, ra_peak:      141.941, dec_peak:       16.875
Characteristic density local = 4872.1 deg^-2 = 1.353 arcmin^-2
Fitting aperture to hotspot...
Candidate: x_peak:       -0.045, y_peak:        0.015, r_peak:        0.020, sig:        7.736, ra_peak:      141.983, dec_peak:       16.975
Characteristic density local = 5075.1 deg^-2 = 1.410 arcmin^-2
Fitting aperture to hotspot...
Candidate: x_peak:        0.075, y_peak:        0.825, r_peak:        0.040, sig:        6.769, ra_peak:      142.109, dec_peak:       17.785
Characteristic density local = 5100.9 deg^-2 = 1.417 arcmin^-2
Fitting aperture to hotspot...
Candidate: x_peak:        0.335, y_peak:        0.685, r_peak:        0.020, sig:        7.790, ra_peak:      142.382, dec_peak:       17.645
Distance = 251.2 kpc (m-M = 22.0)
674523 objects left after isochrone cut...
Characteristic density = 4400.0 deg^-2
Characteristic density local = 4685.1 deg^-2 = 1.301 arcmin^-2
Fitting aperture to hotspot...
Candidate: x_peak:       -0.625, y_peak:       -0.365, r_peak:        0.030, sig:       20.252, ra_peak:      141.378, dec_peak:       16.594
Characteristic density local = 4645.3 deg^-2 = 1.290 arcmin^-2
Fitting aperture to hotspot...
Candidate: x_peak:       -1.105, y_peak:       -0.185, r_peak:        0.020, sig:        1.452, ra_peak:      140.876, dec_peak:       16.772
Characteristic density local = 4997.5 deg^-2 = 1.388 arcmin^-2
Fitting aperture to hotspot...
Candidate: x_peak:       -1.005, y_peak:       -0.315, r_peak:        0.010, sig:        0.810, ra_peak:      140.981, dec_peak:       16.642
Characteristic density local = 4935.8 deg^-2 = 1.371 arcmin^-2
Fitting aperture to hotspot...
Candidate: x_peak:       -0.985, y_peak:       -0.325, r_peak:        0.030, sig:        0.956, ra_peak:      141.002, dec_peak:       16.632
Characteristic density local = 4736.8 deg^-2 = 1.316 arcmin^-2
Fitting aperture to hotspot...
Candidate: x_peak:       -0.905, y_peak:       -0.405, r_peak:        0.020, sig:        1.045, ra_peak:      141.086, dec_peak:       16.553
Characteristic density local = 4703.0 deg^-2 = 1.306 arcmin^-2
Fitting aperture to hotspot...
Candidate: x_peak:        0.385, y_peak:       -0.075, r_peak:        0.030, sig:        2.336, ra_peak:      142.432, dec_peak:       16.885
Characteristic density local = 4579.7 deg^-2 = 1.272 arcmin^-2
Fitting aperture to hotspot...
Candidate: x_peak:        1.245, y_peak:       -0.085, r_peak:        0.030, sig:        1.244, ra_peak:      143.331, dec_peak:       16.871
Distance = 316.2 kpc (m-M = 22.5)
667167 objects left after isochrone cut...
Characteristic density = 4100.0 deg^-2
Characteristic density local = 4442.4 deg^-2 = 1.234 arcmin^-2
Fitting aperture to hotspot...
Candidate: x_peak:       -0.625, y_peak:       -0.365, r_peak:        0.030, sig:       20.113, ra_peak:      141.378, dec_peak:       16.594
Characteristic density local = 4713.0 deg^-2 = 1.309 arcmin^-2
Fitting aperture to hotspot...
Candidate: x_peak:       -0.645, y_peak:       -0.075, r_peak:        0.010, sig:        4.897, ra_peak:      141.356, dec_peak:       16.884
Characteristic density local = 4659.3 deg^-2 = 1.294 arcmin^-2
Fitting aperture to hotspot...
Candidate: x_peak:       -0.585, y_peak:        0.135, r_peak:        0.020, sig:       10.004, ra_peak:      141.418, dec_peak:       17.094
Characteristic density local = 4862.2 deg^-2 = 1.351 arcmin^-2
Fitting aperture to hotspot...
Candidate: x_peak:       -0.345, y_peak:       -0.255, r_peak:        0.030, sig:        6.596, ra_peak:      141.670, dec_peak:       16.705
Characteristic density local = 4675.2 deg^-2 = 1.299 arcmin^-2
Fitting aperture to hotspot...
Candidate: x_peak:       -0.105, y_peak:        0.625, r_peak:        0.030, sig:        4.899, ra_peak:      141.920, dec_peak:       17.585
Characteristic density local = 4410.6 deg^-2 = 1.225 arcmin^-2
Fitting aperture to hotspot...
Candidate: x_peak:       -0.085, y_peak:       -0.085, r_peak:        0.020, sig:        8.962, ra_peak:      141.941, dec_peak:       16.875
Characteristic density local = 4404.6 deg^-2 = 1.224 arcmin^-2
Fitting aperture to hotspot...
Candidate: x_peak:       -0.045, y_peak:        0.015, r_peak:        0.020, sig:        7.868, ra_peak:      141.983, dec_peak:       16.975
Characteristic density local = 4689.1 deg^-2 = 1.303 arcmin^-2
Fitting aperture to hotspot...
Candidate: x_peak:        0.075, y_peak:        0.825, r_peak:        0.040, sig:        6.957, ra_peak:      142.109, dec_peak:       17.785
Characteristic density local = 4655.3 deg^-2 = 1.293 arcmin^-2
Fitting aperture to hotspot...
Candidate: x_peak:        0.335, y_peak:        0.685, r_peak:        0.020, sig:        8.119, ra_peak:      142.382, dec_peak:       17.645
Distance = 398.1 kpc (m-M = 23.0)
658278 objects left after isochrone cut...
Characteristic density = 3800.0 deg^-2
Characteristic density local = 4138.0 deg^-2 = 1.149 arcmin^-2
Fitting aperture to hotspot...
Candidate: x_peak:       -0.625, y_peak:       -0.365, r_peak:        0.030, sig:       20.188, ra_peak:      141.378, dec_peak:       16.594
Characteristic density local = 4042.5 deg^-2 = 1.123 arcmin^-2
Fitting aperture to hotspot...
Candidate: x_peak:       -1.195, y_peak:        0.135, r_peak:        0.260, sig:        1.863, ra_peak:      140.780, dec_peak:       17.091
Characteristic density local = 4187.8 deg^-2 = 1.163 arcmin^-2
Fitting aperture to hotspot...
Candidate: x_peak:       -1.095, y_peak:       -0.195, r_peak:        0.010, sig:        1.699, ra_peak:      140.886, dec_peak:       16.762
Characteristic density local = 4404.6 deg^-2 = 1.224 arcmin^-2
Fitting aperture to hotspot...
Candidate: x_peak:       -1.005, y_peak:       -0.315, r_peak:        0.030, sig:        1.137, ra_peak:      140.981, dec_peak:       16.642
Characteristic density local = 4159.9 deg^-2 = 1.156 arcmin^-2
Fitting aperture to hotspot...
Candidate: x_peak:        0.385, y_peak:       -0.075, r_peak:        0.030, sig:        2.347, ra_peak:      142.432, dec_peak:       16.885
Characteristic density local = 4012.7 deg^-2 = 1.115 arcmin^-2
Fitting aperture to hotspot...
Candidate: x_peak:        0.935, y_peak:       -0.375, r_peak:        0.180, sig:        0.846, ra_peak:      143.006, dec_peak:       16.583
Characteristic density local = 4370.8 deg^-2 = 1.214 arcmin^-2
Fitting aperture to hotspot...
Candidate: x_peak:        1.125, y_peak:        0.205, r_peak:        0.230, sig:        0.491, ra_peak:      143.207, dec_peak:       17.162
Characteristic density local = 4448.4 deg^-2 = 1.236 arcmin^-2
Fitting aperture to hotspot...
Candidate: x_peak:        1.135, y_peak:        0.195, r_peak:        0.020, sig:        0.034, ra_peak:      143.218, dec_peak:       17.152
20.25 sigma; (RA, Dec, d) = (141.38, 16.59); r = 0.03 deg; d = 251.2, mu = 22.00 mag), mc_source_id: 0.00
10.35 sigma; (RA, Dec, d) = (141.42, 17.09); r = 0.03 deg; d = 199.5, mu = 21.50 mag), mc_source_id: 0.00
8.96 sigma; (RA, Dec, d) = (141.94, 16.87); r = 0.02 deg; d = 316.2, mu = 22.50 mag), mc_source_id: 0.00
8.12 sigma; (RA, Dec, d) = (142.38, 17.64); r = 0.02 deg; d = 316.2, mu = 22.50 mag), mc_source_id: 0.00
7.87 sigma; (RA, Dec, d) = (141.98, 16.97); r = 0.02 deg; d = 316.2, mu = 22.50 mag), mc_source_id: 0.00
7.48 sigma; (RA, Dec, d) = (141.66, 16.70); r = 0.03 deg; d = 199.5, mu = 21.50 mag), mc_source_id: 0.00
7.29 sigma; (RA, Dec, d) = (142.10, 17.78); r = 0.03 deg; d = 63.1, mu = 19.00 mag), mc_source_id: 0.00
4.90 sigma; (RA, Dec, d) = (141.92, 17.58); r = 0.03 deg; d = 316.2, mu = 22.50 mag), mc_source_id: 0.00
4.90 sigma; (RA, Dec, d) = (141.36, 16.88); r = 0.01 deg; d = 316.2, mu = 22.50 mag), mc_source_id: 0.00
3.41 sigma; (RA, Dec, d) = (143.06, 16.77); r = 0.03 deg; d = 79.4, mu = 19.50 mag), mc_source_id: 0.00
2.35 sigma; (RA, Dec, d) = (142.43, 16.88); r = 0.03 deg; d = 398.1, mu = 23.00 mag), mc_source_id: 0.00
2.35 sigma; (RA, Dec, d) = (143.36, 17.02); r = 0.04 deg; d = 79.4, mu = 19.50 mag), mc_source_id: 0.00
2.26 sigma; (RA, Dec, d) = (140.78, 17.09); r = 0.26 deg; d = 100.0, mu = 20.00 mag), mc_source_id: 0.00
2.00 sigma; (RA, Dec, d) = (142.21, 17.63); r = 0.03 deg; d = 79.4, mu = 19.50 mag), mc_source_id: 0.00
1.70 sigma; (RA, Dec, d) = (140.89, 16.76); r = 0.01 deg; d = 398.1, mu = 23.00 mag), mc_source_id: 0.00
1.55 sigma; (RA, Dec, d) = (143.34, 16.88); r = 0.03 deg; d = 79.4, mu = 19.50 mag), mc_source_id: 0.00
1.45 sigma; (RA, Dec, d) = (140.88, 16.77); r = 0.02 deg; d = 251.2, mu = 22.00 mag), mc_source_id: 0.00
1.26 sigma; (RA, Dec, d) = (140.98, 16.64); r = 0.03 deg; d = 79.4, mu = 19.50 mag), mc_source_id: 0.00
1.14 sigma; (RA, Dec, d) = (141.48, 16.20); r = 0.04 deg; d = 79.4, mu = 19.50 mag), mc_source_id: 0.00
1.05 sigma; (RA, Dec, d) = (141.09, 16.55); r = 0.02 deg; d = 251.2, mu = 22.00 mag), mc_source_id: 0.00
0.85 sigma; (RA, Dec, d) = (143.01, 16.58); r = 0.18 deg; d = 398.1, mu = 23.00 mag), mc_source_id: 0.00
0.49 sigma; (RA, Dec, d) = (143.21, 17.16); r = 0.23 deg; d = 398.1, mu = 23.00 mag), mc_source_id: 0.00

------------------------------------------------------------
Job <679717.0> was submitted from <des51.fnal.gov> by user <tavangar>.
Job was executed on host <des40.fnal.gov> as user <tavangar>.
</var/lib/condor/execute/dir_1791253> was used as the initial working directory.
Results reported at Wed Jun  5 05:48:29 CDT 2019

Your job looked like:

------------------------------------------------------------
python /home/s1/tavangar/tavangar_simple/search_algorithm.py 142.03 16.96 0.00 /home/s1/tavangar/tavangar_simple/decals_dr7_results/results_nside_32_4338.csv /home/s1/tavangar/tavangar_simple/decals_dr7_results/decals_dr7_log/results_nside_32_4338.log
------------------------------------------------------------

Successfully completed.

Resource usage summary:

	Real time :			448.19 sec.
	CPU time :			142.78 sec.
	CPU percentage :		82%
	Max Memory :			5875472 KB
	Average Memory :		0 KB

The output (if any) is above this job summary.
