/home/s1/tavangar/tavangar_simple/simple_utils.py:170: FutureWarning: elementwise comparison failed; returning scalar instead, but in the future will perform elementwise comparison
  if np.all(isochrone.stage == 'Main'):
Search coordinates: (RA, Dec) = (248.91, 24.62)
Center healpixel: 3608
Healpixels: [3608 3736 3607 3480 3352 3481 3609 3737 3864]
MC_SOURCE_ID = 0.0
mode = 0: running only on real data
Found 1 objects...
Applying cuts...
825655 star-like objects in ROI...
701967 galaxy-like objects in ROI...
No fracdet map specified ...
Distance = 15.8 kpc (m-M = 16.0)
825641 objects left after isochrone cut...
Characteristic density = 10600.0 deg^-2
Characteristic density local = 10120.3 deg^-2 = 2.811 arcmin^-2
Fitting aperture to hotspot...
Candidate: x_peak:       -0.765, y_peak:        0.235, r_peak:        0.040, sig:        6.812, ra_peak:      248.067, dec_peak:       24.853
Characteristic density local = 11039.4 deg^-2 = 3.066 arcmin^-2
Fitting aperture to hotspot...
Candidate: x_peak:       -0.355, y_peak:        0.855, r_peak:        0.020, sig:       10.650, ra_peak:      248.517, dec_peak:       25.474
Characteristic density local = 11274.1 deg^-2 = 3.132 arcmin^-2
Fitting aperture to hotspot...
Candidate: x_peak:       -0.185, y_peak:        0.475, r_peak:        0.080, sig:        4.618, ra_peak:      248.706, dec_peak:       25.095
Characteristic density local = 10878.2 deg^-2 = 3.022 arcmin^-2
Fitting aperture to hotspot...
Candidate: x_peak:       -0.135, y_peak:       -1.105, r_peak:        0.030, sig:        4.757, ra_peak:      248.763, dec_peak:       23.515
Characteristic density local = 10567.9 deg^-2 = 2.936 arcmin^-2
Fitting aperture to hotspot...
Candidate: x_peak:       -0.015, y_peak:       -0.285, r_peak:        0.040, sig:        4.447, ra_peak:      248.894, dec_peak:       24.335
Characteristic density local = 11341.8 deg^-2 = 3.150 arcmin^-2
Fitting aperture to hotspot...
Candidate: x_peak:        0.065, y_peak:        0.555, r_peak:        0.040, sig:        4.215, ra_peak:      248.982, dec_peak:       25.175
Characteristic density local = 11457.2 deg^-2 = 3.183 arcmin^-2
Fitting aperture to hotspot...
Candidate: x_peak:        0.075, y_peak:        0.895, r_peak:        0.020, sig:        4.714, ra_peak:      248.993, dec_peak:       25.515
Characteristic density local = 10691.2 deg^-2 = 2.970 arcmin^-2
Fitting aperture to hotspot...
Candidate: x_peak:        0.785, y_peak:        0.075, r_peak:        0.020, sig:       12.301, ra_peak:      249.774, dec_peak:       24.693
Distance = 20.0 kpc (m-M = 16.5)
825644 objects left after isochrone cut...
Characteristic density = 10600.0 deg^-2
Characteristic density local = 10120.3 deg^-2 = 2.811 arcmin^-2
Fitting aperture to hotspot...
Candidate: x_peak:       -0.765, y_peak:        0.235, r_peak:        0.040, sig:        6.812, ra_peak:      248.067, dec_peak:       24.853
Characteristic density local = 11039.4 deg^-2 = 3.066 arcmin^-2
Fitting aperture to hotspot...
Candidate: x_peak:       -0.355, y_peak:        0.855, r_peak:        0.020, sig:       10.650, ra_peak:      248.517, dec_peak:       25.474
Characteristic density local = 11274.1 deg^-2 = 3.132 arcmin^-2
Fitting aperture to hotspot...
Candidate: x_peak:       -0.185, y_peak:        0.475, r_peak:        0.080, sig:        4.618, ra_peak:      248.706, dec_peak:       25.095
Characteristic density local = 10878.2 deg^-2 = 3.022 arcmin^-2
Fitting aperture to hotspot...
Candidate: x_peak:       -0.135, y_peak:       -1.105, r_peak:        0.030, sig:        4.757, ra_peak:      248.763, dec_peak:       23.515
Characteristic density local = 10567.9 deg^-2 = 2.936 arcmin^-2
Fitting aperture to hotspot...
Candidate: x_peak:       -0.015, y_peak:       -0.285, r_peak:        0.040, sig:        4.447, ra_peak:      248.894, dec_peak:       24.335
Characteristic density local = 11341.8 deg^-2 = 3.150 arcmin^-2
Fitting aperture to hotspot...
Candidate: x_peak:        0.065, y_peak:        0.555, r_peak:        0.040, sig:        4.215, ra_peak:      248.982, dec_peak:       25.175
Characteristic density local = 11457.2 deg^-2 = 3.183 arcmin^-2
Fitting aperture to hotspot...
Candidate: x_peak:        0.075, y_peak:        0.895, r_peak:        0.020, sig:        4.714, ra_peak:      248.993, dec_peak:       25.515
Characteristic density local = 10689.2 deg^-2 = 2.969 arcmin^-2
Fitting aperture to hotspot...
Candidate: x_peak:        0.785, y_peak:        0.075, r_peak:        0.020, sig:       12.302, ra_peak:      249.774, dec_peak:       24.693
Distance = 25.1 kpc (m-M = 17.0)
825648 objects left after isochrone cut...
Characteristic density = 10600.0 deg^-2
Characteristic density local = 10122.3 deg^-2 = 2.812 arcmin^-2
Fitting aperture to hotspot...
Candidate: x_peak:       -0.765, y_peak:        0.235, r_peak:        0.040, sig:        6.810, ra_peak:      248.067, dec_peak:       24.853
Characteristic density local = 11039.4 deg^-2 = 3.066 arcmin^-2
Fitting aperture to hotspot...
Candidate: x_peak:       -0.355, y_peak:        0.855, r_peak:        0.020, sig:       10.650, ra_peak:      248.517, dec_peak:       25.474
Characteristic density local = 11274.1 deg^-2 = 3.132 arcmin^-2
Fitting aperture to hotspot...
Candidate: x_peak:       -0.185, y_peak:        0.475, r_peak:        0.080, sig:        4.618, ra_peak:      248.706, dec_peak:       25.095
Characteristic density local = 10878.2 deg^-2 = 3.022 arcmin^-2
Fitting aperture to hotspot...
Candidate: x_peak:       -0.135, y_peak:       -1.105, r_peak:        0.030, sig:        4.757, ra_peak:      248.763, dec_peak:       23.515
Characteristic density local = 10567.9 deg^-2 = 2.936 arcmin^-2
Fitting aperture to hotspot...
Candidate: x_peak:       -0.015, y_peak:       -0.285, r_peak:        0.040, sig:        4.447, ra_peak:      248.894, dec_peak:       24.335
Characteristic density local = 11343.8 deg^-2 = 3.151 arcmin^-2
Fitting aperture to hotspot...
Candidate: x_peak:        0.065, y_peak:        0.555, r_peak:        0.040, sig:        4.214, ra_peak:      248.982, dec_peak:       25.175
Characteristic density local = 11457.2 deg^-2 = 3.183 arcmin^-2
Fitting aperture to hotspot...
Candidate: x_peak:        0.075, y_peak:        0.895, r_peak:        0.020, sig:        4.714, ra_peak:      248.993, dec_peak:       25.515
Characteristic density local = 10689.2 deg^-2 = 2.969 arcmin^-2
Fitting aperture to hotspot...
Candidate: x_peak:        0.785, y_peak:        0.075, r_peak:        0.020, sig:       12.302, ra_peak:      249.774, dec_peak:       24.693
Distance = 31.6 kpc (m-M = 17.5)
825643 objects left after isochrone cut...
Characteristic density = 10600.0 deg^-2
Characteristic density local = 10122.3 deg^-2 = 2.812 arcmin^-2
Fitting aperture to hotspot...
Candidate: x_peak:       -0.765, y_peak:        0.235, r_peak:        0.040, sig:        6.810, ra_peak:      248.067, dec_peak:       24.853
Characteristic density local = 11039.4 deg^-2 = 3.066 arcmin^-2
Fitting aperture to hotspot...
Candidate: x_peak:       -0.355, y_peak:        0.855, r_peak:        0.020, sig:       10.650, ra_peak:      248.517, dec_peak:       25.474
Characteristic density local = 11274.1 deg^-2 = 3.132 arcmin^-2
Fitting aperture to hotspot...
Candidate: x_peak:       -0.185, y_peak:        0.475, r_peak:        0.080, sig:        4.618, ra_peak:      248.706, dec_peak:       25.095
Characteristic density local = 10878.2 deg^-2 = 3.022 arcmin^-2
Fitting aperture to hotspot...
Candidate: x_peak:       -0.135, y_peak:       -1.105, r_peak:        0.030, sig:        4.757, ra_peak:      248.763, dec_peak:       23.515
Characteristic density local = 10567.9 deg^-2 = 2.936 arcmin^-2
Fitting aperture to hotspot...
Candidate: x_peak:       -0.015, y_peak:       -0.285, r_peak:        0.040, sig:        4.447, ra_peak:      248.894, dec_peak:       24.335
Characteristic density local = 11343.8 deg^-2 = 3.151 arcmin^-2
Fitting aperture to hotspot...
Candidate: x_peak:        0.065, y_peak:        0.555, r_peak:        0.040, sig:        4.214, ra_peak:      248.982, dec_peak:       25.175
Characteristic density local = 11457.2 deg^-2 = 3.183 arcmin^-2
Fitting aperture to hotspot...
Candidate: x_peak:        0.075, y_peak:        0.895, r_peak:        0.020, sig:        4.714, ra_peak:      248.993, dec_peak:       25.515
Characteristic density local = 10689.2 deg^-2 = 2.969 arcmin^-2
Fitting aperture to hotspot...
Candidate: x_peak:        0.785, y_peak:        0.075, r_peak:        0.020, sig:       12.302, ra_peak:      249.774, dec_peak:       24.693
Distance = 39.8 kpc (m-M = 18.0)
825382 objects left after isochrone cut...
Characteristic density = 10600.0 deg^-2
Characteristic density local = 10122.3 deg^-2 = 2.812 arcmin^-2
Fitting aperture to hotspot...
Candidate: x_peak:       -0.765, y_peak:        0.235, r_peak:        0.040, sig:        6.810, ra_peak:      248.067, dec_peak:       24.853
Characteristic density local = 11039.4 deg^-2 = 3.066 arcmin^-2
Fitting aperture to hotspot...
Candidate: x_peak:       -0.355, y_peak:        0.855, r_peak:        0.020, sig:       10.650, ra_peak:      248.517, dec_peak:       25.474
Characteristic density local = 11274.1 deg^-2 = 3.132 arcmin^-2
Fitting aperture to hotspot...
Candidate: x_peak:       -0.185, y_peak:        0.475, r_peak:        0.080, sig:        4.618, ra_peak:      248.706, dec_peak:       25.095
Characteristic density local = 10868.3 deg^-2 = 3.019 arcmin^-2
Fitting aperture to hotspot...
Candidate: x_peak:       -0.135, y_peak:       -1.105, r_peak:        0.030, sig:        4.762, ra_peak:      248.763, dec_peak:       23.515
Characteristic density local = 10565.9 deg^-2 = 2.935 arcmin^-2
Fitting aperture to hotspot...
Candidate: x_peak:       -0.015, y_peak:       -0.285, r_peak:        0.040, sig:        4.448, ra_peak:      248.894, dec_peak:       24.335
Characteristic density local = 11343.8 deg^-2 = 3.151 arcmin^-2
Fitting aperture to hotspot...
Candidate: x_peak:        0.065, y_peak:        0.555, r_peak:        0.040, sig:        4.214, ra_peak:      248.982, dec_peak:       25.175
Characteristic density local = 11457.2 deg^-2 = 3.183 arcmin^-2
Fitting aperture to hotspot...
Candidate: x_peak:        0.075, y_peak:        0.895, r_peak:        0.020, sig:        4.714, ra_peak:      248.993, dec_peak:       25.515
Characteristic density local = 10677.3 deg^-2 = 2.966 arcmin^-2
Fitting aperture to hotspot...
Candidate: x_peak:        0.785, y_peak:        0.075, r_peak:        0.020, sig:       12.308, ra_peak:      249.774, dec_peak:       24.693
Distance = 50.1 kpc (m-M = 18.5)
823508 objects left after isochrone cut...
Characteristic density = 10600.0 deg^-2
Characteristic density local = 10118.3 deg^-2 = 2.811 arcmin^-2
Fitting aperture to hotspot...
Candidate: x_peak:       -0.765, y_peak:        0.235, r_peak:        0.040, sig:        6.704, ra_peak:      248.067, dec_peak:       24.853
Characteristic density local = 11001.6 deg^-2 = 3.056 arcmin^-2
Fitting aperture to hotspot...
Candidate: x_peak:       -0.355, y_peak:        0.855, r_peak:        0.020, sig:       10.668, ra_peak:      248.517, dec_peak:       25.474
Characteristic density local = 11258.2 deg^-2 = 3.127 arcmin^-2
Fitting aperture to hotspot...
Candidate: x_peak:       -0.185, y_peak:        0.475, r_peak:        0.080, sig:        4.640, ra_peak:      248.706, dec_peak:       25.095
Characteristic density local = 10814.6 deg^-2 = 3.004 arcmin^-2
Fitting aperture to hotspot...
Candidate: x_peak:       -0.135, y_peak:       -1.105, r_peak:        0.030, sig:        4.793, ra_peak:      248.763, dec_peak:       23.515
Characteristic density local = 10563.9 deg^-2 = 2.934 arcmin^-2
Fitting aperture to hotspot...
Candidate: x_peak:       -0.015, y_peak:       -0.285, r_peak:        0.040, sig:        4.334, ra_peak:      248.894, dec_peak:       24.335
Characteristic density local = 11329.8 deg^-2 = 3.147 arcmin^-2
Fitting aperture to hotspot...
Candidate: x_peak:        0.065, y_peak:        0.555, r_peak:        0.040, sig:        4.224, ra_peak:      248.982, dec_peak:       25.175
Characteristic density local = 11437.3 deg^-2 = 3.177 arcmin^-2
Fitting aperture to hotspot...
Candidate: x_peak:        0.075, y_peak:        0.895, r_peak:        0.020, sig:        4.722, ra_peak:      248.993, dec_peak:       25.515
Characteristic density local = 10641.5 deg^-2 = 2.956 arcmin^-2
Fitting aperture to hotspot...
Candidate: x_peak:        0.785, y_peak:        0.075, r_peak:        0.020, sig:       12.327, ra_peak:      249.774, dec_peak:       24.693
Distance = 63.1 kpc (m-M = 19.0)
819352 objects left after isochrone cut...
Characteristic density = 10400.0 deg^-2
Characteristic density local = 9998.9 deg^-2 = 2.777 arcmin^-2
Fitting aperture to hotspot...
Candidate: x_peak:       -0.765, y_peak:        0.235, r_peak:        0.040, sig:        6.801, ra_peak:      248.067, dec_peak:       24.853
Characteristic density local = 10870.3 deg^-2 = 3.020 arcmin^-2
Fitting aperture to hotspot...
Candidate: x_peak:       -0.355, y_peak:        0.855, r_peak:        0.020, sig:       10.731, ra_peak:      248.517, dec_peak:       25.474
Characteristic density local = 11148.8 deg^-2 = 3.097 arcmin^-2
Fitting aperture to hotspot...
Candidate: x_peak:       -0.195, y_peak:        0.485, r_peak:        0.060, sig:        5.110, ra_peak:      248.695, dec_peak:       25.105
Characteristic density local = 10699.2 deg^-2 = 2.972 arcmin^-2
Fitting aperture to hotspot...
Candidate: x_peak:       -0.135, y_peak:       -1.105, r_peak:        0.030, sig:        4.717, ra_peak:      248.763, dec_peak:       23.515
Characteristic density local = 10472.4 deg^-2 = 2.909 arcmin^-2
Fitting aperture to hotspot...
Candidate: x_peak:       -0.015, y_peak:       -0.285, r_peak:        0.040, sig:        4.404, ra_peak:      248.894, dec_peak:       24.335
Characteristic density local = 11150.8 deg^-2 = 3.097 arcmin^-2
Fitting aperture to hotspot...
Candidate: x_peak:        0.065, y_peak:        0.555, r_peak:        0.040, sig:        4.355, ra_peak:      248.982, dec_peak:       25.175
Characteristic density local = 11319.9 deg^-2 = 3.144 arcmin^-2
Fitting aperture to hotspot...
Candidate: x_peak:        0.075, y_peak:        0.895, r_peak:        0.020, sig:        4.768, ra_peak:      248.993, dec_peak:       25.515
Characteristic density local = 10520.1 deg^-2 = 2.922 arcmin^-2
Fitting aperture to hotspot...
Candidate: x_peak:        0.785, y_peak:        0.075, r_peak:        0.020, sig:       12.388, ra_peak:      249.774, dec_peak:       24.693
Distance = 79.4 kpc (m-M = 19.5)
813748 objects left after isochrone cut...
Characteristic density = 10200.0 deg^-2
Characteristic density local = 9803.9 deg^-2 = 2.723 arcmin^-2
Fitting aperture to hotspot...
Candidate: x_peak:       -0.765, y_peak:        0.235, r_peak:        0.040, sig:        6.851, ra_peak:      248.067, dec_peak:       24.853
Characteristic density local = 10667.4 deg^-2 = 2.963 arcmin^-2
Fitting aperture to hotspot...
Candidate: x_peak:       -0.355, y_peak:        0.855, r_peak:        0.020, sig:       10.829, ra_peak:      248.517, dec_peak:       25.474
Characteristic density local = 10935.9 deg^-2 = 3.038 arcmin^-2
Fitting aperture to hotspot...
Candidate: x_peak:       -0.185, y_peak:        0.475, r_peak:        0.040, sig:        4.627, ra_peak:      248.706, dec_peak:       25.095
Characteristic density local = 10484.3 deg^-2 = 2.912 arcmin^-2
Fitting aperture to hotspot...
Candidate: x_peak:       -0.135, y_peak:       -1.105, r_peak:        0.030, sig:        4.553, ra_peak:      248.763, dec_peak:       23.515
Characteristic density local = 10277.4 deg^-2 = 2.855 arcmin^-2
Fitting aperture to hotspot...
Candidate: x_peak:       -0.015, y_peak:       -0.285, r_peak:        0.040, sig:        4.553, ra_peak:      248.894, dec_peak:       24.335
Characteristic density local = 10932.0 deg^-2 = 3.037 arcmin^-2
Fitting aperture to hotspot...
Candidate: x_peak:        0.065, y_peak:        0.555, r_peak:        0.040, sig:        4.403, ra_peak:      248.982, dec_peak:       25.175
Characteristic density local = 11117.0 deg^-2 = 3.088 arcmin^-2
Fitting aperture to hotspot...
Candidate: x_peak:        0.075, y_peak:        0.895, r_peak:        0.020, sig:        4.850, ra_peak:      248.993, dec_peak:       25.515
Characteristic density local = 10355.0 deg^-2 = 2.876 arcmin^-2
Fitting aperture to hotspot...
Candidate: x_peak:        0.785, y_peak:        0.075, r_peak:        0.020, sig:       12.327, ra_peak:      249.774, dec_peak:       24.693
Distance = 100.0 kpc (m-M = 20.0)
806584 objects left after isochrone cut...
Characteristic density = 10000.0 deg^-2
Characteristic density local = 9583.1 deg^-2 = 2.662 arcmin^-2
Fitting aperture to hotspot...
Candidate: x_peak:       -0.765, y_peak:        0.235, r_peak:        0.040, sig:        7.035, ra_peak:      248.067, dec_peak:       24.853
Characteristic density local = 10444.5 deg^-2 = 2.901 arcmin^-2
Fitting aperture to hotspot...
Candidate: x_peak:       -0.355, y_peak:        0.855, r_peak:        0.020, sig:       10.785, ra_peak:      248.517, dec_peak:       25.474
Characteristic density local = 10758.9 deg^-2 = 2.989 arcmin^-2
Fitting aperture to hotspot...
Candidate: x_peak:       -0.195, y_peak:        0.485, r_peak:        0.060, sig:        4.986, ra_peak:      248.695, dec_peak:       25.105
Characteristic density local = 10235.7 deg^-2 = 2.843 arcmin^-2
Fitting aperture to hotspot...
Candidate: x_peak:       -0.135, y_peak:       -1.105, r_peak:        0.030, sig:        4.553, ra_peak:      248.763, dec_peak:       23.515
Characteristic density local = 10056.6 deg^-2 = 2.794 arcmin^-2
Fitting aperture to hotspot...
Candidate: x_peak:       -0.015, y_peak:       -0.285, r_peak:        0.060, sig:        4.556, ra_peak:      248.894, dec_peak:       24.335
Characteristic density local = 10760.9 deg^-2 = 2.989 arcmin^-2
Fitting aperture to hotspot...
Candidate: x_peak:        0.065, y_peak:        0.565, r_peak:        0.050, sig:        3.982, ra_peak:      248.982, dec_peak:       25.185
Characteristic density local = 10876.3 deg^-2 = 3.021 arcmin^-2
Fitting aperture to hotspot...
Candidate: x_peak:        0.075, y_peak:        0.895, r_peak:        0.020, sig:        4.947, ra_peak:      248.993, dec_peak:       25.515
Characteristic density local = 10112.3 deg^-2 = 2.809 arcmin^-2
Fitting aperture to hotspot...
Candidate: x_peak:        0.785, y_peak:        0.075, r_peak:        0.020, sig:       12.454, ra_peak:      249.774, dec_peak:       24.693
Distance = 125.9 kpc (m-M = 20.5)
797621 objects left after isochrone cut...
Characteristic density = 9700.0 deg^-2
Characteristic density local = 9298.6 deg^-2 = 2.583 arcmin^-2
Fitting aperture to hotspot...
Candidate: x_peak:       -0.765, y_peak:        0.235, r_peak:        0.040, sig:        7.054, ra_peak:      248.067, dec_peak:       24.853
Characteristic density local = 10179.9 deg^-2 = 2.828 arcmin^-2
Fitting aperture to hotspot...
Candidate: x_peak:       -0.355, y_peak:        0.855, r_peak:        0.020, sig:       10.917, ra_peak:      248.517, dec_peak:       25.474
Characteristic density local = 10512.2 deg^-2 = 2.920 arcmin^-2
Fitting aperture to hotspot...
Candidate: x_peak:       -0.185, y_peak:        0.485, r_peak:        0.080, sig:        4.475, ra_peak:      248.706, dec_peak:       25.105
Characteristic density local = 9885.5 deg^-2 = 2.746 arcmin^-2
Fitting aperture to hotspot...
Candidate: x_peak:       -0.145, y_peak:       -1.095, r_peak:        0.030, sig:        4.314, ra_peak:      248.752, dec_peak:       23.525
Characteristic density local = 9778.1 deg^-2 = 2.716 arcmin^-2
Fitting aperture to hotspot...
Candidate: x_peak:       -0.015, y_peak:       -0.285, r_peak:        0.060, sig:        4.458, ra_peak:      248.894, dec_peak:       24.335
Characteristic density local = 10484.3 deg^-2 = 2.912 arcmin^-2
Fitting aperture to hotspot...
Candidate: x_peak:        0.065, y_peak:        0.565, r_peak:        0.050, sig:        3.948, ra_peak:      248.982, dec_peak:       25.185
Characteristic density local = 10593.8 deg^-2 = 2.943 arcmin^-2
Fitting aperture to hotspot...
Candidate: x_peak:        0.075, y_peak:        0.895, r_peak:        0.020, sig:        4.868, ra_peak:      248.993, dec_peak:       25.515
Characteristic density local = 9839.8 deg^-2 = 2.733 arcmin^-2
Fitting aperture to hotspot...
Candidate: x_peak:        0.785, y_peak:        0.075, r_peak:        0.020, sig:       12.451, ra_peak:      249.774, dec_peak:       24.693
Distance = 158.5 kpc (m-M = 21.0)
787050 objects left after isochrone cut...
Characteristic density = 9300.0 deg^-2
Characteristic density local = 8938.5 deg^-2 = 2.483 arcmin^-2
Fitting aperture to hotspot...
Candidate: x_peak:       -0.765, y_peak:        0.235, r_peak:        0.040, sig:        7.253, ra_peak:      248.067, dec_peak:       24.853
Characteristic density local = 9809.9 deg^-2 = 2.725 arcmin^-2
Fitting aperture to hotspot...
Candidate: x_peak:       -0.355, y_peak:        0.855, r_peak:        0.020, sig:       11.106, ra_peak:      248.517, dec_peak:       25.474
Characteristic density local = 10148.1 deg^-2 = 2.819 arcmin^-2
Fitting aperture to hotspot...
Candidate: x_peak:       -0.185, y_peak:        0.485, r_peak:        0.080, sig:        4.504, ra_peak:      248.706, dec_peak:       25.105
Characteristic density local = 9521.4 deg^-2 = 2.645 arcmin^-2
Fitting aperture to hotspot...
Candidate: x_peak:       -0.135, y_peak:       -1.095, r_peak:        0.020, sig:        5.331, ra_peak:      248.763, dec_peak:       23.525
Characteristic density local = 9463.8 deg^-2 = 2.629 arcmin^-2
Fitting aperture to hotspot...
Candidate: x_peak:       -0.015, y_peak:       -0.285, r_peak:        0.060, sig:        4.570, ra_peak:      248.894, dec_peak:       24.335
Characteristic density local = 10072.5 deg^-2 = 2.798 arcmin^-2
Fitting aperture to hotspot...
Candidate: x_peak:        0.065, y_peak:        0.555, r_peak:        0.040, sig:        4.478, ra_peak:      248.982, dec_peak:       25.175
Characteristic density local = 10325.2 deg^-2 = 2.868 arcmin^-2
Fitting aperture to hotspot...
Candidate: x_peak:        0.075, y_peak:        0.905, r_peak:        0.020, sig:        4.378, ra_peak:      248.993, dec_peak:       25.525
Characteristic density local = 9467.7 deg^-2 = 2.630 arcmin^-2
Fitting aperture to hotspot...
Candidate: x_peak:        0.785, y_peak:        0.075, r_peak:        0.020, sig:       12.504, ra_peak:      249.774, dec_peak:       24.693
Distance = 199.5 kpc (m-M = 21.5)
774606 objects left after isochrone cut...
Characteristic density = 8900.0 deg^-2
Characteristic density local = 8554.6 deg^-2 = 2.376 arcmin^-2
Fitting aperture to hotspot...
Candidate: x_peak:       -0.765, y_peak:        0.235, r_peak:        0.040, sig:        7.138, ra_peak:      248.067, dec_peak:       24.853
Characteristic density local = 9420.0 deg^-2 = 2.617 arcmin^-2
Fitting aperture to hotspot...
Candidate: x_peak:       -0.355, y_peak:        0.855, r_peak:        0.020, sig:       11.155, ra_peak:      248.517, dec_peak:       25.474
Characteristic density local = 9750.2 deg^-2 = 2.708 arcmin^-2
Fitting aperture to hotspot...
Candidate: x_peak:       -0.185, y_peak:        0.485, r_peak:        0.080, sig:        4.586, ra_peak:      248.706, dec_peak:       25.105
Characteristic density local = 9143.5 deg^-2 = 2.540 arcmin^-2
Fitting aperture to hotspot...
Candidate: x_peak:       -0.145, y_peak:       -1.105, r_peak:        0.030, sig:        4.927, ra_peak:      248.752, dec_peak:       23.515
Characteristic density local = 9071.8 deg^-2 = 2.520 arcmin^-2
Fitting aperture to hotspot...
Candidate: x_peak:       -0.015, y_peak:       -0.285, r_peak:        0.060, sig:        4.607, ra_peak:      248.894, dec_peak:       24.335
Characteristic density local = 9652.7 deg^-2 = 2.681 arcmin^-2
Fitting aperture to hotspot...
Candidate: x_peak:        0.055, y_peak:        0.555, r_peak:        0.040, sig:        4.332, ra_peak:      248.971, dec_peak:       25.175
Characteristic density local = 9780.1 deg^-2 = 2.717 arcmin^-2
Fitting aperture to hotspot...
Candidate: x_peak:        0.075, y_peak:        0.895, r_peak:        0.020, sig:        4.813, ra_peak:      248.993, dec_peak:       25.515
Characteristic density local = 9059.9 deg^-2 = 2.517 arcmin^-2
Fitting aperture to hotspot...
Candidate: x_peak:        0.785, y_peak:        0.075, r_peak:        0.020, sig:       12.731, ra_peak:      249.774, dec_peak:       24.693
Distance = 251.2 kpc (m-M = 22.0)
759691 objects left after isochrone cut...
Characteristic density = 8400.0 deg^-2
Characteristic density local = 8105.0 deg^-2 = 2.251 arcmin^-2
Fitting aperture to hotspot...
Candidate: x_peak:       -0.765, y_peak:        0.235, r_peak:        0.040, sig:        7.081, ra_peak:      248.067, dec_peak:       24.853
Characteristic density local = 8570.5 deg^-2 = 2.381 arcmin^-2
Fitting aperture to hotspot...
Candidate: x_peak:       -0.485, y_peak:        0.245, r_peak:        0.050, sig:        4.103, ra_peak:      248.375, dec_peak:       24.864
Characteristic density local = 8934.6 deg^-2 = 2.482 arcmin^-2
Fitting aperture to hotspot...
Candidate: x_peak:       -0.355, y_peak:        0.855, r_peak:        0.020, sig:       11.419, ra_peak:      248.517, dec_peak:       25.474
Characteristic density local = 9147.4 deg^-2 = 2.541 arcmin^-2
Fitting aperture to hotspot...
Candidate: x_peak:       -0.185, y_peak:        0.475, r_peak:        0.040, sig:        4.861, ra_peak:      248.706, dec_peak:       25.095
Characteristic density local = 8620.2 deg^-2 = 2.395 arcmin^-2
Fitting aperture to hotspot...
Candidate: x_peak:       -0.145, y_peak:       -1.105, r_peak:        0.030, sig:        4.960, ra_peak:      248.752, dec_peak:       23.515
Characteristic density local = 8576.5 deg^-2 = 2.382 arcmin^-2
Fitting aperture to hotspot...
Candidate: x_peak:       -0.015, y_peak:       -0.285, r_peak:        0.060, sig:        4.686, ra_peak:      248.894, dec_peak:       24.335
Characteristic density local = 9093.7 deg^-2 = 2.526 arcmin^-2
Fitting aperture to hotspot...
Candidate: x_peak:        0.055, y_peak:        0.555, r_peak:        0.040, sig:        4.541, ra_peak:      248.971, dec_peak:       25.175
Characteristic density local = 9242.9 deg^-2 = 2.567 arcmin^-2
Fitting aperture to hotspot...
Candidate: x_peak:        0.075, y_peak:        0.895, r_peak:        0.020, sig:        4.845, ra_peak:      248.993, dec_peak:       25.515
Characteristic density local = 8564.5 deg^-2 = 2.379 arcmin^-2
Fitting aperture to hotspot...
Candidate: x_peak:        0.785, y_peak:        0.075, r_peak:        0.020, sig:       12.866, ra_peak:      249.774, dec_peak:       24.693
Distance = 316.2 kpc (m-M = 22.5)
742533 objects left after isochrone cut...
Characteristic density = 7900.0 deg^-2
Characteristic density local = 7577.8 deg^-2 = 2.105 arcmin^-2
Fitting aperture to hotspot...
Candidate: x_peak:       -0.765, y_peak:        0.235, r_peak:        0.040, sig:        7.101, ra_peak:      248.067, dec_peak:       24.853
Characteristic density local = 8268.1 deg^-2 = 2.297 arcmin^-2
Fitting aperture to hotspot...
Candidate: x_peak:       -0.355, y_peak:        0.855, r_peak:        0.020, sig:       11.480, ra_peak:      248.517, dec_peak:       25.474
Characteristic density local = 8697.8 deg^-2 = 2.416 arcmin^-2
Fitting aperture to hotspot...
Candidate: x_peak:       -0.185, y_peak:        0.485, r_peak:        0.030, sig:        4.597, ra_peak:      248.706, dec_peak:       25.105
Characteristic density local = 7981.6 deg^-2 = 2.217 arcmin^-2
Fitting aperture to hotspot...
Candidate: x_peak:       -0.015, y_peak:       -0.285, r_peak:        0.060, sig:        4.991, ra_peak:      248.894, dec_peak:       24.335
Characteristic density local = 8443.2 deg^-2 = 2.345 arcmin^-2
Fitting aperture to hotspot...
Candidate: x_peak:        0.055, y_peak:        0.555, r_peak:        0.030, sig:        4.285, ra_peak:      248.971, dec_peak:       25.175
Characteristic density local = 8604.3 deg^-2 = 2.390 arcmin^-2
Fitting aperture to hotspot...
Candidate: x_peak:        0.075, y_peak:        0.895, r_peak:        0.020, sig:        4.716, ra_peak:      248.993, dec_peak:       25.515
Characteristic density local = 7991.6 deg^-2 = 2.220 arcmin^-2
Fitting aperture to hotspot...
Candidate: x_peak:        0.785, y_peak:        0.075, r_peak:        0.020, sig:       12.906, ra_peak:      249.774, dec_peak:       24.693
Distance = 398.1 kpc (m-M = 23.0)
722586 objects left after isochrone cut...
Characteristic density = 7200.0 deg^-2
Characteristic density local = 6941.1 deg^-2 = 1.928 arcmin^-2
Fitting aperture to hotspot...
Candidate: x_peak:       -0.765, y_peak:        0.235, r_peak:        0.040, sig:        7.114, ra_peak:      248.067, dec_peak:       24.853
Characteristic density local = 7597.7 deg^-2 = 2.110 arcmin^-2
Fitting aperture to hotspot...
Candidate: x_peak:       -0.355, y_peak:        0.855, r_peak:        0.020, sig:       11.557, ra_peak:      248.517, dec_peak:       25.474
Characteristic density local = 7967.7 deg^-2 = 2.213 arcmin^-2
Fitting aperture to hotspot...
Candidate: x_peak:       -0.185, y_peak:        0.485, r_peak:        0.030, sig:        4.441, ra_peak:      248.706, dec_peak:       25.105
Characteristic density local = 7374.8 deg^-2 = 2.049 arcmin^-2
Fitting aperture to hotspot...
Candidate: x_peak:       -0.015, y_peak:       -0.285, r_peak:        0.060, sig:        5.243, ra_peak:      248.894, dec_peak:       24.335
Characteristic density local = 7748.9 deg^-2 = 2.152 arcmin^-2
Fitting aperture to hotspot...
Candidate: x_peak:        0.055, y_peak:        0.555, r_peak:        0.030, sig:        4.427, ra_peak:      248.971, dec_peak:       25.175
Characteristic density local = 7902.0 deg^-2 = 2.195 arcmin^-2
Fitting aperture to hotspot...
Candidate: x_peak:        0.075, y_peak:        0.895, r_peak:        0.020, sig:        4.835, ra_peak:      248.993, dec_peak:       25.515
Characteristic density local = 7289.3 deg^-2 = 2.025 arcmin^-2
Fitting aperture to hotspot...
Candidate: x_peak:        0.795, y_peak:        0.075, r_peak:        0.030, sig:       10.815, ra_peak:      249.785, dec_peak:       24.692
12.91 sigma; (RA, Dec, d) = (249.77, 24.69); r = 0.02 deg; d = 316.2, mu = 22.50 mag), mc_source_id: 0.00
11.56 sigma; (RA, Dec, d) = (248.52, 25.47); r = 0.02 deg; d = 398.1, mu = 23.00 mag), mc_source_id: 0.00
7.25 sigma; (RA, Dec, d) = (248.07, 24.85); r = 0.04 deg; d = 158.5, mu = 21.00 mag), mc_source_id: 0.00
5.33 sigma; (RA, Dec, d) = (248.76, 23.52); r = 0.02 deg; d = 158.5, mu = 21.00 mag), mc_source_id: 0.00
5.24 sigma; (RA, Dec, d) = (248.89, 24.33); r = 0.06 deg; d = 398.1, mu = 23.00 mag), mc_source_id: 0.00
5.11 sigma; (RA, Dec, d) = (248.69, 25.10); r = 0.06 deg; d = 63.1, mu = 19.00 mag), mc_source_id: 0.00
4.95 sigma; (RA, Dec, d) = (248.99, 25.51); r = 0.02 deg; d = 100.0, mu = 20.00 mag), mc_source_id: 0.00
4.54 sigma; (RA, Dec, d) = (248.97, 25.17); r = 0.04 deg; d = 251.2, mu = 22.00 mag), mc_source_id: 0.00
4.10 sigma; (RA, Dec, d) = (248.38, 24.86); r = 0.05 deg; d = 251.2, mu = 22.00 mag), mc_source_id: 0.00

------------------------------------------------------------
Job <679254.0> was submitted from <des51.fnal.gov> by user <tavangar>.
Job was executed on host <des40.fnal.gov> as user <tavangar>.
</var/lib/condor/execute/dir_1702000> was used as the initial working directory.
Results reported at Wed Jun  5 03:22:35 CDT 2019

Your job looked like:

------------------------------------------------------------
python /home/s1/tavangar/tavangar_simple/search_algorithm.py 248.91 24.62 0.00 /home/s1/tavangar/tavangar_simple/decals_dr7_results/results_nside_32_3608.csv /home/s1/tavangar/tavangar_simple/decals_dr7_results/decals_dr7_log/results_nside_32_3608.log
------------------------------------------------------------

Successfully completed.

Resource usage summary:

	Real time :			319.36 sec.
	CPU time :			42.99 sec.
	CPU percentage :		90%
	Max Memory :			5360992 KB
	Average Memory :		0 KB

The output (if any) is above this job summary.
