/home/s1/tavangar/tavangar_simple/simple_utils.py:170: FutureWarning: elementwise comparison failed; returning scalar instead, but in the future will perform elementwise comparison
  if np.all(isochrone.stage == 'Main'):
Search coordinates: (RA, Dec) = (146.25, 3.58)
Center healpixel: 5748
Healpixels: [5748 5875 5747 5619 5492 5620 5749 5876 6004]
MC_SOURCE_ID = 0.0
mode = 0: running only on real data
Found 1 objects...
Applying cuts...
725598 star-like objects in ROI...
1109138 galaxy-like objects in ROI...
No fracdet map specified ...
Distance = 15.8 kpc (m-M = 16.0)
725578 objects left after isochrone cut...
Characteristic density = 5000.0 deg^-2
Characteristic density local = 5421.2 deg^-2 = 1.506 arcmin^-2
Fitting aperture to hotspot...
Candidate: x_peak:       -0.095, y_peak:       -0.225, r_peak:        0.020, sig:       12.214, ra_peak:      146.155, dec_peak:        3.355
Characteristic density local = 5085.0 deg^-2 = 1.413 arcmin^-2
Fitting aperture to hotspot...
Candidate: x_peak:       -0.435, y_peak:        0.825, r_peak:        0.040, sig:        1.530, ra_peak:      145.814, dec_peak:        4.405
Characteristic density local = 5449.1 deg^-2 = 1.514 arcmin^-2
Fitting aperture to hotspot...
Candidate: x_peak:        0.365, y_peak:        0.715, r_peak:        0.020, sig:        4.512, ra_peak:      146.616, dec_peak:        4.295
Characteristic density local = 5540.6 deg^-2 = 1.539 arcmin^-2
Fitting aperture to hotspot...
Candidate: x_peak:        0.365, y_peak:       -0.445, r_peak:        0.010, sig:        1.848, ra_peak:      146.616, dec_peak:        3.135
Characteristic density local = 5075.1 deg^-2 = 1.410 arcmin^-2
Fitting aperture to hotspot...
Candidate: x_peak:        0.795, y_peak:       -0.515, r_peak:        0.090, sig:        0.914, ra_peak:      147.046, dec_peak:        3.065
Characteristic density local = 5148.7 deg^-2 = 1.430 arcmin^-2
Fitting aperture to hotspot...
Candidate: x_peak:        0.825, y_peak:       -0.485, r_peak:        0.010, sig:        1.966, ra_peak:      147.076, dec_peak:        3.095
Distance = 20.0 kpc (m-M = 16.5)
725593 objects left after isochrone cut...
Characteristic density = 5000.0 deg^-2
Characteristic density local = 5421.2 deg^-2 = 1.506 arcmin^-2
Fitting aperture to hotspot...
Candidate: x_peak:       -0.095, y_peak:       -0.225, r_peak:        0.020, sig:       12.214, ra_peak:      146.155, dec_peak:        3.355
Characteristic density local = 5085.0 deg^-2 = 1.413 arcmin^-2
Fitting aperture to hotspot...
Candidate: x_peak:       -0.435, y_peak:        0.825, r_peak:        0.040, sig:        1.530, ra_peak:      145.814, dec_peak:        4.405
Characteristic density local = 5449.1 deg^-2 = 1.514 arcmin^-2
Fitting aperture to hotspot...
Candidate: x_peak:        0.365, y_peak:        0.715, r_peak:        0.020, sig:        4.512, ra_peak:      146.616, dec_peak:        4.295
Characteristic density local = 5540.6 deg^-2 = 1.539 arcmin^-2
Fitting aperture to hotspot...
Candidate: x_peak:        0.365, y_peak:       -0.445, r_peak:        0.010, sig:        1.848, ra_peak:      146.616, dec_peak:        3.135
Characteristic density local = 5075.1 deg^-2 = 1.410 arcmin^-2
Fitting aperture to hotspot...
Candidate: x_peak:        0.795, y_peak:       -0.515, r_peak:        0.090, sig:        0.914, ra_peak:      147.046, dec_peak:        3.065
Characteristic density local = 5148.7 deg^-2 = 1.430 arcmin^-2
Fitting aperture to hotspot...
Candidate: x_peak:        0.825, y_peak:       -0.485, r_peak:        0.010, sig:        1.966, ra_peak:      147.076, dec_peak:        3.095
Distance = 25.1 kpc (m-M = 17.0)
725598 objects left after isochrone cut...
Characteristic density = 5000.0 deg^-2
Characteristic density local = 5421.2 deg^-2 = 1.506 arcmin^-2
Fitting aperture to hotspot...
Candidate: x_peak:       -0.095, y_peak:       -0.225, r_peak:        0.020, sig:       12.214, ra_peak:      146.155, dec_peak:        3.355
Characteristic density local = 5085.0 deg^-2 = 1.413 arcmin^-2
Fitting aperture to hotspot...
Candidate: x_peak:       -0.435, y_peak:        0.825, r_peak:        0.040, sig:        1.530, ra_peak:      145.814, dec_peak:        4.405
Characteristic density local = 5449.1 deg^-2 = 1.514 arcmin^-2
Fitting aperture to hotspot...
Candidate: x_peak:        0.365, y_peak:        0.715, r_peak:        0.020, sig:        4.512, ra_peak:      146.616, dec_peak:        4.295
Characteristic density local = 5540.6 deg^-2 = 1.539 arcmin^-2
Fitting aperture to hotspot...
Candidate: x_peak:        0.365, y_peak:       -0.445, r_peak:        0.010, sig:        1.848, ra_peak:      146.616, dec_peak:        3.135
Characteristic density local = 5075.1 deg^-2 = 1.410 arcmin^-2
Fitting aperture to hotspot...
Candidate: x_peak:        0.795, y_peak:       -0.515, r_peak:        0.090, sig:        0.914, ra_peak:      147.046, dec_peak:        3.065
Characteristic density local = 5148.7 deg^-2 = 1.430 arcmin^-2
Fitting aperture to hotspot...
Candidate: x_peak:        0.825, y_peak:       -0.485, r_peak:        0.010, sig:        1.966, ra_peak:      147.076, dec_peak:        3.095
Distance = 31.6 kpc (m-M = 17.5)
725598 objects left after isochrone cut...
Characteristic density = 5000.0 deg^-2
Characteristic density local = 5421.2 deg^-2 = 1.506 arcmin^-2
Fitting aperture to hotspot...
Candidate: x_peak:       -0.095, y_peak:       -0.225, r_peak:        0.020, sig:       12.214, ra_peak:      146.155, dec_peak:        3.355
Characteristic density local = 5085.0 deg^-2 = 1.413 arcmin^-2
Fitting aperture to hotspot...
Candidate: x_peak:       -0.435, y_peak:        0.825, r_peak:        0.040, sig:        1.530, ra_peak:      145.814, dec_peak:        4.405
Characteristic density local = 5449.1 deg^-2 = 1.514 arcmin^-2
Fitting aperture to hotspot...
Candidate: x_peak:        0.365, y_peak:        0.715, r_peak:        0.020, sig:        4.512, ra_peak:      146.616, dec_peak:        4.295
Characteristic density local = 5540.6 deg^-2 = 1.539 arcmin^-2
Fitting aperture to hotspot...
Candidate: x_peak:        0.365, y_peak:       -0.445, r_peak:        0.010, sig:        1.848, ra_peak:      146.616, dec_peak:        3.135
Characteristic density local = 5075.1 deg^-2 = 1.410 arcmin^-2
Fitting aperture to hotspot...
Candidate: x_peak:        0.795, y_peak:       -0.515, r_peak:        0.090, sig:        0.914, ra_peak:      147.046, dec_peak:        3.065
Characteristic density local = 5148.7 deg^-2 = 1.430 arcmin^-2
Fitting aperture to hotspot...
Candidate: x_peak:        0.825, y_peak:       -0.485, r_peak:        0.010, sig:        1.966, ra_peak:      147.076, dec_peak:        3.095
Distance = 39.8 kpc (m-M = 18.0)
725585 objects left after isochrone cut...
Characteristic density = 5000.0 deg^-2
Characteristic density local = 5421.2 deg^-2 = 1.506 arcmin^-2
Fitting aperture to hotspot...
Candidate: x_peak:       -0.095, y_peak:       -0.225, r_peak:        0.020, sig:       12.214, ra_peak:      146.155, dec_peak:        3.355
Characteristic density local = 5085.0 deg^-2 = 1.413 arcmin^-2
Fitting aperture to hotspot...
Candidate: x_peak:       -0.435, y_peak:        0.825, r_peak:        0.040, sig:        1.530, ra_peak:      145.814, dec_peak:        4.405
Characteristic density local = 5449.1 deg^-2 = 1.514 arcmin^-2
Fitting aperture to hotspot...
Candidate: x_peak:        0.365, y_peak:        0.715, r_peak:        0.020, sig:        4.512, ra_peak:      146.616, dec_peak:        4.295
Characteristic density local = 5540.6 deg^-2 = 1.539 arcmin^-2
Fitting aperture to hotspot...
Candidate: x_peak:        0.365, y_peak:       -0.445, r_peak:        0.010, sig:        1.848, ra_peak:      146.616, dec_peak:        3.135
Characteristic density local = 5075.1 deg^-2 = 1.410 arcmin^-2
Fitting aperture to hotspot...
Candidate: x_peak:        0.795, y_peak:       -0.515, r_peak:        0.090, sig:        0.914, ra_peak:      147.046, dec_peak:        3.065
Characteristic density local = 5148.7 deg^-2 = 1.430 arcmin^-2
Fitting aperture to hotspot...
Candidate: x_peak:        0.825, y_peak:       -0.485, r_peak:        0.010, sig:        1.966, ra_peak:      147.076, dec_peak:        3.095
Distance = 50.1 kpc (m-M = 18.5)
725317 objects left after isochrone cut...
Characteristic density = 5000.0 deg^-2
Characteristic density local = 5419.2 deg^-2 = 1.505 arcmin^-2
Fitting aperture to hotspot...
Candidate: x_peak:       -0.095, y_peak:       -0.225, r_peak:        0.020, sig:       12.216, ra_peak:      146.155, dec_peak:        3.355
Characteristic density local = 5075.1 deg^-2 = 1.410 arcmin^-2
Fitting aperture to hotspot...
Candidate: x_peak:       -0.435, y_peak:        0.825, r_peak:        0.040, sig:        1.540, ra_peak:      145.814, dec_peak:        4.405
Characteristic density local = 5447.1 deg^-2 = 1.513 arcmin^-2
Fitting aperture to hotspot...
Candidate: x_peak:        0.365, y_peak:        0.715, r_peak:        0.020, sig:        4.513, ra_peak:      146.616, dec_peak:        4.295
Characteristic density local = 5536.6 deg^-2 = 1.538 arcmin^-2
Fitting aperture to hotspot...
Candidate: x_peak:        0.365, y_peak:       -0.445, r_peak:        0.010, sig:        1.850, ra_peak:      146.616, dec_peak:        3.135
Characteristic density local = 5071.1 deg^-2 = 1.409 arcmin^-2
Fitting aperture to hotspot...
Candidate: x_peak:        0.795, y_peak:       -0.515, r_peak:        0.090, sig:        0.923, ra_peak:      147.046, dec_peak:        3.065
Characteristic density local = 5142.7 deg^-2 = 1.429 arcmin^-2
Fitting aperture to hotspot...
Candidate: x_peak:        0.825, y_peak:       -0.485, r_peak:        0.010, sig:        1.968, ra_peak:      147.076, dec_peak:        3.095
Distance = 63.1 kpc (m-M = 19.0)
723762 objects left after isochrone cut...
Characteristic density = 4900.0 deg^-2
Characteristic density local = 5467.0 deg^-2 = 1.519 arcmin^-2
Fitting aperture to hotspot...
Candidate: x_peak:       -0.985, y_peak:        0.215, r_peak:        0.020, sig:        6.655, ra_peak:      145.263, dec_peak:        3.794
Characteristic density local = 4967.6 deg^-2 = 1.380 arcmin^-2
Fitting aperture to hotspot...
Candidate: x_peak:       -0.615, y_peak:        0.675, r_peak:        0.060, sig:        6.936, ra_peak:      145.633, dec_peak:        4.255
Characteristic density local = 5333.7 deg^-2 = 1.482 arcmin^-2
Fitting aperture to hotspot...
Candidate: x_peak:       -0.095, y_peak:       -0.225, r_peak:        0.020, sig:       12.283, ra_peak:      146.155, dec_peak:        3.355
Characteristic density local = 5461.0 deg^-2 = 1.517 arcmin^-2
Fitting aperture to hotspot...
Candidate: x_peak:        0.175, y_peak:       -0.035, r_peak:        0.020, sig:        8.993, ra_peak:      146.425, dec_peak:        3.545
Characteristic density local = 5341.6 deg^-2 = 1.484 arcmin^-2
Fitting aperture to hotspot...
Candidate: x_peak:        0.285, y_peak:       -0.145, r_peak:        0.040, sig:        6.596, ra_peak:      146.536, dec_peak:        3.435
Characteristic density local = 5287.9 deg^-2 = 1.469 arcmin^-2
Fitting aperture to hotspot...
Candidate: x_peak:        0.535, y_peak:       -0.165, r_peak:        0.020, sig:        7.658, ra_peak:      146.786, dec_peak:        3.415
Distance = 79.4 kpc (m-M = 19.5)
721198 objects left after isochrone cut...
Characteristic density = 4800.0 deg^-2
Characteristic density local = 5196.4 deg^-2 = 1.443 arcmin^-2
Fitting aperture to hotspot...
Candidate: x_peak:       -0.095, y_peak:       -0.225, r_peak:        0.020, sig:       12.216, ra_peak:      146.155, dec_peak:        3.355
Characteristic density local = 5496.8 deg^-2 = 1.527 arcmin^-2
Fitting aperture to hotspot...
Candidate: x_peak:       -0.905, y_peak:       -0.415, r_peak:        0.030, sig:        0.770, ra_peak:      145.344, dec_peak:        3.165
Characteristic density local = 5077.0 deg^-2 = 1.410 arcmin^-2
Fitting aperture to hotspot...
Candidate: x_peak:       -0.495, y_peak:        0.775, r_peak:        0.180, sig:        1.518, ra_peak:      145.754, dec_peak:        4.355
Characteristic density local = 5083.0 deg^-2 = 1.412 arcmin^-2
Fitting aperture to hotspot...
Candidate: x_peak:       -0.485, y_peak:        0.785, r_peak:        0.010, sig:        1.416, ra_peak:      145.764, dec_peak:        4.365
Characteristic density local = 5399.3 deg^-2 = 1.500 arcmin^-2
Fitting aperture to hotspot...
Candidate: x_peak:        0.355, y_peak:       -0.445, r_peak:        0.020, sig:        1.704, ra_peak:      146.606, dec_peak:        3.135
Characteristic density local = 5256.1 deg^-2 = 1.460 arcmin^-2
Fitting aperture to hotspot...
Candidate: x_peak:        0.365, y_peak:        0.715, r_peak:        0.020, sig:        4.630, ra_peak:      146.616, dec_peak:        4.295
Characteristic density local = 5001.4 deg^-2 = 1.389 arcmin^-2
Fitting aperture to hotspot...
Candidate: x_peak:        0.825, y_peak:       -0.485, r_peak:        0.010, sig:        2.012, ra_peak:      147.076, dec_peak:        3.095
Distance = 100.0 kpc (m-M = 20.0)
717914 objects left after isochrone cut...
Characteristic density = 4700.0 deg^-2
Characteristic density local = 5514.7 deg^-2 = 1.532 arcmin^-2
Fitting aperture to hotspot...
Candidate: x_peak:       -1.315, y_peak:       -0.065, r_peak:        0.040, sig:        3.904, ra_peak:      144.933, dec_peak:        3.514
Characteristic density local = 5206.4 deg^-2 = 1.446 arcmin^-2
Fitting aperture to hotspot...
Candidate: x_peak:       -0.985, y_peak:        0.215, r_peak:        0.020, sig:        6.829, ra_peak:      145.263, dec_peak:        3.794
Characteristic density local = 4780.6 deg^-2 = 1.328 arcmin^-2
Fitting aperture to hotspot...
Candidate: x_peak:       -0.615, y_peak:        0.675, r_peak:        0.060, sig:        7.264, ra_peak:      145.633, dec_peak:        4.255
Characteristic density local = 5063.1 deg^-2 = 1.406 arcmin^-2
Fitting aperture to hotspot...
Candidate: x_peak:       -0.095, y_peak:       -0.225, r_peak:        0.020, sig:       12.324, ra_peak:      146.155, dec_peak:        3.355
Characteristic density local = 5116.8 deg^-2 = 1.421 arcmin^-2
Fitting aperture to hotspot...
Candidate: x_peak:        0.015, y_peak:       -0.825, r_peak:        0.020, sig:        4.973, ra_peak:      146.265, dec_peak:        2.755
Characteristic density local = 4894.0 deg^-2 = 1.359 arcmin^-2
Fitting aperture to hotspot...
Candidate: x_peak:        0.085, y_peak:        0.555, r_peak:        0.030, sig:        5.465, ra_peak:      146.335, dec_peak:        4.135
Characteristic density local = 5214.3 deg^-2 = 1.448 arcmin^-2
Fitting aperture to hotspot...
Candidate: x_peak:        0.175, y_peak:       -0.035, r_peak:        0.020, sig:        8.764, ra_peak:      146.425, dec_peak:        3.545
Characteristic density local = 5128.8 deg^-2 = 1.425 arcmin^-2
Fitting aperture to hotspot...
Candidate: x_peak:        0.285, y_peak:       -0.145, r_peak:        0.040, sig:        6.420, ra_peak:      146.536, dec_peak:        3.435
Characteristic density local = 5049.2 deg^-2 = 1.403 arcmin^-2
Fitting aperture to hotspot...
Candidate: x_peak:        0.535, y_peak:       -0.165, r_peak:        0.020, sig:        7.827, ra_peak:      146.786, dec_peak:        3.415
Distance = 125.9 kpc (m-M = 20.5)
714011 objects left after isochrone cut...
Characteristic density = 4600.0 deg^-2
Characteristic density local = 5339.6 deg^-2 = 1.483 arcmin^-2
Fitting aperture to hotspot...
Candidate: x_peak:       -1.315, y_peak:       -0.065, r_peak:        0.040, sig:        3.937, ra_peak:      144.933, dec_peak:        3.514
Characteristic density local = 5035.3 deg^-2 = 1.399 arcmin^-2
Fitting aperture to hotspot...
Candidate: x_peak:       -0.985, y_peak:        0.215, r_peak:        0.020, sig:        6.947, ra_peak:      145.263, dec_peak:        3.794
Characteristic density local = 4661.3 deg^-2 = 1.295 arcmin^-2
Fitting aperture to hotspot...
Candidate: x_peak:       -0.615, y_peak:        0.675, r_peak:        0.060, sig:        7.372, ra_peak:      145.633, dec_peak:        4.255
Characteristic density local = 4937.8 deg^-2 = 1.372 arcmin^-2
Fitting aperture to hotspot...
Candidate: x_peak:       -0.095, y_peak:       -0.225, r_peak:        0.020, sig:       12.429, ra_peak:      146.155, dec_peak:        3.355
Characteristic density local = 4744.8 deg^-2 = 1.318 arcmin^-2
Fitting aperture to hotspot...
Candidate: x_peak:        0.085, y_peak:        0.555, r_peak:        0.030, sig:        5.606, ra_peak:      146.335, dec_peak:        4.135
Characteristic density local = 5081.0 deg^-2 = 1.411 arcmin^-2
Fitting aperture to hotspot...
Candidate: x_peak:        0.175, y_peak:       -0.025, r_peak:        0.030, sig:        7.599, ra_peak:      146.425, dec_peak:        3.555
Characteristic density local = 4963.6 deg^-2 = 1.379 arcmin^-2
Fitting aperture to hotspot...
Candidate: x_peak:        0.285, y_peak:       -0.145, r_peak:        0.040, sig:        6.618, ra_peak:      146.536, dec_peak:        3.435
Characteristic density local = 5027.3 deg^-2 = 1.396 arcmin^-2
Fitting aperture to hotspot...
Candidate: x_peak:        0.295, y_peak:        0.395, r_peak:        0.020, sig:        5.532, ra_peak:      146.546, dec_peak:        3.975
Characteristic density local = 4907.9 deg^-2 = 1.363 arcmin^-2
Fitting aperture to hotspot...
Candidate: x_peak:        0.525, y_peak:       -0.165, r_peak:        0.020, sig:        7.929, ra_peak:      146.776, dec_peak:        3.415
Distance = 158.5 kpc (m-M = 21.0)
709501 objects left after isochrone cut...
Characteristic density = 4400.0 deg^-2
Characteristic density local = 5174.5 deg^-2 = 1.437 arcmin^-2
Fitting aperture to hotspot...
Candidate: x_peak:       -1.315, y_peak:       -0.065, r_peak:        0.040, sig:        3.802, ra_peak:      144.933, dec_peak:        3.514
Characteristic density local = 4876.1 deg^-2 = 1.354 arcmin^-2
Fitting aperture to hotspot...
Candidate: x_peak:       -0.985, y_peak:        0.215, r_peak:        0.020, sig:        7.060, ra_peak:      145.263, dec_peak:        3.794
Characteristic density local = 4526.0 deg^-2 = 1.257 arcmin^-2
Fitting aperture to hotspot...
Candidate: x_peak:       -0.615, y_peak:        0.675, r_peak:        0.060, sig:        7.619, ra_peak:      145.633, dec_peak:        4.255
Characteristic density local = 4774.6 deg^-2 = 1.326 arcmin^-2
Fitting aperture to hotspot...
Candidate: x_peak:       -0.095, y_peak:       -0.225, r_peak:        0.020, sig:       12.567, ra_peak:      146.155, dec_peak:        3.355
Characteristic density local = 4937.8 deg^-2 = 1.372 arcmin^-2
Fitting aperture to hotspot...
Candidate: x_peak:        0.175, y_peak:       -0.025, r_peak:        0.030, sig:        7.740, ra_peak:      146.425, dec_peak:        3.555
Characteristic density local = 4800.5 deg^-2 = 1.333 arcmin^-2
Fitting aperture to hotspot...
Candidate: x_peak:        0.275, y_peak:       -0.145, r_peak:        0.020, sig:        6.175, ra_peak:      146.525, dec_peak:        3.435
Characteristic density local = 4830.4 deg^-2 = 1.342 arcmin^-2
Fitting aperture to hotspot...
Candidate: x_peak:        0.295, y_peak:        0.395, r_peak:        0.020, sig:        5.665, ra_peak:      146.546, dec_peak:        3.975
Characteristic density local = 4726.9 deg^-2 = 1.313 arcmin^-2
Fitting aperture to hotspot...
Candidate: x_peak:        0.525, y_peak:       -0.165, r_peak:        0.020, sig:        8.064, ra_peak:      146.776, dec_peak:        3.415
Distance = 199.5 kpc (m-M = 21.5)
704110 objects left after isochrone cut...
Characteristic density = 4200.0 deg^-2
Characteristic density local = 4651.3 deg^-2 = 1.292 arcmin^-2
Fitting aperture to hotspot...
Candidate: x_peak:       -0.985, y_peak:        0.215, r_peak:        0.020, sig:        7.223, ra_peak:      145.263, dec_peak:        3.794
Characteristic density local = 4337.0 deg^-2 = 1.205 arcmin^-2
Fitting aperture to hotspot...
Candidate: x_peak:       -0.615, y_peak:        0.675, r_peak:        0.060, sig:        7.865, ra_peak:      145.633, dec_peak:        4.255
Characteristic density local = 4583.7 deg^-2 = 1.273 arcmin^-2
Fitting aperture to hotspot...
Candidate: x_peak:       -0.095, y_peak:       -0.225, r_peak:        0.020, sig:       12.735, ra_peak:      146.155, dec_peak:        3.355
Characteristic density local = 4659.3 deg^-2 = 1.294 arcmin^-2
Fitting aperture to hotspot...
Candidate: x_peak:        0.015, y_peak:       -0.825, r_peak:        0.030, sig:        5.111, ra_peak:      146.265, dec_peak:        2.755
Characteristic density local = 4764.7 deg^-2 = 1.324 arcmin^-2
Fitting aperture to hotspot...
Candidate: x_peak:        0.185, y_peak:       -0.025, r_peak:        0.030, sig:        8.082, ra_peak:      146.435, dec_peak:        3.555
Characteristic density local = 4599.6 deg^-2 = 1.278 arcmin^-2
Fitting aperture to hotspot...
Candidate: x_peak:        0.275, y_peak:       -0.145, r_peak:        0.020, sig:        6.317, ra_peak:      146.525, dec_peak:        3.435
Characteristic density local = 4524.0 deg^-2 = 1.257 arcmin^-2
Fitting aperture to hotspot...
Candidate: x_peak:        0.525, y_peak:       -0.165, r_peak:        0.020, sig:        8.220, ra_peak:      146.776, dec_peak:        3.415
Distance = 251.2 kpc (m-M = 22.0)
697737 objects left after isochrone cut...
Characteristic density = 4000.0 deg^-2
Characteristic density local = 4376.8 deg^-2 = 1.216 arcmin^-2
Fitting aperture to hotspot...
Candidate: x_peak:       -0.095, y_peak:       -0.225, r_peak:        0.020, sig:       12.556, ra_peak:      146.155, dec_peak:        3.355
Characteristic density local = 4502.1 deg^-2 = 1.251 arcmin^-2
Fitting aperture to hotspot...
Candidate: x_peak:       -0.945, y_peak:       -0.385, r_peak:        0.010, sig:        2.175, ra_peak:      145.304, dec_peak:        3.195
Characteristic density local = 4448.4 deg^-2 = 1.236 arcmin^-2
Fitting aperture to hotspot...
Candidate: x_peak:       -0.935, y_peak:       -0.395, r_peak:        0.010, sig:        0.971, ra_peak:      145.314, dec_peak:        3.185
Characteristic density local = 4452.4 deg^-2 = 1.237 arcmin^-2
Fitting aperture to hotspot...
Candidate: x_peak:       -0.915, y_peak:       -0.405, r_peak:        0.010, sig:        0.969, ra_peak:      145.334, dec_peak:        3.175
Characteristic density local = 4500.1 deg^-2 = 1.250 arcmin^-2
Fitting aperture to hotspot...
Candidate: x_peak:       -0.905, y_peak:       -0.415, r_peak:        0.030, sig:        1.057, ra_peak:      145.344, dec_peak:        3.165
Characteristic density local = 4466.3 deg^-2 = 1.241 arcmin^-2
Fitting aperture to hotspot...
Candidate: x_peak:       -0.425, y_peak:        0.335, r_peak:        0.030, sig:        2.073, ra_peak:      145.824, dec_peak:        3.915
Characteristic density local = 4086.3 deg^-2 = 1.135 arcmin^-2
Fitting aperture to hotspot...
Candidate: x_peak:       -0.005, y_peak:        1.195, r_peak:        0.050, sig:        2.718, ra_peak:      146.245, dec_peak:        4.775
Characteristic density local = 4470.3 deg^-2 = 1.242 arcmin^-2
Fitting aperture to hotspot...
Candidate: x_peak:        0.355, y_peak:       -0.445, r_peak:        0.010, sig:        1.605, ra_peak:      146.606, dec_peak:        3.135
Characteristic density local = 4249.4 deg^-2 = 1.180 arcmin^-2
Fitting aperture to hotspot...
Candidate: x_peak:        0.845, y_peak:        0.475, r_peak:        0.010, sig:        2.262, ra_peak:      147.097, dec_peak:        4.055
Distance = 316.2 kpc (m-M = 22.5)
690315 objects left after isochrone cut...
Characteristic density = 3800.0 deg^-2
Characteristic density local = 4140.0 deg^-2 = 1.150 arcmin^-2
Fitting aperture to hotspot...
Candidate: x_peak:       -0.985, y_peak:        0.215, r_peak:        0.020, sig:        7.620, ra_peak:      145.263, dec_peak:        3.794
Characteristic density local = 3915.2 deg^-2 = 1.088 arcmin^-2
Fitting aperture to hotspot...
Candidate: x_peak:       -0.615, y_peak:        0.675, r_peak:        0.060, sig:        8.477, ra_peak:      145.633, dec_peak:        4.255
Characteristic density local = 4114.2 deg^-2 = 1.143 arcmin^-2
Fitting aperture to hotspot...
Candidate: x_peak:       -0.095, y_peak:       -0.225, r_peak:        0.020, sig:       12.803, ra_peak:      146.155, dec_peak:        3.355
Characteristic density local = 4142.0 deg^-2 = 1.151 arcmin^-2
Fitting aperture to hotspot...
Candidate: x_peak:        0.015, y_peak:       -0.825, r_peak:        0.030, sig:        5.422, ra_peak:      146.265, dec_peak:        2.755
Characteristic density local = 3978.9 deg^-2 = 1.105 arcmin^-2
Fitting aperture to hotspot...
Candidate: x_peak:        0.095, y_peak:        0.555, r_peak:        0.020, sig:        7.277, ra_peak:      146.345, dec_peak:        4.135
Characteristic density local = 4277.3 deg^-2 = 1.188 arcmin^-2
Fitting aperture to hotspot...
Candidate: x_peak:        0.175, y_peak:       -0.025, r_peak:        0.030, sig:        7.549, ra_peak:      146.425, dec_peak:        3.555
Characteristic density local = 4126.1 deg^-2 = 1.146 arcmin^-2
Fitting aperture to hotspot...
Candidate: x_peak:        0.275, y_peak:       -0.145, r_peak:        0.020, sig:        6.425, ra_peak:      146.525, dec_peak:        3.435
Characteristic density local = 4169.9 deg^-2 = 1.158 arcmin^-2
Fitting aperture to hotspot...
Candidate: x_peak:        0.295, y_peak:        0.395, r_peak:        0.020, sig:        5.627, ra_peak:      146.546, dec_peak:        3.975
Characteristic density local = 4050.5 deg^-2 = 1.125 arcmin^-2
Fitting aperture to hotspot...
Candidate: x_peak:        0.525, y_peak:       -0.165, r_peak:        0.020, sig:        8.155, ra_peak:      146.776, dec_peak:        3.415
Distance = 398.1 kpc (m-M = 23.0)
681184 objects left after isochrone cut...
Characteristic density = 3500.0 deg^-2
Characteristic density local = 3827.7 deg^-2 = 1.063 arcmin^-2
Fitting aperture to hotspot...
Candidate: x_peak:       -0.995, y_peak:        0.215, r_peak:        0.010, sig:        9.210, ra_peak:      145.253, dec_peak:        3.794
Characteristic density local = 3585.0 deg^-2 = 0.996 arcmin^-2
Fitting aperture to hotspot...
Candidate: x_peak:       -0.615, y_peak:        0.675, r_peak:        0.060, sig:        8.612, ra_peak:      145.633, dec_peak:        4.255
Characteristic density local = 3795.8 deg^-2 = 1.054 arcmin^-2
Fitting aperture to hotspot...
Candidate: x_peak:       -0.095, y_peak:       -0.225, r_peak:        0.020, sig:       12.930, ra_peak:      146.155, dec_peak:        3.355
Characteristic density local = 3646.6 deg^-2 = 1.013 arcmin^-2
Fitting aperture to hotspot...
Candidate: x_peak:        0.095, y_peak:        0.555, r_peak:        0.020, sig:        7.315, ra_peak:      146.345, dec_peak:        4.135
Characteristic density local = 3945.1 deg^-2 = 1.096 arcmin^-2
Fitting aperture to hotspot...
Candidate: x_peak:        0.175, y_peak:       -0.035, r_peak:        0.020, sig:        8.920, ra_peak:      146.425, dec_peak:        3.545
Characteristic density local = 3984.8 deg^-2 = 1.107 arcmin^-2
Fitting aperture to hotspot...
Candidate: x_peak:        0.245, y_peak:        0.035, r_peak:        0.020, sig:        6.537, ra_peak:      146.495, dec_peak:        3.615
Characteristic density local = 3795.8 deg^-2 = 1.054 arcmin^-2
Fitting aperture to hotspot...
Candidate: x_peak:        0.285, y_peak:       -0.145, r_peak:        0.040, sig:        6.472, ra_peak:      146.536, dec_peak:        3.435
Characteristic density local = 3847.6 deg^-2 = 1.069 arcmin^-2
Fitting aperture to hotspot...
Candidate: x_peak:        0.295, y_peak:        0.395, r_peak:        0.020, sig:        5.875, ra_peak:      146.546, dec_peak:        3.975
Characteristic density local = 3744.1 deg^-2 = 1.040 arcmin^-2
Fitting aperture to hotspot...
Candidate: x_peak:        0.525, y_peak:       -0.165, r_peak:        0.020, sig:        8.419, ra_peak:      146.776, dec_peak:        3.415
12.93 sigma; (RA, Dec, d) = (146.15, 3.35); r = 0.02 deg; d = 398.1, mu = 23.00 mag), mc_source_id: 0.00
9.21 sigma; (RA, Dec, d) = (145.25, 3.79); r = 0.01 deg; d = 398.1, mu = 23.00 mag), mc_source_id: 0.00
8.99 sigma; (RA, Dec, d) = (146.43, 3.54); r = 0.02 deg; d = 63.1, mu = 19.00 mag), mc_source_id: 0.00
8.61 sigma; (RA, Dec, d) = (145.63, 4.25); r = 0.06 deg; d = 398.1, mu = 23.00 mag), mc_source_id: 0.00
8.42 sigma; (RA, Dec, d) = (146.78, 3.41); r = 0.02 deg; d = 398.1, mu = 23.00 mag), mc_source_id: 0.00
7.62 sigma; (RA, Dec, d) = (145.26, 3.79); r = 0.02 deg; d = 316.2, mu = 22.50 mag), mc_source_id: 0.00
7.31 sigma; (RA, Dec, d) = (146.35, 4.13); r = 0.02 deg; d = 398.1, mu = 23.00 mag), mc_source_id: 0.00
6.62 sigma; (RA, Dec, d) = (146.54, 3.43); r = 0.04 deg; d = 125.9, mu = 20.50 mag), mc_source_id: 0.00
6.54 sigma; (RA, Dec, d) = (146.50, 3.61); r = 0.02 deg; d = 398.1, mu = 23.00 mag), mc_source_id: 0.00
5.87 sigma; (RA, Dec, d) = (146.55, 3.97); r = 0.02 deg; d = 398.1, mu = 23.00 mag), mc_source_id: 0.00
5.42 sigma; (RA, Dec, d) = (146.27, 2.75); r = 0.03 deg; d = 316.2, mu = 22.50 mag), mc_source_id: 0.00
4.63 sigma; (RA, Dec, d) = (146.62, 4.29); r = 0.02 deg; d = 79.4, mu = 19.50 mag), mc_source_id: 0.00
3.94 sigma; (RA, Dec, d) = (144.93, 3.51); r = 0.04 deg; d = 125.9, mu = 20.50 mag), mc_source_id: 0.00
2.72 sigma; (RA, Dec, d) = (146.24, 4.78); r = 0.05 deg; d = 251.2, mu = 22.00 mag), mc_source_id: 0.00
2.26 sigma; (RA, Dec, d) = (147.10, 4.05); r = 0.01 deg; d = 251.2, mu = 22.00 mag), mc_source_id: 0.00
2.17 sigma; (RA, Dec, d) = (145.30, 3.19); r = 0.01 deg; d = 251.2, mu = 22.00 mag), mc_source_id: 0.00
2.07 sigma; (RA, Dec, d) = (145.82, 3.91); r = 0.03 deg; d = 251.2, mu = 22.00 mag), mc_source_id: 0.00
2.01 sigma; (RA, Dec, d) = (147.08, 3.09); r = 0.01 deg; d = 79.4, mu = 19.50 mag), mc_source_id: 0.00
1.85 sigma; (RA, Dec, d) = (146.62, 3.13); r = 0.01 deg; d = 50.1, mu = 18.50 mag), mc_source_id: 0.00
1.54 sigma; (RA, Dec, d) = (145.81, 4.40); r = 0.04 deg; d = 50.1, mu = 18.50 mag), mc_source_id: 0.00
1.52 sigma; (RA, Dec, d) = (145.75, 4.35); r = 0.18 deg; d = 79.4, mu = 19.50 mag), mc_source_id: 0.00
1.06 sigma; (RA, Dec, d) = (145.34, 3.16); r = 0.03 deg; d = 251.2, mu = 22.00 mag), mc_source_id: 0.00
0.97 sigma; (RA, Dec, d) = (145.31, 3.18); r = 0.01 deg; d = 251.2, mu = 22.00 mag), mc_source_id: 0.00
0.92 sigma; (RA, Dec, d) = (147.05, 3.06); r = 0.09 deg; d = 50.1, mu = 18.50 mag), mc_source_id: 0.00

------------------------------------------------------------
Job <680675.0> was submitted from <des51.fnal.gov> by user <tavangar>.
Job was executed on host <des40.fnal.gov> as user <tavangar>.
</var/lib/condor/execute/dir_1978894> was used as the initial working directory.
Results reported at Wed Jun  5 11:07:41 CDT 2019

Your job looked like:

------------------------------------------------------------
python /home/s1/tavangar/tavangar_simple/search_algorithm.py 146.25 3.58 0.00 /home/s1/tavangar/tavangar_simple/decals_dr7_results/results_nside_32_5748.csv /home/s1/tavangar/tavangar_simple/decals_dr7_results/decals_dr7_log/results_nside_32_5748.log
------------------------------------------------------------

Successfully completed.

Resource usage summary:

	Real time :			301.07 sec.
	CPU time :			44.08 sec.
	CPU percentage :		93%
	Max Memory :			6432688 KB
	Average Memory :		0 KB

The output (if any) is above this job summary.
