/home/s1/tavangar/tavangar_simple/simple_utils.py:170: FutureWarning: elementwise comparison failed; returning scalar instead, but in the future will perform elementwise comparison
  if np.all(isochrone.stage == 'Main'):
Search coordinates: (RA, Dec) = (18.28, 2.39)
Center healpixel: 5830
Healpixels: [5830 5958 5829 5702 5574 5703 5831 5959 6086]
MC_SOURCE_ID = 0.0
mode = 0: running only on real data
Found 1 objects...
Applying cuts...
891780 star-like objects in ROI...
1388592 galaxy-like objects in ROI...
No fracdet map specified ...
Distance = 15.8 kpc (m-M = 16.0)
891760 objects left after isochrone cut...
Characteristic density = 3400.0 deg^-2
Characteristic density local = 3714.3 deg^-2 = 1.032 arcmin^-2
Fitting aperture to hotspot...
Candidate: x_peak:       -0.635, y_peak:        0.055, r_peak:        0.030, sig:       18.445, ra_peak:       17.644, dec_peak:        2.445
Characteristic density local = 2918.5 deg^-2 = 0.811 arcmin^-2
Fitting aperture to hotspot...
Candidate: x_peak:       -0.155, y_peak:        0.075, r_peak:        0.030, sig:       19.908, ra_peak:       18.125, dec_peak:        2.465
Characteristic density local = 2626.1 deg^-2 = 0.729 arcmin^-2
Fitting aperture to hotspot...
Candidate: x_peak:        0.425, y_peak:        0.425, r_peak:        0.020, sig:        9.070, ra_peak:       18.706, dec_peak:        2.815
Characteristic density local = 3077.7 deg^-2 = 0.855 arcmin^-2
Fitting aperture to hotspot...
Candidate: x_peak:        0.865, y_peak:        0.345, r_peak:        0.020, sig:       17.348, ra_peak:       19.146, dec_peak:        2.735
Characteristic density local = 2793.2 deg^-2 = 0.776 arcmin^-2
Fitting aperture to hotspot...
Candidate: x_peak:        0.985, y_peak:       -0.355, r_peak:        0.060, sig:        8.302, ra_peak:       19.266, dec_peak:        2.035
Characteristic density local = 2789.2 deg^-2 = 0.775 arcmin^-2
Fitting aperture to hotspot...
Candidate: x_peak:        0.995, y_peak:       -0.345, r_peak:        0.050, sig:        8.393, ra_peak:       19.276, dec_peak:        2.045
Characteristic density local = 3151.3 deg^-2 = 0.875 arcmin^-2
Fitting aperture to hotspot...
Candidate: x_peak:        1.245, y_peak:        0.135, r_peak:        0.060, sig:        9.125, ra_peak:       19.526, dec_peak:        2.524
Characteristic density local = 3177.1 deg^-2 = 0.883 arcmin^-2
Fitting aperture to hotspot...
Candidate: x_peak:        1.255, y_peak:        0.125, r_peak:        0.060, sig:        9.064, ra_peak:       19.536, dec_peak:        2.514
Distance = 20.0 kpc (m-M = 16.5)
891774 objects left after isochrone cut...
Characteristic density = 3400.0 deg^-2
Characteristic density local = 3714.3 deg^-2 = 1.032 arcmin^-2
Fitting aperture to hotspot...
Candidate: x_peak:       -0.635, y_peak:        0.055, r_peak:        0.030, sig:       18.445, ra_peak:       17.644, dec_peak:        2.445
Characteristic density local = 2918.5 deg^-2 = 0.811 arcmin^-2
Fitting aperture to hotspot...
Candidate: x_peak:       -0.155, y_peak:        0.075, r_peak:        0.030, sig:       19.908, ra_peak:       18.125, dec_peak:        2.465
Characteristic density local = 2626.1 deg^-2 = 0.729 arcmin^-2
Fitting aperture to hotspot...
Candidate: x_peak:        0.425, y_peak:        0.425, r_peak:        0.020, sig:        9.070, ra_peak:       18.706, dec_peak:        2.815
Characteristic density local = 3077.7 deg^-2 = 0.855 arcmin^-2
Fitting aperture to hotspot...
Candidate: x_peak:        0.865, y_peak:        0.345, r_peak:        0.020, sig:       17.348, ra_peak:       19.146, dec_peak:        2.735
Characteristic density local = 2793.2 deg^-2 = 0.776 arcmin^-2
Fitting aperture to hotspot...
Candidate: x_peak:        0.985, y_peak:       -0.355, r_peak:        0.060, sig:        8.302, ra_peak:       19.266, dec_peak:        2.035
Characteristic density local = 2789.2 deg^-2 = 0.775 arcmin^-2
Fitting aperture to hotspot...
Candidate: x_peak:        0.995, y_peak:       -0.345, r_peak:        0.050, sig:        8.393, ra_peak:       19.276, dec_peak:        2.045
Characteristic density local = 3151.3 deg^-2 = 0.875 arcmin^-2
Fitting aperture to hotspot...
Candidate: x_peak:        1.245, y_peak:        0.135, r_peak:        0.060, sig:        9.125, ra_peak:       19.526, dec_peak:        2.524
Characteristic density local = 3177.1 deg^-2 = 0.883 arcmin^-2
Fitting aperture to hotspot...
Candidate: x_peak:        1.255, y_peak:        0.125, r_peak:        0.060, sig:        9.064, ra_peak:       19.536, dec_peak:        2.514
Distance = 25.1 kpc (m-M = 17.0)
891777 objects left after isochrone cut...
Characteristic density = 3400.0 deg^-2
Characteristic density local = 3714.3 deg^-2 = 1.032 arcmin^-2
Fitting aperture to hotspot...
Candidate: x_peak:       -0.635, y_peak:        0.055, r_peak:        0.030, sig:       18.445, ra_peak:       17.644, dec_peak:        2.445
Characteristic density local = 2918.5 deg^-2 = 0.811 arcmin^-2
Fitting aperture to hotspot...
Candidate: x_peak:       -0.155, y_peak:        0.075, r_peak:        0.030, sig:       19.908, ra_peak:       18.125, dec_peak:        2.465
Characteristic density local = 2626.1 deg^-2 = 0.729 arcmin^-2
Fitting aperture to hotspot...
Candidate: x_peak:        0.425, y_peak:        0.425, r_peak:        0.020, sig:        9.070, ra_peak:       18.706, dec_peak:        2.815
Characteristic density local = 3077.7 deg^-2 = 0.855 arcmin^-2
Fitting aperture to hotspot...
Candidate: x_peak:        0.865, y_peak:        0.345, r_peak:        0.020, sig:       17.348, ra_peak:       19.146, dec_peak:        2.735
Characteristic density local = 2793.2 deg^-2 = 0.776 arcmin^-2
Fitting aperture to hotspot...
Candidate: x_peak:        0.985, y_peak:       -0.355, r_peak:        0.060, sig:        8.302, ra_peak:       19.266, dec_peak:        2.035
Characteristic density local = 2789.2 deg^-2 = 0.775 arcmin^-2
Fitting aperture to hotspot...
Candidate: x_peak:        0.995, y_peak:       -0.345, r_peak:        0.050, sig:        8.393, ra_peak:       19.276, dec_peak:        2.045
Characteristic density local = 3151.3 deg^-2 = 0.875 arcmin^-2
Fitting aperture to hotspot...
Candidate: x_peak:        1.245, y_peak:        0.135, r_peak:        0.060, sig:        9.125, ra_peak:       19.526, dec_peak:        2.524
Characteristic density local = 3177.1 deg^-2 = 0.883 arcmin^-2
Fitting aperture to hotspot...
Candidate: x_peak:        1.255, y_peak:        0.125, r_peak:        0.060, sig:        9.064, ra_peak:       19.536, dec_peak:        2.514
Distance = 31.6 kpc (m-M = 17.5)
891779 objects left after isochrone cut...
Characteristic density = 3400.0 deg^-2
Characteristic density local = 3714.3 deg^-2 = 1.032 arcmin^-2
Fitting aperture to hotspot...
Candidate: x_peak:       -0.635, y_peak:        0.055, r_peak:        0.030, sig:       18.445, ra_peak:       17.644, dec_peak:        2.445
Characteristic density local = 2918.5 deg^-2 = 0.811 arcmin^-2
Fitting aperture to hotspot...
Candidate: x_peak:       -0.155, y_peak:        0.075, r_peak:        0.030, sig:       19.908, ra_peak:       18.125, dec_peak:        2.465
Characteristic density local = 2626.1 deg^-2 = 0.729 arcmin^-2
Fitting aperture to hotspot...
Candidate: x_peak:        0.425, y_peak:        0.425, r_peak:        0.020, sig:        9.070, ra_peak:       18.706, dec_peak:        2.815
Characteristic density local = 3077.7 deg^-2 = 0.855 arcmin^-2
Fitting aperture to hotspot...
Candidate: x_peak:        0.865, y_peak:        0.345, r_peak:        0.020, sig:       17.348, ra_peak:       19.146, dec_peak:        2.735
Characteristic density local = 2793.2 deg^-2 = 0.776 arcmin^-2
Fitting aperture to hotspot...
Candidate: x_peak:        0.985, y_peak:       -0.355, r_peak:        0.060, sig:        8.302, ra_peak:       19.266, dec_peak:        2.035
Characteristic density local = 2789.2 deg^-2 = 0.775 arcmin^-2
Fitting aperture to hotspot...
Candidate: x_peak:        0.995, y_peak:       -0.345, r_peak:        0.050, sig:        8.393, ra_peak:       19.276, dec_peak:        2.045
Characteristic density local = 3151.3 deg^-2 = 0.875 arcmin^-2
Fitting aperture to hotspot...
Candidate: x_peak:        1.245, y_peak:        0.135, r_peak:        0.060, sig:        9.125, ra_peak:       19.526, dec_peak:        2.524
Characteristic density local = 3177.1 deg^-2 = 0.883 arcmin^-2
Fitting aperture to hotspot...
Candidate: x_peak:        1.255, y_peak:        0.125, r_peak:        0.060, sig:        9.064, ra_peak:       19.536, dec_peak:        2.514
Distance = 39.8 kpc (m-M = 18.0)
891779 objects left after isochrone cut...
Characteristic density = 3400.0 deg^-2
Characteristic density local = 3714.3 deg^-2 = 1.032 arcmin^-2
Fitting aperture to hotspot...
Candidate: x_peak:       -0.635, y_peak:        0.055, r_peak:        0.030, sig:       18.445, ra_peak:       17.644, dec_peak:        2.445
Characteristic density local = 2918.5 deg^-2 = 0.811 arcmin^-2
Fitting aperture to hotspot...
Candidate: x_peak:       -0.155, y_peak:        0.075, r_peak:        0.030, sig:       19.908, ra_peak:       18.125, dec_peak:        2.465
Characteristic density local = 2626.1 deg^-2 = 0.729 arcmin^-2
Fitting aperture to hotspot...
Candidate: x_peak:        0.425, y_peak:        0.425, r_peak:        0.020, sig:        9.070, ra_peak:       18.706, dec_peak:        2.815
Characteristic density local = 3077.7 deg^-2 = 0.855 arcmin^-2
Fitting aperture to hotspot...
Candidate: x_peak:        0.865, y_peak:        0.345, r_peak:        0.020, sig:       17.348, ra_peak:       19.146, dec_peak:        2.735
Characteristic density local = 2793.2 deg^-2 = 0.776 arcmin^-2
Fitting aperture to hotspot...
Candidate: x_peak:        0.985, y_peak:       -0.355, r_peak:        0.060, sig:        8.302, ra_peak:       19.266, dec_peak:        2.035
Characteristic density local = 2789.2 deg^-2 = 0.775 arcmin^-2
Fitting aperture to hotspot...
Candidate: x_peak:        0.995, y_peak:       -0.345, r_peak:        0.050, sig:        8.393, ra_peak:       19.276, dec_peak:        2.045
Characteristic density local = 3151.3 deg^-2 = 0.875 arcmin^-2
Fitting aperture to hotspot...
Candidate: x_peak:        1.245, y_peak:        0.135, r_peak:        0.060, sig:        9.125, ra_peak:       19.526, dec_peak:        2.524
Characteristic density local = 3177.1 deg^-2 = 0.883 arcmin^-2
Fitting aperture to hotspot...
Candidate: x_peak:        1.255, y_peak:        0.125, r_peak:        0.060, sig:        9.064, ra_peak:       19.536, dec_peak:        2.514
Distance = 50.1 kpc (m-M = 18.5)
891779 objects left after isochrone cut...
Characteristic density = 3400.0 deg^-2
Characteristic density local = 3714.3 deg^-2 = 1.032 arcmin^-2
Fitting aperture to hotspot...
Candidate: x_peak:       -0.635, y_peak:        0.055, r_peak:        0.030, sig:       18.445, ra_peak:       17.644, dec_peak:        2.445
Characteristic density local = 2918.5 deg^-2 = 0.811 arcmin^-2
Fitting aperture to hotspot...
Candidate: x_peak:       -0.155, y_peak:        0.075, r_peak:        0.030, sig:       19.908, ra_peak:       18.125, dec_peak:        2.465
Characteristic density local = 2626.1 deg^-2 = 0.729 arcmin^-2
Fitting aperture to hotspot...
Candidate: x_peak:        0.425, y_peak:        0.425, r_peak:        0.020, sig:        9.070, ra_peak:       18.706, dec_peak:        2.815
Characteristic density local = 3077.7 deg^-2 = 0.855 arcmin^-2
Fitting aperture to hotspot...
Candidate: x_peak:        0.865, y_peak:        0.345, r_peak:        0.020, sig:       17.348, ra_peak:       19.146, dec_peak:        2.735
Characteristic density local = 2793.2 deg^-2 = 0.776 arcmin^-2
Fitting aperture to hotspot...
Candidate: x_peak:        0.985, y_peak:       -0.355, r_peak:        0.060, sig:        8.302, ra_peak:       19.266, dec_peak:        2.035
Characteristic density local = 2789.2 deg^-2 = 0.775 arcmin^-2
Fitting aperture to hotspot...
Candidate: x_peak:        0.995, y_peak:       -0.345, r_peak:        0.050, sig:        8.393, ra_peak:       19.276, dec_peak:        2.045
Characteristic density local = 3151.3 deg^-2 = 0.875 arcmin^-2
Fitting aperture to hotspot...
Candidate: x_peak:        1.245, y_peak:        0.135, r_peak:        0.060, sig:        9.125, ra_peak:       19.526, dec_peak:        2.524
Characteristic density local = 3177.1 deg^-2 = 0.883 arcmin^-2
Fitting aperture to hotspot...
Candidate: x_peak:        1.255, y_peak:        0.125, r_peak:        0.060, sig:        9.064, ra_peak:       19.536, dec_peak:        2.514
Distance = 63.1 kpc (m-M = 19.0)
891545 objects left after isochrone cut...
Characteristic density = 3400.0 deg^-2
Characteristic density local = 3706.3 deg^-2 = 1.030 arcmin^-2
Fitting aperture to hotspot...
Candidate: x_peak:       -0.635, y_peak:        0.055, r_peak:        0.030, sig:       18.457, ra_peak:       17.644, dec_peak:        2.445
Characteristic density local = 2912.5 deg^-2 = 0.809 arcmin^-2
Fitting aperture to hotspot...
Candidate: x_peak:       -0.155, y_peak:        0.075, r_peak:        0.030, sig:       19.919, ra_peak:       18.125, dec_peak:        2.465
Characteristic density local = 2624.1 deg^-2 = 0.729 arcmin^-2
Fitting aperture to hotspot...
Candidate: x_peak:        0.425, y_peak:        0.425, r_peak:        0.020, sig:        9.073, ra_peak:       18.706, dec_peak:        2.815
Characteristic density local = 3075.7 deg^-2 = 0.854 arcmin^-2
Fitting aperture to hotspot...
Candidate: x_peak:        0.865, y_peak:        0.345, r_peak:        0.020, sig:       17.351, ra_peak:       19.146, dec_peak:        2.735
Characteristic density local = 2789.2 deg^-2 = 0.775 arcmin^-2
Fitting aperture to hotspot...
Candidate: x_peak:        0.985, y_peak:       -0.355, r_peak:        0.060, sig:        8.312, ra_peak:       19.266, dec_peak:        2.035
Characteristic density local = 2785.2 deg^-2 = 0.774 arcmin^-2
Fitting aperture to hotspot...
Candidate: x_peak:        0.995, y_peak:       -0.345, r_peak:        0.050, sig:        8.402, ra_peak:       19.276, dec_peak:        2.045
Characteristic density local = 3149.3 deg^-2 = 0.875 arcmin^-2
Fitting aperture to hotspot...
Candidate: x_peak:        1.245, y_peak:        0.135, r_peak:        0.060, sig:        9.129, ra_peak:       19.526, dec_peak:        2.524
Characteristic density local = 3175.1 deg^-2 = 0.882 arcmin^-2
Fitting aperture to hotspot...
Candidate: x_peak:        1.255, y_peak:        0.125, r_peak:        0.060, sig:        9.069, ra_peak:       19.536, dec_peak:        2.514
Distance = 79.4 kpc (m-M = 19.5)
890243 objects left after isochrone cut...
Characteristic density = 3400.0 deg^-2
Characteristic density local = 3628.7 deg^-2 = 1.008 arcmin^-2
Fitting aperture to hotspot...
Candidate: x_peak:       -0.635, y_peak:        0.055, r_peak:        0.030, sig:       18.576, ra_peak:       17.644, dec_peak:        2.445
Characteristic density local = 2888.7 deg^-2 = 0.802 arcmin^-2
Fitting aperture to hotspot...
Candidate: x_peak:       -0.155, y_peak:        0.075, r_peak:        0.030, sig:       19.964, ra_peak:       18.125, dec_peak:        2.465
Characteristic density local = 2610.1 deg^-2 = 0.725 arcmin^-2
Fitting aperture to hotspot...
Candidate: x_peak:        0.425, y_peak:        0.425, r_peak:        0.020, sig:        9.089, ra_peak:       18.706, dec_peak:        2.815
Characteristic density local = 3073.7 deg^-2 = 0.854 arcmin^-2
Fitting aperture to hotspot...
Candidate: x_peak:        0.865, y_peak:        0.345, r_peak:        0.020, sig:       17.354, ra_peak:       19.146, dec_peak:        2.735
Characteristic density local = 2783.2 deg^-2 = 0.773 arcmin^-2
Fitting aperture to hotspot...
Candidate: x_peak:        0.985, y_peak:       -0.355, r_peak:        0.060, sig:        8.327, ra_peak:       19.266, dec_peak:        2.035
Characteristic density local = 2777.3 deg^-2 = 0.771 arcmin^-2
Fitting aperture to hotspot...
Candidate: x_peak:        0.995, y_peak:       -0.345, r_peak:        0.050, sig:        8.419, ra_peak:       19.276, dec_peak:        2.045
Characteristic density local = 3139.3 deg^-2 = 0.872 arcmin^-2
Fitting aperture to hotspot...
Candidate: x_peak:        1.245, y_peak:        0.135, r_peak:        0.060, sig:        9.152, ra_peak:       19.526, dec_peak:        2.524
Characteristic density local = 3167.2 deg^-2 = 0.880 arcmin^-2
Fitting aperture to hotspot...
Candidate: x_peak:        1.255, y_peak:        0.125, r_peak:        0.060, sig:        9.087, ra_peak:       19.536, dec_peak:        2.514
Distance = 100.0 kpc (m-M = 20.0)
888416 objects left after isochrone cut...
Characteristic density = 3300.0 deg^-2
Characteristic density local = 3547.2 deg^-2 = 0.985 arcmin^-2
Fitting aperture to hotspot...
Candidate: x_peak:       -0.635, y_peak:        0.055, r_peak:        0.030, sig:       18.573, ra_peak:       17.644, dec_peak:        2.445
Characteristic density local = 2846.9 deg^-2 = 0.791 arcmin^-2
Fitting aperture to hotspot...
Candidate: x_peak:       -0.155, y_peak:        0.075, r_peak:        0.030, sig:       20.042, ra_peak:       18.125, dec_peak:        2.465
Characteristic density local = 2602.2 deg^-2 = 0.723 arcmin^-2
Fitting aperture to hotspot...
Candidate: x_peak:        0.425, y_peak:        0.425, r_peak:        0.020, sig:        9.098, ra_peak:       18.706, dec_peak:        2.815
Characteristic density local = 3067.7 deg^-2 = 0.852 arcmin^-2
Fitting aperture to hotspot...
Candidate: x_peak:        0.865, y_peak:        0.345, r_peak:        0.020, sig:       17.362, ra_peak:       19.146, dec_peak:        2.735
Characteristic density local = 2767.3 deg^-2 = 0.769 arcmin^-2
Fitting aperture to hotspot...
Candidate: x_peak:        0.985, y_peak:       -0.355, r_peak:        0.050, sig:        8.298, ra_peak:       19.266, dec_peak:        2.035
Characteristic density local = 2761.3 deg^-2 = 0.767 arcmin^-2
Fitting aperture to hotspot...
Candidate: x_peak:        0.995, y_peak:       -0.345, r_peak:        0.050, sig:        8.311, ra_peak:       19.276, dec_peak:        2.045
Characteristic density local = 3125.4 deg^-2 = 0.868 arcmin^-2
Fitting aperture to hotspot...
Candidate: x_peak:        1.245, y_peak:        0.135, r_peak:        0.060, sig:        9.185, ra_peak:       19.526, dec_peak:        2.524
Characteristic density local = 3153.3 deg^-2 = 0.876 arcmin^-2
Fitting aperture to hotspot...
Candidate: x_peak:        1.255, y_peak:        0.125, r_peak:        0.060, sig:        9.120, ra_peak:       19.536, dec_peak:        2.514
Distance = 125.9 kpc (m-M = 20.5)
886147 objects left after isochrone cut...
Characteristic density = 3200.0 deg^-2
Characteristic density local = 3481.5 deg^-2 = 0.967 arcmin^-2
Fitting aperture to hotspot...
Candidate: x_peak:       -0.635, y_peak:        0.055, r_peak:        0.030, sig:       18.677, ra_peak:       17.644, dec_peak:        2.445
Characteristic density local = 2807.1 deg^-2 = 0.780 arcmin^-2
Fitting aperture to hotspot...
Candidate: x_peak:       -0.155, y_peak:        0.075, r_peak:        0.030, sig:       20.118, ra_peak:       18.125, dec_peak:        2.465
Characteristic density local = 2644.0 deg^-2 = 0.734 arcmin^-2
Fitting aperture to hotspot...
Candidate: x_peak:        0.155, y_peak:        0.175, r_peak:        0.020, sig:       10.929, ra_peak:       18.435, dec_peak:        2.565
Characteristic density local = 2578.3 deg^-2 = 0.716 arcmin^-2
Fitting aperture to hotspot...
Candidate: x_peak:        0.425, y_peak:        0.425, r_peak:        0.020, sig:        9.126, ra_peak:       18.706, dec_peak:        2.815
Characteristic density local = 3047.8 deg^-2 = 0.847 arcmin^-2
Fitting aperture to hotspot...
Candidate: x_peak:        0.865, y_peak:        0.345, r_peak:        0.020, sig:       17.388, ra_peak:       19.146, dec_peak:        2.735
Characteristic density local = 2751.4 deg^-2 = 0.764 arcmin^-2
Fitting aperture to hotspot...
Candidate: x_peak:        0.985, y_peak:       -0.355, r_peak:        0.050, sig:        8.332, ra_peak:       19.266, dec_peak:        2.035
Characteristic density local = 2745.4 deg^-2 = 0.763 arcmin^-2
Fitting aperture to hotspot...
Candidate: x_peak:        0.995, y_peak:       -0.345, r_peak:        0.050, sig:        8.345, ra_peak:       19.276, dec_peak:        2.045
Characteristic density local = 3117.4 deg^-2 = 0.866 arcmin^-2
Fitting aperture to hotspot...
Candidate: x_peak:        1.245, y_peak:        0.135, r_peak:        0.060, sig:        9.204, ra_peak:       19.526, dec_peak:        2.524
Characteristic density local = 3145.3 deg^-2 = 0.874 arcmin^-2
Fitting aperture to hotspot...
Candidate: x_peak:        1.255, y_peak:        0.125, r_peak:        0.060, sig:        9.138, ra_peak:       19.536, dec_peak:        2.514
Distance = 158.5 kpc (m-M = 21.0)
883436 objects left after isochrone cut...
Characteristic density = 3100.0 deg^-2
Characteristic density local = 3390.0 deg^-2 = 0.942 arcmin^-2
Fitting aperture to hotspot...
Candidate: x_peak:       -0.635, y_peak:        0.055, r_peak:        0.030, sig:       18.825, ra_peak:       17.644, dec_peak:        2.445
Characteristic density local = 2753.4 deg^-2 = 0.765 arcmin^-2
Fitting aperture to hotspot...
Candidate: x_peak:       -0.155, y_peak:        0.075, r_peak:        0.030, sig:       20.221, ra_peak:       18.125, dec_peak:        2.465
Characteristic density local = 2604.2 deg^-2 = 0.723 arcmin^-2
Fitting aperture to hotspot...
Candidate: x_peak:        0.155, y_peak:        0.175, r_peak:        0.020, sig:       10.978, ra_peak:       18.435, dec_peak:        2.565
Characteristic density local = 2534.5 deg^-2 = 0.704 arcmin^-2
Fitting aperture to hotspot...
Candidate: x_peak:        0.425, y_peak:        0.425, r_peak:        0.020, sig:        9.178, ra_peak:       18.706, dec_peak:        2.815
Characteristic density local = 2992.1 deg^-2 = 0.831 arcmin^-2
Fitting aperture to hotspot...
Candidate: x_peak:        0.865, y_peak:        0.345, r_peak:        0.020, sig:       17.463, ra_peak:       19.146, dec_peak:        2.735
Characteristic density local = 2683.8 deg^-2 = 0.745 arcmin^-2
Fitting aperture to hotspot...
Candidate: x_peak:        0.985, y_peak:       -0.355, r_peak:        0.050, sig:        8.478, ra_peak:       19.266, dec_peak:        2.035
Characteristic density local = 2681.8 deg^-2 = 0.745 arcmin^-2
Fitting aperture to hotspot...
Candidate: x_peak:        0.995, y_peak:       -0.345, r_peak:        0.050, sig:        8.483, ra_peak:       19.276, dec_peak:        2.045
Characteristic density local = 3039.9 deg^-2 = 0.844 arcmin^-2
Fitting aperture to hotspot...
Candidate: x_peak:        1.245, y_peak:        0.135, r_peak:        0.060, sig:        9.271, ra_peak:       19.526, dec_peak:        2.524
Characteristic density local = 3069.7 deg^-2 = 0.853 arcmin^-2
Fitting aperture to hotspot...
Candidate: x_peak:        1.255, y_peak:        0.125, r_peak:        0.060, sig:        9.200, ra_peak:       19.536, dec_peak:        2.514
Distance = 199.5 kpc (m-M = 21.5)
880002 objects left after isochrone cut...
Characteristic density = 3000.0 deg^-2
Characteristic density local = 3274.6 deg^-2 = 0.910 arcmin^-2
Fitting aperture to hotspot...
Candidate: x_peak:       -0.635, y_peak:        0.055, r_peak:        0.030, sig:       19.016, ra_peak:       17.644, dec_peak:        2.445
Characteristic density local = 2683.8 deg^-2 = 0.745 arcmin^-2
Fitting aperture to hotspot...
Candidate: x_peak:       -0.155, y_peak:        0.075, r_peak:        0.030, sig:       20.358, ra_peak:       18.125, dec_peak:        2.465
Characteristic density local = 2516.6 deg^-2 = 0.699 arcmin^-2
Fitting aperture to hotspot...
Candidate: x_peak:        0.155, y_peak:        0.175, r_peak:        0.020, sig:       11.088, ra_peak:       18.435, dec_peak:        2.565
Characteristic density local = 2453.0 deg^-2 = 0.681 arcmin^-2
Fitting aperture to hotspot...
Candidate: x_peak:        0.425, y_peak:        0.425, r_peak:        0.020, sig:        9.276, ra_peak:       18.706, dec_peak:        2.815
Characteristic density local = 2876.7 deg^-2 = 0.799 arcmin^-2
Fitting aperture to hotspot...
Candidate: x_peak:        0.865, y_peak:        0.345, r_peak:        0.020, sig:       17.623, ra_peak:       19.146, dec_peak:        2.735
Characteristic density local = 2554.4 deg^-2 = 0.710 arcmin^-2
Fitting aperture to hotspot...
Candidate: x_peak:        0.985, y_peak:       -0.355, r_peak:        0.050, sig:        8.766, ra_peak:       19.266, dec_peak:        2.035
Characteristic density local = 2558.4 deg^-2 = 0.711 arcmin^-2
Fitting aperture to hotspot...
Candidate: x_peak:        0.995, y_peak:       -0.345, r_peak:        0.050, sig:        8.613, ra_peak:       19.276, dec_peak:        2.045
Characteristic density local = 2952.3 deg^-2 = 0.820 arcmin^-2
Fitting aperture to hotspot...
Candidate: x_peak:        1.245, y_peak:        0.135, r_peak:        0.060, sig:        9.365, ra_peak:       19.526, dec_peak:        2.524
Characteristic density local = 2980.2 deg^-2 = 0.828 arcmin^-2
Fitting aperture to hotspot...
Candidate: x_peak:        1.255, y_peak:        0.125, r_peak:        0.060, sig:        9.297, ra_peak:       19.536, dec_peak:        2.514
Distance = 251.2 kpc (m-M = 22.0)
876079 objects left after isochrone cut...
Characteristic density = 2900.0 deg^-2
Characteristic density local = 3139.3 deg^-2 = 0.872 arcmin^-2
Fitting aperture to hotspot...
Candidate: x_peak:       -0.635, y_peak:        0.055, r_peak:        0.030, sig:       19.114, ra_peak:       17.644, dec_peak:        2.445
Characteristic density local = 2594.2 deg^-2 = 0.721 arcmin^-2
Fitting aperture to hotspot...
Candidate: x_peak:       -0.155, y_peak:        0.075, r_peak:        0.030, sig:       20.537, ra_peak:       18.125, dec_peak:        2.465
Characteristic density local = 2429.1 deg^-2 = 0.675 arcmin^-2
Fitting aperture to hotspot...
Candidate: x_peak:        0.155, y_peak:        0.175, r_peak:        0.020, sig:       11.202, ra_peak:       18.435, dec_peak:        2.565
Characteristic density local = 2351.5 deg^-2 = 0.653 arcmin^-2
Fitting aperture to hotspot...
Candidate: x_peak:        0.425, y_peak:        0.425, r_peak:        0.020, sig:        9.401, ra_peak:       18.706, dec_peak:        2.815
Characteristic density local = 2763.3 deg^-2 = 0.768 arcmin^-2
Fitting aperture to hotspot...
Candidate: x_peak:        0.865, y_peak:        0.345, r_peak:        0.020, sig:       17.785, ra_peak:       19.146, dec_peak:        2.735
Characteristic density local = 2439.0 deg^-2 = 0.678 arcmin^-2
Fitting aperture to hotspot...
Candidate: x_peak:        0.985, y_peak:       -0.355, r_peak:        0.050, sig:        9.031, ra_peak:       19.266, dec_peak:        2.035
Characteristic density local = 2453.0 deg^-2 = 0.681 arcmin^-2
Fitting aperture to hotspot...
Candidate: x_peak:        1.005, y_peak:       -0.335, r_peak:        0.060, sig:        8.798, ra_peak:       19.286, dec_peak:        2.055
Characteristic density local = 2834.9 deg^-2 = 0.787 arcmin^-2
Fitting aperture to hotspot...
Candidate: x_peak:        1.245, y_peak:        0.135, r_peak:        0.060, sig:        9.536, ra_peak:       19.526, dec_peak:        2.524
Characteristic density local = 2856.8 deg^-2 = 0.794 arcmin^-2
Fitting aperture to hotspot...
Candidate: x_peak:        1.255, y_peak:        0.125, r_peak:        0.060, sig:        9.481, ra_peak:       19.536, dec_peak:        2.514
Distance = 316.2 kpc (m-M = 22.5)
871446 objects left after isochrone cut...
Characteristic density = 2700.0 deg^-2
Characteristic density local = 2996.1 deg^-2 = 0.832 arcmin^-2
Fitting aperture to hotspot...
Candidate: x_peak:       -0.635, y_peak:        0.055, r_peak:        0.030, sig:       19.233, ra_peak:       17.644, dec_peak:        2.445
Characteristic density local = 2520.6 deg^-2 = 0.700 arcmin^-2
Fitting aperture to hotspot...
Candidate: x_peak:       -0.155, y_peak:        0.075, r_peak:        0.030, sig:       20.689, ra_peak:       18.125, dec_peak:        2.465
Characteristic density local = 2335.6 deg^-2 = 0.649 arcmin^-2
Fitting aperture to hotspot...
Candidate: x_peak:        0.155, y_peak:        0.175, r_peak:        0.020, sig:       11.097, ra_peak:       18.435, dec_peak:        2.565
Characteristic density local = 2065.0 deg^-2 = 0.574 arcmin^-2
Fitting aperture to hotspot...
Candidate: x_peak:        0.275, y_peak:        0.295, r_peak:        0.020, sig:        8.473, ra_peak:       18.555, dec_peak:        2.685
Characteristic density local = 2277.9 deg^-2 = 0.633 arcmin^-2
Fitting aperture to hotspot...
Candidate: x_peak:        0.425, y_peak:        0.425, r_peak:        0.020, sig:        9.495, ra_peak:       18.706, dec_peak:        2.815
Characteristic density local = 2636.0 deg^-2 = 0.732 arcmin^-2
Fitting aperture to hotspot...
Candidate: x_peak:        0.865, y_peak:        0.345, r_peak:        0.020, sig:       17.973, ra_peak:       19.146, dec_peak:        2.735
Characteristic density local = 2331.6 deg^-2 = 0.648 arcmin^-2
Fitting aperture to hotspot...
Candidate: x_peak:        0.985, y_peak:       -0.355, r_peak:        0.050, sig:        9.287, ra_peak:       19.266, dec_peak:        2.035
Characteristic density local = 2687.7 deg^-2 = 0.747 arcmin^-2
Fitting aperture to hotspot...
Candidate: x_peak:        1.245, y_peak:        0.135, r_peak:        0.060, sig:        9.912, ra_peak:       19.526, dec_peak:        2.524
Characteristic density local = 2707.6 deg^-2 = 0.752 arcmin^-2
Fitting aperture to hotspot...
Candidate: x_peak:        1.265, y_peak:        0.115, r_peak:        0.070, sig:        9.392, ra_peak:       19.546, dec_peak:        2.504
Distance = 398.1 kpc (m-M = 23.0)
865955 objects left after isochrone cut...
Characteristic density = 2500.0 deg^-2
Characteristic density local = 2795.2 deg^-2 = 0.776 arcmin^-2
Fitting aperture to hotspot...
Candidate: x_peak:       -0.635, y_peak:        0.055, r_peak:        0.030, sig:       19.332, ra_peak:       17.644, dec_peak:        2.445
Characteristic density local = 2429.1 deg^-2 = 0.675 arcmin^-2
Fitting aperture to hotspot...
Candidate: x_peak:       -0.155, y_peak:        0.075, r_peak:        0.030, sig:       20.883, ra_peak:       18.125, dec_peak:        2.465
Characteristic density local = 2258.0 deg^-2 = 0.627 arcmin^-2
Fitting aperture to hotspot...
Candidate: x_peak:        0.155, y_peak:        0.175, r_peak:        0.020, sig:       11.203, ra_peak:       18.435, dec_peak:        2.565
Characteristic density local = 2011.3 deg^-2 = 0.559 arcmin^-2
Fitting aperture to hotspot...
Candidate: x_peak:        0.275, y_peak:        0.295, r_peak:        0.020, sig:        8.545, ra_peak:       18.555, dec_peak:        2.685
Characteristic density local = 2222.2 deg^-2 = 0.617 arcmin^-2
Fitting aperture to hotspot...
Candidate: x_peak:        0.425, y_peak:        0.425, r_peak:        0.020, sig:        9.568, ra_peak:       18.706, dec_peak:        2.815
Characteristic density local = 2506.7 deg^-2 = 0.696 arcmin^-2
Fitting aperture to hotspot...
Candidate: x_peak:        0.865, y_peak:        0.345, r_peak:        0.020, sig:       17.998, ra_peak:       19.146, dec_peak:        2.735
Characteristic density local = 2232.1 deg^-2 = 0.620 arcmin^-2
Fitting aperture to hotspot...
Candidate: x_peak:        0.985, y_peak:       -0.355, r_peak:        0.060, sig:        9.541, ra_peak:       19.266, dec_peak:        2.035
Characteristic density local = 2560.4 deg^-2 = 0.711 arcmin^-2
Fitting aperture to hotspot...
Candidate: x_peak:        1.245, y_peak:        0.135, r_peak:        0.060, sig:       10.007, ra_peak:       19.526, dec_peak:        2.524
Characteristic density local = 2572.3 deg^-2 = 0.715 arcmin^-2
Fitting aperture to hotspot...
Candidate: x_peak:        1.265, y_peak:        0.115, r_peak:        0.070, sig:        9.573, ra_peak:       19.546, dec_peak:        2.504
20.88 sigma; (RA, Dec, d) = (18.12, 2.46); r = 0.03 deg; d = 398.1, mu = 23.00 mag), mc_source_id: 0.00
19.33 sigma; (RA, Dec, d) = (17.64, 2.44); r = 0.03 deg; d = 398.1, mu = 23.00 mag), mc_source_id: 0.00
18.00 sigma; (RA, Dec, d) = (19.15, 2.73); r = 0.02 deg; d = 398.1, mu = 23.00 mag), mc_source_id: 0.00
11.20 sigma; (RA, Dec, d) = (18.44, 2.56); r = 0.02 deg; d = 398.1, mu = 23.00 mag), mc_source_id: 0.00
10.01 sigma; (RA, Dec, d) = (19.53, 2.52); r = 0.06 deg; d = 398.1, mu = 23.00 mag), mc_source_id: 0.00
9.57 sigma; (RA, Dec, d) = (18.71, 2.81); r = 0.02 deg; d = 398.1, mu = 23.00 mag), mc_source_id: 0.00
9.54 sigma; (RA, Dec, d) = (19.27, 2.03); r = 0.06 deg; d = 398.1, mu = 23.00 mag), mc_source_id: 0.00
8.54 sigma; (RA, Dec, d) = (18.56, 2.68); r = 0.02 deg; d = 398.1, mu = 23.00 mag), mc_source_id: 0.00

------------------------------------------------------------
Job <680745.0> was submitted from <des51.fnal.gov> by user <tavangar>.
Job was executed on host <des40.fnal.gov> as user <tavangar>.
</var/lib/condor/execute/dir_1992809> was used as the initial working directory.
Results reported at Wed Jun  5 11:26:50 CDT 2019

Your job looked like:

------------------------------------------------------------
python /home/s1/tavangar/tavangar_simple/search_algorithm.py 18.28 2.39 0.00 /home/s1/tavangar/tavangar_simple/decals_dr7_results/results_nside_32_5830.csv /home/s1/tavangar/tavangar_simple/decals_dr7_results/decals_dr7_log/results_nside_32_5830.log
------------------------------------------------------------

Successfully completed.

Resource usage summary:

	Real time :			278.72 sec.
	CPU time :			17.38 sec.
	CPU percentage :		76%
	Max Memory :			7862160 KB
	Average Memory :		0 KB

The output (if any) is above this job summary.
