/home/s1/tavangar/tavangar_simple/simple_utils.py:170: FutureWarning: elementwise comparison failed; returning scalar instead, but in the future will perform elementwise comparison
  if np.all(isochrone.stage == 'Main'):
Search coordinates: (RA, Dec) = (178.59, 9.59)
Center healpixel: 5119
Healpixels: [5119 5247 5118 4991 4863 4992 5120 5248 5375]
MC_SOURCE_ID = 0.0
mode = 0: running only on real data
Found 1 objects...
Applying cuts...
723128 star-like objects in ROI...
1114417 galaxy-like objects in ROI...
No fracdet map specified ...
Distance = 15.8 kpc (m-M = 16.0)
723109 objects left after isochrone cut...
Characteristic density = 5200.0 deg^-2
Characteristic density local = 5333.7 deg^-2 = 1.482 arcmin^-2
Fitting aperture to hotspot...
Candidate: x_peak:       -0.955, y_peak:        0.185, r_peak:        0.020, sig:        8.264, ra_peak:      177.621, dec_peak:        9.774
Characteristic density local = 5210.3 deg^-2 = 1.447 arcmin^-2
Fitting aperture to hotspot...
Candidate: x_peak:       -0.905, y_peak:       -0.075, r_peak:        0.020, sig:       11.481, ra_peak:      177.672, dec_peak:        9.514
Characteristic density local = 5498.8 deg^-2 = 1.527 arcmin^-2
Fitting aperture to hotspot...
Candidate: x_peak:       -0.605, y_peak:        0.385, r_peak:        0.030, sig:        6.871, ra_peak:      177.976, dec_peak:        9.974
Characteristic density local = 5538.6 deg^-2 = 1.538 arcmin^-2
Fitting aperture to hotspot...
Candidate: x_peak:       -0.495, y_peak:        0.355, r_peak:        0.020, sig:       12.989, ra_peak:      178.087, dec_peak:        9.945
Characteristic density local = 5654.0 deg^-2 = 1.571 arcmin^-2
Fitting aperture to hotspot...
Candidate: x_peak:       -0.055, y_peak:        0.305, r_peak:        0.020, sig:        9.254, ra_peak:      178.534, dec_peak:        9.895
Characteristic density local = 5500.8 deg^-2 = 1.528 arcmin^-2
Fitting aperture to hotspot...
Candidate: x_peak:        0.005, y_peak:        0.465, r_peak:        0.020, sig:        8.355, ra_peak:      178.595, dec_peak:       10.055
Characteristic density local = 5498.8 deg^-2 = 1.527 arcmin^-2
Fitting aperture to hotspot...
Candidate: x_peak:        0.385, y_peak:        0.255, r_peak:        0.020, sig:       14.027, ra_peak:      178.981, dec_peak:        9.845
Characteristic density local = 5319.8 deg^-2 = 1.478 arcmin^-2
Fitting aperture to hotspot...
Candidate: x_peak:        0.985, y_peak:       -0.035, r_peak:        0.020, sig:        8.482, ra_peak:      179.589, dec_peak:        9.554
Characteristic density local = 5373.5 deg^-2 = 1.493 arcmin^-2
Fitting aperture to hotspot...
Candidate: x_peak:        1.055, y_peak:       -0.245, r_peak:        0.060, sig:        5.631, ra_peak:      179.659, dec_peak:        9.343
Distance = 20.0 kpc (m-M = 16.5)
723122 objects left after isochrone cut...
Characteristic density = 5200.0 deg^-2
Characteristic density local = 5333.7 deg^-2 = 1.482 arcmin^-2
Fitting aperture to hotspot...
Candidate: x_peak:       -0.955, y_peak:        0.185, r_peak:        0.020, sig:        8.264, ra_peak:      177.621, dec_peak:        9.774
Characteristic density local = 5210.3 deg^-2 = 1.447 arcmin^-2
Fitting aperture to hotspot...
Candidate: x_peak:       -0.905, y_peak:       -0.075, r_peak:        0.020, sig:       11.481, ra_peak:      177.672, dec_peak:        9.514
Characteristic density local = 5498.8 deg^-2 = 1.527 arcmin^-2
Fitting aperture to hotspot...
Candidate: x_peak:       -0.605, y_peak:        0.385, r_peak:        0.030, sig:        6.871, ra_peak:      177.976, dec_peak:        9.974
Characteristic density local = 5538.6 deg^-2 = 1.538 arcmin^-2
Fitting aperture to hotspot...
Candidate: x_peak:       -0.495, y_peak:        0.355, r_peak:        0.020, sig:       12.989, ra_peak:      178.087, dec_peak:        9.945
Characteristic density local = 5654.0 deg^-2 = 1.571 arcmin^-2
Fitting aperture to hotspot...
Candidate: x_peak:       -0.055, y_peak:        0.305, r_peak:        0.020, sig:        9.254, ra_peak:      178.534, dec_peak:        9.895
Characteristic density local = 5500.8 deg^-2 = 1.528 arcmin^-2
Fitting aperture to hotspot...
Candidate: x_peak:        0.005, y_peak:        0.465, r_peak:        0.020, sig:        8.355, ra_peak:      178.595, dec_peak:       10.055
Characteristic density local = 5498.8 deg^-2 = 1.527 arcmin^-2
Fitting aperture to hotspot...
Candidate: x_peak:        0.385, y_peak:        0.255, r_peak:        0.020, sig:       14.027, ra_peak:      178.981, dec_peak:        9.845
Characteristic density local = 5319.8 deg^-2 = 1.478 arcmin^-2
Fitting aperture to hotspot...
Candidate: x_peak:        0.985, y_peak:       -0.035, r_peak:        0.020, sig:        8.482, ra_peak:      179.589, dec_peak:        9.554
Characteristic density local = 5373.5 deg^-2 = 1.493 arcmin^-2
Fitting aperture to hotspot...
Candidate: x_peak:        1.055, y_peak:       -0.245, r_peak:        0.060, sig:        5.631, ra_peak:      179.659, dec_peak:        9.343
Distance = 25.1 kpc (m-M = 17.0)
723126 objects left after isochrone cut...
Characteristic density = 5200.0 deg^-2
Characteristic density local = 5333.7 deg^-2 = 1.482 arcmin^-2
Fitting aperture to hotspot...
Candidate: x_peak:       -0.955, y_peak:        0.185, r_peak:        0.020, sig:        8.264, ra_peak:      177.621, dec_peak:        9.774
Characteristic density local = 5210.3 deg^-2 = 1.447 arcmin^-2
Fitting aperture to hotspot...
Candidate: x_peak:       -0.905, y_peak:       -0.075, r_peak:        0.020, sig:       11.481, ra_peak:      177.672, dec_peak:        9.514
Characteristic density local = 5498.8 deg^-2 = 1.527 arcmin^-2
Fitting aperture to hotspot...
Candidate: x_peak:       -0.605, y_peak:        0.385, r_peak:        0.030, sig:        6.871, ra_peak:      177.976, dec_peak:        9.974
Characteristic density local = 5538.6 deg^-2 = 1.538 arcmin^-2
Fitting aperture to hotspot...
Candidate: x_peak:       -0.495, y_peak:        0.355, r_peak:        0.020, sig:       12.989, ra_peak:      178.087, dec_peak:        9.945
Characteristic density local = 5654.0 deg^-2 = 1.571 arcmin^-2
Fitting aperture to hotspot...
Candidate: x_peak:       -0.055, y_peak:        0.305, r_peak:        0.020, sig:        9.254, ra_peak:      178.534, dec_peak:        9.895
Characteristic density local = 5500.8 deg^-2 = 1.528 arcmin^-2
Fitting aperture to hotspot...
Candidate: x_peak:        0.005, y_peak:        0.465, r_peak:        0.020, sig:        8.355, ra_peak:      178.595, dec_peak:       10.055
Characteristic density local = 5498.8 deg^-2 = 1.527 arcmin^-2
Fitting aperture to hotspot...
Candidate: x_peak:        0.385, y_peak:        0.255, r_peak:        0.020, sig:       14.027, ra_peak:      178.981, dec_peak:        9.845
Characteristic density local = 5319.8 deg^-2 = 1.478 arcmin^-2
Fitting aperture to hotspot...
Candidate: x_peak:        0.985, y_peak:       -0.035, r_peak:        0.020, sig:        8.482, ra_peak:      179.589, dec_peak:        9.554
Characteristic density local = 5373.5 deg^-2 = 1.493 arcmin^-2
Fitting aperture to hotspot...
Candidate: x_peak:        1.055, y_peak:       -0.245, r_peak:        0.060, sig:        5.631, ra_peak:      179.659, dec_peak:        9.343
Distance = 31.6 kpc (m-M = 17.5)
723126 objects left after isochrone cut...
Characteristic density = 5200.0 deg^-2
Characteristic density local = 5333.7 deg^-2 = 1.482 arcmin^-2
Fitting aperture to hotspot...
Candidate: x_peak:       -0.955, y_peak:        0.185, r_peak:        0.020, sig:        8.264, ra_peak:      177.621, dec_peak:        9.774
Characteristic density local = 5210.3 deg^-2 = 1.447 arcmin^-2
Fitting aperture to hotspot...
Candidate: x_peak:       -0.905, y_peak:       -0.075, r_peak:        0.020, sig:       11.481, ra_peak:      177.672, dec_peak:        9.514
Characteristic density local = 5498.8 deg^-2 = 1.527 arcmin^-2
Fitting aperture to hotspot...
Candidate: x_peak:       -0.605, y_peak:        0.385, r_peak:        0.030, sig:        6.871, ra_peak:      177.976, dec_peak:        9.974
Characteristic density local = 5538.6 deg^-2 = 1.538 arcmin^-2
Fitting aperture to hotspot...
Candidate: x_peak:       -0.495, y_peak:        0.355, r_peak:        0.020, sig:       12.989, ra_peak:      178.087, dec_peak:        9.945
Characteristic density local = 5654.0 deg^-2 = 1.571 arcmin^-2
Fitting aperture to hotspot...
Candidate: x_peak:       -0.055, y_peak:        0.305, r_peak:        0.020, sig:        9.254, ra_peak:      178.534, dec_peak:        9.895
Characteristic density local = 5500.8 deg^-2 = 1.528 arcmin^-2
Fitting aperture to hotspot...
Candidate: x_peak:        0.005, y_peak:        0.465, r_peak:        0.020, sig:        8.355, ra_peak:      178.595, dec_peak:       10.055
Characteristic density local = 5498.8 deg^-2 = 1.527 arcmin^-2
Fitting aperture to hotspot...
Candidate: x_peak:        0.385, y_peak:        0.255, r_peak:        0.020, sig:       14.027, ra_peak:      178.981, dec_peak:        9.845
Characteristic density local = 5319.8 deg^-2 = 1.478 arcmin^-2
Fitting aperture to hotspot...
Candidate: x_peak:        0.985, y_peak:       -0.035, r_peak:        0.020, sig:        8.482, ra_peak:      179.589, dec_peak:        9.554
Characteristic density local = 5373.5 deg^-2 = 1.493 arcmin^-2
Fitting aperture to hotspot...
Candidate: x_peak:        1.055, y_peak:       -0.245, r_peak:        0.060, sig:        5.631, ra_peak:      179.659, dec_peak:        9.343
Distance = 39.8 kpc (m-M = 18.0)
723102 objects left after isochrone cut...
Characteristic density = 5200.0 deg^-2
Characteristic density local = 5333.7 deg^-2 = 1.482 arcmin^-2
Fitting aperture to hotspot...
Candidate: x_peak:       -0.955, y_peak:        0.185, r_peak:        0.020, sig:        8.264, ra_peak:      177.621, dec_peak:        9.774
Characteristic density local = 5210.3 deg^-2 = 1.447 arcmin^-2
Fitting aperture to hotspot...
Candidate: x_peak:       -0.905, y_peak:       -0.075, r_peak:        0.020, sig:       11.481, ra_peak:      177.672, dec_peak:        9.514
Characteristic density local = 5498.8 deg^-2 = 1.527 arcmin^-2
Fitting aperture to hotspot...
Candidate: x_peak:       -0.605, y_peak:        0.385, r_peak:        0.030, sig:        6.871, ra_peak:      177.976, dec_peak:        9.974
Characteristic density local = 5538.6 deg^-2 = 1.538 arcmin^-2
Fitting aperture to hotspot...
Candidate: x_peak:       -0.495, y_peak:        0.355, r_peak:        0.020, sig:       12.989, ra_peak:      178.087, dec_peak:        9.945
Characteristic density local = 5654.0 deg^-2 = 1.571 arcmin^-2
Fitting aperture to hotspot...
Candidate: x_peak:       -0.055, y_peak:        0.305, r_peak:        0.020, sig:        9.254, ra_peak:      178.534, dec_peak:        9.895
Characteristic density local = 5500.8 deg^-2 = 1.528 arcmin^-2
Fitting aperture to hotspot...
Candidate: x_peak:        0.005, y_peak:        0.465, r_peak:        0.020, sig:        8.355, ra_peak:      178.595, dec_peak:       10.055
Characteristic density local = 5498.8 deg^-2 = 1.527 arcmin^-2
Fitting aperture to hotspot...
Candidate: x_peak:        0.385, y_peak:        0.255, r_peak:        0.020, sig:       14.027, ra_peak:      178.981, dec_peak:        9.845
Characteristic density local = 5319.8 deg^-2 = 1.478 arcmin^-2
Fitting aperture to hotspot...
Candidate: x_peak:        0.985, y_peak:       -0.035, r_peak:        0.020, sig:        8.482, ra_peak:      179.589, dec_peak:        9.554
Characteristic density local = 5371.5 deg^-2 = 1.492 arcmin^-2
Fitting aperture to hotspot...
Candidate: x_peak:        1.055, y_peak:       -0.245, r_peak:        0.060, sig:        5.634, ra_peak:      179.659, dec_peak:        9.343
Distance = 50.1 kpc (m-M = 18.5)
722368 objects left after isochrone cut...
Characteristic density = 5200.0 deg^-2
Characteristic density local = 5301.8 deg^-2 = 1.473 arcmin^-2
Fitting aperture to hotspot...
Candidate: x_peak:       -0.955, y_peak:        0.185, r_peak:        0.020, sig:        8.286, ra_peak:      177.621, dec_peak:        9.774
Characteristic density local = 5166.6 deg^-2 = 1.435 arcmin^-2
Fitting aperture to hotspot...
Candidate: x_peak:       -0.905, y_peak:       -0.075, r_peak:        0.020, sig:       11.515, ra_peak:      177.672, dec_peak:        9.514
Characteristic density local = 5465.0 deg^-2 = 1.518 arcmin^-2
Fitting aperture to hotspot...
Candidate: x_peak:       -0.605, y_peak:        0.385, r_peak:        0.030, sig:        6.901, ra_peak:      177.976, dec_peak:        9.974
Characteristic density local = 5498.8 deg^-2 = 1.527 arcmin^-2
Fitting aperture to hotspot...
Candidate: x_peak:       -0.495, y_peak:        0.355, r_peak:        0.020, sig:       13.020, ra_peak:      178.087, dec_peak:        9.945
Characteristic density local = 5632.1 deg^-2 = 1.564 arcmin^-2
Fitting aperture to hotspot...
Candidate: x_peak:       -0.055, y_peak:        0.305, r_peak:        0.020, sig:        9.270, ra_peak:      178.534, dec_peak:        9.895
Characteristic density local = 5480.9 deg^-2 = 1.522 arcmin^-2
Fitting aperture to hotspot...
Candidate: x_peak:        0.005, y_peak:        0.465, r_peak:        0.020, sig:        8.368, ra_peak:      178.595, dec_peak:       10.055
Characteristic density local = 5461.0 deg^-2 = 1.517 arcmin^-2
Fitting aperture to hotspot...
Candidate: x_peak:        0.385, y_peak:        0.255, r_peak:        0.020, sig:       14.058, ra_peak:      178.981, dec_peak:        9.845
Characteristic density local = 5283.9 deg^-2 = 1.468 arcmin^-2
Fitting aperture to hotspot...
Candidate: x_peak:        0.985, y_peak:       -0.035, r_peak:        0.020, sig:        8.299, ra_peak:      179.589, dec_peak:        9.554
Characteristic density local = 5331.7 deg^-2 = 1.481 arcmin^-2
Fitting aperture to hotspot...
Candidate: x_peak:        1.055, y_peak:       -0.245, r_peak:        0.060, sig:        5.699, ra_peak:      179.659, dec_peak:        9.343
Distance = 63.1 kpc (m-M = 19.0)
720887 objects left after isochrone cut...
Characteristic density = 5100.0 deg^-2
Characteristic density local = 5234.2 deg^-2 = 1.454 arcmin^-2
Fitting aperture to hotspot...
Candidate: x_peak:       -0.955, y_peak:        0.185, r_peak:        0.020, sig:        8.334, ra_peak:      177.621, dec_peak:        9.774
Characteristic density local = 5114.8 deg^-2 = 1.421 arcmin^-2
Fitting aperture to hotspot...
Candidate: x_peak:       -0.905, y_peak:       -0.075, r_peak:        0.020, sig:       11.557, ra_peak:      177.672, dec_peak:        9.514
Characteristic density local = 5425.2 deg^-2 = 1.507 arcmin^-2
Fitting aperture to hotspot...
Candidate: x_peak:       -0.605, y_peak:        0.385, r_peak:        0.030, sig:        6.768, ra_peak:      177.976, dec_peak:        9.974
Characteristic density local = 5449.1 deg^-2 = 1.514 arcmin^-2
Fitting aperture to hotspot...
Candidate: x_peak:       -0.495, y_peak:        0.355, r_peak:        0.020, sig:       12.889, ra_peak:      178.087, dec_peak:        9.945
Characteristic density local = 5578.4 deg^-2 = 1.550 arcmin^-2
Fitting aperture to hotspot...
Candidate: x_peak:       -0.055, y_peak:        0.305, r_peak:        0.020, sig:        9.308, ra_peak:      178.534, dec_peak:        9.895
Characteristic density local = 5421.2 deg^-2 = 1.506 arcmin^-2
Fitting aperture to hotspot...
Candidate: x_peak:        0.005, y_peak:        0.465, r_peak:        0.020, sig:        8.410, ra_peak:      178.595, dec_peak:       10.055
Characteristic density local = 5407.3 deg^-2 = 1.502 arcmin^-2
Fitting aperture to hotspot...
Candidate: x_peak:        0.385, y_peak:        0.255, r_peak:        0.020, sig:       14.102, ra_peak:      178.981, dec_peak:        9.845
Characteristic density local = 5232.2 deg^-2 = 1.453 arcmin^-2
Fitting aperture to hotspot...
Candidate: x_peak:        0.985, y_peak:       -0.035, r_peak:        0.020, sig:        8.336, ra_peak:      179.589, dec_peak:        9.554
Characteristic density local = 5280.0 deg^-2 = 1.467 arcmin^-2
Fitting aperture to hotspot...
Candidate: x_peak:        1.055, y_peak:       -0.245, r_peak:        0.060, sig:        5.572, ra_peak:      179.659, dec_peak:        9.343
Distance = 79.4 kpc (m-M = 19.5)
719037 objects left after isochrone cut...
Characteristic density = 5000.0 deg^-2
Characteristic density local = 5158.6 deg^-2 = 1.433 arcmin^-2
Fitting aperture to hotspot...
Candidate: x_peak:       -0.955, y_peak:        0.185, r_peak:        0.020, sig:        8.389, ra_peak:      177.621, dec_peak:        9.774
Characteristic density local = 5045.2 deg^-2 = 1.401 arcmin^-2
Fitting aperture to hotspot...
Candidate: x_peak:       -0.905, y_peak:       -0.075, r_peak:        0.020, sig:       11.613, ra_peak:      177.672, dec_peak:        9.514
Characteristic density local = 5355.6 deg^-2 = 1.488 arcmin^-2
Fitting aperture to hotspot...
Candidate: x_peak:       -0.615, y_peak:        0.385, r_peak:        0.020, sig:        7.826, ra_peak:      177.966, dec_peak:        9.974
Characteristic density local = 5359.5 deg^-2 = 1.489 arcmin^-2
Fitting aperture to hotspot...
Candidate: x_peak:       -0.495, y_peak:        0.355, r_peak:        0.020, sig:       12.960, ra_peak:      178.087, dec_peak:        9.945
Characteristic density local = 5512.7 deg^-2 = 1.531 arcmin^-2
Fitting aperture to hotspot...
Candidate: x_peak:       -0.055, y_peak:        0.305, r_peak:        0.020, sig:        9.354, ra_peak:      178.534, dec_peak:        9.895
Characteristic density local = 5349.6 deg^-2 = 1.486 arcmin^-2
Fitting aperture to hotspot...
Candidate: x_peak:        0.005, y_peak:        0.465, r_peak:        0.020, sig:        8.461, ra_peak:      178.595, dec_peak:       10.055
Characteristic density local = 5343.6 deg^-2 = 1.484 arcmin^-2
Fitting aperture to hotspot...
Candidate: x_peak:        0.385, y_peak:        0.255, r_peak:        0.020, sig:       14.155, ra_peak:      178.981, dec_peak:        9.845
Characteristic density local = 5164.6 deg^-2 = 1.435 arcmin^-2
Fitting aperture to hotspot...
Candidate: x_peak:        0.985, y_peak:       -0.035, r_peak:        0.020, sig:        8.384, ra_peak:      179.589, dec_peak:        9.554
Characteristic density local = 5234.2 deg^-2 = 1.454 arcmin^-2
Fitting aperture to hotspot...
Candidate: x_peak:        1.055, y_peak:       -0.245, r_peak:        0.060, sig:        5.541, ra_peak:      179.659, dec_peak:        9.343
Distance = 100.0 kpc (m-M = 20.0)
716763 objects left after isochrone cut...
Characteristic density = 5000.0 deg^-2
Characteristic density local = 5063.1 deg^-2 = 1.406 arcmin^-2
Fitting aperture to hotspot...
Candidate: x_peak:       -0.955, y_peak:        0.185, r_peak:        0.020, sig:        8.458, ra_peak:      177.621, dec_peak:        9.774
Characteristic density local = 4969.6 deg^-2 = 1.380 arcmin^-2
Fitting aperture to hotspot...
Candidate: x_peak:       -0.905, y_peak:       -0.075, r_peak:        0.020, sig:       11.674, ra_peak:      177.672, dec_peak:        9.514
Characteristic density local = 5293.9 deg^-2 = 1.471 arcmin^-2
Fitting aperture to hotspot...
Candidate: x_peak:       -0.615, y_peak:        0.385, r_peak:        0.020, sig:        7.869, ra_peak:      177.966, dec_peak:        9.974
Characteristic density local = 5295.9 deg^-2 = 1.471 arcmin^-2
Fitting aperture to hotspot...
Candidate: x_peak:       -0.495, y_peak:        0.355, r_peak:        0.020, sig:       13.012, ra_peak:      178.087, dec_peak:        9.945
Characteristic density local = 5451.1 deg^-2 = 1.514 arcmin^-2
Fitting aperture to hotspot...
Candidate: x_peak:       -0.055, y_peak:        0.305, r_peak:        0.020, sig:        9.398, ra_peak:      178.534, dec_peak:        9.895
Characteristic density local = 5282.0 deg^-2 = 1.467 arcmin^-2
Fitting aperture to hotspot...
Candidate: x_peak:        0.005, y_peak:        0.465, r_peak:        0.020, sig:        8.509, ra_peak:      178.595, dec_peak:       10.055
Characteristic density local = 5270.0 deg^-2 = 1.464 arcmin^-2
Fitting aperture to hotspot...
Candidate: x_peak:        0.385, y_peak:        0.255, r_peak:        0.020, sig:       14.050, ra_peak:      178.981, dec_peak:        9.845
Characteristic density local = 5089.0 deg^-2 = 1.414 arcmin^-2
Fitting aperture to hotspot...
Candidate: x_peak:        0.985, y_peak:       -0.035, r_peak:        0.020, sig:        8.439, ra_peak:      179.589, dec_peak:        9.554
Characteristic density local = 5170.5 deg^-2 = 1.436 arcmin^-2
Fitting aperture to hotspot...
Candidate: x_peak:        1.055, y_peak:       -0.245, r_peak:        0.060, sig:        5.539, ra_peak:      179.659, dec_peak:        9.343
Distance = 125.9 kpc (m-M = 20.5)
714044 objects left after isochrone cut...
Characteristic density = 4900.0 deg^-2
Characteristic density local = 4983.5 deg^-2 = 1.384 arcmin^-2
Fitting aperture to hotspot...
Candidate: x_peak:       -0.955, y_peak:        0.185, r_peak:        0.020, sig:        8.517, ra_peak:      177.621, dec_peak:        9.774
Characteristic density local = 4872.1 deg^-2 = 1.353 arcmin^-2
Fitting aperture to hotspot...
Candidate: x_peak:       -0.905, y_peak:       -0.075, r_peak:        0.020, sig:       11.569, ra_peak:      177.672, dec_peak:        9.514
Characteristic density local = 5194.4 deg^-2 = 1.443 arcmin^-2
Fitting aperture to hotspot...
Candidate: x_peak:       -0.615, y_peak:        0.385, r_peak:        0.020, sig:        7.939, ra_peak:      177.966, dec_peak:        9.974
Characteristic density local = 5208.3 deg^-2 = 1.447 arcmin^-2
Fitting aperture to hotspot...
Candidate: x_peak:       -0.495, y_peak:        0.355, r_peak:        0.020, sig:       13.084, ra_peak:      178.087, dec_peak:        9.945
Characteristic density local = 5387.4 deg^-2 = 1.496 arcmin^-2
Fitting aperture to hotspot...
Candidate: x_peak:       -0.055, y_peak:        0.305, r_peak:        0.020, sig:        9.445, ra_peak:      178.534, dec_peak:        9.895
Characteristic density local = 5190.4 deg^-2 = 1.442 arcmin^-2
Fitting aperture to hotspot...
Candidate: x_peak:        0.005, y_peak:        0.465, r_peak:        0.020, sig:        8.575, ra_peak:      178.595, dec_peak:       10.055
Characteristic density local = 5190.4 deg^-2 = 1.442 arcmin^-2
Fitting aperture to hotspot...
Candidate: x_peak:        0.385, y_peak:        0.255, r_peak:        0.020, sig:       14.117, ra_peak:      178.981, dec_peak:        9.845
Characteristic density local = 5003.4 deg^-2 = 1.390 arcmin^-2
Fitting aperture to hotspot...
Candidate: x_peak:        0.985, y_peak:       -0.035, r_peak:        0.020, sig:        8.290, ra_peak:      179.589, dec_peak:        9.554
Characteristic density local = 5087.0 deg^-2 = 1.413 arcmin^-2
Fitting aperture to hotspot...
Candidate: x_peak:        1.055, y_peak:       -0.245, r_peak:        0.060, sig:        5.570, ra_peak:      179.659, dec_peak:        9.343
Distance = 158.5 kpc (m-M = 21.0)
710695 objects left after isochrone cut...
Characteristic density = 4800.0 deg^-2
Characteristic density local = 4850.2 deg^-2 = 1.347 arcmin^-2
Fitting aperture to hotspot...
Candidate: x_peak:       -0.955, y_peak:        0.185, r_peak:        0.020, sig:        8.617, ra_peak:      177.621, dec_peak:        9.774
Characteristic density local = 4738.8 deg^-2 = 1.316 arcmin^-2
Fitting aperture to hotspot...
Candidate: x_peak:       -0.905, y_peak:       -0.075, r_peak:        0.020, sig:       11.681, ra_peak:      177.672, dec_peak:        9.514
Characteristic density local = 5053.2 deg^-2 = 1.404 arcmin^-2
Fitting aperture to hotspot...
Candidate: x_peak:       -0.605, y_peak:        0.385, r_peak:        0.030, sig:        6.767, ra_peak:      177.976, dec_peak:        9.974
Characteristic density local = 5077.0 deg^-2 = 1.410 arcmin^-2
Fitting aperture to hotspot...
Candidate: x_peak:       -0.495, y_peak:        0.355, r_peak:        0.020, sig:       13.193, ra_peak:      178.087, dec_peak:        9.945
Characteristic density local = 5276.0 deg^-2 = 1.466 arcmin^-2
Fitting aperture to hotspot...
Candidate: x_peak:       -0.055, y_peak:        0.305, r_peak:        0.020, sig:        9.327, ra_peak:      178.534, dec_peak:        9.895
Characteristic density local = 5069.1 deg^-2 = 1.408 arcmin^-2
Fitting aperture to hotspot...
Candidate: x_peak:        0.005, y_peak:        0.465, r_peak:        0.020, sig:        8.663, ra_peak:      178.595, dec_peak:       10.055
Characteristic density local = 5091.0 deg^-2 = 1.414 arcmin^-2
Fitting aperture to hotspot...
Candidate: x_peak:        0.385, y_peak:        0.255, r_peak:        0.020, sig:       14.203, ra_peak:      178.981, dec_peak:        9.845
Characteristic density local = 4898.0 deg^-2 = 1.361 arcmin^-2
Fitting aperture to hotspot...
Candidate: x_peak:        0.985, y_peak:       -0.035, r_peak:        0.020, sig:        8.154, ra_peak:      179.589, dec_peak:        9.554
Characteristic density local = 4989.5 deg^-2 = 1.386 arcmin^-2
Fitting aperture to hotspot...
Candidate: x_peak:        1.055, y_peak:       -0.245, r_peak:        0.060, sig:        5.625, ra_peak:      179.659, dec_peak:        9.343
Distance = 199.5 kpc (m-M = 21.5)
706580 objects left after isochrone cut...
Characteristic density = 4700.0 deg^-2
Characteristic density local = 4728.9 deg^-2 = 1.314 arcmin^-2
Fitting aperture to hotspot...
Candidate: x_peak:       -0.945, y_peak:        0.185, r_peak:        0.020, sig:        8.496, ra_peak:      177.631, dec_peak:        9.774
Characteristic density local = 4613.5 deg^-2 = 1.282 arcmin^-2
Fitting aperture to hotspot...
Candidate: x_peak:       -0.905, y_peak:       -0.075, r_peak:        0.020, sig:       11.788, ra_peak:      177.672, dec_peak:        9.514
Characteristic density local = 4941.8 deg^-2 = 1.373 arcmin^-2
Fitting aperture to hotspot...
Candidate: x_peak:       -0.615, y_peak:        0.385, r_peak:        0.020, sig:        8.121, ra_peak:      177.966, dec_peak:        9.974
Characteristic density local = 4945.7 deg^-2 = 1.374 arcmin^-2
Fitting aperture to hotspot...
Candidate: x_peak:       -0.495, y_peak:        0.355, r_peak:        0.020, sig:       13.305, ra_peak:      178.087, dec_peak:        9.945
Characteristic density local = 5130.8 deg^-2 = 1.425 arcmin^-2
Fitting aperture to hotspot...
Candidate: x_peak:       -0.055, y_peak:        0.305, r_peak:        0.020, sig:        9.435, ra_peak:      178.534, dec_peak:        9.895
Characteristic density local = 4925.8 deg^-2 = 1.368 arcmin^-2
Fitting aperture to hotspot...
Candidate: x_peak:        0.005, y_peak:        0.465, r_peak:        0.020, sig:        8.770, ra_peak:      178.595, dec_peak:       10.055
Characteristic density local = 4963.6 deg^-2 = 1.379 arcmin^-2
Fitting aperture to hotspot...
Candidate: x_peak:        0.385, y_peak:        0.255, r_peak:        0.020, sig:       14.314, ra_peak:      178.981, dec_peak:        9.845
Characteristic density local = 4776.6 deg^-2 = 1.327 arcmin^-2
Fitting aperture to hotspot...
Candidate: x_peak:        0.985, y_peak:       -0.035, r_peak:        0.020, sig:        8.244, ra_peak:      179.589, dec_peak:        9.554
Characteristic density local = 4808.5 deg^-2 = 1.336 arcmin^-2
Fitting aperture to hotspot...
Candidate: x_peak:        1.045, y_peak:       -0.245, r_peak:        0.060, sig:        5.825, ra_peak:      179.649, dec_peak:        9.343
Distance = 251.2 kpc (m-M = 22.0)
701455 objects left after isochrone cut...
Characteristic density = 4500.0 deg^-2
Characteristic density local = 4545.9 deg^-2 = 1.263 arcmin^-2
Fitting aperture to hotspot...
Candidate: x_peak:       -0.955, y_peak:        0.185, r_peak:        0.020, sig:        8.853, ra_peak:      177.621, dec_peak:        9.774
Characteristic density local = 4446.4 deg^-2 = 1.235 arcmin^-2
Fitting aperture to hotspot...
Candidate: x_peak:       -0.905, y_peak:       -0.075, r_peak:        0.020, sig:       11.935, ra_peak:      177.672, dec_peak:        9.514
Characteristic density local = 4772.7 deg^-2 = 1.326 arcmin^-2
Fitting aperture to hotspot...
Candidate: x_peak:       -0.615, y_peak:        0.385, r_peak:        0.020, sig:        8.247, ra_peak:      177.966, dec_peak:        9.974
Characteristic density local = 4766.7 deg^-2 = 1.324 arcmin^-2
Fitting aperture to hotspot...
Candidate: x_peak:       -0.495, y_peak:        0.355, r_peak:        0.020, sig:       13.110, ra_peak:      178.087, dec_peak:        9.945
Characteristic density local = 4983.5 deg^-2 = 1.384 arcmin^-2
Fitting aperture to hotspot...
Candidate: x_peak:       -0.055, y_peak:        0.305, r_peak:        0.020, sig:        9.547, ra_peak:      178.534, dec_peak:        9.895
Characteristic density local = 4774.6 deg^-2 = 1.326 arcmin^-2
Fitting aperture to hotspot...
Candidate: x_peak:        0.005, y_peak:        0.465, r_peak:        0.020, sig:        8.885, ra_peak:      178.595, dec_peak:       10.055
Characteristic density local = 4810.5 deg^-2 = 1.336 arcmin^-2
Fitting aperture to hotspot...
Candidate: x_peak:        0.385, y_peak:        0.255, r_peak:        0.020, sig:       14.112, ra_peak:      178.981, dec_peak:        9.845
Characteristic density local = 4623.5 deg^-2 = 1.284 arcmin^-2
Fitting aperture to hotspot...
Candidate: x_peak:        0.985, y_peak:       -0.035, r_peak:        0.020, sig:        8.362, ra_peak:      179.589, dec_peak:        9.554
Characteristic density local = 4705.0 deg^-2 = 1.307 arcmin^-2
Fitting aperture to hotspot...
Candidate: x_peak:        1.055, y_peak:       -0.245, r_peak:        0.060, sig:        5.453, ra_peak:      179.659, dec_peak:        9.343
Distance = 316.2 kpc (m-M = 22.5)
695175 objects left after isochrone cut...
Characteristic density = 4300.0 deg^-2
Characteristic density local = 4344.9 deg^-2 = 1.207 arcmin^-2
Fitting aperture to hotspot...
Candidate: x_peak:       -0.955, y_peak:        0.185, r_peak:        0.020, sig:        9.016, ra_peak:      177.621, dec_peak:        9.774
Characteristic density local = 4219.6 deg^-2 = 1.172 arcmin^-2
Fitting aperture to hotspot...
Candidate: x_peak:       -0.905, y_peak:       -0.075, r_peak:        0.020, sig:       11.950, ra_peak:      177.672, dec_peak:        9.514
Characteristic density local = 4549.8 deg^-2 = 1.264 arcmin^-2
Fitting aperture to hotspot...
Candidate: x_peak:       -0.615, y_peak:        0.385, r_peak:        0.020, sig:        8.419, ra_peak:      177.966, dec_peak:        9.974
Characteristic density local = 4563.8 deg^-2 = 1.268 arcmin^-2
Fitting aperture to hotspot...
Candidate: x_peak:       -0.495, y_peak:        0.355, r_peak:        0.020, sig:       13.291, ra_peak:      178.087, dec_peak:        9.945
Characteristic density local = 4766.7 deg^-2 = 1.324 arcmin^-2
Fitting aperture to hotspot...
Candidate: x_peak:       -0.055, y_peak:        0.305, r_peak:        0.020, sig:        9.513, ra_peak:      178.534, dec_peak:        9.895
Characteristic density local = 4561.8 deg^-2 = 1.267 arcmin^-2
Fitting aperture to hotspot...
Candidate: x_peak:        0.005, y_peak:        0.465, r_peak:        0.020, sig:        9.053, ra_peak:      178.595, dec_peak:       10.055
Characteristic density local = 4589.6 deg^-2 = 1.275 arcmin^-2
Fitting aperture to hotspot...
Candidate: x_peak:        0.385, y_peak:        0.255, r_peak:        0.020, sig:       14.313, ra_peak:      178.981, dec_peak:        9.845
Characteristic density local = 4339.0 deg^-2 = 1.205 arcmin^-2
Fitting aperture to hotspot...
Candidate: x_peak:        0.995, y_peak:       -0.035, r_peak:        0.020, sig:        9.655, ra_peak:      179.599, dec_peak:        9.554
Characteristic density local = 4434.5 deg^-2 = 1.232 arcmin^-2
Fitting aperture to hotspot...
Candidate: x_peak:        1.045, y_peak:       -0.245, r_peak:        0.060, sig:        5.819, ra_peak:      179.649, dec_peak:        9.343
Distance = 398.1 kpc (m-M = 23.0)
687193 objects left after isochrone cut...
Characteristic density = 4000.0 deg^-2
Characteristic density local = 4138.0 deg^-2 = 1.149 arcmin^-2
Fitting aperture to hotspot...
Candidate: x_peak:       -0.955, y_peak:        0.185, r_peak:        0.020, sig:        9.190, ra_peak:      177.621, dec_peak:        9.774
Characteristic density local = 3963.0 deg^-2 = 1.101 arcmin^-2
Fitting aperture to hotspot...
Candidate: x_peak:       -0.905, y_peak:       -0.075, r_peak:        0.020, sig:       12.193, ra_peak:      177.672, dec_peak:        9.514
Characteristic density local = 4307.1 deg^-2 = 1.196 arcmin^-2
Fitting aperture to hotspot...
Candidate: x_peak:       -0.495, y_peak:        0.355, r_peak:        0.020, sig:       13.529, ra_peak:      178.087, dec_peak:        9.945
Characteristic density local = 4474.2 deg^-2 = 1.243 arcmin^-2
Fitting aperture to hotspot...
Candidate: x_peak:       -0.155, y_peak:       -1.015, r_peak:        0.020, sig:        5.145, ra_peak:      178.433, dec_peak:        8.575
Characteristic density local = 4494.1 deg^-2 = 1.248 arcmin^-2
Fitting aperture to hotspot...
Candidate: x_peak:       -0.055, y_peak:        0.305, r_peak:        0.020, sig:        9.318, ra_peak:      178.534, dec_peak:        9.895
Characteristic density local = 4305.1 deg^-2 = 1.196 arcmin^-2
Fitting aperture to hotspot...
Candidate: x_peak:        0.005, y_peak:        0.465, r_peak:        0.020, sig:        9.049, ra_peak:      178.595, dec_peak:       10.055
Characteristic density local = 4321.1 deg^-2 = 1.200 arcmin^-2
Fitting aperture to hotspot...
Candidate: x_peak:        0.385, y_peak:        0.255, r_peak:        0.020, sig:       13.871, ra_peak:      178.981, dec_peak:        9.845
Characteristic density local = 4092.3 deg^-2 = 1.137 arcmin^-2
Fitting aperture to hotspot...
Candidate: x_peak:        0.995, y_peak:       -0.035, r_peak:        0.020, sig:        9.229, ra_peak:      179.599, dec_peak:        9.554
Characteristic density local = 4199.7 deg^-2 = 1.167 arcmin^-2
Fitting aperture to hotspot...
Candidate: x_peak:        1.045, y_peak:       -0.235, r_peak:        0.070, sig:        6.413, ra_peak:      179.649, dec_peak:        9.353
14.31 sigma; (RA, Dec, d) = (178.98, 9.84); r = 0.02 deg; d = 199.5, mu = 21.50 mag), mc_source_id: 0.00
13.53 sigma; (RA, Dec, d) = (178.09, 9.94); r = 0.02 deg; d = 398.1, mu = 23.00 mag), mc_source_id: 0.00
12.19 sigma; (RA, Dec, d) = (177.67, 9.51); r = 0.02 deg; d = 398.1, mu = 23.00 mag), mc_source_id: 0.00
9.66 sigma; (RA, Dec, d) = (179.60, 9.55); r = 0.02 deg; d = 316.2, mu = 22.50 mag), mc_source_id: 0.00
9.55 sigma; (RA, Dec, d) = (178.53, 9.89); r = 0.02 deg; d = 251.2, mu = 22.00 mag), mc_source_id: 0.00
9.19 sigma; (RA, Dec, d) = (177.62, 9.77); r = 0.02 deg; d = 398.1, mu = 23.00 mag), mc_source_id: 0.00
9.05 sigma; (RA, Dec, d) = (178.60, 10.06); r = 0.02 deg; d = 316.2, mu = 22.50 mag), mc_source_id: 0.00
8.42 sigma; (RA, Dec, d) = (177.97, 9.97); r = 0.02 deg; d = 316.2, mu = 22.50 mag), mc_source_id: 0.00
6.41 sigma; (RA, Dec, d) = (179.65, 9.35); r = 0.07 deg; d = 398.1, mu = 23.00 mag), mc_source_id: 0.00
5.15 sigma; (RA, Dec, d) = (178.43, 8.57); r = 0.02 deg; d = 398.1, mu = 23.00 mag), mc_source_id: 0.00

------------------------------------------------------------
Job <680255.0> was submitted from <des51.fnal.gov> by user <tavangar>.
Job was executed on host <des40.fnal.gov> as user <tavangar>.
</var/lib/condor/execute/dir_1888014> was used as the initial working directory.
Results reported at Wed Jun  5 08:25:22 CDT 2019

Your job looked like:

------------------------------------------------------------
python /home/s1/tavangar/tavangar_simple/search_algorithm.py 178.59 9.59 0.00 /home/s1/tavangar/tavangar_simple/decals_dr7_results/results_nside_32_5119.csv /home/s1/tavangar/tavangar_simple/decals_dr7_results/decals_dr7_log/results_nside_32_5119.log
------------------------------------------------------------

Successfully completed.

Resource usage summary:

	Real time :			266.61 sec.
	CPU time :			26.59 sec.
	CPU percentage :		89%
	Max Memory :			6395008 KB
	Average Memory :		0 KB

The output (if any) is above this job summary.
