/home/s1/tavangar/tavangar_simple/simple_utils.py:170: FutureWarning: elementwise comparison failed; returning scalar instead, but in the future will perform elementwise comparison
  if np.all(isochrone.stage == 'Main'):
Search coordinates: (RA, Dec) = (4.22, -16.96)
Center healpixel: 7873
Healpixels: [7873 8001 7872 7745 7617 7746 7874 8002 8129]
MC_SOURCE_ID = 0.0
mode = 0: running only on real data
Found 1 objects...
Applying cuts...
163460 star-like objects in ROI...
211539 galaxy-like objects in ROI...
No fracdet map specified ...
Distance = 15.8 kpc (m-M = 16.0)
163459 objects left after isochrone cut...
Characteristic density = 4000.0 deg^-2
Traceback (most recent call last):
  File "/home/s1/tavangar/tavangar_simple/search_algorithm.py", line 171, in <module>
    ra_peaks, dec_peaks, r_peaks, sig_peaks, dist_moduli, n_obs_peaks, n_obs_half_peaks, n_model_peaks = simple_utils.search_by_distance(nside, data, distance_modulus, pix_nside_select, ra_select, dec_select, mag_max, fracdet)
  File "/home/s1/tavangar/tavangar_simple/simple_utils.py", line 531, in search_by_distance
    ra_peak_array = np.concatenate(ra_peak_array)
ValueError: need at least one array to concatenate

------------------------------------------------------------
Job <681883.0> was submitted from <des51.fnal.gov> by user <tavangar>.
Job was executed on host <des40.fnal.gov> as user <tavangar>.
</var/lib/condor/execute/dir_2189352> was used as the initial working directory.
Results reported at Wed Jun  5 16:18:32 CDT 2019

Your job looked like:

------------------------------------------------------------
python /home/s1/tavangar/tavangar_simple/search_algorithm.py 4.22 -16.96 0.00 /home/s1/tavangar/tavangar_simple/decals_dr7_results/results_nside_32_7873.csv /home/s1/tavangar/tavangar_simple/decals_dr7_results/decals_dr7_log/results_nside_32_7873.log
------------------------------------------------------------

Exited with exit code 1.

Resource usage summary:

	Real time :			24.23 sec.
	CPU time :			1.94 sec.
	CPU percentage :		44%
	Max Memory :			2187744 KB
	Average Memory :		0 KB

The output (if any) is above this job summary.
