/home/s1/tavangar/tavangar_simple/simple_utils.py:170: FutureWarning: elementwise comparison failed; returning scalar instead, but in the future will perform elementwise comparison
  if np.all(isochrone.stage == 'Main'):
Search coordinates: (RA, Dec) = (344.53, 4.78)
Center healpixel: 5690
Healpixels: [5690 5818 5689 5562 5434 5563 5691 5819 5946]
MC_SOURCE_ID = 0.0
mode = 0: running only on real data
Found 1 objects...
Applying cuts...
664646 star-like objects in ROI...
889772 galaxy-like objects in ROI...
No fracdet map specified ...
Distance = 15.8 kpc (m-M = 16.0)
664630 objects left after isochrone cut...
Characteristic density = 5900.0 deg^-2
Characteristic density local = 6847.6 deg^-2 = 1.902 arcmin^-2
Fitting aperture to hotspot...
Candidate: x_peak:       -1.235, y_peak:       -0.105, r_peak:        0.020, sig:        5.155, ra_peak:      343.291, dec_peak:        4.674
Characteristic density local = 6207.0 deg^-2 = 1.724 arcmin^-2
Fitting aperture to hotspot...
Candidate: x_peak:       -0.675, y_peak:        0.035, r_peak:        0.020, sig:        8.290, ra_peak:      343.853, dec_peak:        4.815
Characteristic density local = 6041.9 deg^-2 = 1.678 arcmin^-2
Fitting aperture to hotspot...
Candidate: x_peak:       -0.135, y_peak:       -0.975, r_peak:        0.030, sig:       12.342, ra_peak:      344.395, dec_peak:        3.805
Characteristic density local = 6073.8 deg^-2 = 1.687 arcmin^-2
Fitting aperture to hotspot...
Candidate: x_peak:        0.145, y_peak:        0.555, r_peak:        0.020, sig:       10.658, ra_peak:      344.676, dec_peak:        5.335
Characteristic density local = 5759.4 deg^-2 = 1.600 arcmin^-2
Fitting aperture to hotspot...
Candidate: x_peak:        0.305, y_peak:       -0.425, r_peak:        0.020, sig:       16.032, ra_peak:      344.836, dec_peak:        4.355
Characteristic density local = 6067.8 deg^-2 = 1.685 arcmin^-2
Fitting aperture to hotspot...
Candidate: x_peak:        0.465, y_peak:        0.385, r_peak:        0.020, sig:       15.323, ra_peak:      344.997, dec_peak:        5.165
Characteristic density local = 5733.6 deg^-2 = 1.593 arcmin^-2
Fitting aperture to hotspot...
Candidate: x_peak:        0.885, y_peak:       -0.325, r_peak:        0.020, sig:       12.495, ra_peak:      345.418, dec_peak:        4.454
Characteristic density local = 6047.9 deg^-2 = 1.680 arcmin^-2
Fitting aperture to hotspot...
Candidate: x_peak:        1.215, y_peak:        0.155, r_peak:        0.040, sig:        6.760, ra_peak:      345.750, dec_peak:        4.934
Distance = 20.0 kpc (m-M = 16.5)
664639 objects left after isochrone cut...
Characteristic density = 5900.0 deg^-2
Characteristic density local = 6847.6 deg^-2 = 1.902 arcmin^-2
Fitting aperture to hotspot...
Candidate: x_peak:       -1.235, y_peak:       -0.105, r_peak:        0.020, sig:        5.155, ra_peak:      343.291, dec_peak:        4.674
Characteristic density local = 6207.0 deg^-2 = 1.724 arcmin^-2
Fitting aperture to hotspot...
Candidate: x_peak:       -0.675, y_peak:        0.035, r_peak:        0.020, sig:        8.290, ra_peak:      343.853, dec_peak:        4.815
Characteristic density local = 6041.9 deg^-2 = 1.678 arcmin^-2
Fitting aperture to hotspot...
Candidate: x_peak:       -0.135, y_peak:       -0.975, r_peak:        0.030, sig:       12.342, ra_peak:      344.395, dec_peak:        3.805
Characteristic density local = 6073.8 deg^-2 = 1.687 arcmin^-2
Fitting aperture to hotspot...
Candidate: x_peak:        0.145, y_peak:        0.555, r_peak:        0.020, sig:       10.658, ra_peak:      344.676, dec_peak:        5.335
Characteristic density local = 5759.4 deg^-2 = 1.600 arcmin^-2
Fitting aperture to hotspot...
Candidate: x_peak:        0.305, y_peak:       -0.425, r_peak:        0.020, sig:       16.032, ra_peak:      344.836, dec_peak:        4.355
Characteristic density local = 6067.8 deg^-2 = 1.685 arcmin^-2
Fitting aperture to hotspot...
Candidate: x_peak:        0.465, y_peak:        0.385, r_peak:        0.020, sig:       15.323, ra_peak:      344.997, dec_peak:        5.165
Characteristic density local = 5733.6 deg^-2 = 1.593 arcmin^-2
Fitting aperture to hotspot...
Candidate: x_peak:        0.885, y_peak:       -0.325, r_peak:        0.020, sig:       12.495, ra_peak:      345.418, dec_peak:        4.454
Characteristic density local = 6047.9 deg^-2 = 1.680 arcmin^-2
Fitting aperture to hotspot...
Candidate: x_peak:        1.215, y_peak:        0.155, r_peak:        0.040, sig:        6.760, ra_peak:      345.750, dec_peak:        4.934
Distance = 25.1 kpc (m-M = 17.0)
664644 objects left after isochrone cut...
Characteristic density = 5900.0 deg^-2
Characteristic density local = 6847.6 deg^-2 = 1.902 arcmin^-2
Fitting aperture to hotspot...
Candidate: x_peak:       -1.235, y_peak:       -0.105, r_peak:        0.020, sig:        5.155, ra_peak:      343.291, dec_peak:        4.674
Characteristic density local = 6207.0 deg^-2 = 1.724 arcmin^-2
Fitting aperture to hotspot...
Candidate: x_peak:       -0.675, y_peak:        0.035, r_peak:        0.020, sig:        8.290, ra_peak:      343.853, dec_peak:        4.815
Characteristic density local = 6041.9 deg^-2 = 1.678 arcmin^-2
Fitting aperture to hotspot...
Candidate: x_peak:       -0.135, y_peak:       -0.975, r_peak:        0.030, sig:       12.342, ra_peak:      344.395, dec_peak:        3.805
Characteristic density local = 6073.8 deg^-2 = 1.687 arcmin^-2
Fitting aperture to hotspot...
Candidate: x_peak:        0.145, y_peak:        0.555, r_peak:        0.020, sig:       10.658, ra_peak:      344.676, dec_peak:        5.335
Characteristic density local = 5759.4 deg^-2 = 1.600 arcmin^-2
Fitting aperture to hotspot...
Candidate: x_peak:        0.305, y_peak:       -0.425, r_peak:        0.020, sig:       16.032, ra_peak:      344.836, dec_peak:        4.355
Characteristic density local = 6067.8 deg^-2 = 1.685 arcmin^-2
Fitting aperture to hotspot...
Candidate: x_peak:        0.465, y_peak:        0.385, r_peak:        0.020, sig:       15.323, ra_peak:      344.997, dec_peak:        5.165
Characteristic density local = 5733.6 deg^-2 = 1.593 arcmin^-2
Fitting aperture to hotspot...
Candidate: x_peak:        0.885, y_peak:       -0.325, r_peak:        0.020, sig:       12.495, ra_peak:      345.418, dec_peak:        4.454
Characteristic density local = 6047.9 deg^-2 = 1.680 arcmin^-2
Fitting aperture to hotspot...
Candidate: x_peak:        1.215, y_peak:        0.155, r_peak:        0.040, sig:        6.760, ra_peak:      345.750, dec_peak:        4.934
Distance = 31.6 kpc (m-M = 17.5)
664645 objects left after isochrone cut...
Characteristic density = 5900.0 deg^-2
Characteristic density local = 6847.6 deg^-2 = 1.902 arcmin^-2
Fitting aperture to hotspot...
Candidate: x_peak:       -1.235, y_peak:       -0.105, r_peak:        0.020, sig:        5.155, ra_peak:      343.291, dec_peak:        4.674
Characteristic density local = 6207.0 deg^-2 = 1.724 arcmin^-2
Fitting aperture to hotspot...
Candidate: x_peak:       -0.675, y_peak:        0.035, r_peak:        0.020, sig:        8.290, ra_peak:      343.853, dec_peak:        4.815
Characteristic density local = 6041.9 deg^-2 = 1.678 arcmin^-2
Fitting aperture to hotspot...
Candidate: x_peak:       -0.135, y_peak:       -0.975, r_peak:        0.030, sig:       12.342, ra_peak:      344.395, dec_peak:        3.805
Characteristic density local = 6073.8 deg^-2 = 1.687 arcmin^-2
Fitting aperture to hotspot...
Candidate: x_peak:        0.145, y_peak:        0.555, r_peak:        0.020, sig:       10.658, ra_peak:      344.676, dec_peak:        5.335
Characteristic density local = 5759.4 deg^-2 = 1.600 arcmin^-2
Fitting aperture to hotspot...
Candidate: x_peak:        0.305, y_peak:       -0.425, r_peak:        0.020, sig:       16.032, ra_peak:      344.836, dec_peak:        4.355
Characteristic density local = 6067.8 deg^-2 = 1.685 arcmin^-2
Fitting aperture to hotspot...
Candidate: x_peak:        0.465, y_peak:        0.385, r_peak:        0.020, sig:       15.323, ra_peak:      344.997, dec_peak:        5.165
Characteristic density local = 5733.6 deg^-2 = 1.593 arcmin^-2
Fitting aperture to hotspot...
Candidate: x_peak:        0.885, y_peak:       -0.325, r_peak:        0.020, sig:       12.495, ra_peak:      345.418, dec_peak:        4.454
Characteristic density local = 6047.9 deg^-2 = 1.680 arcmin^-2
Fitting aperture to hotspot...
Candidate: x_peak:        1.215, y_peak:        0.155, r_peak:        0.040, sig:        6.760, ra_peak:      345.750, dec_peak:        4.934
Distance = 39.8 kpc (m-M = 18.0)
664546 objects left after isochrone cut...
Characteristic density = 5900.0 deg^-2
Characteristic density local = 6837.7 deg^-2 = 1.899 arcmin^-2
Fitting aperture to hotspot...
Candidate: x_peak:       -1.235, y_peak:       -0.105, r_peak:        0.020, sig:        5.161, ra_peak:      343.291, dec_peak:        4.674
Characteristic density local = 6205.1 deg^-2 = 1.724 arcmin^-2
Fitting aperture to hotspot...
Candidate: x_peak:       -0.675, y_peak:        0.035, r_peak:        0.020, sig:        8.291, ra_peak:      343.853, dec_peak:        4.815
Characteristic density local = 6039.9 deg^-2 = 1.678 arcmin^-2
Fitting aperture to hotspot...
Candidate: x_peak:       -0.135, y_peak:       -0.975, r_peak:        0.030, sig:       12.344, ra_peak:      344.395, dec_peak:        3.805
Characteristic density local = 6065.8 deg^-2 = 1.685 arcmin^-2
Fitting aperture to hotspot...
Candidate: x_peak:        0.145, y_peak:        0.555, r_peak:        0.020, sig:       10.664, ra_peak:      344.676, dec_peak:        5.335
Characteristic density local = 5759.4 deg^-2 = 1.600 arcmin^-2
Fitting aperture to hotspot...
Candidate: x_peak:        0.305, y_peak:       -0.425, r_peak:        0.020, sig:       16.032, ra_peak:      344.836, dec_peak:        4.355
Characteristic density local = 6063.8 deg^-2 = 1.684 arcmin^-2
Fitting aperture to hotspot...
Candidate: x_peak:        0.465, y_peak:        0.385, r_peak:        0.020, sig:       15.326, ra_peak:      344.997, dec_peak:        5.165
Characteristic density local = 5733.6 deg^-2 = 1.593 arcmin^-2
Fitting aperture to hotspot...
Candidate: x_peak:        0.885, y_peak:       -0.325, r_peak:        0.020, sig:       12.495, ra_peak:      345.418, dec_peak:        4.454
Characteristic density local = 6047.9 deg^-2 = 1.680 arcmin^-2
Fitting aperture to hotspot...
Candidate: x_peak:        1.215, y_peak:        0.155, r_peak:        0.040, sig:        6.760, ra_peak:      345.750, dec_peak:        4.934
Distance = 50.1 kpc (m-M = 18.5)
663253 objects left after isochrone cut...
Characteristic density = 5900.0 deg^-2
Characteristic density local = 6815.8 deg^-2 = 1.893 arcmin^-2
Fitting aperture to hotspot...
Candidate: x_peak:       -1.235, y_peak:       -0.105, r_peak:        0.020, sig:        5.173, ra_peak:      343.291, dec_peak:        4.674
Characteristic density local = 6195.1 deg^-2 = 1.721 arcmin^-2
Fitting aperture to hotspot...
Candidate: x_peak:       -0.675, y_peak:        0.035, r_peak:        0.020, sig:        8.298, ra_peak:      343.853, dec_peak:        4.815
Characteristic density local = 6016.1 deg^-2 = 1.671 arcmin^-2
Fitting aperture to hotspot...
Candidate: x_peak:       -0.135, y_peak:       -0.975, r_peak:        0.030, sig:       12.367, ra_peak:      344.395, dec_peak:        3.805
Characteristic density local = 6030.0 deg^-2 = 1.675 arcmin^-2
Fitting aperture to hotspot...
Candidate: x_peak:        0.145, y_peak:        0.555, r_peak:        0.020, sig:       10.689, ra_peak:      344.676, dec_peak:        5.335
Characteristic density local = 5743.5 deg^-2 = 1.595 arcmin^-2
Fitting aperture to hotspot...
Candidate: x_peak:        0.305, y_peak:       -0.425, r_peak:        0.020, sig:       16.045, ra_peak:      344.836, dec_peak:        4.355
Characteristic density local = 6008.1 deg^-2 = 1.669 arcmin^-2
Fitting aperture to hotspot...
Candidate: x_peak:        0.465, y_peak:        0.385, r_peak:        0.020, sig:       15.370, ra_peak:      344.997, dec_peak:        5.165
Characteristic density local = 5719.6 deg^-2 = 1.589 arcmin^-2
Fitting aperture to hotspot...
Candidate: x_peak:        0.885, y_peak:       -0.325, r_peak:        0.020, sig:       12.506, ra_peak:      345.418, dec_peak:        4.454
Characteristic density local = 6026.0 deg^-2 = 1.674 arcmin^-2
Fitting aperture to hotspot...
Candidate: x_peak:        1.215, y_peak:        0.155, r_peak:        0.040, sig:        6.651, ra_peak:      345.750, dec_peak:        4.934
Distance = 63.1 kpc (m-M = 19.0)
660625 objects left after isochrone cut...
Characteristic density = 5800.0 deg^-2
Characteristic density local = 6722.3 deg^-2 = 1.867 arcmin^-2
Fitting aperture to hotspot...
Candidate: x_peak:       -1.235, y_peak:       -0.105, r_peak:        0.020, sig:        4.995, ra_peak:      343.291, dec_peak:        4.674
Characteristic density local = 6121.5 deg^-2 = 1.700 arcmin^-2
Fitting aperture to hotspot...
Candidate: x_peak:       -0.675, y_peak:        0.035, r_peak:        0.020, sig:        8.345, ra_peak:      343.853, dec_peak:        4.815
Characteristic density local = 5926.5 deg^-2 = 1.646 arcmin^-2
Fitting aperture to hotspot...
Candidate: x_peak:       -0.135, y_peak:       -0.975, r_peak:        0.030, sig:       12.455, ra_peak:      344.395, dec_peak:        3.805
Characteristic density local = 5924.5 deg^-2 = 1.646 arcmin^-2
Fitting aperture to hotspot...
Candidate: x_peak:        0.145, y_peak:        0.555, r_peak:        0.020, sig:       10.763, ra_peak:      344.676, dec_peak:        5.335
Characteristic density local = 5644.0 deg^-2 = 1.568 arcmin^-2
Fitting aperture to hotspot...
Candidate: x_peak:        0.305, y_peak:       -0.425, r_peak:        0.020, sig:       16.129, ra_peak:      344.836, dec_peak:        4.355
Characteristic density local = 5928.5 deg^-2 = 1.647 arcmin^-2
Fitting aperture to hotspot...
Candidate: x_peak:        0.465, y_peak:        0.385, r_peak:        0.020, sig:       15.434, ra_peak:      344.997, dec_peak:        5.165
Characteristic density local = 5652.0 deg^-2 = 1.570 arcmin^-2
Fitting aperture to hotspot...
Candidate: x_peak:        0.885, y_peak:       -0.325, r_peak:        0.020, sig:       12.558, ra_peak:      345.418, dec_peak:        4.454
Characteristic density local = 6121.5 deg^-2 = 1.700 arcmin^-2
Fitting aperture to hotspot...
Candidate: x_peak:        0.915, y_peak:        0.375, r_peak:        0.020, sig:        4.371, ra_peak:      345.449, dec_peak:        5.154
Characteristic density local = 5938.5 deg^-2 = 1.650 arcmin^-2
Fitting aperture to hotspot...
Candidate: x_peak:        1.215, y_peak:        0.155, r_peak:        0.040, sig:        6.746, ra_peak:      345.750, dec_peak:        4.934
Distance = 79.4 kpc (m-M = 19.5)
657172 objects left after isochrone cut...
Characteristic density = 5700.0 deg^-2
Characteristic density local = 6634.8 deg^-2 = 1.843 arcmin^-2
Fitting aperture to hotspot...
Candidate: x_peak:       -1.225, y_peak:       -0.105, r_peak:        0.020, sig:        5.499, ra_peak:      343.301, dec_peak:        4.674
Characteristic density local = 5988.2 deg^-2 = 1.663 arcmin^-2
Fitting aperture to hotspot...
Candidate: x_peak:       -0.675, y_peak:        0.035, r_peak:        0.020, sig:        8.432, ra_peak:      343.853, dec_peak:        4.815
Characteristic density local = 5799.2 deg^-2 = 1.611 arcmin^-2
Fitting aperture to hotspot...
Candidate: x_peak:       -0.135, y_peak:       -0.975, r_peak:        0.030, sig:       12.582, ra_peak:      344.395, dec_peak:        3.805
Characteristic density local = 5801.2 deg^-2 = 1.611 arcmin^-2
Fitting aperture to hotspot...
Candidate: x_peak:        0.145, y_peak:        0.555, r_peak:        0.020, sig:       10.852, ra_peak:      344.676, dec_peak:        5.335
Characteristic density local = 5538.6 deg^-2 = 1.538 arcmin^-2
Fitting aperture to hotspot...
Candidate: x_peak:        0.305, y_peak:       -0.425, r_peak:        0.020, sig:       16.218, ra_peak:      344.836, dec_peak:        4.355
Characteristic density local = 5793.2 deg^-2 = 1.609 arcmin^-2
Fitting aperture to hotspot...
Candidate: x_peak:        0.465, y_peak:        0.385, r_peak:        0.020, sig:       15.543, ra_peak:      344.997, dec_peak:        5.165
Characteristic density local = 5520.7 deg^-2 = 1.534 arcmin^-2
Fitting aperture to hotspot...
Candidate: x_peak:        0.885, y_peak:       -0.325, r_peak:        0.020, sig:       12.660, ra_peak:      345.418, dec_peak:        4.454
Characteristic density local = 5837.0 deg^-2 = 1.621 arcmin^-2
Fitting aperture to hotspot...
Candidate: x_peak:        1.215, y_peak:        0.155, r_peak:        0.040, sig:        6.858, ra_peak:      345.750, dec_peak:        4.934
Distance = 100.0 kpc (m-M = 20.0)
652989 objects left after isochrone cut...
Characteristic density = 5500.0 deg^-2
Characteristic density local = 6453.7 deg^-2 = 1.793 arcmin^-2
Fitting aperture to hotspot...
Candidate: x_peak:       -1.235, y_peak:       -0.105, r_peak:        0.020, sig:        5.143, ra_peak:      343.291, dec_peak:        4.674
Characteristic density local = 5848.9 deg^-2 = 1.625 arcmin^-2
Fitting aperture to hotspot...
Candidate: x_peak:       -0.675, y_peak:        0.035, r_peak:        0.020, sig:        8.525, ra_peak:      343.853, dec_peak:        4.815
Characteristic density local = 5659.9 deg^-2 = 1.572 arcmin^-2
Fitting aperture to hotspot...
Candidate: x_peak:       -0.135, y_peak:       -0.975, r_peak:        0.030, sig:       12.588, ra_peak:      344.395, dec_peak:        3.805
Characteristic density local = 5646.0 deg^-2 = 1.568 arcmin^-2
Fitting aperture to hotspot...
Candidate: x_peak:        0.145, y_peak:        0.555, r_peak:        0.020, sig:       10.965, ra_peak:      344.676, dec_peak:        5.335
Characteristic density local = 5381.4 deg^-2 = 1.495 arcmin^-2
Fitting aperture to hotspot...
Candidate: x_peak:        0.305, y_peak:       -0.425, r_peak:        0.020, sig:       16.354, ra_peak:      344.836, dec_peak:        4.355
Characteristic density local = 5667.9 deg^-2 = 1.574 arcmin^-2
Fitting aperture to hotspot...
Candidate: x_peak:        0.465, y_peak:        0.385, r_peak:        0.020, sig:       15.646, ra_peak:      344.997, dec_peak:        5.165
Characteristic density local = 5377.4 deg^-2 = 1.494 arcmin^-2
Fitting aperture to hotspot...
Candidate: x_peak:        0.885, y_peak:       -0.325, r_peak:        0.020, sig:       12.773, ra_peak:      345.418, dec_peak:        4.454
Characteristic density local = 5695.8 deg^-2 = 1.582 arcmin^-2
Fitting aperture to hotspot...
Candidate: x_peak:        1.215, y_peak:        0.155, r_peak:        0.040, sig:        6.608, ra_peak:      345.750, dec_peak:        4.934
Distance = 125.9 kpc (m-M = 20.5)
648116 objects left after isochrone cut...
Characteristic density = 5400.0 deg^-2
Characteristic density local = 6268.7 deg^-2 = 1.741 arcmin^-2
Fitting aperture to hotspot...
Candidate: x_peak:       -1.225, y_peak:       -0.105, r_peak:        0.020, sig:        5.708, ra_peak:      343.301, dec_peak:        4.674
Characteristic density local = 5669.9 deg^-2 = 1.575 arcmin^-2
Fitting aperture to hotspot...
Candidate: x_peak:       -0.675, y_peak:        0.035, r_peak:        0.020, sig:        8.646, ra_peak:      343.853, dec_peak:        4.815
Characteristic density local = 5492.8 deg^-2 = 1.526 arcmin^-2
Fitting aperture to hotspot...
Candidate: x_peak:       -0.135, y_peak:       -0.975, r_peak:        0.030, sig:       12.760, ra_peak:      344.395, dec_peak:        3.805
Characteristic density local = 5445.1 deg^-2 = 1.513 arcmin^-2
Fitting aperture to hotspot...
Candidate: x_peak:        0.145, y_peak:        0.555, r_peak:        0.020, sig:       11.115, ra_peak:      344.676, dec_peak:        5.335
Characteristic density local = 5260.1 deg^-2 = 1.461 arcmin^-2
Fitting aperture to hotspot...
Candidate: x_peak:        0.305, y_peak:       -0.425, r_peak:        0.020, sig:       16.461, ra_peak:      344.836, dec_peak:        4.355
Characteristic density local = 5518.7 deg^-2 = 1.533 arcmin^-2
Fitting aperture to hotspot...
Candidate: x_peak:        0.465, y_peak:        0.385, r_peak:        0.020, sig:       15.615, ra_peak:      344.997, dec_peak:        5.165
Characteristic density local = 5244.2 deg^-2 = 1.457 arcmin^-2
Fitting aperture to hotspot...
Candidate: x_peak:        0.885, y_peak:       -0.325, r_peak:        0.020, sig:       12.881, ra_peak:      345.418, dec_peak:        4.454
Characteristic density local = 5733.6 deg^-2 = 1.593 arcmin^-2
Fitting aperture to hotspot...
Candidate: x_peak:        0.915, y_peak:        0.375, r_peak:        0.020, sig:        4.342, ra_peak:      345.449, dec_peak:        5.154
Characteristic density local = 5516.7 deg^-2 = 1.532 arcmin^-2
Fitting aperture to hotspot...
Candidate: x_peak:        1.215, y_peak:        0.155, r_peak:        0.040, sig:        6.673, ra_peak:      345.750, dec_peak:        4.934
Distance = 158.5 kpc (m-M = 21.0)
642365 objects left after isochrone cut...
Characteristic density = 5200.0 deg^-2
Characteristic density local = 6051.9 deg^-2 = 1.681 arcmin^-2
Fitting aperture to hotspot...
Candidate: x_peak:       -1.225, y_peak:       -0.105, r_peak:        0.020, sig:        5.836, ra_peak:      343.301, dec_peak:        4.674
Characteristic density local = 5478.9 deg^-2 = 1.522 arcmin^-2
Fitting aperture to hotspot...
Candidate: x_peak:       -0.675, y_peak:        0.035, r_peak:        0.020, sig:        8.779, ra_peak:      343.853, dec_peak:        4.815
Characteristic density local = 5276.0 deg^-2 = 1.466 arcmin^-2
Fitting aperture to hotspot...
Candidate: x_peak:       -0.135, y_peak:       -0.975, r_peak:        0.030, sig:       12.853, ra_peak:      344.395, dec_peak:        3.805
Characteristic density local = 5262.1 deg^-2 = 1.462 arcmin^-2
Fitting aperture to hotspot...
Candidate: x_peak:        0.145, y_peak:        0.555, r_peak:        0.020, sig:       11.256, ra_peak:      344.676, dec_peak:        5.335
Characteristic density local = 5067.1 deg^-2 = 1.408 arcmin^-2
Fitting aperture to hotspot...
Candidate: x_peak:        0.305, y_peak:       -0.425, r_peak:        0.020, sig:       16.636, ra_peak:      344.836, dec_peak:        4.355
Characteristic density local = 5345.6 deg^-2 = 1.485 arcmin^-2
Fitting aperture to hotspot...
Candidate: x_peak:        0.465, y_peak:        0.385, r_peak:        0.020, sig:       15.606, ra_peak:      344.997, dec_peak:        5.165
Characteristic density local = 5055.2 deg^-2 = 1.404 arcmin^-2
Fitting aperture to hotspot...
Candidate: x_peak:        0.885, y_peak:       -0.325, r_peak:        0.020, sig:       12.863, ra_peak:      345.418, dec_peak:        4.454
Characteristic density local = 5558.5 deg^-2 = 1.544 arcmin^-2
Fitting aperture to hotspot...
Candidate: x_peak:        0.915, y_peak:        0.375, r_peak:        0.020, sig:        4.446, ra_peak:      345.449, dec_peak:        5.154
Characteristic density local = 5325.7 deg^-2 = 1.479 arcmin^-2
Fitting aperture to hotspot...
Candidate: x_peak:        1.215, y_peak:        0.155, r_peak:        0.050, sig:        6.766, ra_peak:      345.750, dec_peak:        4.934
Distance = 199.5 kpc (m-M = 21.5)
635636 objects left after isochrone cut...
Characteristic density = 5000.0 deg^-2
Characteristic density local = 5809.2 deg^-2 = 1.614 arcmin^-2
Fitting aperture to hotspot...
Candidate: x_peak:       -1.225, y_peak:       -0.115, r_peak:        0.020, sig:        6.211, ra_peak:      343.301, dec_peak:        4.664
Characteristic density local = 5236.2 deg^-2 = 1.454 arcmin^-2
Fitting aperture to hotspot...
Candidate: x_peak:       -0.675, y_peak:        0.035, r_peak:        0.020, sig:        8.953, ra_peak:      343.853, dec_peak:        4.815
Characteristic density local = 5053.2 deg^-2 = 1.404 arcmin^-2
Fitting aperture to hotspot...
Candidate: x_peak:       -0.135, y_peak:       -0.975, r_peak:        0.030, sig:       13.096, ra_peak:      344.395, dec_peak:        3.805
Characteristic density local = 5005.4 deg^-2 = 1.390 arcmin^-2
Fitting aperture to hotspot...
Candidate: x_peak:        0.145, y_peak:        0.555, r_peak:        0.020, sig:       11.460, ra_peak:      344.676, dec_peak:        5.335
Characteristic density local = 4844.3 deg^-2 = 1.346 arcmin^-2
Fitting aperture to hotspot...
Candidate: x_peak:        0.305, y_peak:       -0.425, r_peak:        0.020, sig:       16.844, ra_peak:      344.836, dec_peak:        4.355
Characteristic density local = 5116.8 deg^-2 = 1.421 arcmin^-2
Fitting aperture to hotspot...
Candidate: x_peak:        0.465, y_peak:        0.385, r_peak:        0.020, sig:       15.167, ra_peak:      344.997, dec_peak:        5.165
Characteristic density local = 4852.2 deg^-2 = 1.348 arcmin^-2
Fitting aperture to hotspot...
Candidate: x_peak:        0.885, y_peak:       -0.325, r_peak:        0.020, sig:       12.858, ra_peak:      345.418, dec_peak:        4.454
Characteristic density local = 5329.7 deg^-2 = 1.480 arcmin^-2
Fitting aperture to hotspot...
Candidate: x_peak:        0.915, y_peak:        0.375, r_peak:        0.020, sig:        4.584, ra_peak:      345.449, dec_peak:        5.154
Characteristic density local = 5120.8 deg^-2 = 1.422 arcmin^-2
Fitting aperture to hotspot...
Candidate: x_peak:        1.215, y_peak:        0.155, r_peak:        0.040, sig:        6.715, ra_peak:      345.750, dec_peak:        4.934
Distance = 251.2 kpc (m-M = 22.0)
628006 objects left after isochrone cut...
Characteristic density = 4700.0 deg^-2
Characteristic density local = 5530.6 deg^-2 = 1.536 arcmin^-2
Fitting aperture to hotspot...
Candidate: x_peak:       -1.225, y_peak:       -0.115, r_peak:        0.020, sig:        6.158, ra_peak:      343.301, dec_peak:        4.664
Characteristic density local = 4967.6 deg^-2 = 1.380 arcmin^-2
Fitting aperture to hotspot...
Candidate: x_peak:       -0.675, y_peak:        0.035, r_peak:        0.020, sig:        9.153, ra_peak:      343.853, dec_peak:        4.815
Characteristic density local = 4800.5 deg^-2 = 1.333 arcmin^-2
Fitting aperture to hotspot...
Candidate: x_peak:       -0.135, y_peak:       -0.975, r_peak:        0.030, sig:       13.242, ra_peak:      344.395, dec_peak:        3.805
Characteristic density local = 4758.7 deg^-2 = 1.322 arcmin^-2
Fitting aperture to hotspot...
Candidate: x_peak:        0.145, y_peak:        0.555, r_peak:        0.020, sig:       11.664, ra_peak:      344.676, dec_peak:        5.335
Characteristic density local = 4601.6 deg^-2 = 1.278 arcmin^-2
Fitting aperture to hotspot...
Candidate: x_peak:        0.305, y_peak:       -0.425, r_peak:        0.020, sig:       16.923, ra_peak:      344.836, dec_peak:        4.355
Characteristic density local = 4878.1 deg^-2 = 1.355 arcmin^-2
Fitting aperture to hotspot...
Candidate: x_peak:        0.465, y_peak:        0.385, r_peak:        0.020, sig:       15.054, ra_peak:      344.997, dec_peak:        5.165
Characteristic density local = 4639.4 deg^-2 = 1.289 arcmin^-2
Fitting aperture to hotspot...
Candidate: x_peak:        0.885, y_peak:       -0.325, r_peak:        0.020, sig:       12.866, ra_peak:      345.418, dec_peak:        4.454
Characteristic density local = 5089.0 deg^-2 = 1.414 arcmin^-2
Fitting aperture to hotspot...
Candidate: x_peak:        0.915, y_peak:        0.375, r_peak:        0.020, sig:        4.735, ra_peak:      345.449, dec_peak:        5.154
Characteristic density local = 4898.0 deg^-2 = 1.361 arcmin^-2
Fitting aperture to hotspot...
Candidate: x_peak:        1.215, y_peak:        0.155, r_peak:        0.040, sig:        6.553, ra_peak:      345.750, dec_peak:        4.934
Distance = 316.2 kpc (m-M = 22.5)
619046 objects left after isochrone cut...
Characteristic density = 4400.0 deg^-2
Characteristic density local = 5170.5 deg^-2 = 1.436 arcmin^-2
Fitting aperture to hotspot...
Candidate: x_peak:       -1.225, y_peak:       -0.115, r_peak:        0.020, sig:        6.394, ra_peak:      343.301, dec_peak:        4.664
Characteristic density local = 4635.4 deg^-2 = 1.288 arcmin^-2
Fitting aperture to hotspot...
Candidate: x_peak:       -0.675, y_peak:        0.035, r_peak:        0.020, sig:        9.412, ra_peak:      343.853, dec_peak:        4.815
Characteristic density local = 4512.0 deg^-2 = 1.253 arcmin^-2
Fitting aperture to hotspot...
Candidate: x_peak:       -0.135, y_peak:       -0.975, r_peak:        0.030, sig:       12.869, ra_peak:      344.395, dec_peak:        3.805
Characteristic density local = 4460.3 deg^-2 = 1.239 arcmin^-2
Fitting aperture to hotspot...
Candidate: x_peak:        0.145, y_peak:        0.555, r_peak:        0.020, sig:       11.733, ra_peak:      344.676, dec_peak:        5.335
Characteristic density local = 4309.1 deg^-2 = 1.197 arcmin^-2
Fitting aperture to hotspot...
Candidate: x_peak:        0.305, y_peak:       -0.425, r_peak:        0.020, sig:       17.220, ra_peak:      344.836, dec_peak:        4.355
Characteristic density local = 4599.6 deg^-2 = 1.278 arcmin^-2
Fitting aperture to hotspot...
Candidate: x_peak:        0.465, y_peak:        0.385, r_peak:        0.020, sig:       15.147, ra_peak:      344.997, dec_peak:        5.165
Characteristic density local = 4354.9 deg^-2 = 1.210 arcmin^-2
Fitting aperture to hotspot...
Candidate: x_peak:        0.885, y_peak:       -0.325, r_peak:        0.020, sig:       13.125, ra_peak:      345.418, dec_peak:        4.454
Characteristic density local = 4776.6 deg^-2 = 1.327 arcmin^-2
Fitting aperture to hotspot...
Candidate: x_peak:        0.915, y_peak:        0.375, r_peak:        0.020, sig:        4.939, ra_peak:      345.449, dec_peak:        5.154
Characteristic density local = 4629.4 deg^-2 = 1.286 arcmin^-2
Fitting aperture to hotspot...
Candidate: x_peak:        1.215, y_peak:        0.155, r_peak:        0.040, sig:        6.592, ra_peak:      345.750, dec_peak:        4.934
Distance = 398.1 kpc (m-M = 23.0)
608421 objects left after isochrone cut...
Characteristic density = 4100.0 deg^-2
Characteristic density local = 4760.7 deg^-2 = 1.322 arcmin^-2
Fitting aperture to hotspot...
Candidate: x_peak:       -1.225, y_peak:       -0.115, r_peak:        0.020, sig:        6.202, ra_peak:      343.301, dec_peak:        4.664
Characteristic density local = 4303.2 deg^-2 = 1.195 arcmin^-2
Fitting aperture to hotspot...
Candidate: x_peak:       -0.675, y_peak:        0.035, r_peak:        0.020, sig:        9.476, ra_peak:      343.853, dec_peak:        4.815
Characteristic density local = 4171.8 deg^-2 = 1.159 arcmin^-2
Fitting aperture to hotspot...
Candidate: x_peak:       -0.135, y_peak:       -0.975, r_peak:        0.030, sig:       12.845, ra_peak:      344.395, dec_peak:        3.805
Characteristic density local = 4122.1 deg^-2 = 1.145 arcmin^-2
Fitting aperture to hotspot...
Candidate: x_peak:        0.145, y_peak:        0.555, r_peak:        0.020, sig:       12.041, ra_peak:      344.676, dec_peak:        5.335
Characteristic density local = 3972.9 deg^-2 = 1.104 arcmin^-2
Fitting aperture to hotspot...
Candidate: x_peak:        0.305, y_peak:       -0.425, r_peak:        0.020, sig:       17.583, ra_peak:      344.836, dec_peak:        4.355
Characteristic density local = 4235.5 deg^-2 = 1.177 arcmin^-2
Fitting aperture to hotspot...
Candidate: x_peak:        0.465, y_peak:        0.385, r_peak:        0.020, sig:       15.335, ra_peak:      344.997, dec_peak:        5.165
Characteristic density local = 4038.6 deg^-2 = 1.122 arcmin^-2
Fitting aperture to hotspot...
Candidate: x_peak:        0.885, y_peak:       -0.325, r_peak:        0.020, sig:       13.429, ra_peak:      345.418, dec_peak:        4.454
Characteristic density local = 4398.6 deg^-2 = 1.222 arcmin^-2
Fitting aperture to hotspot...
Candidate: x_peak:        0.915, y_peak:        0.375, r_peak:        0.020, sig:        4.933, ra_peak:      345.449, dec_peak:        5.154
Characteristic density local = 4275.3 deg^-2 = 1.188 arcmin^-2
Fitting aperture to hotspot...
Candidate: x_peak:        1.215, y_peak:        0.155, r_peak:        0.040, sig:        6.292, ra_peak:      345.750, dec_peak:        4.934
17.58 sigma; (RA, Dec, d) = (344.84, 4.35); r = 0.02 deg; d = 398.1, mu = 23.00 mag), mc_source_id: 0.00
15.65 sigma; (RA, Dec, d) = (345.00, 5.16); r = 0.02 deg; d = 100.0, mu = 20.00 mag), mc_source_id: 0.00
13.43 sigma; (RA, Dec, d) = (345.42, 4.45); r = 0.02 deg; d = 398.1, mu = 23.00 mag), mc_source_id: 0.00
13.24 sigma; (RA, Dec, d) = (344.39, 3.80); r = 0.03 deg; d = 251.2, mu = 22.00 mag), mc_source_id: 0.00
12.04 sigma; (RA, Dec, d) = (344.68, 5.33); r = 0.02 deg; d = 398.1, mu = 23.00 mag), mc_source_id: 0.00
9.48 sigma; (RA, Dec, d) = (343.85, 4.81); r = 0.02 deg; d = 398.1, mu = 23.00 mag), mc_source_id: 0.00
6.86 sigma; (RA, Dec, d) = (345.75, 4.93); r = 0.04 deg; d = 79.4, mu = 19.50 mag), mc_source_id: 0.00
6.39 sigma; (RA, Dec, d) = (343.30, 4.66); r = 0.02 deg; d = 316.2, mu = 22.50 mag), mc_source_id: 0.00
4.94 sigma; (RA, Dec, d) = (345.45, 5.15); r = 0.02 deg; d = 316.2, mu = 22.50 mag), mc_source_id: 0.00

------------------------------------------------------------
Job <680635.0> was submitted from <des51.fnal.gov> by user <tavangar>.
Job was executed on host <des40.fnal.gov> as user <tavangar>.
</var/lib/condor/execute/dir_1972579> was used as the initial working directory.
Results reported at Wed Jun  5 10:56:50 CDT 2019

Your job looked like:

------------------------------------------------------------
python /home/s1/tavangar/tavangar_simple/search_algorithm.py 344.53 4.78 0.00 /home/s1/tavangar/tavangar_simple/decals_dr7_results/results_nside_32_5690.csv /home/s1/tavangar/tavangar_simple/decals_dr7_results/decals_dr7_log/results_nside_32_5690.log
------------------------------------------------------------

Successfully completed.

Resource usage summary:

	Real time :			392.13 sec.
	CPU time :			105.26 sec.
	CPU percentage :		81%
	Max Memory :			5460352 KB
	Average Memory :		0 KB

The output (if any) is above this job summary.
