/home/s1/tavangar/tavangar_simple/simple_utils.py:170: FutureWarning: elementwise comparison failed; returning scalar instead, but in the future will perform elementwise comparison
  if np.all(isochrone.stage == 'Main'):
Search coordinates: (RA, Dec) = (113.91, 12.02)
Center healpixel: 4840
Healpixels: [4840 4968 4839 4712 4584 4713 4841 4969 5096]
MC_SOURCE_ID = 0.0
mode = 0: running only on real data
Found 1 objects...
Applying cuts...
274298 star-like objects in ROI...
194864 galaxy-like objects in ROI...
No fracdet map specified ...
Distance = 15.8 kpc (m-M = 16.0)
274291 objects left after isochrone cut...
Characteristic density = 15700.0 deg^-2
Characteristic density local = 15700.0 deg^-2 = 4.361 arcmin^-2
Fitting aperture to hotspot...
Candidate: x_peak:        0.785, y_peak:        0.415, r_peak:        0.070, sig:        4.719, ra_peak:      114.714, dec_peak:       12.434
Characteristic density local = 15700.0 deg^-2 = 4.361 arcmin^-2
Fitting aperture to hotspot...
Candidate: x_peak:        0.875, y_peak:        0.115, r_peak:        0.070, sig:        4.484, ra_peak:      114.805, dec_peak:       12.134
Characteristic density local = 15700.0 deg^-2 = 4.361 arcmin^-2
Fitting aperture to hotspot...
Candidate: x_peak:        1.115, y_peak:       -0.215, r_peak:        0.060, sig:        6.351, ra_peak:      115.049, dec_peak:       11.803
Characteristic density local = 14528.9 deg^-2 = 4.036 arcmin^-2
Fitting aperture to hotspot...
Candidate: x_peak:        1.145, y_peak:        0.105, r_peak:        0.290, sig:        7.827, ra_peak:      115.081, dec_peak:       12.123
Distance = 20.0 kpc (m-M = 16.5)
274294 objects left after isochrone cut...
Characteristic density = 15700.0 deg^-2
Characteristic density local = 15700.0 deg^-2 = 4.361 arcmin^-2
Fitting aperture to hotspot...
Candidate: x_peak:        0.785, y_peak:        0.415, r_peak:        0.070, sig:        4.719, ra_peak:      114.714, dec_peak:       12.434
Characteristic density local = 15700.0 deg^-2 = 4.361 arcmin^-2
Fitting aperture to hotspot...
Candidate: x_peak:        0.875, y_peak:        0.115, r_peak:        0.070, sig:        4.484, ra_peak:      114.805, dec_peak:       12.134
Characteristic density local = 15700.0 deg^-2 = 4.361 arcmin^-2
Fitting aperture to hotspot...
Candidate: x_peak:        1.115, y_peak:       -0.215, r_peak:        0.060, sig:        6.351, ra_peak:      115.049, dec_peak:       11.803
Characteristic density local = 14528.9 deg^-2 = 4.036 arcmin^-2
Fitting aperture to hotspot...
Candidate: x_peak:        1.145, y_peak:        0.105, r_peak:        0.290, sig:        7.827, ra_peak:      115.081, dec_peak:       12.123
Distance = 25.1 kpc (m-M = 17.0)
274292 objects left after isochrone cut...
Characteristic density = 15700.0 deg^-2
Characteristic density local = 15700.0 deg^-2 = 4.361 arcmin^-2
Fitting aperture to hotspot...
Candidate: x_peak:        0.785, y_peak:        0.415, r_peak:        0.070, sig:        4.719, ra_peak:      114.714, dec_peak:       12.434
Characteristic density local = 15700.0 deg^-2 = 4.361 arcmin^-2
Fitting aperture to hotspot...
Candidate: x_peak:        0.875, y_peak:        0.115, r_peak:        0.070, sig:        4.484, ra_peak:      114.805, dec_peak:       12.134
Characteristic density local = 15700.0 deg^-2 = 4.361 arcmin^-2
Fitting aperture to hotspot...
Candidate: x_peak:        1.115, y_peak:       -0.215, r_peak:        0.060, sig:        6.351, ra_peak:      115.049, dec_peak:       11.803
Characteristic density local = 14528.9 deg^-2 = 4.036 arcmin^-2
Fitting aperture to hotspot...
Candidate: x_peak:        1.145, y_peak:        0.105, r_peak:        0.290, sig:        7.827, ra_peak:      115.081, dec_peak:       12.123
Distance = 31.6 kpc (m-M = 17.5)
274291 objects left after isochrone cut...
Characteristic density = 15700.0 deg^-2
Characteristic density local = 15700.0 deg^-2 = 4.361 arcmin^-2
Fitting aperture to hotspot...
Candidate: x_peak:        0.785, y_peak:        0.415, r_peak:        0.070, sig:        4.719, ra_peak:      114.714, dec_peak:       12.434
Characteristic density local = 15700.0 deg^-2 = 4.361 arcmin^-2
Fitting aperture to hotspot...
Candidate: x_peak:        0.875, y_peak:        0.115, r_peak:        0.070, sig:        4.484, ra_peak:      114.805, dec_peak:       12.134
Characteristic density local = 15700.0 deg^-2 = 4.361 arcmin^-2
Fitting aperture to hotspot...
Candidate: x_peak:        1.115, y_peak:       -0.215, r_peak:        0.060, sig:        6.351, ra_peak:      115.049, dec_peak:       11.803
Characteristic density local = 14528.9 deg^-2 = 4.036 arcmin^-2
Fitting aperture to hotspot...
Candidate: x_peak:        1.145, y_peak:        0.105, r_peak:        0.290, sig:        7.827, ra_peak:      115.081, dec_peak:       12.123
Distance = 39.8 kpc (m-M = 18.0)
274232 objects left after isochrone cut...
Characteristic density = 15700.0 deg^-2
Characteristic density local = 15700.0 deg^-2 = 4.361 arcmin^-2
Fitting aperture to hotspot...
Candidate: x_peak:        0.785, y_peak:        0.415, r_peak:        0.070, sig:        4.719, ra_peak:      114.714, dec_peak:       12.434
Characteristic density local = 15700.0 deg^-2 = 4.361 arcmin^-2
Fitting aperture to hotspot...
Candidate: x_peak:        0.875, y_peak:        0.115, r_peak:        0.070, sig:        4.425, ra_peak:      114.805, dec_peak:       12.134
Characteristic density local = 15700.0 deg^-2 = 4.361 arcmin^-2
Fitting aperture to hotspot...
Candidate: x_peak:        1.115, y_peak:       -0.215, r_peak:        0.060, sig:        6.351, ra_peak:      115.049, dec_peak:       11.803
Characteristic density local = 14528.9 deg^-2 = 4.036 arcmin^-2
Fitting aperture to hotspot...
Candidate: x_peak:        1.145, y_peak:        0.105, r_peak:        0.290, sig:        7.811, ra_peak:      115.081, dec_peak:       12.123
Distance = 50.1 kpc (m-M = 18.5)
273485 objects left after isochrone cut...
Characteristic density = 15700.0 deg^-2
Characteristic density local = 15700.0 deg^-2 = 4.361 arcmin^-2
Fitting aperture to hotspot...
Candidate: x_peak:        0.785, y_peak:        0.415, r_peak:        0.070, sig:        4.661, ra_peak:      114.714, dec_peak:       12.434
Characteristic density local = 15700.0 deg^-2 = 4.361 arcmin^-2
Fitting aperture to hotspot...
Candidate: x_peak:        0.875, y_peak:        0.115, r_peak:        0.070, sig:        4.367, ra_peak:      114.805, dec_peak:       12.134
Characteristic density local = 15700.0 deg^-2 = 4.361 arcmin^-2
Fitting aperture to hotspot...
Candidate: x_peak:        1.115, y_peak:       -0.215, r_peak:        0.060, sig:        6.351, ra_peak:      115.049, dec_peak:       11.803
Characteristic density local = 14479.1 deg^-2 = 4.022 arcmin^-2
Fitting aperture to hotspot...
Candidate: x_peak:        1.145, y_peak:        0.105, r_peak:        0.290, sig:        7.795, ra_peak:      115.081, dec_peak:       12.123
Distance = 63.1 kpc (m-M = 19.0)
270914 objects left after isochrone cut...
Characteristic density = 15400.0 deg^-2
Characteristic density local = 15400.0 deg^-2 = 4.278 arcmin^-2
Fitting aperture to hotspot...
Candidate: x_peak:        0.785, y_peak:        0.415, r_peak:        0.070, sig:        4.383, ra_peak:      114.714, dec_peak:       12.434
Characteristic density local = 14170.8 deg^-2 = 3.936 arcmin^-2
Fitting aperture to hotspot...
Candidate: x_peak:        1.145, y_peak:        0.105, r_peak:        0.290, sig:        7.428, ra_peak:      115.081, dec_peak:       12.123
Characteristic density local = 15400.0 deg^-2 = 4.278 arcmin^-2
Fitting aperture to hotspot...
Candidate: x_peak:        1.115, y_peak:       -0.215, r_peak:        0.060, sig:        6.431, ra_peak:      115.049, dec_peak:       11.803
Distance = 79.4 kpc (m-M = 19.5)
267226 objects left after isochrone cut...
Characteristic density = 15000.0 deg^-2
Characteristic density local = 15000.0 deg^-2 = 4.167 arcmin^-2
Fitting aperture to hotspot...
Candidate: x_peak:        0.785, y_peak:        0.415, r_peak:        0.070, sig:        4.505, ra_peak:      114.714, dec_peak:       12.434
Characteristic density local = 15000.0 deg^-2 = 4.167 arcmin^-2
Fitting aperture to hotspot...
Candidate: x_peak:        1.115, y_peak:       -0.215, r_peak:        0.060, sig:        6.473, ra_peak:      115.049, dec_peak:       11.803
Characteristic density local = 13780.8 deg^-2 = 3.828 arcmin^-2
Fitting aperture to hotspot...
Candidate: x_peak:        1.145, y_peak:        0.105, r_peak:        0.290, sig:        7.242, ra_peak:      115.081, dec_peak:       12.123
Distance = 100.0 kpc (m-M = 20.0)
262691 objects left after isochrone cut...
Characteristic density = 14500.0 deg^-2
Characteristic density local = 14500.0 deg^-2 = 4.028 arcmin^-2
Fitting aperture to hotspot...
Candidate: x_peak:        0.785, y_peak:        0.415, r_peak:        0.070, sig:        4.618, ra_peak:      114.714, dec_peak:       12.434
Characteristic density local = 14500.0 deg^-2 = 4.028 arcmin^-2
Fitting aperture to hotspot...
Candidate: x_peak:        0.875, y_peak:        0.115, r_peak:        0.070, sig:        4.374, ra_peak:      114.805, dec_peak:       12.134
Characteristic density local = 14500.0 deg^-2 = 4.028 arcmin^-2
Fitting aperture to hotspot...
Candidate: x_peak:        1.115, y_peak:       -0.215, r_peak:        0.060, sig:        6.410, ra_peak:      115.049, dec_peak:       11.803
Characteristic density local = 13217.8 deg^-2 = 3.672 arcmin^-2
Fitting aperture to hotspot...
Candidate: x_peak:        1.145, y_peak:        0.105, r_peak:        0.290, sig:        7.483, ra_peak:      115.081, dec_peak:       12.123
Distance = 125.9 kpc (m-M = 20.5)
257460 objects left after isochrone cut...
Characteristic density = 13800.0 deg^-2
Characteristic density local = 13800.0 deg^-2 = 3.833 arcmin^-2
Fitting aperture to hotspot...
Candidate: x_peak:        0.785, y_peak:        0.415, r_peak:        0.070, sig:        4.585, ra_peak:      114.714, dec_peak:       12.434
Characteristic density local = 13800.0 deg^-2 = 3.833 arcmin^-2
Fitting aperture to hotspot...
Candidate: x_peak:        0.875, y_peak:        0.115, r_peak:        0.070, sig:        4.647, ra_peak:      114.805, dec_peak:       12.134
Characteristic density local = 13800.0 deg^-2 = 3.833 arcmin^-2
Fitting aperture to hotspot...
Candidate: x_peak:        1.115, y_peak:       -0.215, r_peak:        0.060, sig:        6.612, ra_peak:      115.049, dec_peak:       11.803
Characteristic density local = 12658.8 deg^-2 = 3.516 arcmin^-2
Fitting aperture to hotspot...
Candidate: x_peak:        1.145, y_peak:        0.105, r_peak:        0.290, sig:        7.369, ra_peak:      115.081, dec_peak:       12.123
Distance = 158.5 kpc (m-M = 21.0)
251489 objects left after isochrone cut...
Characteristic density = 13200.0 deg^-2
Characteristic density local = 13200.0 deg^-2 = 3.667 arcmin^-2
Fitting aperture to hotspot...
Candidate: x_peak:        0.785, y_peak:        0.415, r_peak:        0.070, sig:        4.502, ra_peak:      114.714, dec_peak:       12.434
Characteristic density local = 12067.9 deg^-2 = 3.352 arcmin^-2
Fitting aperture to hotspot...
Candidate: x_peak:        1.145, y_peak:        0.105, r_peak:        0.290, sig:        6.708, ra_peak:      115.081, dec_peak:       12.123
Characteristic density local = 13200.0 deg^-2 = 3.667 arcmin^-2
Fitting aperture to hotspot...
Candidate: x_peak:        1.115, y_peak:       -0.215, r_peak:        0.060, sig:        6.233, ra_peak:      115.049, dec_peak:       11.803
Characteristic density local = 13200.0 deg^-2 = 3.667 arcmin^-2
Fitting aperture to hotspot...
Candidate: x_peak:        1.135, y_peak:       -0.055, r_peak:        0.020, sig:        4.982, ra_peak:      115.070, dec_peak:       11.963
Distance = 199.5 kpc (m-M = 21.5)
244752 objects left after isochrone cut...
Characteristic density = 12400.0 deg^-2
Characteristic density local = 12400.0 deg^-2 = 3.444 arcmin^-2
Fitting aperture to hotspot...
Candidate: x_peak:        0.785, y_peak:        0.415, r_peak:        0.060, sig:        4.415, ra_peak:      114.714, dec_peak:       12.434
Characteristic density local = 12400.0 deg^-2 = 3.444 arcmin^-2
Fitting aperture to hotspot...
Candidate: x_peak:        0.815, y_peak:       -0.065, r_peak:        0.050, sig:        3.750, ra_peak:      114.743, dec_peak:       11.954
Characteristic density local = 11278.1 deg^-2 = 3.133 arcmin^-2
Fitting aperture to hotspot...
Candidate: x_peak:        1.145, y_peak:        0.105, r_peak:        0.290, sig:        6.696, ra_peak:      115.081, dec_peak:       12.123
Characteristic density local = 12400.0 deg^-2 = 3.444 arcmin^-2
Fitting aperture to hotspot...
Candidate: x_peak:        1.115, y_peak:       -0.215, r_peak:        0.060, sig:        5.899, ra_peak:      115.049, dec_peak:       11.803
Characteristic density local = 12400.0 deg^-2 = 3.444 arcmin^-2
Fitting aperture to hotspot...
Candidate: x_peak:        1.135, y_peak:       -0.055, r_peak:        0.020, sig:        5.100, ra_peak:      115.070, dec_peak:       11.963
Distance = 251.2 kpc (m-M = 22.0)
237240 objects left after isochrone cut...
Characteristic density = 11500.0 deg^-2
Characteristic density local = 11500.0 deg^-2 = 3.194 arcmin^-2
Fitting aperture to hotspot...
Candidate: x_peak:        0.785, y_peak:        0.415, r_peak:        0.070, sig:        4.465, ra_peak:      114.714, dec_peak:       12.434
Characteristic density local = 11500.0 deg^-2 = 3.194 arcmin^-2
Fitting aperture to hotspot...
Candidate: x_peak:        0.815, y_peak:       -0.065, r_peak:        0.050, sig:        3.698, ra_peak:      114.743, dec_peak:       11.954
Characteristic density local = 10432.6 deg^-2 = 2.898 arcmin^-2
Fitting aperture to hotspot...
Candidate: x_peak:        1.145, y_peak:        0.105, r_peak:        0.290, sig:        6.538, ra_peak:      115.081, dec_peak:       12.123
Characteristic density local = 11500.0 deg^-2 = 3.194 arcmin^-2
Fitting aperture to hotspot...
Candidate: x_peak:        1.115, y_peak:       -0.215, r_peak:        0.050, sig:        5.523, ra_peak:      115.049, dec_peak:       11.803
Characteristic density local = 11500.0 deg^-2 = 3.194 arcmin^-2
Fitting aperture to hotspot...
Candidate: x_peak:        1.135, y_peak:       -0.055, r_peak:        0.020, sig:        5.266, ra_peak:      115.070, dec_peak:       11.963
Distance = 316.2 kpc (m-M = 22.5)
228903 objects left after isochrone cut...
Characteristic density = 10500.0 deg^-2
Characteristic density local = 10500.0 deg^-2 = 2.917 arcmin^-2
Fitting aperture to hotspot...
Candidate: x_peak:        0.785, y_peak:        0.415, r_peak:        0.070, sig:        4.680, ra_peak:      114.714, dec_peak:       12.434
Characteristic density local = 10500.0 deg^-2 = 2.917 arcmin^-2
Fitting aperture to hotspot...
Candidate: x_peak:        0.805, y_peak:       -0.065, r_peak:        0.040, sig:        4.150, ra_peak:      114.733, dec_peak:       11.954
Characteristic density local = 9589.1 deg^-2 = 2.664 arcmin^-2
Fitting aperture to hotspot...
Candidate: x_peak:        1.145, y_peak:        0.105, r_peak:        0.070, sig:        6.311, ra_peak:      115.081, dec_peak:       12.123
Characteristic density local = 10500.0 deg^-2 = 2.917 arcmin^-2
Fitting aperture to hotspot...
Candidate: x_peak:        1.105, y_peak:       -0.225, r_peak:        0.070, sig:        5.724, ra_peak:      115.039, dec_peak:       11.793
Characteristic density local = 10500.0 deg^-2 = 2.917 arcmin^-2
Fitting aperture to hotspot...
Candidate: x_peak:        1.135, y_peak:       -0.055, r_peak:        0.020, sig:        5.490, ra_peak:      115.070, dec_peak:       11.963
Distance = 398.1 kpc (m-M = 23.0)
219566 objects left after isochrone cut...
Characteristic density = 9400.0 deg^-2
Characteristic density local = 9400.0 deg^-2 = 2.611 arcmin^-2
Fitting aperture to hotspot...
Candidate: x_peak:        0.775, y_peak:        0.415, r_peak:        0.060, sig:        4.560, ra_peak:      114.704, dec_peak:       12.434
Characteristic density local = 9400.0 deg^-2 = 2.611 arcmin^-2
Fitting aperture to hotspot...
Candidate: x_peak:        0.805, y_peak:       -0.065, r_peak:        0.040, sig:        3.924, ra_peak:      114.733, dec_peak:       11.954
Characteristic density local = 8546.6 deg^-2 = 2.374 arcmin^-2
Fitting aperture to hotspot...
Candidate: x_peak:        1.145, y_peak:        0.105, r_peak:        0.070, sig:        6.263, ra_peak:      115.081, dec_peak:       12.123
Characteristic density local = 9400.0 deg^-2 = 2.611 arcmin^-2
Fitting aperture to hotspot...
Candidate: x_peak:        1.105, y_peak:       -0.225, r_peak:        0.070, sig:        5.569, ra_peak:      115.039, dec_peak:       11.793
Characteristic density local = 9400.0 deg^-2 = 2.611 arcmin^-2
Fitting aperture to hotspot...
Candidate: x_peak:        1.135, y_peak:       -0.055, r_peak:        0.020, sig:        5.585, ra_peak:      115.070, dec_peak:       11.963
7.83 sigma; (RA, Dec, d) = (115.08, 12.12); r = 0.29 deg; d = 25.1, mu = 17.00 mag), mc_source_id: 0.00
6.61 sigma; (RA, Dec, d) = (115.05, 11.80); r = 0.06 deg; d = 125.9, mu = 20.50 mag), mc_source_id: 0.00
4.72 sigma; (RA, Dec, d) = (114.71, 12.43); r = 0.07 deg; d = 31.6, mu = 17.50 mag), mc_source_id: 0.00
4.15 sigma; (RA, Dec, d) = (114.73, 11.95); r = 0.04 deg; d = 316.2, mu = 22.50 mag), mc_source_id: 0.00

------------------------------------------------------------
Job <680056.0> was submitted from <des51.fnal.gov> by user <tavangar>.
Job was executed on host <des40.fnal.gov> as user <tavangar>.
</var/lib/condor/execute/dir_1851156> was used as the initial working directory.
Results reported at Wed Jun  5 07:23:58 CDT 2019

Your job looked like:

------------------------------------------------------------
python /home/s1/tavangar/tavangar_simple/search_algorithm.py 113.91 12.02 0.00 /home/s1/tavangar/tavangar_simple/decals_dr7_results/results_nside_32_4840.csv /home/s1/tavangar/tavangar_simple/decals_dr7_results/decals_dr7_log/results_nside_32_4840.log
------------------------------------------------------------

Successfully completed.

Resource usage summary:

	Real time :			139.32 sec.
	CPU time :			4.43 sec.
	CPU percentage :		60%
	Max Memory :			2363040 KB
	Average Memory :		0 KB

The output (if any) is above this job summary.
