/home/s1/tavangar/tavangar_simple/simple_utils.py:170: FutureWarning: elementwise comparison failed; returning scalar instead, but in the future will perform elementwise comparison
  if np.all(isochrone.stage == 'Main'):
Search coordinates: (RA, Dec) = (22.50, -5.98)
Center healpixel: 6728
Healpixels: [6728 6855 6727 6599 6472 6600 6729 6856 6984]
MC_SOURCE_ID = 0.0
mode = 0: running only on real data
Found 1 objects...
Applying cuts...
797967 star-like objects in ROI...
1155239 galaxy-like objects in ROI...
No fracdet map specified ...
Distance = 15.8 kpc (m-M = 16.0)
797944 objects left after isochrone cut...
Characteristic density = 3900.0 deg^-2
Characteristic density local = 3533.2 deg^-2 = 0.981 arcmin^-2
Fitting aperture to hotspot...
Candidate: x_peak:       -1.245, y_peak:        0.035, r_peak:        0.030, sig:       27.847, ra_peak:       21.248, dec_peak:       -5.944
Characteristic density local = 4344.9 deg^-2 = 1.207 arcmin^-2
Fitting aperture to hotspot...
Candidate: x_peak:       -0.245, y_peak:        0.275, r_peak:        0.020, sig:        9.650, ra_peak:       22.254, dec_peak:       -5.705
Characteristic density local = 4152.0 deg^-2 = 1.153 arcmin^-2
Fitting aperture to hotspot...
Candidate: x_peak:       -0.215, y_peak:       -0.865, r_peak:        0.020, sig:        8.521, ra_peak:       22.283, dec_peak:       -6.845
Characteristic density local = 4366.8 deg^-2 = 1.213 arcmin^-2
Fitting aperture to hotspot...
Candidate: x_peak:       -0.025, y_peak:        0.385, r_peak:        0.030, sig:       27.357, ra_peak:       22.475, dec_peak:       -5.595
Characteristic density local = 4555.8 deg^-2 = 1.266 arcmin^-2
Fitting aperture to hotspot...
Candidate: x_peak:       -0.015, y_peak:       -0.685, r_peak:        0.020, sig:       10.489, ra_peak:       22.485, dec_peak:       -6.665
Characteristic density local = 3939.1 deg^-2 = 1.094 arcmin^-2
Fitting aperture to hotspot...
Candidate: x_peak:        0.225, y_peak:        1.005, r_peak:        0.040, sig:       13.129, ra_peak:       22.726, dec_peak:       -4.975
Characteristic density local = 4691.1 deg^-2 = 1.303 arcmin^-2
Fitting aperture to hotspot...
Candidate: x_peak:        0.275, y_peak:        0.435, r_peak:        0.020, sig:        8.739, ra_peak:       22.776, dec_peak:       -5.545
Characteristic density local = 4428.5 deg^-2 = 1.230 arcmin^-2
Fitting aperture to hotspot...
Candidate: x_peak:        0.505, y_peak:       -0.745, r_peak:        0.020, sig:       14.465, ra_peak:       23.008, dec_peak:       -6.725
Distance = 20.0 kpc (m-M = 16.5)
797962 objects left after isochrone cut...
Characteristic density = 3900.0 deg^-2
Characteristic density local = 3533.2 deg^-2 = 0.981 arcmin^-2
Fitting aperture to hotspot...
Candidate: x_peak:       -1.245, y_peak:        0.035, r_peak:        0.030, sig:       27.847, ra_peak:       21.248, dec_peak:       -5.944
Characteristic density local = 4344.9 deg^-2 = 1.207 arcmin^-2
Fitting aperture to hotspot...
Candidate: x_peak:       -0.245, y_peak:        0.275, r_peak:        0.020, sig:        9.650, ra_peak:       22.254, dec_peak:       -5.705
Characteristic density local = 4152.0 deg^-2 = 1.153 arcmin^-2
Fitting aperture to hotspot...
Candidate: x_peak:       -0.215, y_peak:       -0.865, r_peak:        0.020, sig:        8.521, ra_peak:       22.283, dec_peak:       -6.845
Characteristic density local = 4366.8 deg^-2 = 1.213 arcmin^-2
Fitting aperture to hotspot...
Candidate: x_peak:       -0.025, y_peak:        0.385, r_peak:        0.030, sig:       27.357, ra_peak:       22.475, dec_peak:       -5.595
Characteristic density local = 4555.8 deg^-2 = 1.266 arcmin^-2
Fitting aperture to hotspot...
Candidate: x_peak:       -0.015, y_peak:       -0.685, r_peak:        0.020, sig:       10.489, ra_peak:       22.485, dec_peak:       -6.665
Characteristic density local = 3939.1 deg^-2 = 1.094 arcmin^-2
Fitting aperture to hotspot...
Candidate: x_peak:        0.225, y_peak:        1.005, r_peak:        0.040, sig:       13.129, ra_peak:       22.726, dec_peak:       -4.975
Characteristic density local = 4691.1 deg^-2 = 1.303 arcmin^-2
Fitting aperture to hotspot...
Candidate: x_peak:        0.275, y_peak:        0.435, r_peak:        0.020, sig:        8.739, ra_peak:       22.776, dec_peak:       -5.545
Characteristic density local = 4428.5 deg^-2 = 1.230 arcmin^-2
Fitting aperture to hotspot...
Candidate: x_peak:        0.505, y_peak:       -0.745, r_peak:        0.020, sig:       14.465, ra_peak:       23.008, dec_peak:       -6.725
Distance = 25.1 kpc (m-M = 17.0)
797965 objects left after isochrone cut...
Characteristic density = 3900.0 deg^-2
Characteristic density local = 3533.2 deg^-2 = 0.981 arcmin^-2
Fitting aperture to hotspot...
Candidate: x_peak:       -1.245, y_peak:        0.035, r_peak:        0.030, sig:       27.847, ra_peak:       21.248, dec_peak:       -5.944
Characteristic density local = 4344.9 deg^-2 = 1.207 arcmin^-2
Fitting aperture to hotspot...
Candidate: x_peak:       -0.245, y_peak:        0.275, r_peak:        0.020, sig:        9.650, ra_peak:       22.254, dec_peak:       -5.705
Characteristic density local = 4152.0 deg^-2 = 1.153 arcmin^-2
Fitting aperture to hotspot...
Candidate: x_peak:       -0.215, y_peak:       -0.865, r_peak:        0.020, sig:        8.521, ra_peak:       22.283, dec_peak:       -6.845
Characteristic density local = 4366.8 deg^-2 = 1.213 arcmin^-2
Fitting aperture to hotspot...
Candidate: x_peak:       -0.025, y_peak:        0.385, r_peak:        0.030, sig:       27.357, ra_peak:       22.475, dec_peak:       -5.595
Characteristic density local = 4555.8 deg^-2 = 1.266 arcmin^-2
Fitting aperture to hotspot...
Candidate: x_peak:       -0.015, y_peak:       -0.685, r_peak:        0.020, sig:       10.489, ra_peak:       22.485, dec_peak:       -6.665
Characteristic density local = 3939.1 deg^-2 = 1.094 arcmin^-2
Fitting aperture to hotspot...
Candidate: x_peak:        0.225, y_peak:        1.005, r_peak:        0.040, sig:       13.129, ra_peak:       22.726, dec_peak:       -4.975
Characteristic density local = 4691.1 deg^-2 = 1.303 arcmin^-2
Fitting aperture to hotspot...
Candidate: x_peak:        0.275, y_peak:        0.435, r_peak:        0.020, sig:        8.739, ra_peak:       22.776, dec_peak:       -5.545
Characteristic density local = 4428.5 deg^-2 = 1.230 arcmin^-2
Fitting aperture to hotspot...
Candidate: x_peak:        0.505, y_peak:       -0.745, r_peak:        0.020, sig:       14.465, ra_peak:       23.008, dec_peak:       -6.725
Distance = 31.6 kpc (m-M = 17.5)
797966 objects left after isochrone cut...
Characteristic density = 3900.0 deg^-2
Characteristic density local = 3533.2 deg^-2 = 0.981 arcmin^-2
Fitting aperture to hotspot...
Candidate: x_peak:       -1.245, y_peak:        0.035, r_peak:        0.030, sig:       27.847, ra_peak:       21.248, dec_peak:       -5.944
Characteristic density local = 4344.9 deg^-2 = 1.207 arcmin^-2
Fitting aperture to hotspot...
Candidate: x_peak:       -0.245, y_peak:        0.275, r_peak:        0.020, sig:        9.650, ra_peak:       22.254, dec_peak:       -5.705
Characteristic density local = 4152.0 deg^-2 = 1.153 arcmin^-2
Fitting aperture to hotspot...
Candidate: x_peak:       -0.215, y_peak:       -0.865, r_peak:        0.020, sig:        8.521, ra_peak:       22.283, dec_peak:       -6.845
Characteristic density local = 4366.8 deg^-2 = 1.213 arcmin^-2
Fitting aperture to hotspot...
Candidate: x_peak:       -0.025, y_peak:        0.385, r_peak:        0.030, sig:       27.357, ra_peak:       22.475, dec_peak:       -5.595
Characteristic density local = 4555.8 deg^-2 = 1.266 arcmin^-2
Fitting aperture to hotspot...
Candidate: x_peak:       -0.015, y_peak:       -0.685, r_peak:        0.020, sig:       10.489, ra_peak:       22.485, dec_peak:       -6.665
Characteristic density local = 3939.1 deg^-2 = 1.094 arcmin^-2
Fitting aperture to hotspot...
Candidate: x_peak:        0.225, y_peak:        1.005, r_peak:        0.040, sig:       13.129, ra_peak:       22.726, dec_peak:       -4.975
Characteristic density local = 4691.1 deg^-2 = 1.303 arcmin^-2
Fitting aperture to hotspot...
Candidate: x_peak:        0.275, y_peak:        0.435, r_peak:        0.020, sig:        8.739, ra_peak:       22.776, dec_peak:       -5.545
Characteristic density local = 4428.5 deg^-2 = 1.230 arcmin^-2
Fitting aperture to hotspot...
Candidate: x_peak:        0.505, y_peak:       -0.745, r_peak:        0.020, sig:       14.465, ra_peak:       23.008, dec_peak:       -6.725
Distance = 39.8 kpc (m-M = 18.0)
797966 objects left after isochrone cut...
Characteristic density = 3900.0 deg^-2
Characteristic density local = 3533.2 deg^-2 = 0.981 arcmin^-2
Fitting aperture to hotspot...
Candidate: x_peak:       -1.245, y_peak:        0.035, r_peak:        0.030, sig:       27.847, ra_peak:       21.248, dec_peak:       -5.944
Characteristic density local = 4344.9 deg^-2 = 1.207 arcmin^-2
Fitting aperture to hotspot...
Candidate: x_peak:       -0.245, y_peak:        0.275, r_peak:        0.020, sig:        9.650, ra_peak:       22.254, dec_peak:       -5.705
Characteristic density local = 4152.0 deg^-2 = 1.153 arcmin^-2
Fitting aperture to hotspot...
Candidate: x_peak:       -0.215, y_peak:       -0.865, r_peak:        0.020, sig:        8.521, ra_peak:       22.283, dec_peak:       -6.845
Characteristic density local = 4366.8 deg^-2 = 1.213 arcmin^-2
Fitting aperture to hotspot...
Candidate: x_peak:       -0.025, y_peak:        0.385, r_peak:        0.030, sig:       27.357, ra_peak:       22.475, dec_peak:       -5.595
Characteristic density local = 4555.8 deg^-2 = 1.266 arcmin^-2
Fitting aperture to hotspot...
Candidate: x_peak:       -0.015, y_peak:       -0.685, r_peak:        0.020, sig:       10.489, ra_peak:       22.485, dec_peak:       -6.665
Characteristic density local = 3939.1 deg^-2 = 1.094 arcmin^-2
Fitting aperture to hotspot...
Candidate: x_peak:        0.225, y_peak:        1.005, r_peak:        0.040, sig:       13.129, ra_peak:       22.726, dec_peak:       -4.975
Characteristic density local = 4691.1 deg^-2 = 1.303 arcmin^-2
Fitting aperture to hotspot...
Candidate: x_peak:        0.275, y_peak:        0.435, r_peak:        0.020, sig:        8.739, ra_peak:       22.776, dec_peak:       -5.545
Characteristic density local = 4428.5 deg^-2 = 1.230 arcmin^-2
Fitting aperture to hotspot...
Candidate: x_peak:        0.505, y_peak:       -0.745, r_peak:        0.020, sig:       14.465, ra_peak:       23.008, dec_peak:       -6.725
Distance = 50.1 kpc (m-M = 18.5)
797958 objects left after isochrone cut...
Characteristic density = 3900.0 deg^-2
Characteristic density local = 3533.2 deg^-2 = 0.981 arcmin^-2
Fitting aperture to hotspot...
Candidate: x_peak:       -1.245, y_peak:        0.035, r_peak:        0.030, sig:       27.847, ra_peak:       21.248, dec_peak:       -5.944
Characteristic density local = 4344.9 deg^-2 = 1.207 arcmin^-2
Fitting aperture to hotspot...
Candidate: x_peak:       -0.245, y_peak:        0.275, r_peak:        0.020, sig:        9.650, ra_peak:       22.254, dec_peak:       -5.705
Characteristic density local = 4152.0 deg^-2 = 1.153 arcmin^-2
Fitting aperture to hotspot...
Candidate: x_peak:       -0.215, y_peak:       -0.865, r_peak:        0.020, sig:        8.521, ra_peak:       22.283, dec_peak:       -6.845
Characteristic density local = 4366.8 deg^-2 = 1.213 arcmin^-2
Fitting aperture to hotspot...
Candidate: x_peak:       -0.025, y_peak:        0.385, r_peak:        0.030, sig:       27.357, ra_peak:       22.475, dec_peak:       -5.595
Characteristic density local = 4555.8 deg^-2 = 1.266 arcmin^-2
Fitting aperture to hotspot...
Candidate: x_peak:       -0.015, y_peak:       -0.685, r_peak:        0.020, sig:       10.489, ra_peak:       22.485, dec_peak:       -6.665
Characteristic density local = 3939.1 deg^-2 = 1.094 arcmin^-2
Fitting aperture to hotspot...
Candidate: x_peak:        0.225, y_peak:        1.005, r_peak:        0.040, sig:       13.129, ra_peak:       22.726, dec_peak:       -4.975
Characteristic density local = 4691.1 deg^-2 = 1.303 arcmin^-2
Fitting aperture to hotspot...
Candidate: x_peak:        0.275, y_peak:        0.435, r_peak:        0.020, sig:        8.739, ra_peak:       22.776, dec_peak:       -5.545
Characteristic density local = 4428.5 deg^-2 = 1.230 arcmin^-2
Fitting aperture to hotspot...
Candidate: x_peak:        0.505, y_peak:       -0.745, r_peak:        0.020, sig:       14.465, ra_peak:       23.008, dec_peak:       -6.725
Distance = 63.1 kpc (m-M = 19.0)
797685 objects left after isochrone cut...
Characteristic density = 3900.0 deg^-2
Characteristic density local = 3525.3 deg^-2 = 0.979 arcmin^-2
Fitting aperture to hotspot...
Candidate: x_peak:       -1.245, y_peak:        0.035, r_peak:        0.030, sig:       27.862, ra_peak:       21.248, dec_peak:       -5.944
Characteristic density local = 4327.0 deg^-2 = 1.202 arcmin^-2
Fitting aperture to hotspot...
Candidate: x_peak:       -0.245, y_peak:        0.275, r_peak:        0.020, sig:        9.665, ra_peak:       22.254, dec_peak:       -5.705
Characteristic density local = 4140.0 deg^-2 = 1.150 arcmin^-2
Fitting aperture to hotspot...
Candidate: x_peak:       -0.215, y_peak:       -0.865, r_peak:        0.020, sig:        8.531, ra_peak:       22.283, dec_peak:       -6.845
Characteristic density local = 4348.9 deg^-2 = 1.208 arcmin^-2
Fitting aperture to hotspot...
Candidate: x_peak:       -0.025, y_peak:        0.385, r_peak:        0.030, sig:       27.385, ra_peak:       22.475, dec_peak:       -5.595
Characteristic density local = 4537.9 deg^-2 = 1.261 arcmin^-2
Fitting aperture to hotspot...
Candidate: x_peak:       -0.015, y_peak:       -0.685, r_peak:        0.020, sig:       10.504, ra_peak:       22.485, dec_peak:       -6.665
Characteristic density local = 3933.1 deg^-2 = 1.093 arcmin^-2
Fitting aperture to hotspot...
Candidate: x_peak:        0.225, y_peak:        1.005, r_peak:        0.040, sig:       13.138, ra_peak:       22.726, dec_peak:       -4.975
Characteristic density local = 4683.1 deg^-2 = 1.301 arcmin^-2
Fitting aperture to hotspot...
Candidate: x_peak:        0.275, y_peak:        0.435, r_peak:        0.020, sig:        8.745, ra_peak:       22.776, dec_peak:       -5.545
Characteristic density local = 4416.5 deg^-2 = 1.227 arcmin^-2
Fitting aperture to hotspot...
Candidate: x_peak:        0.505, y_peak:       -0.745, r_peak:        0.020, sig:       14.476, ra_peak:       23.008, dec_peak:       -6.725
Distance = 79.4 kpc (m-M = 19.5)
796537 objects left after isochrone cut...
Characteristic density = 3900.0 deg^-2
Characteristic density local = 3507.4 deg^-2 = 0.974 arcmin^-2
Fitting aperture to hotspot...
Candidate: x_peak:       -1.245, y_peak:        0.035, r_peak:        0.030, sig:       27.895, ra_peak:       21.248, dec_peak:       -5.944
Characteristic density local = 4273.3 deg^-2 = 1.187 arcmin^-2
Fitting aperture to hotspot...
Candidate: x_peak:       -0.245, y_peak:        0.275, r_peak:        0.020, sig:        9.711, ra_peak:       22.254, dec_peak:       -5.705
Characteristic density local = 4102.2 deg^-2 = 1.140 arcmin^-2
Fitting aperture to hotspot...
Candidate: x_peak:       -0.215, y_peak:       -0.865, r_peak:        0.020, sig:        8.563, ra_peak:       22.283, dec_peak:       -6.845
Characteristic density local = 4303.2 deg^-2 = 1.195 arcmin^-2
Fitting aperture to hotspot...
Candidate: x_peak:       -0.025, y_peak:        0.385, r_peak:        0.030, sig:       27.458, ra_peak:       22.475, dec_peak:       -5.595
Characteristic density local = 4494.1 deg^-2 = 1.248 arcmin^-2
Fitting aperture to hotspot...
Candidate: x_peak:       -0.015, y_peak:       -0.685, r_peak:        0.020, sig:       10.341, ra_peak:       22.485, dec_peak:       -6.665
Characteristic density local = 3887.4 deg^-2 = 1.080 arcmin^-2
Fitting aperture to hotspot...
Candidate: x_peak:        0.225, y_peak:        1.005, r_peak:        0.040, sig:       13.212, ra_peak:       22.726, dec_peak:       -4.975
Characteristic density local = 4627.4 deg^-2 = 1.285 arcmin^-2
Fitting aperture to hotspot...
Candidate: x_peak:        0.275, y_peak:        0.435, r_peak:        0.020, sig:        8.789, ra_peak:       22.776, dec_peak:       -5.545
Characteristic density local = 4358.9 deg^-2 = 1.211 arcmin^-2
Fitting aperture to hotspot...
Candidate: x_peak:        0.505, y_peak:       -0.745, r_peak:        0.020, sig:       14.532, ra_peak:       23.008, dec_peak:       -6.725
Distance = 100.0 kpc (m-M = 20.0)
795092 objects left after isochrone cut...
Characteristic density = 3800.0 deg^-2
Characteristic density local = 3499.4 deg^-2 = 0.972 arcmin^-2
Fitting aperture to hotspot...
Candidate: x_peak:       -1.245, y_peak:        0.035, r_peak:        0.030, sig:       27.910, ra_peak:       21.248, dec_peak:       -5.944
Characteristic density local = 3970.9 deg^-2 = 1.103 arcmin^-2
Fitting aperture to hotspot...
Candidate: x_peak:       -1.005, y_peak:       -0.265, r_peak:        0.050, sig:        6.057, ra_peak:       21.489, dec_peak:       -6.244
Characteristic density local = 3935.1 deg^-2 = 1.093 arcmin^-2
Fitting aperture to hotspot...
Candidate: x_peak:       -0.915, y_peak:        0.235, r_peak:        0.010, sig:        2.377, ra_peak:       21.580, dec_peak:       -5.744
Characteristic density local = 4239.5 deg^-2 = 1.178 arcmin^-2
Fitting aperture to hotspot...
Candidate: x_peak:       -0.025, y_peak:        0.385, r_peak:        0.030, sig:       27.561, ra_peak:       22.475, dec_peak:       -5.595
Characteristic density local = 4118.1 deg^-2 = 1.144 arcmin^-2
Fitting aperture to hotspot...
Candidate: x_peak:       -0.815, y_peak:       -0.065, r_peak:        0.030, sig:        1.642, ra_peak:       21.680, dec_peak:       -6.044
Characteristic density local = 3781.9 deg^-2 = 1.051 arcmin^-2
Fitting aperture to hotspot...
Candidate: x_peak:       -0.185, y_peak:        1.035, r_peak:        0.240, sig:        2.791, ra_peak:       22.314, dec_peak:       -4.945
Characteristic density local = 3648.6 deg^-2 = 1.014 arcmin^-2
Fitting aperture to hotspot...
Candidate: x_peak:       -0.075, y_peak:        1.135, r_peak:        0.100, sig:        2.086, ra_peak:       22.425, dec_peak:       -4.845
Characteristic density local = 4122.1 deg^-2 = 1.145 arcmin^-2
Fitting aperture to hotspot...
Candidate: x_peak:        0.785, y_peak:        0.525, r_peak:        0.290, sig:        2.027, ra_peak:       23.289, dec_peak:       -5.454
Characteristic density local = 4249.4 deg^-2 = 1.180 arcmin^-2
Fitting aperture to hotspot...
Candidate: x_peak:        1.385, y_peak:       -0.005, r_peak:        0.040, sig:        2.270, ra_peak:       23.893, dec_peak:       -5.983
Distance = 125.9 kpc (m-M = 20.5)
793188 objects left after isochrone cut...
Characteristic density = 3700.0 deg^-2
Characteristic density local = 3473.6 deg^-2 = 0.965 arcmin^-2
Fitting aperture to hotspot...
Candidate: x_peak:       -1.245, y_peak:        0.035, r_peak:        0.030, sig:       27.959, ra_peak:       21.248, dec_peak:       -5.944
Characteristic density local = 4142.0 deg^-2 = 1.151 arcmin^-2
Fitting aperture to hotspot...
Candidate: x_peak:       -0.245, y_peak:        0.275, r_peak:        0.020, sig:        9.824, ra_peak:       22.254, dec_peak:       -5.705
Characteristic density local = 3951.0 deg^-2 = 1.098 arcmin^-2
Fitting aperture to hotspot...
Candidate: x_peak:       -0.215, y_peak:       -0.865, r_peak:        0.020, sig:        8.692, ra_peak:       22.283, dec_peak:       -6.845
Characteristic density local = 4155.9 deg^-2 = 1.154 arcmin^-2
Fitting aperture to hotspot...
Candidate: x_peak:       -0.025, y_peak:        0.385, r_peak:        0.030, sig:       27.698, ra_peak:       22.475, dec_peak:       -5.595
Characteristic density local = 4341.0 deg^-2 = 1.206 arcmin^-2
Fitting aperture to hotspot...
Candidate: x_peak:       -0.015, y_peak:       -0.685, r_peak:        0.030, sig:       10.502, ra_peak:       22.485, dec_peak:       -6.665
Characteristic density local = 3756.1 deg^-2 = 1.043 arcmin^-2
Fitting aperture to hotspot...
Candidate: x_peak:        0.225, y_peak:        1.005, r_peak:        0.040, sig:       13.427, ra_peak:       22.726, dec_peak:       -4.975
Characteristic density local = 4579.7 deg^-2 = 1.272 arcmin^-2
Fitting aperture to hotspot...
Candidate: x_peak:        0.285, y_peak:        0.435, r_peak:        0.020, sig:        9.457, ra_peak:       22.786, dec_peak:       -5.545
Characteristic density local = 4201.7 deg^-2 = 1.167 arcmin^-2
Fitting aperture to hotspot...
Candidate: x_peak:        0.505, y_peak:       -0.745, r_peak:        0.020, sig:       14.513, ra_peak:       23.008, dec_peak:       -6.725
Characteristic density local = 4094.3 deg^-2 = 1.137 arcmin^-2
Fitting aperture to hotspot...
Candidate: x_peak:        0.505, y_peak:        0.085, r_peak:        0.020, sig:        9.228, ra_peak:       23.008, dec_peak:       -5.895
Distance = 158.5 kpc (m-M = 21.0)
790716 objects left after isochrone cut...
Characteristic density = 3600.0 deg^-2
Characteristic density local = 3423.8 deg^-2 = 0.951 arcmin^-2
Fitting aperture to hotspot...
Candidate: x_peak:       -1.245, y_peak:        0.035, r_peak:        0.030, sig:       27.946, ra_peak:       21.248, dec_peak:       -5.944
Characteristic density local = 3861.5 deg^-2 = 1.073 arcmin^-2
Fitting aperture to hotspot...
Candidate: x_peak:       -1.005, y_peak:       -0.265, r_peak:        0.050, sig:        6.238, ra_peak:       21.489, dec_peak:       -6.244
Characteristic density local = 3787.9 deg^-2 = 1.052 arcmin^-2
Fitting aperture to hotspot...
Candidate: x_peak:       -1.035, y_peak:        0.275, r_peak:        0.030, sig:        1.147, ra_peak:       21.460, dec_peak:       -5.704
Characteristic density local = 3837.6 deg^-2 = 1.066 arcmin^-2
Fitting aperture to hotspot...
Candidate: x_peak:       -0.915, y_peak:        0.235, r_peak:        0.010, sig:        2.414, ra_peak:       21.580, dec_peak:       -5.744
Characteristic density local = 3292.5 deg^-2 = 0.915 arcmin^-2
Fitting aperture to hotspot...
Candidate: x_peak:       -0.905, y_peak:       -0.415, r_peak:        0.290, sig:        4.555, ra_peak:       21.589, dec_peak:       -6.394
Characteristic density local = 3481.5 deg^-2 = 0.967 arcmin^-2
Fitting aperture to hotspot...
Candidate: x_peak:       -0.865, y_peak:       -0.325, r_peak:        0.200, sig:        2.124, ra_peak:       21.630, dec_peak:       -6.304
Characteristic density local = 4040.5 deg^-2 = 1.122 arcmin^-2
Fitting aperture to hotspot...
Candidate: x_peak:       -0.025, y_peak:        0.385, r_peak:        0.030, sig:       27.891, ra_peak:       22.475, dec_peak:       -5.595
Characteristic density local = 4106.2 deg^-2 = 1.141 arcmin^-2
Fitting aperture to hotspot...
Candidate: x_peak:        0.715, y_peak:       -0.585, r_peak:        0.290, sig:        1.170, ra_peak:       23.220, dec_peak:       -6.565
Characteristic density local = 4068.4 deg^-2 = 1.130 arcmin^-2
Fitting aperture to hotspot...
Candidate: x_peak:        1.385, y_peak:       -0.005, r_peak:        0.040, sig:        2.486, ra_peak:       23.893, dec_peak:       -5.983
Distance = 199.5 kpc (m-M = 21.5)
787855 objects left after isochrone cut...
Characteristic density = 3500.0 deg^-2
Characteristic density local = 3334.3 deg^-2 = 0.926 arcmin^-2
Fitting aperture to hotspot...
Candidate: x_peak:       -1.245, y_peak:        0.035, r_peak:        0.030, sig:       28.119, ra_peak:       21.248, dec_peak:       -5.944
Characteristic density local = 3921.2 deg^-2 = 1.089 arcmin^-2
Fitting aperture to hotspot...
Candidate: x_peak:       -0.245, y_peak:        0.275, r_peak:        0.020, sig:       10.022, ra_peak:       22.254, dec_peak:       -5.705
Characteristic density local = 3770.0 deg^-2 = 1.047 arcmin^-2
Fitting aperture to hotspot...
Candidate: x_peak:       -0.215, y_peak:       -0.865, r_peak:        0.020, sig:        8.852, ra_peak:       22.283, dec_peak:       -6.845
Characteristic density local = 3951.0 deg^-2 = 1.098 arcmin^-2
Fitting aperture to hotspot...
Candidate: x_peak:       -0.025, y_peak:        0.385, r_peak:        0.030, sig:       28.043, ra_peak:       22.475, dec_peak:       -5.595
Characteristic density local = 4159.9 deg^-2 = 1.156 arcmin^-2
Fitting aperture to hotspot...
Candidate: x_peak:       -0.015, y_peak:       -0.685, r_peak:        0.030, sig:       10.714, ra_peak:       22.485, dec_peak:       -6.665
Characteristic density local = 3555.1 deg^-2 = 0.988 arcmin^-2
Fitting aperture to hotspot...
Candidate: x_peak:        0.225, y_peak:        1.005, r_peak:        0.040, sig:       13.385, ra_peak:       22.726, dec_peak:       -4.975
Characteristic density local = 4219.6 deg^-2 = 1.172 arcmin^-2
Fitting aperture to hotspot...
Candidate: x_peak:        0.275, y_peak:        0.435, r_peak:        0.020, sig:        9.121, ra_peak:       22.776, dec_peak:       -5.545
Characteristic density local = 4014.7 deg^-2 = 1.115 arcmin^-2
Fitting aperture to hotspot...
Candidate: x_peak:        0.505, y_peak:       -0.745, r_peak:        0.020, sig:       14.527, ra_peak:       23.008, dec_peak:       -6.725
Characteristic density local = 3895.3 deg^-2 = 1.082 arcmin^-2
Fitting aperture to hotspot...
Candidate: x_peak:        0.505, y_peak:        0.085, r_peak:        0.020, sig:        9.403, ra_peak:       23.008, dec_peak:       -5.895
Distance = 251.2 kpc (m-M = 22.0)
784408 objects left after isochrone cut...
Characteristic density = 3400.0 deg^-2
Characteristic density local = 3222.9 deg^-2 = 0.895 arcmin^-2
Fitting aperture to hotspot...
Candidate: x_peak:       -1.245, y_peak:        0.035, r_peak:        0.030, sig:       28.338, ra_peak:       21.248, dec_peak:       -5.944
Characteristic density local = 3823.7 deg^-2 = 1.062 arcmin^-2
Fitting aperture to hotspot...
Candidate: x_peak:       -0.025, y_peak:        0.385, r_peak:        0.030, sig:       28.162, ra_peak:       22.475, dec_peak:       -5.595
Characteristic density local = 3658.6 deg^-2 = 1.016 arcmin^-2
Fitting aperture to hotspot...
Candidate: x_peak:       -0.915, y_peak:        0.245, r_peak:        0.020, sig:        1.312, ra_peak:       21.580, dec_peak:       -5.734
Characteristic density local = 3280.6 deg^-2 = 0.911 arcmin^-2
Fitting aperture to hotspot...
Candidate: x_peak:       -0.335, y_peak:        0.905, r_peak:        0.280, sig:        2.451, ra_peak:       22.164, dec_peak:       -5.075
Characteristic density local = 3352.2 deg^-2 = 0.931 arcmin^-2
Fitting aperture to hotspot...
Candidate: x_peak:       -0.185, y_peak:        1.035, r_peak:        0.240, sig:        3.378, ra_peak:       22.314, dec_peak:       -4.945
Characteristic density local = 4189.8 deg^-2 = 1.164 arcmin^-2
Fitting aperture to hotspot...
Candidate: x_peak:       -0.005, y_peak:        0.665, r_peak:        0.290, sig:        2.132, ra_peak:       22.495, dec_peak:       -5.315
Characteristic density local = 3893.3 deg^-2 = 1.081 arcmin^-2
Fitting aperture to hotspot...
Candidate: x_peak:        0.345, y_peak:       -0.195, r_peak:        0.020, sig:        1.544, ra_peak:       22.847, dec_peak:       -6.175
Characteristic density local = 3831.7 deg^-2 = 1.064 arcmin^-2
Fitting aperture to hotspot...
Candidate: x_peak:        1.385, y_peak:       -0.005, r_peak:        0.040, sig:        2.198, ra_peak:       23.893, dec_peak:       -5.983
Distance = 316.2 kpc (m-M = 22.5)
780402 objects left after isochrone cut...
Characteristic density = 3300.0 deg^-2
Characteristic density local = 3125.4 deg^-2 = 0.868 arcmin^-2
Fitting aperture to hotspot...
Candidate: x_peak:       -1.245, y_peak:        0.035, r_peak:        0.030, sig:       28.536, ra_peak:       21.248, dec_peak:       -5.944
Characteristic density local = 3583.0 deg^-2 = 0.995 arcmin^-2
Fitting aperture to hotspot...
Candidate: x_peak:       -1.005, y_peak:       -0.265, r_peak:        0.050, sig:        6.023, ra_peak:       21.489, dec_peak:       -6.244
Characteristic density local = 3545.2 deg^-2 = 0.985 arcmin^-2
Fitting aperture to hotspot...
Candidate: x_peak:       -0.915, y_peak:        0.245, r_peak:        0.020, sig:        1.386, ra_peak:       21.580, dec_peak:       -5.734
Characteristic density local = 3043.8 deg^-2 = 0.846 arcmin^-2
Fitting aperture to hotspot...
Candidate: x_peak:       -0.905, y_peak:       -0.415, r_peak:        0.290, sig:        4.215, ra_peak:       21.589, dec_peak:       -6.394
Characteristic density local = 3660.6 deg^-2 = 1.017 arcmin^-2
Fitting aperture to hotspot...
Candidate: x_peak:       -0.025, y_peak:        0.385, r_peak:        0.030, sig:       28.350, ra_peak:       22.475, dec_peak:       -5.595
Characteristic density local = 3224.9 deg^-2 = 0.896 arcmin^-2
Fitting aperture to hotspot...
Candidate: x_peak:       -0.175, y_peak:        1.045, r_peak:        0.170, sig:        3.224, ra_peak:       22.324, dec_peak:       -4.935
Characteristic density local = 3740.1 deg^-2 = 1.039 arcmin^-2
Fitting aperture to hotspot...
Candidate: x_peak:        0.345, y_peak:       -0.195, r_peak:        0.020, sig:        1.642, ra_peak:       22.847, dec_peak:       -6.175
Characteristic density local = 3608.8 deg^-2 = 1.002 arcmin^-2
Fitting aperture to hotspot...
Candidate: x_peak:        0.775, y_peak:        0.535, r_peak:        0.250, sig:        1.492, ra_peak:       23.279, dec_peak:       -5.444
Characteristic density local = 3718.3 deg^-2 = 1.033 arcmin^-2
Fitting aperture to hotspot...
Candidate: x_peak:        1.385, y_peak:       -0.005, r_peak:        0.040, sig:        1.939, ra_peak:       23.893, dec_peak:       -5.983
Distance = 398.1 kpc (m-M = 23.0)
775568 objects left after isochrone cut...
Characteristic density = 3100.0 deg^-2
Characteristic density local = 2976.2 deg^-2 = 0.827 arcmin^-2
Fitting aperture to hotspot...
Candidate: x_peak:       -1.245, y_peak:        0.035, r_peak:        0.030, sig:       28.848, ra_peak:       21.248, dec_peak:       -5.944
Characteristic density local = 3453.7 deg^-2 = 0.959 arcmin^-2
Fitting aperture to hotspot...
Candidate: x_peak:       -0.025, y_peak:        0.385, r_peak:        0.030, sig:       28.632, ra_peak:       22.475, dec_peak:       -5.595
Characteristic density local = 3318.4 deg^-2 = 0.922 arcmin^-2
Fitting aperture to hotspot...
Candidate: x_peak:       -0.965, y_peak:        0.345, r_peak:        0.030, sig:        1.312, ra_peak:       21.530, dec_peak:       -5.634
Characteristic density local = 3409.9 deg^-2 = 0.947 arcmin^-2
Fitting aperture to hotspot...
Candidate: x_peak:       -0.925, y_peak:        0.245, r_peak:        0.020, sig:        1.069, ra_peak:       21.570, dec_peak:       -5.734
Characteristic density local = 3113.5 deg^-2 = 0.865 arcmin^-2
Fitting aperture to hotspot...
Candidate: x_peak:       -0.465, y_peak:        0.795, r_peak:        0.020, sig:        2.455, ra_peak:       22.033, dec_peak:       -5.185
Characteristic density local = 3793.9 deg^-2 = 1.054 arcmin^-2
Fitting aperture to hotspot...
Candidate: x_peak:        0.005, y_peak:        0.655, r_peak:        0.290, sig:        4.001, ra_peak:       22.505, dec_peak:       -5.325
Characteristic density local = 3503.4 deg^-2 = 0.973 arcmin^-2
Fitting aperture to hotspot...
Candidate: x_peak:        0.345, y_peak:       -0.195, r_peak:        0.020, sig:        1.800, ra_peak:       22.847, dec_peak:       -6.175
Characteristic density local = 3515.3 deg^-2 = 0.976 arcmin^-2
Fitting aperture to hotspot...
Candidate: x_peak:        1.385, y_peak:       -0.005, r_peak:        0.040, sig:        1.991, ra_peak:       23.893, dec_peak:       -5.983
28.85 sigma; (RA, Dec, d) = (21.25, -5.94); r = 0.03 deg; d = 398.1, mu = 23.00 mag), mc_source_id: 0.00
28.63 sigma; (RA, Dec, d) = (22.47, -5.59); r = 0.03 deg; d = 398.1, mu = 23.00 mag), mc_source_id: 0.00
14.53 sigma; (RA, Dec, d) = (23.01, -6.72); r = 0.02 deg; d = 79.4, mu = 19.50 mag), mc_source_id: 0.00
13.43 sigma; (RA, Dec, d) = (22.73, -4.97); r = 0.04 deg; d = 125.9, mu = 20.50 mag), mc_source_id: 0.00
10.71 sigma; (RA, Dec, d) = (22.48, -6.67); r = 0.03 deg; d = 199.5, mu = 21.50 mag), mc_source_id: 0.00
10.02 sigma; (RA, Dec, d) = (22.25, -5.70); r = 0.02 deg; d = 199.5, mu = 21.50 mag), mc_source_id: 0.00
9.46 sigma; (RA, Dec, d) = (22.79, -5.54); r = 0.02 deg; d = 125.9, mu = 20.50 mag), mc_source_id: 0.00
9.40 sigma; (RA, Dec, d) = (23.01, -5.89); r = 0.02 deg; d = 199.5, mu = 21.50 mag), mc_source_id: 0.00
8.85 sigma; (RA, Dec, d) = (22.28, -6.84); r = 0.02 deg; d = 199.5, mu = 21.50 mag), mc_source_id: 0.00
6.24 sigma; (RA, Dec, d) = (21.49, -6.24); r = 0.05 deg; d = 158.5, mu = 21.00 mag), mc_source_id: 0.00
4.55 sigma; (RA, Dec, d) = (21.59, -6.39); r = 0.29 deg; d = 158.5, mu = 21.00 mag), mc_source_id: 0.00
4.00 sigma; (RA, Dec, d) = (22.51, -5.32); r = 0.29 deg; d = 398.1, mu = 23.00 mag), mc_source_id: 0.00
3.38 sigma; (RA, Dec, d) = (22.31, -4.94); r = 0.24 deg; d = 251.2, mu = 22.00 mag), mc_source_id: 0.00
2.49 sigma; (RA, Dec, d) = (23.89, -5.98); r = 0.04 deg; d = 158.5, mu = 21.00 mag), mc_source_id: 0.00
2.46 sigma; (RA, Dec, d) = (22.03, -5.18); r = 0.02 deg; d = 398.1, mu = 23.00 mag), mc_source_id: 0.00
2.41 sigma; (RA, Dec, d) = (21.58, -5.74); r = 0.01 deg; d = 158.5, mu = 21.00 mag), mc_source_id: 0.00
2.03 sigma; (RA, Dec, d) = (23.29, -5.45); r = 0.29 deg; d = 100.0, mu = 20.00 mag), mc_source_id: 0.00
1.80 sigma; (RA, Dec, d) = (22.85, -6.17); r = 0.02 deg; d = 398.1, mu = 23.00 mag), mc_source_id: 0.00
1.64 sigma; (RA, Dec, d) = (21.68, -6.04); r = 0.03 deg; d = 100.0, mu = 20.00 mag), mc_source_id: 0.00
1.31 sigma; (RA, Dec, d) = (21.53, -5.63); r = 0.03 deg; d = 398.1, mu = 23.00 mag), mc_source_id: 0.00
1.17 sigma; (RA, Dec, d) = (23.22, -6.56); r = 0.29 deg; d = 158.5, mu = 21.00 mag), mc_source_id: 0.00
1.15 sigma; (RA, Dec, d) = (21.46, -5.70); r = 0.03 deg; d = 158.5, mu = 21.00 mag), mc_source_id: 0.00
1.07 sigma; (RA, Dec, d) = (21.57, -5.73); r = 0.02 deg; d = 398.1, mu = 23.00 mag), mc_source_id: 0.00

------------------------------------------------------------
Job <681369.0> was submitted from <des51.fnal.gov> by user <tavangar>.
Job was executed on host <des40.fnal.gov> as user <tavangar>.
</var/lib/condor/execute/dir_2097600> was used as the initial working directory.
Results reported at Wed Jun  5 14:02:42 CDT 2019

Your job looked like:

------------------------------------------------------------
python /home/s1/tavangar/tavangar_simple/search_algorithm.py 22.50 -5.98 0.00 /home/s1/tavangar/tavangar_simple/decals_dr7_results/results_nside_32_6728.csv /home/s1/tavangar/tavangar_simple/decals_dr7_results/decals_dr7_log/results_nside_32_6728.log
------------------------------------------------------------

Successfully completed.

Resource usage summary:

	Real time :			327.37 sec.
	CPU time :			28.06 sec.
	CPU percentage :		87%
	Max Memory :			6781504 KB
	Average Memory :		0 KB

The output (if any) is above this job summary.
