/home/s1/tavangar/tavangar_simple/simple_utils.py:170: FutureWarning: elementwise comparison failed; returning scalar instead, but in the future will perform elementwise comparison
  if np.all(isochrone.stage == 'Main'):
Search coordinates: (RA, Dec) = (8.44, 18.21)
Center healpixel: 4163
Healpixels: [4163 4290 4162 4034 3907 4035 4164 4291 4419]
MC_SOURCE_ID = 0.0
mode = 0: running only on real data
Found 1 objects...
Applying cuts...
511888 star-like objects in ROI...
714631 galaxy-like objects in ROI...
No fracdet map specified ...
Distance = 15.8 kpc (m-M = 16.0)
511871 objects left after isochrone cut...
Characteristic density = 4800.0 deg^-2
Characteristic density local = 4760.7 deg^-2 = 1.322 arcmin^-2
Fitting aperture to hotspot...
Candidate: x_peak:       -0.745, y_peak:       -0.385, r_peak:        0.020, sig:        6.912, ra_peak:        7.657, dec_peak:       17.823
Characteristic density local = 5011.4 deg^-2 = 1.392 arcmin^-2
Fitting aperture to hotspot...
Candidate: x_peak:       -0.625, y_peak:        0.135, r_peak:        0.020, sig:        6.268, ra_peak:        7.782, dec_peak:       18.344
Characteristic density local = 5015.4 deg^-2 = 1.393 arcmin^-2
Fitting aperture to hotspot...
Candidate: x_peak:       -0.445, y_peak:       -0.105, r_peak:        0.020, sig:       12.896, ra_peak:        7.972, dec_peak:       18.104
Characteristic density local = 5174.5 deg^-2 = 1.437 arcmin^-2
Fitting aperture to hotspot...
Candidate: x_peak:       -0.285, y_peak:        0.585, r_peak:        0.030, sig:       13.781, ra_peak:        8.139, dec_peak:       18.795
Characteristic density local = 5451.1 deg^-2 = 1.514 arcmin^-2
Fitting aperture to hotspot...
Candidate: x_peak:       -0.185, y_peak:        0.175, r_peak:        0.020, sig:        9.000, ra_peak:        8.245, dec_peak:       18.385
Characteristic density local = 4961.7 deg^-2 = 1.378 arcmin^-2
Fitting aperture to hotspot...
Candidate: x_peak:       -0.165, y_peak:       -1.095, r_peak:        0.020, sig:        7.890, ra_peak:        8.267, dec_peak:       17.115
Characteristic density local = 5073.1 deg^-2 = 1.409 arcmin^-2
Fitting aperture to hotspot...
Candidate: x_peak:       -0.115, y_peak:       -0.255, r_peak:        0.020, sig:       10.268, ra_peak:        8.319, dec_peak:       17.955
Characteristic density local = 5437.1 deg^-2 = 1.510 arcmin^-2
Fitting aperture to hotspot...
Candidate: x_peak:        0.045, y_peak:        0.585, r_peak:        0.020, sig:        7.770, ra_peak:        8.488, dec_peak:       18.795
Characteristic density local = 5172.5 deg^-2 = 1.437 arcmin^-2
Fitting aperture to hotspot...
Candidate: x_peak:        0.275, y_peak:        0.685, r_peak:        0.030, sig:        7.001, ra_peak:        8.731, dec_peak:       18.895
Distance = 20.0 kpc (m-M = 16.5)
511879 objects left after isochrone cut...
Characteristic density = 4800.0 deg^-2
Characteristic density local = 4760.7 deg^-2 = 1.322 arcmin^-2
Fitting aperture to hotspot...
Candidate: x_peak:       -0.745, y_peak:       -0.385, r_peak:        0.020, sig:        6.912, ra_peak:        7.657, dec_peak:       17.823
Characteristic density local = 5011.4 deg^-2 = 1.392 arcmin^-2
Fitting aperture to hotspot...
Candidate: x_peak:       -0.625, y_peak:        0.135, r_peak:        0.020, sig:        6.268, ra_peak:        7.782, dec_peak:       18.344
Characteristic density local = 5015.4 deg^-2 = 1.393 arcmin^-2
Fitting aperture to hotspot...
Candidate: x_peak:       -0.445, y_peak:       -0.105, r_peak:        0.020, sig:       12.896, ra_peak:        7.972, dec_peak:       18.104
Characteristic density local = 5174.5 deg^-2 = 1.437 arcmin^-2
Fitting aperture to hotspot...
Candidate: x_peak:       -0.285, y_peak:        0.585, r_peak:        0.030, sig:       13.781, ra_peak:        8.139, dec_peak:       18.795
Characteristic density local = 5451.1 deg^-2 = 1.514 arcmin^-2
Fitting aperture to hotspot...
Candidate: x_peak:       -0.185, y_peak:        0.175, r_peak:        0.020, sig:        9.000, ra_peak:        8.245, dec_peak:       18.385
Characteristic density local = 4961.7 deg^-2 = 1.378 arcmin^-2
Fitting aperture to hotspot...
Candidate: x_peak:       -0.165, y_peak:       -1.095, r_peak:        0.020, sig:        7.890, ra_peak:        8.267, dec_peak:       17.115
Characteristic density local = 5073.1 deg^-2 = 1.409 arcmin^-2
Fitting aperture to hotspot...
Candidate: x_peak:       -0.115, y_peak:       -0.255, r_peak:        0.020, sig:       10.268, ra_peak:        8.319, dec_peak:       17.955
Characteristic density local = 5437.1 deg^-2 = 1.510 arcmin^-2
Fitting aperture to hotspot...
Candidate: x_peak:        0.045, y_peak:        0.585, r_peak:        0.020, sig:        7.770, ra_peak:        8.488, dec_peak:       18.795
Characteristic density local = 5172.5 deg^-2 = 1.437 arcmin^-2
Fitting aperture to hotspot...
Candidate: x_peak:        0.275, y_peak:        0.685, r_peak:        0.030, sig:        7.001, ra_peak:        8.731, dec_peak:       18.895
Distance = 25.1 kpc (m-M = 17.0)
511880 objects left after isochrone cut...
Characteristic density = 4800.0 deg^-2
Characteristic density local = 4760.7 deg^-2 = 1.322 arcmin^-2
Fitting aperture to hotspot...
Candidate: x_peak:       -0.745, y_peak:       -0.385, r_peak:        0.020, sig:        6.912, ra_peak:        7.657, dec_peak:       17.823
Characteristic density local = 5011.4 deg^-2 = 1.392 arcmin^-2
Fitting aperture to hotspot...
Candidate: x_peak:       -0.625, y_peak:        0.135, r_peak:        0.020, sig:        6.268, ra_peak:        7.782, dec_peak:       18.344
Characteristic density local = 5015.4 deg^-2 = 1.393 arcmin^-2
Fitting aperture to hotspot...
Candidate: x_peak:       -0.445, y_peak:       -0.105, r_peak:        0.020, sig:       12.896, ra_peak:        7.972, dec_peak:       18.104
Characteristic density local = 5174.5 deg^-2 = 1.437 arcmin^-2
Fitting aperture to hotspot...
Candidate: x_peak:       -0.285, y_peak:        0.585, r_peak:        0.030, sig:       13.781, ra_peak:        8.139, dec_peak:       18.795
Characteristic density local = 5451.1 deg^-2 = 1.514 arcmin^-2
Fitting aperture to hotspot...
Candidate: x_peak:       -0.185, y_peak:        0.175, r_peak:        0.020, sig:        9.000, ra_peak:        8.245, dec_peak:       18.385
Characteristic density local = 4961.7 deg^-2 = 1.378 arcmin^-2
Fitting aperture to hotspot...
Candidate: x_peak:       -0.165, y_peak:       -1.095, r_peak:        0.020, sig:        7.890, ra_peak:        8.267, dec_peak:       17.115
Characteristic density local = 5073.1 deg^-2 = 1.409 arcmin^-2
Fitting aperture to hotspot...
Candidate: x_peak:       -0.115, y_peak:       -0.255, r_peak:        0.020, sig:       10.268, ra_peak:        8.319, dec_peak:       17.955
Characteristic density local = 5437.1 deg^-2 = 1.510 arcmin^-2
Fitting aperture to hotspot...
Candidate: x_peak:        0.045, y_peak:        0.585, r_peak:        0.020, sig:        7.770, ra_peak:        8.488, dec_peak:       18.795
Characteristic density local = 5172.5 deg^-2 = 1.437 arcmin^-2
Fitting aperture to hotspot...
Candidate: x_peak:        0.275, y_peak:        0.685, r_peak:        0.030, sig:        7.001, ra_peak:        8.731, dec_peak:       18.895
Distance = 31.6 kpc (m-M = 17.5)
511880 objects left after isochrone cut...
Characteristic density = 4800.0 deg^-2
Characteristic density local = 4760.7 deg^-2 = 1.322 arcmin^-2
Fitting aperture to hotspot...
Candidate: x_peak:       -0.745, y_peak:       -0.385, r_peak:        0.020, sig:        6.912, ra_peak:        7.657, dec_peak:       17.823
Characteristic density local = 5011.4 deg^-2 = 1.392 arcmin^-2
Fitting aperture to hotspot...
Candidate: x_peak:       -0.625, y_peak:        0.135, r_peak:        0.020, sig:        6.268, ra_peak:        7.782, dec_peak:       18.344
Characteristic density local = 5015.4 deg^-2 = 1.393 arcmin^-2
Fitting aperture to hotspot...
Candidate: x_peak:       -0.445, y_peak:       -0.105, r_peak:        0.020, sig:       12.896, ra_peak:        7.972, dec_peak:       18.104
Characteristic density local = 5174.5 deg^-2 = 1.437 arcmin^-2
Fitting aperture to hotspot...
Candidate: x_peak:       -0.285, y_peak:        0.585, r_peak:        0.030, sig:       13.781, ra_peak:        8.139, dec_peak:       18.795
Characteristic density local = 5451.1 deg^-2 = 1.514 arcmin^-2
Fitting aperture to hotspot...
Candidate: x_peak:       -0.185, y_peak:        0.175, r_peak:        0.020, sig:        9.000, ra_peak:        8.245, dec_peak:       18.385
Characteristic density local = 4961.7 deg^-2 = 1.378 arcmin^-2
Fitting aperture to hotspot...
Candidate: x_peak:       -0.165, y_peak:       -1.095, r_peak:        0.020, sig:        7.890, ra_peak:        8.267, dec_peak:       17.115
Characteristic density local = 5073.1 deg^-2 = 1.409 arcmin^-2
Fitting aperture to hotspot...
Candidate: x_peak:       -0.115, y_peak:       -0.255, r_peak:        0.020, sig:       10.268, ra_peak:        8.319, dec_peak:       17.955
Characteristic density local = 5437.1 deg^-2 = 1.510 arcmin^-2
Fitting aperture to hotspot...
Candidate: x_peak:        0.045, y_peak:        0.585, r_peak:        0.020, sig:        7.770, ra_peak:        8.488, dec_peak:       18.795
Characteristic density local = 5172.5 deg^-2 = 1.437 arcmin^-2
Fitting aperture to hotspot...
Candidate: x_peak:        0.275, y_peak:        0.685, r_peak:        0.030, sig:        7.001, ra_peak:        8.731, dec_peak:       18.895
Distance = 39.8 kpc (m-M = 18.0)
511851 objects left after isochrone cut...
Characteristic density = 4800.0 deg^-2
Characteristic density local = 4760.7 deg^-2 = 1.322 arcmin^-2
Fitting aperture to hotspot...
Candidate: x_peak:       -0.745, y_peak:       -0.385, r_peak:        0.020, sig:        6.912, ra_peak:        7.657, dec_peak:       17.823
Characteristic density local = 5011.4 deg^-2 = 1.392 arcmin^-2
Fitting aperture to hotspot...
Candidate: x_peak:       -0.625, y_peak:        0.135, r_peak:        0.020, sig:        6.268, ra_peak:        7.782, dec_peak:       18.344
Characteristic density local = 5015.4 deg^-2 = 1.393 arcmin^-2
Fitting aperture to hotspot...
Candidate: x_peak:       -0.445, y_peak:       -0.105, r_peak:        0.020, sig:       12.896, ra_peak:        7.972, dec_peak:       18.104
Characteristic density local = 5170.5 deg^-2 = 1.436 arcmin^-2
Fitting aperture to hotspot...
Candidate: x_peak:       -0.285, y_peak:        0.585, r_peak:        0.030, sig:       13.786, ra_peak:        8.139, dec_peak:       18.795
Characteristic density local = 5451.1 deg^-2 = 1.514 arcmin^-2
Fitting aperture to hotspot...
Candidate: x_peak:       -0.185, y_peak:        0.175, r_peak:        0.020, sig:        9.000, ra_peak:        8.245, dec_peak:       18.385
Characteristic density local = 4959.7 deg^-2 = 1.378 arcmin^-2
Fitting aperture to hotspot...
Candidate: x_peak:       -0.165, y_peak:       -1.095, r_peak:        0.020, sig:        7.891, ra_peak:        8.267, dec_peak:       17.115
Characteristic density local = 5071.1 deg^-2 = 1.409 arcmin^-2
Fitting aperture to hotspot...
Candidate: x_peak:       -0.115, y_peak:       -0.255, r_peak:        0.020, sig:       10.270, ra_peak:        8.319, dec_peak:       17.955
Characteristic density local = 5431.2 deg^-2 = 1.509 arcmin^-2
Fitting aperture to hotspot...
Candidate: x_peak:        0.045, y_peak:        0.585, r_peak:        0.020, sig:        7.774, ra_peak:        8.488, dec_peak:       18.795
Characteristic density local = 5168.6 deg^-2 = 1.436 arcmin^-2
Fitting aperture to hotspot...
Candidate: x_peak:        0.275, y_peak:        0.685, r_peak:        0.030, sig:        7.005, ra_peak:        8.731, dec_peak:       18.895
Distance = 50.1 kpc (m-M = 18.5)
510753 objects left after isochrone cut...
Characteristic density = 4700.0 deg^-2
Characteristic density local = 4695.1 deg^-2 = 1.304 arcmin^-2
Fitting aperture to hotspot...
Candidate: x_peak:       -0.745, y_peak:       -0.385, r_peak:        0.020, sig:        6.960, ra_peak:        7.657, dec_peak:       17.823
Characteristic density local = 4953.7 deg^-2 = 1.376 arcmin^-2
Fitting aperture to hotspot...
Candidate: x_peak:       -0.625, y_peak:        0.135, r_peak:        0.020, sig:        6.069, ra_peak:        7.782, dec_peak:       18.344
Characteristic density local = 4975.6 deg^-2 = 1.382 arcmin^-2
Fitting aperture to hotspot...
Candidate: x_peak:       -0.445, y_peak:       -0.105, r_peak:        0.020, sig:       12.930, ra_peak:        7.972, dec_peak:       18.104
Characteristic density local = 5120.8 deg^-2 = 1.422 arcmin^-2
Fitting aperture to hotspot...
Candidate: x_peak:       -0.285, y_peak:        0.585, r_peak:        0.030, sig:       13.841, ra_peak:        8.139, dec_peak:       18.795
Characteristic density local = 5403.3 deg^-2 = 1.501 arcmin^-2
Fitting aperture to hotspot...
Candidate: x_peak:       -0.185, y_peak:        0.175, r_peak:        0.020, sig:        9.034, ra_peak:        8.245, dec_peak:       18.385
Characteristic density local = 4882.1 deg^-2 = 1.356 arcmin^-2
Fitting aperture to hotspot...
Candidate: x_peak:       -0.175, y_peak:       -1.085, r_peak:        0.030, sig:        6.932, ra_peak:        8.257, dec_peak:       17.125
Characteristic density local = 5017.4 deg^-2 = 1.394 arcmin^-2
Fitting aperture to hotspot...
Candidate: x_peak:       -0.115, y_peak:       -0.255, r_peak:        0.020, sig:       10.311, ra_peak:        8.319, dec_peak:       17.955
Characteristic density local = 5395.4 deg^-2 = 1.499 arcmin^-2
Fitting aperture to hotspot...
Candidate: x_peak:        0.045, y_peak:        0.585, r_peak:        0.020, sig:        7.798, ra_peak:        8.488, dec_peak:       18.795
Characteristic density local = 5128.8 deg^-2 = 1.425 arcmin^-2
Fitting aperture to hotspot...
Candidate: x_peak:        0.275, y_peak:        0.685, r_peak:        0.030, sig:        7.043, ra_peak:        8.731, dec_peak:       18.895
Distance = 63.1 kpc (m-M = 19.0)
508569 objects left after isochrone cut...
Characteristic density = 4700.0 deg^-2
Characteristic density local = 4629.4 deg^-2 = 1.286 arcmin^-2
Fitting aperture to hotspot...
Candidate: x_peak:       -0.745, y_peak:       -0.385, r_peak:        0.020, sig:        7.008, ra_peak:        7.657, dec_peak:       17.823
Characteristic density local = 4902.0 deg^-2 = 1.362 arcmin^-2
Fitting aperture to hotspot...
Candidate: x_peak:       -0.445, y_peak:       -0.105, r_peak:        0.020, sig:       12.993, ra_peak:        7.972, dec_peak:       18.104
Characteristic density local = 5053.2 deg^-2 = 1.404 arcmin^-2
Fitting aperture to hotspot...
Candidate: x_peak:       -0.285, y_peak:        0.585, r_peak:        0.030, sig:       13.917, ra_peak:        8.139, dec_peak:       18.795
Characteristic density local = 5341.6 deg^-2 = 1.484 arcmin^-2
Fitting aperture to hotspot...
Candidate: x_peak:       -0.185, y_peak:        0.175, r_peak:        0.020, sig:        9.079, ra_peak:        8.245, dec_peak:       18.385
Characteristic density local = 4804.5 deg^-2 = 1.335 arcmin^-2
Fitting aperture to hotspot...
Candidate: x_peak:       -0.175, y_peak:       -1.085, r_peak:        0.030, sig:        7.008, ra_peak:        8.257, dec_peak:       17.125
Characteristic density local = 4937.8 deg^-2 = 1.372 arcmin^-2
Fitting aperture to hotspot...
Candidate: x_peak:       -0.115, y_peak:       -0.255, r_peak:        0.020, sig:       10.374, ra_peak:        8.319, dec_peak:       17.955
Characteristic density local = 5303.8 deg^-2 = 1.473 arcmin^-2
Fitting aperture to hotspot...
Candidate: x_peak:        0.045, y_peak:        0.585, r_peak:        0.020, sig:        7.862, ra_peak:        8.488, dec_peak:       18.795
Characteristic density local = 5049.2 deg^-2 = 1.403 arcmin^-2
Fitting aperture to hotspot...
Candidate: x_peak:        0.275, y_peak:        0.685, r_peak:        0.030, sig:        7.119, ra_peak:        8.731, dec_peak:       18.895
Distance = 79.4 kpc (m-M = 19.5)
505697 objects left after isochrone cut...
Characteristic density = 4600.0 deg^-2
Characteristic density local = 4549.8 deg^-2 = 1.264 arcmin^-2
Fitting aperture to hotspot...
Candidate: x_peak:       -0.745, y_peak:       -0.385, r_peak:        0.020, sig:        7.067, ra_peak:        7.657, dec_peak:       17.823
Characteristic density local = 4798.5 deg^-2 = 1.333 arcmin^-2
Fitting aperture to hotspot...
Candidate: x_peak:       -0.445, y_peak:       -0.105, r_peak:        0.020, sig:       12.905, ra_peak:        7.972, dec_peak:       18.104
Characteristic density local = 4925.8 deg^-2 = 1.368 arcmin^-2
Fitting aperture to hotspot...
Candidate: x_peak:       -0.285, y_peak:        0.585, r_peak:        0.030, sig:       14.063, ra_peak:        8.139, dec_peak:       18.795
Characteristic density local = 5228.2 deg^-2 = 1.452 arcmin^-2
Fitting aperture to hotspot...
Candidate: x_peak:       -0.185, y_peak:        0.175, r_peak:        0.020, sig:        8.959, ra_peak:        8.245, dec_peak:       18.385
Characteristic density local = 4689.1 deg^-2 = 1.303 arcmin^-2
Fitting aperture to hotspot...
Candidate: x_peak:       -0.175, y_peak:       -1.085, r_peak:        0.030, sig:        7.122, ra_peak:        8.257, dec_peak:       17.125
Characteristic density local = 4717.0 deg^-2 = 1.310 arcmin^-2
Fitting aperture to hotspot...
Candidate: x_peak:       -0.165, y_peak:       -1.095, r_peak:        0.020, sig:        8.072, ra_peak:        8.267, dec_peak:       17.115
Characteristic density local = 4816.4 deg^-2 = 1.338 arcmin^-2
Fitting aperture to hotspot...
Candidate: x_peak:       -0.115, y_peak:       -0.255, r_peak:        0.020, sig:       10.275, ra_peak:        8.319, dec_peak:       17.955
Characteristic density local = 5178.5 deg^-2 = 1.438 arcmin^-2
Fitting aperture to hotspot...
Candidate: x_peak:        0.045, y_peak:        0.585, r_peak:        0.020, sig:        7.950, ra_peak:        8.488, dec_peak:       18.795
Characteristic density local = 4907.9 deg^-2 = 1.363 arcmin^-2
Fitting aperture to hotspot...
Candidate: x_peak:        0.275, y_peak:        0.685, r_peak:        0.030, sig:        7.255, ra_peak:        8.731, dec_peak:       18.895
Distance = 100.0 kpc (m-M = 20.0)
502280 objects left after isochrone cut...
Characteristic density = 4400.0 deg^-2
Characteristic density local = 4434.5 deg^-2 = 1.232 arcmin^-2
Fitting aperture to hotspot...
Candidate: x_peak:       -0.745, y_peak:       -0.385, r_peak:        0.020, sig:        7.154, ra_peak:        7.657, dec_peak:       17.823
Characteristic density local = 4699.0 deg^-2 = 1.305 arcmin^-2
Fitting aperture to hotspot...
Candidate: x_peak:       -0.445, y_peak:       -0.105, r_peak:        0.020, sig:       12.992, ra_peak:        7.972, dec_peak:       18.104
Characteristic density local = 4788.6 deg^-2 = 1.330 arcmin^-2
Fitting aperture to hotspot...
Candidate: x_peak:       -0.285, y_peak:        0.585, r_peak:        0.030, sig:       14.086, ra_peak:        8.139, dec_peak:       18.795
Characteristic density local = 5108.9 deg^-2 = 1.419 arcmin^-2
Fitting aperture to hotspot...
Candidate: x_peak:       -0.185, y_peak:        0.175, r_peak:        0.020, sig:        9.047, ra_peak:        8.245, dec_peak:       18.385
Characteristic density local = 4545.9 deg^-2 = 1.263 arcmin^-2
Fitting aperture to hotspot...
Candidate: x_peak:       -0.175, y_peak:       -1.085, r_peak:        0.030, sig:        7.267, ra_peak:        8.257, dec_peak:       17.125
Characteristic density local = 4569.7 deg^-2 = 1.269 arcmin^-2
Fitting aperture to hotspot...
Candidate: x_peak:       -0.165, y_peak:       -1.095, r_peak:        0.020, sig:        8.185, ra_peak:        8.267, dec_peak:       17.115
Characteristic density local = 4715.0 deg^-2 = 1.310 arcmin^-2
Fitting aperture to hotspot...
Candidate: x_peak:       -0.115, y_peak:       -0.255, r_peak:        0.020, sig:       10.357, ra_peak:        8.319, dec_peak:       17.955
Characteristic density local = 5071.1 deg^-2 = 1.409 arcmin^-2
Fitting aperture to hotspot...
Candidate: x_peak:        0.045, y_peak:        0.585, r_peak:        0.020, sig:        8.027, ra_peak:        8.488, dec_peak:       18.795
Characteristic density local = 4794.5 deg^-2 = 1.332 arcmin^-2
Fitting aperture to hotspot...
Candidate: x_peak:        0.275, y_peak:        0.685, r_peak:        0.030, sig:        7.367, ra_peak:        8.731, dec_peak:       18.895
Distance = 125.9 kpc (m-M = 20.5)
498298 objects left after isochrone cut...
Characteristic density = 4300.0 deg^-2
Characteristic density local = 4263.4 deg^-2 = 1.184 arcmin^-2
Fitting aperture to hotspot...
Candidate: x_peak:       -0.975, y_peak:        0.275, r_peak:        0.020, sig:        7.521, ra_peak:        7.412, dec_peak:       18.482
Characteristic density local = 4315.1 deg^-2 = 1.199 arcmin^-2
Fitting aperture to hotspot...
Candidate: x_peak:       -0.745, y_peak:       -0.385, r_peak:        0.020, sig:        7.246, ra_peak:        7.657, dec_peak:       17.823
Characteristic density local = 4591.6 deg^-2 = 1.275 arcmin^-2
Fitting aperture to hotspot...
Candidate: x_peak:       -0.445, y_peak:       -0.105, r_peak:        0.020, sig:       13.088, ra_peak:        7.972, dec_peak:       18.104
Characteristic density local = 4661.3 deg^-2 = 1.295 arcmin^-2
Fitting aperture to hotspot...
Candidate: x_peak:       -0.285, y_peak:        0.585, r_peak:        0.030, sig:       14.237, ra_peak:        8.139, dec_peak:       18.795
Characteristic density local = 4981.5 deg^-2 = 1.384 arcmin^-2
Fitting aperture to hotspot...
Candidate: x_peak:       -0.185, y_peak:        0.185, r_peak:        0.020, sig:        9.142, ra_peak:        8.245, dec_peak:       18.395
Characteristic density local = 4414.6 deg^-2 = 1.226 arcmin^-2
Fitting aperture to hotspot...
Candidate: x_peak:       -0.165, y_peak:       -1.095, r_peak:        0.020, sig:        8.307, ra_peak:        8.267, dec_peak:       17.115
Characteristic density local = 4595.6 deg^-2 = 1.277 arcmin^-2
Fitting aperture to hotspot...
Candidate: x_peak:       -0.115, y_peak:       -0.255, r_peak:        0.020, sig:       10.456, ra_peak:        8.319, dec_peak:       17.955
Characteristic density local = 4921.9 deg^-2 = 1.367 arcmin^-2
Fitting aperture to hotspot...
Candidate: x_peak:        0.045, y_peak:        0.585, r_peak:        0.020, sig:        7.919, ra_peak:        8.488, dec_peak:       18.795
Characteristic density local = 4651.3 deg^-2 = 1.292 arcmin^-2
Fitting aperture to hotspot...
Candidate: x_peak:        0.275, y_peak:        0.685, r_peak:        0.030, sig:        7.337, ra_peak:        8.731, dec_peak:       18.895
Distance = 158.5 kpc (m-M = 21.0)
493812 objects left after isochrone cut...
Characteristic density = 4200.0 deg^-2
Characteristic density local = 4161.9 deg^-2 = 1.156 arcmin^-2
Fitting aperture to hotspot...
Candidate: x_peak:       -0.745, y_peak:       -0.385, r_peak:        0.020, sig:        7.130, ra_peak:        7.657, dec_peak:       17.823
Characteristic density local = 4454.3 deg^-2 = 1.237 arcmin^-2
Fitting aperture to hotspot...
Candidate: x_peak:       -0.445, y_peak:       -0.105, r_peak:        0.020, sig:       13.212, ra_peak:        7.972, dec_peak:       18.104
Characteristic density local = 4524.0 deg^-2 = 1.257 arcmin^-2
Fitting aperture to hotspot...
Candidate: x_peak:       -0.285, y_peak:        0.585, r_peak:        0.030, sig:       14.404, ra_peak:        8.139, dec_peak:       18.795
Characteristic density local = 4848.3 deg^-2 = 1.347 arcmin^-2
Fitting aperture to hotspot...
Candidate: x_peak:       -0.185, y_peak:        0.185, r_peak:        0.020, sig:        9.244, ra_peak:        8.245, dec_peak:       18.395
Characteristic density local = 4255.4 deg^-2 = 1.182 arcmin^-2
Fitting aperture to hotspot...
Candidate: x_peak:       -0.165, y_peak:       -1.095, r_peak:        0.020, sig:        8.435, ra_peak:        8.267, dec_peak:       17.115
Characteristic density local = 4422.5 deg^-2 = 1.228 arcmin^-2
Fitting aperture to hotspot...
Candidate: x_peak:       -0.115, y_peak:       -0.255, r_peak:        0.020, sig:       10.602, ra_peak:        8.319, dec_peak:       17.955
Characteristic density local = 4778.6 deg^-2 = 1.327 arcmin^-2
Fitting aperture to hotspot...
Candidate: x_peak:        0.045, y_peak:        0.585, r_peak:        0.020, sig:        7.805, ra_peak:        8.488, dec_peak:       18.795
Characteristic density local = 4512.0 deg^-2 = 1.253 arcmin^-2
Fitting aperture to hotspot...
Candidate: x_peak:        0.275, y_peak:        0.685, r_peak:        0.030, sig:        7.302, ra_peak:        8.731, dec_peak:       18.895
Distance = 199.5 kpc (m-M = 21.5)
488740 objects left after isochrone cut...
Characteristic density = 4000.0 deg^-2
Characteristic density local = 3982.9 deg^-2 = 1.106 arcmin^-2
Fitting aperture to hotspot...
Candidate: x_peak:       -0.745, y_peak:       -0.385, r_peak:        0.020, sig:        7.274, ra_peak:        7.657, dec_peak:       17.823
Characteristic density local = 4285.2 deg^-2 = 1.190 arcmin^-2
Fitting aperture to hotspot...
Candidate: x_peak:       -0.445, y_peak:       -0.105, r_peak:        0.020, sig:       13.371, ra_peak:        7.972, dec_peak:       18.104
Characteristic density local = 4319.1 deg^-2 = 1.200 arcmin^-2
Fitting aperture to hotspot...
Candidate: x_peak:       -0.285, y_peak:        0.585, r_peak:        0.030, sig:       14.660, ra_peak:        8.139, dec_peak:       18.795
Characteristic density local = 4663.2 deg^-2 = 1.295 arcmin^-2
Fitting aperture to hotspot...
Candidate: x_peak:       -0.185, y_peak:        0.185, r_peak:        0.020, sig:        9.389, ra_peak:        8.245, dec_peak:       18.395
Characteristic density local = 4068.4 deg^-2 = 1.130 arcmin^-2
Fitting aperture to hotspot...
Candidate: x_peak:       -0.165, y_peak:       -1.095, r_peak:        0.020, sig:        8.591, ra_peak:        8.267, dec_peak:       17.115
Characteristic density local = 4237.5 deg^-2 = 1.177 arcmin^-2
Fitting aperture to hotspot...
Candidate: x_peak:       -0.115, y_peak:       -0.255, r_peak:        0.020, sig:       10.763, ra_peak:        8.319, dec_peak:       17.955
Characteristic density local = 4587.6 deg^-2 = 1.274 arcmin^-2
Fitting aperture to hotspot...
Candidate: x_peak:        0.045, y_peak:        0.585, r_peak:        0.020, sig:        7.950, ra_peak:        8.488, dec_peak:       18.795
Characteristic density local = 4327.0 deg^-2 = 1.202 arcmin^-2
Fitting aperture to hotspot...
Candidate: x_peak:        0.275, y_peak:        0.685, r_peak:        0.030, sig:        7.136, ra_peak:        8.731, dec_peak:       18.895
Distance = 251.2 kpc (m-M = 22.0)
482824 objects left after isochrone cut...
Characteristic density = 3800.0 deg^-2
Characteristic density local = 3724.2 deg^-2 = 1.035 arcmin^-2
Fitting aperture to hotspot...
Candidate: x_peak:       -0.975, y_peak:        0.275, r_peak:        0.020, sig:        7.970, ra_peak:        7.412, dec_peak:       18.482
Characteristic density local = 3770.0 deg^-2 = 1.047 arcmin^-2
Fitting aperture to hotspot...
Candidate: x_peak:       -0.745, y_peak:       -0.385, r_peak:        0.020, sig:        7.452, ra_peak:        7.657, dec_peak:       17.823
Characteristic density local = 4062.4 deg^-2 = 1.128 arcmin^-2
Fitting aperture to hotspot...
Candidate: x_peak:       -0.445, y_peak:       -0.105, r_peak:        0.020, sig:       13.587, ra_peak:        7.972, dec_peak:       18.104
Characteristic density local = 4096.3 deg^-2 = 1.138 arcmin^-2
Fitting aperture to hotspot...
Candidate: x_peak:       -0.285, y_peak:        0.585, r_peak:        0.030, sig:       14.670, ra_peak:        8.139, dec_peak:       18.795
Characteristic density local = 4464.3 deg^-2 = 1.240 arcmin^-2
Fitting aperture to hotspot...
Candidate: x_peak:       -0.185, y_peak:        0.175, r_peak:        0.020, sig:        9.342, ra_peak:        8.245, dec_peak:       18.385
Characteristic density local = 3857.5 deg^-2 = 1.072 arcmin^-2
Fitting aperture to hotspot...
Candidate: x_peak:       -0.165, y_peak:       -1.095, r_peak:        0.020, sig:        8.774, ra_peak:        8.267, dec_peak:       17.115
Characteristic density local = 3984.8 deg^-2 = 1.107 arcmin^-2
Fitting aperture to hotspot...
Candidate: x_peak:       -0.115, y_peak:       -0.255, r_peak:        0.020, sig:       10.993, ra_peak:        8.319, dec_peak:       17.955
Characteristic density local = 4034.6 deg^-2 = 1.121 arcmin^-2
Fitting aperture to hotspot...
Candidate: x_peak:        0.155, y_peak:        0.865, r_peak:        0.030, sig:        6.894, ra_peak:        8.604, dec_peak:       19.075
Characteristic density local = 4126.1 deg^-2 = 1.146 arcmin^-2
Fitting aperture to hotspot...
Candidate: x_peak:        0.275, y_peak:        0.685, r_peak:        0.030, sig:        6.607, ra_peak:        8.731, dec_peak:       18.895
Distance = 316.2 kpc (m-M = 22.5)
475924 objects left after isochrone cut...
Characteristic density = 3500.0 deg^-2
Characteristic density local = 3525.3 deg^-2 = 0.979 arcmin^-2
Fitting aperture to hotspot...
Candidate: x_peak:       -0.985, y_peak:        0.275, r_peak:        0.030, sig:        7.091, ra_peak:        7.401, dec_peak:       18.482
Characteristic density local = 3529.3 deg^-2 = 0.980 arcmin^-2
Fitting aperture to hotspot...
Candidate: x_peak:       -0.745, y_peak:       -0.385, r_peak:        0.020, sig:        7.664, ra_peak:        7.657, dec_peak:       17.823
Characteristic density local = 3811.8 deg^-2 = 1.059 arcmin^-2
Fitting aperture to hotspot...
Candidate: x_peak:       -0.445, y_peak:       -0.105, r_peak:        0.020, sig:       13.658, ra_peak:        7.972, dec_peak:       18.104
Characteristic density local = 3809.8 deg^-2 = 1.058 arcmin^-2
Fitting aperture to hotspot...
Candidate: x_peak:       -0.285, y_peak:        0.585, r_peak:        0.030, sig:       14.774, ra_peak:        8.139, dec_peak:       18.795
Characteristic density local = 4203.7 deg^-2 = 1.168 arcmin^-2
Fitting aperture to hotspot...
Candidate: x_peak:       -0.185, y_peak:        0.175, r_peak:        0.020, sig:        9.561, ra_peak:        8.245, dec_peak:       18.385
Characteristic density local = 3626.7 deg^-2 = 1.007 arcmin^-2
Fitting aperture to hotspot...
Candidate: x_peak:       -0.165, y_peak:       -1.095, r_peak:        0.020, sig:        8.525, ra_peak:        8.267, dec_peak:       17.115
Characteristic density local = 3772.0 deg^-2 = 1.048 arcmin^-2
Fitting aperture to hotspot...
Candidate: x_peak:       -0.115, y_peak:       -0.255, r_peak:        0.020, sig:       10.992, ra_peak:        8.319, dec_peak:       17.955
Characteristic density local = 3777.9 deg^-2 = 1.049 arcmin^-2
Fitting aperture to hotspot...
Candidate: x_peak:        0.155, y_peak:        0.865, r_peak:        0.030, sig:        7.181, ra_peak:        8.604, dec_peak:       19.075
Distance = 398.1 kpc (m-M = 23.0)
467823 objects left after isochrone cut...
Characteristic density = 3300.0 deg^-2
Characteristic density local = 3230.8 deg^-2 = 0.897 arcmin^-2
Fitting aperture to hotspot...
Candidate: x_peak:       -0.975, y_peak:        0.275, r_peak:        0.020, sig:        7.941, ra_peak:        7.412, dec_peak:       18.482
Characteristic density local = 3248.8 deg^-2 = 0.902 arcmin^-2
Fitting aperture to hotspot...
Candidate: x_peak:       -0.745, y_peak:       -0.385, r_peak:        0.020, sig:        7.676, ra_peak:        7.657, dec_peak:       17.823
Characteristic density local = 3457.6 deg^-2 = 0.960 arcmin^-2
Fitting aperture to hotspot...
Candidate: x_peak:       -0.455, y_peak:       -0.105, r_peak:        0.030, sig:       13.955, ra_peak:        7.961, dec_peak:       18.104
Characteristic density local = 3553.1 deg^-2 = 0.987 arcmin^-2
Fitting aperture to hotspot...
Candidate: x_peak:       -0.285, y_peak:        0.585, r_peak:        0.030, sig:       14.559, ra_peak:        8.139, dec_peak:       18.795
Characteristic density local = 3871.4 deg^-2 = 1.075 arcmin^-2
Fitting aperture to hotspot...
Candidate: x_peak:       -0.185, y_peak:        0.185, r_peak:        0.020, sig:        9.855, ra_peak:        8.245, dec_peak:       18.395
Characteristic density local = 3366.1 deg^-2 = 0.935 arcmin^-2
Fitting aperture to hotspot...
Candidate: x_peak:       -0.165, y_peak:       -1.095, r_peak:        0.020, sig:        8.057, ra_peak:        8.267, dec_peak:       17.115
Characteristic density local = 3483.5 deg^-2 = 0.968 arcmin^-2
Fitting aperture to hotspot...
Candidate: x_peak:       -0.115, y_peak:       -0.255, r_peak:        0.020, sig:       10.440, ra_peak:        8.319, dec_peak:       17.955
Characteristic density local = 3863.5 deg^-2 = 1.073 arcmin^-2
Fitting aperture to hotspot...
Candidate: x_peak:        0.045, y_peak:        0.585, r_peak:        0.020, sig:        8.083, ra_peak:        8.488, dec_peak:       18.795
Characteristic density local = 3509.4 deg^-2 = 0.975 arcmin^-2
Fitting aperture to hotspot...
Candidate: x_peak:        0.155, y_peak:        0.865, r_peak:        0.030, sig:        7.304, ra_peak:        8.604, dec_peak:       19.075
14.77 sigma; (RA, Dec, d) = (8.14, 18.79); r = 0.03 deg; d = 316.2, mu = 22.50 mag), mc_source_id: 0.00
13.95 sigma; (RA, Dec, d) = (7.96, 18.10); r = 0.03 deg; d = 398.1, mu = 23.00 mag), mc_source_id: 0.00
10.99 sigma; (RA, Dec, d) = (8.32, 17.95); r = 0.02 deg; d = 251.2, mu = 22.00 mag), mc_source_id: 0.00
9.85 sigma; (RA, Dec, d) = (8.25, 18.39); r = 0.02 deg; d = 398.1, mu = 23.00 mag), mc_source_id: 0.00
8.77 sigma; (RA, Dec, d) = (8.27, 17.11); r = 0.02 deg; d = 251.2, mu = 22.00 mag), mc_source_id: 0.00
8.08 sigma; (RA, Dec, d) = (8.49, 18.79); r = 0.02 deg; d = 398.1, mu = 23.00 mag), mc_source_id: 0.00
7.97 sigma; (RA, Dec, d) = (7.41, 18.48); r = 0.02 deg; d = 251.2, mu = 22.00 mag), mc_source_id: 0.00
7.68 sigma; (RA, Dec, d) = (7.66, 17.82); r = 0.02 deg; d = 398.1, mu = 23.00 mag), mc_source_id: 0.00
7.37 sigma; (RA, Dec, d) = (8.73, 18.89); r = 0.03 deg; d = 100.0, mu = 20.00 mag), mc_source_id: 0.00
7.30 sigma; (RA, Dec, d) = (8.60, 19.07); r = 0.03 deg; d = 398.1, mu = 23.00 mag), mc_source_id: 0.00
6.27 sigma; (RA, Dec, d) = (7.78, 18.34); r = 0.02 deg; d = 25.1, mu = 17.00 mag), mc_source_id: 0.00

------------------------------------------------------------
Job <679606.0> was submitted from <des51.fnal.gov> by user <tavangar>.
Job was executed on host <des40.fnal.gov> as user <tavangar>.
</var/lib/condor/execute/dir_1770627> was used as the initial working directory.
Results reported at Wed Jun  5 05:09:46 CDT 2019

Your job looked like:

------------------------------------------------------------
python /home/s1/tavangar/tavangar_simple/search_algorithm.py 8.44 18.21 0.00 /home/s1/tavangar/tavangar_simple/decals_dr7_results/results_nside_32_4163.csv /home/s1/tavangar/tavangar_simple/decals_dr7_results/decals_dr7_log/results_nside_32_4163.log
------------------------------------------------------------

Successfully completed.

Resource usage summary:

	Real time :			226.69 sec.
	CPU time :			7.27 sec.
	CPU percentage :		80%
	Max Memory :			4360960 KB
	Average Memory :		0 KB

The output (if any) is above this job summary.
