/home/s1/tavangar/tavangar_simple/simple_utils.py:170: FutureWarning: elementwise comparison failed; returning scalar instead, but in the future will perform elementwise comparison
  if np.all(isochrone.stage == 'Main'):
Search coordinates: (RA, Dec) = (202.50, 18.21)
Center healpixel: 4232
Healpixels: [4232 4359 4231 4103 3976 4104 4233 4360 4488]
MC_SOURCE_ID = 0.0
mode = 0: running only on real data
Found 1 objects...
Applying cuts...
697299 star-like objects in ROI...
1051871 galaxy-like objects in ROI...
No fracdet map specified ...
Distance = 15.8 kpc (m-M = 16.0)
697284 objects left after isochrone cut...
Characteristic density = 4900.0 deg^-2
Characteristic density local = 5192.4 deg^-2 = 1.442 arcmin^-2
Fitting aperture to hotspot...
Candidate: x_peak:       -0.455, y_peak:        0.085, r_peak:        0.020, sig:       10.176, ra_peak:      202.021, dec_peak:       18.294
Characteristic density local = 5282.0 deg^-2 = 1.467 arcmin^-2
Fitting aperture to hotspot...
Candidate: x_peak:       -0.375, y_peak:       -0.375, r_peak:        0.020, sig:        5.120, ra_peak:      202.106, dec_peak:       17.835
Characteristic density local = 5164.6 deg^-2 = 1.435 arcmin^-2
Fitting aperture to hotspot...
Candidate: x_peak:       -0.225, y_peak:        0.665, r_peak:        0.020, sig:        8.593, ra_peak:      202.262, dec_peak:       18.875
Characteristic density local = 4882.1 deg^-2 = 1.356 arcmin^-2
Fitting aperture to hotspot...
Candidate: x_peak:        0.005, y_peak:        0.855, r_peak:        0.020, sig:       19.066, ra_peak:      202.505, dec_peak:       19.065
Characteristic density local = 4977.6 deg^-2 = 1.383 arcmin^-2
Fitting aperture to hotspot...
Candidate: x_peak:        0.265, y_peak:       -0.095, r_peak:        0.020, sig:        6.988, ra_peak:      202.779, dec_peak:       18.115
Characteristic density local = 5162.6 deg^-2 = 1.434 arcmin^-2
Fitting aperture to hotspot...
Candidate: x_peak:        0.305, y_peak:       -0.635, r_peak:        0.020, sig:       10.962, ra_peak:      202.820, dec_peak:       17.575
Characteristic density local = 5122.8 deg^-2 = 1.423 arcmin^-2
Fitting aperture to hotspot...
Candidate: x_peak:        0.405, y_peak:        0.755, r_peak:        0.020, sig:        7.556, ra_peak:      202.928, dec_peak:       18.965
Characteristic density local = 5433.2 deg^-2 = 1.509 arcmin^-2
Fitting aperture to hotspot...
Candidate: x_peak:        0.995, y_peak:        0.205, r_peak:        0.020, sig:        9.013, ra_peak:      203.549, dec_peak:       18.412
Distance = 20.0 kpc (m-M = 16.5)
697293 objects left after isochrone cut...
Characteristic density = 4900.0 deg^-2
Characteristic density local = 5192.4 deg^-2 = 1.442 arcmin^-2
Fitting aperture to hotspot...
Candidate: x_peak:       -0.455, y_peak:        0.085, r_peak:        0.020, sig:       10.176, ra_peak:      202.021, dec_peak:       18.294
Characteristic density local = 5282.0 deg^-2 = 1.467 arcmin^-2
Fitting aperture to hotspot...
Candidate: x_peak:       -0.375, y_peak:       -0.375, r_peak:        0.020, sig:        5.120, ra_peak:      202.106, dec_peak:       17.835
Characteristic density local = 5164.6 deg^-2 = 1.435 arcmin^-2
Fitting aperture to hotspot...
Candidate: x_peak:       -0.225, y_peak:        0.665, r_peak:        0.020, sig:        8.593, ra_peak:      202.262, dec_peak:       18.875
Characteristic density local = 4882.1 deg^-2 = 1.356 arcmin^-2
Fitting aperture to hotspot...
Candidate: x_peak:        0.005, y_peak:        0.855, r_peak:        0.020, sig:       19.066, ra_peak:      202.505, dec_peak:       19.065
Characteristic density local = 4977.6 deg^-2 = 1.383 arcmin^-2
Fitting aperture to hotspot...
Candidate: x_peak:        0.265, y_peak:       -0.095, r_peak:        0.020, sig:        6.988, ra_peak:      202.779, dec_peak:       18.115
Characteristic density local = 5162.6 deg^-2 = 1.434 arcmin^-2
Fitting aperture to hotspot...
Candidate: x_peak:        0.305, y_peak:       -0.635, r_peak:        0.020, sig:       10.962, ra_peak:      202.820, dec_peak:       17.575
Characteristic density local = 5122.8 deg^-2 = 1.423 arcmin^-2
Fitting aperture to hotspot...
Candidate: x_peak:        0.405, y_peak:        0.755, r_peak:        0.020, sig:        7.556, ra_peak:      202.928, dec_peak:       18.965
Characteristic density local = 5433.2 deg^-2 = 1.509 arcmin^-2
Fitting aperture to hotspot...
Candidate: x_peak:        0.995, y_peak:        0.205, r_peak:        0.020, sig:        9.013, ra_peak:      203.549, dec_peak:       18.412
Distance = 25.1 kpc (m-M = 17.0)
697294 objects left after isochrone cut...
Characteristic density = 4900.0 deg^-2
Characteristic density local = 5192.4 deg^-2 = 1.442 arcmin^-2
Fitting aperture to hotspot...
Candidate: x_peak:       -0.455, y_peak:        0.085, r_peak:        0.020, sig:       10.176, ra_peak:      202.021, dec_peak:       18.294
Characteristic density local = 5282.0 deg^-2 = 1.467 arcmin^-2
Fitting aperture to hotspot...
Candidate: x_peak:       -0.375, y_peak:       -0.375, r_peak:        0.020, sig:        5.120, ra_peak:      202.106, dec_peak:       17.835
Characteristic density local = 5164.6 deg^-2 = 1.435 arcmin^-2
Fitting aperture to hotspot...
Candidate: x_peak:       -0.225, y_peak:        0.665, r_peak:        0.020, sig:        8.593, ra_peak:      202.262, dec_peak:       18.875
Characteristic density local = 4882.1 deg^-2 = 1.356 arcmin^-2
Fitting aperture to hotspot...
Candidate: x_peak:        0.005, y_peak:        0.855, r_peak:        0.020, sig:       19.066, ra_peak:      202.505, dec_peak:       19.065
Characteristic density local = 4977.6 deg^-2 = 1.383 arcmin^-2
Fitting aperture to hotspot...
Candidate: x_peak:        0.265, y_peak:       -0.095, r_peak:        0.020, sig:        6.988, ra_peak:      202.779, dec_peak:       18.115
Characteristic density local = 5162.6 deg^-2 = 1.434 arcmin^-2
Fitting aperture to hotspot...
Candidate: x_peak:        0.305, y_peak:       -0.635, r_peak:        0.020, sig:       10.962, ra_peak:      202.820, dec_peak:       17.575
Characteristic density local = 5122.8 deg^-2 = 1.423 arcmin^-2
Fitting aperture to hotspot...
Candidate: x_peak:        0.405, y_peak:        0.755, r_peak:        0.020, sig:        7.556, ra_peak:      202.928, dec_peak:       18.965
Characteristic density local = 5433.2 deg^-2 = 1.509 arcmin^-2
Fitting aperture to hotspot...
Candidate: x_peak:        0.995, y_peak:        0.205, r_peak:        0.020, sig:        9.013, ra_peak:      203.549, dec_peak:       18.412
Distance = 31.6 kpc (m-M = 17.5)
697298 objects left after isochrone cut...
Characteristic density = 4900.0 deg^-2
Characteristic density local = 5192.4 deg^-2 = 1.442 arcmin^-2
Fitting aperture to hotspot...
Candidate: x_peak:       -0.455, y_peak:        0.085, r_peak:        0.020, sig:       10.176, ra_peak:      202.021, dec_peak:       18.294
Characteristic density local = 5282.0 deg^-2 = 1.467 arcmin^-2
Fitting aperture to hotspot...
Candidate: x_peak:       -0.375, y_peak:       -0.375, r_peak:        0.020, sig:        5.120, ra_peak:      202.106, dec_peak:       17.835
Characteristic density local = 5164.6 deg^-2 = 1.435 arcmin^-2
Fitting aperture to hotspot...
Candidate: x_peak:       -0.225, y_peak:        0.665, r_peak:        0.020, sig:        8.593, ra_peak:      202.262, dec_peak:       18.875
Characteristic density local = 4882.1 deg^-2 = 1.356 arcmin^-2
Fitting aperture to hotspot...
Candidate: x_peak:        0.005, y_peak:        0.855, r_peak:        0.020, sig:       19.066, ra_peak:      202.505, dec_peak:       19.065
Characteristic density local = 4977.6 deg^-2 = 1.383 arcmin^-2
Fitting aperture to hotspot...
Candidate: x_peak:        0.265, y_peak:       -0.095, r_peak:        0.020, sig:        6.988, ra_peak:      202.779, dec_peak:       18.115
Characteristic density local = 5162.6 deg^-2 = 1.434 arcmin^-2
Fitting aperture to hotspot...
Candidate: x_peak:        0.305, y_peak:       -0.635, r_peak:        0.020, sig:       10.962, ra_peak:      202.820, dec_peak:       17.575
Characteristic density local = 5122.8 deg^-2 = 1.423 arcmin^-2
Fitting aperture to hotspot...
Candidate: x_peak:        0.405, y_peak:        0.755, r_peak:        0.020, sig:        7.556, ra_peak:      202.928, dec_peak:       18.965
Characteristic density local = 5433.2 deg^-2 = 1.509 arcmin^-2
Fitting aperture to hotspot...
Candidate: x_peak:        0.995, y_peak:        0.205, r_peak:        0.020, sig:        9.013, ra_peak:      203.549, dec_peak:       18.412
Distance = 39.8 kpc (m-M = 18.0)
697247 objects left after isochrone cut...
Characteristic density = 4900.0 deg^-2
Characteristic density local = 5180.5 deg^-2 = 1.439 arcmin^-2
Fitting aperture to hotspot...
Candidate: x_peak:       -0.455, y_peak:        0.085, r_peak:        0.020, sig:       10.185, ra_peak:      202.021, dec_peak:       18.294
Characteristic density local = 5280.0 deg^-2 = 1.467 arcmin^-2
Fitting aperture to hotspot...
Candidate: x_peak:       -0.375, y_peak:       -0.375, r_peak:        0.020, sig:        5.121, ra_peak:      202.106, dec_peak:       17.835
Characteristic density local = 5164.6 deg^-2 = 1.435 arcmin^-2
Fitting aperture to hotspot...
Candidate: x_peak:       -0.225, y_peak:        0.665, r_peak:        0.020, sig:        8.593, ra_peak:      202.262, dec_peak:       18.875
Characteristic density local = 4878.1 deg^-2 = 1.355 arcmin^-2
Fitting aperture to hotspot...
Candidate: x_peak:        0.005, y_peak:        0.855, r_peak:        0.020, sig:       19.070, ra_peak:      202.505, dec_peak:       19.065
Characteristic density local = 4971.6 deg^-2 = 1.381 arcmin^-2
Fitting aperture to hotspot...
Candidate: x_peak:        0.265, y_peak:       -0.095, r_peak:        0.020, sig:        6.992, ra_peak:      202.779, dec_peak:       18.115
Characteristic density local = 5162.6 deg^-2 = 1.434 arcmin^-2
Fitting aperture to hotspot...
Candidate: x_peak:        0.305, y_peak:       -0.635, r_peak:        0.020, sig:       10.962, ra_peak:      202.820, dec_peak:       17.575
Characteristic density local = 5122.8 deg^-2 = 1.423 arcmin^-2
Fitting aperture to hotspot...
Candidate: x_peak:        0.405, y_peak:        0.755, r_peak:        0.020, sig:        7.556, ra_peak:      202.928, dec_peak:       18.965
Characteristic density local = 5433.2 deg^-2 = 1.509 arcmin^-2
Fitting aperture to hotspot...
Candidate: x_peak:        0.995, y_peak:        0.205, r_peak:        0.020, sig:        9.013, ra_peak:      203.549, dec_peak:       18.412
Distance = 50.1 kpc (m-M = 18.5)
696428 objects left after isochrone cut...
Characteristic density = 4900.0 deg^-2
Characteristic density local = 5148.7 deg^-2 = 1.430 arcmin^-2
Fitting aperture to hotspot...
Candidate: x_peak:       -0.455, y_peak:        0.085, r_peak:        0.020, sig:       10.210, ra_peak:      202.021, dec_peak:       18.294
Characteristic density local = 5242.2 deg^-2 = 1.456 arcmin^-2
Fitting aperture to hotspot...
Candidate: x_peak:       -0.375, y_peak:       -0.375, r_peak:        0.020, sig:        5.145, ra_peak:      202.106, dec_peak:       17.835
Characteristic density local = 5144.7 deg^-2 = 1.429 arcmin^-2
Fitting aperture to hotspot...
Candidate: x_peak:       -0.225, y_peak:        0.665, r_peak:        0.020, sig:        8.608, ra_peak:      202.262, dec_peak:       18.875
Characteristic density local = 4852.2 deg^-2 = 1.348 arcmin^-2
Fitting aperture to hotspot...
Candidate: x_peak:        0.005, y_peak:        0.855, r_peak:        0.020, sig:       19.095, ra_peak:      202.505, dec_peak:       19.065
Characteristic density local = 4939.8 deg^-2 = 1.372 arcmin^-2
Fitting aperture to hotspot...
Candidate: x_peak:        0.265, y_peak:       -0.095, r_peak:        0.020, sig:        7.014, ra_peak:      202.779, dec_peak:       18.115
Characteristic density local = 5126.8 deg^-2 = 1.424 arcmin^-2
Fitting aperture to hotspot...
Candidate: x_peak:        0.305, y_peak:       -0.635, r_peak:        0.020, sig:       10.990, ra_peak:      202.820, dec_peak:       17.575
Characteristic density local = 5094.9 deg^-2 = 1.415 arcmin^-2
Fitting aperture to hotspot...
Candidate: x_peak:        0.405, y_peak:        0.755, r_peak:        0.020, sig:        7.576, ra_peak:      202.928, dec_peak:       18.965
Characteristic density local = 5407.3 deg^-2 = 1.502 arcmin^-2
Fitting aperture to hotspot...
Candidate: x_peak:        0.995, y_peak:        0.205, r_peak:        0.020, sig:        9.032, ra_peak:      203.549, dec_peak:       18.412
Distance = 63.1 kpc (m-M = 19.0)
694765 objects left after isochrone cut...
Characteristic density = 4900.0 deg^-2
Characteristic density local = 5116.8 deg^-2 = 1.421 arcmin^-2
Fitting aperture to hotspot...
Candidate: x_peak:       -0.455, y_peak:        0.085, r_peak:        0.020, sig:       10.234, ra_peak:      202.021, dec_peak:       18.294
Characteristic density local = 5146.7 deg^-2 = 1.430 arcmin^-2
Fitting aperture to hotspot...
Candidate: x_peak:       -0.375, y_peak:       -0.385, r_peak:        0.040, sig:        4.150, ra_peak:      202.106, dec_peak:       17.825
Characteristic density local = 5094.9 deg^-2 = 1.415 arcmin^-2
Fitting aperture to hotspot...
Candidate: x_peak:       -0.225, y_peak:        0.665, r_peak:        0.020, sig:        8.435, ra_peak:      202.262, dec_peak:       18.875
Characteristic density local = 4796.5 deg^-2 = 1.332 arcmin^-2
Fitting aperture to hotspot...
Candidate: x_peak:        0.005, y_peak:        0.855, r_peak:        0.020, sig:       19.151, ra_peak:      202.505, dec_peak:       19.065
Characteristic density local = 4890.0 deg^-2 = 1.358 arcmin^-2
Fitting aperture to hotspot...
Candidate: x_peak:        0.265, y_peak:       -0.095, r_peak:        0.020, sig:        7.050, ra_peak:      202.779, dec_peak:       18.115
Characteristic density local = 5069.1 deg^-2 = 1.408 arcmin^-2
Fitting aperture to hotspot...
Candidate: x_peak:        0.305, y_peak:       -0.635, r_peak:        0.020, sig:       11.035, ra_peak:      202.820, dec_peak:       17.575
Characteristic density local = 5049.2 deg^-2 = 1.403 arcmin^-2
Fitting aperture to hotspot...
Candidate: x_peak:        0.405, y_peak:        0.755, r_peak:        0.020, sig:        7.608, ra_peak:      202.928, dec_peak:       18.965
Characteristic density local = 5363.5 deg^-2 = 1.490 arcmin^-2
Fitting aperture to hotspot...
Candidate: x_peak:        0.995, y_peak:        0.205, r_peak:        0.020, sig:        9.063, ra_peak:      203.549, dec_peak:       18.412
Distance = 79.4 kpc (m-M = 19.5)
692778 objects left after isochrone cut...
Characteristic density = 4800.0 deg^-2
Characteristic density local = 5023.3 deg^-2 = 1.395 arcmin^-2
Fitting aperture to hotspot...
Candidate: x_peak:       -0.455, y_peak:        0.085, r_peak:        0.020, sig:       10.307, ra_peak:      202.021, dec_peak:       18.294
Characteristic density local = 5087.0 deg^-2 = 1.413 arcmin^-2
Fitting aperture to hotspot...
Candidate: x_peak:       -0.375, y_peak:       -0.385, r_peak:        0.030, sig:        3.931, ra_peak:      202.106, dec_peak:       17.825
Characteristic density local = 5047.2 deg^-2 = 1.402 arcmin^-2
Fitting aperture to hotspot...
Candidate: x_peak:       -0.225, y_peak:        0.665, r_peak:        0.020, sig:        8.470, ra_peak:      202.262, dec_peak:       18.875
Characteristic density local = 4722.9 deg^-2 = 1.312 arcmin^-2
Fitting aperture to hotspot...
Candidate: x_peak:        0.005, y_peak:        0.855, r_peak:        0.020, sig:       19.226, ra_peak:      202.505, dec_peak:       19.065
Characteristic density local = 4826.4 deg^-2 = 1.341 arcmin^-2
Fitting aperture to hotspot...
Candidate: x_peak:        0.265, y_peak:       -0.095, r_peak:        0.020, sig:        7.095, ra_peak:      202.779, dec_peak:       18.115
Characteristic density local = 4999.5 deg^-2 = 1.389 arcmin^-2
Fitting aperture to hotspot...
Candidate: x_peak:        0.305, y_peak:       -0.635, r_peak:        0.020, sig:       11.091, ra_peak:      202.820, dec_peak:       17.575
Characteristic density local = 4985.5 deg^-2 = 1.385 arcmin^-2
Fitting aperture to hotspot...
Candidate: x_peak:        0.405, y_peak:        0.755, r_peak:        0.020, sig:        7.654, ra_peak:      202.928, dec_peak:       18.965
Characteristic density local = 5301.8 deg^-2 = 1.473 arcmin^-2
Fitting aperture to hotspot...
Candidate: x_peak:        0.995, y_peak:        0.205, r_peak:        0.020, sig:        9.108, ra_peak:      203.549, dec_peak:       18.412
Distance = 100.0 kpc (m-M = 20.0)
690208 objects left after isochrone cut...
Characteristic density = 4700.0 deg^-2
Characteristic density local = 4929.8 deg^-2 = 1.369 arcmin^-2
Fitting aperture to hotspot...
Candidate: x_peak:       -0.455, y_peak:        0.085, r_peak:        0.020, sig:       10.380, ra_peak:      202.021, dec_peak:       18.294
Characteristic density local = 5025.3 deg^-2 = 1.396 arcmin^-2
Fitting aperture to hotspot...
Candidate: x_peak:       -0.375, y_peak:       -0.375, r_peak:        0.020, sig:        5.285, ra_peak:      202.106, dec_peak:       17.835
Characteristic density local = 4979.6 deg^-2 = 1.383 arcmin^-2
Fitting aperture to hotspot...
Candidate: x_peak:       -0.225, y_peak:        0.665, r_peak:        0.020, sig:        8.520, ra_peak:      202.262, dec_peak:       18.875
Characteristic density local = 5091.0 deg^-2 = 1.414 arcmin^-2
Fitting aperture to hotspot...
Candidate: x_peak:       -0.185, y_peak:        0.435, r_peak:        0.010, sig:        4.749, ra_peak:      202.305, dec_peak:       18.645
Characteristic density local = 4627.4 deg^-2 = 1.285 arcmin^-2
Fitting aperture to hotspot...
Candidate: x_peak:        0.005, y_peak:        0.855, r_peak:        0.020, sig:       19.325, ra_peak:      202.505, dec_peak:       19.065
Characteristic density local = 4750.8 deg^-2 = 1.320 arcmin^-2
Fitting aperture to hotspot...
Candidate: x_peak:        0.265, y_peak:       -0.095, r_peak:        0.020, sig:        6.920, ra_peak:      202.779, dec_peak:       18.115
Characteristic density local = 4925.8 deg^-2 = 1.368 arcmin^-2
Fitting aperture to hotspot...
Candidate: x_peak:        0.305, y_peak:       -0.635, r_peak:        0.020, sig:       11.150, ra_peak:      202.820, dec_peak:       17.575
Characteristic density local = 4904.0 deg^-2 = 1.362 arcmin^-2
Fitting aperture to hotspot...
Candidate: x_peak:        0.405, y_peak:        0.755, r_peak:        0.020, sig:        7.713, ra_peak:      202.928, dec_peak:       18.965
Characteristic density local = 5216.3 deg^-2 = 1.449 arcmin^-2
Fitting aperture to hotspot...
Candidate: x_peak:        0.995, y_peak:        0.215, r_peak:        0.020, sig:        9.768, ra_peak:      203.549, dec_peak:       18.422
Distance = 125.9 kpc (m-M = 20.5)
687162 objects left after isochrone cut...
Characteristic density = 4600.0 deg^-2
Characteristic density local = 4818.4 deg^-2 = 1.338 arcmin^-2
Fitting aperture to hotspot...
Candidate: x_peak:       -0.455, y_peak:        0.085, r_peak:        0.020, sig:       10.470, ra_peak:      202.021, dec_peak:       18.294
Characteristic density local = 4921.9 deg^-2 = 1.367 arcmin^-2
Fitting aperture to hotspot...
Candidate: x_peak:       -0.375, y_peak:       -0.375, r_peak:        0.020, sig:        5.353, ra_peak:      202.106, dec_peak:       17.835
Characteristic density local = 4894.0 deg^-2 = 1.359 arcmin^-2
Fitting aperture to hotspot...
Candidate: x_peak:       -0.225, y_peak:        0.665, r_peak:        0.020, sig:        8.584, ra_peak:      202.262, dec_peak:       18.875
Characteristic density local = 4999.5 deg^-2 = 1.389 arcmin^-2
Fitting aperture to hotspot...
Candidate: x_peak:       -0.185, y_peak:        0.435, r_peak:        0.010, sig:        4.784, ra_peak:      202.305, dec_peak:       18.645
Characteristic density local = 4522.0 deg^-2 = 1.256 arcmin^-2
Fitting aperture to hotspot...
Candidate: x_peak:        0.005, y_peak:        0.855, r_peak:        0.020, sig:       19.435, ra_peak:      202.505, dec_peak:       19.065
Characteristic density local = 4637.4 deg^-2 = 1.288 arcmin^-2
Fitting aperture to hotspot...
Candidate: x_peak:        0.265, y_peak:       -0.095, r_peak:        0.020, sig:        7.002, ra_peak:      202.779, dec_peak:       18.115
Characteristic density local = 4810.5 deg^-2 = 1.336 arcmin^-2
Fitting aperture to hotspot...
Candidate: x_peak:        0.305, y_peak:       -0.635, r_peak:        0.020, sig:       11.245, ra_peak:      202.820, dec_peak:       17.575
Characteristic density local = 4774.6 deg^-2 = 1.326 arcmin^-2
Fitting aperture to hotspot...
Candidate: x_peak:        0.405, y_peak:        0.755, r_peak:        0.020, sig:        7.808, ra_peak:      202.928, dec_peak:       18.965
Characteristic density local = 5087.0 deg^-2 = 1.413 arcmin^-2
Fitting aperture to hotspot...
Candidate: x_peak:        0.995, y_peak:        0.215, r_peak:        0.020, sig:        9.668, ra_peak:      203.549, dec_peak:       18.422
Distance = 158.5 kpc (m-M = 21.0)
683575 objects left after isochrone cut...
Characteristic density = 4500.0 deg^-2
Characteristic density local = 4699.0 deg^-2 = 1.305 arcmin^-2
Fitting aperture to hotspot...
Candidate: x_peak:       -0.455, y_peak:        0.085, r_peak:        0.020, sig:       10.567, ra_peak:      202.021, dec_peak:       18.294
Characteristic density local = 4816.4 deg^-2 = 1.338 arcmin^-2
Fitting aperture to hotspot...
Candidate: x_peak:       -0.375, y_peak:       -0.375, r_peak:        0.020, sig:        5.424, ra_peak:      202.106, dec_peak:       17.835
Characteristic density local = 4750.8 deg^-2 = 1.320 arcmin^-2
Fitting aperture to hotspot...
Candidate: x_peak:       -0.225, y_peak:        0.665, r_peak:        0.020, sig:        8.693, ra_peak:      202.262, dec_peak:       18.875
Characteristic density local = 4870.1 deg^-2 = 1.353 arcmin^-2
Fitting aperture to hotspot...
Candidate: x_peak:       -0.185, y_peak:        0.435, r_peak:        0.010, sig:        4.834, ra_peak:      202.305, dec_peak:       18.645
Characteristic density local = 4418.5 deg^-2 = 1.227 arcmin^-2
Fitting aperture to hotspot...
Candidate: x_peak:        0.005, y_peak:        0.855, r_peak:        0.020, sig:       19.546, ra_peak:      202.505, dec_peak:       19.065
Characteristic density local = 4535.9 deg^-2 = 1.260 arcmin^-2
Fitting aperture to hotspot...
Candidate: x_peak:        0.265, y_peak:       -0.095, r_peak:        0.020, sig:        7.078, ra_peak:      202.779, dec_peak:       18.115
Characteristic density local = 4667.2 deg^-2 = 1.296 arcmin^-2
Fitting aperture to hotspot...
Candidate: x_peak:        0.305, y_peak:       -0.635, r_peak:        0.020, sig:       11.365, ra_peak:      202.820, dec_peak:       17.575
Characteristic density local = 4645.3 deg^-2 = 1.290 arcmin^-2
Fitting aperture to hotspot...
Candidate: x_peak:        0.405, y_peak:        0.755, r_peak:        0.020, sig:        7.682, ra_peak:      202.928, dec_peak:       18.965
Characteristic density local = 4945.7 deg^-2 = 1.374 arcmin^-2
Fitting aperture to hotspot...
Candidate: x_peak:        0.995, y_peak:        0.215, r_peak:        0.020, sig:        9.576, ra_peak:      203.549, dec_peak:       18.422
Distance = 199.5 kpc (m-M = 21.5)
679224 objects left after isochrone cut...
Characteristic density = 4400.0 deg^-2
Characteristic density local = 4516.0 deg^-2 = 1.254 arcmin^-2
Fitting aperture to hotspot...
Candidate: x_peak:       -0.455, y_peak:        0.085, r_peak:        0.020, sig:       10.720, ra_peak:      202.021, dec_peak:       18.294
Characteristic density local = 4667.2 deg^-2 = 1.296 arcmin^-2
Fitting aperture to hotspot...
Candidate: x_peak:       -0.375, y_peak:       -0.375, r_peak:        0.020, sig:        5.271, ra_peak:      202.106, dec_peak:       17.835
Characteristic density local = 4603.6 deg^-2 = 1.279 arcmin^-2
Fitting aperture to hotspot...
Candidate: x_peak:       -0.225, y_peak:        0.665, r_peak:        0.020, sig:        8.808, ra_peak:      202.262, dec_peak:       18.875
Characteristic density local = 4726.9 deg^-2 = 1.313 arcmin^-2
Fitting aperture to hotspot...
Candidate: x_peak:       -0.185, y_peak:        0.435, r_peak:        0.010, sig:        4.891, ra_peak:      202.305, dec_peak:       18.645
Characteristic density local = 4301.2 deg^-2 = 1.195 arcmin^-2
Fitting aperture to hotspot...
Candidate: x_peak:        0.005, y_peak:        0.855, r_peak:        0.020, sig:       19.674, ra_peak:      202.505, dec_peak:       19.065
Characteristic density local = 4382.7 deg^-2 = 1.217 arcmin^-2
Fitting aperture to hotspot...
Candidate: x_peak:        0.265, y_peak:       -0.095, r_peak:        0.020, sig:        7.194, ra_peak:      202.779, dec_peak:       18.115
Characteristic density local = 4549.8 deg^-2 = 1.264 arcmin^-2
Fitting aperture to hotspot...
Candidate: x_peak:        0.305, y_peak:       -0.635, r_peak:        0.020, sig:       11.274, ra_peak:      202.820, dec_peak:       17.575
Characteristic density local = 4488.2 deg^-2 = 1.247 arcmin^-2
Fitting aperture to hotspot...
Candidate: x_peak:        0.405, y_peak:        0.755, r_peak:        0.020, sig:        7.802, ra_peak:      202.928, dec_peak:       18.965
Characteristic density local = 4770.7 deg^-2 = 1.325 arcmin^-2
Fitting aperture to hotspot...
Candidate: x_peak:        0.995, y_peak:        0.205, r_peak:        0.020, sig:        9.098, ra_peak:      203.549, dec_peak:       18.412
Distance = 251.2 kpc (m-M = 22.0)
673881 objects left after isochrone cut...
Characteristic density = 4200.0 deg^-2
Characteristic density local = 4356.9 deg^-2 = 1.210 arcmin^-2
Fitting aperture to hotspot...
Candidate: x_peak:       -0.455, y_peak:        0.085, r_peak:        0.020, sig:       10.857, ra_peak:      202.021, dec_peak:       18.294
Characteristic density local = 4490.2 deg^-2 = 1.247 arcmin^-2
Fitting aperture to hotspot...
Candidate: x_peak:       -0.375, y_peak:       -0.375, r_peak:        0.020, sig:        5.395, ra_peak:      202.106, dec_peak:       17.835
Characteristic density local = 4420.5 deg^-2 = 1.228 arcmin^-2
Fitting aperture to hotspot...
Candidate: x_peak:       -0.225, y_peak:        0.665, r_peak:        0.020, sig:        8.954, ra_peak:      202.262, dec_peak:       18.875
Characteristic density local = 4146.0 deg^-2 = 1.152 arcmin^-2
Fitting aperture to hotspot...
Candidate: x_peak:        0.005, y_peak:        0.855, r_peak:        0.020, sig:       19.848, ra_peak:      202.505, dec_peak:       19.065
Characteristic density local = 4229.5 deg^-2 = 1.175 arcmin^-2
Fitting aperture to hotspot...
Candidate: x_peak:        0.265, y_peak:       -0.095, r_peak:        0.020, sig:        7.076, ra_peak:      202.779, dec_peak:       18.115
Characteristic density local = 4362.8 deg^-2 = 1.212 arcmin^-2
Fitting aperture to hotspot...
Candidate: x_peak:        0.305, y_peak:       -0.635, r_peak:        0.020, sig:       11.437, ra_peak:      202.820, dec_peak:       17.575
Characteristic density local = 4315.1 deg^-2 = 1.199 arcmin^-2
Fitting aperture to hotspot...
Candidate: x_peak:        0.405, y_peak:        0.755, r_peak:        0.020, sig:        7.939, ra_peak:      202.928, dec_peak:       18.965
Characteristic density local = 4569.7 deg^-2 = 1.269 arcmin^-2
Fitting aperture to hotspot...
Candidate: x_peak:        0.995, y_peak:        0.205, r_peak:        0.020, sig:        9.257, ra_peak:      203.549, dec_peak:       18.412
Distance = 316.2 kpc (m-M = 22.5)
667173 objects left after isochrone cut...
Characteristic density = 4000.0 deg^-2
Characteristic density local = 4144.0 deg^-2 = 1.151 arcmin^-2
Fitting aperture to hotspot...
Candidate: x_peak:       -0.455, y_peak:        0.085, r_peak:        0.020, sig:       10.847, ra_peak:      202.021, dec_peak:       18.294
Characteristic density local = 4265.4 deg^-2 = 1.185 arcmin^-2
Fitting aperture to hotspot...
Candidate: x_peak:       -0.375, y_peak:       -0.375, r_peak:        0.020, sig:        5.556, ra_peak:      202.106, dec_peak:       17.835
Characteristic density local = 4199.7 deg^-2 = 1.167 arcmin^-2
Fitting aperture to hotspot...
Candidate: x_peak:       -0.225, y_peak:        0.665, r_peak:        0.020, sig:        9.137, ra_peak:      202.262, dec_peak:       18.875
Characteristic density local = 4323.0 deg^-2 = 1.201 arcmin^-2
Fitting aperture to hotspot...
Candidate: x_peak:       -0.185, y_peak:        0.435, r_peak:        0.010, sig:        5.059, ra_peak:      202.305, dec_peak:       18.645
Characteristic density local = 3929.1 deg^-2 = 1.091 arcmin^-2
Fitting aperture to hotspot...
Candidate: x_peak:        0.005, y_peak:        0.855, r_peak:        0.020, sig:       19.951, ra_peak:      202.505, dec_peak:       19.065
Characteristic density local = 3998.8 deg^-2 = 1.111 arcmin^-2
Fitting aperture to hotspot...
Candidate: x_peak:        0.265, y_peak:       -0.095, r_peak:        0.020, sig:        7.261, ra_peak:      202.779, dec_peak:       18.115
Characteristic density local = 4153.9 deg^-2 = 1.154 arcmin^-2
Fitting aperture to hotspot...
Candidate: x_peak:        0.305, y_peak:       -0.635, r_peak:        0.020, sig:       11.626, ra_peak:      202.820, dec_peak:       17.575
Characteristic density local = 4068.4 deg^-2 = 1.130 arcmin^-2
Fitting aperture to hotspot...
Candidate: x_peak:        0.405, y_peak:        0.755, r_peak:        0.020, sig:        8.140, ra_peak:      202.928, dec_peak:       18.965
Characteristic density local = 4313.1 deg^-2 = 1.198 arcmin^-2
Fitting aperture to hotspot...
Candidate: x_peak:        0.995, y_peak:        0.205, r_peak:        0.020, sig:        9.256, ra_peak:      203.549, dec_peak:       18.412
Distance = 398.1 kpc (m-M = 23.0)
658926 objects left after isochrone cut...
Characteristic density = 3700.0 deg^-2
Characteristic density local = 3883.4 deg^-2 = 1.079 arcmin^-2
Fitting aperture to hotspot...
Candidate: x_peak:       -0.455, y_peak:        0.085, r_peak:        0.020, sig:       11.088, ra_peak:      202.021, dec_peak:       18.294
Characteristic density local = 3982.9 deg^-2 = 1.106 arcmin^-2
Fitting aperture to hotspot...
Candidate: x_peak:       -0.375, y_peak:       -0.365, r_peak:        0.010, sig:        7.122, ra_peak:      202.106, dec_peak:       17.845
Characteristic density local = 3945.1 deg^-2 = 1.096 arcmin^-2
Fitting aperture to hotspot...
Candidate: x_peak:       -0.225, y_peak:        0.665, r_peak:        0.020, sig:        9.140, ra_peak:      202.262, dec_peak:       18.875
Characteristic density local = 4030.6 deg^-2 = 1.120 arcmin^-2
Fitting aperture to hotspot...
Candidate: x_peak:       -0.185, y_peak:        0.425, r_peak:        0.020, sig:        5.468, ra_peak:      202.305, dec_peak:       18.635
Characteristic density local = 3676.5 deg^-2 = 1.021 arcmin^-2
Fitting aperture to hotspot...
Candidate: x_peak:        0.005, y_peak:        0.855, r_peak:        0.020, sig:       20.107, ra_peak:      202.505, dec_peak:       19.065
Characteristic density local = 3774.0 deg^-2 = 1.048 arcmin^-2
Fitting aperture to hotspot...
Candidate: x_peak:        0.265, y_peak:       -0.095, r_peak:        0.020, sig:        7.205, ra_peak:      202.779, dec_peak:       18.115
Characteristic density local = 3885.4 deg^-2 = 1.079 arcmin^-2
Fitting aperture to hotspot...
Candidate: x_peak:        0.305, y_peak:       -0.635, r_peak:        0.020, sig:       11.881, ra_peak:      202.820, dec_peak:       17.575
Characteristic density local = 3833.6 deg^-2 = 1.065 arcmin^-2
Fitting aperture to hotspot...
Candidate: x_peak:        0.405, y_peak:        0.755, r_peak:        0.020, sig:        8.109, ra_peak:      202.928, dec_peak:       18.965
Characteristic density local = 4072.4 deg^-2 = 1.131 arcmin^-2
Fitting aperture to hotspot...
Candidate: x_peak:        0.995, y_peak:        0.205, r_peak:        0.020, sig:        9.462, ra_peak:      203.549, dec_peak:       18.412
20.11 sigma; (RA, Dec, d) = (202.51, 19.07); r = 0.02 deg; d = 398.1, mu = 23.00 mag), mc_source_id: 0.00
11.88 sigma; (RA, Dec, d) = (202.82, 17.57); r = 0.02 deg; d = 398.1, mu = 23.00 mag), mc_source_id: 0.00
11.09 sigma; (RA, Dec, d) = (202.02, 18.29); r = 0.02 deg; d = 398.1, mu = 23.00 mag), mc_source_id: 0.00
9.77 sigma; (RA, Dec, d) = (203.55, 18.42); r = 0.02 deg; d = 100.0, mu = 20.00 mag), mc_source_id: 0.00
9.14 sigma; (RA, Dec, d) = (202.26, 18.87); r = 0.02 deg; d = 398.1, mu = 23.00 mag), mc_source_id: 0.00
8.14 sigma; (RA, Dec, d) = (202.93, 18.96); r = 0.02 deg; d = 316.2, mu = 22.50 mag), mc_source_id: 0.00
7.26 sigma; (RA, Dec, d) = (202.78, 18.11); r = 0.02 deg; d = 316.2, mu = 22.50 mag), mc_source_id: 0.00
7.12 sigma; (RA, Dec, d) = (202.11, 17.84); r = 0.01 deg; d = 398.1, mu = 23.00 mag), mc_source_id: 0.00
5.56 sigma; (RA, Dec, d) = (202.11, 17.83); r = 0.02 deg; d = 316.2, mu = 22.50 mag), mc_source_id: 0.00
5.47 sigma; (RA, Dec, d) = (202.30, 18.63); r = 0.02 deg; d = 398.1, mu = 23.00 mag), mc_source_id: 0.00

------------------------------------------------------------
Job <679648.0> was submitted from <des51.fnal.gov> by user <tavangar>.
Job was executed on host <des40.fnal.gov> as user <tavangar>.
</var/lib/condor/execute/dir_1777269> was used as the initial working directory.
Results reported at Wed Jun  5 05:29:42 CDT 2019

Your job looked like:

------------------------------------------------------------
python /home/s1/tavangar/tavangar_simple/search_algorithm.py 202.50 18.21 0.00 /home/s1/tavangar/tavangar_simple/decals_dr7_results/results_nside_32_4232.csv /home/s1/tavangar/tavangar_simple/decals_dr7_results/decals_dr7_log/results_nside_32_4232.log
------------------------------------------------------------

Successfully completed.

Resource usage summary:

	Real time :			709.39 sec.
	CPU time :			416.02 sec.
	CPU percentage :		94%
	Max Memory :			6093392 KB
	Average Memory :		0 KB

The output (if any) is above this job summary.
