/home/s1/tavangar/tavangar_simple/simple_utils.py:170: FutureWarning: elementwise comparison failed; returning scalar instead, but in the future will perform elementwise comparison
  if np.all(isochrone.stage == 'Main'):
Search coordinates: (RA, Dec) = (21.09, -14.48)
Center healpixel: 7623
Healpixels: [7623 7751 7622 7495 7367 7496 7624 7752 7879]
MC_SOURCE_ID = 0.0
mode = 0: running only on real data
Found 1 objects...
Applying cuts...
878290 star-like objects in ROI...
1440554 galaxy-like objects in ROI...
No fracdet map specified ...
Distance = 15.8 kpc (m-M = 16.0)
878263 objects left after isochrone cut...
Characteristic density = 3800.0 deg^-2
Characteristic density local = 4384.7 deg^-2 = 1.218 arcmin^-2
Fitting aperture to hotspot...
Candidate: x_peak:       -0.505, y_peak:        0.505, r_peak:        0.020, sig:        4.943, ra_peak:       20.570, dec_peak:      -13.974
Characteristic density local = 3841.6 deg^-2 = 1.067 arcmin^-2
Fitting aperture to hotspot...
Candidate: x_peak:       -0.225, y_peak:        0.275, r_peak:        0.020, sig:        9.451, ra_peak:       20.858, dec_peak:      -14.205
Characteristic density local = 4098.2 deg^-2 = 1.138 arcmin^-2
Fitting aperture to hotspot...
Candidate: x_peak:       -0.205, y_peak:        0.555, r_peak:        0.020, sig:       10.687, ra_peak:       20.879, dec_peak:      -13.925
Characteristic density local = 3881.4 deg^-2 = 1.078 arcmin^-2
Fitting aperture to hotspot...
Candidate: x_peak:       -0.215, y_peak:        0.105, r_peak:        0.020, sig:        7.115, ra_peak:       20.868, dec_peak:      -14.375
Characteristic density local = 3614.8 deg^-2 = 1.004 arcmin^-2
Fitting aperture to hotspot...
Candidate: x_peak:        0.065, y_peak:       -1.175, r_peak:        0.030, sig:       13.430, ra_peak:       21.158, dec_peak:      -15.655
Characteristic density local = 4102.2 deg^-2 = 1.140 arcmin^-2
Fitting aperture to hotspot...
Candidate: x_peak:        0.225, y_peak:       -0.515, r_peak:        0.020, sig:        9.436, ra_peak:       21.323, dec_peak:      -14.995
Characteristic density local = 4148.0 deg^-2 = 1.152 arcmin^-2
Fitting aperture to hotspot...
Candidate: x_peak:        0.225, y_peak:        0.825, r_peak:        0.020, sig:        8.524, ra_peak:       21.322, dec_peak:      -13.655
Characteristic density local = 3925.2 deg^-2 = 1.090 arcmin^-2
Fitting aperture to hotspot...
Candidate: x_peak:        0.315, y_peak:       -0.115, r_peak:        0.030, sig:       21.108, ra_peak:       21.416, dec_peak:      -14.595
Characteristic density local = 3861.5 deg^-2 = 1.073 arcmin^-2
Fitting aperture to hotspot...
Candidate: x_peak:        0.465, y_peak:        0.575, r_peak:        0.030, sig:        7.830, ra_peak:       21.569, dec_peak:      -13.905
Distance = 20.0 kpc (m-M = 16.5)
878283 objects left after isochrone cut...
Characteristic density = 3800.0 deg^-2
Characteristic density local = 4384.7 deg^-2 = 1.218 arcmin^-2
Fitting aperture to hotspot...
Candidate: x_peak:       -0.505, y_peak:        0.505, r_peak:        0.020, sig:        4.943, ra_peak:       20.570, dec_peak:      -13.974
Characteristic density local = 3841.6 deg^-2 = 1.067 arcmin^-2
Fitting aperture to hotspot...
Candidate: x_peak:       -0.225, y_peak:        0.275, r_peak:        0.020, sig:        9.451, ra_peak:       20.858, dec_peak:      -14.205
Characteristic density local = 4098.2 deg^-2 = 1.138 arcmin^-2
Fitting aperture to hotspot...
Candidate: x_peak:       -0.205, y_peak:        0.555, r_peak:        0.020, sig:       10.687, ra_peak:       20.879, dec_peak:      -13.925
Characteristic density local = 3881.4 deg^-2 = 1.078 arcmin^-2
Fitting aperture to hotspot...
Candidate: x_peak:       -0.215, y_peak:        0.105, r_peak:        0.020, sig:        7.115, ra_peak:       20.868, dec_peak:      -14.375
Characteristic density local = 3614.8 deg^-2 = 1.004 arcmin^-2
Fitting aperture to hotspot...
Candidate: x_peak:        0.065, y_peak:       -1.175, r_peak:        0.030, sig:       13.430, ra_peak:       21.158, dec_peak:      -15.655
Characteristic density local = 4102.2 deg^-2 = 1.140 arcmin^-2
Fitting aperture to hotspot...
Candidate: x_peak:        0.225, y_peak:       -0.515, r_peak:        0.020, sig:        9.436, ra_peak:       21.323, dec_peak:      -14.995
Characteristic density local = 4148.0 deg^-2 = 1.152 arcmin^-2
Fitting aperture to hotspot...
Candidate: x_peak:        0.225, y_peak:        0.825, r_peak:        0.020, sig:        8.524, ra_peak:       21.322, dec_peak:      -13.655
Characteristic density local = 3925.2 deg^-2 = 1.090 arcmin^-2
Fitting aperture to hotspot...
Candidate: x_peak:        0.315, y_peak:       -0.115, r_peak:        0.030, sig:       21.108, ra_peak:       21.416, dec_peak:      -14.595
Characteristic density local = 3861.5 deg^-2 = 1.073 arcmin^-2
Fitting aperture to hotspot...
Candidate: x_peak:        0.465, y_peak:        0.575, r_peak:        0.030, sig:        7.830, ra_peak:       21.569, dec_peak:      -13.905
Distance = 25.1 kpc (m-M = 17.0)
878288 objects left after isochrone cut...
Characteristic density = 3800.0 deg^-2
Characteristic density local = 4384.7 deg^-2 = 1.218 arcmin^-2
Fitting aperture to hotspot...
Candidate: x_peak:       -0.505, y_peak:        0.505, r_peak:        0.020, sig:        4.943, ra_peak:       20.570, dec_peak:      -13.974
Characteristic density local = 3841.6 deg^-2 = 1.067 arcmin^-2
Fitting aperture to hotspot...
Candidate: x_peak:       -0.225, y_peak:        0.275, r_peak:        0.020, sig:        9.451, ra_peak:       20.858, dec_peak:      -14.205
Characteristic density local = 4098.2 deg^-2 = 1.138 arcmin^-2
Fitting aperture to hotspot...
Candidate: x_peak:       -0.205, y_peak:        0.555, r_peak:        0.020, sig:       10.687, ra_peak:       20.879, dec_peak:      -13.925
Characteristic density local = 3881.4 deg^-2 = 1.078 arcmin^-2
Fitting aperture to hotspot...
Candidate: x_peak:       -0.215, y_peak:        0.105, r_peak:        0.020, sig:        7.115, ra_peak:       20.868, dec_peak:      -14.375
Characteristic density local = 3614.8 deg^-2 = 1.004 arcmin^-2
Fitting aperture to hotspot...
Candidate: x_peak:        0.065, y_peak:       -1.175, r_peak:        0.030, sig:       13.430, ra_peak:       21.158, dec_peak:      -15.655
Characteristic density local = 4102.2 deg^-2 = 1.140 arcmin^-2
Fitting aperture to hotspot...
Candidate: x_peak:        0.225, y_peak:       -0.515, r_peak:        0.020, sig:        9.436, ra_peak:       21.323, dec_peak:      -14.995
Characteristic density local = 4148.0 deg^-2 = 1.152 arcmin^-2
Fitting aperture to hotspot...
Candidate: x_peak:        0.225, y_peak:        0.825, r_peak:        0.020, sig:        8.524, ra_peak:       21.322, dec_peak:      -13.655
Characteristic density local = 3925.2 deg^-2 = 1.090 arcmin^-2
Fitting aperture to hotspot...
Candidate: x_peak:        0.315, y_peak:       -0.115, r_peak:        0.030, sig:       21.108, ra_peak:       21.416, dec_peak:      -14.595
Characteristic density local = 3861.5 deg^-2 = 1.073 arcmin^-2
Fitting aperture to hotspot...
Candidate: x_peak:        0.465, y_peak:        0.575, r_peak:        0.030, sig:        7.830, ra_peak:       21.569, dec_peak:      -13.905
Distance = 31.6 kpc (m-M = 17.5)
878289 objects left after isochrone cut...
Characteristic density = 3800.0 deg^-2
Characteristic density local = 4384.7 deg^-2 = 1.218 arcmin^-2
Fitting aperture to hotspot...
Candidate: x_peak:       -0.505, y_peak:        0.505, r_peak:        0.020, sig:        4.943, ra_peak:       20.570, dec_peak:      -13.974
Characteristic density local = 3841.6 deg^-2 = 1.067 arcmin^-2
Fitting aperture to hotspot...
Candidate: x_peak:       -0.225, y_peak:        0.275, r_peak:        0.020, sig:        9.451, ra_peak:       20.858, dec_peak:      -14.205
Characteristic density local = 4098.2 deg^-2 = 1.138 arcmin^-2
Fitting aperture to hotspot...
Candidate: x_peak:       -0.205, y_peak:        0.555, r_peak:        0.020, sig:       10.687, ra_peak:       20.879, dec_peak:      -13.925
Characteristic density local = 3881.4 deg^-2 = 1.078 arcmin^-2
Fitting aperture to hotspot...
Candidate: x_peak:       -0.215, y_peak:        0.105, r_peak:        0.020, sig:        7.115, ra_peak:       20.868, dec_peak:      -14.375
Characteristic density local = 3614.8 deg^-2 = 1.004 arcmin^-2
Fitting aperture to hotspot...
Candidate: x_peak:        0.065, y_peak:       -1.175, r_peak:        0.030, sig:       13.430, ra_peak:       21.158, dec_peak:      -15.655
Characteristic density local = 4102.2 deg^-2 = 1.140 arcmin^-2
Fitting aperture to hotspot...
Candidate: x_peak:        0.225, y_peak:       -0.515, r_peak:        0.020, sig:        9.436, ra_peak:       21.323, dec_peak:      -14.995
Characteristic density local = 4148.0 deg^-2 = 1.152 arcmin^-2
Fitting aperture to hotspot...
Candidate: x_peak:        0.225, y_peak:        0.825, r_peak:        0.020, sig:        8.524, ra_peak:       21.322, dec_peak:      -13.655
Characteristic density local = 3925.2 deg^-2 = 1.090 arcmin^-2
Fitting aperture to hotspot...
Candidate: x_peak:        0.315, y_peak:       -0.115, r_peak:        0.030, sig:       21.108, ra_peak:       21.416, dec_peak:      -14.595
Characteristic density local = 3861.5 deg^-2 = 1.073 arcmin^-2
Fitting aperture to hotspot...
Candidate: x_peak:        0.465, y_peak:        0.575, r_peak:        0.030, sig:        7.830, ra_peak:       21.569, dec_peak:      -13.905
Distance = 39.8 kpc (m-M = 18.0)
878290 objects left after isochrone cut...
Characteristic density = 3800.0 deg^-2
Characteristic density local = 4384.7 deg^-2 = 1.218 arcmin^-2
Fitting aperture to hotspot...
Candidate: x_peak:       -0.505, y_peak:        0.505, r_peak:        0.020, sig:        4.943, ra_peak:       20.570, dec_peak:      -13.974
Characteristic density local = 3841.6 deg^-2 = 1.067 arcmin^-2
Fitting aperture to hotspot...
Candidate: x_peak:       -0.225, y_peak:        0.275, r_peak:        0.020, sig:        9.451, ra_peak:       20.858, dec_peak:      -14.205
Characteristic density local = 4098.2 deg^-2 = 1.138 arcmin^-2
Fitting aperture to hotspot...
Candidate: x_peak:       -0.205, y_peak:        0.555, r_peak:        0.020, sig:       10.687, ra_peak:       20.879, dec_peak:      -13.925
Characteristic density local = 3881.4 deg^-2 = 1.078 arcmin^-2
Fitting aperture to hotspot...
Candidate: x_peak:       -0.215, y_peak:        0.105, r_peak:        0.020, sig:        7.115, ra_peak:       20.868, dec_peak:      -14.375
Characteristic density local = 3614.8 deg^-2 = 1.004 arcmin^-2
Fitting aperture to hotspot...
Candidate: x_peak:        0.065, y_peak:       -1.175, r_peak:        0.030, sig:       13.430, ra_peak:       21.158, dec_peak:      -15.655
Characteristic density local = 4102.2 deg^-2 = 1.140 arcmin^-2
Fitting aperture to hotspot...
Candidate: x_peak:        0.225, y_peak:       -0.515, r_peak:        0.020, sig:        9.436, ra_peak:       21.323, dec_peak:      -14.995
Characteristic density local = 4148.0 deg^-2 = 1.152 arcmin^-2
Fitting aperture to hotspot...
Candidate: x_peak:        0.225, y_peak:        0.825, r_peak:        0.020, sig:        8.524, ra_peak:       21.322, dec_peak:      -13.655
Characteristic density local = 3925.2 deg^-2 = 1.090 arcmin^-2
Fitting aperture to hotspot...
Candidate: x_peak:        0.315, y_peak:       -0.115, r_peak:        0.030, sig:       21.108, ra_peak:       21.416, dec_peak:      -14.595
Characteristic density local = 3861.5 deg^-2 = 1.073 arcmin^-2
Fitting aperture to hotspot...
Candidate: x_peak:        0.465, y_peak:        0.575, r_peak:        0.030, sig:        7.830, ra_peak:       21.569, dec_peak:      -13.905
Distance = 50.1 kpc (m-M = 18.5)
878282 objects left after isochrone cut...
Characteristic density = 3800.0 deg^-2
Characteristic density local = 4384.7 deg^-2 = 1.218 arcmin^-2
Fitting aperture to hotspot...
Candidate: x_peak:       -0.505, y_peak:        0.505, r_peak:        0.020, sig:        4.943, ra_peak:       20.570, dec_peak:      -13.974
Characteristic density local = 3841.6 deg^-2 = 1.067 arcmin^-2
Fitting aperture to hotspot...
Candidate: x_peak:       -0.225, y_peak:        0.275, r_peak:        0.020, sig:        9.451, ra_peak:       20.858, dec_peak:      -14.205
Characteristic density local = 4098.2 deg^-2 = 1.138 arcmin^-2
Fitting aperture to hotspot...
Candidate: x_peak:       -0.205, y_peak:        0.555, r_peak:        0.020, sig:       10.687, ra_peak:       20.879, dec_peak:      -13.925
Characteristic density local = 3881.4 deg^-2 = 1.078 arcmin^-2
Fitting aperture to hotspot...
Candidate: x_peak:       -0.215, y_peak:        0.105, r_peak:        0.020, sig:        7.115, ra_peak:       20.868, dec_peak:      -14.375
Characteristic density local = 3614.8 deg^-2 = 1.004 arcmin^-2
Fitting aperture to hotspot...
Candidate: x_peak:        0.065, y_peak:       -1.175, r_peak:        0.030, sig:       13.430, ra_peak:       21.158, dec_peak:      -15.655
Characteristic density local = 4102.2 deg^-2 = 1.140 arcmin^-2
Fitting aperture to hotspot...
Candidate: x_peak:        0.225, y_peak:       -0.515, r_peak:        0.020, sig:        9.436, ra_peak:       21.323, dec_peak:      -14.995
Characteristic density local = 4148.0 deg^-2 = 1.152 arcmin^-2
Fitting aperture to hotspot...
Candidate: x_peak:        0.225, y_peak:        0.825, r_peak:        0.020, sig:        8.524, ra_peak:       21.322, dec_peak:      -13.655
Characteristic density local = 3925.2 deg^-2 = 1.090 arcmin^-2
Fitting aperture to hotspot...
Candidate: x_peak:        0.315, y_peak:       -0.115, r_peak:        0.030, sig:       21.108, ra_peak:       21.416, dec_peak:      -14.595
Characteristic density local = 3861.5 deg^-2 = 1.073 arcmin^-2
Fitting aperture to hotspot...
Candidate: x_peak:        0.465, y_peak:        0.575, r_peak:        0.030, sig:        7.830, ra_peak:       21.569, dec_peak:      -13.905
Distance = 63.1 kpc (m-M = 19.0)
878159 objects left after isochrone cut...
Characteristic density = 3800.0 deg^-2
Characteristic density local = 4376.8 deg^-2 = 1.216 arcmin^-2
Fitting aperture to hotspot...
Candidate: x_peak:       -0.505, y_peak:        0.505, r_peak:        0.020, sig:        4.948, ra_peak:       20.570, dec_peak:      -13.974
Characteristic density local = 3835.6 deg^-2 = 1.065 arcmin^-2
Fitting aperture to hotspot...
Candidate: x_peak:       -0.225, y_peak:        0.275, r_peak:        0.020, sig:        9.457, ra_peak:       20.858, dec_peak:      -14.205
Characteristic density local = 4090.3 deg^-2 = 1.136 arcmin^-2
Fitting aperture to hotspot...
Candidate: x_peak:       -0.205, y_peak:        0.555, r_peak:        0.020, sig:       10.694, ra_peak:       20.879, dec_peak:      -13.925
Characteristic density local = 3873.4 deg^-2 = 1.076 arcmin^-2
Fitting aperture to hotspot...
Candidate: x_peak:       -0.215, y_peak:        0.105, r_peak:        0.020, sig:        7.122, ra_peak:       20.868, dec_peak:      -14.375
Characteristic density local = 3614.8 deg^-2 = 1.004 arcmin^-2
Fitting aperture to hotspot...
Candidate: x_peak:        0.065, y_peak:       -1.175, r_peak:        0.030, sig:       13.430, ra_peak:       21.158, dec_peak:      -15.655
Characteristic density local = 4100.2 deg^-2 = 1.139 arcmin^-2
Fitting aperture to hotspot...
Candidate: x_peak:        0.225, y_peak:       -0.515, r_peak:        0.020, sig:        9.437, ra_peak:       21.323, dec_peak:      -14.995
Characteristic density local = 4144.0 deg^-2 = 1.151 arcmin^-2
Fitting aperture to hotspot...
Candidate: x_peak:        0.225, y_peak:        0.825, r_peak:        0.020, sig:        8.528, ra_peak:       21.322, dec_peak:      -13.655
Characteristic density local = 3923.2 deg^-2 = 1.090 arcmin^-2
Fitting aperture to hotspot...
Candidate: x_peak:        0.315, y_peak:       -0.115, r_peak:        0.030, sig:       21.111, ra_peak:       21.416, dec_peak:      -14.595
Characteristic density local = 3857.5 deg^-2 = 1.072 arcmin^-2
Fitting aperture to hotspot...
Candidate: x_peak:        0.465, y_peak:        0.575, r_peak:        0.030, sig:        7.835, ra_peak:       21.569, dec_peak:      -13.905
Distance = 79.4 kpc (m-M = 19.5)
877057 objects left after isochrone cut...
Characteristic density = 3800.0 deg^-2
Characteristic density local = 4348.9 deg^-2 = 1.208 arcmin^-2
Fitting aperture to hotspot...
Candidate: x_peak:       -0.505, y_peak:        0.505, r_peak:        0.020, sig:        4.968, ra_peak:       20.570, dec_peak:      -13.974
Characteristic density local = 3787.9 deg^-2 = 1.052 arcmin^-2
Fitting aperture to hotspot...
Candidate: x_peak:       -0.225, y_peak:        0.275, r_peak:        0.020, sig:        9.500, ra_peak:       20.858, dec_peak:      -14.205
Characteristic density local = 3829.7 deg^-2 = 1.064 arcmin^-2
Fitting aperture to hotspot...
Candidate: x_peak:       -0.215, y_peak:        0.105, r_peak:        0.020, sig:        7.159, ra_peak:       20.868, dec_peak:      -14.375
Characteristic density local = 4050.5 deg^-2 = 1.125 arcmin^-2
Fitting aperture to hotspot...
Candidate: x_peak:       -0.205, y_peak:        0.555, r_peak:        0.020, sig:       10.730, ra_peak:       20.879, dec_peak:      -13.925
Characteristic density local = 3579.0 deg^-2 = 0.994 arcmin^-2
Fitting aperture to hotspot...
Candidate: x_peak:        0.065, y_peak:       -1.175, r_peak:        0.030, sig:       13.480, ra_peak:       21.158, dec_peak:      -15.655
Characteristic density local = 4064.4 deg^-2 = 1.129 arcmin^-2
Fitting aperture to hotspot...
Candidate: x_peak:        0.225, y_peak:       -0.515, r_peak:        0.020, sig:        9.469, ra_peak:       21.323, dec_peak:      -14.995
Characteristic density local = 4104.2 deg^-2 = 1.140 arcmin^-2
Fitting aperture to hotspot...
Candidate: x_peak:        0.225, y_peak:        0.825, r_peak:        0.020, sig:        8.561, ra_peak:       21.322, dec_peak:      -13.655
Characteristic density local = 3889.3 deg^-2 = 1.080 arcmin^-2
Fitting aperture to hotspot...
Candidate: x_peak:        0.315, y_peak:       -0.115, r_peak:        0.030, sig:       21.164, ra_peak:       21.416, dec_peak:      -14.595
Characteristic density local = 3815.7 deg^-2 = 1.060 arcmin^-2
Fitting aperture to hotspot...
Candidate: x_peak:        0.465, y_peak:        0.575, r_peak:        0.030, sig:        7.883, ra_peak:       21.569, dec_peak:      -13.905
Distance = 100.0 kpc (m-M = 20.0)
875254 objects left after isochrone cut...
Characteristic density = 3700.0 deg^-2
Characteristic density local = 4265.4 deg^-2 = 1.185 arcmin^-2
Fitting aperture to hotspot...
Candidate: x_peak:       -0.505, y_peak:        0.505, r_peak:        0.020, sig:        5.027, ra_peak:       20.570, dec_peak:      -13.974
Characteristic density local = 3752.1 deg^-2 = 1.042 arcmin^-2
Fitting aperture to hotspot...
Candidate: x_peak:       -0.225, y_peak:        0.275, r_peak:        0.020, sig:        9.533, ra_peak:       20.858, dec_peak:      -14.205
Characteristic density local = 3776.0 deg^-2 = 1.049 arcmin^-2
Fitting aperture to hotspot...
Candidate: x_peak:       -0.215, y_peak:        0.105, r_peak:        0.020, sig:        7.204, ra_peak:       20.868, dec_peak:      -14.375
Characteristic density local = 3990.8 deg^-2 = 1.109 arcmin^-2
Fitting aperture to hotspot...
Candidate: x_peak:       -0.205, y_peak:        0.555, r_peak:        0.020, sig:       10.785, ra_peak:       20.879, dec_peak:      -13.925
Characteristic density local = 3525.3 deg^-2 = 0.979 arcmin^-2
Fitting aperture to hotspot...
Candidate: x_peak:        0.065, y_peak:       -1.175, r_peak:        0.030, sig:       13.555, ra_peak:       21.158, dec_peak:      -15.655
Characteristic density local = 4004.7 deg^-2 = 1.112 arcmin^-2
Fitting aperture to hotspot...
Candidate: x_peak:        0.225, y_peak:       -0.515, r_peak:        0.020, sig:        9.521, ra_peak:       21.323, dec_peak:      -14.995
Characteristic density local = 4046.5 deg^-2 = 1.124 arcmin^-2
Fitting aperture to hotspot...
Candidate: x_peak:        0.225, y_peak:        0.825, r_peak:        0.020, sig:        8.610, ra_peak:       21.322, dec_peak:      -13.655
Characteristic density local = 3831.7 deg^-2 = 1.064 arcmin^-2
Fitting aperture to hotspot...
Candidate: x_peak:        0.315, y_peak:       -0.115, r_peak:        0.030, sig:       21.254, ra_peak:       21.416, dec_peak:      -14.595
Characteristic density local = 3744.1 deg^-2 = 1.040 arcmin^-2
Fitting aperture to hotspot...
Candidate: x_peak:        0.465, y_peak:        0.575, r_peak:        0.030, sig:        7.967, ra_peak:       21.569, dec_peak:      -13.905
Distance = 125.9 kpc (m-M = 20.5)
873113 objects left after isochrone cut...
Characteristic density = 3600.0 deg^-2
Characteristic density local = 4169.9 deg^-2 = 1.158 arcmin^-2
Fitting aperture to hotspot...
Candidate: x_peak:       -0.505, y_peak:        0.505, r_peak:        0.020, sig:        5.096, ra_peak:       20.570, dec_peak:      -13.974
Characteristic density local = 3678.5 deg^-2 = 1.022 arcmin^-2
Fitting aperture to hotspot...
Candidate: x_peak:       -0.225, y_peak:        0.275, r_peak:        0.020, sig:        9.382, ra_peak:       20.858, dec_peak:      -14.205
Characteristic density local = 3676.5 deg^-2 = 1.021 arcmin^-2
Fitting aperture to hotspot...
Candidate: x_peak:       -0.215, y_peak:        0.105, r_peak:        0.020, sig:        7.289, ra_peak:       20.868, dec_peak:      -14.375
Characteristic density local = 3903.3 deg^-2 = 1.084 arcmin^-2
Fitting aperture to hotspot...
Candidate: x_peak:       -0.205, y_peak:        0.555, r_peak:        0.020, sig:       10.867, ra_peak:       20.879, dec_peak:      -13.925
Characteristic density local = 3453.7 deg^-2 = 0.959 arcmin^-2
Fitting aperture to hotspot...
Candidate: x_peak:        0.065, y_peak:       -1.175, r_peak:        0.030, sig:       13.658, ra_peak:       21.158, dec_peak:      -15.655
Characteristic density local = 3929.1 deg^-2 = 1.091 arcmin^-2
Fitting aperture to hotspot...
Candidate: x_peak:        0.225, y_peak:       -0.515, r_peak:        0.020, sig:        9.589, ra_peak:       21.323, dec_peak:      -14.995
Characteristic density local = 3957.0 deg^-2 = 1.099 arcmin^-2
Fitting aperture to hotspot...
Candidate: x_peak:        0.225, y_peak:        0.825, r_peak:        0.020, sig:        8.687, ra_peak:       21.322, dec_peak:      -13.655
Characteristic density local = 3764.0 deg^-2 = 1.046 arcmin^-2
Fitting aperture to hotspot...
Candidate: x_peak:        0.315, y_peak:       -0.115, r_peak:        0.030, sig:       21.361, ra_peak:       21.416, dec_peak:      -14.595
Characteristic density local = 3674.5 deg^-2 = 1.021 arcmin^-2
Fitting aperture to hotspot...
Candidate: x_peak:        0.465, y_peak:        0.575, r_peak:        0.030, sig:        8.050, ra_peak:       21.569, dec_peak:      -13.905
Distance = 158.5 kpc (m-M = 21.0)
870359 objects left after isochrone cut...
Characteristic density = 3500.0 deg^-2
Characteristic density local = 4080.3 deg^-2 = 1.133 arcmin^-2
Fitting aperture to hotspot...
Candidate: x_peak:       -0.505, y_peak:        0.505, r_peak:        0.020, sig:        5.162, ra_peak:       20.570, dec_peak:      -13.974
Characteristic density local = 3585.0 deg^-2 = 0.996 arcmin^-2
Fitting aperture to hotspot...
Candidate: x_peak:       -0.225, y_peak:        0.275, r_peak:        0.020, sig:        9.470, ra_peak:       20.858, dec_peak:      -14.205
Characteristic density local = 3573.0 deg^-2 = 0.993 arcmin^-2
Fitting aperture to hotspot...
Candidate: x_peak:       -0.215, y_peak:        0.105, r_peak:        0.020, sig:        7.379, ra_peak:       20.868, dec_peak:      -14.375
Characteristic density local = 3819.7 deg^-2 = 1.061 arcmin^-2
Fitting aperture to hotspot...
Candidate: x_peak:       -0.205, y_peak:        0.555, r_peak:        0.020, sig:       10.946, ra_peak:       20.879, dec_peak:      -13.925
Characteristic density local = 3340.3 deg^-2 = 0.928 arcmin^-2
Fitting aperture to hotspot...
Candidate: x_peak:        0.065, y_peak:       -1.175, r_peak:        0.030, sig:       13.824, ra_peak:       21.158, dec_peak:      -15.655
Characteristic density local = 3849.6 deg^-2 = 1.069 arcmin^-2
Fitting aperture to hotspot...
Candidate: x_peak:        0.225, y_peak:       -0.515, r_peak:        0.020, sig:        9.661, ra_peak:       21.323, dec_peak:      -14.995
Characteristic density local = 3849.6 deg^-2 = 1.069 arcmin^-2
Fitting aperture to hotspot...
Candidate: x_peak:        0.225, y_peak:        0.825, r_peak:        0.020, sig:        8.781, ra_peak:       21.322, dec_peak:      -13.655
Characteristic density local = 3674.5 deg^-2 = 1.021 arcmin^-2
Fitting aperture to hotspot...
Candidate: x_peak:        0.315, y_peak:       -0.115, r_peak:        0.030, sig:       21.384, ra_peak:       21.416, dec_peak:      -14.595
Characteristic density local = 3587.0 deg^-2 = 0.996 arcmin^-2
Fitting aperture to hotspot...
Candidate: x_peak:        0.465, y_peak:        0.575, r_peak:        0.030, sig:        7.783, ra_peak:       21.569, dec_peak:      -13.905
Distance = 199.5 kpc (m-M = 21.5)
867139 objects left after isochrone cut...
Characteristic density = 3400.0 deg^-2
Characteristic density local = 3941.1 deg^-2 = 1.095 arcmin^-2
Fitting aperture to hotspot...
Candidate: x_peak:       -0.495, y_peak:        0.505, r_peak:        0.020, sig:        6.319, ra_peak:       20.580, dec_peak:      -13.974
Characteristic density local = 3489.5 deg^-2 = 0.969 arcmin^-2
Fitting aperture to hotspot...
Candidate: x_peak:       -0.225, y_peak:        0.275, r_peak:        0.020, sig:        9.562, ra_peak:       20.858, dec_peak:      -14.205
Characteristic density local = 3451.7 deg^-2 = 0.959 arcmin^-2
Fitting aperture to hotspot...
Candidate: x_peak:       -0.205, y_peak:        0.105, r_peak:        0.020, sig:        7.977, ra_peak:       20.878, dec_peak:      -14.375
Characteristic density local = 3702.3 deg^-2 = 1.028 arcmin^-2
Fitting aperture to hotspot...
Candidate: x_peak:       -0.205, y_peak:        0.555, r_peak:        0.020, sig:       11.060, ra_peak:       20.879, dec_peak:      -13.925
Characteristic density local = 3242.8 deg^-2 = 0.901 arcmin^-2
Fitting aperture to hotspot...
Candidate: x_peak:        0.065, y_peak:       -1.175, r_peak:        0.030, sig:       13.816, ra_peak:       21.158, dec_peak:      -15.655
Characteristic density local = 3756.1 deg^-2 = 1.043 arcmin^-2
Fitting aperture to hotspot...
Candidate: x_peak:        0.225, y_peak:       -0.515, r_peak:        0.020, sig:        9.747, ra_peak:       21.323, dec_peak:      -14.995
Characteristic density local = 3754.1 deg^-2 = 1.043 arcmin^-2
Fitting aperture to hotspot...
Candidate: x_peak:        0.225, y_peak:        0.825, r_peak:        0.020, sig:        8.866, ra_peak:       21.322, dec_peak:      -13.655
Characteristic density local = 3561.1 deg^-2 = 0.989 arcmin^-2
Fitting aperture to hotspot...
Candidate: x_peak:        0.315, y_peak:       -0.115, r_peak:        0.030, sig:       21.449, ra_peak:       21.416, dec_peak:      -14.595
Characteristic density local = 3485.5 deg^-2 = 0.968 arcmin^-2
Fitting aperture to hotspot...
Candidate: x_peak:        0.465, y_peak:        0.575, r_peak:        0.030, sig:        7.906, ra_peak:       21.569, dec_peak:      -13.905
Distance = 251.2 kpc (m-M = 22.0)
863237 objects left after isochrone cut...
Characteristic density = 3300.0 deg^-2
Characteristic density local = 3823.7 deg^-2 = 1.062 arcmin^-2
Fitting aperture to hotspot...
Candidate: x_peak:       -0.495, y_peak:        0.505, r_peak:        0.020, sig:        6.413, ra_peak:       20.580, dec_peak:      -13.974
Characteristic density local = 3382.0 deg^-2 = 0.939 arcmin^-2
Fitting aperture to hotspot...
Candidate: x_peak:       -0.225, y_peak:        0.275, r_peak:        0.020, sig:        9.667, ra_peak:       20.858, dec_peak:      -14.205
Characteristic density local = 3334.3 deg^-2 = 0.926 arcmin^-2
Fitting aperture to hotspot...
Candidate: x_peak:       -0.205, y_peak:        0.105, r_peak:        0.020, sig:        8.087, ra_peak:       20.878, dec_peak:      -14.375
Characteristic density local = 3583.0 deg^-2 = 0.995 arcmin^-2
Fitting aperture to hotspot...
Candidate: x_peak:       -0.205, y_peak:        0.555, r_peak:        0.020, sig:       11.178, ra_peak:       20.879, dec_peak:      -13.925
Characteristic density local = 3105.5 deg^-2 = 0.863 arcmin^-2
Fitting aperture to hotspot...
Candidate: x_peak:        0.065, y_peak:       -1.175, r_peak:        0.030, sig:       14.027, ra_peak:       21.158, dec_peak:      -15.655
Characteristic density local = 3606.8 deg^-2 = 1.002 arcmin^-2
Fitting aperture to hotspot...
Candidate: x_peak:        0.225, y_peak:       -0.515, r_peak:        0.020, sig:        9.888, ra_peak:       21.323, dec_peak:      -14.995
Characteristic density local = 3634.7 deg^-2 = 1.010 arcmin^-2
Fitting aperture to hotspot...
Candidate: x_peak:        0.225, y_peak:        0.825, r_peak:        0.020, sig:        8.975, ra_peak:       21.322, dec_peak:      -13.655
Characteristic density local = 3441.7 deg^-2 = 0.956 arcmin^-2
Fitting aperture to hotspot...
Candidate: x_peak:        0.315, y_peak:       -0.115, r_peak:        0.030, sig:       21.282, ra_peak:       21.416, dec_peak:      -14.595
Characteristic density local = 3356.2 deg^-2 = 0.932 arcmin^-2
Fitting aperture to hotspot...
Candidate: x_peak:        0.465, y_peak:        0.575, r_peak:        0.030, sig:        7.877, ra_peak:       21.569, dec_peak:      -13.905
Distance = 316.2 kpc (m-M = 22.5)
858533 objects left after isochrone cut...
Characteristic density = 3100.0 deg^-2
Characteristic density local = 3654.6 deg^-2 = 1.015 arcmin^-2
Fitting aperture to hotspot...
Candidate: x_peak:       -0.495, y_peak:        0.505, r_peak:        0.020, sig:        6.553, ra_peak:       20.580, dec_peak:      -13.974
Characteristic density local = 3222.9 deg^-2 = 0.895 arcmin^-2
Fitting aperture to hotspot...
Candidate: x_peak:       -0.225, y_peak:        0.275, r_peak:        0.020, sig:        9.829, ra_peak:       20.858, dec_peak:      -14.205
Characteristic density local = 3171.2 deg^-2 = 0.881 arcmin^-2
Fitting aperture to hotspot...
Candidate: x_peak:       -0.205, y_peak:        0.105, r_peak:        0.020, sig:        8.245, ra_peak:       20.878, dec_peak:      -14.375
Characteristic density local = 3409.9 deg^-2 = 0.947 arcmin^-2
Fitting aperture to hotspot...
Candidate: x_peak:       -0.205, y_peak:        0.555, r_peak:        0.020, sig:       11.356, ra_peak:       20.879, dec_peak:      -13.925
Characteristic density local = 2958.3 deg^-2 = 0.822 arcmin^-2
Fitting aperture to hotspot...
Candidate: x_peak:        0.065, y_peak:       -1.175, r_peak:        0.030, sig:       14.261, ra_peak:       21.158, dec_peak:      -15.655
Characteristic density local = 3403.9 deg^-2 = 0.946 arcmin^-2
Fitting aperture to hotspot...
Candidate: x_peak:        0.225, y_peak:       -0.515, r_peak:        0.020, sig:       10.087, ra_peak:       21.323, dec_peak:      -14.995
Characteristic density local = 3463.6 deg^-2 = 0.962 arcmin^-2
Fitting aperture to hotspot...
Candidate: x_peak:        0.225, y_peak:        0.825, r_peak:        0.020, sig:        9.137, ra_peak:       21.322, dec_peak:      -13.655
Characteristic density local = 3248.8 deg^-2 = 0.902 arcmin^-2
Fitting aperture to hotspot...
Candidate: x_peak:        0.315, y_peak:       -0.115, r_peak:        0.030, sig:       20.740, ra_peak:       21.416, dec_peak:      -14.595
Characteristic density local = 3216.9 deg^-2 = 0.894 arcmin^-2
Fitting aperture to hotspot...
Candidate: x_peak:        0.465, y_peak:        0.575, r_peak:        0.030, sig:        7.862, ra_peak:       21.569, dec_peak:      -13.905
Distance = 398.1 kpc (m-M = 23.0)
852541 objects left after isochrone cut...
Characteristic density = 2900.0 deg^-2
Characteristic density local = 3023.9 deg^-2 = 0.840 arcmin^-2
Fitting aperture to hotspot...
Candidate: x_peak:       -0.285, y_peak:        0.365, r_peak:        0.020, sig:        7.642, ra_peak:       20.796, dec_peak:      -14.115
Characteristic density local = 2994.1 deg^-2 = 0.832 arcmin^-2
Fitting aperture to hotspot...
Candidate: x_peak:       -0.225, y_peak:        0.275, r_peak:        0.020, sig:        9.844, ra_peak:       20.858, dec_peak:      -14.205
Characteristic density local = 2962.3 deg^-2 = 0.823 arcmin^-2
Fitting aperture to hotspot...
Candidate: x_peak:       -0.205, y_peak:        0.105, r_peak:        0.020, sig:        8.456, ra_peak:       20.878, dec_peak:      -14.375
Characteristic density local = 3209.0 deg^-2 = 0.891 arcmin^-2
Fitting aperture to hotspot...
Candidate: x_peak:       -0.205, y_peak:        0.555, r_peak:        0.020, sig:       11.571, ra_peak:       20.879, dec_peak:      -13.925
Characteristic density local = 2763.3 deg^-2 = 0.768 arcmin^-2
Fitting aperture to hotspot...
Candidate: x_peak:        0.065, y_peak:       -1.175, r_peak:        0.030, sig:       14.429, ra_peak:       21.158, dec_peak:      -15.655
Characteristic density local = 3183.1 deg^-2 = 0.884 arcmin^-2
Fitting aperture to hotspot...
Candidate: x_peak:        0.225, y_peak:       -0.515, r_peak:        0.020, sig:       10.094, ra_peak:       21.323, dec_peak:      -14.995
Characteristic density local = 3211.0 deg^-2 = 0.892 arcmin^-2
Fitting aperture to hotspot...
Candidate: x_peak:        0.225, y_peak:        0.825, r_peak:        0.020, sig:        8.923, ra_peak:       21.322, dec_peak:      -13.655
Characteristic density local = 3043.8 deg^-2 = 0.846 arcmin^-2
Fitting aperture to hotspot...
Candidate: x_peak:        0.315, y_peak:       -0.115, r_peak:        0.030, sig:       19.680, ra_peak:       21.416, dec_peak:      -14.595
Characteristic density local = 2978.2 deg^-2 = 0.827 arcmin^-2
Fitting aperture to hotspot...
Candidate: x_peak:        0.465, y_peak:        0.585, r_peak:        0.020, sig:        8.925, ra_peak:       21.569, dec_peak:      -13.895
21.45 sigma; (RA, Dec, d) = (21.42, -14.59); r = 0.03 deg; d = 199.5, mu = 21.50 mag), mc_source_id: 0.00
14.43 sigma; (RA, Dec, d) = (21.16, -15.66); r = 0.03 deg; d = 398.1, mu = 23.00 mag), mc_source_id: 0.00
11.57 sigma; (RA, Dec, d) = (20.88, -13.92); r = 0.02 deg; d = 398.1, mu = 23.00 mag), mc_source_id: 0.00
10.09 sigma; (RA, Dec, d) = (21.32, -14.99); r = 0.02 deg; d = 398.1, mu = 23.00 mag), mc_source_id: 0.00
9.84 sigma; (RA, Dec, d) = (20.86, -14.20); r = 0.02 deg; d = 398.1, mu = 23.00 mag), mc_source_id: 0.00
9.14 sigma; (RA, Dec, d) = (21.32, -13.65); r = 0.02 deg; d = 316.2, mu = 22.50 mag), mc_source_id: 0.00
8.93 sigma; (RA, Dec, d) = (21.57, -13.89); r = 0.02 deg; d = 398.1, mu = 23.00 mag), mc_source_id: 0.00
8.46 sigma; (RA, Dec, d) = (20.88, -14.37); r = 0.02 deg; d = 398.1, mu = 23.00 mag), mc_source_id: 0.00
7.64 sigma; (RA, Dec, d) = (20.80, -14.11); r = 0.02 deg; d = 398.1, mu = 23.00 mag), mc_source_id: 0.00
6.55 sigma; (RA, Dec, d) = (20.58, -13.97); r = 0.02 deg; d = 316.2, mu = 22.50 mag), mc_source_id: 0.00

------------------------------------------------------------
Job <681827.0> was submitted from <des51.fnal.gov> by user <tavangar>.
Job was executed on host <des40.fnal.gov> as user <tavangar>.
</var/lib/condor/execute/dir_2175190> was used as the initial working directory.
Results reported at Wed Jun  5 16:04:35 CDT 2019

Your job looked like:

------------------------------------------------------------
python /home/s1/tavangar/tavangar_simple/search_algorithm.py 21.09 -14.48 0.00 /home/s1/tavangar/tavangar_simple/decals_dr7_results/results_nside_32_7623.csv /home/s1/tavangar/tavangar_simple/decals_dr7_results/decals_dr7_log/results_nside_32_7623.log
------------------------------------------------------------

Successfully completed.

Resource usage summary:

	Real time :			750.78 sec.
	CPU time :			384.91 sec.
	CPU percentage :		92%
	Max Memory :			7996480 KB
	Average Memory :		0 KB

The output (if any) is above this job summary.
