/home/s1/tavangar/tavangar_simple/simple_utils.py:170: FutureWarning: elementwise comparison failed; returning scalar instead, but in the future will perform elementwise comparison
  if np.all(isochrone.stage == 'Main'):
Search coordinates: (RA, Dec) = (164.53, 2.39)
Center healpixel: 5882
Healpixels: [5882 6010 5881 5754 5626 5755 5883 6011 6138]
MC_SOURCE_ID = 0.0
mode = 0: running only on real data
Found 1 objects...
Applying cuts...
851503 star-like objects in ROI...
1072521 galaxy-like objects in ROI...
No fracdet map specified ...
Distance = 15.8 kpc (m-M = 16.0)
851490 objects left after isochrone cut...
Characteristic density = 4400.0 deg^-2
Characteristic density local = 3750.1 deg^-2 = 1.042 arcmin^-2
Fitting aperture to hotspot...
Candidate: x_peak:       -1.165, y_peak:       -0.045, r_peak:        0.020, sig:        8.182, ra_peak:      163.364, dec_peak:        2.345
Characteristic density local = 3628.7 deg^-2 = 1.008 arcmin^-2
Fitting aperture to hotspot...
Candidate: x_peak:       -1.065, y_peak:        0.265, r_peak:        0.020, sig:       15.641, ra_peak:      163.464, dec_peak:        2.655
Characteristic density local = 4360.8 deg^-2 = 1.211 arcmin^-2
Fitting aperture to hotspot...
Candidate: x_peak:        0.165, y_peak:        0.595, r_peak:        0.020, sig:        7.902, ra_peak:      164.695, dec_peak:        2.985
Characteristic density local = 4313.1 deg^-2 = 1.198 arcmin^-2
Fitting aperture to hotspot...
Candidate: x_peak:        0.165, y_peak:       -0.665, r_peak:        0.020, sig:       10.496, ra_peak:      164.695, dec_peak:        1.725
Characteristic density local = 4068.4 deg^-2 = 1.130 arcmin^-2
Fitting aperture to hotspot...
Candidate: x_peak:        0.225, y_peak:       -0.195, r_peak:        0.020, sig:        6.219, ra_peak:      164.755, dec_peak:        2.195
Characteristic density local = 4354.9 deg^-2 = 1.210 arcmin^-2
Fitting aperture to hotspot...
Candidate: x_peak:        0.315, y_peak:       -0.275, r_peak:        0.040, sig:        4.761, ra_peak:      164.845, dec_peak:        2.115
Characteristic density local = 5258.1 deg^-2 = 1.461 arcmin^-2
Fitting aperture to hotspot...
Candidate: x_peak:        0.595, y_peak:        0.575, r_peak:        0.020, sig:        3.836, ra_peak:      165.126, dec_peak:        2.965
Characteristic density local = 4327.0 deg^-2 = 1.202 arcmin^-2
Fitting aperture to hotspot...
Candidate: x_peak:        0.925, y_peak:       -0.245, r_peak:        0.250, sig:        6.201, ra_peak:      165.456, dec_peak:        2.145
Characteristic density local = 4255.4 deg^-2 = 1.182 arcmin^-2
Fitting aperture to hotspot...
Candidate: x_peak:        1.045, y_peak:       -0.195, r_peak:        0.020, sig:       11.726, ra_peak:      165.576, dec_peak:        2.195
Distance = 20.0 kpc (m-M = 16.5)
851497 objects left after isochrone cut...
Characteristic density = 4400.0 deg^-2
Characteristic density local = 3750.1 deg^-2 = 1.042 arcmin^-2
Fitting aperture to hotspot...
Candidate: x_peak:       -1.165, y_peak:       -0.045, r_peak:        0.020, sig:        8.182, ra_peak:      163.364, dec_peak:        2.345
Characteristic density local = 3628.7 deg^-2 = 1.008 arcmin^-2
Fitting aperture to hotspot...
Candidate: x_peak:       -1.065, y_peak:        0.265, r_peak:        0.020, sig:       15.641, ra_peak:      163.464, dec_peak:        2.655
Characteristic density local = 4360.8 deg^-2 = 1.211 arcmin^-2
Fitting aperture to hotspot...
Candidate: x_peak:        0.165, y_peak:        0.595, r_peak:        0.020, sig:        7.902, ra_peak:      164.695, dec_peak:        2.985
Characteristic density local = 4313.1 deg^-2 = 1.198 arcmin^-2
Fitting aperture to hotspot...
Candidate: x_peak:        0.165, y_peak:       -0.665, r_peak:        0.020, sig:       10.496, ra_peak:      164.695, dec_peak:        1.725
Characteristic density local = 4068.4 deg^-2 = 1.130 arcmin^-2
Fitting aperture to hotspot...
Candidate: x_peak:        0.225, y_peak:       -0.195, r_peak:        0.020, sig:        6.219, ra_peak:      164.755, dec_peak:        2.195
Characteristic density local = 4354.9 deg^-2 = 1.210 arcmin^-2
Fitting aperture to hotspot...
Candidate: x_peak:        0.315, y_peak:       -0.275, r_peak:        0.040, sig:        4.761, ra_peak:      164.845, dec_peak:        2.115
Characteristic density local = 5258.1 deg^-2 = 1.461 arcmin^-2
Fitting aperture to hotspot...
Candidate: x_peak:        0.595, y_peak:        0.575, r_peak:        0.020, sig:        3.836, ra_peak:      165.126, dec_peak:        2.965
Characteristic density local = 4327.0 deg^-2 = 1.202 arcmin^-2
Fitting aperture to hotspot...
Candidate: x_peak:        0.925, y_peak:       -0.245, r_peak:        0.250, sig:        6.201, ra_peak:      165.456, dec_peak:        2.145
Characteristic density local = 4255.4 deg^-2 = 1.182 arcmin^-2
Fitting aperture to hotspot...
Candidate: x_peak:        1.045, y_peak:       -0.195, r_peak:        0.020, sig:       11.726, ra_peak:      165.576, dec_peak:        2.195
Distance = 25.1 kpc (m-M = 17.0)
851502 objects left after isochrone cut...
Characteristic density = 4400.0 deg^-2
Characteristic density local = 3750.1 deg^-2 = 1.042 arcmin^-2
Fitting aperture to hotspot...
Candidate: x_peak:       -1.165, y_peak:       -0.045, r_peak:        0.020, sig:        8.182, ra_peak:      163.364, dec_peak:        2.345
Characteristic density local = 3628.7 deg^-2 = 1.008 arcmin^-2
Fitting aperture to hotspot...
Candidate: x_peak:       -1.065, y_peak:        0.265, r_peak:        0.020, sig:       15.641, ra_peak:      163.464, dec_peak:        2.655
Characteristic density local = 4360.8 deg^-2 = 1.211 arcmin^-2
Fitting aperture to hotspot...
Candidate: x_peak:        0.165, y_peak:        0.595, r_peak:        0.020, sig:        7.902, ra_peak:      164.695, dec_peak:        2.985
Characteristic density local = 4313.1 deg^-2 = 1.198 arcmin^-2
Fitting aperture to hotspot...
Candidate: x_peak:        0.165, y_peak:       -0.665, r_peak:        0.020, sig:       10.496, ra_peak:      164.695, dec_peak:        1.725
Characteristic density local = 4068.4 deg^-2 = 1.130 arcmin^-2
Fitting aperture to hotspot...
Candidate: x_peak:        0.225, y_peak:       -0.195, r_peak:        0.020, sig:        6.219, ra_peak:      164.755, dec_peak:        2.195
Characteristic density local = 4354.9 deg^-2 = 1.210 arcmin^-2
Fitting aperture to hotspot...
Candidate: x_peak:        0.315, y_peak:       -0.275, r_peak:        0.040, sig:        4.761, ra_peak:      164.845, dec_peak:        2.115
Characteristic density local = 5258.1 deg^-2 = 1.461 arcmin^-2
Fitting aperture to hotspot...
Candidate: x_peak:        0.595, y_peak:        0.575, r_peak:        0.020, sig:        3.836, ra_peak:      165.126, dec_peak:        2.965
Characteristic density local = 4327.0 deg^-2 = 1.202 arcmin^-2
Fitting aperture to hotspot...
Candidate: x_peak:        0.925, y_peak:       -0.245, r_peak:        0.250, sig:        6.201, ra_peak:      165.456, dec_peak:        2.145
Characteristic density local = 4255.4 deg^-2 = 1.182 arcmin^-2
Fitting aperture to hotspot...
Candidate: x_peak:        1.045, y_peak:       -0.195, r_peak:        0.020, sig:       11.726, ra_peak:      165.576, dec_peak:        2.195
Distance = 31.6 kpc (m-M = 17.5)
851503 objects left after isochrone cut...
Characteristic density = 4400.0 deg^-2
Characteristic density local = 3750.1 deg^-2 = 1.042 arcmin^-2
Fitting aperture to hotspot...
Candidate: x_peak:       -1.165, y_peak:       -0.045, r_peak:        0.020, sig:        8.182, ra_peak:      163.364, dec_peak:        2.345
Characteristic density local = 3628.7 deg^-2 = 1.008 arcmin^-2
Fitting aperture to hotspot...
Candidate: x_peak:       -1.065, y_peak:        0.265, r_peak:        0.020, sig:       15.641, ra_peak:      163.464, dec_peak:        2.655
Characteristic density local = 4360.8 deg^-2 = 1.211 arcmin^-2
Fitting aperture to hotspot...
Candidate: x_peak:        0.165, y_peak:        0.595, r_peak:        0.020, sig:        7.902, ra_peak:      164.695, dec_peak:        2.985
Characteristic density local = 4313.1 deg^-2 = 1.198 arcmin^-2
Fitting aperture to hotspot...
Candidate: x_peak:        0.165, y_peak:       -0.665, r_peak:        0.020, sig:       10.496, ra_peak:      164.695, dec_peak:        1.725
Characteristic density local = 4068.4 deg^-2 = 1.130 arcmin^-2
Fitting aperture to hotspot...
Candidate: x_peak:        0.225, y_peak:       -0.195, r_peak:        0.020, sig:        6.219, ra_peak:      164.755, dec_peak:        2.195
Characteristic density local = 4354.9 deg^-2 = 1.210 arcmin^-2
Fitting aperture to hotspot...
Candidate: x_peak:        0.315, y_peak:       -0.275, r_peak:        0.040, sig:        4.761, ra_peak:      164.845, dec_peak:        2.115
Characteristic density local = 5258.1 deg^-2 = 1.461 arcmin^-2
Fitting aperture to hotspot...
Candidate: x_peak:        0.595, y_peak:        0.575, r_peak:        0.020, sig:        3.836, ra_peak:      165.126, dec_peak:        2.965
Characteristic density local = 4327.0 deg^-2 = 1.202 arcmin^-2
Fitting aperture to hotspot...
Candidate: x_peak:        0.925, y_peak:       -0.245, r_peak:        0.250, sig:        6.201, ra_peak:      165.456, dec_peak:        2.145
Characteristic density local = 4255.4 deg^-2 = 1.182 arcmin^-2
Fitting aperture to hotspot...
Candidate: x_peak:        1.045, y_peak:       -0.195, r_peak:        0.020, sig:       11.726, ra_peak:      165.576, dec_peak:        2.195
Distance = 39.8 kpc (m-M = 18.0)
851501 objects left after isochrone cut...
Characteristic density = 4400.0 deg^-2
Characteristic density local = 3750.1 deg^-2 = 1.042 arcmin^-2
Fitting aperture to hotspot...
Candidate: x_peak:       -1.165, y_peak:       -0.045, r_peak:        0.020, sig:        8.182, ra_peak:      163.364, dec_peak:        2.345
Characteristic density local = 3628.7 deg^-2 = 1.008 arcmin^-2
Fitting aperture to hotspot...
Candidate: x_peak:       -1.065, y_peak:        0.265, r_peak:        0.020, sig:       15.641, ra_peak:      163.464, dec_peak:        2.655
Characteristic density local = 4360.8 deg^-2 = 1.211 arcmin^-2
Fitting aperture to hotspot...
Candidate: x_peak:        0.165, y_peak:        0.595, r_peak:        0.020, sig:        7.902, ra_peak:      164.695, dec_peak:        2.985
Characteristic density local = 4313.1 deg^-2 = 1.198 arcmin^-2
Fitting aperture to hotspot...
Candidate: x_peak:        0.165, y_peak:       -0.665, r_peak:        0.020, sig:       10.496, ra_peak:      164.695, dec_peak:        1.725
Characteristic density local = 4068.4 deg^-2 = 1.130 arcmin^-2
Fitting aperture to hotspot...
Candidate: x_peak:        0.225, y_peak:       -0.195, r_peak:        0.020, sig:        6.219, ra_peak:      164.755, dec_peak:        2.195
Characteristic density local = 4354.9 deg^-2 = 1.210 arcmin^-2
Fitting aperture to hotspot...
Candidate: x_peak:        0.315, y_peak:       -0.275, r_peak:        0.040, sig:        4.761, ra_peak:      164.845, dec_peak:        2.115
Characteristic density local = 5258.1 deg^-2 = 1.461 arcmin^-2
Fitting aperture to hotspot...
Candidate: x_peak:        0.595, y_peak:        0.575, r_peak:        0.020, sig:        3.836, ra_peak:      165.126, dec_peak:        2.965
Characteristic density local = 4327.0 deg^-2 = 1.202 arcmin^-2
Fitting aperture to hotspot...
Candidate: x_peak:        0.925, y_peak:       -0.245, r_peak:        0.250, sig:        6.201, ra_peak:      165.456, dec_peak:        2.145
Characteristic density local = 4255.4 deg^-2 = 1.182 arcmin^-2
Fitting aperture to hotspot...
Candidate: x_peak:        1.045, y_peak:       -0.195, r_peak:        0.020, sig:       11.726, ra_peak:      165.576, dec_peak:        2.195
Distance = 50.1 kpc (m-M = 18.5)
851306 objects left after isochrone cut...
Characteristic density = 4300.0 deg^-2
Characteristic density local = 3750.1 deg^-2 = 1.042 arcmin^-2
Fitting aperture to hotspot...
Candidate: x_peak:       -1.165, y_peak:       -0.045, r_peak:        0.020, sig:        8.182, ra_peak:      163.364, dec_peak:        2.345
Characteristic density local = 3628.7 deg^-2 = 1.008 arcmin^-2
Fitting aperture to hotspot...
Candidate: x_peak:       -1.065, y_peak:        0.265, r_peak:        0.020, sig:       15.641, ra_peak:      163.464, dec_peak:        2.655
Characteristic density local = 4352.9 deg^-2 = 1.209 arcmin^-2
Fitting aperture to hotspot...
Candidate: x_peak:        0.165, y_peak:        0.595, r_peak:        0.020, sig:        7.908, ra_peak:      164.695, dec_peak:        2.985
Characteristic density local = 4309.1 deg^-2 = 1.197 arcmin^-2
Fitting aperture to hotspot...
Candidate: x_peak:        0.165, y_peak:       -0.665, r_peak:        0.020, sig:       10.500, ra_peak:      164.695, dec_peak:        1.725
Characteristic density local = 4068.4 deg^-2 = 1.130 arcmin^-2
Fitting aperture to hotspot...
Candidate: x_peak:        0.225, y_peak:       -0.195, r_peak:        0.020, sig:        6.219, ra_peak:      164.755, dec_peak:        2.195
Characteristic density local = 4354.9 deg^-2 = 1.210 arcmin^-2
Fitting aperture to hotspot...
Candidate: x_peak:        0.315, y_peak:       -0.275, r_peak:        0.040, sig:        4.761, ra_peak:      164.845, dec_peak:        2.115
Characteristic density local = 5246.1 deg^-2 = 1.457 arcmin^-2
Fitting aperture to hotspot...
Candidate: x_peak:        0.595, y_peak:        0.575, r_peak:        0.020, sig:        3.843, ra_peak:      165.126, dec_peak:        2.965
Characteristic density local = 4323.0 deg^-2 = 1.201 arcmin^-2
Fitting aperture to hotspot...
Candidate: x_peak:        0.925, y_peak:       -0.245, r_peak:        0.250, sig:        6.165, ra_peak:      165.456, dec_peak:        2.145
Characteristic density local = 4253.4 deg^-2 = 1.182 arcmin^-2
Fitting aperture to hotspot...
Candidate: x_peak:        1.045, y_peak:       -0.195, r_peak:        0.020, sig:       11.728, ra_peak:      165.576, dec_peak:        2.195
Distance = 63.1 kpc (m-M = 19.0)
850476 objects left after isochrone cut...
Characteristic density = 4300.0 deg^-2
Characteristic density local = 3748.1 deg^-2 = 1.041 arcmin^-2
Fitting aperture to hotspot...
Candidate: x_peak:       -1.165, y_peak:       -0.045, r_peak:        0.020, sig:        8.184, ra_peak:      163.364, dec_peak:        2.345
Characteristic density local = 3620.8 deg^-2 = 1.006 arcmin^-2
Fitting aperture to hotspot...
Candidate: x_peak:       -1.065, y_peak:        0.265, r_peak:        0.020, sig:       15.650, ra_peak:      163.464, dec_peak:        2.655
Characteristic density local = 4319.1 deg^-2 = 1.200 arcmin^-2
Fitting aperture to hotspot...
Candidate: x_peak:        0.165, y_peak:        0.595, r_peak:        0.020, sig:        7.935, ra_peak:      164.695, dec_peak:        2.985
Characteristic density local = 4291.2 deg^-2 = 1.192 arcmin^-2
Fitting aperture to hotspot...
Candidate: x_peak:        0.165, y_peak:       -0.665, r_peak:        0.020, sig:       10.515, ra_peak:      164.695, dec_peak:        1.725
Characteristic density local = 4054.5 deg^-2 = 1.126 arcmin^-2
Fitting aperture to hotspot...
Candidate: x_peak:        0.225, y_peak:       -0.195, r_peak:        0.020, sig:        6.230, ra_peak:      164.755, dec_peak:        2.195
Characteristic density local = 4339.0 deg^-2 = 1.205 arcmin^-2
Fitting aperture to hotspot...
Candidate: x_peak:        0.315, y_peak:       -0.275, r_peak:        0.040, sig:        4.781, ra_peak:      164.845, dec_peak:        2.115
Characteristic density local = 5222.3 deg^-2 = 1.451 arcmin^-2
Fitting aperture to hotspot...
Candidate: x_peak:        0.605, y_peak:        0.575, r_peak:        0.010, sig:        3.868, ra_peak:      165.136, dec_peak:        2.965
Characteristic density local = 4283.3 deg^-2 = 1.190 arcmin^-2
Fitting aperture to hotspot...
Candidate: x_peak:        0.925, y_peak:       -0.245, r_peak:        0.250, sig:        6.057, ra_peak:      165.456, dec_peak:        2.145
Characteristic density local = 4221.6 deg^-2 = 1.173 arcmin^-2
Fitting aperture to hotspot...
Candidate: x_peak:        1.045, y_peak:       -0.195, r_peak:        0.020, sig:       11.564, ra_peak:      165.576, dec_peak:        2.195
Distance = 79.4 kpc (m-M = 19.5)
849046 objects left after isochrone cut...
Characteristic density = 4300.0 deg^-2
Characteristic density local = 3718.3 deg^-2 = 1.033 arcmin^-2
Fitting aperture to hotspot...
Candidate: x_peak:       -1.165, y_peak:       -0.045, r_peak:        0.020, sig:        8.210, ra_peak:      163.364, dec_peak:        2.345
Characteristic density local = 3587.0 deg^-2 = 0.996 arcmin^-2
Fitting aperture to hotspot...
Candidate: x_peak:       -1.065, y_peak:        0.265, r_peak:        0.020, sig:       15.688, ra_peak:      163.464, dec_peak:        2.655
Characteristic density local = 4283.3 deg^-2 = 1.190 arcmin^-2
Fitting aperture to hotspot...
Candidate: x_peak:        0.165, y_peak:        0.595, r_peak:        0.020, sig:        7.964, ra_peak:      164.695, dec_peak:        2.985
Characteristic density local = 4269.3 deg^-2 = 1.186 arcmin^-2
Fitting aperture to hotspot...
Candidate: x_peak:        0.165, y_peak:       -0.665, r_peak:        0.020, sig:       10.534, ra_peak:      164.695, dec_peak:        1.725
Characteristic density local = 4024.6 deg^-2 = 1.118 arcmin^-2
Fitting aperture to hotspot...
Candidate: x_peak:        0.225, y_peak:       -0.195, r_peak:        0.020, sig:        6.253, ra_peak:      164.755, dec_peak:        2.195
Characteristic density local = 4303.2 deg^-2 = 1.195 arcmin^-2
Fitting aperture to hotspot...
Candidate: x_peak:        0.315, y_peak:       -0.275, r_peak:        0.040, sig:        4.826, ra_peak:      164.845, dec_peak:        2.115
Characteristic density local = 5150.7 deg^-2 = 1.431 arcmin^-2
Fitting aperture to hotspot...
Candidate: x_peak:        0.605, y_peak:        0.575, r_peak:        0.010, sig:        3.893, ra_peak:      165.136, dec_peak:        2.965
Characteristic density local = 4219.6 deg^-2 = 1.172 arcmin^-2
Fitting aperture to hotspot...
Candidate: x_peak:        0.925, y_peak:       -0.245, r_peak:        0.250, sig:        6.050, ra_peak:      165.456, dec_peak:        2.145
Characteristic density local = 4173.8 deg^-2 = 1.159 arcmin^-2
Fitting aperture to hotspot...
Candidate: x_peak:        1.045, y_peak:       -0.195, r_peak:        0.020, sig:       11.608, ra_peak:      165.576, dec_peak:        2.195
Distance = 100.0 kpc (m-M = 20.0)
847265 objects left after isochrone cut...
Characteristic density = 4200.0 deg^-2
Characteristic density local = 3700.4 deg^-2 = 1.028 arcmin^-2
Fitting aperture to hotspot...
Candidate: x_peak:       -1.165, y_peak:       -0.045, r_peak:        0.020, sig:        8.226, ra_peak:      163.364, dec_peak:        2.345
Characteristic density local = 3561.1 deg^-2 = 0.989 arcmin^-2
Fitting aperture to hotspot...
Candidate: x_peak:       -1.065, y_peak:        0.265, r_peak:        0.020, sig:       15.718, ra_peak:      163.464, dec_peak:        2.655
Characteristic density local = 4231.5 deg^-2 = 1.175 arcmin^-2
Fitting aperture to hotspot...
Candidate: x_peak:        0.165, y_peak:        0.595, r_peak:        0.020, sig:        8.006, ra_peak:      164.695, dec_peak:        2.985
Characteristic density local = 4223.6 deg^-2 = 1.173 arcmin^-2
Fitting aperture to hotspot...
Candidate: x_peak:        0.165, y_peak:       -0.665, r_peak:        0.020, sig:       10.575, ra_peak:      164.695, dec_peak:        1.725
Characteristic density local = 3996.8 deg^-2 = 1.110 arcmin^-2
Fitting aperture to hotspot...
Candidate: x_peak:        0.225, y_peak:       -0.195, r_peak:        0.020, sig:        6.275, ra_peak:      164.755, dec_peak:        2.195
Characteristic density local = 4261.4 deg^-2 = 1.184 arcmin^-2
Fitting aperture to hotspot...
Candidate: x_peak:        0.315, y_peak:       -0.275, r_peak:        0.040, sig:        4.879, ra_peak:      164.845, dec_peak:        2.115
Characteristic density local = 5045.2 deg^-2 = 1.401 arcmin^-2
Fitting aperture to hotspot...
Candidate: x_peak:        0.605, y_peak:        0.575, r_peak:        0.010, sig:        3.931, ra_peak:      165.136, dec_peak:        2.965
Characteristic density local = 4114.2 deg^-2 = 1.143 arcmin^-2
Fitting aperture to hotspot...
Candidate: x_peak:        1.045, y_peak:       -0.195, r_peak:        0.020, sig:       11.663, ra_peak:      165.576, dec_peak:        2.195
Distance = 125.9 kpc (m-M = 20.5)
845104 objects left after isochrone cut...
Characteristic density = 4100.0 deg^-2
Characteristic density local = 3648.6 deg^-2 = 1.014 arcmin^-2
Fitting aperture to hotspot...
Candidate: x_peak:       -1.165, y_peak:       -0.045, r_peak:        0.020, sig:        8.273, ra_peak:      163.364, dec_peak:        2.345
Characteristic density local = 3501.4 deg^-2 = 0.973 arcmin^-2
Fitting aperture to hotspot...
Candidate: x_peak:       -1.065, y_peak:        0.265, r_peak:        0.020, sig:       15.787, ra_peak:      163.464, dec_peak:        2.655
Characteristic density local = 4173.8 deg^-2 = 1.159 arcmin^-2
Fitting aperture to hotspot...
Candidate: x_peak:        0.165, y_peak:       -0.665, r_peak:        0.020, sig:       10.619, ra_peak:      164.695, dec_peak:        1.725
Characteristic density local = 4167.9 deg^-2 = 1.158 arcmin^-2
Fitting aperture to hotspot...
Candidate: x_peak:        0.165, y_peak:        0.595, r_peak:        0.020, sig:        8.058, ra_peak:      164.695, dec_peak:        2.985
Characteristic density local = 3953.0 deg^-2 = 1.098 arcmin^-2
Fitting aperture to hotspot...
Candidate: x_peak:        0.225, y_peak:       -0.195, r_peak:        0.020, sig:        6.309, ra_peak:      164.755, dec_peak:        2.195
Characteristic density local = 4219.6 deg^-2 = 1.172 arcmin^-2
Fitting aperture to hotspot...
Candidate: x_peak:        0.315, y_peak:       -0.275, r_peak:        0.020, sig:        4.788, ra_peak:      164.845, dec_peak:        2.115
Characteristic density local = 4935.8 deg^-2 = 1.371 arcmin^-2
Fitting aperture to hotspot...
Candidate: x_peak:        0.605, y_peak:        0.575, r_peak:        0.010, sig:        3.971, ra_peak:      165.136, dec_peak:        2.965
Characteristic density local = 4058.5 deg^-2 = 1.127 arcmin^-2
Fitting aperture to hotspot...
Candidate: x_peak:        1.045, y_peak:       -0.195, r_peak:        0.020, sig:       11.715, ra_peak:      165.576, dec_peak:        2.195
Distance = 158.5 kpc (m-M = 21.0)
842600 objects left after isochrone cut...
Characteristic density = 4000.0 deg^-2
Characteristic density local = 3618.8 deg^-2 = 1.005 arcmin^-2
Fitting aperture to hotspot...
Candidate: x_peak:       -1.165, y_peak:       -0.045, r_peak:        0.020, sig:        8.300, ra_peak:      163.364, dec_peak:        2.345
Characteristic density local = 3469.6 deg^-2 = 0.964 arcmin^-2
Fitting aperture to hotspot...
Candidate: x_peak:       -1.065, y_peak:        0.265, r_peak:        0.020, sig:       15.824, ra_peak:      163.464, dec_peak:        2.655
Characteristic density local = 4112.2 deg^-2 = 1.142 arcmin^-2
Fitting aperture to hotspot...
Candidate: x_peak:        0.165, y_peak:       -0.665, r_peak:        0.020, sig:       10.674, ra_peak:      164.695, dec_peak:        1.725
Characteristic density local = 4098.2 deg^-2 = 1.138 arcmin^-2
Fitting aperture to hotspot...
Candidate: x_peak:        0.165, y_peak:        0.595, r_peak:        0.020, sig:        8.115, ra_peak:      164.695, dec_peak:        2.985
Characteristic density local = 3895.3 deg^-2 = 1.082 arcmin^-2
Fitting aperture to hotspot...
Candidate: x_peak:        0.225, y_peak:       -0.195, r_peak:        0.020, sig:        6.355, ra_peak:      164.755, dec_peak:        2.195
Characteristic density local = 4150.0 deg^-2 = 1.153 arcmin^-2
Fitting aperture to hotspot...
Candidate: x_peak:        0.315, y_peak:       -0.275, r_peak:        0.040, sig:        4.855, ra_peak:      164.845, dec_peak:        2.115
Characteristic density local = 4822.4 deg^-2 = 1.340 arcmin^-2
Fitting aperture to hotspot...
Candidate: x_peak:        0.605, y_peak:        0.575, r_peak:        0.010, sig:        4.013, ra_peak:      165.136, dec_peak:        2.965
Characteristic density local = 4000.8 deg^-2 = 1.111 arcmin^-2
Fitting aperture to hotspot...
Candidate: x_peak:        1.045, y_peak:       -0.195, r_peak:        0.020, sig:       11.770, ra_peak:      165.576, dec_peak:        2.195
Distance = 199.5 kpc (m-M = 21.5)
839377 objects left after isochrone cut...
Characteristic density = 3900.0 deg^-2
Characteristic density local = 3545.2 deg^-2 = 0.985 arcmin^-2
Fitting aperture to hotspot...
Candidate: x_peak:       -1.165, y_peak:       -0.045, r_peak:        0.020, sig:        8.367, ra_peak:      163.364, dec_peak:        2.345
Characteristic density local = 3386.0 deg^-2 = 0.941 arcmin^-2
Fitting aperture to hotspot...
Candidate: x_peak:       -1.065, y_peak:        0.265, r_peak:        0.020, sig:       15.923, ra_peak:      163.464, dec_peak:        2.655
Characteristic density local = 4010.7 deg^-2 = 1.114 arcmin^-2
Fitting aperture to hotspot...
Candidate: x_peak:        0.165, y_peak:       -0.665, r_peak:        0.020, sig:       10.767, ra_peak:      164.695, dec_peak:        1.725
Characteristic density local = 3970.9 deg^-2 = 1.103 arcmin^-2
Fitting aperture to hotspot...
Candidate: x_peak:        0.175, y_peak:        0.595, r_peak:        0.010, sig:        8.811, ra_peak:      164.705, dec_peak:        2.985
Characteristic density local = 3835.6 deg^-2 = 1.065 arcmin^-2
Fitting aperture to hotspot...
Candidate: x_peak:        0.225, y_peak:       -0.195, r_peak:        0.020, sig:        6.403, ra_peak:      164.755, dec_peak:        2.195
Characteristic density local = 4084.3 deg^-2 = 1.135 arcmin^-2
Fitting aperture to hotspot...
Candidate: x_peak:        0.315, y_peak:       -0.275, r_peak:        0.020, sig:        4.886, ra_peak:      164.845, dec_peak:        2.115
Characteristic density local = 4619.5 deg^-2 = 1.283 arcmin^-2
Fitting aperture to hotspot...
Candidate: x_peak:        0.595, y_peak:        0.575, r_peak:        0.020, sig:        3.959, ra_peak:      165.126, dec_peak:        2.965
Characteristic density local = 3935.1 deg^-2 = 1.093 arcmin^-2
Fitting aperture to hotspot...
Candidate: x_peak:        0.915, y_peak:       -0.255, r_peak:        0.250, sig:        5.843, ra_peak:      165.446, dec_peak:        2.135
Characteristic density local = 3901.3 deg^-2 = 1.084 arcmin^-2
Fitting aperture to hotspot...
Candidate: x_peak:        1.045, y_peak:       -0.195, r_peak:        0.020, sig:       11.669, ra_peak:      165.576, dec_peak:        2.195
Distance = 251.2 kpc (m-M = 22.0)
834665 objects left after isochrone cut...
Characteristic density = 3800.0 deg^-2
Characteristic density local = 3421.8 deg^-2 = 0.951 arcmin^-2
Fitting aperture to hotspot...
Candidate: x_peak:       -1.165, y_peak:       -0.045, r_peak:        0.020, sig:        8.482, ra_peak:      163.364, dec_peak:        2.345
Characteristic density local = 3292.5 deg^-2 = 0.915 arcmin^-2
Fitting aperture to hotspot...
Candidate: x_peak:       -1.065, y_peak:        0.265, r_peak:        0.020, sig:       16.036, ra_peak:      163.464, dec_peak:        2.655
Characteristic density local = 3879.4 deg^-2 = 1.078 arcmin^-2
Fitting aperture to hotspot...
Candidate: x_peak:        0.165, y_peak:       -0.665, r_peak:        0.020, sig:       10.889, ra_peak:      164.695, dec_peak:        1.725
Characteristic density local = 3819.7 deg^-2 = 1.061 arcmin^-2
Fitting aperture to hotspot...
Candidate: x_peak:        0.175, y_peak:        0.595, r_peak:        0.010, sig:        8.897, ra_peak:      164.705, dec_peak:        2.985
Characteristic density local = 3718.3 deg^-2 = 1.033 arcmin^-2
Fitting aperture to hotspot...
Candidate: x_peak:        0.225, y_peak:       -0.195, r_peak:        0.020, sig:        6.500, ra_peak:      164.755, dec_peak:        2.195
Characteristic density local = 3941.1 deg^-2 = 1.095 arcmin^-2
Fitting aperture to hotspot...
Candidate: x_peak:        0.315, y_peak:       -0.275, r_peak:        0.020, sig:        4.992, ra_peak:      164.845, dec_peak:        2.115
Characteristic density local = 4444.4 deg^-2 = 1.235 arcmin^-2
Fitting aperture to hotspot...
Candidate: x_peak:        0.595, y_peak:        0.575, r_peak:        0.030, sig:        4.100, ra_peak:      165.126, dec_peak:        2.965
Characteristic density local = 3770.0 deg^-2 = 1.047 arcmin^-2
Fitting aperture to hotspot...
Candidate: x_peak:        0.915, y_peak:       -0.255, r_peak:        0.250, sig:        5.701, ra_peak:      165.446, dec_peak:        2.135
Characteristic density local = 3756.1 deg^-2 = 1.043 arcmin^-2
Fitting aperture to hotspot...
Candidate: x_peak:        1.045, y_peak:       -0.195, r_peak:        0.020, sig:       11.811, ra_peak:      165.576, dec_peak:        2.195
Distance = 316.2 kpc (m-M = 22.5)
828384 objects left after isochrone cut...
Characteristic density = 3600.0 deg^-2
Characteristic density local = 3205.0 deg^-2 = 0.890 arcmin^-2
Fitting aperture to hotspot...
Candidate: x_peak:       -1.165, y_peak:       -0.045, r_peak:        0.020, sig:        8.693, ra_peak:      163.364, dec_peak:        2.345
Characteristic density local = 3077.7 deg^-2 = 0.855 arcmin^-2
Fitting aperture to hotspot...
Candidate: x_peak:       -1.065, y_peak:        0.275, r_peak:        0.020, sig:       14.674, ra_peak:      163.464, dec_peak:        2.665
Characteristic density local = 3658.6 deg^-2 = 1.016 arcmin^-2
Fitting aperture to hotspot...
Candidate: x_peak:        0.165, y_peak:       -0.665, r_peak:        0.020, sig:       11.103, ra_peak:      164.695, dec_peak:        1.725
Characteristic density local = 3630.7 deg^-2 = 1.009 arcmin^-2
Fitting aperture to hotspot...
Candidate: x_peak:        0.175, y_peak:        0.595, r_peak:        0.010, sig:        9.008, ra_peak:      164.705, dec_peak:        2.985
Characteristic density local = 3521.3 deg^-2 = 0.978 arcmin^-2
Fitting aperture to hotspot...
Candidate: x_peak:        0.225, y_peak:       -0.195, r_peak:        0.020, sig:        6.407, ra_peak:      164.755, dec_peak:        2.195
Characteristic density local = 3722.2 deg^-2 = 1.034 arcmin^-2
Fitting aperture to hotspot...
Candidate: x_peak:        0.315, y_peak:       -0.275, r_peak:        0.040, sig:        4.740, ra_peak:      164.845, dec_peak:        2.115
Characteristic density local = 4223.6 deg^-2 = 1.173 arcmin^-2
Fitting aperture to hotspot...
Candidate: x_peak:        0.595, y_peak:        0.575, r_peak:        0.030, sig:        4.099, ra_peak:      165.126, dec_peak:        2.965
Characteristic density local = 3545.2 deg^-2 = 0.985 arcmin^-2
Fitting aperture to hotspot...
Candidate: x_peak:        0.915, y_peak:       -0.255, r_peak:        0.200, sig:        5.899, ra_peak:      165.446, dec_peak:        2.135
Characteristic density local = 3527.3 deg^-2 = 0.980 arcmin^-2
Fitting aperture to hotspot...
Candidate: x_peak:        1.045, y_peak:       -0.195, r_peak:        0.020, sig:       12.044, ra_peak:      165.576, dec_peak:        2.195
Distance = 398.1 kpc (m-M = 23.0)
820461 objects left after isochrone cut...
Characteristic density = 3300.0 deg^-2
Characteristic density local = 3004.0 deg^-2 = 0.834 arcmin^-2
Fitting aperture to hotspot...
Candidate: x_peak:       -1.165, y_peak:       -0.045, r_peak:        0.020, sig:        8.898, ra_peak:      163.364, dec_peak:        2.345
Characteristic density local = 2844.9 deg^-2 = 0.790 arcmin^-2
Fitting aperture to hotspot...
Candidate: x_peak:       -1.065, y_peak:        0.275, r_peak:        0.020, sig:       14.972, ra_peak:      163.464, dec_peak:        2.665
Characteristic density local = 3362.1 deg^-2 = 0.934 arcmin^-2
Fitting aperture to hotspot...
Candidate: x_peak:        0.165, y_peak:       -0.665, r_peak:        0.020, sig:       11.198, ra_peak:      164.695, dec_peak:        1.725
Characteristic density local = 3386.0 deg^-2 = 0.941 arcmin^-2
Fitting aperture to hotspot...
Candidate: x_peak:        0.175, y_peak:        0.595, r_peak:        0.010, sig:        9.160, ra_peak:      164.705, dec_peak:        2.985
Characteristic density local = 3264.7 deg^-2 = 0.907 arcmin^-2
Fitting aperture to hotspot...
Candidate: x_peak:        0.215, y_peak:       -0.195, r_peak:        0.020, sig:        7.155, ra_peak:      164.745, dec_peak:        2.195
Characteristic density local = 3453.7 deg^-2 = 0.959 arcmin^-2
Fitting aperture to hotspot...
Candidate: x_peak:        0.315, y_peak:       -0.265, r_peak:        0.030, sig:        4.900, ra_peak:      164.845, dec_peak:        2.125
Characteristic density local = 3984.8 deg^-2 = 1.107 arcmin^-2
Fitting aperture to hotspot...
Candidate: x_peak:        0.595, y_peak:        0.575, r_peak:        0.030, sig:        4.335, ra_peak:      165.126, dec_peak:        2.965
Characteristic density local = 3292.5 deg^-2 = 0.915 arcmin^-2
Fitting aperture to hotspot...
Candidate: x_peak:        0.915, y_peak:       -0.255, r_peak:        0.200, sig:        6.046, ra_peak:      165.446, dec_peak:        2.135
Characteristic density local = 3270.6 deg^-2 = 0.909 arcmin^-2
Fitting aperture to hotspot...
Candidate: x_peak:        1.045, y_peak:       -0.195, r_peak:        0.020, sig:       12.320, ra_peak:      165.576, dec_peak:        2.195
16.04 sigma; (RA, Dec, d) = (163.46, 2.65); r = 0.02 deg; d = 251.2, mu = 22.00 mag), mc_source_id: 0.00
12.32 sigma; (RA, Dec, d) = (165.58, 2.19); r = 0.02 deg; d = 398.1, mu = 23.00 mag), mc_source_id: 0.00
11.20 sigma; (RA, Dec, d) = (164.70, 1.72); r = 0.02 deg; d = 398.1, mu = 23.00 mag), mc_source_id: 0.00
9.16 sigma; (RA, Dec, d) = (164.71, 2.98); r = 0.01 deg; d = 398.1, mu = 23.00 mag), mc_source_id: 0.00
8.90 sigma; (RA, Dec, d) = (163.36, 2.34); r = 0.02 deg; d = 398.1, mu = 23.00 mag), mc_source_id: 0.00
7.15 sigma; (RA, Dec, d) = (164.75, 2.19); r = 0.02 deg; d = 398.1, mu = 23.00 mag), mc_source_id: 0.00
6.20 sigma; (RA, Dec, d) = (165.46, 2.14); r = 0.25 deg; d = 25.1, mu = 17.00 mag), mc_source_id: 0.00
4.99 sigma; (RA, Dec, d) = (164.85, 2.11); r = 0.02 deg; d = 251.2, mu = 22.00 mag), mc_source_id: 0.00
4.34 sigma; (RA, Dec, d) = (165.13, 2.96); r = 0.03 deg; d = 398.1, mu = 23.00 mag), mc_source_id: 0.00

------------------------------------------------------------
Job <680763.0> was submitted from <des51.fnal.gov> by user <tavangar>.
Job was executed on host <des40.fnal.gov> as user <tavangar>.
</var/lib/condor/execute/dir_1996306> was used as the initial working directory.
Results reported at Wed Jun  5 11:32:14 CDT 2019

Your job looked like:

------------------------------------------------------------
python /home/s1/tavangar/tavangar_simple/search_algorithm.py 164.53 2.39 0.00 /home/s1/tavangar/tavangar_simple/decals_dr7_results/results_nside_32_5882.csv /home/s1/tavangar/tavangar_simple/decals_dr7_results/decals_dr7_log/results_nside_32_5882.log
------------------------------------------------------------

Successfully completed.

Resource usage summary:

	Real time :			333.10 sec.
	CPU time :			12.38 sec.
	CPU percentage :		87%
	Max Memory :			6683200 KB
	Average Memory :		0 KB

The output (if any) is above this job summary.
