/home/s1/tavangar/tavangar_simple/simple_utils.py:170: FutureWarning: elementwise comparison failed; returning scalar instead, but in the future will perform elementwise comparison
  if np.all(isochrone.stage == 'Main'):
Search coordinates: (RA, Dec) = (118.12, 8.39)
Center healpixel: 5226
Healpixels: [5226 5353 5225 5097 4970 5098 5227 5354 5482]
MC_SOURCE_ID = 0.0
mode = 0: running only on real data
Found 1 objects...
Applying cuts...
723515 star-like objects in ROI...
555862 galaxy-like objects in ROI...
No fracdet map specified ...
Distance = 15.8 kpc (m-M = 16.0)
723506 objects left after isochrone cut...
Characteristic density = 15300.0 deg^-2
Characteristic density local = 17073.3 deg^-2 = 4.743 arcmin^-2
Fitting aperture to hotspot...
Candidate: x_peak:       -0.595, y_peak:        0.495, r_peak:        0.050, sig:        6.615, ra_peak:      117.518, dec_peak:        8.885
Characteristic density local = 16963.9 deg^-2 = 4.712 arcmin^-2
Fitting aperture to hotspot...
Candidate: x_peak:       -0.545, y_peak:        0.345, r_peak:        0.020, sig:        6.947, ra_peak:      117.569, dec_peak:        8.735
Characteristic density local = 17694.1 deg^-2 = 4.915 arcmin^-2
Fitting aperture to hotspot...
Candidate: x_peak:       -0.525, y_peak:        0.185, r_peak:        0.020, sig:        5.635, ra_peak:      117.589, dec_peak:        8.575
Characteristic density local = 16667.5 deg^-2 = 4.630 arcmin^-2
Fitting aperture to hotspot...
Candidate: x_peak:        0.025, y_peak:        0.265, r_peak:        0.040, sig:        3.972, ra_peak:      118.145, dec_peak:        8.655
Characteristic density local = 15857.8 deg^-2 = 4.405 arcmin^-2
Fitting aperture to hotspot...
Candidate: x_peak:        0.745, y_peak:        0.325, r_peak:        0.020, sig:        8.223, ra_peak:      118.874, dec_peak:        8.714
Distance = 20.0 kpc (m-M = 16.5)
723508 objects left after isochrone cut...
Characteristic density = 15300.0 deg^-2
Characteristic density local = 17073.3 deg^-2 = 4.743 arcmin^-2
Fitting aperture to hotspot...
Candidate: x_peak:       -0.595, y_peak:        0.495, r_peak:        0.050, sig:        6.615, ra_peak:      117.518, dec_peak:        8.885
Characteristic density local = 16963.9 deg^-2 = 4.712 arcmin^-2
Fitting aperture to hotspot...
Candidate: x_peak:       -0.545, y_peak:        0.345, r_peak:        0.020, sig:        6.947, ra_peak:      117.569, dec_peak:        8.735
Characteristic density local = 17694.1 deg^-2 = 4.915 arcmin^-2
Fitting aperture to hotspot...
Candidate: x_peak:       -0.525, y_peak:        0.185, r_peak:        0.020, sig:        5.635, ra_peak:      117.589, dec_peak:        8.575
Characteristic density local = 16667.5 deg^-2 = 4.630 arcmin^-2
Fitting aperture to hotspot...
Candidate: x_peak:        0.025, y_peak:        0.265, r_peak:        0.040, sig:        3.972, ra_peak:      118.145, dec_peak:        8.655
Characteristic density local = 15857.8 deg^-2 = 4.405 arcmin^-2
Fitting aperture to hotspot...
Candidate: x_peak:        0.745, y_peak:        0.325, r_peak:        0.020, sig:        8.223, ra_peak:      118.874, dec_peak:        8.714
Distance = 25.1 kpc (m-M = 17.0)
723509 objects left after isochrone cut...
Characteristic density = 15300.0 deg^-2
Characteristic density local = 17073.3 deg^-2 = 4.743 arcmin^-2
Fitting aperture to hotspot...
Candidate: x_peak:       -0.595, y_peak:        0.495, r_peak:        0.050, sig:        6.615, ra_peak:      117.518, dec_peak:        8.885
Characteristic density local = 16963.9 deg^-2 = 4.712 arcmin^-2
Fitting aperture to hotspot...
Candidate: x_peak:       -0.545, y_peak:        0.345, r_peak:        0.020, sig:        6.947, ra_peak:      117.569, dec_peak:        8.735
Characteristic density local = 17694.1 deg^-2 = 4.915 arcmin^-2
Fitting aperture to hotspot...
Candidate: x_peak:       -0.525, y_peak:        0.185, r_peak:        0.020, sig:        5.635, ra_peak:      117.589, dec_peak:        8.575
Characteristic density local = 16667.5 deg^-2 = 4.630 arcmin^-2
Fitting aperture to hotspot...
Candidate: x_peak:        0.025, y_peak:        0.265, r_peak:        0.040, sig:        3.972, ra_peak:      118.145, dec_peak:        8.655
Characteristic density local = 15857.8 deg^-2 = 4.405 arcmin^-2
Fitting aperture to hotspot...
Candidate: x_peak:        0.745, y_peak:        0.325, r_peak:        0.020, sig:        8.223, ra_peak:      118.874, dec_peak:        8.714
Distance = 31.6 kpc (m-M = 17.5)
723504 objects left after isochrone cut...
Characteristic density = 15300.0 deg^-2
Characteristic density local = 17071.4 deg^-2 = 4.742 arcmin^-2
Fitting aperture to hotspot...
Candidate: x_peak:       -0.595, y_peak:        0.495, r_peak:        0.050, sig:        6.616, ra_peak:      117.518, dec_peak:        8.885
Characteristic density local = 16963.9 deg^-2 = 4.712 arcmin^-2
Fitting aperture to hotspot...
Candidate: x_peak:       -0.545, y_peak:        0.345, r_peak:        0.020, sig:        6.947, ra_peak:      117.569, dec_peak:        8.735
Characteristic density local = 17694.1 deg^-2 = 4.915 arcmin^-2
Fitting aperture to hotspot...
Candidate: x_peak:       -0.525, y_peak:        0.185, r_peak:        0.020, sig:        5.635, ra_peak:      117.589, dec_peak:        8.575
Characteristic density local = 16667.5 deg^-2 = 4.630 arcmin^-2
Fitting aperture to hotspot...
Candidate: x_peak:        0.025, y_peak:        0.265, r_peak:        0.040, sig:        3.972, ra_peak:      118.145, dec_peak:        8.655
Characteristic density local = 15857.8 deg^-2 = 4.405 arcmin^-2
Fitting aperture to hotspot...
Candidate: x_peak:        0.745, y_peak:        0.325, r_peak:        0.020, sig:        8.223, ra_peak:      118.874, dec_peak:        8.714
Distance = 39.8 kpc (m-M = 18.0)
723432 objects left after isochrone cut...
Characteristic density = 15300.0 deg^-2
Characteristic density local = 17069.4 deg^-2 = 4.741 arcmin^-2
Fitting aperture to hotspot...
Candidate: x_peak:       -0.595, y_peak:        0.495, r_peak:        0.050, sig:        6.618, ra_peak:      117.518, dec_peak:        8.885
Characteristic density local = 16961.9 deg^-2 = 4.712 arcmin^-2
Fitting aperture to hotspot...
Candidate: x_peak:       -0.545, y_peak:        0.345, r_peak:        0.020, sig:        6.948, ra_peak:      117.569, dec_peak:        8.735
Characteristic density local = 17694.1 deg^-2 = 4.915 arcmin^-2
Fitting aperture to hotspot...
Candidate: x_peak:       -0.525, y_peak:        0.185, r_peak:        0.020, sig:        5.635, ra_peak:      117.589, dec_peak:        8.575
Characteristic density local = 16665.5 deg^-2 = 4.629 arcmin^-2
Fitting aperture to hotspot...
Candidate: x_peak:        0.025, y_peak:        0.265, r_peak:        0.040, sig:        3.973, ra_peak:      118.145, dec_peak:        8.655
Characteristic density local = 15855.8 deg^-2 = 4.404 arcmin^-2
Fitting aperture to hotspot...
Candidate: x_peak:        0.745, y_peak:        0.325, r_peak:        0.020, sig:        8.224, ra_peak:      118.874, dec_peak:        8.714
Distance = 50.1 kpc (m-M = 18.5)
722447 objects left after isochrone cut...
Characteristic density = 15300.0 deg^-2
Characteristic density local = 17055.4 deg^-2 = 4.738 arcmin^-2
Fitting aperture to hotspot...
Candidate: x_peak:       -0.595, y_peak:        0.495, r_peak:        0.050, sig:        6.628, ra_peak:      117.518, dec_peak:        8.885
Characteristic density local = 16938.1 deg^-2 = 4.705 arcmin^-2
Fitting aperture to hotspot...
Candidate: x_peak:       -0.545, y_peak:        0.345, r_peak:        0.020, sig:        6.956, ra_peak:      117.569, dec_peak:        8.735
Characteristic density local = 17662.2 deg^-2 = 4.906 arcmin^-2
Fitting aperture to hotspot...
Candidate: x_peak:       -0.525, y_peak:        0.185, r_peak:        0.020, sig:        5.645, ra_peak:      117.589, dec_peak:        8.575
Characteristic density local = 16655.6 deg^-2 = 4.627 arcmin^-2
Fitting aperture to hotspot...
Candidate: x_peak:        0.025, y_peak:        0.265, r_peak:        0.040, sig:        3.979, ra_peak:      118.145, dec_peak:        8.655
Characteristic density local = 15835.9 deg^-2 = 4.399 arcmin^-2
Fitting aperture to hotspot...
Candidate: x_peak:        0.745, y_peak:        0.325, r_peak:        0.020, sig:        8.231, ra_peak:      118.874, dec_peak:        8.714
Distance = 63.1 kpc (m-M = 19.0)
717410 objects left after isochrone cut...
Characteristic density = 15100.0 deg^-2
Characteristic density local = 16888.3 deg^-2 = 4.691 arcmin^-2
Fitting aperture to hotspot...
Candidate: x_peak:       -0.595, y_peak:        0.495, r_peak:        0.050, sig:        6.532, ra_peak:      117.518, dec_peak:        8.885
Characteristic density local = 15100.0 deg^-2 = 4.194 arcmin^-2
Fitting aperture to hotspot...
Candidate: x_peak:        0.275, y_peak:       -0.975, r_peak:        0.040, sig:        4.135, ra_peak:      118.397, dec_peak:        7.415
Characteristic density local = 16078.6 deg^-2 = 4.466 arcmin^-2
Fitting aperture to hotspot...
Candidate: x_peak:        0.245, y_peak:        0.325, r_peak:        0.010, sig:        2.179, ra_peak:      118.368, dec_peak:        8.715
Characteristic density local = 15189.3 deg^-2 = 4.219 arcmin^-2
Fitting aperture to hotspot...
Candidate: x_peak:        0.405, y_peak:        0.855, r_peak:        0.290, sig:        3.527, ra_peak:      118.530, dec_peak:        9.245
Characteristic density local = 15507.7 deg^-2 = 4.308 arcmin^-2
Fitting aperture to hotspot...
Candidate: x_peak:        0.925, y_peak:       -0.405, r_peak:        0.180, sig:        1.778, ra_peak:      119.054, dec_peak:        7.984
Characteristic density local = 15099.8 deg^-2 = 4.194 arcmin^-2
Fitting aperture to hotspot...
Candidate: x_peak:        1.105, y_peak:       -0.255, r_peak:        0.220, sig:        0.826, ra_peak:      119.236, dec_peak:        8.133
Characteristic density local = 15316.7 deg^-2 = 4.255 arcmin^-2
Fitting aperture to hotspot...
Candidate: x_peak:        1.165, y_peak:       -0.195, r_peak:        0.020, sig:        1.185, ra_peak:      119.297, dec_peak:        8.193
Distance = 79.4 kpc (m-M = 19.5)
709164 objects left after isochrone cut...
Characteristic density = 14700.0 deg^-2
Characteristic density local = 16508.3 deg^-2 = 4.586 arcmin^-2
Fitting aperture to hotspot...
Candidate: x_peak:       -0.595, y_peak:        0.495, r_peak:        0.050, sig:        6.370, ra_peak:      117.518, dec_peak:        8.885
Characteristic density local = 16279.6 deg^-2 = 4.522 arcmin^-2
Fitting aperture to hotspot...
Candidate: x_peak:       -0.545, y_peak:        0.345, r_peak:        0.020, sig:        7.179, ra_peak:      117.569, dec_peak:        8.735
Characteristic density local = 16880.4 deg^-2 = 4.689 arcmin^-2
Fitting aperture to hotspot...
Candidate: x_peak:       -0.525, y_peak:        0.195, r_peak:        0.040, sig:        4.606, ra_peak:      117.589, dec_peak:        8.585
Characteristic density local = 15438.0 deg^-2 = 4.288 arcmin^-2
Fitting aperture to hotspot...
Candidate: x_peak:       -0.195, y_peak:        0.965, r_peak:        0.060, sig:        4.659, ra_peak:      117.922, dec_peak:        9.355
Characteristic density local = 15925.4 deg^-2 = 4.424 arcmin^-2
Fitting aperture to hotspot...
Candidate: x_peak:        0.025, y_peak:        0.265, r_peak:        0.040, sig:        4.221, ra_peak:      118.145, dec_peak:        8.655
Characteristic density local = 15083.9 deg^-2 = 4.190 arcmin^-2
Fitting aperture to hotspot...
Candidate: x_peak:        0.745, y_peak:        0.325, r_peak:        0.020, sig:        8.208, ra_peak:      118.874, dec_peak:        8.714
Distance = 100.0 kpc (m-M = 20.0)
698206 objects left after isochrone cut...
Characteristic density = 14200.0 deg^-2
Characteristic density local = 15923.5 deg^-2 = 4.423 arcmin^-2
Fitting aperture to hotspot...
Candidate: x_peak:       -0.595, y_peak:        0.495, r_peak:        0.040, sig:        6.300, ra_peak:      117.518, dec_peak:        8.885
Characteristic density local = 15728.5 deg^-2 = 4.369 arcmin^-2
Fitting aperture to hotspot...
Candidate: x_peak:       -0.545, y_peak:        0.345, r_peak:        0.020, sig:        7.219, ra_peak:      117.569, dec_peak:        8.735
Characteristic density local = 16373.1 deg^-2 = 4.548 arcmin^-2
Fitting aperture to hotspot...
Candidate: x_peak:       -0.525, y_peak:        0.185, r_peak:        0.020, sig:        5.745, ra_peak:      117.589, dec_peak:        8.575
Characteristic density local = 14875.0 deg^-2 = 4.132 arcmin^-2
Fitting aperture to hotspot...
Candidate: x_peak:       -0.195, y_peak:        0.965, r_peak:        0.050, sig:        4.658, ra_peak:      117.922, dec_peak:        9.355
Characteristic density local = 15346.5 deg^-2 = 4.263 arcmin^-2
Fitting aperture to hotspot...
Candidate: x_peak:        0.025, y_peak:        0.265, r_peak:        0.040, sig:        4.083, ra_peak:      118.145, dec_peak:        8.655
Characteristic density local = 14606.4 deg^-2 = 4.057 arcmin^-2
Fitting aperture to hotspot...
Candidate: x_peak:        0.745, y_peak:        0.325, r_peak:        0.020, sig:        8.387, ra_peak:      118.874, dec_peak:        8.714
Distance = 125.9 kpc (m-M = 20.5)
685088 objects left after isochrone cut...
Characteristic density = 13500.0 deg^-2
Characteristic density local = 15177.4 deg^-2 = 4.216 arcmin^-2
Fitting aperture to hotspot...
Candidate: x_peak:       -0.605, y_peak:        0.495, r_peak:        0.050, sig:        6.560, ra_peak:      117.508, dec_peak:        8.885
Characteristic density local = 15066.0 deg^-2 = 4.185 arcmin^-2
Fitting aperture to hotspot...
Candidate: x_peak:       -0.545, y_peak:        0.345, r_peak:        0.020, sig:        7.301, ra_peak:      117.569, dec_peak:        8.735
Characteristic density local = 15625.0 deg^-2 = 4.340 arcmin^-2
Fitting aperture to hotspot...
Candidate: x_peak:       -0.525, y_peak:        0.185, r_peak:        0.020, sig:        5.997, ra_peak:      117.589, dec_peak:        8.575
Characteristic density local = 14238.4 deg^-2 = 3.955 arcmin^-2
Fitting aperture to hotspot...
Candidate: x_peak:       -0.195, y_peak:        0.965, r_peak:        0.050, sig:        4.749, ra_peak:      117.922, dec_peak:        9.355
Characteristic density local = 14719.8 deg^-2 = 4.089 arcmin^-2
Fitting aperture to hotspot...
Candidate: x_peak:        0.025, y_peak:        0.265, r_peak:        0.040, sig:        4.273, ra_peak:      118.145, dec_peak:        8.655
Characteristic density local = 14304.1 deg^-2 = 3.973 arcmin^-2
Fitting aperture to hotspot...
Candidate: x_peak:        0.165, y_peak:        0.705, r_peak:        0.030, sig:        5.190, ra_peak:      118.287, dec_peak:        9.095
Characteristic density local = 14365.7 deg^-2 = 3.990 arcmin^-2
Fitting aperture to hotspot...
Candidate: x_peak:        0.305, y_peak:        0.615, r_peak:        0.030, sig:        5.781, ra_peak:      118.429, dec_peak:        9.005
Characteristic density local = 13955.9 deg^-2 = 3.877 arcmin^-2
Fitting aperture to hotspot...
Candidate: x_peak:        0.745, y_peak:        0.325, r_peak:        0.020, sig:        8.637, ra_peak:      118.874, dec_peak:        8.714
Distance = 158.5 kpc (m-M = 21.0)
670370 objects left after isochrone cut...
Characteristic density = 12900.0 deg^-2
Characteristic density local = 12900.0 deg^-2 = 3.583 arcmin^-2
Fitting aperture to hotspot...
Candidate: x_peak:       -0.695, y_peak:       -0.225, r_peak:        0.180, sig:        7.128, ra_peak:      117.418, dec_peak:        8.164
Characteristic density local = 14393.6 deg^-2 = 3.998 arcmin^-2
Fitting aperture to hotspot...
Candidate: x_peak:       -0.605, y_peak:        0.495, r_peak:        0.050, sig:        6.720, ra_peak:      117.508, dec_peak:        8.885
Characteristic density local = 14292.1 deg^-2 = 3.970 arcmin^-2
Fitting aperture to hotspot...
Candidate: x_peak:       -0.545, y_peak:        0.345, r_peak:        0.020, sig:        6.954, ra_peak:      117.569, dec_peak:        8.735
Characteristic density local = 14900.9 deg^-2 = 4.139 arcmin^-2
Fitting aperture to hotspot...
Candidate: x_peak:       -0.525, y_peak:        0.185, r_peak:        0.020, sig:        6.086, ra_peak:      117.589, dec_peak:        8.575
Characteristic density local = 13454.6 deg^-2 = 3.737 arcmin^-2
Fitting aperture to hotspot...
Candidate: x_peak:       -0.195, y_peak:        0.965, r_peak:        0.050, sig:        5.134, ra_peak:      117.922, dec_peak:        9.355
Characteristic density local = 13973.8 deg^-2 = 3.882 arcmin^-2
Fitting aperture to hotspot...
Candidate: x_peak:        0.025, y_peak:        0.265, r_peak:        0.040, sig:        4.549, ra_peak:      118.145, dec_peak:        8.655
Characteristic density local = 13589.8 deg^-2 = 3.775 arcmin^-2
Fitting aperture to hotspot...
Candidate: x_peak:        0.165, y_peak:        0.695, r_peak:        0.060, sig:        4.276, ra_peak:      118.287, dec_peak:        9.085
Characteristic density local = 13643.6 deg^-2 = 3.790 arcmin^-2
Fitting aperture to hotspot...
Candidate: x_peak:        0.305, y_peak:        0.615, r_peak:        0.030, sig:        6.029, ra_peak:      118.429, dec_peak:        9.005
Characteristic density local = 13239.7 deg^-2 = 3.678 arcmin^-2
Fitting aperture to hotspot...
Candidate: x_peak:        0.745, y_peak:        0.325, r_peak:        0.020, sig:        8.923, ra_peak:      118.874, dec_peak:        8.714
Distance = 199.5 kpc (m-M = 21.5)
653670 objects left after isochrone cut...
Characteristic density = 12100.0 deg^-2
Characteristic density local = 13381.0 deg^-2 = 3.717 arcmin^-2
Fitting aperture to hotspot...
Candidate: x_peak:       -0.605, y_peak:        0.495, r_peak:        0.050, sig:        7.005, ra_peak:      117.508, dec_peak:        8.885
Characteristic density local = 13333.2 deg^-2 = 3.704 arcmin^-2
Fitting aperture to hotspot...
Candidate: x_peak:       -0.545, y_peak:        0.345, r_peak:        0.020, sig:        7.155, ra_peak:      117.569, dec_peak:        8.735
Characteristic density local = 14009.6 deg^-2 = 3.892 arcmin^-2
Fitting aperture to hotspot...
Candidate: x_peak:       -0.525, y_peak:        0.185, r_peak:        0.020, sig:        6.408, ra_peak:      117.589, dec_peak:        8.575
Characteristic density local = 12567.3 deg^-2 = 3.491 arcmin^-2
Fitting aperture to hotspot...
Candidate: x_peak:       -0.195, y_peak:        0.955, r_peak:        0.060, sig:        5.288, ra_peak:      117.922, dec_peak:        9.345
Characteristic density local = 13084.5 deg^-2 = 3.635 arcmin^-2
Fitting aperture to hotspot...
Candidate: x_peak:        0.025, y_peak:        0.255, r_peak:        0.010, sig:        5.245, ra_peak:      118.145, dec_peak:        8.645
Characteristic density local = 12861.7 deg^-2 = 3.573 arcmin^-2
Fitting aperture to hotspot...
Candidate: x_peak:        0.305, y_peak:        0.615, r_peak:        0.030, sig:        5.941, ra_peak:      118.429, dec_peak:        9.005
Characteristic density local = 12481.7 deg^-2 = 3.467 arcmin^-2
Fitting aperture to hotspot...
Candidate: x_peak:        0.745, y_peak:        0.325, r_peak:        0.020, sig:        9.085, ra_peak:      118.874, dec_peak:        8.714
Distance = 251.2 kpc (m-M = 22.0)
635366 objects left after isochrone cut...
Characteristic density = 11200.0 deg^-2
Characteristic density local = 12372.3 deg^-2 = 3.437 arcmin^-2
Fitting aperture to hotspot...
Candidate: x_peak:       -0.605, y_peak:        0.495, r_peak:        0.030, sig:        7.467, ra_peak:      117.508, dec_peak:        8.885
Characteristic density local = 12324.6 deg^-2 = 3.423 arcmin^-2
Fitting aperture to hotspot...
Candidate: x_peak:       -0.545, y_peak:        0.345, r_peak:        0.020, sig:        7.059, ra_peak:      117.569, dec_peak:        8.735
Characteristic density local = 13022.9 deg^-2 = 3.617 arcmin^-2
Fitting aperture to hotspot...
Candidate: x_peak:       -0.525, y_peak:        0.185, r_peak:        0.020, sig:        6.614, ra_peak:      117.589, dec_peak:        8.575
Characteristic density local = 11632.2 deg^-2 = 3.231 arcmin^-2
Fitting aperture to hotspot...
Candidate: x_peak:       -0.195, y_peak:        0.955, r_peak:        0.050, sig:        5.137, ra_peak:      117.922, dec_peak:        9.345
Characteristic density local = 12121.6 deg^-2 = 3.367 arcmin^-2
Fitting aperture to hotspot...
Candidate: x_peak:        0.025, y_peak:        0.255, r_peak:        0.010, sig:        5.161, ra_peak:      118.145, dec_peak:        8.645
Characteristic density local = 11918.7 deg^-2 = 3.311 arcmin^-2
Fitting aperture to hotspot...
Candidate: x_peak:        0.305, y_peak:        0.615, r_peak:        0.030, sig:        6.206, ra_peak:      118.429, dec_peak:        9.005
Characteristic density local = 11640.2 deg^-2 = 3.233 arcmin^-2
Fitting aperture to hotspot...
Candidate: x_peak:        0.745, y_peak:        0.325, r_peak:        0.020, sig:        9.451, ra_peak:      118.874, dec_peak:        8.714
Distance = 316.2 kpc (m-M = 22.5)
615103 objects left after isochrone cut...
Characteristic density = 10300.0 deg^-2
Characteristic density local = 11395.5 deg^-2 = 3.165 arcmin^-2
Fitting aperture to hotspot...
Candidate: x_peak:       -0.605, y_peak:        0.495, r_peak:        0.030, sig:        7.917, ra_peak:      117.508, dec_peak:        8.885
Characteristic density local = 11321.9 deg^-2 = 3.145 arcmin^-2
Fitting aperture to hotspot...
Candidate: x_peak:       -0.545, y_peak:        0.345, r_peak:        0.020, sig:        7.135, ra_peak:      117.569, dec_peak:        8.735
Characteristic density local = 11884.9 deg^-2 = 3.301 arcmin^-2
Fitting aperture to hotspot...
Candidate: x_peak:       -0.535, y_peak:        0.185, r_peak:        0.020, sig:        6.553, ra_peak:      117.579, dec_peak:        8.575
Characteristic density local = 10575.8 deg^-2 = 2.938 arcmin^-2
Fitting aperture to hotspot...
Candidate: x_peak:       -0.195, y_peak:        0.945, r_peak:        0.060, sig:        5.819, ra_peak:      117.922, dec_peak:        9.335
Characteristic density local = 11117.0 deg^-2 = 3.088 arcmin^-2
Fitting aperture to hotspot...
Candidate: x_peak:        0.025, y_peak:        0.255, r_peak:        0.010, sig:        5.088, ra_peak:      118.145, dec_peak:        8.645
Characteristic density local = 10922.0 deg^-2 = 3.034 arcmin^-2
Fitting aperture to hotspot...
Candidate: x_peak:        0.305, y_peak:        0.615, r_peak:        0.030, sig:        6.256, ra_peak:      118.429, dec_peak:        9.005
Characteristic density local = 10735.0 deg^-2 = 2.982 arcmin^-2
Fitting aperture to hotspot...
Candidate: x_peak:        0.745, y_peak:        0.335, r_peak:        0.030, sig:        8.575, ra_peak:      118.874, dec_peak:        8.724
Distance = 398.1 kpc (m-M = 23.0)
592277 objects left after isochrone cut...
Characteristic density = 9200.0 deg^-2
Characteristic density local = 10201.8 deg^-2 = 2.834 arcmin^-2
Fitting aperture to hotspot...
Candidate: x_peak:       -0.605, y_peak:        0.495, r_peak:        0.030, sig:        8.412, ra_peak:      117.508, dec_peak:        8.885
Characteristic density local = 10074.5 deg^-2 = 2.798 arcmin^-2
Fitting aperture to hotspot...
Candidate: x_peak:       -0.545, y_peak:        0.345, r_peak:        0.020, sig:        7.691, ra_peak:      117.569, dec_peak:        8.735
Characteristic density local = 10633.5 deg^-2 = 2.954 arcmin^-2
Fitting aperture to hotspot...
Candidate: x_peak:       -0.535, y_peak:        0.185, r_peak:        0.020, sig:        6.729, ra_peak:      117.579, dec_peak:        8.575
Characteristic density local = 9503.5 deg^-2 = 2.640 arcmin^-2
Fitting aperture to hotspot...
Candidate: x_peak:       -0.195, y_peak:        0.955, r_peak:        0.050, sig:        6.332, ra_peak:      117.922, dec_peak:        9.345
Characteristic density local = 9724.4 deg^-2 = 2.701 arcmin^-2
Fitting aperture to hotspot...
Candidate: x_peak:        0.155, y_peak:        0.705, r_peak:        0.020, sig:        5.635, ra_peak:      118.277, dec_peak:        9.095
Characteristic density local = 9774.1 deg^-2 = 2.715 arcmin^-2
Fitting aperture to hotspot...
Candidate: x_peak:        0.305, y_peak:        0.615, r_peak:        0.030, sig:        6.136, ra_peak:      118.429, dec_peak:        9.005
Characteristic density local = 9620.9 deg^-2 = 2.672 arcmin^-2
Fitting aperture to hotspot...
Candidate: x_peak:        0.745, y_peak:        0.335, r_peak:        0.030, sig:        9.310, ra_peak:      118.874, dec_peak:        8.724
Characteristic density local = 9973.0 deg^-2 = 2.770 arcmin^-2
Fitting aperture to hotspot...
Candidate: x_peak:        0.755, y_peak:        0.465, r_peak:        0.030, sig:        8.433, ra_peak:      118.884, dec_peak:        8.854
9.45 sigma; (RA, Dec, d) = (118.87, 8.71); r = 0.02 deg; d = 251.2, mu = 22.00 mag), mc_source_id: 0.00
8.43 sigma; (RA, Dec, d) = (118.88, 8.85); r = 0.03 deg; d = 398.1, mu = 23.00 mag), mc_source_id: 0.00
8.41 sigma; (RA, Dec, d) = (117.51, 8.88); r = 0.03 deg; d = 398.1, mu = 23.00 mag), mc_source_id: 0.00
7.69 sigma; (RA, Dec, d) = (117.57, 8.73); r = 0.02 deg; d = 398.1, mu = 23.00 mag), mc_source_id: 0.00
7.13 sigma; (RA, Dec, d) = (117.42, 8.16); r = 0.18 deg; d = 158.5, mu = 21.00 mag), mc_source_id: 0.00
6.73 sigma; (RA, Dec, d) = (117.58, 8.57); r = 0.02 deg; d = 398.1, mu = 23.00 mag), mc_source_id: 0.00
6.33 sigma; (RA, Dec, d) = (117.92, 9.34); r = 0.05 deg; d = 398.1, mu = 23.00 mag), mc_source_id: 0.00
6.26 sigma; (RA, Dec, d) = (118.43, 9.00); r = 0.03 deg; d = 316.2, mu = 22.50 mag), mc_source_id: 0.00
5.64 sigma; (RA, Dec, d) = (118.28, 9.09); r = 0.02 deg; d = 398.1, mu = 23.00 mag), mc_source_id: 0.00
5.25 sigma; (RA, Dec, d) = (118.15, 8.64); r = 0.01 deg; d = 199.5, mu = 21.50 mag), mc_source_id: 0.00
4.55 sigma; (RA, Dec, d) = (118.15, 8.65); r = 0.04 deg; d = 158.5, mu = 21.00 mag), mc_source_id: 0.00
4.14 sigma; (RA, Dec, d) = (118.40, 7.41); r = 0.04 deg; d = 63.1, mu = 19.00 mag), mc_source_id: 0.00
3.53 sigma; (RA, Dec, d) = (118.53, 9.24); r = 0.29 deg; d = 63.1, mu = 19.00 mag), mc_source_id: 0.00
2.18 sigma; (RA, Dec, d) = (118.37, 8.71); r = 0.01 deg; d = 63.1, mu = 19.00 mag), mc_source_id: 0.00
1.78 sigma; (RA, Dec, d) = (119.05, 7.98); r = 0.18 deg; d = 63.1, mu = 19.00 mag), mc_source_id: 0.00
1.18 sigma; (RA, Dec, d) = (119.30, 8.19); r = 0.02 deg; d = 63.1, mu = 19.00 mag), mc_source_id: 0.00
0.83 sigma; (RA, Dec, d) = (119.24, 8.13); r = 0.22 deg; d = 63.1, mu = 19.00 mag), mc_source_id: 0.00

------------------------------------------------------------
Job <680318.0> was submitted from <des51.fnal.gov> by user <tavangar>.
Job was executed on host <des40.fnal.gov> as user <tavangar>.
</var/lib/condor/execute/dir_1901012> was used as the initial working directory.
Results reported at Wed Jun  5 08:45:06 CDT 2019

Your job looked like:

------------------------------------------------------------
python /home/s1/tavangar/tavangar_simple/search_algorithm.py 118.12 8.39 0.00 /home/s1/tavangar/tavangar_simple/decals_dr7_results/results_nside_32_5226.csv /home/s1/tavangar/tavangar_simple/decals_dr7_results/decals_dr7_log/results_nside_32_5226.log
------------------------------------------------------------

Successfully completed.

Resource usage summary:

	Real time :			315.50 sec.
	CPU time :			60.49 sec.
	CPU percentage :		87%
	Max Memory :			4550912 KB
	Average Memory :		0 KB

The output (if any) is above this job summary.
