/home/s1/tavangar/tavangar_simple/simple_utils.py:170: FutureWarning: elementwise comparison failed; returning scalar instead, but in the future will perform elementwise comparison
  if np.all(isochrone.stage == 'Main'):
Search coordinates: (RA, Dec) = (203.91, 16.96)
Center healpixel: 4360
Healpixels: [4360 4488 4359 4232 4104 4233 4361 4489 4616]
MC_SOURCE_ID = 0.0
mode = 0: running only on real data
Found 1 objects...
Applying cuts...
686054 star-like objects in ROI...
1083567 galaxy-like objects in ROI...
No fracdet map specified ...
Distance = 15.8 kpc (m-M = 16.0)
686041 objects left after isochrone cut...
Characteristic density = 5000.0 deg^-2
Characteristic density local = 5192.4 deg^-2 = 1.442 arcmin^-2
Fitting aperture to hotspot...
Candidate: x_peak:       -0.905, y_peak:        0.175, r_peak:        0.020, sig:        8.364, ra_peak:      202.963, dec_peak:       17.133
Characteristic density local = 5158.6 deg^-2 = 1.433 arcmin^-2
Fitting aperture to hotspot...
Candidate: x_peak:       -0.645, y_peak:       -0.325, r_peak:        0.020, sig:       11.337, ra_peak:      203.237, dec_peak:       16.634
Characteristic density local = 5224.3 deg^-2 = 1.451 arcmin^-2
Fitting aperture to hotspot...
Candidate: x_peak:       -0.425, y_peak:       -0.685, r_peak:        0.020, sig:        9.164, ra_peak:      203.467, dec_peak:       16.275
Characteristic density local = 5051.2 deg^-2 = 1.403 arcmin^-2
Fitting aperture to hotspot...
Candidate: x_peak:       -0.415, y_peak:        0.485, r_peak:        0.040, sig:       13.743, ra_peak:      203.475, dec_peak:       17.445
Characteristic density local = 5333.7 deg^-2 = 1.482 arcmin^-2
Fitting aperture to hotspot...
Candidate: x_peak:        0.015, y_peak:        1.225, r_peak:        0.020, sig:        4.837, ra_peak:      203.926, dec_peak:       18.185
Characteristic density local = 5248.1 deg^-2 = 1.458 arcmin^-2
Fitting aperture to hotspot...
Candidate: x_peak:        0.245, y_peak:       -0.165, r_peak:        0.140, sig:        4.413, ra_peak:      204.166, dec_peak:       16.795
Characteristic density local = 5240.2 deg^-2 = 1.456 arcmin^-2
Fitting aperture to hotspot...
Candidate: x_peak:        0.355, y_peak:        0.255, r_peak:        0.020, sig:        5.393, ra_peak:      204.282, dec_peak:       17.215
Characteristic density local = 5140.7 deg^-2 = 1.428 arcmin^-2
Fitting aperture to hotspot...
Candidate: x_peak:        0.405, y_peak:       -0.815, r_peak:        0.010, sig:        8.531, ra_peak:      204.332, dec_peak:       16.145
Distance = 20.0 kpc (m-M = 16.5)
686048 objects left after isochrone cut...
Characteristic density = 5000.0 deg^-2
Characteristic density local = 5192.4 deg^-2 = 1.442 arcmin^-2
Fitting aperture to hotspot...
Candidate: x_peak:       -0.905, y_peak:        0.175, r_peak:        0.020, sig:        8.364, ra_peak:      202.963, dec_peak:       17.133
Characteristic density local = 5158.6 deg^-2 = 1.433 arcmin^-2
Fitting aperture to hotspot...
Candidate: x_peak:       -0.645, y_peak:       -0.325, r_peak:        0.020, sig:       11.337, ra_peak:      203.237, dec_peak:       16.634
Characteristic density local = 5224.3 deg^-2 = 1.451 arcmin^-2
Fitting aperture to hotspot...
Candidate: x_peak:       -0.425, y_peak:       -0.685, r_peak:        0.020, sig:        9.164, ra_peak:      203.467, dec_peak:       16.275
Characteristic density local = 5051.2 deg^-2 = 1.403 arcmin^-2
Fitting aperture to hotspot...
Candidate: x_peak:       -0.415, y_peak:        0.485, r_peak:        0.040, sig:       13.743, ra_peak:      203.475, dec_peak:       17.445
Characteristic density local = 5333.7 deg^-2 = 1.482 arcmin^-2
Fitting aperture to hotspot...
Candidate: x_peak:        0.015, y_peak:        1.225, r_peak:        0.020, sig:        4.837, ra_peak:      203.926, dec_peak:       18.185
Characteristic density local = 5248.1 deg^-2 = 1.458 arcmin^-2
Fitting aperture to hotspot...
Candidate: x_peak:        0.245, y_peak:       -0.165, r_peak:        0.140, sig:        4.413, ra_peak:      204.166, dec_peak:       16.795
Characteristic density local = 5240.2 deg^-2 = 1.456 arcmin^-2
Fitting aperture to hotspot...
Candidate: x_peak:        0.355, y_peak:        0.255, r_peak:        0.020, sig:        5.393, ra_peak:      204.282, dec_peak:       17.215
Characteristic density local = 5140.7 deg^-2 = 1.428 arcmin^-2
Fitting aperture to hotspot...
Candidate: x_peak:        0.405, y_peak:       -0.815, r_peak:        0.010, sig:        8.531, ra_peak:      204.332, dec_peak:       16.145
Distance = 25.1 kpc (m-M = 17.0)
686049 objects left after isochrone cut...
Characteristic density = 5000.0 deg^-2
Characteristic density local = 5192.4 deg^-2 = 1.442 arcmin^-2
Fitting aperture to hotspot...
Candidate: x_peak:       -0.905, y_peak:        0.175, r_peak:        0.020, sig:        8.364, ra_peak:      202.963, dec_peak:       17.133
Characteristic density local = 5158.6 deg^-2 = 1.433 arcmin^-2
Fitting aperture to hotspot...
Candidate: x_peak:       -0.645, y_peak:       -0.325, r_peak:        0.020, sig:       11.337, ra_peak:      203.237, dec_peak:       16.634
Characteristic density local = 5224.3 deg^-2 = 1.451 arcmin^-2
Fitting aperture to hotspot...
Candidate: x_peak:       -0.425, y_peak:       -0.685, r_peak:        0.020, sig:        9.164, ra_peak:      203.467, dec_peak:       16.275
Characteristic density local = 5051.2 deg^-2 = 1.403 arcmin^-2
Fitting aperture to hotspot...
Candidate: x_peak:       -0.415, y_peak:        0.485, r_peak:        0.040, sig:       13.743, ra_peak:      203.475, dec_peak:       17.445
Characteristic density local = 5333.7 deg^-2 = 1.482 arcmin^-2
Fitting aperture to hotspot...
Candidate: x_peak:        0.015, y_peak:        1.225, r_peak:        0.020, sig:        4.837, ra_peak:      203.926, dec_peak:       18.185
Characteristic density local = 5248.1 deg^-2 = 1.458 arcmin^-2
Fitting aperture to hotspot...
Candidate: x_peak:        0.245, y_peak:       -0.165, r_peak:        0.140, sig:        4.413, ra_peak:      204.166, dec_peak:       16.795
Characteristic density local = 5240.2 deg^-2 = 1.456 arcmin^-2
Fitting aperture to hotspot...
Candidate: x_peak:        0.355, y_peak:        0.255, r_peak:        0.020, sig:        5.393, ra_peak:      204.282, dec_peak:       17.215
Characteristic density local = 5140.7 deg^-2 = 1.428 arcmin^-2
Fitting aperture to hotspot...
Candidate: x_peak:        0.405, y_peak:       -0.815, r_peak:        0.010, sig:        8.531, ra_peak:      204.332, dec_peak:       16.145
Distance = 31.6 kpc (m-M = 17.5)
686053 objects left after isochrone cut...
Characteristic density = 5000.0 deg^-2
Characteristic density local = 5192.4 deg^-2 = 1.442 arcmin^-2
Fitting aperture to hotspot...
Candidate: x_peak:       -0.905, y_peak:        0.175, r_peak:        0.020, sig:        8.364, ra_peak:      202.963, dec_peak:       17.133
Characteristic density local = 5158.6 deg^-2 = 1.433 arcmin^-2
Fitting aperture to hotspot...
Candidate: x_peak:       -0.645, y_peak:       -0.325, r_peak:        0.020, sig:       11.337, ra_peak:      203.237, dec_peak:       16.634
Characteristic density local = 5224.3 deg^-2 = 1.451 arcmin^-2
Fitting aperture to hotspot...
Candidate: x_peak:       -0.425, y_peak:       -0.685, r_peak:        0.020, sig:        9.164, ra_peak:      203.467, dec_peak:       16.275
Characteristic density local = 5051.2 deg^-2 = 1.403 arcmin^-2
Fitting aperture to hotspot...
Candidate: x_peak:       -0.415, y_peak:        0.485, r_peak:        0.040, sig:       13.743, ra_peak:      203.475, dec_peak:       17.445
Characteristic density local = 5333.7 deg^-2 = 1.482 arcmin^-2
Fitting aperture to hotspot...
Candidate: x_peak:        0.015, y_peak:        1.225, r_peak:        0.020, sig:        4.837, ra_peak:      203.926, dec_peak:       18.185
Characteristic density local = 5248.1 deg^-2 = 1.458 arcmin^-2
Fitting aperture to hotspot...
Candidate: x_peak:        0.245, y_peak:       -0.165, r_peak:        0.140, sig:        4.413, ra_peak:      204.166, dec_peak:       16.795
Characteristic density local = 5240.2 deg^-2 = 1.456 arcmin^-2
Fitting aperture to hotspot...
Candidate: x_peak:        0.355, y_peak:        0.255, r_peak:        0.020, sig:        5.393, ra_peak:      204.282, dec_peak:       17.215
Characteristic density local = 5140.7 deg^-2 = 1.428 arcmin^-2
Fitting aperture to hotspot...
Candidate: x_peak:        0.405, y_peak:       -0.815, r_peak:        0.010, sig:        8.531, ra_peak:      204.332, dec_peak:       16.145
Distance = 39.8 kpc (m-M = 18.0)
686000 objects left after isochrone cut...
Characteristic density = 5000.0 deg^-2
Characteristic density local = 5190.4 deg^-2 = 1.442 arcmin^-2
Fitting aperture to hotspot...
Candidate: x_peak:       -0.905, y_peak:        0.175, r_peak:        0.020, sig:        8.366, ra_peak:      202.963, dec_peak:       17.133
Characteristic density local = 5156.6 deg^-2 = 1.432 arcmin^-2
Fitting aperture to hotspot...
Candidate: x_peak:       -0.645, y_peak:       -0.325, r_peak:        0.020, sig:       11.339, ra_peak:      203.237, dec_peak:       16.634
Characteristic density local = 5224.3 deg^-2 = 1.451 arcmin^-2
Fitting aperture to hotspot...
Candidate: x_peak:       -0.425, y_peak:       -0.685, r_peak:        0.020, sig:        9.164, ra_peak:      203.467, dec_peak:       16.275
Characteristic density local = 5049.2 deg^-2 = 1.403 arcmin^-2
Fitting aperture to hotspot...
Candidate: x_peak:       -0.415, y_peak:        0.485, r_peak:        0.040, sig:       13.746, ra_peak:      203.475, dec_peak:       17.445
Characteristic density local = 5331.7 deg^-2 = 1.481 arcmin^-2
Fitting aperture to hotspot...
Candidate: x_peak:        0.015, y_peak:        1.225, r_peak:        0.020, sig:        4.838, ra_peak:      203.926, dec_peak:       18.185
Characteristic density local = 5248.1 deg^-2 = 1.458 arcmin^-2
Fitting aperture to hotspot...
Candidate: x_peak:        0.245, y_peak:       -0.165, r_peak:        0.140, sig:        4.413, ra_peak:      204.166, dec_peak:       16.795
Characteristic density local = 5240.2 deg^-2 = 1.456 arcmin^-2
Fitting aperture to hotspot...
Candidate: x_peak:        0.355, y_peak:        0.255, r_peak:        0.020, sig:        5.393, ra_peak:      204.282, dec_peak:       17.215
Characteristic density local = 5140.7 deg^-2 = 1.428 arcmin^-2
Fitting aperture to hotspot...
Candidate: x_peak:        0.405, y_peak:       -0.815, r_peak:        0.010, sig:        8.531, ra_peak:      204.332, dec_peak:       16.145
Distance = 50.1 kpc (m-M = 18.5)
685178 objects left after isochrone cut...
Characteristic density = 5000.0 deg^-2
Characteristic density local = 5150.7 deg^-2 = 1.431 arcmin^-2
Fitting aperture to hotspot...
Candidate: x_peak:       -0.905, y_peak:        0.175, r_peak:        0.020, sig:        8.394, ra_peak:      202.963, dec_peak:       17.133
Characteristic density local = 5124.8 deg^-2 = 1.424 arcmin^-2
Fitting aperture to hotspot...
Candidate: x_peak:       -0.645, y_peak:       -0.325, r_peak:        0.020, sig:       11.364, ra_peak:      203.237, dec_peak:       16.634
Characteristic density local = 5188.5 deg^-2 = 1.441 arcmin^-2
Fitting aperture to hotspot...
Candidate: x_peak:       -0.425, y_peak:       -0.685, r_peak:        0.020, sig:        9.191, ra_peak:      203.467, dec_peak:       16.275
Characteristic density local = 5031.3 deg^-2 = 1.398 arcmin^-2
Fitting aperture to hotspot...
Candidate: x_peak:       -0.415, y_peak:        0.485, r_peak:        0.040, sig:       13.771, ra_peak:      203.475, dec_peak:       17.445
Characteristic density local = 5291.9 deg^-2 = 1.470 arcmin^-2
Fitting aperture to hotspot...
Candidate: x_peak:        0.015, y_peak:        1.225, r_peak:        0.020, sig:        4.863, ra_peak:      203.926, dec_peak:       18.185
Characteristic density local = 5192.4 deg^-2 = 1.442 arcmin^-2
Fitting aperture to hotspot...
Candidate: x_peak:        0.175, y_peak:       -0.095, r_peak:        0.020, sig:        4.670, ra_peak:      204.093, dec_peak:       16.865
Characteristic density local = 5230.2 deg^-2 = 1.453 arcmin^-2
Fitting aperture to hotspot...
Candidate: x_peak:        0.355, y_peak:        0.255, r_peak:        0.020, sig:        5.400, ra_peak:      204.282, dec_peak:       17.215
Characteristic density local = 5124.8 deg^-2 = 1.424 arcmin^-2
Fitting aperture to hotspot...
Candidate: x_peak:        0.405, y_peak:       -0.815, r_peak:        0.010, sig:        8.539, ra_peak:      204.332, dec_peak:       16.145
Distance = 63.1 kpc (m-M = 19.0)
683450 objects left after isochrone cut...
Characteristic density = 5000.0 deg^-2
Characteristic density local = 5087.0 deg^-2 = 1.413 arcmin^-2
Fitting aperture to hotspot...
Candidate: x_peak:       -0.905, y_peak:        0.175, r_peak:        0.020, sig:        8.441, ra_peak:      202.963, dec_peak:       17.133
Characteristic density local = 5047.2 deg^-2 = 1.402 arcmin^-2
Fitting aperture to hotspot...
Candidate: x_peak:       -0.645, y_peak:       -0.325, r_peak:        0.020, sig:       11.426, ra_peak:      203.237, dec_peak:       16.634
Characteristic density local = 5142.7 deg^-2 = 1.429 arcmin^-2
Fitting aperture to hotspot...
Candidate: x_peak:       -0.425, y_peak:       -0.685, r_peak:        0.020, sig:        9.225, ra_peak:      203.467, dec_peak:       16.275
Characteristic density local = 4969.6 deg^-2 = 1.380 arcmin^-2
Fitting aperture to hotspot...
Candidate: x_peak:       -0.415, y_peak:        0.485, r_peak:        0.040, sig:       13.857, ra_peak:      203.475, dec_peak:       17.445
Characteristic density local = 5240.2 deg^-2 = 1.456 arcmin^-2
Fitting aperture to hotspot...
Candidate: x_peak:        0.015, y_peak:        1.225, r_peak:        0.020, sig:        4.895, ra_peak:      203.926, dec_peak:       18.185
Characteristic density local = 5112.9 deg^-2 = 1.420 arcmin^-2
Fitting aperture to hotspot...
Candidate: x_peak:        0.175, y_peak:       -0.095, r_peak:        0.020, sig:        4.720, ra_peak:      204.093, dec_peak:       16.865
Characteristic density local = 5106.9 deg^-2 = 1.419 arcmin^-2
Fitting aperture to hotspot...
Candidate: x_peak:        0.235, y_peak:       -0.155, r_peak:        0.130, sig:        4.507, ra_peak:      204.155, dec_peak:       16.805
Characteristic density local = 5176.5 deg^-2 = 1.438 arcmin^-2
Fitting aperture to hotspot...
Candidate: x_peak:        0.355, y_peak:        0.255, r_peak:        0.020, sig:        5.435, ra_peak:      204.282, dec_peak:       17.215
Characteristic density local = 5067.1 deg^-2 = 1.408 arcmin^-2
Fitting aperture to hotspot...
Candidate: x_peak:        0.405, y_peak:       -0.815, r_peak:        0.010, sig:        8.565, ra_peak:      204.332, dec_peak:       16.145
Distance = 79.4 kpc (m-M = 19.5)
681340 objects left after isochrone cut...
Characteristic density = 4900.0 deg^-2
Characteristic density local = 5001.4 deg^-2 = 1.389 arcmin^-2
Fitting aperture to hotspot...
Candidate: x_peak:       -0.905, y_peak:        0.175, r_peak:        0.020, sig:        8.504, ra_peak:      202.963, dec_peak:       17.133
Characteristic density local = 4989.5 deg^-2 = 1.386 arcmin^-2
Fitting aperture to hotspot...
Candidate: x_peak:       -0.645, y_peak:       -0.325, r_peak:        0.020, sig:       11.473, ra_peak:      203.237, dec_peak:       16.634
Characteristic density local = 5065.1 deg^-2 = 1.407 arcmin^-2
Fitting aperture to hotspot...
Candidate: x_peak:       -0.425, y_peak:       -0.685, r_peak:        0.020, sig:        9.283, ra_peak:      203.467, dec_peak:       16.275
Characteristic density local = 4913.9 deg^-2 = 1.365 arcmin^-2
Fitting aperture to hotspot...
Candidate: x_peak:       -0.415, y_peak:        0.485, r_peak:        0.040, sig:       13.821, ra_peak:      203.475, dec_peak:       17.445
Characteristic density local = 5182.5 deg^-2 = 1.440 arcmin^-2
Fitting aperture to hotspot...
Candidate: x_peak:        0.015, y_peak:        1.225, r_peak:        0.020, sig:        4.932, ra_peak:      203.926, dec_peak:       18.185
Characteristic density local = 5049.2 deg^-2 = 1.403 arcmin^-2
Fitting aperture to hotspot...
Candidate: x_peak:        0.175, y_peak:       -0.095, r_peak:        0.020, sig:        4.760, ra_peak:      204.093, dec_peak:       16.865
Characteristic density local = 5110.9 deg^-2 = 1.420 arcmin^-2
Fitting aperture to hotspot...
Candidate: x_peak:        0.355, y_peak:        0.255, r_peak:        0.020, sig:        5.477, ra_peak:      204.282, dec_peak:       17.215
Characteristic density local = 4995.5 deg^-2 = 1.388 arcmin^-2
Fitting aperture to hotspot...
Candidate: x_peak:        0.405, y_peak:       -0.815, r_peak:        0.010, sig:        8.599, ra_peak:      204.332, dec_peak:       16.145
Distance = 100.0 kpc (m-M = 20.0)
678683 objects left after isochrone cut...
Characteristic density = 4800.0 deg^-2
Characteristic density local = 4919.9 deg^-2 = 1.367 arcmin^-2
Fitting aperture to hotspot...
Candidate: x_peak:       -0.905, y_peak:        0.175, r_peak:        0.020, sig:        8.564, ra_peak:      202.963, dec_peak:       17.133
Characteristic density local = 4894.0 deg^-2 = 1.359 arcmin^-2
Fitting aperture to hotspot...
Candidate: x_peak:       -0.645, y_peak:       -0.325, r_peak:        0.020, sig:       11.551, ra_peak:      203.237, dec_peak:       16.634
Characteristic density local = 4975.6 deg^-2 = 1.382 arcmin^-2
Fitting aperture to hotspot...
Candidate: x_peak:       -0.425, y_peak:       -0.685, r_peak:        0.020, sig:        9.351, ra_peak:      203.467, dec_peak:       16.275
Characteristic density local = 4836.3 deg^-2 = 1.343 arcmin^-2
Fitting aperture to hotspot...
Candidate: x_peak:       -0.415, y_peak:        0.485, r_peak:        0.040, sig:       13.931, ra_peak:      203.475, dec_peak:       17.445
Characteristic density local = 5120.8 deg^-2 = 1.422 arcmin^-2
Fitting aperture to hotspot...
Candidate: x_peak:       -0.325, y_peak:        0.785, r_peak:        0.010, sig:        7.271, ra_peak:      203.569, dec_peak:       17.745
Characteristic density local = 5077.0 deg^-2 = 1.410 arcmin^-2
Fitting aperture to hotspot...
Candidate: x_peak:        0.015, y_peak:        1.225, r_peak:        0.020, sig:        4.999, ra_peak:      203.926, dec_peak:       18.185
Characteristic density local = 4977.6 deg^-2 = 1.383 arcmin^-2
Fitting aperture to hotspot...
Candidate: x_peak:        0.175, y_peak:       -0.095, r_peak:        0.020, sig:        4.807, ra_peak:      204.093, dec_peak:       16.865
Characteristic density local = 5043.2 deg^-2 = 1.401 arcmin^-2
Fitting aperture to hotspot...
Candidate: x_peak:        0.355, y_peak:        0.255, r_peak:        0.020, sig:        5.522, ra_peak:      204.282, dec_peak:       17.215
Characteristic density local = 4909.9 deg^-2 = 1.364 arcmin^-2
Fitting aperture to hotspot...
Candidate: x_peak:        0.405, y_peak:       -0.815, r_peak:        0.010, sig:        8.330, ra_peak:      204.332, dec_peak:       16.145
Distance = 125.9 kpc (m-M = 20.5)
675603 objects left after isochrone cut...
Characteristic density = 4700.0 deg^-2
Characteristic density local = 4848.3 deg^-2 = 1.347 arcmin^-2
Fitting aperture to hotspot...
Candidate: x_peak:       -0.905, y_peak:        0.175, r_peak:        0.020, sig:        8.618, ra_peak:      202.963, dec_peak:       17.133
Characteristic density local = 4798.5 deg^-2 = 1.333 arcmin^-2
Fitting aperture to hotspot...
Candidate: x_peak:       -0.645, y_peak:       -0.325, r_peak:        0.020, sig:       11.631, ra_peak:      203.237, dec_peak:       16.634
Characteristic density local = 4862.2 deg^-2 = 1.351 arcmin^-2
Fitting aperture to hotspot...
Candidate: x_peak:       -0.425, y_peak:       -0.685, r_peak:        0.020, sig:        9.438, ra_peak:      203.467, dec_peak:       16.275
Characteristic density local = 4756.7 deg^-2 = 1.321 arcmin^-2
Fitting aperture to hotspot...
Candidate: x_peak:       -0.415, y_peak:        0.485, r_peak:        0.040, sig:       13.930, ra_peak:      203.475, dec_peak:       17.445
Characteristic density local = 5033.3 deg^-2 = 1.398 arcmin^-2
Fitting aperture to hotspot...
Candidate: x_peak:       -0.325, y_peak:        0.785, r_peak:        0.010, sig:        7.310, ra_peak:      203.569, dec_peak:       17.745
Characteristic density local = 4995.5 deg^-2 = 1.388 arcmin^-2
Fitting aperture to hotspot...
Candidate: x_peak:        0.015, y_peak:        1.225, r_peak:        0.020, sig:        5.052, ra_peak:      203.926, dec_peak:       18.185
Characteristic density local = 4862.2 deg^-2 = 1.351 arcmin^-2
Fitting aperture to hotspot...
Candidate: x_peak:        0.175, y_peak:       -0.095, r_peak:        0.020, sig:        4.882, ra_peak:      204.093, dec_peak:       16.865
Characteristic density local = 4963.6 deg^-2 = 1.379 arcmin^-2
Fitting aperture to hotspot...
Candidate: x_peak:        0.355, y_peak:        0.255, r_peak:        0.020, sig:        5.575, ra_peak:      204.282, dec_peak:       17.215
Characteristic density local = 4820.4 deg^-2 = 1.339 arcmin^-2
Fitting aperture to hotspot...
Candidate: x_peak:        0.405, y_peak:       -0.825, r_peak:        0.020, sig:        7.100, ra_peak:      204.332, dec_peak:       16.135
Distance = 158.5 kpc (m-M = 21.0)
671892 objects left after isochrone cut...
Characteristic density = 4600.0 deg^-2
Characteristic density local = 4726.9 deg^-2 = 1.313 arcmin^-2
Fitting aperture to hotspot...
Candidate: x_peak:       -0.905, y_peak:        0.175, r_peak:        0.020, sig:        8.711, ra_peak:      202.963, dec_peak:       17.133
Characteristic density local = 4679.2 deg^-2 = 1.300 arcmin^-2
Fitting aperture to hotspot...
Candidate: x_peak:       -0.645, y_peak:       -0.325, r_peak:        0.020, sig:       11.732, ra_peak:      203.237, dec_peak:       16.634
Characteristic density local = 4728.9 deg^-2 = 1.314 arcmin^-2
Fitting aperture to hotspot...
Candidate: x_peak:       -0.425, y_peak:       -0.685, r_peak:        0.020, sig:        9.543, ra_peak:      203.467, dec_peak:       16.275
Characteristic density local = 4625.4 deg^-2 = 1.285 arcmin^-2
Fitting aperture to hotspot...
Candidate: x_peak:       -0.415, y_peak:        0.485, r_peak:        0.040, sig:       13.890, ra_peak:      203.475, dec_peak:       17.445
Characteristic density local = 4917.9 deg^-2 = 1.366 arcmin^-2
Fitting aperture to hotspot...
Candidate: x_peak:       -0.325, y_peak:        0.785, r_peak:        0.010, sig:        7.361, ra_peak:      203.569, dec_peak:       17.745
Characteristic density local = 4874.1 deg^-2 = 1.354 arcmin^-2
Fitting aperture to hotspot...
Candidate: x_peak:        0.015, y_peak:        1.225, r_peak:        0.020, sig:        5.132, ra_peak:      203.926, dec_peak:       18.185
Characteristic density local = 4711.0 deg^-2 = 1.309 arcmin^-2
Fitting aperture to hotspot...
Candidate: x_peak:        0.165, y_peak:       -0.095, r_peak:        0.020, sig:        5.241, ra_peak:      204.082, dec_peak:       16.865
Characteristic density local = 4832.3 deg^-2 = 1.342 arcmin^-2
Fitting aperture to hotspot...
Candidate: x_peak:        0.355, y_peak:        0.255, r_peak:        0.020, sig:        5.663, ra_peak:      204.282, dec_peak:       17.215
Characteristic density local = 4709.0 deg^-2 = 1.308 arcmin^-2
Fitting aperture to hotspot...
Candidate: x_peak:        0.405, y_peak:       -0.825, r_peak:        0.020, sig:        7.181, ra_peak:      204.332, dec_peak:       16.135
Distance = 199.5 kpc (m-M = 21.5)
667328 objects left after isochrone cut...
Characteristic density = 4400.0 deg^-2
Characteristic density local = 4599.6 deg^-2 = 1.278 arcmin^-2
Fitting aperture to hotspot...
Candidate: x_peak:       -0.905, y_peak:        0.175, r_peak:        0.020, sig:        8.811, ra_peak:      202.963, dec_peak:       17.133
Characteristic density local = 4514.0 deg^-2 = 1.254 arcmin^-2
Fitting aperture to hotspot...
Candidate: x_peak:       -0.645, y_peak:       -0.325, r_peak:        0.020, sig:       11.875, ra_peak:      203.237, dec_peak:       16.634
Characteristic density local = 4589.6 deg^-2 = 1.275 arcmin^-2
Fitting aperture to hotspot...
Candidate: x_peak:       -0.425, y_peak:       -0.685, r_peak:        0.020, sig:        9.655, ra_peak:      203.467, dec_peak:       16.275
Characteristic density local = 4508.1 deg^-2 = 1.252 arcmin^-2
Fitting aperture to hotspot...
Candidate: x_peak:       -0.415, y_peak:        0.485, r_peak:        0.040, sig:       13.947, ra_peak:      203.475, dec_peak:       17.445
Characteristic density local = 4736.8 deg^-2 = 1.316 arcmin^-2
Fitting aperture to hotspot...
Candidate: x_peak:       -0.325, y_peak:        0.785, r_peak:        0.010, sig:        7.444, ra_peak:      203.569, dec_peak:       17.745
Characteristic density local = 4736.8 deg^-2 = 1.316 arcmin^-2
Fitting aperture to hotspot...
Candidate: x_peak:        0.015, y_peak:        1.225, r_peak:        0.020, sig:        4.965, ra_peak:      203.926, dec_peak:       18.185
Characteristic density local = 4587.6 deg^-2 = 1.274 arcmin^-2
Fitting aperture to hotspot...
Candidate: x_peak:        0.175, y_peak:       -0.095, r_peak:        0.020, sig:        5.067, ra_peak:      204.093, dec_peak:       16.865
Characteristic density local = 4677.2 deg^-2 = 1.299 arcmin^-2
Fitting aperture to hotspot...
Candidate: x_peak:        0.355, y_peak:        0.255, r_peak:        0.020, sig:        5.771, ra_peak:      204.282, dec_peak:       17.215
Characteristic density local = 4559.8 deg^-2 = 1.267 arcmin^-2
Fitting aperture to hotspot...
Candidate: x_peak:        0.405, y_peak:       -0.825, r_peak:        0.020, sig:        7.292, ra_peak:      204.332, dec_peak:       16.135
Distance = 251.2 kpc (m-M = 22.0)
661815 objects left after isochrone cut...
Characteristic density = 4300.0 deg^-2
Characteristic density local = 4396.7 deg^-2 = 1.221 arcmin^-2
Fitting aperture to hotspot...
Candidate: x_peak:       -0.905, y_peak:        0.175, r_peak:        0.020, sig:        8.974, ra_peak:      202.963, dec_peak:       17.133
Characteristic density local = 4279.3 deg^-2 = 1.189 arcmin^-2
Fitting aperture to hotspot...
Candidate: x_peak:       -0.645, y_peak:       -0.325, r_peak:        0.020, sig:       12.085, ra_peak:      203.237, dec_peak:       16.634
Characteristic density local = 4333.0 deg^-2 = 1.204 arcmin^-2
Fitting aperture to hotspot...
Candidate: x_peak:       -0.435, y_peak:       -0.685, r_peak:        0.020, sig:       10.479, ra_peak:      203.457, dec_peak:       16.274
Characteristic density local = 4309.1 deg^-2 = 1.197 arcmin^-2
Fitting aperture to hotspot...
Candidate: x_peak:       -0.415, y_peak:        0.485, r_peak:        0.040, sig:       13.893, ra_peak:      203.475, dec_peak:       17.445
Characteristic density local = 4535.9 deg^-2 = 1.260 arcmin^-2
Fitting aperture to hotspot...
Candidate: x_peak:       -0.325, y_peak:        0.785, r_peak:        0.010, sig:        7.199, ra_peak:      203.569, dec_peak:       17.745
Characteristic density local = 4537.9 deg^-2 = 1.261 arcmin^-2
Fitting aperture to hotspot...
Candidate: x_peak:        0.015, y_peak:        1.225, r_peak:        0.020, sig:        5.101, ra_peak:      203.926, dec_peak:       18.185
Characteristic density local = 4388.7 deg^-2 = 1.219 arcmin^-2
Fitting aperture to hotspot...
Candidate: x_peak:        0.165, y_peak:       -0.095, r_peak:        0.020, sig:        5.467, ra_peak:      204.082, dec_peak:       16.865
Characteristic density local = 4464.3 deg^-2 = 1.240 arcmin^-2
Fitting aperture to hotspot...
Candidate: x_peak:        0.355, y_peak:        0.255, r_peak:        0.020, sig:        5.922, ra_peak:      204.282, dec_peak:       17.215
Characteristic density local = 4360.8 deg^-2 = 1.211 arcmin^-2
Fitting aperture to hotspot...
Candidate: x_peak:        0.405, y_peak:       -0.825, r_peak:        0.020, sig:        7.211, ra_peak:      204.332, dec_peak:       16.135
Distance = 316.2 kpc (m-M = 22.5)
654903 objects left after isochrone cut...
Characteristic density = 4000.0 deg^-2
Characteristic density local = 4183.8 deg^-2 = 1.162 arcmin^-2
Fitting aperture to hotspot...
Candidate: x_peak:       -0.905, y_peak:        0.175, r_peak:        0.020, sig:        8.934, ra_peak:      202.963, dec_peak:       17.133
Characteristic density local = 4030.6 deg^-2 = 1.120 arcmin^-2
Fitting aperture to hotspot...
Candidate: x_peak:       -0.645, y_peak:       -0.325, r_peak:        0.020, sig:       12.319, ra_peak:      203.237, dec_peak:       16.634
Characteristic density local = 4070.4 deg^-2 = 1.131 arcmin^-2
Fitting aperture to hotspot...
Candidate: x_peak:       -0.415, y_peak:        0.485, r_peak:        0.040, sig:       14.148, ra_peak:      203.475, dec_peak:       17.445
Characteristic density local = 4090.3 deg^-2 = 1.136 arcmin^-2
Fitting aperture to hotspot...
Candidate: x_peak:       -0.435, y_peak:       -0.685, r_peak:        0.020, sig:       10.694, ra_peak:      203.457, dec_peak:       16.274
Characteristic density local = 4285.2 deg^-2 = 1.190 arcmin^-2
Fitting aperture to hotspot...
Candidate: x_peak:       -0.315, y_peak:        0.785, r_peak:        0.020, sig:        6.550, ra_peak:      203.579, dec_peak:       17.745
Characteristic density local = 4317.1 deg^-2 = 1.199 arcmin^-2
Fitting aperture to hotspot...
Candidate: x_peak:        0.015, y_peak:        1.225, r_peak:        0.020, sig:        4.719, ra_peak:      203.926, dec_peak:       18.185
Characteristic density local = 4189.8 deg^-2 = 1.164 arcmin^-2
Fitting aperture to hotspot...
Candidate: x_peak:        0.175, y_peak:       -0.095, r_peak:        0.020, sig:        4.532, ra_peak:      204.093, dec_peak:       16.865
Characteristic density local = 4227.6 deg^-2 = 1.174 arcmin^-2
Fitting aperture to hotspot...
Candidate: x_peak:        0.355, y_peak:        0.255, r_peak:        0.020, sig:        6.097, ra_peak:      204.282, dec_peak:       17.215
Characteristic density local = 4116.1 deg^-2 = 1.143 arcmin^-2
Fitting aperture to hotspot...
Candidate: x_peak:        0.405, y_peak:       -0.825, r_peak:        0.020, sig:        6.925, ra_peak:      204.332, dec_peak:       16.135
Distance = 398.1 kpc (m-M = 23.0)
646531 objects left after isochrone cut...
Characteristic density = 3800.0 deg^-2
Characteristic density local = 3921.2 deg^-2 = 1.089 arcmin^-2
Fitting aperture to hotspot...
Candidate: x_peak:       -0.905, y_peak:        0.175, r_peak:        0.020, sig:        9.161, ra_peak:      202.963, dec_peak:       17.133
Characteristic density local = 3764.0 deg^-2 = 1.046 arcmin^-2
Fitting aperture to hotspot...
Candidate: x_peak:       -0.645, y_peak:       -0.325, r_peak:        0.020, sig:       12.582, ra_peak:      203.237, dec_peak:       16.634
Characteristic density local = 3845.6 deg^-2 = 1.068 arcmin^-2
Fitting aperture to hotspot...
Candidate: x_peak:       -0.435, y_peak:       -0.675, r_peak:        0.030, sig:        9.096, ra_peak:      203.457, dec_peak:       16.284
Characteristic density local = 3797.8 deg^-2 = 1.055 arcmin^-2
Fitting aperture to hotspot...
Candidate: x_peak:       -0.415, y_peak:        0.485, r_peak:        0.040, sig:       14.229, ra_peak:      203.475, dec_peak:       17.445
Characteristic density local = 3980.9 deg^-2 = 1.106 arcmin^-2
Fitting aperture to hotspot...
Candidate: x_peak:        0.015, y_peak:        1.225, r_peak:        0.020, sig:        4.963, ra_peak:      203.926, dec_peak:       18.185
Characteristic density local = 3941.1 deg^-2 = 1.095 arcmin^-2
Fitting aperture to hotspot...
Candidate: x_peak:        0.175, y_peak:       -0.095, r_peak:        0.020, sig:        4.136, ra_peak:      204.093, dec_peak:       16.865
Characteristic density local = 3949.0 deg^-2 = 1.097 arcmin^-2
Fitting aperture to hotspot...
Candidate: x_peak:        0.245, y_peak:       -0.165, r_peak:        0.130, sig:        4.283, ra_peak:      204.166, dec_peak:       16.795
Characteristic density local = 3933.1 deg^-2 = 1.093 arcmin^-2
Fitting aperture to hotspot...
Candidate: x_peak:        0.355, y_peak:        0.255, r_peak:        0.020, sig:        6.325, ra_peak:      204.282, dec_peak:       17.215
Characteristic density local = 3813.8 deg^-2 = 1.059 arcmin^-2
Fitting aperture to hotspot...
Candidate: x_peak:        0.405, y_peak:       -0.825, r_peak:        0.020, sig:        7.172, ra_peak:      204.332, dec_peak:       16.135
14.23 sigma; (RA, Dec, d) = (203.47, 17.44); r = 0.04 deg; d = 398.1, mu = 23.00 mag), mc_source_id: 0.00
12.58 sigma; (RA, Dec, d) = (203.24, 16.63); r = 0.02 deg; d = 398.1, mu = 23.00 mag), mc_source_id: 0.00
10.69 sigma; (RA, Dec, d) = (203.46, 16.27); r = 0.02 deg; d = 316.2, mu = 22.50 mag), mc_source_id: 0.00
9.16 sigma; (RA, Dec, d) = (202.96, 17.13); r = 0.02 deg; d = 398.1, mu = 23.00 mag), mc_source_id: 0.00
8.60 sigma; (RA, Dec, d) = (204.33, 16.14); r = 0.01 deg; d = 79.4, mu = 19.50 mag), mc_source_id: 0.00
7.44 sigma; (RA, Dec, d) = (203.57, 17.74); r = 0.01 deg; d = 199.5, mu = 21.50 mag), mc_source_id: 0.00
7.29 sigma; (RA, Dec, d) = (204.33, 16.13); r = 0.02 deg; d = 199.5, mu = 21.50 mag), mc_source_id: 0.00
6.33 sigma; (RA, Dec, d) = (204.28, 17.21); r = 0.02 deg; d = 398.1, mu = 23.00 mag), mc_source_id: 0.00
5.47 sigma; (RA, Dec, d) = (204.08, 16.86); r = 0.02 deg; d = 251.2, mu = 22.00 mag), mc_source_id: 0.00
5.13 sigma; (RA, Dec, d) = (203.93, 18.19); r = 0.02 deg; d = 158.5, mu = 21.00 mag), mc_source_id: 0.00
4.51 sigma; (RA, Dec, d) = (204.16, 16.80); r = 0.13 deg; d = 63.1, mu = 19.00 mag), mc_source_id: 0.00

------------------------------------------------------------
Job <679739.0> was submitted from <des51.fnal.gov> by user <tavangar>.
Job was executed on host <des40.fnal.gov> as user <tavangar>.
</var/lib/condor/execute/dir_1796003> was used as the initial working directory.
Results reported at Wed Jun  5 05:55:22 CDT 2019

Your job looked like:

------------------------------------------------------------
python /home/s1/tavangar/tavangar_simple/search_algorithm.py 203.91 16.96 0.00 /home/s1/tavangar/tavangar_simple/decals_dr7_results/results_nside_32_4360.csv /home/s1/tavangar/tavangar_simple/decals_dr7_results/decals_dr7_log/results_nside_32_4360.log
------------------------------------------------------------

Successfully completed.

Resource usage summary:

	Real time :			377.80 sec.
	CPU time :			106.46 sec.
	CPU percentage :		88%
	Max Memory :			6164016 KB
	Average Memory :		0 KB

The output (if any) is above this job summary.
