/home/s1/tavangar/tavangar_simple/simple_utils.py:170: FutureWarning: elementwise comparison failed; returning scalar instead, but in the future will perform elementwise comparison
  if np.all(isochrone.stage == 'Main'):
Search coordinates: (RA, Dec) = (140.62, 34.23)
Center healpixel: 2674
Healpixels: [2674 2801 2673 2545 2418 2546 2675 2802 2930]
MC_SOURCE_ID = 0.0
mode = 0: running only on real data
Found 1 objects...
Applying cuts...
241956 star-like objects in ROI...
339697 galaxy-like objects in ROI...
No fracdet map specified ...
Distance = 15.8 kpc (m-M = 16.0)
241949 objects left after isochrone cut...
Characteristic density = 4800.0 deg^-2
Characteristic density local = 4800.0 deg^-2 = 1.333 arcmin^-2
Fitting aperture to hotspot...
Candidate: x_peak:       -0.865, y_peak:        0.005, r_peak:        0.050, sig:        5.305, ra_peak:      139.574, dec_peak:       34.231
Characteristic density local = 4800.0 deg^-2 = 1.333 arcmin^-2
Fitting aperture to hotspot...
Candidate: x_peak:       -0.785, y_peak:        0.155, r_peak:        0.060, sig:        3.809, ra_peak:      139.669, dec_peak:       34.381
Characteristic density local = 4876.1 deg^-2 = 1.354 arcmin^-2
Fitting aperture to hotspot...
Candidate: x_peak:       -0.275, y_peak:       -1.095, r_peak:        0.280, sig:        5.008, ra_peak:      140.292, dec_peak:       33.135
Characteristic density local = 4953.7 deg^-2 = 1.376 arcmin^-2
Fitting aperture to hotspot...
Candidate: x_peak:       -0.255, y_peak:       -1.115, r_peak:        0.240, sig:        5.268, ra_peak:      140.316, dec_peak:       33.115
Characteristic density local = 4800.0 deg^-2 = 1.333 arcmin^-2
Fitting aperture to hotspot...
Candidate: x_peak:        0.045, y_peak:       -0.835, r_peak:        0.050, sig:        4.916, ra_peak:      140.674, dec_peak:       33.395
Characteristic density local = 4227.6 deg^-2 = 1.174 arcmin^-2
Fitting aperture to hotspot...
Candidate: x_peak:       -0.175, y_peak:       -1.025, r_peak:        0.290, sig:       10.306, ra_peak:      140.411, dec_peak:       33.205
Characteristic density local = 4398.6 deg^-2 = 1.222 arcmin^-2
Fitting aperture to hotspot...
Candidate: x_peak:       -0.075, y_peak:       -1.055, r_peak:        0.290, sig:        9.067, ra_peak:      140.530, dec_peak:       33.175
Characteristic density local = 5297.9 deg^-2 = 1.472 arcmin^-2
Fitting aperture to hotspot...
Candidate: x_peak:        0.125, y_peak:       -1.285, r_peak:        0.050, sig:        7.961, ra_peak:      140.769, dec_peak:       32.945
Characteristic density local = 4993.5 deg^-2 = 1.387 arcmin^-2
Fitting aperture to hotspot...
Candidate: x_peak:        0.155, y_peak:       -1.145, r_peak:        0.020, sig:       10.716, ra_peak:      140.805, dec_peak:       33.085
Distance = 20.0 kpc (m-M = 16.5)
241951 objects left after isochrone cut...
Characteristic density = 4800.0 deg^-2
Characteristic density local = 4800.0 deg^-2 = 1.333 arcmin^-2
Fitting aperture to hotspot...
Candidate: x_peak:       -0.865, y_peak:        0.005, r_peak:        0.050, sig:        5.305, ra_peak:      139.574, dec_peak:       34.231
Characteristic density local = 4800.0 deg^-2 = 1.333 arcmin^-2
Fitting aperture to hotspot...
Candidate: x_peak:       -0.785, y_peak:        0.155, r_peak:        0.060, sig:        3.809, ra_peak:      139.669, dec_peak:       34.381
Characteristic density local = 4876.1 deg^-2 = 1.354 arcmin^-2
Fitting aperture to hotspot...
Candidate: x_peak:       -0.275, y_peak:       -1.095, r_peak:        0.280, sig:        5.008, ra_peak:      140.292, dec_peak:       33.135
Characteristic density local = 4953.7 deg^-2 = 1.376 arcmin^-2
Fitting aperture to hotspot...
Candidate: x_peak:       -0.255, y_peak:       -1.115, r_peak:        0.240, sig:        5.268, ra_peak:      140.316, dec_peak:       33.115
Characteristic density local = 4800.0 deg^-2 = 1.333 arcmin^-2
Fitting aperture to hotspot...
Candidate: x_peak:        0.045, y_peak:       -0.835, r_peak:        0.050, sig:        4.916, ra_peak:      140.674, dec_peak:       33.395
Characteristic density local = 4227.6 deg^-2 = 1.174 arcmin^-2
Fitting aperture to hotspot...
Candidate: x_peak:       -0.175, y_peak:       -1.025, r_peak:        0.290, sig:       10.306, ra_peak:      140.411, dec_peak:       33.205
Characteristic density local = 4398.6 deg^-2 = 1.222 arcmin^-2
Fitting aperture to hotspot...
Candidate: x_peak:       -0.075, y_peak:       -1.055, r_peak:        0.290, sig:        9.067, ra_peak:      140.530, dec_peak:       33.175
Characteristic density local = 5297.9 deg^-2 = 1.472 arcmin^-2
Fitting aperture to hotspot...
Candidate: x_peak:        0.125, y_peak:       -1.285, r_peak:        0.050, sig:        7.961, ra_peak:      140.769, dec_peak:       32.945
Characteristic density local = 4993.5 deg^-2 = 1.387 arcmin^-2
Fitting aperture to hotspot...
Candidate: x_peak:        0.155, y_peak:       -1.145, r_peak:        0.020, sig:       10.716, ra_peak:      140.805, dec_peak:       33.085
Distance = 25.1 kpc (m-M = 17.0)
241952 objects left after isochrone cut...
Characteristic density = 4800.0 deg^-2
Characteristic density local = 4800.0 deg^-2 = 1.333 arcmin^-2
Fitting aperture to hotspot...
Candidate: x_peak:       -0.865, y_peak:        0.005, r_peak:        0.050, sig:        5.305, ra_peak:      139.574, dec_peak:       34.231
Characteristic density local = 4800.0 deg^-2 = 1.333 arcmin^-2
Fitting aperture to hotspot...
Candidate: x_peak:       -0.785, y_peak:        0.155, r_peak:        0.060, sig:        3.809, ra_peak:      139.669, dec_peak:       34.381
Characteristic density local = 4876.1 deg^-2 = 1.354 arcmin^-2
Fitting aperture to hotspot...
Candidate: x_peak:       -0.275, y_peak:       -1.095, r_peak:        0.280, sig:        5.008, ra_peak:      140.292, dec_peak:       33.135
Characteristic density local = 4953.7 deg^-2 = 1.376 arcmin^-2
Fitting aperture to hotspot...
Candidate: x_peak:       -0.255, y_peak:       -1.115, r_peak:        0.240, sig:        5.268, ra_peak:      140.316, dec_peak:       33.115
Characteristic density local = 4800.0 deg^-2 = 1.333 arcmin^-2
Fitting aperture to hotspot...
Candidate: x_peak:        0.045, y_peak:       -0.835, r_peak:        0.050, sig:        4.916, ra_peak:      140.674, dec_peak:       33.395
Characteristic density local = 4227.6 deg^-2 = 1.174 arcmin^-2
Fitting aperture to hotspot...
Candidate: x_peak:       -0.175, y_peak:       -1.025, r_peak:        0.290, sig:       10.306, ra_peak:      140.411, dec_peak:       33.205
Characteristic density local = 4398.6 deg^-2 = 1.222 arcmin^-2
Fitting aperture to hotspot...
Candidate: x_peak:       -0.075, y_peak:       -1.055, r_peak:        0.290, sig:        9.067, ra_peak:      140.530, dec_peak:       33.175
Characteristic density local = 5297.9 deg^-2 = 1.472 arcmin^-2
Fitting aperture to hotspot...
Candidate: x_peak:        0.125, y_peak:       -1.285, r_peak:        0.050, sig:        7.961, ra_peak:      140.769, dec_peak:       32.945
Characteristic density local = 4993.5 deg^-2 = 1.387 arcmin^-2
Fitting aperture to hotspot...
Candidate: x_peak:        0.155, y_peak:       -1.145, r_peak:        0.020, sig:       10.716, ra_peak:      140.805, dec_peak:       33.085
Distance = 31.6 kpc (m-M = 17.5)
241952 objects left after isochrone cut...
Characteristic density = 4800.0 deg^-2
Characteristic density local = 4800.0 deg^-2 = 1.333 arcmin^-2
Fitting aperture to hotspot...
Candidate: x_peak:       -0.865, y_peak:        0.005, r_peak:        0.050, sig:        5.305, ra_peak:      139.574, dec_peak:       34.231
Characteristic density local = 4800.0 deg^-2 = 1.333 arcmin^-2
Fitting aperture to hotspot...
Candidate: x_peak:       -0.785, y_peak:        0.155, r_peak:        0.060, sig:        3.809, ra_peak:      139.669, dec_peak:       34.381
Characteristic density local = 4876.1 deg^-2 = 1.354 arcmin^-2
Fitting aperture to hotspot...
Candidate: x_peak:       -0.275, y_peak:       -1.095, r_peak:        0.280, sig:        5.008, ra_peak:      140.292, dec_peak:       33.135
Characteristic density local = 4953.7 deg^-2 = 1.376 arcmin^-2
Fitting aperture to hotspot...
Candidate: x_peak:       -0.255, y_peak:       -1.115, r_peak:        0.240, sig:        5.268, ra_peak:      140.316, dec_peak:       33.115
Characteristic density local = 4800.0 deg^-2 = 1.333 arcmin^-2
Fitting aperture to hotspot...
Candidate: x_peak:        0.045, y_peak:       -0.835, r_peak:        0.050, sig:        4.916, ra_peak:      140.674, dec_peak:       33.395
Characteristic density local = 4227.6 deg^-2 = 1.174 arcmin^-2
Fitting aperture to hotspot...
Candidate: x_peak:       -0.175, y_peak:       -1.025, r_peak:        0.290, sig:       10.306, ra_peak:      140.411, dec_peak:       33.205
Characteristic density local = 4398.6 deg^-2 = 1.222 arcmin^-2
Fitting aperture to hotspot...
Candidate: x_peak:       -0.075, y_peak:       -1.055, r_peak:        0.290, sig:        9.067, ra_peak:      140.530, dec_peak:       33.175
Characteristic density local = 5297.9 deg^-2 = 1.472 arcmin^-2
Fitting aperture to hotspot...
Candidate: x_peak:        0.125, y_peak:       -1.285, r_peak:        0.050, sig:        7.961, ra_peak:      140.769, dec_peak:       32.945
Characteristic density local = 4993.5 deg^-2 = 1.387 arcmin^-2
Fitting aperture to hotspot...
Candidate: x_peak:        0.155, y_peak:       -1.145, r_peak:        0.020, sig:       10.716, ra_peak:      140.805, dec_peak:       33.085
Distance = 39.8 kpc (m-M = 18.0)
241947 objects left after isochrone cut...
Characteristic density = 4800.0 deg^-2
Characteristic density local = 4800.0 deg^-2 = 1.333 arcmin^-2
Fitting aperture to hotspot...
Candidate: x_peak:       -0.865, y_peak:        0.005, r_peak:        0.050, sig:        5.305, ra_peak:      139.574, dec_peak:       34.231
Characteristic density local = 4800.0 deg^-2 = 1.333 arcmin^-2
Fitting aperture to hotspot...
Candidate: x_peak:       -0.785, y_peak:        0.155, r_peak:        0.060, sig:        3.809, ra_peak:      139.669, dec_peak:       34.381
Characteristic density local = 4876.1 deg^-2 = 1.354 arcmin^-2
Fitting aperture to hotspot...
Candidate: x_peak:       -0.275, y_peak:       -1.095, r_peak:        0.280, sig:        5.008, ra_peak:      140.292, dec_peak:       33.135
Characteristic density local = 4953.7 deg^-2 = 1.376 arcmin^-2
Fitting aperture to hotspot...
Candidate: x_peak:       -0.255, y_peak:       -1.115, r_peak:        0.240, sig:        5.268, ra_peak:      140.316, dec_peak:       33.115
Characteristic density local = 4800.0 deg^-2 = 1.333 arcmin^-2
Fitting aperture to hotspot...
Candidate: x_peak:        0.045, y_peak:       -0.835, r_peak:        0.050, sig:        4.916, ra_peak:      140.674, dec_peak:       33.395
Characteristic density local = 4227.6 deg^-2 = 1.174 arcmin^-2
Fitting aperture to hotspot...
Candidate: x_peak:       -0.175, y_peak:       -1.025, r_peak:        0.290, sig:       10.306, ra_peak:      140.411, dec_peak:       33.205
Characteristic density local = 4398.6 deg^-2 = 1.222 arcmin^-2
Fitting aperture to hotspot...
Candidate: x_peak:       -0.075, y_peak:       -1.055, r_peak:        0.290, sig:        9.067, ra_peak:      140.530, dec_peak:       33.175
Characteristic density local = 5297.9 deg^-2 = 1.472 arcmin^-2
Fitting aperture to hotspot...
Candidate: x_peak:        0.125, y_peak:       -1.285, r_peak:        0.050, sig:        7.961, ra_peak:      140.769, dec_peak:       32.945
Characteristic density local = 4993.5 deg^-2 = 1.387 arcmin^-2
Fitting aperture to hotspot...
Candidate: x_peak:        0.155, y_peak:       -1.145, r_peak:        0.020, sig:       10.716, ra_peak:      140.805, dec_peak:       33.085
Distance = 50.1 kpc (m-M = 18.5)
241670 objects left after isochrone cut...
Characteristic density = 4700.0 deg^-2
Characteristic density local = 4700.0 deg^-2 = 1.306 arcmin^-2
Fitting aperture to hotspot...
Candidate: x_peak:       -0.865, y_peak:        0.005, r_peak:        0.050, sig:        5.452, ra_peak:      139.574, dec_peak:       34.231
Characteristic density local = 4700.0 deg^-2 = 1.306 arcmin^-2
Fitting aperture to hotspot...
Candidate: x_peak:       -0.785, y_peak:        0.155, r_peak:        0.060, sig:        3.742, ra_peak:      139.669, dec_peak:       34.381
Characteristic density local = 4939.8 deg^-2 = 1.372 arcmin^-2
Fitting aperture to hotspot...
Candidate: x_peak:       -0.255, y_peak:       -1.115, r_peak:        0.240, sig:        5.354, ra_peak:      140.316, dec_peak:       33.115
Characteristic density local = 4700.0 deg^-2 = 1.306 arcmin^-2
Fitting aperture to hotspot...
Candidate: x_peak:        0.045, y_peak:       -0.845, r_peak:        0.030, sig:        5.266, ra_peak:      140.674, dec_peak:       33.385
Characteristic density local = 4700.0 deg^-2 = 1.306 arcmin^-2
Fitting aperture to hotspot...
Candidate: x_peak:       -0.175, y_peak:       -1.025, r_peak:        0.290, sig:        6.444, ra_peak:      140.411, dec_peak:       33.205
Characteristic density local = 4386.7 deg^-2 = 1.219 arcmin^-2
Fitting aperture to hotspot...
Candidate: x_peak:       -0.075, y_peak:       -1.055, r_peak:        0.290, sig:        9.001, ra_peak:      140.530, dec_peak:       33.175
Characteristic density local = 5282.0 deg^-2 = 1.467 arcmin^-2
Fitting aperture to hotspot...
Candidate: x_peak:        0.125, y_peak:       -1.285, r_peak:        0.050, sig:        7.984, ra_peak:      140.769, dec_peak:       32.945
Characteristic density local = 4975.6 deg^-2 = 1.382 arcmin^-2
Fitting aperture to hotspot...
Candidate: x_peak:        0.155, y_peak:       -1.145, r_peak:        0.020, sig:       10.730, ra_peak:      140.805, dec_peak:       33.085
Distance = 63.1 kpc (m-M = 19.0)
240831 objects left after isochrone cut...
Characteristic density = 4700.0 deg^-2
Characteristic density local = 4700.0 deg^-2 = 1.306 arcmin^-2
Fitting aperture to hotspot...
Candidate: x_peak:       -0.865, y_peak:        0.005, r_peak:        0.050, sig:        5.322, ra_peak:      139.574, dec_peak:       34.231
Characteristic density local = 4700.0 deg^-2 = 1.306 arcmin^-2
Fitting aperture to hotspot...
Candidate: x_peak:       -0.785, y_peak:        0.155, r_peak:        0.060, sig:        3.742, ra_peak:      139.669, dec_peak:       34.381
Characteristic density local = 4892.0 deg^-2 = 1.359 arcmin^-2
Fitting aperture to hotspot...
Candidate: x_peak:       -0.255, y_peak:       -1.115, r_peak:        0.240, sig:        5.272, ra_peak:      140.316, dec_peak:       33.115
Characteristic density local = 4700.0 deg^-2 = 1.306 arcmin^-2
Fitting aperture to hotspot...
Candidate: x_peak:        0.045, y_peak:       -0.845, r_peak:        0.030, sig:        5.266, ra_peak:      140.674, dec_peak:       33.385
Characteristic density local = 4700.0 deg^-2 = 1.306 arcmin^-2
Fitting aperture to hotspot...
Candidate: x_peak:       -0.175, y_peak:       -1.025, r_peak:        0.290, sig:        6.095, ra_peak:      140.411, dec_peak:       33.205
Characteristic density local = 4344.9 deg^-2 = 1.207 arcmin^-2
Fitting aperture to hotspot...
Candidate: x_peak:       -0.075, y_peak:       -1.055, r_peak:        0.290, sig:        8.988, ra_peak:      140.530, dec_peak:       33.175
Characteristic density local = 5232.2 deg^-2 = 1.453 arcmin^-2
Fitting aperture to hotspot...
Candidate: x_peak:        0.125, y_peak:       -1.285, r_peak:        0.050, sig:        7.943, ra_peak:      140.769, dec_peak:       32.945
Characteristic density local = 4935.8 deg^-2 = 1.371 arcmin^-2
Fitting aperture to hotspot...
Candidate: x_peak:        0.155, y_peak:       -1.145, r_peak:        0.020, sig:       10.762, ra_peak:      140.805, dec_peak:       33.085
Distance = 79.4 kpc (m-M = 19.5)
239747 objects left after isochrone cut...
Characteristic density = 4600.0 deg^-2
Characteristic density local = 4600.0 deg^-2 = 1.278 arcmin^-2
Fitting aperture to hotspot...
Candidate: x_peak:       -0.865, y_peak:        0.005, r_peak:        0.050, sig:        5.470, ra_peak:      139.574, dec_peak:       34.231
Characteristic density local = 4600.0 deg^-2 = 1.278 arcmin^-2
Fitting aperture to hotspot...
Candidate: x_peak:       -0.785, y_peak:        0.155, r_peak:        0.060, sig:        3.911, ra_peak:      139.669, dec_peak:       34.381
Characteristic density local = 4452.4 deg^-2 = 1.237 arcmin^-2
Fitting aperture to hotspot...
Candidate: x_peak:       -0.305, y_peak:       -1.055, r_peak:        0.290, sig:        6.100, ra_peak:      140.256, dec_peak:       33.174
Characteristic density local = 4792.6 deg^-2 = 1.331 arcmin^-2
Fitting aperture to hotspot...
Candidate: x_peak:       -0.255, y_peak:       -1.115, r_peak:        0.240, sig:        5.484, ra_peak:      140.316, dec_peak:       33.115
Characteristic density local = 4600.0 deg^-2 = 1.278 arcmin^-2
Fitting aperture to hotspot...
Candidate: x_peak:        0.045, y_peak:       -0.835, r_peak:        0.030, sig:        4.970, ra_peak:      140.674, dec_peak:       33.395
Characteristic density local = 4600.0 deg^-2 = 1.278 arcmin^-2
Fitting aperture to hotspot...
Candidate: x_peak:       -0.175, y_peak:       -1.025, r_peak:        0.290, sig:        6.223, ra_peak:      140.411, dec_peak:       33.205
Characteristic density local = 4271.3 deg^-2 = 1.186 arcmin^-2
Fitting aperture to hotspot...
Candidate: x_peak:       -0.075, y_peak:       -1.055, r_peak:        0.290, sig:        9.099, ra_peak:      140.530, dec_peak:       33.175
Characteristic density local = 5154.6 deg^-2 = 1.432 arcmin^-2
Fitting aperture to hotspot...
Candidate: x_peak:        0.125, y_peak:       -1.285, r_peak:        0.050, sig:        7.942, ra_peak:      140.769, dec_peak:       32.945
Characteristic density local = 4858.2 deg^-2 = 1.350 arcmin^-2
Fitting aperture to hotspot...
Candidate: x_peak:        0.155, y_peak:       -1.145, r_peak:        0.020, sig:       10.825, ra_peak:      140.805, dec_peak:       33.085
Distance = 100.0 kpc (m-M = 20.0)
238446 objects left after isochrone cut...
Characteristic density = 4500.0 deg^-2
Characteristic density local = 4500.0 deg^-2 = 1.250 arcmin^-2
Fitting aperture to hotspot...
Candidate: x_peak:       -0.865, y_peak:        0.005, r_peak:        0.050, sig:        5.621, ra_peak:      139.574, dec_peak:       34.231
Characteristic density local = 4500.0 deg^-2 = 1.250 arcmin^-2
Fitting aperture to hotspot...
Candidate: x_peak:       -0.785, y_peak:        0.155, r_peak:        0.060, sig:        3.963, ra_peak:      139.669, dec_peak:       34.381
Characteristic density local = 4697.1 deg^-2 = 1.305 arcmin^-2
Fitting aperture to hotspot...
Candidate: x_peak:       -0.255, y_peak:       -1.115, r_peak:        0.240, sig:        5.319, ra_peak:      140.316, dec_peak:       33.115
Characteristic density local = 4500.0 deg^-2 = 1.250 arcmin^-2
Fitting aperture to hotspot...
Candidate: x_peak:       -0.205, y_peak:       -0.775, r_peak:        0.060, sig:        4.787, ra_peak:      140.374, dec_peak:       33.455
Characteristic density local = 4500.0 deg^-2 = 1.250 arcmin^-2
Fitting aperture to hotspot...
Candidate: x_peak:       -0.175, y_peak:       -1.025, r_peak:        0.290, sig:        5.998, ra_peak:      140.411, dec_peak:       33.205
Characteristic density local = 4500.0 deg^-2 = 1.250 arcmin^-2
Fitting aperture to hotspot...
Candidate: x_peak:        0.045, y_peak:       -0.835, r_peak:        0.050, sig:        5.093, ra_peak:      140.674, dec_peak:       33.395
Characteristic density local = 5051.2 deg^-2 = 1.403 arcmin^-2
Fitting aperture to hotspot...
Candidate: x_peak:        0.125, y_peak:       -1.285, r_peak:        0.050, sig:        7.980, ra_peak:      140.769, dec_peak:       32.945
Characteristic density local = 4760.7 deg^-2 = 1.322 arcmin^-2
Fitting aperture to hotspot...
Candidate: x_peak:        0.155, y_peak:       -1.145, r_peak:        0.020, sig:       10.904, ra_peak:      140.805, dec_peak:       33.085
Distance = 125.9 kpc (m-M = 20.5)
237040 objects left after isochrone cut...
Characteristic density = 4400.0 deg^-2
Characteristic density local = 4400.0 deg^-2 = 1.222 arcmin^-2
Fitting aperture to hotspot...
Candidate: x_peak:       -0.865, y_peak:        0.005, r_peak:        0.050, sig:        5.642, ra_peak:      139.574, dec_peak:       34.231
Characteristic density local = 4400.0 deg^-2 = 1.222 arcmin^-2
Fitting aperture to hotspot...
Candidate: x_peak:       -0.795, y_peak:        0.165, r_peak:        0.050, sig:        3.728, ra_peak:      139.657, dec_peak:       34.391
Characteristic density local = 4557.8 deg^-2 = 1.266 arcmin^-2
Fitting aperture to hotspot...
Candidate: x_peak:       -0.265, y_peak:       -1.105, r_peak:        0.290, sig:        5.188, ra_peak:      140.304, dec_peak:       33.125
Characteristic density local = 4601.6 deg^-2 = 1.278 arcmin^-2
Fitting aperture to hotspot...
Candidate: x_peak:       -0.255, y_peak:       -1.115, r_peak:        0.240, sig:        5.445, ra_peak:      140.316, dec_peak:       33.115
Characteristic density local = 4400.0 deg^-2 = 1.222 arcmin^-2
Fitting aperture to hotspot...
Candidate: x_peak:       -0.205, y_peak:       -0.775, r_peak:        0.060, sig:        4.613, ra_peak:      140.374, dec_peak:       33.455
Characteristic density local = 4400.0 deg^-2 = 1.222 arcmin^-2
Fitting aperture to hotspot...
Candidate: x_peak:        0.045, y_peak:       -0.835, r_peak:        0.050, sig:        5.244, ra_peak:      140.674, dec_peak:       33.395
Characteristic density local = 4941.8 deg^-2 = 1.373 arcmin^-2
Fitting aperture to hotspot...
Candidate: x_peak:        0.125, y_peak:       -1.285, r_peak:        0.050, sig:        8.144, ra_peak:      140.769, dec_peak:       32.945
Characteristic density local = 4669.2 deg^-2 = 1.297 arcmin^-2
Fitting aperture to hotspot...
Candidate: x_peak:        0.155, y_peak:       -1.145, r_peak:        0.020, sig:       10.980, ra_peak:      140.805, dec_peak:       33.085
Distance = 158.5 kpc (m-M = 21.0)
235422 objects left after isochrone cut...
Characteristic density = 4300.0 deg^-2
Characteristic density local = 4300.0 deg^-2 = 1.194 arcmin^-2
Fitting aperture to hotspot...
Candidate: x_peak:       -0.865, y_peak:        0.005, r_peak:        0.050, sig:        5.531, ra_peak:      139.574, dec_peak:       34.231
Characteristic density local = 4300.0 deg^-2 = 1.194 arcmin^-2
Fitting aperture to hotspot...
Candidate: x_peak:       -0.795, y_peak:        0.155, r_peak:        0.050, sig:        3.733, ra_peak:      139.657, dec_peak:       34.381
Characteristic density local = 4430.5 deg^-2 = 1.231 arcmin^-2
Fitting aperture to hotspot...
Candidate: x_peak:       -0.265, y_peak:       -1.105, r_peak:        0.290, sig:        5.193, ra_peak:      140.304, dec_peak:       33.125
Characteristic density local = 4539.9 deg^-2 = 1.261 arcmin^-2
Fitting aperture to hotspot...
Candidate: x_peak:       -0.245, y_peak:       -1.125, r_peak:        0.230, sig:        5.128, ra_peak:      140.328, dec_peak:       33.105
Characteristic density local = 4300.0 deg^-2 = 1.194 arcmin^-2
Fitting aperture to hotspot...
Candidate: x_peak:       -0.205, y_peak:       -0.775, r_peak:        0.060, sig:        4.434, ra_peak:      140.374, dec_peak:       33.455
Characteristic density local = 3849.6 deg^-2 = 1.069 arcmin^-2
Fitting aperture to hotspot...
Candidate: x_peak:       -0.175, y_peak:       -1.025, r_peak:        0.290, sig:        9.641, ra_peak:      140.411, dec_peak:       33.205
Characteristic density local = 4300.0 deg^-2 = 1.194 arcmin^-2
Fitting aperture to hotspot...
Candidate: x_peak:        0.045, y_peak:       -0.835, r_peak:        0.050, sig:        5.397, ra_peak:      140.674, dec_peak:       33.395
Characteristic density local = 4810.5 deg^-2 = 1.336 arcmin^-2
Fitting aperture to hotspot...
Candidate: x_peak:        0.125, y_peak:       -1.285, r_peak:        0.050, sig:        8.229, ra_peak:      140.769, dec_peak:       32.945
Characteristic density local = 4537.9 deg^-2 = 1.261 arcmin^-2
Fitting aperture to hotspot...
Candidate: x_peak:        0.155, y_peak:       -1.145, r_peak:        0.020, sig:       11.091, ra_peak:      140.805, dec_peak:       33.085
Distance = 199.5 kpc (m-M = 21.5)
233496 objects left after isochrone cut...
Characteristic density = 4100.0 deg^-2
Characteristic density local = 4100.0 deg^-2 = 1.139 arcmin^-2
Fitting aperture to hotspot...
Candidate: x_peak:       -0.865, y_peak:        0.005, r_peak:        0.050, sig:        5.577, ra_peak:      139.574, dec_peak:       34.231
Characteristic density local = 4100.0 deg^-2 = 1.139 arcmin^-2
Fitting aperture to hotspot...
Candidate: x_peak:       -0.795, y_peak:        0.155, r_peak:        0.050, sig:        3.599, ra_peak:      139.657, dec_peak:       34.381
Characteristic density local = 4309.1 deg^-2 = 1.197 arcmin^-2
Fitting aperture to hotspot...
Candidate: x_peak:       -0.265, y_peak:       -1.105, r_peak:        0.290, sig:        5.010, ra_peak:      140.304, dec_peak:       33.125
Characteristic density local = 4346.9 deg^-2 = 1.207 arcmin^-2
Fitting aperture to hotspot...
Candidate: x_peak:       -0.255, y_peak:       -1.115, r_peak:        0.240, sig:        5.294, ra_peak:      140.316, dec_peak:       33.115
Characteristic density local = 4100.0 deg^-2 = 1.139 arcmin^-2
Fitting aperture to hotspot...
Candidate: x_peak:       -0.205, y_peak:       -0.775, r_peak:        0.060, sig:        4.555, ra_peak:      140.374, dec_peak:       33.455
Characteristic density local = 3748.1 deg^-2 = 1.041 arcmin^-2
Fitting aperture to hotspot...
Candidate: x_peak:       -0.175, y_peak:       -1.025, r_peak:        0.290, sig:        9.493, ra_peak:      140.411, dec_peak:       33.205
Characteristic density local = 4100.0 deg^-2 = 1.139 arcmin^-2
Fitting aperture to hotspot...
Candidate: x_peak:       -0.015, y_peak:       -0.845, r_peak:        0.030, sig:        5.264, ra_peak:      140.602, dec_peak:       33.385
Characteristic density local = 4659.3 deg^-2 = 1.294 arcmin^-2
Fitting aperture to hotspot...
Candidate: x_peak:        0.125, y_peak:       -1.285, r_peak:        0.050, sig:        8.464, ra_peak:      140.769, dec_peak:       32.945
Characteristic density local = 4376.8 deg^-2 = 1.216 arcmin^-2
Fitting aperture to hotspot...
Candidate: x_peak:        0.155, y_peak:       -1.145, r_peak:        0.020, sig:       11.231, ra_peak:      140.805, dec_peak:       33.085
Distance = 251.2 kpc (m-M = 22.0)
231296 objects left after isochrone cut...
Characteristic density = 4000.0 deg^-2
Characteristic density local = 4000.0 deg^-2 = 1.111 arcmin^-2
Fitting aperture to hotspot...
Candidate: x_peak:       -0.865, y_peak:        0.005, r_peak:        0.050, sig:        5.601, ra_peak:      139.574, dec_peak:       34.231
Characteristic density local = 4000.0 deg^-2 = 1.111 arcmin^-2
Fitting aperture to hotspot...
Candidate: x_peak:       -0.795, y_peak:        0.155, r_peak:        0.050, sig:        3.752, ra_peak:      139.657, dec_peak:       34.381
Characteristic density local = 4000.0 deg^-2 = 1.111 arcmin^-2
Fitting aperture to hotspot...
Candidate: x_peak:       -0.215, y_peak:       -0.775, r_peak:        0.070, sig:        4.560, ra_peak:      140.362, dec_peak:       33.455
Characteristic density local = 3634.7 deg^-2 = 1.010 arcmin^-2
Fitting aperture to hotspot...
Candidate: x_peak:       -0.175, y_peak:       -1.025, r_peak:        0.290, sig:        9.420, ra_peak:      140.411, dec_peak:       33.205
Characteristic density local = 4000.0 deg^-2 = 1.111 arcmin^-2
Fitting aperture to hotspot...
Candidate: x_peak:       -0.005, y_peak:       -0.845, r_peak:        0.070, sig:        5.621, ra_peak:      140.614, dec_peak:       33.385
Characteristic density local = 4506.1 deg^-2 = 1.252 arcmin^-2
Fitting aperture to hotspot...
Candidate: x_peak:        0.125, y_peak:       -1.285, r_peak:        0.050, sig:        8.472, ra_peak:      140.769, dec_peak:       32.945
Characteristic density local = 4152.0 deg^-2 = 1.153 arcmin^-2
Fitting aperture to hotspot...
Candidate: x_peak:        0.165, y_peak:       -1.145, r_peak:        0.020, sig:       11.237, ra_peak:      140.817, dec_peak:       33.085
Distance = 316.2 kpc (m-M = 22.5)
228622 objects left after isochrone cut...
Characteristic density = 3800.0 deg^-2
Characteristic density local = 3800.0 deg^-2 = 1.056 arcmin^-2
Fitting aperture to hotspot...
Candidate: x_peak:       -0.875, y_peak:        0.005, r_peak:        0.050, sig:        5.372, ra_peak:      139.562, dec_peak:       34.230
Characteristic density local = 3800.0 deg^-2 = 1.056 arcmin^-2
Fitting aperture to hotspot...
Candidate: x_peak:       -0.785, y_peak:        0.155, r_peak:        0.060, sig:        4.247, ra_peak:      139.669, dec_peak:       34.381
Characteristic density local = 3800.0 deg^-2 = 1.056 arcmin^-2
Fitting aperture to hotspot...
Candidate: x_peak:       -0.715, y_peak:       -0.325, r_peak:        0.050, sig:        3.617, ra_peak:      139.759, dec_peak:       33.902
Characteristic density local = 3800.0 deg^-2 = 1.056 arcmin^-2
Fitting aperture to hotspot...
Candidate: x_peak:       -0.215, y_peak:       -0.795, r_peak:        0.080, sig:        4.666, ra_peak:      140.362, dec_peak:       33.435
Characteristic density local = 3447.7 deg^-2 = 0.958 arcmin^-2
Fitting aperture to hotspot...
Candidate: x_peak:       -0.175, y_peak:       -1.025, r_peak:        0.290, sig:        9.421, ra_peak:      140.411, dec_peak:       33.205
Characteristic density local = 3800.0 deg^-2 = 1.056 arcmin^-2
Fitting aperture to hotspot...
Candidate: x_peak:        0.035, y_peak:       -0.835, r_peak:        0.040, sig:        5.818, ra_peak:      140.662, dec_peak:       33.395
Characteristic density local = 3588.9 deg^-2 = 0.997 arcmin^-2
Fitting aperture to hotspot...
Candidate: x_peak:       -0.075, y_peak:       -1.055, r_peak:        0.290, sig:        8.557, ra_peak:      140.530, dec_peak:       33.175
Characteristic density local = 4301.2 deg^-2 = 1.195 arcmin^-2
Fitting aperture to hotspot...
Candidate: x_peak:        0.125, y_peak:       -1.285, r_peak:        0.050, sig:        8.446, ra_peak:      140.769, dec_peak:       32.945
Characteristic density local = 3953.0 deg^-2 = 1.098 arcmin^-2
Fitting aperture to hotspot...
Candidate: x_peak:        0.165, y_peak:       -1.145, r_peak:        0.020, sig:       11.422, ra_peak:      140.817, dec_peak:       33.085
Distance = 398.1 kpc (m-M = 23.0)
225244 objects left after isochrone cut...
Characteristic density = 3500.0 deg^-2
Characteristic density local = 3500.0 deg^-2 = 0.972 arcmin^-2
Fitting aperture to hotspot...
Candidate: x_peak:       -0.875, y_peak:        0.005, r_peak:        0.050, sig:        5.597, ra_peak:      139.562, dec_peak:       34.230
Characteristic density local = 3500.0 deg^-2 = 0.972 arcmin^-2
Fitting aperture to hotspot...
Candidate: x_peak:       -0.795, y_peak:        0.165, r_peak:        0.080, sig:        4.019, ra_peak:      139.657, dec_peak:       34.391
Characteristic density local = 3500.0 deg^-2 = 0.972 arcmin^-2
Fitting aperture to hotspot...
Candidate: x_peak:       -0.215, y_peak:       -0.805, r_peak:        0.070, sig:        4.448, ra_peak:      140.362, dec_peak:       33.425
Characteristic density local = 3236.8 deg^-2 = 0.899 arcmin^-2
Fitting aperture to hotspot...
Candidate: x_peak:       -0.175, y_peak:       -1.025, r_peak:        0.290, sig:        9.252, ra_peak:      140.411, dec_peak:       33.205
Characteristic density local = 3500.0 deg^-2 = 0.972 arcmin^-2
Fitting aperture to hotspot...
Candidate: x_peak:        0.045, y_peak:       -0.835, r_peak:        0.050, sig:        5.885, ra_peak:      140.674, dec_peak:       33.395
Characteristic density local = 4058.5 deg^-2 = 1.127 arcmin^-2
Fitting aperture to hotspot...
Candidate: x_peak:        0.125, y_peak:       -1.285, r_peak:        0.050, sig:        8.116, ra_peak:      140.769, dec_peak:       32.945
Characteristic density local = 3728.2 deg^-2 = 1.036 arcmin^-2
Fitting aperture to hotspot...
Candidate: x_peak:        0.165, y_peak:       -1.145, r_peak:        0.020, sig:       11.440, ra_peak:      140.817, dec_peak:       33.085
11.44 sigma; (RA, Dec, d) = (140.82, 33.08); r = 0.02 deg; d = 398.1, mu = 23.00 mag), mc_source_id: 0.00
10.31 sigma; (RA, Dec, d) = (140.41, 33.20); r = 0.29 deg; d = 20.0, mu = 16.50 mag), mc_source_id: 0.00
8.47 sigma; (RA, Dec, d) = (140.77, 32.94); r = 0.05 deg; d = 251.2, mu = 22.00 mag), mc_source_id: 0.00
5.88 sigma; (RA, Dec, d) = (140.67, 33.39); r = 0.05 deg; d = 398.1, mu = 23.00 mag), mc_source_id: 0.00
5.64 sigma; (RA, Dec, d) = (139.57, 34.23); r = 0.05 deg; d = 125.9, mu = 20.50 mag), mc_source_id: 0.00
4.25 sigma; (RA, Dec, d) = (139.67, 34.38); r = 0.06 deg; d = 316.2, mu = 22.50 mag), mc_source_id: 0.00
3.62 sigma; (RA, Dec, d) = (139.76, 33.90); r = 0.05 deg; d = 316.2, mu = 22.50 mag), mc_source_id: 0.00

------------------------------------------------------------
Job <678684.0> was submitted from <des51.fnal.gov> by user <tavangar>.
Job was executed on host <des40.fnal.gov> as user <tavangar>.
</var/lib/condor/execute/dir_1619980> was used as the initial working directory.
Results reported at Wed Jun  5 01:14:45 CDT 2019

Your job looked like:

------------------------------------------------------------
python /home/s1/tavangar/tavangar_simple/search_algorithm.py 140.62 34.23 0.00 /home/s1/tavangar/tavangar_simple/decals_dr7_results/results_nside_32_2674.csv /home/s1/tavangar/tavangar_simple/decals_dr7_results/decals_dr7_log/results_nside_32_2674.log
------------------------------------------------------------

Successfully completed.

Resource usage summary:

	Real time :			184.92 sec.
	CPU time :			6.38 sec.
	CPU percentage :		62%
	Max Memory :			2411392 KB
	Average Memory :		0 KB

The output (if any) is above this job summary.
