/home/s1/tavangar/tavangar_simple/simple_utils.py:170: FutureWarning: elementwise comparison failed; returning scalar instead, but in the future will perform elementwise comparison
  if np.all(isochrone.stage == 'Main'):
Search coordinates: (RA, Dec) = (29.53, -4.78)
Center healpixel: 6602
Healpixels: [6602 6730 6601 6474 6346 6475 6603 6731 6858]
MC_SOURCE_ID = 0.0
mode = 0: running only on real data
Found 1 objects...
Applying cuts...
955363 star-like objects in ROI...
1418537 galaxy-like objects in ROI...
No fracdet map specified ...
Distance = 15.8 kpc (m-M = 16.0)
955342 objects left after isochrone cut...
Characteristic density = 4200.0 deg^-2
Characteristic density local = 4484.2 deg^-2 = 1.246 arcmin^-2
Fitting aperture to hotspot...
Candidate: x_peak:       -0.445, y_peak:        0.605, r_peak:        0.020, sig:        7.579, ra_peak:       29.084, dec_peak:       -4.175
Characteristic density local = 4693.1 deg^-2 = 1.304 arcmin^-2
Fitting aperture to hotspot...
Candidate: x_peak:       -0.055, y_peak:        1.065, r_peak:        0.020, sig:       10.375, ra_peak:       29.475, dec_peak:       -3.715
Characteristic density local = 4625.4 deg^-2 = 1.285 arcmin^-2
Fitting aperture to hotspot...
Candidate: x_peak:        0.005, y_peak:        0.475, r_peak:        0.020, sig:        8.790, ra_peak:       29.535, dec_peak:       -4.305
Characteristic density local = 4533.9 deg^-2 = 1.259 arcmin^-2
Fitting aperture to hotspot...
Candidate: x_peak:        0.245, y_peak:        0.085, r_peak:        0.020, sig:        8.648, ra_peak:       29.776, dec_peak:       -4.695
Characteristic density local = 4251.4 deg^-2 = 1.181 arcmin^-2
Fitting aperture to hotspot...
Candidate: x_peak:        0.445, y_peak:       -0.635, r_peak:        0.020, sig:        8.878, ra_peak:       29.977, dec_peak:       -5.415
Characteristic density local = 4591.6 deg^-2 = 1.275 arcmin^-2
Fitting aperture to hotspot...
Candidate: x_peak:        0.495, y_peak:        0.495, r_peak:        0.020, sig:       10.260, ra_peak:       30.026, dec_peak:       -4.285
Characteristic density local = 4691.1 deg^-2 = 1.303 arcmin^-2
Fitting aperture to hotspot...
Candidate: x_peak:        0.495, y_peak:        0.085, r_peak:        0.010, sig:        7.465, ra_peak:       30.027, dec_peak:       -4.695
Characteristic density local = 4408.6 deg^-2 = 1.225 arcmin^-2
Fitting aperture to hotspot...
Candidate: x_peak:        0.735, y_peak:        0.505, r_peak:        0.020, sig:        6.938, ra_peak:       30.267, dec_peak:       -4.275
Characteristic density local = 4187.8 deg^-2 = 1.163 arcmin^-2
Fitting aperture to hotspot...
Candidate: x_peak:        0.805, y_peak:       -0.025, r_peak:        0.020, sig:        7.813, ra_peak:       30.338, dec_peak:       -4.805
Distance = 20.0 kpc (m-M = 16.5)
955356 objects left after isochrone cut...
Characteristic density = 4200.0 deg^-2
Characteristic density local = 4484.2 deg^-2 = 1.246 arcmin^-2
Fitting aperture to hotspot...
Candidate: x_peak:       -0.445, y_peak:        0.605, r_peak:        0.020, sig:        7.579, ra_peak:       29.084, dec_peak:       -4.175
Characteristic density local = 4693.1 deg^-2 = 1.304 arcmin^-2
Fitting aperture to hotspot...
Candidate: x_peak:       -0.055, y_peak:        1.065, r_peak:        0.020, sig:       10.375, ra_peak:       29.475, dec_peak:       -3.715
Characteristic density local = 4625.4 deg^-2 = 1.285 arcmin^-2
Fitting aperture to hotspot...
Candidate: x_peak:        0.005, y_peak:        0.475, r_peak:        0.020, sig:        8.790, ra_peak:       29.535, dec_peak:       -4.305
Characteristic density local = 4533.9 deg^-2 = 1.259 arcmin^-2
Fitting aperture to hotspot...
Candidate: x_peak:        0.245, y_peak:        0.085, r_peak:        0.020, sig:        8.648, ra_peak:       29.776, dec_peak:       -4.695
Characteristic density local = 4251.4 deg^-2 = 1.181 arcmin^-2
Fitting aperture to hotspot...
Candidate: x_peak:        0.445, y_peak:       -0.635, r_peak:        0.020, sig:        8.878, ra_peak:       29.977, dec_peak:       -5.415
Characteristic density local = 4591.6 deg^-2 = 1.275 arcmin^-2
Fitting aperture to hotspot...
Candidate: x_peak:        0.495, y_peak:        0.495, r_peak:        0.020, sig:       10.260, ra_peak:       30.026, dec_peak:       -4.285
Characteristic density local = 4691.1 deg^-2 = 1.303 arcmin^-2
Fitting aperture to hotspot...
Candidate: x_peak:        0.495, y_peak:        0.085, r_peak:        0.010, sig:        7.465, ra_peak:       30.027, dec_peak:       -4.695
Characteristic density local = 4408.6 deg^-2 = 1.225 arcmin^-2
Fitting aperture to hotspot...
Candidate: x_peak:        0.735, y_peak:        0.505, r_peak:        0.020, sig:        6.938, ra_peak:       30.267, dec_peak:       -4.275
Characteristic density local = 4187.8 deg^-2 = 1.163 arcmin^-2
Fitting aperture to hotspot...
Candidate: x_peak:        0.805, y_peak:       -0.025, r_peak:        0.020, sig:        7.813, ra_peak:       30.338, dec_peak:       -4.805
Distance = 25.1 kpc (m-M = 17.0)
955360 objects left after isochrone cut...
Characteristic density = 4200.0 deg^-2
Characteristic density local = 4484.2 deg^-2 = 1.246 arcmin^-2
Fitting aperture to hotspot...
Candidate: x_peak:       -0.445, y_peak:        0.605, r_peak:        0.020, sig:        7.579, ra_peak:       29.084, dec_peak:       -4.175
Characteristic density local = 4693.1 deg^-2 = 1.304 arcmin^-2
Fitting aperture to hotspot...
Candidate: x_peak:       -0.055, y_peak:        1.065, r_peak:        0.020, sig:       10.375, ra_peak:       29.475, dec_peak:       -3.715
Characteristic density local = 4625.4 deg^-2 = 1.285 arcmin^-2
Fitting aperture to hotspot...
Candidate: x_peak:        0.005, y_peak:        0.475, r_peak:        0.020, sig:        8.790, ra_peak:       29.535, dec_peak:       -4.305
Characteristic density local = 4533.9 deg^-2 = 1.259 arcmin^-2
Fitting aperture to hotspot...
Candidate: x_peak:        0.245, y_peak:        0.085, r_peak:        0.020, sig:        8.648, ra_peak:       29.776, dec_peak:       -4.695
Characteristic density local = 4251.4 deg^-2 = 1.181 arcmin^-2
Fitting aperture to hotspot...
Candidate: x_peak:        0.445, y_peak:       -0.635, r_peak:        0.020, sig:        8.878, ra_peak:       29.977, dec_peak:       -5.415
Characteristic density local = 4591.6 deg^-2 = 1.275 arcmin^-2
Fitting aperture to hotspot...
Candidate: x_peak:        0.495, y_peak:        0.495, r_peak:        0.020, sig:       10.260, ra_peak:       30.026, dec_peak:       -4.285
Characteristic density local = 4691.1 deg^-2 = 1.303 arcmin^-2
Fitting aperture to hotspot...
Candidate: x_peak:        0.495, y_peak:        0.085, r_peak:        0.010, sig:        7.465, ra_peak:       30.027, dec_peak:       -4.695
Characteristic density local = 4408.6 deg^-2 = 1.225 arcmin^-2
Fitting aperture to hotspot...
Candidate: x_peak:        0.735, y_peak:        0.505, r_peak:        0.020, sig:        6.938, ra_peak:       30.267, dec_peak:       -4.275
Characteristic density local = 4187.8 deg^-2 = 1.163 arcmin^-2
Fitting aperture to hotspot...
Candidate: x_peak:        0.805, y_peak:       -0.025, r_peak:        0.020, sig:        7.813, ra_peak:       30.338, dec_peak:       -4.805
Distance = 31.6 kpc (m-M = 17.5)
955362 objects left after isochrone cut...
Characteristic density = 4200.0 deg^-2
Characteristic density local = 4484.2 deg^-2 = 1.246 arcmin^-2
Fitting aperture to hotspot...
Candidate: x_peak:       -0.445, y_peak:        0.605, r_peak:        0.020, sig:        7.579, ra_peak:       29.084, dec_peak:       -4.175
Characteristic density local = 4693.1 deg^-2 = 1.304 arcmin^-2
Fitting aperture to hotspot...
Candidate: x_peak:       -0.055, y_peak:        1.065, r_peak:        0.020, sig:       10.375, ra_peak:       29.475, dec_peak:       -3.715
Characteristic density local = 4625.4 deg^-2 = 1.285 arcmin^-2
Fitting aperture to hotspot...
Candidate: x_peak:        0.005, y_peak:        0.475, r_peak:        0.020, sig:        8.790, ra_peak:       29.535, dec_peak:       -4.305
Characteristic density local = 4533.9 deg^-2 = 1.259 arcmin^-2
Fitting aperture to hotspot...
Candidate: x_peak:        0.245, y_peak:        0.085, r_peak:        0.020, sig:        8.648, ra_peak:       29.776, dec_peak:       -4.695
Characteristic density local = 4251.4 deg^-2 = 1.181 arcmin^-2
Fitting aperture to hotspot...
Candidate: x_peak:        0.445, y_peak:       -0.635, r_peak:        0.020, sig:        8.878, ra_peak:       29.977, dec_peak:       -5.415
Characteristic density local = 4591.6 deg^-2 = 1.275 arcmin^-2
Fitting aperture to hotspot...
Candidate: x_peak:        0.495, y_peak:        0.495, r_peak:        0.020, sig:       10.260, ra_peak:       30.026, dec_peak:       -4.285
Characteristic density local = 4691.1 deg^-2 = 1.303 arcmin^-2
Fitting aperture to hotspot...
Candidate: x_peak:        0.495, y_peak:        0.085, r_peak:        0.010, sig:        7.465, ra_peak:       30.027, dec_peak:       -4.695
Characteristic density local = 4408.6 deg^-2 = 1.225 arcmin^-2
Fitting aperture to hotspot...
Candidate: x_peak:        0.735, y_peak:        0.505, r_peak:        0.020, sig:        6.938, ra_peak:       30.267, dec_peak:       -4.275
Characteristic density local = 4187.8 deg^-2 = 1.163 arcmin^-2
Fitting aperture to hotspot...
Candidate: x_peak:        0.805, y_peak:       -0.025, r_peak:        0.020, sig:        7.813, ra_peak:       30.338, dec_peak:       -4.805
Distance = 39.8 kpc (m-M = 18.0)
955362 objects left after isochrone cut...
Characteristic density = 4200.0 deg^-2
Characteristic density local = 4484.2 deg^-2 = 1.246 arcmin^-2
Fitting aperture to hotspot...
Candidate: x_peak:       -0.445, y_peak:        0.605, r_peak:        0.020, sig:        7.579, ra_peak:       29.084, dec_peak:       -4.175
Characteristic density local = 4693.1 deg^-2 = 1.304 arcmin^-2
Fitting aperture to hotspot...
Candidate: x_peak:       -0.055, y_peak:        1.065, r_peak:        0.020, sig:       10.375, ra_peak:       29.475, dec_peak:       -3.715
Characteristic density local = 4625.4 deg^-2 = 1.285 arcmin^-2
Fitting aperture to hotspot...
Candidate: x_peak:        0.005, y_peak:        0.475, r_peak:        0.020, sig:        8.790, ra_peak:       29.535, dec_peak:       -4.305
Characteristic density local = 4533.9 deg^-2 = 1.259 arcmin^-2
Fitting aperture to hotspot...
Candidate: x_peak:        0.245, y_peak:        0.085, r_peak:        0.020, sig:        8.648, ra_peak:       29.776, dec_peak:       -4.695
Characteristic density local = 4251.4 deg^-2 = 1.181 arcmin^-2
Fitting aperture to hotspot...
Candidate: x_peak:        0.445, y_peak:       -0.635, r_peak:        0.020, sig:        8.878, ra_peak:       29.977, dec_peak:       -5.415
Characteristic density local = 4591.6 deg^-2 = 1.275 arcmin^-2
Fitting aperture to hotspot...
Candidate: x_peak:        0.495, y_peak:        0.495, r_peak:        0.020, sig:       10.260, ra_peak:       30.026, dec_peak:       -4.285
Characteristic density local = 4691.1 deg^-2 = 1.303 arcmin^-2
Fitting aperture to hotspot...
Candidate: x_peak:        0.495, y_peak:        0.085, r_peak:        0.010, sig:        7.465, ra_peak:       30.027, dec_peak:       -4.695
Characteristic density local = 4408.6 deg^-2 = 1.225 arcmin^-2
Fitting aperture to hotspot...
Candidate: x_peak:        0.735, y_peak:        0.505, r_peak:        0.020, sig:        6.938, ra_peak:       30.267, dec_peak:       -4.275
Characteristic density local = 4187.8 deg^-2 = 1.163 arcmin^-2
Fitting aperture to hotspot...
Candidate: x_peak:        0.805, y_peak:       -0.025, r_peak:        0.020, sig:        7.813, ra_peak:       30.338, dec_peak:       -4.805
Distance = 50.1 kpc (m-M = 18.5)
955362 objects left after isochrone cut...
Characteristic density = 4200.0 deg^-2
Characteristic density local = 4484.2 deg^-2 = 1.246 arcmin^-2
Fitting aperture to hotspot...
Candidate: x_peak:       -0.445, y_peak:        0.605, r_peak:        0.020, sig:        7.579, ra_peak:       29.084, dec_peak:       -4.175
Characteristic density local = 4693.1 deg^-2 = 1.304 arcmin^-2
Fitting aperture to hotspot...
Candidate: x_peak:       -0.055, y_peak:        1.065, r_peak:        0.020, sig:       10.375, ra_peak:       29.475, dec_peak:       -3.715
Characteristic density local = 4625.4 deg^-2 = 1.285 arcmin^-2
Fitting aperture to hotspot...
Candidate: x_peak:        0.005, y_peak:        0.475, r_peak:        0.020, sig:        8.790, ra_peak:       29.535, dec_peak:       -4.305
Characteristic density local = 4533.9 deg^-2 = 1.259 arcmin^-2
Fitting aperture to hotspot...
Candidate: x_peak:        0.245, y_peak:        0.085, r_peak:        0.020, sig:        8.648, ra_peak:       29.776, dec_peak:       -4.695
Characteristic density local = 4251.4 deg^-2 = 1.181 arcmin^-2
Fitting aperture to hotspot...
Candidate: x_peak:        0.445, y_peak:       -0.635, r_peak:        0.020, sig:        8.878, ra_peak:       29.977, dec_peak:       -5.415
Characteristic density local = 4591.6 deg^-2 = 1.275 arcmin^-2
Fitting aperture to hotspot...
Candidate: x_peak:        0.495, y_peak:        0.495, r_peak:        0.020, sig:       10.260, ra_peak:       30.026, dec_peak:       -4.285
Characteristic density local = 4691.1 deg^-2 = 1.303 arcmin^-2
Fitting aperture to hotspot...
Candidate: x_peak:        0.495, y_peak:        0.085, r_peak:        0.010, sig:        7.465, ra_peak:       30.027, dec_peak:       -4.695
Characteristic density local = 4408.6 deg^-2 = 1.225 arcmin^-2
Fitting aperture to hotspot...
Candidate: x_peak:        0.735, y_peak:        0.505, r_peak:        0.020, sig:        6.938, ra_peak:       30.267, dec_peak:       -4.275
Characteristic density local = 4187.8 deg^-2 = 1.163 arcmin^-2
Fitting aperture to hotspot...
Candidate: x_peak:        0.805, y_peak:       -0.025, r_peak:        0.020, sig:        7.813, ra_peak:       30.338, dec_peak:       -4.805
Distance = 63.1 kpc (m-M = 19.0)
955140 objects left after isochrone cut...
Characteristic density = 4200.0 deg^-2
Characteristic density local = 4460.3 deg^-2 = 1.239 arcmin^-2
Fitting aperture to hotspot...
Candidate: x_peak:       -0.445, y_peak:        0.605, r_peak:        0.020, sig:        7.597, ra_peak:       29.084, dec_peak:       -4.175
Characteristic density local = 4673.2 deg^-2 = 1.298 arcmin^-2
Fitting aperture to hotspot...
Candidate: x_peak:       -0.055, y_peak:        1.065, r_peak:        0.020, sig:       10.391, ra_peak:       29.475, dec_peak:       -3.715
Characteristic density local = 4607.5 deg^-2 = 1.280 arcmin^-2
Fitting aperture to hotspot...
Candidate: x_peak:        0.005, y_peak:        0.475, r_peak:        0.020, sig:        8.804, ra_peak:       29.535, dec_peak:       -4.305
Characteristic density local = 4529.9 deg^-2 = 1.258 arcmin^-2
Fitting aperture to hotspot...
Candidate: x_peak:        0.245, y_peak:        0.085, r_peak:        0.020, sig:        8.651, ra_peak:       29.776, dec_peak:       -4.695
Characteristic density local = 4251.4 deg^-2 = 1.181 arcmin^-2
Fitting aperture to hotspot...
Candidate: x_peak:        0.445, y_peak:       -0.635, r_peak:        0.020, sig:        8.878, ra_peak:       29.977, dec_peak:       -5.415
Characteristic density local = 4589.6 deg^-2 = 1.275 arcmin^-2
Fitting aperture to hotspot...
Candidate: x_peak:        0.495, y_peak:        0.495, r_peak:        0.020, sig:       10.262, ra_peak:       30.026, dec_peak:       -4.285
Characteristic density local = 4687.1 deg^-2 = 1.302 arcmin^-2
Fitting aperture to hotspot...
Candidate: x_peak:        0.495, y_peak:        0.085, r_peak:        0.010, sig:        7.467, ra_peak:       30.027, dec_peak:       -4.695
Characteristic density local = 4404.6 deg^-2 = 1.224 arcmin^-2
Fitting aperture to hotspot...
Candidate: x_peak:        0.735, y_peak:        0.505, r_peak:        0.020, sig:        6.941, ra_peak:       30.267, dec_peak:       -4.275
Characteristic density local = 4185.8 deg^-2 = 1.163 arcmin^-2
Fitting aperture to hotspot...
Candidate: x_peak:        0.805, y_peak:       -0.025, r_peak:        0.020, sig:        7.814, ra_peak:       30.338, dec_peak:       -4.805
Distance = 79.4 kpc (m-M = 19.5)
954171 objects left after isochrone cut...
Characteristic density = 4200.0 deg^-2
Characteristic density local = 4404.6 deg^-2 = 1.224 arcmin^-2
Fitting aperture to hotspot...
Candidate: x_peak:       -0.445, y_peak:        0.605, r_peak:        0.020, sig:        7.640, ra_peak:       29.084, dec_peak:       -4.175
Characteristic density local = 4613.5 deg^-2 = 1.282 arcmin^-2
Fitting aperture to hotspot...
Candidate: x_peak:       -0.055, y_peak:        1.065, r_peak:        0.020, sig:       10.441, ra_peak:       29.475, dec_peak:       -3.715
Characteristic density local = 4545.9 deg^-2 = 1.263 arcmin^-2
Fitting aperture to hotspot...
Candidate: x_peak:        0.005, y_peak:        0.475, r_peak:        0.020, sig:        8.853, ra_peak:       29.535, dec_peak:       -4.305
Characteristic density local = 4466.3 deg^-2 = 1.241 arcmin^-2
Fitting aperture to hotspot...
Candidate: x_peak:        0.245, y_peak:        0.085, r_peak:        0.020, sig:        8.702, ra_peak:       29.776, dec_peak:       -4.695
Characteristic density local = 4241.5 deg^-2 = 1.178 arcmin^-2
Fitting aperture to hotspot...
Candidate: x_peak:        0.445, y_peak:       -0.635, r_peak:        0.020, sig:        8.886, ra_peak:       29.977, dec_peak:       -5.415
Characteristic density local = 4535.9 deg^-2 = 1.260 arcmin^-2
Fitting aperture to hotspot...
Candidate: x_peak:        0.495, y_peak:        0.495, r_peak:        0.020, sig:       10.306, ra_peak:       30.026, dec_peak:       -4.285
Characteristic density local = 4645.3 deg^-2 = 1.290 arcmin^-2
Fitting aperture to hotspot...
Candidate: x_peak:        0.495, y_peak:        0.085, r_peak:        0.010, sig:        7.486, ra_peak:       30.027, dec_peak:       -4.695
Characteristic density local = 4374.8 deg^-2 = 1.215 arcmin^-2
Fitting aperture to hotspot...
Candidate: x_peak:        0.735, y_peak:        0.505, r_peak:        0.020, sig:        6.964, ra_peak:       30.267, dec_peak:       -4.275
Characteristic density local = 4155.9 deg^-2 = 1.154 arcmin^-2
Fitting aperture to hotspot...
Candidate: x_peak:        0.805, y_peak:       -0.025, r_peak:        0.020, sig:        7.838, ra_peak:       30.338, dec_peak:       -4.805
Distance = 100.0 kpc (m-M = 20.0)
952828 objects left after isochrone cut...
Characteristic density = 4100.0 deg^-2
Characteristic density local = 4315.1 deg^-2 = 1.199 arcmin^-2
Fitting aperture to hotspot...
Candidate: x_peak:       -0.445, y_peak:        0.605, r_peak:        0.020, sig:        7.711, ra_peak:       29.084, dec_peak:       -4.175
Characteristic density local = 4539.9 deg^-2 = 1.261 arcmin^-2
Fitting aperture to hotspot...
Candidate: x_peak:       -0.055, y_peak:        1.065, r_peak:        0.020, sig:       10.502, ra_peak:       29.475, dec_peak:       -3.715
Characteristic density local = 4460.3 deg^-2 = 1.239 arcmin^-2
Fitting aperture to hotspot...
Candidate: x_peak:        0.005, y_peak:        0.475, r_peak:        0.020, sig:        8.922, ra_peak:       29.535, dec_peak:       -4.305
Characteristic density local = 4412.6 deg^-2 = 1.226 arcmin^-2
Fitting aperture to hotspot...
Candidate: x_peak:        0.245, y_peak:        0.085, r_peak:        0.020, sig:        8.745, ra_peak:       29.776, dec_peak:       -4.695
Characteristic density local = 4209.6 deg^-2 = 1.169 arcmin^-2
Fitting aperture to hotspot...
Candidate: x_peak:        0.445, y_peak:       -0.635, r_peak:        0.020, sig:        8.913, ra_peak:       29.977, dec_peak:       -5.415
Characteristic density local = 4478.2 deg^-2 = 1.244 arcmin^-2
Fitting aperture to hotspot...
Candidate: x_peak:        0.495, y_peak:        0.495, r_peak:        0.020, sig:       10.355, ra_peak:       30.026, dec_peak:       -4.285
Characteristic density local = 4587.6 deg^-2 = 1.274 arcmin^-2
Fitting aperture to hotspot...
Candidate: x_peak:        0.495, y_peak:        0.085, r_peak:        0.010, sig:        7.513, ra_peak:       30.027, dec_peak:       -4.695
Characteristic density local = 4321.1 deg^-2 = 1.200 arcmin^-2
Fitting aperture to hotspot...
Candidate: x_peak:        0.735, y_peak:        0.505, r_peak:        0.020, sig:        7.005, ra_peak:       30.267, dec_peak:       -4.275
Characteristic density local = 4116.1 deg^-2 = 1.143 arcmin^-2
Fitting aperture to hotspot...
Candidate: x_peak:        0.805, y_peak:       -0.025, r_peak:        0.020, sig:        7.871, ra_peak:       30.338, dec_peak:       -4.805
Distance = 125.9 kpc (m-M = 20.5)
950663 objects left after isochrone cut...
Characteristic density = 4100.0 deg^-2
Characteristic density local = 4237.5 deg^-2 = 1.177 arcmin^-2
Fitting aperture to hotspot...
Candidate: x_peak:       -0.445, y_peak:        0.605, r_peak:        0.020, sig:        7.772, ra_peak:       29.084, dec_peak:       -4.175
Characteristic density local = 4460.3 deg^-2 = 1.239 arcmin^-2
Fitting aperture to hotspot...
Candidate: x_peak:       -0.055, y_peak:        1.065, r_peak:        0.020, sig:       10.569, ra_peak:       29.475, dec_peak:       -3.715
Characteristic density local = 4374.8 deg^-2 = 1.215 arcmin^-2
Fitting aperture to hotspot...
Candidate: x_peak:        0.005, y_peak:        0.475, r_peak:        0.020, sig:        8.992, ra_peak:       29.535, dec_peak:       -4.305
Characteristic density local = 4354.9 deg^-2 = 1.210 arcmin^-2
Fitting aperture to hotspot...
Candidate: x_peak:        0.245, y_peak:        0.085, r_peak:        0.020, sig:        8.792, ra_peak:       29.776, dec_peak:       -4.695
Characteristic density local = 4153.9 deg^-2 = 1.154 arcmin^-2
Fitting aperture to hotspot...
Candidate: x_peak:        0.445, y_peak:       -0.635, r_peak:        0.020, sig:        8.960, ra_peak:       29.977, dec_peak:       -5.415
Characteristic density local = 4392.7 deg^-2 = 1.220 arcmin^-2
Fitting aperture to hotspot...
Candidate: x_peak:        0.495, y_peak:        0.495, r_peak:        0.020, sig:       10.428, ra_peak:       30.026, dec_peak:       -4.285
Characteristic density local = 4498.1 deg^-2 = 1.249 arcmin^-2
Fitting aperture to hotspot...
Candidate: x_peak:        0.495, y_peak:        0.085, r_peak:        0.010, sig:        7.556, ra_peak:       30.027, dec_peak:       -4.695
Characteristic density local = 4251.4 deg^-2 = 1.181 arcmin^-2
Fitting aperture to hotspot...
Candidate: x_peak:        0.735, y_peak:        0.505, r_peak:        0.020, sig:        7.059, ra_peak:       30.267, dec_peak:       -4.275
Characteristic density local = 4042.5 deg^-2 = 1.123 arcmin^-2
Fitting aperture to hotspot...
Candidate: x_peak:        0.805, y_peak:       -0.025, r_peak:        0.020, sig:        7.932, ra_peak:       30.338, dec_peak:       -4.805
Distance = 158.5 kpc (m-M = 21.0)
947667 objects left after isochrone cut...
Characteristic density = 3900.0 deg^-2
Characteristic density local = 4148.0 deg^-2 = 1.152 arcmin^-2
Fitting aperture to hotspot...
Candidate: x_peak:       -0.445, y_peak:        0.605, r_peak:        0.020, sig:        7.613, ra_peak:       29.084, dec_peak:       -4.175
Characteristic density local = 4348.9 deg^-2 = 1.208 arcmin^-2
Fitting aperture to hotspot...
Candidate: x_peak:       -0.055, y_peak:        1.065, r_peak:        0.020, sig:       10.665, ra_peak:       29.475, dec_peak:       -3.715
Characteristic density local = 4265.4 deg^-2 = 1.185 arcmin^-2
Fitting aperture to hotspot...
Candidate: x_peak:        0.005, y_peak:        0.475, r_peak:        0.020, sig:        9.082, ra_peak:       29.535, dec_peak:       -4.305
Characteristic density local = 4225.6 deg^-2 = 1.174 arcmin^-2
Fitting aperture to hotspot...
Candidate: x_peak:        0.235, y_peak:        0.085, r_peak:        0.020, sig:        8.899, ra_peak:       29.766, dec_peak:       -4.695
Characteristic density local = 4058.5 deg^-2 = 1.127 arcmin^-2
Fitting aperture to hotspot...
Candidate: x_peak:        0.445, y_peak:       -0.635, r_peak:        0.020, sig:        9.041, ra_peak:       29.977, dec_peak:       -5.415
Characteristic density local = 4295.2 deg^-2 = 1.193 arcmin^-2
Fitting aperture to hotspot...
Candidate: x_peak:        0.495, y_peak:        0.495, r_peak:        0.020, sig:       10.512, ra_peak:       30.026, dec_peak:       -4.285
Characteristic density local = 4366.8 deg^-2 = 1.213 arcmin^-2
Fitting aperture to hotspot...
Candidate: x_peak:        0.495, y_peak:        0.085, r_peak:        0.010, sig:        7.620, ra_peak:       30.027, dec_peak:       -4.695
Characteristic density local = 4163.9 deg^-2 = 1.157 arcmin^-2
Fitting aperture to hotspot...
Candidate: x_peak:        0.735, y_peak:        0.505, r_peak:        0.020, sig:        7.128, ra_peak:       30.267, dec_peak:       -4.275
Characteristic density local = 3937.1 deg^-2 = 1.094 arcmin^-2
Fitting aperture to hotspot...
Candidate: x_peak:        0.805, y_peak:       -0.025, r_peak:        0.020, sig:        8.020, ra_peak:       30.338, dec_peak:       -4.805
Distance = 199.5 kpc (m-M = 21.5)
944244 objects left after isochrone cut...
Characteristic density = 3800.0 deg^-2
Characteristic density local = 4032.6 deg^-2 = 1.120 arcmin^-2
Fitting aperture to hotspot...
Candidate: x_peak:       -0.445, y_peak:        0.605, r_peak:        0.020, sig:        7.708, ra_peak:       29.084, dec_peak:       -4.175
Characteristic density local = 4233.5 deg^-2 = 1.176 arcmin^-2
Fitting aperture to hotspot...
Candidate: x_peak:       -0.055, y_peak:        1.065, r_peak:        0.020, sig:       10.767, ra_peak:       29.475, dec_peak:       -3.715
Characteristic density local = 4142.0 deg^-2 = 1.151 arcmin^-2
Fitting aperture to hotspot...
Candidate: x_peak:        0.005, y_peak:        0.475, r_peak:        0.020, sig:        9.187, ra_peak:       29.535, dec_peak:       -4.305
Characteristic density local = 4150.0 deg^-2 = 1.153 arcmin^-2
Fitting aperture to hotspot...
Candidate: x_peak:        0.245, y_peak:        0.085, r_peak:        0.020, sig:        8.963, ra_peak:       29.776, dec_peak:       -4.695
Characteristic density local = 3917.2 deg^-2 = 1.088 arcmin^-2
Fitting aperture to hotspot...
Candidate: x_peak:        0.445, y_peak:       -0.635, r_peak:        0.020, sig:        8.944, ra_peak:       29.977, dec_peak:       -5.415
Characteristic density local = 4193.7 deg^-2 = 1.165 arcmin^-2
Fitting aperture to hotspot...
Candidate: x_peak:        0.495, y_peak:        0.495, r_peak:        0.020, sig:       10.601, ra_peak:       30.026, dec_peak:       -4.285
Characteristic density local = 4241.5 deg^-2 = 1.178 arcmin^-2
Fitting aperture to hotspot...
Candidate: x_peak:        0.495, y_peak:        0.085, r_peak:        0.010, sig:        7.683, ra_peak:       30.027, dec_peak:       -4.695
Characteristic density local = 4040.5 deg^-2 = 1.122 arcmin^-2
Fitting aperture to hotspot...
Candidate: x_peak:        0.735, y_peak:        0.495, r_peak:        0.030, sig:        6.888, ra_peak:       30.267, dec_peak:       -4.285
Characteristic density local = 3833.6 deg^-2 = 1.065 arcmin^-2
Fitting aperture to hotspot...
Candidate: x_peak:        0.805, y_peak:       -0.025, r_peak:        0.020, sig:        7.875, ra_peak:       30.338, dec_peak:       -4.805
Distance = 251.2 kpc (m-M = 22.0)
940270 objects left after isochrone cut...
Characteristic density = 3700.0 deg^-2
Characteristic density local = 3923.2 deg^-2 = 1.090 arcmin^-2
Fitting aperture to hotspot...
Candidate: x_peak:       -0.445, y_peak:        0.605, r_peak:        0.020, sig:        7.799, ra_peak:       29.084, dec_peak:       -4.175
Characteristic density local = 4128.1 deg^-2 = 1.147 arcmin^-2
Fitting aperture to hotspot...
Candidate: x_peak:       -0.055, y_peak:        1.065, r_peak:        0.020, sig:       10.861, ra_peak:       29.475, dec_peak:       -3.715
Characteristic density local = 4014.7 deg^-2 = 1.115 arcmin^-2
Fitting aperture to hotspot...
Candidate: x_peak:        0.005, y_peak:        0.475, r_peak:        0.020, sig:        9.297, ra_peak:       29.535, dec_peak:       -4.305
Characteristic density local = 4006.7 deg^-2 = 1.113 arcmin^-2
Fitting aperture to hotspot...
Candidate: x_peak:        0.245, y_peak:        0.085, r_peak:        0.020, sig:        8.866, ra_peak:       29.776, dec_peak:       -4.695
Characteristic density local = 3764.0 deg^-2 = 1.046 arcmin^-2
Fitting aperture to hotspot...
Candidate: x_peak:        0.445, y_peak:       -0.635, r_peak:        0.020, sig:        8.631, ra_peak:       29.977, dec_peak:       -5.415
Characteristic density local = 4050.5 deg^-2 = 1.125 arcmin^-2
Fitting aperture to hotspot...
Candidate: x_peak:        0.495, y_peak:        0.495, r_peak:        0.020, sig:       10.730, ra_peak:       30.026, dec_peak:       -4.285
Characteristic density local = 4096.3 deg^-2 = 1.138 arcmin^-2
Fitting aperture to hotspot...
Candidate: x_peak:        0.495, y_peak:        0.085, r_peak:        0.010, sig:        7.757, ra_peak:       30.027, dec_peak:       -4.695
Characteristic density local = 3925.2 deg^-2 = 1.090 arcmin^-2
Fitting aperture to hotspot...
Candidate: x_peak:        0.735, y_peak:        0.505, r_peak:        0.020, sig:        7.079, ra_peak:       30.267, dec_peak:       -4.275
Characteristic density local = 3676.5 deg^-2 = 1.021 arcmin^-2
Fitting aperture to hotspot...
Candidate: x_peak:        0.805, y_peak:       -0.025, r_peak:        0.020, sig:        8.012, ra_peak:       30.338, dec_peak:       -4.805
Distance = 316.2 kpc (m-M = 22.5)
935457 objects left after isochrone cut...
Characteristic density = 3500.0 deg^-2
Characteristic density local = 3744.1 deg^-2 = 1.040 arcmin^-2
Fitting aperture to hotspot...
Candidate: x_peak:       -0.445, y_peak:        0.605, r_peak:        0.020, sig:        7.953, ra_peak:       29.084, dec_peak:       -4.175
Characteristic density local = 3961.0 deg^-2 = 1.100 arcmin^-2
Fitting aperture to hotspot...
Candidate: x_peak:       -0.055, y_peak:        1.065, r_peak:        0.020, sig:       11.015, ra_peak:       29.475, dec_peak:       -3.715
Characteristic density local = 3861.5 deg^-2 = 1.073 arcmin^-2
Fitting aperture to hotspot...
Candidate: x_peak:        0.005, y_peak:        0.475, r_peak:        0.020, sig:        9.433, ra_peak:       29.535, dec_peak:       -4.305
Characteristic density local = 3799.8 deg^-2 = 1.056 arcmin^-2
Fitting aperture to hotspot...
Candidate: x_peak:        0.245, y_peak:        0.085, r_peak:        0.020, sig:        9.049, ra_peak:       29.776, dec_peak:       -4.695
Characteristic density local = 3590.9 deg^-2 = 0.997 arcmin^-2
Fitting aperture to hotspot...
Candidate: x_peak:        0.445, y_peak:       -0.635, r_peak:        0.020, sig:        8.788, ra_peak:       29.977, dec_peak:       -5.415
Characteristic density local = 3881.4 deg^-2 = 1.078 arcmin^-2
Fitting aperture to hotspot...
Candidate: x_peak:        0.495, y_peak:        0.495, r_peak:        0.020, sig:       10.887, ra_peak:       30.026, dec_peak:       -4.285
Characteristic density local = 3921.2 deg^-2 = 1.089 arcmin^-2
Fitting aperture to hotspot...
Candidate: x_peak:        0.495, y_peak:        0.085, r_peak:        0.010, sig:        7.850, ra_peak:       30.027, dec_peak:       -4.695
Characteristic density local = 3815.7 deg^-2 = 1.060 arcmin^-2
Fitting aperture to hotspot...
Candidate: x_peak:        0.735, y_peak:        0.505, r_peak:        0.020, sig:        6.673, ra_peak:       30.267, dec_peak:       -4.275
Characteristic density local = 3497.4 deg^-2 = 0.972 arcmin^-2
Fitting aperture to hotspot...
Candidate: x_peak:        0.805, y_peak:       -0.025, r_peak:        0.020, sig:        8.175, ra_peak:       30.338, dec_peak:       -4.805
Distance = 398.1 kpc (m-M = 23.0)
929352 objects left after isochrone cut...
Characteristic density = 3300.0 deg^-2
Characteristic density local = 3551.1 deg^-2 = 0.986 arcmin^-2
Fitting aperture to hotspot...
Candidate: x_peak:       -0.445, y_peak:        0.595, r_peak:        0.020, sig:        7.886, ra_peak:       29.084, dec_peak:       -4.185
Characteristic density local = 3712.3 deg^-2 = 1.031 arcmin^-2
Fitting aperture to hotspot...
Candidate: x_peak:       -0.055, y_peak:        1.065, r_peak:        0.020, sig:       11.254, ra_peak:       29.475, dec_peak:       -3.715
Characteristic density local = 3652.6 deg^-2 = 1.015 arcmin^-2
Fitting aperture to hotspot...
Candidate: x_peak:        0.005, y_peak:        0.475, r_peak:        0.020, sig:        9.626, ra_peak:       29.535, dec_peak:       -4.305
Characteristic density local = 3602.9 deg^-2 = 1.001 arcmin^-2
Fitting aperture to hotspot...
Candidate: x_peak:        0.245, y_peak:        0.085, r_peak:        0.020, sig:        9.230, ra_peak:       29.776, dec_peak:       -4.695
Characteristic density local = 3413.9 deg^-2 = 0.948 arcmin^-2
Fitting aperture to hotspot...
Candidate: x_peak:        0.445, y_peak:       -0.635, r_peak:        0.020, sig:        8.490, ra_peak:       29.977, dec_peak:       -5.415
Characteristic density local = 3652.6 deg^-2 = 1.015 arcmin^-2
Fitting aperture to hotspot...
Candidate: x_peak:        0.495, y_peak:        0.495, r_peak:        0.020, sig:       10.903, ra_peak:       30.026, dec_peak:       -4.285
Characteristic density local = 3710.3 deg^-2 = 1.031 arcmin^-2
Fitting aperture to hotspot...
Candidate: x_peak:        0.495, y_peak:        0.085, r_peak:        0.020, sig:        7.983, ra_peak:       30.027, dec_peak:       -4.695
Characteristic density local = 3622.8 deg^-2 = 1.006 arcmin^-2
Fitting aperture to hotspot...
Candidate: x_peak:        0.735, y_peak:        0.505, r_peak:        0.020, sig:        6.321, ra_peak:       30.267, dec_peak:       -4.275
Characteristic density local = 3304.5 deg^-2 = 0.918 arcmin^-2
Fitting aperture to hotspot...
Candidate: x_peak:        0.805, y_peak:       -0.025, r_peak:        0.020, sig:        8.356, ra_peak:       30.338, dec_peak:       -4.805
11.25 sigma; (RA, Dec, d) = (29.47, -3.71); r = 0.02 deg; d = 398.1, mu = 23.00 mag), mc_source_id: 0.00
10.90 sigma; (RA, Dec, d) = (30.03, -4.28); r = 0.02 deg; d = 398.1, mu = 23.00 mag), mc_source_id: 0.00
9.63 sigma; (RA, Dec, d) = (29.54, -4.30); r = 0.02 deg; d = 398.1, mu = 23.00 mag), mc_source_id: 0.00
9.23 sigma; (RA, Dec, d) = (29.78, -4.69); r = 0.02 deg; d = 398.1, mu = 23.00 mag), mc_source_id: 0.00
9.04 sigma; (RA, Dec, d) = (29.98, -5.41); r = 0.02 deg; d = 158.5, mu = 21.00 mag), mc_source_id: 0.00
8.36 sigma; (RA, Dec, d) = (30.34, -4.80); r = 0.02 deg; d = 398.1, mu = 23.00 mag), mc_source_id: 0.00
7.98 sigma; (RA, Dec, d) = (30.03, -4.69); r = 0.02 deg; d = 398.1, mu = 23.00 mag), mc_source_id: 0.00
7.95 sigma; (RA, Dec, d) = (29.08, -4.17); r = 0.02 deg; d = 316.2, mu = 22.50 mag), mc_source_id: 0.00
7.13 sigma; (RA, Dec, d) = (30.27, -4.27); r = 0.02 deg; d = 158.5, mu = 21.00 mag), mc_source_id: 0.00

------------------------------------------------------------
Job <681292.0> was submitted from <des51.fnal.gov> by user <tavangar>.
Job was executed on host <des40.fnal.gov> as user <tavangar>.
</var/lib/condor/execute/dir_2081803> was used as the initial working directory.
Results reported at Wed Jun  5 13:42:25 CDT 2019

Your job looked like:

------------------------------------------------------------
python /home/s1/tavangar/tavangar_simple/search_algorithm.py 29.53 -4.78 0.00 /home/s1/tavangar/tavangar_simple/decals_dr7_results/results_nside_32_6602.csv /home/s1/tavangar/tavangar_simple/decals_dr7_results/decals_dr7_log/results_nside_32_6602.log
------------------------------------------------------------

Successfully completed.

Resource usage summary:

	Real time :			305.68 sec.
	CPU time :			8.39 sec.
	CPU percentage :		81%
	Max Memory :			8204336 KB
	Average Memory :		0 KB

The output (if any) is above this job summary.
