/home/s1/tavangar/tavangar_simple/simple_utils.py:170: FutureWarning: elementwise comparison failed; returning scalar instead, but in the future will perform elementwise comparison
  if np.all(isochrone.stage == 'Main'):
Search coordinates: (RA, Dec) = (144.84, 22.02)
Center healpixel: 3827
Healpixels: [3827 3955 3826 3699 3571 3700 3828 3956 4083]
MC_SOURCE_ID = 0.0
mode = 0: running only on real data
Found 1 objects...
Applying cuts...
593673 star-like objects in ROI...
901404 galaxy-like objects in ROI...
No fracdet map specified ...
Distance = 15.8 kpc (m-M = 16.0)
593657 objects left after isochrone cut...
Characteristic density = 4800.0 deg^-2
Characteristic density local = 4816.4 deg^-2 = 1.338 arcmin^-2
Fitting aperture to hotspot...
Candidate: x_peak:       -0.515, y_peak:       -0.085, r_peak:        0.020, sig:        7.997, ra_peak:      144.285, dec_peak:       21.934
Characteristic density local = 4850.2 deg^-2 = 1.347 arcmin^-2
Fitting aperture to hotspot...
Candidate: x_peak:       -0.175, y_peak:        1.025, r_peak:        0.020, sig:       10.248, ra_peak:      144.650, dec_peak:       23.045
Characteristic density local = 4816.4 deg^-2 = 1.338 arcmin^-2
Fitting aperture to hotspot...
Candidate: x_peak:       -0.165, y_peak:        0.495, r_peak:        0.020, sig:        7.777, ra_peak:      144.661, dec_peak:       22.515
Characteristic density local = 5071.1 deg^-2 = 1.409 arcmin^-2
Fitting aperture to hotspot...
Candidate: x_peak:       -0.155, y_peak:       -0.485, r_peak:        0.020, sig:        8.027, ra_peak:      144.673, dec_peak:       21.535
Characteristic density local = 5031.3 deg^-2 = 1.398 arcmin^-2
Fitting aperture to hotspot...
Candidate: x_peak:       -0.045, y_peak:       -0.815, r_peak:        0.020, sig:        8.482, ra_peak:      144.792, dec_peak:       21.205
Characteristic density local = 4947.7 deg^-2 = 1.374 arcmin^-2
Fitting aperture to hotspot...
Candidate: x_peak:        0.055, y_peak:        0.145, r_peak:        0.020, sig:        7.009, ra_peak:      144.899, dec_peak:       22.165
Characteristic density local = 4981.5 deg^-2 = 1.384 arcmin^-2
Fitting aperture to hotspot...
Candidate: x_peak:        0.645, y_peak:       -0.445, r_peak:        0.020, sig:        6.523, ra_peak:      145.534, dec_peak:       21.574
Characteristic density local = 4860.2 deg^-2 = 1.350 arcmin^-2
Fitting aperture to hotspot...
Candidate: x_peak:        0.685, y_peak:       -0.295, r_peak:        0.020, sig:        6.608, ra_peak:      145.577, dec_peak:       21.723
Characteristic density local = 4975.6 deg^-2 = 1.382 arcmin^-2
Fitting aperture to hotspot...
Candidate: x_peak:        1.055, y_peak:        0.055, r_peak:        0.020, sig:        6.292, ra_peak:      145.978, dec_peak:       22.071
Distance = 20.0 kpc (m-M = 16.5)
593667 objects left after isochrone cut...
Characteristic density = 4800.0 deg^-2
Characteristic density local = 4816.4 deg^-2 = 1.338 arcmin^-2
Fitting aperture to hotspot...
Candidate: x_peak:       -0.515, y_peak:       -0.085, r_peak:        0.020, sig:        7.997, ra_peak:      144.285, dec_peak:       21.934
Characteristic density local = 4850.2 deg^-2 = 1.347 arcmin^-2
Fitting aperture to hotspot...
Candidate: x_peak:       -0.175, y_peak:        1.025, r_peak:        0.020, sig:       10.248, ra_peak:      144.650, dec_peak:       23.045
Characteristic density local = 4816.4 deg^-2 = 1.338 arcmin^-2
Fitting aperture to hotspot...
Candidate: x_peak:       -0.165, y_peak:        0.495, r_peak:        0.020, sig:        7.777, ra_peak:      144.661, dec_peak:       22.515
Characteristic density local = 5071.1 deg^-2 = 1.409 arcmin^-2
Fitting aperture to hotspot...
Candidate: x_peak:       -0.155, y_peak:       -0.485, r_peak:        0.020, sig:        8.027, ra_peak:      144.673, dec_peak:       21.535
Characteristic density local = 5031.3 deg^-2 = 1.398 arcmin^-2
Fitting aperture to hotspot...
Candidate: x_peak:       -0.045, y_peak:       -0.815, r_peak:        0.020, sig:        8.482, ra_peak:      144.792, dec_peak:       21.205
Characteristic density local = 4947.7 deg^-2 = 1.374 arcmin^-2
Fitting aperture to hotspot...
Candidate: x_peak:        0.055, y_peak:        0.145, r_peak:        0.020, sig:        7.009, ra_peak:      144.899, dec_peak:       22.165
Characteristic density local = 4981.5 deg^-2 = 1.384 arcmin^-2
Fitting aperture to hotspot...
Candidate: x_peak:        0.645, y_peak:       -0.445, r_peak:        0.020, sig:        6.523, ra_peak:      145.534, dec_peak:       21.574
Characteristic density local = 4860.2 deg^-2 = 1.350 arcmin^-2
Fitting aperture to hotspot...
Candidate: x_peak:        0.685, y_peak:       -0.295, r_peak:        0.020, sig:        6.608, ra_peak:      145.577, dec_peak:       21.723
Characteristic density local = 4975.6 deg^-2 = 1.382 arcmin^-2
Fitting aperture to hotspot...
Candidate: x_peak:        1.055, y_peak:        0.055, r_peak:        0.020, sig:        6.292, ra_peak:      145.978, dec_peak:       22.071
Distance = 25.1 kpc (m-M = 17.0)
593670 objects left after isochrone cut...
Characteristic density = 4800.0 deg^-2
Characteristic density local = 4816.4 deg^-2 = 1.338 arcmin^-2
Fitting aperture to hotspot...
Candidate: x_peak:       -0.515, y_peak:       -0.085, r_peak:        0.020, sig:        7.997, ra_peak:      144.285, dec_peak:       21.934
Characteristic density local = 4850.2 deg^-2 = 1.347 arcmin^-2
Fitting aperture to hotspot...
Candidate: x_peak:       -0.175, y_peak:        1.025, r_peak:        0.020, sig:       10.248, ra_peak:      144.650, dec_peak:       23.045
Characteristic density local = 4816.4 deg^-2 = 1.338 arcmin^-2
Fitting aperture to hotspot...
Candidate: x_peak:       -0.165, y_peak:        0.495, r_peak:        0.020, sig:        7.777, ra_peak:      144.661, dec_peak:       22.515
Characteristic density local = 5071.1 deg^-2 = 1.409 arcmin^-2
Fitting aperture to hotspot...
Candidate: x_peak:       -0.155, y_peak:       -0.485, r_peak:        0.020, sig:        8.027, ra_peak:      144.673, dec_peak:       21.535
Characteristic density local = 5031.3 deg^-2 = 1.398 arcmin^-2
Fitting aperture to hotspot...
Candidate: x_peak:       -0.045, y_peak:       -0.815, r_peak:        0.020, sig:        8.482, ra_peak:      144.792, dec_peak:       21.205
Characteristic density local = 4947.7 deg^-2 = 1.374 arcmin^-2
Fitting aperture to hotspot...
Candidate: x_peak:        0.055, y_peak:        0.145, r_peak:        0.020, sig:        7.009, ra_peak:      144.899, dec_peak:       22.165
Characteristic density local = 4981.5 deg^-2 = 1.384 arcmin^-2
Fitting aperture to hotspot...
Candidate: x_peak:        0.645, y_peak:       -0.445, r_peak:        0.020, sig:        6.523, ra_peak:      145.534, dec_peak:       21.574
Characteristic density local = 4860.2 deg^-2 = 1.350 arcmin^-2
Fitting aperture to hotspot...
Candidate: x_peak:        0.685, y_peak:       -0.295, r_peak:        0.020, sig:        6.608, ra_peak:      145.577, dec_peak:       21.723
Characteristic density local = 4975.6 deg^-2 = 1.382 arcmin^-2
Fitting aperture to hotspot...
Candidate: x_peak:        1.055, y_peak:        0.055, r_peak:        0.020, sig:        6.292, ra_peak:      145.978, dec_peak:       22.071
Distance = 31.6 kpc (m-M = 17.5)
593670 objects left after isochrone cut...
Characteristic density = 4800.0 deg^-2
Characteristic density local = 4816.4 deg^-2 = 1.338 arcmin^-2
Fitting aperture to hotspot...
Candidate: x_peak:       -0.515, y_peak:       -0.085, r_peak:        0.020, sig:        7.997, ra_peak:      144.285, dec_peak:       21.934
Characteristic density local = 4850.2 deg^-2 = 1.347 arcmin^-2
Fitting aperture to hotspot...
Candidate: x_peak:       -0.175, y_peak:        1.025, r_peak:        0.020, sig:       10.248, ra_peak:      144.650, dec_peak:       23.045
Characteristic density local = 4816.4 deg^-2 = 1.338 arcmin^-2
Fitting aperture to hotspot...
Candidate: x_peak:       -0.165, y_peak:        0.495, r_peak:        0.020, sig:        7.777, ra_peak:      144.661, dec_peak:       22.515
Characteristic density local = 5071.1 deg^-2 = 1.409 arcmin^-2
Fitting aperture to hotspot...
Candidate: x_peak:       -0.155, y_peak:       -0.485, r_peak:        0.020, sig:        8.027, ra_peak:      144.673, dec_peak:       21.535
Characteristic density local = 5031.3 deg^-2 = 1.398 arcmin^-2
Fitting aperture to hotspot...
Candidate: x_peak:       -0.045, y_peak:       -0.815, r_peak:        0.020, sig:        8.482, ra_peak:      144.792, dec_peak:       21.205
Characteristic density local = 4947.7 deg^-2 = 1.374 arcmin^-2
Fitting aperture to hotspot...
Candidate: x_peak:        0.055, y_peak:        0.145, r_peak:        0.020, sig:        7.009, ra_peak:      144.899, dec_peak:       22.165
Characteristic density local = 4981.5 deg^-2 = 1.384 arcmin^-2
Fitting aperture to hotspot...
Candidate: x_peak:        0.645, y_peak:       -0.445, r_peak:        0.020, sig:        6.523, ra_peak:      145.534, dec_peak:       21.574
Characteristic density local = 4860.2 deg^-2 = 1.350 arcmin^-2
Fitting aperture to hotspot...
Candidate: x_peak:        0.685, y_peak:       -0.295, r_peak:        0.020, sig:        6.608, ra_peak:      145.577, dec_peak:       21.723
Characteristic density local = 4975.6 deg^-2 = 1.382 arcmin^-2
Fitting aperture to hotspot...
Candidate: x_peak:        1.055, y_peak:        0.055, r_peak:        0.020, sig:        6.292, ra_peak:      145.978, dec_peak:       22.071
Distance = 39.8 kpc (m-M = 18.0)
593639 objects left after isochrone cut...
Characteristic density = 4800.0 deg^-2
Characteristic density local = 4816.4 deg^-2 = 1.338 arcmin^-2
Fitting aperture to hotspot...
Candidate: x_peak:       -0.515, y_peak:       -0.085, r_peak:        0.020, sig:        7.997, ra_peak:      144.285, dec_peak:       21.934
Characteristic density local = 4850.2 deg^-2 = 1.347 arcmin^-2
Fitting aperture to hotspot...
Candidate: x_peak:       -0.175, y_peak:        1.025, r_peak:        0.020, sig:       10.248, ra_peak:      144.650, dec_peak:       23.045
Characteristic density local = 4816.4 deg^-2 = 1.338 arcmin^-2
Fitting aperture to hotspot...
Candidate: x_peak:       -0.165, y_peak:        0.495, r_peak:        0.020, sig:        7.777, ra_peak:      144.661, dec_peak:       22.515
Characteristic density local = 5067.1 deg^-2 = 1.408 arcmin^-2
Fitting aperture to hotspot...
Candidate: x_peak:       -0.155, y_peak:       -0.485, r_peak:        0.020, sig:        8.030, ra_peak:      144.673, dec_peak:       21.535
Characteristic density local = 5029.3 deg^-2 = 1.397 arcmin^-2
Fitting aperture to hotspot...
Candidate: x_peak:       -0.045, y_peak:       -0.815, r_peak:        0.020, sig:        8.483, ra_peak:      144.792, dec_peak:       21.205
Characteristic density local = 4947.7 deg^-2 = 1.374 arcmin^-2
Fitting aperture to hotspot...
Candidate: x_peak:        0.055, y_peak:        0.145, r_peak:        0.020, sig:        7.009, ra_peak:      144.899, dec_peak:       22.165
Characteristic density local = 4981.5 deg^-2 = 1.384 arcmin^-2
Fitting aperture to hotspot...
Candidate: x_peak:        0.645, y_peak:       -0.445, r_peak:        0.020, sig:        6.523, ra_peak:      145.534, dec_peak:       21.574
Characteristic density local = 4860.2 deg^-2 = 1.350 arcmin^-2
Fitting aperture to hotspot...
Candidate: x_peak:        0.685, y_peak:       -0.295, r_peak:        0.020, sig:        6.608, ra_peak:      145.577, dec_peak:       21.723
Characteristic density local = 4975.6 deg^-2 = 1.382 arcmin^-2
Fitting aperture to hotspot...
Candidate: x_peak:        1.055, y_peak:        0.055, r_peak:        0.020, sig:        6.292, ra_peak:      145.978, dec_peak:       22.071
Distance = 50.1 kpc (m-M = 18.5)
593176 objects left after isochrone cut...
Characteristic density = 4800.0 deg^-2
Characteristic density local = 4806.5 deg^-2 = 1.335 arcmin^-2
Fitting aperture to hotspot...
Candidate: x_peak:       -0.515, y_peak:       -0.085, r_peak:        0.020, sig:        8.004, ra_peak:      144.285, dec_peak:       21.934
Characteristic density local = 4850.2 deg^-2 = 1.347 arcmin^-2
Fitting aperture to hotspot...
Candidate: x_peak:       -0.175, y_peak:        1.025, r_peak:        0.020, sig:       10.248, ra_peak:      144.650, dec_peak:       23.045
Characteristic density local = 4808.5 deg^-2 = 1.336 arcmin^-2
Fitting aperture to hotspot...
Candidate: x_peak:       -0.165, y_peak:        0.495, r_peak:        0.020, sig:        7.783, ra_peak:      144.661, dec_peak:       22.515
Characteristic density local = 5037.3 deg^-2 = 1.399 arcmin^-2
Fitting aperture to hotspot...
Candidate: x_peak:       -0.165, y_peak:       -0.485, r_peak:        0.020, sig:        6.485, ra_peak:      144.663, dec_peak:       21.535
Characteristic density local = 5027.3 deg^-2 = 1.396 arcmin^-2
Fitting aperture to hotspot...
Candidate: x_peak:       -0.045, y_peak:       -0.815, r_peak:        0.020, sig:        8.484, ra_peak:      144.792, dec_peak:       21.205
Characteristic density local = 4929.8 deg^-2 = 1.369 arcmin^-2
Fitting aperture to hotspot...
Candidate: x_peak:        0.055, y_peak:        0.145, r_peak:        0.020, sig:        7.021, ra_peak:      144.899, dec_peak:       22.165
Characteristic density local = 4981.5 deg^-2 = 1.384 arcmin^-2
Fitting aperture to hotspot...
Candidate: x_peak:        0.635, y_peak:       -0.445, r_peak:        0.020, sig:        7.876, ra_peak:      145.523, dec_peak:       21.574
Characteristic density local = 4852.2 deg^-2 = 1.348 arcmin^-2
Fitting aperture to hotspot...
Candidate: x_peak:        0.685, y_peak:       -0.295, r_peak:        0.020, sig:        6.614, ra_peak:      145.577, dec_peak:       21.723
Characteristic density local = 4955.7 deg^-2 = 1.377 arcmin^-2
Fitting aperture to hotspot...
Candidate: x_peak:        1.055, y_peak:        0.055, r_peak:        0.020, sig:        6.306, ra_peak:      145.978, dec_peak:       22.071
Distance = 63.1 kpc (m-M = 19.0)
591283 objects left after isochrone cut...
Characteristic density = 4800.0 deg^-2
Characteristic density local = 4732.9 deg^-2 = 1.315 arcmin^-2
Fitting aperture to hotspot...
Candidate: x_peak:       -0.515, y_peak:       -0.085, r_peak:        0.020, sig:        8.060, ra_peak:      144.285, dec_peak:       21.934
Characteristic density local = 4796.5 deg^-2 = 1.332 arcmin^-2
Fitting aperture to hotspot...
Candidate: x_peak:       -0.175, y_peak:        1.025, r_peak:        0.020, sig:       10.291, ra_peak:      144.650, dec_peak:       23.045
Characteristic density local = 4756.7 deg^-2 = 1.321 arcmin^-2
Fitting aperture to hotspot...
Candidate: x_peak:       -0.165, y_peak:        0.495, r_peak:        0.020, sig:        7.822, ra_peak:      144.661, dec_peak:       22.515
Characteristic density local = 4981.5 deg^-2 = 1.384 arcmin^-2
Fitting aperture to hotspot...
Candidate: x_peak:       -0.155, y_peak:       -0.485, r_peak:        0.020, sig:        8.092, ra_peak:      144.673, dec_peak:       21.535
Characteristic density local = 4957.7 deg^-2 = 1.377 arcmin^-2
Fitting aperture to hotspot...
Candidate: x_peak:       -0.045, y_peak:       -0.815, r_peak:        0.030, sig:        8.551, ra_peak:      144.792, dec_peak:       21.205
Characteristic density local = 4850.2 deg^-2 = 1.347 arcmin^-2
Fitting aperture to hotspot...
Candidate: x_peak:        0.055, y_peak:        0.145, r_peak:        0.020, sig:        7.078, ra_peak:      144.899, dec_peak:       22.165
Characteristic density local = 4915.9 deg^-2 = 1.366 arcmin^-2
Fitting aperture to hotspot...
Candidate: x_peak:        0.635, y_peak:       -0.445, r_peak:        0.020, sig:        7.923, ra_peak:      145.523, dec_peak:       21.574
Characteristic density local = 4778.6 deg^-2 = 1.327 arcmin^-2
Fitting aperture to hotspot...
Candidate: x_peak:        0.685, y_peak:       -0.295, r_peak:        0.020, sig:        6.666, ra_peak:      145.577, dec_peak:       21.723
Characteristic density local = 4894.0 deg^-2 = 1.359 arcmin^-2
Fitting aperture to hotspot...
Candidate: x_peak:        1.055, y_peak:        0.055, r_peak:        0.020, sig:        6.349, ra_peak:      145.978, dec_peak:       22.071
Distance = 79.4 kpc (m-M = 19.5)
588670 objects left after isochrone cut...
Characteristic density = 4700.0 deg^-2
Characteristic density local = 4649.3 deg^-2 = 1.291 arcmin^-2
Fitting aperture to hotspot...
Candidate: x_peak:       -0.515, y_peak:       -0.085, r_peak:        0.020, sig:        8.123, ra_peak:      144.285, dec_peak:       21.934
Characteristic density local = 4734.9 deg^-2 = 1.315 arcmin^-2
Fitting aperture to hotspot...
Candidate: x_peak:       -0.175, y_peak:        1.025, r_peak:        0.020, sig:       10.143, ra_peak:      144.650, dec_peak:       23.045
Characteristic density local = 4683.1 deg^-2 = 1.301 arcmin^-2
Fitting aperture to hotspot...
Candidate: x_peak:       -0.165, y_peak:        0.495, r_peak:        0.020, sig:        7.877, ra_peak:      144.661, dec_peak:       22.515
Characteristic density local = 4870.1 deg^-2 = 1.353 arcmin^-2
Fitting aperture to hotspot...
Candidate: x_peak:       -0.155, y_peak:       -0.485, r_peak:        0.020, sig:        8.174, ra_peak:      144.673, dec_peak:       21.535
Characteristic density local = 4888.0 deg^-2 = 1.358 arcmin^-2
Fitting aperture to hotspot...
Candidate: x_peak:       -0.035, y_peak:       -0.815, r_peak:        0.020, sig:       10.991, ra_peak:      144.802, dec_peak:       21.205
Characteristic density local = 4750.8 deg^-2 = 1.320 arcmin^-2
Fitting aperture to hotspot...
Candidate: x_peak:        0.055, y_peak:        0.145, r_peak:        0.020, sig:        7.150, ra_peak:      144.899, dec_peak:       22.165
Characteristic density local = 4802.5 deg^-2 = 1.334 arcmin^-2
Fitting aperture to hotspot...
Candidate: x_peak:        0.645, y_peak:       -0.445, r_peak:        0.020, sig:        6.413, ra_peak:      145.534, dec_peak:       21.574
Characteristic density local = 4724.9 deg^-2 = 1.312 arcmin^-2
Fitting aperture to hotspot...
Candidate: x_peak:        0.685, y_peak:       -0.285, r_peak:        0.020, sig:        6.468, ra_peak:      145.577, dec_peak:       21.733
Characteristic density local = 4812.4 deg^-2 = 1.337 arcmin^-2
Fitting aperture to hotspot...
Candidate: x_peak:        1.055, y_peak:        0.055, r_peak:        0.020, sig:        6.406, ra_peak:      145.978, dec_peak:       22.071
Distance = 100.0 kpc (m-M = 20.0)
585627 objects left after isochrone cut...
Characteristic density = 4600.0 deg^-2
Characteristic density local = 4559.8 deg^-2 = 1.267 arcmin^-2
Fitting aperture to hotspot...
Candidate: x_peak:       -0.515, y_peak:       -0.085, r_peak:        0.020, sig:        8.192, ra_peak:      144.285, dec_peak:       21.934
Characteristic density local = 4611.5 deg^-2 = 1.281 arcmin^-2
Fitting aperture to hotspot...
Candidate: x_peak:       -0.175, y_peak:        1.025, r_peak:        0.020, sig:       10.244, ra_peak:      144.650, dec_peak:       23.045
Characteristic density local = 4766.7 deg^-2 = 1.324 arcmin^-2
Fitting aperture to hotspot...
Candidate: x_peak:       -0.155, y_peak:       -0.485, r_peak:        0.020, sig:        8.252, ra_peak:      144.673, dec_peak:       21.535
Characteristic density local = 4591.6 deg^-2 = 1.275 arcmin^-2
Fitting aperture to hotspot...
Candidate: x_peak:       -0.165, y_peak:        0.495, r_peak:        0.020, sig:        7.947, ra_peak:      144.661, dec_peak:       22.515
Characteristic density local = 4748.8 deg^-2 = 1.319 arcmin^-2
Fitting aperture to hotspot...
Candidate: x_peak:       -0.045, y_peak:       -0.815, r_peak:        0.030, sig:        8.765, ra_peak:      144.792, dec_peak:       21.205
Characteristic density local = 4687.1 deg^-2 = 1.302 arcmin^-2
Fitting aperture to hotspot...
Candidate: x_peak:        0.645, y_peak:       -0.445, r_peak:        0.020, sig:        6.495, ra_peak:      145.534, dec_peak:       21.574
Characteristic density local = 4740.8 deg^-2 = 1.317 arcmin^-2
Fitting aperture to hotspot...
Candidate: x_peak:        1.055, y_peak:        0.055, r_peak:        0.020, sig:        6.456, ra_peak:      145.978, dec_peak:       22.071
Distance = 125.9 kpc (m-M = 20.5)
582121 objects left after isochrone cut...
Characteristic density = 4500.0 deg^-2
Characteristic density local = 4444.4 deg^-2 = 1.235 arcmin^-2
Fitting aperture to hotspot...
Candidate: x_peak:       -0.515, y_peak:       -0.085, r_peak:        0.020, sig:        8.283, ra_peak:      144.285, dec_peak:       21.934
Characteristic density local = 4512.0 deg^-2 = 1.253 arcmin^-2
Fitting aperture to hotspot...
Candidate: x_peak:       -0.175, y_peak:        1.025, r_peak:        0.020, sig:       10.326, ra_peak:      144.650, dec_peak:       23.045
Characteristic density local = 4663.2 deg^-2 = 1.295 arcmin^-2
Fitting aperture to hotspot...
Candidate: x_peak:       -0.155, y_peak:       -0.485, r_peak:        0.020, sig:        8.331, ra_peak:      144.673, dec_peak:       21.535
Characteristic density local = 4500.1 deg^-2 = 1.250 arcmin^-2
Fitting aperture to hotspot...
Candidate: x_peak:       -0.165, y_peak:        0.495, r_peak:        0.010, sig:        7.887, ra_peak:      144.661, dec_peak:       22.515
Characteristic density local = 4639.4 deg^-2 = 1.289 arcmin^-2
Fitting aperture to hotspot...
Candidate: x_peak:       -0.045, y_peak:       -0.815, r_peak:        0.030, sig:        8.880, ra_peak:      144.792, dec_peak:       21.205
Characteristic density local = 4533.9 deg^-2 = 1.259 arcmin^-2
Fitting aperture to hotspot...
Candidate: x_peak:        0.055, y_peak:        0.145, r_peak:        0.020, sig:        7.311, ra_peak:      144.899, dec_peak:       22.165
Characteristic density local = 4559.8 deg^-2 = 1.267 arcmin^-2
Fitting aperture to hotspot...
Candidate: x_peak:        0.645, y_peak:       -0.445, r_peak:        0.020, sig:        6.587, ra_peak:      145.534, dec_peak:       21.574
Characteristic density local = 4631.4 deg^-2 = 1.287 arcmin^-2
Fitting aperture to hotspot...
Candidate: x_peak:        1.055, y_peak:        0.055, r_peak:        0.020, sig:        6.535, ra_peak:      145.978, dec_peak:       22.071
Distance = 158.5 kpc (m-M = 21.0)
578287 objects left after isochrone cut...
Characteristic density = 4300.0 deg^-2
Characteristic density local = 4319.1 deg^-2 = 1.200 arcmin^-2
Fitting aperture to hotspot...
Candidate: x_peak:       -0.515, y_peak:       -0.085, r_peak:        0.020, sig:        8.383, ra_peak:      144.285, dec_peak:       21.934
Characteristic density local = 4382.7 deg^-2 = 1.217 arcmin^-2
Fitting aperture to hotspot...
Candidate: x_peak:       -0.175, y_peak:        1.025, r_peak:        0.020, sig:       10.436, ra_peak:      144.650, dec_peak:       23.045
Characteristic density local = 4354.9 deg^-2 = 1.210 arcmin^-2
Fitting aperture to hotspot...
Candidate: x_peak:       -0.165, y_peak:        0.495, r_peak:        0.010, sig:        7.959, ra_peak:      144.661, dec_peak:       22.515
Characteristic density local = 4553.8 deg^-2 = 1.265 arcmin^-2
Fitting aperture to hotspot...
Candidate: x_peak:       -0.155, y_peak:       -0.485, r_peak:        0.020, sig:        8.416, ra_peak:      144.673, dec_peak:       21.535
Characteristic density local = 4500.1 deg^-2 = 1.250 arcmin^-2
Fitting aperture to hotspot...
Candidate: x_peak:       -0.045, y_peak:       -0.815, r_peak:        0.030, sig:        9.029, ra_peak:      144.792, dec_peak:       21.205
Characteristic density local = 4396.7 deg^-2 = 1.221 arcmin^-2
Fitting aperture to hotspot...
Candidate: x_peak:        0.055, y_peak:        0.145, r_peak:        0.020, sig:        7.416, ra_peak:      144.899, dec_peak:       22.165
Characteristic density local = 4450.4 deg^-2 = 1.236 arcmin^-2
Fitting aperture to hotspot...
Candidate: x_peak:        0.645, y_peak:       -0.445, r_peak:        0.020, sig:        6.668, ra_peak:      145.534, dec_peak:       21.574
Characteristic density local = 4508.1 deg^-2 = 1.252 arcmin^-2
Fitting aperture to hotspot...
Candidate: x_peak:        1.055, y_peak:        0.055, r_peak:        0.020, sig:        6.625, ra_peak:      145.978, dec_peak:       22.071
Distance = 199.5 kpc (m-M = 21.5)
573742 objects left after isochrone cut...
Characteristic density = 4200.0 deg^-2
Characteristic density local = 4153.9 deg^-2 = 1.154 arcmin^-2
Fitting aperture to hotspot...
Candidate: x_peak:       -0.515, y_peak:       -0.085, r_peak:        0.020, sig:        8.519, ra_peak:      144.285, dec_peak:       21.934
Characteristic density local = 4265.4 deg^-2 = 1.185 arcmin^-2
Fitting aperture to hotspot...
Candidate: x_peak:       -0.525, y_peak:       -0.615, r_peak:        0.030, sig:        5.297, ra_peak:      144.276, dec_peak:       21.404
Characteristic density local = 4237.5 deg^-2 = 1.177 arcmin^-2
Fitting aperture to hotspot...
Candidate: x_peak:       -0.175, y_peak:        1.025, r_peak:        0.020, sig:       10.360, ra_peak:      144.650, dec_peak:       23.045
Characteristic density local = 4183.8 deg^-2 = 1.162 arcmin^-2
Fitting aperture to hotspot...
Candidate: x_peak:       -0.165, y_peak:        0.495, r_peak:        0.010, sig:        8.047, ra_peak:      144.661, dec_peak:       22.515
Characteristic density local = 4390.7 deg^-2 = 1.220 arcmin^-2
Fitting aperture to hotspot...
Candidate: x_peak:       -0.155, y_peak:       -0.485, r_peak:        0.020, sig:        8.546, ra_peak:      144.673, dec_peak:       21.535
Characteristic density local = 4368.8 deg^-2 = 1.214 arcmin^-2
Fitting aperture to hotspot...
Candidate: x_peak:       -0.045, y_peak:       -0.815, r_peak:        0.030, sig:        9.173, ra_peak:      144.792, dec_peak:       21.205
Characteristic density local = 4231.5 deg^-2 = 1.175 arcmin^-2
Fitting aperture to hotspot...
Candidate: x_peak:        0.055, y_peak:        0.145, r_peak:        0.020, sig:        7.546, ra_peak:      144.899, dec_peak:       22.165
Characteristic density local = 4323.0 deg^-2 = 1.201 arcmin^-2
Fitting aperture to hotspot...
Candidate: x_peak:        0.645, y_peak:       -0.445, r_peak:        0.020, sig:        6.764, ra_peak:      145.534, dec_peak:       21.574
Characteristic density local = 4358.9 deg^-2 = 1.211 arcmin^-2
Fitting aperture to hotspot...
Candidate: x_peak:        1.055, y_peak:        0.055, r_peak:        0.020, sig:        6.737, ra_peak:      145.978, dec_peak:       22.071
Distance = 251.2 kpc (m-M = 22.0)
568362 objects left after isochrone cut...
Characteristic density = 4000.0 deg^-2
Characteristic density local = 4036.6 deg^-2 = 1.121 arcmin^-2
Fitting aperture to hotspot...
Candidate: x_peak:       -0.515, y_peak:       -0.085, r_peak:        0.020, sig:        8.618, ra_peak:      144.285, dec_peak:       21.934
Characteristic density local = 4046.5 deg^-2 = 1.124 arcmin^-2
Fitting aperture to hotspot...
Candidate: x_peak:       -0.175, y_peak:        1.025, r_peak:        0.020, sig:       10.530, ra_peak:      144.650, dec_peak:       23.045
Characteristic density local = 3994.8 deg^-2 = 1.110 arcmin^-2
Fitting aperture to hotspot...
Candidate: x_peak:       -0.165, y_peak:        0.495, r_peak:        0.020, sig:        8.202, ra_peak:      144.661, dec_peak:       22.515
Characteristic density local = 4243.5 deg^-2 = 1.179 arcmin^-2
Fitting aperture to hotspot...
Candidate: x_peak:       -0.155, y_peak:       -0.485, r_peak:        0.020, sig:        8.666, ra_peak:      144.673, dec_peak:       21.535
Characteristic density local = 4217.6 deg^-2 = 1.172 arcmin^-2
Fitting aperture to hotspot...
Candidate: x_peak:       -0.035, y_peak:       -0.815, r_peak:        0.020, sig:       11.374, ra_peak:      144.802, dec_peak:       21.205
Characteristic density local = 4076.4 deg^-2 = 1.132 arcmin^-2
Fitting aperture to hotspot...
Candidate: x_peak:        0.055, y_peak:        0.145, r_peak:        0.020, sig:        7.671, ra_peak:      144.899, dec_peak:       22.165
Characteristic density local = 3815.7 deg^-2 = 1.060 arcmin^-2
Fitting aperture to hotspot...
Candidate: x_peak:        0.505, y_peak:        0.555, r_peak:        0.020, sig:        4.807, ra_peak:      145.387, dec_peak:       22.574
Characteristic density local = 4153.9 deg^-2 = 1.154 arcmin^-2
Fitting aperture to hotspot...
Candidate: x_peak:        0.645, y_peak:       -0.445, r_peak:        0.020, sig:        6.404, ra_peak:      145.534, dec_peak:       21.574
Characteristic density local = 4189.8 deg^-2 = 1.164 arcmin^-2
Fitting aperture to hotspot...
Candidate: x_peak:        1.055, y_peak:        0.055, r_peak:        0.020, sig:        6.867, ra_peak:      145.978, dec_peak:       22.071
Distance = 316.2 kpc (m-M = 22.5)
561974 objects left after isochrone cut...
Characteristic density = 3800.0 deg^-2
Characteristic density local = 3837.6 deg^-2 = 1.066 arcmin^-2
Fitting aperture to hotspot...
Candidate: x_peak:       -0.515, y_peak:       -0.085, r_peak:        0.020, sig:        8.791, ra_peak:      144.285, dec_peak:       21.934
Characteristic density local = 3821.7 deg^-2 = 1.062 arcmin^-2
Fitting aperture to hotspot...
Candidate: x_peak:       -0.175, y_peak:        1.025, r_peak:        0.020, sig:       10.739, ra_peak:      144.650, dec_peak:       23.045
Characteristic density local = 4036.6 deg^-2 = 1.121 arcmin^-2
Fitting aperture to hotspot...
Candidate: x_peak:       -0.155, y_peak:       -0.485, r_peak:        0.020, sig:        8.840, ra_peak:      144.673, dec_peak:       21.535
Characteristic density local = 3783.9 deg^-2 = 1.051 arcmin^-2
Fitting aperture to hotspot...
Candidate: x_peak:       -0.165, y_peak:        0.495, r_peak:        0.020, sig:        8.384, ra_peak:      144.661, dec_peak:       22.515
Characteristic density local = 3978.9 deg^-2 = 1.105 arcmin^-2
Fitting aperture to hotspot...
Candidate: x_peak:       -0.045, y_peak:       -0.815, r_peak:        0.020, sig:        9.328, ra_peak:      144.792, dec_peak:       21.205
Characteristic density local = 3887.4 deg^-2 = 1.080 arcmin^-2
Fitting aperture to hotspot...
Candidate: x_peak:        0.055, y_peak:        0.145, r_peak:        0.020, sig:        7.110, ra_peak:      144.899, dec_peak:       22.165
Characteristic density local = 3929.1 deg^-2 = 1.091 arcmin^-2
Fitting aperture to hotspot...
Candidate: x_peak:        0.645, y_peak:       -0.445, r_peak:        0.020, sig:        6.581, ra_peak:      145.534, dec_peak:       21.574
Characteristic density local = 3980.9 deg^-2 = 1.106 arcmin^-2
Fitting aperture to hotspot...
Candidate: x_peak:        1.055, y_peak:        0.055, r_peak:        0.020, sig:        7.034, ra_peak:      145.978, dec_peak:       22.071
Distance = 398.1 kpc (m-M = 23.0)
554039 objects left after isochrone cut...
Characteristic density = 3500.0 deg^-2
Characteristic density local = 3583.0 deg^-2 = 0.995 arcmin^-2
Fitting aperture to hotspot...
Candidate: x_peak:       -0.515, y_peak:       -0.085, r_peak:        0.020, sig:        9.024, ra_peak:      144.285, dec_peak:       21.934
Characteristic density local = 3561.1 deg^-2 = 0.989 arcmin^-2
Fitting aperture to hotspot...
Candidate: x_peak:       -0.175, y_peak:        1.025, r_peak:        0.020, sig:       10.994, ra_peak:      144.650, dec_peak:       23.045
Characteristic density local = 3529.3 deg^-2 = 0.980 arcmin^-2
Fitting aperture to hotspot...
Candidate: x_peak:       -0.165, y_peak:        0.495, r_peak:        0.010, sig:        8.410, ra_peak:      144.661, dec_peak:       22.515
Characteristic density local = 3768.0 deg^-2 = 1.047 arcmin^-2
Fitting aperture to hotspot...
Candidate: x_peak:       -0.155, y_peak:       -0.485, r_peak:        0.020, sig:        9.078, ra_peak:      144.673, dec_peak:       21.535
Characteristic density local = 3720.2 deg^-2 = 1.033 arcmin^-2
Fitting aperture to hotspot...
Candidate: x_peak:       -0.035, y_peak:       -0.815, r_peak:        0.020, sig:       11.847, ra_peak:      144.802, dec_peak:       21.205
Characteristic density local = 3608.8 deg^-2 = 1.002 arcmin^-2
Fitting aperture to hotspot...
Candidate: x_peak:        0.055, y_peak:        0.145, r_peak:        0.020, sig:        7.348, ra_peak:      144.899, dec_peak:       22.165
Characteristic density local = 3342.3 deg^-2 = 0.928 arcmin^-2
Fitting aperture to hotspot...
Candidate: x_peak:        0.515, y_peak:        0.545, r_peak:        0.020, sig:        6.563, ra_peak:      145.398, dec_peak:       22.564
Characteristic density local = 3616.8 deg^-2 = 1.005 arcmin^-2
Fitting aperture to hotspot...
Candidate: x_peak:        0.645, y_peak:       -0.445, r_peak:        0.020, sig:        6.585, ra_peak:      145.534, dec_peak:       21.574
Characteristic density local = 3718.3 deg^-2 = 1.033 arcmin^-2
Fitting aperture to hotspot...
Candidate: x_peak:        1.055, y_peak:        0.055, r_peak:        0.020, sig:        7.253, ra_peak:      145.978, dec_peak:       22.071
11.85 sigma; (RA, Dec, d) = (144.80, 21.20); r = 0.02 deg; d = 398.1, mu = 23.00 mag), mc_source_id: 0.00
10.99 sigma; (RA, Dec, d) = (144.65, 23.04); r = 0.02 deg; d = 398.1, mu = 23.00 mag), mc_source_id: 0.00
9.08 sigma; (RA, Dec, d) = (144.67, 21.53); r = 0.02 deg; d = 398.1, mu = 23.00 mag), mc_source_id: 0.00
9.02 sigma; (RA, Dec, d) = (144.28, 21.93); r = 0.02 deg; d = 398.1, mu = 23.00 mag), mc_source_id: 0.00
8.41 sigma; (RA, Dec, d) = (144.66, 22.51); r = 0.01 deg; d = 398.1, mu = 23.00 mag), mc_source_id: 0.00
7.92 sigma; (RA, Dec, d) = (145.52, 21.57); r = 0.02 deg; d = 63.1, mu = 19.00 mag), mc_source_id: 0.00
7.67 sigma; (RA, Dec, d) = (144.90, 22.16); r = 0.02 deg; d = 251.2, mu = 22.00 mag), mc_source_id: 0.00
7.25 sigma; (RA, Dec, d) = (145.98, 22.07); r = 0.02 deg; d = 398.1, mu = 23.00 mag), mc_source_id: 0.00
6.67 sigma; (RA, Dec, d) = (145.58, 21.72); r = 0.02 deg; d = 63.1, mu = 19.00 mag), mc_source_id: 0.00
6.56 sigma; (RA, Dec, d) = (145.40, 22.56); r = 0.02 deg; d = 398.1, mu = 23.00 mag), mc_source_id: 0.00
5.30 sigma; (RA, Dec, d) = (144.28, 21.40); r = 0.03 deg; d = 199.5, mu = 21.50 mag), mc_source_id: 0.00

------------------------------------------------------------
Job <679373.0> was submitted from <des51.fnal.gov> by user <tavangar>.
Job was executed on host <des40.fnal.gov> as user <tavangar>.
</var/lib/condor/execute/dir_1722728> was used as the initial working directory.
Results reported at Wed Jun  5 03:57:50 CDT 2019

Your job looked like:

------------------------------------------------------------
python /home/s1/tavangar/tavangar_simple/search_algorithm.py 144.84 22.02 0.00 /home/s1/tavangar/tavangar_simple/decals_dr7_results/results_nside_32_3827.csv /home/s1/tavangar/tavangar_simple/decals_dr7_results/decals_dr7_log/results_nside_32_3827.log
------------------------------------------------------------

Successfully completed.

Resource usage summary:

	Real time :			438.95 sec.
	CPU time :			205.42 sec.
	CPU percentage :		97%
	Max Memory :			5302400 KB
	Average Memory :		0 KB

The output (if any) is above this job summary.
