/home/s1/tavangar/tavangar_simple/simple_utils.py:170: FutureWarning: elementwise comparison failed; returning scalar instead, but in the future will perform elementwise comparison
  if np.all(isochrone.stage == 'Main'):
Search coordinates: (RA, Dec) = (244.69, 28.63)
Center healpixel: 3223
Healpixels: [3223 3350 3222 3094 2967 3095 3224 3351 3479]
MC_SOURCE_ID = 0.0
mode = 0: running only on real data
Found 1 objects...
Applying cuts...
695413 star-like objects in ROI...
774066 galaxy-like objects in ROI...
No fracdet map specified ...
Distance = 15.8 kpc (m-M = 16.0)
695396 objects left after isochrone cut...
Characteristic density = 8600.0 deg^-2
Characteristic density local = 8666.0 deg^-2 = 2.407 arcmin^-2
Fitting aperture to hotspot...
Candidate: x_peak:       -1.085, y_peak:        0.105, r_peak:        0.020, sig:        9.434, ra_peak:      243.453, dec_peak:       28.729
Characteristic density local = 8604.3 deg^-2 = 2.390 arcmin^-2
Fitting aperture to hotspot...
Candidate: x_peak:       -0.435, y_peak:        0.525, r_peak:        0.030, sig:       14.610, ra_peak:      244.192, dec_peak:       29.154
Characteristic density local = 8590.4 deg^-2 = 2.386 arcmin^-2
Fitting aperture to hotspot...
Candidate: x_peak:       -0.435, y_peak:       -0.135, r_peak:        0.020, sig:        7.697, ra_peak:      244.195, dec_peak:       28.494
Characteristic density local = 8799.3 deg^-2 = 2.444 arcmin^-2
Fitting aperture to hotspot...
Candidate: x_peak:       -0.415, y_peak:       -0.805, r_peak:        0.030, sig:        4.843, ra_peak:      244.221, dec_peak:       27.824
Characteristic density local = 8395.4 deg^-2 = 2.332 arcmin^-2
Fitting aperture to hotspot...
Candidate: x_peak:       -0.355, y_peak:        0.795, r_peak:        0.020, sig:        9.922, ra_peak:      244.282, dec_peak:       29.424
Characteristic density local = 8918.6 deg^-2 = 2.477 arcmin^-2
Fitting aperture to hotspot...
Candidate: x_peak:       -0.315, y_peak:       -0.985, r_peak:        0.020, sig:        9.470, ra_peak:      244.334, dec_peak:       27.645
Characteristic density local = 8998.2 deg^-2 = 2.500 arcmin^-2
Fitting aperture to hotspot...
Candidate: x_peak:       -0.325, y_peak:        0.995, r_peak:        0.040, sig:        4.000, ra_peak:      244.316, dec_peak:       29.625
Distance = 20.0 kpc (m-M = 16.5)
695406 objects left after isochrone cut...
Characteristic density = 8600.0 deg^-2
Characteristic density local = 8666.0 deg^-2 = 2.407 arcmin^-2
Fitting aperture to hotspot...
Candidate: x_peak:       -1.085, y_peak:        0.105, r_peak:        0.020, sig:        9.434, ra_peak:      243.453, dec_peak:       28.729
Characteristic density local = 8604.3 deg^-2 = 2.390 arcmin^-2
Fitting aperture to hotspot...
Candidate: x_peak:       -0.435, y_peak:        0.525, r_peak:        0.030, sig:       14.610, ra_peak:      244.192, dec_peak:       29.154
Characteristic density local = 8590.4 deg^-2 = 2.386 arcmin^-2
Fitting aperture to hotspot...
Candidate: x_peak:       -0.435, y_peak:       -0.135, r_peak:        0.020, sig:        7.697, ra_peak:      244.195, dec_peak:       28.494
Characteristic density local = 8799.3 deg^-2 = 2.444 arcmin^-2
Fitting aperture to hotspot...
Candidate: x_peak:       -0.415, y_peak:       -0.805, r_peak:        0.030, sig:        4.843, ra_peak:      244.221, dec_peak:       27.824
Characteristic density local = 8395.4 deg^-2 = 2.332 arcmin^-2
Fitting aperture to hotspot...
Candidate: x_peak:       -0.355, y_peak:        0.795, r_peak:        0.020, sig:        9.922, ra_peak:      244.282, dec_peak:       29.424
Characteristic density local = 8918.6 deg^-2 = 2.477 arcmin^-2
Fitting aperture to hotspot...
Candidate: x_peak:       -0.315, y_peak:       -0.985, r_peak:        0.020, sig:        9.470, ra_peak:      244.334, dec_peak:       27.645
Characteristic density local = 8998.2 deg^-2 = 2.500 arcmin^-2
Fitting aperture to hotspot...
Candidate: x_peak:       -0.325, y_peak:        0.995, r_peak:        0.040, sig:        4.000, ra_peak:      244.316, dec_peak:       29.625
Distance = 25.1 kpc (m-M = 17.0)
695410 objects left after isochrone cut...
Characteristic density = 8600.0 deg^-2
Characteristic density local = 8666.0 deg^-2 = 2.407 arcmin^-2
Fitting aperture to hotspot...
Candidate: x_peak:       -1.085, y_peak:        0.105, r_peak:        0.020, sig:        9.434, ra_peak:      243.453, dec_peak:       28.729
Characteristic density local = 8604.3 deg^-2 = 2.390 arcmin^-2
Fitting aperture to hotspot...
Candidate: x_peak:       -0.435, y_peak:        0.525, r_peak:        0.030, sig:       14.610, ra_peak:      244.192, dec_peak:       29.154
Characteristic density local = 8590.4 deg^-2 = 2.386 arcmin^-2
Fitting aperture to hotspot...
Candidate: x_peak:       -0.435, y_peak:       -0.135, r_peak:        0.020, sig:        7.697, ra_peak:      244.195, dec_peak:       28.494
Characteristic density local = 8799.3 deg^-2 = 2.444 arcmin^-2
Fitting aperture to hotspot...
Candidate: x_peak:       -0.415, y_peak:       -0.805, r_peak:        0.030, sig:        4.843, ra_peak:      244.221, dec_peak:       27.824
Characteristic density local = 8395.4 deg^-2 = 2.332 arcmin^-2
Fitting aperture to hotspot...
Candidate: x_peak:       -0.355, y_peak:        0.795, r_peak:        0.020, sig:        9.922, ra_peak:      244.282, dec_peak:       29.424
Characteristic density local = 8918.6 deg^-2 = 2.477 arcmin^-2
Fitting aperture to hotspot...
Candidate: x_peak:       -0.315, y_peak:       -0.985, r_peak:        0.020, sig:        9.470, ra_peak:      244.334, dec_peak:       27.645
Characteristic density local = 8998.2 deg^-2 = 2.500 arcmin^-2
Fitting aperture to hotspot...
Candidate: x_peak:       -0.325, y_peak:        0.995, r_peak:        0.040, sig:        4.000, ra_peak:      244.316, dec_peak:       29.625
Distance = 31.6 kpc (m-M = 17.5)
695406 objects left after isochrone cut...
Characteristic density = 8600.0 deg^-2
Characteristic density local = 8666.0 deg^-2 = 2.407 arcmin^-2
Fitting aperture to hotspot...
Candidate: x_peak:       -1.085, y_peak:        0.105, r_peak:        0.020, sig:        9.434, ra_peak:      243.453, dec_peak:       28.729
Characteristic density local = 8604.3 deg^-2 = 2.390 arcmin^-2
Fitting aperture to hotspot...
Candidate: x_peak:       -0.435, y_peak:        0.525, r_peak:        0.030, sig:       14.610, ra_peak:      244.192, dec_peak:       29.154
Characteristic density local = 8590.4 deg^-2 = 2.386 arcmin^-2
Fitting aperture to hotspot...
Candidate: x_peak:       -0.435, y_peak:       -0.135, r_peak:        0.020, sig:        7.697, ra_peak:      244.195, dec_peak:       28.494
Characteristic density local = 8797.3 deg^-2 = 2.444 arcmin^-2
Fitting aperture to hotspot...
Candidate: x_peak:       -0.415, y_peak:       -0.805, r_peak:        0.030, sig:        4.844, ra_peak:      244.221, dec_peak:       27.824
Characteristic density local = 8395.4 deg^-2 = 2.332 arcmin^-2
Fitting aperture to hotspot...
Candidate: x_peak:       -0.355, y_peak:        0.795, r_peak:        0.020, sig:        9.922, ra_peak:      244.282, dec_peak:       29.424
Characteristic density local = 8918.6 deg^-2 = 2.477 arcmin^-2
Fitting aperture to hotspot...
Candidate: x_peak:       -0.315, y_peak:       -0.985, r_peak:        0.020, sig:        9.470, ra_peak:      244.334, dec_peak:       27.645
Characteristic density local = 8998.2 deg^-2 = 2.500 arcmin^-2
Fitting aperture to hotspot...
Candidate: x_peak:       -0.325, y_peak:        0.995, r_peak:        0.040, sig:        4.000, ra_peak:      244.316, dec_peak:       29.625
Distance = 39.8 kpc (m-M = 18.0)
695253 objects left after isochrone cut...
Characteristic density = 8600.0 deg^-2
Characteristic density local = 8660.0 deg^-2 = 2.406 arcmin^-2
Fitting aperture to hotspot...
Candidate: x_peak:       -1.085, y_peak:        0.105, r_peak:        0.020, sig:        9.437, ra_peak:      243.453, dec_peak:       28.729
Characteristic density local = 8602.3 deg^-2 = 2.390 arcmin^-2
Fitting aperture to hotspot...
Candidate: x_peak:       -0.435, y_peak:        0.525, r_peak:        0.030, sig:       14.612, ra_peak:      244.192, dec_peak:       29.154
Characteristic density local = 8588.4 deg^-2 = 2.386 arcmin^-2
Fitting aperture to hotspot...
Candidate: x_peak:       -0.435, y_peak:       -0.135, r_peak:        0.020, sig:        7.698, ra_peak:      244.195, dec_peak:       28.494
Characteristic density local = 8797.3 deg^-2 = 2.444 arcmin^-2
Fitting aperture to hotspot...
Candidate: x_peak:       -0.415, y_peak:       -0.805, r_peak:        0.030, sig:        4.844, ra_peak:      244.221, dec_peak:       27.824
Characteristic density local = 8395.4 deg^-2 = 2.332 arcmin^-2
Fitting aperture to hotspot...
Candidate: x_peak:       -0.355, y_peak:        0.795, r_peak:        0.020, sig:        9.922, ra_peak:      244.282, dec_peak:       29.424
Characteristic density local = 8914.7 deg^-2 = 2.476 arcmin^-2
Fitting aperture to hotspot...
Candidate: x_peak:       -0.315, y_peak:       -0.985, r_peak:        0.020, sig:        9.472, ra_peak:      244.334, dec_peak:       27.645
Characteristic density local = 8998.2 deg^-2 = 2.500 arcmin^-2
Fitting aperture to hotspot...
Candidate: x_peak:       -0.325, y_peak:        0.995, r_peak:        0.040, sig:        4.000, ra_peak:      244.316, dec_peak:       29.625
Distance = 50.1 kpc (m-M = 18.5)
694101 objects left after isochrone cut...
Characteristic density = 8600.0 deg^-2
Characteristic density local = 8644.1 deg^-2 = 2.401 arcmin^-2
Fitting aperture to hotspot...
Candidate: x_peak:       -1.085, y_peak:        0.105, r_peak:        0.020, sig:        9.445, ra_peak:      243.453, dec_peak:       28.729
Characteristic density local = 8580.4 deg^-2 = 2.383 arcmin^-2
Fitting aperture to hotspot...
Candidate: x_peak:       -0.435, y_peak:        0.525, r_peak:        0.030, sig:       14.630, ra_peak:      244.192, dec_peak:       29.154
Characteristic density local = 8572.5 deg^-2 = 2.381 arcmin^-2
Fitting aperture to hotspot...
Candidate: x_peak:       -0.435, y_peak:       -0.135, r_peak:        0.020, sig:        7.706, ra_peak:      244.195, dec_peak:       28.494
Characteristic density local = 8777.4 deg^-2 = 2.438 arcmin^-2
Fitting aperture to hotspot...
Candidate: x_peak:       -0.415, y_peak:       -0.805, r_peak:        0.030, sig:        4.857, ra_peak:      244.221, dec_peak:       27.824
Characteristic density local = 8373.5 deg^-2 = 2.326 arcmin^-2
Fitting aperture to hotspot...
Candidate: x_peak:       -0.355, y_peak:        0.795, r_peak:        0.020, sig:        9.934, ra_peak:      244.282, dec_peak:       29.424
Characteristic density local = 8892.8 deg^-2 = 2.470 arcmin^-2
Fitting aperture to hotspot...
Candidate: x_peak:       -0.315, y_peak:       -0.985, r_peak:        0.020, sig:        9.483, ra_peak:      244.334, dec_peak:       27.645
Characteristic density local = 8974.3 deg^-2 = 2.493 arcmin^-2
Fitting aperture to hotspot...
Candidate: x_peak:       -0.325, y_peak:        0.995, r_peak:        0.040, sig:        3.894, ra_peak:      244.316, dec_peak:       29.625
Distance = 63.1 kpc (m-M = 19.0)
690739 objects left after isochrone cut...
Characteristic density = 8500.0 deg^-2
Characteristic density local = 8524.7 deg^-2 = 2.368 arcmin^-2
Fitting aperture to hotspot...
Candidate: x_peak:       -1.085, y_peak:        0.105, r_peak:        0.020, sig:        9.510, ra_peak:      243.453, dec_peak:       28.729
Characteristic density local = 8455.1 deg^-2 = 2.349 arcmin^-2
Fitting aperture to hotspot...
Candidate: x_peak:       -0.435, y_peak:        0.525, r_peak:        0.030, sig:       14.733, ra_peak:      244.192, dec_peak:       29.154
Characteristic density local = 8461.1 deg^-2 = 2.350 arcmin^-2
Fitting aperture to hotspot...
Candidate: x_peak:       -0.435, y_peak:       -0.135, r_peak:        0.020, sig:        7.763, ra_peak:      244.195, dec_peak:       28.494
Characteristic density local = 8668.0 deg^-2 = 2.408 arcmin^-2
Fitting aperture to hotspot...
Candidate: x_peak:       -0.415, y_peak:       -0.805, r_peak:        0.030, sig:        4.929, ra_peak:      244.221, dec_peak:       27.824
Characteristic density local = 8369.6 deg^-2 = 2.325 arcmin^-2
Fitting aperture to hotspot...
Candidate: x_peak:       -0.355, y_peak:        0.805, r_peak:        0.020, sig:        9.073, ra_peak:      244.282, dec_peak:       29.434
Characteristic density local = 8783.4 deg^-2 = 2.440 arcmin^-2
Fitting aperture to hotspot...
Candidate: x_peak:       -0.315, y_peak:       -0.985, r_peak:        0.020, sig:        9.541, ra_peak:      244.334, dec_peak:       27.645
Characteristic density local = 8841.1 deg^-2 = 2.456 arcmin^-2
Fitting aperture to hotspot...
Candidate: x_peak:       -0.325, y_peak:        0.995, r_peak:        0.040, sig:        3.876, ra_peak:      244.316, dec_peak:       29.625
Distance = 79.4 kpc (m-M = 19.5)
686270 objects left after isochrone cut...
Characteristic density = 8300.0 deg^-2
Characteristic density local = 8379.5 deg^-2 = 2.328 arcmin^-2
Fitting aperture to hotspot...
Candidate: x_peak:       -1.085, y_peak:        0.105, r_peak:        0.020, sig:        9.589, ra_peak:      243.453, dec_peak:       28.729
Characteristic density local = 8284.0 deg^-2 = 2.301 arcmin^-2
Fitting aperture to hotspot...
Candidate: x_peak:       -0.435, y_peak:        0.525, r_peak:        0.030, sig:       14.761, ra_peak:      244.192, dec_peak:       29.154
Characteristic density local = 8299.9 deg^-2 = 2.306 arcmin^-2
Fitting aperture to hotspot...
Candidate: x_peak:       -0.425, y_peak:       -0.125, r_peak:        0.030, sig:        6.395, ra_peak:      244.206, dec_peak:       28.504
Characteristic density local = 8510.8 deg^-2 = 2.364 arcmin^-2
Fitting aperture to hotspot...
Candidate: x_peak:       -0.415, y_peak:       -0.805, r_peak:        0.030, sig:        4.720, ra_peak:      244.221, dec_peak:       27.824
Characteristic density local = 8236.3 deg^-2 = 2.288 arcmin^-2
Fitting aperture to hotspot...
Candidate: x_peak:       -0.355, y_peak:        0.805, r_peak:        0.020, sig:        9.146, ra_peak:      244.282, dec_peak:       29.434
Characteristic density local = 8652.1 deg^-2 = 2.403 arcmin^-2
Fitting aperture to hotspot...
Candidate: x_peak:       -0.315, y_peak:       -0.985, r_peak:        0.020, sig:        9.612, ra_peak:      244.334, dec_peak:       27.645
Characteristic density local = 8697.8 deg^-2 = 2.416 arcmin^-2
Fitting aperture to hotspot...
Candidate: x_peak:       -0.325, y_peak:        0.995, r_peak:        0.040, sig:        3.868, ra_peak:      244.316, dec_peak:       29.625
Distance = 100.0 kpc (m-M = 20.0)
680664 objects left after isochrone cut...
Characteristic density = 8100.0 deg^-2
Characteristic density local = 8188.5 deg^-2 = 2.275 arcmin^-2
Fitting aperture to hotspot...
Candidate: x_peak:       -1.085, y_peak:        0.105, r_peak:        0.020, sig:        9.695, ra_peak:      243.453, dec_peak:       28.729
Characteristic density local = 8083.1 deg^-2 = 2.245 arcmin^-2
Fitting aperture to hotspot...
Candidate: x_peak:       -0.435, y_peak:        0.525, r_peak:        0.030, sig:       14.931, ra_peak:      244.192, dec_peak:       29.154
Characteristic density local = 8089.0 deg^-2 = 2.247 arcmin^-2
Fitting aperture to hotspot...
Candidate: x_peak:       -0.435, y_peak:       -0.135, r_peak:        0.020, sig:        7.584, ra_peak:      244.195, dec_peak:       28.494
Characteristic density local = 8339.7 deg^-2 = 2.317 arcmin^-2
Fitting aperture to hotspot...
Candidate: x_peak:       -0.415, y_peak:       -0.805, r_peak:        0.040, sig:        4.680, ra_peak:      244.221, dec_peak:       27.824
Characteristic density local = 7882.1 deg^-2 = 2.189 arcmin^-2
Fitting aperture to hotspot...
Candidate: x_peak:       -0.355, y_peak:        0.795, r_peak:        0.020, sig:       10.214, ra_peak:      244.282, dec_peak:       29.424
Characteristic density local = 8471.0 deg^-2 = 2.353 arcmin^-2
Fitting aperture to hotspot...
Candidate: x_peak:       -0.315, y_peak:       -0.985, r_peak:        0.020, sig:        9.710, ra_peak:      244.334, dec_peak:       27.645
Characteristic density local = 8479.0 deg^-2 = 2.355 arcmin^-2
Fitting aperture to hotspot...
Candidate: x_peak:       -0.325, y_peak:        0.995, r_peak:        0.050, sig:        3.880, ra_peak:      244.316, dec_peak:       29.625
Characteristic density local = 8170.6 deg^-2 = 2.270 arcmin^-2
Fitting aperture to hotspot...
Candidate: x_peak:        0.555, y_peak:        0.375, r_peak:        0.120, sig:        4.025, ra_peak:      245.325, dec_peak:       29.004
Distance = 125.9 kpc (m-M = 20.5)
673916 objects left after isochrone cut...
Characteristic density = 7900.0 deg^-2
Characteristic density local = 7957.7 deg^-2 = 2.210 arcmin^-2
Fitting aperture to hotspot...
Candidate: x_peak:       -1.085, y_peak:        0.105, r_peak:        0.020, sig:        9.826, ra_peak:      243.453, dec_peak:       28.729
Characteristic density local = 8059.2 deg^-2 = 2.239 arcmin^-2
Fitting aperture to hotspot...
Candidate: x_peak:       -0.865, y_peak:        0.075, r_peak:        0.030, sig:        3.543, ra_peak:      243.704, dec_peak:       28.701
Characteristic density local = 7858.3 deg^-2 = 2.183 arcmin^-2
Fitting aperture to hotspot...
Candidate: x_peak:       -0.435, y_peak:        0.525, r_peak:        0.030, sig:       15.010, ra_peak:      244.192, dec_peak:       29.154
Characteristic density local = 7886.1 deg^-2 = 2.191 arcmin^-2
Fitting aperture to hotspot...
Candidate: x_peak:       -0.425, y_peak:       -0.125, r_peak:        0.030, sig:        6.389, ra_peak:      244.206, dec_peak:       28.504
Characteristic density local = 8126.8 deg^-2 = 2.257 arcmin^-2
Fitting aperture to hotspot...
Candidate: x_peak:       -0.415, y_peak:       -0.805, r_peak:        0.030, sig:        4.658, ra_peak:      244.221, dec_peak:       27.824
Characteristic density local = 7663.3 deg^-2 = 2.129 arcmin^-2
Fitting aperture to hotspot...
Candidate: x_peak:       -0.355, y_peak:        0.795, r_peak:        0.020, sig:       10.342, ra_peak:      244.282, dec_peak:       29.424
Characteristic density local = 8268.1 deg^-2 = 2.297 arcmin^-2
Fitting aperture to hotspot...
Candidate: x_peak:       -0.315, y_peak:       -0.985, r_peak:        0.020, sig:        9.823, ra_peak:      244.334, dec_peak:       27.645
Characteristic density local = 7904.0 deg^-2 = 2.196 arcmin^-2
Fitting aperture to hotspot...
Candidate: x_peak:        0.555, y_peak:        0.375, r_peak:        0.120, sig:        4.140, ra_peak:      245.325, dec_peak:       29.004
Distance = 158.5 kpc (m-M = 21.0)
665696 objects left after isochrone cut...
Characteristic density = 7600.0 deg^-2
Characteristic density local = 7703.1 deg^-2 = 2.140 arcmin^-2
Fitting aperture to hotspot...
Candidate: x_peak:       -1.085, y_peak:        0.105, r_peak:        0.020, sig:        9.974, ra_peak:      243.453, dec_peak:       28.729
Characteristic density local = 7796.6 deg^-2 = 2.166 arcmin^-2
Fitting aperture to hotspot...
Candidate: x_peak:       -0.865, y_peak:        0.075, r_peak:        0.030, sig:        3.547, ra_peak:      243.704, dec_peak:       28.701
Characteristic density local = 7470.3 deg^-2 = 2.075 arcmin^-2
Fitting aperture to hotspot...
Candidate: x_peak:       -0.575, y_peak:        0.285, r_peak:        0.050, sig:        4.090, ra_peak:      244.033, dec_peak:       28.913
Characteristic density local = 7585.7 deg^-2 = 2.107 arcmin^-2
Fitting aperture to hotspot...
Candidate: x_peak:       -0.435, y_peak:        0.525, r_peak:        0.030, sig:       15.134, ra_peak:      244.192, dec_peak:       29.154
Characteristic density local = 7639.4 deg^-2 = 2.122 arcmin^-2
Fitting aperture to hotspot...
Candidate: x_peak:       -0.435, y_peak:       -0.125, r_peak:        0.020, sig:        6.652, ra_peak:      244.195, dec_peak:       28.504
Characteristic density local = 7943.8 deg^-2 = 2.207 arcmin^-2
Fitting aperture to hotspot...
Candidate: x_peak:       -0.405, y_peak:       -0.815, r_peak:        0.030, sig:        4.945, ra_peak:      244.232, dec_peak:       27.814
Characteristic density local = 7440.5 deg^-2 = 2.067 arcmin^-2
Fitting aperture to hotspot...
Candidate: x_peak:       -0.355, y_peak:        0.795, r_peak:        0.020, sig:       10.476, ra_peak:      244.282, dec_peak:       29.424
Characteristic density local = 8001.5 deg^-2 = 2.223 arcmin^-2
Fitting aperture to hotspot...
Candidate: x_peak:       -0.315, y_peak:       -0.985, r_peak:        0.020, sig:        9.801, ra_peak:      244.334, dec_peak:       27.645
Characteristic density local = 8017.4 deg^-2 = 2.227 arcmin^-2
Fitting aperture to hotspot...
Candidate: x_peak:       -0.335, y_peak:        0.995, r_peak:        0.050, sig:        3.496, ra_peak:      244.305, dec_peak:       29.624
Distance = 199.5 kpc (m-M = 21.5)
656136 objects left after isochrone cut...
Characteristic density = 7300.0 deg^-2
Characteristic density local = 7343.0 deg^-2 = 2.040 arcmin^-2
Fitting aperture to hotspot...
Candidate: x_peak:       -1.085, y_peak:        0.105, r_peak:        0.020, sig:        9.837, ra_peak:      243.453, dec_peak:       28.729
Characteristic density local = 7482.3 deg^-2 = 2.078 arcmin^-2
Fitting aperture to hotspot...
Candidate: x_peak:       -0.865, y_peak:        0.075, r_peak:        0.050, sig:        3.626, ra_peak:      243.704, dec_peak:       28.701
Characteristic density local = 7171.9 deg^-2 = 1.992 arcmin^-2
Fitting aperture to hotspot...
Candidate: x_peak:       -0.575, y_peak:        0.285, r_peak:        0.050, sig:        4.088, ra_peak:      244.033, dec_peak:       28.913
Characteristic density local = 7279.3 deg^-2 = 2.022 arcmin^-2
Fitting aperture to hotspot...
Candidate: x_peak:       -0.435, y_peak:        0.525, r_peak:        0.030, sig:       15.295, ra_peak:      244.192, dec_peak:       29.154
Characteristic density local = 7351.0 deg^-2 = 2.042 arcmin^-2
Fitting aperture to hotspot...
Candidate: x_peak:       -0.435, y_peak:       -0.125, r_peak:        0.020, sig:        6.808, ra_peak:      244.195, dec_peak:       28.504
Characteristic density local = 7605.6 deg^-2 = 2.113 arcmin^-2
Fitting aperture to hotspot...
Candidate: x_peak:       -0.405, y_peak:       -0.815, r_peak:        0.030, sig:        5.021, ra_peak:      244.232, dec_peak:       27.814
Characteristic density local = 7169.9 deg^-2 = 1.992 arcmin^-2
Fitting aperture to hotspot...
Candidate: x_peak:       -0.355, y_peak:        0.795, r_peak:        0.020, sig:       10.470, ra_peak:      244.282, dec_peak:       29.424
Characteristic density local = 7667.3 deg^-2 = 2.130 arcmin^-2
Fitting aperture to hotspot...
Candidate: x_peak:       -0.315, y_peak:       -0.985, r_peak:        0.020, sig:        9.468, ra_peak:      244.334, dec_peak:       27.645
Characteristic density local = 7339.0 deg^-2 = 2.039 arcmin^-2
Fitting aperture to hotspot...
Candidate: x_peak:        0.545, y_peak:        0.425, r_peak:        0.270, sig:        3.982, ra_peak:      245.313, dec_peak:       29.054
Distance = 251.2 kpc (m-M = 22.0)
644821 objects left after isochrone cut...
Characteristic density = 6900.0 deg^-2
Characteristic density local = 7000.8 deg^-2 = 1.945 arcmin^-2
Fitting aperture to hotspot...
Candidate: x_peak:       -1.085, y_peak:        0.105, r_peak:        0.020, sig:        9.868, ra_peak:      243.453, dec_peak:       28.729
Characteristic density local = 7124.2 deg^-2 = 1.979 arcmin^-2
Fitting aperture to hotspot...
Candidate: x_peak:       -0.865, y_peak:        0.075, r_peak:        0.030, sig:        3.839, ra_peak:      243.704, dec_peak:       28.701
Characteristic density local = 6839.7 deg^-2 = 1.900 arcmin^-2
Fitting aperture to hotspot...
Candidate: x_peak:       -0.575, y_peak:        0.285, r_peak:        0.050, sig:        4.126, ra_peak:      244.033, dec_peak:       28.913
Characteristic density local = 6921.3 deg^-2 = 1.923 arcmin^-2
Fitting aperture to hotspot...
Candidate: x_peak:       -0.435, y_peak:        0.525, r_peak:        0.030, sig:       15.513, ra_peak:      244.192, dec_peak:       29.154
Characteristic density local = 6975.0 deg^-2 = 1.937 arcmin^-2
Fitting aperture to hotspot...
Candidate: x_peak:       -0.435, y_peak:       -0.125, r_peak:        0.020, sig:        7.019, ra_peak:      244.195, dec_peak:       28.504
Characteristic density local = 7253.5 deg^-2 = 2.015 arcmin^-2
Fitting aperture to hotspot...
Candidate: x_peak:       -0.405, y_peak:       -0.815, r_peak:        0.030, sig:        4.946, ra_peak:      244.232, dec_peak:       27.814
Characteristic density local = 6847.6 deg^-2 = 1.902 arcmin^-2
Fitting aperture to hotspot...
Candidate: x_peak:       -0.355, y_peak:        0.795, r_peak:        0.020, sig:       10.498, ra_peak:      244.282, dec_peak:       29.424
Characteristic density local = 7313.2 deg^-2 = 2.031 arcmin^-2
Fitting aperture to hotspot...
Candidate: x_peak:       -0.315, y_peak:       -0.985, r_peak:        0.020, sig:        9.677, ra_peak:      244.334, dec_peak:       27.645
Distance = 316.2 kpc (m-M = 22.5)
631306 objects left after isochrone cut...
Characteristic density = 6500.0 deg^-2
Characteristic density local = 6551.2 deg^-2 = 1.820 arcmin^-2
Fitting aperture to hotspot...
Candidate: x_peak:       -1.085, y_peak:        0.105, r_peak:        0.020, sig:       10.155, ra_peak:      243.453, dec_peak:       28.729
Characteristic density local = 6702.4 deg^-2 = 1.862 arcmin^-2
Fitting aperture to hotspot...
Candidate: x_peak:       -0.865, y_peak:        0.085, r_peak:        0.020, sig:        4.056, ra_peak:      243.704, dec_peak:       28.711
Characteristic density local = 6475.6 deg^-2 = 1.799 arcmin^-2
Fitting aperture to hotspot...
Candidate: x_peak:       -0.435, y_peak:        0.525, r_peak:        0.030, sig:       15.829, ra_peak:      244.192, dec_peak:       29.154
Characteristic density local = 6487.6 deg^-2 = 1.802 arcmin^-2
Fitting aperture to hotspot...
Candidate: x_peak:       -0.435, y_peak:       -0.125, r_peak:        0.020, sig:        7.305, ra_peak:      244.195, dec_peak:       28.504
Characteristic density local = 6760.1 deg^-2 = 1.878 arcmin^-2
Fitting aperture to hotspot...
Candidate: x_peak:       -0.405, y_peak:       -0.815, r_peak:        0.030, sig:        4.976, ra_peak:      244.232, dec_peak:       27.814
Characteristic density local = 6415.9 deg^-2 = 1.782 arcmin^-2
Fitting aperture to hotspot...
Candidate: x_peak:       -0.355, y_peak:        0.795, r_peak:        0.020, sig:       10.783, ra_peak:      244.282, dec_peak:       29.424
Characteristic density local = 6827.7 deg^-2 = 1.897 arcmin^-2
Fitting aperture to hotspot...
Candidate: x_peak:       -0.315, y_peak:       -0.985, r_peak:        0.020, sig:        9.977, ra_peak:      244.334, dec_peak:       27.645
Distance = 398.1 kpc (m-M = 23.0)
615373 objects left after isochrone cut...
Characteristic density = 6000.0 deg^-2
Characteristic density local = 6026.0 deg^-2 = 1.674 arcmin^-2
Fitting aperture to hotspot...
Candidate: x_peak:       -1.085, y_peak:        0.105, r_peak:        0.020, sig:       10.509, ra_peak:      243.453, dec_peak:       28.729
Characteristic density local = 6193.1 deg^-2 = 1.720 arcmin^-2
Fitting aperture to hotspot...
Candidate: x_peak:       -0.865, y_peak:        0.085, r_peak:        0.020, sig:        4.082, ra_peak:      243.704, dec_peak:       28.711
Characteristic density local = 6030.0 deg^-2 = 1.675 arcmin^-2
Fitting aperture to hotspot...
Candidate: x_peak:       -0.435, y_peak:        0.525, r_peak:        0.030, sig:       16.166, ra_peak:      244.192, dec_peak:       29.154
Characteristic density local = 5956.4 deg^-2 = 1.655 arcmin^-2
Fitting aperture to hotspot...
Candidate: x_peak:       -0.435, y_peak:       -0.125, r_peak:        0.020, sig:        7.215, ra_peak:      244.195, dec_peak:       28.504
Characteristic density local = 6256.8 deg^-2 = 1.738 arcmin^-2
Fitting aperture to hotspot...
Candidate: x_peak:       -0.405, y_peak:       -0.815, r_peak:        0.020, sig:        5.020, ra_peak:      244.232, dec_peak:       27.814
Characteristic density local = 5912.6 deg^-2 = 1.642 arcmin^-2
Fitting aperture to hotspot...
Candidate: x_peak:       -0.355, y_peak:        0.795, r_peak:        0.020, sig:       11.133, ra_peak:      244.282, dec_peak:       29.424
Characteristic density local = 6306.5 deg^-2 = 1.752 arcmin^-2
Fitting aperture to hotspot...
Candidate: x_peak:       -0.315, y_peak:       -0.985, r_peak:        0.020, sig:       10.317, ra_peak:      244.334, dec_peak:       27.645
16.17 sigma; (RA, Dec, d) = (244.19, 29.15); r = 0.03 deg; d = 398.1, mu = 23.00 mag), mc_source_id: 0.00
11.13 sigma; (RA, Dec, d) = (244.28, 29.42); r = 0.02 deg; d = 398.1, mu = 23.00 mag), mc_source_id: 0.00
10.51 sigma; (RA, Dec, d) = (243.45, 28.73); r = 0.02 deg; d = 398.1, mu = 23.00 mag), mc_source_id: 0.00
10.32 sigma; (RA, Dec, d) = (244.33, 27.64); r = 0.02 deg; d = 398.1, mu = 23.00 mag), mc_source_id: 0.00
7.76 sigma; (RA, Dec, d) = (244.20, 28.49); r = 0.02 deg; d = 63.1, mu = 19.00 mag), mc_source_id: 0.00
5.02 sigma; (RA, Dec, d) = (244.23, 27.81); r = 0.03 deg; d = 199.5, mu = 21.50 mag), mc_source_id: 0.00
4.14 sigma; (RA, Dec, d) = (245.32, 29.00); r = 0.12 deg; d = 125.9, mu = 20.50 mag), mc_source_id: 0.00
4.13 sigma; (RA, Dec, d) = (244.03, 28.91); r = 0.05 deg; d = 251.2, mu = 22.00 mag), mc_source_id: 0.00
4.08 sigma; (RA, Dec, d) = (243.70, 28.71); r = 0.02 deg; d = 398.1, mu = 23.00 mag), mc_source_id: 0.00
4.00 sigma; (RA, Dec, d) = (244.32, 29.62); r = 0.04 deg; d = 25.1, mu = 17.00 mag), mc_source_id: 0.00

------------------------------------------------------------
Job <678993.0> was submitted from <des51.fnal.gov> by user <tavangar>.
Job was executed on host <des40.fnal.gov> as user <tavangar>.
</var/lib/condor/execute/dir_1658803> was used as the initial working directory.
Results reported at Wed Jun  5 02:12:55 CDT 2019

Your job looked like:

------------------------------------------------------------
python /home/s1/tavangar/tavangar_simple/search_algorithm.py 244.69 28.63 0.00 /home/s1/tavangar/tavangar_simple/decals_dr7_results/results_nside_32_3223.csv /home/s1/tavangar/tavangar_simple/decals_dr7_results/decals_dr7_log/results_nside_32_3223.log
------------------------------------------------------------

Successfully completed.

Resource usage summary:

	Real time :			262.74 sec.
	CPU time :			7.68 sec.
	CPU percentage :		86%
	Max Memory :			5166752 KB
	Average Memory :		0 KB

The output (if any) is above this job summary.
