/home/s1/tavangar/tavangar_simple/simple_utils.py:170: FutureWarning: elementwise comparison failed; returning scalar instead, but in the future will perform elementwise comparison
  if np.all(isochrone.stage == 'Main'):
Search coordinates: (RA, Dec) = (206.72, 14.48)
Center healpixel: 4617
Healpixels: [4617 4745 4616 4489 4361 4490 4618 4746 4873]
MC_SOURCE_ID = 0.0
mode = 0: running only on real data
Found 1 objects...
Applying cuts...
690610 star-like objects in ROI...
1101235 galaxy-like objects in ROI...
No fracdet map specified ...
Distance = 15.8 kpc (m-M = 16.0)
690597 objects left after isochrone cut...
Characteristic density = 5400.0 deg^-2
Characteristic density local = 5556.5 deg^-2 = 1.543 arcmin^-2
Fitting aperture to hotspot...
Candidate: x_peak:       -0.795, y_peak:       -0.115, r_peak:        0.020, sig:       10.475, ra_peak:      205.899, dec_peak:       14.364
Characteristic density local = 5260.1 deg^-2 = 1.461 arcmin^-2
Fitting aperture to hotspot...
Candidate: x_peak:       -0.665, y_peak:        0.485, r_peak:        0.010, sig:        8.779, ra_peak:      206.032, dec_peak:       14.964
Characteristic density local = 5391.4 deg^-2 = 1.498 arcmin^-2
Fitting aperture to hotspot...
Candidate: x_peak:       -0.515, y_peak:        0.445, r_peak:        0.020, sig:        5.051, ra_peak:      206.187, dec_peak:       14.924
Characteristic density local = 5381.4 deg^-2 = 1.495 arcmin^-2
Fitting aperture to hotspot...
Candidate: x_peak:       -0.175, y_peak:        0.415, r_peak:        0.030, sig:        4.075, ra_peak:      206.539, dec_peak:       14.895
Characteristic density local = 5528.6 deg^-2 = 1.536 arcmin^-2
Fitting aperture to hotspot...
Candidate: x_peak:       -0.145, y_peak:       -0.035, r_peak:        0.020, sig:        4.717, ra_peak:      206.570, dec_peak:       14.445
Characteristic density local = 5222.3 deg^-2 = 1.451 arcmin^-2
Fitting aperture to hotspot...
Candidate: x_peak:        0.715, y_peak:        0.405, r_peak:        0.020, sig:        6.360, ra_peak:      207.460, dec_peak:       14.884
Distance = 20.0 kpc (m-M = 16.5)
690605 objects left after isochrone cut...
Characteristic density = 5400.0 deg^-2
Characteristic density local = 5556.5 deg^-2 = 1.543 arcmin^-2
Fitting aperture to hotspot...
Candidate: x_peak:       -0.795, y_peak:       -0.115, r_peak:        0.020, sig:       10.475, ra_peak:      205.899, dec_peak:       14.364
Characteristic density local = 5260.1 deg^-2 = 1.461 arcmin^-2
Fitting aperture to hotspot...
Candidate: x_peak:       -0.665, y_peak:        0.485, r_peak:        0.010, sig:        8.779, ra_peak:      206.032, dec_peak:       14.964
Characteristic density local = 5391.4 deg^-2 = 1.498 arcmin^-2
Fitting aperture to hotspot...
Candidate: x_peak:       -0.515, y_peak:        0.445, r_peak:        0.020, sig:        5.051, ra_peak:      206.187, dec_peak:       14.924
Characteristic density local = 5381.4 deg^-2 = 1.495 arcmin^-2
Fitting aperture to hotspot...
Candidate: x_peak:       -0.175, y_peak:        0.415, r_peak:        0.030, sig:        4.075, ra_peak:      206.539, dec_peak:       14.895
Characteristic density local = 5528.6 deg^-2 = 1.536 arcmin^-2
Fitting aperture to hotspot...
Candidate: x_peak:       -0.145, y_peak:       -0.035, r_peak:        0.020, sig:        4.717, ra_peak:      206.570, dec_peak:       14.445
Characteristic density local = 5222.3 deg^-2 = 1.451 arcmin^-2
Fitting aperture to hotspot...
Candidate: x_peak:        0.715, y_peak:        0.405, r_peak:        0.020, sig:        6.360, ra_peak:      207.460, dec_peak:       14.884
Distance = 25.1 kpc (m-M = 17.0)
690607 objects left after isochrone cut...
Characteristic density = 5400.0 deg^-2
Characteristic density local = 5556.5 deg^-2 = 1.543 arcmin^-2
Fitting aperture to hotspot...
Candidate: x_peak:       -0.795, y_peak:       -0.115, r_peak:        0.020, sig:       10.475, ra_peak:      205.899, dec_peak:       14.364
Characteristic density local = 5260.1 deg^-2 = 1.461 arcmin^-2
Fitting aperture to hotspot...
Candidate: x_peak:       -0.665, y_peak:        0.485, r_peak:        0.010, sig:        8.779, ra_peak:      206.032, dec_peak:       14.964
Characteristic density local = 5391.4 deg^-2 = 1.498 arcmin^-2
Fitting aperture to hotspot...
Candidate: x_peak:       -0.515, y_peak:        0.445, r_peak:        0.020, sig:        5.051, ra_peak:      206.187, dec_peak:       14.924
Characteristic density local = 5381.4 deg^-2 = 1.495 arcmin^-2
Fitting aperture to hotspot...
Candidate: x_peak:       -0.175, y_peak:        0.415, r_peak:        0.030, sig:        4.075, ra_peak:      206.539, dec_peak:       14.895
Characteristic density local = 5528.6 deg^-2 = 1.536 arcmin^-2
Fitting aperture to hotspot...
Candidate: x_peak:       -0.145, y_peak:       -0.035, r_peak:        0.020, sig:        4.717, ra_peak:      206.570, dec_peak:       14.445
Characteristic density local = 5222.3 deg^-2 = 1.451 arcmin^-2
Fitting aperture to hotspot...
Candidate: x_peak:        0.715, y_peak:        0.405, r_peak:        0.020, sig:        6.360, ra_peak:      207.460, dec_peak:       14.884
Distance = 31.6 kpc (m-M = 17.5)
690608 objects left after isochrone cut...
Characteristic density = 5400.0 deg^-2
Characteristic density local = 5556.5 deg^-2 = 1.543 arcmin^-2
Fitting aperture to hotspot...
Candidate: x_peak:       -0.795, y_peak:       -0.115, r_peak:        0.020, sig:       10.475, ra_peak:      205.899, dec_peak:       14.364
Characteristic density local = 5260.1 deg^-2 = 1.461 arcmin^-2
Fitting aperture to hotspot...
Candidate: x_peak:       -0.665, y_peak:        0.485, r_peak:        0.010, sig:        8.779, ra_peak:      206.032, dec_peak:       14.964
Characteristic density local = 5391.4 deg^-2 = 1.498 arcmin^-2
Fitting aperture to hotspot...
Candidate: x_peak:       -0.515, y_peak:        0.445, r_peak:        0.020, sig:        5.051, ra_peak:      206.187, dec_peak:       14.924
Characteristic density local = 5381.4 deg^-2 = 1.495 arcmin^-2
Fitting aperture to hotspot...
Candidate: x_peak:       -0.175, y_peak:        0.415, r_peak:        0.030, sig:        4.075, ra_peak:      206.539, dec_peak:       14.895
Characteristic density local = 5528.6 deg^-2 = 1.536 arcmin^-2
Fitting aperture to hotspot...
Candidate: x_peak:       -0.145, y_peak:       -0.035, r_peak:        0.020, sig:        4.717, ra_peak:      206.570, dec_peak:       14.445
Characteristic density local = 5222.3 deg^-2 = 1.451 arcmin^-2
Fitting aperture to hotspot...
Candidate: x_peak:        0.715, y_peak:        0.405, r_peak:        0.020, sig:        6.360, ra_peak:      207.460, dec_peak:       14.884
Distance = 39.8 kpc (m-M = 18.0)
690584 objects left after isochrone cut...
Characteristic density = 5400.0 deg^-2
Characteristic density local = 5556.5 deg^-2 = 1.543 arcmin^-2
Fitting aperture to hotspot...
Candidate: x_peak:       -0.795, y_peak:       -0.115, r_peak:        0.020, sig:       10.475, ra_peak:      205.899, dec_peak:       14.364
Characteristic density local = 5260.1 deg^-2 = 1.461 arcmin^-2
Fitting aperture to hotspot...
Candidate: x_peak:       -0.665, y_peak:        0.485, r_peak:        0.010, sig:        8.779, ra_peak:      206.032, dec_peak:       14.964
Characteristic density local = 5391.4 deg^-2 = 1.498 arcmin^-2
Fitting aperture to hotspot...
Candidate: x_peak:       -0.515, y_peak:        0.445, r_peak:        0.020, sig:        5.051, ra_peak:      206.187, dec_peak:       14.924
Characteristic density local = 5381.4 deg^-2 = 1.495 arcmin^-2
Fitting aperture to hotspot...
Candidate: x_peak:       -0.175, y_peak:        0.415, r_peak:        0.030, sig:        4.075, ra_peak:      206.539, dec_peak:       14.895
Characteristic density local = 5526.7 deg^-2 = 1.535 arcmin^-2
Fitting aperture to hotspot...
Candidate: x_peak:       -0.145, y_peak:       -0.035, r_peak:        0.020, sig:        4.718, ra_peak:      206.570, dec_peak:       14.445
Characteristic density local = 5222.3 deg^-2 = 1.451 arcmin^-2
Fitting aperture to hotspot...
Candidate: x_peak:        0.715, y_peak:        0.405, r_peak:        0.020, sig:        6.360, ra_peak:      207.460, dec_peak:       14.884
Distance = 50.1 kpc (m-M = 18.5)
689658 objects left after isochrone cut...
Characteristic density = 5300.0 deg^-2
Characteristic density local = 5522.7 deg^-2 = 1.534 arcmin^-2
Fitting aperture to hotspot...
Candidate: x_peak:       -0.795, y_peak:       -0.115, r_peak:        0.020, sig:       10.500, ra_peak:      205.899, dec_peak:       14.364
Characteristic density local = 5232.2 deg^-2 = 1.453 arcmin^-2
Fitting aperture to hotspot...
Candidate: x_peak:       -0.665, y_peak:        0.485, r_peak:        0.010, sig:        8.791, ra_peak:      206.032, dec_peak:       14.964
Characteristic density local = 5355.6 deg^-2 = 1.488 arcmin^-2
Fitting aperture to hotspot...
Candidate: x_peak:       -0.515, y_peak:        0.445, r_peak:        0.020, sig:        5.073, ra_peak:      206.187, dec_peak:       14.924
Characteristic density local = 5341.6 deg^-2 = 1.484 arcmin^-2
Fitting aperture to hotspot...
Candidate: x_peak:       -0.175, y_peak:        0.415, r_peak:        0.030, sig:        4.109, ra_peak:      206.539, dec_peak:       14.895
Characteristic density local = 5492.8 deg^-2 = 1.526 arcmin^-2
Fitting aperture to hotspot...
Candidate: x_peak:       -0.145, y_peak:       -0.035, r_peak:        0.020, sig:        4.739, ra_peak:      206.570, dec_peak:       14.445
Characteristic density local = 5184.5 deg^-2 = 1.440 arcmin^-2
Fitting aperture to hotspot...
Candidate: x_peak:        0.715, y_peak:        0.405, r_peak:        0.020, sig:        6.385, ra_peak:      207.460, dec_peak:       14.884
Distance = 63.1 kpc (m-M = 19.0)
687932 objects left after isochrone cut...
Characteristic density = 5300.0 deg^-2
Characteristic density local = 5429.2 deg^-2 = 1.508 arcmin^-2
Fitting aperture to hotspot...
Candidate: x_peak:       -0.795, y_peak:       -0.115, r_peak:        0.020, sig:       10.570, ra_peak:      205.899, dec_peak:       14.364
Characteristic density local = 5168.6 deg^-2 = 1.436 arcmin^-2
Fitting aperture to hotspot...
Candidate: x_peak:       -0.665, y_peak:        0.485, r_peak:        0.010, sig:        8.821, ra_peak:      206.032, dec_peak:       14.964
Characteristic density local = 5283.9 deg^-2 = 1.468 arcmin^-2
Fitting aperture to hotspot...
Candidate: x_peak:       -0.515, y_peak:        0.445, r_peak:        0.020, sig:        5.118, ra_peak:      206.187, dec_peak:       14.924
Characteristic density local = 5258.1 deg^-2 = 1.461 arcmin^-2
Fitting aperture to hotspot...
Candidate: x_peak:       -0.175, y_peak:        0.415, r_peak:        0.040, sig:        4.183, ra_peak:      206.539, dec_peak:       14.895
Characteristic density local = 5429.2 deg^-2 = 1.508 arcmin^-2
Fitting aperture to hotspot...
Candidate: x_peak:       -0.145, y_peak:       -0.035, r_peak:        0.020, sig:        4.778, ra_peak:      206.570, dec_peak:       14.445
Characteristic density local = 5122.8 deg^-2 = 1.423 arcmin^-2
Fitting aperture to hotspot...
Candidate: x_peak:        0.715, y_peak:        0.405, r_peak:        0.020, sig:        6.427, ra_peak:      207.460, dec_peak:       14.884
Distance = 79.4 kpc (m-M = 19.5)
685670 objects left after isochrone cut...
Characteristic density = 5200.0 deg^-2
Characteristic density local = 5367.5 deg^-2 = 1.491 arcmin^-2
Fitting aperture to hotspot...
Candidate: x_peak:       -0.795, y_peak:       -0.115, r_peak:        0.020, sig:       10.616, ra_peak:      205.899, dec_peak:       14.364
Characteristic density local = 5083.0 deg^-2 = 1.412 arcmin^-2
Fitting aperture to hotspot...
Candidate: x_peak:       -0.665, y_peak:        0.485, r_peak:        0.010, sig:        8.861, ra_peak:      206.032, dec_peak:       14.964
Characteristic density local = 5182.5 deg^-2 = 1.440 arcmin^-2
Fitting aperture to hotspot...
Candidate: x_peak:       -0.515, y_peak:        0.445, r_peak:        0.020, sig:        5.183, ra_peak:      206.187, dec_peak:       14.924
Characteristic density local = 5170.5 deg^-2 = 1.436 arcmin^-2
Fitting aperture to hotspot...
Candidate: x_peak:       -0.175, y_peak:        0.415, r_peak:        0.040, sig:        4.280, ra_peak:      206.539, dec_peak:       14.895
Characteristic density local = 5359.5 deg^-2 = 1.489 arcmin^-2
Fitting aperture to hotspot...
Candidate: x_peak:       -0.135, y_peak:       -0.025, r_peak:        0.040, sig:        5.134, ra_peak:      206.581, dec_peak:       14.455
Characteristic density local = 5067.1 deg^-2 = 1.408 arcmin^-2
Fitting aperture to hotspot...
Candidate: x_peak:        0.715, y_peak:        0.405, r_peak:        0.020, sig:        6.465, ra_peak:      207.460, dec_peak:       14.884
Distance = 100.0 kpc (m-M = 20.0)
682842 objects left after isochrone cut...
Characteristic density = 5100.0 deg^-2
Characteristic density local = 5385.4 deg^-2 = 1.496 arcmin^-2
Fitting aperture to hotspot...
Candidate: x_peak:       -1.085, y_peak:       -0.205, r_peak:        0.060, sig:        3.329, ra_peak:      205.600, dec_peak:       14.272
Characteristic density local = 5295.9 deg^-2 = 1.471 arcmin^-2
Fitting aperture to hotspot...
Candidate: x_peak:       -0.795, y_peak:       -0.115, r_peak:        0.020, sig:       10.671, ra_peak:      205.899, dec_peak:       14.364
Characteristic density local = 4991.5 deg^-2 = 1.387 arcmin^-2
Fitting aperture to hotspot...
Candidate: x_peak:       -0.665, y_peak:        0.485, r_peak:        0.010, sig:        8.904, ra_peak:      206.032, dec_peak:       14.964
Characteristic density local = 5100.9 deg^-2 = 1.417 arcmin^-2
Fitting aperture to hotspot...
Candidate: x_peak:       -0.515, y_peak:        0.445, r_peak:        0.020, sig:        5.236, ra_peak:      206.187, dec_peak:       14.924
Characteristic density local = 5085.0 deg^-2 = 1.413 arcmin^-2
Fitting aperture to hotspot...
Candidate: x_peak:       -0.175, y_peak:        0.415, r_peak:        0.030, sig:        4.331, ra_peak:      206.539, dec_peak:       14.895
Characteristic density local = 5278.0 deg^-2 = 1.466 arcmin^-2
Fitting aperture to hotspot...
Candidate: x_peak:       -0.135, y_peak:       -0.025, r_peak:        0.040, sig:        4.926, ra_peak:      206.581, dec_peak:       14.455
Characteristic density local = 5156.6 deg^-2 = 1.432 arcmin^-2
Fitting aperture to hotspot...
Candidate: x_peak:       -0.105, y_peak:       -0.275, r_peak:        0.050, sig:        3.493, ra_peak:      206.612, dec_peak:       14.205
Characteristic density local = 4965.6 deg^-2 = 1.379 arcmin^-2
Fitting aperture to hotspot...
Candidate: x_peak:        0.715, y_peak:        0.405, r_peak:        0.020, sig:        6.534, ra_peak:      207.460, dec_peak:       14.884
Distance = 125.9 kpc (m-M = 20.5)
679417 objects left after isochrone cut...
Characteristic density = 5000.0 deg^-2
Characteristic density local = 5276.0 deg^-2 = 1.466 arcmin^-2
Fitting aperture to hotspot...
Candidate: x_peak:       -1.085, y_peak:       -0.205, r_peak:        0.070, sig:        3.395, ra_peak:      205.600, dec_peak:       14.272
Characteristic density local = 5192.4 deg^-2 = 1.442 arcmin^-2
Fitting aperture to hotspot...
Candidate: x_peak:       -0.795, y_peak:       -0.115, r_peak:        0.020, sig:       10.750, ra_peak:      205.899, dec_peak:       14.364
Characteristic density local = 4904.0 deg^-2 = 1.362 arcmin^-2
Fitting aperture to hotspot...
Candidate: x_peak:       -0.665, y_peak:        0.485, r_peak:        0.010, sig:        8.946, ra_peak:      206.032, dec_peak:       14.964
Characteristic density local = 4999.5 deg^-2 = 1.389 arcmin^-2
Fitting aperture to hotspot...
Candidate: x_peak:       -0.515, y_peak:        0.445, r_peak:        0.020, sig:        5.302, ra_peak:      206.187, dec_peak:       14.924
Characteristic density local = 4971.6 deg^-2 = 1.381 arcmin^-2
Fitting aperture to hotspot...
Candidate: x_peak:       -0.175, y_peak:        0.415, r_peak:        0.030, sig:        4.232, ra_peak:      206.539, dec_peak:       14.895
Characteristic density local = 5102.9 deg^-2 = 1.417 arcmin^-2
Fitting aperture to hotspot...
Candidate: x_peak:       -0.145, y_peak:       -0.025, r_peak:        0.040, sig:        4.199, ra_peak:      206.570, dec_peak:       14.455
Characteristic density local = 4836.3 deg^-2 = 1.343 arcmin^-2
Fitting aperture to hotspot...
Candidate: x_peak:        0.715, y_peak:        0.405, r_peak:        0.020, sig:        6.625, ra_peak:      207.460, dec_peak:       14.884
Distance = 158.5 kpc (m-M = 21.0)
675297 objects left after isochrone cut...
Characteristic density = 4900.0 deg^-2
Characteristic density local = 5041.2 deg^-2 = 1.400 arcmin^-2
Fitting aperture to hotspot...
Candidate: x_peak:       -0.795, y_peak:       -0.115, r_peak:        0.020, sig:       10.869, ra_peak:      205.899, dec_peak:       14.364
Characteristic density local = 4768.7 deg^-2 = 1.325 arcmin^-2
Fitting aperture to hotspot...
Candidate: x_peak:       -0.665, y_peak:        0.485, r_peak:        0.010, sig:        9.013, ra_peak:      206.032, dec_peak:       14.964
Characteristic density local = 4834.3 deg^-2 = 1.343 arcmin^-2
Fitting aperture to hotspot...
Candidate: x_peak:       -0.515, y_peak:        0.445, r_peak:        0.020, sig:        5.412, ra_peak:      206.187, dec_peak:       14.924
Characteristic density local = 4810.5 deg^-2 = 1.336 arcmin^-2
Fitting aperture to hotspot...
Candidate: x_peak:       -0.175, y_peak:        0.415, r_peak:        0.030, sig:        4.377, ra_peak:      206.539, dec_peak:       14.895
Characteristic density local = 4687.1 deg^-2 = 1.302 arcmin^-2
Fitting aperture to hotspot...
Candidate: x_peak:        0.715, y_peak:        0.405, r_peak:        0.020, sig:        6.732, ra_peak:      207.460, dec_peak:       14.884
Distance = 199.5 kpc (m-M = 21.5)
670356 objects left after isochrone cut...
Characteristic density = 4700.0 deg^-2
Characteristic density local = 4989.5 deg^-2 = 1.386 arcmin^-2
Fitting aperture to hotspot...
Candidate: x_peak:       -1.085, y_peak:       -0.205, r_peak:        0.060, sig:        3.382, ra_peak:      205.600, dec_peak:       14.272
Characteristic density local = 4872.1 deg^-2 = 1.353 arcmin^-2
Fitting aperture to hotspot...
Candidate: x_peak:       -0.795, y_peak:       -0.115, r_peak:        0.020, sig:       11.004, ra_peak:      205.899, dec_peak:       14.364
Characteristic density local = 4607.5 deg^-2 = 1.280 arcmin^-2
Fitting aperture to hotspot...
Candidate: x_peak:       -0.665, y_peak:        0.485, r_peak:        0.010, sig:        9.094, ra_peak:      206.032, dec_peak:       14.964
Characteristic density local = 4657.3 deg^-2 = 1.294 arcmin^-2
Fitting aperture to hotspot...
Candidate: x_peak:       -0.515, y_peak:        0.445, r_peak:        0.020, sig:        5.533, ra_peak:      206.187, dec_peak:       14.924
Characteristic density local = 4563.8 deg^-2 = 1.268 arcmin^-2
Fitting aperture to hotspot...
Candidate: x_peak:       -0.465, y_peak:        0.305, r_peak:        0.060, sig:        3.734, ra_peak:      206.239, dec_peak:       14.785
Characteristic density local = 4669.2 deg^-2 = 1.297 arcmin^-2
Fitting aperture to hotspot...
Candidate: x_peak:       -0.175, y_peak:        0.415, r_peak:        0.040, sig:        4.541, ra_peak:      206.539, dec_peak:       14.895
Characteristic density local = 4844.3 deg^-2 = 1.346 arcmin^-2
Fitting aperture to hotspot...
Candidate: x_peak:       -0.145, y_peak:       -0.035, r_peak:        0.020, sig:        4.364, ra_peak:      206.570, dec_peak:       14.445
Characteristic density local = 4571.7 deg^-2 = 1.270 arcmin^-2
Fitting aperture to hotspot...
Candidate: x_peak:        0.725, y_peak:        0.405, r_peak:        0.020, sig:        6.578, ra_peak:      207.470, dec_peak:       14.884
Distance = 251.2 kpc (m-M = 22.0)
664232 objects left after isochrone cut...
Characteristic density = 4500.0 deg^-2
Characteristic density local = 4675.2 deg^-2 = 1.299 arcmin^-2
Fitting aperture to hotspot...
Candidate: x_peak:       -0.795, y_peak:       -0.115, r_peak:        0.020, sig:       11.167, ra_peak:      205.899, dec_peak:       14.364
Characteristic density local = 4418.5 deg^-2 = 1.227 arcmin^-2
Fitting aperture to hotspot...
Candidate: x_peak:       -0.665, y_peak:        0.485, r_peak:        0.010, sig:        9.192, ra_peak:      206.032, dec_peak:       14.964
Characteristic density local = 4446.4 deg^-2 = 1.235 arcmin^-2
Fitting aperture to hotspot...
Candidate: x_peak:       -0.515, y_peak:        0.445, r_peak:        0.020, sig:        5.682, ra_peak:      206.187, dec_peak:       14.924
Characteristic density local = 4348.9 deg^-2 = 1.208 arcmin^-2
Fitting aperture to hotspot...
Candidate: x_peak:       -0.465, y_peak:        0.305, r_peak:        0.060, sig:        4.107, ra_peak:      206.239, dec_peak:       14.785
Characteristic density local = 4438.4 deg^-2 = 1.233 arcmin^-2
Fitting aperture to hotspot...
Candidate: x_peak:       -0.175, y_peak:        0.415, r_peak:        0.030, sig:        4.521, ra_peak:      206.539, dec_peak:       14.895
Characteristic density local = 4372.8 deg^-2 = 1.215 arcmin^-2
Fitting aperture to hotspot...
Candidate: x_peak:        0.725, y_peak:        0.405, r_peak:        0.020, sig:        6.727, ra_peak:      207.470, dec_peak:       14.884
Distance = 316.2 kpc (m-M = 22.5)
656837 objects left after isochrone cut...
Characteristic density = 4300.0 deg^-2
Characteristic density local = 4442.4 deg^-2 = 1.234 arcmin^-2
Fitting aperture to hotspot...
Candidate: x_peak:       -0.795, y_peak:       -0.115, r_peak:        0.020, sig:       11.174, ra_peak:      205.899, dec_peak:       14.364
Characteristic density local = 4651.3 deg^-2 = 1.292 arcmin^-2
Fitting aperture to hotspot...
Candidate: x_peak:       -0.775, y_peak:       -0.525, r_peak:        0.050, sig:        2.938, ra_peak:      205.921, dec_peak:       13.954
Characteristic density local = 4245.5 deg^-2 = 1.179 arcmin^-2
Fitting aperture to hotspot...
Candidate: x_peak:       -0.655, y_peak:        0.485, r_peak:        0.020, sig:        7.766, ra_peak:      206.042, dec_peak:       14.964
Characteristic density local = 4253.4 deg^-2 = 1.182 arcmin^-2
Fitting aperture to hotspot...
Candidate: x_peak:       -0.515, y_peak:        0.445, r_peak:        0.020, sig:        5.823, ra_peak:      206.187, dec_peak:       14.924
Characteristic density local = 4118.1 deg^-2 = 1.144 arcmin^-2
Fitting aperture to hotspot...
Candidate: x_peak:       -0.465, y_peak:        0.315, r_peak:        0.060, sig:        4.155, ra_peak:      206.239, dec_peak:       14.795
Characteristic density local = 4215.6 deg^-2 = 1.171 arcmin^-2
Fitting aperture to hotspot...
Candidate: x_peak:       -0.175, y_peak:        0.415, r_peak:        0.030, sig:        4.737, ra_peak:      206.539, dec_peak:       14.895
Characteristic density local = 4100.2 deg^-2 = 1.139 arcmin^-2
Fitting aperture to hotspot...
Candidate: x_peak:        0.715, y_peak:        0.405, r_peak:        0.020, sig:        7.179, ra_peak:      207.460, dec_peak:       14.884
Distance = 398.1 kpc (m-M = 23.0)
647648 objects left after isochrone cut...
Characteristic density = 4000.0 deg^-2
Characteristic density local = 4285.2 deg^-2 = 1.190 arcmin^-2
Fitting aperture to hotspot...
Candidate: x_peak:       -0.895, y_peak:       -0.415, r_peak:        0.050, sig:        3.320, ra_peak:      205.797, dec_peak:       14.063
Characteristic density local = 4092.3 deg^-2 = 1.137 arcmin^-2
Fitting aperture to hotspot...
Candidate: x_peak:       -0.795, y_peak:       -0.115, r_peak:        0.020, sig:       11.488, ra_peak:      205.899, dec_peak:       14.364
Characteristic density local = 3972.9 deg^-2 = 1.104 arcmin^-2
Fitting aperture to hotspot...
Candidate: x_peak:       -0.655, y_peak:        0.485, r_peak:        0.020, sig:        7.521, ra_peak:      206.042, dec_peak:       14.964
Characteristic density local = 4008.7 deg^-2 = 1.114 arcmin^-2
Fitting aperture to hotspot...
Candidate: x_peak:       -0.515, y_peak:        0.445, r_peak:        0.020, sig:        5.485, ra_peak:      206.187, dec_peak:       14.924
Characteristic density local = 4004.7 deg^-2 = 1.112 arcmin^-2
Fitting aperture to hotspot...
Candidate: x_peak:       -0.195, y_peak:       -0.845, r_peak:        0.050, sig:        3.597, ra_peak:      206.519, dec_peak:       13.635
Characteristic density local = 3925.2 deg^-2 = 1.090 arcmin^-2
Fitting aperture to hotspot...
Candidate: x_peak:       -0.165, y_peak:        0.425, r_peak:        0.030, sig:        5.649, ra_peak:      206.549, dec_peak:       14.905
Characteristic density local = 3851.5 deg^-2 = 1.070 arcmin^-2
Fitting aperture to hotspot...
Candidate: x_peak:        0.255, y_peak:       -0.135, r_peak:        0.040, sig:        3.499, ra_peak:      206.983, dec_peak:       14.345
Characteristic density local = 3841.6 deg^-2 = 1.067 arcmin^-2
Fitting aperture to hotspot...
Candidate: x_peak:        0.725, y_peak:        0.405, r_peak:        0.020, sig:        7.149, ra_peak:      207.470, dec_peak:       14.884
11.49 sigma; (RA, Dec, d) = (205.90, 14.36); r = 0.02 deg; d = 398.1, mu = 23.00 mag), mc_source_id: 0.00
9.19 sigma; (RA, Dec, d) = (206.03, 14.96); r = 0.01 deg; d = 251.2, mu = 22.00 mag), mc_source_id: 0.00
7.18 sigma; (RA, Dec, d) = (207.46, 14.88); r = 0.02 deg; d = 316.2, mu = 22.50 mag), mc_source_id: 0.00
5.82 sigma; (RA, Dec, d) = (206.19, 14.92); r = 0.02 deg; d = 316.2, mu = 22.50 mag), mc_source_id: 0.00
5.65 sigma; (RA, Dec, d) = (206.55, 14.90); r = 0.03 deg; d = 398.1, mu = 23.00 mag), mc_source_id: 0.00
5.13 sigma; (RA, Dec, d) = (206.58, 14.45); r = 0.04 deg; d = 79.4, mu = 19.50 mag), mc_source_id: 0.00
4.15 sigma; (RA, Dec, d) = (206.24, 14.79); r = 0.06 deg; d = 316.2, mu = 22.50 mag), mc_source_id: 0.00
3.60 sigma; (RA, Dec, d) = (206.52, 13.63); r = 0.05 deg; d = 398.1, mu = 23.00 mag), mc_source_id: 0.00
3.50 sigma; (RA, Dec, d) = (206.98, 14.34); r = 0.04 deg; d = 398.1, mu = 23.00 mag), mc_source_id: 0.00
3.49 sigma; (RA, Dec, d) = (206.61, 14.20); r = 0.05 deg; d = 100.0, mu = 20.00 mag), mc_source_id: 0.00
3.39 sigma; (RA, Dec, d) = (205.60, 14.27); r = 0.07 deg; d = 125.9, mu = 20.50 mag), mc_source_id: 0.00
3.32 sigma; (RA, Dec, d) = (205.80, 14.06); r = 0.05 deg; d = 398.1, mu = 23.00 mag), mc_source_id: 0.00
2.94 sigma; (RA, Dec, d) = (205.92, 13.95); r = 0.05 deg; d = 316.2, mu = 22.50 mag), mc_source_id: 0.00

------------------------------------------------------------
Job <679917.0> was submitted from <des51.fnal.gov> by user <tavangar>.
Job was executed on host <des40.fnal.gov> as user <tavangar>.
</var/lib/condor/execute/dir_1826754> was used as the initial working directory.
Results reported at Wed Jun  5 06:47:07 CDT 2019

Your job looked like:

------------------------------------------------------------
python /home/s1/tavangar/tavangar_simple/search_algorithm.py 206.72 14.48 0.00 /home/s1/tavangar/tavangar_simple/decals_dr7_results/results_nside_32_4617.csv /home/s1/tavangar/tavangar_simple/decals_dr7_results/decals_dr7_log/results_nside_32_4617.log
------------------------------------------------------------

Successfully completed.

Resource usage summary:

	Real time :			432.39 sec.
	CPU time :			123.66 sec.
	CPU percentage :		87%
	Max Memory :			6237536 KB
	Average Memory :		0 KB

The output (if any) is above this job summary.
