/home/s1/tavangar/tavangar_simple/simple_utils.py:170: FutureWarning: elementwise comparison failed; returning scalar instead, but in the future will perform elementwise comparison
  if np.all(isochrone.stage == 'Main'):
Search coordinates: (RA, Dec) = (135.00, 10.81)
Center healpixel: 4976
Healpixels: [4976 5103 4975 4847 4720 4848 4977 5104 5232]
MC_SOURCE_ID = 0.0
mode = 0: running only on real data
Found 1 objects...
Applying cuts...
710614 star-like objects in ROI...
1030395 galaxy-like objects in ROI...
No fracdet map specified ...
Distance = 15.8 kpc (m-M = 16.0)
710596 objects left after isochrone cut...
Characteristic density = 5900.0 deg^-2
Characteristic density local = 5707.7 deg^-2 = 1.585 arcmin^-2
Fitting aperture to hotspot...
Candidate: x_peak:       -1.335, y_peak:       -0.005, r_peak:        0.010, sig:        7.667, ra_peak:      133.641, dec_peak:       10.802
Characteristic density local = 5566.4 deg^-2 = 1.546 arcmin^-2
Fitting aperture to hotspot...
Candidate: x_peak:       -1.135, y_peak:        0.215, r_peak:        0.020, sig:        9.118, ra_peak:      133.844, dec_peak:       11.023
Characteristic density local = 5958.4 deg^-2 = 1.655 arcmin^-2
Fitting aperture to hotspot...
Candidate: x_peak:       -0.705, y_peak:       -0.045, r_peak:        0.020, sig:        6.999, ra_peak:      134.282, dec_peak:       10.764
Characteristic density local = 6215.0 deg^-2 = 1.726 arcmin^-2
Fitting aperture to hotspot...
Candidate: x_peak:       -0.565, y_peak:       -0.295, r_peak:        0.020, sig:        4.806, ra_peak:      134.425, dec_peak:       10.514
Characteristic density local = 5757.4 deg^-2 = 1.599 arcmin^-2
Fitting aperture to hotspot...
Candidate: x_peak:       -0.525, y_peak:        0.005, r_peak:        0.020, sig:       12.304, ra_peak:      134.466, dec_peak:       10.815
Characteristic density local = 6372.2 deg^-2 = 1.770 arcmin^-2
Fitting aperture to hotspot...
Candidate: x_peak:       -0.085, y_peak:        1.125, r_peak:        0.020, sig:        7.580, ra_peak:      134.913, dec_peak:       11.935
Characteristic density local = 5970.3 deg^-2 = 1.658 arcmin^-2
Fitting aperture to hotspot...
Candidate: x_peak:        0.335, y_peak:       -0.075, r_peak:        0.020, sig:        6.112, ra_peak:      135.341, dec_peak:       10.735
Characteristic density local = 6105.6 deg^-2 = 1.696 arcmin^-2
Fitting aperture to hotspot...
Candidate: x_peak:        0.965, y_peak:        0.335, r_peak:        0.020, sig:        5.804, ra_peak:      135.984, dec_peak:       11.143
Characteristic density local = 6238.9 deg^-2 = 1.733 arcmin^-2
Fitting aperture to hotspot...
Candidate: x_peak:        1.135, y_peak:        0.045, r_peak:        0.020, sig:       10.363, ra_peak:      136.156, dec_peak:       10.853
Distance = 20.0 kpc (m-M = 16.5)
710607 objects left after isochrone cut...
Characteristic density = 5900.0 deg^-2
Characteristic density local = 5707.7 deg^-2 = 1.585 arcmin^-2
Fitting aperture to hotspot...
Candidate: x_peak:       -1.335, y_peak:       -0.005, r_peak:        0.010, sig:        7.667, ra_peak:      133.641, dec_peak:       10.802
Characteristic density local = 5566.4 deg^-2 = 1.546 arcmin^-2
Fitting aperture to hotspot...
Candidate: x_peak:       -1.135, y_peak:        0.215, r_peak:        0.020, sig:        9.118, ra_peak:      133.844, dec_peak:       11.023
Characteristic density local = 5958.4 deg^-2 = 1.655 arcmin^-2
Fitting aperture to hotspot...
Candidate: x_peak:       -0.705, y_peak:       -0.045, r_peak:        0.020, sig:        6.999, ra_peak:      134.282, dec_peak:       10.764
Characteristic density local = 6215.0 deg^-2 = 1.726 arcmin^-2
Fitting aperture to hotspot...
Candidate: x_peak:       -0.565, y_peak:       -0.295, r_peak:        0.020, sig:        4.806, ra_peak:      134.425, dec_peak:       10.514
Characteristic density local = 5757.4 deg^-2 = 1.599 arcmin^-2
Fitting aperture to hotspot...
Candidate: x_peak:       -0.525, y_peak:        0.005, r_peak:        0.020, sig:       12.304, ra_peak:      134.466, dec_peak:       10.815
Characteristic density local = 6372.2 deg^-2 = 1.770 arcmin^-2
Fitting aperture to hotspot...
Candidate: x_peak:       -0.085, y_peak:        1.125, r_peak:        0.020, sig:        7.580, ra_peak:      134.913, dec_peak:       11.935
Characteristic density local = 5970.3 deg^-2 = 1.658 arcmin^-2
Fitting aperture to hotspot...
Candidate: x_peak:        0.335, y_peak:       -0.075, r_peak:        0.020, sig:        6.112, ra_peak:      135.341, dec_peak:       10.735
Characteristic density local = 6105.6 deg^-2 = 1.696 arcmin^-2
Fitting aperture to hotspot...
Candidate: x_peak:        0.965, y_peak:        0.335, r_peak:        0.020, sig:        5.804, ra_peak:      135.984, dec_peak:       11.143
Characteristic density local = 6238.9 deg^-2 = 1.733 arcmin^-2
Fitting aperture to hotspot...
Candidate: x_peak:        1.135, y_peak:        0.045, r_peak:        0.020, sig:       10.363, ra_peak:      136.156, dec_peak:       10.853
Distance = 25.1 kpc (m-M = 17.0)
710613 objects left after isochrone cut...
Characteristic density = 5900.0 deg^-2
Characteristic density local = 5707.7 deg^-2 = 1.585 arcmin^-2
Fitting aperture to hotspot...
Candidate: x_peak:       -1.335, y_peak:       -0.005, r_peak:        0.010, sig:        7.667, ra_peak:      133.641, dec_peak:       10.802
Characteristic density local = 5566.4 deg^-2 = 1.546 arcmin^-2
Fitting aperture to hotspot...
Candidate: x_peak:       -1.135, y_peak:        0.215, r_peak:        0.020, sig:        9.118, ra_peak:      133.844, dec_peak:       11.023
Characteristic density local = 5958.4 deg^-2 = 1.655 arcmin^-2
Fitting aperture to hotspot...
Candidate: x_peak:       -0.705, y_peak:       -0.045, r_peak:        0.020, sig:        6.999, ra_peak:      134.282, dec_peak:       10.764
Characteristic density local = 6215.0 deg^-2 = 1.726 arcmin^-2
Fitting aperture to hotspot...
Candidate: x_peak:       -0.565, y_peak:       -0.295, r_peak:        0.020, sig:        4.806, ra_peak:      134.425, dec_peak:       10.514
Characteristic density local = 5757.4 deg^-2 = 1.599 arcmin^-2
Fitting aperture to hotspot...
Candidate: x_peak:       -0.525, y_peak:        0.005, r_peak:        0.020, sig:       12.304, ra_peak:      134.466, dec_peak:       10.815
Characteristic density local = 6372.2 deg^-2 = 1.770 arcmin^-2
Fitting aperture to hotspot...
Candidate: x_peak:       -0.085, y_peak:        1.125, r_peak:        0.020, sig:        7.580, ra_peak:      134.913, dec_peak:       11.935
Characteristic density local = 5970.3 deg^-2 = 1.658 arcmin^-2
Fitting aperture to hotspot...
Candidate: x_peak:        0.335, y_peak:       -0.075, r_peak:        0.020, sig:        6.112, ra_peak:      135.341, dec_peak:       10.735
Characteristic density local = 6105.6 deg^-2 = 1.696 arcmin^-2
Fitting aperture to hotspot...
Candidate: x_peak:        0.965, y_peak:        0.335, r_peak:        0.020, sig:        5.804, ra_peak:      135.984, dec_peak:       11.143
Characteristic density local = 6238.9 deg^-2 = 1.733 arcmin^-2
Fitting aperture to hotspot...
Candidate: x_peak:        1.135, y_peak:        0.045, r_peak:        0.020, sig:       10.363, ra_peak:      136.156, dec_peak:       10.853
Distance = 31.6 kpc (m-M = 17.5)
710611 objects left after isochrone cut...
Characteristic density = 5900.0 deg^-2
Characteristic density local = 5707.7 deg^-2 = 1.585 arcmin^-2
Fitting aperture to hotspot...
Candidate: x_peak:       -1.335, y_peak:       -0.005, r_peak:        0.010, sig:        7.667, ra_peak:      133.641, dec_peak:       10.802
Characteristic density local = 5566.4 deg^-2 = 1.546 arcmin^-2
Fitting aperture to hotspot...
Candidate: x_peak:       -1.135, y_peak:        0.215, r_peak:        0.020, sig:        9.118, ra_peak:      133.844, dec_peak:       11.023
Characteristic density local = 5958.4 deg^-2 = 1.655 arcmin^-2
Fitting aperture to hotspot...
Candidate: x_peak:       -0.705, y_peak:       -0.045, r_peak:        0.020, sig:        6.999, ra_peak:      134.282, dec_peak:       10.764
Characteristic density local = 6215.0 deg^-2 = 1.726 arcmin^-2
Fitting aperture to hotspot...
Candidate: x_peak:       -0.565, y_peak:       -0.295, r_peak:        0.020, sig:        4.806, ra_peak:      134.425, dec_peak:       10.514
Characteristic density local = 5757.4 deg^-2 = 1.599 arcmin^-2
Fitting aperture to hotspot...
Candidate: x_peak:       -0.525, y_peak:        0.005, r_peak:        0.020, sig:       12.304, ra_peak:      134.466, dec_peak:       10.815
Characteristic density local = 6372.2 deg^-2 = 1.770 arcmin^-2
Fitting aperture to hotspot...
Candidate: x_peak:       -0.085, y_peak:        1.125, r_peak:        0.020, sig:        7.580, ra_peak:      134.913, dec_peak:       11.935
Characteristic density local = 5970.3 deg^-2 = 1.658 arcmin^-2
Fitting aperture to hotspot...
Candidate: x_peak:        0.335, y_peak:       -0.075, r_peak:        0.020, sig:        6.112, ra_peak:      135.341, dec_peak:       10.735
Characteristic density local = 6105.6 deg^-2 = 1.696 arcmin^-2
Fitting aperture to hotspot...
Candidate: x_peak:        0.965, y_peak:        0.335, r_peak:        0.020, sig:        5.804, ra_peak:      135.984, dec_peak:       11.143
Characteristic density local = 6238.9 deg^-2 = 1.733 arcmin^-2
Fitting aperture to hotspot...
Candidate: x_peak:        1.135, y_peak:        0.045, r_peak:        0.020, sig:       10.363, ra_peak:      136.156, dec_peak:       10.853
Distance = 39.8 kpc (m-M = 18.0)
710591 objects left after isochrone cut...
Characteristic density = 5900.0 deg^-2
Characteristic density local = 5707.7 deg^-2 = 1.585 arcmin^-2
Fitting aperture to hotspot...
Candidate: x_peak:       -1.335, y_peak:       -0.005, r_peak:        0.010, sig:        7.667, ra_peak:      133.641, dec_peak:       10.802
Characteristic density local = 5566.4 deg^-2 = 1.546 arcmin^-2
Fitting aperture to hotspot...
Candidate: x_peak:       -1.135, y_peak:        0.215, r_peak:        0.020, sig:        9.118, ra_peak:      133.844, dec_peak:       11.023
Characteristic density local = 5958.4 deg^-2 = 1.655 arcmin^-2
Fitting aperture to hotspot...
Candidate: x_peak:       -0.705, y_peak:       -0.045, r_peak:        0.020, sig:        6.999, ra_peak:      134.282, dec_peak:       10.764
Characteristic density local = 6215.0 deg^-2 = 1.726 arcmin^-2
Fitting aperture to hotspot...
Candidate: x_peak:       -0.565, y_peak:       -0.295, r_peak:        0.020, sig:        4.806, ra_peak:      134.425, dec_peak:       10.514
Characteristic density local = 5757.4 deg^-2 = 1.599 arcmin^-2
Fitting aperture to hotspot...
Candidate: x_peak:       -0.525, y_peak:        0.005, r_peak:        0.020, sig:       12.304, ra_peak:      134.466, dec_peak:       10.815
Characteristic density local = 6372.2 deg^-2 = 1.770 arcmin^-2
Fitting aperture to hotspot...
Candidate: x_peak:       -0.085, y_peak:        1.125, r_peak:        0.020, sig:        7.580, ra_peak:      134.913, dec_peak:       11.935
Characteristic density local = 5970.3 deg^-2 = 1.658 arcmin^-2
Fitting aperture to hotspot...
Candidate: x_peak:        0.335, y_peak:       -0.075, r_peak:        0.020, sig:        6.112, ra_peak:      135.341, dec_peak:       10.735
Characteristic density local = 6105.6 deg^-2 = 1.696 arcmin^-2
Fitting aperture to hotspot...
Candidate: x_peak:        0.965, y_peak:        0.335, r_peak:        0.020, sig:        5.804, ra_peak:      135.984, dec_peak:       11.143
Characteristic density local = 6238.9 deg^-2 = 1.733 arcmin^-2
Fitting aperture to hotspot...
Candidate: x_peak:        1.135, y_peak:        0.045, r_peak:        0.020, sig:       10.363, ra_peak:      136.156, dec_peak:       10.853
Distance = 50.1 kpc (m-M = 18.5)
709822 objects left after isochrone cut...
Characteristic density = 5800.0 deg^-2
Characteristic density local = 5707.7 deg^-2 = 1.585 arcmin^-2
Fitting aperture to hotspot...
Candidate: x_peak:       -1.335, y_peak:       -0.005, r_peak:        0.010, sig:        7.667, ra_peak:      133.641, dec_peak:       10.802
Characteristic density local = 5564.5 deg^-2 = 1.546 arcmin^-2
Fitting aperture to hotspot...
Candidate: x_peak:       -1.135, y_peak:        0.215, r_peak:        0.020, sig:        9.120, ra_peak:      133.844, dec_peak:       11.023
Characteristic density local = 5954.4 deg^-2 = 1.654 arcmin^-2
Fitting aperture to hotspot...
Candidate: x_peak:       -0.705, y_peak:       -0.045, r_peak:        0.020, sig:        7.002, ra_peak:      134.282, dec_peak:       10.764
Characteristic density local = 5751.5 deg^-2 = 1.598 arcmin^-2
Fitting aperture to hotspot...
Candidate: x_peak:       -0.525, y_peak:        0.005, r_peak:        0.020, sig:       12.309, ra_peak:      134.466, dec_peak:       10.815
Characteristic density local = 6314.5 deg^-2 = 1.754 arcmin^-2
Fitting aperture to hotspot...
Candidate: x_peak:       -0.085, y_peak:        1.125, r_peak:        0.020, sig:        7.410, ra_peak:      134.913, dec_peak:       11.935
Characteristic density local = 6053.9 deg^-2 = 1.682 arcmin^-2
Fitting aperture to hotspot...
Candidate: x_peak:        0.965, y_peak:        0.335, r_peak:        0.020, sig:        5.834, ra_peak:      135.984, dec_peak:       11.143
Characteristic density local = 6209.0 deg^-2 = 1.725 arcmin^-2
Fitting aperture to hotspot...
Candidate: x_peak:        1.135, y_peak:        0.045, r_peak:        0.020, sig:       10.383, ra_peak:      136.156, dec_peak:       10.853
Distance = 63.1 kpc (m-M = 19.0)
707350 objects left after isochrone cut...
Characteristic density = 5700.0 deg^-2
Characteristic density local = 5691.8 deg^-2 = 1.581 arcmin^-2
Fitting aperture to hotspot...
Candidate: x_peak:       -1.335, y_peak:       -0.005, r_peak:        0.010, sig:        7.673, ra_peak:      133.641, dec_peak:       10.802
Characteristic density local = 5544.6 deg^-2 = 1.540 arcmin^-2
Fitting aperture to hotspot...
Candidate: x_peak:       -1.135, y_peak:        0.215, r_peak:        0.020, sig:        9.134, ra_peak:      133.844, dec_peak:       11.023
Characteristic density local = 5926.5 deg^-2 = 1.646 arcmin^-2
Fitting aperture to hotspot...
Candidate: x_peak:       -0.705, y_peak:       -0.045, r_peak:        0.020, sig:        7.019, ra_peak:      134.282, dec_peak:       10.764
Characteristic density local = 6115.5 deg^-2 = 1.699 arcmin^-2
Fitting aperture to hotspot...
Candidate: x_peak:       -0.565, y_peak:       -0.295, r_peak:        0.020, sig:        4.863, ra_peak:      134.425, dec_peak:       10.514
Characteristic density local = 5709.7 deg^-2 = 1.586 arcmin^-2
Fitting aperture to hotspot...
Candidate: x_peak:       -0.525, y_peak:        0.005, r_peak:        0.020, sig:       12.341, ra_peak:      134.466, dec_peak:       10.815
Characteristic density local = 6193.1 deg^-2 = 1.720 arcmin^-2
Fitting aperture to hotspot...
Candidate: x_peak:       -0.085, y_peak:        1.125, r_peak:        0.020, sig:        7.486, ra_peak:      134.913, dec_peak:       11.935
Characteristic density local = 5848.9 deg^-2 = 1.625 arcmin^-2
Fitting aperture to hotspot...
Candidate: x_peak:        0.335, y_peak:       -0.075, r_peak:        0.020, sig:        6.186, ra_peak:      135.341, dec_peak:       10.735
Characteristic density local = 5922.6 deg^-2 = 1.645 arcmin^-2
Fitting aperture to hotspot...
Candidate: x_peak:        0.965, y_peak:        0.335, r_peak:        0.020, sig:        5.684, ra_peak:      135.984, dec_peak:       11.143
Characteristic density local = 6103.6 deg^-2 = 1.695 arcmin^-2
Fitting aperture to hotspot...
Candidate: x_peak:        1.135, y_peak:        0.045, r_peak:        0.020, sig:       10.272, ra_peak:      136.156, dec_peak:       10.853
Distance = 79.4 kpc (m-M = 19.5)
704263 objects left after isochrone cut...
Characteristic density = 5600.0 deg^-2
Characteristic density local = 5679.8 deg^-2 = 1.578 arcmin^-2
Fitting aperture to hotspot...
Candidate: x_peak:       -1.335, y_peak:       -0.005, r_peak:        0.010, sig:        7.678, ra_peak:      133.641, dec_peak:       10.802
Characteristic density local = 5528.6 deg^-2 = 1.536 arcmin^-2
Fitting aperture to hotspot...
Candidate: x_peak:       -1.135, y_peak:        0.215, r_peak:        0.020, sig:        9.145, ra_peak:      133.844, dec_peak:       11.023
Characteristic density local = 5880.8 deg^-2 = 1.634 arcmin^-2
Fitting aperture to hotspot...
Candidate: x_peak:       -0.705, y_peak:       -0.045, r_peak:        0.020, sig:        7.048, ra_peak:      134.282, dec_peak:       10.764
Characteristic density local = 6077.7 deg^-2 = 1.688 arcmin^-2
Fitting aperture to hotspot...
Candidate: x_peak:       -0.575, y_peak:       -0.295, r_peak:        0.020, sig:        4.642, ra_peak:      134.415, dec_peak:       10.514
Characteristic density local = 5654.0 deg^-2 = 1.571 arcmin^-2
Fitting aperture to hotspot...
Candidate: x_peak:       -0.525, y_peak:        0.005, r_peak:        0.020, sig:       12.383, ra_peak:      134.466, dec_peak:       10.815
Characteristic density local = 6055.8 deg^-2 = 1.682 arcmin^-2
Fitting aperture to hotspot...
Candidate: x_peak:       -0.085, y_peak:        1.125, r_peak:        0.020, sig:        7.572, ra_peak:      134.913, dec_peak:       11.935
Characteristic density local = 5799.2 deg^-2 = 1.611 arcmin^-2
Fitting aperture to hotspot...
Candidate: x_peak:        0.965, y_peak:        0.335, r_peak:        0.020, sig:        5.759, ra_peak:      135.984, dec_peak:       11.143
Characteristic density local = 5966.3 deg^-2 = 1.657 arcmin^-2
Fitting aperture to hotspot...
Candidate: x_peak:        1.135, y_peak:        0.045, r_peak:        0.020, sig:       10.182, ra_peak:      136.156, dec_peak:       10.853
Distance = 100.0 kpc (m-M = 20.0)
700523 objects left after isochrone cut...
Characteristic density = 5500.0 deg^-2
Characteristic density local = 5654.0 deg^-2 = 1.571 arcmin^-2
Fitting aperture to hotspot...
Candidate: x_peak:       -1.335, y_peak:       -0.005, r_peak:        0.010, sig:        7.689, ra_peak:      133.641, dec_peak:       10.802
Characteristic density local = 5494.8 deg^-2 = 1.526 arcmin^-2
Fitting aperture to hotspot...
Candidate: x_peak:       -1.135, y_peak:        0.215, r_peak:        0.020, sig:        9.169, ra_peak:      133.844, dec_peak:       11.023
Characteristic density local = 5843.0 deg^-2 = 1.623 arcmin^-2
Fitting aperture to hotspot...
Candidate: x_peak:       -0.705, y_peak:       -0.045, r_peak:        0.020, sig:        7.073, ra_peak:      134.282, dec_peak:       10.764
Characteristic density local = 5966.3 deg^-2 = 1.657 arcmin^-2
Fitting aperture to hotspot...
Candidate: x_peak:       -0.575, y_peak:       -0.295, r_peak:        0.020, sig:        4.706, ra_peak:      134.415, dec_peak:       10.514
Characteristic density local = 5572.4 deg^-2 = 1.548 arcmin^-2
Fitting aperture to hotspot...
Candidate: x_peak:       -0.525, y_peak:        0.005, r_peak:        0.020, sig:       12.446, ra_peak:      134.466, dec_peak:       10.815
Characteristic density local = 5906.6 deg^-2 = 1.641 arcmin^-2
Fitting aperture to hotspot...
Candidate: x_peak:       -0.085, y_peak:        1.125, r_peak:        0.020, sig:        7.668, ra_peak:      134.913, dec_peak:       11.935
Characteristic density local = 5663.9 deg^-2 = 1.573 arcmin^-2
Fitting aperture to hotspot...
Candidate: x_peak:        0.345, y_peak:       -0.075, r_peak:        0.020, sig:        6.074, ra_peak:      135.351, dec_peak:       10.735
Characteristic density local = 5644.0 deg^-2 = 1.568 arcmin^-2
Fitting aperture to hotspot...
Candidate: x_peak:        0.965, y_peak:        0.335, r_peak:        0.020, sig:        5.855, ra_peak:      135.984, dec_peak:       11.143
Characteristic density local = 5809.2 deg^-2 = 1.614 arcmin^-2
Fitting aperture to hotspot...
Candidate: x_peak:        1.135, y_peak:        0.045, r_peak:        0.020, sig:       10.106, ra_peak:      136.156, dec_peak:       10.853
Distance = 125.9 kpc (m-M = 20.5)
696096 objects left after isochrone cut...
Characteristic density = 5400.0 deg^-2
Characteristic density local = 5594.3 deg^-2 = 1.554 arcmin^-2
Fitting aperture to hotspot...
Candidate: x_peak:       -1.335, y_peak:       -0.005, r_peak:        0.010, sig:        7.714, ra_peak:      133.641, dec_peak:       10.802
Characteristic density local = 5459.0 deg^-2 = 1.516 arcmin^-2
Fitting aperture to hotspot...
Candidate: x_peak:       -1.135, y_peak:        0.215, r_peak:        0.020, sig:        8.995, ra_peak:      133.844, dec_peak:       11.023
Characteristic density local = 5755.4 deg^-2 = 1.599 arcmin^-2
Fitting aperture to hotspot...
Candidate: x_peak:       -0.705, y_peak:       -0.045, r_peak:        0.020, sig:        7.129, ra_peak:      134.282, dec_peak:       10.764
Characteristic density local = 5819.1 deg^-2 = 1.616 arcmin^-2
Fitting aperture to hotspot...
Candidate: x_peak:       -0.575, y_peak:       -0.295, r_peak:        0.020, sig:        4.544, ra_peak:      134.415, dec_peak:       10.514
Characteristic density local = 5471.0 deg^-2 = 1.520 arcmin^-2
Fitting aperture to hotspot...
Candidate: x_peak:       -0.525, y_peak:        0.005, r_peak:        0.020, sig:       12.525, ra_peak:      134.466, dec_peak:       10.815
Characteristic density local = 5701.7 deg^-2 = 1.584 arcmin^-2
Fitting aperture to hotspot...
Candidate: x_peak:       -0.085, y_peak:        1.125, r_peak:        0.020, sig:        7.802, ra_peak:      134.913, dec_peak:       11.935
Characteristic density local = 5457.0 deg^-2 = 1.516 arcmin^-2
Fitting aperture to hotspot...
Candidate: x_peak:        0.335, y_peak:       -0.075, r_peak:        0.020, sig:        6.205, ra_peak:      135.341, dec_peak:       10.735
Characteristic density local = 5480.9 deg^-2 = 1.522 arcmin^-2
Fitting aperture to hotspot...
Candidate: x_peak:        0.965, y_peak:        0.335, r_peak:        0.020, sig:        5.722, ra_peak:      135.984, dec_peak:       11.143
Characteristic density local = 5608.2 deg^-2 = 1.558 arcmin^-2
Fitting aperture to hotspot...
Candidate: x_peak:        1.135, y_peak:        0.045, r_peak:        0.020, sig:       10.249, ra_peak:      136.156, dec_peak:       10.853
Distance = 158.5 kpc (m-M = 21.0)
690876 objects left after isochrone cut...
Characteristic density = 5200.0 deg^-2
Characteristic density local = 5496.8 deg^-2 = 1.527 arcmin^-2
Fitting aperture to hotspot...
Candidate: x_peak:       -1.335, y_peak:       -0.005, r_peak:        0.010, sig:        7.755, ra_peak:      133.641, dec_peak:       10.802
Characteristic density local = 5351.6 deg^-2 = 1.487 arcmin^-2
Fitting aperture to hotspot...
Candidate: x_peak:       -1.135, y_peak:        0.215, r_peak:        0.020, sig:        9.072, ra_peak:      133.844, dec_peak:       11.023
Characteristic density local = 5644.0 deg^-2 = 1.568 arcmin^-2
Fitting aperture to hotspot...
Candidate: x_peak:       -0.715, y_peak:       -0.055, r_peak:        0.020, sig:        7.201, ra_peak:      134.272, dec_peak:       10.754
Characteristic density local = 5628.1 deg^-2 = 1.563 arcmin^-2
Fitting aperture to hotspot...
Candidate: x_peak:       -0.575, y_peak:       -0.295, r_peak:        0.020, sig:        4.657, ra_peak:      134.415, dec_peak:       10.514
Characteristic density local = 5317.8 deg^-2 = 1.477 arcmin^-2
Fitting aperture to hotspot...
Candidate: x_peak:       -0.525, y_peak:        0.005, r_peak:        0.020, sig:       12.296, ra_peak:      134.466, dec_peak:       10.815
Characteristic density local = 5518.7 deg^-2 = 1.533 arcmin^-2
Fitting aperture to hotspot...
Candidate: x_peak:       -0.085, y_peak:        1.125, r_peak:        0.020, sig:        7.926, ra_peak:      134.913, dec_peak:       11.935
Characteristic density local = 5299.9 deg^-2 = 1.472 arcmin^-2
Fitting aperture to hotspot...
Candidate: x_peak:        0.965, y_peak:        0.335, r_peak:        0.020, sig:        5.838, ra_peak:      135.984, dec_peak:       11.143
Characteristic density local = 5413.3 deg^-2 = 1.504 arcmin^-2
Fitting aperture to hotspot...
Candidate: x_peak:        1.135, y_peak:        0.045, r_peak:        0.020, sig:       10.203, ra_peak:      136.156, dec_peak:       10.853
Distance = 199.5 kpc (m-M = 21.5)
684381 objects left after isochrone cut...
Characteristic density = 5000.0 deg^-2
Characteristic density local = 5278.0 deg^-2 = 1.466 arcmin^-2
Fitting aperture to hotspot...
Candidate: x_peak:       -1.335, y_peak:       -0.005, r_peak:        0.010, sig:        7.849, ra_peak:      133.641, dec_peak:       10.802
Characteristic density local = 5162.6 deg^-2 = 1.434 arcmin^-2
Fitting aperture to hotspot...
Candidate: x_peak:       -1.135, y_peak:        0.215, r_peak:        0.020, sig:        9.007, ra_peak:      133.844, dec_peak:       11.023
Characteristic density local = 5391.4 deg^-2 = 1.498 arcmin^-2
Fitting aperture to hotspot...
Candidate: x_peak:       -0.705, y_peak:       -0.045, r_peak:        0.020, sig:        7.370, ra_peak:      134.282, dec_peak:       10.764
Characteristic density local = 5347.6 deg^-2 = 1.485 arcmin^-2
Fitting aperture to hotspot...
Candidate: x_peak:       -0.575, y_peak:       -0.285, r_peak:        0.010, sig:        5.426, ra_peak:      134.415, dec_peak:       10.524
Characteristic density local = 5061.1 deg^-2 = 1.406 arcmin^-2
Fitting aperture to hotspot...
Candidate: x_peak:       -0.525, y_peak:        0.005, r_peak:        0.020, sig:       12.326, ra_peak:      134.466, dec_peak:       10.815
Characteristic density local = 5301.8 deg^-2 = 1.473 arcmin^-2
Fitting aperture to hotspot...
Candidate: x_peak:       -0.085, y_peak:        1.125, r_peak:        0.020, sig:        8.076, ra_peak:      134.913, dec_peak:       11.935
Characteristic density local = 5039.2 deg^-2 = 1.400 arcmin^-2
Fitting aperture to hotspot...
Candidate: x_peak:        0.335, y_peak:       -0.075, r_peak:        0.020, sig:        6.011, ra_peak:      135.341, dec_peak:       10.735
Characteristic density local = 5091.0 deg^-2 = 1.414 arcmin^-2
Fitting aperture to hotspot...
Candidate: x_peak:        0.975, y_peak:        0.335, r_peak:        0.020, sig:        7.134, ra_peak:      135.994, dec_peak:       11.143
Characteristic density local = 5200.4 deg^-2 = 1.445 arcmin^-2
Fitting aperture to hotspot...
Candidate: x_peak:        1.135, y_peak:        0.045, r_peak:        0.020, sig:       10.363, ra_peak:      136.156, dec_peak:       10.853
Distance = 251.2 kpc (m-M = 22.0)
676238 objects left after isochrone cut...
Characteristic density = 4700.0 deg^-2
Characteristic density local = 5017.4 deg^-2 = 1.394 arcmin^-2
Fitting aperture to hotspot...
Candidate: x_peak:       -1.325, y_peak:       -0.005, r_peak:        0.020, sig:        7.186, ra_peak:      133.651, dec_peak:       10.802
Characteristic density local = 4931.8 deg^-2 = 1.370 arcmin^-2
Fitting aperture to hotspot...
Candidate: x_peak:       -1.135, y_peak:        0.215, r_peak:        0.020, sig:        8.766, ra_peak:      133.844, dec_peak:       11.023
Characteristic density local = 5112.9 deg^-2 = 1.420 arcmin^-2
Fitting aperture to hotspot...
Candidate: x_peak:       -0.705, y_peak:       -0.045, r_peak:        0.020, sig:        7.563, ra_peak:      134.282, dec_peak:       10.764
Characteristic density local = 5065.1 deg^-2 = 1.407 arcmin^-2
Fitting aperture to hotspot...
Candidate: x_peak:       -0.575, y_peak:       -0.295, r_peak:        0.020, sig:        5.007, ra_peak:      134.415, dec_peak:       10.514
Characteristic density local = 4802.5 deg^-2 = 1.334 arcmin^-2
Fitting aperture to hotspot...
Candidate: x_peak:       -0.525, y_peak:        0.005, r_peak:        0.020, sig:       12.544, ra_peak:      134.466, dec_peak:       10.815
Characteristic density local = 5027.3 deg^-2 = 1.396 arcmin^-2
Fitting aperture to hotspot...
Candidate: x_peak:       -0.085, y_peak:        1.125, r_peak:        0.020, sig:        7.624, ra_peak:      134.913, dec_peak:       11.935
Characteristic density local = 4800.5 deg^-2 = 1.333 arcmin^-2
Fitting aperture to hotspot...
Candidate: x_peak:        0.975, y_peak:        0.335, r_peak:        0.020, sig:        7.342, ra_peak:      135.994, dec_peak:       11.143
Characteristic density local = 4898.0 deg^-2 = 1.361 arcmin^-2
Fitting aperture to hotspot...
Candidate: x_peak:        1.135, y_peak:        0.045, r_peak:        0.020, sig:       10.406, ra_peak:      136.156, dec_peak:       10.853
Distance = 316.2 kpc (m-M = 22.5)
666314 objects left after isochrone cut...
Characteristic density = 4400.0 deg^-2
Characteristic density local = 4657.3 deg^-2 = 1.294 arcmin^-2
Fitting aperture to hotspot...
Candidate: x_peak:       -1.335, y_peak:       -0.005, r_peak:        0.010, sig:        8.135, ra_peak:      133.641, dec_peak:       10.802
Characteristic density local = 4581.7 deg^-2 = 1.273 arcmin^-2
Fitting aperture to hotspot...
Candidate: x_peak:       -1.135, y_peak:        0.215, r_peak:        0.020, sig:        9.037, ra_peak:      133.844, dec_peak:       11.023
Characteristic density local = 4774.6 deg^-2 = 1.326 arcmin^-2
Fitting aperture to hotspot...
Candidate: x_peak:       -0.715, y_peak:       -0.055, r_peak:        0.020, sig:        7.808, ra_peak:      134.272, dec_peak:       10.754
Characteristic density local = 4756.7 deg^-2 = 1.321 arcmin^-2
Fitting aperture to hotspot...
Candidate: x_peak:       -0.575, y_peak:       -0.295, r_peak:        0.020, sig:        5.210, ra_peak:      134.415, dec_peak:       10.514
Characteristic density local = 4514.0 deg^-2 = 1.254 arcmin^-2
Fitting aperture to hotspot...
Candidate: x_peak:       -0.525, y_peak:        0.005, r_peak:        0.020, sig:       12.797, ra_peak:      134.466, dec_peak:       10.815
Characteristic density local = 4639.4 deg^-2 = 1.289 arcmin^-2
Fitting aperture to hotspot...
Candidate: x_peak:       -0.095, y_peak:        1.125, r_peak:        0.020, sig:        8.131, ra_peak:      134.903, dec_peak:       11.935
Characteristic density local = 4494.1 deg^-2 = 1.248 arcmin^-2
Fitting aperture to hotspot...
Candidate: x_peak:        0.965, y_peak:        0.335, r_peak:        0.020, sig:        6.149, ra_peak:      135.984, dec_peak:       11.143
Characteristic density local = 4613.5 deg^-2 = 1.282 arcmin^-2
Fitting aperture to hotspot...
Candidate: x_peak:        1.135, y_peak:        0.045, r_peak:        0.020, sig:       10.638, ra_peak:      136.156, dec_peak:       10.853
Distance = 398.1 kpc (m-M = 23.0)
654613 objects left after isochrone cut...
Characteristic density = 4000.0 deg^-2
Characteristic density local = 4195.7 deg^-2 = 1.165 arcmin^-2
Fitting aperture to hotspot...
Candidate: x_peak:       -1.335, y_peak:       -0.005, r_peak:        0.010, sig:        8.368, ra_peak:      133.641, dec_peak:       10.802
Characteristic density local = 4171.8 deg^-2 = 1.159 arcmin^-2
Fitting aperture to hotspot...
Candidate: x_peak:       -1.135, y_peak:        0.215, r_peak:        0.020, sig:        9.161, ra_peak:      133.844, dec_peak:       11.023
Characteristic density local = 4382.7 deg^-2 = 1.217 arcmin^-2
Fitting aperture to hotspot...
Candidate: x_peak:       -0.705, y_peak:       -0.045, r_peak:        0.020, sig:        7.885, ra_peak:      134.282, dec_peak:       10.764
Characteristic density local = 4370.8 deg^-2 = 1.214 arcmin^-2
Fitting aperture to hotspot...
Candidate: x_peak:       -0.575, y_peak:       -0.295, r_peak:        0.020, sig:        5.218, ra_peak:      134.415, dec_peak:       10.514
Characteristic density local = 4120.1 deg^-2 = 1.144 arcmin^-2
Fitting aperture to hotspot...
Candidate: x_peak:       -0.525, y_peak:        0.005, r_peak:        0.020, sig:       13.166, ra_peak:      134.466, dec_peak:       10.815
Characteristic density local = 4247.4 deg^-2 = 1.180 arcmin^-2
Fitting aperture to hotspot...
Candidate: x_peak:       -0.095, y_peak:        1.125, r_peak:        0.020, sig:        8.219, ra_peak:      134.903, dec_peak:       11.935
Characteristic density local = 4042.5 deg^-2 = 1.123 arcmin^-2
Fitting aperture to hotspot...
Candidate: x_peak:        0.975, y_peak:        0.335, r_peak:        0.020, sig:        7.932, ra_peak:      135.994, dec_peak:       11.143
Characteristic density local = 4229.5 deg^-2 = 1.175 arcmin^-2
Fitting aperture to hotspot...
Candidate: x_peak:        1.135, y_peak:        0.045, r_peak:        0.020, sig:       10.770, ra_peak:      136.156, dec_peak:       10.853
13.17 sigma; (RA, Dec, d) = (134.47, 10.81); r = 0.02 deg; d = 398.1, mu = 23.00 mag), mc_source_id: 0.00
10.77 sigma; (RA, Dec, d) = (136.16, 10.85); r = 0.02 deg; d = 398.1, mu = 23.00 mag), mc_source_id: 0.00
9.17 sigma; (RA, Dec, d) = (133.84, 11.02); r = 0.02 deg; d = 100.0, mu = 20.00 mag), mc_source_id: 0.00
8.37 sigma; (RA, Dec, d) = (133.64, 10.80); r = 0.01 deg; d = 398.1, mu = 23.00 mag), mc_source_id: 0.00
8.22 sigma; (RA, Dec, d) = (134.90, 11.94); r = 0.02 deg; d = 398.1, mu = 23.00 mag), mc_source_id: 0.00
7.93 sigma; (RA, Dec, d) = (135.99, 11.14); r = 0.02 deg; d = 398.1, mu = 23.00 mag), mc_source_id: 0.00
7.88 sigma; (RA, Dec, d) = (134.28, 10.76); r = 0.02 deg; d = 398.1, mu = 23.00 mag), mc_source_id: 0.00
7.19 sigma; (RA, Dec, d) = (133.65, 10.80); r = 0.02 deg; d = 251.2, mu = 22.00 mag), mc_source_id: 0.00
6.21 sigma; (RA, Dec, d) = (135.34, 10.73); r = 0.02 deg; d = 125.9, mu = 20.50 mag), mc_source_id: 0.00
5.43 sigma; (RA, Dec, d) = (134.42, 10.52); r = 0.01 deg; d = 199.5, mu = 21.50 mag), mc_source_id: 0.00
5.22 sigma; (RA, Dec, d) = (134.42, 10.51); r = 0.02 deg; d = 398.1, mu = 23.00 mag), mc_source_id: 0.00

------------------------------------------------------------
Job <680148.0> was submitted from <des51.fnal.gov> by user <tavangar>.
Job was executed on host <des40.fnal.gov> as user <tavangar>.
</var/lib/condor/execute/dir_1868498> was used as the initial working directory.
Results reported at Wed Jun  5 07:55:54 CDT 2019

Your job looked like:

------------------------------------------------------------
python /home/s1/tavangar/tavangar_simple/search_algorithm.py 135.00 10.81 0.00 /home/s1/tavangar/tavangar_simple/decals_dr7_results/results_nside_32_4976.csv /home/s1/tavangar/tavangar_simple/decals_dr7_results/decals_dr7_log/results_nside_32_4976.log
------------------------------------------------------------

Successfully completed.

Resource usage summary:

	Real time :			403.95 sec.
	CPU time :			98.03 sec.
	CPU percentage :		96%
	Max Memory :			6067088 KB
	Average Memory :		0 KB

The output (if any) is above this job summary.
