/home/s1/tavangar/tavangar_simple/simple_utils.py:170: FutureWarning: elementwise comparison failed; returning scalar instead, but in the future will perform elementwise comparison
  if np.all(isochrone.stage == 'Main'):
Search coordinates: (RA, Dec) = (257.34, 30.00)
Center healpixel: 3099
Healpixels: [3099 3227 3098 2971 2843 2972 3100 3228 3355]
MC_SOURCE_ID = 0.0
mode = 0: running only on real data
Found 1 objects...
Applying cuts...
600366 star-like objects in ROI...
433773 galaxy-like objects in ROI...
No fracdet map specified ...
Distance = 15.8 kpc (m-M = 16.0)
600347 objects left after isochrone cut...
Characteristic density = 11950.0 deg^-2
Characteristic density local = 11339.8 deg^-2 = 3.150 arcmin^-2
Fitting aperture to hotspot...
Candidate: x_peak:       -0.595, y_peak:        0.425, r_peak:        0.040, sig:        6.076, ra_peak:      256.650, dec_peak:       30.423
Characteristic density local = 13130.3 deg^-2 = 3.647 arcmin^-2
Fitting aperture to hotspot...
Candidate: x_peak:        0.185, y_peak:       -1.085, r_peak:        0.040, sig:        5.317, ra_peak:      257.551, dec_peak:       28.915
Characteristic density local = 12796.1 deg^-2 = 3.554 arcmin^-2
Fitting aperture to hotspot...
Candidate: x_peak:        0.245, y_peak:       -0.835, r_peak:        0.020, sig:        8.172, ra_peak:      257.621, dec_peak:       29.165
Characteristic density local = 11950.0 deg^-2 = 3.319 arcmin^-2
Fitting aperture to hotspot...
Candidate: x_peak:        0.385, y_peak:        0.945, r_peak:        0.030, sig:        7.463, ra_peak:      257.789, dec_peak:       30.944
Distance = 20.0 kpc (m-M = 16.5)
600349 objects left after isochrone cut...
Characteristic density = 11950.0 deg^-2
Characteristic density local = 11339.8 deg^-2 = 3.150 arcmin^-2
Fitting aperture to hotspot...
Candidate: x_peak:       -0.595, y_peak:        0.425, r_peak:        0.040, sig:        6.076, ra_peak:      256.650, dec_peak:       30.423
Characteristic density local = 13130.3 deg^-2 = 3.647 arcmin^-2
Fitting aperture to hotspot...
Candidate: x_peak:        0.185, y_peak:       -1.085, r_peak:        0.040, sig:        5.317, ra_peak:      257.551, dec_peak:       28.915
Characteristic density local = 12796.1 deg^-2 = 3.554 arcmin^-2
Fitting aperture to hotspot...
Candidate: x_peak:        0.245, y_peak:       -0.835, r_peak:        0.020, sig:        8.172, ra_peak:      257.621, dec_peak:       29.165
Characteristic density local = 11950.0 deg^-2 = 3.319 arcmin^-2
Fitting aperture to hotspot...
Candidate: x_peak:        0.385, y_peak:        0.945, r_peak:        0.030, sig:        7.463, ra_peak:      257.789, dec_peak:       30.944
Distance = 25.1 kpc (m-M = 17.0)
600346 objects left after isochrone cut...
Characteristic density = 11900.0 deg^-2
Characteristic density local = 11339.8 deg^-2 = 3.150 arcmin^-2
Fitting aperture to hotspot...
Candidate: x_peak:       -0.595, y_peak:        0.425, r_peak:        0.040, sig:        6.076, ra_peak:      256.650, dec_peak:       30.423
Characteristic density local = 13130.3 deg^-2 = 3.647 arcmin^-2
Fitting aperture to hotspot...
Candidate: x_peak:        0.185, y_peak:       -1.085, r_peak:        0.040, sig:        5.317, ra_peak:      257.551, dec_peak:       28.915
Characteristic density local = 12796.1 deg^-2 = 3.554 arcmin^-2
Fitting aperture to hotspot...
Candidate: x_peak:        0.245, y_peak:       -0.835, r_peak:        0.020, sig:        8.172, ra_peak:      257.621, dec_peak:       29.165
Characteristic density local = 11900.0 deg^-2 = 3.306 arcmin^-2
Fitting aperture to hotspot...
Candidate: x_peak:        0.385, y_peak:        0.945, r_peak:        0.030, sig:        7.492, ra_peak:      257.789, dec_peak:       30.944
Distance = 31.6 kpc (m-M = 17.5)
600269 objects left after isochrone cut...
Characteristic density = 11900.0 deg^-2
Characteristic density local = 11339.8 deg^-2 = 3.150 arcmin^-2
Fitting aperture to hotspot...
Candidate: x_peak:       -0.595, y_peak:        0.425, r_peak:        0.040, sig:        6.076, ra_peak:      256.650, dec_peak:       30.423
Characteristic density local = 13130.3 deg^-2 = 3.647 arcmin^-2
Fitting aperture to hotspot...
Candidate: x_peak:        0.185, y_peak:       -1.085, r_peak:        0.040, sig:        5.317, ra_peak:      257.551, dec_peak:       28.915
Characteristic density local = 12796.1 deg^-2 = 3.554 arcmin^-2
Fitting aperture to hotspot...
Candidate: x_peak:        0.245, y_peak:       -0.835, r_peak:        0.020, sig:        8.172, ra_peak:      257.621, dec_peak:       29.165
Characteristic density local = 11900.0 deg^-2 = 3.306 arcmin^-2
Fitting aperture to hotspot...
Candidate: x_peak:        0.385, y_peak:        0.945, r_peak:        0.030, sig:        7.492, ra_peak:      257.789, dec_peak:       30.944
Distance = 39.8 kpc (m-M = 18.0)
599667 objects left after isochrone cut...
Characteristic density = 11900.0 deg^-2
Characteristic density local = 11335.8 deg^-2 = 3.149 arcmin^-2
Fitting aperture to hotspot...
Candidate: x_peak:       -0.595, y_peak:        0.425, r_peak:        0.040, sig:        6.079, ra_peak:      256.650, dec_peak:       30.423
Characteristic density local = 13128.3 deg^-2 = 3.647 arcmin^-2
Fitting aperture to hotspot...
Candidate: x_peak:        0.185, y_peak:       -1.085, r_peak:        0.040, sig:        5.318, ra_peak:      257.551, dec_peak:       28.915
Characteristic density local = 12788.1 deg^-2 = 3.552 arcmin^-2
Fitting aperture to hotspot...
Candidate: x_peak:        0.245, y_peak:       -0.835, r_peak:        0.020, sig:        8.175, ra_peak:      257.621, dec_peak:       29.165
Characteristic density local = 11900.0 deg^-2 = 3.306 arcmin^-2
Fitting aperture to hotspot...
Candidate: x_peak:        0.385, y_peak:        0.945, r_peak:        0.030, sig:        7.492, ra_peak:      257.789, dec_peak:       30.944
Distance = 50.1 kpc (m-M = 18.5)
597156 objects left after isochrone cut...
Characteristic density = 11800.0 deg^-2
Characteristic density local = 11266.2 deg^-2 = 3.129 arcmin^-2
Fitting aperture to hotspot...
Candidate: x_peak:       -0.595, y_peak:        0.425, r_peak:        0.040, sig:        6.132, ra_peak:      256.650, dec_peak:       30.423
Characteristic density local = 10261.5 deg^-2 = 2.850 arcmin^-2
Fitting aperture to hotspot...
Candidate: x_peak:        0.095, y_peak:        0.595, r_peak:        0.260, sig:        8.697, ra_peak:      257.450, dec_peak:       30.595
Characteristic density local = 13040.8 deg^-2 = 3.622 arcmin^-2
Fitting aperture to hotspot...
Candidate: x_peak:        0.185, y_peak:       -1.085, r_peak:        0.040, sig:        5.275, ra_peak:      257.551, dec_peak:       28.915
Characteristic density local = 12718.5 deg^-2 = 3.533 arcmin^-2
Fitting aperture to hotspot...
Candidate: x_peak:        0.245, y_peak:       -0.835, r_peak:        0.020, sig:        8.204, ra_peak:      257.621, dec_peak:       29.165
Characteristic density local = 11800.0 deg^-2 = 3.278 arcmin^-2
Fitting aperture to hotspot...
Candidate: x_peak:        0.385, y_peak:        0.945, r_peak:        0.030, sig:        7.551, ra_peak:      257.789, dec_peak:       30.944
Characteristic density local = 11906.8 deg^-2 = 3.307 arcmin^-2
Fitting aperture to hotspot...
Candidate: x_peak:        0.725, y_peak:        0.105, r_peak:        0.060, sig:        4.540, ra_peak:      258.178, dec_peak:       30.102
Characteristic density local = 11500.9 deg^-2 = 3.195 arcmin^-2
Fitting aperture to hotspot...
Candidate: x_peak:        1.115, y_peak:       -0.045, r_peak:        0.090, sig:        5.659, ra_peak:      258.627, dec_peak:       29.949
Distance = 63.1 kpc (m-M = 19.0)
593210 objects left after isochrone cut...
Characteristic density = 11700.0 deg^-2
Characteristic density local = 11130.9 deg^-2 = 3.092 arcmin^-2
Fitting aperture to hotspot...
Candidate: x_peak:       -0.595, y_peak:        0.425, r_peak:        0.040, sig:        6.234, ra_peak:      256.650, dec_peak:       30.423
Characteristic density local = 10006.9 deg^-2 = 2.780 arcmin^-2
Fitting aperture to hotspot...
Candidate: x_peak:        0.095, y_peak:        0.605, r_peak:        0.250, sig:        9.055, ra_peak:      257.450, dec_peak:       30.605
Characteristic density local = 12873.6 deg^-2 = 3.576 arcmin^-2
Fitting aperture to hotspot...
Candidate: x_peak:        0.185, y_peak:       -1.085, r_peak:        0.040, sig:        5.080, ra_peak:      257.551, dec_peak:       28.915
Characteristic density local = 12577.2 deg^-2 = 3.494 arcmin^-2
Fitting aperture to hotspot...
Candidate: x_peak:        0.245, y_peak:       -0.835, r_peak:        0.020, sig:        8.262, ra_peak:      257.621, dec_peak:       29.165
Characteristic density local = 11700.0 deg^-2 = 3.250 arcmin^-2
Fitting aperture to hotspot...
Candidate: x_peak:        0.385, y_peak:        0.945, r_peak:        0.030, sig:        7.610, ra_peak:      257.789, dec_peak:       30.944
Characteristic density local = 11668.0 deg^-2 = 3.241 arcmin^-2
Fitting aperture to hotspot...
Candidate: x_peak:        0.725, y_peak:        0.115, r_peak:        0.050, sig:        5.105, ra_peak:      258.178, dec_peak:       30.112
Distance = 79.4 kpc (m-M = 19.5)
587921 objects left after isochrone cut...
Characteristic density = 11500.0 deg^-2
Characteristic density local = 10926.0 deg^-2 = 3.035 arcmin^-2
Fitting aperture to hotspot...
Candidate: x_peak:       -0.595, y_peak:        0.425, r_peak:        0.030, sig:        6.119, ra_peak:      256.650, dec_peak:       30.423
Characteristic density local = 11524.8 deg^-2 = 3.201 arcmin^-2
Fitting aperture to hotspot...
Candidate: x_peak:       -0.215, y_peak:        0.145, r_peak:        0.050, sig:        5.322, ra_peak:      257.091, dec_peak:       30.145
Characteristic density local = 9835.8 deg^-2 = 2.732 arcmin^-2
Fitting aperture to hotspot...
Candidate: x_peak:        0.095, y_peak:        0.605, r_peak:        0.250, sig:        9.269, ra_peak:      257.450, dec_peak:       30.605
Characteristic density local = 12241.0 deg^-2 = 3.400 arcmin^-2
Fitting aperture to hotspot...
Candidate: x_peak:        0.105, y_peak:       -0.695, r_peak:        0.040, sig:        4.023, ra_peak:      257.460, dec_peak:       29.305
Characteristic density local = 12638.9 deg^-2 = 3.511 arcmin^-2
Fitting aperture to hotspot...
Candidate: x_peak:        0.185, y_peak:       -1.085, r_peak:        0.040, sig:        5.138, ra_peak:      257.551, dec_peak:       28.915
Characteristic density local = 12366.3 deg^-2 = 3.435 arcmin^-2
Fitting aperture to hotspot...
Candidate: x_peak:        0.245, y_peak:       -0.835, r_peak:        0.020, sig:        8.350, ra_peak:      257.621, dec_peak:       29.165
Characteristic density local = 11500.0 deg^-2 = 3.194 arcmin^-2
Fitting aperture to hotspot...
Candidate: x_peak:        0.385, y_peak:        0.945, r_peak:        0.030, sig:        7.477, ra_peak:      257.789, dec_peak:       30.944
Characteristic density local = 11534.8 deg^-2 = 3.204 arcmin^-2
Fitting aperture to hotspot...
Candidate: x_peak:        0.715, y_peak:        0.115, r_peak:        0.050, sig:        5.313, ra_peak:      258.167, dec_peak:       30.112
Characteristic density local = 11136.9 deg^-2 = 3.094 arcmin^-2
Fitting aperture to hotspot...
Candidate: x_peak:        1.115, y_peak:       -0.045, r_peak:        0.090, sig:        5.541, ra_peak:      258.627, dec_peak:       29.949
Distance = 100.0 kpc (m-M = 20.0)
580959 objects left after isochrone cut...
Characteristic density = 11200.0 deg^-2
Characteristic density local = 10677.3 deg^-2 = 2.966 arcmin^-2
Fitting aperture to hotspot...
Candidate: x_peak:       -0.595, y_peak:        0.425, r_peak:        0.030, sig:        6.132, ra_peak:      256.650, dec_peak:       30.423
Characteristic density local = 12354.4 deg^-2 = 3.432 arcmin^-2
Fitting aperture to hotspot...
Candidate: x_peak:        0.185, y_peak:       -1.085, r_peak:        0.040, sig:        5.022, ra_peak:      257.551, dec_peak:       28.915
Characteristic density local = 12069.9 deg^-2 = 3.353 arcmin^-2
Fitting aperture to hotspot...
Candidate: x_peak:        0.245, y_peak:       -0.835, r_peak:        0.020, sig:        8.475, ra_peak:      257.621, dec_peak:       29.165
Characteristic density local = 11200.0 deg^-2 = 3.111 arcmin^-2
Fitting aperture to hotspot...
Candidate: x_peak:        0.385, y_peak:        0.945, r_peak:        0.030, sig:        7.274, ra_peak:      257.789, dec_peak:       30.944
Distance = 125.9 kpc (m-M = 20.5)
572383 objects left after isochrone cut...
Characteristic density = 10800.0 deg^-2
Characteristic density local = 10363.0 deg^-2 = 2.879 arcmin^-2
Fitting aperture to hotspot...
Candidate: x_peak:       -0.595, y_peak:        0.425, r_peak:        0.040, sig:        6.070, ra_peak:      256.650, dec_peak:       30.423
Characteristic density local = 11073.2 deg^-2 = 3.076 arcmin^-2
Fitting aperture to hotspot...
Candidate: x_peak:       -0.235, y_peak:       -0.815, r_peak:        0.040, sig:        4.972, ra_peak:      257.071, dec_peak:       29.185
Characteristic density local = 11542.7 deg^-2 = 3.206 arcmin^-2
Fitting aperture to hotspot...
Candidate: x_peak:        0.105, y_peak:       -0.695, r_peak:        0.030, sig:        4.380, ra_peak:      257.460, dec_peak:       29.305
Characteristic density local = 12004.3 deg^-2 = 3.335 arcmin^-2
Fitting aperture to hotspot...
Candidate: x_peak:        0.185, y_peak:       -1.085, r_peak:        0.040, sig:        5.057, ra_peak:      257.551, dec_peak:       28.915
Characteristic density local = 11695.9 deg^-2 = 3.249 arcmin^-2
Fitting aperture to hotspot...
Candidate: x_peak:        0.245, y_peak:       -0.835, r_peak:        0.020, sig:        8.150, ra_peak:      257.621, dec_peak:       29.165
Characteristic density local = 10800.0 deg^-2 = 3.000 arcmin^-2
Fitting aperture to hotspot...
Candidate: x_peak:        0.385, y_peak:        0.945, r_peak:        0.030, sig:        7.388, ra_peak:      257.789, dec_peak:       30.944
Characteristic density local = 10772.8 deg^-2 = 2.992 arcmin^-2
Fitting aperture to hotspot...
Candidate: x_peak:        0.725, y_peak:        0.115, r_peak:        0.050, sig:        5.192, ra_peak:      258.178, dec_peak:       30.112
Distance = 158.5 kpc (m-M = 21.0)
562120 objects left after isochrone cut...
Characteristic density = 10400.0 deg^-2
Characteristic density local = 9992.9 deg^-2 = 2.776 arcmin^-2
Fitting aperture to hotspot...
Candidate: x_peak:       -0.605, y_peak:        0.425, r_peak:        0.040, sig:        6.697, ra_peak:      256.638, dec_peak:       30.423
Characteristic density local = 10691.2 deg^-2 = 2.970 arcmin^-2
Fitting aperture to hotspot...
Candidate: x_peak:       -0.235, y_peak:       -0.815, r_peak:        0.040, sig:        4.924, ra_peak:      257.071, dec_peak:       29.185
Characteristic density local = 11107.0 deg^-2 = 3.085 arcmin^-2
Fitting aperture to hotspot...
Candidate: x_peak:        0.105, y_peak:       -0.695, r_peak:        0.030, sig:        4.482, ra_peak:      257.460, dec_peak:       29.305
Characteristic density local = 11407.4 deg^-2 = 3.169 arcmin^-2
Fitting aperture to hotspot...
Candidate: x_peak:        0.195, y_peak:       -1.095, r_peak:        0.020, sig:        6.220, ra_peak:      257.563, dec_peak:       28.905
Characteristic density local = 11256.2 deg^-2 = 3.127 arcmin^-2
Fitting aperture to hotspot...
Candidate: x_peak:        0.245, y_peak:       -0.835, r_peak:        0.020, sig:        8.177, ra_peak:      257.621, dec_peak:       29.165
Characteristic density local = 10368.9 deg^-2 = 2.880 arcmin^-2
Fitting aperture to hotspot...
Candidate: x_peak:        0.345, y_peak:        0.435, r_peak:        0.050, sig:        5.759, ra_peak:      257.740, dec_peak:       30.434
Characteristic density local = 10400.0 deg^-2 = 2.889 arcmin^-2
Fitting aperture to hotspot...
Candidate: x_peak:        0.385, y_peak:        0.945, r_peak:        0.030, sig:        7.507, ra_peak:      257.789, dec_peak:       30.944
Characteristic density local = 10351.0 deg^-2 = 2.875 arcmin^-2
Fitting aperture to hotspot...
Candidate: x_peak:        0.725, y_peak:        0.115, r_peak:        0.050, sig:        5.404, ra_peak:      258.178, dec_peak:       30.112
Distance = 199.5 kpc (m-M = 21.5)
550152 objects left after isochrone cut...
Characteristic density = 9900.0 deg^-2
Characteristic density local = 9533.4 deg^-2 = 2.648 arcmin^-2
Fitting aperture to hotspot...
Candidate: x_peak:       -0.595, y_peak:        0.425, r_peak:        0.030, sig:        6.148, ra_peak:      256.650, dec_peak:       30.423
Characteristic density local = 10215.8 deg^-2 = 2.838 arcmin^-2
Fitting aperture to hotspot...
Candidate: x_peak:       -0.235, y_peak:       -0.815, r_peak:        0.040, sig:        4.947, ra_peak:      257.071, dec_peak:       29.185
Characteristic density local = 9900.0 deg^-2 = 2.750 arcmin^-2
Fitting aperture to hotspot...
Candidate: x_peak:        0.035, y_peak:        0.725, r_peak:        0.030, sig:        5.915, ra_peak:      257.381, dec_peak:       30.725
Characteristic density local = 10605.7 deg^-2 = 2.946 arcmin^-2
Fitting aperture to hotspot...
Candidate: x_peak:        0.105, y_peak:       -0.695, r_peak:        0.050, sig:        4.695, ra_peak:      257.460, dec_peak:       29.305
Characteristic density local = 10896.1 deg^-2 = 3.027 arcmin^-2
Fitting aperture to hotspot...
Candidate: x_peak:        0.195, y_peak:       -1.095, r_peak:        0.020, sig:        6.435, ra_peak:      257.563, dec_peak:       28.905
Characteristic density local = 10713.1 deg^-2 = 2.976 arcmin^-2
Fitting aperture to hotspot...
Candidate: x_peak:        0.245, y_peak:       -0.835, r_peak:        0.020, sig:        8.421, ra_peak:      257.621, dec_peak:       29.165
Characteristic density local = 9900.0 deg^-2 = 2.750 arcmin^-2
Fitting aperture to hotspot...
Candidate: x_peak:        0.385, y_peak:        0.945, r_peak:        0.030, sig:        7.696, ra_peak:      257.789, dec_peak:       30.944
Characteristic density local = 9869.6 deg^-2 = 2.742 arcmin^-2
Fitting aperture to hotspot...
Candidate: x_peak:        0.725, y_peak:        0.115, r_peak:        0.050, sig:        5.683, ra_peak:      258.178, dec_peak:       30.112
Distance = 251.2 kpc (m-M = 22.0)
535968 objects left after isochrone cut...
Characteristic density = 9300.0 deg^-2
Characteristic density local = 8972.4 deg^-2 = 2.492 arcmin^-2
Fitting aperture to hotspot...
Candidate: x_peak:       -0.595, y_peak:        0.425, r_peak:        0.030, sig:        6.373, ra_peak:      256.650, dec_peak:       30.423
Characteristic density local = 9607.0 deg^-2 = 2.669 arcmin^-2
Fitting aperture to hotspot...
Candidate: x_peak:       -0.235, y_peak:       -0.805, r_peak:        0.020, sig:        5.293, ra_peak:      257.071, dec_peak:       29.195
Characteristic density local = 10006.9 deg^-2 = 2.780 arcmin^-2
Fitting aperture to hotspot...
Candidate: x_peak:        0.105, y_peak:       -0.695, r_peak:        0.050, sig:        5.073, ra_peak:      257.460, dec_peak:       29.305
Characteristic density local = 10349.1 deg^-2 = 2.875 arcmin^-2
Fitting aperture to hotspot...
Candidate: x_peak:        0.185, y_peak:       -1.085, r_peak:        0.040, sig:        5.525, ra_peak:      257.551, dec_peak:       28.915
Characteristic density local = 10108.3 deg^-2 = 2.808 arcmin^-2
Fitting aperture to hotspot...
Candidate: x_peak:        0.245, y_peak:       -0.835, r_peak:        0.020, sig:        8.536, ra_peak:      257.621, dec_peak:       29.165
Characteristic density local = 9300.0 deg^-2 = 2.583 arcmin^-2
Fitting aperture to hotspot...
Candidate: x_peak:        0.385, y_peak:        0.945, r_peak:        0.030, sig:        7.962, ra_peak:      257.789, dec_peak:       30.944
Characteristic density local = 9318.5 deg^-2 = 2.588 arcmin^-2
Fitting aperture to hotspot...
Candidate: x_peak:        0.725, y_peak:        0.115, r_peak:        0.050, sig:        5.562, ra_peak:      258.178, dec_peak:       30.112
Distance = 316.2 kpc (m-M = 22.5)
519825 objects left after isochrone cut...
Characteristic density = 8700.0 deg^-2
Characteristic density local = 8335.7 deg^-2 = 2.315 arcmin^-2
Fitting aperture to hotspot...
Candidate: x_peak:       -0.595, y_peak:        0.425, r_peak:        0.030, sig:        6.665, ra_peak:      256.650, dec_peak:       30.423
Characteristic density local = 8990.3 deg^-2 = 2.497 arcmin^-2
Fitting aperture to hotspot...
Candidate: x_peak:       -0.235, y_peak:       -0.805, r_peak:        0.020, sig:        5.574, ra_peak:      257.071, dec_peak:       29.195
Characteristic density local = 9330.5 deg^-2 = 2.592 arcmin^-2
Fitting aperture to hotspot...
Candidate: x_peak:        0.105, y_peak:       -0.695, r_peak:        0.050, sig:        4.961, ra_peak:      257.460, dec_peak:       29.305
Characteristic density local = 9692.5 deg^-2 = 2.692 arcmin^-2
Fitting aperture to hotspot...
Candidate: x_peak:        0.185, y_peak:       -1.085, r_peak:        0.040, sig:        5.478, ra_peak:      257.551, dec_peak:       28.915
Characteristic density local = 9392.1 deg^-2 = 2.609 arcmin^-2
Fitting aperture to hotspot...
Candidate: x_peak:        0.245, y_peak:       -0.835, r_peak:        0.020, sig:        8.886, ra_peak:      257.621, dec_peak:       29.165
Characteristic density local = 8700.0 deg^-2 = 2.417 arcmin^-2
Fitting aperture to hotspot...
Candidate: x_peak:        0.385, y_peak:        0.945, r_peak:        0.040, sig:        8.246, ra_peak:      257.789, dec_peak:       30.944
Characteristic density local = 8672.0 deg^-2 = 2.409 arcmin^-2
Fitting aperture to hotspot...
Candidate: x_peak:        0.715, y_peak:        0.115, r_peak:        0.050, sig:        6.331, ra_peak:      258.167, dec_peak:       30.112
Distance = 398.1 kpc (m-M = 23.0)
501062 objects left after isochrone cut...
Characteristic density = 7900.0 deg^-2
Characteristic density local = 7603.6 deg^-2 = 2.112 arcmin^-2
Fitting aperture to hotspot...
Candidate: x_peak:       -0.595, y_peak:        0.425, r_peak:        0.030, sig:        7.049, ra_peak:      256.650, dec_peak:       30.423
Characteristic density local = 7997.5 deg^-2 = 2.222 arcmin^-2
Fitting aperture to hotspot...
Candidate: x_peak:       -0.405, y_peak:       -0.225, r_peak:        0.050, sig:        4.710, ra_peak:      256.873, dec_peak:       29.774
Characteristic density local = 7900.0 deg^-2 = 2.194 arcmin^-2
Fitting aperture to hotspot...
Candidate: x_peak:        0.035, y_peak:        0.725, r_peak:        0.030, sig:        6.227, ra_peak:      257.381, dec_peak:       30.725
Characteristic density local = 8508.8 deg^-2 = 2.364 arcmin^-2
Fitting aperture to hotspot...
Candidate: x_peak:        0.105, y_peak:       -0.695, r_peak:        0.050, sig:        5.102, ra_peak:      257.460, dec_peak:       29.305
Characteristic density local = 8954.5 deg^-2 = 2.487 arcmin^-2
Fitting aperture to hotspot...
Candidate: x_peak:        0.185, y_peak:       -1.085, r_peak:        0.040, sig:        5.621, ra_peak:      257.551, dec_peak:       28.915
Characteristic density local = 8594.4 deg^-2 = 2.387 arcmin^-2
Fitting aperture to hotspot...
Candidate: x_peak:        0.245, y_peak:       -0.835, r_peak:        0.020, sig:        8.953, ra_peak:      257.621, dec_peak:       29.165
Characteristic density local = 7900.0 deg^-2 = 2.194 arcmin^-2
Fitting aperture to hotspot...
Candidate: x_peak:        0.385, y_peak:        0.945, r_peak:        0.040, sig:        8.659, ra_peak:      257.789, dec_peak:       30.944
Characteristic density local = 7985.6 deg^-2 = 2.218 arcmin^-2
Fitting aperture to hotspot...
Candidate: x_peak:        0.725, y_peak:        0.115, r_peak:        0.050, sig:        5.976, ra_peak:      258.178, dec_peak:       30.112
Characteristic density local = 8413.3 deg^-2 = 2.337 arcmin^-2
Fitting aperture to hotspot...
Candidate: x_peak:        0.735, y_peak:       -0.075, r_peak:        0.030, sig:        5.562, ra_peak:      258.188, dec_peak:       29.922
9.27 sigma; (RA, Dec, d) = (257.45, 30.60); r = 0.25 deg; d = 79.4, mu = 19.50 mag), mc_source_id: 0.00
8.95 sigma; (RA, Dec, d) = (257.62, 29.16); r = 0.02 deg; d = 398.1, mu = 23.00 mag), mc_source_id: 0.00
8.66 sigma; (RA, Dec, d) = (257.79, 30.94); r = 0.04 deg; d = 398.1, mu = 23.00 mag), mc_source_id: 0.00
7.05 sigma; (RA, Dec, d) = (256.65, 30.42); r = 0.03 deg; d = 398.1, mu = 23.00 mag), mc_source_id: 0.00
6.44 sigma; (RA, Dec, d) = (257.56, 28.90); r = 0.02 deg; d = 199.5, mu = 21.50 mag), mc_source_id: 0.00
6.33 sigma; (RA, Dec, d) = (258.17, 30.11); r = 0.05 deg; d = 316.2, mu = 22.50 mag), mc_source_id: 0.00
5.76 sigma; (RA, Dec, d) = (257.74, 30.43); r = 0.05 deg; d = 158.5, mu = 21.00 mag), mc_source_id: 0.00
5.66 sigma; (RA, Dec, d) = (258.63, 29.95); r = 0.09 deg; d = 50.1, mu = 18.50 mag), mc_source_id: 0.00
5.57 sigma; (RA, Dec, d) = (257.07, 29.19); r = 0.02 deg; d = 316.2, mu = 22.50 mag), mc_source_id: 0.00
5.56 sigma; (RA, Dec, d) = (258.19, 29.92); r = 0.03 deg; d = 398.1, mu = 23.00 mag), mc_source_id: 0.00
5.32 sigma; (RA, Dec, d) = (257.09, 30.14); r = 0.05 deg; d = 79.4, mu = 19.50 mag), mc_source_id: 0.00
5.10 sigma; (RA, Dec, d) = (257.46, 29.30); r = 0.05 deg; d = 398.1, mu = 23.00 mag), mc_source_id: 0.00
4.71 sigma; (RA, Dec, d) = (256.87, 29.77); r = 0.05 deg; d = 398.1, mu = 23.00 mag), mc_source_id: 0.00

------------------------------------------------------------
Job <678917.0> was submitted from <des51.fnal.gov> by user <tavangar>.
Job was executed on host <des40.fnal.gov> as user <tavangar>.
</var/lib/condor/execute/dir_1646673> was used as the initial working directory.
Results reported at Wed Jun  5 01:53:42 CDT 2019

Your job looked like:

------------------------------------------------------------
python /home/s1/tavangar/tavangar_simple/search_algorithm.py 257.34 30.00 0.00 /home/s1/tavangar/tavangar_simple/decals_dr7_results/results_nside_32_3099.csv /home/s1/tavangar/tavangar_simple/decals_dr7_results/decals_dr7_log/results_nside_32_3099.log
------------------------------------------------------------

Successfully completed.

Resource usage summary:

	Real time :			278.69 sec.
	CPU time :			5.78 sec.
	CPU percentage :		77%
	Max Memory :			3720704 KB
	Average Memory :		0 KB

The output (if any) is above this job summary.
