/home/s1/tavangar/tavangar_simple/simple_utils.py:170: FutureWarning: elementwise comparison failed; returning scalar instead, but in the future will perform elementwise comparison
  if np.all(isochrone.stage == 'Main'):
Search coordinates: (RA, Dec) = (171.56, 18.21)
Center healpixel: 4221
Healpixels: [4221 4348 4220 4092 3965 4093 4222 4349 4477]
MC_SOURCE_ID = 0.0
mode = 0: running only on real data
Found 1 objects...
Applying cuts...
689746 star-like objects in ROI...
1146946 galaxy-like objects in ROI...
No fracdet map specified ...
Distance = 15.8 kpc (m-M = 16.0)
689730 objects left after isochrone cut...
Characteristic density = 4600.0 deg^-2
Characteristic density local = 4848.3 deg^-2 = 1.347 arcmin^-2
Fitting aperture to hotspot...
Candidate: x_peak:       -1.055, y_peak:       -0.015, r_peak:        0.020, sig:        9.038, ra_peak:      170.449, dec_peak:       18.192
Characteristic density local = 4697.1 deg^-2 = 1.305 arcmin^-2
Fitting aperture to hotspot...
Candidate: x_peak:       -0.825, y_peak:       -0.135, r_peak:        0.030, sig:        4.279, ra_peak:      170.692, dec_peak:       18.073
Characteristic density local = 4907.9 deg^-2 = 1.363 arcmin^-2
Fitting aperture to hotspot...
Candidate: x_peak:       -0.665, y_peak:        0.045, r_peak:        0.020, sig:        4.852, ra_peak:      170.860, dec_peak:       18.254
Characteristic density local = 4814.4 deg^-2 = 1.337 arcmin^-2
Fitting aperture to hotspot...
Candidate: x_peak:       -0.415, y_peak:       -0.855, r_peak:        0.040, sig:       10.710, ra_peak:      171.125, dec_peak:       17.355
Characteristic density local = 4661.3 deg^-2 = 1.295 arcmin^-2
Fitting aperture to hotspot...
Candidate: x_peak:       -0.315, y_peak:       -0.095, r_peak:        0.030, sig:        5.303, ra_peak:      171.229, dec_peak:       18.115
Characteristic density local = 4569.7 deg^-2 = 1.269 arcmin^-2
Fitting aperture to hotspot...
Candidate: x_peak:        0.995, y_peak:        0.205, r_peak:        0.030, sig:       23.460, ra_peak:      172.609, dec_peak:       18.412
Distance = 20.0 kpc (m-M = 16.5)
689738 objects left after isochrone cut...
Characteristic density = 4600.0 deg^-2
Characteristic density local = 4848.3 deg^-2 = 1.347 arcmin^-2
Fitting aperture to hotspot...
Candidate: x_peak:       -1.055, y_peak:       -0.015, r_peak:        0.020, sig:        9.038, ra_peak:      170.449, dec_peak:       18.192
Characteristic density local = 4697.1 deg^-2 = 1.305 arcmin^-2
Fitting aperture to hotspot...
Candidate: x_peak:       -0.825, y_peak:       -0.135, r_peak:        0.030, sig:        4.279, ra_peak:      170.692, dec_peak:       18.073
Characteristic density local = 4907.9 deg^-2 = 1.363 arcmin^-2
Fitting aperture to hotspot...
Candidate: x_peak:       -0.665, y_peak:        0.045, r_peak:        0.020, sig:        4.852, ra_peak:      170.860, dec_peak:       18.254
Characteristic density local = 4814.4 deg^-2 = 1.337 arcmin^-2
Fitting aperture to hotspot...
Candidate: x_peak:       -0.415, y_peak:       -0.855, r_peak:        0.040, sig:       10.710, ra_peak:      171.125, dec_peak:       17.355
Characteristic density local = 4661.3 deg^-2 = 1.295 arcmin^-2
Fitting aperture to hotspot...
Candidate: x_peak:       -0.315, y_peak:       -0.095, r_peak:        0.030, sig:        5.303, ra_peak:      171.229, dec_peak:       18.115
Characteristic density local = 4569.7 deg^-2 = 1.269 arcmin^-2
Fitting aperture to hotspot...
Candidate: x_peak:        0.995, y_peak:        0.205, r_peak:        0.030, sig:       23.460, ra_peak:      172.609, dec_peak:       18.412
Distance = 25.1 kpc (m-M = 17.0)
689743 objects left after isochrone cut...
Characteristic density = 4600.0 deg^-2
Characteristic density local = 4848.3 deg^-2 = 1.347 arcmin^-2
Fitting aperture to hotspot...
Candidate: x_peak:       -1.055, y_peak:       -0.015, r_peak:        0.020, sig:        9.038, ra_peak:      170.449, dec_peak:       18.192
Characteristic density local = 4697.1 deg^-2 = 1.305 arcmin^-2
Fitting aperture to hotspot...
Candidate: x_peak:       -0.825, y_peak:       -0.135, r_peak:        0.030, sig:        4.279, ra_peak:      170.692, dec_peak:       18.073
Characteristic density local = 4907.9 deg^-2 = 1.363 arcmin^-2
Fitting aperture to hotspot...
Candidate: x_peak:       -0.665, y_peak:        0.045, r_peak:        0.020, sig:        4.852, ra_peak:      170.860, dec_peak:       18.254
Characteristic density local = 4814.4 deg^-2 = 1.337 arcmin^-2
Fitting aperture to hotspot...
Candidate: x_peak:       -0.415, y_peak:       -0.855, r_peak:        0.040, sig:       10.710, ra_peak:      171.125, dec_peak:       17.355
Characteristic density local = 4661.3 deg^-2 = 1.295 arcmin^-2
Fitting aperture to hotspot...
Candidate: x_peak:       -0.315, y_peak:       -0.095, r_peak:        0.030, sig:        5.303, ra_peak:      171.229, dec_peak:       18.115
Characteristic density local = 4569.7 deg^-2 = 1.269 arcmin^-2
Fitting aperture to hotspot...
Candidate: x_peak:        0.995, y_peak:        0.205, r_peak:        0.030, sig:       23.460, ra_peak:      172.609, dec_peak:       18.412
Distance = 31.6 kpc (m-M = 17.5)
689744 objects left after isochrone cut...
Characteristic density = 4600.0 deg^-2
Characteristic density local = 4848.3 deg^-2 = 1.347 arcmin^-2
Fitting aperture to hotspot...
Candidate: x_peak:       -1.055, y_peak:       -0.015, r_peak:        0.020, sig:        9.038, ra_peak:      170.449, dec_peak:       18.192
Characteristic density local = 4697.1 deg^-2 = 1.305 arcmin^-2
Fitting aperture to hotspot...
Candidate: x_peak:       -0.825, y_peak:       -0.135, r_peak:        0.030, sig:        4.279, ra_peak:      170.692, dec_peak:       18.073
Characteristic density local = 4907.9 deg^-2 = 1.363 arcmin^-2
Fitting aperture to hotspot...
Candidate: x_peak:       -0.665, y_peak:        0.045, r_peak:        0.020, sig:        4.852, ra_peak:      170.860, dec_peak:       18.254
Characteristic density local = 4814.4 deg^-2 = 1.337 arcmin^-2
Fitting aperture to hotspot...
Candidate: x_peak:       -0.415, y_peak:       -0.855, r_peak:        0.040, sig:       10.710, ra_peak:      171.125, dec_peak:       17.355
Characteristic density local = 4661.3 deg^-2 = 1.295 arcmin^-2
Fitting aperture to hotspot...
Candidate: x_peak:       -0.315, y_peak:       -0.095, r_peak:        0.030, sig:        5.303, ra_peak:      171.229, dec_peak:       18.115
Characteristic density local = 4569.7 deg^-2 = 1.269 arcmin^-2
Fitting aperture to hotspot...
Candidate: x_peak:        0.995, y_peak:        0.205, r_peak:        0.030, sig:       23.460, ra_peak:      172.609, dec_peak:       18.412
Distance = 39.8 kpc (m-M = 18.0)
689733 objects left after isochrone cut...
Characteristic density = 4600.0 deg^-2
Characteristic density local = 4848.3 deg^-2 = 1.347 arcmin^-2
Fitting aperture to hotspot...
Candidate: x_peak:       -1.055, y_peak:       -0.015, r_peak:        0.020, sig:        9.038, ra_peak:      170.449, dec_peak:       18.192
Characteristic density local = 4695.1 deg^-2 = 1.304 arcmin^-2
Fitting aperture to hotspot...
Candidate: x_peak:       -0.825, y_peak:       -0.135, r_peak:        0.030, sig:        4.280, ra_peak:      170.692, dec_peak:       18.073
Characteristic density local = 4906.0 deg^-2 = 1.363 arcmin^-2
Fitting aperture to hotspot...
Candidate: x_peak:       -0.665, y_peak:        0.045, r_peak:        0.020, sig:        4.853, ra_peak:      170.860, dec_peak:       18.254
Characteristic density local = 4814.4 deg^-2 = 1.337 arcmin^-2
Fitting aperture to hotspot...
Candidate: x_peak:       -0.415, y_peak:       -0.855, r_peak:        0.040, sig:       10.710, ra_peak:      171.125, dec_peak:       17.355
Characteristic density local = 4661.3 deg^-2 = 1.295 arcmin^-2
Fitting aperture to hotspot...
Candidate: x_peak:       -0.315, y_peak:       -0.095, r_peak:        0.030, sig:        5.303, ra_peak:      171.229, dec_peak:       18.115
Characteristic density local = 4569.7 deg^-2 = 1.269 arcmin^-2
Fitting aperture to hotspot...
Candidate: x_peak:        0.995, y_peak:        0.205, r_peak:        0.030, sig:       23.460, ra_peak:      172.609, dec_peak:       18.412
Distance = 50.1 kpc (m-M = 18.5)
689248 objects left after isochrone cut...
Characteristic density = 4600.0 deg^-2
Characteristic density local = 4822.4 deg^-2 = 1.340 arcmin^-2
Fitting aperture to hotspot...
Candidate: x_peak:       -1.055, y_peak:       -0.015, r_peak:        0.020, sig:        9.057, ra_peak:      170.449, dec_peak:       18.192
Characteristic density local = 4673.2 deg^-2 = 1.298 arcmin^-2
Fitting aperture to hotspot...
Candidate: x_peak:       -0.825, y_peak:       -0.135, r_peak:        0.030, sig:        4.300, ra_peak:      170.692, dec_peak:       18.073
Characteristic density local = 4884.1 deg^-2 = 1.357 arcmin^-2
Fitting aperture to hotspot...
Candidate: x_peak:       -0.665, y_peak:        0.045, r_peak:        0.020, sig:        4.867, ra_peak:      170.860, dec_peak:       18.254
Characteristic density local = 4814.4 deg^-2 = 1.337 arcmin^-2
Fitting aperture to hotspot...
Candidate: x_peak:       -0.415, y_peak:       -0.855, r_peak:        0.040, sig:       10.710, ra_peak:      171.125, dec_peak:       17.355
Characteristic density local = 4647.3 deg^-2 = 1.291 arcmin^-2
Fitting aperture to hotspot...
Candidate: x_peak:       -0.315, y_peak:       -0.095, r_peak:        0.030, sig:        5.316, ra_peak:      171.229, dec_peak:       18.115
Characteristic density local = 4563.8 deg^-2 = 1.268 arcmin^-2
Fitting aperture to hotspot...
Candidate: x_peak:        0.995, y_peak:        0.205, r_peak:        0.030, sig:       23.469, ra_peak:      172.609, dec_peak:       18.412
Distance = 63.1 kpc (m-M = 19.0)
687860 objects left after isochrone cut...
Characteristic density = 4500.0 deg^-2
Characteristic density local = 4764.7 deg^-2 = 1.324 arcmin^-2
Fitting aperture to hotspot...
Candidate: x_peak:       -1.055, y_peak:       -0.015, r_peak:        0.020, sig:        9.102, ra_peak:      170.449, dec_peak:       18.192
Characteristic density local = 4629.4 deg^-2 = 1.286 arcmin^-2
Fitting aperture to hotspot...
Candidate: x_peak:       -0.825, y_peak:       -0.135, r_peak:        0.030, sig:        4.341, ra_peak:      170.692, dec_peak:       18.073
Characteristic density local = 4824.4 deg^-2 = 1.340 arcmin^-2
Fitting aperture to hotspot...
Candidate: x_peak:       -0.665, y_peak:        0.045, r_peak:        0.020, sig:        4.907, ra_peak:      170.860, dec_peak:       18.254
Characteristic density local = 4788.6 deg^-2 = 1.330 arcmin^-2
Fitting aperture to hotspot...
Candidate: x_peak:       -0.415, y_peak:       -0.855, r_peak:        0.040, sig:       10.745, ra_peak:      171.125, dec_peak:       17.355
Characteristic density local = 4601.6 deg^-2 = 1.278 arcmin^-2
Fitting aperture to hotspot...
Candidate: x_peak:       -0.315, y_peak:       -0.095, r_peak:        0.030, sig:        5.360, ra_peak:      171.229, dec_peak:       18.115
Characteristic density local = 4528.0 deg^-2 = 1.258 arcmin^-2
Fitting aperture to hotspot...
Candidate: x_peak:        0.995, y_peak:        0.205, r_peak:        0.030, sig:       23.521, ra_peak:      172.609, dec_peak:       18.412
Distance = 79.4 kpc (m-M = 19.5)
686068 objects left after isochrone cut...
Characteristic density = 4500.0 deg^-2
Characteristic density local = 4699.0 deg^-2 = 1.305 arcmin^-2
Fitting aperture to hotspot...
Candidate: x_peak:       -1.055, y_peak:       -0.015, r_peak:        0.020, sig:        9.154, ra_peak:      170.449, dec_peak:       18.192
Characteristic density local = 4571.7 deg^-2 = 1.270 arcmin^-2
Fitting aperture to hotspot...
Candidate: x_peak:       -0.825, y_peak:       -0.135, r_peak:        0.030, sig:        4.395, ra_peak:      170.692, dec_peak:       18.073
Characteristic density local = 4758.7 deg^-2 = 1.322 arcmin^-2
Fitting aperture to hotspot...
Candidate: x_peak:       -0.665, y_peak:        0.045, r_peak:        0.020, sig:        4.951, ra_peak:      170.860, dec_peak:       18.254
Characteristic density local = 4734.9 deg^-2 = 1.315 arcmin^-2
Fitting aperture to hotspot...
Candidate: x_peak:       -0.415, y_peak:       -0.855, r_peak:        0.040, sig:       10.818, ra_peak:      171.125, dec_peak:       17.355
Characteristic density local = 4535.9 deg^-2 = 1.260 arcmin^-2
Fitting aperture to hotspot...
Candidate: x_peak:       -0.315, y_peak:       -0.095, r_peak:        0.030, sig:        5.424, ra_peak:      171.229, dec_peak:       18.115
Characteristic density local = 4462.3 deg^-2 = 1.240 arcmin^-2
Fitting aperture to hotspot...
Candidate: x_peak:        0.995, y_peak:        0.205, r_peak:        0.030, sig:       23.507, ra_peak:      172.609, dec_peak:       18.412
Distance = 100.0 kpc (m-M = 20.0)
683838 objects left after isochrone cut...
Characteristic density = 4400.0 deg^-2
Characteristic density local = 4625.4 deg^-2 = 1.285 arcmin^-2
Fitting aperture to hotspot...
Candidate: x_peak:       -1.055, y_peak:       -0.015, r_peak:        0.020, sig:        9.212, ra_peak:      170.449, dec_peak:       18.192
Characteristic density local = 4510.1 deg^-2 = 1.253 arcmin^-2
Fitting aperture to hotspot...
Candidate: x_peak:       -0.825, y_peak:       -0.135, r_peak:        0.030, sig:        4.247, ra_peak:      170.692, dec_peak:       18.073
Characteristic density local = 4699.0 deg^-2 = 1.305 arcmin^-2
Fitting aperture to hotspot...
Candidate: x_peak:       -0.665, y_peak:        0.045, r_peak:        0.020, sig:        4.991, ra_peak:      170.860, dec_peak:       18.254
Characteristic density local = 4661.3 deg^-2 = 1.295 arcmin^-2
Fitting aperture to hotspot...
Candidate: x_peak:       -0.415, y_peak:       -0.855, r_peak:        0.040, sig:       10.792, ra_peak:      171.125, dec_peak:       17.355
Characteristic density local = 4458.3 deg^-2 = 1.238 arcmin^-2
Fitting aperture to hotspot...
Candidate: x_peak:       -0.315, y_peak:       -0.095, r_peak:        0.030, sig:        5.304, ra_peak:      171.229, dec_peak:       18.115
Characteristic density local = 4718.9 deg^-2 = 1.311 arcmin^-2
Fitting aperture to hotspot...
Candidate: x_peak:        0.085, y_peak:       -1.175, r_peak:        0.050, sig:        3.270, ra_peak:      171.649, dec_peak:       17.035
Characteristic density local = 4416.5 deg^-2 = 1.227 arcmin^-2
Fitting aperture to hotspot...
Candidate: x_peak:        0.995, y_peak:        0.205, r_peak:        0.030, sig:       23.575, ra_peak:      172.609, dec_peak:       18.412
Distance = 125.9 kpc (m-M = 20.5)
681193 objects left after isochrone cut...
Characteristic density = 4300.0 deg^-2
Characteristic density local = 4565.8 deg^-2 = 1.268 arcmin^-2
Fitting aperture to hotspot...
Candidate: x_peak:       -1.055, y_peak:       -0.015, r_peak:        0.020, sig:        9.260, ra_peak:      170.449, dec_peak:       18.192
Characteristic density local = 4456.3 deg^-2 = 1.238 arcmin^-2
Fitting aperture to hotspot...
Candidate: x_peak:       -0.825, y_peak:       -0.135, r_peak:        0.030, sig:        4.297, ra_peak:      170.692, dec_peak:       18.073
Characteristic density local = 4629.4 deg^-2 = 1.286 arcmin^-2
Fitting aperture to hotspot...
Candidate: x_peak:       -0.665, y_peak:        0.045, r_peak:        0.020, sig:        4.774, ra_peak:      170.860, dec_peak:       18.254
Characteristic density local = 4575.7 deg^-2 = 1.271 arcmin^-2
Fitting aperture to hotspot...
Candidate: x_peak:       -0.415, y_peak:       -0.855, r_peak:        0.040, sig:       10.911, ra_peak:      171.125, dec_peak:       17.355
Characteristic density local = 4362.8 deg^-2 = 1.212 arcmin^-2
Fitting aperture to hotspot...
Candidate: x_peak:       -0.315, y_peak:       -0.095, r_peak:        0.030, sig:        5.200, ra_peak:      171.229, dec_peak:       18.115
Characteristic density local = 4643.3 deg^-2 = 1.290 arcmin^-2
Fitting aperture to hotspot...
Candidate: x_peak:        0.085, y_peak:       -1.175, r_peak:        0.050, sig:        3.235, ra_peak:      171.649, dec_peak:       17.035
Characteristic density local = 4639.4 deg^-2 = 1.289 arcmin^-2
Fitting aperture to hotspot...
Candidate: x_peak:        0.095, y_peak:       -1.165, r_peak:        0.050, sig:        2.955, ra_peak:      171.659, dec_peak:       17.045
Characteristic density local = 4203.7 deg^-2 = 1.168 arcmin^-2
Fitting aperture to hotspot...
Candidate: x_peak:        0.855, y_peak:        0.195, r_peak:        0.160, sig:        7.673, ra_peak:      172.461, dec_peak:       18.403
Characteristic density local = 4331.0 deg^-2 = 1.203 arcmin^-2
Fitting aperture to hotspot...
Candidate: x_peak:        0.995, y_peak:        0.205, r_peak:        0.030, sig:       23.702, ra_peak:      172.609, dec_peak:       18.412
Distance = 158.5 kpc (m-M = 21.0)
678085 objects left after isochrone cut...
Characteristic density = 4200.0 deg^-2
Characteristic density local = 4466.3 deg^-2 = 1.241 arcmin^-2
Fitting aperture to hotspot...
Candidate: x_peak:       -1.055, y_peak:       -0.015, r_peak:        0.020, sig:        9.340, ra_peak:      170.449, dec_peak:       18.192
Characteristic density local = 4376.8 deg^-2 = 1.216 arcmin^-2
Fitting aperture to hotspot...
Candidate: x_peak:       -0.825, y_peak:       -0.135, r_peak:        0.030, sig:        4.164, ra_peak:      170.692, dec_peak:       18.073
Characteristic density local = 4458.3 deg^-2 = 1.238 arcmin^-2
Fitting aperture to hotspot...
Candidate: x_peak:       -0.805, y_peak:       -0.485, r_peak:        0.030, sig:        3.226, ra_peak:      170.715, dec_peak:       17.723
Characteristic density local = 4514.0 deg^-2 = 1.254 arcmin^-2
Fitting aperture to hotspot...
Candidate: x_peak:       -0.665, y_peak:        0.045, r_peak:        0.020, sig:        4.853, ra_peak:      170.860, dec_peak:       18.254
Characteristic density local = 4448.4 deg^-2 = 1.236 arcmin^-2
Fitting aperture to hotspot...
Candidate: x_peak:       -0.415, y_peak:       -0.855, r_peak:        0.040, sig:       11.090, ra_peak:      171.125, dec_peak:       17.355
Characteristic density local = 4263.4 deg^-2 = 1.184 arcmin^-2
Fitting aperture to hotspot...
Candidate: x_peak:       -0.315, y_peak:       -0.095, r_peak:        0.030, sig:        4.895, ra_peak:      171.229, dec_peak:       18.115
Characteristic density local = 4518.0 deg^-2 = 1.255 arcmin^-2
Fitting aperture to hotspot...
Candidate: x_peak:        0.085, y_peak:       -1.175, r_peak:        0.050, sig:        3.271, ra_peak:      171.649, dec_peak:       17.035
Characteristic density local = 4118.1 deg^-2 = 1.144 arcmin^-2
Fitting aperture to hotspot...
Candidate: x_peak:        0.855, y_peak:        0.195, r_peak:        0.160, sig:        7.641, ra_peak:      172.461, dec_peak:       18.403
Characteristic density local = 4247.4 deg^-2 = 1.180 arcmin^-2
Fitting aperture to hotspot...
Candidate: x_peak:        0.995, y_peak:        0.205, r_peak:        0.030, sig:       23.829, ra_peak:      172.609, dec_peak:       18.412
Distance = 199.5 kpc (m-M = 21.5)
674347 objects left after isochrone cut...
Characteristic density = 4100.0 deg^-2
Characteristic density local = 4335.0 deg^-2 = 1.204 arcmin^-2
Fitting aperture to hotspot...
Candidate: x_peak:       -1.055, y_peak:       -0.015, r_peak:        0.020, sig:        9.449, ra_peak:      170.449, dec_peak:       18.192
Characteristic density local = 4257.4 deg^-2 = 1.183 arcmin^-2
Fitting aperture to hotspot...
Candidate: x_peak:       -0.825, y_peak:       -0.135, r_peak:        0.030, sig:        4.279, ra_peak:      170.692, dec_peak:       18.073
Characteristic density local = 4358.9 deg^-2 = 1.211 arcmin^-2
Fitting aperture to hotspot...
Candidate: x_peak:       -0.665, y_peak:        0.045, r_peak:        0.020, sig:        4.961, ra_peak:      170.860, dec_peak:       18.254
Characteristic density local = 4325.0 deg^-2 = 1.201 arcmin^-2
Fitting aperture to hotspot...
Candidate: x_peak:       -0.415, y_peak:       -0.855, r_peak:        0.040, sig:       11.139, ra_peak:      171.125, dec_peak:       17.355
Characteristic density local = 4152.0 deg^-2 = 1.153 arcmin^-2
Fitting aperture to hotspot...
Candidate: x_peak:       -0.315, y_peak:       -0.095, r_peak:        0.030, sig:        5.007, ra_peak:      171.229, dec_peak:       18.115
Characteristic density local = 4382.7 deg^-2 = 1.217 arcmin^-2
Fitting aperture to hotspot...
Candidate: x_peak:        0.085, y_peak:       -1.175, r_peak:        0.050, sig:        3.177, ra_peak:      171.649, dec_peak:       17.035
Characteristic density local = 4144.0 deg^-2 = 1.151 arcmin^-2
Fitting aperture to hotspot...
Candidate: x_peak:        0.995, y_peak:        0.205, r_peak:        0.030, sig:       23.989, ra_peak:      172.609, dec_peak:       18.412
Characteristic density local = 4245.5 deg^-2 = 1.179 arcmin^-2
Fitting aperture to hotspot...
Candidate: x_peak:        1.125, y_peak:        0.025, r_peak:        0.020, sig:        4.770, ra_peak:      172.744, dec_peak:       18.231
Distance = 251.2 kpc (m-M = 22.0)
669887 objects left after isochrone cut...
Characteristic density = 3900.0 deg^-2
Characteristic density local = 4179.8 deg^-2 = 1.161 arcmin^-2
Fitting aperture to hotspot...
Candidate: x_peak:       -1.055, y_peak:       -0.015, r_peak:        0.020, sig:        9.581, ra_peak:      170.449, dec_peak:       18.192
Characteristic density local = 4092.3 deg^-2 = 1.137 arcmin^-2
Fitting aperture to hotspot...
Candidate: x_peak:       -0.825, y_peak:       -0.135, r_peak:        0.030, sig:        4.228, ra_peak:      170.692, dec_peak:       18.073
Characteristic density local = 4207.7 deg^-2 = 1.169 arcmin^-2
Fitting aperture to hotspot...
Candidate: x_peak:       -0.665, y_peak:        0.045, r_peak:        0.020, sig:        5.069, ra_peak:      170.860, dec_peak:       18.254
Characteristic density local = 4163.9 deg^-2 = 1.157 arcmin^-2
Fitting aperture to hotspot...
Candidate: x_peak:       -0.425, y_peak:       -0.845, r_peak:        0.040, sig:       11.116, ra_peak:      171.115, dec_peak:       17.364
Characteristic density local = 3992.8 deg^-2 = 1.109 arcmin^-2
Fitting aperture to hotspot...
Candidate: x_peak:        0.995, y_peak:        0.205, r_peak:        0.030, sig:       24.117, ra_peak:      172.609, dec_peak:       18.412
Characteristic density local = 4094.3 deg^-2 = 1.137 arcmin^-2
Fitting aperture to hotspot...
Candidate: x_peak:        1.125, y_peak:        0.025, r_peak:        0.020, sig:        4.879, ra_peak:      172.744, dec_peak:       18.231
Distance = 316.2 kpc (m-M = 22.5)
664411 objects left after isochrone cut...
Characteristic density = 3700.0 deg^-2
Characteristic density local = 4016.7 deg^-2 = 1.116 arcmin^-2
Fitting aperture to hotspot...
Candidate: x_peak:       -1.065, y_peak:       -0.015, r_peak:        0.040, sig:        8.872, ra_peak:      170.439, dec_peak:       18.192
Characteristic density local = 3887.4 deg^-2 = 1.080 arcmin^-2
Fitting aperture to hotspot...
Candidate: x_peak:       -0.825, y_peak:       -0.135, r_peak:        0.030, sig:        4.434, ra_peak:      170.692, dec_peak:       18.073
Characteristic density local = 4018.7 deg^-2 = 1.116 arcmin^-2
Fitting aperture to hotspot...
Candidate: x_peak:       -0.665, y_peak:        0.045, r_peak:        0.020, sig:        5.208, ra_peak:      170.860, dec_peak:       18.254
Characteristic density local = 4012.7 deg^-2 = 1.115 arcmin^-2
Fitting aperture to hotspot...
Candidate: x_peak:       -0.425, y_peak:       -0.845, r_peak:        0.040, sig:       11.344, ra_peak:      171.115, dec_peak:       17.364
Characteristic density local = 3787.9 deg^-2 = 1.052 arcmin^-2
Fitting aperture to hotspot...
Candidate: x_peak:       -0.315, y_peak:       -0.095, r_peak:        0.030, sig:        5.178, ra_peak:      171.229, dec_peak:       18.115
Characteristic density local = 3811.8 deg^-2 = 1.059 arcmin^-2
Fitting aperture to hotspot...
Candidate: x_peak:       -0.095, y_peak:        0.135, r_peak:        0.020, sig:        5.091, ra_peak:      171.460, dec_peak:       18.345
Characteristic density local = 3821.7 deg^-2 = 1.062 arcmin^-2
Fitting aperture to hotspot...
Candidate: x_peak:        0.995, y_peak:        0.205, r_peak:        0.030, sig:       24.285, ra_peak:      172.609, dec_peak:       18.412
Characteristic density local = 4018.7 deg^-2 = 1.116 arcmin^-2
Fitting aperture to hotspot...
Candidate: x_peak:        1.125, y_peak:        0.015, r_peak:        0.020, sig:        4.655, ra_peak:      172.744, dec_peak:       18.221
Distance = 398.1 kpc (m-M = 23.0)
657549 objects left after isochrone cut...
Characteristic density = 3500.0 deg^-2
Characteristic density local = 3750.1 deg^-2 = 1.042 arcmin^-2
Fitting aperture to hotspot...
Candidate: x_peak:       -1.055, y_peak:       -0.015, r_peak:        0.020, sig:        9.967, ra_peak:      170.449, dec_peak:       18.192
Characteristic density local = 3642.7 deg^-2 = 1.012 arcmin^-2
Fitting aperture to hotspot...
Candidate: x_peak:       -0.825, y_peak:       -0.135, r_peak:        0.030, sig:        4.472, ra_peak:      170.692, dec_peak:       18.073
Characteristic density local = 3768.0 deg^-2 = 1.047 arcmin^-2
Fitting aperture to hotspot...
Candidate: x_peak:       -0.655, y_peak:        0.045, r_peak:        0.030, sig:        4.559, ra_peak:      170.870, dec_peak:       18.254
Characteristic density local = 3764.0 deg^-2 = 1.046 arcmin^-2
Fitting aperture to hotspot...
Candidate: x_peak:       -0.425, y_peak:       -0.845, r_peak:        0.040, sig:       11.467, ra_peak:      171.115, dec_peak:       17.364
Characteristic density local = 3590.9 deg^-2 = 0.997 arcmin^-2
Fitting aperture to hotspot...
Candidate: x_peak:       -0.315, y_peak:       -0.095, r_peak:        0.030, sig:        5.393, ra_peak:      171.229, dec_peak:       18.115
Characteristic density local = 3616.8 deg^-2 = 1.005 arcmin^-2
Fitting aperture to hotspot...
Candidate: x_peak:        0.995, y_peak:        0.205, r_peak:        0.030, sig:       24.179, ra_peak:      172.609, dec_peak:       18.412
Characteristic density local = 3702.3 deg^-2 = 1.028 arcmin^-2
Fitting aperture to hotspot...
Candidate: x_peak:        1.125, y_peak:        0.025, r_peak:        0.020, sig:        5.176, ra_peak:      172.744, dec_peak:       18.231
24.28 sigma; (RA, Dec, d) = (172.61, 18.41); r = 0.03 deg; d = 316.2, mu = 22.50 mag), mc_source_id: 0.00
11.47 sigma; (RA, Dec, d) = (171.11, 17.36); r = 0.04 deg; d = 398.1, mu = 23.00 mag), mc_source_id: 0.00
9.97 sigma; (RA, Dec, d) = (170.45, 18.19); r = 0.02 deg; d = 398.1, mu = 23.00 mag), mc_source_id: 0.00
7.67 sigma; (RA, Dec, d) = (172.46, 18.40); r = 0.16 deg; d = 125.9, mu = 20.50 mag), mc_source_id: 0.00
5.42 sigma; (RA, Dec, d) = (171.23, 18.11); r = 0.03 deg; d = 79.4, mu = 19.50 mag), mc_source_id: 0.00
5.21 sigma; (RA, Dec, d) = (170.86, 18.25); r = 0.02 deg; d = 316.2, mu = 22.50 mag), mc_source_id: 0.00
5.18 sigma; (RA, Dec, d) = (172.74, 18.23); r = 0.02 deg; d = 398.1, mu = 23.00 mag), mc_source_id: 0.00
5.09 sigma; (RA, Dec, d) = (171.46, 18.34); r = 0.02 deg; d = 316.2, mu = 22.50 mag), mc_source_id: 0.00
4.47 sigma; (RA, Dec, d) = (170.69, 18.07); r = 0.03 deg; d = 398.1, mu = 23.00 mag), mc_source_id: 0.00
3.27 sigma; (RA, Dec, d) = (171.65, 17.03); r = 0.05 deg; d = 158.5, mu = 21.00 mag), mc_source_id: 0.00
3.23 sigma; (RA, Dec, d) = (170.71, 17.72); r = 0.03 deg; d = 158.5, mu = 21.00 mag), mc_source_id: 0.00

------------------------------------------------------------
Job <679642.0> was submitted from <des51.fnal.gov> by user <tavangar>.
Job was executed on host <des40.fnal.gov> as user <tavangar>.
</var/lib/condor/execute/dir_1777053> was used as the initial working directory.
Results reported at Wed Jun  5 05:29:30 CDT 2019

Your job looked like:

------------------------------------------------------------
python /home/s1/tavangar/tavangar_simple/search_algorithm.py 171.56 18.21 0.00 /home/s1/tavangar/tavangar_simple/decals_dr7_results/results_nside_32_4221.csv /home/s1/tavangar/tavangar_simple/decals_dr7_results/decals_dr7_log/results_nside_32_4221.log
------------------------------------------------------------

Successfully completed.

Resource usage summary:

	Real time :			736.12 sec.
	CPU time :			392.05 sec.
	CPU percentage :		90%
	Max Memory :			6385536 KB
	Average Memory :		0 KB

The output (if any) is above this job summary.
