/home/s1/tavangar/tavangar_simple/simple_utils.py:170: FutureWarning: elementwise comparison failed; returning scalar instead, but in the future will perform elementwise comparison
  if np.all(isochrone.stage == 'Main'):
Search coordinates: (RA, Dec) = (129.38, 28.63)
Center healpixel: 3182
Healpixels: [3182 3309 3181 3053 2926 3054 3183 3310 3438]
MC_SOURCE_ID = 0.0
mode = 0: running only on real data
Found 1 objects...
Applying cuts...
651673 star-like objects in ROI...
827916 galaxy-like objects in ROI...
No fracdet map specified ...
Distance = 15.8 kpc (m-M = 16.0)
651664 objects left after isochrone cut...
Characteristic density = 6100.0 deg^-2
Characteristic density local = 6427.9 deg^-2 = 1.786 arcmin^-2
Fitting aperture to hotspot...
Candidate: x_peak:       -0.655, y_peak:       -0.425, r_peak:        0.030, sig:        5.911, ra_peak:      128.637, dec_peak:       28.203
Characteristic density local = 6258.8 deg^-2 = 1.739 arcmin^-2
Fitting aperture to hotspot...
Candidate: x_peak:       -0.625, y_peak:       -0.185, r_peak:        0.020, sig:        9.232, ra_peak:      128.669, dec_peak:       28.443
Characteristic density local = 6475.6 deg^-2 = 1.799 arcmin^-2
Fitting aperture to hotspot...
Candidate: x_peak:       -0.245, y_peak:        0.075, r_peak:        0.020, sig:        7.922, ra_peak:      129.101, dec_peak:       28.705
Characteristic density local = 6069.8 deg^-2 = 1.686 arcmin^-2
Fitting aperture to hotspot...
Candidate: x_peak:       -0.215, y_peak:        0.315, r_peak:        0.020, sig:        8.775, ra_peak:      129.134, dec_peak:       28.945
Characteristic density local = 6394.0 deg^-2 = 1.776 arcmin^-2
Fitting aperture to hotspot...
Candidate: x_peak:       -0.035, y_peak:       -0.335, r_peak:        0.030, sig:       18.340, ra_peak:      129.340, dec_peak:       28.295
Characteristic density local = 6628.8 deg^-2 = 1.841 arcmin^-2
Fitting aperture to hotspot...
Candidate: x_peak:        0.385, y_peak:       -0.315, r_peak:        0.020, sig:        6.381, ra_peak:      129.817, dec_peak:       28.314
Characteristic density local = 6089.7 deg^-2 = 1.692 arcmin^-2
Fitting aperture to hotspot...
Candidate: x_peak:        0.505, y_peak:       -0.125, r_peak:        0.020, sig:        8.565, ra_peak:      129.955, dec_peak:       28.504
Characteristic density local = 5902.7 deg^-2 = 1.640 arcmin^-2
Fitting aperture to hotspot...
Candidate: x_peak:        0.995, y_peak:        0.255, r_peak:        0.040, sig:        5.550, ra_peak:      130.516, dec_peak:       28.880
Distance = 20.0 kpc (m-M = 16.5)
651668 objects left after isochrone cut...
Characteristic density = 6100.0 deg^-2
Characteristic density local = 6427.9 deg^-2 = 1.786 arcmin^-2
Fitting aperture to hotspot...
Candidate: x_peak:       -0.655, y_peak:       -0.425, r_peak:        0.030, sig:        5.911, ra_peak:      128.637, dec_peak:       28.203
Characteristic density local = 6258.8 deg^-2 = 1.739 arcmin^-2
Fitting aperture to hotspot...
Candidate: x_peak:       -0.625, y_peak:       -0.185, r_peak:        0.020, sig:        9.232, ra_peak:      128.669, dec_peak:       28.443
Characteristic density local = 6475.6 deg^-2 = 1.799 arcmin^-2
Fitting aperture to hotspot...
Candidate: x_peak:       -0.245, y_peak:        0.075, r_peak:        0.020, sig:        7.922, ra_peak:      129.101, dec_peak:       28.705
Characteristic density local = 6069.8 deg^-2 = 1.686 arcmin^-2
Fitting aperture to hotspot...
Candidate: x_peak:       -0.215, y_peak:        0.315, r_peak:        0.020, sig:        8.775, ra_peak:      129.134, dec_peak:       28.945
Characteristic density local = 6394.0 deg^-2 = 1.776 arcmin^-2
Fitting aperture to hotspot...
Candidate: x_peak:       -0.035, y_peak:       -0.335, r_peak:        0.030, sig:       18.340, ra_peak:      129.340, dec_peak:       28.295
Characteristic density local = 6628.8 deg^-2 = 1.841 arcmin^-2
Fitting aperture to hotspot...
Candidate: x_peak:        0.385, y_peak:       -0.315, r_peak:        0.020, sig:        6.381, ra_peak:      129.817, dec_peak:       28.314
Characteristic density local = 6089.7 deg^-2 = 1.692 arcmin^-2
Fitting aperture to hotspot...
Candidate: x_peak:        0.505, y_peak:       -0.125, r_peak:        0.020, sig:        8.565, ra_peak:      129.955, dec_peak:       28.504
Characteristic density local = 5902.7 deg^-2 = 1.640 arcmin^-2
Fitting aperture to hotspot...
Candidate: x_peak:        0.995, y_peak:        0.255, r_peak:        0.040, sig:        5.550, ra_peak:      130.516, dec_peak:       28.880
Distance = 25.1 kpc (m-M = 17.0)
651671 objects left after isochrone cut...
Characteristic density = 6100.0 deg^-2
Characteristic density local = 6427.9 deg^-2 = 1.786 arcmin^-2
Fitting aperture to hotspot...
Candidate: x_peak:       -0.655, y_peak:       -0.425, r_peak:        0.030, sig:        5.911, ra_peak:      128.637, dec_peak:       28.203
Characteristic density local = 6258.8 deg^-2 = 1.739 arcmin^-2
Fitting aperture to hotspot...
Candidate: x_peak:       -0.625, y_peak:       -0.185, r_peak:        0.020, sig:        9.232, ra_peak:      128.669, dec_peak:       28.443
Characteristic density local = 6475.6 deg^-2 = 1.799 arcmin^-2
Fitting aperture to hotspot...
Candidate: x_peak:       -0.245, y_peak:        0.075, r_peak:        0.020, sig:        7.922, ra_peak:      129.101, dec_peak:       28.705
Characteristic density local = 6069.8 deg^-2 = 1.686 arcmin^-2
Fitting aperture to hotspot...
Candidate: x_peak:       -0.215, y_peak:        0.315, r_peak:        0.020, sig:        8.775, ra_peak:      129.134, dec_peak:       28.945
Characteristic density local = 6394.0 deg^-2 = 1.776 arcmin^-2
Fitting aperture to hotspot...
Candidate: x_peak:       -0.035, y_peak:       -0.335, r_peak:        0.030, sig:       18.340, ra_peak:      129.340, dec_peak:       28.295
Characteristic density local = 6628.8 deg^-2 = 1.841 arcmin^-2
Fitting aperture to hotspot...
Candidate: x_peak:        0.385, y_peak:       -0.315, r_peak:        0.020, sig:        6.381, ra_peak:      129.817, dec_peak:       28.314
Characteristic density local = 6089.7 deg^-2 = 1.692 arcmin^-2
Fitting aperture to hotspot...
Candidate: x_peak:        0.505, y_peak:       -0.125, r_peak:        0.020, sig:        8.565, ra_peak:      129.955, dec_peak:       28.504
Characteristic density local = 5902.7 deg^-2 = 1.640 arcmin^-2
Fitting aperture to hotspot...
Candidate: x_peak:        0.995, y_peak:        0.255, r_peak:        0.040, sig:        5.550, ra_peak:      130.516, dec_peak:       28.880
Distance = 31.6 kpc (m-M = 17.5)
651672 objects left after isochrone cut...
Characteristic density = 6100.0 deg^-2
Characteristic density local = 6427.9 deg^-2 = 1.786 arcmin^-2
Fitting aperture to hotspot...
Candidate: x_peak:       -0.655, y_peak:       -0.425, r_peak:        0.030, sig:        5.911, ra_peak:      128.637, dec_peak:       28.203
Characteristic density local = 6258.8 deg^-2 = 1.739 arcmin^-2
Fitting aperture to hotspot...
Candidate: x_peak:       -0.625, y_peak:       -0.185, r_peak:        0.020, sig:        9.232, ra_peak:      128.669, dec_peak:       28.443
Characteristic density local = 6475.6 deg^-2 = 1.799 arcmin^-2
Fitting aperture to hotspot...
Candidate: x_peak:       -0.245, y_peak:        0.075, r_peak:        0.020, sig:        7.922, ra_peak:      129.101, dec_peak:       28.705
Characteristic density local = 6069.8 deg^-2 = 1.686 arcmin^-2
Fitting aperture to hotspot...
Candidate: x_peak:       -0.215, y_peak:        0.315, r_peak:        0.020, sig:        8.775, ra_peak:      129.134, dec_peak:       28.945
Characteristic density local = 6394.0 deg^-2 = 1.776 arcmin^-2
Fitting aperture to hotspot...
Candidate: x_peak:       -0.035, y_peak:       -0.335, r_peak:        0.030, sig:       18.340, ra_peak:      129.340, dec_peak:       28.295
Characteristic density local = 6628.8 deg^-2 = 1.841 arcmin^-2
Fitting aperture to hotspot...
Candidate: x_peak:        0.385, y_peak:       -0.315, r_peak:        0.020, sig:        6.381, ra_peak:      129.817, dec_peak:       28.314
Characteristic density local = 6089.7 deg^-2 = 1.692 arcmin^-2
Fitting aperture to hotspot...
Candidate: x_peak:        0.505, y_peak:       -0.125, r_peak:        0.020, sig:        8.565, ra_peak:      129.955, dec_peak:       28.504
Characteristic density local = 5902.7 deg^-2 = 1.640 arcmin^-2
Fitting aperture to hotspot...
Candidate: x_peak:        0.995, y_peak:        0.255, r_peak:        0.040, sig:        5.550, ra_peak:      130.516, dec_peak:       28.880
Distance = 39.8 kpc (m-M = 18.0)
651644 objects left after isochrone cut...
Characteristic density = 6100.0 deg^-2
Characteristic density local = 6427.9 deg^-2 = 1.786 arcmin^-2
Fitting aperture to hotspot...
Candidate: x_peak:       -0.655, y_peak:       -0.425, r_peak:        0.030, sig:        5.911, ra_peak:      128.637, dec_peak:       28.203
Characteristic density local = 6258.8 deg^-2 = 1.739 arcmin^-2
Fitting aperture to hotspot...
Candidate: x_peak:       -0.625, y_peak:       -0.185, r_peak:        0.020, sig:        9.232, ra_peak:      128.669, dec_peak:       28.443
Characteristic density local = 6475.6 deg^-2 = 1.799 arcmin^-2
Fitting aperture to hotspot...
Candidate: x_peak:       -0.245, y_peak:        0.075, r_peak:        0.020, sig:        7.922, ra_peak:      129.101, dec_peak:       28.705
Characteristic density local = 6069.8 deg^-2 = 1.686 arcmin^-2
Fitting aperture to hotspot...
Candidate: x_peak:       -0.215, y_peak:        0.315, r_peak:        0.020, sig:        8.775, ra_peak:      129.134, dec_peak:       28.945
Characteristic density local = 6394.0 deg^-2 = 1.776 arcmin^-2
Fitting aperture to hotspot...
Candidate: x_peak:       -0.035, y_peak:       -0.335, r_peak:        0.030, sig:       18.340, ra_peak:      129.340, dec_peak:       28.295
Characteristic density local = 6628.8 deg^-2 = 1.841 arcmin^-2
Fitting aperture to hotspot...
Candidate: x_peak:        0.385, y_peak:       -0.315, r_peak:        0.020, sig:        6.381, ra_peak:      129.817, dec_peak:       28.314
Characteristic density local = 6089.7 deg^-2 = 1.692 arcmin^-2
Fitting aperture to hotspot...
Candidate: x_peak:        0.505, y_peak:       -0.125, r_peak:        0.020, sig:        8.565, ra_peak:      129.955, dec_peak:       28.504
Characteristic density local = 5902.7 deg^-2 = 1.640 arcmin^-2
Fitting aperture to hotspot...
Candidate: x_peak:        0.995, y_peak:        0.255, r_peak:        0.040, sig:        5.550, ra_peak:      130.516, dec_peak:       28.880
Distance = 50.1 kpc (m-M = 18.5)
651214 objects left after isochrone cut...
Characteristic density = 6100.0 deg^-2
Characteristic density local = 6427.9 deg^-2 = 1.786 arcmin^-2
Fitting aperture to hotspot...
Candidate: x_peak:       -0.655, y_peak:       -0.425, r_peak:        0.030, sig:        5.911, ra_peak:      128.637, dec_peak:       28.203
Characteristic density local = 6254.8 deg^-2 = 1.737 arcmin^-2
Fitting aperture to hotspot...
Candidate: x_peak:       -0.625, y_peak:       -0.185, r_peak:        0.020, sig:        9.234, ra_peak:      128.669, dec_peak:       28.443
Characteristic density local = 6465.7 deg^-2 = 1.796 arcmin^-2
Fitting aperture to hotspot...
Candidate: x_peak:       -0.245, y_peak:        0.075, r_peak:        0.020, sig:        7.928, ra_peak:      129.101, dec_peak:       28.705
Characteristic density local = 6059.8 deg^-2 = 1.683 arcmin^-2
Fitting aperture to hotspot...
Candidate: x_peak:       -0.215, y_peak:        0.315, r_peak:        0.020, sig:        8.782, ra_peak:      129.134, dec_peak:       28.945
Characteristic density local = 6386.1 deg^-2 = 1.774 arcmin^-2
Fitting aperture to hotspot...
Candidate: x_peak:       -0.035, y_peak:       -0.335, r_peak:        0.030, sig:       18.349, ra_peak:      129.340, dec_peak:       28.295
Characteristic density local = 6599.0 deg^-2 = 1.833 arcmin^-2
Fitting aperture to hotspot...
Candidate: x_peak:        0.385, y_peak:       -0.315, r_peak:        0.020, sig:        6.398, ra_peak:      129.817, dec_peak:       28.314
Characteristic density local = 6055.8 deg^-2 = 1.682 arcmin^-2
Fitting aperture to hotspot...
Candidate: x_peak:        0.505, y_peak:       -0.125, r_peak:        0.020, sig:        8.587, ra_peak:      129.955, dec_peak:       28.504
Characteristic density local = 5882.8 deg^-2 = 1.634 arcmin^-2
Fitting aperture to hotspot...
Candidate: x_peak:        0.995, y_peak:        0.255, r_peak:        0.040, sig:        5.572, ra_peak:      130.516, dec_peak:       28.880
Distance = 63.1 kpc (m-M = 19.0)
648887 objects left after isochrone cut...
Characteristic density = 6000.0 deg^-2
Characteristic density local = 6366.2 deg^-2 = 1.768 arcmin^-2
Fitting aperture to hotspot...
Candidate: x_peak:       -0.655, y_peak:       -0.425, r_peak:        0.030, sig:        5.961, ra_peak:      128.637, dec_peak:       28.203
Characteristic density local = 6185.2 deg^-2 = 1.718 arcmin^-2
Fitting aperture to hotspot...
Candidate: x_peak:       -0.625, y_peak:       -0.185, r_peak:        0.020, sig:        9.280, ra_peak:      128.669, dec_peak:       28.443
Characteristic density local = 6376.1 deg^-2 = 1.771 arcmin^-2
Fitting aperture to hotspot...
Candidate: x_peak:       -0.245, y_peak:        0.075, r_peak:        0.020, sig:        7.983, ra_peak:      129.101, dec_peak:       28.705
Characteristic density local = 5954.4 deg^-2 = 1.654 arcmin^-2
Fitting aperture to hotspot...
Candidate: x_peak:       -0.215, y_peak:        0.315, r_peak:        0.020, sig:        8.852, ra_peak:      129.134, dec_peak:       28.945
Characteristic density local = 6292.6 deg^-2 = 1.748 arcmin^-2
Fitting aperture to hotspot...
Candidate: x_peak:       -0.035, y_peak:       -0.335, r_peak:        0.030, sig:       18.448, ra_peak:      129.340, dec_peak:       28.295
Characteristic density local = 6489.5 deg^-2 = 1.803 arcmin^-2
Fitting aperture to hotspot...
Candidate: x_peak:        0.385, y_peak:       -0.315, r_peak:        0.020, sig:        6.245, ra_peak:      129.817, dec_peak:       28.314
Characteristic density local = 5952.4 deg^-2 = 1.653 arcmin^-2
Fitting aperture to hotspot...
Candidate: x_peak:        0.505, y_peak:       -0.125, r_peak:        0.020, sig:        8.655, ra_peak:      129.955, dec_peak:       28.504
Characteristic density local = 5749.5 deg^-2 = 1.597 arcmin^-2
Fitting aperture to hotspot...
Candidate: x_peak:        0.995, y_peak:        0.255, r_peak:        0.040, sig:        5.716, ra_peak:      130.516, dec_peak:       28.880
Distance = 79.4 kpc (m-M = 19.5)
644878 objects left after isochrone cut...
Characteristic density = 5900.0 deg^-2
Characteristic density local = 6211.0 deg^-2 = 1.725 arcmin^-2
Fitting aperture to hotspot...
Candidate: x_peak:       -0.655, y_peak:       -0.425, r_peak:        0.030, sig:        5.919, ra_peak:      128.637, dec_peak:       28.203
Characteristic density local = 6049.9 deg^-2 = 1.681 arcmin^-2
Fitting aperture to hotspot...
Candidate: x_peak:       -0.625, y_peak:       -0.185, r_peak:        0.020, sig:        9.370, ra_peak:      128.669, dec_peak:       28.443
Characteristic density local = 6258.8 deg^-2 = 1.739 arcmin^-2
Fitting aperture to hotspot...
Candidate: x_peak:       -0.245, y_peak:        0.075, r_peak:        0.020, sig:        8.057, ra_peak:      129.101, dec_peak:       28.705
Characteristic density local = 5835.0 deg^-2 = 1.621 arcmin^-2
Fitting aperture to hotspot...
Candidate: x_peak:       -0.215, y_peak:        0.315, r_peak:        0.020, sig:        8.932, ra_peak:      129.134, dec_peak:       28.945
Characteristic density local = 6121.5 deg^-2 = 1.700 arcmin^-2
Fitting aperture to hotspot...
Candidate: x_peak:       -0.035, y_peak:       -0.335, r_peak:        0.030, sig:       18.633, ra_peak:      129.340, dec_peak:       28.295
Characteristic density local = 6364.2 deg^-2 = 1.768 arcmin^-2
Fitting aperture to hotspot...
Candidate: x_peak:        0.385, y_peak:       -0.315, r_peak:        0.020, sig:        6.319, ra_peak:      129.817, dec_peak:       28.314
Characteristic density local = 5831.0 deg^-2 = 1.620 arcmin^-2
Fitting aperture to hotspot...
Candidate: x_peak:        0.505, y_peak:       -0.125, r_peak:        0.020, sig:        8.737, ra_peak:      129.955, dec_peak:       28.504
Characteristic density local = 5620.2 deg^-2 = 1.561 arcmin^-2
Fitting aperture to hotspot...
Candidate: x_peak:        0.995, y_peak:        0.255, r_peak:        0.040, sig:        5.858, ra_peak:      130.516, dec_peak:       28.880
Distance = 100.0 kpc (m-M = 20.0)
640219 objects left after isochrone cut...
Characteristic density = 5700.0 deg^-2
Characteristic density local = 6057.8 deg^-2 = 1.683 arcmin^-2
Fitting aperture to hotspot...
Candidate: x_peak:       -0.655, y_peak:       -0.425, r_peak:        0.030, sig:        5.876, ra_peak:      128.637, dec_peak:       28.203
Characteristic density local = 5906.6 deg^-2 = 1.641 arcmin^-2
Fitting aperture to hotspot...
Candidate: x_peak:       -0.625, y_peak:       -0.185, r_peak:        0.020, sig:        9.468, ra_peak:      128.669, dec_peak:       28.443
Characteristic density local = 6103.6 deg^-2 = 1.695 arcmin^-2
Fitting aperture to hotspot...
Candidate: x_peak:       -0.245, y_peak:        0.075, r_peak:        0.020, sig:        8.156, ra_peak:      129.101, dec_peak:       28.705
Characteristic density local = 5703.7 deg^-2 = 1.584 arcmin^-2
Fitting aperture to hotspot...
Candidate: x_peak:       -0.215, y_peak:        0.315, r_peak:        0.020, sig:        8.824, ra_peak:      129.134, dec_peak:       28.945
Characteristic density local = 5988.2 deg^-2 = 1.663 arcmin^-2
Fitting aperture to hotspot...
Candidate: x_peak:       -0.035, y_peak:       -0.335, r_peak:        0.030, sig:       18.780, ra_peak:      129.340, dec_peak:       28.295
Characteristic density local = 6205.1 deg^-2 = 1.724 arcmin^-2
Fitting aperture to hotspot...
Candidate: x_peak:        0.385, y_peak:       -0.315, r_peak:        0.020, sig:        6.414, ra_peak:      129.817, dec_peak:       28.314
Characteristic density local = 5667.9 deg^-2 = 1.574 arcmin^-2
Fitting aperture to hotspot...
Candidate: x_peak:        0.505, y_peak:       -0.125, r_peak:        0.020, sig:        8.848, ra_peak:      129.955, dec_peak:       28.504
Characteristic density local = 5516.7 deg^-2 = 1.532 arcmin^-2
Fitting aperture to hotspot...
Candidate: x_peak:        0.985, y_peak:        0.265, r_peak:        0.050, sig:        5.428, ra_peak:      130.505, dec_peak:       28.890
Distance = 125.9 kpc (m-M = 20.5)
634706 objects left after isochrone cut...
Characteristic density = 5600.0 deg^-2
Characteristic density local = 5862.9 deg^-2 = 1.629 arcmin^-2
Fitting aperture to hotspot...
Candidate: x_peak:       -0.655, y_peak:       -0.425, r_peak:        0.030, sig:        5.694, ra_peak:      128.637, dec_peak:       28.203
Characteristic density local = 5743.5 deg^-2 = 1.595 arcmin^-2
Fitting aperture to hotspot...
Candidate: x_peak:       -0.625, y_peak:       -0.185, r_peak:        0.020, sig:        9.581, ra_peak:      128.669, dec_peak:       28.443
Characteristic density local = 5910.6 deg^-2 = 1.642 arcmin^-2
Fitting aperture to hotspot...
Candidate: x_peak:       -0.245, y_peak:        0.075, r_peak:        0.020, sig:        8.282, ra_peak:      129.101, dec_peak:       28.705
Characteristic density local = 5530.6 deg^-2 = 1.536 arcmin^-2
Fitting aperture to hotspot...
Candidate: x_peak:       -0.215, y_peak:        0.315, r_peak:        0.020, sig:        8.944, ra_peak:      129.134, dec_peak:       28.945
Characteristic density local = 5833.0 deg^-2 = 1.620 arcmin^-2
Fitting aperture to hotspot...
Candidate: x_peak:       -0.035, y_peak:       -0.335, r_peak:        0.030, sig:       18.954, ra_peak:      129.340, dec_peak:       28.295
Characteristic density local = 6002.1 deg^-2 = 1.667 arcmin^-2
Fitting aperture to hotspot...
Candidate: x_peak:        0.385, y_peak:       -0.325, r_peak:        0.020, sig:        5.636, ra_peak:      129.817, dec_peak:       28.304
Characteristic density local = 5476.9 deg^-2 = 1.521 arcmin^-2
Fitting aperture to hotspot...
Candidate: x_peak:        0.505, y_peak:       -0.125, r_peak:        0.020, sig:        8.780, ra_peak:      129.955, dec_peak:       28.504
Characteristic density local = 5349.6 deg^-2 = 1.486 arcmin^-2
Fitting aperture to hotspot...
Candidate: x_peak:        0.985, y_peak:        0.265, r_peak:        0.050, sig:        5.533, ra_peak:      130.505, dec_peak:       28.890
Distance = 158.5 kpc (m-M = 21.0)
628851 objects left after isochrone cut...
Characteristic density = 5400.0 deg^-2
Characteristic density local = 5632.1 deg^-2 = 1.564 arcmin^-2
Fitting aperture to hotspot...
Candidate: x_peak:       -0.655, y_peak:       -0.425, r_peak:        0.030, sig:        5.892, ra_peak:      128.637, dec_peak:       28.203
Characteristic density local = 5558.5 deg^-2 = 1.544 arcmin^-2
Fitting aperture to hotspot...
Candidate: x_peak:       -0.625, y_peak:       -0.185, r_peak:        0.020, sig:        9.712, ra_peak:      128.669, dec_peak:       28.443
Characteristic density local = 5717.6 deg^-2 = 1.588 arcmin^-2
Fitting aperture to hotspot...
Candidate: x_peak:       -0.245, y_peak:        0.075, r_peak:        0.020, sig:        8.411, ra_peak:      129.101, dec_peak:       28.705
Characteristic density local = 5317.8 deg^-2 = 1.477 arcmin^-2
Fitting aperture to hotspot...
Candidate: x_peak:       -0.215, y_peak:        0.315, r_peak:        0.020, sig:        9.096, ra_peak:      129.134, dec_peak:       28.945
Characteristic density local = 5632.1 deg^-2 = 1.564 arcmin^-2
Fitting aperture to hotspot...
Candidate: x_peak:       -0.035, y_peak:       -0.335, r_peak:        0.030, sig:       19.184, ra_peak:      129.340, dec_peak:       28.295
Characteristic density local = 5779.3 deg^-2 = 1.605 arcmin^-2
Fitting aperture to hotspot...
Candidate: x_peak:        0.385, y_peak:       -0.325, r_peak:        0.020, sig:        5.771, ra_peak:      129.817, dec_peak:       28.304
Characteristic density local = 5311.8 deg^-2 = 1.475 arcmin^-2
Fitting aperture to hotspot...
Candidate: x_peak:        0.505, y_peak:       -0.125, r_peak:        0.020, sig:        8.898, ra_peak:      129.955, dec_peak:       28.504
Characteristic density local = 5156.6 deg^-2 = 1.432 arcmin^-2
Fitting aperture to hotspot...
Candidate: x_peak:        0.985, y_peak:        0.265, r_peak:        0.040, sig:        5.661, ra_peak:      130.505, dec_peak:       28.890
Distance = 199.5 kpc (m-M = 21.5)
622155 objects left after isochrone cut...
Characteristic density = 5100.0 deg^-2
Characteristic density local = 5381.4 deg^-2 = 1.495 arcmin^-2
Fitting aperture to hotspot...
Candidate: x_peak:       -0.655, y_peak:       -0.425, r_peak:        0.030, sig:        6.113, ra_peak:      128.637, dec_peak:       28.203
Characteristic density local = 5361.5 deg^-2 = 1.489 arcmin^-2
Fitting aperture to hotspot...
Candidate: x_peak:       -0.625, y_peak:       -0.195, r_peak:        0.020, sig:        8.862, ra_peak:      128.669, dec_peak:       28.433
Characteristic density local = 5478.9 deg^-2 = 1.522 arcmin^-2
Fitting aperture to hotspot...
Candidate: x_peak:       -0.245, y_peak:        0.075, r_peak:        0.020, sig:        8.575, ra_peak:      129.101, dec_peak:       28.705
Characteristic density local = 5065.1 deg^-2 = 1.407 arcmin^-2
Fitting aperture to hotspot...
Candidate: x_peak:       -0.215, y_peak:        0.315, r_peak:        0.020, sig:        9.283, ra_peak:      129.134, dec_peak:       28.945
Characteristic density local = 5417.2 deg^-2 = 1.505 arcmin^-2
Fitting aperture to hotspot...
Candidate: x_peak:       -0.035, y_peak:       -0.335, r_peak:        0.030, sig:       19.324, ra_peak:      129.340, dec_peak:       28.295
Characteristic density local = 5574.4 deg^-2 = 1.548 arcmin^-2
Fitting aperture to hotspot...
Candidate: x_peak:        0.385, y_peak:       -0.325, r_peak:        0.020, sig:        5.898, ra_peak:      129.817, dec_peak:       28.304
Characteristic density local = 5085.0 deg^-2 = 1.413 arcmin^-2
Fitting aperture to hotspot...
Candidate: x_peak:        0.505, y_peak:       -0.125, r_peak:        0.020, sig:        9.064, ra_peak:      129.955, dec_peak:       28.504
Characteristic density local = 4947.7 deg^-2 = 1.374 arcmin^-2
Fitting aperture to hotspot...
Candidate: x_peak:        0.985, y_peak:        0.265, r_peak:        0.050, sig:        5.475, ra_peak:      130.505, dec_peak:       28.890
Distance = 251.2 kpc (m-M = 22.0)
614436 objects left after isochrone cut...
Characteristic density = 4900.0 deg^-2
Characteristic density local = 5110.9 deg^-2 = 1.420 arcmin^-2
Fitting aperture to hotspot...
Candidate: x_peak:       -0.645, y_peak:       -0.425, r_peak:        0.020, sig:        5.722, ra_peak:      128.648, dec_peak:       28.203
Characteristic density local = 5075.1 deg^-2 = 1.410 arcmin^-2
Fitting aperture to hotspot...
Candidate: x_peak:       -0.625, y_peak:       -0.195, r_peak:        0.020, sig:        9.072, ra_peak:      128.669, dec_peak:       28.433
Characteristic density local = 5196.4 deg^-2 = 1.443 arcmin^-2
Fitting aperture to hotspot...
Candidate: x_peak:       -0.245, y_peak:        0.075, r_peak:        0.020, sig:        8.777, ra_peak:      129.101, dec_peak:       28.705
Characteristic density local = 4804.5 deg^-2 = 1.335 arcmin^-2
Fitting aperture to hotspot...
Candidate: x_peak:       -0.215, y_peak:        0.315, r_peak:        0.020, sig:        9.483, ra_peak:      129.134, dec_peak:       28.945
Characteristic density local = 5156.6 deg^-2 = 1.432 arcmin^-2
Fitting aperture to hotspot...
Candidate: x_peak:       -0.035, y_peak:       -0.335, r_peak:        0.030, sig:       19.527, ra_peak:      129.340, dec_peak:       28.295
Characteristic density local = 5319.8 deg^-2 = 1.478 arcmin^-2
Fitting aperture to hotspot...
Candidate: x_peak:        0.385, y_peak:       -0.325, r_peak:        0.020, sig:        6.062, ra_peak:      129.817, dec_peak:       28.304
Characteristic density local = 4812.4 deg^-2 = 1.337 arcmin^-2
Fitting aperture to hotspot...
Candidate: x_peak:        0.505, y_peak:       -0.125, r_peak:        0.020, sig:        9.272, ra_peak:      129.955, dec_peak:       28.504
Characteristic density local = 5033.3 deg^-2 = 1.398 arcmin^-2
Fitting aperture to hotspot...
Candidate: x_peak:        0.705, y_peak:       -0.065, r_peak:        0.020, sig:        6.949, ra_peak:      130.183, dec_peak:       28.563
Characteristic density local = 4683.1 deg^-2 = 1.301 arcmin^-2
Fitting aperture to hotspot...
Candidate: x_peak:        0.985, y_peak:        0.265, r_peak:        0.040, sig:        5.469, ra_peak:      130.505, dec_peak:       28.890
Distance = 316.2 kpc (m-M = 22.5)
605279 objects left after isochrone cut...
Characteristic density = 4600.0 deg^-2
Characteristic density local = 4794.5 deg^-2 = 1.332 arcmin^-2
Fitting aperture to hotspot...
Candidate: x_peak:       -0.645, y_peak:       -0.425, r_peak:        0.020, sig:        5.936, ra_peak:      128.648, dec_peak:       28.203
Characteristic density local = 4728.9 deg^-2 = 1.314 arcmin^-2
Fitting aperture to hotspot...
Candidate: x_peak:       -0.625, y_peak:       -0.195, r_peak:        0.020, sig:        9.130, ra_peak:      128.669, dec_peak:       28.433
Characteristic density local = 4868.2 deg^-2 = 1.352 arcmin^-2
Fitting aperture to hotspot...
Candidate: x_peak:       -0.245, y_peak:        0.075, r_peak:        0.020, sig:        9.022, ra_peak:      129.101, dec_peak:       28.705
Characteristic density local = 4512.0 deg^-2 = 1.253 arcmin^-2
Fitting aperture to hotspot...
Candidate: x_peak:       -0.215, y_peak:        0.315, r_peak:        0.020, sig:        9.512, ra_peak:      129.134, dec_peak:       28.945
Characteristic density local = 4852.2 deg^-2 = 1.348 arcmin^-2
Fitting aperture to hotspot...
Candidate: x_peak:       -0.035, y_peak:       -0.335, r_peak:        0.030, sig:       19.563, ra_peak:      129.340, dec_peak:       28.295
Characteristic density local = 4989.5 deg^-2 = 1.386 arcmin^-2
Fitting aperture to hotspot...
Candidate: x_peak:        0.385, y_peak:       -0.325, r_peak:        0.020, sig:        6.283, ra_peak:      129.817, dec_peak:       28.304
Characteristic density local = 4518.0 deg^-2 = 1.255 arcmin^-2
Fitting aperture to hotspot...
Candidate: x_peak:        0.505, y_peak:       -0.125, r_peak:        0.020, sig:        9.298, ra_peak:      129.955, dec_peak:       28.504
Characteristic density local = 4701.0 deg^-2 = 1.306 arcmin^-2
Fitting aperture to hotspot...
Candidate: x_peak:        0.705, y_peak:       -0.065, r_peak:        0.020, sig:        7.187, ra_peak:      130.183, dec_peak:       28.563
Characteristic density local = 4408.6 deg^-2 = 1.225 arcmin^-2
Fitting aperture to hotspot...
Candidate: x_peak:        0.985, y_peak:        0.265, r_peak:        0.040, sig:        5.654, ra_peak:      130.505, dec_peak:       28.890
Distance = 398.1 kpc (m-M = 23.0)
594148 objects left after isochrone cut...
Characteristic density = 4200.0 deg^-2
Characteristic density local = 4420.5 deg^-2 = 1.228 arcmin^-2
Fitting aperture to hotspot...
Candidate: x_peak:       -0.645, y_peak:       -0.425, r_peak:        0.020, sig:        6.203, ra_peak:      128.648, dec_peak:       28.203
Characteristic density local = 4378.8 deg^-2 = 1.216 arcmin^-2
Fitting aperture to hotspot...
Candidate: x_peak:       -0.625, y_peak:       -0.195, r_peak:        0.020, sig:        9.413, ra_peak:      128.669, dec_peak:       28.433
Characteristic density local = 4484.2 deg^-2 = 1.246 arcmin^-2
Fitting aperture to hotspot...
Candidate: x_peak:       -0.245, y_peak:        0.075, r_peak:        0.020, sig:        9.326, ra_peak:      129.101, dec_peak:       28.705
Characteristic density local = 4132.1 deg^-2 = 1.148 arcmin^-2
Fitting aperture to hotspot...
Candidate: x_peak:       -0.215, y_peak:        0.315, r_peak:        0.020, sig:        9.833, ra_peak:      129.134, dec_peak:       28.945
Characteristic density local = 4464.3 deg^-2 = 1.240 arcmin^-2
Fitting aperture to hotspot...
Candidate: x_peak:       -0.035, y_peak:       -0.335, r_peak:        0.030, sig:       19.845, ra_peak:      129.340, dec_peak:       28.295
Characteristic density local = 4627.4 deg^-2 = 1.285 arcmin^-2
Fitting aperture to hotspot...
Candidate: x_peak:        0.395, y_peak:       -0.315, r_peak:        0.020, sig:        7.010, ra_peak:      129.829, dec_peak:       28.314
Characteristic density local = 4142.0 deg^-2 = 1.151 arcmin^-2
Fitting aperture to hotspot...
Candidate: x_peak:        0.505, y_peak:       -0.125, r_peak:        0.020, sig:        9.614, ra_peak:      129.955, dec_peak:       28.504
Characteristic density local = 4313.1 deg^-2 = 1.198 arcmin^-2
Fitting aperture to hotspot...
Candidate: x_peak:        0.705, y_peak:       -0.065, r_peak:        0.020, sig:        6.772, ra_peak:      130.183, dec_peak:       28.563
Characteristic density local = 4062.4 deg^-2 = 1.128 arcmin^-2
Fitting aperture to hotspot...
Candidate: x_peak:        0.985, y_peak:        0.265, r_peak:        0.050, sig:        5.500, ra_peak:      130.505, dec_peak:       28.890
19.84 sigma; (RA, Dec, d) = (129.34, 28.29); r = 0.03 deg; d = 398.1, mu = 23.00 mag), mc_source_id: 0.00
9.83 sigma; (RA, Dec, d) = (129.13, 28.94); r = 0.02 deg; d = 398.1, mu = 23.00 mag), mc_source_id: 0.00
9.71 sigma; (RA, Dec, d) = (128.67, 28.44); r = 0.02 deg; d = 158.5, mu = 21.00 mag), mc_source_id: 0.00
9.61 sigma; (RA, Dec, d) = (129.95, 28.50); r = 0.02 deg; d = 398.1, mu = 23.00 mag), mc_source_id: 0.00
9.33 sigma; (RA, Dec, d) = (129.10, 28.70); r = 0.02 deg; d = 398.1, mu = 23.00 mag), mc_source_id: 0.00
7.19 sigma; (RA, Dec, d) = (130.18, 28.56); r = 0.02 deg; d = 316.2, mu = 22.50 mag), mc_source_id: 0.00
7.01 sigma; (RA, Dec, d) = (129.83, 28.31); r = 0.02 deg; d = 398.1, mu = 23.00 mag), mc_source_id: 0.00
6.20 sigma; (RA, Dec, d) = (128.65, 28.20); r = 0.02 deg; d = 398.1, mu = 23.00 mag), mc_source_id: 0.00
5.86 sigma; (RA, Dec, d) = (130.52, 28.88); r = 0.04 deg; d = 79.4, mu = 19.50 mag), mc_source_id: 0.00

------------------------------------------------------------
Job <678952.0> was submitted from <des51.fnal.gov> by user <tavangar>.
Job was executed on host <des40.fnal.gov> as user <tavangar>.
</var/lib/condor/execute/dir_1652727> was used as the initial working directory.
Results reported at Wed Jun  5 02:01:19 CDT 2019

Your job looked like:

------------------------------------------------------------
python /home/s1/tavangar/tavangar_simple/search_algorithm.py 129.38 28.63 0.00 /home/s1/tavangar/tavangar_simple/decals_dr7_results/results_nside_32_3182.csv /home/s1/tavangar/tavangar_simple/decals_dr7_results/decals_dr7_log/results_nside_32_3182.log
------------------------------------------------------------

Successfully completed.

Resource usage summary:

	Real time :			276.42 sec.
	CPU time :			10.08 sec.
	CPU percentage :		81%
	Max Memory :			5200672 KB
	Average Memory :		0 KB

The output (if any) is above this job summary.
