/home/s1/tavangar/tavangar_simple/simple_utils.py:170: FutureWarning: elementwise comparison failed; returning scalar instead, but in the future will perform elementwise comparison
  if np.all(isochrone.stage == 'Main'):
Search coordinates: (RA, Dec) = (201.09, 14.48)
Center healpixel: 4615
Healpixels: [4615 4743 4614 4487 4359 4488 4616 4744 4871]
MC_SOURCE_ID = 0.0
mode = 0: running only on real data
Found 1 objects...
Applying cuts...
716493 star-like objects in ROI...
1104298 galaxy-like objects in ROI...
No fracdet map specified ...
Distance = 15.8 kpc (m-M = 16.0)
716474 objects left after isochrone cut...
Characteristic density = 5300.0 deg^-2
Characteristic density local = 5490.8 deg^-2 = 1.525 arcmin^-2
Fitting aperture to hotspot...
Candidate: x_peak:       -0.935, y_peak:        0.045, r_peak:        0.020, sig:        8.972, ra_peak:      200.124, dec_peak:       14.523
Characteristic density local = 5721.6 deg^-2 = 1.589 arcmin^-2
Fitting aperture to hotspot...
Candidate: x_peak:       -0.725, y_peak:       -0.335, r_peak:        0.020, sig:       14.497, ra_peak:      200.342, dec_peak:       14.144
Characteristic density local = 5652.0 deg^-2 = 1.570 arcmin^-2
Fitting aperture to hotspot...
Candidate: x_peak:       -0.325, y_peak:        0.775, r_peak:        0.020, sig:       10.592, ra_peak:      200.753, dec_peak:       15.255
Characteristic density local = 5421.2 deg^-2 = 1.506 arcmin^-2
Fitting aperture to hotspot...
Candidate: x_peak:       -0.175, y_peak:        0.975, r_peak:        0.020, sig:        7.131, ra_peak:      200.908, dec_peak:       15.455
Characteristic density local = 5715.7 deg^-2 = 1.588 arcmin^-2
Fitting aperture to hotspot...
Candidate: x_peak:       -0.045, y_peak:       -0.505, r_peak:        0.020, sig:       18.144, ra_peak:      201.044, dec_peak:       13.975
Characteristic density local = 5371.5 deg^-2 = 1.492 arcmin^-2
Fitting aperture to hotspot...
Candidate: x_peak:        0.435, y_peak:       -0.135, r_peak:        0.020, sig:        8.855, ra_peak:      201.539, dec_peak:       14.345
Characteristic density local = 5270.0 deg^-2 = 1.464 arcmin^-2
Fitting aperture to hotspot...
Candidate: x_peak:        0.465, y_peak:        0.095, r_peak:        0.010, sig:        9.362, ra_peak:      201.570, dec_peak:       14.575
Characteristic density local = 5252.1 deg^-2 = 1.459 arcmin^-2
Fitting aperture to hotspot...
Candidate: x_peak:        0.675, y_peak:        0.615, r_peak:        0.010, sig:       10.764, ra_peak:      201.789, dec_peak:       15.094
Characteristic density local = 5827.1 deg^-2 = 1.619 arcmin^-2
Fitting aperture to hotspot...
Candidate: x_peak:        0.745, y_peak:       -0.555, r_peak:        0.030, sig:        6.580, ra_peak:      201.858, dec_peak:       13.924
Distance = 20.0 kpc (m-M = 16.5)
716485 objects left after isochrone cut...
Characteristic density = 5300.0 deg^-2
Characteristic density local = 5490.8 deg^-2 = 1.525 arcmin^-2
Fitting aperture to hotspot...
Candidate: x_peak:       -0.935, y_peak:        0.045, r_peak:        0.020, sig:        8.972, ra_peak:      200.124, dec_peak:       14.523
Characteristic density local = 5721.6 deg^-2 = 1.589 arcmin^-2
Fitting aperture to hotspot...
Candidate: x_peak:       -0.725, y_peak:       -0.335, r_peak:        0.020, sig:       14.497, ra_peak:      200.342, dec_peak:       14.144
Characteristic density local = 5652.0 deg^-2 = 1.570 arcmin^-2
Fitting aperture to hotspot...
Candidate: x_peak:       -0.325, y_peak:        0.775, r_peak:        0.020, sig:       10.592, ra_peak:      200.753, dec_peak:       15.255
Characteristic density local = 5421.2 deg^-2 = 1.506 arcmin^-2
Fitting aperture to hotspot...
Candidate: x_peak:       -0.175, y_peak:        0.975, r_peak:        0.020, sig:        7.131, ra_peak:      200.908, dec_peak:       15.455
Characteristic density local = 5715.7 deg^-2 = 1.588 arcmin^-2
Fitting aperture to hotspot...
Candidate: x_peak:       -0.045, y_peak:       -0.505, r_peak:        0.020, sig:       18.144, ra_peak:      201.044, dec_peak:       13.975
Characteristic density local = 5371.5 deg^-2 = 1.492 arcmin^-2
Fitting aperture to hotspot...
Candidate: x_peak:        0.435, y_peak:       -0.135, r_peak:        0.020, sig:        8.855, ra_peak:      201.539, dec_peak:       14.345
Characteristic density local = 5270.0 deg^-2 = 1.464 arcmin^-2
Fitting aperture to hotspot...
Candidate: x_peak:        0.465, y_peak:        0.095, r_peak:        0.010, sig:        9.362, ra_peak:      201.570, dec_peak:       14.575
Characteristic density local = 5252.1 deg^-2 = 1.459 arcmin^-2
Fitting aperture to hotspot...
Candidate: x_peak:        0.675, y_peak:        0.615, r_peak:        0.010, sig:       10.764, ra_peak:      201.789, dec_peak:       15.094
Characteristic density local = 5827.1 deg^-2 = 1.619 arcmin^-2
Fitting aperture to hotspot...
Candidate: x_peak:        0.745, y_peak:       -0.555, r_peak:        0.030, sig:        6.580, ra_peak:      201.858, dec_peak:       13.924
Distance = 25.1 kpc (m-M = 17.0)
716490 objects left after isochrone cut...
Characteristic density = 5300.0 deg^-2
Characteristic density local = 5490.8 deg^-2 = 1.525 arcmin^-2
Fitting aperture to hotspot...
Candidate: x_peak:       -0.935, y_peak:        0.045, r_peak:        0.020, sig:        8.972, ra_peak:      200.124, dec_peak:       14.523
Characteristic density local = 5721.6 deg^-2 = 1.589 arcmin^-2
Fitting aperture to hotspot...
Candidate: x_peak:       -0.725, y_peak:       -0.335, r_peak:        0.020, sig:       14.497, ra_peak:      200.342, dec_peak:       14.144
Characteristic density local = 5652.0 deg^-2 = 1.570 arcmin^-2
Fitting aperture to hotspot...
Candidate: x_peak:       -0.325, y_peak:        0.775, r_peak:        0.020, sig:       10.592, ra_peak:      200.753, dec_peak:       15.255
Characteristic density local = 5421.2 deg^-2 = 1.506 arcmin^-2
Fitting aperture to hotspot...
Candidate: x_peak:       -0.175, y_peak:        0.975, r_peak:        0.020, sig:        7.131, ra_peak:      200.908, dec_peak:       15.455
Characteristic density local = 5715.7 deg^-2 = 1.588 arcmin^-2
Fitting aperture to hotspot...
Candidate: x_peak:       -0.045, y_peak:       -0.505, r_peak:        0.020, sig:       18.144, ra_peak:      201.044, dec_peak:       13.975
Characteristic density local = 5371.5 deg^-2 = 1.492 arcmin^-2
Fitting aperture to hotspot...
Candidate: x_peak:        0.435, y_peak:       -0.135, r_peak:        0.020, sig:        8.855, ra_peak:      201.539, dec_peak:       14.345
Characteristic density local = 5270.0 deg^-2 = 1.464 arcmin^-2
Fitting aperture to hotspot...
Candidate: x_peak:        0.465, y_peak:        0.095, r_peak:        0.010, sig:        9.362, ra_peak:      201.570, dec_peak:       14.575
Characteristic density local = 5252.1 deg^-2 = 1.459 arcmin^-2
Fitting aperture to hotspot...
Candidate: x_peak:        0.675, y_peak:        0.615, r_peak:        0.010, sig:       10.764, ra_peak:      201.789, dec_peak:       15.094
Characteristic density local = 5827.1 deg^-2 = 1.619 arcmin^-2
Fitting aperture to hotspot...
Candidate: x_peak:        0.745, y_peak:       -0.555, r_peak:        0.030, sig:        6.580, ra_peak:      201.858, dec_peak:       13.924
Distance = 31.6 kpc (m-M = 17.5)
716493 objects left after isochrone cut...
Characteristic density = 5300.0 deg^-2
Characteristic density local = 5490.8 deg^-2 = 1.525 arcmin^-2
Fitting aperture to hotspot...
Candidate: x_peak:       -0.935, y_peak:        0.045, r_peak:        0.020, sig:        8.972, ra_peak:      200.124, dec_peak:       14.523
Characteristic density local = 5721.6 deg^-2 = 1.589 arcmin^-2
Fitting aperture to hotspot...
Candidate: x_peak:       -0.725, y_peak:       -0.335, r_peak:        0.020, sig:       14.497, ra_peak:      200.342, dec_peak:       14.144
Characteristic density local = 5652.0 deg^-2 = 1.570 arcmin^-2
Fitting aperture to hotspot...
Candidate: x_peak:       -0.325, y_peak:        0.775, r_peak:        0.020, sig:       10.592, ra_peak:      200.753, dec_peak:       15.255
Characteristic density local = 5421.2 deg^-2 = 1.506 arcmin^-2
Fitting aperture to hotspot...
Candidate: x_peak:       -0.175, y_peak:        0.975, r_peak:        0.020, sig:        7.131, ra_peak:      200.908, dec_peak:       15.455
Characteristic density local = 5715.7 deg^-2 = 1.588 arcmin^-2
Fitting aperture to hotspot...
Candidate: x_peak:       -0.045, y_peak:       -0.505, r_peak:        0.020, sig:       18.144, ra_peak:      201.044, dec_peak:       13.975
Characteristic density local = 5371.5 deg^-2 = 1.492 arcmin^-2
Fitting aperture to hotspot...
Candidate: x_peak:        0.435, y_peak:       -0.135, r_peak:        0.020, sig:        8.855, ra_peak:      201.539, dec_peak:       14.345
Characteristic density local = 5270.0 deg^-2 = 1.464 arcmin^-2
Fitting aperture to hotspot...
Candidate: x_peak:        0.465, y_peak:        0.095, r_peak:        0.010, sig:        9.362, ra_peak:      201.570, dec_peak:       14.575
Characteristic density local = 5252.1 deg^-2 = 1.459 arcmin^-2
Fitting aperture to hotspot...
Candidate: x_peak:        0.675, y_peak:        0.615, r_peak:        0.010, sig:       10.764, ra_peak:      201.789, dec_peak:       15.094
Characteristic density local = 5827.1 deg^-2 = 1.619 arcmin^-2
Fitting aperture to hotspot...
Candidate: x_peak:        0.745, y_peak:       -0.555, r_peak:        0.030, sig:        6.580, ra_peak:      201.858, dec_peak:       13.924
Distance = 39.8 kpc (m-M = 18.0)
716441 objects left after isochrone cut...
Characteristic density = 5300.0 deg^-2
Characteristic density local = 5490.8 deg^-2 = 1.525 arcmin^-2
Fitting aperture to hotspot...
Candidate: x_peak:       -0.935, y_peak:        0.045, r_peak:        0.020, sig:        8.972, ra_peak:      200.124, dec_peak:       14.523
Characteristic density local = 5719.6 deg^-2 = 1.589 arcmin^-2
Fitting aperture to hotspot...
Candidate: x_peak:       -0.725, y_peak:       -0.335, r_peak:        0.020, sig:       14.499, ra_peak:      200.342, dec_peak:       14.144
Characteristic density local = 5652.0 deg^-2 = 1.570 arcmin^-2
Fitting aperture to hotspot...
Candidate: x_peak:       -0.325, y_peak:        0.775, r_peak:        0.020, sig:       10.592, ra_peak:      200.753, dec_peak:       15.255
Characteristic density local = 5421.2 deg^-2 = 1.506 arcmin^-2
Fitting aperture to hotspot...
Candidate: x_peak:       -0.175, y_peak:        0.975, r_peak:        0.020, sig:        7.131, ra_peak:      200.908, dec_peak:       15.455
Characteristic density local = 5713.7 deg^-2 = 1.587 arcmin^-2
Fitting aperture to hotspot...
Candidate: x_peak:       -0.045, y_peak:       -0.505, r_peak:        0.020, sig:       18.146, ra_peak:      201.044, dec_peak:       13.975
Characteristic density local = 5371.5 deg^-2 = 1.492 arcmin^-2
Fitting aperture to hotspot...
Candidate: x_peak:        0.435, y_peak:       -0.135, r_peak:        0.020, sig:        8.855, ra_peak:      201.539, dec_peak:       14.345
Characteristic density local = 5268.0 deg^-2 = 1.463 arcmin^-2
Fitting aperture to hotspot...
Candidate: x_peak:        0.465, y_peak:        0.095, r_peak:        0.010, sig:        9.363, ra_peak:      201.570, dec_peak:       14.575
Characteristic density local = 5252.1 deg^-2 = 1.459 arcmin^-2
Fitting aperture to hotspot...
Candidate: x_peak:        0.675, y_peak:        0.615, r_peak:        0.010, sig:       10.493, ra_peak:      201.789, dec_peak:       15.094
Characteristic density local = 5825.1 deg^-2 = 1.618 arcmin^-2
Fitting aperture to hotspot...
Candidate: x_peak:        0.745, y_peak:       -0.555, r_peak:        0.030, sig:        6.582, ra_peak:      201.858, dec_peak:       13.924
Distance = 50.1 kpc (m-M = 18.5)
715616 objects left after isochrone cut...
Characteristic density = 5300.0 deg^-2
Characteristic density local = 5476.9 deg^-2 = 1.521 arcmin^-2
Fitting aperture to hotspot...
Candidate: x_peak:       -0.935, y_peak:        0.045, r_peak:        0.020, sig:        8.982, ra_peak:      200.124, dec_peak:       14.523
Characteristic density local = 5691.8 deg^-2 = 1.581 arcmin^-2
Fitting aperture to hotspot...
Candidate: x_peak:       -0.725, y_peak:       -0.335, r_peak:        0.020, sig:       14.521, ra_peak:      200.342, dec_peak:       14.144
Characteristic density local = 5624.1 deg^-2 = 1.562 arcmin^-2
Fitting aperture to hotspot...
Candidate: x_peak:       -0.325, y_peak:        0.775, r_peak:        0.020, sig:       10.612, ra_peak:      200.753, dec_peak:       15.255
Characteristic density local = 5413.3 deg^-2 = 1.504 arcmin^-2
Fitting aperture to hotspot...
Candidate: x_peak:       -0.175, y_peak:        0.975, r_peak:        0.020, sig:        7.136, ra_peak:      200.908, dec_peak:       15.455
Characteristic density local = 5677.9 deg^-2 = 1.577 arcmin^-2
Fitting aperture to hotspot...
Candidate: x_peak:       -0.045, y_peak:       -0.505, r_peak:        0.020, sig:       18.177, ra_peak:      201.044, dec_peak:       13.975
Characteristic density local = 5347.6 deg^-2 = 1.485 arcmin^-2
Fitting aperture to hotspot...
Candidate: x_peak:        0.435, y_peak:       -0.135, r_peak:        0.020, sig:        8.872, ra_peak:      201.539, dec_peak:       14.345
Characteristic density local = 5252.1 deg^-2 = 1.459 arcmin^-2
Fitting aperture to hotspot...
Candidate: x_peak:        0.465, y_peak:        0.095, r_peak:        0.010, sig:        9.370, ra_peak:      201.570, dec_peak:       14.575
Characteristic density local = 5226.3 deg^-2 = 1.452 arcmin^-2
Fitting aperture to hotspot...
Candidate: x_peak:        0.675, y_peak:        0.615, r_peak:        0.010, sig:       10.506, ra_peak:      201.789, dec_peak:       15.094
Characteristic density local = 5779.3 deg^-2 = 1.605 arcmin^-2
Fitting aperture to hotspot...
Candidate: x_peak:        0.745, y_peak:       -0.555, r_peak:        0.030, sig:        6.622, ra_peak:      201.858, dec_peak:       13.924
Distance = 63.1 kpc (m-M = 19.0)
713970 objects left after isochrone cut...
Characteristic density = 5200.0 deg^-2
Characteristic density local = 5433.2 deg^-2 = 1.509 arcmin^-2
Fitting aperture to hotspot...
Candidate: x_peak:       -0.935, y_peak:        0.045, r_peak:        0.020, sig:        9.013, ra_peak:      200.124, dec_peak:       14.523
Characteristic density local = 5632.1 deg^-2 = 1.564 arcmin^-2
Fitting aperture to hotspot...
Candidate: x_peak:       -0.725, y_peak:       -0.335, r_peak:        0.020, sig:       14.570, ra_peak:      200.342, dec_peak:       14.144
Characteristic density local = 5570.4 deg^-2 = 1.547 arcmin^-2
Fitting aperture to hotspot...
Candidate: x_peak:       -0.325, y_peak:        0.775, r_peak:        0.020, sig:       10.652, ra_peak:      200.753, dec_peak:       15.255
Characteristic density local = 5345.6 deg^-2 = 1.485 arcmin^-2
Fitting aperture to hotspot...
Candidate: x_peak:       -0.175, y_peak:        0.975, r_peak:        0.020, sig:        7.182, ra_peak:      200.908, dec_peak:       15.455
Characteristic density local = 5622.1 deg^-2 = 1.562 arcmin^-2
Fitting aperture to hotspot...
Candidate: x_peak:       -0.045, y_peak:       -0.505, r_peak:        0.020, sig:       18.082, ra_peak:      201.044, dec_peak:       13.975
Characteristic density local = 5305.8 deg^-2 = 1.474 arcmin^-2
Fitting aperture to hotspot...
Candidate: x_peak:        0.435, y_peak:       -0.135, r_peak:        0.020, sig:        8.902, ra_peak:      201.539, dec_peak:       14.345
Characteristic density local = 5200.4 deg^-2 = 1.445 arcmin^-2
Fitting aperture to hotspot...
Candidate: x_peak:        0.465, y_peak:        0.095, r_peak:        0.010, sig:        9.395, ra_peak:      201.570, dec_peak:       14.575
Characteristic density local = 5156.6 deg^-2 = 1.432 arcmin^-2
Fitting aperture to hotspot...
Candidate: x_peak:        0.675, y_peak:        0.615, r_peak:        0.010, sig:       10.540, ra_peak:      201.789, dec_peak:       15.094
Characteristic density local = 5713.7 deg^-2 = 1.587 arcmin^-2
Fitting aperture to hotspot...
Candidate: x_peak:        0.745, y_peak:       -0.555, r_peak:        0.030, sig:        6.679, ra_peak:      201.858, dec_peak:       13.924
Distance = 79.4 kpc (m-M = 19.5)
711941 objects left after isochrone cut...
Characteristic density = 5200.0 deg^-2
Characteristic density local = 5365.5 deg^-2 = 1.490 arcmin^-2
Fitting aperture to hotspot...
Candidate: x_peak:       -0.935, y_peak:        0.045, r_peak:        0.020, sig:        9.062, ra_peak:      200.124, dec_peak:       14.523
Characteristic density local = 5568.4 deg^-2 = 1.547 arcmin^-2
Fitting aperture to hotspot...
Candidate: x_peak:       -0.725, y_peak:       -0.335, r_peak:        0.020, sig:       14.622, ra_peak:      200.342, dec_peak:       14.144
Characteristic density local = 5498.8 deg^-2 = 1.527 arcmin^-2
Fitting aperture to hotspot...
Candidate: x_peak:       -0.325, y_peak:        0.775, r_peak:        0.020, sig:       10.705, ra_peak:      200.753, dec_peak:       15.255
Characteristic density local = 5282.0 deg^-2 = 1.467 arcmin^-2
Fitting aperture to hotspot...
Candidate: x_peak:       -0.175, y_peak:        0.975, r_peak:        0.020, sig:        7.225, ra_peak:      200.908, dec_peak:       15.455
Characteristic density local = 5552.5 deg^-2 = 1.542 arcmin^-2
Fitting aperture to hotspot...
Candidate: x_peak:       -0.045, y_peak:       -0.505, r_peak:        0.020, sig:       18.144, ra_peak:      201.044, dec_peak:       13.975
Characteristic density local = 5226.3 deg^-2 = 1.452 arcmin^-2
Fitting aperture to hotspot...
Candidate: x_peak:        0.435, y_peak:       -0.135, r_peak:        0.020, sig:        8.755, ra_peak:      201.539, dec_peak:       14.345
Characteristic density local = 5112.9 deg^-2 = 1.420 arcmin^-2
Fitting aperture to hotspot...
Candidate: x_peak:        0.465, y_peak:        0.095, r_peak:        0.010, sig:        9.437, ra_peak:      201.570, dec_peak:       14.575
Characteristic density local = 5091.0 deg^-2 = 1.414 arcmin^-2
Fitting aperture to hotspot...
Candidate: x_peak:        0.675, y_peak:        0.615, r_peak:        0.010, sig:       10.573, ra_peak:      201.789, dec_peak:       15.094
Characteristic density local = 5648.0 deg^-2 = 1.569 arcmin^-2
Fitting aperture to hotspot...
Candidate: x_peak:        0.745, y_peak:       -0.555, r_peak:        0.030, sig:        6.737, ra_peak:      201.858, dec_peak:       13.924
Distance = 100.0 kpc (m-M = 20.0)
709254 objects left after isochrone cut...
Characteristic density = 5100.0 deg^-2
Characteristic density local = 5297.9 deg^-2 = 1.472 arcmin^-2
Fitting aperture to hotspot...
Candidate: x_peak:       -0.945, y_peak:        0.045, r_peak:        0.020, sig:        9.510, ra_peak:      200.114, dec_peak:       14.523
Characteristic density local = 5480.9 deg^-2 = 1.522 arcmin^-2
Fitting aperture to hotspot...
Candidate: x_peak:       -0.725, y_peak:       -0.335, r_peak:        0.020, sig:       14.694, ra_peak:      200.342, dec_peak:       14.144
Characteristic density local = 5411.3 deg^-2 = 1.503 arcmin^-2
Fitting aperture to hotspot...
Candidate: x_peak:       -0.325, y_peak:        0.775, r_peak:        0.020, sig:       10.771, ra_peak:      200.753, dec_peak:       15.255
Characteristic density local = 5469.0 deg^-2 = 1.519 arcmin^-2
Fitting aperture to hotspot...
Candidate: x_peak:       -0.045, y_peak:       -0.505, r_peak:        0.020, sig:       18.219, ra_peak:      201.044, dec_peak:       13.975
Characteristic density local = 5134.7 deg^-2 = 1.426 arcmin^-2
Fitting aperture to hotspot...
Candidate: x_peak:        0.435, y_peak:       -0.135, r_peak:        0.020, sig:        8.822, ra_peak:      201.539, dec_peak:       14.345
Characteristic density local = 5005.4 deg^-2 = 1.390 arcmin^-2
Fitting aperture to hotspot...
Candidate: x_peak:        0.465, y_peak:        0.095, r_peak:        0.010, sig:        9.489, ra_peak:      201.570, dec_peak:       14.575
Characteristic density local = 5003.4 deg^-2 = 1.390 arcmin^-2
Fitting aperture to hotspot...
Candidate: x_peak:        0.675, y_peak:        0.615, r_peak:        0.010, sig:       10.618, ra_peak:      201.789, dec_peak:       15.094
Characteristic density local = 5564.5 deg^-2 = 1.546 arcmin^-2
Fitting aperture to hotspot...
Candidate: x_peak:        0.745, y_peak:       -0.555, r_peak:        0.030, sig:        6.812, ra_peak:      201.858, dec_peak:       13.924
Distance = 125.9 kpc (m-M = 20.5)
706150 objects left after isochrone cut...
Characteristic density = 5000.0 deg^-2
Characteristic density local = 5196.4 deg^-2 = 1.443 arcmin^-2
Fitting aperture to hotspot...
Candidate: x_peak:       -0.945, y_peak:        0.045, r_peak:        0.020, sig:        9.386, ra_peak:      200.114, dec_peak:       14.523
Characteristic density local = 5375.5 deg^-2 = 1.493 arcmin^-2
Fitting aperture to hotspot...
Candidate: x_peak:       -0.725, y_peak:       -0.335, r_peak:        0.020, sig:       14.782, ra_peak:      200.342, dec_peak:       14.144
Characteristic density local = 5311.8 deg^-2 = 1.475 arcmin^-2
Fitting aperture to hotspot...
Candidate: x_peak:       -0.325, y_peak:        0.775, r_peak:        0.020, sig:       10.846, ra_peak:      200.753, dec_peak:       15.255
Characteristic density local = 5335.7 deg^-2 = 1.482 arcmin^-2
Fitting aperture to hotspot...
Candidate: x_peak:       -0.045, y_peak:       -0.505, r_peak:        0.020, sig:       18.340, ra_peak:      201.044, dec_peak:       13.975
Characteristic density local = 5031.3 deg^-2 = 1.398 arcmin^-2
Fitting aperture to hotspot...
Candidate: x_peak:        0.435, y_peak:       -0.135, r_peak:        0.020, sig:        8.899, ra_peak:      201.539, dec_peak:       14.345
Characteristic density local = 4907.9 deg^-2 = 1.363 arcmin^-2
Fitting aperture to hotspot...
Candidate: x_peak:        0.465, y_peak:        0.095, r_peak:        0.010, sig:        9.537, ra_peak:      201.570, dec_peak:       14.575
Characteristic density local = 4906.0 deg^-2 = 1.363 arcmin^-2
Fitting aperture to hotspot...
Candidate: x_peak:        0.675, y_peak:        0.615, r_peak:        0.010, sig:       10.668, ra_peak:      201.789, dec_peak:       15.094
Characteristic density local = 5471.0 deg^-2 = 1.520 arcmin^-2
Fitting aperture to hotspot...
Candidate: x_peak:        0.745, y_peak:       -0.555, r_peak:        0.030, sig:        6.726, ra_peak:      201.858, dec_peak:       13.924
Distance = 158.5 kpc (m-M = 21.0)
702312 objects left after isochrone cut...
Characteristic density = 4900.0 deg^-2
Characteristic density local = 5055.2 deg^-2 = 1.404 arcmin^-2
Fitting aperture to hotspot...
Candidate: x_peak:       -0.945, y_peak:        0.045, r_peak:        0.020, sig:        9.492, ra_peak:      200.114, dec_peak:       14.523
Characteristic density local = 5236.2 deg^-2 = 1.454 arcmin^-2
Fitting aperture to hotspot...
Candidate: x_peak:       -0.725, y_peak:       -0.335, r_peak:        0.020, sig:       14.901, ra_peak:      200.342, dec_peak:       14.144
Characteristic density local = 5182.5 deg^-2 = 1.440 arcmin^-2
Fitting aperture to hotspot...
Candidate: x_peak:       -0.325, y_peak:        0.775, r_peak:        0.020, sig:       10.946, ra_peak:      200.753, dec_peak:       15.255
Characteristic density local = 4919.9 deg^-2 = 1.367 arcmin^-2
Fitting aperture to hotspot...
Candidate: x_peak:       -0.175, y_peak:        0.975, r_peak:        0.020, sig:        7.255, ra_peak:      200.908, dec_peak:       15.455
Characteristic density local = 5204.4 deg^-2 = 1.446 arcmin^-2
Fitting aperture to hotspot...
Candidate: x_peak:       -0.045, y_peak:       -0.505, r_peak:        0.020, sig:       18.316, ra_peak:      201.044, dec_peak:       13.975
Characteristic density local = 4894.0 deg^-2 = 1.359 arcmin^-2
Fitting aperture to hotspot...
Candidate: x_peak:        0.435, y_peak:       -0.135, r_peak:        0.020, sig:        9.002, ra_peak:      201.539, dec_peak:       14.345
Characteristic density local = 4756.7 deg^-2 = 1.321 arcmin^-2
Fitting aperture to hotspot...
Candidate: x_peak:        0.465, y_peak:        0.095, r_peak:        0.010, sig:        9.613, ra_peak:      201.570, dec_peak:       14.575
Characteristic density local = 4748.8 deg^-2 = 1.319 arcmin^-2
Fitting aperture to hotspot...
Candidate: x_peak:        0.675, y_peak:        0.615, r_peak:        0.010, sig:       10.751, ra_peak:      201.789, dec_peak:       15.094
Characteristic density local = 5331.7 deg^-2 = 1.481 arcmin^-2
Fitting aperture to hotspot...
Candidate: x_peak:        0.745, y_peak:       -0.555, r_peak:        0.030, sig:        6.853, ra_peak:      201.858, dec_peak:       13.924
Distance = 199.5 kpc (m-M = 21.5)
697861 objects left after isochrone cut...
Characteristic density = 4700.0 deg^-2
Characteristic density local = 4909.9 deg^-2 = 1.364 arcmin^-2
Fitting aperture to hotspot...
Candidate: x_peak:       -0.945, y_peak:        0.045, r_peak:        0.020, sig:        9.604, ra_peak:      200.114, dec_peak:       14.523
Characteristic density local = 5083.0 deg^-2 = 1.412 arcmin^-2
Fitting aperture to hotspot...
Candidate: x_peak:       -0.725, y_peak:       -0.335, r_peak:        0.020, sig:       14.871, ra_peak:      200.342, dec_peak:       14.144
Characteristic density local = 5051.2 deg^-2 = 1.403 arcmin^-2
Fitting aperture to hotspot...
Candidate: x_peak:       -0.325, y_peak:        0.775, r_peak:        0.020, sig:       11.050, ra_peak:      200.753, dec_peak:       15.255
Characteristic density local = 4754.8 deg^-2 = 1.321 arcmin^-2
Fitting aperture to hotspot...
Candidate: x_peak:       -0.175, y_peak:        0.975, r_peak:        0.020, sig:        7.375, ra_peak:      200.908, dec_peak:       15.455
Characteristic density local = 5065.1 deg^-2 = 1.407 arcmin^-2
Fitting aperture to hotspot...
Candidate: x_peak:       -0.045, y_peak:       -0.505, r_peak:        0.020, sig:       18.153, ra_peak:      201.044, dec_peak:       13.975
Characteristic density local = 4734.9 deg^-2 = 1.315 arcmin^-2
Fitting aperture to hotspot...
Candidate: x_peak:        0.435, y_peak:       -0.135, r_peak:        0.020, sig:        8.916, ra_peak:      201.539, dec_peak:       14.345
Characteristic density local = 4591.6 deg^-2 = 1.275 arcmin^-2
Fitting aperture to hotspot...
Candidate: x_peak:        0.465, y_peak:        0.095, r_peak:        0.010, sig:        9.698, ra_peak:      201.570, dec_peak:       14.575
Characteristic density local = 4613.5 deg^-2 = 1.282 arcmin^-2
Fitting aperture to hotspot...
Candidate: x_peak:        0.675, y_peak:        0.615, r_peak:        0.010, sig:       10.825, ra_peak:      201.789, dec_peak:       15.094
Characteristic density local = 5188.5 deg^-2 = 1.441 arcmin^-2
Fitting aperture to hotspot...
Candidate: x_peak:        0.745, y_peak:       -0.555, r_peak:        0.030, sig:        6.640, ra_peak:      201.858, dec_peak:       13.924
Distance = 251.2 kpc (m-M = 22.0)
692174 objects left after isochrone cut...
Characteristic density = 4500.0 deg^-2
Characteristic density local = 4665.2 deg^-2 = 1.296 arcmin^-2
Fitting aperture to hotspot...
Candidate: x_peak:       -0.945, y_peak:        0.055, r_peak:        0.010, sig:       12.131, ra_peak:      200.114, dec_peak:       14.533
Characteristic density local = 4894.0 deg^-2 = 1.359 arcmin^-2
Fitting aperture to hotspot...
Candidate: x_peak:       -0.725, y_peak:       -0.335, r_peak:        0.020, sig:       15.040, ra_peak:      200.342, dec_peak:       14.144
Characteristic density local = 4836.3 deg^-2 = 1.343 arcmin^-2
Fitting aperture to hotspot...
Candidate: x_peak:       -0.325, y_peak:        0.775, r_peak:        0.020, sig:       11.224, ra_peak:      200.753, dec_peak:       15.255
Characteristic density local = 4577.7 deg^-2 = 1.272 arcmin^-2
Fitting aperture to hotspot...
Candidate: x_peak:       -0.175, y_peak:        0.975, r_peak:        0.020, sig:        7.278, ra_peak:      200.908, dec_peak:       15.455
Characteristic density local = 4874.1 deg^-2 = 1.354 arcmin^-2
Fitting aperture to hotspot...
Candidate: x_peak:       -0.045, y_peak:       -0.505, r_peak:        0.020, sig:       18.337, ra_peak:      201.044, dec_peak:       13.975
Characteristic density local = 4508.1 deg^-2 = 1.252 arcmin^-2
Fitting aperture to hotspot...
Candidate: x_peak:        0.435, y_peak:       -0.135, r_peak:        0.020, sig:        9.096, ra_peak:      201.539, dec_peak:       14.345
Characteristic density local = 4402.6 deg^-2 = 1.223 arcmin^-2
Fitting aperture to hotspot...
Candidate: x_peak:        0.465, y_peak:        0.095, r_peak:        0.010, sig:        9.799, ra_peak:      201.570, dec_peak:       14.575
Characteristic density local = 4424.5 deg^-2 = 1.229 arcmin^-2
Fitting aperture to hotspot...
Candidate: x_peak:        0.675, y_peak:        0.615, r_peak:        0.010, sig:       10.930, ra_peak:      201.789, dec_peak:       15.094
Characteristic density local = 4965.6 deg^-2 = 1.379 arcmin^-2
Fitting aperture to hotspot...
Candidate: x_peak:        0.745, y_peak:       -0.555, r_peak:        0.030, sig:        6.675, ra_peak:      201.858, dec_peak:       13.924
Distance = 316.2 kpc (m-M = 22.5)
685307 objects left after isochrone cut...
Characteristic density = 4300.0 deg^-2
Characteristic density local = 4456.3 deg^-2 = 1.238 arcmin^-2
Fitting aperture to hotspot...
Candidate: x_peak:       -0.945, y_peak:        0.055, r_peak:        0.010, sig:       12.253, ra_peak:      200.114, dec_peak:       14.533
Characteristic density local = 4665.2 deg^-2 = 1.296 arcmin^-2
Fitting aperture to hotspot...
Candidate: x_peak:       -0.725, y_peak:       -0.335, r_peak:        0.020, sig:       15.085, ra_peak:      200.342, dec_peak:       14.144
Characteristic density local = 4635.4 deg^-2 = 1.288 arcmin^-2
Fitting aperture to hotspot...
Candidate: x_peak:       -0.325, y_peak:        0.775, r_peak:        0.020, sig:       11.392, ra_peak:      200.753, dec_peak:       15.255
Characteristic density local = 4356.9 deg^-2 = 1.210 arcmin^-2
Fitting aperture to hotspot...
Candidate: x_peak:       -0.175, y_peak:        0.975, r_peak:        0.020, sig:        7.447, ra_peak:      200.908, dec_peak:       15.455
Characteristic density local = 4653.3 deg^-2 = 1.293 arcmin^-2
Fitting aperture to hotspot...
Candidate: x_peak:       -0.045, y_peak:       -0.505, r_peak:        0.020, sig:       18.408, ra_peak:      201.044, dec_peak:       13.975
Characteristic density local = 4297.2 deg^-2 = 1.194 arcmin^-2
Fitting aperture to hotspot...
Candidate: x_peak:        0.435, y_peak:       -0.135, r_peak:        0.020, sig:        9.269, ra_peak:      201.539, dec_peak:       14.345
Characteristic density local = 4185.8 deg^-2 = 1.163 arcmin^-2
Fitting aperture to hotspot...
Candidate: x_peak:        0.465, y_peak:        0.105, r_peak:        0.020, sig:        8.493, ra_peak:      201.570, dec_peak:       14.585
Characteristic density local = 4167.9 deg^-2 = 1.158 arcmin^-2
Fitting aperture to hotspot...
Candidate: x_peak:        0.665, y_peak:        0.615, r_peak:        0.020, sig:        8.948, ra_peak:      201.779, dec_peak:       15.094
Characteristic density local = 4746.8 deg^-2 = 1.319 arcmin^-2
Fitting aperture to hotspot...
Candidate: x_peak:        0.745, y_peak:       -0.555, r_peak:        0.030, sig:        6.887, ra_peak:      201.858, dec_peak:       13.924
Distance = 398.1 kpc (m-M = 23.0)
677107 objects left after isochrone cut...
Characteristic density = 4000.0 deg^-2
Characteristic density local = 4171.8 deg^-2 = 1.159 arcmin^-2
Fitting aperture to hotspot...
Candidate: x_peak:       -0.945, y_peak:        0.055, r_peak:        0.010, sig:       12.427, ra_peak:      200.114, dec_peak:       14.533
Characteristic density local = 4412.6 deg^-2 = 1.226 arcmin^-2
Fitting aperture to hotspot...
Candidate: x_peak:       -0.725, y_peak:       -0.335, r_peak:        0.020, sig:       15.160, ra_peak:      200.342, dec_peak:       14.144
Characteristic density local = 4323.0 deg^-2 = 1.201 arcmin^-2
Fitting aperture to hotspot...
Candidate: x_peak:       -0.325, y_peak:        0.775, r_peak:        0.020, sig:       11.473, ra_peak:      200.753, dec_peak:       15.255
Characteristic density local = 4068.4 deg^-2 = 1.130 arcmin^-2
Fitting aperture to hotspot...
Candidate: x_peak:       -0.175, y_peak:        0.975, r_peak:        0.020, sig:        7.678, ra_peak:      200.908, dec_peak:       15.455
Characteristic density local = 4372.8 deg^-2 = 1.215 arcmin^-2
Fitting aperture to hotspot...
Candidate: x_peak:       -0.045, y_peak:       -0.505, r_peak:        0.020, sig:       18.700, ra_peak:      201.044, dec_peak:       13.975
Characteristic density local = 4020.7 deg^-2 = 1.117 arcmin^-2
Fitting aperture to hotspot...
Candidate: x_peak:        0.435, y_peak:       -0.135, r_peak:        0.020, sig:        9.292, ra_peak:      201.539, dec_peak:       14.345
Characteristic density local = 3907.3 deg^-2 = 1.085 arcmin^-2
Fitting aperture to hotspot...
Candidate: x_peak:        0.465, y_peak:        0.095, r_peak:        0.010, sig:        9.781, ra_peak:      201.570, dec_peak:       14.575
Characteristic density local = 3921.2 deg^-2 = 1.089 arcmin^-2
Fitting aperture to hotspot...
Candidate: x_peak:        0.665, y_peak:        0.615, r_peak:        0.020, sig:        8.941, ra_peak:      201.779, dec_peak:       15.094
Characteristic density local = 4496.1 deg^-2 = 1.249 arcmin^-2
Fitting aperture to hotspot...
Candidate: x_peak:        0.745, y_peak:       -0.555, r_peak:        0.030, sig:        6.960, ra_peak:      201.858, dec_peak:       13.924
18.70 sigma; (RA, Dec, d) = (201.04, 13.97); r = 0.02 deg; d = 398.1, mu = 23.00 mag), mc_source_id: 0.00
15.16 sigma; (RA, Dec, d) = (200.34, 14.14); r = 0.02 deg; d = 398.1, mu = 23.00 mag), mc_source_id: 0.00
12.43 sigma; (RA, Dec, d) = (200.11, 14.53); r = 0.01 deg; d = 398.1, mu = 23.00 mag), mc_source_id: 0.00
11.47 sigma; (RA, Dec, d) = (200.75, 15.25); r = 0.02 deg; d = 398.1, mu = 23.00 mag), mc_source_id: 0.00
10.93 sigma; (RA, Dec, d) = (201.79, 15.09); r = 0.01 deg; d = 251.2, mu = 22.00 mag), mc_source_id: 0.00
9.80 sigma; (RA, Dec, d) = (201.57, 14.57); r = 0.01 deg; d = 251.2, mu = 22.00 mag), mc_source_id: 0.00
9.29 sigma; (RA, Dec, d) = (201.54, 14.34); r = 0.02 deg; d = 398.1, mu = 23.00 mag), mc_source_id: 0.00
9.06 sigma; (RA, Dec, d) = (200.12, 14.52); r = 0.02 deg; d = 79.4, mu = 19.50 mag), mc_source_id: 0.00
7.68 sigma; (RA, Dec, d) = (200.91, 15.45); r = 0.02 deg; d = 398.1, mu = 23.00 mag), mc_source_id: 0.00
6.96 sigma; (RA, Dec, d) = (201.86, 13.92); r = 0.03 deg; d = 398.1, mu = 23.00 mag), mc_source_id: 0.00

------------------------------------------------------------
Job <679910.0> was submitted from <des51.fnal.gov> by user <tavangar>.
Job was executed on host <des40.fnal.gov> as user <tavangar>.
</var/lib/condor/execute/dir_1825998> was used as the initial working directory.
Results reported at Wed Jun  5 06:46:39 CDT 2019

Your job looked like:

------------------------------------------------------------
python /home/s1/tavangar/tavangar_simple/search_algorithm.py 201.09 14.48 0.00 /home/s1/tavangar/tavangar_simple/decals_dr7_results/results_nside_32_4615.csv /home/s1/tavangar/tavangar_simple/decals_dr7_results/decals_dr7_log/results_nside_32_4615.log
------------------------------------------------------------

Successfully completed.

Resource usage summary:

	Real time :			454.70 sec.
	CPU time :			119.47 sec.
	CPU percentage :		85%
	Max Memory :			6334928 KB
	Average Memory :		0 KB

The output (if any) is above this job summary.
