/home/s1/tavangar/tavangar_simple/simple_utils.py:170: FutureWarning: elementwise comparison failed; returning scalar instead, but in the future will perform elementwise comparison
  if np.all(isochrone.stage == 'Main'):
Search coordinates: (RA, Dec) = (136.41, 0.00)
Center healpixel: 6128
Healpixels: [6128 6256 6127 6000 5872 6001 6129 6257 6384]
MC_SOURCE_ID = 0.0
mode = 0: running only on real data
Found 1 objects...
Applying cuts...
946100 star-like objects in ROI...
1180856 galaxy-like objects in ROI...
No fracdet map specified ...
Distance = 15.8 kpc (m-M = 16.0)
946076 objects left after isochrone cut...
Characteristic density = 7300.0 deg^-2
Characteristic density local = 8602.3 deg^-2 = 2.390 arcmin^-2
Fitting aperture to hotspot...
Candidate: x_peak:       -1.005, y_peak:       -0.005, r_peak:        0.020, sig:       14.034, ra_peak:      135.405, dec_peak:       -0.005
Characteristic density local = 7820.5 deg^-2 = 2.172 arcmin^-2
Fitting aperture to hotspot...
Candidate: x_peak:       -0.695, y_peak:        0.605, r_peak:        0.270, sig:        4.038, ra_peak:      135.715, dec_peak:        0.605
Characteristic density local = 7794.6 deg^-2 = 2.165 arcmin^-2
Fitting aperture to hotspot...
Candidate: x_peak:       -0.685, y_peak:        0.615, r_peak:        0.280, sig:        4.087, ra_peak:      135.725, dec_peak:        0.615
Characteristic density local = 6847.6 deg^-2 = 1.902 arcmin^-2
Fitting aperture to hotspot...
Candidate: x_peak:       -0.155, y_peak:       -0.135, r_peak:        0.010, sig:        2.476, ra_peak:      136.255, dec_peak:       -0.135
Characteristic density local = 6412.0 deg^-2 = 1.781 arcmin^-2
Fitting aperture to hotspot...
Candidate: x_peak:        0.305, y_peak:        0.465, r_peak:        0.010, sig:        3.894, ra_peak:      136.715, dec_peak:        0.465
Characteristic density local = 4898.0 deg^-2 = 1.361 arcmin^-2
Fitting aperture to hotspot...
Candidate: x_peak:        0.475, y_peak:        0.065, r_peak:        0.020, sig:       10.013, ra_peak:      136.885, dec_peak:        0.065
Characteristic density local = 5809.2 deg^-2 = 1.614 arcmin^-2
Fitting aperture to hotspot...
Candidate: x_peak:        0.685, y_peak:        0.605, r_peak:        0.020, sig:        5.519, ra_peak:      137.095, dec_peak:        0.605
Characteristic density local = 4919.9 deg^-2 = 1.367 arcmin^-2
Fitting aperture to hotspot...
Candidate: x_peak:        1.055, y_peak:        0.195, r_peak:        0.040, sig:        5.186, ra_peak:      137.465, dec_peak:        0.195
Distance = 20.0 kpc (m-M = 16.5)
946089 objects left after isochrone cut...
Characteristic density = 7300.0 deg^-2
Characteristic density local = 8602.3 deg^-2 = 2.390 arcmin^-2
Fitting aperture to hotspot...
Candidate: x_peak:       -1.005, y_peak:       -0.005, r_peak:        0.020, sig:       14.034, ra_peak:      135.405, dec_peak:       -0.005
Characteristic density local = 7820.5 deg^-2 = 2.172 arcmin^-2
Fitting aperture to hotspot...
Candidate: x_peak:       -0.695, y_peak:        0.605, r_peak:        0.270, sig:        4.038, ra_peak:      135.715, dec_peak:        0.605
Characteristic density local = 7794.6 deg^-2 = 2.165 arcmin^-2
Fitting aperture to hotspot...
Candidate: x_peak:       -0.685, y_peak:        0.615, r_peak:        0.280, sig:        4.087, ra_peak:      135.725, dec_peak:        0.615
Characteristic density local = 6847.6 deg^-2 = 1.902 arcmin^-2
Fitting aperture to hotspot...
Candidate: x_peak:       -0.155, y_peak:       -0.135, r_peak:        0.010, sig:        2.476, ra_peak:      136.255, dec_peak:       -0.135
Characteristic density local = 6412.0 deg^-2 = 1.781 arcmin^-2
Fitting aperture to hotspot...
Candidate: x_peak:        0.305, y_peak:        0.465, r_peak:        0.010, sig:        3.894, ra_peak:      136.715, dec_peak:        0.465
Characteristic density local = 4898.0 deg^-2 = 1.361 arcmin^-2
Fitting aperture to hotspot...
Candidate: x_peak:        0.475, y_peak:        0.065, r_peak:        0.020, sig:       10.013, ra_peak:      136.885, dec_peak:        0.065
Characteristic density local = 5809.2 deg^-2 = 1.614 arcmin^-2
Fitting aperture to hotspot...
Candidate: x_peak:        0.685, y_peak:        0.605, r_peak:        0.020, sig:        5.519, ra_peak:      137.095, dec_peak:        0.605
Characteristic density local = 4919.9 deg^-2 = 1.367 arcmin^-2
Fitting aperture to hotspot...
Candidate: x_peak:        1.055, y_peak:        0.195, r_peak:        0.040, sig:        5.186, ra_peak:      137.465, dec_peak:        0.195
Distance = 25.1 kpc (m-M = 17.0)
946094 objects left after isochrone cut...
Characteristic density = 7300.0 deg^-2
Characteristic density local = 8602.3 deg^-2 = 2.390 arcmin^-2
Fitting aperture to hotspot...
Candidate: x_peak:       -1.005, y_peak:       -0.005, r_peak:        0.020, sig:       14.034, ra_peak:      135.405, dec_peak:       -0.005
Characteristic density local = 7820.5 deg^-2 = 2.172 arcmin^-2
Fitting aperture to hotspot...
Candidate: x_peak:       -0.695, y_peak:        0.605, r_peak:        0.270, sig:        4.038, ra_peak:      135.715, dec_peak:        0.605
Characteristic density local = 7794.6 deg^-2 = 2.165 arcmin^-2
Fitting aperture to hotspot...
Candidate: x_peak:       -0.685, y_peak:        0.615, r_peak:        0.280, sig:        4.087, ra_peak:      135.725, dec_peak:        0.615
Characteristic density local = 6847.6 deg^-2 = 1.902 arcmin^-2
Fitting aperture to hotspot...
Candidate: x_peak:       -0.155, y_peak:       -0.135, r_peak:        0.010, sig:        2.476, ra_peak:      136.255, dec_peak:       -0.135
Characteristic density local = 6412.0 deg^-2 = 1.781 arcmin^-2
Fitting aperture to hotspot...
Candidate: x_peak:        0.305, y_peak:        0.465, r_peak:        0.010, sig:        3.894, ra_peak:      136.715, dec_peak:        0.465
Characteristic density local = 4898.0 deg^-2 = 1.361 arcmin^-2
Fitting aperture to hotspot...
Candidate: x_peak:        0.475, y_peak:        0.065, r_peak:        0.020, sig:       10.013, ra_peak:      136.885, dec_peak:        0.065
Characteristic density local = 5809.2 deg^-2 = 1.614 arcmin^-2
Fitting aperture to hotspot...
Candidate: x_peak:        0.685, y_peak:        0.605, r_peak:        0.020, sig:        5.519, ra_peak:      137.095, dec_peak:        0.605
Characteristic density local = 4919.9 deg^-2 = 1.367 arcmin^-2
Fitting aperture to hotspot...
Candidate: x_peak:        1.055, y_peak:        0.195, r_peak:        0.040, sig:        5.186, ra_peak:      137.465, dec_peak:        0.195
Distance = 31.6 kpc (m-M = 17.5)
946093 objects left after isochrone cut...
Characteristic density = 7300.0 deg^-2
Characteristic density local = 8602.3 deg^-2 = 2.390 arcmin^-2
Fitting aperture to hotspot...
Candidate: x_peak:       -1.005, y_peak:       -0.005, r_peak:        0.020, sig:       14.034, ra_peak:      135.405, dec_peak:       -0.005
Characteristic density local = 7820.5 deg^-2 = 2.172 arcmin^-2
Fitting aperture to hotspot...
Candidate: x_peak:       -0.695, y_peak:        0.605, r_peak:        0.270, sig:        4.038, ra_peak:      135.715, dec_peak:        0.605
Characteristic density local = 7794.6 deg^-2 = 2.165 arcmin^-2
Fitting aperture to hotspot...
Candidate: x_peak:       -0.685, y_peak:        0.615, r_peak:        0.280, sig:        4.087, ra_peak:      135.725, dec_peak:        0.615
Characteristic density local = 6847.6 deg^-2 = 1.902 arcmin^-2
Fitting aperture to hotspot...
Candidate: x_peak:       -0.155, y_peak:       -0.135, r_peak:        0.010, sig:        2.476, ra_peak:      136.255, dec_peak:       -0.135
Characteristic density local = 6412.0 deg^-2 = 1.781 arcmin^-2
Fitting aperture to hotspot...
Candidate: x_peak:        0.305, y_peak:        0.465, r_peak:        0.010, sig:        3.894, ra_peak:      136.715, dec_peak:        0.465
Characteristic density local = 4898.0 deg^-2 = 1.361 arcmin^-2
Fitting aperture to hotspot...
Candidate: x_peak:        0.475, y_peak:        0.065, r_peak:        0.020, sig:       10.013, ra_peak:      136.885, dec_peak:        0.065
Characteristic density local = 5809.2 deg^-2 = 1.614 arcmin^-2
Fitting aperture to hotspot...
Candidate: x_peak:        0.685, y_peak:        0.605, r_peak:        0.020, sig:        5.519, ra_peak:      137.095, dec_peak:        0.605
Characteristic density local = 4919.9 deg^-2 = 1.367 arcmin^-2
Fitting aperture to hotspot...
Candidate: x_peak:        1.055, y_peak:        0.195, r_peak:        0.040, sig:        5.186, ra_peak:      137.465, dec_peak:        0.195
Distance = 39.8 kpc (m-M = 18.0)
946010 objects left after isochrone cut...
Characteristic density = 7300.0 deg^-2
Characteristic density local = 8596.4 deg^-2 = 2.388 arcmin^-2
Fitting aperture to hotspot...
Candidate: x_peak:       -1.005, y_peak:       -0.005, r_peak:        0.020, sig:       14.037, ra_peak:      135.405, dec_peak:       -0.005
Characteristic density local = 7812.5 deg^-2 = 2.170 arcmin^-2
Fitting aperture to hotspot...
Candidate: x_peak:       -0.695, y_peak:        0.605, r_peak:        0.270, sig:        4.082, ra_peak:      135.715, dec_peak:        0.605
Characteristic density local = 7786.7 deg^-2 = 2.163 arcmin^-2
Fitting aperture to hotspot...
Candidate: x_peak:       -0.685, y_peak:        0.615, r_peak:        0.280, sig:        4.133, ra_peak:      135.725, dec_peak:        0.615
Characteristic density local = 6847.6 deg^-2 = 1.902 arcmin^-2
Fitting aperture to hotspot...
Candidate: x_peak:       -0.155, y_peak:       -0.135, r_peak:        0.010, sig:        2.476, ra_peak:      136.255, dec_peak:       -0.135
Characteristic density local = 6412.0 deg^-2 = 1.781 arcmin^-2
Fitting aperture to hotspot...
Candidate: x_peak:        0.305, y_peak:        0.465, r_peak:        0.010, sig:        3.894, ra_peak:      136.715, dec_peak:        0.465
Characteristic density local = 4898.0 deg^-2 = 1.361 arcmin^-2
Fitting aperture to hotspot...
Candidate: x_peak:        0.475, y_peak:        0.065, r_peak:        0.020, sig:       10.013, ra_peak:      136.885, dec_peak:        0.065
Characteristic density local = 5807.2 deg^-2 = 1.613 arcmin^-2
Fitting aperture to hotspot...
Candidate: x_peak:        0.685, y_peak:        0.605, r_peak:        0.020, sig:        5.520, ra_peak:      137.095, dec_peak:        0.605
Characteristic density local = 4917.9 deg^-2 = 1.366 arcmin^-2
Fitting aperture to hotspot...
Candidate: x_peak:        1.055, y_peak:        0.195, r_peak:        0.040, sig:        5.188, ra_peak:      137.465, dec_peak:        0.195
Distance = 50.1 kpc (m-M = 18.5)
944391 objects left after isochrone cut...
Characteristic density = 7300.0 deg^-2
Characteristic density local = 8550.6 deg^-2 = 2.375 arcmin^-2
Fitting aperture to hotspot...
Candidate: x_peak:       -1.005, y_peak:       -0.005, r_peak:        0.020, sig:       14.065, ra_peak:      135.405, dec_peak:       -0.005
Characteristic density local = 7778.7 deg^-2 = 2.161 arcmin^-2
Fitting aperture to hotspot...
Candidate: x_peak:       -0.695, y_peak:        0.605, r_peak:        0.270, sig:        4.062, ra_peak:      135.715, dec_peak:        0.605
Characteristic density local = 7748.9 deg^-2 = 2.152 arcmin^-2
Fitting aperture to hotspot...
Candidate: x_peak:       -0.685, y_peak:        0.615, r_peak:        0.280, sig:        4.127, ra_peak:      135.725, dec_peak:        0.615
Characteristic density local = 6825.8 deg^-2 = 1.896 arcmin^-2
Fitting aperture to hotspot...
Candidate: x_peak:       -0.155, y_peak:       -0.135, r_peak:        0.010, sig:        2.482, ra_peak:      136.255, dec_peak:       -0.135
Characteristic density local = 6394.0 deg^-2 = 1.776 arcmin^-2
Fitting aperture to hotspot...
Candidate: x_peak:        0.305, y_peak:        0.465, r_peak:        0.010, sig:        3.900, ra_peak:      136.715, dec_peak:        0.465
Characteristic density local = 4890.0 deg^-2 = 1.358 arcmin^-2
Fitting aperture to hotspot...
Candidate: x_peak:        0.475, y_peak:        0.065, r_peak:        0.020, sig:       10.019, ra_peak:      136.885, dec_peak:        0.065
Characteristic density local = 5783.3 deg^-2 = 1.606 arcmin^-2
Fitting aperture to hotspot...
Candidate: x_peak:        0.685, y_peak:        0.605, r_peak:        0.020, sig:        5.535, ra_peak:      137.095, dec_peak:        0.605
Characteristic density local = 4906.0 deg^-2 = 1.363 arcmin^-2
Fitting aperture to hotspot...
Candidate: x_peak:        1.055, y_peak:        0.195, r_peak:        0.040, sig:        5.202, ra_peak:      137.465, dec_peak:        0.195
Distance = 63.1 kpc (m-M = 19.0)
940930 objects left after isochrone cut...
Characteristic density = 7100.0 deg^-2
Characteristic density local = 8385.5 deg^-2 = 2.329 arcmin^-2
Fitting aperture to hotspot...
Candidate: x_peak:       -1.005, y_peak:       -0.005, r_peak:        0.020, sig:       14.166, ra_peak:      135.405, dec_peak:       -0.005
Characteristic density local = 6722.3 deg^-2 = 1.867 arcmin^-2
Fitting aperture to hotspot...
Candidate: x_peak:       -0.155, y_peak:       -0.135, r_peak:        0.010, sig:        2.510, ra_peak:      136.255, dec_peak:       -0.135
Characteristic density local = 6238.9 deg^-2 = 1.733 arcmin^-2
Fitting aperture to hotspot...
Candidate: x_peak:        0.215, y_peak:        0.405, r_peak:        0.030, sig:        2.408, ra_peak:      136.625, dec_peak:        0.405
Characteristic density local = 7812.5 deg^-2 = 2.170 arcmin^-2
Fitting aperture to hotspot...
Candidate: x_peak:        0.265, y_peak:        0.965, r_peak:        0.020, sig:        0.269, ra_peak:      136.675, dec_peak:        0.965
Characteristic density local = 6310.5 deg^-2 = 1.753 arcmin^-2
Fitting aperture to hotspot...
Candidate: x_peak:        0.305, y_peak:        0.465, r_peak:        0.010, sig:        3.926, ra_peak:      136.715, dec_peak:        0.465
Characteristic density local = 4860.2 deg^-2 = 1.350 arcmin^-2
Fitting aperture to hotspot...
Candidate: x_peak:        0.475, y_peak:        0.065, r_peak:        0.020, sig:       10.042, ra_peak:      136.885, dec_peak:        0.065
Characteristic density local = 5683.8 deg^-2 = 1.579 arcmin^-2
Fitting aperture to hotspot...
Candidate: x_peak:        0.685, y_peak:        0.605, r_peak:        0.020, sig:        5.596, ra_peak:      137.095, dec_peak:        0.605
Characteristic density local = 4846.3 deg^-2 = 1.346 arcmin^-2
Fitting aperture to hotspot...
Candidate: x_peak:        1.045, y_peak:        0.195, r_peak:        0.030, sig:        4.544, ra_peak:      137.455, dec_peak:        0.195
Distance = 79.4 kpc (m-M = 19.5)
936302 objects left after isochrone cut...
Characteristic density = 7000.0 deg^-2
Characteristic density local = 8178.6 deg^-2 = 2.272 arcmin^-2
Fitting aperture to hotspot...
Candidate: x_peak:       -1.005, y_peak:       -0.005, r_peak:        0.020, sig:       14.295, ra_peak:      135.405, dec_peak:       -0.005
Characteristic density local = 6589.0 deg^-2 = 1.830 arcmin^-2
Fitting aperture to hotspot...
Candidate: x_peak:       -0.155, y_peak:       -0.135, r_peak:        0.020, sig:        2.564, ra_peak:      136.255, dec_peak:       -0.135
Characteristic density local = 6232.9 deg^-2 = 1.731 arcmin^-2
Fitting aperture to hotspot...
Candidate: x_peak:        0.205, y_peak:        0.405, r_peak:        0.030, sig:        2.614, ra_peak:      136.615, dec_peak:        0.405
Characteristic density local = 6028.0 deg^-2 = 1.674 arcmin^-2
Fitting aperture to hotspot...
Candidate: x_peak:        0.435, y_peak:        0.605, r_peak:        0.030, sig:       10.414, ra_peak:      136.845, dec_peak:        0.605
Characteristic density local = 6185.2 deg^-2 = 1.718 arcmin^-2
Fitting aperture to hotspot...
Candidate: x_peak:        0.305, y_peak:        0.465, r_peak:        0.010, sig:        3.965, ra_peak:      136.715, dec_peak:        0.465
Characteristic density local = 4776.6 deg^-2 = 1.327 arcmin^-2
Fitting aperture to hotspot...
Candidate: x_peak:        0.475, y_peak:        0.065, r_peak:        0.020, sig:       10.109, ra_peak:      136.885, dec_peak:        0.065
Characteristic density local = 6410.0 deg^-2 = 1.781 arcmin^-2
Fitting aperture to hotspot...
Candidate: x_peak:        0.475, y_peak:        0.735, r_peak:        0.180, sig:        3.754, ra_peak:      136.885, dec_peak:        0.735
Characteristic density local = 5554.5 deg^-2 = 1.543 arcmin^-2
Fitting aperture to hotspot...
Candidate: x_peak:        0.685, y_peak:        0.605, r_peak:        0.020, sig:        5.676, ra_peak:      137.095, dec_peak:        0.605
Characteristic density local = 4754.8 deg^-2 = 1.321 arcmin^-2
Fitting aperture to hotspot...
Candidate: x_peak:        1.045, y_peak:        0.195, r_peak:        0.030, sig:        4.628, ra_peak:      137.455, dec_peak:        0.195
Distance = 100.0 kpc (m-M = 20.0)
930613 objects left after isochrone cut...
Characteristic density = 6800.0 deg^-2
Characteristic density local = 7802.6 deg^-2 = 2.167 arcmin^-2
Fitting aperture to hotspot...
Candidate: x_peak:       -1.035, y_peak:       -0.275, r_peak:        0.290, sig:        7.132, ra_peak:      135.375, dec_peak:       -0.275
Characteristic density local = 7943.8 deg^-2 = 2.207 arcmin^-2
Fitting aperture to hotspot...
Candidate: x_peak:       -1.005, y_peak:       -0.005, r_peak:        0.020, sig:       14.444, ra_peak:      135.405, dec_peak:       -0.005
Characteristic density local = 7734.9 deg^-2 = 2.149 arcmin^-2
Fitting aperture to hotspot...
Candidate: x_peak:       -0.885, y_peak:       -0.445, r_peak:        0.080, sig:       13.838, ra_peak:      135.525, dec_peak:       -0.445
Characteristic density local = 8236.3 deg^-2 = 2.288 arcmin^-2
Fitting aperture to hotspot...
Candidate: x_peak:       -0.835, y_peak:       -0.145, r_peak:        0.020, sig:        6.932, ra_peak:      135.575, dec_peak:       -0.145
Characteristic density local = 7372.9 deg^-2 = 2.048 arcmin^-2
Fitting aperture to hotspot...
Candidate: x_peak:       -0.695, y_peak:        0.405, r_peak:        0.020, sig:       11.030, ra_peak:      135.715, dec_peak:        0.405
Characteristic density local = 7116.2 deg^-2 = 1.977 arcmin^-2
Fitting aperture to hotspot...
Candidate: x_peak:       -0.245, y_peak:        0.915, r_peak:        0.020, sig:       12.838, ra_peak:      136.165, dec_peak:        0.915
Characteristic density local = 6610.9 deg^-2 = 1.836 arcmin^-2
Fitting aperture to hotspot...
Candidate: x_peak:       -0.265, y_peak:        0.055, r_peak:        0.030, sig:        5.431, ra_peak:      136.145, dec_peak:        0.055
Characteristic density local = 7179.9 deg^-2 = 1.994 arcmin^-2
Fitting aperture to hotspot...
Candidate: x_peak:       -0.125, y_peak:        1.025, r_peak:        0.030, sig:        6.452, ra_peak:      136.285, dec_peak:        1.025
Characteristic density local = 5866.8 deg^-2 = 1.630 arcmin^-2
Fitting aperture to hotspot...
Candidate: x_peak:        0.435, y_peak:        0.605, r_peak:        0.030, sig:       10.566, ra_peak:      136.845, dec_peak:        0.605
Distance = 125.9 kpc (m-M = 20.5)
923848 objects left after isochrone cut...
Characteristic density = 6500.0 deg^-2
Characteristic density local = 7542.0 deg^-2 = 2.095 arcmin^-2
Fitting aperture to hotspot...
Candidate: x_peak:       -1.035, y_peak:       -0.275, r_peak:        0.290, sig:        6.797, ra_peak:      135.375, dec_peak:       -0.275
Characteristic density local = 7671.3 deg^-2 = 2.131 arcmin^-2
Fitting aperture to hotspot...
Candidate: x_peak:       -1.005, y_peak:       -0.005, r_peak:        0.020, sig:       14.325, ra_peak:      135.405, dec_peak:       -0.005
Characteristic density local = 7470.3 deg^-2 = 2.075 arcmin^-2
Fitting aperture to hotspot...
Candidate: x_peak:       -0.885, y_peak:       -0.445, r_peak:        0.080, sig:       14.041, ra_peak:      135.525, dec_peak:       -0.445
Characteristic density local = 7925.9 deg^-2 = 2.202 arcmin^-2
Fitting aperture to hotspot...
Candidate: x_peak:       -0.835, y_peak:       -0.145, r_peak:        0.020, sig:        7.094, ra_peak:      135.575, dec_peak:       -0.145
Characteristic density local = 7126.2 deg^-2 = 1.979 arcmin^-2
Fitting aperture to hotspot...
Candidate: x_peak:       -0.695, y_peak:        0.405, r_peak:        0.020, sig:       11.015, ra_peak:      135.715, dec_peak:        0.405
Characteristic density local = 6861.6 deg^-2 = 1.906 arcmin^-2
Fitting aperture to hotspot...
Candidate: x_peak:       -0.245, y_peak:        0.915, r_peak:        0.020, sig:       12.849, ra_peak:      136.165, dec_peak:        0.915
Characteristic density local = 6388.1 deg^-2 = 1.774 arcmin^-2
Fitting aperture to hotspot...
Candidate: x_peak:       -0.265, y_peak:        0.055, r_peak:        0.030, sig:        5.437, ra_peak:      136.145, dec_peak:        0.055
Characteristic density local = 6923.2 deg^-2 = 1.923 arcmin^-2
Fitting aperture to hotspot...
Candidate: x_peak:       -0.135, y_peak:        1.025, r_peak:        0.030, sig:        6.964, ra_peak:      136.275, dec_peak:        1.025
Characteristic density local = 5632.1 deg^-2 = 1.564 arcmin^-2
Fitting aperture to hotspot...
Candidate: x_peak:        0.435, y_peak:        0.605, r_peak:        0.030, sig:       10.794, ra_peak:      136.845, dec_peak:        0.605
Distance = 158.5 kpc (m-M = 21.0)
916147 objects left after isochrone cut...
Characteristic density = 6300.0 deg^-2
Characteristic density local = 7243.5 deg^-2 = 2.012 arcmin^-2
Fitting aperture to hotspot...
Candidate: x_peak:       -1.035, y_peak:       -0.275, r_peak:        0.290, sig:        7.121, ra_peak:      135.375, dec_peak:       -0.275
Characteristic density local = 7368.9 deg^-2 = 2.047 arcmin^-2
Fitting aperture to hotspot...
Candidate: x_peak:       -1.005, y_peak:       -0.005, r_peak:        0.020, sig:       14.376, ra_peak:      135.405, dec_peak:       -0.005
Characteristic density local = 7231.6 deg^-2 = 2.009 arcmin^-2
Fitting aperture to hotspot...
Candidate: x_peak:       -0.885, y_peak:       -0.445, r_peak:        0.080, sig:       14.078, ra_peak:      135.525, dec_peak:       -0.445
Characteristic density local = 7633.5 deg^-2 = 2.120 arcmin^-2
Fitting aperture to hotspot...
Candidate: x_peak:       -0.835, y_peak:       -0.145, r_peak:        0.020, sig:        7.251, ra_peak:      135.575, dec_peak:       -0.145
Characteristic density local = 6817.8 deg^-2 = 1.894 arcmin^-2
Fitting aperture to hotspot...
Candidate: x_peak:       -0.695, y_peak:        0.405, r_peak:        0.020, sig:       11.214, ra_peak:      135.715, dec_peak:        0.405
Characteristic density local = 6601.0 deg^-2 = 1.834 arcmin^-2
Fitting aperture to hotspot...
Candidate: x_peak:       -0.245, y_peak:        0.915, r_peak:        0.020, sig:       13.030, ra_peak:      136.165, dec_peak:        0.915
Characteristic density local = 6081.7 deg^-2 = 1.689 arcmin^-2
Fitting aperture to hotspot...
Candidate: x_peak:       -0.265, y_peak:        0.055, r_peak:        0.030, sig:        5.338, ra_peak:      136.145, dec_peak:        0.055
Characteristic density local = 6650.7 deg^-2 = 1.847 arcmin^-2
Fitting aperture to hotspot...
Candidate: x_peak:       -0.135, y_peak:        1.025, r_peak:        0.030, sig:        7.026, ra_peak:      136.275, dec_peak:        1.025
Characteristic density local = 5393.4 deg^-2 = 1.498 arcmin^-2
Fitting aperture to hotspot...
Candidate: x_peak:        0.435, y_peak:        0.605, r_peak:        0.030, sig:       11.032, ra_peak:      136.845, dec_peak:        0.605
Distance = 199.5 kpc (m-M = 21.5)
907424 objects left after isochrone cut...
Characteristic density = 6000.0 deg^-2
Characteristic density local = 6913.3 deg^-2 = 1.920 arcmin^-2
Fitting aperture to hotspot...
Candidate: x_peak:       -1.035, y_peak:       -0.275, r_peak:        0.290, sig:        7.441, ra_peak:      135.375, dec_peak:       -0.275
Characteristic density local = 7006.8 deg^-2 = 1.946 arcmin^-2
Fitting aperture to hotspot...
Candidate: x_peak:       -1.005, y_peak:       -0.005, r_peak:        0.020, sig:       14.625, ra_peak:      135.405, dec_peak:       -0.005
Characteristic density local = 6907.3 deg^-2 = 1.919 arcmin^-2
Fitting aperture to hotspot...
Candidate: x_peak:       -0.885, y_peak:       -0.445, r_peak:        0.080, sig:       14.229, ra_peak:      135.525, dec_peak:       -0.445
Characteristic density local = 7305.2 deg^-2 = 2.029 arcmin^-2
Fitting aperture to hotspot...
Candidate: x_peak:       -0.835, y_peak:       -0.145, r_peak:        0.020, sig:        7.035, ra_peak:      135.575, dec_peak:       -0.145
Characteristic density local = 6501.5 deg^-2 = 1.806 arcmin^-2
Fitting aperture to hotspot...
Candidate: x_peak:       -0.695, y_peak:        0.405, r_peak:        0.020, sig:       11.425, ra_peak:      135.715, dec_peak:        0.405
Characteristic density local = 5779.3 deg^-2 = 1.605 arcmin^-2
Fitting aperture to hotspot...
Candidate: x_peak:       -0.265, y_peak:        0.055, r_peak:        0.030, sig:        5.413, ra_peak:      136.145, dec_peak:        0.055
Characteristic density local = 6282.6 deg^-2 = 1.745 arcmin^-2
Fitting aperture to hotspot...
Candidate: x_peak:       -0.245, y_peak:        0.915, r_peak:        0.020, sig:       13.258, ra_peak:      136.165, dec_peak:        0.915
Characteristic density local = 6338.3 deg^-2 = 1.761 arcmin^-2
Fitting aperture to hotspot...
Candidate: x_peak:       -0.135, y_peak:        1.025, r_peak:        0.030, sig:        7.284, ra_peak:      136.275, dec_peak:        1.025
Characteristic density local = 5164.6 deg^-2 = 1.435 arcmin^-2
Fitting aperture to hotspot...
Candidate: x_peak:        0.435, y_peak:        0.605, r_peak:        0.030, sig:       11.269, ra_peak:      136.845, dec_peak:        0.605
Distance = 251.2 kpc (m-M = 22.0)
897140 objects left after isochrone cut...
Characteristic density = 5600.0 deg^-2
Characteristic density local = 6507.4 deg^-2 = 1.808 arcmin^-2
Fitting aperture to hotspot...
Candidate: x_peak:       -1.035, y_peak:       -0.275, r_peak:        0.290, sig:        8.139, ra_peak:      135.375, dec_peak:       -0.275
Characteristic density local = 6599.0 deg^-2 = 1.833 arcmin^-2
Fitting aperture to hotspot...
Candidate: x_peak:       -1.005, y_peak:       -0.005, r_peak:        0.020, sig:       14.919, ra_peak:      135.405, dec_peak:       -0.005
Characteristic density local = 6567.1 deg^-2 = 1.824 arcmin^-2
Fitting aperture to hotspot...
Candidate: x_peak:       -0.885, y_peak:       -0.445, r_peak:        0.080, sig:       14.678, ra_peak:      135.525, dec_peak:       -0.445
Characteristic density local = 6901.4 deg^-2 = 1.917 arcmin^-2
Fitting aperture to hotspot...
Candidate: x_peak:       -0.835, y_peak:       -0.145, r_peak:        0.020, sig:        7.061, ra_peak:      135.575, dec_peak:       -0.145
Characteristic density local = 6159.3 deg^-2 = 1.711 arcmin^-2
Fitting aperture to hotspot...
Candidate: x_peak:       -0.695, y_peak:        0.405, r_peak:        0.020, sig:       11.663, ra_peak:      135.715, dec_peak:        0.405
Characteristic density local = 5912.6 deg^-2 = 1.642 arcmin^-2
Fitting aperture to hotspot...
Candidate: x_peak:       -0.245, y_peak:        0.915, r_peak:        0.020, sig:       13.535, ra_peak:      136.165, dec_peak:        0.915
Characteristic density local = 5453.0 deg^-2 = 1.515 arcmin^-2
Fitting aperture to hotspot...
Candidate: x_peak:       -0.265, y_peak:        0.055, r_peak:        0.030, sig:        5.150, ra_peak:      136.145, dec_peak:        0.055
Characteristic density local = 5956.4 deg^-2 = 1.655 arcmin^-2
Fitting aperture to hotspot...
Candidate: x_peak:       -0.135, y_peak:        1.025, r_peak:        0.030, sig:        7.612, ra_peak:      136.275, dec_peak:        1.025
Characteristic density local = 4854.2 deg^-2 = 1.348 arcmin^-2
Fitting aperture to hotspot...
Candidate: x_peak:        0.435, y_peak:        0.605, r_peak:        0.030, sig:       11.455, ra_peak:      136.845, dec_peak:        0.605
Distance = 316.2 kpc (m-M = 22.5)
884967 objects left after isochrone cut...
Characteristic density = 5200.0 deg^-2
Characteristic density local = 6069.8 deg^-2 = 1.686 arcmin^-2
Fitting aperture to hotspot...
Candidate: x_peak:       -1.035, y_peak:       -0.275, r_peak:        0.290, sig:        8.658, ra_peak:      135.375, dec_peak:       -0.275
Characteristic density local = 6095.6 deg^-2 = 1.693 arcmin^-2
Fitting aperture to hotspot...
Candidate: x_peak:       -1.005, y_peak:       -0.005, r_peak:        0.020, sig:       15.301, ra_peak:      135.405, dec_peak:       -0.005
Characteristic density local = 6165.3 deg^-2 = 1.713 arcmin^-2
Fitting aperture to hotspot...
Candidate: x_peak:       -0.885, y_peak:       -0.445, r_peak:        0.080, sig:       14.509, ra_peak:      135.525, dec_peak:       -0.445
Characteristic density local = 6413.9 deg^-2 = 1.782 arcmin^-2
Fitting aperture to hotspot...
Candidate: x_peak:       -0.835, y_peak:       -0.145, r_peak:        0.020, sig:        7.349, ra_peak:      135.575, dec_peak:       -0.145
Characteristic density local = 5687.8 deg^-2 = 1.580 arcmin^-2
Fitting aperture to hotspot...
Candidate: x_peak:       -0.695, y_peak:        0.405, r_peak:        0.020, sig:       11.833, ra_peak:      135.715, dec_peak:        0.405
Characteristic density local = 5528.6 deg^-2 = 1.536 arcmin^-2
Fitting aperture to hotspot...
Candidate: x_peak:       -0.245, y_peak:        0.915, r_peak:        0.020, sig:       13.671, ra_peak:      136.165, dec_peak:        0.915
Characteristic density local = 5025.3 deg^-2 = 1.396 arcmin^-2
Fitting aperture to hotspot...
Candidate: x_peak:       -0.265, y_peak:        0.055, r_peak:        0.020, sig:        5.285, ra_peak:      136.145, dec_peak:        0.055
Characteristic density local = 5528.6 deg^-2 = 1.536 arcmin^-2
Fitting aperture to hotspot...
Candidate: x_peak:       -0.135, y_peak:        1.025, r_peak:        0.030, sig:        7.675, ra_peak:      136.275, dec_peak:        1.025
Characteristic density local = 4478.2 deg^-2 = 1.244 arcmin^-2
Fitting aperture to hotspot...
Candidate: x_peak:        0.435, y_peak:        0.605, r_peak:        0.030, sig:       11.881, ra_peak:      136.845, dec_peak:        0.605
Distance = 398.1 kpc (m-M = 23.0)
870747 objects left after isochrone cut...
Characteristic density = 4700.0 deg^-2
Characteristic density local = 5566.4 deg^-2 = 1.546 arcmin^-2
Fitting aperture to hotspot...
Candidate: x_peak:       -1.035, y_peak:       -0.275, r_peak:        0.290, sig:        8.626, ra_peak:      135.375, dec_peak:       -0.275
Characteristic density local = 5554.5 deg^-2 = 1.543 arcmin^-2
Fitting aperture to hotspot...
Candidate: x_peak:       -1.015, y_peak:       -0.005, r_peak:        0.020, sig:       15.585, ra_peak:      135.395, dec_peak:       -0.005
Characteristic density local = 5654.0 deg^-2 = 1.571 arcmin^-2
Fitting aperture to hotspot...
Candidate: x_peak:       -0.885, y_peak:       -0.445, r_peak:        0.080, sig:       14.390, ra_peak:      135.525, dec_peak:       -0.445
Characteristic density local = 5884.8 deg^-2 = 1.635 arcmin^-2
Fitting aperture to hotspot...
Candidate: x_peak:       -0.835, y_peak:       -0.145, r_peak:        0.020, sig:        7.472, ra_peak:      135.575, dec_peak:       -0.145
Characteristic density local = 5148.7 deg^-2 = 1.430 arcmin^-2
Fitting aperture to hotspot...
Candidate: x_peak:       -0.695, y_peak:        0.405, r_peak:        0.020, sig:       12.254, ra_peak:      135.715, dec_peak:        0.405
Characteristic density local = 5039.2 deg^-2 = 1.400 arcmin^-2
Fitting aperture to hotspot...
Candidate: x_peak:       -0.245, y_peak:        0.915, r_peak:        0.020, sig:       14.080, ra_peak:      136.165, dec_peak:        0.915
Characteristic density local = 4579.7 deg^-2 = 1.272 arcmin^-2
Fitting aperture to hotspot...
Candidate: x_peak:       -0.265, y_peak:        0.055, r_peak:        0.060, sig:        5.672, ra_peak:      136.145, dec_peak:        0.055
Characteristic density local = 5065.1 deg^-2 = 1.407 arcmin^-2
Fitting aperture to hotspot...
Candidate: x_peak:       -0.135, y_peak:        1.025, r_peak:        0.030, sig:        7.783, ra_peak:      136.275, dec_peak:        1.025
Characteristic density local = 4048.5 deg^-2 = 1.125 arcmin^-2
Fitting aperture to hotspot...
Candidate: x_peak:        0.435, y_peak:        0.605, r_peak:        0.030, sig:       12.250, ra_peak:      136.845, dec_peak:        0.605
15.59 sigma; (RA, Dec, d) = (135.39, -0.00); r = 0.02 deg; d = 398.1, mu = 23.00 mag), mc_source_id: 0.00
14.68 sigma; (RA, Dec, d) = (135.52, -0.44); r = 0.08 deg; d = 251.2, mu = 22.00 mag), mc_source_id: 0.00
14.08 sigma; (RA, Dec, d) = (136.16, 0.92); r = 0.02 deg; d = 398.1, mu = 23.00 mag), mc_source_id: 0.00
12.25 sigma; (RA, Dec, d) = (135.71, 0.40); r = 0.02 deg; d = 398.1, mu = 23.00 mag), mc_source_id: 0.00
12.25 sigma; (RA, Dec, d) = (136.85, 0.61); r = 0.03 deg; d = 398.1, mu = 23.00 mag), mc_source_id: 0.00
10.11 sigma; (RA, Dec, d) = (136.89, 0.06); r = 0.02 deg; d = 79.4, mu = 19.50 mag), mc_source_id: 0.00
8.66 sigma; (RA, Dec, d) = (135.37, -0.27); r = 0.29 deg; d = 316.2, mu = 22.50 mag), mc_source_id: 0.00
7.78 sigma; (RA, Dec, d) = (136.27, 1.03); r = 0.03 deg; d = 398.1, mu = 23.00 mag), mc_source_id: 0.00
5.68 sigma; (RA, Dec, d) = (137.10, 0.61); r = 0.02 deg; d = 79.4, mu = 19.50 mag), mc_source_id: 0.00
5.67 sigma; (RA, Dec, d) = (136.14, 0.05); r = 0.06 deg; d = 398.1, mu = 23.00 mag), mc_source_id: 0.00
5.20 sigma; (RA, Dec, d) = (137.47, 0.19); r = 0.04 deg; d = 50.1, mu = 18.50 mag), mc_source_id: 0.00
4.13 sigma; (RA, Dec, d) = (135.72, 0.62); r = 0.28 deg; d = 39.8, mu = 18.00 mag), mc_source_id: 0.00
3.97 sigma; (RA, Dec, d) = (136.72, 0.47); r = 0.01 deg; d = 79.4, mu = 19.50 mag), mc_source_id: 0.00
3.75 sigma; (RA, Dec, d) = (136.89, 0.74); r = 0.18 deg; d = 79.4, mu = 19.50 mag), mc_source_id: 0.00
2.61 sigma; (RA, Dec, d) = (136.62, 0.41); r = 0.03 deg; d = 79.4, mu = 19.50 mag), mc_source_id: 0.00
2.56 sigma; (RA, Dec, d) = (136.25, -0.14); r = 0.02 deg; d = 79.4, mu = 19.50 mag), mc_source_id: 0.00
0.27 sigma; (RA, Dec, d) = (136.68, 0.97); r = 0.02 deg; d = 63.1, mu = 19.00 mag), mc_source_id: 0.00

------------------------------------------------------------
Job <680941.0> was submitted from <des51.fnal.gov> by user <tavangar>.
Job was executed on host <des40.fnal.gov> as user <tavangar>.
</var/lib/condor/execute/dir_2024995> was used as the initial working directory.
Results reported at Wed Jun  5 12:18:37 CDT 2019

Your job looked like:

------------------------------------------------------------
python /home/s1/tavangar/tavangar_simple/search_algorithm.py 136.41 0.00 0.00 /home/s1/tavangar/tavangar_simple/decals_dr7_results/results_nside_32_6128.csv /home/s1/tavangar/tavangar_simple/decals_dr7_results/decals_dr7_log/results_nside_32_6128.log
------------------------------------------------------------

Successfully completed.

Resource usage summary:

	Real time :			343.81 sec.
	CPU time :			34.53 sec.
	CPU percentage :		88%
	Max Memory :			7351936 KB
	Average Memory :		0 KB

The output (if any) is above this job summary.
