/home/s1/tavangar/tavangar_simple/simple_utils.py:170: FutureWarning: elementwise comparison failed; returning scalar instead, but in the future will perform elementwise comparison
  if np.all(isochrone.stage == 'Main'):
Search coordinates: (RA, Dec) = (317.81, -13.25)
Center healpixel: 7601
Healpixels: [7601 7728 7600 7472 7345 7473 7602 7729 7857]
MC_SOURCE_ID = 0.0
mode = 0: running only on real data
Found 1 objects...
Applying cuts...
227380 star-like objects in ROI...
169821 galaxy-like objects in ROI...
No fracdet map specified ...
Distance = 15.8 kpc (m-M = 16.0)
227378 objects left after isochrone cut...
Characteristic density = 11900.0 deg^-2
Characteristic density local = 11900.0 deg^-2 = 3.306 arcmin^-2
Fitting aperture to hotspot...
Candidate: x_peak:        0.895, y_peak:        0.425, r_peak:        0.030, sig:        3.322, ra_peak:      318.728, dec_peak:      -12.823
Characteristic density local = 11900.0 deg^-2 = 3.306 arcmin^-2
Fitting aperture to hotspot...
Candidate: x_peak:        0.905, y_peak:        0.415, r_peak:        0.030, sig:        3.468, ra_peak:      318.738, dec_peak:      -12.833
Characteristic density local = 11900.0 deg^-2 = 3.306 arcmin^-2
Fitting aperture to hotspot...
Candidate: x_peak:        1.095, y_peak:        0.155, r_peak:        0.020, sig:        4.349, ra_peak:      318.934, dec_peak:      -13.093
Characteristic density local = 11900.0 deg^-2 = 3.306 arcmin^-2
Fitting aperture to hotspot...
Candidate: x_peak:        1.045, y_peak:        0.285, r_peak:        0.020, sig:        3.557, ra_peak:      318.882, dec_peak:      -12.963
Characteristic density local = 11900.0 deg^-2 = 3.306 arcmin^-2
Fitting aperture to hotspot...
Candidate: x_peak:        1.245, y_peak:       -0.005, r_peak:        0.030, sig:        2.579, ra_peak:      319.089, dec_peak:      -13.252
Distance = 20.0 kpc (m-M = 16.5)
227378 objects left after isochrone cut...
Characteristic density = 11900.0 deg^-2
Characteristic density local = 11900.0 deg^-2 = 3.306 arcmin^-2
Fitting aperture to hotspot...
Candidate: x_peak:        0.895, y_peak:        0.425, r_peak:        0.030, sig:        3.322, ra_peak:      318.728, dec_peak:      -12.823
Characteristic density local = 11900.0 deg^-2 = 3.306 arcmin^-2
Fitting aperture to hotspot...
Candidate: x_peak:        0.905, y_peak:        0.415, r_peak:        0.030, sig:        3.468, ra_peak:      318.738, dec_peak:      -12.833
Characteristic density local = 11900.0 deg^-2 = 3.306 arcmin^-2
Fitting aperture to hotspot...
Candidate: x_peak:        1.095, y_peak:        0.155, r_peak:        0.020, sig:        4.349, ra_peak:      318.934, dec_peak:      -13.093
Characteristic density local = 11900.0 deg^-2 = 3.306 arcmin^-2
Fitting aperture to hotspot...
Candidate: x_peak:        1.045, y_peak:        0.285, r_peak:        0.020, sig:        3.557, ra_peak:      318.882, dec_peak:      -12.963
Characteristic density local = 11900.0 deg^-2 = 3.306 arcmin^-2
Fitting aperture to hotspot...
Candidate: x_peak:        1.245, y_peak:       -0.005, r_peak:        0.030, sig:        2.579, ra_peak:      319.089, dec_peak:      -13.252
Distance = 25.1 kpc (m-M = 17.0)
227378 objects left after isochrone cut...
Characteristic density = 11900.0 deg^-2
Characteristic density local = 11900.0 deg^-2 = 3.306 arcmin^-2
Fitting aperture to hotspot...
Candidate: x_peak:        0.895, y_peak:        0.425, r_peak:        0.030, sig:        3.322, ra_peak:      318.728, dec_peak:      -12.823
Characteristic density local = 11900.0 deg^-2 = 3.306 arcmin^-2
Fitting aperture to hotspot...
Candidate: x_peak:        0.905, y_peak:        0.415, r_peak:        0.030, sig:        3.468, ra_peak:      318.738, dec_peak:      -12.833
Characteristic density local = 11900.0 deg^-2 = 3.306 arcmin^-2
Fitting aperture to hotspot...
Candidate: x_peak:        1.095, y_peak:        0.155, r_peak:        0.020, sig:        4.349, ra_peak:      318.934, dec_peak:      -13.093
Characteristic density local = 11900.0 deg^-2 = 3.306 arcmin^-2
Fitting aperture to hotspot...
Candidate: x_peak:        1.045, y_peak:        0.285, r_peak:        0.020, sig:        3.557, ra_peak:      318.882, dec_peak:      -12.963
Characteristic density local = 11900.0 deg^-2 = 3.306 arcmin^-2
Fitting aperture to hotspot...
Candidate: x_peak:        1.245, y_peak:       -0.005, r_peak:        0.030, sig:        2.579, ra_peak:      319.089, dec_peak:      -13.252
Distance = 31.6 kpc (m-M = 17.5)
227351 objects left after isochrone cut...
Characteristic density = 11800.0 deg^-2
Characteristic density local = 11800.0 deg^-2 = 3.278 arcmin^-2
Fitting aperture to hotspot...
Candidate: x_peak:        0.895, y_peak:        0.425, r_peak:        0.030, sig:        3.229, ra_peak:      318.728, dec_peak:      -12.823
Characteristic density local = 11800.0 deg^-2 = 3.278 arcmin^-2
Fitting aperture to hotspot...
Candidate: x_peak:        0.905, y_peak:        0.415, r_peak:        0.030, sig:        3.376, ra_peak:      318.738, dec_peak:      -12.833
Characteristic density local = 11800.0 deg^-2 = 3.278 arcmin^-2
Fitting aperture to hotspot...
Candidate: x_peak:        1.095, y_peak:        0.155, r_peak:        0.020, sig:        4.387, ra_peak:      318.934, dec_peak:      -13.093
Characteristic density local = 11800.0 deg^-2 = 3.278 arcmin^-2
Fitting aperture to hotspot...
Candidate: x_peak:        1.045, y_peak:        0.285, r_peak:        0.020, sig:        3.595, ra_peak:      318.882, dec_peak:      -12.963
Characteristic density local = 11800.0 deg^-2 = 3.278 arcmin^-2
Fitting aperture to hotspot...
Candidate: x_peak:        1.245, y_peak:       -0.005, r_peak:        0.030, sig:        2.631, ra_peak:      319.089, dec_peak:      -13.252
Distance = 39.8 kpc (m-M = 18.0)
227111 objects left after isochrone cut...
Characteristic density = 11800.0 deg^-2
Characteristic density local = 11800.0 deg^-2 = 3.278 arcmin^-2
Fitting aperture to hotspot...
Candidate: x_peak:        0.905, y_peak:        0.415, r_peak:        0.030, sig:        3.376, ra_peak:      318.738, dec_peak:      -12.833
Characteristic density local = 11800.0 deg^-2 = 3.278 arcmin^-2
Fitting aperture to hotspot...
Candidate: x_peak:        1.095, y_peak:        0.155, r_peak:        0.020, sig:        4.192, ra_peak:      318.934, dec_peak:      -13.093
Characteristic density local = 11800.0 deg^-2 = 3.278 arcmin^-2
Fitting aperture to hotspot...
Candidate: x_peak:        1.245, y_peak:       -0.005, r_peak:        0.030, sig:        2.480, ra_peak:      319.089, dec_peak:      -13.252
Characteristic density local = 11800.0 deg^-2 = 3.278 arcmin^-2
Fitting aperture to hotspot...
Candidate: x_peak:        1.355, y_peak:       -0.015, r_peak:        0.110, sig:        2.597, ra_peak:      319.202, dec_peak:      -13.261
Characteristic density local = 11800.0 deg^-2 = 3.278 arcmin^-2
Fitting aperture to hotspot...
Candidate: x_peak:        1.365, y_peak:       -0.005, r_peak:        0.110, sig:        3.454, ra_peak:      319.212, dec_peak:      -13.251
Distance = 50.1 kpc (m-M = 18.5)
226574 objects left after isochrone cut...
Characteristic density = 11800.0 deg^-2
Characteristic density local = 11800.0 deg^-2 = 3.278 arcmin^-2
Fitting aperture to hotspot...
Candidate: x_peak:        1.095, y_peak:        0.155, r_peak:        0.020, sig:        4.192, ra_peak:      318.934, dec_peak:      -13.093
Characteristic density local = 11800.0 deg^-2 = 3.278 arcmin^-2
Fitting aperture to hotspot...
Candidate: x_peak:        1.055, y_peak:        0.275, r_peak:        0.020, sig:        3.796, ra_peak:      318.893, dec_peak:      -12.973
Characteristic density local = 11800.0 deg^-2 = 3.278 arcmin^-2
Fitting aperture to hotspot...
Candidate: x_peak:        1.245, y_peak:       -0.005, r_peak:        0.030, sig:        2.327, ra_peak:      319.089, dec_peak:      -13.252
Characteristic density local = 11800.0 deg^-2 = 3.278 arcmin^-2
Fitting aperture to hotspot...
Candidate: x_peak:        1.365, y_peak:       -0.005, r_peak:        0.110, sig:        3.274, ra_peak:      319.212, dec_peak:      -13.251
Distance = 63.1 kpc (m-M = 19.0)
225364 objects left after isochrone cut...
Characteristic density = 11700.0 deg^-2
Characteristic density local = 11700.0 deg^-2 = 3.250 arcmin^-2
Fitting aperture to hotspot...
Candidate: x_peak:        1.095, y_peak:        0.155, r_peak:        0.020, sig:        4.033, ra_peak:      318.934, dec_peak:      -13.093
Characteristic density local = 11700.0 deg^-2 = 3.250 arcmin^-2
Fitting aperture to hotspot...
Candidate: x_peak:        1.055, y_peak:        0.275, r_peak:        0.020, sig:        3.834, ra_peak:      318.893, dec_peak:      -12.973
Characteristic density local = 11700.0 deg^-2 = 3.250 arcmin^-2
Fitting aperture to hotspot...
Candidate: x_peak:        1.245, y_peak:       -0.005, r_peak:        0.030, sig:        2.069, ra_peak:      319.089, dec_peak:      -13.252
Distance = 79.4 kpc (m-M = 19.5)
223527 objects left after isochrone cut...
Characteristic density = 11400.0 deg^-2
Characteristic density local = 11400.0 deg^-2 = 3.167 arcmin^-2
Fitting aperture to hotspot...
Candidate: x_peak:        1.095, y_peak:        0.155, r_peak:        0.020, sig:        4.149, ra_peak:      318.934, dec_peak:      -13.093
Characteristic density local = 11400.0 deg^-2 = 3.167 arcmin^-2
Fitting aperture to hotspot...
Candidate: x_peak:        1.055, y_peak:        0.275, r_peak:        0.020, sig:        3.949, ra_peak:      318.893, dec_peak:      -12.973
Characteristic density local = 11400.0 deg^-2 = 3.167 arcmin^-2
Fitting aperture to hotspot...
Candidate: x_peak:        1.245, y_peak:       -0.005, r_peak:        0.030, sig:        2.070, ra_peak:      319.089, dec_peak:      -13.252
Distance = 100.0 kpc (m-M = 20.0)
221111 objects left after isochrone cut...
Characteristic density = 11100.0 deg^-2
Characteristic density local = 11100.0 deg^-2 = 3.083 arcmin^-2
Fitting aperture to hotspot...
Candidate: x_peak:        1.095, y_peak:        0.145, r_peak:        0.070, sig:        4.202, ra_peak:      318.934, dec_peak:      -13.103
Characteristic density local = 11100.0 deg^-2 = 3.083 arcmin^-2
Fitting aperture to hotspot...
Candidate: x_peak:        1.055, y_peak:        0.275, r_peak:        0.020, sig:        3.862, ra_peak:      318.893, dec_peak:      -12.973
Characteristic density local = 11100.0 deg^-2 = 3.083 arcmin^-2
Fitting aperture to hotspot...
Candidate: x_peak:        1.355, y_peak:       -0.015, r_peak:        0.110, sig:        2.563, ra_peak:      319.202, dec_peak:      -13.261
Characteristic density local = 11100.0 deg^-2 = 3.083 arcmin^-2
Fitting aperture to hotspot...
Candidate: x_peak:        1.365, y_peak:       -0.005, r_peak:        0.110, sig:        3.445, ra_peak:      319.212, dec_peak:      -13.251
Distance = 125.9 kpc (m-M = 20.5)
218150 objects left after isochrone cut...
Characteristic density = 10800.0 deg^-2
Characteristic density local = 10800.0 deg^-2 = 3.000 arcmin^-2
Fitting aperture to hotspot...
Candidate: x_peak:        1.105, y_peak:        0.155, r_peak:        0.030, sig:        4.076, ra_peak:      318.944, dec_peak:      -13.092
Characteristic density local = 10800.0 deg^-2 = 3.000 arcmin^-2
Fitting aperture to hotspot...
Candidate: x_peak:        1.055, y_peak:        0.275, r_peak:        0.020, sig:        3.566, ra_peak:      318.893, dec_peak:      -12.973
Distance = 158.5 kpc (m-M = 21.0)
214628 objects left after isochrone cut...
Characteristic density = 10400.0 deg^-2
Characteristic density local = 10400.0 deg^-2 = 2.889 arcmin^-2
Fitting aperture to hotspot...
Candidate: x_peak:        1.095, y_peak:        0.155, r_peak:        0.030, sig:        4.159, ra_peak:      318.934, dec_peak:      -13.093
Characteristic density local = 10400.0 deg^-2 = 2.889 arcmin^-2
Fitting aperture to hotspot...
Candidate: x_peak:        1.055, y_peak:        0.275, r_peak:        0.020, sig:        3.512, ra_peak:      318.893, dec_peak:      -12.973
Characteristic density local = 10400.0 deg^-2 = 2.889 arcmin^-2
Fitting aperture to hotspot...
Candidate: x_peak:        1.365, y_peak:       -0.005, r_peak:        0.110, sig:        3.677, ra_peak:      319.212, dec_peak:      -13.251
Distance = 199.5 kpc (m-M = 21.5)
210375 objects left after isochrone cut...
Characteristic density = 10000.0 deg^-2
Characteristic density local = 10000.0 deg^-2 = 2.778 arcmin^-2
Fitting aperture to hotspot...
Candidate: x_peak:        1.095, y_peak:        0.145, r_peak:        0.070, sig:        4.037, ra_peak:      318.934, dec_peak:      -13.103
Characteristic density local = 10000.0 deg^-2 = 2.778 arcmin^-2
Fitting aperture to hotspot...
Candidate: x_peak:        1.075, y_peak:        0.265, r_peak:        0.050, sig:        1.763, ra_peak:      318.913, dec_peak:      -12.983
Characteristic density local = 10000.0 deg^-2 = 2.778 arcmin^-2
Fitting aperture to hotspot...
Candidate: x_peak:        1.085, y_peak:        0.255, r_peak:        0.060, sig:        1.252, ra_peak:      318.924, dec_peak:      -12.993
Characteristic density local = 10000.0 deg^-2 = 2.778 arcmin^-2
Fitting aperture to hotspot...
Candidate: x_peak:        1.365, y_peak:       -0.005, r_peak:        0.110, sig:        3.707, ra_peak:      319.212, dec_peak:      -13.251
Distance = 251.2 kpc (m-M = 22.0)
205345 objects left after isochrone cut...
Characteristic density = 9350.0 deg^-2
Characteristic density local = 9350.0 deg^-2 = 2.597 arcmin^-2
Fitting aperture to hotspot...
Candidate: x_peak:        1.095, y_peak:        0.145, r_peak:        0.070, sig:        4.162, ra_peak:      318.934, dec_peak:      -13.103
Characteristic density local = 9350.0 deg^-2 = 2.597 arcmin^-2
Fitting aperture to hotspot...
Candidate: x_peak:        1.075, y_peak:        0.265, r_peak:        0.050, sig:        1.612, ra_peak:      318.913, dec_peak:      -12.983
Characteristic density local = 9350.0 deg^-2 = 2.597 arcmin^-2
Fitting aperture to hotspot...
Candidate: x_peak:        1.085, y_peak:        0.255, r_peak:        0.060, sig:        1.232, ra_peak:      318.924, dec_peak:      -12.993
Characteristic density local = 9350.0 deg^-2 = 2.597 arcmin^-2
Fitting aperture to hotspot...
Candidate: x_peak:        1.095, y_peak:        0.245, r_peak:        0.100, sig:        0.806, ra_peak:      318.934, dec_peak:      -13.003
Characteristic density local = 9350.0 deg^-2 = 2.597 arcmin^-2
Fitting aperture to hotspot...
Candidate: x_peak:        1.365, y_peak:       -0.005, r_peak:        0.110, sig:        3.762, ra_peak:      319.212, dec_peak:      -13.251
Distance = 316.2 kpc (m-M = 22.5)
199631 objects left after isochrone cut...
Characteristic density = 8700.0 deg^-2
Characteristic density local = 8700.0 deg^-2 = 2.417 arcmin^-2
Fitting aperture to hotspot...
Candidate: x_peak:        1.095, y_peak:        0.145, r_peak:        0.070, sig:        4.607, ra_peak:      318.934, dec_peak:      -13.103
Characteristic density local = 8700.0 deg^-2 = 2.417 arcmin^-2
Fitting aperture to hotspot...
Candidate: x_peak:        1.055, y_peak:        0.275, r_peak:        0.020, sig:        3.335, ra_peak:      318.893, dec_peak:      -12.973
Characteristic density local = 8700.0 deg^-2 = 2.417 arcmin^-2
Fitting aperture to hotspot...
Candidate: x_peak:        1.075, y_peak:        0.265, r_peak:        0.050, sig:        1.679, ra_peak:      318.913, dec_peak:      -12.983
Characteristic density local = 8700.0 deg^-2 = 2.417 arcmin^-2
Fitting aperture to hotspot...
Candidate: x_peak:        1.085, y_peak:        0.255, r_peak:        0.060, sig:        1.503, ra_peak:      318.924, dec_peak:      -12.993
Characteristic density local = 8700.0 deg^-2 = 2.417 arcmin^-2
Fitting aperture to hotspot...
Candidate: x_peak:        1.245, y_peak:       -0.005, r_peak:        0.030, sig:        2.444, ra_peak:      319.089, dec_peak:      -13.252
Characteristic density local = 8700.0 deg^-2 = 2.417 arcmin^-2
Fitting aperture to hotspot...
Candidate: x_peak:        1.355, y_peak:       -0.015, r_peak:        0.110, sig:        3.100, ra_peak:      319.202, dec_peak:      -13.261
Characteristic density local = 8700.0 deg^-2 = 2.417 arcmin^-2
Fitting aperture to hotspot...
Candidate: x_peak:        1.365, y_peak:       -0.005, r_peak:        0.110, sig:        4.082, ra_peak:      319.212, dec_peak:      -13.251
Distance = 398.1 kpc (m-M = 23.0)
192815 objects left after isochrone cut...
Characteristic density = 8000.0 deg^-2
Characteristic density local = 8000.0 deg^-2 = 2.222 arcmin^-2
Fitting aperture to hotspot...
Candidate: x_peak:        1.095, y_peak:        0.145, r_peak:        0.070, sig:        4.525, ra_peak:      318.934, dec_peak:      -13.103
Characteristic density local = 8000.0 deg^-2 = 2.222 arcmin^-2
Fitting aperture to hotspot...
Candidate: x_peak:        1.055, y_peak:        0.275, r_peak:        0.020, sig:        3.416, ra_peak:      318.893, dec_peak:      -12.973
Characteristic density local = 8000.0 deg^-2 = 2.222 arcmin^-2
Fitting aperture to hotspot...
Candidate: x_peak:        1.075, y_peak:        0.265, r_peak:        0.050, sig:        1.805, ra_peak:      318.913, dec_peak:      -12.983
Characteristic density local = 8000.0 deg^-2 = 2.222 arcmin^-2
Fitting aperture to hotspot...
Candidate: x_peak:        1.085, y_peak:        0.255, r_peak:        0.060, sig:        1.255, ra_peak:      318.924, dec_peak:      -12.993
Characteristic density local = 8000.0 deg^-2 = 2.222 arcmin^-2
Fitting aperture to hotspot...
Candidate: x_peak:        1.255, y_peak:       -0.005, r_peak:        0.040, sig:        1.585, ra_peak:      319.099, dec_peak:      -13.252
Characteristic density local = 8000.0 deg^-2 = 2.222 arcmin^-2
Fitting aperture to hotspot...
Candidate: x_peak:        1.365, y_peak:       -0.005, r_peak:        0.110, sig:        4.383, ra_peak:      319.212, dec_peak:      -13.251
4.61 sigma; (RA, Dec, d) = (318.93, -13.10); r = 0.07 deg; d = 316.2, mu = 22.50 mag), mc_source_id: 0.00
4.38 sigma; (RA, Dec, d) = (319.21, -13.25); r = 0.11 deg; d = 398.1, mu = 23.00 mag), mc_source_id: 0.00
3.95 sigma; (RA, Dec, d) = (318.89, -12.97); r = 0.02 deg; d = 79.4, mu = 19.50 mag), mc_source_id: 0.00
3.47 sigma; (RA, Dec, d) = (318.74, -12.83); r = 0.03 deg; d = 20.0, mu = 16.50 mag), mc_source_id: 0.00
2.63 sigma; (RA, Dec, d) = (319.09, -13.25); r = 0.03 deg; d = 31.6, mu = 17.50 mag), mc_source_id: 0.00
1.81 sigma; (RA, Dec, d) = (318.91, -12.98); r = 0.05 deg; d = 398.1, mu = 23.00 mag), mc_source_id: 0.00

------------------------------------------------------------
Job <681802.0> was submitted from <des51.fnal.gov> by user <tavangar>.
Job was executed on host <des40.fnal.gov> as user <tavangar>.
</var/lib/condor/execute/dir_2169112> was used as the initial working directory.
Results reported at Wed Jun  5 15:49:11 CDT 2019

Your job looked like:

------------------------------------------------------------
python /home/s1/tavangar/tavangar_simple/search_algorithm.py 317.81 -13.25 0.00 /home/s1/tavangar/tavangar_simple/decals_dr7_results/results_nside_32_7601.csv /home/s1/tavangar/tavangar_simple/decals_dr7_results/decals_dr7_log/results_nside_32_7601.log
------------------------------------------------------------

Successfully completed.

Resource usage summary:

	Real time :			213.75 sec.
	CPU time :			74.36 sec.
	CPU percentage :		79%
	Max Memory :			2267808 KB
	Average Memory :		0 KB

The output (if any) is above this job summary.
