/home/s1/tavangar/tavangar_simple/simple_utils.py:170: FutureWarning: elementwise comparison failed; returning scalar instead, but in the future will perform elementwise comparison
  if np.all(isochrone.stage == 'Main'):
Search coordinates: (RA, Dec) = (347.34, 4.78)
Center healpixel: 5691
Healpixels: [5691 5819 5690 5563 5435 5564 5692 5820 5947]
MC_SOURCE_ID = 0.0
mode = 0: running only on real data
Found 1 objects...
Applying cuts...
667390 star-like objects in ROI...
916288 galaxy-like objects in ROI...
No fracdet map specified ...
Distance = 15.8 kpc (m-M = 16.0)
667378 objects left after isochrone cut...
Characteristic density = 5400.0 deg^-2
Characteristic density local = 6113.5 deg^-2 = 1.698 arcmin^-2
Fitting aperture to hotspot...
Candidate: x_peak:       -1.095, y_peak:       -0.175, r_peak:        0.020, sig:       12.213, ra_peak:      346.241, dec_peak:        4.604
Characteristic density local = 5950.4 deg^-2 = 1.653 arcmin^-2
Fitting aperture to hotspot...
Candidate: x_peak:       -0.655, y_peak:        0.255, r_peak:        0.030, sig:       12.161, ra_peak:      346.682, dec_peak:        5.035
Characteristic density local = 5924.5 deg^-2 = 1.646 arcmin^-2
Fitting aperture to hotspot...
Candidate: x_peak:       -0.295, y_peak:        0.265, r_peak:        0.010, sig:        5.578, ra_peak:      347.044, dec_peak:        5.045
Characteristic density local = 5546.5 deg^-2 = 1.541 arcmin^-2
Fitting aperture to hotspot...
Candidate: x_peak:       -0.185, y_peak:       -0.105, r_peak:        0.020, sig:       11.940, ra_peak:      347.154, dec_peak:        4.675
Characteristic density local = 5373.5 deg^-2 = 1.493 arcmin^-2
Fitting aperture to hotspot...
Candidate: x_peak:        0.135, y_peak:        1.055, r_peak:        0.020, sig:        7.813, ra_peak:      347.476, dec_peak:        5.835
Characteristic density local = 5457.0 deg^-2 = 1.516 arcmin^-2
Fitting aperture to hotspot...
Candidate: x_peak:        0.475, y_peak:        0.215, r_peak:        0.030, sig:        7.741, ra_peak:      347.817, dec_peak:        4.995
Characteristic density local = 5850.9 deg^-2 = 1.625 arcmin^-2
Fitting aperture to hotspot...
Candidate: x_peak:        0.835, y_peak:       -0.095, r_peak:        0.050, sig:        6.737, ra_peak:      348.178, dec_peak:        4.684
Characteristic density local = 5661.9 deg^-2 = 1.573 arcmin^-2
Fitting aperture to hotspot...
Candidate: x_peak:        0.915, y_peak:       -0.005, r_peak:        0.020, sig:        8.449, ra_peak:      348.258, dec_peak:        4.774
Characteristic density local = 5319.8 deg^-2 = 1.478 arcmin^-2
Fitting aperture to hotspot...
Candidate: x_peak:        1.145, y_peak:        0.215, r_peak:        0.030, sig:       15.959, ra_peak:      348.489, dec_peak:        4.994
Distance = 20.0 kpc (m-M = 16.5)
667382 objects left after isochrone cut...
Characteristic density = 5400.0 deg^-2
Characteristic density local = 6113.5 deg^-2 = 1.698 arcmin^-2
Fitting aperture to hotspot...
Candidate: x_peak:       -1.095, y_peak:       -0.175, r_peak:        0.020, sig:       12.213, ra_peak:      346.241, dec_peak:        4.604
Characteristic density local = 5950.4 deg^-2 = 1.653 arcmin^-2
Fitting aperture to hotspot...
Candidate: x_peak:       -0.655, y_peak:        0.255, r_peak:        0.030, sig:       12.161, ra_peak:      346.682, dec_peak:        5.035
Characteristic density local = 5924.5 deg^-2 = 1.646 arcmin^-2
Fitting aperture to hotspot...
Candidate: x_peak:       -0.295, y_peak:        0.265, r_peak:        0.010, sig:        5.578, ra_peak:      347.044, dec_peak:        5.045
Characteristic density local = 5546.5 deg^-2 = 1.541 arcmin^-2
Fitting aperture to hotspot...
Candidate: x_peak:       -0.185, y_peak:       -0.105, r_peak:        0.020, sig:       11.940, ra_peak:      347.154, dec_peak:        4.675
Characteristic density local = 5373.5 deg^-2 = 1.493 arcmin^-2
Fitting aperture to hotspot...
Candidate: x_peak:        0.135, y_peak:        1.055, r_peak:        0.020, sig:        7.813, ra_peak:      347.476, dec_peak:        5.835
Characteristic density local = 5457.0 deg^-2 = 1.516 arcmin^-2
Fitting aperture to hotspot...
Candidate: x_peak:        0.475, y_peak:        0.215, r_peak:        0.030, sig:        7.741, ra_peak:      347.817, dec_peak:        4.995
Characteristic density local = 5850.9 deg^-2 = 1.625 arcmin^-2
Fitting aperture to hotspot...
Candidate: x_peak:        0.835, y_peak:       -0.095, r_peak:        0.050, sig:        6.737, ra_peak:      348.178, dec_peak:        4.684
Characteristic density local = 5661.9 deg^-2 = 1.573 arcmin^-2
Fitting aperture to hotspot...
Candidate: x_peak:        0.915, y_peak:       -0.005, r_peak:        0.020, sig:        8.449, ra_peak:      348.258, dec_peak:        4.774
Characteristic density local = 5319.8 deg^-2 = 1.478 arcmin^-2
Fitting aperture to hotspot...
Candidate: x_peak:        1.145, y_peak:        0.215, r_peak:        0.030, sig:       15.959, ra_peak:      348.489, dec_peak:        4.994
Distance = 25.1 kpc (m-M = 17.0)
667386 objects left after isochrone cut...
Characteristic density = 5400.0 deg^-2
Characteristic density local = 6113.5 deg^-2 = 1.698 arcmin^-2
Fitting aperture to hotspot...
Candidate: x_peak:       -1.095, y_peak:       -0.175, r_peak:        0.020, sig:       12.213, ra_peak:      346.241, dec_peak:        4.604
Characteristic density local = 5950.4 deg^-2 = 1.653 arcmin^-2
Fitting aperture to hotspot...
Candidate: x_peak:       -0.655, y_peak:        0.255, r_peak:        0.030, sig:       12.161, ra_peak:      346.682, dec_peak:        5.035
Characteristic density local = 5924.5 deg^-2 = 1.646 arcmin^-2
Fitting aperture to hotspot...
Candidate: x_peak:       -0.295, y_peak:        0.265, r_peak:        0.010, sig:        5.578, ra_peak:      347.044, dec_peak:        5.045
Characteristic density local = 5546.5 deg^-2 = 1.541 arcmin^-2
Fitting aperture to hotspot...
Candidate: x_peak:       -0.185, y_peak:       -0.105, r_peak:        0.020, sig:       11.940, ra_peak:      347.154, dec_peak:        4.675
Characteristic density local = 5373.5 deg^-2 = 1.493 arcmin^-2
Fitting aperture to hotspot...
Candidate: x_peak:        0.135, y_peak:        1.055, r_peak:        0.020, sig:        7.813, ra_peak:      347.476, dec_peak:        5.835
Characteristic density local = 5457.0 deg^-2 = 1.516 arcmin^-2
Fitting aperture to hotspot...
Candidate: x_peak:        0.475, y_peak:        0.215, r_peak:        0.030, sig:        7.741, ra_peak:      347.817, dec_peak:        4.995
Characteristic density local = 5850.9 deg^-2 = 1.625 arcmin^-2
Fitting aperture to hotspot...
Candidate: x_peak:        0.835, y_peak:       -0.095, r_peak:        0.050, sig:        6.737, ra_peak:      348.178, dec_peak:        4.684
Characteristic density local = 5661.9 deg^-2 = 1.573 arcmin^-2
Fitting aperture to hotspot...
Candidate: x_peak:        0.915, y_peak:       -0.005, r_peak:        0.020, sig:        8.449, ra_peak:      348.258, dec_peak:        4.774
Characteristic density local = 5319.8 deg^-2 = 1.478 arcmin^-2
Fitting aperture to hotspot...
Candidate: x_peak:        1.145, y_peak:        0.215, r_peak:        0.030, sig:       15.959, ra_peak:      348.489, dec_peak:        4.994
Distance = 31.6 kpc (m-M = 17.5)
667389 objects left after isochrone cut...
Characteristic density = 5400.0 deg^-2
Characteristic density local = 6113.5 deg^-2 = 1.698 arcmin^-2
Fitting aperture to hotspot...
Candidate: x_peak:       -1.095, y_peak:       -0.175, r_peak:        0.020, sig:       12.213, ra_peak:      346.241, dec_peak:        4.604
Characteristic density local = 5950.4 deg^-2 = 1.653 arcmin^-2
Fitting aperture to hotspot...
Candidate: x_peak:       -0.655, y_peak:        0.255, r_peak:        0.030, sig:       12.161, ra_peak:      346.682, dec_peak:        5.035
Characteristic density local = 5924.5 deg^-2 = 1.646 arcmin^-2
Fitting aperture to hotspot...
Candidate: x_peak:       -0.295, y_peak:        0.265, r_peak:        0.010, sig:        5.578, ra_peak:      347.044, dec_peak:        5.045
Characteristic density local = 5546.5 deg^-2 = 1.541 arcmin^-2
Fitting aperture to hotspot...
Candidate: x_peak:       -0.185, y_peak:       -0.105, r_peak:        0.020, sig:       11.940, ra_peak:      347.154, dec_peak:        4.675
Characteristic density local = 5373.5 deg^-2 = 1.493 arcmin^-2
Fitting aperture to hotspot...
Candidate: x_peak:        0.135, y_peak:        1.055, r_peak:        0.020, sig:        7.813, ra_peak:      347.476, dec_peak:        5.835
Characteristic density local = 5457.0 deg^-2 = 1.516 arcmin^-2
Fitting aperture to hotspot...
Candidate: x_peak:        0.475, y_peak:        0.215, r_peak:        0.030, sig:        7.741, ra_peak:      347.817, dec_peak:        4.995
Characteristic density local = 5850.9 deg^-2 = 1.625 arcmin^-2
Fitting aperture to hotspot...
Candidate: x_peak:        0.835, y_peak:       -0.095, r_peak:        0.050, sig:        6.737, ra_peak:      348.178, dec_peak:        4.684
Characteristic density local = 5661.9 deg^-2 = 1.573 arcmin^-2
Fitting aperture to hotspot...
Candidate: x_peak:        0.915, y_peak:       -0.005, r_peak:        0.020, sig:        8.449, ra_peak:      348.258, dec_peak:        4.774
Characteristic density local = 5319.8 deg^-2 = 1.478 arcmin^-2
Fitting aperture to hotspot...
Candidate: x_peak:        1.145, y_peak:        0.215, r_peak:        0.030, sig:       15.959, ra_peak:      348.489, dec_peak:        4.994
Distance = 39.8 kpc (m-M = 18.0)
667339 objects left after isochrone cut...
Characteristic density = 5400.0 deg^-2
Characteristic density local = 6111.5 deg^-2 = 1.698 arcmin^-2
Fitting aperture to hotspot...
Candidate: x_peak:       -1.095, y_peak:       -0.175, r_peak:        0.020, sig:       12.214, ra_peak:      346.241, dec_peak:        4.604
Characteristic density local = 5950.4 deg^-2 = 1.653 arcmin^-2
Fitting aperture to hotspot...
Candidate: x_peak:       -0.655, y_peak:        0.255, r_peak:        0.030, sig:       12.161, ra_peak:      346.682, dec_peak:        5.035
Characteristic density local = 5924.5 deg^-2 = 1.646 arcmin^-2
Fitting aperture to hotspot...
Candidate: x_peak:       -0.295, y_peak:        0.265, r_peak:        0.010, sig:        5.578, ra_peak:      347.044, dec_peak:        5.045
Characteristic density local = 5546.5 deg^-2 = 1.541 arcmin^-2
Fitting aperture to hotspot...
Candidate: x_peak:       -0.185, y_peak:       -0.105, r_peak:        0.020, sig:       11.940, ra_peak:      347.154, dec_peak:        4.675
Characteristic density local = 5365.5 deg^-2 = 1.490 arcmin^-2
Fitting aperture to hotspot...
Candidate: x_peak:        0.135, y_peak:        1.055, r_peak:        0.020, sig:        7.819, ra_peak:      347.476, dec_peak:        5.835
Characteristic density local = 5457.0 deg^-2 = 1.516 arcmin^-2
Fitting aperture to hotspot...
Candidate: x_peak:        0.475, y_peak:        0.215, r_peak:        0.030, sig:        7.741, ra_peak:      347.817, dec_peak:        4.995
Characteristic density local = 5847.0 deg^-2 = 1.624 arcmin^-2
Fitting aperture to hotspot...
Candidate: x_peak:        0.835, y_peak:       -0.095, r_peak:        0.050, sig:        6.743, ra_peak:      348.178, dec_peak:        4.684
Characteristic density local = 5658.0 deg^-2 = 1.572 arcmin^-2
Fitting aperture to hotspot...
Candidate: x_peak:        0.915, y_peak:       -0.005, r_peak:        0.020, sig:        8.452, ra_peak:      348.258, dec_peak:        4.774
Characteristic density local = 5317.8 deg^-2 = 1.477 arcmin^-2
Fitting aperture to hotspot...
Candidate: x_peak:        1.145, y_peak:        0.215, r_peak:        0.030, sig:       15.961, ra_peak:      348.489, dec_peak:        4.994
Distance = 50.1 kpc (m-M = 18.5)
666427 objects left after isochrone cut...
Characteristic density = 5400.0 deg^-2
Characteristic density local = 6077.7 deg^-2 = 1.688 arcmin^-2
Fitting aperture to hotspot...
Candidate: x_peak:       -1.095, y_peak:       -0.175, r_peak:        0.020, sig:       12.239, ra_peak:      346.241, dec_peak:        4.604
Characteristic density local = 5936.5 deg^-2 = 1.649 arcmin^-2
Fitting aperture to hotspot...
Candidate: x_peak:       -0.655, y_peak:        0.255, r_peak:        0.030, sig:       12.175, ra_peak:      346.682, dec_peak:        5.035
Characteristic density local = 5892.7 deg^-2 = 1.637 arcmin^-2
Fitting aperture to hotspot...
Candidate: x_peak:       -0.295, y_peak:        0.265, r_peak:        0.010, sig:        5.589, ra_peak:      347.044, dec_peak:        5.045
Characteristic density local = 5518.7 deg^-2 = 1.533 arcmin^-2
Fitting aperture to hotspot...
Candidate: x_peak:       -0.185, y_peak:       -0.105, r_peak:        0.020, sig:       11.961, ra_peak:      347.154, dec_peak:        4.675
Characteristic density local = 5341.6 deg^-2 = 1.484 arcmin^-2
Fitting aperture to hotspot...
Candidate: x_peak:        0.135, y_peak:        1.055, r_peak:        0.020, sig:        7.621, ra_peak:      347.476, dec_peak:        5.835
Characteristic density local = 5421.2 deg^-2 = 1.506 arcmin^-2
Fitting aperture to hotspot...
Candidate: x_peak:        0.475, y_peak:        0.215, r_peak:        0.030, sig:        7.774, ra_peak:      347.817, dec_peak:        4.995
Characteristic density local = 5811.1 deg^-2 = 1.614 arcmin^-2
Fitting aperture to hotspot...
Candidate: x_peak:        0.835, y_peak:       -0.095, r_peak:        0.050, sig:        6.791, ra_peak:      348.178, dec_peak:        4.684
Characteristic density local = 5624.1 deg^-2 = 1.562 arcmin^-2
Fitting aperture to hotspot...
Candidate: x_peak:        0.915, y_peak:       -0.005, r_peak:        0.020, sig:        8.475, ra_peak:      348.258, dec_peak:        4.774
Characteristic density local = 5282.0 deg^-2 = 1.467 arcmin^-2
Fitting aperture to hotspot...
Candidate: x_peak:        1.145, y_peak:        0.215, r_peak:        0.030, sig:       15.876, ra_peak:      348.489, dec_peak:        4.994
Distance = 63.1 kpc (m-M = 19.0)
664151 objects left after isochrone cut...
Characteristic density = 5300.0 deg^-2
Characteristic density local = 5992.2 deg^-2 = 1.664 arcmin^-2
Fitting aperture to hotspot...
Candidate: x_peak:       -1.095, y_peak:       -0.175, r_peak:        0.020, sig:       12.301, ra_peak:      346.241, dec_peak:        4.604
Characteristic density local = 5839.0 deg^-2 = 1.622 arcmin^-2
Fitting aperture to hotspot...
Candidate: x_peak:       -0.655, y_peak:        0.255, r_peak:        0.030, sig:       12.271, ra_peak:      346.682, dec_peak:        5.035
Characteristic density local = 5807.2 deg^-2 = 1.613 arcmin^-2
Fitting aperture to hotspot...
Candidate: x_peak:       -0.295, y_peak:        0.265, r_peak:        0.010, sig:        5.620, ra_peak:      347.044, dec_peak:        5.045
Characteristic density local = 5443.1 deg^-2 = 1.512 arcmin^-2
Fitting aperture to hotspot...
Candidate: x_peak:       -0.185, y_peak:       -0.105, r_peak:        0.020, sig:       11.842, ra_peak:      347.154, dec_peak:        4.675
Characteristic density local = 5266.0 deg^-2 = 1.463 arcmin^-2
Fitting aperture to hotspot...
Candidate: x_peak:        0.135, y_peak:        1.055, r_peak:        0.020, sig:        7.673, ra_peak:      347.476, dec_peak:        5.835
Characteristic density local = 5343.6 deg^-2 = 1.484 arcmin^-2
Fitting aperture to hotspot...
Candidate: x_peak:        0.475, y_peak:        0.215, r_peak:        0.030, sig:        7.847, ra_peak:      347.817, dec_peak:        4.995
Characteristic density local = 5727.6 deg^-2 = 1.591 arcmin^-2
Fitting aperture to hotspot...
Candidate: x_peak:        0.825, y_peak:       -0.095, r_peak:        0.040, sig:        7.381, ra_peak:      348.168, dec_peak:        4.685
Characteristic density local = 5528.6 deg^-2 = 1.536 arcmin^-2
Fitting aperture to hotspot...
Candidate: x_peak:        0.915, y_peak:       -0.005, r_peak:        0.020, sig:        8.541, ra_peak:      348.258, dec_peak:        4.774
Characteristic density local = 5184.5 deg^-2 = 1.440 arcmin^-2
Fitting aperture to hotspot...
Candidate: x_peak:        1.145, y_peak:        0.215, r_peak:        0.030, sig:       15.989, ra_peak:      348.489, dec_peak:        4.994
Distance = 79.4 kpc (m-M = 19.5)
660963 objects left after isochrone cut...
Characteristic density = 5200.0 deg^-2
Characteristic density local = 5886.7 deg^-2 = 1.635 arcmin^-2
Fitting aperture to hotspot...
Candidate: x_peak:       -1.095, y_peak:       -0.175, r_peak:        0.020, sig:       12.380, ra_peak:      346.241, dec_peak:        4.604
Characteristic density local = 5717.6 deg^-2 = 1.588 arcmin^-2
Fitting aperture to hotspot...
Candidate: x_peak:       -0.655, y_peak:        0.255, r_peak:        0.030, sig:       12.393, ra_peak:      346.682, dec_peak:        5.035
Characteristic density local = 5683.8 deg^-2 = 1.579 arcmin^-2
Fitting aperture to hotspot...
Candidate: x_peak:       -0.295, y_peak:        0.265, r_peak:        0.030, sig:        5.671, ra_peak:      347.044, dec_peak:        5.045
Characteristic density local = 5327.7 deg^-2 = 1.480 arcmin^-2
Fitting aperture to hotspot...
Candidate: x_peak:       -0.185, y_peak:       -0.105, r_peak:        0.020, sig:       11.752, ra_peak:      347.154, dec_peak:        4.675
Characteristic density local = 5190.4 deg^-2 = 1.442 arcmin^-2
Fitting aperture to hotspot...
Candidate: x_peak:        0.135, y_peak:        1.055, r_peak:        0.020, sig:        7.726, ra_peak:      347.476, dec_peak:        5.835
Characteristic density local = 5242.2 deg^-2 = 1.456 arcmin^-2
Fitting aperture to hotspot...
Candidate: x_peak:        0.475, y_peak:        0.215, r_peak:        0.030, sig:        7.944, ra_peak:      347.817, dec_peak:        4.995
Characteristic density local = 5632.1 deg^-2 = 1.564 arcmin^-2
Fitting aperture to hotspot...
Candidate: x_peak:        0.825, y_peak:       -0.095, r_peak:        0.040, sig:        7.490, ra_peak:      348.168, dec_peak:        4.685
Characteristic density local = 5443.1 deg^-2 = 1.512 arcmin^-2
Fitting aperture to hotspot...
Candidate: x_peak:        0.915, y_peak:       -0.005, r_peak:        0.020, sig:        8.395, ra_peak:      348.258, dec_peak:        4.774
Characteristic density local = 5100.9 deg^-2 = 1.417 arcmin^-2
Fitting aperture to hotspot...
Candidate: x_peak:        1.145, y_peak:        0.215, r_peak:        0.030, sig:       15.959, ra_peak:      348.489, dec_peak:        4.994
Distance = 100.0 kpc (m-M = 20.0)
657123 objects left after isochrone cut...
Characteristic density = 5100.0 deg^-2
Characteristic density local = 5769.4 deg^-2 = 1.603 arcmin^-2
Fitting aperture to hotspot...
Candidate: x_peak:       -1.095, y_peak:       -0.175, r_peak:        0.020, sig:       12.468, ra_peak:      346.241, dec_peak:        4.604
Characteristic density local = 5572.4 deg^-2 = 1.548 arcmin^-2
Fitting aperture to hotspot...
Candidate: x_peak:       -0.655, y_peak:        0.255, r_peak:        0.030, sig:       12.404, ra_peak:      346.682, dec_peak:        5.035
Characteristic density local = 5548.5 deg^-2 = 1.541 arcmin^-2
Fitting aperture to hotspot...
Candidate: x_peak:       -0.295, y_peak:        0.265, r_peak:        0.010, sig:        5.717, ra_peak:      347.044, dec_peak:        5.045
Characteristic density local = 5200.4 deg^-2 = 1.445 arcmin^-2
Fitting aperture to hotspot...
Candidate: x_peak:       -0.185, y_peak:       -0.105, r_peak:        0.020, sig:       11.489, ra_peak:      347.154, dec_peak:        4.675
Characteristic density local = 5087.0 deg^-2 = 1.413 arcmin^-2
Fitting aperture to hotspot...
Candidate: x_peak:        0.135, y_peak:        1.055, r_peak:        0.020, sig:        7.581, ra_peak:      347.476, dec_peak:        5.835
Characteristic density local = 5132.7 deg^-2 = 1.426 arcmin^-2
Fitting aperture to hotspot...
Candidate: x_peak:        0.475, y_peak:        0.215, r_peak:        0.030, sig:        8.049, ra_peak:      347.817, dec_peak:        4.995
Characteristic density local = 5518.7 deg^-2 = 1.533 arcmin^-2
Fitting aperture to hotspot...
Candidate: x_peak:        0.825, y_peak:       -0.095, r_peak:        0.040, sig:        7.621, ra_peak:      348.168, dec_peak:        4.685
Characteristic density local = 5335.7 deg^-2 = 1.482 arcmin^-2
Fitting aperture to hotspot...
Candidate: x_peak:        0.915, y_peak:       -0.005, r_peak:        0.020, sig:        8.470, ra_peak:      348.258, dec_peak:        4.774
Characteristic density local = 5023.3 deg^-2 = 1.395 arcmin^-2
Fitting aperture to hotspot...
Candidate: x_peak:        1.145, y_peak:        0.215, r_peak:        0.030, sig:       16.051, ra_peak:      348.489, dec_peak:        4.994
Distance = 125.9 kpc (m-M = 20.5)
652681 objects left after isochrone cut...
Characteristic density = 5000.0 deg^-2
Characteristic density local = 5582.4 deg^-2 = 1.551 arcmin^-2
Fitting aperture to hotspot...
Candidate: x_peak:       -1.095, y_peak:       -0.175, r_peak:        0.020, sig:       12.611, ra_peak:      346.241, dec_peak:        4.604
Characteristic density local = 5395.4 deg^-2 = 1.499 arcmin^-2
Fitting aperture to hotspot...
Candidate: x_peak:       -0.655, y_peak:        0.255, r_peak:        0.030, sig:       12.449, ra_peak:      346.682, dec_peak:        5.035
Characteristic density local = 5423.2 deg^-2 = 1.506 arcmin^-2
Fitting aperture to hotspot...
Candidate: x_peak:       -0.295, y_peak:        0.265, r_peak:        0.010, sig:        5.765, ra_peak:      347.044, dec_peak:        5.045
Characteristic density local = 5063.1 deg^-2 = 1.406 arcmin^-2
Fitting aperture to hotspot...
Candidate: x_peak:       -0.185, y_peak:       -0.105, r_peak:        0.020, sig:       11.598, ra_peak:      347.154, dec_peak:        4.675
Characteristic density local = 4911.9 deg^-2 = 1.364 arcmin^-2
Fitting aperture to hotspot...
Candidate: x_peak:        0.135, y_peak:        1.055, r_peak:        0.020, sig:        7.485, ra_peak:      347.476, dec_peak:        5.835
Characteristic density local = 5007.4 deg^-2 = 1.391 arcmin^-2
Fitting aperture to hotspot...
Candidate: x_peak:        0.475, y_peak:        0.215, r_peak:        0.030, sig:        8.007, ra_peak:      347.817, dec_peak:        4.995
Characteristic density local = 5381.4 deg^-2 = 1.495 arcmin^-2
Fitting aperture to hotspot...
Candidate: x_peak:        0.825, y_peak:       -0.095, r_peak:        0.040, sig:        7.783, ra_peak:      348.168, dec_peak:        4.685
Characteristic density local = 5214.3 deg^-2 = 1.448 arcmin^-2
Fitting aperture to hotspot...
Candidate: x_peak:        0.915, y_peak:       -0.005, r_peak:        0.020, sig:        8.557, ra_peak:      348.258, dec_peak:        4.774
Characteristic density local = 4876.1 deg^-2 = 1.354 arcmin^-2
Fitting aperture to hotspot...
Candidate: x_peak:        1.145, y_peak:        0.215, r_peak:        0.030, sig:       16.227, ra_peak:      348.489, dec_peak:        4.994
Distance = 158.5 kpc (m-M = 21.0)
647417 objects left after isochrone cut...
Characteristic density = 4800.0 deg^-2
Characteristic density local = 5403.3 deg^-2 = 1.501 arcmin^-2
Fitting aperture to hotspot...
Candidate: x_peak:       -1.095, y_peak:       -0.175, r_peak:        0.020, sig:       12.579, ra_peak:      346.241, dec_peak:        4.604
Characteristic density local = 5200.4 deg^-2 = 1.445 arcmin^-2
Fitting aperture to hotspot...
Candidate: x_peak:       -0.655, y_peak:        0.255, r_peak:        0.030, sig:       12.377, ra_peak:      346.682, dec_peak:        5.035
Characteristic density local = 5254.1 deg^-2 = 1.459 arcmin^-2
Fitting aperture to hotspot...
Candidate: x_peak:       -0.295, y_peak:        0.265, r_peak:        0.030, sig:        5.871, ra_peak:      347.044, dec_peak:        5.045
Characteristic density local = 4874.1 deg^-2 = 1.354 arcmin^-2
Fitting aperture to hotspot...
Candidate: x_peak:       -0.185, y_peak:       -0.105, r_peak:        0.020, sig:       11.753, ra_peak:      347.154, dec_peak:        4.675
Characteristic density local = 4774.6 deg^-2 = 1.326 arcmin^-2
Fitting aperture to hotspot...
Candidate: x_peak:        0.135, y_peak:        1.055, r_peak:        0.020, sig:        7.361, ra_peak:      347.476, dec_peak:        5.835
Characteristic density local = 4822.4 deg^-2 = 1.340 arcmin^-2
Fitting aperture to hotspot...
Candidate: x_peak:        0.475, y_peak:        0.215, r_peak:        0.030, sig:        8.192, ra_peak:      347.817, dec_peak:        4.995
Characteristic density local = 5214.3 deg^-2 = 1.448 arcmin^-2
Fitting aperture to hotspot...
Candidate: x_peak:        0.825, y_peak:       -0.095, r_peak:        0.040, sig:        7.983, ra_peak:      348.168, dec_peak:        4.685
Characteristic density local = 5035.3 deg^-2 = 1.399 arcmin^-2
Fitting aperture to hotspot...
Candidate: x_peak:        0.915, y_peak:       -0.005, r_peak:        0.020, sig:        8.688, ra_peak:      348.258, dec_peak:        4.774
Characteristic density local = 4726.9 deg^-2 = 1.313 arcmin^-2
Fitting aperture to hotspot...
Candidate: x_peak:        1.145, y_peak:        0.215, r_peak:        0.030, sig:       16.410, ra_peak:      348.489, dec_peak:        4.994
Distance = 199.5 kpc (m-M = 21.5)
641375 objects left after isochrone cut...
Characteristic density = 4600.0 deg^-2
Characteristic density local = 5184.5 deg^-2 = 1.440 arcmin^-2
Fitting aperture to hotspot...
Candidate: x_peak:       -1.095, y_peak:       -0.175, r_peak:        0.020, sig:       12.756, ra_peak:      346.241, dec_peak:        4.604
Characteristic density local = 4969.6 deg^-2 = 1.380 arcmin^-2
Fitting aperture to hotspot...
Candidate: x_peak:       -0.655, y_peak:        0.255, r_peak:        0.030, sig:       12.487, ra_peak:      346.682, dec_peak:        5.035
Characteristic density local = 5049.2 deg^-2 = 1.403 arcmin^-2
Fitting aperture to hotspot...
Candidate: x_peak:       -0.295, y_peak:        0.265, r_peak:        0.030, sig:        6.059, ra_peak:      347.044, dec_peak:        5.045
Characteristic density local = 4715.0 deg^-2 = 1.310 arcmin^-2
Fitting aperture to hotspot...
Candidate: x_peak:       -0.185, y_peak:       -0.105, r_peak:        0.020, sig:       11.887, ra_peak:      347.154, dec_peak:        4.675
Characteristic density local = 4589.6 deg^-2 = 1.275 arcmin^-2
Fitting aperture to hotspot...
Candidate: x_peak:        0.135, y_peak:        1.055, r_peak:        0.020, sig:        7.269, ra_peak:      347.476, dec_peak:        5.835
Characteristic density local = 4601.6 deg^-2 = 1.278 arcmin^-2
Fitting aperture to hotspot...
Candidate: x_peak:        0.475, y_peak:        0.225, r_peak:        0.030, sig:        8.755, ra_peak:      347.817, dec_peak:        5.005
Characteristic density local = 4999.5 deg^-2 = 1.389 arcmin^-2
Fitting aperture to hotspot...
Candidate: x_peak:        0.825, y_peak:       -0.095, r_peak:        0.040, sig:        7.839, ra_peak:      348.168, dec_peak:        4.685
Characteristic density local = 4840.3 deg^-2 = 1.345 arcmin^-2
Fitting aperture to hotspot...
Candidate: x_peak:        0.915, y_peak:       -0.005, r_peak:        0.020, sig:        8.835, ra_peak:      348.258, dec_peak:        4.774
Characteristic density local = 4563.8 deg^-2 = 1.268 arcmin^-2
Fitting aperture to hotspot...
Candidate: x_peak:        1.145, y_peak:        0.215, r_peak:        0.030, sig:       16.616, ra_peak:      348.489, dec_peak:        4.994
Distance = 251.2 kpc (m-M = 22.0)
634443 objects left after isochrone cut...
Characteristic density = 4400.0 deg^-2
Characteristic density local = 4967.6 deg^-2 = 1.380 arcmin^-2
Fitting aperture to hotspot...
Candidate: x_peak:       -1.095, y_peak:       -0.185, r_peak:        0.020, sig:       13.286, ra_peak:      346.241, dec_peak:        4.594
Characteristic density local = 4730.9 deg^-2 = 1.314 arcmin^-2
Fitting aperture to hotspot...
Candidate: x_peak:       -0.655, y_peak:        0.255, r_peak:        0.030, sig:       12.470, ra_peak:      346.682, dec_peak:        5.035
Characteristic density local = 4774.6 deg^-2 = 1.326 arcmin^-2
Fitting aperture to hotspot...
Candidate: x_peak:       -0.295, y_peak:        0.255, r_peak:        0.020, sig:        7.133, ra_peak:      347.044, dec_peak:        5.035
Characteristic density local = 4526.0 deg^-2 = 1.257 arcmin^-2
Fitting aperture to hotspot...
Candidate: x_peak:       -0.195, y_peak:       -0.105, r_peak:        0.020, sig:       12.051, ra_peak:      347.144, dec_peak:        4.675
Characteristic density local = 4339.0 deg^-2 = 1.205 arcmin^-2
Fitting aperture to hotspot...
Candidate: x_peak:        0.135, y_peak:        1.055, r_peak:        0.020, sig:        7.461, ra_peak:      347.476, dec_peak:        5.835
Characteristic density local = 4390.7 deg^-2 = 1.220 arcmin^-2
Fitting aperture to hotspot...
Candidate: x_peak:        0.475, y_peak:        0.225, r_peak:        0.030, sig:        8.982, ra_peak:      347.817, dec_peak:        5.005
Characteristic density local = 4772.7 deg^-2 = 1.326 arcmin^-2
Fitting aperture to hotspot...
Candidate: x_peak:        0.825, y_peak:       -0.095, r_peak:        0.040, sig:        7.986, ra_peak:      348.168, dec_peak:        4.685
Characteristic density local = 4647.3 deg^-2 = 1.291 arcmin^-2
Fitting aperture to hotspot...
Candidate: x_peak:        0.915, y_peak:       -0.005, r_peak:        0.020, sig:        8.985, ra_peak:      348.258, dec_peak:        4.774
Characteristic density local = 4356.9 deg^-2 = 1.210 arcmin^-2
Fitting aperture to hotspot...
Candidate: x_peak:        1.145, y_peak:        0.215, r_peak:        0.030, sig:       16.625, ra_peak:      348.489, dec_peak:        4.994
Distance = 316.2 kpc (m-M = 22.5)
626345 objects left after isochrone cut...
Characteristic density = 4100.0 deg^-2
Characteristic density local = 4691.1 deg^-2 = 1.303 arcmin^-2
Fitting aperture to hotspot...
Candidate: x_peak:       -1.095, y_peak:       -0.185, r_peak:        0.020, sig:       13.528, ra_peak:      346.241, dec_peak:        4.594
Characteristic density local = 4486.2 deg^-2 = 1.246 arcmin^-2
Fitting aperture to hotspot...
Candidate: x_peak:       -0.655, y_peak:        0.255, r_peak:        0.030, sig:       12.463, ra_peak:      346.682, dec_peak:        5.035
Characteristic density local = 4512.0 deg^-2 = 1.253 arcmin^-2
Fitting aperture to hotspot...
Candidate: x_peak:       -0.295, y_peak:        0.255, r_peak:        0.020, sig:        7.328, ra_peak:      347.044, dec_peak:        5.035
Characteristic density local = 4191.7 deg^-2 = 1.164 arcmin^-2
Fitting aperture to hotspot...
Candidate: x_peak:       -0.185, y_peak:       -0.105, r_peak:        0.020, sig:       12.166, ra_peak:      347.154, dec_peak:        4.675
Characteristic density local = 4076.4 deg^-2 = 1.132 arcmin^-2
Fitting aperture to hotspot...
Candidate: x_peak:        0.135, y_peak:        1.055, r_peak:        0.020, sig:        7.671, ra_peak:      347.476, dec_peak:        5.835
Characteristic density local = 4201.7 deg^-2 = 1.167 arcmin^-2
Fitting aperture to hotspot...
Candidate: x_peak:        0.475, y_peak:        0.215, r_peak:        0.030, sig:        8.684, ra_peak:      347.817, dec_peak:        4.995
Characteristic density local = 4541.9 deg^-2 = 1.262 arcmin^-2
Fitting aperture to hotspot...
Candidate: x_peak:        0.825, y_peak:       -0.095, r_peak:        0.040, sig:        7.579, ra_peak:      348.168, dec_peak:        4.685
Characteristic density local = 4386.7 deg^-2 = 1.219 arcmin^-2
Fitting aperture to hotspot...
Candidate: x_peak:        0.915, y_peak:       -0.005, r_peak:        0.020, sig:        8.766, ra_peak:      348.258, dec_peak:        4.774
Characteristic density local = 4088.3 deg^-2 = 1.136 arcmin^-2
Fitting aperture to hotspot...
Candidate: x_peak:        1.145, y_peak:        0.215, r_peak:        0.030, sig:       16.988, ra_peak:      348.489, dec_peak:        4.994
Distance = 398.1 kpc (m-M = 23.0)
616605 objects left after isochrone cut...
Characteristic density = 3800.0 deg^-2
Characteristic density local = 4372.8 deg^-2 = 1.215 arcmin^-2
Fitting aperture to hotspot...
Candidate: x_peak:       -1.095, y_peak:       -0.185, r_peak:        0.020, sig:       13.467, ra_peak:      346.241, dec_peak:        4.594
Characteristic density local = 4209.6 deg^-2 = 1.169 arcmin^-2
Fitting aperture to hotspot...
Candidate: x_peak:       -0.655, y_peak:        0.255, r_peak:        0.030, sig:       12.501, ra_peak:      346.682, dec_peak:        5.035
Characteristic density local = 4179.8 deg^-2 = 1.161 arcmin^-2
Fitting aperture to hotspot...
Candidate: x_peak:       -0.295, y_peak:        0.255, r_peak:        0.020, sig:        7.587, ra_peak:      347.044, dec_peak:        5.035
Characteristic density local = 3881.4 deg^-2 = 1.078 arcmin^-2
Fitting aperture to hotspot...
Candidate: x_peak:       -0.185, y_peak:       -0.105, r_peak:        0.020, sig:       12.079, ra_peak:      347.154, dec_peak:        4.675
Characteristic density local = 3803.8 deg^-2 = 1.057 arcmin^-2
Fitting aperture to hotspot...
Candidate: x_peak:        0.135, y_peak:        1.055, r_peak:        0.020, sig:        7.901, ra_peak:      347.476, dec_peak:        5.835
Characteristic density local = 3853.5 deg^-2 = 1.070 arcmin^-2
Fitting aperture to hotspot...
Candidate: x_peak:        0.475, y_peak:        0.215, r_peak:        0.040, sig:        8.384, ra_peak:      347.817, dec_peak:        4.995
Characteristic density local = 4209.6 deg^-2 = 1.169 arcmin^-2
Fitting aperture to hotspot...
Candidate: x_peak:        0.825, y_peak:       -0.095, r_peak:        0.040, sig:        7.289, ra_peak:      348.168, dec_peak:        4.685
Characteristic density local = 4066.4 deg^-2 = 1.130 arcmin^-2
Fitting aperture to hotspot...
Candidate: x_peak:        0.915, y_peak:       -0.005, r_peak:        0.020, sig:        8.815, ra_peak:      348.258, dec_peak:        4.774
Characteristic density local = 3777.9 deg^-2 = 1.049 arcmin^-2
Fitting aperture to hotspot...
Candidate: x_peak:        1.145, y_peak:        0.215, r_peak:        0.030, sig:       17.031, ra_peak:      348.489, dec_peak:        4.994
17.03 sigma; (RA, Dec, d) = (348.49, 4.99); r = 0.03 deg; d = 398.1, mu = 23.00 mag), mc_source_id: 0.00
13.53 sigma; (RA, Dec, d) = (346.24, 4.59); r = 0.02 deg; d = 316.2, mu = 22.50 mag), mc_source_id: 0.00
12.50 sigma; (RA, Dec, d) = (346.68, 5.03); r = 0.03 deg; d = 398.1, mu = 23.00 mag), mc_source_id: 0.00
12.17 sigma; (RA, Dec, d) = (347.15, 4.67); r = 0.02 deg; d = 316.2, mu = 22.50 mag), mc_source_id: 0.00
8.98 sigma; (RA, Dec, d) = (348.26, 4.77); r = 0.02 deg; d = 251.2, mu = 22.00 mag), mc_source_id: 0.00
8.98 sigma; (RA, Dec, d) = (347.82, 5.00); r = 0.03 deg; d = 251.2, mu = 22.00 mag), mc_source_id: 0.00
7.99 sigma; (RA, Dec, d) = (348.17, 4.68); r = 0.04 deg; d = 251.2, mu = 22.00 mag), mc_source_id: 0.00
7.90 sigma; (RA, Dec, d) = (347.48, 5.84); r = 0.02 deg; d = 398.1, mu = 23.00 mag), mc_source_id: 0.00
7.59 sigma; (RA, Dec, d) = (347.04, 5.03); r = 0.02 deg; d = 398.1, mu = 23.00 mag), mc_source_id: 0.00

------------------------------------------------------------
Job <680637.0> was submitted from <des51.fnal.gov> by user <tavangar>.
Job was executed on host <des40.fnal.gov> as user <tavangar>.
</var/lib/condor/execute/dir_1972670> was used as the initial working directory.
Results reported at Wed Jun  5 10:58:21 CDT 2019

Your job looked like:

------------------------------------------------------------
python /home/s1/tavangar/tavangar_simple/search_algorithm.py 347.34 4.78 0.00 /home/s1/tavangar/tavangar_simple/decals_dr7_results/results_nside_32_5691.csv /home/s1/tavangar/tavangar_simple/decals_dr7_results/decals_dr7_log/results_nside_32_5691.log
------------------------------------------------------------

Successfully completed.

Resource usage summary:

	Real time :			450.71 sec.
	CPU time :			94.33 sec.
	CPU percentage :		83%
	Max Memory :			5544160 KB
	Average Memory :		0 KB

The output (if any) is above this job summary.
