/home/s1/tavangar/tavangar_simple/simple_utils.py:170: FutureWarning: elementwise comparison failed; returning scalar instead, but in the future will perform elementwise comparison
  if np.all(isochrone.stage == 'Main'):
Search coordinates: (RA, Dec) = (22.50, -1.19)
Center healpixel: 6216
Healpixels: [6216 6343 6215 6087 5960 6088 6217 6344 6472]
MC_SOURCE_ID = 0.0
mode = 0: running only on real data
Found 1 objects...
Applying cuts...
938760 star-like objects in ROI...
1432684 galaxy-like objects in ROI...
No fracdet map specified ...
Distance = 15.8 kpc (m-M = 16.0)
938732 objects left after isochrone cut...
Characteristic density = 3600.0 deg^-2
Characteristic density local = 3799.8 deg^-2 = 1.056 arcmin^-2
Fitting aperture to hotspot...
Candidate: x_peak:       -0.825, y_peak:       -0.495, r_peak:        0.030, sig:        6.383, ra_peak:       21.675, dec_peak:       -1.685
Characteristic density local = 3714.3 deg^-2 = 1.032 arcmin^-2
Fitting aperture to hotspot...
Candidate: x_peak:       -0.505, y_peak:       -0.765, r_peak:        0.100, sig:       10.098, ra_peak:       21.995, dec_peak:       -1.955
Characteristic density local = 3728.2 deg^-2 = 1.036 arcmin^-2
Fitting aperture to hotspot...
Candidate: x_peak:       -0.485, y_peak:       -0.785, r_peak:        0.080, sig:       12.157, ra_peak:       22.015, dec_peak:       -1.975
Characteristic density local = 3734.2 deg^-2 = 1.037 arcmin^-2
Fitting aperture to hotspot...
Candidate: x_peak:       -0.465, y_peak:       -0.795, r_peak:        0.080, sig:       11.564, ra_peak:       22.035, dec_peak:       -1.985
Characteristic density local = 3730.2 deg^-2 = 1.036 arcmin^-2
Fitting aperture to hotspot...
Candidate: x_peak:       -0.455, y_peak:       -0.805, r_peak:        0.090, sig:       11.831, ra_peak:       22.045, dec_peak:       -1.995
Characteristic density local = 3567.1 deg^-2 = 0.991 arcmin^-2
Fitting aperture to hotspot...
Candidate: x_peak:       -0.335, y_peak:        0.145, r_peak:        0.020, sig:        8.811, ra_peak:       22.165, dec_peak:       -1.045
Characteristic density local = 3827.7 deg^-2 = 1.063 arcmin^-2
Fitting aperture to hotspot...
Candidate: x_peak:        0.245, y_peak:        0.545, r_peak:        0.030, sig:        6.548, ra_peak:       22.745, dec_peak:       -0.645
Characteristic density local = 3968.9 deg^-2 = 1.102 arcmin^-2
Fitting aperture to hotspot...
Candidate: x_peak:        0.295, y_peak:        0.935, r_peak:        0.020, sig:        6.297, ra_peak:       22.795, dec_peak:       -0.255
Characteristic density local = 4106.2 deg^-2 = 1.141 arcmin^-2
Fitting aperture to hotspot...
Candidate: x_peak:        0.895, y_peak:       -0.435, r_peak:        0.260, sig:        6.017, ra_peak:       23.395, dec_peak:       -1.625
Distance = 20.0 kpc (m-M = 16.5)
938752 objects left after isochrone cut...
Characteristic density = 3600.0 deg^-2
Characteristic density local = 3799.8 deg^-2 = 1.056 arcmin^-2
Fitting aperture to hotspot...
Candidate: x_peak:       -0.825, y_peak:       -0.495, r_peak:        0.030, sig:        6.383, ra_peak:       21.675, dec_peak:       -1.685
Characteristic density local = 3714.3 deg^-2 = 1.032 arcmin^-2
Fitting aperture to hotspot...
Candidate: x_peak:       -0.505, y_peak:       -0.765, r_peak:        0.100, sig:       10.098, ra_peak:       21.995, dec_peak:       -1.955
Characteristic density local = 3728.2 deg^-2 = 1.036 arcmin^-2
Fitting aperture to hotspot...
Candidate: x_peak:       -0.485, y_peak:       -0.785, r_peak:        0.080, sig:       12.157, ra_peak:       22.015, dec_peak:       -1.975
Characteristic density local = 3734.2 deg^-2 = 1.037 arcmin^-2
Fitting aperture to hotspot...
Candidate: x_peak:       -0.465, y_peak:       -0.795, r_peak:        0.080, sig:       11.564, ra_peak:       22.035, dec_peak:       -1.985
Characteristic density local = 3730.2 deg^-2 = 1.036 arcmin^-2
Fitting aperture to hotspot...
Candidate: x_peak:       -0.455, y_peak:       -0.805, r_peak:        0.090, sig:       11.831, ra_peak:       22.045, dec_peak:       -1.995
Characteristic density local = 3567.1 deg^-2 = 0.991 arcmin^-2
Fitting aperture to hotspot...
Candidate: x_peak:       -0.335, y_peak:        0.145, r_peak:        0.020, sig:        8.811, ra_peak:       22.165, dec_peak:       -1.045
Characteristic density local = 3827.7 deg^-2 = 1.063 arcmin^-2
Fitting aperture to hotspot...
Candidate: x_peak:        0.245, y_peak:        0.545, r_peak:        0.030, sig:        6.548, ra_peak:       22.745, dec_peak:       -0.645
Characteristic density local = 3968.9 deg^-2 = 1.102 arcmin^-2
Fitting aperture to hotspot...
Candidate: x_peak:        0.295, y_peak:        0.935, r_peak:        0.020, sig:        6.297, ra_peak:       22.795, dec_peak:       -0.255
Characteristic density local = 4106.2 deg^-2 = 1.141 arcmin^-2
Fitting aperture to hotspot...
Candidate: x_peak:        0.895, y_peak:       -0.435, r_peak:        0.260, sig:        6.017, ra_peak:       23.395, dec_peak:       -1.625
Distance = 25.1 kpc (m-M = 17.0)
938756 objects left after isochrone cut...
Characteristic density = 3600.0 deg^-2
Characteristic density local = 3799.8 deg^-2 = 1.056 arcmin^-2
Fitting aperture to hotspot...
Candidate: x_peak:       -0.825, y_peak:       -0.495, r_peak:        0.030, sig:        6.383, ra_peak:       21.675, dec_peak:       -1.685
Characteristic density local = 3714.3 deg^-2 = 1.032 arcmin^-2
Fitting aperture to hotspot...
Candidate: x_peak:       -0.505, y_peak:       -0.765, r_peak:        0.100, sig:       10.098, ra_peak:       21.995, dec_peak:       -1.955
Characteristic density local = 3728.2 deg^-2 = 1.036 arcmin^-2
Fitting aperture to hotspot...
Candidate: x_peak:       -0.485, y_peak:       -0.785, r_peak:        0.080, sig:       12.157, ra_peak:       22.015, dec_peak:       -1.975
Characteristic density local = 3734.2 deg^-2 = 1.037 arcmin^-2
Fitting aperture to hotspot...
Candidate: x_peak:       -0.465, y_peak:       -0.795, r_peak:        0.080, sig:       11.564, ra_peak:       22.035, dec_peak:       -1.985
Characteristic density local = 3730.2 deg^-2 = 1.036 arcmin^-2
Fitting aperture to hotspot...
Candidate: x_peak:       -0.455, y_peak:       -0.805, r_peak:        0.090, sig:       11.831, ra_peak:       22.045, dec_peak:       -1.995
Characteristic density local = 3567.1 deg^-2 = 0.991 arcmin^-2
Fitting aperture to hotspot...
Candidate: x_peak:       -0.335, y_peak:        0.145, r_peak:        0.020, sig:        8.811, ra_peak:       22.165, dec_peak:       -1.045
Characteristic density local = 3827.7 deg^-2 = 1.063 arcmin^-2
Fitting aperture to hotspot...
Candidate: x_peak:        0.245, y_peak:        0.545, r_peak:        0.030, sig:        6.548, ra_peak:       22.745, dec_peak:       -0.645
Characteristic density local = 3968.9 deg^-2 = 1.102 arcmin^-2
Fitting aperture to hotspot...
Candidate: x_peak:        0.295, y_peak:        0.935, r_peak:        0.020, sig:        6.297, ra_peak:       22.795, dec_peak:       -0.255
Characteristic density local = 4106.2 deg^-2 = 1.141 arcmin^-2
Fitting aperture to hotspot...
Candidate: x_peak:        0.895, y_peak:       -0.435, r_peak:        0.260, sig:        6.017, ra_peak:       23.395, dec_peak:       -1.625
Distance = 31.6 kpc (m-M = 17.5)
938760 objects left after isochrone cut...
Characteristic density = 3600.0 deg^-2
Characteristic density local = 3799.8 deg^-2 = 1.056 arcmin^-2
Fitting aperture to hotspot...
Candidate: x_peak:       -0.825, y_peak:       -0.495, r_peak:        0.030, sig:        6.383, ra_peak:       21.675, dec_peak:       -1.685
Characteristic density local = 3714.3 deg^-2 = 1.032 arcmin^-2
Fitting aperture to hotspot...
Candidate: x_peak:       -0.505, y_peak:       -0.765, r_peak:        0.100, sig:       10.098, ra_peak:       21.995, dec_peak:       -1.955
Characteristic density local = 3728.2 deg^-2 = 1.036 arcmin^-2
Fitting aperture to hotspot...
Candidate: x_peak:       -0.485, y_peak:       -0.785, r_peak:        0.080, sig:       12.157, ra_peak:       22.015, dec_peak:       -1.975
Characteristic density local = 3734.2 deg^-2 = 1.037 arcmin^-2
Fitting aperture to hotspot...
Candidate: x_peak:       -0.465, y_peak:       -0.795, r_peak:        0.080, sig:       11.564, ra_peak:       22.035, dec_peak:       -1.985
Characteristic density local = 3730.2 deg^-2 = 1.036 arcmin^-2
Fitting aperture to hotspot...
Candidate: x_peak:       -0.455, y_peak:       -0.805, r_peak:        0.090, sig:       11.831, ra_peak:       22.045, dec_peak:       -1.995
Characteristic density local = 3567.1 deg^-2 = 0.991 arcmin^-2
Fitting aperture to hotspot...
Candidate: x_peak:       -0.335, y_peak:        0.145, r_peak:        0.020, sig:        8.811, ra_peak:       22.165, dec_peak:       -1.045
Characteristic density local = 3827.7 deg^-2 = 1.063 arcmin^-2
Fitting aperture to hotspot...
Candidate: x_peak:        0.245, y_peak:        0.545, r_peak:        0.030, sig:        6.548, ra_peak:       22.745, dec_peak:       -0.645
Characteristic density local = 3968.9 deg^-2 = 1.102 arcmin^-2
Fitting aperture to hotspot...
Candidate: x_peak:        0.295, y_peak:        0.935, r_peak:        0.020, sig:        6.297, ra_peak:       22.795, dec_peak:       -0.255
Characteristic density local = 4106.2 deg^-2 = 1.141 arcmin^-2
Fitting aperture to hotspot...
Candidate: x_peak:        0.895, y_peak:       -0.435, r_peak:        0.260, sig:        6.017, ra_peak:       23.395, dec_peak:       -1.625
Distance = 39.8 kpc (m-M = 18.0)
938760 objects left after isochrone cut...
Characteristic density = 3600.0 deg^-2
Characteristic density local = 3799.8 deg^-2 = 1.056 arcmin^-2
Fitting aperture to hotspot...
Candidate: x_peak:       -0.825, y_peak:       -0.495, r_peak:        0.030, sig:        6.383, ra_peak:       21.675, dec_peak:       -1.685
Characteristic density local = 3714.3 deg^-2 = 1.032 arcmin^-2
Fitting aperture to hotspot...
Candidate: x_peak:       -0.505, y_peak:       -0.765, r_peak:        0.100, sig:       10.098, ra_peak:       21.995, dec_peak:       -1.955
Characteristic density local = 3728.2 deg^-2 = 1.036 arcmin^-2
Fitting aperture to hotspot...
Candidate: x_peak:       -0.485, y_peak:       -0.785, r_peak:        0.080, sig:       12.157, ra_peak:       22.015, dec_peak:       -1.975
Characteristic density local = 3734.2 deg^-2 = 1.037 arcmin^-2
Fitting aperture to hotspot...
Candidate: x_peak:       -0.465, y_peak:       -0.795, r_peak:        0.080, sig:       11.564, ra_peak:       22.035, dec_peak:       -1.985
Characteristic density local = 3730.2 deg^-2 = 1.036 arcmin^-2
Fitting aperture to hotspot...
Candidate: x_peak:       -0.455, y_peak:       -0.805, r_peak:        0.090, sig:       11.831, ra_peak:       22.045, dec_peak:       -1.995
Characteristic density local = 3567.1 deg^-2 = 0.991 arcmin^-2
Fitting aperture to hotspot...
Candidate: x_peak:       -0.335, y_peak:        0.145, r_peak:        0.020, sig:        8.811, ra_peak:       22.165, dec_peak:       -1.045
Characteristic density local = 3827.7 deg^-2 = 1.063 arcmin^-2
Fitting aperture to hotspot...
Candidate: x_peak:        0.245, y_peak:        0.545, r_peak:        0.030, sig:        6.548, ra_peak:       22.745, dec_peak:       -0.645
Characteristic density local = 3968.9 deg^-2 = 1.102 arcmin^-2
Fitting aperture to hotspot...
Candidate: x_peak:        0.295, y_peak:        0.935, r_peak:        0.020, sig:        6.297, ra_peak:       22.795, dec_peak:       -0.255
Characteristic density local = 4106.2 deg^-2 = 1.141 arcmin^-2
Fitting aperture to hotspot...
Candidate: x_peak:        0.895, y_peak:       -0.435, r_peak:        0.260, sig:        6.017, ra_peak:       23.395, dec_peak:       -1.625
Distance = 50.1 kpc (m-M = 18.5)
938760 objects left after isochrone cut...
Characteristic density = 3600.0 deg^-2
Characteristic density local = 3799.8 deg^-2 = 1.056 arcmin^-2
Fitting aperture to hotspot...
Candidate: x_peak:       -0.825, y_peak:       -0.495, r_peak:        0.030, sig:        6.383, ra_peak:       21.675, dec_peak:       -1.685
Characteristic density local = 3714.3 deg^-2 = 1.032 arcmin^-2
Fitting aperture to hotspot...
Candidate: x_peak:       -0.505, y_peak:       -0.765, r_peak:        0.100, sig:       10.098, ra_peak:       21.995, dec_peak:       -1.955
Characteristic density local = 3728.2 deg^-2 = 1.036 arcmin^-2
Fitting aperture to hotspot...
Candidate: x_peak:       -0.485, y_peak:       -0.785, r_peak:        0.080, sig:       12.157, ra_peak:       22.015, dec_peak:       -1.975
Characteristic density local = 3734.2 deg^-2 = 1.037 arcmin^-2
Fitting aperture to hotspot...
Candidate: x_peak:       -0.465, y_peak:       -0.795, r_peak:        0.080, sig:       11.564, ra_peak:       22.035, dec_peak:       -1.985
Characteristic density local = 3730.2 deg^-2 = 1.036 arcmin^-2
Fitting aperture to hotspot...
Candidate: x_peak:       -0.455, y_peak:       -0.805, r_peak:        0.090, sig:       11.831, ra_peak:       22.045, dec_peak:       -1.995
Characteristic density local = 3567.1 deg^-2 = 0.991 arcmin^-2
Fitting aperture to hotspot...
Candidate: x_peak:       -0.335, y_peak:        0.145, r_peak:        0.020, sig:        8.811, ra_peak:       22.165, dec_peak:       -1.045
Characteristic density local = 3827.7 deg^-2 = 1.063 arcmin^-2
Fitting aperture to hotspot...
Candidate: x_peak:        0.245, y_peak:        0.545, r_peak:        0.030, sig:        6.548, ra_peak:       22.745, dec_peak:       -0.645
Characteristic density local = 3968.9 deg^-2 = 1.102 arcmin^-2
Fitting aperture to hotspot...
Candidate: x_peak:        0.295, y_peak:        0.935, r_peak:        0.020, sig:        6.297, ra_peak:       22.795, dec_peak:       -0.255
Characteristic density local = 4106.2 deg^-2 = 1.141 arcmin^-2
Fitting aperture to hotspot...
Candidate: x_peak:        0.895, y_peak:       -0.435, r_peak:        0.260, sig:        6.017, ra_peak:       23.395, dec_peak:       -1.625
Distance = 63.1 kpc (m-M = 19.0)
938622 objects left after isochrone cut...
Characteristic density = 3600.0 deg^-2
Characteristic density local = 3799.8 deg^-2 = 1.056 arcmin^-2
Fitting aperture to hotspot...
Candidate: x_peak:       -0.825, y_peak:       -0.495, r_peak:        0.030, sig:        6.383, ra_peak:       21.675, dec_peak:       -1.685
Characteristic density local = 3714.3 deg^-2 = 1.032 arcmin^-2
Fitting aperture to hotspot...
Candidate: x_peak:       -0.505, y_peak:       -0.765, r_peak:        0.100, sig:       10.098, ra_peak:       21.995, dec_peak:       -1.955
Characteristic density local = 3728.2 deg^-2 = 1.036 arcmin^-2
Fitting aperture to hotspot...
Candidate: x_peak:       -0.485, y_peak:       -0.785, r_peak:        0.080, sig:       12.157, ra_peak:       22.015, dec_peak:       -1.975
Characteristic density local = 3734.2 deg^-2 = 1.037 arcmin^-2
Fitting aperture to hotspot...
Candidate: x_peak:       -0.465, y_peak:       -0.795, r_peak:        0.080, sig:       11.564, ra_peak:       22.035, dec_peak:       -1.985
Characteristic density local = 3730.2 deg^-2 = 1.036 arcmin^-2
Fitting aperture to hotspot...
Candidate: x_peak:       -0.455, y_peak:       -0.805, r_peak:        0.090, sig:       11.831, ra_peak:       22.045, dec_peak:       -1.995
Characteristic density local = 3567.1 deg^-2 = 0.991 arcmin^-2
Fitting aperture to hotspot...
Candidate: x_peak:       -0.335, y_peak:        0.145, r_peak:        0.020, sig:        8.811, ra_peak:       22.165, dec_peak:       -1.045
Characteristic density local = 3821.7 deg^-2 = 1.062 arcmin^-2
Fitting aperture to hotspot...
Candidate: x_peak:        0.245, y_peak:        0.545, r_peak:        0.030, sig:        6.555, ra_peak:       22.745, dec_peak:       -0.645
Characteristic density local = 3968.9 deg^-2 = 1.102 arcmin^-2
Fitting aperture to hotspot...
Candidate: x_peak:        0.295, y_peak:        0.935, r_peak:        0.020, sig:        6.297, ra_peak:       22.795, dec_peak:       -0.255
Characteristic density local = 4098.2 deg^-2 = 1.138 arcmin^-2
Fitting aperture to hotspot...
Candidate: x_peak:        0.895, y_peak:       -0.435, r_peak:        0.260, sig:        6.045, ra_peak:       23.395, dec_peak:       -1.625
Distance = 79.4 kpc (m-M = 19.5)
937684 objects left after isochrone cut...
Characteristic density = 3600.0 deg^-2
Characteristic density local = 3760.0 deg^-2 = 1.044 arcmin^-2
Fitting aperture to hotspot...
Candidate: x_peak:       -0.825, y_peak:       -0.495, r_peak:        0.030, sig:        6.428, ra_peak:       21.675, dec_peak:       -1.685
Characteristic density local = 3696.4 deg^-2 = 1.027 arcmin^-2
Fitting aperture to hotspot...
Candidate: x_peak:       -0.635, y_peak:       -0.005, r_peak:        0.020, sig:        7.516, ra_peak:       21.865, dec_peak:       -1.195
Characteristic density local = 3674.5 deg^-2 = 1.021 arcmin^-2
Fitting aperture to hotspot...
Candidate: x_peak:       -0.485, y_peak:       -0.785, r_peak:        0.080, sig:       12.227, ra_peak:       22.015, dec_peak:       -1.975
Characteristic density local = 3547.2 deg^-2 = 0.985 arcmin^-2
Fitting aperture to hotspot...
Candidate: x_peak:       -0.335, y_peak:        0.145, r_peak:        0.020, sig:        8.829, ra_peak:       22.165, dec_peak:       -1.045
Characteristic density local = 3885.4 deg^-2 = 1.079 arcmin^-2
Fitting aperture to hotspot...
Candidate: x_peak:       -0.045, y_peak:        0.745, r_peak:        0.020, sig:        5.580, ra_peak:       22.455, dec_peak:       -0.445
Characteristic density local = 3793.9 deg^-2 = 1.054 arcmin^-2
Fitting aperture to hotspot...
Candidate: x_peak:        0.245, y_peak:        0.545, r_peak:        0.030, sig:        6.390, ra_peak:       22.745, dec_peak:       -0.645
Characteristic density local = 3937.1 deg^-2 = 1.094 arcmin^-2
Fitting aperture to hotspot...
Candidate: x_peak:        0.295, y_peak:        0.935, r_peak:        0.020, sig:        6.322, ra_peak:       22.795, dec_peak:       -0.255
Characteristic density local = 3891.3 deg^-2 = 1.081 arcmin^-2
Fitting aperture to hotspot...
Candidate: x_peak:        0.485, y_peak:        0.615, r_peak:        0.030, sig:        4.646, ra_peak:       22.985, dec_peak:       -0.575
Characteristic density local = 4044.5 deg^-2 = 1.123 arcmin^-2
Fitting aperture to hotspot...
Candidate: x_peak:        0.895, y_peak:       -0.435, r_peak:        0.260, sig:        5.967, ra_peak:       23.395, dec_peak:       -1.625
Distance = 100.0 kpc (m-M = 20.0)
936159 objects left after isochrone cut...
Characteristic density = 3500.0 deg^-2
Characteristic density local = 3696.4 deg^-2 = 1.027 arcmin^-2
Fitting aperture to hotspot...
Candidate: x_peak:       -0.825, y_peak:       -0.495, r_peak:        0.030, sig:        6.500, ra_peak:       21.675, dec_peak:       -1.685
Characteristic density local = 3585.0 deg^-2 = 0.996 arcmin^-2
Fitting aperture to hotspot...
Candidate: x_peak:       -0.505, y_peak:       -0.765, r_peak:        0.100, sig:       10.389, ra_peak:       21.995, dec_peak:       -1.955
Characteristic density local = 3598.9 deg^-2 = 1.000 arcmin^-2
Fitting aperture to hotspot...
Candidate: x_peak:       -0.485, y_peak:       -0.785, r_peak:        0.080, sig:       12.361, ra_peak:       22.015, dec_peak:       -1.975
Characteristic density local = 3602.9 deg^-2 = 1.001 arcmin^-2
Fitting aperture to hotspot...
Candidate: x_peak:       -0.465, y_peak:       -0.795, r_peak:        0.080, sig:       11.685, ra_peak:       22.035, dec_peak:       -1.985
Characteristic density local = 3598.9 deg^-2 = 1.000 arcmin^-2
Fitting aperture to hotspot...
Candidate: x_peak:       -0.455, y_peak:       -0.805, r_peak:        0.090, sig:       12.015, ra_peak:       22.045, dec_peak:       -1.995
Characteristic density local = 3493.5 deg^-2 = 0.970 arcmin^-2
Fitting aperture to hotspot...
Candidate: x_peak:       -0.335, y_peak:        0.145, r_peak:        0.020, sig:        8.880, ra_peak:       22.165, dec_peak:       -1.045
Characteristic density local = 3768.0 deg^-2 = 1.047 arcmin^-2
Fitting aperture to hotspot...
Candidate: x_peak:        0.255, y_peak:        0.545, r_peak:        0.040, sig:        5.862, ra_peak:       22.755, dec_peak:       -0.645
Characteristic density local = 3863.5 deg^-2 = 1.073 arcmin^-2
Fitting aperture to hotspot...
Candidate: x_peak:        0.295, y_peak:        0.935, r_peak:        0.020, sig:        6.381, ra_peak:       22.795, dec_peak:       -0.255
Distance = 125.9 kpc (m-M = 20.5)
934076 objects left after isochrone cut...
Characteristic density = 3400.0 deg^-2
Characteristic density local = 3606.8 deg^-2 = 1.002 arcmin^-2
Fitting aperture to hotspot...
Candidate: x_peak:       -0.825, y_peak:       -0.495, r_peak:        0.030, sig:        6.602, ra_peak:       21.675, dec_peak:       -1.685
Characteristic density local = 3503.4 deg^-2 = 0.973 arcmin^-2
Fitting aperture to hotspot...
Candidate: x_peak:       -0.505, y_peak:       -0.765, r_peak:        0.100, sig:       10.670, ra_peak:       21.995, dec_peak:       -1.955
Characteristic density local = 3517.3 deg^-2 = 0.977 arcmin^-2
Fitting aperture to hotspot...
Candidate: x_peak:       -0.485, y_peak:       -0.785, r_peak:        0.080, sig:       12.599, ra_peak:       22.015, dec_peak:       -1.975
Characteristic density local = 3531.3 deg^-2 = 0.981 arcmin^-2
Fitting aperture to hotspot...
Candidate: x_peak:       -0.465, y_peak:       -0.795, r_peak:        0.080, sig:       11.891, ra_peak:       22.035, dec_peak:       -1.985
Characteristic density local = 3525.3 deg^-2 = 0.979 arcmin^-2
Fitting aperture to hotspot...
Candidate: x_peak:       -0.455, y_peak:       -0.805, r_peak:        0.090, sig:       12.250, ra_peak:       22.045, dec_peak:       -1.995
Characteristic density local = 3405.9 deg^-2 = 0.946 arcmin^-2
Fitting aperture to hotspot...
Candidate: x_peak:       -0.335, y_peak:        0.145, r_peak:        0.020, sig:        8.964, ra_peak:       22.165, dec_peak:       -1.045
Characteristic density local = 3632.7 deg^-2 = 1.009 arcmin^-2
Fitting aperture to hotspot...
Candidate: x_peak:        0.245, y_peak:        0.545, r_peak:        0.030, sig:        6.572, ra_peak:       22.745, dec_peak:       -0.645
Distance = 158.5 kpc (m-M = 21.0)
931403 objects left after isochrone cut...
Characteristic density = 3300.0 deg^-2
Characteristic density local = 3517.3 deg^-2 = 0.977 arcmin^-2
Fitting aperture to hotspot...
Candidate: x_peak:       -0.825, y_peak:       -0.495, r_peak:        0.030, sig:        6.707, ra_peak:       21.675, dec_peak:       -1.685
Characteristic density local = 3445.7 deg^-2 = 0.957 arcmin^-2
Fitting aperture to hotspot...
Candidate: x_peak:       -0.635, y_peak:       -0.005, r_peak:        0.020, sig:        7.739, ra_peak:       21.865, dec_peak:       -1.195
Characteristic density local = 3437.7 deg^-2 = 0.955 arcmin^-2
Fitting aperture to hotspot...
Candidate: x_peak:       -0.485, y_peak:       -0.785, r_peak:        0.080, sig:       12.751, ra_peak:       22.015, dec_peak:       -1.975
Characteristic density local = 3398.0 deg^-2 = 0.944 arcmin^-2
Fitting aperture to hotspot...
Candidate: x_peak:       -0.445, y_peak:       -0.815, r_peak:        0.090, sig:       11.342, ra_peak:       22.055, dec_peak:       -2.005
Characteristic density local = 3338.3 deg^-2 = 0.927 arcmin^-2
Fitting aperture to hotspot...
Candidate: x_peak:       -0.335, y_peak:        0.145, r_peak:        0.020, sig:        8.797, ra_peak:       22.165, dec_peak:       -1.045
Characteristic density local = 3628.7 deg^-2 = 1.008 arcmin^-2
Fitting aperture to hotspot...
Candidate: x_peak:       -0.045, y_peak:        0.745, r_peak:        0.020, sig:        5.784, ra_peak:       22.455, dec_peak:       -0.445
Characteristic density local = 3559.1 deg^-2 = 0.989 arcmin^-2
Fitting aperture to hotspot...
Candidate: x_peak:        0.245, y_peak:        0.545, r_peak:        0.030, sig:        6.458, ra_peak:       22.745, dec_peak:       -0.645
Characteristic density local = 3656.6 deg^-2 = 1.016 arcmin^-2
Fitting aperture to hotspot...
Candidate: x_peak:        0.295, y_peak:        0.935, r_peak:        0.020, sig:        6.551, ra_peak:       22.795, dec_peak:       -0.255
Characteristic density local = 3772.0 deg^-2 = 1.048 arcmin^-2
Fitting aperture to hotspot...
Candidate: x_peak:        0.895, y_peak:       -0.435, r_peak:        0.260, sig:        6.195, ra_peak:       23.395, dec_peak:       -1.625
Distance = 199.5 kpc (m-M = 21.5)
928140 objects left after isochrone cut...
Characteristic density = 3200.0 deg^-2
Characteristic density local = 3407.9 deg^-2 = 0.947 arcmin^-2
Fitting aperture to hotspot...
Candidate: x_peak:       -0.825, y_peak:       -0.495, r_peak:        0.030, sig:        6.636, ra_peak:       21.675, dec_peak:       -1.685
Characteristic density local = 3308.4 deg^-2 = 0.919 arcmin^-2
Fitting aperture to hotspot...
Candidate: x_peak:       -0.485, y_peak:       -0.785, r_peak:        0.080, sig:       13.058, ra_peak:       22.015, dec_peak:       -1.975
Characteristic density local = 3322.4 deg^-2 = 0.923 arcmin^-2
Fitting aperture to hotspot...
Candidate: x_peak:       -0.465, y_peak:       -0.795, r_peak:        0.080, sig:       12.425, ra_peak:       22.035, dec_peak:       -1.985
Characteristic density local = 3322.4 deg^-2 = 0.923 arcmin^-2
Fitting aperture to hotspot...
Candidate: x_peak:       -0.455, y_peak:       -0.805, r_peak:        0.090, sig:       12.686, ra_peak:       22.045, dec_peak:       -1.995
Characteristic density local = 3282.6 deg^-2 = 0.912 arcmin^-2
Fitting aperture to hotspot...
Candidate: x_peak:       -0.445, y_peak:       -0.815, r_peak:        0.090, sig:       11.642, ra_peak:       22.055, dec_peak:       -2.005
Characteristic density local = 3244.8 deg^-2 = 0.901 arcmin^-2
Fitting aperture to hotspot...
Candidate: x_peak:       -0.335, y_peak:        0.145, r_peak:        0.020, sig:        8.889, ra_peak:       22.165, dec_peak:       -1.045
Characteristic density local = 3459.6 deg^-2 = 0.961 arcmin^-2
Fitting aperture to hotspot...
Candidate: x_peak:        0.255, y_peak:        0.545, r_peak:        0.040, sig:        6.138, ra_peak:       22.755, dec_peak:       -0.645
Characteristic density local = 3553.1 deg^-2 = 0.987 arcmin^-2
Fitting aperture to hotspot...
Candidate: x_peak:        0.295, y_peak:        0.935, r_peak:        0.020, sig:        6.640, ra_peak:       22.795, dec_peak:       -0.255
Distance = 251.2 kpc (m-M = 22.0)
924255 objects left after isochrone cut...
Characteristic density = 3100.0 deg^-2
Characteristic density local = 3288.5 deg^-2 = 0.913 arcmin^-2
Fitting aperture to hotspot...
Candidate: x_peak:       -0.825, y_peak:       -0.495, r_peak:        0.030, sig:        6.164, ra_peak:       21.675, dec_peak:       -1.685
Characteristic density local = 3197.0 deg^-2 = 0.888 arcmin^-2
Fitting aperture to hotspot...
Candidate: x_peak:       -0.635, y_peak:       -0.005, r_peak:        0.020, sig:        7.974, ra_peak:       21.865, dec_peak:       -1.195
Characteristic density local = 3167.2 deg^-2 = 0.880 arcmin^-2
Fitting aperture to hotspot...
Candidate: x_peak:       -0.485, y_peak:       -0.785, r_peak:        0.080, sig:       13.497, ra_peak:       22.015, dec_peak:       -1.975
Characteristic density local = 3145.3 deg^-2 = 0.874 arcmin^-2
Fitting aperture to hotspot...
Candidate: x_peak:       -0.445, y_peak:       -0.815, r_peak:        0.090, sig:       12.106, ra_peak:       22.055, dec_peak:       -2.005
Characteristic density local = 3113.5 deg^-2 = 0.865 arcmin^-2
Fitting aperture to hotspot...
Candidate: x_peak:       -0.335, y_peak:        0.145, r_peak:        0.020, sig:        9.022, ra_peak:       22.165, dec_peak:       -1.045
Characteristic density local = 3360.2 deg^-2 = 0.933 arcmin^-2
Fitting aperture to hotspot...
Candidate: x_peak:       -0.055, y_peak:        0.745, r_peak:        0.020, sig:        6.281, ra_peak:       22.445, dec_peak:       -0.445
Characteristic density local = 3314.4 deg^-2 = 0.921 arcmin^-2
Fitting aperture to hotspot...
Candidate: x_peak:        0.245, y_peak:        0.545, r_peak:        0.030, sig:        6.750, ra_peak:       22.745, dec_peak:       -0.645
Characteristic density local = 3399.9 deg^-2 = 0.944 arcmin^-2
Fitting aperture to hotspot...
Candidate: x_peak:        0.295, y_peak:        0.935, r_peak:        0.020, sig:        6.774, ra_peak:       22.795, dec_peak:       -0.255
Characteristic density local = 3511.4 deg^-2 = 0.975 arcmin^-2
Fitting aperture to hotspot...
Candidate: x_peak:        0.895, y_peak:       -0.435, r_peak:        0.260, sig:        5.905, ra_peak:       23.395, dec_peak:       -1.625
Distance = 316.2 kpc (m-M = 22.5)
919531 objects left after isochrone cut...
Characteristic density = 2900.0 deg^-2
Characteristic density local = 3149.3 deg^-2 = 0.875 arcmin^-2
Fitting aperture to hotspot...
Candidate: x_peak:       -0.825, y_peak:       -0.495, r_peak:        0.030, sig:        6.335, ra_peak:       21.675, dec_peak:       -1.685
Characteristic density local = 3031.9 deg^-2 = 0.842 arcmin^-2
Fitting aperture to hotspot...
Candidate: x_peak:       -0.625, y_peak:       -0.005, r_peak:        0.020, sig:        8.384, ra_peak:       21.875, dec_peak:       -1.195
Characteristic density local = 3018.0 deg^-2 = 0.838 arcmin^-2
Fitting aperture to hotspot...
Candidate: x_peak:       -0.485, y_peak:       -0.785, r_peak:        0.080, sig:       13.550, ra_peak:       22.015, dec_peak:       -1.975
Characteristic density local = 2984.2 deg^-2 = 0.829 arcmin^-2
Fitting aperture to hotspot...
Candidate: x_peak:       -0.445, y_peak:       -0.815, r_peak:        0.090, sig:       12.102, ra_peak:       22.055, dec_peak:       -2.005
Characteristic density local = 2948.3 deg^-2 = 0.819 arcmin^-2
Fitting aperture to hotspot...
Candidate: x_peak:       -0.335, y_peak:        0.145, r_peak:        0.020, sig:        8.957, ra_peak:       22.165, dec_peak:       -1.045
Characteristic density local = 3212.9 deg^-2 = 0.892 arcmin^-2
Fitting aperture to hotspot...
Candidate: x_peak:       -0.055, y_peak:        0.745, r_peak:        0.020, sig:        6.413, ra_peak:       22.445, dec_peak:       -0.445
Characteristic density local = 3153.3 deg^-2 = 0.876 arcmin^-2
Fitting aperture to hotspot...
Candidate: x_peak:        0.245, y_peak:        0.545, r_peak:        0.030, sig:        6.746, ra_peak:       22.745, dec_peak:       -0.645
Characteristic density local = 3254.7 deg^-2 = 0.904 arcmin^-2
Fitting aperture to hotspot...
Candidate: x_peak:        0.295, y_peak:        0.935, r_peak:        0.020, sig:        6.905, ra_peak:       22.795, dec_peak:       -0.255
Characteristic density local = 3350.2 deg^-2 = 0.931 arcmin^-2
Fitting aperture to hotspot...
Candidate: x_peak:        0.895, y_peak:       -0.435, r_peak:        0.030, sig:        6.090, ra_peak:       23.395, dec_peak:       -1.625
Distance = 398.1 kpc (m-M = 23.0)
913776 objects left after isochrone cut...
Characteristic density = 2800.0 deg^-2
Characteristic density local = 2952.3 deg^-2 = 0.820 arcmin^-2
Fitting aperture to hotspot...
Candidate: x_peak:       -0.825, y_peak:       -0.495, r_peak:        0.030, sig:        6.586, ra_peak:       21.675, dec_peak:       -1.685
Characteristic density local = 2829.0 deg^-2 = 0.786 arcmin^-2
Fitting aperture to hotspot...
Candidate: x_peak:       -0.635, y_peak:       -0.005, r_peak:        0.020, sig:        8.349, ra_peak:       21.865, dec_peak:       -1.195
Characteristic density local = 2844.9 deg^-2 = 0.790 arcmin^-2
Fitting aperture to hotspot...
Candidate: x_peak:       -0.485, y_peak:       -0.785, r_peak:        0.080, sig:       13.605, ra_peak:       22.015, dec_peak:       -1.975
Characteristic density local = 2761.3 deg^-2 = 0.767 arcmin^-2
Fitting aperture to hotspot...
Candidate: x_peak:       -0.435, y_peak:       -0.825, r_peak:        0.100, sig:       11.933, ra_peak:       22.065, dec_peak:       -2.015
Characteristic density local = 2775.3 deg^-2 = 0.771 arcmin^-2
Fitting aperture to hotspot...
Candidate: x_peak:       -0.335, y_peak:        0.145, r_peak:        0.020, sig:        9.145, ra_peak:       22.165, dec_peak:       -1.045
Characteristic density local = 2986.1 deg^-2 = 0.829 arcmin^-2
Fitting aperture to hotspot...
Candidate: x_peak:       -0.045, y_peak:        0.745, r_peak:        0.020, sig:        5.787, ra_peak:       22.455, dec_peak:       -0.445
Characteristic density local = 2936.4 deg^-2 = 0.816 arcmin^-2
Fitting aperture to hotspot...
Candidate: x_peak:        0.245, y_peak:        0.545, r_peak:        0.030, sig:        7.027, ra_peak:       22.745, dec_peak:       -0.645
Characteristic density local = 3077.7 deg^-2 = 0.855 arcmin^-2
Fitting aperture to hotspot...
Candidate: x_peak:        0.295, y_peak:        0.935, r_peak:        0.020, sig:        7.071, ra_peak:       22.795, dec_peak:       -0.255
Characteristic density local = 3139.3 deg^-2 = 0.872 arcmin^-2
Fitting aperture to hotspot...
Candidate: x_peak:        0.895, y_peak:       -0.435, r_peak:        0.030, sig:        5.922, ra_peak:       23.395, dec_peak:       -1.625
13.60 sigma; (RA, Dec, d) = (22.01, -1.97); r = 0.08 deg; d = 398.1, mu = 23.00 mag), mc_source_id: 0.00
9.15 sigma; (RA, Dec, d) = (22.16, -1.04); r = 0.02 deg; d = 398.1, mu = 23.00 mag), mc_source_id: 0.00
8.38 sigma; (RA, Dec, d) = (21.87, -1.19); r = 0.02 deg; d = 316.2, mu = 22.50 mag), mc_source_id: 0.00
7.07 sigma; (RA, Dec, d) = (22.79, -0.25); r = 0.02 deg; d = 398.1, mu = 23.00 mag), mc_source_id: 0.00
7.03 sigma; (RA, Dec, d) = (22.75, -0.64); r = 0.03 deg; d = 398.1, mu = 23.00 mag), mc_source_id: 0.00
6.71 sigma; (RA, Dec, d) = (21.67, -1.68); r = 0.03 deg; d = 158.5, mu = 21.00 mag), mc_source_id: 0.00
6.41 sigma; (RA, Dec, d) = (22.44, -0.44); r = 0.02 deg; d = 316.2, mu = 22.50 mag), mc_source_id: 0.00
6.19 sigma; (RA, Dec, d) = (23.40, -1.62); r = 0.26 deg; d = 158.5, mu = 21.00 mag), mc_source_id: 0.00
4.65 sigma; (RA, Dec, d) = (22.99, -0.57); r = 0.03 deg; d = 79.4, mu = 19.50 mag), mc_source_id: 0.00

------------------------------------------------------------
Job <681024.0> was submitted from <des51.fnal.gov> by user <tavangar>.
Job was executed on host <des40.fnal.gov> as user <tavangar>.
</var/lib/condor/execute/dir_2039163> was used as the initial working directory.
Results reported at Wed Jun  5 12:38:13 CDT 2019

Your job looked like:

------------------------------------------------------------
python /home/s1/tavangar/tavangar_simple/search_algorithm.py 22.50 -1.19 0.00 /home/s1/tavangar/tavangar_simple/decals_dr7_results/results_nside_32_6216.csv /home/s1/tavangar/tavangar_simple/decals_dr7_results/decals_dr7_log/results_nside_32_6216.log
------------------------------------------------------------

Successfully completed.

Resource usage summary:

	Real time :			294.14 sec.
	CPU time :			8.83 sec.
	CPU percentage :		94%
	Max Memory :			8165088 KB
	Average Memory :		0 KB

The output (if any) is above this job summary.
