/home/s1/tavangar/tavangar_simple/simple_utils.py:170: FutureWarning: elementwise comparison failed; returning scalar instead, but in the future will perform elementwise comparison
  if np.all(isochrone.stage == 'Main'):
Search coordinates: (RA, Dec) = (334.69, 8.39)
Center healpixel: 5303
Healpixels: [5303 5430 5302 5174 5047 5175 5304 5431 5559]
MC_SOURCE_ID = 0.0
mode = 0: running only on real data
Found 1 objects...
Applying cuts...
809039 star-like objects in ROI...
867890 galaxy-like objects in ROI...
No fracdet map specified ...
Distance = 15.8 kpc (m-M = 16.0)
809014 objects left after isochrone cut...
Characteristic density = 8200.0 deg^-2
Characteristic density local = 8530.7 deg^-2 = 2.370 arcmin^-2
Fitting aperture to hotspot...
Candidate: x_peak:       -1.325, y_peak:        0.035, r_peak:        0.020, sig:        7.165, ra_peak:      333.351, dec_peak:        8.423
Characteristic density local = 8313.9 deg^-2 = 2.309 arcmin^-2
Fitting aperture to hotspot...
Candidate: x_peak:       -0.835, y_peak:       -0.445, r_peak:        0.020, sig:        9.626, ra_peak:      333.847, dec_peak:        7.944
Characteristic density local = 9026.1 deg^-2 = 2.507 arcmin^-2
Fitting aperture to hotspot...
Candidate: x_peak:       -0.755, y_peak:       -0.045, r_peak:        0.020, sig:        8.200, ra_peak:      333.927, dec_peak:        8.344
Characteristic density local = 8948.5 deg^-2 = 2.486 arcmin^-2
Fitting aperture to hotspot...
Candidate: x_peak:       -0.675, y_peak:        0.175, r_peak:        0.050, sig:       12.911, ra_peak:      334.007, dec_peak:        8.564
Characteristic density local = 8908.7 deg^-2 = 2.475 arcmin^-2
Fitting aperture to hotspot...
Candidate: x_peak:       -0.405, y_peak:       -0.015, r_peak:        0.020, sig:        9.134, ra_peak:      334.281, dec_peak:        8.375
Characteristic density local = 8841.1 deg^-2 = 2.456 arcmin^-2
Fitting aperture to hotspot...
Candidate: x_peak:       -0.345, y_peak:       -0.215, r_peak:        0.020, sig:        6.436, ra_peak:      334.341, dec_peak:        8.175
Characteristic density local = 8928.6 deg^-2 = 2.480 arcmin^-2
Fitting aperture to hotspot...
Candidate: x_peak:        0.125, y_peak:        0.365, r_peak:        0.020, sig:        7.525, ra_peak:      334.816, dec_peak:        8.755
Characteristic density local = 8453.1 deg^-2 = 2.348 arcmin^-2
Fitting aperture to hotspot...
Candidate: x_peak:        0.535, y_peak:       -0.205, r_peak:        0.030, sig:       10.791, ra_peak:      335.231, dec_peak:        8.185
Characteristic density local = 8367.6 deg^-2 = 2.324 arcmin^-2
Fitting aperture to hotspot...
Candidate: x_peak:        0.635, y_peak:        0.245, r_peak:        0.030, sig:       11.856, ra_peak:      335.332, dec_peak:        8.634
Distance = 20.0 kpc (m-M = 16.5)
809029 objects left after isochrone cut...
Characteristic density = 8200.0 deg^-2
Characteristic density local = 8530.7 deg^-2 = 2.370 arcmin^-2
Fitting aperture to hotspot...
Candidate: x_peak:       -1.325, y_peak:        0.035, r_peak:        0.020, sig:        7.165, ra_peak:      333.351, dec_peak:        8.423
Characteristic density local = 8313.9 deg^-2 = 2.309 arcmin^-2
Fitting aperture to hotspot...
Candidate: x_peak:       -0.835, y_peak:       -0.445, r_peak:        0.020, sig:        9.626, ra_peak:      333.847, dec_peak:        7.944
Characteristic density local = 9026.1 deg^-2 = 2.507 arcmin^-2
Fitting aperture to hotspot...
Candidate: x_peak:       -0.755, y_peak:       -0.045, r_peak:        0.020, sig:        8.200, ra_peak:      333.927, dec_peak:        8.344
Characteristic density local = 8948.5 deg^-2 = 2.486 arcmin^-2
Fitting aperture to hotspot...
Candidate: x_peak:       -0.675, y_peak:        0.175, r_peak:        0.050, sig:       12.911, ra_peak:      334.007, dec_peak:        8.564
Characteristic density local = 8908.7 deg^-2 = 2.475 arcmin^-2
Fitting aperture to hotspot...
Candidate: x_peak:       -0.405, y_peak:       -0.015, r_peak:        0.020, sig:        9.134, ra_peak:      334.281, dec_peak:        8.375
Characteristic density local = 8841.1 deg^-2 = 2.456 arcmin^-2
Fitting aperture to hotspot...
Candidate: x_peak:       -0.345, y_peak:       -0.215, r_peak:        0.020, sig:        6.436, ra_peak:      334.341, dec_peak:        8.175
Characteristic density local = 8928.6 deg^-2 = 2.480 arcmin^-2
Fitting aperture to hotspot...
Candidate: x_peak:        0.125, y_peak:        0.365, r_peak:        0.020, sig:        7.525, ra_peak:      334.816, dec_peak:        8.755
Characteristic density local = 8453.1 deg^-2 = 2.348 arcmin^-2
Fitting aperture to hotspot...
Candidate: x_peak:        0.535, y_peak:       -0.205, r_peak:        0.030, sig:       10.791, ra_peak:      335.231, dec_peak:        8.185
Characteristic density local = 8367.6 deg^-2 = 2.324 arcmin^-2
Fitting aperture to hotspot...
Candidate: x_peak:        0.635, y_peak:        0.245, r_peak:        0.030, sig:       11.856, ra_peak:      335.332, dec_peak:        8.634
Distance = 25.1 kpc (m-M = 17.0)
809036 objects left after isochrone cut...
Characteristic density = 8200.0 deg^-2
Characteristic density local = 8530.7 deg^-2 = 2.370 arcmin^-2
Fitting aperture to hotspot...
Candidate: x_peak:       -1.325, y_peak:        0.035, r_peak:        0.020, sig:        7.165, ra_peak:      333.351, dec_peak:        8.423
Characteristic density local = 8313.9 deg^-2 = 2.309 arcmin^-2
Fitting aperture to hotspot...
Candidate: x_peak:       -0.835, y_peak:       -0.445, r_peak:        0.020, sig:        9.626, ra_peak:      333.847, dec_peak:        7.944
Characteristic density local = 9026.1 deg^-2 = 2.507 arcmin^-2
Fitting aperture to hotspot...
Candidate: x_peak:       -0.755, y_peak:       -0.045, r_peak:        0.020, sig:        8.200, ra_peak:      333.927, dec_peak:        8.344
Characteristic density local = 8948.5 deg^-2 = 2.486 arcmin^-2
Fitting aperture to hotspot...
Candidate: x_peak:       -0.675, y_peak:        0.175, r_peak:        0.050, sig:       12.911, ra_peak:      334.007, dec_peak:        8.564
Characteristic density local = 8908.7 deg^-2 = 2.475 arcmin^-2
Fitting aperture to hotspot...
Candidate: x_peak:       -0.405, y_peak:       -0.015, r_peak:        0.020, sig:        9.134, ra_peak:      334.281, dec_peak:        8.375
Characteristic density local = 8841.1 deg^-2 = 2.456 arcmin^-2
Fitting aperture to hotspot...
Candidate: x_peak:       -0.345, y_peak:       -0.215, r_peak:        0.020, sig:        6.436, ra_peak:      334.341, dec_peak:        8.175
Characteristic density local = 8928.6 deg^-2 = 2.480 arcmin^-2
Fitting aperture to hotspot...
Candidate: x_peak:        0.125, y_peak:        0.365, r_peak:        0.020, sig:        7.525, ra_peak:      334.816, dec_peak:        8.755
Characteristic density local = 8453.1 deg^-2 = 2.348 arcmin^-2
Fitting aperture to hotspot...
Candidate: x_peak:        0.535, y_peak:       -0.205, r_peak:        0.030, sig:       10.791, ra_peak:      335.231, dec_peak:        8.185
Characteristic density local = 8367.6 deg^-2 = 2.324 arcmin^-2
Fitting aperture to hotspot...
Candidate: x_peak:        0.635, y_peak:        0.245, r_peak:        0.030, sig:       11.856, ra_peak:      335.332, dec_peak:        8.634
Distance = 31.6 kpc (m-M = 17.5)
809037 objects left after isochrone cut...
Characteristic density = 8200.0 deg^-2
Characteristic density local = 8530.7 deg^-2 = 2.370 arcmin^-2
Fitting aperture to hotspot...
Candidate: x_peak:       -1.325, y_peak:        0.035, r_peak:        0.020, sig:        7.165, ra_peak:      333.351, dec_peak:        8.423
Characteristic density local = 8313.9 deg^-2 = 2.309 arcmin^-2
Fitting aperture to hotspot...
Candidate: x_peak:       -0.835, y_peak:       -0.445, r_peak:        0.020, sig:        9.626, ra_peak:      333.847, dec_peak:        7.944
Characteristic density local = 9026.1 deg^-2 = 2.507 arcmin^-2
Fitting aperture to hotspot...
Candidate: x_peak:       -0.755, y_peak:       -0.045, r_peak:        0.020, sig:        8.200, ra_peak:      333.927, dec_peak:        8.344
Characteristic density local = 8948.5 deg^-2 = 2.486 arcmin^-2
Fitting aperture to hotspot...
Candidate: x_peak:       -0.675, y_peak:        0.175, r_peak:        0.050, sig:       12.911, ra_peak:      334.007, dec_peak:        8.564
Characteristic density local = 8908.7 deg^-2 = 2.475 arcmin^-2
Fitting aperture to hotspot...
Candidate: x_peak:       -0.405, y_peak:       -0.015, r_peak:        0.020, sig:        9.134, ra_peak:      334.281, dec_peak:        8.375
Characteristic density local = 8841.1 deg^-2 = 2.456 arcmin^-2
Fitting aperture to hotspot...
Candidate: x_peak:       -0.345, y_peak:       -0.215, r_peak:        0.020, sig:        6.436, ra_peak:      334.341, dec_peak:        8.175
Characteristic density local = 8928.6 deg^-2 = 2.480 arcmin^-2
Fitting aperture to hotspot...
Candidate: x_peak:        0.125, y_peak:        0.365, r_peak:        0.020, sig:        7.525, ra_peak:      334.816, dec_peak:        8.755
Characteristic density local = 8453.1 deg^-2 = 2.348 arcmin^-2
Fitting aperture to hotspot...
Candidate: x_peak:        0.535, y_peak:       -0.205, r_peak:        0.030, sig:       10.791, ra_peak:      335.231, dec_peak:        8.185
Characteristic density local = 8367.6 deg^-2 = 2.324 arcmin^-2
Fitting aperture to hotspot...
Candidate: x_peak:        0.635, y_peak:        0.245, r_peak:        0.030, sig:       11.856, ra_peak:      335.332, dec_peak:        8.634
Distance = 39.8 kpc (m-M = 18.0)
808954 objects left after isochrone cut...
Characteristic density = 8200.0 deg^-2
Characteristic density local = 8526.7 deg^-2 = 2.369 arcmin^-2
Fitting aperture to hotspot...
Candidate: x_peak:       -1.325, y_peak:        0.035, r_peak:        0.020, sig:        7.168, ra_peak:      333.351, dec_peak:        8.423
Characteristic density local = 8313.9 deg^-2 = 2.309 arcmin^-2
Fitting aperture to hotspot...
Candidate: x_peak:       -0.835, y_peak:       -0.445, r_peak:        0.020, sig:        9.626, ra_peak:      333.847, dec_peak:        7.944
Characteristic density local = 9020.1 deg^-2 = 2.506 arcmin^-2
Fitting aperture to hotspot...
Candidate: x_peak:       -0.755, y_peak:       -0.045, r_peak:        0.020, sig:        8.203, ra_peak:      333.927, dec_peak:        8.344
Characteristic density local = 8936.6 deg^-2 = 2.482 arcmin^-2
Fitting aperture to hotspot...
Candidate: x_peak:       -0.675, y_peak:        0.175, r_peak:        0.050, sig:       12.925, ra_peak:      334.007, dec_peak:        8.564
Characteristic density local = 8906.7 deg^-2 = 2.474 arcmin^-2
Fitting aperture to hotspot...
Candidate: x_peak:       -0.405, y_peak:       -0.015, r_peak:        0.020, sig:        9.135, ra_peak:      334.281, dec_peak:        8.375
Characteristic density local = 8837.1 deg^-2 = 2.455 arcmin^-2
Fitting aperture to hotspot...
Candidate: x_peak:       -0.345, y_peak:       -0.215, r_peak:        0.020, sig:        6.438, ra_peak:      334.341, dec_peak:        8.175
Characteristic density local = 8922.6 deg^-2 = 2.479 arcmin^-2
Fitting aperture to hotspot...
Candidate: x_peak:        0.125, y_peak:        0.365, r_peak:        0.020, sig:        7.528, ra_peak:      334.816, dec_peak:        8.755
Characteristic density local = 8449.1 deg^-2 = 2.347 arcmin^-2
Fitting aperture to hotspot...
Candidate: x_peak:        0.535, y_peak:       -0.205, r_peak:        0.030, sig:       10.794, ra_peak:      335.231, dec_peak:        8.185
Characteristic density local = 8361.6 deg^-2 = 2.323 arcmin^-2
Fitting aperture to hotspot...
Candidate: x_peak:        0.635, y_peak:        0.245, r_peak:        0.030, sig:       11.860, ra_peak:      335.332, dec_peak:        8.634
Distance = 50.1 kpc (m-M = 18.5)
808221 objects left after isochrone cut...
Characteristic density = 8200.0 deg^-2
Characteristic density local = 8506.8 deg^-2 = 2.363 arcmin^-2
Fitting aperture to hotspot...
Candidate: x_peak:       -1.325, y_peak:        0.035, r_peak:        0.020, sig:        7.178, ra_peak:      333.351, dec_peak:        8.423
Characteristic density local = 8297.9 deg^-2 = 2.305 arcmin^-2
Fitting aperture to hotspot...
Candidate: x_peak:       -0.835, y_peak:       -0.445, r_peak:        0.020, sig:        9.634, ra_peak:      333.847, dec_peak:        7.944
Characteristic density local = 9002.2 deg^-2 = 2.501 arcmin^-2
Fitting aperture to hotspot...
Candidate: x_peak:       -0.755, y_peak:       -0.045, r_peak:        0.020, sig:        8.212, ra_peak:      333.927, dec_peak:        8.344
Characteristic density local = 8902.7 deg^-2 = 2.473 arcmin^-2
Fitting aperture to hotspot...
Candidate: x_peak:       -0.675, y_peak:        0.175, r_peak:        0.050, sig:       12.964, ra_peak:      334.007, dec_peak:        8.564
Characteristic density local = 8876.9 deg^-2 = 2.466 arcmin^-2
Fitting aperture to hotspot...
Candidate: x_peak:       -0.405, y_peak:       -0.015, r_peak:        0.020, sig:        9.150, ra_peak:      334.281, dec_peak:        8.375
Characteristic density local = 8817.2 deg^-2 = 2.449 arcmin^-2
Fitting aperture to hotspot...
Candidate: x_peak:       -0.345, y_peak:       -0.215, r_peak:        0.020, sig:        6.447, ra_peak:      334.341, dec_peak:        8.175
Characteristic density local = 8878.9 deg^-2 = 2.466 arcmin^-2
Fitting aperture to hotspot...
Candidate: x_peak:        0.125, y_peak:        0.365, r_peak:        0.020, sig:        7.550, ra_peak:      334.816, dec_peak:        8.755
Characteristic density local = 8421.3 deg^-2 = 2.339 arcmin^-2
Fitting aperture to hotspot...
Candidate: x_peak:        0.535, y_peak:       -0.205, r_peak:        0.030, sig:       10.815, ra_peak:      335.231, dec_peak:        8.185
Characteristic density local = 8317.8 deg^-2 = 2.311 arcmin^-2
Fitting aperture to hotspot...
Candidate: x_peak:        0.635, y_peak:        0.245, r_peak:        0.030, sig:       11.895, ra_peak:      335.332, dec_peak:        8.634
Distance = 63.1 kpc (m-M = 19.0)
805093 objects left after isochrone cut...
Characteristic density = 8100.0 deg^-2
Characteristic density local = 8433.2 deg^-2 = 2.343 arcmin^-2
Fitting aperture to hotspot...
Candidate: x_peak:       -1.325, y_peak:        0.035, r_peak:        0.020, sig:        7.215, ra_peak:      333.351, dec_peak:        8.423
Characteristic density local = 8232.3 deg^-2 = 2.287 arcmin^-2
Fitting aperture to hotspot...
Candidate: x_peak:       -0.835, y_peak:       -0.445, r_peak:        0.020, sig:        9.671, ra_peak:      333.847, dec_peak:        7.944
Characteristic density local = 8896.8 deg^-2 = 2.471 arcmin^-2
Fitting aperture to hotspot...
Candidate: x_peak:       -0.755, y_peak:       -0.045, r_peak:        0.020, sig:        8.265, ra_peak:      333.927, dec_peak:        8.344
Characteristic density local = 8809.2 deg^-2 = 2.447 arcmin^-2
Fitting aperture to hotspot...
Candidate: x_peak:       -0.675, y_peak:        0.175, r_peak:        0.050, sig:       12.907, ra_peak:      334.007, dec_peak:        8.564
Characteristic density local = 8797.3 deg^-2 = 2.444 arcmin^-2
Fitting aperture to hotspot...
Candidate: x_peak:       -0.405, y_peak:       -0.015, r_peak:        0.020, sig:        9.192, ra_peak:      334.281, dec_peak:        8.375
Characteristic density local = 8749.5 deg^-2 = 2.430 arcmin^-2
Fitting aperture to hotspot...
Candidate: x_peak:       -0.345, y_peak:       -0.215, r_peak:        0.020, sig:        6.480, ra_peak:      334.341, dec_peak:        8.175
Characteristic density local = 8751.5 deg^-2 = 2.431 arcmin^-2
Fitting aperture to hotspot...
Candidate: x_peak:        0.125, y_peak:        0.365, r_peak:        0.020, sig:        7.614, ra_peak:      334.816, dec_peak:        8.755
Characteristic density local = 8313.9 deg^-2 = 2.309 arcmin^-2
Fitting aperture to hotspot...
Candidate: x_peak:        0.535, y_peak:       -0.205, r_peak:        0.030, sig:       10.898, ra_peak:      335.231, dec_peak:        8.185
Characteristic density local = 8166.6 deg^-2 = 2.269 arcmin^-2
Fitting aperture to hotspot...
Candidate: x_peak:        0.635, y_peak:        0.245, r_peak:        0.030, sig:       12.015, ra_peak:      335.332, dec_peak:        8.634
Distance = 79.4 kpc (m-M = 19.5)
800423 objects left after isochrone cut...
Characteristic density = 7900.0 deg^-2
Characteristic density local = 8282.0 deg^-2 = 2.301 arcmin^-2
Fitting aperture to hotspot...
Candidate: x_peak:       -1.325, y_peak:        0.035, r_peak:        0.020, sig:        7.293, ra_peak:      333.351, dec_peak:        8.423
Characteristic density local = 8112.9 deg^-2 = 2.254 arcmin^-2
Fitting aperture to hotspot...
Candidate: x_peak:       -0.835, y_peak:       -0.445, r_peak:        0.020, sig:        9.738, ra_peak:      333.847, dec_peak:        7.944
Characteristic density local = 8719.7 deg^-2 = 2.422 arcmin^-2
Fitting aperture to hotspot...
Candidate: x_peak:       -0.755, y_peak:       -0.045, r_peak:        0.020, sig:        8.356, ra_peak:      333.927, dec_peak:        8.344
Characteristic density local = 8628.2 deg^-2 = 2.397 arcmin^-2
Fitting aperture to hotspot...
Candidate: x_peak:       -0.675, y_peak:        0.175, r_peak:        0.050, sig:       13.036, ra_peak:      334.007, dec_peak:        8.564
Characteristic density local = 8632.2 deg^-2 = 2.398 arcmin^-2
Fitting aperture to hotspot...
Candidate: x_peak:       -0.405, y_peak:       -0.015, r_peak:        0.020, sig:        9.280, ra_peak:      334.281, dec_peak:        8.375
Characteristic density local = 8586.4 deg^-2 = 2.385 arcmin^-2
Fitting aperture to hotspot...
Candidate: x_peak:       -0.345, y_peak:       -0.215, r_peak:        0.020, sig:        6.561, ra_peak:      334.341, dec_peak:        8.175
Characteristic density local = 8566.5 deg^-2 = 2.380 arcmin^-2
Fitting aperture to hotspot...
Candidate: x_peak:        0.125, y_peak:        0.365, r_peak:        0.010, sig:        7.544, ra_peak:      334.816, dec_peak:        8.755
Characteristic density local = 8160.7 deg^-2 = 2.267 arcmin^-2
Fitting aperture to hotspot...
Candidate: x_peak:        0.535, y_peak:       -0.205, r_peak:        0.030, sig:       11.018, ra_peak:      335.231, dec_peak:        8.185
Characteristic density local = 7973.7 deg^-2 = 2.215 arcmin^-2
Fitting aperture to hotspot...
Candidate: x_peak:        0.635, y_peak:        0.245, r_peak:        0.030, sig:       12.171, ra_peak:      335.332, dec_peak:        8.634
Distance = 100.0 kpc (m-M = 20.0)
794753 objects left after isochrone cut...
Characteristic density = 7700.0 deg^-2
Characteristic density local = 8083.1 deg^-2 = 2.245 arcmin^-2
Fitting aperture to hotspot...
Candidate: x_peak:       -1.325, y_peak:        0.035, r_peak:        0.020, sig:        7.397, ra_peak:      333.351, dec_peak:        8.423
Characteristic density local = 7931.9 deg^-2 = 2.203 arcmin^-2
Fitting aperture to hotspot...
Candidate: x_peak:       -0.835, y_peak:       -0.445, r_peak:        0.020, sig:        9.841, ra_peak:      333.847, dec_peak:        7.944
Characteristic density local = 8496.9 deg^-2 = 2.360 arcmin^-2
Fitting aperture to hotspot...
Candidate: x_peak:       -0.755, y_peak:       -0.045, r_peak:        0.020, sig:        8.473, ra_peak:      333.927, dec_peak:        8.344
Characteristic density local = 8385.5 deg^-2 = 2.329 arcmin^-2
Fitting aperture to hotspot...
Candidate: x_peak:       -0.675, y_peak:        0.175, r_peak:        0.050, sig:       13.075, ra_peak:      334.007, dec_peak:        8.564
Characteristic density local = 8419.3 deg^-2 = 2.339 arcmin^-2
Fitting aperture to hotspot...
Candidate: x_peak:       -0.405, y_peak:       -0.015, r_peak:        0.020, sig:        9.395, ra_peak:      334.281, dec_peak:        8.375
Characteristic density local = 8343.7 deg^-2 = 2.318 arcmin^-2
Fitting aperture to hotspot...
Candidate: x_peak:       -0.345, y_peak:       -0.215, r_peak:        0.020, sig:        6.486, ra_peak:      334.341, dec_peak:        8.175
Characteristic density local = 8363.6 deg^-2 = 2.323 arcmin^-2
Fitting aperture to hotspot...
Candidate: x_peak:        0.125, y_peak:        0.365, r_peak:        0.020, sig:        7.628, ra_peak:      334.816, dec_peak:        8.755
Characteristic density local = 7939.8 deg^-2 = 2.206 arcmin^-2
Fitting aperture to hotspot...
Candidate: x_peak:        0.535, y_peak:       -0.205, r_peak:        0.030, sig:       11.065, ra_peak:      335.231, dec_peak:        8.185
Characteristic density local = 7780.7 deg^-2 = 2.161 arcmin^-2
Fitting aperture to hotspot...
Candidate: x_peak:        0.625, y_peak:        0.245, r_peak:        0.060, sig:       11.383, ra_peak:      335.322, dec_peak:        8.634
Distance = 125.9 kpc (m-M = 20.5)
787836 objects left after isochrone cut...
Characteristic density = 7500.0 deg^-2
Characteristic density local = 7860.3 deg^-2 = 2.183 arcmin^-2
Fitting aperture to hotspot...
Candidate: x_peak:       -1.325, y_peak:        0.035, r_peak:        0.020, sig:        7.516, ra_peak:      333.351, dec_peak:        8.423
Characteristic density local = 7736.9 deg^-2 = 2.149 arcmin^-2
Fitting aperture to hotspot...
Candidate: x_peak:       -0.835, y_peak:       -0.445, r_peak:        0.020, sig:        9.954, ra_peak:      333.847, dec_peak:        7.944
Characteristic density local = 8238.3 deg^-2 = 2.288 arcmin^-2
Fitting aperture to hotspot...
Candidate: x_peak:       -0.755, y_peak:       -0.045, r_peak:        0.020, sig:        8.611, ra_peak:      333.927, dec_peak:        8.344
Characteristic density local = 8099.0 deg^-2 = 2.250 arcmin^-2
Fitting aperture to hotspot...
Candidate: x_peak:       -0.675, y_peak:        0.175, r_peak:        0.050, sig:       13.254, ra_peak:      334.007, dec_peak:        8.564
Characteristic density local = 8122.9 deg^-2 = 2.256 arcmin^-2
Fitting aperture to hotspot...
Candidate: x_peak:       -0.405, y_peak:       -0.015, r_peak:        0.020, sig:        9.559, ra_peak:      334.281, dec_peak:        8.375
Characteristic density local = 8033.3 deg^-2 = 2.231 arcmin^-2
Fitting aperture to hotspot...
Candidate: x_peak:       -0.335, y_peak:       -0.215, r_peak:        0.020, sig:        7.614, ra_peak:      334.352, dec_peak:        8.175
Characteristic density local = 8069.2 deg^-2 = 2.241 arcmin^-2
Fitting aperture to hotspot...
Candidate: x_peak:        0.125, y_peak:        0.365, r_peak:        0.020, sig:        7.595, ra_peak:      334.816, dec_peak:        8.755
Characteristic density local = 7709.1 deg^-2 = 2.141 arcmin^-2
Fitting aperture to hotspot...
Candidate: x_peak:        0.535, y_peak:       -0.205, r_peak:        0.030, sig:       11.123, ra_peak:      335.231, dec_peak:        8.185
Characteristic density local = 7504.2 deg^-2 = 2.084 arcmin^-2
Fitting aperture to hotspot...
Candidate: x_peak:        0.625, y_peak:        0.245, r_peak:        0.060, sig:       11.547, ra_peak:      335.322, dec_peak:        8.634
Distance = 158.5 kpc (m-M = 21.0)
779573 objects left after isochrone cut...
Characteristic density = 7200.0 deg^-2
Characteristic density local = 7561.8 deg^-2 = 2.101 arcmin^-2
Fitting aperture to hotspot...
Candidate: x_peak:       -1.325, y_peak:        0.035, r_peak:        0.020, sig:        7.679, ra_peak:      333.351, dec_peak:        8.423
Characteristic density local = 7496.2 deg^-2 = 2.082 arcmin^-2
Fitting aperture to hotspot...
Candidate: x_peak:       -0.835, y_peak:       -0.445, r_peak:        0.020, sig:        9.745, ra_peak:      333.847, dec_peak:        7.944
Characteristic density local = 7937.9 deg^-2 = 2.205 arcmin^-2
Fitting aperture to hotspot...
Candidate: x_peak:       -0.755, y_peak:       -0.045, r_peak:        0.020, sig:        8.595, ra_peak:      333.927, dec_peak:        8.344
Characteristic density local = 7850.3 deg^-2 = 2.181 arcmin^-2
Fitting aperture to hotspot...
Candidate: x_peak:       -0.675, y_peak:        0.175, r_peak:        0.050, sig:       13.393, ra_peak:      334.007, dec_peak:        8.564
Characteristic density local = 7824.5 deg^-2 = 2.173 arcmin^-2
Fitting aperture to hotspot...
Candidate: x_peak:       -0.405, y_peak:       -0.015, r_peak:        0.020, sig:        9.729, ra_peak:      334.281, dec_peak:        8.375
Characteristic density local = 7774.7 deg^-2 = 2.160 arcmin^-2
Fitting aperture to hotspot...
Candidate: x_peak:        0.125, y_peak:        0.365, r_peak:        0.020, sig:        7.563, ra_peak:      334.816, dec_peak:        8.755
Characteristic density local = 7426.6 deg^-2 = 2.063 arcmin^-2
Fitting aperture to hotspot...
Candidate: x_peak:        0.535, y_peak:       -0.205, r_peak:        0.030, sig:       11.226, ra_peak:      335.231, dec_peak:        8.185
Characteristic density local = 7213.7 deg^-2 = 2.004 arcmin^-2
Fitting aperture to hotspot...
Candidate: x_peak:        0.625, y_peak:        0.245, r_peak:        0.060, sig:       11.739, ra_peak:      335.322, dec_peak:        8.634
Distance = 199.5 kpc (m-M = 21.5)
770054 objects left after isochrone cut...
Characteristic density = 6900.0 deg^-2
Characteristic density local = 7243.5 deg^-2 = 2.012 arcmin^-2
Fitting aperture to hotspot...
Candidate: x_peak:       -1.325, y_peak:        0.035, r_peak:        0.020, sig:        7.859, ra_peak:      333.351, dec_peak:        8.423
Characteristic density local = 7247.5 deg^-2 = 2.013 arcmin^-2
Fitting aperture to hotspot...
Candidate: x_peak:       -0.835, y_peak:       -0.445, r_peak:        0.020, sig:        9.716, ra_peak:      333.847, dec_peak:        7.944
Characteristic density local = 7571.8 deg^-2 = 2.103 arcmin^-2
Fitting aperture to hotspot...
Candidate: x_peak:       -0.755, y_peak:       -0.045, r_peak:        0.020, sig:        8.801, ra_peak:      333.927, dec_peak:        8.344
Characteristic density local = 7474.3 deg^-2 = 2.076 arcmin^-2
Fitting aperture to hotspot...
Candidate: x_peak:       -0.675, y_peak:        0.175, r_peak:        0.050, sig:       13.529, ra_peak:      334.007, dec_peak:        8.564
Characteristic density local = 7500.2 deg^-2 = 2.083 arcmin^-2
Fitting aperture to hotspot...
Candidate: x_peak:       -0.405, y_peak:       -0.015, r_peak:        0.020, sig:        9.565, ra_peak:      334.281, dec_peak:        8.375
Characteristic density local = 7454.4 deg^-2 = 2.071 arcmin^-2
Fitting aperture to hotspot...
Candidate: x_peak:        0.135, y_peak:        0.365, r_peak:        0.020, sig:        6.548, ra_peak:      334.827, dec_peak:        8.755
Characteristic density local = 7102.3 deg^-2 = 1.973 arcmin^-2
Fitting aperture to hotspot...
Candidate: x_peak:        0.535, y_peak:       -0.205, r_peak:        0.030, sig:       11.371, ra_peak:      335.231, dec_peak:        8.185
Characteristic density local = 6919.3 deg^-2 = 1.922 arcmin^-2
Fitting aperture to hotspot...
Candidate: x_peak:        0.625, y_peak:        0.245, r_peak:        0.060, sig:       12.107, ra_peak:      335.322, dec_peak:        8.634
Distance = 251.2 kpc (m-M = 22.0)
758869 objects left after isochrone cut...
Characteristic density = 6500.0 deg^-2
Characteristic density local = 6827.7 deg^-2 = 1.897 arcmin^-2
Fitting aperture to hotspot...
Candidate: x_peak:       -1.325, y_peak:        0.035, r_peak:        0.020, sig:        7.907, ra_peak:      333.351, dec_peak:        8.423
Characteristic density local = 6897.4 deg^-2 = 1.916 arcmin^-2
Fitting aperture to hotspot...
Candidate: x_peak:       -0.825, y_peak:       -0.445, r_peak:        0.020, sig:        8.061, ra_peak:      333.857, dec_peak:        7.944
Characteristic density local = 7142.1 deg^-2 = 1.984 arcmin^-2
Fitting aperture to hotspot...
Candidate: x_peak:       -0.755, y_peak:       -0.045, r_peak:        0.020, sig:        9.053, ra_peak:      333.927, dec_peak:        8.344
Characteristic density local = 7096.3 deg^-2 = 1.971 arcmin^-2
Fitting aperture to hotspot...
Candidate: x_peak:       -0.675, y_peak:        0.175, r_peak:        0.050, sig:       13.765, ra_peak:      334.007, dec_peak:        8.564
Characteristic density local = 7112.2 deg^-2 = 1.976 arcmin^-2
Fitting aperture to hotspot...
Candidate: x_peak:       -0.405, y_peak:       -0.015, r_peak:        0.020, sig:        9.799, ra_peak:      334.281, dec_peak:        8.375
Characteristic density local = 6925.2 deg^-2 = 1.924 arcmin^-2
Fitting aperture to hotspot...
Candidate: x_peak:       -0.335, y_peak:       -0.215, r_peak:        0.020, sig:        7.651, ra_peak:      334.352, dec_peak:        8.175
Characteristic density local = 7006.8 deg^-2 = 1.946 arcmin^-2
Fitting aperture to hotspot...
Candidate: x_peak:        0.135, y_peak:        0.365, r_peak:        0.020, sig:        6.588, ra_peak:      334.827, dec_peak:        8.755
Characteristic density local = 6708.4 deg^-2 = 1.863 arcmin^-2
Fitting aperture to hotspot...
Candidate: x_peak:        0.535, y_peak:       -0.205, r_peak:        0.030, sig:       11.317, ra_peak:      335.231, dec_peak:        8.185
Characteristic density local = 6503.5 deg^-2 = 1.807 arcmin^-2
Fitting aperture to hotspot...
Candidate: x_peak:        0.625, y_peak:        0.245, r_peak:        0.060, sig:       12.273, ra_peak:      335.322, dec_peak:        8.634
Distance = 316.2 kpc (m-M = 22.5)
745485 objects left after isochrone cut...
Characteristic density = 6100.0 deg^-2
Characteristic density local = 6370.2 deg^-2 = 1.769 arcmin^-2
Fitting aperture to hotspot...
Candidate: x_peak:       -1.325, y_peak:        0.035, r_peak:        0.020, sig:        7.987, ra_peak:      333.351, dec_peak:        8.423
Characteristic density local = 6394.0 deg^-2 = 1.776 arcmin^-2
Fitting aperture to hotspot...
Candidate: x_peak:       -0.835, y_peak:       -0.445, r_peak:        0.020, sig:       10.076, ra_peak:      333.847, dec_peak:        7.944
Characteristic density local = 6662.6 deg^-2 = 1.851 arcmin^-2
Fitting aperture to hotspot...
Candidate: x_peak:       -0.755, y_peak:       -0.045, r_peak:        0.020, sig:        9.348, ra_peak:      333.927, dec_peak:        8.344
Characteristic density local = 6636.8 deg^-2 = 1.844 arcmin^-2
Fitting aperture to hotspot...
Candidate: x_peak:       -0.675, y_peak:        0.165, r_peak:        0.050, sig:       14.485, ra_peak:      334.007, dec_peak:        8.554
Characteristic density local = 6646.7 deg^-2 = 1.846 arcmin^-2
Fitting aperture to hotspot...
Candidate: x_peak:       -0.405, y_peak:       -0.015, r_peak:        0.020, sig:       10.092, ra_peak:      334.281, dec_peak:        8.375
Characteristic density local = 6244.8 deg^-2 = 1.735 arcmin^-2
Fitting aperture to hotspot...
Candidate: x_peak:        0.535, y_peak:       -0.205, r_peak:        0.030, sig:       11.607, ra_peak:      335.231, dec_peak:        8.185
Characteristic density local = 6047.9 deg^-2 = 1.680 arcmin^-2
Fitting aperture to hotspot...
Candidate: x_peak:        0.625, y_peak:        0.245, r_peak:        0.060, sig:       12.523, ra_peak:      335.322, dec_peak:        8.634
Distance = 398.1 kpc (m-M = 23.0)
729371 objects left after isochrone cut...
Characteristic density = 5600.0 deg^-2
Characteristic density local = 5815.1 deg^-2 = 1.615 arcmin^-2
Fitting aperture to hotspot...
Candidate: x_peak:       -1.325, y_peak:        0.035, r_peak:        0.020, sig:        7.935, ra_peak:      333.351, dec_peak:        8.423
Characteristic density local = 5900.7 deg^-2 = 1.639 arcmin^-2
Fitting aperture to hotspot...
Candidate: x_peak:       -0.825, y_peak:       -0.445, r_peak:        0.020, sig:        8.690, ra_peak:      333.857, dec_peak:        7.944
Characteristic density local = 6095.6 deg^-2 = 1.693 arcmin^-2
Fitting aperture to hotspot...
Candidate: x_peak:       -0.755, y_peak:       -0.045, r_peak:        0.020, sig:        9.719, ra_peak:      333.927, dec_peak:        8.344
Characteristic density local = 6026.0 deg^-2 = 1.674 arcmin^-2
Fitting aperture to hotspot...
Candidate: x_peak:       -0.675, y_peak:        0.175, r_peak:        0.050, sig:       14.198, ra_peak:      334.007, dec_peak:        8.564
Characteristic density local = 6149.3 deg^-2 = 1.708 arcmin^-2
Fitting aperture to hotspot...
Candidate: x_peak:       -0.405, y_peak:       -0.015, r_peak:        0.020, sig:       10.056, ra_peak:      334.281, dec_peak:        8.375
Characteristic density local = 6004.1 deg^-2 = 1.668 arcmin^-2
Fitting aperture to hotspot...
Candidate: x_peak:       -0.335, y_peak:       -0.215, r_peak:        0.020, sig:        7.812, ra_peak:      334.352, dec_peak:        8.175
Characteristic density local = 6018.0 deg^-2 = 1.672 arcmin^-2
Fitting aperture to hotspot...
Candidate: x_peak:        0.135, y_peak:        0.365, r_peak:        0.020, sig:        6.306, ra_peak:      334.827, dec_peak:        8.755
Characteristic density local = 5711.7 deg^-2 = 1.587 arcmin^-2
Fitting aperture to hotspot...
Candidate: x_peak:        0.535, y_peak:       -0.205, r_peak:        0.030, sig:       12.125, ra_peak:      335.231, dec_peak:        8.185
Characteristic density local = 5540.6 deg^-2 = 1.539 arcmin^-2
Fitting aperture to hotspot...
Candidate: x_peak:        0.635, y_peak:        0.245, r_peak:        0.030, sig:       13.386, ra_peak:      335.332, dec_peak:        8.634
14.49 sigma; (RA, Dec, d) = (334.01, 8.55); r = 0.05 deg; d = 316.2, mu = 22.50 mag), mc_source_id: 0.00
13.39 sigma; (RA, Dec, d) = (335.33, 8.63); r = 0.03 deg; d = 398.1, mu = 23.00 mag), mc_source_id: 0.00
12.12 sigma; (RA, Dec, d) = (335.23, 8.18); r = 0.03 deg; d = 398.1, mu = 23.00 mag), mc_source_id: 0.00
10.09 sigma; (RA, Dec, d) = (334.28, 8.37); r = 0.02 deg; d = 316.2, mu = 22.50 mag), mc_source_id: 0.00
10.08 sigma; (RA, Dec, d) = (333.85, 7.94); r = 0.02 deg; d = 316.2, mu = 22.50 mag), mc_source_id: 0.00
9.72 sigma; (RA, Dec, d) = (333.93, 8.34); r = 0.02 deg; d = 398.1, mu = 23.00 mag), mc_source_id: 0.00
7.99 sigma; (RA, Dec, d) = (333.35, 8.42); r = 0.02 deg; d = 316.2, mu = 22.50 mag), mc_source_id: 0.00
7.81 sigma; (RA, Dec, d) = (334.35, 8.17); r = 0.02 deg; d = 398.1, mu = 23.00 mag), mc_source_id: 0.00
7.63 sigma; (RA, Dec, d) = (334.82, 8.75); r = 0.02 deg; d = 100.0, mu = 20.00 mag), mc_source_id: 0.00

------------------------------------------------------------
Job <680390.0> was submitted from <des51.fnal.gov> by user <tavangar>.
Job was executed on host <des40.fnal.gov> as user <tavangar>.
</var/lib/condor/execute/dir_1914594> was used as the initial working directory.
Results reported at Wed Jun  5 09:04:54 CDT 2019

Your job looked like:

------------------------------------------------------------
python /home/s1/tavangar/tavangar_simple/search_algorithm.py 334.69 8.39 0.00 /home/s1/tavangar/tavangar_simple/decals_dr7_results/results_nside_32_5303.csv /home/s1/tavangar/tavangar_simple/decals_dr7_results/decals_dr7_log/results_nside_32_5303.log
------------------------------------------------------------

Successfully completed.

Resource usage summary:

	Real time :			267.36 sec.
	CPU time :			5.79 sec.
	CPU percentage :		81%
	Max Memory :			5867952 KB
	Average Memory :		0 KB

The output (if any) is above this job summary.
