/home/s1/tavangar/tavangar_simple/simple_utils.py:170: FutureWarning: elementwise comparison failed; returning scalar instead, but in the future will perform elementwise comparison
  if np.all(isochrone.stage == 'Main'):
Search coordinates: (RA, Dec) = (7.03, -2.39)
Center healpixel: 6338
Healpixels: [6338 6466 6337 6210 6082 6211 6339 6467 6594]
MC_SOURCE_ID = 0.0
mode = 0: running only on real data
Found 1 objects...
Applying cuts...
780042 star-like objects in ROI...
1306856 galaxy-like objects in ROI...
No fracdet map specified ...
Distance = 15.8 kpc (m-M = 16.0)
780002 objects left after isochrone cut...
Characteristic density = 3700.0 deg^-2
Characteristic density local = 3608.8 deg^-2 = 1.002 arcmin^-2
Fitting aperture to hotspot...
Candidate: x_peak:       -0.905, y_peak:        0.175, r_peak:        0.030, sig:       28.131, ra_peak:        6.124, dec_peak:       -2.215
Characteristic density local = 3893.3 deg^-2 = 1.081 arcmin^-2
Fitting aperture to hotspot...
Candidate: x_peak:       -0.395, y_peak:       -0.285, r_peak:        0.030, sig:        3.766, ra_peak:        6.635, dec_peak:       -2.675
Characteristic density local = 3853.5 deg^-2 = 1.070 arcmin^-2
Fitting aperture to hotspot...
Candidate: x_peak:       -0.395, y_peak:        0.745, r_peak:        0.020, sig:        4.778, ra_peak:        6.635, dec_peak:       -1.645
Characteristic density local = 3726.2 deg^-2 = 1.035 arcmin^-2
Fitting aperture to hotspot...
Candidate: x_peak:       -0.055, y_peak:        0.705, r_peak:        0.020, sig:        8.892, ra_peak:        6.975, dec_peak:       -1.685
Characteristic density local = 3957.0 deg^-2 = 1.099 arcmin^-2
Fitting aperture to hotspot...
Candidate: x_peak:        0.375, y_peak:       -0.455, r_peak:        0.030, sig:       14.715, ra_peak:        7.405, dec_peak:       -2.845
Characteristic density local = 4030.6 deg^-2 = 1.120 arcmin^-2
Fitting aperture to hotspot...
Candidate: x_peak:        0.785, y_peak:       -0.505, r_peak:        0.020, sig:        7.942, ra_peak:        7.816, dec_peak:       -2.895
Characteristic density local = 3959.0 deg^-2 = 1.100 arcmin^-2
Fitting aperture to hotspot...
Candidate: x_peak:        0.825, y_peak:        0.365, r_peak:        0.020, sig:        8.232, ra_peak:        7.856, dec_peak:       -2.025
Distance = 20.0 kpc (m-M = 16.5)
780026 objects left after isochrone cut...
Characteristic density = 3700.0 deg^-2
Characteristic density local = 3608.8 deg^-2 = 1.002 arcmin^-2
Fitting aperture to hotspot...
Candidate: x_peak:       -0.905, y_peak:        0.175, r_peak:        0.030, sig:       28.131, ra_peak:        6.124, dec_peak:       -2.215
Characteristic density local = 3893.3 deg^-2 = 1.081 arcmin^-2
Fitting aperture to hotspot...
Candidate: x_peak:       -0.395, y_peak:       -0.285, r_peak:        0.030, sig:        3.766, ra_peak:        6.635, dec_peak:       -2.675
Characteristic density local = 3853.5 deg^-2 = 1.070 arcmin^-2
Fitting aperture to hotspot...
Candidate: x_peak:       -0.395, y_peak:        0.745, r_peak:        0.020, sig:        4.778, ra_peak:        6.635, dec_peak:       -1.645
Characteristic density local = 3726.2 deg^-2 = 1.035 arcmin^-2
Fitting aperture to hotspot...
Candidate: x_peak:       -0.055, y_peak:        0.705, r_peak:        0.020, sig:        8.892, ra_peak:        6.975, dec_peak:       -1.685
Characteristic density local = 3957.0 deg^-2 = 1.099 arcmin^-2
Fitting aperture to hotspot...
Candidate: x_peak:        0.375, y_peak:       -0.455, r_peak:        0.030, sig:       14.715, ra_peak:        7.405, dec_peak:       -2.845
Characteristic density local = 4030.6 deg^-2 = 1.120 arcmin^-2
Fitting aperture to hotspot...
Candidate: x_peak:        0.785, y_peak:       -0.505, r_peak:        0.020, sig:        7.942, ra_peak:        7.816, dec_peak:       -2.895
Characteristic density local = 3959.0 deg^-2 = 1.100 arcmin^-2
Fitting aperture to hotspot...
Candidate: x_peak:        0.825, y_peak:        0.365, r_peak:        0.020, sig:        8.232, ra_peak:        7.856, dec_peak:       -2.025
Distance = 25.1 kpc (m-M = 17.0)
780038 objects left after isochrone cut...
Characteristic density = 3700.0 deg^-2
Characteristic density local = 3608.8 deg^-2 = 1.002 arcmin^-2
Fitting aperture to hotspot...
Candidate: x_peak:       -0.905, y_peak:        0.175, r_peak:        0.030, sig:       28.131, ra_peak:        6.124, dec_peak:       -2.215
Characteristic density local = 3893.3 deg^-2 = 1.081 arcmin^-2
Fitting aperture to hotspot...
Candidate: x_peak:       -0.395, y_peak:       -0.285, r_peak:        0.030, sig:        3.766, ra_peak:        6.635, dec_peak:       -2.675
Characteristic density local = 3853.5 deg^-2 = 1.070 arcmin^-2
Fitting aperture to hotspot...
Candidate: x_peak:       -0.395, y_peak:        0.745, r_peak:        0.020, sig:        4.778, ra_peak:        6.635, dec_peak:       -1.645
Characteristic density local = 3726.2 deg^-2 = 1.035 arcmin^-2
Fitting aperture to hotspot...
Candidate: x_peak:       -0.055, y_peak:        0.705, r_peak:        0.020, sig:        8.892, ra_peak:        6.975, dec_peak:       -1.685
Characteristic density local = 3957.0 deg^-2 = 1.099 arcmin^-2
Fitting aperture to hotspot...
Candidate: x_peak:        0.375, y_peak:       -0.455, r_peak:        0.030, sig:       14.715, ra_peak:        7.405, dec_peak:       -2.845
Characteristic density local = 4030.6 deg^-2 = 1.120 arcmin^-2
Fitting aperture to hotspot...
Candidate: x_peak:        0.785, y_peak:       -0.505, r_peak:        0.020, sig:        7.942, ra_peak:        7.816, dec_peak:       -2.895
Characteristic density local = 3959.0 deg^-2 = 1.100 arcmin^-2
Fitting aperture to hotspot...
Candidate: x_peak:        0.825, y_peak:        0.365, r_peak:        0.020, sig:        8.232, ra_peak:        7.856, dec_peak:       -2.025
Distance = 31.6 kpc (m-M = 17.5)
780040 objects left after isochrone cut...
Characteristic density = 3700.0 deg^-2
Characteristic density local = 3608.8 deg^-2 = 1.002 arcmin^-2
Fitting aperture to hotspot...
Candidate: x_peak:       -0.905, y_peak:        0.175, r_peak:        0.030, sig:       28.131, ra_peak:        6.124, dec_peak:       -2.215
Characteristic density local = 3893.3 deg^-2 = 1.081 arcmin^-2
Fitting aperture to hotspot...
Candidate: x_peak:       -0.395, y_peak:       -0.285, r_peak:        0.030, sig:        3.766, ra_peak:        6.635, dec_peak:       -2.675
Characteristic density local = 3853.5 deg^-2 = 1.070 arcmin^-2
Fitting aperture to hotspot...
Candidate: x_peak:       -0.395, y_peak:        0.745, r_peak:        0.020, sig:        4.778, ra_peak:        6.635, dec_peak:       -1.645
Characteristic density local = 3726.2 deg^-2 = 1.035 arcmin^-2
Fitting aperture to hotspot...
Candidate: x_peak:       -0.055, y_peak:        0.705, r_peak:        0.020, sig:        8.892, ra_peak:        6.975, dec_peak:       -1.685
Characteristic density local = 3957.0 deg^-2 = 1.099 arcmin^-2
Fitting aperture to hotspot...
Candidate: x_peak:        0.375, y_peak:       -0.455, r_peak:        0.030, sig:       14.715, ra_peak:        7.405, dec_peak:       -2.845
Characteristic density local = 4030.6 deg^-2 = 1.120 arcmin^-2
Fitting aperture to hotspot...
Candidate: x_peak:        0.785, y_peak:       -0.505, r_peak:        0.020, sig:        7.942, ra_peak:        7.816, dec_peak:       -2.895
Characteristic density local = 3959.0 deg^-2 = 1.100 arcmin^-2
Fitting aperture to hotspot...
Candidate: x_peak:        0.825, y_peak:        0.365, r_peak:        0.020, sig:        8.232, ra_peak:        7.856, dec_peak:       -2.025
Distance = 39.8 kpc (m-M = 18.0)
780041 objects left after isochrone cut...
Characteristic density = 3700.0 deg^-2
Characteristic density local = 3608.8 deg^-2 = 1.002 arcmin^-2
Fitting aperture to hotspot...
Candidate: x_peak:       -0.905, y_peak:        0.175, r_peak:        0.030, sig:       28.131, ra_peak:        6.124, dec_peak:       -2.215
Characteristic density local = 3893.3 deg^-2 = 1.081 arcmin^-2
Fitting aperture to hotspot...
Candidate: x_peak:       -0.395, y_peak:       -0.285, r_peak:        0.030, sig:        3.766, ra_peak:        6.635, dec_peak:       -2.675
Characteristic density local = 3853.5 deg^-2 = 1.070 arcmin^-2
Fitting aperture to hotspot...
Candidate: x_peak:       -0.395, y_peak:        0.745, r_peak:        0.020, sig:        4.778, ra_peak:        6.635, dec_peak:       -1.645
Characteristic density local = 3726.2 deg^-2 = 1.035 arcmin^-2
Fitting aperture to hotspot...
Candidate: x_peak:       -0.055, y_peak:        0.705, r_peak:        0.020, sig:        8.892, ra_peak:        6.975, dec_peak:       -1.685
Characteristic density local = 3957.0 deg^-2 = 1.099 arcmin^-2
Fitting aperture to hotspot...
Candidate: x_peak:        0.375, y_peak:       -0.455, r_peak:        0.030, sig:       14.715, ra_peak:        7.405, dec_peak:       -2.845
Characteristic density local = 4030.6 deg^-2 = 1.120 arcmin^-2
Fitting aperture to hotspot...
Candidate: x_peak:        0.785, y_peak:       -0.505, r_peak:        0.020, sig:        7.942, ra_peak:        7.816, dec_peak:       -2.895
Characteristic density local = 3959.0 deg^-2 = 1.100 arcmin^-2
Fitting aperture to hotspot...
Candidate: x_peak:        0.825, y_peak:        0.365, r_peak:        0.020, sig:        8.232, ra_peak:        7.856, dec_peak:       -2.025
Distance = 50.1 kpc (m-M = 18.5)
780037 objects left after isochrone cut...
Characteristic density = 3700.0 deg^-2
Characteristic density local = 3608.8 deg^-2 = 1.002 arcmin^-2
Fitting aperture to hotspot...
Candidate: x_peak:       -0.905, y_peak:        0.175, r_peak:        0.030, sig:       28.131, ra_peak:        6.124, dec_peak:       -2.215
Characteristic density local = 3893.3 deg^-2 = 1.081 arcmin^-2
Fitting aperture to hotspot...
Candidate: x_peak:       -0.395, y_peak:       -0.285, r_peak:        0.030, sig:        3.766, ra_peak:        6.635, dec_peak:       -2.675
Characteristic density local = 3853.5 deg^-2 = 1.070 arcmin^-2
Fitting aperture to hotspot...
Candidate: x_peak:       -0.395, y_peak:        0.745, r_peak:        0.020, sig:        4.778, ra_peak:        6.635, dec_peak:       -1.645
Characteristic density local = 3726.2 deg^-2 = 1.035 arcmin^-2
Fitting aperture to hotspot...
Candidate: x_peak:       -0.055, y_peak:        0.705, r_peak:        0.020, sig:        8.892, ra_peak:        6.975, dec_peak:       -1.685
Characteristic density local = 3957.0 deg^-2 = 1.099 arcmin^-2
Fitting aperture to hotspot...
Candidate: x_peak:        0.375, y_peak:       -0.455, r_peak:        0.030, sig:       14.715, ra_peak:        7.405, dec_peak:       -2.845
Characteristic density local = 4030.6 deg^-2 = 1.120 arcmin^-2
Fitting aperture to hotspot...
Candidate: x_peak:        0.785, y_peak:       -0.505, r_peak:        0.020, sig:        7.942, ra_peak:        7.816, dec_peak:       -2.895
Characteristic density local = 3959.0 deg^-2 = 1.100 arcmin^-2
Fitting aperture to hotspot...
Candidate: x_peak:        0.825, y_peak:        0.365, r_peak:        0.020, sig:        8.232, ra_peak:        7.856, dec_peak:       -2.025
Distance = 63.1 kpc (m-M = 19.0)
779666 objects left after isochrone cut...
Characteristic density = 3700.0 deg^-2
Characteristic density local = 3600.9 deg^-2 = 1.000 arcmin^-2
Fitting aperture to hotspot...
Candidate: x_peak:       -0.905, y_peak:        0.175, r_peak:        0.030, sig:       28.145, ra_peak:        6.124, dec_peak:       -2.215
Characteristic density local = 3877.4 deg^-2 = 1.077 arcmin^-2
Fitting aperture to hotspot...
Candidate: x_peak:       -0.395, y_peak:       -0.285, r_peak:        0.130, sig:        3.796, ra_peak:        6.635, dec_peak:       -2.675
Characteristic density local = 3837.6 deg^-2 = 1.066 arcmin^-2
Fitting aperture to hotspot...
Candidate: x_peak:       -0.395, y_peak:        0.745, r_peak:        0.020, sig:        4.790, ra_peak:        6.635, dec_peak:       -1.645
Characteristic density local = 3706.3 deg^-2 = 1.030 arcmin^-2
Fitting aperture to hotspot...
Candidate: x_peak:       -0.055, y_peak:        0.705, r_peak:        0.020, sig:        8.910, ra_peak:        6.975, dec_peak:       -1.685
Characteristic density local = 3943.1 deg^-2 = 1.095 arcmin^-2
Fitting aperture to hotspot...
Candidate: x_peak:        0.375, y_peak:       -0.455, r_peak:        0.030, sig:       14.733, ra_peak:        7.405, dec_peak:       -2.845
Characteristic density local = 4018.7 deg^-2 = 1.116 arcmin^-2
Fitting aperture to hotspot...
Candidate: x_peak:        0.785, y_peak:       -0.505, r_peak:        0.020, sig:        7.952, ra_peak:        7.816, dec_peak:       -2.895
Characteristic density local = 3943.1 deg^-2 = 1.095 arcmin^-2
Fitting aperture to hotspot...
Candidate: x_peak:        0.825, y_peak:        0.365, r_peak:        0.020, sig:        8.246, ra_peak:        7.856, dec_peak:       -2.025
Distance = 79.4 kpc (m-M = 19.5)
777887 objects left after isochrone cut...
Characteristic density = 3600.0 deg^-2
Characteristic density local = 3549.2 deg^-2 = 0.986 arcmin^-2
Fitting aperture to hotspot...
Candidate: x_peak:       -0.905, y_peak:        0.175, r_peak:        0.030, sig:       28.241, ra_peak:        6.124, dec_peak:       -2.215
Characteristic density local = 3805.8 deg^-2 = 1.057 arcmin^-2
Fitting aperture to hotspot...
Candidate: x_peak:       -0.395, y_peak:       -0.285, r_peak:        0.110, sig:        3.872, ra_peak:        6.635, dec_peak:       -2.675
Characteristic density local = 3779.9 deg^-2 = 1.050 arcmin^-2
Fitting aperture to hotspot...
Candidate: x_peak:       -0.395, y_peak:        0.745, r_peak:        0.020, sig:        4.834, ra_peak:        6.635, dec_peak:       -1.645
Characteristic density local = 3628.7 deg^-2 = 1.008 arcmin^-2
Fitting aperture to hotspot...
Candidate: x_peak:       -0.055, y_peak:        0.705, r_peak:        0.020, sig:        8.981, ra_peak:        6.975, dec_peak:       -1.685
Characteristic density local = 4006.7 deg^-2 = 1.113 arcmin^-2
Fitting aperture to hotspot...
Candidate: x_peak:        0.095, y_peak:       -0.125, r_peak:        0.020, sig:        5.751, ra_peak:        7.125, dec_peak:       -2.515
Characteristic density local = 3875.4 deg^-2 = 1.077 arcmin^-2
Fitting aperture to hotspot...
Candidate: x_peak:        0.375, y_peak:       -0.455, r_peak:        0.030, sig:       14.826, ra_peak:        7.405, dec_peak:       -2.845
Characteristic density local = 3913.2 deg^-2 = 1.087 arcmin^-2
Fitting aperture to hotspot...
Candidate: x_peak:        0.635, y_peak:       -0.235, r_peak:        0.070, sig:        2.965, ra_peak:        7.666, dec_peak:       -2.625
Characteristic density local = 3939.1 deg^-2 = 1.094 arcmin^-2
Fitting aperture to hotspot...
Candidate: x_peak:        0.785, y_peak:       -0.505, r_peak:        0.020, sig:        8.019, ra_peak:        7.816, dec_peak:       -2.895
Characteristic density local = 3897.3 deg^-2 = 1.083 arcmin^-2
Fitting aperture to hotspot...
Candidate: x_peak:        0.825, y_peak:        0.365, r_peak:        0.020, sig:        8.285, ra_peak:        7.856, dec_peak:       -2.025
Distance = 100.0 kpc (m-M = 20.0)
775518 objects left after isochrone cut...
Characteristic density = 3600.0 deg^-2
Characteristic density local = 3483.5 deg^-2 = 0.968 arcmin^-2
Fitting aperture to hotspot...
Candidate: x_peak:       -0.905, y_peak:        0.175, r_peak:        0.030, sig:       28.259, ra_peak:        6.124, dec_peak:       -2.215
Characteristic density local = 3732.2 deg^-2 = 1.037 arcmin^-2
Fitting aperture to hotspot...
Candidate: x_peak:       -0.395, y_peak:       -0.285, r_peak:        0.110, sig:        3.738, ra_peak:        6.635, dec_peak:       -2.675
Characteristic density local = 3698.4 deg^-2 = 1.027 arcmin^-2
Fitting aperture to hotspot...
Candidate: x_peak:       -0.395, y_peak:        0.745, r_peak:        0.020, sig:        4.897, ra_peak:        6.635, dec_peak:       -1.645
Characteristic density local = 3533.2 deg^-2 = 0.981 arcmin^-2
Fitting aperture to hotspot...
Candidate: x_peak:       -0.055, y_peak:        0.705, r_peak:        0.020, sig:        8.842, ra_peak:        6.975, dec_peak:       -1.685
Characteristic density local = 3933.1 deg^-2 = 1.093 arcmin^-2
Fitting aperture to hotspot...
Candidate: x_peak:        0.095, y_peak:       -0.125, r_peak:        0.020, sig:        5.808, ra_peak:        7.125, dec_peak:       -2.515
Characteristic density local = 3799.8 deg^-2 = 1.056 arcmin^-2
Fitting aperture to hotspot...
Candidate: x_peak:        0.375, y_peak:       -0.455, r_peak:        0.030, sig:       14.788, ra_peak:        7.405, dec_peak:       -2.845
Characteristic density local = 3829.7 deg^-2 = 1.064 arcmin^-2
Fitting aperture to hotspot...
Candidate: x_peak:        0.635, y_peak:       -0.235, r_peak:        0.050, sig:        2.955, ra_peak:        7.666, dec_peak:       -2.625
Characteristic density local = 3871.4 deg^-2 = 1.075 arcmin^-2
Fitting aperture to hotspot...
Candidate: x_peak:        0.785, y_peak:       -0.505, r_peak:        0.020, sig:        8.077, ra_peak:        7.816, dec_peak:       -2.895
Characteristic density local = 3837.6 deg^-2 = 1.066 arcmin^-2
Fitting aperture to hotspot...
Candidate: x_peak:        0.825, y_peak:        0.365, r_peak:        0.020, sig:        8.337, ra_peak:        7.856, dec_peak:       -2.025
Distance = 125.9 kpc (m-M = 20.5)
772691 objects left after isochrone cut...
Characteristic density = 3500.0 deg^-2
Characteristic density local = 3396.0 deg^-2 = 0.943 arcmin^-2
Fitting aperture to hotspot...
Candidate: x_peak:       -0.905, y_peak:        0.175, r_peak:        0.030, sig:       28.426, ra_peak:        6.124, dec_peak:       -2.215
Characteristic density local = 3640.7 deg^-2 = 1.011 arcmin^-2
Fitting aperture to hotspot...
Candidate: x_peak:       -0.395, y_peak:       -0.285, r_peak:        0.130, sig:        3.945, ra_peak:        6.635, dec_peak:       -2.675
Characteristic density local = 3604.9 deg^-2 = 1.001 arcmin^-2
Fitting aperture to hotspot...
Candidate: x_peak:       -0.395, y_peak:        0.745, r_peak:        0.020, sig:        4.971, ra_peak:        6.635, dec_peak:       -1.645
Characteristic density local = 3547.2 deg^-2 = 0.985 arcmin^-2
Fitting aperture to hotspot...
Candidate: x_peak:       -0.355, y_peak:       -0.205, r_peak:        0.120, sig:        4.281, ra_peak:        6.675, dec_peak:       -2.595
Characteristic density local = 3461.6 deg^-2 = 0.962 arcmin^-2
Fitting aperture to hotspot...
Candidate: x_peak:       -0.055, y_peak:        0.705, r_peak:        0.020, sig:        8.910, ra_peak:        6.975, dec_peak:       -1.685
Characteristic density local = 3694.4 deg^-2 = 1.026 arcmin^-2
Fitting aperture to hotspot...
Candidate: x_peak:        0.375, y_peak:       -0.455, r_peak:        0.030, sig:       14.792, ra_peak:        7.405, dec_peak:       -2.845
Characteristic density local = 3742.1 deg^-2 = 1.039 arcmin^-2
Fitting aperture to hotspot...
Candidate: x_peak:        0.635, y_peak:       -0.235, r_peak:        0.050, sig:        3.092, ra_peak:        7.666, dec_peak:       -2.625
Characteristic density local = 3776.0 deg^-2 = 1.049 arcmin^-2
Fitting aperture to hotspot...
Candidate: x_peak:        0.785, y_peak:       -0.505, r_peak:        0.020, sig:        8.160, ra_peak:        7.816, dec_peak:       -2.895
Characteristic density local = 3722.2 deg^-2 = 1.034 arcmin^-2
Fitting aperture to hotspot...
Candidate: x_peak:        0.825, y_peak:        0.365, r_peak:        0.020, sig:        8.439, ra_peak:        7.856, dec_peak:       -2.025
Distance = 158.5 kpc (m-M = 21.0)
769581 objects left after isochrone cut...
Characteristic density = 3400.0 deg^-2
Characteristic density local = 3310.4 deg^-2 = 0.920 arcmin^-2
Fitting aperture to hotspot...
Candidate: x_peak:       -0.905, y_peak:        0.175, r_peak:        0.030, sig:       28.592, ra_peak:        6.124, dec_peak:       -2.215
Characteristic density local = 3533.2 deg^-2 = 0.981 arcmin^-2
Fitting aperture to hotspot...
Candidate: x_peak:       -0.395, y_peak:       -0.285, r_peak:        0.040, sig:        3.921, ra_peak:        6.635, dec_peak:       -2.675
Characteristic density local = 3489.5 deg^-2 = 0.969 arcmin^-2
Fitting aperture to hotspot...
Candidate: x_peak:       -0.395, y_peak:        0.745, r_peak:        0.020, sig:        4.477, ra_peak:        6.635, dec_peak:       -1.645
Characteristic density local = 3328.3 deg^-2 = 0.925 arcmin^-2
Fitting aperture to hotspot...
Candidate: x_peak:       -0.055, y_peak:        0.705, r_peak:        0.020, sig:        9.039, ra_peak:        6.975, dec_peak:       -1.685
Characteristic density local = 3734.2 deg^-2 = 1.037 arcmin^-2
Fitting aperture to hotspot...
Candidate: x_peak:        0.095, y_peak:       -0.125, r_peak:        0.020, sig:        5.699, ra_peak:        7.125, dec_peak:       -2.515
Characteristic density local = 3590.9 deg^-2 = 0.997 arcmin^-2
Fitting aperture to hotspot...
Candidate: x_peak:        0.375, y_peak:       -0.455, r_peak:        0.030, sig:       14.940, ra_peak:        7.405, dec_peak:       -2.845
Characteristic density local = 3622.8 deg^-2 = 1.006 arcmin^-2
Fitting aperture to hotspot...
Candidate: x_peak:        0.635, y_peak:       -0.235, r_peak:        0.050, sig:        3.125, ra_peak:        7.666, dec_peak:       -2.625
Characteristic density local = 3684.4 deg^-2 = 1.023 arcmin^-2
Fitting aperture to hotspot...
Candidate: x_peak:        0.785, y_peak:       -0.505, r_peak:        0.020, sig:        8.241, ra_peak:        7.816, dec_peak:       -2.895
Characteristic density local = 3612.8 deg^-2 = 1.004 arcmin^-2
Fitting aperture to hotspot...
Candidate: x_peak:        0.825, y_peak:        0.365, r_peak:        0.020, sig:        8.538, ra_peak:        7.856, dec_peak:       -2.025
Distance = 199.5 kpc (m-M = 21.5)
765941 objects left after isochrone cut...
Characteristic density = 3200.0 deg^-2
Characteristic density local = 3197.0 deg^-2 = 0.888 arcmin^-2
Fitting aperture to hotspot...
Candidate: x_peak:       -0.905, y_peak:        0.175, r_peak:        0.030, sig:       28.819, ra_peak:        6.124, dec_peak:       -2.215
Characteristic density local = 3394.0 deg^-2 = 0.943 arcmin^-2
Fitting aperture to hotspot...
Candidate: x_peak:       -0.395, y_peak:       -0.285, r_peak:        0.040, sig:        4.115, ra_peak:        6.635, dec_peak:       -2.675
Characteristic density local = 3328.3 deg^-2 = 0.925 arcmin^-2
Fitting aperture to hotspot...
Candidate: x_peak:       -0.395, y_peak:        0.745, r_peak:        0.020, sig:        4.607, ra_peak:        6.635, dec_peak:       -1.645
Characteristic density local = 3181.1 deg^-2 = 0.884 arcmin^-2
Fitting aperture to hotspot...
Candidate: x_peak:       -0.055, y_peak:        0.705, r_peak:        0.020, sig:        9.187, ra_peak:        6.975, dec_peak:       -1.685
Characteristic density local = 3471.6 deg^-2 = 0.964 arcmin^-2
Fitting aperture to hotspot...
Candidate: x_peak:        0.385, y_peak:       -0.455, r_peak:        0.030, sig:       15.832, ra_peak:        7.415, dec_peak:       -2.845
Characteristic density local = 3473.6 deg^-2 = 0.965 arcmin^-2
Fitting aperture to hotspot...
Candidate: x_peak:        0.635, y_peak:       -0.235, r_peak:        0.050, sig:        3.369, ra_peak:        7.666, dec_peak:       -2.625
Characteristic density local = 3571.0 deg^-2 = 0.992 arcmin^-2
Fitting aperture to hotspot...
Candidate: x_peak:        0.785, y_peak:       -0.505, r_peak:        0.020, sig:        8.343, ra_peak:        7.816, dec_peak:       -2.895
Characteristic density local = 3451.7 deg^-2 = 0.959 arcmin^-2
Fitting aperture to hotspot...
Candidate: x_peak:        0.825, y_peak:        0.365, r_peak:        0.020, sig:        8.688, ra_peak:        7.856, dec_peak:       -2.025
Distance = 251.2 kpc (m-M = 22.0)
761647 objects left after isochrone cut...
Characteristic density = 3100.0 deg^-2
Characteristic density local = 3483.5 deg^-2 = 0.968 arcmin^-2
Fitting aperture to hotspot...
Candidate: x_peak:       -1.155, y_peak:       -0.095, r_peak:        0.020, sig:        5.631, ra_peak:        5.874, dec_peak:       -2.485
Characteristic density local = 3041.8 deg^-2 = 0.845 arcmin^-2
Fitting aperture to hotspot...
Candidate: x_peak:       -0.905, y_peak:        0.175, r_peak:        0.030, sig:       29.140, ra_peak:        6.124, dec_peak:       -2.215
Characteristic density local = 3262.7 deg^-2 = 0.906 arcmin^-2
Fitting aperture to hotspot...
Candidate: x_peak:       -0.395, y_peak:       -0.285, r_peak:        0.040, sig:        4.302, ra_peak:        6.635, dec_peak:       -2.675
Characteristic density local = 3169.2 deg^-2 = 0.880 arcmin^-2
Fitting aperture to hotspot...
Candidate: x_peak:       -0.395, y_peak:        0.745, r_peak:        0.020, sig:        4.434, ra_peak:        6.635, dec_peak:       -1.645
Characteristic density local = 3081.6 deg^-2 = 0.856 arcmin^-2
Fitting aperture to hotspot...
Candidate: x_peak:       -0.055, y_peak:        0.705, r_peak:        0.020, sig:        9.289, ra_peak:        6.975, dec_peak:       -1.685
Characteristic density local = 3364.1 deg^-2 = 0.934 arcmin^-2
Fitting aperture to hotspot...
Candidate: x_peak:        0.385, y_peak:       -0.455, r_peak:        0.030, sig:       15.854, ra_peak:        7.415, dec_peak:       -2.845
Characteristic density local = 3362.1 deg^-2 = 0.934 arcmin^-2
Fitting aperture to hotspot...
Candidate: x_peak:        0.635, y_peak:       -0.235, r_peak:        0.050, sig:        3.069, ra_peak:        7.666, dec_peak:       -2.625
Characteristic density local = 3437.7 deg^-2 = 0.955 arcmin^-2
Fitting aperture to hotspot...
Candidate: x_peak:        0.785, y_peak:       -0.505, r_peak:        0.020, sig:        8.467, ra_peak:        7.816, dec_peak:       -2.895
Characteristic density local = 3314.4 deg^-2 = 0.921 arcmin^-2
Fitting aperture to hotspot...
Candidate: x_peak:        0.825, y_peak:        0.365, r_peak:        0.020, sig:        8.820, ra_peak:        7.856, dec_peak:       -2.025
Distance = 316.2 kpc (m-M = 22.5)
756588 objects left after isochrone cut...
Characteristic density = 2900.0 deg^-2
Characteristic density local = 2872.7 deg^-2 = 0.798 arcmin^-2
Fitting aperture to hotspot...
Candidate: x_peak:       -0.905, y_peak:        0.175, r_peak:        0.030, sig:       29.398, ra_peak:        6.124, dec_peak:       -2.215
Characteristic density local = 3037.9 deg^-2 = 0.844 arcmin^-2
Fitting aperture to hotspot...
Candidate: x_peak:       -0.405, y_peak:       -0.285, r_peak:        0.030, sig:        4.934, ra_peak:        6.625, dec_peak:       -2.675
Characteristic density local = 2892.6 deg^-2 = 0.804 arcmin^-2
Fitting aperture to hotspot...
Candidate: x_peak:       -0.055, y_peak:        0.705, r_peak:        0.020, sig:        9.492, ra_peak:        6.975, dec_peak:       -1.685
Characteristic density local = 3209.0 deg^-2 = 0.891 arcmin^-2
Fitting aperture to hotspot...
Candidate: x_peak:        0.385, y_peak:       -0.455, r_peak:        0.030, sig:       16.098, ra_peak:        7.415, dec_peak:       -2.845
Characteristic density local = 3270.6 deg^-2 = 0.909 arcmin^-2
Fitting aperture to hotspot...
Candidate: x_peak:        0.785, y_peak:       -0.505, r_peak:        0.020, sig:        8.628, ra_peak:        7.816, dec_peak:       -2.895
Characteristic density local = 3109.5 deg^-2 = 0.864 arcmin^-2
Fitting aperture to hotspot...
Candidate: x_peak:        0.825, y_peak:        0.365, r_peak:        0.020, sig:        9.026, ra_peak:        7.856, dec_peak:       -2.025
Distance = 398.1 kpc (m-M = 23.0)
750178 objects left after isochrone cut...
Characteristic density = 2700.0 deg^-2
Characteristic density local = 3105.5 deg^-2 = 0.863 arcmin^-2
Fitting aperture to hotspot...
Candidate: x_peak:       -1.155, y_peak:       -0.095, r_peak:        0.020, sig:        5.961, ra_peak:        5.874, dec_peak:       -2.485
Characteristic density local = 2661.9 deg^-2 = 0.739 arcmin^-2
Fitting aperture to hotspot...
Candidate: x_peak:       -0.905, y_peak:        0.175, r_peak:        0.030, sig:       29.441, ra_peak:        6.124, dec_peak:       -2.215
Characteristic density local = 2840.9 deg^-2 = 0.789 arcmin^-2
Fitting aperture to hotspot...
Candidate: x_peak:       -0.405, y_peak:       -0.285, r_peak:        0.030, sig:        5.178, ra_peak:        6.625, dec_peak:       -2.675
Characteristic density local = 2763.3 deg^-2 = 0.768 arcmin^-2
Fitting aperture to hotspot...
Candidate: x_peak:       -0.395, y_peak:        0.745, r_peak:        0.020, sig:        4.791, ra_peak:        6.635, dec_peak:       -1.645
Characteristic density local = 2681.8 deg^-2 = 0.745 arcmin^-2
Fitting aperture to hotspot...
Candidate: x_peak:       -0.055, y_peak:        0.705, r_peak:        0.020, sig:        9.730, ra_peak:        6.975, dec_peak:       -1.685
Characteristic density local = 3014.0 deg^-2 = 0.837 arcmin^-2
Fitting aperture to hotspot...
Candidate: x_peak:        0.095, y_peak:       -0.125, r_peak:        0.020, sig:        6.045, ra_peak:        7.125, dec_peak:       -2.515
Characteristic density local = 2976.2 deg^-2 = 0.827 arcmin^-2
Fitting aperture to hotspot...
Candidate: x_peak:        0.375, y_peak:       -0.455, r_peak:        0.030, sig:       15.600, ra_peak:        7.405, dec_peak:       -2.845
Characteristic density local = 3047.8 deg^-2 = 0.847 arcmin^-2
Fitting aperture to hotspot...
Candidate: x_peak:        0.785, y_peak:       -0.505, r_peak:        0.020, sig:        8.852, ra_peak:        7.816, dec_peak:       -2.895
Characteristic density local = 2884.7 deg^-2 = 0.801 arcmin^-2
Fitting aperture to hotspot...
Candidate: x_peak:        0.825, y_peak:        0.365, r_peak:        0.020, sig:        9.025, ra_peak:        7.856, dec_peak:       -2.025
29.44 sigma; (RA, Dec, d) = (6.12, -2.21); r = 0.03 deg; d = 398.1, mu = 23.00 mag), mc_source_id: 0.00
16.10 sigma; (RA, Dec, d) = (7.42, -2.84); r = 0.03 deg; d = 316.2, mu = 22.50 mag), mc_source_id: 0.00
9.73 sigma; (RA, Dec, d) = (6.97, -1.68); r = 0.02 deg; d = 398.1, mu = 23.00 mag), mc_source_id: 0.00
9.03 sigma; (RA, Dec, d) = (7.86, -2.02); r = 0.02 deg; d = 316.2, mu = 22.50 mag), mc_source_id: 0.00
8.85 sigma; (RA, Dec, d) = (7.82, -2.89); r = 0.02 deg; d = 398.1, mu = 23.00 mag), mc_source_id: 0.00
6.04 sigma; (RA, Dec, d) = (7.13, -2.51); r = 0.02 deg; d = 398.1, mu = 23.00 mag), mc_source_id: 0.00
5.96 sigma; (RA, Dec, d) = (5.87, -2.48); r = 0.02 deg; d = 398.1, mu = 23.00 mag), mc_source_id: 0.00
5.18 sigma; (RA, Dec, d) = (6.62, -2.67); r = 0.03 deg; d = 398.1, mu = 23.00 mag), mc_source_id: 0.00
4.97 sigma; (RA, Dec, d) = (6.63, -1.64); r = 0.02 deg; d = 125.9, mu = 20.50 mag), mc_source_id: 0.00
4.28 sigma; (RA, Dec, d) = (6.67, -2.59); r = 0.12 deg; d = 125.9, mu = 20.50 mag), mc_source_id: 0.00
3.37 sigma; (RA, Dec, d) = (7.67, -2.62); r = 0.05 deg; d = 199.5, mu = 21.50 mag), mc_source_id: 0.00

------------------------------------------------------------
Job <681099.0> was submitted from <des51.fnal.gov> by user <tavangar>.
Job was executed on host <des40.fnal.gov> as user <tavangar>.
</var/lib/condor/execute/dir_2051836> was used as the initial working directory.
Results reported at Wed Jun  5 12:56:58 CDT 2019

Your job looked like:

------------------------------------------------------------
python /home/s1/tavangar/tavangar_simple/search_algorithm.py 7.03 -2.39 0.00 /home/s1/tavangar/tavangar_simple/decals_dr7_results/results_nside_32_6338.csv /home/s1/tavangar/tavangar_simple/decals_dr7_results/decals_dr7_log/results_nside_32_6338.log
------------------------------------------------------------

Successfully completed.

Resource usage summary:

	Real time :			239.30 sec.
	CPU time :			6.71 sec.
	CPU percentage :		88%
	Max Memory :			7251856 KB
	Average Memory :		0 KB

The output (if any) is above this job summary.
