/home/s1/tavangar/tavangar_simple/simple_utils.py:170: FutureWarning: elementwise comparison failed; returning scalar instead, but in the future will perform elementwise comparison
  if np.all(isochrone.stage == 'Main'):
Search coordinates: (RA, Dec) = (8.44, 3.58)
Center healpixel: 5699
Healpixels: [5699 5826 5698 5570 5443 5571 5700 5827 5955]
MC_SOURCE_ID = 0.0
mode = 0: running only on real data
Found 1 objects...
Applying cuts...
713911 star-like objects in ROI...
1186575 galaxy-like objects in ROI...
No fracdet map specified ...
Distance = 15.8 kpc (m-M = 16.0)
713876 objects left after isochrone cut...
Characteristic density = 3600.0 deg^-2
Characteristic density local = 4008.7 deg^-2 = 1.114 arcmin^-2
Fitting aperture to hotspot...
Candidate: x_peak:        0.035, y_peak:       -0.255, r_peak:        0.020, sig:       17.222, ra_peak:        8.475, dec_peak:        3.325
Characteristic density local = 3897.3 deg^-2 = 1.083 arcmin^-2
Fitting aperture to hotspot...
Candidate: x_peak:        0.035, y_peak:       -0.435, r_peak:        0.220, sig:        3.140, ra_peak:        8.475, dec_peak:        3.145
Characteristic density local = 2717.6 deg^-2 = 0.755 arcmin^-2
Fitting aperture to hotspot...
Candidate: x_peak:        0.135, y_peak:       -1.075, r_peak:        0.070, sig:        5.687, ra_peak:        8.575, dec_peak:        2.505
Characteristic density local = 2701.7 deg^-2 = 0.750 arcmin^-2
Fitting aperture to hotspot...
Candidate: x_peak:        0.145, y_peak:       -1.065, r_peak:        0.080, sig:        5.395, ra_peak:        8.585, dec_peak:        2.515
Characteristic density local = 3676.5 deg^-2 = 1.021 arcmin^-2
Fitting aperture to hotspot...
Candidate: x_peak:        0.525, y_peak:       -0.705, r_peak:        0.020, sig:        7.289, ra_peak:        8.966, dec_peak:        2.875
Characteristic density local = 3887.4 deg^-2 = 1.080 arcmin^-2
Fitting aperture to hotspot...
Candidate: x_peak:        1.235, y_peak:        0.145, r_peak:        0.030, sig:        0.495, ra_peak:        9.678, dec_peak:        3.724
Characteristic density local = 3885.4 deg^-2 = 1.079 arcmin^-2
Fitting aperture to hotspot...
Candidate: x_peak:        1.285, y_peak:        0.095, r_peak:        0.020, sig:        1.549, ra_peak:        9.728, dec_peak:        3.674
Distance = 20.0 kpc (m-M = 16.5)
713896 objects left after isochrone cut...
Characteristic density = 3600.0 deg^-2
Characteristic density local = 4008.7 deg^-2 = 1.114 arcmin^-2
Fitting aperture to hotspot...
Candidate: x_peak:        0.035, y_peak:       -0.255, r_peak:        0.020, sig:       17.222, ra_peak:        8.475, dec_peak:        3.325
Characteristic density local = 3897.3 deg^-2 = 1.083 arcmin^-2
Fitting aperture to hotspot...
Candidate: x_peak:        0.035, y_peak:       -0.435, r_peak:        0.220, sig:        3.140, ra_peak:        8.475, dec_peak:        3.145
Characteristic density local = 2717.6 deg^-2 = 0.755 arcmin^-2
Fitting aperture to hotspot...
Candidate: x_peak:        0.135, y_peak:       -1.075, r_peak:        0.070, sig:        5.687, ra_peak:        8.575, dec_peak:        2.505
Characteristic density local = 2701.7 deg^-2 = 0.750 arcmin^-2
Fitting aperture to hotspot...
Candidate: x_peak:        0.145, y_peak:       -1.065, r_peak:        0.080, sig:        5.395, ra_peak:        8.585, dec_peak:        2.515
Characteristic density local = 3676.5 deg^-2 = 1.021 arcmin^-2
Fitting aperture to hotspot...
Candidate: x_peak:        0.525, y_peak:       -0.705, r_peak:        0.020, sig:        7.289, ra_peak:        8.966, dec_peak:        2.875
Characteristic density local = 3887.4 deg^-2 = 1.080 arcmin^-2
Fitting aperture to hotspot...
Candidate: x_peak:        1.235, y_peak:        0.145, r_peak:        0.030, sig:        0.495, ra_peak:        9.678, dec_peak:        3.724
Characteristic density local = 3885.4 deg^-2 = 1.079 arcmin^-2
Fitting aperture to hotspot...
Candidate: x_peak:        1.285, y_peak:        0.095, r_peak:        0.020, sig:        1.549, ra_peak:        9.728, dec_peak:        3.674
Distance = 25.1 kpc (m-M = 17.0)
713905 objects left after isochrone cut...
Characteristic density = 3600.0 deg^-2
Characteristic density local = 4008.7 deg^-2 = 1.114 arcmin^-2
Fitting aperture to hotspot...
Candidate: x_peak:        0.035, y_peak:       -0.255, r_peak:        0.020, sig:       17.222, ra_peak:        8.475, dec_peak:        3.325
Characteristic density local = 3897.3 deg^-2 = 1.083 arcmin^-2
Fitting aperture to hotspot...
Candidate: x_peak:        0.035, y_peak:       -0.435, r_peak:        0.220, sig:        3.140, ra_peak:        8.475, dec_peak:        3.145
Characteristic density local = 2717.6 deg^-2 = 0.755 arcmin^-2
Fitting aperture to hotspot...
Candidate: x_peak:        0.135, y_peak:       -1.075, r_peak:        0.070, sig:        5.687, ra_peak:        8.575, dec_peak:        2.505
Characteristic density local = 2701.7 deg^-2 = 0.750 arcmin^-2
Fitting aperture to hotspot...
Candidate: x_peak:        0.145, y_peak:       -1.065, r_peak:        0.080, sig:        5.395, ra_peak:        8.585, dec_peak:        2.515
Characteristic density local = 3676.5 deg^-2 = 1.021 arcmin^-2
Fitting aperture to hotspot...
Candidate: x_peak:        0.525, y_peak:       -0.705, r_peak:        0.020, sig:        7.289, ra_peak:        8.966, dec_peak:        2.875
Characteristic density local = 3887.4 deg^-2 = 1.080 arcmin^-2
Fitting aperture to hotspot...
Candidate: x_peak:        1.235, y_peak:        0.145, r_peak:        0.030, sig:        0.495, ra_peak:        9.678, dec_peak:        3.724
Characteristic density local = 3885.4 deg^-2 = 1.079 arcmin^-2
Fitting aperture to hotspot...
Candidate: x_peak:        1.285, y_peak:        0.095, r_peak:        0.020, sig:        1.549, ra_peak:        9.728, dec_peak:        3.674
Distance = 31.6 kpc (m-M = 17.5)
713905 objects left after isochrone cut...
Characteristic density = 3600.0 deg^-2
Characteristic density local = 4008.7 deg^-2 = 1.114 arcmin^-2
Fitting aperture to hotspot...
Candidate: x_peak:        0.035, y_peak:       -0.255, r_peak:        0.020, sig:       17.222, ra_peak:        8.475, dec_peak:        3.325
Characteristic density local = 3897.3 deg^-2 = 1.083 arcmin^-2
Fitting aperture to hotspot...
Candidate: x_peak:        0.035, y_peak:       -0.435, r_peak:        0.220, sig:        3.140, ra_peak:        8.475, dec_peak:        3.145
Characteristic density local = 2717.6 deg^-2 = 0.755 arcmin^-2
Fitting aperture to hotspot...
Candidate: x_peak:        0.135, y_peak:       -1.075, r_peak:        0.070, sig:        5.687, ra_peak:        8.575, dec_peak:        2.505
Characteristic density local = 2701.7 deg^-2 = 0.750 arcmin^-2
Fitting aperture to hotspot...
Candidate: x_peak:        0.145, y_peak:       -1.065, r_peak:        0.080, sig:        5.395, ra_peak:        8.585, dec_peak:        2.515
Characteristic density local = 3676.5 deg^-2 = 1.021 arcmin^-2
Fitting aperture to hotspot...
Candidate: x_peak:        0.525, y_peak:       -0.705, r_peak:        0.020, sig:        7.289, ra_peak:        8.966, dec_peak:        2.875
Characteristic density local = 3887.4 deg^-2 = 1.080 arcmin^-2
Fitting aperture to hotspot...
Candidate: x_peak:        1.235, y_peak:        0.145, r_peak:        0.030, sig:        0.495, ra_peak:        9.678, dec_peak:        3.724
Characteristic density local = 3885.4 deg^-2 = 1.079 arcmin^-2
Fitting aperture to hotspot...
Candidate: x_peak:        1.285, y_peak:        0.095, r_peak:        0.020, sig:        1.549, ra_peak:        9.728, dec_peak:        3.674
Distance = 39.8 kpc (m-M = 18.0)
713881 objects left after isochrone cut...
Characteristic density = 3600.0 deg^-2
Characteristic density local = 4008.7 deg^-2 = 1.114 arcmin^-2
Fitting aperture to hotspot...
Candidate: x_peak:        0.035, y_peak:       -0.255, r_peak:        0.020, sig:       17.222, ra_peak:        8.475, dec_peak:        3.325
Characteristic density local = 3897.3 deg^-2 = 1.083 arcmin^-2
Fitting aperture to hotspot...
Candidate: x_peak:        0.035, y_peak:       -0.435, r_peak:        0.220, sig:        3.140, ra_peak:        8.475, dec_peak:        3.145
Characteristic density local = 2717.6 deg^-2 = 0.755 arcmin^-2
Fitting aperture to hotspot...
Candidate: x_peak:        0.135, y_peak:       -1.075, r_peak:        0.070, sig:        5.687, ra_peak:        8.575, dec_peak:        2.505
Characteristic density local = 2701.7 deg^-2 = 0.750 arcmin^-2
Fitting aperture to hotspot...
Candidate: x_peak:        0.145, y_peak:       -1.065, r_peak:        0.080, sig:        5.395, ra_peak:        8.585, dec_peak:        2.515
Characteristic density local = 3676.5 deg^-2 = 1.021 arcmin^-2
Fitting aperture to hotspot...
Candidate: x_peak:        0.525, y_peak:       -0.705, r_peak:        0.020, sig:        7.289, ra_peak:        8.966, dec_peak:        2.875
Characteristic density local = 3887.4 deg^-2 = 1.080 arcmin^-2
Fitting aperture to hotspot...
Candidate: x_peak:        1.235, y_peak:        0.145, r_peak:        0.030, sig:        0.495, ra_peak:        9.678, dec_peak:        3.724
Characteristic density local = 3885.4 deg^-2 = 1.079 arcmin^-2
Fitting aperture to hotspot...
Candidate: x_peak:        1.285, y_peak:        0.095, r_peak:        0.020, sig:        1.549, ra_peak:        9.728, dec_peak:        3.674
Distance = 50.1 kpc (m-M = 18.5)
713732 objects left after isochrone cut...
Characteristic density = 3600.0 deg^-2
Characteristic density local = 4008.7 deg^-2 = 1.114 arcmin^-2
Fitting aperture to hotspot...
Candidate: x_peak:        0.035, y_peak:       -0.255, r_peak:        0.020, sig:       17.222, ra_peak:        8.475, dec_peak:        3.325
Characteristic density local = 3897.3 deg^-2 = 1.083 arcmin^-2
Fitting aperture to hotspot...
Candidate: x_peak:        0.035, y_peak:       -0.435, r_peak:        0.220, sig:        3.140, ra_peak:        8.475, dec_peak:        3.145
Characteristic density local = 2717.6 deg^-2 = 0.755 arcmin^-2
Fitting aperture to hotspot...
Candidate: x_peak:        0.135, y_peak:       -1.075, r_peak:        0.070, sig:        5.687, ra_peak:        8.575, dec_peak:        2.505
Characteristic density local = 2701.7 deg^-2 = 0.750 arcmin^-2
Fitting aperture to hotspot...
Candidate: x_peak:        0.145, y_peak:       -1.065, r_peak:        0.080, sig:        5.395, ra_peak:        8.585, dec_peak:        2.515
Characteristic density local = 3676.5 deg^-2 = 1.021 arcmin^-2
Fitting aperture to hotspot...
Candidate: x_peak:        0.525, y_peak:       -0.705, r_peak:        0.020, sig:        7.289, ra_peak:        8.966, dec_peak:        2.875
Characteristic density local = 3887.4 deg^-2 = 1.080 arcmin^-2
Fitting aperture to hotspot...
Candidate: x_peak:        1.235, y_peak:        0.145, r_peak:        0.030, sig:        0.495, ra_peak:        9.678, dec_peak:        3.724
Characteristic density local = 3885.4 deg^-2 = 1.079 arcmin^-2
Fitting aperture to hotspot...
Candidate: x_peak:        1.285, y_peak:        0.095, r_peak:        0.020, sig:        1.549, ra_peak:        9.728, dec_peak:        3.674
Distance = 63.1 kpc (m-M = 19.0)
713159 objects left after isochrone cut...
Characteristic density = 3600.0 deg^-2
Characteristic density local = 3994.8 deg^-2 = 1.110 arcmin^-2
Fitting aperture to hotspot...
Candidate: x_peak:        0.035, y_peak:       -0.255, r_peak:        0.020, sig:       17.238, ra_peak:        8.475, dec_peak:        3.325
Characteristic density local = 4016.7 deg^-2 = 1.116 arcmin^-2
Fitting aperture to hotspot...
Candidate: x_peak:       -0.255, y_peak:        0.445, r_peak:        0.020, sig:        5.743, ra_peak:        8.184, dec_peak:        4.025
Characteristic density local = 3887.4 deg^-2 = 1.080 arcmin^-2
Fitting aperture to hotspot...
Candidate: x_peak:        0.035, y_peak:       -0.435, r_peak:        0.220, sig:        3.085, ra_peak:        8.475, dec_peak:        3.145
Characteristic density local = 2709.6 deg^-2 = 0.753 arcmin^-2
Fitting aperture to hotspot...
Candidate: x_peak:        0.135, y_peak:       -1.075, r_peak:        0.070, sig:        5.587, ra_peak:        8.575, dec_peak:        2.505
Characteristic density local = 2693.7 deg^-2 = 0.748 arcmin^-2
Fitting aperture to hotspot...
Candidate: x_peak:        0.145, y_peak:       -1.065, r_peak:        0.080, sig:        5.085, ra_peak:        8.585, dec_peak:        2.515
Characteristic density local = 3654.6 deg^-2 = 1.015 arcmin^-2
Fitting aperture to hotspot...
Candidate: x_peak:        0.525, y_peak:       -0.705, r_peak:        0.020, sig:        7.308, ra_peak:        8.966, dec_peak:        2.875
Characteristic density local = 3849.6 deg^-2 = 1.069 arcmin^-2
Fitting aperture to hotspot...
Candidate: x_peak:        1.235, y_peak:        0.145, r_peak:        0.070, sig:        0.566, ra_peak:        9.678, dec_peak:        3.724
Characteristic density local = 3847.6 deg^-2 = 1.069 arcmin^-2
Fitting aperture to hotspot...
Candidate: x_peak:        1.285, y_peak:        0.095, r_peak:        0.020, sig:        1.573, ra_peak:        9.728, dec_peak:        3.674
Distance = 79.4 kpc (m-M = 19.5)
711300 objects left after isochrone cut...
Characteristic density = 3500.0 deg^-2
Characteristic density local = 3718.3 deg^-2 = 1.033 arcmin^-2
Fitting aperture to hotspot...
Candidate: x_peak:       -0.805, y_peak:       -0.325, r_peak:        0.030, sig:        5.874, ra_peak:        7.634, dec_peak:        3.255
Characteristic density local = 3871.4 deg^-2 = 1.075 arcmin^-2
Fitting aperture to hotspot...
Candidate: x_peak:       -0.515, y_peak:        0.175, r_peak:        0.020, sig:       13.597, ra_peak:        7.924, dec_peak:        3.755
Characteristic density local = 3931.1 deg^-2 = 1.092 arcmin^-2
Fitting aperture to hotspot...
Candidate: x_peak:        0.035, y_peak:       -0.255, r_peak:        0.020, sig:       17.308, ra_peak:        8.475, dec_peak:        3.325
Characteristic density local = 3688.4 deg^-2 = 1.025 arcmin^-2
Fitting aperture to hotspot...
Candidate: x_peak:        0.375, y_peak:        0.515, r_peak:        0.020, sig:       14.335, ra_peak:        8.816, dec_peak:        4.095
Characteristic density local = 3867.5 deg^-2 = 1.074 arcmin^-2
Fitting aperture to hotspot...
Candidate: x_peak:        0.425, y_peak:        0.715, r_peak:        0.020, sig:       14.325, ra_peak:        8.866, dec_peak:        4.295
Characteristic density local = 3658.6 deg^-2 = 1.016 arcmin^-2
Fitting aperture to hotspot...
Candidate: x_peak:        0.895, y_peak:       -0.425, r_peak:        0.070, sig:        6.285, ra_peak:        9.336, dec_peak:        3.155
Characteristic density local = 3684.4 deg^-2 = 1.023 arcmin^-2
Fitting aperture to hotspot...
Candidate: x_peak:        0.905, y_peak:       -0.415, r_peak:        0.070, sig:        6.855, ra_peak:        9.346, dec_peak:        3.165
Characteristic density local = 3688.4 deg^-2 = 1.025 arcmin^-2
Fitting aperture to hotspot...
Candidate: x_peak:        0.915, y_peak:       -0.405, r_peak:        0.070, sig:        7.053, ra_peak:        9.356, dec_peak:        3.175
Characteristic density local = 3638.7 deg^-2 = 1.011 arcmin^-2
Fitting aperture to hotspot...
Candidate: x_peak:        0.925, y_peak:       -0.395, r_peak:        0.070, sig:        6.962, ra_peak:        9.366, dec_peak:        3.185
Distance = 100.0 kpc (m-M = 20.0)
708935 objects left after isochrone cut...
Characteristic density = 3400.0 deg^-2
Characteristic density local = 3656.6 deg^-2 = 1.016 arcmin^-2
Fitting aperture to hotspot...
Candidate: x_peak:       -0.805, y_peak:       -0.325, r_peak:        0.030, sig:        5.942, ra_peak:        7.634, dec_peak:        3.255
Characteristic density local = 3774.0 deg^-2 = 1.048 arcmin^-2
Fitting aperture to hotspot...
Candidate: x_peak:       -0.515, y_peak:        0.175, r_peak:        0.020, sig:       13.698, ra_peak:        7.924, dec_peak:        3.755
Characteristic density local = 3859.5 deg^-2 = 1.072 arcmin^-2
Fitting aperture to hotspot...
Candidate: x_peak:       -0.255, y_peak:        0.455, r_peak:        0.020, sig:        6.127, ra_peak:        8.184, dec_peak:        4.035
Characteristic density local = 3859.5 deg^-2 = 1.072 arcmin^-2
Fitting aperture to hotspot...
Candidate: x_peak:        0.035, y_peak:       -0.255, r_peak:        0.020, sig:       17.389, ra_peak:        8.475, dec_peak:        3.325
Characteristic density local = 3583.0 deg^-2 = 0.995 arcmin^-2
Fitting aperture to hotspot...
Candidate: x_peak:        0.375, y_peak:        0.515, r_peak:        0.020, sig:       14.269, ra_peak:        8.816, dec_peak:        4.095
Characteristic density local = 3764.0 deg^-2 = 1.046 arcmin^-2
Fitting aperture to hotspot...
Candidate: x_peak:        0.425, y_peak:        0.715, r_peak:        0.020, sig:       14.434, ra_peak:        8.866, dec_peak:        4.295
Characteristic density local = 3590.9 deg^-2 = 0.997 arcmin^-2
Fitting aperture to hotspot...
Candidate: x_peak:        0.895, y_peak:       -0.425, r_peak:        0.070, sig:        6.443, ra_peak:        9.336, dec_peak:        3.155
Characteristic density local = 3610.8 deg^-2 = 1.003 arcmin^-2
Fitting aperture to hotspot...
Candidate: x_peak:        0.915, y_peak:       -0.405, r_peak:        0.070, sig:        7.236, ra_peak:        9.356, dec_peak:        3.175
Characteristic density local = 3561.1 deg^-2 = 0.989 arcmin^-2
Fitting aperture to hotspot...
Candidate: x_peak:        0.925, y_peak:       -0.395, r_peak:        0.070, sig:        7.146, ra_peak:        9.366, dec_peak:        3.185
Distance = 125.9 kpc (m-M = 20.5)
706214 objects left after isochrone cut...
Characteristic density = 3400.0 deg^-2
Characteristic density local = 3557.1 deg^-2 = 0.988 arcmin^-2
Fitting aperture to hotspot...
Candidate: x_peak:       -0.805, y_peak:       -0.325, r_peak:        0.030, sig:        6.055, ra_peak:        7.634, dec_peak:        3.255
Characteristic density local = 3666.5 deg^-2 = 1.018 arcmin^-2
Fitting aperture to hotspot...
Candidate: x_peak:       -0.515, y_peak:        0.175, r_peak:        0.020, sig:       13.626, ra_peak:        7.924, dec_peak:        3.755
Characteristic density local = 3752.1 deg^-2 = 1.042 arcmin^-2
Fitting aperture to hotspot...
Candidate: x_peak:        0.035, y_peak:       -0.255, r_peak:        0.020, sig:       17.512, ra_peak:        8.475, dec_peak:        3.325
Characteristic density local = 3507.4 deg^-2 = 0.974 arcmin^-2
Fitting aperture to hotspot...
Candidate: x_peak:        0.375, y_peak:        0.515, r_peak:        0.020, sig:       14.353, ra_peak:        8.816, dec_peak:        4.095
Characteristic density local = 3672.5 deg^-2 = 1.020 arcmin^-2
Fitting aperture to hotspot...
Candidate: x_peak:        0.425, y_peak:        0.715, r_peak:        0.020, sig:       14.353, ra_peak:        8.866, dec_peak:        4.295
Characteristic density local = 3519.3 deg^-2 = 0.978 arcmin^-2
Fitting aperture to hotspot...
Candidate: x_peak:        0.905, y_peak:       -0.415, r_peak:        0.070, sig:        6.825, ra_peak:        9.346, dec_peak:        3.165
Characteristic density local = 3521.3 deg^-2 = 0.978 arcmin^-2
Fitting aperture to hotspot...
Candidate: x_peak:        0.915, y_peak:       -0.405, r_peak:        0.070, sig:        6.820, ra_peak:        9.356, dec_peak:        3.175
Distance = 158.5 kpc (m-M = 21.0)
703132 objects left after isochrone cut...
Characteristic density = 3200.0 deg^-2
Characteristic density local = 3445.7 deg^-2 = 0.957 arcmin^-2
Fitting aperture to hotspot...
Candidate: x_peak:       -0.805, y_peak:       -0.325, r_peak:        0.030, sig:        6.184, ra_peak:        7.634, dec_peak:        3.255
Characteristic density local = 3575.0 deg^-2 = 0.993 arcmin^-2
Fitting aperture to hotspot...
Candidate: x_peak:       -0.515, y_peak:        0.175, r_peak:        0.020, sig:       13.725, ra_peak:        7.924, dec_peak:        3.755
Characteristic density local = 3632.7 deg^-2 = 1.009 arcmin^-2
Fitting aperture to hotspot...
Candidate: x_peak:        0.035, y_peak:       -0.255, r_peak:        0.020, sig:       17.652, ra_peak:        8.475, dec_peak:        3.325
Characteristic density local = 3394.0 deg^-2 = 0.943 arcmin^-2
Fitting aperture to hotspot...
Candidate: x_peak:        0.375, y_peak:        0.515, r_peak:        0.020, sig:       14.482, ra_peak:        8.816, dec_peak:        4.095
Characteristic density local = 3553.1 deg^-2 = 0.987 arcmin^-2
Fitting aperture to hotspot...
Candidate: x_peak:        0.425, y_peak:        0.715, r_peak:        0.020, sig:       14.484, ra_peak:        8.866, dec_peak:        4.295
Characteristic density local = 3398.0 deg^-2 = 0.944 arcmin^-2
Fitting aperture to hotspot...
Candidate: x_peak:        0.895, y_peak:       -0.425, r_peak:        0.070, sig:        6.474, ra_peak:        9.336, dec_peak:        3.155
Characteristic density local = 3417.9 deg^-2 = 0.949 arcmin^-2
Fitting aperture to hotspot...
Candidate: x_peak:        0.905, y_peak:       -0.415, r_peak:        0.060, sig:        6.994, ra_peak:        9.346, dec_peak:        3.165
Characteristic density local = 3427.8 deg^-2 = 0.952 arcmin^-2
Fitting aperture to hotspot...
Candidate: x_peak:        0.915, y_peak:       -0.405, r_peak:        0.070, sig:        6.940, ra_peak:        9.356, dec_peak:        3.175
Distance = 199.5 kpc (m-M = 21.5)
699633 objects left after isochrone cut...
Characteristic density = 3100.0 deg^-2
Characteristic density local = 3314.4 deg^-2 = 0.921 arcmin^-2
Fitting aperture to hotspot...
Candidate: x_peak:       -0.805, y_peak:       -0.325, r_peak:        0.030, sig:        6.133, ra_peak:        7.634, dec_peak:        3.255
Characteristic density local = 3234.8 deg^-2 = 0.899 arcmin^-2
Fitting aperture to hotspot...
Candidate: x_peak:       -0.715, y_peak:        0.325, r_peak:        0.020, sig:        7.182, ra_peak:        7.723, dec_peak:        3.905
Characteristic density local = 3435.8 deg^-2 = 0.954 arcmin^-2
Fitting aperture to hotspot...
Candidate: x_peak:       -0.515, y_peak:        0.175, r_peak:        0.020, sig:       13.879, ra_peak:        7.924, dec_peak:        3.755
Characteristic density local = 3499.4 deg^-2 = 0.972 arcmin^-2
Fitting aperture to hotspot...
Candidate: x_peak:        0.035, y_peak:       -0.255, r_peak:        0.020, sig:       17.813, ra_peak:        8.475, dec_peak:        3.325
Characteristic density local = 3260.7 deg^-2 = 0.906 arcmin^-2
Fitting aperture to hotspot...
Candidate: x_peak:        0.375, y_peak:        0.515, r_peak:        0.020, sig:       14.637, ra_peak:        8.816, dec_peak:        4.095
Characteristic density local = 3431.8 deg^-2 = 0.953 arcmin^-2
Fitting aperture to hotspot...
Candidate: x_peak:        0.425, y_peak:        0.715, r_peak:        0.020, sig:       14.621, ra_peak:        8.866, dec_peak:        4.295
Characteristic density local = 3270.6 deg^-2 = 0.909 arcmin^-2
Fitting aperture to hotspot...
Candidate: x_peak:        0.895, y_peak:       -0.425, r_peak:        0.070, sig:        6.787, ra_peak:        9.336, dec_peak:        3.155
Characteristic density local = 3282.6 deg^-2 = 0.912 arcmin^-2
Fitting aperture to hotspot...
Candidate: x_peak:        0.905, y_peak:       -0.415, r_peak:        0.060, sig:        7.287, ra_peak:        9.346, dec_peak:        3.165
Characteristic density local = 3286.5 deg^-2 = 0.913 arcmin^-2
Fitting aperture to hotspot...
Candidate: x_peak:        0.915, y_peak:       -0.405, r_peak:        0.070, sig:        7.073, ra_peak:        9.356, dec_peak:        3.175
Distance = 251.2 kpc (m-M = 22.0)
695446 objects left after isochrone cut...
Characteristic density = 3000.0 deg^-2
Characteristic density local = 3119.4 deg^-2 = 0.867 arcmin^-2
Fitting aperture to hotspot...
Candidate: x_peak:       -0.805, y_peak:       -0.315, r_peak:        0.020, sig:        6.767, ra_peak:        7.634, dec_peak:        3.265
Characteristic density local = 3282.6 deg^-2 = 0.912 arcmin^-2
Fitting aperture to hotspot...
Candidate: x_peak:       -0.515, y_peak:        0.175, r_peak:        0.020, sig:       14.054, ra_peak:        7.924, dec_peak:        3.755
Characteristic density local = 3330.3 deg^-2 = 0.925 arcmin^-2
Fitting aperture to hotspot...
Candidate: x_peak:        0.035, y_peak:       -0.255, r_peak:        0.020, sig:       18.024, ra_peak:        8.475, dec_peak:        3.325
Characteristic density local = 3093.6 deg^-2 = 0.859 arcmin^-2
Fitting aperture to hotspot...
Candidate: x_peak:        0.375, y_peak:        0.515, r_peak:        0.020, sig:       14.840, ra_peak:        8.816, dec_peak:        4.095
Characteristic density local = 3250.7 deg^-2 = 0.903 arcmin^-2
Fitting aperture to hotspot...
Candidate: x_peak:        0.425, y_peak:        0.715, r_peak:        0.020, sig:       14.833, ra_peak:        8.866, dec_peak:        4.295
Characteristic density local = 3125.4 deg^-2 = 0.868 arcmin^-2
Fitting aperture to hotspot...
Candidate: x_peak:        0.895, y_peak:       -0.425, r_peak:        0.070, sig:        6.712, ra_peak:        9.336, dec_peak:        3.155
Characteristic density local = 3133.4 deg^-2 = 0.870 arcmin^-2
Fitting aperture to hotspot...
Candidate: x_peak:        0.905, y_peak:       -0.415, r_peak:        0.060, sig:        7.253, ra_peak:        9.346, dec_peak:        3.165
Characteristic density local = 3131.4 deg^-2 = 0.870 arcmin^-2
Fitting aperture to hotspot...
Candidate: x_peak:        0.915, y_peak:       -0.405, r_peak:        0.070, sig:        7.249, ra_peak:        9.356, dec_peak:        3.175
Characteristic density local = 3091.6 deg^-2 = 0.859 arcmin^-2
Fitting aperture to hotspot...
Candidate: x_peak:        0.925, y_peak:       -0.395, r_peak:        0.070, sig:        7.021, ra_peak:        9.366, dec_peak:        3.185
Distance = 316.2 kpc (m-M = 22.5)
690411 objects left after isochrone cut...
Characteristic density = 2800.0 deg^-2
Characteristic density local = 2930.4 deg^-2 = 0.814 arcmin^-2
Fitting aperture to hotspot...
Candidate: x_peak:       -0.805, y_peak:       -0.315, r_peak:        0.020, sig:        6.949, ra_peak:        7.634, dec_peak:        3.265
Characteristic density local = 2892.6 deg^-2 = 0.804 arcmin^-2
Fitting aperture to hotspot...
Candidate: x_peak:       -0.715, y_peak:        0.325, r_peak:        0.020, sig:        7.516, ra_peak:        7.723, dec_peak:        3.905
Characteristic density local = 3073.7 deg^-2 = 0.854 arcmin^-2
Fitting aperture to hotspot...
Candidate: x_peak:       -0.515, y_peak:        0.175, r_peak:        0.020, sig:       14.113, ra_peak:        7.924, dec_peak:        3.755
Characteristic density local = 3171.2 deg^-2 = 0.881 arcmin^-2
Fitting aperture to hotspot...
Candidate: x_peak:        0.035, y_peak:       -0.255, r_peak:        0.020, sig:       18.231, ra_peak:        8.475, dec_peak:        3.325
Characteristic density local = 2924.5 deg^-2 = 0.812 arcmin^-2
Fitting aperture to hotspot...
Candidate: x_peak:        0.375, y_peak:        0.515, r_peak:        0.020, sig:       15.055, ra_peak:        8.816, dec_peak:        4.095
Characteristic density local = 3067.7 deg^-2 = 0.852 arcmin^-2
Fitting aperture to hotspot...
Candidate: x_peak:        0.425, y_peak:        0.715, r_peak:        0.020, sig:       15.057, ra_peak:        8.866, dec_peak:        4.295
Characteristic density local = 2956.3 deg^-2 = 0.821 arcmin^-2
Fitting aperture to hotspot...
Candidate: x_peak:        0.895, y_peak:       -0.425, r_peak:        0.070, sig:        7.040, ra_peak:        9.336, dec_peak:        3.155
Characteristic density local = 2962.3 deg^-2 = 0.823 arcmin^-2
Fitting aperture to hotspot...
Candidate: x_peak:        0.905, y_peak:       -0.415, r_peak:        0.060, sig:        7.522, ra_peak:        9.346, dec_peak:        3.165
Characteristic density local = 2926.5 deg^-2 = 0.813 arcmin^-2
Fitting aperture to hotspot...
Candidate: x_peak:        0.925, y_peak:       -0.395, r_peak:        0.070, sig:        7.119, ra_peak:        9.366, dec_peak:        3.185
Distance = 398.1 kpc (m-M = 23.0)
684258 objects left after isochrone cut...
Characteristic density = 2600.0 deg^-2
Characteristic density local = 2719.6 deg^-2 = 0.755 arcmin^-2
Fitting aperture to hotspot...
Candidate: x_peak:       -0.805, y_peak:       -0.315, r_peak:        0.020, sig:        7.163, ra_peak:        7.634, dec_peak:        3.265
Characteristic density local = 2679.8 deg^-2 = 0.744 arcmin^-2
Fitting aperture to hotspot...
Candidate: x_peak:       -0.715, y_peak:        0.325, r_peak:        0.020, sig:        7.739, ra_peak:        7.723, dec_peak:        3.905
Characteristic density local = 2880.7 deg^-2 = 0.800 arcmin^-2
Fitting aperture to hotspot...
Candidate: x_peak:       -0.515, y_peak:        0.175, r_peak:        0.020, sig:       14.355, ra_peak:        7.924, dec_peak:        3.755
Characteristic density local = 2910.5 deg^-2 = 0.808 arcmin^-2
Fitting aperture to hotspot...
Candidate: x_peak:       -0.255, y_peak:        0.455, r_peak:        0.020, sig:        6.698, ra_peak:        8.184, dec_peak:        4.035
Characteristic density local = 2948.3 deg^-2 = 0.819 arcmin^-2
Fitting aperture to hotspot...
Candidate: x_peak:        0.035, y_peak:       -0.255, r_peak:        0.020, sig:       18.536, ra_peak:        8.475, dec_peak:        3.325
Characteristic density local = 2671.8 deg^-2 = 0.742 arcmin^-2
Fitting aperture to hotspot...
Candidate: x_peak:        0.375, y_peak:        0.515, r_peak:        0.020, sig:       15.206, ra_peak:        8.816, dec_peak:        4.095
Characteristic density local = 2840.9 deg^-2 = 0.789 arcmin^-2
Fitting aperture to hotspot...
Candidate: x_peak:        0.425, y_peak:        0.715, r_peak:        0.020, sig:       15.351, ra_peak:        8.866, dec_peak:        4.295
Characteristic density local = 2713.6 deg^-2 = 0.754 arcmin^-2
Fitting aperture to hotspot...
Candidate: x_peak:        0.905, y_peak:       -0.415, r_peak:        0.060, sig:        7.996, ra_peak:        9.346, dec_peak:        3.165
18.54 sigma; (RA, Dec, d) = (8.48, 3.32); r = 0.02 deg; d = 398.1, mu = 23.00 mag), mc_source_id: 0.00
15.35 sigma; (RA, Dec, d) = (8.87, 4.29); r = 0.02 deg; d = 398.1, mu = 23.00 mag), mc_source_id: 0.00
15.21 sigma; (RA, Dec, d) = (8.82, 4.09); r = 0.02 deg; d = 398.1, mu = 23.00 mag), mc_source_id: 0.00
14.36 sigma; (RA, Dec, d) = (7.92, 3.75); r = 0.02 deg; d = 398.1, mu = 23.00 mag), mc_source_id: 0.00
8.00 sigma; (RA, Dec, d) = (9.35, 3.16); r = 0.06 deg; d = 398.1, mu = 23.00 mag), mc_source_id: 0.00
7.74 sigma; (RA, Dec, d) = (7.72, 3.90); r = 0.02 deg; d = 398.1, mu = 23.00 mag), mc_source_id: 0.00
7.31 sigma; (RA, Dec, d) = (8.97, 2.87); r = 0.02 deg; d = 63.1, mu = 19.00 mag), mc_source_id: 0.00
7.16 sigma; (RA, Dec, d) = (7.63, 3.26); r = 0.02 deg; d = 398.1, mu = 23.00 mag), mc_source_id: 0.00
6.70 sigma; (RA, Dec, d) = (8.18, 4.03); r = 0.02 deg; d = 398.1, mu = 23.00 mag), mc_source_id: 0.00
5.69 sigma; (RA, Dec, d) = (8.58, 2.50); r = 0.07 deg; d = 31.6, mu = 17.50 mag), mc_source_id: 0.00
3.14 sigma; (RA, Dec, d) = (8.48, 3.14); r = 0.22 deg; d = 39.8, mu = 18.00 mag), mc_source_id: 0.00
1.57 sigma; (RA, Dec, d) = (9.73, 3.67); r = 0.02 deg; d = 63.1, mu = 19.00 mag), mc_source_id: 0.00
0.57 sigma; (RA, Dec, d) = (9.68, 3.72); r = 0.07 deg; d = 63.1, mu = 19.00 mag), mc_source_id: 0.00

------------------------------------------------------------
Job <680650.0> was submitted from <des51.fnal.gov> by user <tavangar>.
Job was executed on host <des40.fnal.gov> as user <tavangar>.
</var/lib/condor/execute/dir_1975726> was used as the initial working directory.
Results reported at Wed Jun  5 11:01:05 CDT 2019

Your job looked like:

------------------------------------------------------------
python /home/s1/tavangar/tavangar_simple/search_algorithm.py 8.44 3.58 0.00 /home/s1/tavangar/tavangar_simple/decals_dr7_results/results_nside_32_5699.csv /home/s1/tavangar/tavangar_simple/decals_dr7_results/decals_dr7_log/results_nside_32_5699.log
------------------------------------------------------------

Successfully completed.

Resource usage summary:

	Real time :			253.53 sec.
	CPU time :			18.01 sec.
	CPU percentage :		83%
	Max Memory :			6601072 KB
	Average Memory :		0 KB

The output (if any) is above this job summary.
