/home/s1/tavangar/tavangar_simple/simple_utils.py:170: FutureWarning: elementwise comparison failed; returning scalar instead, but in the future will perform elementwise comparison
  if np.all(isochrone.stage == 'Main'):
Search coordinates: (RA, Dec) = (226.41, 14.48)
Center healpixel: 4624
Healpixels: [4624 4752 4623 4496 4368 4497 4625 4753 4880]
MC_SOURCE_ID = 0.0
mode = 0: running only on real data
Found 1 objects...
Applying cuts...
741350 star-like objects in ROI...
1000906 galaxy-like objects in ROI...
No fracdet map specified ...
Distance = 15.8 kpc (m-M = 16.0)
741342 objects left after isochrone cut...
Characteristic density = 6600.0 deg^-2
Characteristic density local = 6978.9 deg^-2 = 1.939 arcmin^-2
Fitting aperture to hotspot...
Candidate: x_peak:       -0.455, y_peak:        0.795, r_peak:        0.050, sig:        4.537, ra_peak:      225.938, dec_peak:       15.275
Characteristic density local = 6786.0 deg^-2 = 1.885 arcmin^-2
Fitting aperture to hotspot...
Candidate: x_peak:       -0.325, y_peak:       -0.845, r_peak:        0.030, sig:        8.140, ra_peak:      226.076, dec_peak:       13.635
Characteristic density local = 6368.2 deg^-2 = 1.769 arcmin^-2
Fitting aperture to hotspot...
Candidate: x_peak:       -0.335, y_peak:        0.275, r_peak:        0.140, sig:        4.412, ra_peak:      226.064, dec_peak:       14.755
Characteristic density local = 6553.2 deg^-2 = 1.820 arcmin^-2
Fitting aperture to hotspot...
Candidate: x_peak:       -0.105, y_peak:       -0.835, r_peak:        0.030, sig:        6.141, ra_peak:      226.302, dec_peak:       13.645
Characteristic density local = 6821.8 deg^-2 = 1.895 arcmin^-2
Fitting aperture to hotspot...
Candidate: x_peak:        0.555, y_peak:       -0.105, r_peak:        0.010, sig:        9.261, ra_peak:      226.983, dec_peak:       14.374
Characteristic density local = 7086.4 deg^-2 = 1.968 arcmin^-2
Fitting aperture to hotspot...
Candidate: x_peak:        0.905, y_peak:        0.025, r_peak:        0.020, sig:        5.028, ra_peak:      227.345, dec_peak:       14.503
Characteristic density local = 7132.1 deg^-2 = 1.981 arcmin^-2
Fitting aperture to hotspot...
Candidate: x_peak:        1.275, y_peak:        0.065, r_peak:        0.030, sig:        5.366, ra_peak:      227.727, dec_peak:       14.541
Distance = 20.0 kpc (m-M = 16.5)
741348 objects left after isochrone cut...
Characteristic density = 6600.0 deg^-2
Characteristic density local = 6978.9 deg^-2 = 1.939 arcmin^-2
Fitting aperture to hotspot...
Candidate: x_peak:       -0.455, y_peak:        0.795, r_peak:        0.050, sig:        4.537, ra_peak:      225.938, dec_peak:       15.275
Characteristic density local = 6786.0 deg^-2 = 1.885 arcmin^-2
Fitting aperture to hotspot...
Candidate: x_peak:       -0.325, y_peak:       -0.845, r_peak:        0.030, sig:        8.140, ra_peak:      226.076, dec_peak:       13.635
Characteristic density local = 6368.2 deg^-2 = 1.769 arcmin^-2
Fitting aperture to hotspot...
Candidate: x_peak:       -0.335, y_peak:        0.275, r_peak:        0.140, sig:        4.412, ra_peak:      226.064, dec_peak:       14.755
Characteristic density local = 6553.2 deg^-2 = 1.820 arcmin^-2
Fitting aperture to hotspot...
Candidate: x_peak:       -0.105, y_peak:       -0.835, r_peak:        0.030, sig:        6.141, ra_peak:      226.302, dec_peak:       13.645
Characteristic density local = 6821.8 deg^-2 = 1.895 arcmin^-2
Fitting aperture to hotspot...
Candidate: x_peak:        0.555, y_peak:       -0.105, r_peak:        0.010, sig:        9.261, ra_peak:      226.983, dec_peak:       14.374
Characteristic density local = 7086.4 deg^-2 = 1.968 arcmin^-2
Fitting aperture to hotspot...
Candidate: x_peak:        0.905, y_peak:        0.025, r_peak:        0.020, sig:        5.028, ra_peak:      227.345, dec_peak:       14.503
Characteristic density local = 7132.1 deg^-2 = 1.981 arcmin^-2
Fitting aperture to hotspot...
Candidate: x_peak:        1.275, y_peak:        0.065, r_peak:        0.030, sig:        5.366, ra_peak:      227.727, dec_peak:       14.541
Distance = 25.1 kpc (m-M = 17.0)
741349 objects left after isochrone cut...
Characteristic density = 6600.0 deg^-2
Characteristic density local = 6978.9 deg^-2 = 1.939 arcmin^-2
Fitting aperture to hotspot...
Candidate: x_peak:       -0.455, y_peak:        0.795, r_peak:        0.050, sig:        4.537, ra_peak:      225.938, dec_peak:       15.275
Characteristic density local = 6786.0 deg^-2 = 1.885 arcmin^-2
Fitting aperture to hotspot...
Candidate: x_peak:       -0.325, y_peak:       -0.845, r_peak:        0.030, sig:        8.140, ra_peak:      226.076, dec_peak:       13.635
Characteristic density local = 6368.2 deg^-2 = 1.769 arcmin^-2
Fitting aperture to hotspot...
Candidate: x_peak:       -0.335, y_peak:        0.275, r_peak:        0.140, sig:        4.412, ra_peak:      226.064, dec_peak:       14.755
Characteristic density local = 6553.2 deg^-2 = 1.820 arcmin^-2
Fitting aperture to hotspot...
Candidate: x_peak:       -0.105, y_peak:       -0.835, r_peak:        0.030, sig:        6.141, ra_peak:      226.302, dec_peak:       13.645
Characteristic density local = 6821.8 deg^-2 = 1.895 arcmin^-2
Fitting aperture to hotspot...
Candidate: x_peak:        0.555, y_peak:       -0.105, r_peak:        0.010, sig:        9.261, ra_peak:      226.983, dec_peak:       14.374
Characteristic density local = 7086.4 deg^-2 = 1.968 arcmin^-2
Fitting aperture to hotspot...
Candidate: x_peak:        0.905, y_peak:        0.025, r_peak:        0.020, sig:        5.028, ra_peak:      227.345, dec_peak:       14.503
Characteristic density local = 7132.1 deg^-2 = 1.981 arcmin^-2
Fitting aperture to hotspot...
Candidate: x_peak:        1.275, y_peak:        0.065, r_peak:        0.030, sig:        5.366, ra_peak:      227.727, dec_peak:       14.541
Distance = 31.6 kpc (m-M = 17.5)
741349 objects left after isochrone cut...
Characteristic density = 6600.0 deg^-2
Characteristic density local = 6978.9 deg^-2 = 1.939 arcmin^-2
Fitting aperture to hotspot...
Candidate: x_peak:       -0.455, y_peak:        0.795, r_peak:        0.050, sig:        4.537, ra_peak:      225.938, dec_peak:       15.275
Characteristic density local = 6786.0 deg^-2 = 1.885 arcmin^-2
Fitting aperture to hotspot...
Candidate: x_peak:       -0.325, y_peak:       -0.845, r_peak:        0.030, sig:        8.140, ra_peak:      226.076, dec_peak:       13.635
Characteristic density local = 6368.2 deg^-2 = 1.769 arcmin^-2
Fitting aperture to hotspot...
Candidate: x_peak:       -0.335, y_peak:        0.275, r_peak:        0.140, sig:        4.412, ra_peak:      226.064, dec_peak:       14.755
Characteristic density local = 6553.2 deg^-2 = 1.820 arcmin^-2
Fitting aperture to hotspot...
Candidate: x_peak:       -0.105, y_peak:       -0.835, r_peak:        0.030, sig:        6.141, ra_peak:      226.302, dec_peak:       13.645
Characteristic density local = 6821.8 deg^-2 = 1.895 arcmin^-2
Fitting aperture to hotspot...
Candidate: x_peak:        0.555, y_peak:       -0.105, r_peak:        0.010, sig:        9.261, ra_peak:      226.983, dec_peak:       14.374
Characteristic density local = 7086.4 deg^-2 = 1.968 arcmin^-2
Fitting aperture to hotspot...
Candidate: x_peak:        0.905, y_peak:        0.025, r_peak:        0.020, sig:        5.028, ra_peak:      227.345, dec_peak:       14.503
Characteristic density local = 7132.1 deg^-2 = 1.981 arcmin^-2
Fitting aperture to hotspot...
Candidate: x_peak:        1.275, y_peak:        0.065, r_peak:        0.030, sig:        5.366, ra_peak:      227.727, dec_peak:       14.541
Distance = 39.8 kpc (m-M = 18.0)
741339 objects left after isochrone cut...
Characteristic density = 6600.0 deg^-2
Characteristic density local = 6978.9 deg^-2 = 1.939 arcmin^-2
Fitting aperture to hotspot...
Candidate: x_peak:       -0.455, y_peak:        0.795, r_peak:        0.050, sig:        4.537, ra_peak:      225.938, dec_peak:       15.275
Characteristic density local = 6786.0 deg^-2 = 1.885 arcmin^-2
Fitting aperture to hotspot...
Candidate: x_peak:       -0.325, y_peak:       -0.845, r_peak:        0.030, sig:        8.140, ra_peak:      226.076, dec_peak:       13.635
Characteristic density local = 6368.2 deg^-2 = 1.769 arcmin^-2
Fitting aperture to hotspot...
Candidate: x_peak:       -0.335, y_peak:        0.275, r_peak:        0.140, sig:        4.412, ra_peak:      226.064, dec_peak:       14.755
Characteristic density local = 6553.2 deg^-2 = 1.820 arcmin^-2
Fitting aperture to hotspot...
Candidate: x_peak:       -0.105, y_peak:       -0.835, r_peak:        0.030, sig:        6.141, ra_peak:      226.302, dec_peak:       13.645
Characteristic density local = 6821.8 deg^-2 = 1.895 arcmin^-2
Fitting aperture to hotspot...
Candidate: x_peak:        0.555, y_peak:       -0.105, r_peak:        0.010, sig:        9.261, ra_peak:      226.983, dec_peak:       14.374
Characteristic density local = 7086.4 deg^-2 = 1.968 arcmin^-2
Fitting aperture to hotspot...
Candidate: x_peak:        0.905, y_peak:        0.025, r_peak:        0.020, sig:        5.028, ra_peak:      227.345, dec_peak:       14.503
Characteristic density local = 7132.1 deg^-2 = 1.981 arcmin^-2
Fitting aperture to hotspot...
Candidate: x_peak:        1.275, y_peak:        0.065, r_peak:        0.030, sig:        5.366, ra_peak:      227.727, dec_peak:       14.541
Distance = 50.1 kpc (m-M = 18.5)
740710 objects left after isochrone cut...
Characteristic density = 6600.0 deg^-2
Characteristic density local = 6957.1 deg^-2 = 1.933 arcmin^-2
Fitting aperture to hotspot...
Candidate: x_peak:       -0.455, y_peak:        0.795, r_peak:        0.050, sig:        4.562, ra_peak:      225.938, dec_peak:       15.275
Characteristic density local = 6770.1 deg^-2 = 1.881 arcmin^-2
Fitting aperture to hotspot...
Candidate: x_peak:       -0.325, y_peak:       -0.845, r_peak:        0.030, sig:        8.154, ra_peak:      226.076, dec_peak:       13.635
Characteristic density local = 6340.3 deg^-2 = 1.761 arcmin^-2
Fitting aperture to hotspot...
Candidate: x_peak:       -0.335, y_peak:        0.275, r_peak:        0.140, sig:        4.360, ra_peak:      226.064, dec_peak:       14.755
Characteristic density local = 6547.2 deg^-2 = 1.819 arcmin^-2
Fitting aperture to hotspot...
Candidate: x_peak:       -0.105, y_peak:       -0.835, r_peak:        0.030, sig:        6.146, ra_peak:      226.302, dec_peak:       13.645
Characteristic density local = 6803.9 deg^-2 = 1.890 arcmin^-2
Fitting aperture to hotspot...
Candidate: x_peak:        0.555, y_peak:       -0.105, r_peak:        0.010, sig:        9.268, ra_peak:      226.983, dec_peak:       14.374
Characteristic density local = 7040.6 deg^-2 = 1.956 arcmin^-2
Fitting aperture to hotspot...
Candidate: x_peak:        0.905, y_peak:        0.025, r_peak:        0.020, sig:        5.052, ra_peak:      227.345, dec_peak:       14.503
Characteristic density local = 7100.3 deg^-2 = 1.972 arcmin^-2
Fitting aperture to hotspot...
Candidate: x_peak:        1.275, y_peak:        0.065, r_peak:        0.030, sig:        5.390, ra_peak:      227.727, dec_peak:       14.541
Distance = 63.1 kpc (m-M = 19.0)
738200 objects left after isochrone cut...
Characteristic density = 6500.0 deg^-2
Characteristic density local = 6863.6 deg^-2 = 1.907 arcmin^-2
Fitting aperture to hotspot...
Candidate: x_peak:       -0.455, y_peak:        0.795, r_peak:        0.050, sig:        4.444, ra_peak:      225.938, dec_peak:       15.275
Characteristic density local = 6684.5 deg^-2 = 1.857 arcmin^-2
Fitting aperture to hotspot...
Candidate: x_peak:       -0.325, y_peak:       -0.845, r_peak:        0.030, sig:        8.225, ra_peak:      226.076, dec_peak:       13.635
Characteristic density local = 6252.8 deg^-2 = 1.737 arcmin^-2
Fitting aperture to hotspot...
Candidate: x_peak:       -0.335, y_peak:        0.275, r_peak:        0.140, sig:        4.455, ra_peak:      226.064, dec_peak:       14.755
Characteristic density local = 6445.8 deg^-2 = 1.790 arcmin^-2
Fitting aperture to hotspot...
Candidate: x_peak:       -0.105, y_peak:       -0.835, r_peak:        0.030, sig:        6.228, ra_peak:      226.302, dec_peak:       13.645
Characteristic density local = 6724.3 deg^-2 = 1.868 arcmin^-2
Fitting aperture to hotspot...
Candidate: x_peak:        0.555, y_peak:       -0.105, r_peak:        0.010, sig:        9.299, ra_peak:      226.983, dec_peak:       14.374
Characteristic density local = 6986.9 deg^-2 = 1.941 arcmin^-2
Fitting aperture to hotspot...
Candidate: x_peak:        0.915, y_peak:        0.025, r_peak:        0.030, sig:        4.463, ra_peak:      227.355, dec_peak:       14.503
Characteristic density local = 6975.0 deg^-2 = 1.937 arcmin^-2
Fitting aperture to hotspot...
Candidate: x_peak:        1.275, y_peak:        0.065, r_peak:        0.030, sig:        5.484, ra_peak:      227.727, dec_peak:       14.541
Distance = 79.4 kpc (m-M = 19.5)
734779 objects left after isochrone cut...
Characteristic density = 6400.0 deg^-2
Characteristic density local = 6740.2 deg^-2 = 1.872 arcmin^-2
Fitting aperture to hotspot...
Candidate: x_peak:       -0.455, y_peak:        0.795, r_peak:        0.050, sig:        4.243, ra_peak:      225.938, dec_peak:       15.275
Characteristic density local = 6567.1 deg^-2 = 1.824 arcmin^-2
Fitting aperture to hotspot...
Candidate: x_peak:       -0.325, y_peak:       -0.845, r_peak:        0.030, sig:        7.869, ra_peak:      226.076, dec_peak:       13.635
Characteristic density local = 6163.3 deg^-2 = 1.712 arcmin^-2
Fitting aperture to hotspot...
Candidate: x_peak:       -0.335, y_peak:        0.275, r_peak:        0.140, sig:        4.366, ra_peak:      226.064, dec_peak:       14.755
Characteristic density local = 6312.5 deg^-2 = 1.753 arcmin^-2
Fitting aperture to hotspot...
Candidate: x_peak:       -0.105, y_peak:       -0.835, r_peak:        0.030, sig:        6.337, ra_peak:      226.302, dec_peak:       13.645
Characteristic density local = 6535.3 deg^-2 = 1.815 arcmin^-2
Fitting aperture to hotspot...
Candidate: x_peak:        0.305, y_peak:       -0.385, r_peak:        0.020, sig:        5.555, ra_peak:      226.724, dec_peak:       14.095
Characteristic density local = 6614.9 deg^-2 = 1.837 arcmin^-2
Fitting aperture to hotspot...
Candidate: x_peak:        0.555, y_peak:       -0.105, r_peak:        0.010, sig:        9.343, ra_peak:      226.983, dec_peak:       14.374
Characteristic density local = 6823.8 deg^-2 = 1.895 arcmin^-2
Fitting aperture to hotspot...
Candidate: x_peak:        0.905, y_peak:        0.035, r_peak:        0.030, sig:        4.234, ra_peak:      227.345, dec_peak:       14.513
Characteristic density local = 6841.7 deg^-2 = 1.900 arcmin^-2
Fitting aperture to hotspot...
Candidate: x_peak:        1.275, y_peak:        0.065, r_peak:        0.030, sig:        5.586, ra_peak:      227.727, dec_peak:       14.541
Distance = 100.0 kpc (m-M = 20.0)
730535 objects left after isochrone cut...
Characteristic density = 6200.0 deg^-2
Characteristic density local = 6431.8 deg^-2 = 1.787 arcmin^-2
Fitting aperture to hotspot...
Candidate: x_peak:       -0.325, y_peak:       -0.845, r_peak:        0.030, sig:        7.829, ra_peak:      226.076, dec_peak:       13.635
Characteristic density local = 6008.1 deg^-2 = 1.669 arcmin^-2
Fitting aperture to hotspot...
Candidate: x_peak:       -0.335, y_peak:        0.275, r_peak:        0.140, sig:        4.638, ra_peak:      226.064, dec_peak:       14.755
Characteristic density local = 6157.3 deg^-2 = 1.710 arcmin^-2
Fitting aperture to hotspot...
Candidate: x_peak:       -0.105, y_peak:       -0.835, r_peak:        0.030, sig:        6.465, ra_peak:      226.302, dec_peak:       13.645
Characteristic density local = 6485.6 deg^-2 = 1.802 arcmin^-2
Fitting aperture to hotspot...
Candidate: x_peak:        0.555, y_peak:       -0.105, r_peak:        0.010, sig:        9.395, ra_peak:      226.983, dec_peak:       14.374
Characteristic density local = 6702.4 deg^-2 = 1.862 arcmin^-2
Fitting aperture to hotspot...
Candidate: x_peak:        0.905, y_peak:        0.035, r_peak:        0.030, sig:        4.325, ra_peak:      227.345, dec_peak:       14.513
Characteristic density local = 6690.5 deg^-2 = 1.858 arcmin^-2
Fitting aperture to hotspot...
Candidate: x_peak:        1.275, y_peak:        0.065, r_peak:        0.030, sig:        5.537, ra_peak:      227.727, dec_peak:       14.541
Distance = 125.9 kpc (m-M = 20.5)
725449 objects left after isochrone cut...
Characteristic density = 6000.0 deg^-2
Characteristic density local = 6240.9 deg^-2 = 1.734 arcmin^-2
Fitting aperture to hotspot...
Candidate: x_peak:       -0.325, y_peak:       -0.845, r_peak:        0.030, sig:        7.837, ra_peak:      226.076, dec_peak:       13.635
Characteristic density local = 5958.4 deg^-2 = 1.655 arcmin^-2
Fitting aperture to hotspot...
Candidate: x_peak:       -0.105, y_peak:       -0.835, r_peak:        0.030, sig:        6.634, ra_peak:      226.302, dec_peak:       13.645
Characteristic density local = 6318.5 deg^-2 = 1.755 arcmin^-2
Fitting aperture to hotspot...
Candidate: x_peak:        0.555, y_peak:       -0.105, r_peak:        0.010, sig:        9.464, ra_peak:      226.983, dec_peak:       14.374
Characteristic density local = 6529.3 deg^-2 = 1.814 arcmin^-2
Fitting aperture to hotspot...
Candidate: x_peak:        0.905, y_peak:        0.035, r_peak:        0.030, sig:        4.278, ra_peak:      227.345, dec_peak:       14.513
Characteristic density local = 6539.3 deg^-2 = 1.816 arcmin^-2
Fitting aperture to hotspot...
Candidate: x_peak:        1.275, y_peak:        0.065, r_peak:        0.030, sig:        5.655, ra_peak:      227.727, dec_peak:       14.541
Distance = 158.5 kpc (m-M = 21.0)
719322 objects left after isochrone cut...
Characteristic density = 5900.0 deg^-2
Characteristic density local = 5890.7 deg^-2 = 1.636 arcmin^-2
Fitting aperture to hotspot...
Candidate: x_peak:       -0.675, y_peak:       -0.205, r_peak:        0.010, sig:        6.626, ra_peak:      225.713, dec_peak:       14.274
Characteristic density local = 6026.0 deg^-2 = 1.674 arcmin^-2
Fitting aperture to hotspot...
Candidate: x_peak:       -0.325, y_peak:       -0.845, r_peak:        0.030, sig:        8.025, ra_peak:      226.076, dec_peak:       13.635
Characteristic density local = 5658.0 deg^-2 = 1.572 arcmin^-2
Fitting aperture to hotspot...
Candidate: x_peak:       -0.335, y_peak:        0.275, r_peak:        0.140, sig:        4.846, ra_peak:      226.064, dec_peak:       14.755
Characteristic density local = 5729.6 deg^-2 = 1.592 arcmin^-2
Fitting aperture to hotspot...
Candidate: x_peak:       -0.105, y_peak:       -0.835, r_peak:        0.030, sig:        6.833, ra_peak:      226.302, dec_peak:       13.645
Characteristic density local = 6065.8 deg^-2 = 1.685 arcmin^-2
Fitting aperture to hotspot...
Candidate: x_peak:        0.295, y_peak:       -0.515, r_peak:        0.020, sig:        5.130, ra_peak:      226.714, dec_peak:       13.965
Characteristic density local = 5996.2 deg^-2 = 1.666 arcmin^-2
Fitting aperture to hotspot...
Candidate: x_peak:        0.305, y_peak:       -0.385, r_peak:        0.020, sig:        5.640, ra_peak:      226.724, dec_peak:       14.095
Characteristic density local = 6097.6 deg^-2 = 1.694 arcmin^-2
Fitting aperture to hotspot...
Candidate: x_peak:        0.555, y_peak:       -0.105, r_peak:        0.010, sig:        9.557, ra_peak:      226.983, dec_peak:       14.374
Characteristic density local = 6344.3 deg^-2 = 1.762 arcmin^-2
Fitting aperture to hotspot...
Candidate: x_peak:        0.905, y_peak:        0.025, r_peak:        0.020, sig:        4.971, ra_peak:      227.345, dec_peak:       14.503
Characteristic density local = 6314.5 deg^-2 = 1.754 arcmin^-2
Fitting aperture to hotspot...
Candidate: x_peak:        1.275, y_peak:        0.065, r_peak:        0.030, sig:        5.666, ra_peak:      227.727, dec_peak:       14.541
Distance = 199.5 kpc (m-M = 21.5)
711998 objects left after isochrone cut...
Characteristic density = 5600.0 deg^-2
Characteristic density local = 5978.3 deg^-2 = 1.661 arcmin^-2
Fitting aperture to hotspot...
Candidate: x_peak:       -0.455, y_peak:        0.795, r_peak:        0.050, sig:        4.461, ra_peak:      225.938, dec_peak:       15.275
Characteristic density local = 5771.4 deg^-2 = 1.603 arcmin^-2
Fitting aperture to hotspot...
Candidate: x_peak:       -0.315, y_peak:       -0.835, r_peak:        0.020, sig:        9.368, ra_peak:      226.086, dec_peak:       13.645
Characteristic density local = 5447.1 deg^-2 = 1.513 arcmin^-2
Fitting aperture to hotspot...
Candidate: x_peak:       -0.335, y_peak:        0.275, r_peak:        0.140, sig:        4.578, ra_peak:      226.064, dec_peak:       14.755
Characteristic density local = 5530.6 deg^-2 = 1.536 arcmin^-2
Fitting aperture to hotspot...
Candidate: x_peak:       -0.115, y_peak:       -0.835, r_peak:        0.020, sig:        7.917, ra_peak:      226.292, dec_peak:       13.645
Characteristic density local = 5751.5 deg^-2 = 1.598 arcmin^-2
Fitting aperture to hotspot...
Candidate: x_peak:        0.305, y_peak:       -0.385, r_peak:        0.020, sig:        5.788, ra_peak:      226.724, dec_peak:       14.095
Characteristic density local = 5823.1 deg^-2 = 1.618 arcmin^-2
Fitting aperture to hotspot...
Candidate: x_peak:        0.555, y_peak:       -0.105, r_peak:        0.010, sig:        9.676, ra_peak:      226.983, dec_peak:       14.374
Characteristic density local = 6083.7 deg^-2 = 1.690 arcmin^-2
Fitting aperture to hotspot...
Candidate: x_peak:        0.905, y_peak:        0.025, r_peak:        0.020, sig:        4.881, ra_peak:      227.345, dec_peak:       14.503
Characteristic density local = 6053.9 deg^-2 = 1.682 arcmin^-2
Fitting aperture to hotspot...
Candidate: x_peak:        1.275, y_peak:        0.075, r_peak:        0.090, sig:        5.251, ra_peak:      227.727, dec_peak:       14.551
Distance = 251.2 kpc (m-M = 22.0)
703088 objects left after isochrone cut...
Characteristic density = 5300.0 deg^-2
Characteristic density local = 5709.7 deg^-2 = 1.586 arcmin^-2
Fitting aperture to hotspot...
Candidate: x_peak:       -0.445, y_peak:        0.795, r_peak:        0.040, sig:        4.455, ra_peak:      225.949, dec_peak:       15.275
Characteristic density local = 5526.7 deg^-2 = 1.535 arcmin^-2
Fitting aperture to hotspot...
Candidate: x_peak:       -0.315, y_peak:       -0.835, r_peak:        0.020, sig:        9.540, ra_peak:      226.086, dec_peak:       13.645
Characteristic density local = 5184.5 deg^-2 = 1.440 arcmin^-2
Fitting aperture to hotspot...
Candidate: x_peak:       -0.335, y_peak:        0.275, r_peak:        0.140, sig:        4.330, ra_peak:      226.064, dec_peak:       14.755
Characteristic density local = 5272.0 deg^-2 = 1.464 arcmin^-2
Fitting aperture to hotspot...
Candidate: x_peak:       -0.115, y_peak:       -0.835, r_peak:        0.020, sig:        7.669, ra_peak:      226.292, dec_peak:       13.645
Characteristic density local = 5490.8 deg^-2 = 1.525 arcmin^-2
Fitting aperture to hotspot...
Candidate: x_peak:        0.305, y_peak:       -0.385, r_peak:        0.020, sig:        5.951, ra_peak:      226.724, dec_peak:       14.095
Characteristic density local = 5534.6 deg^-2 = 1.537 arcmin^-2
Fitting aperture to hotspot...
Candidate: x_peak:        0.555, y_peak:       -0.105, r_peak:        0.010, sig:        9.807, ra_peak:      226.983, dec_peak:       14.374
Characteristic density local = 5755.4 deg^-2 = 1.599 arcmin^-2
Fitting aperture to hotspot...
Candidate: x_peak:        0.905, y_peak:        0.025, r_peak:        0.020, sig:        4.830, ra_peak:      227.345, dec_peak:       14.503
Characteristic density local = 5739.5 deg^-2 = 1.594 arcmin^-2
Fitting aperture to hotspot...
Candidate: x_peak:        1.275, y_peak:        0.075, r_peak:        0.090, sig:        5.012, ra_peak:      227.727, dec_peak:       14.551
Distance = 316.2 kpc (m-M = 22.5)
692581 objects left after isochrone cut...
Characteristic density = 5000.0 deg^-2
Characteristic density local = 5371.5 deg^-2 = 1.492 arcmin^-2
Fitting aperture to hotspot...
Candidate: x_peak:       -0.445, y_peak:        0.795, r_peak:        0.040, sig:        4.367, ra_peak:      225.949, dec_peak:       15.275
Characteristic density local = 5162.6 deg^-2 = 1.434 arcmin^-2
Fitting aperture to hotspot...
Candidate: x_peak:       -0.315, y_peak:       -0.835, r_peak:        0.020, sig:        9.611, ra_peak:      226.086, dec_peak:       13.645
Characteristic density local = 4834.3 deg^-2 = 1.343 arcmin^-2
Fitting aperture to hotspot...
Candidate: x_peak:       -0.335, y_peak:        0.275, r_peak:        0.140, sig:        4.610, ra_peak:      226.064, dec_peak:       14.755
Characteristic density local = 5283.9 deg^-2 = 1.468 arcmin^-2
Fitting aperture to hotspot...
Candidate: x_peak:       -0.165, y_peak:       -0.395, r_peak:        0.040, sig:        5.070, ra_peak:      226.240, dec_peak:       14.085
Characteristic density local = 4929.8 deg^-2 = 1.369 arcmin^-2
Fitting aperture to hotspot...
Candidate: x_peak:       -0.115, y_peak:       -0.835, r_peak:        0.020, sig:        7.694, ra_peak:      226.292, dec_peak:       13.645
Characteristic density local = 5156.6 deg^-2 = 1.432 arcmin^-2
Fitting aperture to hotspot...
Candidate: x_peak:        0.285, y_peak:       -0.515, r_peak:        0.020, sig:        5.932, ra_peak:      226.704, dec_peak:       13.965
Characteristic density local = 5154.6 deg^-2 = 1.432 arcmin^-2
Fitting aperture to hotspot...
Candidate: x_peak:        0.555, y_peak:       -0.105, r_peak:        0.010, sig:        9.987, ra_peak:      226.983, dec_peak:       14.374
Characteristic density local = 5391.4 deg^-2 = 1.498 arcmin^-2
Fitting aperture to hotspot...
Candidate: x_peak:        0.905, y_peak:        0.025, r_peak:        0.020, sig:        4.801, ra_peak:      227.345, dec_peak:       14.503
Characteristic density local = 5361.5 deg^-2 = 1.489 arcmin^-2
Fitting aperture to hotspot...
Candidate: x_peak:        1.275, y_peak:        0.075, r_peak:        0.090, sig:        4.985, ra_peak:      227.727, dec_peak:       14.551
Distance = 398.1 kpc (m-M = 23.0)
680079 objects left after isochrone cut...
Characteristic density = 4600.0 deg^-2
Characteristic density local = 4945.7 deg^-2 = 1.374 arcmin^-2
Fitting aperture to hotspot...
Candidate: x_peak:       -0.445, y_peak:        0.795, r_peak:        0.040, sig:        4.692, ra_peak:      225.949, dec_peak:       15.275
Characteristic density local = 4705.0 deg^-2 = 1.307 arcmin^-2
Fitting aperture to hotspot...
Candidate: x_peak:       -0.315, y_peak:       -0.835, r_peak:        0.020, sig:        9.765, ra_peak:      226.086, dec_peak:       13.645
Characteristic density local = 4866.2 deg^-2 = 1.352 arcmin^-2
Fitting aperture to hotspot...
Candidate: x_peak:       -0.155, y_peak:       -0.395, r_peak:        0.050, sig:        4.821, ra_peak:      226.250, dec_peak:       14.085
Characteristic density local = 4545.9 deg^-2 = 1.263 arcmin^-2
Fitting aperture to hotspot...
Candidate: x_peak:       -0.115, y_peak:       -0.835, r_peak:        0.020, sig:        7.758, ra_peak:      226.292, dec_peak:       13.645
Characteristic density local = 4754.8 deg^-2 = 1.321 arcmin^-2
Fitting aperture to hotspot...
Candidate: x_peak:        0.285, y_peak:       -0.515, r_peak:        0.020, sig:        6.207, ra_peak:      226.704, dec_peak:       13.965
Characteristic density local = 4709.0 deg^-2 = 1.308 arcmin^-2
Fitting aperture to hotspot...
Candidate: x_peak:        0.305, y_peak:       -0.385, r_peak:        0.020, sig:        5.498, ra_peak:      226.724, dec_peak:       14.095
Characteristic density local = 4661.3 deg^-2 = 1.295 arcmin^-2
Fitting aperture to hotspot...
Candidate: x_peak:        0.555, y_peak:       -0.105, r_peak:        0.010, sig:       10.239, ra_peak:      226.983, dec_peak:       14.374
Characteristic density local = 4963.6 deg^-2 = 1.379 arcmin^-2
Fitting aperture to hotspot...
Candidate: x_peak:        0.905, y_peak:        0.025, r_peak:        0.020, sig:        4.816, ra_peak:      227.345, dec_peak:       14.503
Characteristic density local = 4892.0 deg^-2 = 1.359 arcmin^-2
Fitting aperture to hotspot...
Candidate: x_peak:        1.275, y_peak:        0.075, r_peak:        0.090, sig:        5.498, ra_peak:      227.727, dec_peak:       14.551
10.24 sigma; (RA, Dec, d) = (226.98, 14.37); r = 0.01 deg; d = 398.1, mu = 23.00 mag), mc_source_id: 0.00
9.77 sigma; (RA, Dec, d) = (226.09, 13.64); r = 0.02 deg; d = 398.1, mu = 23.00 mag), mc_source_id: 0.00
7.92 sigma; (RA, Dec, d) = (226.29, 13.64); r = 0.02 deg; d = 199.5, mu = 21.50 mag), mc_source_id: 0.00
6.63 sigma; (RA, Dec, d) = (225.71, 14.27); r = 0.01 deg; d = 158.5, mu = 21.00 mag), mc_source_id: 0.00
6.21 sigma; (RA, Dec, d) = (226.70, 13.96); r = 0.02 deg; d = 398.1, mu = 23.00 mag), mc_source_id: 0.00
5.95 sigma; (RA, Dec, d) = (226.72, 14.09); r = 0.02 deg; d = 251.2, mu = 22.00 mag), mc_source_id: 0.00
5.67 sigma; (RA, Dec, d) = (227.73, 14.54); r = 0.03 deg; d = 158.5, mu = 21.00 mag), mc_source_id: 0.00
5.07 sigma; (RA, Dec, d) = (226.24, 14.08); r = 0.04 deg; d = 316.2, mu = 22.50 mag), mc_source_id: 0.00
5.05 sigma; (RA, Dec, d) = (227.34, 14.50); r = 0.02 deg; d = 50.1, mu = 18.50 mag), mc_source_id: 0.00
4.85 sigma; (RA, Dec, d) = (226.06, 14.75); r = 0.14 deg; d = 158.5, mu = 21.00 mag), mc_source_id: 0.00
4.69 sigma; (RA, Dec, d) = (225.95, 15.27); r = 0.04 deg; d = 398.1, mu = 23.00 mag), mc_source_id: 0.00

------------------------------------------------------------
Job <679922.0> was submitted from <des51.fnal.gov> by user <tavangar>.
Job was executed on host <des40.fnal.gov> as user <tavangar>.
</var/lib/condor/execute/dir_1828992> was used as the initial working directory.
Results reported at Wed Jun  5 06:49:43 CDT 2019

Your job looked like:

------------------------------------------------------------
python /home/s1/tavangar/tavangar_simple/search_algorithm.py 226.41 14.48 0.00 /home/s1/tavangar/tavangar_simple/decals_dr7_results/results_nside_32_4624.csv /home/s1/tavangar/tavangar_simple/decals_dr7_results/decals_dr7_log/results_nside_32_4624.log
------------------------------------------------------------

Successfully completed.

Resource usage summary:

	Real time :			324.13 sec.
	CPU time :			27.35 sec.
	CPU percentage :		73%
	Max Memory :			6102784 KB
	Average Memory :		0 KB

The output (if any) is above this job summary.
