/home/s1/tavangar/tavangar_simple/simple_utils.py:170: FutureWarning: elementwise comparison failed; returning scalar instead, but in the future will perform elementwise comparison
  if np.all(isochrone.stage == 'Main'):
Search coordinates: (RA, Dec) = (120.94, 28.63)
Center healpixel: 3179
Healpixels: [3179 3306 3178 3050 2923 3051 3180 3307 3435]
MC_SOURCE_ID = 0.0
mode = 0: running only on real data
Found 1 objects...
Applying cuts...
723698 star-like objects in ROI...
745047 galaxy-like objects in ROI...
No fracdet map specified ...
Distance = 15.8 kpc (m-M = 16.0)
723683 objects left after isochrone cut...
Characteristic density = 8400.0 deg^-2
Characteristic density local = 8896.8 deg^-2 = 2.471 arcmin^-2
Fitting aperture to hotspot...
Candidate: x_peak:       -1.005, y_peak:        0.135, r_peak:        0.040, sig:        5.070, ra_peak:      119.794, dec_peak:       28.760
Characteristic density local = 8427.3 deg^-2 = 2.341 arcmin^-2
Fitting aperture to hotspot...
Candidate: x_peak:       -0.705, y_peak:        0.585, r_peak:        0.020, sig:        7.965, ra_peak:      120.132, dec_peak:       29.213
Characteristic density local = 8691.8 deg^-2 = 2.414 arcmin^-2
Fitting aperture to hotspot...
Candidate: x_peak:       -0.335, y_peak:       -0.445, r_peak:        0.020, sig:        7.645, ra_peak:      120.560, dec_peak:       28.184
Characteristic density local = 8849.0 deg^-2 = 2.458 arcmin^-2
Fitting aperture to hotspot...
Candidate: x_peak:       -0.045, y_peak:       -0.845, r_peak:        0.040, sig:       18.746, ra_peak:      120.889, dec_peak:       27.785
Characteristic density local = 8343.7 deg^-2 = 2.318 arcmin^-2
Fitting aperture to hotspot...
Candidate: x_peak:       -0.055, y_peak:        0.115, r_peak:        0.020, sig:        6.683, ra_peak:      120.877, dec_peak:       28.745
Characteristic density local = 8138.8 deg^-2 = 2.261 arcmin^-2
Fitting aperture to hotspot...
Candidate: x_peak:        0.145, y_peak:        0.525, r_peak:        0.020, sig:        8.118, ra_peak:      121.106, dec_peak:       29.155
Distance = 20.0 kpc (m-M = 16.5)
723689 objects left after isochrone cut...
Characteristic density = 8400.0 deg^-2
Characteristic density local = 8896.8 deg^-2 = 2.471 arcmin^-2
Fitting aperture to hotspot...
Candidate: x_peak:       -1.005, y_peak:        0.135, r_peak:        0.040, sig:        5.070, ra_peak:      119.794, dec_peak:       28.760
Characteristic density local = 8427.3 deg^-2 = 2.341 arcmin^-2
Fitting aperture to hotspot...
Candidate: x_peak:       -0.705, y_peak:        0.585, r_peak:        0.020, sig:        7.965, ra_peak:      120.132, dec_peak:       29.213
Characteristic density local = 8691.8 deg^-2 = 2.414 arcmin^-2
Fitting aperture to hotspot...
Candidate: x_peak:       -0.335, y_peak:       -0.445, r_peak:        0.020, sig:        7.645, ra_peak:      120.560, dec_peak:       28.184
Characteristic density local = 8849.0 deg^-2 = 2.458 arcmin^-2
Fitting aperture to hotspot...
Candidate: x_peak:       -0.045, y_peak:       -0.845, r_peak:        0.040, sig:       18.746, ra_peak:      120.889, dec_peak:       27.785
Characteristic density local = 8343.7 deg^-2 = 2.318 arcmin^-2
Fitting aperture to hotspot...
Candidate: x_peak:       -0.055, y_peak:        0.115, r_peak:        0.020, sig:        6.683, ra_peak:      120.877, dec_peak:       28.745
Characteristic density local = 8138.8 deg^-2 = 2.261 arcmin^-2
Fitting aperture to hotspot...
Candidate: x_peak:        0.145, y_peak:        0.525, r_peak:        0.020, sig:        8.118, ra_peak:      121.106, dec_peak:       29.155
Distance = 25.1 kpc (m-M = 17.0)
723692 objects left after isochrone cut...
Characteristic density = 8400.0 deg^-2
Characteristic density local = 8896.8 deg^-2 = 2.471 arcmin^-2
Fitting aperture to hotspot...
Candidate: x_peak:       -1.005, y_peak:        0.135, r_peak:        0.040, sig:        5.070, ra_peak:      119.794, dec_peak:       28.760
Characteristic density local = 8427.3 deg^-2 = 2.341 arcmin^-2
Fitting aperture to hotspot...
Candidate: x_peak:       -0.705, y_peak:        0.585, r_peak:        0.020, sig:        7.965, ra_peak:      120.132, dec_peak:       29.213
Characteristic density local = 8691.8 deg^-2 = 2.414 arcmin^-2
Fitting aperture to hotspot...
Candidate: x_peak:       -0.335, y_peak:       -0.445, r_peak:        0.020, sig:        7.645, ra_peak:      120.560, dec_peak:       28.184
Characteristic density local = 8849.0 deg^-2 = 2.458 arcmin^-2
Fitting aperture to hotspot...
Candidate: x_peak:       -0.045, y_peak:       -0.845, r_peak:        0.040, sig:       18.746, ra_peak:      120.889, dec_peak:       27.785
Characteristic density local = 8343.7 deg^-2 = 2.318 arcmin^-2
Fitting aperture to hotspot...
Candidate: x_peak:       -0.055, y_peak:        0.115, r_peak:        0.020, sig:        6.683, ra_peak:      120.877, dec_peak:       28.745
Characteristic density local = 8138.8 deg^-2 = 2.261 arcmin^-2
Fitting aperture to hotspot...
Candidate: x_peak:        0.145, y_peak:        0.525, r_peak:        0.020, sig:        8.118, ra_peak:      121.106, dec_peak:       29.155
Distance = 31.6 kpc (m-M = 17.5)
723692 objects left after isochrone cut...
Characteristic density = 8400.0 deg^-2
Characteristic density local = 8896.8 deg^-2 = 2.471 arcmin^-2
Fitting aperture to hotspot...
Candidate: x_peak:       -1.005, y_peak:        0.135, r_peak:        0.040, sig:        5.070, ra_peak:      119.794, dec_peak:       28.760
Characteristic density local = 8427.3 deg^-2 = 2.341 arcmin^-2
Fitting aperture to hotspot...
Candidate: x_peak:       -0.705, y_peak:        0.585, r_peak:        0.020, sig:        7.965, ra_peak:      120.132, dec_peak:       29.213
Characteristic density local = 8691.8 deg^-2 = 2.414 arcmin^-2
Fitting aperture to hotspot...
Candidate: x_peak:       -0.335, y_peak:       -0.445, r_peak:        0.020, sig:        7.645, ra_peak:      120.560, dec_peak:       28.184
Characteristic density local = 8849.0 deg^-2 = 2.458 arcmin^-2
Fitting aperture to hotspot...
Candidate: x_peak:       -0.045, y_peak:       -0.845, r_peak:        0.040, sig:       18.746, ra_peak:      120.889, dec_peak:       27.785
Characteristic density local = 8343.7 deg^-2 = 2.318 arcmin^-2
Fitting aperture to hotspot...
Candidate: x_peak:       -0.055, y_peak:        0.115, r_peak:        0.020, sig:        6.683, ra_peak:      120.877, dec_peak:       28.745
Characteristic density local = 8138.8 deg^-2 = 2.261 arcmin^-2
Fitting aperture to hotspot...
Candidate: x_peak:        0.145, y_peak:        0.525, r_peak:        0.020, sig:        8.118, ra_peak:      121.106, dec_peak:       29.155
Distance = 39.8 kpc (m-M = 18.0)
723590 objects left after isochrone cut...
Characteristic density = 8400.0 deg^-2
Characteristic density local = 8896.8 deg^-2 = 2.471 arcmin^-2
Fitting aperture to hotspot...
Candidate: x_peak:       -1.005, y_peak:        0.135, r_peak:        0.040, sig:        5.070, ra_peak:      119.794, dec_peak:       28.760
Characteristic density local = 8427.3 deg^-2 = 2.341 arcmin^-2
Fitting aperture to hotspot...
Candidate: x_peak:       -0.705, y_peak:        0.585, r_peak:        0.020, sig:        7.965, ra_peak:      120.132, dec_peak:       29.213
Characteristic density local = 8689.9 deg^-2 = 2.414 arcmin^-2
Fitting aperture to hotspot...
Candidate: x_peak:       -0.335, y_peak:       -0.445, r_peak:        0.020, sig:        7.646, ra_peak:      120.560, dec_peak:       28.184
Characteristic density local = 8847.0 deg^-2 = 2.458 arcmin^-2
Fitting aperture to hotspot...
Candidate: x_peak:       -0.045, y_peak:       -0.845, r_peak:        0.040, sig:       18.748, ra_peak:      120.889, dec_peak:       27.785
Characteristic density local = 8341.7 deg^-2 = 2.317 arcmin^-2
Fitting aperture to hotspot...
Candidate: x_peak:       -0.055, y_peak:        0.115, r_peak:        0.020, sig:        6.684, ra_peak:      120.877, dec_peak:       28.745
Characteristic density local = 8138.8 deg^-2 = 2.261 arcmin^-2
Fitting aperture to hotspot...
Candidate: x_peak:        0.145, y_peak:        0.525, r_peak:        0.020, sig:        8.118, ra_peak:      121.106, dec_peak:       29.155
Distance = 50.1 kpc (m-M = 18.5)
722974 objects left after isochrone cut...
Characteristic density = 8300.0 deg^-2
Characteristic density local = 8896.8 deg^-2 = 2.471 arcmin^-2
Fitting aperture to hotspot...
Candidate: x_peak:       -1.005, y_peak:        0.135, r_peak:        0.040, sig:        5.070, ra_peak:      119.794, dec_peak:       28.760
Characteristic density local = 8769.4 deg^-2 = 2.436 arcmin^-2
Fitting aperture to hotspot...
Candidate: x_peak:       -0.995, y_peak:       -0.125, r_peak:        0.020, sig:        6.078, ra_peak:      119.808, dec_peak:       28.500
Characteristic density local = 8425.3 deg^-2 = 2.340 arcmin^-2
Fitting aperture to hotspot...
Candidate: x_peak:       -0.705, y_peak:        0.585, r_peak:        0.020, sig:        7.966, ra_peak:      120.132, dec_peak:       29.213
Characteristic density local = 8677.9 deg^-2 = 2.411 arcmin^-2
Fitting aperture to hotspot...
Candidate: x_peak:       -0.335, y_peak:       -0.445, r_peak:        0.020, sig:        7.652, ra_peak:      120.560, dec_peak:       28.184
Characteristic density local = 8707.8 deg^-2 = 2.419 arcmin^-2
Fitting aperture to hotspot...
Candidate: x_peak:       -0.135, y_peak:       -0.705, r_peak:        0.230, sig:        5.784, ra_peak:      120.787, dec_peak:       27.925
Characteristic density local = 8823.2 deg^-2 = 2.451 arcmin^-2
Fitting aperture to hotspot...
Candidate: x_peak:       -0.045, y_peak:       -0.845, r_peak:        0.040, sig:       18.773, ra_peak:      120.889, dec_peak:       27.785
Characteristic density local = 8327.8 deg^-2 = 2.313 arcmin^-2
Fitting aperture to hotspot...
Candidate: x_peak:       -0.055, y_peak:        0.115, r_peak:        0.020, sig:        6.691, ra_peak:      120.877, dec_peak:       28.745
Characteristic density local = 8128.8 deg^-2 = 2.258 arcmin^-2
Fitting aperture to hotspot...
Candidate: x_peak:        0.145, y_peak:        0.525, r_peak:        0.020, sig:        8.124, ra_peak:      121.106, dec_peak:       29.155
Characteristic density local = 9304.6 deg^-2 = 2.585 arcmin^-2
Fitting aperture to hotspot...
Candidate: x_peak:        0.215, y_peak:       -1.035, r_peak:        0.020, sig:        5.628, ra_peak:      121.183, dec_peak:       27.595
Distance = 63.1 kpc (m-M = 19.0)
720927 objects left after isochrone cut...
Characteristic density = 8300.0 deg^-2
Characteristic density local = 8886.8 deg^-2 = 2.469 arcmin^-2
Fitting aperture to hotspot...
Candidate: x_peak:       -1.005, y_peak:        0.135, r_peak:        0.040, sig:        5.079, ra_peak:      119.794, dec_peak:       28.760
Characteristic density local = 8745.6 deg^-2 = 2.429 arcmin^-2
Fitting aperture to hotspot...
Candidate: x_peak:       -0.995, y_peak:       -0.125, r_peak:        0.020, sig:        6.090, ra_peak:      119.808, dec_peak:       28.500
Characteristic density local = 8413.3 deg^-2 = 2.337 arcmin^-2
Fitting aperture to hotspot...
Candidate: x_peak:       -0.705, y_peak:        0.585, r_peak:        0.020, sig:        7.973, ra_peak:      120.132, dec_peak:       29.213
Characteristic density local = 8642.1 deg^-2 = 2.401 arcmin^-2
Fitting aperture to hotspot...
Candidate: x_peak:       -0.335, y_peak:       -0.445, r_peak:        0.020, sig:        7.670, ra_peak:      120.560, dec_peak:       28.184
Characteristic density local = 8775.4 deg^-2 = 2.438 arcmin^-2
Fitting aperture to hotspot...
Candidate: x_peak:       -0.045, y_peak:       -0.845, r_peak:        0.040, sig:       18.824, ra_peak:      120.889, dec_peak:       27.785
Characteristic density local = 8286.0 deg^-2 = 2.302 arcmin^-2
Fitting aperture to hotspot...
Candidate: x_peak:       -0.055, y_peak:        0.115, r_peak:        0.020, sig:        6.712, ra_peak:      120.877, dec_peak:       28.745
Characteristic density local = 8077.1 deg^-2 = 2.244 arcmin^-2
Fitting aperture to hotspot...
Candidate: x_peak:        0.145, y_peak:        0.525, r_peak:        0.020, sig:        8.152, ra_peak:      121.106, dec_peak:       29.155
Characteristic density local = 9205.1 deg^-2 = 2.557 arcmin^-2
Fitting aperture to hotspot...
Candidate: x_peak:        0.215, y_peak:       -1.035, r_peak:        0.020, sig:        5.674, ra_peak:      121.183, dec_peak:       27.595
Distance = 79.4 kpc (m-M = 19.5)
715954 objects left after isochrone cut...
Characteristic density = 8100.0 deg^-2
Characteristic density local = 8739.6 deg^-2 = 2.428 arcmin^-2
Fitting aperture to hotspot...
Candidate: x_peak:       -1.005, y_peak:        0.135, r_peak:        0.040, sig:        4.836, ra_peak:      119.794, dec_peak:       28.760
Characteristic density local = 8604.3 deg^-2 = 2.390 arcmin^-2
Fitting aperture to hotspot...
Candidate: x_peak:       -0.995, y_peak:       -0.125, r_peak:        0.020, sig:        5.959, ra_peak:      119.808, dec_peak:       28.500
Characteristic density local = 8266.1 deg^-2 = 2.296 arcmin^-2
Fitting aperture to hotspot...
Candidate: x_peak:       -0.705, y_peak:        0.585, r_peak:        0.020, sig:        8.050, ra_peak:      120.132, dec_peak:       29.213
Characteristic density local = 8435.2 deg^-2 = 2.343 arcmin^-2
Fitting aperture to hotspot...
Candidate: x_peak:       -0.335, y_peak:       -0.445, r_peak:        0.020, sig:        7.777, ra_peak:      120.560, dec_peak:       28.184
Characteristic density local = 8421.3 deg^-2 = 2.339 arcmin^-2
Fitting aperture to hotspot...
Candidate: x_peak:       -0.135, y_peak:       -0.705, r_peak:        0.230, sig:        5.994, ra_peak:      120.787, dec_peak:       27.925
Characteristic density local = 8566.5 deg^-2 = 2.380 arcmin^-2
Fitting aperture to hotspot...
Candidate: x_peak:       -0.045, y_peak:       -0.845, r_peak:        0.040, sig:       19.048, ra_peak:      120.889, dec_peak:       27.785
Characteristic density local = 8079.1 deg^-2 = 2.244 arcmin^-2
Fitting aperture to hotspot...
Candidate: x_peak:       -0.055, y_peak:        0.115, r_peak:        0.020, sig:        6.818, ra_peak:      120.877, dec_peak:       28.745
Characteristic density local = 7908.0 deg^-2 = 2.197 arcmin^-2
Fitting aperture to hotspot...
Candidate: x_peak:        0.145, y_peak:        0.525, r_peak:        0.020, sig:        8.244, ra_peak:      121.106, dec_peak:       29.155
Characteristic density local = 8986.3 deg^-2 = 2.496 arcmin^-2
Fitting aperture to hotspot...
Candidate: x_peak:        0.215, y_peak:       -1.035, r_peak:        0.020, sig:        5.776, ra_peak:      121.183, dec_peak:       27.595
Distance = 100.0 kpc (m-M = 20.0)
708858 objects left after isochrone cut...
Characteristic density = 7900.0 deg^-2
Characteristic density local = 8488.9 deg^-2 = 2.358 arcmin^-2
Fitting aperture to hotspot...
Candidate: x_peak:       -1.005, y_peak:        0.135, r_peak:        0.040, sig:        5.051, ra_peak:      119.794, dec_peak:       28.760
Characteristic density local = 8349.7 deg^-2 = 2.319 arcmin^-2
Fitting aperture to hotspot...
Candidate: x_peak:       -0.995, y_peak:       -0.125, r_peak:        0.020, sig:        6.084, ra_peak:      119.808, dec_peak:       28.500
Characteristic density local = 8007.5 deg^-2 = 2.224 arcmin^-2
Fitting aperture to hotspot...
Candidate: x_peak:       -0.705, y_peak:        0.585, r_peak:        0.020, sig:        8.004, ra_peak:      120.132, dec_peak:       29.213
Characteristic density local = 8192.5 deg^-2 = 2.276 arcmin^-2
Fitting aperture to hotspot...
Candidate: x_peak:       -0.335, y_peak:       -0.445, r_peak:        0.020, sig:        7.905, ra_peak:      120.560, dec_peak:       28.184
Characteristic density local = 8148.7 deg^-2 = 2.264 arcmin^-2
Fitting aperture to hotspot...
Candidate: x_peak:       -0.135, y_peak:       -0.705, r_peak:        0.230, sig:        6.199, ra_peak:      120.787, dec_peak:       27.925
Characteristic density local = 8329.8 deg^-2 = 2.314 arcmin^-2
Fitting aperture to hotspot...
Candidate: x_peak:       -0.045, y_peak:       -0.845, r_peak:        0.040, sig:       19.221, ra_peak:      120.889, dec_peak:       27.785
Characteristic density local = 7846.3 deg^-2 = 2.180 arcmin^-2
Fitting aperture to hotspot...
Candidate: x_peak:       -0.055, y_peak:        0.115, r_peak:        0.020, sig:        6.940, ra_peak:      120.877, dec_peak:       28.745
Characteristic density local = 7661.3 deg^-2 = 2.128 arcmin^-2
Fitting aperture to hotspot...
Candidate: x_peak:        0.145, y_peak:        0.525, r_peak:        0.020, sig:        8.381, ra_peak:      121.106, dec_peak:       29.155
Characteristic density local = 8729.6 deg^-2 = 2.425 arcmin^-2
Fitting aperture to hotspot...
Candidate: x_peak:        0.215, y_peak:       -1.035, r_peak:        0.020, sig:        5.898, ra_peak:      121.183, dec_peak:       27.595
Distance = 125.9 kpc (m-M = 20.5)
700754 objects left after isochrone cut...
Characteristic density = 7600.0 deg^-2
Characteristic density local = 8186.5 deg^-2 = 2.274 arcmin^-2
Fitting aperture to hotspot...
Candidate: x_peak:       -1.005, y_peak:        0.135, r_peak:        0.040, sig:        5.191, ra_peak:      119.794, dec_peak:       28.760
Characteristic density local = 8047.3 deg^-2 = 2.235 arcmin^-2
Fitting aperture to hotspot...
Candidate: x_peak:       -0.995, y_peak:       -0.125, r_peak:        0.020, sig:        6.237, ra_peak:      119.808, dec_peak:       28.500
Characteristic density local = 7752.8 deg^-2 = 2.154 arcmin^-2
Fitting aperture to hotspot...
Candidate: x_peak:       -0.705, y_peak:        0.585, r_peak:        0.020, sig:        7.955, ra_peak:      120.132, dec_peak:       29.213
Characteristic density local = 7856.3 deg^-2 = 2.182 arcmin^-2
Fitting aperture to hotspot...
Candidate: x_peak:       -0.335, y_peak:       -0.435, r_peak:        0.010, sig:        6.891, ra_peak:      120.560, dec_peak:       28.194
Characteristic density local = 7854.3 deg^-2 = 2.182 arcmin^-2
Fitting aperture to hotspot...
Candidate: x_peak:       -0.135, y_peak:       -0.705, r_peak:        0.230, sig:        6.227, ra_peak:      120.787, dec_peak:       27.925
Characteristic density local = 8027.4 deg^-2 = 2.230 arcmin^-2
Fitting aperture to hotspot...
Candidate: x_peak:       -0.045, y_peak:       -0.845, r_peak:        0.040, sig:       19.560, ra_peak:      120.889, dec_peak:       27.785
Characteristic density local = 7555.9 deg^-2 = 2.099 arcmin^-2
Fitting aperture to hotspot...
Candidate: x_peak:       -0.055, y_peak:        0.115, r_peak:        0.020, sig:        7.097, ra_peak:      120.877, dec_peak:       28.745
Characteristic density local = 7384.8 deg^-2 = 2.051 arcmin^-2
Fitting aperture to hotspot...
Candidate: x_peak:        0.145, y_peak:        0.525, r_peak:        0.020, sig:        8.539, ra_peak:      121.106, dec_peak:       29.155
Characteristic density local = 8461.1 deg^-2 = 2.350 arcmin^-2
Fitting aperture to hotspot...
Candidate: x_peak:        0.215, y_peak:       -1.035, r_peak:        0.020, sig:        6.029, ra_peak:      121.183, dec_peak:       27.595
Distance = 158.5 kpc (m-M = 21.0)
691551 objects left after isochrone cut...
Characteristic density = 7300.0 deg^-2
Characteristic density local = 7818.5 deg^-2 = 2.172 arcmin^-2
Fitting aperture to hotspot...
Candidate: x_peak:       -1.005, y_peak:        0.135, r_peak:        0.040, sig:        5.141, ra_peak:      119.794, dec_peak:       28.760
Characteristic density local = 7697.1 deg^-2 = 2.138 arcmin^-2
Fitting aperture to hotspot...
Candidate: x_peak:       -0.995, y_peak:       -0.125, r_peak:        0.020, sig:        6.418, ra_peak:      119.808, dec_peak:       28.500
Characteristic density local = 7490.2 deg^-2 = 2.081 arcmin^-2
Fitting aperture to hotspot...
Candidate: x_peak:       -0.705, y_peak:        0.585, r_peak:        0.020, sig:        8.102, ra_peak:      120.132, dec_peak:       29.213
Characteristic density local = 7543.9 deg^-2 = 2.096 arcmin^-2
Fitting aperture to hotspot...
Candidate: x_peak:       -0.335, y_peak:       -0.435, r_peak:        0.010, sig:        6.992, ra_peak:      120.560, dec_peak:       28.194
Characteristic density local = 7522.1 deg^-2 = 2.089 arcmin^-2
Fitting aperture to hotspot...
Candidate: x_peak:       -0.135, y_peak:       -0.705, r_peak:        0.230, sig:        6.549, ra_peak:      120.787, dec_peak:       27.925
Characteristic density local = 7719.0 deg^-2 = 2.144 arcmin^-2
Fitting aperture to hotspot...
Candidate: x_peak:       -0.045, y_peak:       -0.845, r_peak:        0.040, sig:       19.916, ra_peak:      120.889, dec_peak:       27.785
Characteristic density local = 7231.6 deg^-2 = 2.009 arcmin^-2
Fitting aperture to hotspot...
Candidate: x_peak:       -0.055, y_peak:        0.115, r_peak:        0.020, sig:        6.874, ra_peak:      120.877, dec_peak:       28.745
Characteristic density local = 7064.5 deg^-2 = 1.962 arcmin^-2
Fitting aperture to hotspot...
Candidate: x_peak:        0.145, y_peak:        0.525, r_peak:        0.020, sig:        8.539, ra_peak:      121.106, dec_peak:       29.155
Characteristic density local = 8152.7 deg^-2 = 2.265 arcmin^-2
Fitting aperture to hotspot...
Candidate: x_peak:        0.215, y_peak:       -1.035, r_peak:        0.020, sig:        6.183, ra_peak:      121.183, dec_peak:       27.595
Distance = 199.5 kpc (m-M = 21.5)
681081 objects left after isochrone cut...
Characteristic density = 7000.0 deg^-2
Characteristic density local = 7426.6 deg^-2 = 2.063 arcmin^-2
Fitting aperture to hotspot...
Candidate: x_peak:       -1.005, y_peak:        0.135, r_peak:        0.040, sig:        5.244, ra_peak:      119.794, dec_peak:       28.760
Characteristic density local = 7354.9 deg^-2 = 2.043 arcmin^-2
Fitting aperture to hotspot...
Candidate: x_peak:       -0.995, y_peak:       -0.125, r_peak:        0.020, sig:        6.602, ra_peak:      119.808, dec_peak:       28.500
Characteristic density local = 7150.0 deg^-2 = 1.986 arcmin^-2
Fitting aperture to hotspot...
Candidate: x_peak:       -0.705, y_peak:        0.585, r_peak:        0.020, sig:        8.298, ra_peak:      120.132, dec_peak:       29.213
Characteristic density local = 7281.3 deg^-2 = 2.023 arcmin^-2
Fitting aperture to hotspot...
Candidate: x_peak:       -0.335, y_peak:       -0.445, r_peak:        0.020, sig:        8.030, ra_peak:      120.560, dec_peak:       28.184
Characteristic density local = 7177.9 deg^-2 = 1.994 arcmin^-2
Fitting aperture to hotspot...
Candidate: x_peak:       -0.135, y_peak:       -0.705, r_peak:        0.230, sig:        6.891, ra_peak:      120.787, dec_peak:       27.925
Characteristic density local = 7378.8 deg^-2 = 2.050 arcmin^-2
Fitting aperture to hotspot...
Candidate: x_peak:       -0.045, y_peak:       -0.845, r_peak:        0.040, sig:       20.058, ra_peak:      120.889, dec_peak:       27.785
Characteristic density local = 6901.4 deg^-2 = 1.917 arcmin^-2
Fitting aperture to hotspot...
Candidate: x_peak:       -0.055, y_peak:        0.115, r_peak:        0.020, sig:        6.855, ra_peak:      120.877, dec_peak:       28.745
Characteristic density local = 6770.1 deg^-2 = 1.881 arcmin^-2
Fitting aperture to hotspot...
Candidate: x_peak:        0.145, y_peak:        0.525, r_peak:        0.020, sig:        8.716, ra_peak:      121.106, dec_peak:       29.155
Characteristic density local = 7796.6 deg^-2 = 2.166 arcmin^-2
Fitting aperture to hotspot...
Candidate: x_peak:        0.215, y_peak:       -1.035, r_peak:        0.020, sig:        6.366, ra_peak:      121.183, dec_peak:       27.595
Distance = 251.2 kpc (m-M = 22.0)
669100 objects left after isochrone cut...
Characteristic density = 6600.0 deg^-2
Characteristic density local = 6990.9 deg^-2 = 1.942 arcmin^-2
Fitting aperture to hotspot...
Candidate: x_peak:       -0.995, y_peak:        0.125, r_peak:        0.030, sig:        5.636, ra_peak:      119.805, dec_peak:       28.750
Characteristic density local = 6875.5 deg^-2 = 1.910 arcmin^-2
Fitting aperture to hotspot...
Candidate: x_peak:       -0.995, y_peak:       -0.125, r_peak:        0.020, sig:        6.870, ra_peak:      119.808, dec_peak:       28.500
Characteristic density local = 6756.1 deg^-2 = 1.877 arcmin^-2
Fitting aperture to hotspot...
Candidate: x_peak:       -0.705, y_peak:        0.585, r_peak:        0.020, sig:        8.146, ra_peak:      120.132, dec_peak:       29.213
Characteristic density local = 6905.3 deg^-2 = 1.918 arcmin^-2
Fitting aperture to hotspot...
Candidate: x_peak:       -0.335, y_peak:       -0.445, r_peak:        0.020, sig:        8.251, ra_peak:      120.560, dec_peak:       28.184
Characteristic density local = 6766.1 deg^-2 = 1.879 arcmin^-2
Fitting aperture to hotspot...
Candidate: x_peak:       -0.135, y_peak:       -0.705, r_peak:        0.230, sig:        7.403, ra_peak:      120.787, dec_peak:       27.925
Characteristic density local = 6919.3 deg^-2 = 1.922 arcmin^-2
Fitting aperture to hotspot...
Candidate: x_peak:       -0.045, y_peak:       -0.845, r_peak:        0.040, sig:       20.182, ra_peak:      120.889, dec_peak:       27.785
Characteristic density local = 6503.5 deg^-2 = 1.807 arcmin^-2
Fitting aperture to hotspot...
Candidate: x_peak:       -0.055, y_peak:        0.115, r_peak:        0.020, sig:        6.879, ra_peak:      120.877, dec_peak:       28.745
Characteristic density local = 6386.1 deg^-2 = 1.774 arcmin^-2
Fitting aperture to hotspot...
Candidate: x_peak:        0.145, y_peak:        0.525, r_peak:        0.020, sig:        8.765, ra_peak:      121.106, dec_peak:       29.155
Characteristic density local = 7335.1 deg^-2 = 2.038 arcmin^-2
Fitting aperture to hotspot...
Candidate: x_peak:        0.215, y_peak:       -1.035, r_peak:        0.020, sig:        6.613, ra_peak:      121.183, dec_peak:       27.595
Distance = 316.2 kpc (m-M = 22.5)
655062 objects left after isochrone cut...
Characteristic density = 6100.0 deg^-2
Characteristic density local = 6314.5 deg^-2 = 1.754 arcmin^-2
Fitting aperture to hotspot...
Candidate: x_peak:       -0.995, y_peak:       -0.115, r_peak:        0.030, sig:        6.003, ra_peak:      119.808, dec_peak:       28.510
Characteristic density local = 6483.6 deg^-2 = 1.801 arcmin^-2
Fitting aperture to hotspot...
Candidate: x_peak:       -0.985, y_peak:        0.125, r_peak:        0.030, sig:        5.867, ra_peak:      119.816, dec_peak:       28.750
Characteristic density local = 6288.6 deg^-2 = 1.747 arcmin^-2
Fitting aperture to hotspot...
Candidate: x_peak:       -0.705, y_peak:        0.585, r_peak:        0.020, sig:        8.038, ra_peak:      120.132, dec_peak:       29.213
Characteristic density local = 6419.9 deg^-2 = 1.783 arcmin^-2
Fitting aperture to hotspot...
Candidate: x_peak:       -0.335, y_peak:       -0.445, r_peak:        0.020, sig:        8.549, ra_peak:      120.560, dec_peak:       28.184
Characteristic density local = 6308.5 deg^-2 = 1.752 arcmin^-2
Fitting aperture to hotspot...
Candidate: x_peak:       -0.125, y_peak:       -0.705, r_peak:        0.190, sig:        7.481, ra_peak:      120.799, dec_peak:       27.925
Characteristic density local = 6413.9 deg^-2 = 1.782 arcmin^-2
Fitting aperture to hotspot...
Candidate: x_peak:       -0.045, y_peak:       -0.845, r_peak:        0.040, sig:       19.929, ra_peak:      120.889, dec_peak:       27.785
Characteristic density local = 6071.8 deg^-2 = 1.687 arcmin^-2
Fitting aperture to hotspot...
Candidate: x_peak:       -0.055, y_peak:        0.115, r_peak:        0.020, sig:        7.142, ra_peak:      120.877, dec_peak:       28.745
Characteristic density local = 6000.1 deg^-2 = 1.667 arcmin^-2
Fitting aperture to hotspot...
Candidate: x_peak:        0.135, y_peak:        0.525, r_peak:        0.020, sig:        9.211, ra_peak:      121.095, dec_peak:       29.155
Characteristic density local = 6770.1 deg^-2 = 1.881 arcmin^-2
Fitting aperture to hotspot...
Candidate: x_peak:        0.215, y_peak:       -1.035, r_peak:        0.020, sig:        6.512, ra_peak:      121.183, dec_peak:       27.595
Distance = 398.1 kpc (m-M = 23.0)
638829 objects left after isochrone cut...
Characteristic density = 5600.0 deg^-2
Characteristic density local = 5777.3 deg^-2 = 1.605 arcmin^-2
Fitting aperture to hotspot...
Candidate: x_peak:       -0.995, y_peak:       -0.125, r_peak:        0.020, sig:        7.542, ra_peak:      119.808, dec_peak:       28.500
Characteristic density local = 5866.8 deg^-2 = 1.630 arcmin^-2
Fitting aperture to hotspot...
Candidate: x_peak:       -0.985, y_peak:        0.125, r_peak:        0.030, sig:        6.037, ra_peak:      119.816, dec_peak:       28.750
Characteristic density local = 5769.4 deg^-2 = 1.603 arcmin^-2
Fitting aperture to hotspot...
Candidate: x_peak:       -0.705, y_peak:        0.585, r_peak:        0.030, sig:        8.412, ra_peak:      120.132, dec_peak:       29.213
Characteristic density local = 5878.8 deg^-2 = 1.633 arcmin^-2
Fitting aperture to hotspot...
Candidate: x_peak:       -0.335, y_peak:       -0.445, r_peak:        0.020, sig:        8.505, ra_peak:      120.560, dec_peak:       28.184
Characteristic density local = 5739.5 deg^-2 = 1.594 arcmin^-2
Fitting aperture to hotspot...
Candidate: x_peak:       -0.125, y_peak:       -0.705, r_peak:        0.190, sig:        7.651, ra_peak:      120.799, dec_peak:       27.925
Characteristic density local = 5870.8 deg^-2 = 1.631 arcmin^-2
Fitting aperture to hotspot...
Candidate: x_peak:       -0.045, y_peak:       -0.845, r_peak:        0.040, sig:       19.543, ra_peak:      120.889, dec_peak:       27.785
Characteristic density local = 5572.4 deg^-2 = 1.548 arcmin^-2
Fitting aperture to hotspot...
Candidate: x_peak:       -0.055, y_peak:        0.115, r_peak:        0.020, sig:        7.249, ra_peak:      120.877, dec_peak:       28.745
Characteristic density local = 5520.7 deg^-2 = 1.534 arcmin^-2
Fitting aperture to hotspot...
Candidate: x_peak:        0.145, y_peak:        0.525, r_peak:        0.020, sig:        9.349, ra_peak:      121.106, dec_peak:       29.155
Characteristic density local = 6205.1 deg^-2 = 1.724 arcmin^-2
Fitting aperture to hotspot...
Candidate: x_peak:        0.215, y_peak:       -1.035, r_peak:        0.020, sig:        6.631, ra_peak:      121.183, dec_peak:       27.595
20.18 sigma; (RA, Dec, d) = (120.89, 27.78); r = 0.04 deg; d = 251.2, mu = 22.00 mag), mc_source_id: 0.00
9.35 sigma; (RA, Dec, d) = (121.11, 29.15); r = 0.02 deg; d = 398.1, mu = 23.00 mag), mc_source_id: 0.00
8.55 sigma; (RA, Dec, d) = (120.56, 28.18); r = 0.02 deg; d = 316.2, mu = 22.50 mag), mc_source_id: 0.00
8.41 sigma; (RA, Dec, d) = (120.13, 29.21); r = 0.03 deg; d = 398.1, mu = 23.00 mag), mc_source_id: 0.00
7.65 sigma; (RA, Dec, d) = (120.80, 27.92); r = 0.19 deg; d = 398.1, mu = 23.00 mag), mc_source_id: 0.00
7.54 sigma; (RA, Dec, d) = (119.81, 28.50); r = 0.02 deg; d = 398.1, mu = 23.00 mag), mc_source_id: 0.00
7.25 sigma; (RA, Dec, d) = (120.88, 28.74); r = 0.02 deg; d = 398.1, mu = 23.00 mag), mc_source_id: 0.00
6.63 sigma; (RA, Dec, d) = (121.18, 27.59); r = 0.02 deg; d = 398.1, mu = 23.00 mag), mc_source_id: 0.00
6.04 sigma; (RA, Dec, d) = (119.82, 28.75); r = 0.03 deg; d = 398.1, mu = 23.00 mag), mc_source_id: 0.00

------------------------------------------------------------
Job <678949.0> was submitted from <des51.fnal.gov> by user <tavangar>.
Job was executed on host <des40.fnal.gov> as user <tavangar>.
</var/lib/condor/execute/dir_1652045> was used as the initial working directory.
Results reported at Wed Jun  5 02:00:54 CDT 2019

Your job looked like:

------------------------------------------------------------
python /home/s1/tavangar/tavangar_simple/search_algorithm.py 120.94 28.63 0.00 /home/s1/tavangar/tavangar_simple/decals_dr7_results/results_nside_32_3179.csv /home/s1/tavangar/tavangar_simple/decals_dr7_results/decals_dr7_log/results_nside_32_3179.log
------------------------------------------------------------

Successfully completed.

Resource usage summary:

	Real time :			291.17 sec.
	CPU time :			7.08 sec.
	CPU percentage :		82%
	Max Memory :			5169968 KB
	Average Memory :		0 KB

The output (if any) is above this job summary.
