/home/s1/tavangar/tavangar_simple/simple_utils.py:170: FutureWarning: elementwise comparison failed; returning scalar instead, but in the future will perform elementwise comparison
  if np.all(isochrone.stage == 'Main'):
Search coordinates: (RA, Dec) = (15.47, -7.18)
Center healpixel: 6853
Healpixels: [6853 6981 6852 6725 6597 6726 6854 6982 7109]
MC_SOURCE_ID = 0.0
mode = 0: running only on real data
Found 1 objects...
Applying cuts...
533150 star-like objects in ROI...
917061 galaxy-like objects in ROI...
No fracdet map specified ...
Distance = 15.8 kpc (m-M = 16.0)
533132 objects left after isochrone cut...
Characteristic density = 3300.0 deg^-2
Characteristic density local = 2807.1 deg^-2 = 0.780 arcmin^-2
Fitting aperture to hotspot...
Candidate: x_peak:       -1.015, y_peak:       -0.105, r_peak:        0.010, sig:        5.828, ra_peak:       14.447, dec_peak:       -7.284
Characteristic density local = 2836.9 deg^-2 = 0.788 arcmin^-2
Fitting aperture to hotspot...
Candidate: x_peak:       -0.445, y_peak:        0.815, r_peak:        0.030, sig:        5.414, ra_peak:       15.022, dec_peak:       -6.365
Characteristic density local = 2797.1 deg^-2 = 0.777 arcmin^-2
Fitting aperture to hotspot...
Candidate: x_peak:       -0.175, y_peak:        0.075, r_peak:        0.040, sig:        5.204, ra_peak:       15.294, dec_peak:       -7.105
Characteristic density local = 2771.3 deg^-2 = 0.770 arcmin^-2
Fitting aperture to hotspot...
Candidate: x_peak:       -0.025, y_peak:        0.375, r_peak:        0.080, sig:       16.909, ra_peak:       15.445, dec_peak:       -6.805
Characteristic density local = 3004.0 deg^-2 = 0.834 arcmin^-2
Fitting aperture to hotspot...
Candidate: x_peak:       -0.015, y_peak:        1.185, r_peak:        0.080, sig:        6.514, ra_peak:       15.455, dec_peak:       -5.995
Characteristic density local = 3041.8 deg^-2 = 0.845 arcmin^-2
Fitting aperture to hotspot...
Candidate: x_peak:        0.135, y_peak:        0.475, r_peak:        0.260, sig:        8.957, ra_peak:       15.606, dec_peak:       -6.705
Characteristic density local = 3300.0 deg^-2 = 0.917 arcmin^-2
Fitting aperture to hotspot...
Candidate: x_peak:        0.785, y_peak:        0.005, r_peak:        0.070, sig:        3.374, ra_peak:       16.261, dec_peak:       -7.174
Distance = 20.0 kpc (m-M = 16.5)
533139 objects left after isochrone cut...
Characteristic density = 3300.0 deg^-2
Characteristic density local = 2807.1 deg^-2 = 0.780 arcmin^-2
Fitting aperture to hotspot...
Candidate: x_peak:       -1.015, y_peak:       -0.105, r_peak:        0.010, sig:        5.828, ra_peak:       14.447, dec_peak:       -7.284
Characteristic density local = 2836.9 deg^-2 = 0.788 arcmin^-2
Fitting aperture to hotspot...
Candidate: x_peak:       -0.445, y_peak:        0.815, r_peak:        0.030, sig:        5.414, ra_peak:       15.022, dec_peak:       -6.365
Characteristic density local = 2797.1 deg^-2 = 0.777 arcmin^-2
Fitting aperture to hotspot...
Candidate: x_peak:       -0.175, y_peak:        0.075, r_peak:        0.040, sig:        5.204, ra_peak:       15.294, dec_peak:       -7.105
Characteristic density local = 2771.3 deg^-2 = 0.770 arcmin^-2
Fitting aperture to hotspot...
Candidate: x_peak:       -0.025, y_peak:        0.375, r_peak:        0.080, sig:       16.909, ra_peak:       15.445, dec_peak:       -6.805
Characteristic density local = 3004.0 deg^-2 = 0.834 arcmin^-2
Fitting aperture to hotspot...
Candidate: x_peak:       -0.015, y_peak:        1.185, r_peak:        0.080, sig:        6.514, ra_peak:       15.455, dec_peak:       -5.995
Characteristic density local = 3041.8 deg^-2 = 0.845 arcmin^-2
Fitting aperture to hotspot...
Candidate: x_peak:        0.135, y_peak:        0.475, r_peak:        0.260, sig:        8.957, ra_peak:       15.606, dec_peak:       -6.705
Characteristic density local = 3300.0 deg^-2 = 0.917 arcmin^-2
Fitting aperture to hotspot...
Candidate: x_peak:        0.785, y_peak:        0.005, r_peak:        0.070, sig:        3.374, ra_peak:       16.261, dec_peak:       -7.174
Distance = 25.1 kpc (m-M = 17.0)
533141 objects left after isochrone cut...
Characteristic density = 3300.0 deg^-2
Characteristic density local = 2807.1 deg^-2 = 0.780 arcmin^-2
Fitting aperture to hotspot...
Candidate: x_peak:       -1.015, y_peak:       -0.105, r_peak:        0.010, sig:        5.828, ra_peak:       14.447, dec_peak:       -7.284
Characteristic density local = 2836.9 deg^-2 = 0.788 arcmin^-2
Fitting aperture to hotspot...
Candidate: x_peak:       -0.445, y_peak:        0.815, r_peak:        0.030, sig:        5.414, ra_peak:       15.022, dec_peak:       -6.365
Characteristic density local = 2797.1 deg^-2 = 0.777 arcmin^-2
Fitting aperture to hotspot...
Candidate: x_peak:       -0.175, y_peak:        0.075, r_peak:        0.040, sig:        5.204, ra_peak:       15.294, dec_peak:       -7.105
Characteristic density local = 2771.3 deg^-2 = 0.770 arcmin^-2
Fitting aperture to hotspot...
Candidate: x_peak:       -0.025, y_peak:        0.375, r_peak:        0.080, sig:       16.909, ra_peak:       15.445, dec_peak:       -6.805
Characteristic density local = 3004.0 deg^-2 = 0.834 arcmin^-2
Fitting aperture to hotspot...
Candidate: x_peak:       -0.015, y_peak:        1.185, r_peak:        0.080, sig:        6.514, ra_peak:       15.455, dec_peak:       -5.995
Characteristic density local = 3041.8 deg^-2 = 0.845 arcmin^-2
Fitting aperture to hotspot...
Candidate: x_peak:        0.135, y_peak:        0.475, r_peak:        0.260, sig:        8.957, ra_peak:       15.606, dec_peak:       -6.705
Characteristic density local = 3300.0 deg^-2 = 0.917 arcmin^-2
Fitting aperture to hotspot...
Candidate: x_peak:        0.785, y_peak:        0.005, r_peak:        0.070, sig:        3.374, ra_peak:       16.261, dec_peak:       -7.174
Distance = 31.6 kpc (m-M = 17.5)
533145 objects left after isochrone cut...
Characteristic density = 3300.0 deg^-2
Characteristic density local = 2807.1 deg^-2 = 0.780 arcmin^-2
Fitting aperture to hotspot...
Candidate: x_peak:       -1.015, y_peak:       -0.105, r_peak:        0.010, sig:        5.828, ra_peak:       14.447, dec_peak:       -7.284
Characteristic density local = 2836.9 deg^-2 = 0.788 arcmin^-2
Fitting aperture to hotspot...
Candidate: x_peak:       -0.445, y_peak:        0.815, r_peak:        0.030, sig:        5.414, ra_peak:       15.022, dec_peak:       -6.365
Characteristic density local = 2797.1 deg^-2 = 0.777 arcmin^-2
Fitting aperture to hotspot...
Candidate: x_peak:       -0.175, y_peak:        0.075, r_peak:        0.040, sig:        5.204, ra_peak:       15.294, dec_peak:       -7.105
Characteristic density local = 2771.3 deg^-2 = 0.770 arcmin^-2
Fitting aperture to hotspot...
Candidate: x_peak:       -0.025, y_peak:        0.375, r_peak:        0.080, sig:       16.909, ra_peak:       15.445, dec_peak:       -6.805
Characteristic density local = 3004.0 deg^-2 = 0.834 arcmin^-2
Fitting aperture to hotspot...
Candidate: x_peak:       -0.015, y_peak:        1.185, r_peak:        0.080, sig:        6.514, ra_peak:       15.455, dec_peak:       -5.995
Characteristic density local = 3041.8 deg^-2 = 0.845 arcmin^-2
Fitting aperture to hotspot...
Candidate: x_peak:        0.135, y_peak:        0.475, r_peak:        0.260, sig:        8.957, ra_peak:       15.606, dec_peak:       -6.705
Characteristic density local = 3300.0 deg^-2 = 0.917 arcmin^-2
Fitting aperture to hotspot...
Candidate: x_peak:        0.785, y_peak:        0.005, r_peak:        0.070, sig:        3.374, ra_peak:       16.261, dec_peak:       -7.174
Distance = 39.8 kpc (m-M = 18.0)
533135 objects left after isochrone cut...
Characteristic density = 3300.0 deg^-2
Characteristic density local = 2807.1 deg^-2 = 0.780 arcmin^-2
Fitting aperture to hotspot...
Candidate: x_peak:       -1.015, y_peak:       -0.105, r_peak:        0.010, sig:        5.828, ra_peak:       14.447, dec_peak:       -7.284
Characteristic density local = 2836.9 deg^-2 = 0.788 arcmin^-2
Fitting aperture to hotspot...
Candidate: x_peak:       -0.445, y_peak:        0.815, r_peak:        0.030, sig:        5.414, ra_peak:       15.022, dec_peak:       -6.365
Characteristic density local = 2797.1 deg^-2 = 0.777 arcmin^-2
Fitting aperture to hotspot...
Candidate: x_peak:       -0.175, y_peak:        0.075, r_peak:        0.040, sig:        5.204, ra_peak:       15.294, dec_peak:       -7.105
Characteristic density local = 2771.3 deg^-2 = 0.770 arcmin^-2
Fitting aperture to hotspot...
Candidate: x_peak:       -0.025, y_peak:        0.375, r_peak:        0.080, sig:       16.909, ra_peak:       15.445, dec_peak:       -6.805
Characteristic density local = 3004.0 deg^-2 = 0.834 arcmin^-2
Fitting aperture to hotspot...
Candidate: x_peak:       -0.015, y_peak:        1.185, r_peak:        0.080, sig:        6.514, ra_peak:       15.455, dec_peak:       -5.995
Characteristic density local = 3041.8 deg^-2 = 0.845 arcmin^-2
Fitting aperture to hotspot...
Candidate: x_peak:        0.135, y_peak:        0.475, r_peak:        0.260, sig:        8.957, ra_peak:       15.606, dec_peak:       -6.705
Characteristic density local = 3300.0 deg^-2 = 0.917 arcmin^-2
Fitting aperture to hotspot...
Candidate: x_peak:        0.785, y_peak:        0.005, r_peak:        0.070, sig:        3.374, ra_peak:       16.261, dec_peak:       -7.174
Distance = 50.1 kpc (m-M = 18.5)
533032 objects left after isochrone cut...
Characteristic density = 3300.0 deg^-2
Characteristic density local = 2803.1 deg^-2 = 0.779 arcmin^-2
Fitting aperture to hotspot...
Candidate: x_peak:       -1.015, y_peak:       -0.105, r_peak:        0.010, sig:        5.830, ra_peak:       14.447, dec_peak:       -7.284
Characteristic density local = 2836.9 deg^-2 = 0.788 arcmin^-2
Fitting aperture to hotspot...
Candidate: x_peak:       -0.445, y_peak:        0.815, r_peak:        0.030, sig:        5.414, ra_peak:       15.022, dec_peak:       -6.365
Characteristic density local = 2797.1 deg^-2 = 0.777 arcmin^-2
Fitting aperture to hotspot...
Candidate: x_peak:       -0.175, y_peak:        0.075, r_peak:        0.040, sig:        5.204, ra_peak:       15.294, dec_peak:       -7.105
Characteristic density local = 2771.3 deg^-2 = 0.770 arcmin^-2
Fitting aperture to hotspot...
Candidate: x_peak:       -0.025, y_peak:        0.375, r_peak:        0.080, sig:       16.909, ra_peak:       15.445, dec_peak:       -6.805
Characteristic density local = 3004.0 deg^-2 = 0.834 arcmin^-2
Fitting aperture to hotspot...
Candidate: x_peak:       -0.015, y_peak:        1.185, r_peak:        0.080, sig:        6.514, ra_peak:       15.455, dec_peak:       -5.995
Characteristic density local = 3039.9 deg^-2 = 0.844 arcmin^-2
Fitting aperture to hotspot...
Candidate: x_peak:        0.135, y_peak:        0.475, r_peak:        0.260, sig:        8.975, ra_peak:       15.606, dec_peak:       -6.705
Characteristic density local = 3300.0 deg^-2 = 0.917 arcmin^-2
Fitting aperture to hotspot...
Candidate: x_peak:        0.785, y_peak:        0.005, r_peak:        0.070, sig:        3.374, ra_peak:       16.261, dec_peak:       -7.174
Distance = 63.1 kpc (m-M = 19.0)
532761 objects left after isochrone cut...
Characteristic density = 3300.0 deg^-2
Characteristic density local = 2834.9 deg^-2 = 0.787 arcmin^-2
Fitting aperture to hotspot...
Candidate: x_peak:       -0.445, y_peak:        0.815, r_peak:        0.030, sig:        5.416, ra_peak:       15.022, dec_peak:       -6.365
Characteristic density local = 2789.2 deg^-2 = 0.775 arcmin^-2
Fitting aperture to hotspot...
Candidate: x_peak:       -0.175, y_peak:        0.075, r_peak:        0.040, sig:        5.217, ra_peak:       15.294, dec_peak:       -7.105
Characteristic density local = 2751.4 deg^-2 = 0.764 arcmin^-2
Fitting aperture to hotspot...
Candidate: x_peak:       -0.035, y_peak:        0.375, r_peak:        0.060, sig:       17.182, ra_peak:       15.435, dec_peak:       -6.805
Characteristic density local = 3000.1 deg^-2 = 0.833 arcmin^-2
Fitting aperture to hotspot...
Candidate: x_peak:       -0.015, y_peak:        1.185, r_peak:        0.080, sig:        6.525, ra_peak:       15.455, dec_peak:       -5.995
Characteristic density local = 3029.9 deg^-2 = 0.842 arcmin^-2
Fitting aperture to hotspot...
Candidate: x_peak:        0.135, y_peak:        0.475, r_peak:        0.260, sig:        8.921, ra_peak:       15.606, dec_peak:       -6.705
Characteristic density local = 3300.0 deg^-2 = 0.917 arcmin^-2
Fitting aperture to hotspot...
Candidate: x_peak:        0.785, y_peak:        0.005, r_peak:        0.070, sig:        3.374, ra_peak:       16.261, dec_peak:       -7.174
Distance = 79.4 kpc (m-M = 19.5)
532143 objects left after isochrone cut...
Characteristic density = 3200.0 deg^-2
Characteristic density local = 2751.4 deg^-2 = 0.764 arcmin^-2
Fitting aperture to hotspot...
Candidate: x_peak:       -1.015, y_peak:       -0.105, r_peak:        0.010, sig:        5.862, ra_peak:       14.447, dec_peak:       -7.284
Characteristic density local = 2831.0 deg^-2 = 0.786 arcmin^-2
Fitting aperture to hotspot...
Candidate: x_peak:       -0.445, y_peak:        0.815, r_peak:        0.030, sig:        5.421, ra_peak:       15.022, dec_peak:       -6.365
Characteristic density local = 2771.3 deg^-2 = 0.770 arcmin^-2
Fitting aperture to hotspot...
Candidate: x_peak:       -0.175, y_peak:        0.075, r_peak:        0.040, sig:        5.246, ra_peak:       15.294, dec_peak:       -7.105
Characteristic density local = 2735.5 deg^-2 = 0.760 arcmin^-2
Fitting aperture to hotspot...
Candidate: x_peak:       -0.035, y_peak:        0.375, r_peak:        0.060, sig:       17.129, ra_peak:       15.435, dec_peak:       -6.805
Characteristic density local = 2986.1 deg^-2 = 0.829 arcmin^-2
Fitting aperture to hotspot...
Candidate: x_peak:       -0.015, y_peak:        1.185, r_peak:        0.080, sig:        6.566, ra_peak:       15.455, dec_peak:       -5.995
Characteristic density local = 2994.1 deg^-2 = 0.832 arcmin^-2
Fitting aperture to hotspot...
Candidate: x_peak:        0.135, y_peak:        0.475, r_peak:        0.260, sig:        8.848, ra_peak:       15.606, dec_peak:       -6.705
Characteristic density local = 3200.0 deg^-2 = 0.889 arcmin^-2
Fitting aperture to hotspot...
Candidate: x_peak:        0.175, y_peak:       -0.965, r_peak:        0.150, sig:        4.105, ra_peak:       15.647, dec_peak:       -8.145
Characteristic density local = 3200.0 deg^-2 = 0.889 arcmin^-2
Fitting aperture to hotspot...
Candidate: x_peak:        0.775, y_peak:        0.015, r_peak:        0.040, sig:        3.627, ra_peak:       16.251, dec_peak:       -7.164
Distance = 100.0 kpc (m-M = 20.0)
531413 objects left after isochrone cut...
Characteristic density = 3200.0 deg^-2
Characteristic density local = 2725.5 deg^-2 = 0.757 arcmin^-2
Fitting aperture to hotspot...
Candidate: x_peak:       -1.015, y_peak:       -0.105, r_peak:        0.010, sig:        5.878, ra_peak:       14.447, dec_peak:       -7.284
Characteristic density local = 2819.0 deg^-2 = 0.783 arcmin^-2
Fitting aperture to hotspot...
Candidate: x_peak:       -0.445, y_peak:        0.815, r_peak:        0.030, sig:        5.437, ra_peak:       15.022, dec_peak:       -6.365
Characteristic density local = 2751.4 deg^-2 = 0.764 arcmin^-2
Fitting aperture to hotspot...
Candidate: x_peak:       -0.175, y_peak:        0.075, r_peak:        0.040, sig:        5.279, ra_peak:       15.294, dec_peak:       -7.105
Characteristic density local = 2725.5 deg^-2 = 0.757 arcmin^-2
Fitting aperture to hotspot...
Candidate: x_peak:       -0.035, y_peak:        0.375, r_peak:        0.060, sig:       17.159, ra_peak:       15.435, dec_peak:       -6.805
Characteristic density local = 2964.3 deg^-2 = 0.823 arcmin^-2
Fitting aperture to hotspot...
Candidate: x_peak:       -0.015, y_peak:        1.185, r_peak:        0.080, sig:        6.528, ra_peak:       15.455, dec_peak:       -5.995
Characteristic density local = 2954.3 deg^-2 = 0.821 arcmin^-2
Fitting aperture to hotspot...
Candidate: x_peak:        0.135, y_peak:        0.475, r_peak:        0.260, sig:        8.882, ra_peak:       15.606, dec_peak:       -6.705
Characteristic density local = 3200.0 deg^-2 = 0.889 arcmin^-2
Fitting aperture to hotspot...
Candidate: x_peak:        0.175, y_peak:       -0.965, r_peak:        0.150, sig:        4.105, ra_peak:       15.647, dec_peak:       -8.145
Characteristic density local = 3200.0 deg^-2 = 0.889 arcmin^-2
Fitting aperture to hotspot...
Candidate: x_peak:        0.785, y_peak:        0.005, r_peak:        0.070, sig:        3.239, ra_peak:       16.261, dec_peak:       -7.174
Distance = 125.9 kpc (m-M = 20.5)
530449 objects left after isochrone cut...
Characteristic density = 3200.0 deg^-2
Characteristic density local = 2745.4 deg^-2 = 0.763 arcmin^-2
Fitting aperture to hotspot...
Candidate: x_peak:       -1.025, y_peak:       -0.105, r_peak:        0.020, sig:        6.304, ra_peak:       14.437, dec_peak:       -7.284
Characteristic density local = 2811.1 deg^-2 = 0.781 arcmin^-2
Fitting aperture to hotspot...
Candidate: x_peak:       -0.445, y_peak:        0.815, r_peak:        0.030, sig:        5.447, ra_peak:       15.022, dec_peak:       -6.365
Characteristic density local = 2735.5 deg^-2 = 0.760 arcmin^-2
Fitting aperture to hotspot...
Candidate: x_peak:       -0.175, y_peak:        0.075, r_peak:        0.040, sig:        5.305, ra_peak:       15.294, dec_peak:       -7.105
Characteristic density local = 2699.7 deg^-2 = 0.750 arcmin^-2
Fitting aperture to hotspot...
Candidate: x_peak:       -0.035, y_peak:        0.375, r_peak:        0.060, sig:       17.136, ra_peak:       15.435, dec_peak:       -6.805
Characteristic density local = 2940.4 deg^-2 = 0.817 arcmin^-2
Fitting aperture to hotspot...
Candidate: x_peak:       -0.015, y_peak:        1.185, r_peak:        0.090, sig:        6.497, ra_peak:       15.455, dec_peak:       -5.995
Characteristic density local = 2894.6 deg^-2 = 0.804 arcmin^-2
Fitting aperture to hotspot...
Candidate: x_peak:        0.135, y_peak:        0.475, r_peak:        0.260, sig:        8.916, ra_peak:       15.606, dec_peak:       -6.705
Characteristic density local = 3200.0 deg^-2 = 0.889 arcmin^-2
Fitting aperture to hotspot...
Candidate: x_peak:        0.175, y_peak:       -0.965, r_peak:        0.150, sig:        4.105, ra_peak:       15.647, dec_peak:       -8.145
Distance = 158.5 kpc (m-M = 21.0)
528832 objects left after isochrone cut...
Characteristic density = 3100.0 deg^-2
Characteristic density local = 2771.3 deg^-2 = 0.770 arcmin^-2
Fitting aperture to hotspot...
Candidate: x_peak:       -0.445, y_peak:        0.815, r_peak:        0.030, sig:        5.499, ra_peak:       15.022, dec_peak:       -6.365
Characteristic density local = 2683.8 deg^-2 = 0.745 arcmin^-2
Fitting aperture to hotspot...
Candidate: x_peak:       -0.175, y_peak:        0.075, r_peak:        0.040, sig:        5.199, ra_peak:       15.294, dec_peak:       -7.105
Characteristic density local = 2647.9 deg^-2 = 0.736 arcmin^-2
Fitting aperture to hotspot...
Candidate: x_peak:       -0.035, y_peak:        0.375, r_peak:        0.060, sig:       16.890, ra_peak:       15.435, dec_peak:       -6.805
Characteristic density local = 2870.8 deg^-2 = 0.797 arcmin^-2
Fitting aperture to hotspot...
Candidate: x_peak:       -0.015, y_peak:        1.185, r_peak:        0.090, sig:        6.633, ra_peak:       15.455, dec_peak:       -5.995
Characteristic density local = 2821.0 deg^-2 = 0.784 arcmin^-2
Fitting aperture to hotspot...
Candidate: x_peak:        0.135, y_peak:        0.475, r_peak:        0.260, sig:        9.006, ra_peak:       15.606, dec_peak:       -6.705
Distance = 199.5 kpc (m-M = 21.5)
526874 objects left after isochrone cut...
Characteristic density = 3000.0 deg^-2
Characteristic density local = 2699.7 deg^-2 = 0.750 arcmin^-2
Fitting aperture to hotspot...
Candidate: x_peak:       -0.445, y_peak:        0.815, r_peak:        0.030, sig:        5.593, ra_peak:       15.022, dec_peak:       -6.365
Characteristic density local = 2612.1 deg^-2 = 0.726 arcmin^-2
Fitting aperture to hotspot...
Candidate: x_peak:       -0.175, y_peak:        0.075, r_peak:        0.040, sig:        4.731, ra_peak:       15.294, dec_peak:       -7.105
Characteristic density local = 2564.4 deg^-2 = 0.712 arcmin^-2
Fitting aperture to hotspot...
Candidate: x_peak:       -0.035, y_peak:        0.375, r_peak:        0.060, sig:       17.040, ra_peak:       15.435, dec_peak:       -6.805
Characteristic density local = 2789.2 deg^-2 = 0.775 arcmin^-2
Fitting aperture to hotspot...
Candidate: x_peak:       -0.015, y_peak:        1.185, r_peak:        0.090, sig:        6.527, ra_peak:       15.455, dec_peak:       -5.995
Characteristic density local = 2793.2 deg^-2 = 0.776 arcmin^-2
Fitting aperture to hotspot...
Candidate: x_peak:        0.025, y_peak:       -1.105, r_peak:        0.230, sig:        5.544, ra_peak:       15.495, dec_peak:       -8.285
Characteristic density local = 2735.5 deg^-2 = 0.760 arcmin^-2
Fitting aperture to hotspot...
Candidate: x_peak:        0.135, y_peak:        0.475, r_peak:        0.260, sig:        9.100, ra_peak:       15.606, dec_peak:       -6.705
Characteristic density local = 3000.0 deg^-2 = 0.833 arcmin^-2
Fitting aperture to hotspot...
Candidate: x_peak:        0.185, y_peak:       -0.965, r_peak:        0.150, sig:        4.174, ra_peak:       15.657, dec_peak:       -8.145
Distance = 251.2 kpc (m-M = 22.0)
524446 objects left after isochrone cut...
Characteristic density = 2900.0 deg^-2
Characteristic density local = 2646.0 deg^-2 = 0.735 arcmin^-2
Fitting aperture to hotspot...
Candidate: x_peak:       -0.445, y_peak:        0.815, r_peak:        0.030, sig:        5.665, ra_peak:       15.022, dec_peak:       -6.365
Characteristic density local = 2550.5 deg^-2 = 0.708 arcmin^-2
Fitting aperture to hotspot...
Candidate: x_peak:       -0.175, y_peak:        0.075, r_peak:        0.040, sig:        4.633, ra_peak:       15.294, dec_peak:       -7.105
Characteristic density local = 2488.8 deg^-2 = 0.691 arcmin^-2
Fitting aperture to hotspot...
Candidate: x_peak:       -0.035, y_peak:        0.375, r_peak:        0.060, sig:       17.273, ra_peak:       15.435, dec_peak:       -6.805
Characteristic density local = 2691.7 deg^-2 = 0.748 arcmin^-2
Fitting aperture to hotspot...
Candidate: x_peak:       -0.015, y_peak:        1.185, r_peak:        0.070, sig:        6.719, ra_peak:       15.455, dec_peak:       -5.995
Characteristic density local = 2647.9 deg^-2 = 0.736 arcmin^-2
Fitting aperture to hotspot...
Candidate: x_peak:        0.135, y_peak:        0.475, r_peak:        0.260, sig:        9.105, ra_peak:       15.606, dec_peak:       -6.705
Characteristic density local = 2900.0 deg^-2 = 0.806 arcmin^-2
Fitting aperture to hotspot...
Candidate: x_peak:        0.185, y_peak:       -0.965, r_peak:        0.150, sig:        4.307, ra_peak:       15.657, dec_peak:       -8.145
Distance = 316.2 kpc (m-M = 22.5)
521422 objects left after isochrone cut...
Characteristic density = 2700.0 deg^-2
Characteristic density local = 2478.8 deg^-2 = 0.689 arcmin^-2
Fitting aperture to hotspot...
Candidate: x_peak:       -1.025, y_peak:       -0.105, r_peak:        0.020, sig:        6.581, ra_peak:       14.437, dec_peak:       -7.284
Characteristic density local = 2383.3 deg^-2 = 0.662 arcmin^-2
Fitting aperture to hotspot...
Candidate: x_peak:       -0.825, y_peak:        0.195, r_peak:        0.020, sig:        5.163, ra_peak:       14.639, dec_peak:       -6.984
Characteristic density local = 2552.4 deg^-2 = 0.709 arcmin^-2
Fitting aperture to hotspot...
Candidate: x_peak:       -0.445, y_peak:        0.815, r_peak:        0.030, sig:        5.793, ra_peak:       15.022, dec_peak:       -6.365
Characteristic density local = 2389.3 deg^-2 = 0.664 arcmin^-2
Fitting aperture to hotspot...
Candidate: x_peak:       -0.035, y_peak:        0.375, r_peak:        0.060, sig:       17.383, ra_peak:       15.435, dec_peak:       -6.805
Characteristic density local = 2566.4 deg^-2 = 0.713 arcmin^-2
Fitting aperture to hotspot...
Candidate: x_peak:       -0.015, y_peak:        1.185, r_peak:        0.070, sig:        6.834, ra_peak:       15.455, dec_peak:       -5.995
Characteristic density local = 2516.6 deg^-2 = 0.699 arcmin^-2
Fitting aperture to hotspot...
Candidate: x_peak:        0.135, y_peak:        0.475, r_peak:        0.260, sig:        9.347, ra_peak:       15.606, dec_peak:       -6.705
Characteristic density local = 2700.0 deg^-2 = 0.750 arcmin^-2
Fitting aperture to hotspot...
Candidate: x_peak:        0.185, y_peak:       -0.965, r_peak:        0.280, sig:        4.803, ra_peak:       15.657, dec_peak:       -8.145
Distance = 398.1 kpc (m-M = 23.0)
517672 objects left after isochrone cut...
Characteristic density = 2600.0 deg^-2
Characteristic density local = 2415.2 deg^-2 = 0.671 arcmin^-2
Fitting aperture to hotspot...
Candidate: x_peak:       -1.025, y_peak:       -0.105, r_peak:        0.020, sig:        6.651, ra_peak:       14.437, dec_peak:       -7.284
Characteristic density local = 2295.8 deg^-2 = 0.638 arcmin^-2
Fitting aperture to hotspot...
Candidate: x_peak:       -0.825, y_peak:        0.195, r_peak:        0.020, sig:        5.255, ra_peak:       14.639, dec_peak:       -6.984
Characteristic density local = 2458.9 deg^-2 = 0.683 arcmin^-2
Fitting aperture to hotspot...
Candidate: x_peak:       -0.445, y_peak:        0.815, r_peak:        0.030, sig:        5.925, ra_peak:       15.022, dec_peak:       -6.365
Characteristic density local = 2252.0 deg^-2 = 0.626 arcmin^-2
Fitting aperture to hotspot...
Candidate: x_peak:       -0.025, y_peak:        0.375, r_peak:        0.080, sig:       16.672, ra_peak:       15.445, dec_peak:       -6.805
Characteristic density local = 2421.1 deg^-2 = 0.673 arcmin^-2
Fitting aperture to hotspot...
Candidate: x_peak:       -0.015, y_peak:        1.185, r_peak:        0.070, sig:        6.524, ra_peak:       15.455, dec_peak:       -5.995
Characteristic density local = 2510.7 deg^-2 = 0.697 arcmin^-2
Fitting aperture to hotspot...
Candidate: x_peak:        0.035, y_peak:       -1.105, r_peak:        0.240, sig:        4.899, ra_peak:       15.505, dec_peak:       -8.285
Characteristic density local = 2379.4 deg^-2 = 0.661 arcmin^-2
Fitting aperture to hotspot...
Candidate: x_peak:        0.135, y_peak:        0.475, r_peak:        0.260, sig:        8.841, ra_peak:       15.606, dec_peak:       -6.705
Characteristic density local = 2600.0 deg^-2 = 0.722 arcmin^-2
Fitting aperture to hotspot...
Candidate: x_peak:        0.195, y_peak:       -0.975, r_peak:        0.280, sig:        4.428, ra_peak:       15.667, dec_peak:       -8.155
Characteristic density local = 2600.0 deg^-2 = 0.722 arcmin^-2
Fitting aperture to hotspot...
Candidate: x_peak:        0.785, y_peak:        0.015, r_peak:        0.050, sig:        3.592, ra_peak:       16.261, dec_peak:       -7.164
17.38 sigma; (RA, Dec, d) = (15.43, -6.80); r = 0.06 deg; d = 316.2, mu = 22.50 mag), mc_source_id: 0.00
9.35 sigma; (RA, Dec, d) = (15.61, -6.70); r = 0.26 deg; d = 316.2, mu = 22.50 mag), mc_source_id: 0.00
6.83 sigma; (RA, Dec, d) = (15.45, -5.99); r = 0.07 deg; d = 316.2, mu = 22.50 mag), mc_source_id: 0.00
6.65 sigma; (RA, Dec, d) = (14.44, -7.28); r = 0.02 deg; d = 398.1, mu = 23.00 mag), mc_source_id: 0.00
5.92 sigma; (RA, Dec, d) = (15.02, -6.36); r = 0.03 deg; d = 398.1, mu = 23.00 mag), mc_source_id: 0.00
5.54 sigma; (RA, Dec, d) = (15.50, -8.29); r = 0.23 deg; d = 199.5, mu = 21.50 mag), mc_source_id: 0.00
5.30 sigma; (RA, Dec, d) = (15.29, -7.10); r = 0.04 deg; d = 125.9, mu = 20.50 mag), mc_source_id: 0.00
5.26 sigma; (RA, Dec, d) = (14.64, -6.98); r = 0.02 deg; d = 398.1, mu = 23.00 mag), mc_source_id: 0.00
3.63 sigma; (RA, Dec, d) = (16.25, -7.16); r = 0.04 deg; d = 79.4, mu = 19.50 mag), mc_source_id: 0.00

------------------------------------------------------------
Job <681444.0> was submitted from <des51.fnal.gov> by user <tavangar>.
Job was executed on host <des40.fnal.gov> as user <tavangar>.
</var/lib/condor/execute/dir_2110535> was used as the initial working directory.
Results reported at Wed Jun  5 14:20:18 CDT 2019

Your job looked like:

------------------------------------------------------------
python /home/s1/tavangar/tavangar_simple/search_algorithm.py 15.47 -7.18 0.00 /home/s1/tavangar/tavangar_simple/decals_dr7_results/results_nside_32_6853.csv /home/s1/tavangar/tavangar_simple/decals_dr7_results/decals_dr7_log/results_nside_32_6853.log
------------------------------------------------------------

Successfully completed.

Resource usage summary:

	Real time :			213.20 sec.
	CPU time :			5.90 sec.
	CPU percentage :		72%
	Max Memory :			5130288 KB
	Average Memory :		0 KB

The output (if any) is above this job summary.
