/home/s1/tavangar/tavangar_simple/simple_utils.py:170: FutureWarning: elementwise comparison failed; returning scalar instead, but in the future will perform elementwise comparison
  if np.all(isochrone.stage == 'Main'):
Search coordinates: (RA, Dec) = (184.22, 14.48)
Center healpixel: 4609
Healpixels: [4609 4737 4608 4481 4353 4482 4610 4738 4865]
MC_SOURCE_ID = 0.0
mode = 0: running only on real data
Found 1 objects...
Applying cuts...
717195 star-like objects in ROI...
1127511 galaxy-like objects in ROI...
No fracdet map specified ...
Distance = 15.8 kpc (m-M = 16.0)
717173 objects left after isochrone cut...
Characteristic density = 5000.0 deg^-2
Characteristic density local = 5311.8 deg^-2 = 1.475 arcmin^-2
Fitting aperture to hotspot...
Candidate: x_peak:       -0.985, y_peak:        0.045, r_peak:        0.030, sig:        4.901, ra_peak:      183.202, dec_peak:       14.523
Characteristic density local = 5067.1 deg^-2 = 1.408 arcmin^-2
Fitting aperture to hotspot...
Candidate: x_peak:       -0.215, y_peak:        0.425, r_peak:        0.040, sig:       30.405, ra_peak:      183.998, dec_peak:       14.905
Characteristic density local = 5337.7 deg^-2 = 1.483 arcmin^-2
Fitting aperture to hotspot...
Candidate: x_peak:       -0.055, y_peak:       -1.175, r_peak:        0.030, sig:        4.690, ra_peak:      184.163, dec_peak:       13.305
Characteristic density local = 5230.2 deg^-2 = 1.453 arcmin^-2
Fitting aperture to hotspot...
Candidate: x_peak:        0.175, y_peak:       -0.045, r_peak:        0.020, sig:       10.721, ra_peak:      184.401, dec_peak:       14.435
Characteristic density local = 5526.7 deg^-2 = 1.535 arcmin^-2
Fitting aperture to hotspot...
Candidate: x_peak:        0.205, y_peak:        0.665, r_peak:        0.020, sig:       14.494, ra_peak:      184.432, dec_peak:       15.145
Characteristic density local = 5638.1 deg^-2 = 1.566 arcmin^-2
Fitting aperture to hotspot...
Candidate: x_peak:        0.235, y_peak:        0.535, r_peak:        0.020, sig:        6.767, ra_peak:      184.463, dec_peak:       15.015
Characteristic density local = 5250.1 deg^-2 = 1.458 arcmin^-2
Fitting aperture to hotspot...
Candidate: x_peak:        0.595, y_peak:        0.065, r_peak:        0.020, sig:       19.284, ra_peak:      184.835, dec_peak:       14.544
Characteristic density local = 5148.7 deg^-2 = 1.430 arcmin^-2
Fitting aperture to hotspot...
Candidate: x_peak:        1.065, y_peak:        0.265, r_peak:        0.030, sig:        5.045, ra_peak:      185.321, dec_peak:       14.742
Distance = 20.0 kpc (m-M = 16.5)
717183 objects left after isochrone cut...
Characteristic density = 5000.0 deg^-2
Characteristic density local = 5311.8 deg^-2 = 1.475 arcmin^-2
Fitting aperture to hotspot...
Candidate: x_peak:       -0.985, y_peak:        0.045, r_peak:        0.030, sig:        4.901, ra_peak:      183.202, dec_peak:       14.523
Characteristic density local = 5067.1 deg^-2 = 1.408 arcmin^-2
Fitting aperture to hotspot...
Candidate: x_peak:       -0.215, y_peak:        0.425, r_peak:        0.040, sig:       30.405, ra_peak:      183.998, dec_peak:       14.905
Characteristic density local = 5337.7 deg^-2 = 1.483 arcmin^-2
Fitting aperture to hotspot...
Candidate: x_peak:       -0.055, y_peak:       -1.175, r_peak:        0.030, sig:        4.690, ra_peak:      184.163, dec_peak:       13.305
Characteristic density local = 5230.2 deg^-2 = 1.453 arcmin^-2
Fitting aperture to hotspot...
Candidate: x_peak:        0.175, y_peak:       -0.045, r_peak:        0.020, sig:       10.721, ra_peak:      184.401, dec_peak:       14.435
Characteristic density local = 5526.7 deg^-2 = 1.535 arcmin^-2
Fitting aperture to hotspot...
Candidate: x_peak:        0.205, y_peak:        0.665, r_peak:        0.020, sig:       14.494, ra_peak:      184.432, dec_peak:       15.145
Characteristic density local = 5638.1 deg^-2 = 1.566 arcmin^-2
Fitting aperture to hotspot...
Candidate: x_peak:        0.235, y_peak:        0.535, r_peak:        0.020, sig:        6.767, ra_peak:      184.463, dec_peak:       15.015
Characteristic density local = 5250.1 deg^-2 = 1.458 arcmin^-2
Fitting aperture to hotspot...
Candidate: x_peak:        0.595, y_peak:        0.065, r_peak:        0.020, sig:       19.284, ra_peak:      184.835, dec_peak:       14.544
Characteristic density local = 5148.7 deg^-2 = 1.430 arcmin^-2
Fitting aperture to hotspot...
Candidate: x_peak:        1.065, y_peak:        0.265, r_peak:        0.030, sig:        5.045, ra_peak:      185.321, dec_peak:       14.742
Distance = 25.1 kpc (m-M = 17.0)
717190 objects left after isochrone cut...
Characteristic density = 5000.0 deg^-2
Characteristic density local = 5311.8 deg^-2 = 1.475 arcmin^-2
Fitting aperture to hotspot...
Candidate: x_peak:       -0.985, y_peak:        0.045, r_peak:        0.030, sig:        4.901, ra_peak:      183.202, dec_peak:       14.523
Characteristic density local = 5067.1 deg^-2 = 1.408 arcmin^-2
Fitting aperture to hotspot...
Candidate: x_peak:       -0.215, y_peak:        0.425, r_peak:        0.040, sig:       30.405, ra_peak:      183.998, dec_peak:       14.905
Characteristic density local = 5337.7 deg^-2 = 1.483 arcmin^-2
Fitting aperture to hotspot...
Candidate: x_peak:       -0.055, y_peak:       -1.175, r_peak:        0.030, sig:        4.690, ra_peak:      184.163, dec_peak:       13.305
Characteristic density local = 5230.2 deg^-2 = 1.453 arcmin^-2
Fitting aperture to hotspot...
Candidate: x_peak:        0.175, y_peak:       -0.045, r_peak:        0.020, sig:       10.721, ra_peak:      184.401, dec_peak:       14.435
Characteristic density local = 5526.7 deg^-2 = 1.535 arcmin^-2
Fitting aperture to hotspot...
Candidate: x_peak:        0.205, y_peak:        0.665, r_peak:        0.020, sig:       14.494, ra_peak:      184.432, dec_peak:       15.145
Characteristic density local = 5638.1 deg^-2 = 1.566 arcmin^-2
Fitting aperture to hotspot...
Candidate: x_peak:        0.235, y_peak:        0.535, r_peak:        0.020, sig:        6.767, ra_peak:      184.463, dec_peak:       15.015
Characteristic density local = 5250.1 deg^-2 = 1.458 arcmin^-2
Fitting aperture to hotspot...
Candidate: x_peak:        0.595, y_peak:        0.065, r_peak:        0.020, sig:       19.284, ra_peak:      184.835, dec_peak:       14.544
Characteristic density local = 5148.7 deg^-2 = 1.430 arcmin^-2
Fitting aperture to hotspot...
Candidate: x_peak:        1.065, y_peak:        0.265, r_peak:        0.030, sig:        5.045, ra_peak:      185.321, dec_peak:       14.742
Distance = 31.6 kpc (m-M = 17.5)
717193 objects left after isochrone cut...
Characteristic density = 5000.0 deg^-2
Characteristic density local = 5311.8 deg^-2 = 1.475 arcmin^-2
Fitting aperture to hotspot...
Candidate: x_peak:       -0.985, y_peak:        0.045, r_peak:        0.030, sig:        4.901, ra_peak:      183.202, dec_peak:       14.523
Characteristic density local = 5067.1 deg^-2 = 1.408 arcmin^-2
Fitting aperture to hotspot...
Candidate: x_peak:       -0.215, y_peak:        0.425, r_peak:        0.040, sig:       30.405, ra_peak:      183.998, dec_peak:       14.905
Characteristic density local = 5337.7 deg^-2 = 1.483 arcmin^-2
Fitting aperture to hotspot...
Candidate: x_peak:       -0.055, y_peak:       -1.175, r_peak:        0.030, sig:        4.690, ra_peak:      184.163, dec_peak:       13.305
Characteristic density local = 5230.2 deg^-2 = 1.453 arcmin^-2
Fitting aperture to hotspot...
Candidate: x_peak:        0.175, y_peak:       -0.045, r_peak:        0.020, sig:       10.721, ra_peak:      184.401, dec_peak:       14.435
Characteristic density local = 5526.7 deg^-2 = 1.535 arcmin^-2
Fitting aperture to hotspot...
Candidate: x_peak:        0.205, y_peak:        0.665, r_peak:        0.020, sig:       14.494, ra_peak:      184.432, dec_peak:       15.145
Characteristic density local = 5638.1 deg^-2 = 1.566 arcmin^-2
Fitting aperture to hotspot...
Candidate: x_peak:        0.235, y_peak:        0.535, r_peak:        0.020, sig:        6.767, ra_peak:      184.463, dec_peak:       15.015
Characteristic density local = 5250.1 deg^-2 = 1.458 arcmin^-2
Fitting aperture to hotspot...
Candidate: x_peak:        0.595, y_peak:        0.065, r_peak:        0.020, sig:       19.284, ra_peak:      184.835, dec_peak:       14.544
Characteristic density local = 5148.7 deg^-2 = 1.430 arcmin^-2
Fitting aperture to hotspot...
Candidate: x_peak:        1.065, y_peak:        0.265, r_peak:        0.030, sig:        5.045, ra_peak:      185.321, dec_peak:       14.742
Distance = 39.8 kpc (m-M = 18.0)
717190 objects left after isochrone cut...
Characteristic density = 5000.0 deg^-2
Characteristic density local = 5311.8 deg^-2 = 1.475 arcmin^-2
Fitting aperture to hotspot...
Candidate: x_peak:       -0.985, y_peak:        0.045, r_peak:        0.030, sig:        4.901, ra_peak:      183.202, dec_peak:       14.523
Characteristic density local = 5067.1 deg^-2 = 1.408 arcmin^-2
Fitting aperture to hotspot...
Candidate: x_peak:       -0.215, y_peak:        0.425, r_peak:        0.040, sig:       30.405, ra_peak:      183.998, dec_peak:       14.905
Characteristic density local = 5337.7 deg^-2 = 1.483 arcmin^-2
Fitting aperture to hotspot...
Candidate: x_peak:       -0.055, y_peak:       -1.175, r_peak:        0.030, sig:        4.690, ra_peak:      184.163, dec_peak:       13.305
Characteristic density local = 5230.2 deg^-2 = 1.453 arcmin^-2
Fitting aperture to hotspot...
Candidate: x_peak:        0.175, y_peak:       -0.045, r_peak:        0.020, sig:       10.721, ra_peak:      184.401, dec_peak:       14.435
Characteristic density local = 5524.7 deg^-2 = 1.535 arcmin^-2
Fitting aperture to hotspot...
Candidate: x_peak:        0.205, y_peak:        0.665, r_peak:        0.020, sig:       14.496, ra_peak:      184.432, dec_peak:       15.145
Characteristic density local = 5636.1 deg^-2 = 1.566 arcmin^-2
Fitting aperture to hotspot...
Candidate: x_peak:        0.235, y_peak:        0.535, r_peak:        0.020, sig:        6.768, ra_peak:      184.463, dec_peak:       15.015
Characteristic density local = 5250.1 deg^-2 = 1.458 arcmin^-2
Fitting aperture to hotspot...
Candidate: x_peak:        0.595, y_peak:        0.065, r_peak:        0.020, sig:       19.284, ra_peak:      184.835, dec_peak:       14.544
Characteristic density local = 5148.7 deg^-2 = 1.430 arcmin^-2
Fitting aperture to hotspot...
Candidate: x_peak:        1.065, y_peak:        0.265, r_peak:        0.030, sig:        5.045, ra_peak:      185.321, dec_peak:       14.742
Distance = 50.1 kpc (m-M = 18.5)
716659 objects left after isochrone cut...
Characteristic density = 5000.0 deg^-2
Characteristic density local = 5293.9 deg^-2 = 1.471 arcmin^-2
Fitting aperture to hotspot...
Candidate: x_peak:       -0.985, y_peak:        0.045, r_peak:        0.030, sig:        4.917, ra_peak:      183.202, dec_peak:       14.523
Characteristic density local = 5049.2 deg^-2 = 1.403 arcmin^-2
Fitting aperture to hotspot...
Candidate: x_peak:       -0.215, y_peak:        0.425, r_peak:        0.040, sig:       30.356, ra_peak:      183.998, dec_peak:       14.905
Characteristic density local = 5309.8 deg^-2 = 1.475 arcmin^-2
Fitting aperture to hotspot...
Candidate: x_peak:       -0.055, y_peak:       -1.175, r_peak:        0.030, sig:        4.714, ra_peak:      184.163, dec_peak:       13.305
Characteristic density local = 5216.3 deg^-2 = 1.449 arcmin^-2
Fitting aperture to hotspot...
Candidate: x_peak:        0.175, y_peak:       -0.045, r_peak:        0.020, sig:       10.732, ra_peak:      184.401, dec_peak:       14.435
Characteristic density local = 5506.8 deg^-2 = 1.530 arcmin^-2
Fitting aperture to hotspot...
Candidate: x_peak:        0.205, y_peak:        0.665, r_peak:        0.020, sig:       14.511, ra_peak:      184.432, dec_peak:       15.145
Characteristic density local = 5616.2 deg^-2 = 1.560 arcmin^-2
Fitting aperture to hotspot...
Candidate: x_peak:        0.235, y_peak:        0.535, r_peak:        0.020, sig:        6.781, ra_peak:      184.463, dec_peak:       15.015
Characteristic density local = 5242.2 deg^-2 = 1.456 arcmin^-2
Fitting aperture to hotspot...
Candidate: x_peak:        0.595, y_peak:        0.065, r_peak:        0.020, sig:       19.292, ra_peak:      184.835, dec_peak:       14.544
Characteristic density local = 5138.7 deg^-2 = 1.427 arcmin^-2
Fitting aperture to hotspot...
Candidate: x_peak:        1.065, y_peak:        0.265, r_peak:        0.030, sig:        5.054, ra_peak:      185.321, dec_peak:       14.742
Distance = 63.1 kpc (m-M = 19.0)
715258 objects left after isochrone cut...
Characteristic density = 4900.0 deg^-2
Characteristic density local = 5220.3 deg^-2 = 1.450 arcmin^-2
Fitting aperture to hotspot...
Candidate: x_peak:       -0.985, y_peak:        0.045, r_peak:        0.030, sig:        4.981, ra_peak:      183.202, dec_peak:       14.523
Characteristic density local = 4993.5 deg^-2 = 1.387 arcmin^-2
Fitting aperture to hotspot...
Candidate: x_peak:       -0.215, y_peak:        0.425, r_peak:        0.040, sig:       30.455, ra_peak:      183.998, dec_peak:       14.905
Characteristic density local = 5264.0 deg^-2 = 1.462 arcmin^-2
Fitting aperture to hotspot...
Candidate: x_peak:       -0.055, y_peak:       -1.175, r_peak:        0.030, sig:        4.754, ra_peak:      184.163, dec_peak:       13.305
Characteristic density local = 5174.5 deg^-2 = 1.437 arcmin^-2
Fitting aperture to hotspot...
Candidate: x_peak:        0.175, y_peak:       -0.045, r_peak:        0.020, sig:       10.764, ra_peak:      184.401, dec_peak:       14.435
Characteristic density local = 5445.1 deg^-2 = 1.513 arcmin^-2
Fitting aperture to hotspot...
Candidate: x_peak:        0.205, y_peak:        0.665, r_peak:        0.020, sig:       14.562, ra_peak:      184.432, dec_peak:       15.145
Characteristic density local = 5544.6 deg^-2 = 1.540 arcmin^-2
Fitting aperture to hotspot...
Candidate: x_peak:        0.235, y_peak:        0.535, r_peak:        0.020, sig:        6.828, ra_peak:      184.463, dec_peak:       15.015
Characteristic density local = 5178.5 deg^-2 = 1.438 arcmin^-2
Fitting aperture to hotspot...
Candidate: x_peak:        0.595, y_peak:        0.065, r_peak:        0.020, sig:       19.352, ra_peak:      184.835, dec_peak:       14.544
Characteristic density local = 5100.9 deg^-2 = 1.417 arcmin^-2
Fitting aperture to hotspot...
Candidate: x_peak:        1.065, y_peak:        0.265, r_peak:        0.030, sig:        5.088, ra_peak:      185.321, dec_peak:       14.742
Distance = 79.4 kpc (m-M = 19.5)
713353 objects left after isochrone cut...
Characteristic density = 4900.0 deg^-2
Characteristic density local = 5172.5 deg^-2 = 1.437 arcmin^-2
Fitting aperture to hotspot...
Candidate: x_peak:       -0.985, y_peak:        0.045, r_peak:        0.030, sig:        4.834, ra_peak:      183.202, dec_peak:       14.523
Characteristic density local = 4939.8 deg^-2 = 1.372 arcmin^-2
Fitting aperture to hotspot...
Candidate: x_peak:       -0.215, y_peak:        0.425, r_peak:        0.040, sig:       30.552, ra_peak:      183.998, dec_peak:       14.905
Characteristic density local = 5200.4 deg^-2 = 1.445 arcmin^-2
Fitting aperture to hotspot...
Candidate: x_peak:       -0.055, y_peak:       -1.175, r_peak:        0.030, sig:        4.810, ra_peak:      184.163, dec_peak:       13.305
Characteristic density local = 5106.9 deg^-2 = 1.419 arcmin^-2
Fitting aperture to hotspot...
Candidate: x_peak:        0.175, y_peak:       -0.045, r_peak:        0.020, sig:       10.817, ra_peak:      184.401, dec_peak:       14.435
Characteristic density local = 5375.5 deg^-2 = 1.493 arcmin^-2
Fitting aperture to hotspot...
Candidate: x_peak:        0.205, y_peak:        0.665, r_peak:        0.020, sig:       14.620, ra_peak:      184.432, dec_peak:       15.145
Characteristic density local = 5471.0 deg^-2 = 1.520 arcmin^-2
Fitting aperture to hotspot...
Candidate: x_peak:        0.235, y_peak:        0.535, r_peak:        0.020, sig:        6.876, ra_peak:      184.463, dec_peak:       15.015
Characteristic density local = 5120.8 deg^-2 = 1.422 arcmin^-2
Fitting aperture to hotspot...
Candidate: x_peak:        0.595, y_peak:        0.065, r_peak:        0.020, sig:       19.408, ra_peak:      184.835, dec_peak:       14.544
Characteristic density local = 5039.2 deg^-2 = 1.400 arcmin^-2
Fitting aperture to hotspot...
Candidate: x_peak:        1.065, y_peak:        0.265, r_peak:        0.030, sig:        5.143, ra_peak:      185.321, dec_peak:       14.742
Distance = 100.0 kpc (m-M = 20.0)
711061 objects left after isochrone cut...
Characteristic density = 4800.0 deg^-2
Characteristic density local = 5085.0 deg^-2 = 1.413 arcmin^-2
Fitting aperture to hotspot...
Candidate: x_peak:       -0.985, y_peak:        0.045, r_peak:        0.030, sig:        4.912, ra_peak:      183.202, dec_peak:       14.523
Characteristic density local = 4888.0 deg^-2 = 1.358 arcmin^-2
Fitting aperture to hotspot...
Candidate: x_peak:       -0.215, y_peak:        0.425, r_peak:        0.040, sig:       30.565, ra_peak:      183.998, dec_peak:       14.905
Characteristic density local = 5122.8 deg^-2 = 1.423 arcmin^-2
Fitting aperture to hotspot...
Candidate: x_peak:       -0.055, y_peak:       -1.175, r_peak:        0.030, sig:        4.687, ra_peak:      184.163, dec_peak:       13.305
Characteristic density local = 5037.3 deg^-2 = 1.399 arcmin^-2
Fitting aperture to hotspot...
Candidate: x_peak:        0.175, y_peak:       -0.045, r_peak:        0.020, sig:       10.872, ra_peak:      184.401, dec_peak:       14.435
Characteristic density local = 5305.8 deg^-2 = 1.474 arcmin^-2
Fitting aperture to hotspot...
Candidate: x_peak:        0.205, y_peak:        0.665, r_peak:        0.020, sig:       14.515, ra_peak:      184.432, dec_peak:       15.145
Characteristic density local = 5395.4 deg^-2 = 1.499 arcmin^-2
Fitting aperture to hotspot...
Candidate: x_peak:        0.235, y_peak:        0.535, r_peak:        0.020, sig:        6.927, ra_peak:      184.463, dec_peak:       15.015
Characteristic density local = 5043.2 deg^-2 = 1.401 arcmin^-2
Fitting aperture to hotspot...
Candidate: x_peak:        0.595, y_peak:        0.065, r_peak:        0.020, sig:       19.484, ra_peak:      184.835, dec_peak:       14.544
Characteristic density local = 4947.7 deg^-2 = 1.374 arcmin^-2
Fitting aperture to hotspot...
Candidate: x_peak:        1.065, y_peak:        0.265, r_peak:        0.030, sig:        5.227, ra_peak:      185.321, dec_peak:       14.742
Distance = 125.9 kpc (m-M = 20.5)
708343 objects left after isochrone cut...
Characteristic density = 4700.0 deg^-2
Characteristic density local = 4995.5 deg^-2 = 1.388 arcmin^-2
Fitting aperture to hotspot...
Candidate: x_peak:       -0.985, y_peak:        0.045, r_peak:        0.030, sig:        4.800, ra_peak:      183.202, dec_peak:       14.523
Characteristic density local = 4796.5 deg^-2 = 1.332 arcmin^-2
Fitting aperture to hotspot...
Candidate: x_peak:       -0.215, y_peak:        0.425, r_peak:        0.040, sig:       30.651, ra_peak:      183.998, dec_peak:       14.905
Characteristic density local = 5039.2 deg^-2 = 1.400 arcmin^-2
Fitting aperture to hotspot...
Candidate: x_peak:       -0.055, y_peak:       -1.175, r_peak:        0.030, sig:        4.567, ra_peak:      184.163, dec_peak:       13.305
Characteristic density local = 4951.7 deg^-2 = 1.375 arcmin^-2
Fitting aperture to hotspot...
Candidate: x_peak:        0.175, y_peak:       -0.045, r_peak:        0.020, sig:       10.940, ra_peak:      184.401, dec_peak:       14.435
Characteristic density local = 5192.4 deg^-2 = 1.442 arcmin^-2
Fitting aperture to hotspot...
Candidate: x_peak:        0.205, y_peak:        0.665, r_peak:        0.020, sig:       14.448, ra_peak:      184.432, dec_peak:       15.145
Characteristic density local = 5303.8 deg^-2 = 1.473 arcmin^-2
Fitting aperture to hotspot...
Candidate: x_peak:        0.235, y_peak:        0.535, r_peak:        0.020, sig:        6.988, ra_peak:      184.463, dec_peak:       15.015
Characteristic density local = 4943.8 deg^-2 = 1.373 arcmin^-2
Fitting aperture to hotspot...
Candidate: x_peak:        0.595, y_peak:        0.065, r_peak:        0.020, sig:       19.582, ra_peak:      184.835, dec_peak:       14.544
Characteristic density local = 4860.2 deg^-2 = 1.350 arcmin^-2
Fitting aperture to hotspot...
Candidate: x_peak:        1.065, y_peak:        0.265, r_peak:        0.030, sig:        5.116, ra_peak:      185.321, dec_peak:       14.742
Distance = 158.5 kpc (m-M = 21.0)
705226 objects left after isochrone cut...
Characteristic density = 4600.0 deg^-2
Characteristic density local = 4902.0 deg^-2 = 1.362 arcmin^-2
Fitting aperture to hotspot...
Candidate: x_peak:       -0.985, y_peak:        0.045, r_peak:        0.030, sig:        4.690, ra_peak:      183.202, dec_peak:       14.523
Characteristic density local = 4718.9 deg^-2 = 1.311 arcmin^-2
Fitting aperture to hotspot...
Candidate: x_peak:       -0.215, y_peak:        0.425, r_peak:        0.040, sig:       30.795, ra_peak:      183.998, dec_peak:       14.905
Characteristic density local = 4896.0 deg^-2 = 1.360 arcmin^-2
Fitting aperture to hotspot...
Candidate: x_peak:       -0.055, y_peak:       -1.175, r_peak:        0.030, sig:        4.696, ra_peak:      184.163, dec_peak:       13.305
Characteristic density local = 4856.2 deg^-2 = 1.349 arcmin^-2
Fitting aperture to hotspot...
Candidate: x_peak:        0.175, y_peak:       -0.045, r_peak:        0.020, sig:       11.017, ra_peak:      184.401, dec_peak:       14.435
Characteristic density local = 5083.0 deg^-2 = 1.412 arcmin^-2
Fitting aperture to hotspot...
Candidate: x_peak:        0.205, y_peak:        0.665, r_peak:        0.020, sig:       14.542, ra_peak:      184.432, dec_peak:       15.145
Characteristic density local = 5188.5 deg^-2 = 1.441 arcmin^-2
Fitting aperture to hotspot...
Candidate: x_peak:        0.235, y_peak:        0.535, r_peak:        0.020, sig:        7.067, ra_peak:      184.463, dec_peak:       15.015
Characteristic density local = 4828.4 deg^-2 = 1.341 arcmin^-2
Fitting aperture to hotspot...
Candidate: x_peak:        0.595, y_peak:        0.065, r_peak:        0.020, sig:       19.699, ra_peak:      184.835, dec_peak:       14.544
Characteristic density local = 4766.7 deg^-2 = 1.324 arcmin^-2
Fitting aperture to hotspot...
Candidate: x_peak:        1.065, y_peak:        0.265, r_peak:        0.030, sig:        5.203, ra_peak:      185.321, dec_peak:       14.742
Distance = 199.5 kpc (m-M = 21.5)
701369 objects left after isochrone cut...
Characteristic density = 4500.0 deg^-2
Characteristic density local = 4778.6 deg^-2 = 1.327 arcmin^-2
Fitting aperture to hotspot...
Candidate: x_peak:       -0.985, y_peak:        0.045, r_peak:        0.030, sig:        4.803, ra_peak:      183.202, dec_peak:       14.523
Characteristic density local = 4601.6 deg^-2 = 1.278 arcmin^-2
Fitting aperture to hotspot...
Candidate: x_peak:       -0.215, y_peak:        0.425, r_peak:        0.040, sig:       31.017, ra_peak:      183.998, dec_peak:       14.905
Characteristic density local = 4609.5 deg^-2 = 1.280 arcmin^-2
Fitting aperture to hotspot...
Candidate: x_peak:       -0.175, y_peak:       -0.955, r_peak:        0.010, sig:        4.094, ra_peak:      184.040, dec_peak:       13.525
Characteristic density local = 4770.7 deg^-2 = 1.325 arcmin^-2
Fitting aperture to hotspot...
Candidate: x_peak:       -0.055, y_peak:       -1.175, r_peak:        0.020, sig:        4.680, ra_peak:      184.163, dec_peak:       13.305
Characteristic density local = 4732.9 deg^-2 = 1.315 arcmin^-2
Fitting aperture to hotspot...
Candidate: x_peak:        0.175, y_peak:       -0.045, r_peak:        0.020, sig:       11.119, ra_peak:      184.401, dec_peak:       14.435
Characteristic density local = 4953.7 deg^-2 = 1.376 arcmin^-2
Fitting aperture to hotspot...
Candidate: x_peak:        0.205, y_peak:        0.665, r_peak:        0.020, sig:       14.656, ra_peak:      184.432, dec_peak:       15.145
Characteristic density local = 4724.9 deg^-2 = 1.312 arcmin^-2
Fitting aperture to hotspot...
Candidate: x_peak:        0.595, y_peak:        0.065, r_peak:        0.020, sig:       19.805, ra_peak:      184.835, dec_peak:       14.544
Characteristic density local = 4442.4 deg^-2 = 1.234 arcmin^-2
Fitting aperture to hotspot...
Candidate: x_peak:        0.715, y_peak:       -0.095, r_peak:        0.010, sig:        6.896, ra_peak:      184.958, dec_peak:       14.384
Characteristic density local = 4639.4 deg^-2 = 1.289 arcmin^-2
Fitting aperture to hotspot...
Candidate: x_peak:        1.065, y_peak:        0.265, r_peak:        0.030, sig:        5.324, ra_peak:      185.321, dec_peak:       14.742
Distance = 251.2 kpc (m-M = 22.0)
696503 objects left after isochrone cut...
Characteristic density = 4300.0 deg^-2
Characteristic density local = 4577.7 deg^-2 = 1.272 arcmin^-2
Fitting aperture to hotspot...
Candidate: x_peak:       -0.985, y_peak:        0.045, r_peak:        0.030, sig:        4.992, ra_peak:      183.202, dec_peak:       14.523
Characteristic density local = 4420.5 deg^-2 = 1.228 arcmin^-2
Fitting aperture to hotspot...
Candidate: x_peak:       -0.215, y_peak:        0.425, r_peak:        0.040, sig:       30.955, ra_peak:      183.998, dec_peak:       14.905
Characteristic density local = 4629.4 deg^-2 = 1.286 arcmin^-2
Fitting aperture to hotspot...
Candidate: x_peak:       -0.055, y_peak:       -1.175, r_peak:        0.020, sig:        4.774, ra_peak:      184.163, dec_peak:       13.305
Characteristic density local = 4593.6 deg^-2 = 1.276 arcmin^-2
Fitting aperture to hotspot...
Candidate: x_peak:        0.175, y_peak:       -0.045, r_peak:        0.020, sig:       11.236, ra_peak:      184.401, dec_peak:       14.435
Characteristic density local = 4826.4 deg^-2 = 1.341 arcmin^-2
Fitting aperture to hotspot...
Candidate: x_peak:        0.205, y_peak:        0.665, r_peak:        0.020, sig:       14.604, ra_peak:      184.432, dec_peak:       15.145
Characteristic density local = 4567.7 deg^-2 = 1.269 arcmin^-2
Fitting aperture to hotspot...
Candidate: x_peak:        0.595, y_peak:        0.065, r_peak:        0.020, sig:       19.970, ra_peak:      184.835, dec_peak:       14.544
Characteristic density local = 4293.2 deg^-2 = 1.193 arcmin^-2
Fitting aperture to hotspot...
Candidate: x_peak:        0.715, y_peak:       -0.095, r_peak:        0.010, sig:        6.967, ra_peak:      184.958, dec_peak:       14.384
Characteristic density local = 4490.2 deg^-2 = 1.247 arcmin^-2
Fitting aperture to hotspot...
Candidate: x_peak:        1.065, y_peak:        0.265, r_peak:        0.030, sig:        5.273, ra_peak:      185.321, dec_peak:       14.742
Distance = 316.2 kpc (m-M = 22.5)
690602 objects left after isochrone cut...
Characteristic density = 4100.0 deg^-2
Characteristic density local = 4374.8 deg^-2 = 1.215 arcmin^-2
Fitting aperture to hotspot...
Candidate: x_peak:       -0.975, y_peak:        0.035, r_peak:        0.020, sig:        5.987, ra_peak:      183.213, dec_peak:       14.513
Characteristic density local = 4189.8 deg^-2 = 1.164 arcmin^-2
Fitting aperture to hotspot...
Candidate: x_peak:       -0.215, y_peak:        0.425, r_peak:        0.040, sig:       31.250, ra_peak:      183.998, dec_peak:       14.905
Characteristic density local = 4472.3 deg^-2 = 1.242 arcmin^-2
Fitting aperture to hotspot...
Candidate: x_peak:       -0.055, y_peak:       -1.175, r_peak:        0.030, sig:        4.894, ra_peak:      184.163, dec_peak:       13.305
Characteristic density local = 4333.0 deg^-2 = 1.204 arcmin^-2
Fitting aperture to hotspot...
Candidate: x_peak:        0.175, y_peak:       -0.035, r_peak:        0.020, sig:       11.656, ra_peak:      184.401, dec_peak:       14.445
Characteristic density local = 4615.5 deg^-2 = 1.282 arcmin^-2
Fitting aperture to hotspot...
Candidate: x_peak:        0.205, y_peak:        0.665, r_peak:        0.020, sig:       14.798, ra_peak:      184.432, dec_peak:       15.145
Characteristic density local = 4376.8 deg^-2 = 1.216 arcmin^-2
Fitting aperture to hotspot...
Candidate: x_peak:        0.595, y_peak:        0.065, r_peak:        0.020, sig:       20.176, ra_peak:      184.835, dec_peak:       14.544
Characteristic density local = 4102.2 deg^-2 = 1.140 arcmin^-2
Fitting aperture to hotspot...
Candidate: x_peak:        0.715, y_peak:       -0.105, r_peak:        0.020, sig:        6.193, ra_peak:      184.958, dec_peak:       14.374
Characteristic density local = 4275.3 deg^-2 = 1.188 arcmin^-2
Fitting aperture to hotspot...
Candidate: x_peak:        1.065, y_peak:        0.265, r_peak:        0.030, sig:        5.086, ra_peak:      185.321, dec_peak:       14.742
Distance = 398.1 kpc (m-M = 23.0)
683283 objects left after isochrone cut...
Characteristic density = 3900.0 deg^-2
Characteristic density local = 4106.2 deg^-2 = 1.141 arcmin^-2
Fitting aperture to hotspot...
Candidate: x_peak:       -0.975, y_peak:        0.035, r_peak:        0.020, sig:        6.189, ra_peak:      183.213, dec_peak:       14.513
Characteristic density local = 3947.0 deg^-2 = 1.096 arcmin^-2
Fitting aperture to hotspot...
Candidate: x_peak:       -0.215, y_peak:        0.425, r_peak:        0.040, sig:       30.738, ra_peak:      183.998, dec_peak:       14.905
Characteristic density local = 4181.8 deg^-2 = 1.162 arcmin^-2
Fitting aperture to hotspot...
Candidate: x_peak:       -0.055, y_peak:       -1.175, r_peak:        0.030, sig:        5.180, ra_peak:      184.163, dec_peak:       13.305
Characteristic density local = 4086.3 deg^-2 = 1.135 arcmin^-2
Fitting aperture to hotspot...
Candidate: x_peak:        0.175, y_peak:       -0.035, r_peak:        0.020, sig:       11.494, ra_peak:      184.401, dec_peak:       14.445
Characteristic density local = 4342.9 deg^-2 = 1.206 arcmin^-2
Fitting aperture to hotspot...
Candidate: x_peak:        0.205, y_peak:        0.665, r_peak:        0.020, sig:       14.026, ra_peak:      184.432, dec_peak:       15.145
Characteristic density local = 4496.1 deg^-2 = 1.249 arcmin^-2
Fitting aperture to hotspot...
Candidate: x_peak:        0.235, y_peak:        0.535, r_peak:        0.020, sig:        7.108, ra_peak:      184.463, dec_peak:       15.015
Characteristic density local = 4110.2 deg^-2 = 1.142 arcmin^-2
Fitting aperture to hotspot...
Candidate: x_peak:        0.595, y_peak:        0.065, r_peak:        0.020, sig:       20.332, ra_peak:      184.835, dec_peak:       14.544
Characteristic density local = 3897.3 deg^-2 = 1.083 arcmin^-2
Fitting aperture to hotspot...
Candidate: x_peak:        0.715, y_peak:       -0.095, r_peak:        0.010, sig:        7.166, ra_peak:      184.958, dec_peak:       14.384
Characteristic density local = 4018.7 deg^-2 = 1.116 arcmin^-2
Fitting aperture to hotspot...
Candidate: x_peak:        1.065, y_peak:        0.265, r_peak:        0.030, sig:        5.348, ra_peak:      185.321, dec_peak:       14.742
31.25 sigma; (RA, Dec, d) = (184.00, 14.90); r = 0.04 deg; d = 316.2, mu = 22.50 mag), mc_source_id: 0.00
20.33 sigma; (RA, Dec, d) = (184.83, 14.54); r = 0.02 deg; d = 398.1, mu = 23.00 mag), mc_source_id: 0.00
14.80 sigma; (RA, Dec, d) = (184.43, 15.14); r = 0.02 deg; d = 316.2, mu = 22.50 mag), mc_source_id: 0.00
11.66 sigma; (RA, Dec, d) = (184.40, 14.44); r = 0.02 deg; d = 316.2, mu = 22.50 mag), mc_source_id: 0.00
7.17 sigma; (RA, Dec, d) = (184.96, 14.38); r = 0.01 deg; d = 398.1, mu = 23.00 mag), mc_source_id: 0.00
7.11 sigma; (RA, Dec, d) = (184.46, 15.01); r = 0.02 deg; d = 398.1, mu = 23.00 mag), mc_source_id: 0.00
6.19 sigma; (RA, Dec, d) = (183.21, 14.51); r = 0.02 deg; d = 398.1, mu = 23.00 mag), mc_source_id: 0.00
5.35 sigma; (RA, Dec, d) = (185.32, 14.74); r = 0.03 deg; d = 398.1, mu = 23.00 mag), mc_source_id: 0.00
5.18 sigma; (RA, Dec, d) = (184.16, 13.30); r = 0.03 deg; d = 398.1, mu = 23.00 mag), mc_source_id: 0.00
4.09 sigma; (RA, Dec, d) = (184.04, 13.52); r = 0.01 deg; d = 199.5, mu = 21.50 mag), mc_source_id: 0.00

------------------------------------------------------------
Job <679904.0> was submitted from <des51.fnal.gov> by user <tavangar>.
Job was executed on host <des40.fnal.gov> as user <tavangar>.
</var/lib/condor/execute/dir_1825651> was used as the initial working directory.
Results reported at Wed Jun  5 06:44:53 CDT 2019

Your job looked like:

------------------------------------------------------------
python /home/s1/tavangar/tavangar_simple/search_algorithm.py 184.22 14.48 0.00 /home/s1/tavangar/tavangar_simple/decals_dr7_results/results_nside_32_4609.csv /home/s1/tavangar/tavangar_simple/decals_dr7_results/decals_dr7_log/results_nside_32_4609.log
------------------------------------------------------------

Successfully completed.

Resource usage summary:

	Real time :			410.70 sec.
	CPU time :			113.37 sec.
	CPU percentage :		82%
	Max Memory :			6413120 KB
	Average Memory :		0 KB

The output (if any) is above this job summary.
