/home/s1/tavangar/tavangar_simple/simple_utils.py:170: FutureWarning: elementwise comparison failed; returning scalar instead, but in the future will perform elementwise comparison
  if np.all(isochrone.stage == 'Main'):
Search coordinates: (RA, Dec) = (240.47, 4.78)
Center healpixel: 5653
Healpixels: [5653 5781 5652 5525 5397 5526 5654 5782 5909]
MC_SOURCE_ID = 0.0
mode = 0: running only on real data
Found 1 objects...
Applying cuts...
1134019 star-like objects in ROI...
882079 galaxy-like objects in ROI...
No fracdet map specified ...
Distance = 15.8 kpc (m-M = 16.0)
1133988 objects left after isochrone cut...
Characteristic density = 11000.0 deg^-2
Characteristic density local = 12449.9 deg^-2 = 3.458 arcmin^-2
Fitting aperture to hotspot...
Candidate: x_peak:       -0.255, y_peak:       -0.355, r_peak:        0.030, sig:       17.983, ra_peak:      240.214, dec_peak:        4.425
Characteristic density local = 7195.8 deg^-2 = 1.999 arcmin^-2
Fitting aperture to hotspot...
Candidate: x_peak:       -0.615, y_peak:        0.415, r_peak:        0.140, sig:        5.932, ra_peak:      239.852, dec_peak:        5.195
Characteristic density local = 8029.4 deg^-2 = 2.230 arcmin^-2
Fitting aperture to hotspot...
Candidate: x_peak:       -0.455, y_peak:        0.305, r_peak:        0.030, sig:        5.204, ra_peak:      240.013, dec_peak:        5.085
Characteristic density local = 10309.3 deg^-2 = 2.864 arcmin^-2
Fitting aperture to hotspot...
Candidate: x_peak:        0.455, y_peak:        0.805, r_peak:        0.080, sig:        3.436, ra_peak:      240.927, dec_peak:        5.585
Characteristic density local = 11212.5 deg^-2 = 3.115 arcmin^-2
Fitting aperture to hotspot...
Candidate: x_peak:        1.365, y_peak:       -0.025, r_peak:        0.040, sig:        3.624, ra_peak:      241.840, dec_peak:        4.754
Characteristic density local = 11654.1 deg^-2 = 3.237 arcmin^-2
Fitting aperture to hotspot...
Candidate: x_peak:        1.015, y_peak:        0.115, r_peak:        0.010, sig:        0.976, ra_peak:      241.489, dec_peak:        4.894
Characteristic density local = 11783.4 deg^-2 = 3.273 arcmin^-2
Fitting aperture to hotspot...
Candidate: x_peak:        1.065, y_peak:       -0.285, r_peak:        0.040, sig:        1.807, ra_peak:      241.538, dec_peak:        4.494
Distance = 20.0 kpc (m-M = 16.5)
1134007 objects left after isochrone cut...
Characteristic density = 11000.0 deg^-2
Characteristic density local = 12449.9 deg^-2 = 3.458 arcmin^-2
Fitting aperture to hotspot...
Candidate: x_peak:       -0.255, y_peak:       -0.355, r_peak:        0.030, sig:       17.983, ra_peak:      240.214, dec_peak:        4.425
Characteristic density local = 7195.8 deg^-2 = 1.999 arcmin^-2
Fitting aperture to hotspot...
Candidate: x_peak:       -0.615, y_peak:        0.415, r_peak:        0.140, sig:        5.932, ra_peak:      239.852, dec_peak:        5.195
Characteristic density local = 8029.4 deg^-2 = 2.230 arcmin^-2
Fitting aperture to hotspot...
Candidate: x_peak:       -0.455, y_peak:        0.305, r_peak:        0.030, sig:        5.204, ra_peak:      240.013, dec_peak:        5.085
Characteristic density local = 10309.3 deg^-2 = 2.864 arcmin^-2
Fitting aperture to hotspot...
Candidate: x_peak:        0.455, y_peak:        0.805, r_peak:        0.080, sig:        3.436, ra_peak:      240.927, dec_peak:        5.585
Characteristic density local = 11212.5 deg^-2 = 3.115 arcmin^-2
Fitting aperture to hotspot...
Candidate: x_peak:        1.365, y_peak:       -0.025, r_peak:        0.040, sig:        3.624, ra_peak:      241.840, dec_peak:        4.754
Characteristic density local = 11654.1 deg^-2 = 3.237 arcmin^-2
Fitting aperture to hotspot...
Candidate: x_peak:        1.015, y_peak:        0.115, r_peak:        0.010, sig:        0.976, ra_peak:      241.489, dec_peak:        4.894
Characteristic density local = 11783.4 deg^-2 = 3.273 arcmin^-2
Fitting aperture to hotspot...
Candidate: x_peak:        1.065, y_peak:       -0.285, r_peak:        0.040, sig:        1.807, ra_peak:      241.538, dec_peak:        4.494
Distance = 25.1 kpc (m-M = 17.0)
1134012 objects left after isochrone cut...
Characteristic density = 11000.0 deg^-2
Characteristic density local = 12449.9 deg^-2 = 3.458 arcmin^-2
Fitting aperture to hotspot...
Candidate: x_peak:       -0.255, y_peak:       -0.355, r_peak:        0.030, sig:       17.983, ra_peak:      240.214, dec_peak:        4.425
Characteristic density local = 7195.8 deg^-2 = 1.999 arcmin^-2
Fitting aperture to hotspot...
Candidate: x_peak:       -0.615, y_peak:        0.415, r_peak:        0.140, sig:        5.932, ra_peak:      239.852, dec_peak:        5.195
Characteristic density local = 8029.4 deg^-2 = 2.230 arcmin^-2
Fitting aperture to hotspot...
Candidate: x_peak:       -0.455, y_peak:        0.305, r_peak:        0.030, sig:        5.204, ra_peak:      240.013, dec_peak:        5.085
Characteristic density local = 10309.3 deg^-2 = 2.864 arcmin^-2
Fitting aperture to hotspot...
Candidate: x_peak:        0.455, y_peak:        0.805, r_peak:        0.080, sig:        3.436, ra_peak:      240.927, dec_peak:        5.585
Characteristic density local = 11212.5 deg^-2 = 3.115 arcmin^-2
Fitting aperture to hotspot...
Candidate: x_peak:        1.365, y_peak:       -0.025, r_peak:        0.040, sig:        3.624, ra_peak:      241.840, dec_peak:        4.754
Characteristic density local = 11654.1 deg^-2 = 3.237 arcmin^-2
Fitting aperture to hotspot...
Candidate: x_peak:        1.015, y_peak:        0.115, r_peak:        0.010, sig:        0.976, ra_peak:      241.489, dec_peak:        4.894
Characteristic density local = 11783.4 deg^-2 = 3.273 arcmin^-2
Fitting aperture to hotspot...
Candidate: x_peak:        1.065, y_peak:       -0.285, r_peak:        0.040, sig:        1.807, ra_peak:      241.538, dec_peak:        4.494
Distance = 31.6 kpc (m-M = 17.5)
1134017 objects left after isochrone cut...
Characteristic density = 11000.0 deg^-2
Characteristic density local = 12449.9 deg^-2 = 3.458 arcmin^-2
Fitting aperture to hotspot...
Candidate: x_peak:       -0.255, y_peak:       -0.355, r_peak:        0.030, sig:       17.983, ra_peak:      240.214, dec_peak:        4.425
Characteristic density local = 7195.8 deg^-2 = 1.999 arcmin^-2
Fitting aperture to hotspot...
Candidate: x_peak:       -0.615, y_peak:        0.415, r_peak:        0.140, sig:        5.932, ra_peak:      239.852, dec_peak:        5.195
Characteristic density local = 8029.4 deg^-2 = 2.230 arcmin^-2
Fitting aperture to hotspot...
Candidate: x_peak:       -0.455, y_peak:        0.305, r_peak:        0.030, sig:        5.204, ra_peak:      240.013, dec_peak:        5.085
Characteristic density local = 10309.3 deg^-2 = 2.864 arcmin^-2
Fitting aperture to hotspot...
Candidate: x_peak:        0.455, y_peak:        0.805, r_peak:        0.080, sig:        3.436, ra_peak:      240.927, dec_peak:        5.585
Characteristic density local = 11212.5 deg^-2 = 3.115 arcmin^-2
Fitting aperture to hotspot...
Candidate: x_peak:        1.365, y_peak:       -0.025, r_peak:        0.040, sig:        3.624, ra_peak:      241.840, dec_peak:        4.754
Characteristic density local = 11654.1 deg^-2 = 3.237 arcmin^-2
Fitting aperture to hotspot...
Candidate: x_peak:        1.015, y_peak:        0.115, r_peak:        0.010, sig:        0.976, ra_peak:      241.489, dec_peak:        4.894
Characteristic density local = 11783.4 deg^-2 = 3.273 arcmin^-2
Fitting aperture to hotspot...
Candidate: x_peak:        1.065, y_peak:       -0.285, r_peak:        0.040, sig:        1.807, ra_peak:      241.538, dec_peak:        4.494
Distance = 39.8 kpc (m-M = 18.0)
1133954 objects left after isochrone cut...
Characteristic density = 11000.0 deg^-2
Characteristic density local = 12449.9 deg^-2 = 3.458 arcmin^-2
Fitting aperture to hotspot...
Candidate: x_peak:       -0.255, y_peak:       -0.355, r_peak:        0.030, sig:       17.983, ra_peak:      240.214, dec_peak:        4.425
Characteristic density local = 7195.8 deg^-2 = 1.999 arcmin^-2
Fitting aperture to hotspot...
Candidate: x_peak:       -0.615, y_peak:        0.415, r_peak:        0.140, sig:        5.932, ra_peak:      239.852, dec_peak:        5.195
Characteristic density local = 8029.4 deg^-2 = 2.230 arcmin^-2
Fitting aperture to hotspot...
Candidate: x_peak:       -0.455, y_peak:        0.305, r_peak:        0.030, sig:        5.204, ra_peak:      240.013, dec_peak:        5.085
Characteristic density local = 10309.3 deg^-2 = 2.864 arcmin^-2
Fitting aperture to hotspot...
Candidate: x_peak:        0.455, y_peak:        0.805, r_peak:        0.080, sig:        3.436, ra_peak:      240.927, dec_peak:        5.585
Characteristic density local = 11212.5 deg^-2 = 3.115 arcmin^-2
Fitting aperture to hotspot...
Candidate: x_peak:        1.365, y_peak:       -0.025, r_peak:        0.040, sig:        3.624, ra_peak:      241.840, dec_peak:        4.754
Characteristic density local = 11654.1 deg^-2 = 3.237 arcmin^-2
Fitting aperture to hotspot...
Candidate: x_peak:        1.015, y_peak:        0.115, r_peak:        0.010, sig:        0.976, ra_peak:      241.489, dec_peak:        4.894
Characteristic density local = 11783.4 deg^-2 = 3.273 arcmin^-2
Fitting aperture to hotspot...
Candidate: x_peak:        1.065, y_peak:       -0.285, r_peak:        0.040, sig:        1.807, ra_peak:      241.538, dec_peak:        4.494
Distance = 50.1 kpc (m-M = 18.5)
1133555 objects left after isochrone cut...
Characteristic density = 11000.0 deg^-2
Characteristic density local = 12443.9 deg^-2 = 3.457 arcmin^-2
Fitting aperture to hotspot...
Candidate: x_peak:       -0.255, y_peak:       -0.355, r_peak:        0.030, sig:       17.987, ra_peak:      240.214, dec_peak:        4.425
Characteristic density local = 7189.8 deg^-2 = 1.997 arcmin^-2
Fitting aperture to hotspot...
Candidate: x_peak:       -0.615, y_peak:        0.415, r_peak:        0.180, sig:        5.953, ra_peak:      239.852, dec_peak:        5.195
Characteristic density local = 8021.4 deg^-2 = 2.228 arcmin^-2
Fitting aperture to hotspot...
Candidate: x_peak:       -0.455, y_peak:        0.305, r_peak:        0.030, sig:        5.210, ra_peak:      240.013, dec_peak:        5.085
Characteristic density local = 10303.3 deg^-2 = 2.862 arcmin^-2
Fitting aperture to hotspot...
Candidate: x_peak:        0.455, y_peak:        0.805, r_peak:        0.080, sig:        3.444, ra_peak:      240.927, dec_peak:        5.585
Characteristic density local = 11174.7 deg^-2 = 3.104 arcmin^-2
Fitting aperture to hotspot...
Candidate: x_peak:        1.365, y_peak:       -0.025, r_peak:        0.040, sig:        3.651, ra_peak:      241.840, dec_peak:        4.754
Characteristic density local = 11622.3 deg^-2 = 3.228 arcmin^-2
Fitting aperture to hotspot...
Candidate: x_peak:        1.015, y_peak:        0.115, r_peak:        0.010, sig:        0.982, ra_peak:      241.489, dec_peak:        4.894
Characteristic density local = 11759.6 deg^-2 = 3.267 arcmin^-2
Fitting aperture to hotspot...
Candidate: x_peak:        1.065, y_peak:       -0.285, r_peak:        0.040, sig:        1.823, ra_peak:      241.538, dec_peak:        4.494
Distance = 63.1 kpc (m-M = 19.0)
1131190 objects left after isochrone cut...
Characteristic density = 10900.0 deg^-2
Characteristic density local = 12326.6 deg^-2 = 3.424 arcmin^-2
Fitting aperture to hotspot...
Candidate: x_peak:       -0.255, y_peak:       -0.355, r_peak:        0.030, sig:       18.067, ra_peak:      240.214, dec_peak:        4.425
Characteristic density local = 7156.0 deg^-2 = 1.988 arcmin^-2
Fitting aperture to hotspot...
Candidate: x_peak:       -0.615, y_peak:        0.415, r_peak:        0.180, sig:        6.085, ra_peak:      239.852, dec_peak:        5.195
Characteristic density local = 7979.6 deg^-2 = 2.217 arcmin^-2
Fitting aperture to hotspot...
Candidate: x_peak:       -0.455, y_peak:        0.305, r_peak:        0.030, sig:        5.239, ra_peak:      240.013, dec_peak:        5.085
Characteristic density local = 11391.5 deg^-2 = 3.164 arcmin^-2
Fitting aperture to hotspot...
Candidate: x_peak:        0.185, y_peak:        0.095, r_peak:        0.290, sig:        4.814, ra_peak:      240.656, dec_peak:        4.875
Characteristic density local = 10265.5 deg^-2 = 2.852 arcmin^-2
Fitting aperture to hotspot...
Candidate: x_peak:        0.455, y_peak:        0.805, r_peak:        0.080, sig:        3.499, ra_peak:      240.927, dec_peak:        5.585
Characteristic density local = 11516.8 deg^-2 = 3.199 arcmin^-2
Fitting aperture to hotspot...
Candidate: x_peak:        0.965, y_peak:       -0.245, r_peak:        0.020, sig:        1.763, ra_peak:      241.438, dec_peak:        4.534
Characteristic density local = 11604.4 deg^-2 = 3.223 arcmin^-2
Fitting aperture to hotspot...
Candidate: x_peak:        1.065, y_peak:       -0.285, r_peak:        0.040, sig:        1.929, ra_peak:      241.538, dec_peak:        4.494
Distance = 79.4 kpc (m-M = 19.5)
1126954 objects left after isochrone cut...
Characteristic density = 10800.0 deg^-2
Characteristic density local = 12101.7 deg^-2 = 3.362 arcmin^-2
Fitting aperture to hotspot...
Candidate: x_peak:       -0.255, y_peak:       -0.355, r_peak:        0.030, sig:       18.223, ra_peak:      240.214, dec_peak:        4.425
Characteristic density local = 7106.3 deg^-2 = 1.974 arcmin^-2
Fitting aperture to hotspot...
Candidate: x_peak:       -0.615, y_peak:        0.415, r_peak:        0.180, sig:        6.280, ra_peak:      239.852, dec_peak:        5.195
Characteristic density local = 7908.0 deg^-2 = 2.197 arcmin^-2
Fitting aperture to hotspot...
Candidate: x_peak:       -0.455, y_peak:        0.305, r_peak:        0.030, sig:        5.289, ra_peak:      240.013, dec_peak:        5.085
Characteristic density local = 10205.8 deg^-2 = 2.835 arcmin^-2
Fitting aperture to hotspot...
Candidate: x_peak:        0.455, y_peak:        0.805, r_peak:        0.080, sig:        3.586, ra_peak:      240.927, dec_peak:        5.585
Characteristic density local = 11578.5 deg^-2 = 3.216 arcmin^-2
Fitting aperture to hotspot...
Candidate: x_peak:        0.835, y_peak:        0.175, r_peak:        0.020, sig:        1.968, ra_peak:      241.308, dec_peak:        4.954
Characteristic density local = 11841.1 deg^-2 = 3.289 arcmin^-2
Fitting aperture to hotspot...
Candidate: x_peak:        0.815, y_peak:       -0.025, r_peak:        0.040, sig:        0.784, ra_peak:      241.288, dec_peak:        4.755
Characteristic density local = 11349.7 deg^-2 = 3.153 arcmin^-2
Fitting aperture to hotspot...
Candidate: x_peak:        1.065, y_peak:       -0.285, r_peak:        0.040, sig:        1.861, ra_peak:      241.538, dec_peak:        4.494
Distance = 100.0 kpc (m-M = 20.0)
1120967 objects left after isochrone cut...
Characteristic density = 10600.0 deg^-2
Characteristic density local = 11849.1 deg^-2 = 3.291 arcmin^-2
Fitting aperture to hotspot...
Candidate: x_peak:       -0.255, y_peak:       -0.355, r_peak:        0.030, sig:       18.400, ra_peak:      240.214, dec_peak:        4.425
Characteristic density local = 7020.7 deg^-2 = 1.950 arcmin^-2
Fitting aperture to hotspot...
Candidate: x_peak:       -0.615, y_peak:        0.415, r_peak:        0.180, sig:        6.166, ra_peak:      239.852, dec_peak:        5.195
Characteristic density local = 7780.7 deg^-2 = 2.161 arcmin^-2
Fitting aperture to hotspot...
Candidate: x_peak:       -0.455, y_peak:        0.305, r_peak:        0.030, sig:        5.379, ra_peak:      240.013, dec_peak:        5.085
Characteristic density local = 11300.0 deg^-2 = 3.139 arcmin^-2
Fitting aperture to hotspot...
Candidate: x_peak:        0.835, y_peak:        0.175, r_peak:        0.020, sig:        2.069, ra_peak:      241.308, dec_peak:        4.954
Characteristic density local = 10488.3 deg^-2 = 2.913 arcmin^-2
Fitting aperture to hotspot...
Candidate: x_peak:        1.365, y_peak:       -0.025, r_peak:        0.040, sig:        3.688, ra_peak:      241.840, dec_peak:        4.754
Characteristic density local = 11061.3 deg^-2 = 3.073 arcmin^-2
Fitting aperture to hotspot...
Candidate: x_peak:        1.065, y_peak:       -0.285, r_peak:        0.040, sig:        1.939, ra_peak:      241.538, dec_peak:        4.494
Distance = 125.9 kpc (m-M = 20.5)
1112825 objects left after isochrone cut...
Characteristic density = 10200.0 deg^-2
Characteristic density local = 11498.9 deg^-2 = 3.194 arcmin^-2
Fitting aperture to hotspot...
Candidate: x_peak:       -0.255, y_peak:       -0.355, r_peak:        0.030, sig:       18.556, ra_peak:      240.214, dec_peak:        4.425
Characteristic density local = 6923.2 deg^-2 = 1.923 arcmin^-2
Fitting aperture to hotspot...
Candidate: x_peak:       -0.615, y_peak:        0.415, r_peak:        0.180, sig:        5.888, ra_peak:      239.852, dec_peak:        5.195
Characteristic density local = 7637.4 deg^-2 = 2.122 arcmin^-2
Fitting aperture to hotspot...
Candidate: x_peak:       -0.455, y_peak:        0.305, r_peak:        0.030, sig:        5.321, ra_peak:      240.013, dec_peak:        5.085
Characteristic density local = 11315.9 deg^-2 = 3.143 arcmin^-2
Fitting aperture to hotspot...
Candidate: x_peak:        0.145, y_peak:       -1.065, r_peak:        0.150, sig:        1.812, ra_peak:      240.615, dec_peak:        3.715
Characteristic density local = 10989.6 deg^-2 = 3.053 arcmin^-2
Fitting aperture to hotspot...
Candidate: x_peak:        0.835, y_peak:        0.175, r_peak:        0.020, sig:        1.720, ra_peak:      241.308, dec_peak:        4.954
Characteristic density local = 10731.0 deg^-2 = 2.981 arcmin^-2
Fitting aperture to hotspot...
Candidate: x_peak:        1.065, y_peak:       -0.285, r_peak:        0.040, sig:        1.671, ra_peak:      241.538, dec_peak:        4.494
Distance = 158.5 kpc (m-M = 21.0)
1102491 objects left after isochrone cut...
Characteristic density = 9900.0 deg^-2
Characteristic density local = 11109.0 deg^-2 = 3.086 arcmin^-2
Fitting aperture to hotspot...
Candidate: x_peak:       -0.255, y_peak:       -0.355, r_peak:        0.030, sig:       18.652, ra_peak:      240.214, dec_peak:        4.425
Characteristic density local = 8190.5 deg^-2 = 2.275 arcmin^-2
Fitting aperture to hotspot...
Candidate: x_peak:       -1.115, y_peak:        0.125, r_peak:        0.020, sig:        4.475, ra_peak:      239.351, dec_peak:        4.904
Characteristic density local = 5632.1 deg^-2 = 1.564 arcmin^-2
Fitting aperture to hotspot...
Candidate: x_peak:       -0.665, y_peak:        0.565, r_peak:        0.220, sig:        6.792, ra_peak:      239.802, dec_peak:        5.345
Characteristic density local = 6772.0 deg^-2 = 1.881 arcmin^-2
Fitting aperture to hotspot...
Candidate: x_peak:       -0.615, y_peak:        0.415, r_peak:        0.180, sig:        5.607, ra_peak:      239.852, dec_peak:        5.195
Characteristic density local = 7432.5 deg^-2 = 2.065 arcmin^-2
Fitting aperture to hotspot...
Candidate: x_peak:       -0.455, y_peak:        0.305, r_peak:        0.040, sig:        5.368, ra_peak:      240.013, dec_peak:        5.085
Characteristic density local = 10872.3 deg^-2 = 3.020 arcmin^-2
Fitting aperture to hotspot...
Candidate: x_peak:        0.145, y_peak:       -1.065, r_peak:        0.270, sig:        2.044, ra_peak:      240.615, dec_peak:        3.715
Characteristic density local = 10297.3 deg^-2 = 2.860 arcmin^-2
Fitting aperture to hotspot...
Candidate: x_peak:        0.955, y_peak:       -0.235, r_peak:        0.020, sig:        2.213, ra_peak:      241.428, dec_peak:        4.544
Characteristic density local = 10301.3 deg^-2 = 2.861 arcmin^-2
Fitting aperture to hotspot...
Candidate: x_peak:        1.065, y_peak:       -0.285, r_peak:        0.040, sig:        1.595, ra_peak:      241.538, dec_peak:        4.494
Characteristic density local = 9710.4 deg^-2 = 2.697 arcmin^-2
Fitting aperture to hotspot...
Candidate: x_peak:        1.185, y_peak:       -0.095, r_peak:        0.080, sig:        3.336, ra_peak:      241.659, dec_peak:        4.684
Distance = 199.5 kpc (m-M = 21.5)
1089793 objects left after isochrone cut...
Characteristic density = 9500.0 deg^-2
Characteristic density local = 10577.8 deg^-2 = 2.938 arcmin^-2
Fitting aperture to hotspot...
Candidate: x_peak:       -0.255, y_peak:       -0.355, r_peak:        0.030, sig:       18.957, ra_peak:      240.214, dec_peak:        4.425
Characteristic density local = 5496.8 deg^-2 = 1.527 arcmin^-2
Fitting aperture to hotspot...
Candidate: x_peak:       -0.655, y_peak:        0.565, r_peak:        0.050, sig:        6.644, ra_peak:      239.812, dec_peak:        5.345
Characteristic density local = 6569.1 deg^-2 = 1.825 arcmin^-2
Fitting aperture to hotspot...
Candidate: x_peak:       -0.615, y_peak:        0.415, r_peak:        0.180, sig:        5.386, ra_peak:      239.852, dec_peak:        5.195
Characteristic density local = 7156.0 deg^-2 = 1.988 arcmin^-2
Fitting aperture to hotspot...
Candidate: x_peak:       -0.455, y_peak:        0.305, r_peak:        0.030, sig:        5.512, ra_peak:      240.013, dec_peak:        5.085
Characteristic density local = 10225.7 deg^-2 = 2.840 arcmin^-2
Fitting aperture to hotspot...
Candidate: x_peak:        0.845, y_peak:       -0.015, r_peak:        0.010, sig:        2.116, ra_peak:      241.318, dec_peak:        4.764
Characteristic density local = 10162.0 deg^-2 = 2.823 arcmin^-2
Fitting aperture to hotspot...
Candidate: x_peak:        0.835, y_peak:        0.175, r_peak:        0.020, sig:        1.790, ra_peak:      241.308, dec_peak:        4.954
Characteristic density local = 9764.2 deg^-2 = 2.712 arcmin^-2
Fitting aperture to hotspot...
Candidate: x_peak:        0.955, y_peak:       -0.235, r_peak:        0.020, sig:        2.422, ra_peak:      241.428, dec_peak:        4.544
Characteristic density local = 9722.4 deg^-2 = 2.701 arcmin^-2
Fitting aperture to hotspot...
Candidate: x_peak:        1.075, y_peak:       -0.275, r_peak:        0.030, sig:        1.666, ra_peak:      241.548, dec_peak:        4.504
Characteristic density local = 9292.7 deg^-2 = 2.581 arcmin^-2
Fitting aperture to hotspot...
Candidate: x_peak:        1.175, y_peak:       -0.105, r_peak:        0.100, sig:        3.441, ra_peak:      241.649, dec_peak:        4.674
Distance = 251.2 kpc (m-M = 22.0)
1074458 objects left after isochrone cut...
Characteristic density = 8900.0 deg^-2
Characteristic density local = 8445.2 deg^-2 = 2.346 arcmin^-2
Fitting aperture to hotspot...
Candidate: x_peak:       -0.845, y_peak:       -0.025, r_peak:        0.020, sig:       13.240, ra_peak:      239.622, dec_peak:        4.754
Characteristic density local = 8723.7 deg^-2 = 2.423 arcmin^-2
Fitting aperture to hotspot...
Candidate: x_peak:       -0.335, y_peak:       -0.045, r_peak:        0.030, sig:        7.116, ra_peak:      240.134, dec_peak:        4.735
Characteristic density local = 10054.6 deg^-2 = 2.793 arcmin^-2
Fitting aperture to hotspot...
Candidate: x_peak:       -0.255, y_peak:       -0.355, r_peak:        0.030, sig:       19.173, ra_peak:      240.214, dec_peak:        4.425
Characteristic density local = 10110.3 deg^-2 = 2.808 arcmin^-2
Fitting aperture to hotspot...
Candidate: x_peak:        0.155, y_peak:       -0.305, r_peak:        0.020, sig:        5.270, ra_peak:      240.625, dec_peak:        4.475
Characteristic density local = 9306.6 deg^-2 = 2.585 arcmin^-2
Fitting aperture to hotspot...
Candidate: x_peak:        0.475, y_peak:        0.205, r_peak:        0.030, sig:       17.482, ra_peak:      240.947, dec_peak:        4.985
Characteristic density local = 9622.9 deg^-2 = 2.673 arcmin^-2
Fitting aperture to hotspot...
Candidate: x_peak:        0.795, y_peak:       -0.515, r_peak:        0.020, sig:        5.681, ra_peak:      241.267, dec_peak:        4.265
Characteristic density local = 9278.7 deg^-2 = 2.577 arcmin^-2
Fitting aperture to hotspot...
Candidate: x_peak:        0.935, y_peak:        0.395, r_peak:        0.050, sig:        4.914, ra_peak:      241.409, dec_peak:        5.174
Distance = 316.2 kpc (m-M = 22.5)
1055449 objects left after isochrone cut...
Characteristic density = 8300.0 deg^-2
Characteristic density local = 7844.3 deg^-2 = 2.179 arcmin^-2
Fitting aperture to hotspot...
Candidate: x_peak:       -0.845, y_peak:       -0.025, r_peak:        0.020, sig:       13.459, ra_peak:      239.622, dec_peak:        4.754
Characteristic density local = 8087.1 deg^-2 = 2.246 arcmin^-2
Fitting aperture to hotspot...
Candidate: x_peak:       -0.335, y_peak:       -0.045, r_peak:        0.030, sig:        7.136, ra_peak:      240.134, dec_peak:        4.735
Characteristic density local = 9290.7 deg^-2 = 2.581 arcmin^-2
Fitting aperture to hotspot...
Candidate: x_peak:       -0.255, y_peak:       -0.355, r_peak:        0.030, sig:       19.210, ra_peak:      240.214, dec_peak:        4.425
Characteristic density local = 9262.8 deg^-2 = 2.573 arcmin^-2
Fitting aperture to hotspot...
Candidate: x_peak:        0.155, y_peak:       -0.305, r_peak:        0.020, sig:        5.448, ra_peak:      240.625, dec_peak:        4.475
Characteristic density local = 8558.6 deg^-2 = 2.377 arcmin^-2
Fitting aperture to hotspot...
Candidate: x_peak:        0.475, y_peak:        0.205, r_peak:        0.030, sig:       17.694, ra_peak:      240.947, dec_peak:        4.985
Characteristic density local = 8864.9 deg^-2 = 2.462 arcmin^-2
Fitting aperture to hotspot...
Candidate: x_peak:        0.795, y_peak:       -0.515, r_peak:        0.020, sig:        5.834, ra_peak:      241.267, dec_peak:        4.265
Characteristic density local = 8594.4 deg^-2 = 2.387 arcmin^-2
Fitting aperture to hotspot...
Candidate: x_peak:        0.935, y_peak:        0.395, r_peak:        0.050, sig:        4.704, ra_peak:      241.409, dec_peak:        5.174
Distance = 398.1 kpc (m-M = 23.0)
1031725 objects left after isochrone cut...
Characteristic density = 7500.0 deg^-2
Characteristic density local = 8377.5 deg^-2 = 2.327 arcmin^-2
Fitting aperture to hotspot...
Candidate: x_peak:       -0.255, y_peak:       -0.355, r_peak:        0.030, sig:       19.704, ra_peak:      240.214, dec_peak:        4.425
Characteristic density local = 4516.0 deg^-2 = 1.254 arcmin^-2
Fitting aperture to hotspot...
Candidate: x_peak:       -0.665, y_peak:        0.565, r_peak:        0.050, sig:        6.998, ra_peak:      239.802, dec_peak:        5.345
Characteristic density local = 5735.5 deg^-2 = 1.593 arcmin^-2
Fitting aperture to hotspot...
Candidate: x_peak:       -0.455, y_peak:        0.305, r_peak:        0.030, sig:        5.803, ra_peak:      240.013, dec_peak:        5.085
Characteristic density local = 6507.4 deg^-2 = 1.808 arcmin^-2
Fitting aperture to hotspot...
Candidate: x_peak:       -0.205, y_peak:        0.395, r_peak:        0.030, sig:        3.933, ra_peak:      240.264, dec_peak:        5.175
Characteristic density local = 7987.6 deg^-2 = 2.219 arcmin^-2
Fitting aperture to hotspot...
Candidate: x_peak:        0.835, y_peak:        0.175, r_peak:        0.020, sig:        1.913, ra_peak:      241.308, dec_peak:        4.954
Characteristic density local = 7657.3 deg^-2 = 2.127 arcmin^-2
Fitting aperture to hotspot...
Candidate: x_peak:        1.015, y_peak:        0.105, r_peak:        0.020, sig:        2.584, ra_peak:      241.489, dec_peak:        4.884
Characteristic density local = 7595.7 deg^-2 = 2.110 arcmin^-2
Fitting aperture to hotspot...
Candidate: x_peak:        1.075, y_peak:       -0.275, r_peak:        0.030, sig:        2.243, ra_peak:      241.548, dec_peak:        4.504
Characteristic density local = 7287.3 deg^-2 = 2.024 arcmin^-2
Fitting aperture to hotspot...
Candidate: x_peak:        1.155, y_peak:       -0.125, r_peak:        0.060, sig:        3.155, ra_peak:      241.629, dec_peak:        4.654
19.70 sigma; (RA, Dec, d) = (240.21, 4.42); r = 0.03 deg; d = 398.1, mu = 23.00 mag), mc_source_id: 0.00
17.69 sigma; (RA, Dec, d) = (240.95, 4.98); r = 0.03 deg; d = 316.2, mu = 22.50 mag), mc_source_id: 0.00
13.46 sigma; (RA, Dec, d) = (239.62, 4.75); r = 0.02 deg; d = 316.2, mu = 22.50 mag), mc_source_id: 0.00
7.14 sigma; (RA, Dec, d) = (240.13, 4.73); r = 0.03 deg; d = 316.2, mu = 22.50 mag), mc_source_id: 0.00
7.00 sigma; (RA, Dec, d) = (239.80, 5.34); r = 0.05 deg; d = 398.1, mu = 23.00 mag), mc_source_id: 0.00
6.28 sigma; (RA, Dec, d) = (239.85, 5.19); r = 0.18 deg; d = 79.4, mu = 19.50 mag), mc_source_id: 0.00
5.83 sigma; (RA, Dec, d) = (241.27, 4.26); r = 0.02 deg; d = 316.2, mu = 22.50 mag), mc_source_id: 0.00
5.80 sigma; (RA, Dec, d) = (240.01, 5.08); r = 0.03 deg; d = 398.1, mu = 23.00 mag), mc_source_id: 0.00
5.45 sigma; (RA, Dec, d) = (240.63, 4.47); r = 0.02 deg; d = 316.2, mu = 22.50 mag), mc_source_id: 0.00
4.91 sigma; (RA, Dec, d) = (241.41, 5.17); r = 0.05 deg; d = 251.2, mu = 22.00 mag), mc_source_id: 0.00
4.81 sigma; (RA, Dec, d) = (240.66, 4.87); r = 0.29 deg; d = 63.1, mu = 19.00 mag), mc_source_id: 0.00
4.47 sigma; (RA, Dec, d) = (239.35, 4.90); r = 0.02 deg; d = 158.5, mu = 21.00 mag), mc_source_id: 0.00
3.93 sigma; (RA, Dec, d) = (240.26, 5.17); r = 0.03 deg; d = 398.1, mu = 23.00 mag), mc_source_id: 0.00
3.69 sigma; (RA, Dec, d) = (241.84, 4.75); r = 0.04 deg; d = 100.0, mu = 20.00 mag), mc_source_id: 0.00
3.59 sigma; (RA, Dec, d) = (240.93, 5.58); r = 0.08 deg; d = 79.4, mu = 19.50 mag), mc_source_id: 0.00
3.44 sigma; (RA, Dec, d) = (241.65, 4.67); r = 0.10 deg; d = 199.5, mu = 21.50 mag), mc_source_id: 0.00
2.58 sigma; (RA, Dec, d) = (241.49, 4.88); r = 0.02 deg; d = 398.1, mu = 23.00 mag), mc_source_id: 0.00
2.42 sigma; (RA, Dec, d) = (241.43, 4.54); r = 0.02 deg; d = 199.5, mu = 21.50 mag), mc_source_id: 0.00
2.24 sigma; (RA, Dec, d) = (241.55, 4.50); r = 0.03 deg; d = 398.1, mu = 23.00 mag), mc_source_id: 0.00
2.12 sigma; (RA, Dec, d) = (241.32, 4.76); r = 0.01 deg; d = 199.5, mu = 21.50 mag), mc_source_id: 0.00
2.07 sigma; (RA, Dec, d) = (241.31, 4.95); r = 0.02 deg; d = 100.0, mu = 20.00 mag), mc_source_id: 0.00
2.04 sigma; (RA, Dec, d) = (240.62, 3.71); r = 0.27 deg; d = 158.5, mu = 21.00 mag), mc_source_id: 0.00
0.78 sigma; (RA, Dec, d) = (241.29, 4.75); r = 0.04 deg; d = 79.4, mu = 19.50 mag), mc_source_id: 0.00

------------------------------------------------------------
Job <680624.0> was submitted from <des51.fnal.gov> by user <tavangar>.
Job was executed on host <des40.fnal.gov> as user <tavangar>.
</var/lib/condor/execute/dir_1970277> was used as the initial working directory.
Results reported at Wed Jun  5 10:56:34 CDT 2019

Your job looked like:

------------------------------------------------------------
python /home/s1/tavangar/tavangar_simple/search_algorithm.py 240.47 4.78 0.00 /home/s1/tavangar/tavangar_simple/decals_dr7_results/results_nside_32_5653.csv /home/s1/tavangar/tavangar_simple/decals_dr7_results/decals_dr7_log/results_nside_32_5653.log
------------------------------------------------------------

Successfully completed.

Resource usage summary:

	Real time :			642.09 sec.
	CPU time :			164.52 sec.
	CPU percentage :		90%
	Max Memory :			6984688 KB
	Average Memory :		0 KB

The output (if any) is above this job summary.
