/home/s1/tavangar/tavangar_simple/simple_utils.py:170: FutureWarning: elementwise comparison failed; returning scalar instead, but in the future will perform elementwise comparison
  if np.all(isochrone.stage == 'Main'):
Search coordinates: (RA, Dec) = (14.06, -3.58)
Center healpixel: 6469
Healpixels: [6469 6596 6468 6340 6213 6341 6470 6597 6725]
MC_SOURCE_ID = 0.0
mode = 0: running only on real data
Found 1 objects...
Applying cuts...
869679 star-like objects in ROI...
1399521 galaxy-like objects in ROI...
No fracdet map specified ...
Distance = 15.8 kpc (m-M = 16.0)
869650 objects left after isochrone cut...
Characteristic density = 3300.0 deg^-2
Characteristic density local = 3891.3 deg^-2 = 1.081 arcmin^-2
Fitting aperture to hotspot...
Candidate: x_peak:       -0.875, y_peak:        0.315, r_peak:        0.020, sig:        6.612, ra_peak:       13.184, dec_peak:       -3.265
Characteristic density local = 3909.2 deg^-2 = 1.086 arcmin^-2
Fitting aperture to hotspot...
Candidate: x_peak:       -0.265, y_peak:        0.595, r_peak:        0.020, sig:        6.847, ra_peak:       13.795, dec_peak:       -2.985
Characteristic density local = 3250.7 deg^-2 = 0.903 arcmin^-2
Fitting aperture to hotspot...
Candidate: x_peak:       -0.265, y_peak:       -0.265, r_peak:        0.020, sig:        8.409, ra_peak:       13.794, dec_peak:       -3.845
Characteristic density local = 3423.8 deg^-2 = 0.951 arcmin^-2
Fitting aperture to hotspot...
Candidate: x_peak:       -0.195, y_peak:       -0.995, r_peak:        0.100, sig:        5.187, ra_peak:       13.864, dec_peak:       -4.575
Characteristic density local = 3318.4 deg^-2 = 0.922 arcmin^-2
Fitting aperture to hotspot...
Candidate: x_peak:       -0.135, y_peak:       -0.415, r_peak:        0.020, sig:       10.174, ra_peak:       13.925, dec_peak:       -3.995
Characteristic density local = 3240.8 deg^-2 = 0.900 arcmin^-2
Fitting aperture to hotspot...
Candidate: x_peak:       -0.055, y_peak:       -0.155, r_peak:        0.020, sig:       17.809, ra_peak:       14.005, dec_peak:       -3.735
Characteristic density local = 3732.2 deg^-2 = 1.037 arcmin^-2
Fitting aperture to hotspot...
Candidate: x_peak:        0.135, y_peak:        0.845, r_peak:        0.020, sig:       22.523, ra_peak:       14.195, dec_peak:       -2.735
Characteristic density local = 3384.0 deg^-2 = 0.940 arcmin^-2
Fitting aperture to hotspot...
Candidate: x_peak:        0.415, y_peak:       -0.665, r_peak:        0.020, sig:       10.754, ra_peak:       14.476, dec_peak:       -4.245
Characteristic density local = 3437.7 deg^-2 = 0.955 arcmin^-2
Fitting aperture to hotspot...
Candidate: x_peak:        1.375, y_peak:       -0.025, r_peak:        0.020, sig:        7.990, ra_peak:       15.438, dec_peak:       -3.604
Distance = 20.0 kpc (m-M = 16.5)
869665 objects left after isochrone cut...
Characteristic density = 3300.0 deg^-2
Characteristic density local = 3891.3 deg^-2 = 1.081 arcmin^-2
Fitting aperture to hotspot...
Candidate: x_peak:       -0.875, y_peak:        0.315, r_peak:        0.020, sig:        6.612, ra_peak:       13.184, dec_peak:       -3.265
Characteristic density local = 3909.2 deg^-2 = 1.086 arcmin^-2
Fitting aperture to hotspot...
Candidate: x_peak:       -0.265, y_peak:        0.595, r_peak:        0.020, sig:        6.847, ra_peak:       13.795, dec_peak:       -2.985
Characteristic density local = 3250.7 deg^-2 = 0.903 arcmin^-2
Fitting aperture to hotspot...
Candidate: x_peak:       -0.265, y_peak:       -0.265, r_peak:        0.020, sig:        8.409, ra_peak:       13.794, dec_peak:       -3.845
Characteristic density local = 3423.8 deg^-2 = 0.951 arcmin^-2
Fitting aperture to hotspot...
Candidate: x_peak:       -0.195, y_peak:       -0.995, r_peak:        0.100, sig:        5.187, ra_peak:       13.864, dec_peak:       -4.575
Characteristic density local = 3318.4 deg^-2 = 0.922 arcmin^-2
Fitting aperture to hotspot...
Candidate: x_peak:       -0.135, y_peak:       -0.415, r_peak:        0.020, sig:       10.174, ra_peak:       13.925, dec_peak:       -3.995
Characteristic density local = 3240.8 deg^-2 = 0.900 arcmin^-2
Fitting aperture to hotspot...
Candidate: x_peak:       -0.055, y_peak:       -0.155, r_peak:        0.020, sig:       17.809, ra_peak:       14.005, dec_peak:       -3.735
Characteristic density local = 3732.2 deg^-2 = 1.037 arcmin^-2
Fitting aperture to hotspot...
Candidate: x_peak:        0.135, y_peak:        0.845, r_peak:        0.020, sig:       22.523, ra_peak:       14.195, dec_peak:       -2.735
Characteristic density local = 3384.0 deg^-2 = 0.940 arcmin^-2
Fitting aperture to hotspot...
Candidate: x_peak:        0.415, y_peak:       -0.665, r_peak:        0.020, sig:       10.754, ra_peak:       14.476, dec_peak:       -4.245
Characteristic density local = 3437.7 deg^-2 = 0.955 arcmin^-2
Fitting aperture to hotspot...
Candidate: x_peak:        1.375, y_peak:       -0.025, r_peak:        0.020, sig:        7.990, ra_peak:       15.438, dec_peak:       -3.604
Distance = 25.1 kpc (m-M = 17.0)
869674 objects left after isochrone cut...
Characteristic density = 3300.0 deg^-2
Characteristic density local = 3891.3 deg^-2 = 1.081 arcmin^-2
Fitting aperture to hotspot...
Candidate: x_peak:       -0.875, y_peak:        0.315, r_peak:        0.020, sig:        6.612, ra_peak:       13.184, dec_peak:       -3.265
Characteristic density local = 3909.2 deg^-2 = 1.086 arcmin^-2
Fitting aperture to hotspot...
Candidate: x_peak:       -0.265, y_peak:        0.595, r_peak:        0.020, sig:        6.847, ra_peak:       13.795, dec_peak:       -2.985
Characteristic density local = 3250.7 deg^-2 = 0.903 arcmin^-2
Fitting aperture to hotspot...
Candidate: x_peak:       -0.265, y_peak:       -0.265, r_peak:        0.020, sig:        8.409, ra_peak:       13.794, dec_peak:       -3.845
Characteristic density local = 3423.8 deg^-2 = 0.951 arcmin^-2
Fitting aperture to hotspot...
Candidate: x_peak:       -0.195, y_peak:       -0.995, r_peak:        0.100, sig:        5.187, ra_peak:       13.864, dec_peak:       -4.575
Characteristic density local = 3318.4 deg^-2 = 0.922 arcmin^-2
Fitting aperture to hotspot...
Candidate: x_peak:       -0.135, y_peak:       -0.415, r_peak:        0.020, sig:       10.174, ra_peak:       13.925, dec_peak:       -3.995
Characteristic density local = 3240.8 deg^-2 = 0.900 arcmin^-2
Fitting aperture to hotspot...
Candidate: x_peak:       -0.055, y_peak:       -0.155, r_peak:        0.020, sig:       17.809, ra_peak:       14.005, dec_peak:       -3.735
Characteristic density local = 3732.2 deg^-2 = 1.037 arcmin^-2
Fitting aperture to hotspot...
Candidate: x_peak:        0.135, y_peak:        0.845, r_peak:        0.020, sig:       22.523, ra_peak:       14.195, dec_peak:       -2.735
Characteristic density local = 3384.0 deg^-2 = 0.940 arcmin^-2
Fitting aperture to hotspot...
Candidate: x_peak:        0.415, y_peak:       -0.665, r_peak:        0.020, sig:       10.754, ra_peak:       14.476, dec_peak:       -4.245
Characteristic density local = 3437.7 deg^-2 = 0.955 arcmin^-2
Fitting aperture to hotspot...
Candidate: x_peak:        1.375, y_peak:       -0.025, r_peak:        0.020, sig:        7.990, ra_peak:       15.438, dec_peak:       -3.604
Distance = 31.6 kpc (m-M = 17.5)
869678 objects left after isochrone cut...
Characteristic density = 3300.0 deg^-2
Characteristic density local = 3891.3 deg^-2 = 1.081 arcmin^-2
Fitting aperture to hotspot...
Candidate: x_peak:       -0.875, y_peak:        0.315, r_peak:        0.020, sig:        6.612, ra_peak:       13.184, dec_peak:       -3.265
Characteristic density local = 3909.2 deg^-2 = 1.086 arcmin^-2
Fitting aperture to hotspot...
Candidate: x_peak:       -0.265, y_peak:        0.595, r_peak:        0.020, sig:        6.847, ra_peak:       13.795, dec_peak:       -2.985
Characteristic density local = 3250.7 deg^-2 = 0.903 arcmin^-2
Fitting aperture to hotspot...
Candidate: x_peak:       -0.265, y_peak:       -0.265, r_peak:        0.020, sig:        8.409, ra_peak:       13.794, dec_peak:       -3.845
Characteristic density local = 3423.8 deg^-2 = 0.951 arcmin^-2
Fitting aperture to hotspot...
Candidate: x_peak:       -0.195, y_peak:       -0.995, r_peak:        0.100, sig:        5.187, ra_peak:       13.864, dec_peak:       -4.575
Characteristic density local = 3318.4 deg^-2 = 0.922 arcmin^-2
Fitting aperture to hotspot...
Candidate: x_peak:       -0.135, y_peak:       -0.415, r_peak:        0.020, sig:       10.174, ra_peak:       13.925, dec_peak:       -3.995
Characteristic density local = 3240.8 deg^-2 = 0.900 arcmin^-2
Fitting aperture to hotspot...
Candidate: x_peak:       -0.055, y_peak:       -0.155, r_peak:        0.020, sig:       17.809, ra_peak:       14.005, dec_peak:       -3.735
Characteristic density local = 3732.2 deg^-2 = 1.037 arcmin^-2
Fitting aperture to hotspot...
Candidate: x_peak:        0.135, y_peak:        0.845, r_peak:        0.020, sig:       22.523, ra_peak:       14.195, dec_peak:       -2.735
Characteristic density local = 3384.0 deg^-2 = 0.940 arcmin^-2
Fitting aperture to hotspot...
Candidate: x_peak:        0.415, y_peak:       -0.665, r_peak:        0.020, sig:       10.754, ra_peak:       14.476, dec_peak:       -4.245
Characteristic density local = 3437.7 deg^-2 = 0.955 arcmin^-2
Fitting aperture to hotspot...
Candidate: x_peak:        1.375, y_peak:       -0.025, r_peak:        0.020, sig:        7.990, ra_peak:       15.438, dec_peak:       -3.604
Distance = 39.8 kpc (m-M = 18.0)
869679 objects left after isochrone cut...
Characteristic density = 3300.0 deg^-2
Characteristic density local = 3891.3 deg^-2 = 1.081 arcmin^-2
Fitting aperture to hotspot...
Candidate: x_peak:       -0.875, y_peak:        0.315, r_peak:        0.020, sig:        6.612, ra_peak:       13.184, dec_peak:       -3.265
Characteristic density local = 3909.2 deg^-2 = 1.086 arcmin^-2
Fitting aperture to hotspot...
Candidate: x_peak:       -0.265, y_peak:        0.595, r_peak:        0.020, sig:        6.847, ra_peak:       13.795, dec_peak:       -2.985
Characteristic density local = 3250.7 deg^-2 = 0.903 arcmin^-2
Fitting aperture to hotspot...
Candidate: x_peak:       -0.265, y_peak:       -0.265, r_peak:        0.020, sig:        8.409, ra_peak:       13.794, dec_peak:       -3.845
Characteristic density local = 3423.8 deg^-2 = 0.951 arcmin^-2
Fitting aperture to hotspot...
Candidate: x_peak:       -0.195, y_peak:       -0.995, r_peak:        0.100, sig:        5.187, ra_peak:       13.864, dec_peak:       -4.575
Characteristic density local = 3318.4 deg^-2 = 0.922 arcmin^-2
Fitting aperture to hotspot...
Candidate: x_peak:       -0.135, y_peak:       -0.415, r_peak:        0.020, sig:       10.174, ra_peak:       13.925, dec_peak:       -3.995
Characteristic density local = 3240.8 deg^-2 = 0.900 arcmin^-2
Fitting aperture to hotspot...
Candidate: x_peak:       -0.055, y_peak:       -0.155, r_peak:        0.020, sig:       17.809, ra_peak:       14.005, dec_peak:       -3.735
Characteristic density local = 3732.2 deg^-2 = 1.037 arcmin^-2
Fitting aperture to hotspot...
Candidate: x_peak:        0.135, y_peak:        0.845, r_peak:        0.020, sig:       22.523, ra_peak:       14.195, dec_peak:       -2.735
Characteristic density local = 3384.0 deg^-2 = 0.940 arcmin^-2
Fitting aperture to hotspot...
Candidate: x_peak:        0.415, y_peak:       -0.665, r_peak:        0.020, sig:       10.754, ra_peak:       14.476, dec_peak:       -4.245
Characteristic density local = 3437.7 deg^-2 = 0.955 arcmin^-2
Fitting aperture to hotspot...
Candidate: x_peak:        1.375, y_peak:       -0.025, r_peak:        0.020, sig:        7.990, ra_peak:       15.438, dec_peak:       -3.604
Distance = 50.1 kpc (m-M = 18.5)
869678 objects left after isochrone cut...
Characteristic density = 3300.0 deg^-2
Characteristic density local = 3891.3 deg^-2 = 1.081 arcmin^-2
Fitting aperture to hotspot...
Candidate: x_peak:       -0.875, y_peak:        0.315, r_peak:        0.020, sig:        6.612, ra_peak:       13.184, dec_peak:       -3.265
Characteristic density local = 3909.2 deg^-2 = 1.086 arcmin^-2
Fitting aperture to hotspot...
Candidate: x_peak:       -0.265, y_peak:        0.595, r_peak:        0.020, sig:        6.847, ra_peak:       13.795, dec_peak:       -2.985
Characteristic density local = 3250.7 deg^-2 = 0.903 arcmin^-2
Fitting aperture to hotspot...
Candidate: x_peak:       -0.265, y_peak:       -0.265, r_peak:        0.020, sig:        8.409, ra_peak:       13.794, dec_peak:       -3.845
Characteristic density local = 3423.8 deg^-2 = 0.951 arcmin^-2
Fitting aperture to hotspot...
Candidate: x_peak:       -0.195, y_peak:       -0.995, r_peak:        0.100, sig:        5.187, ra_peak:       13.864, dec_peak:       -4.575
Characteristic density local = 3318.4 deg^-2 = 0.922 arcmin^-2
Fitting aperture to hotspot...
Candidate: x_peak:       -0.135, y_peak:       -0.415, r_peak:        0.020, sig:       10.174, ra_peak:       13.925, dec_peak:       -3.995
Characteristic density local = 3240.8 deg^-2 = 0.900 arcmin^-2
Fitting aperture to hotspot...
Candidate: x_peak:       -0.055, y_peak:       -0.155, r_peak:        0.020, sig:       17.809, ra_peak:       14.005, dec_peak:       -3.735
Characteristic density local = 3732.2 deg^-2 = 1.037 arcmin^-2
Fitting aperture to hotspot...
Candidate: x_peak:        0.135, y_peak:        0.845, r_peak:        0.020, sig:       22.523, ra_peak:       14.195, dec_peak:       -2.735
Characteristic density local = 3384.0 deg^-2 = 0.940 arcmin^-2
Fitting aperture to hotspot...
Candidate: x_peak:        0.415, y_peak:       -0.665, r_peak:        0.020, sig:       10.754, ra_peak:       14.476, dec_peak:       -4.245
Characteristic density local = 3437.7 deg^-2 = 0.955 arcmin^-2
Fitting aperture to hotspot...
Candidate: x_peak:        1.375, y_peak:       -0.025, r_peak:        0.020, sig:        7.990, ra_peak:       15.438, dec_peak:       -3.604
Distance = 63.1 kpc (m-M = 19.0)
869556 objects left after isochrone cut...
Characteristic density = 3300.0 deg^-2
Characteristic density local = 3881.4 deg^-2 = 1.078 arcmin^-2
Fitting aperture to hotspot...
Candidate: x_peak:       -0.875, y_peak:        0.315, r_peak:        0.020, sig:        6.620, ra_peak:       13.184, dec_peak:       -3.265
Characteristic density local = 3905.3 deg^-2 = 1.085 arcmin^-2
Fitting aperture to hotspot...
Candidate: x_peak:       -0.265, y_peak:        0.595, r_peak:        0.020, sig:        6.850, ra_peak:       13.795, dec_peak:       -2.985
Characteristic density local = 3246.8 deg^-2 = 0.902 arcmin^-2
Fitting aperture to hotspot...
Candidate: x_peak:       -0.265, y_peak:       -0.265, r_peak:        0.020, sig:        8.413, ra_peak:       13.794, dec_peak:       -3.845
Characteristic density local = 3421.8 deg^-2 = 0.951 arcmin^-2
Fitting aperture to hotspot...
Candidate: x_peak:       -0.195, y_peak:       -0.995, r_peak:        0.100, sig:        5.194, ra_peak:       13.864, dec_peak:       -4.575
Characteristic density local = 3318.4 deg^-2 = 0.922 arcmin^-2
Fitting aperture to hotspot...
Candidate: x_peak:       -0.135, y_peak:       -0.415, r_peak:        0.020, sig:       10.174, ra_peak:       13.925, dec_peak:       -3.995
Characteristic density local = 3240.8 deg^-2 = 0.900 arcmin^-2
Fitting aperture to hotspot...
Candidate: x_peak:       -0.055, y_peak:       -0.155, r_peak:        0.020, sig:       17.809, ra_peak:       14.005, dec_peak:       -3.735
Characteristic density local = 3730.2 deg^-2 = 1.036 arcmin^-2
Fitting aperture to hotspot...
Candidate: x_peak:        0.135, y_peak:        0.845, r_peak:        0.020, sig:       22.526, ra_peak:       14.195, dec_peak:       -2.735
Characteristic density local = 3384.0 deg^-2 = 0.940 arcmin^-2
Fitting aperture to hotspot...
Candidate: x_peak:        0.415, y_peak:       -0.665, r_peak:        0.020, sig:       10.754, ra_peak:       14.476, dec_peak:       -4.245
Characteristic density local = 3437.7 deg^-2 = 0.955 arcmin^-2
Fitting aperture to hotspot...
Candidate: x_peak:        1.375, y_peak:       -0.025, r_peak:        0.020, sig:        7.990, ra_peak:       15.438, dec_peak:       -3.604
Distance = 79.4 kpc (m-M = 19.5)
868714 objects left after isochrone cut...
Characteristic density = 3200.0 deg^-2
Characteristic density local = 3847.6 deg^-2 = 1.069 arcmin^-2
Fitting aperture to hotspot...
Candidate: x_peak:       -0.875, y_peak:        0.315, r_peak:        0.020, sig:        6.647, ra_peak:       13.184, dec_peak:       -3.265
Characteristic density local = 3877.4 deg^-2 = 1.077 arcmin^-2
Fitting aperture to hotspot...
Candidate: x_peak:       -0.265, y_peak:        0.595, r_peak:        0.030, sig:        6.878, ra_peak:       13.795, dec_peak:       -2.985
Characteristic density local = 3238.8 deg^-2 = 0.900 arcmin^-2
Fitting aperture to hotspot...
Candidate: x_peak:       -0.265, y_peak:       -0.265, r_peak:        0.020, sig:        8.420, ra_peak:       13.794, dec_peak:       -3.845
Characteristic density local = 3399.9 deg^-2 = 0.944 arcmin^-2
Fitting aperture to hotspot...
Candidate: x_peak:       -0.195, y_peak:       -0.995, r_peak:        0.100, sig:        5.266, ra_peak:       13.864, dec_peak:       -4.575
Characteristic density local = 3300.5 deg^-2 = 0.917 arcmin^-2
Fitting aperture to hotspot...
Candidate: x_peak:       -0.135, y_peak:       -0.415, r_peak:        0.020, sig:       10.192, ra_peak:       13.925, dec_peak:       -3.995
Characteristic density local = 3228.9 deg^-2 = 0.897 arcmin^-2
Fitting aperture to hotspot...
Candidate: x_peak:       -0.055, y_peak:       -0.155, r_peak:        0.020, sig:       17.824, ra_peak:       14.005, dec_peak:       -3.735
Characteristic density local = 3704.3 deg^-2 = 1.029 arcmin^-2
Fitting aperture to hotspot...
Candidate: x_peak:        0.135, y_peak:        0.845, r_peak:        0.020, sig:       22.560, ra_peak:       14.195, dec_peak:       -2.735
Characteristic density local = 3364.1 deg^-2 = 0.934 arcmin^-2
Fitting aperture to hotspot...
Candidate: x_peak:        0.415, y_peak:       -0.665, r_peak:        0.020, sig:       10.774, ra_peak:       14.476, dec_peak:       -4.245
Characteristic density local = 3431.8 deg^-2 = 0.953 arcmin^-2
Fitting aperture to hotspot...
Candidate: x_peak:        1.375, y_peak:       -0.025, r_peak:        0.020, sig:        7.995, ra_peak:       15.438, dec_peak:       -3.604
Distance = 100.0 kpc (m-M = 20.0)
867457 objects left after isochrone cut...
Characteristic density = 3200.0 deg^-2
Characteristic density local = 3801.8 deg^-2 = 1.056 arcmin^-2
Fitting aperture to hotspot...
Candidate: x_peak:       -0.875, y_peak:        0.315, r_peak:        0.020, sig:        6.685, ra_peak:       13.184, dec_peak:       -3.265
Characteristic density local = 3849.6 deg^-2 = 1.069 arcmin^-2
Fitting aperture to hotspot...
Candidate: x_peak:       -0.265, y_peak:        0.595, r_peak:        0.030, sig:        6.909, ra_peak:       13.795, dec_peak:       -2.985
Characteristic density local = 3230.8 deg^-2 = 0.897 arcmin^-2
Fitting aperture to hotspot...
Candidate: x_peak:       -0.265, y_peak:       -0.265, r_peak:        0.020, sig:        8.428, ra_peak:       13.794, dec_peak:       -3.845
Characteristic density local = 3356.2 deg^-2 = 0.932 arcmin^-2
Fitting aperture to hotspot...
Candidate: x_peak:       -0.195, y_peak:       -0.995, r_peak:        0.100, sig:        5.410, ra_peak:       13.864, dec_peak:       -4.575
Characteristic density local = 3292.5 deg^-2 = 0.915 arcmin^-2
Fitting aperture to hotspot...
Candidate: x_peak:       -0.135, y_peak:       -0.415, r_peak:        0.020, sig:       10.201, ra_peak:       13.925, dec_peak:       -3.995
Characteristic density local = 3214.9 deg^-2 = 0.893 arcmin^-2
Fitting aperture to hotspot...
Candidate: x_peak:       -0.055, y_peak:       -0.155, r_peak:        0.020, sig:       17.842, ra_peak:       14.005, dec_peak:       -3.735
Characteristic density local = 3670.5 deg^-2 = 1.020 arcmin^-2
Fitting aperture to hotspot...
Candidate: x_peak:        0.135, y_peak:        0.845, r_peak:        0.020, sig:       22.604, ra_peak:       14.195, dec_peak:       -2.735
Characteristic density local = 3346.2 deg^-2 = 0.930 arcmin^-2
Fitting aperture to hotspot...
Candidate: x_peak:        0.415, y_peak:       -0.665, r_peak:        0.020, sig:       10.793, ra_peak:       14.476, dec_peak:       -4.245
Characteristic density local = 3423.8 deg^-2 = 0.951 arcmin^-2
Fitting aperture to hotspot...
Candidate: x_peak:        1.375, y_peak:       -0.025, r_peak:        0.020, sig:        8.003, ra_peak:       15.438, dec_peak:       -3.604
Distance = 125.9 kpc (m-M = 20.5)
865974 objects left after isochrone cut...
Characteristic density = 3200.0 deg^-2
Characteristic density local = 3758.0 deg^-2 = 1.044 arcmin^-2
Fitting aperture to hotspot...
Candidate: x_peak:       -0.875, y_peak:        0.315, r_peak:        0.020, sig:        6.721, ra_peak:       13.184, dec_peak:       -3.265
Characteristic density local = 3801.8 deg^-2 = 1.056 arcmin^-2
Fitting aperture to hotspot...
Candidate: x_peak:       -0.265, y_peak:        0.595, r_peak:        0.030, sig:        6.963, ra_peak:       13.795, dec_peak:       -2.985
Characteristic density local = 3244.8 deg^-2 = 0.901 arcmin^-2
Fitting aperture to hotspot...
Candidate: x_peak:       -0.265, y_peak:       -0.255, r_peak:        0.030, sig:        7.632, ra_peak:       13.794, dec_peak:       -3.835
Characteristic density local = 3211.0 deg^-2 = 0.892 arcmin^-2
Fitting aperture to hotspot...
Candidate: x_peak:       -0.125, y_peak:       -0.965, r_peak:        0.070, sig:        5.017, ra_peak:       13.935, dec_peak:       -4.545
Characteristic density local = 3284.6 deg^-2 = 0.912 arcmin^-2
Fitting aperture to hotspot...
Candidate: x_peak:       -0.135, y_peak:       -0.415, r_peak:        0.020, sig:       10.209, ra_peak:       13.925, dec_peak:       -3.995
Characteristic density local = 3199.0 deg^-2 = 0.889 arcmin^-2
Fitting aperture to hotspot...
Candidate: x_peak:       -0.055, y_peak:       -0.155, r_peak:        0.020, sig:       17.863, ra_peak:       14.005, dec_peak:       -3.735
Characteristic density local = 3612.8 deg^-2 = 1.004 arcmin^-2
Fitting aperture to hotspot...
Candidate: x_peak:        0.135, y_peak:        0.845, r_peak:        0.020, sig:       22.680, ra_peak:       14.195, dec_peak:       -2.735
Characteristic density local = 3332.3 deg^-2 = 0.926 arcmin^-2
Fitting aperture to hotspot...
Candidate: x_peak:        0.415, y_peak:       -0.665, r_peak:        0.020, sig:       10.808, ra_peak:       14.476, dec_peak:       -4.245
Characteristic density local = 3417.9 deg^-2 = 0.949 arcmin^-2
Fitting aperture to hotspot...
Candidate: x_peak:        1.375, y_peak:       -0.025, r_peak:        0.020, sig:        8.008, ra_peak:       15.438, dec_peak:       -3.604
Distance = 158.5 kpc (m-M = 21.0)
863801 objects left after isochrone cut...
Characteristic density = 3100.0 deg^-2
Characteristic density local = 3692.4 deg^-2 = 1.026 arcmin^-2
Fitting aperture to hotspot...
Candidate: x_peak:       -0.875, y_peak:        0.315, r_peak:        0.020, sig:        6.776, ra_peak:       13.184, dec_peak:       -3.265
Characteristic density local = 3724.2 deg^-2 = 1.035 arcmin^-2
Fitting aperture to hotspot...
Candidate: x_peak:       -0.265, y_peak:        0.595, r_peak:        0.030, sig:        7.052, ra_peak:       13.795, dec_peak:       -2.985
Characteristic density local = 3179.1 deg^-2 = 0.883 arcmin^-2
Fitting aperture to hotspot...
Candidate: x_peak:       -0.265, y_peak:       -0.265, r_peak:        0.020, sig:        8.237, ra_peak:       13.794, dec_peak:       -3.845
Characteristic density local = 3143.3 deg^-2 = 0.873 arcmin^-2
Fitting aperture to hotspot...
Candidate: x_peak:       -0.125, y_peak:       -0.965, r_peak:        0.070, sig:        5.066, ra_peak:       13.935, dec_peak:       -4.545
Characteristic density local = 3250.7 deg^-2 = 0.903 arcmin^-2
Fitting aperture to hotspot...
Candidate: x_peak:       -0.135, y_peak:       -0.415, r_peak:        0.020, sig:       10.244, ra_peak:       13.925, dec_peak:       -3.995
Characteristic density local = 3155.2 deg^-2 = 0.876 arcmin^-2
Fitting aperture to hotspot...
Candidate: x_peak:       -0.055, y_peak:       -0.155, r_peak:        0.020, sig:       17.921, ra_peak:       14.005, dec_peak:       -3.735
Characteristic density local = 3519.3 deg^-2 = 0.978 arcmin^-2
Fitting aperture to hotspot...
Candidate: x_peak:        0.135, y_peak:        0.845, r_peak:        0.020, sig:       22.806, ra_peak:       14.195, dec_peak:       -2.735
Characteristic density local = 3292.5 deg^-2 = 0.915 arcmin^-2
Fitting aperture to hotspot...
Candidate: x_peak:        0.415, y_peak:       -0.665, r_peak:        0.020, sig:       10.635, ra_peak:       14.476, dec_peak:       -4.245
Characteristic density local = 3364.1 deg^-2 = 0.934 arcmin^-2
Fitting aperture to hotspot...
Candidate: x_peak:        1.375, y_peak:       -0.025, r_peak:        0.020, sig:        8.059, ra_peak:       15.438, dec_peak:       -3.604
Distance = 199.5 kpc (m-M = 21.5)
860845 objects left after isochrone cut...
Characteristic density = 3000.0 deg^-2
Characteristic density local = 3588.9 deg^-2 = 0.997 arcmin^-2
Fitting aperture to hotspot...
Candidate: x_peak:       -0.875, y_peak:        0.305, r_peak:        0.020, sig:        7.365, ra_peak:       13.184, dec_peak:       -3.275
Characteristic density local = 3614.8 deg^-2 = 1.004 arcmin^-2
Fitting aperture to hotspot...
Candidate: x_peak:       -0.265, y_peak:        0.595, r_peak:        0.030, sig:        7.179, ra_peak:       13.795, dec_peak:       -2.985
Characteristic density local = 3091.6 deg^-2 = 0.859 arcmin^-2
Fitting aperture to hotspot...
Candidate: x_peak:       -0.265, y_peak:       -0.265, r_peak:        0.020, sig:        8.078, ra_peak:       13.794, dec_peak:       -3.845
Characteristic density local = 3159.2 deg^-2 = 0.878 arcmin^-2
Fitting aperture to hotspot...
Candidate: x_peak:       -0.135, y_peak:       -0.415, r_peak:        0.020, sig:       10.340, ra_peak:       13.925, dec_peak:       -3.995
Characteristic density local = 3055.8 deg^-2 = 0.849 arcmin^-2
Fitting aperture to hotspot...
Candidate: x_peak:       -0.125, y_peak:       -0.965, r_peak:        0.040, sig:        5.168, ra_peak:       13.935, dec_peak:       -4.545
Characteristic density local = 3059.8 deg^-2 = 0.850 arcmin^-2
Fitting aperture to hotspot...
Candidate: x_peak:       -0.055, y_peak:       -0.155, r_peak:        0.020, sig:       18.049, ra_peak:       14.005, dec_peak:       -3.735
Characteristic density local = 3396.0 deg^-2 = 0.943 arcmin^-2
Fitting aperture to hotspot...
Candidate: x_peak:        0.135, y_peak:        0.845, r_peak:        0.020, sig:       22.977, ra_peak:       14.195, dec_peak:       -2.735
Characteristic density local = 3234.8 deg^-2 = 0.899 arcmin^-2
Fitting aperture to hotspot...
Candidate: x_peak:        0.415, y_peak:       -0.665, r_peak:        0.020, sig:       10.696, ra_peak:       14.476, dec_peak:       -4.245
Characteristic density local = 3238.8 deg^-2 = 0.900 arcmin^-2
Fitting aperture to hotspot...
Candidate: x_peak:        1.375, y_peak:       -0.025, r_peak:        0.020, sig:        8.179, ra_peak:       15.438, dec_peak:       -3.604
Distance = 251.2 kpc (m-M = 22.0)
857273 objects left after isochrone cut...
Characteristic density = 2800.0 deg^-2
Characteristic density local = 3447.7 deg^-2 = 0.958 arcmin^-2
Fitting aperture to hotspot...
Candidate: x_peak:       -0.875, y_peak:        0.305, r_peak:        0.020, sig:        7.491, ra_peak:       13.184, dec_peak:       -3.275
Characteristic density local = 3487.5 deg^-2 = 0.969 arcmin^-2
Fitting aperture to hotspot...
Candidate: x_peak:       -0.265, y_peak:        0.595, r_peak:        0.030, sig:        7.331, ra_peak:       13.795, dec_peak:       -2.985
Characteristic density local = 2962.3 deg^-2 = 0.823 arcmin^-2
Fitting aperture to hotspot...
Candidate: x_peak:       -0.265, y_peak:       -0.265, r_peak:        0.020, sig:        7.958, ra_peak:       13.794, dec_peak:       -3.845
Characteristic density local = 2922.5 deg^-2 = 0.812 arcmin^-2
Fitting aperture to hotspot...
Candidate: x_peak:       -0.125, y_peak:       -0.965, r_peak:        0.040, sig:        5.377, ra_peak:       13.935, dec_peak:       -4.545
Characteristic density local = 3049.8 deg^-2 = 0.847 arcmin^-2
Fitting aperture to hotspot...
Candidate: x_peak:       -0.135, y_peak:       -0.415, r_peak:        0.020, sig:       10.459, ra_peak:       13.925, dec_peak:       -3.995
Characteristic density local = 2934.4 deg^-2 = 0.815 arcmin^-2
Fitting aperture to hotspot...
Candidate: x_peak:       -0.055, y_peak:       -0.155, r_peak:        0.020, sig:       18.222, ra_peak:       14.005, dec_peak:       -3.735
Characteristic density local = 3250.7 deg^-2 = 0.903 arcmin^-2
Fitting aperture to hotspot...
Candidate: x_peak:        0.135, y_peak:        0.845, r_peak:        0.030, sig:       23.194, ra_peak:       14.195, dec_peak:       -2.735
Characteristic density local = 3129.4 deg^-2 = 0.869 arcmin^-2
Fitting aperture to hotspot...
Candidate: x_peak:        0.415, y_peak:       -0.665, r_peak:        0.020, sig:       10.809, ra_peak:       14.476, dec_peak:       -4.245
Characteristic density local = 3137.3 deg^-2 = 0.871 arcmin^-2
Fitting aperture to hotspot...
Candidate: x_peak:        1.375, y_peak:       -0.025, r_peak:        0.020, sig:        8.278, ra_peak:       15.438, dec_peak:       -3.604
Distance = 316.2 kpc (m-M = 22.5)
853060 objects left after isochrone cut...
Characteristic density = 2700.0 deg^-2
Characteristic density local = 3252.7 deg^-2 = 0.904 arcmin^-2
Fitting aperture to hotspot...
Candidate: x_peak:       -0.875, y_peak:        0.315, r_peak:        0.020, sig:        7.166, ra_peak:       13.184, dec_peak:       -3.265
Characteristic density local = 3300.5 deg^-2 = 0.917 arcmin^-2
Fitting aperture to hotspot...
Candidate: x_peak:       -0.265, y_peak:        0.595, r_peak:        0.030, sig:        7.561, ra_peak:       13.795, dec_peak:       -2.985
Characteristic density local = 2823.0 deg^-2 = 0.784 arcmin^-2
Fitting aperture to hotspot...
Candidate: x_peak:       -0.265, y_peak:       -0.265, r_peak:        0.020, sig:        8.103, ra_peak:       13.794, dec_peak:       -3.845
Characteristic density local = 2697.7 deg^-2 = 0.749 arcmin^-2
Fitting aperture to hotspot...
Candidate: x_peak:       -0.115, y_peak:       -0.965, r_peak:        0.020, sig:        5.771, ra_peak:       13.945, dec_peak:       -4.545
Characteristic density local = 2914.5 deg^-2 = 0.810 arcmin^-2
Fitting aperture to hotspot...
Candidate: x_peak:       -0.135, y_peak:       -0.415, r_peak:        0.020, sig:       10.610, ra_peak:       13.925, dec_peak:       -3.995
Characteristic density local = 2759.3 deg^-2 = 0.766 arcmin^-2
Fitting aperture to hotspot...
Candidate: x_peak:       -0.055, y_peak:       -0.155, r_peak:        0.020, sig:       18.474, ra_peak:       14.005, dec_peak:       -3.735
Characteristic density local = 3081.6 deg^-2 = 0.856 arcmin^-2
Fitting aperture to hotspot...
Candidate: x_peak:        0.135, y_peak:        0.845, r_peak:        0.030, sig:       23.510, ra_peak:       14.195, dec_peak:       -2.735
Characteristic density local = 2994.1 deg^-2 = 0.832 arcmin^-2
Fitting aperture to hotspot...
Candidate: x_peak:        0.415, y_peak:       -0.665, r_peak:        0.020, sig:       10.520, ra_peak:       14.476, dec_peak:       -4.245
Characteristic density local = 2984.2 deg^-2 = 0.829 arcmin^-2
Fitting aperture to hotspot...
Candidate: x_peak:        1.375, y_peak:       -0.025, r_peak:        0.020, sig:        7.936, ra_peak:       15.438, dec_peak:       -3.604
Distance = 398.1 kpc (m-M = 23.0)
847872 objects left after isochrone cut...
Characteristic density = 2500.0 deg^-2
Characteristic density local = 3045.8 deg^-2 = 0.846 arcmin^-2
Fitting aperture to hotspot...
Candidate: x_peak:       -0.875, y_peak:        0.315, r_peak:        0.020, sig:        7.102, ra_peak:       13.184, dec_peak:       -3.265
Characteristic density local = 3073.7 deg^-2 = 0.854 arcmin^-2
Fitting aperture to hotspot...
Candidate: x_peak:       -0.265, y_peak:        0.595, r_peak:        0.030, sig:        7.657, ra_peak:       13.795, dec_peak:       -2.985
Characteristic density local = 2612.1 deg^-2 = 0.726 arcmin^-2
Fitting aperture to hotspot...
Candidate: x_peak:       -0.265, y_peak:       -0.265, r_peak:        0.020, sig:        8.333, ra_peak:       13.794, dec_peak:       -3.845
Characteristic density local = 2580.3 deg^-2 = 0.717 arcmin^-2
Fitting aperture to hotspot...
Candidate: x_peak:       -0.125, y_peak:       -0.965, r_peak:        0.070, sig:        5.193, ra_peak:       13.935, dec_peak:       -4.545
Characteristic density local = 2713.6 deg^-2 = 0.754 arcmin^-2
Fitting aperture to hotspot...
Candidate: x_peak:       -0.135, y_peak:       -0.415, r_peak:        0.020, sig:       10.619, ra_peak:       13.925, dec_peak:       -3.995
Characteristic density local = 2578.3 deg^-2 = 0.716 arcmin^-2
Fitting aperture to hotspot...
Candidate: x_peak:       -0.055, y_peak:       -0.155, r_peak:        0.020, sig:       18.749, ra_peak:       14.005, dec_peak:       -3.735
Characteristic density local = 2854.8 deg^-2 = 0.793 arcmin^-2
Fitting aperture to hotspot...
Candidate: x_peak:        0.135, y_peak:        0.845, r_peak:        0.030, sig:       23.956, ra_peak:       14.195, dec_peak:       -2.735
Characteristic density local = 2811.1 deg^-2 = 0.781 arcmin^-2
Fitting aperture to hotspot...
Candidate: x_peak:        0.415, y_peak:       -0.665, r_peak:        0.020, sig:       10.729, ra_peak:       14.476, dec_peak:       -4.245
Characteristic density local = 2809.1 deg^-2 = 0.780 arcmin^-2
Fitting aperture to hotspot...
Candidate: x_peak:        1.375, y_peak:       -0.025, r_peak:        0.020, sig:        8.117, ra_peak:       15.438, dec_peak:       -3.604
23.96 sigma; (RA, Dec, d) = (14.20, -2.73); r = 0.03 deg; d = 398.1, mu = 23.00 mag), mc_source_id: 0.00
18.75 sigma; (RA, Dec, d) = (14.00, -3.73); r = 0.02 deg; d = 398.1, mu = 23.00 mag), mc_source_id: 0.00
10.81 sigma; (RA, Dec, d) = (14.48, -4.24); r = 0.02 deg; d = 251.2, mu = 22.00 mag), mc_source_id: 0.00
10.62 sigma; (RA, Dec, d) = (13.92, -3.99); r = 0.02 deg; d = 398.1, mu = 23.00 mag), mc_source_id: 0.00
8.43 sigma; (RA, Dec, d) = (13.79, -3.84); r = 0.02 deg; d = 100.0, mu = 20.00 mag), mc_source_id: 0.00
8.28 sigma; (RA, Dec, d) = (15.44, -3.60); r = 0.02 deg; d = 251.2, mu = 22.00 mag), mc_source_id: 0.00
7.66 sigma; (RA, Dec, d) = (13.79, -2.98); r = 0.03 deg; d = 398.1, mu = 23.00 mag), mc_source_id: 0.00
7.49 sigma; (RA, Dec, d) = (13.18, -3.27); r = 0.02 deg; d = 251.2, mu = 22.00 mag), mc_source_id: 0.00
5.77 sigma; (RA, Dec, d) = (13.94, -4.55); r = 0.02 deg; d = 316.2, mu = 22.50 mag), mc_source_id: 0.00
5.41 sigma; (RA, Dec, d) = (13.86, -4.57); r = 0.10 deg; d = 100.0, mu = 20.00 mag), mc_source_id: 0.00

------------------------------------------------------------
Job <681194.0> was submitted from <des51.fnal.gov> by user <tavangar>.
Job was executed on host <des40.fnal.gov> as user <tavangar>.
</var/lib/condor/execute/dir_2069053> was used as the initial working directory.
Results reported at Wed Jun  5 13:20:14 CDT 2019

Your job looked like:

------------------------------------------------------------
python /home/s1/tavangar/tavangar_simple/search_algorithm.py 14.06 -3.58 0.00 /home/s1/tavangar/tavangar_simple/decals_dr7_results/results_nside_32_6469.csv /home/s1/tavangar/tavangar_simple/decals_dr7_results/decals_dr7_log/results_nside_32_6469.log
------------------------------------------------------------

Successfully completed.

Resource usage summary:

	Real time :			289.31 sec.
	CPU time :			17.41 sec.
	CPU percentage :		96%
	Max Memory :			7831840 KB
	Average Memory :		0 KB

The output (if any) is above this job summary.
