/home/s1/tavangar/tavangar_simple/simple_utils.py:170: FutureWarning: elementwise comparison failed; returning scalar instead, but in the future will perform elementwise comparison
  if np.all(isochrone.stage == 'Main'):
Search coordinates: (RA, Dec) = (122.34, 12.02)
Center healpixel: 4843
Healpixels: [4843 4971 4842 4715 4587 4716 4844 4972 5099]
MC_SOURCE_ID = 0.0
mode = 0: running only on real data
Found 1 objects...
Applying cuts...
866238 star-like objects in ROI...
884817 galaxy-like objects in ROI...
No fracdet map specified ...
Distance = 15.8 kpc (m-M = 16.0)
866223 objects left after isochrone cut...
Characteristic density = 11100.0 deg^-2
Characteristic density local = 12217.1 deg^-2 = 3.394 arcmin^-2
Fitting aperture to hotspot...
Candidate: x_peak:       -1.345, y_peak:        0.025, r_peak:        0.040, sig:        3.373, ra_peak:      120.965, dec_peak:       12.042
Characteristic density local = 11922.7 deg^-2 = 3.312 arcmin^-2
Fitting aperture to hotspot...
Candidate: x_peak:       -0.585, y_peak:       -0.055, r_peak:        0.030, sig:        5.003, ra_peak:      121.742, dec_peak:       11.964
Characteristic density local = 11906.8 deg^-2 = 3.307 arcmin^-2
Fitting aperture to hotspot...
Candidate: x_peak:       -0.435, y_peak:       -0.435, r_peak:        0.020, sig:        4.729, ra_peak:      121.896, dec_peak:       11.585
Characteristic density local = 11395.5 deg^-2 = 3.165 arcmin^-2
Fitting aperture to hotspot...
Candidate: x_peak:       -0.235, y_peak:        0.735, r_peak:        0.020, sig:        6.403, ra_peak:      122.099, dec_peak:       12.755
Characteristic density local = 11288.1 deg^-2 = 3.136 arcmin^-2
Fitting aperture to hotspot...
Candidate: x_peak:       -0.055, y_peak:       -0.045, r_peak:        0.040, sig:        3.800, ra_peak:      122.284, dec_peak:       11.975
Characteristic density local = 11101.1 deg^-2 = 3.084 arcmin^-2
Fitting aperture to hotspot...
Candidate: x_peak:        0.115, y_peak:        0.665, r_peak:        0.020, sig:        8.080, ra_peak:      122.458, dec_peak:       12.685
Characteristic density local = 11258.2 deg^-2 = 3.127 arcmin^-2
Fitting aperture to hotspot...
Candidate: x_peak:        0.145, y_peak:        0.975, r_peak:        0.020, sig:        8.341, ra_peak:      122.489, dec_peak:       12.995
Characteristic density local = 10975.7 deg^-2 = 3.049 arcmin^-2
Fitting aperture to hotspot...
Candidate: x_peak:        0.165, y_peak:        0.805, r_peak:        0.010, sig:        6.018, ra_peak:      122.509, dec_peak:       12.825
Characteristic density local = 11182.6 deg^-2 = 3.106 arcmin^-2
Fitting aperture to hotspot...
Candidate: x_peak:        0.575, y_peak:       -0.195, r_peak:        0.020, sig:        5.767, ra_peak:      122.927, dec_peak:       11.824
Distance = 20.0 kpc (m-M = 16.5)
866228 objects left after isochrone cut...
Characteristic density = 11100.0 deg^-2
Characteristic density local = 12217.1 deg^-2 = 3.394 arcmin^-2
Fitting aperture to hotspot...
Candidate: x_peak:       -1.345, y_peak:        0.025, r_peak:        0.040, sig:        3.373, ra_peak:      120.965, dec_peak:       12.042
Characteristic density local = 11922.7 deg^-2 = 3.312 arcmin^-2
Fitting aperture to hotspot...
Candidate: x_peak:       -0.585, y_peak:       -0.055, r_peak:        0.030, sig:        5.003, ra_peak:      121.742, dec_peak:       11.964
Characteristic density local = 11906.8 deg^-2 = 3.307 arcmin^-2
Fitting aperture to hotspot...
Candidate: x_peak:       -0.435, y_peak:       -0.435, r_peak:        0.020, sig:        4.729, ra_peak:      121.896, dec_peak:       11.585
Characteristic density local = 11395.5 deg^-2 = 3.165 arcmin^-2
Fitting aperture to hotspot...
Candidate: x_peak:       -0.235, y_peak:        0.735, r_peak:        0.020, sig:        6.403, ra_peak:      122.099, dec_peak:       12.755
Characteristic density local = 11288.1 deg^-2 = 3.136 arcmin^-2
Fitting aperture to hotspot...
Candidate: x_peak:       -0.055, y_peak:       -0.045, r_peak:        0.040, sig:        3.800, ra_peak:      122.284, dec_peak:       11.975
Characteristic density local = 11101.1 deg^-2 = 3.084 arcmin^-2
Fitting aperture to hotspot...
Candidate: x_peak:        0.115, y_peak:        0.665, r_peak:        0.020, sig:        8.080, ra_peak:      122.458, dec_peak:       12.685
Characteristic density local = 11258.2 deg^-2 = 3.127 arcmin^-2
Fitting aperture to hotspot...
Candidate: x_peak:        0.145, y_peak:        0.975, r_peak:        0.020, sig:        8.341, ra_peak:      122.489, dec_peak:       12.995
Characteristic density local = 10975.7 deg^-2 = 3.049 arcmin^-2
Fitting aperture to hotspot...
Candidate: x_peak:        0.165, y_peak:        0.805, r_peak:        0.010, sig:        6.018, ra_peak:      122.509, dec_peak:       12.825
Characteristic density local = 11182.6 deg^-2 = 3.106 arcmin^-2
Fitting aperture to hotspot...
Candidate: x_peak:        0.575, y_peak:       -0.195, r_peak:        0.020, sig:        5.767, ra_peak:      122.927, dec_peak:       11.824
Distance = 25.1 kpc (m-M = 17.0)
866227 objects left after isochrone cut...
Characteristic density = 11100.0 deg^-2
Characteristic density local = 12217.1 deg^-2 = 3.394 arcmin^-2
Fitting aperture to hotspot...
Candidate: x_peak:       -1.345, y_peak:        0.025, r_peak:        0.040, sig:        3.373, ra_peak:      120.965, dec_peak:       12.042
Characteristic density local = 11922.7 deg^-2 = 3.312 arcmin^-2
Fitting aperture to hotspot...
Candidate: x_peak:       -0.585, y_peak:       -0.055, r_peak:        0.030, sig:        5.003, ra_peak:      121.742, dec_peak:       11.964
Characteristic density local = 11906.8 deg^-2 = 3.307 arcmin^-2
Fitting aperture to hotspot...
Candidate: x_peak:       -0.435, y_peak:       -0.435, r_peak:        0.020, sig:        4.729, ra_peak:      121.896, dec_peak:       11.585
Characteristic density local = 11395.5 deg^-2 = 3.165 arcmin^-2
Fitting aperture to hotspot...
Candidate: x_peak:       -0.235, y_peak:        0.735, r_peak:        0.020, sig:        6.403, ra_peak:      122.099, dec_peak:       12.755
Characteristic density local = 11288.1 deg^-2 = 3.136 arcmin^-2
Fitting aperture to hotspot...
Candidate: x_peak:       -0.055, y_peak:       -0.045, r_peak:        0.040, sig:        3.800, ra_peak:      122.284, dec_peak:       11.975
Characteristic density local = 11101.1 deg^-2 = 3.084 arcmin^-2
Fitting aperture to hotspot...
Candidate: x_peak:        0.115, y_peak:        0.665, r_peak:        0.020, sig:        8.080, ra_peak:      122.458, dec_peak:       12.685
Characteristic density local = 11258.2 deg^-2 = 3.127 arcmin^-2
Fitting aperture to hotspot...
Candidate: x_peak:        0.145, y_peak:        0.975, r_peak:        0.020, sig:        8.341, ra_peak:      122.489, dec_peak:       12.995
Characteristic density local = 10975.7 deg^-2 = 3.049 arcmin^-2
Fitting aperture to hotspot...
Candidate: x_peak:        0.165, y_peak:        0.805, r_peak:        0.010, sig:        6.018, ra_peak:      122.509, dec_peak:       12.825
Characteristic density local = 11180.6 deg^-2 = 3.106 arcmin^-2
Fitting aperture to hotspot...
Candidate: x_peak:        0.575, y_peak:       -0.195, r_peak:        0.020, sig:        5.768, ra_peak:      122.927, dec_peak:       11.824
Distance = 31.6 kpc (m-M = 17.5)
866226 objects left after isochrone cut...
Characteristic density = 11100.0 deg^-2
Characteristic density local = 12217.1 deg^-2 = 3.394 arcmin^-2
Fitting aperture to hotspot...
Candidate: x_peak:       -1.345, y_peak:        0.025, r_peak:        0.040, sig:        3.373, ra_peak:      120.965, dec_peak:       12.042
Characteristic density local = 11922.7 deg^-2 = 3.312 arcmin^-2
Fitting aperture to hotspot...
Candidate: x_peak:       -0.585, y_peak:       -0.055, r_peak:        0.030, sig:        5.003, ra_peak:      121.742, dec_peak:       11.964
Characteristic density local = 11906.8 deg^-2 = 3.307 arcmin^-2
Fitting aperture to hotspot...
Candidate: x_peak:       -0.435, y_peak:       -0.435, r_peak:        0.020, sig:        4.729, ra_peak:      121.896, dec_peak:       11.585
Characteristic density local = 11393.5 deg^-2 = 3.165 arcmin^-2
Fitting aperture to hotspot...
Candidate: x_peak:       -0.235, y_peak:        0.735, r_peak:        0.020, sig:        6.404, ra_peak:      122.099, dec_peak:       12.755
Characteristic density local = 11286.1 deg^-2 = 3.135 arcmin^-2
Fitting aperture to hotspot...
Candidate: x_peak:       -0.055, y_peak:       -0.045, r_peak:        0.040, sig:        3.801, ra_peak:      122.284, dec_peak:       11.975
Characteristic density local = 11101.1 deg^-2 = 3.084 arcmin^-2
Fitting aperture to hotspot...
Candidate: x_peak:        0.115, y_peak:        0.665, r_peak:        0.020, sig:        8.080, ra_peak:      122.458, dec_peak:       12.685
Characteristic density local = 11258.2 deg^-2 = 3.127 arcmin^-2
Fitting aperture to hotspot...
Candidate: x_peak:        0.145, y_peak:        0.975, r_peak:        0.020, sig:        8.341, ra_peak:      122.489, dec_peak:       12.995
Characteristic density local = 10975.7 deg^-2 = 3.049 arcmin^-2
Fitting aperture to hotspot...
Candidate: x_peak:        0.165, y_peak:        0.805, r_peak:        0.010, sig:        6.018, ra_peak:      122.509, dec_peak:       12.825
Characteristic density local = 11180.6 deg^-2 = 3.106 arcmin^-2
Fitting aperture to hotspot...
Candidate: x_peak:        0.575, y_peak:       -0.195, r_peak:        0.020, sig:        5.768, ra_peak:      122.927, dec_peak:       11.824
Distance = 39.8 kpc (m-M = 18.0)
866202 objects left after isochrone cut...
Characteristic density = 11100.0 deg^-2
Characteristic density local = 12217.1 deg^-2 = 3.394 arcmin^-2
Fitting aperture to hotspot...
Candidate: x_peak:       -1.345, y_peak:        0.025, r_peak:        0.040, sig:        3.373, ra_peak:      120.965, dec_peak:       12.042
Characteristic density local = 11922.7 deg^-2 = 3.312 arcmin^-2
Fitting aperture to hotspot...
Candidate: x_peak:       -0.585, y_peak:       -0.055, r_peak:        0.030, sig:        5.003, ra_peak:      121.742, dec_peak:       11.964
Characteristic density local = 11906.8 deg^-2 = 3.307 arcmin^-2
Fitting aperture to hotspot...
Candidate: x_peak:       -0.435, y_peak:       -0.435, r_peak:        0.020, sig:        4.729, ra_peak:      121.896, dec_peak:       11.585
Characteristic density local = 11387.5 deg^-2 = 3.163 arcmin^-2
Fitting aperture to hotspot...
Candidate: x_peak:       -0.235, y_peak:        0.735, r_peak:        0.020, sig:        6.407, ra_peak:      122.099, dec_peak:       12.755
Characteristic density local = 11284.1 deg^-2 = 3.134 arcmin^-2
Fitting aperture to hotspot...
Candidate: x_peak:       -0.055, y_peak:       -0.045, r_peak:        0.040, sig:        3.803, ra_peak:      122.284, dec_peak:       11.975
Characteristic density local = 11099.1 deg^-2 = 3.083 arcmin^-2
Fitting aperture to hotspot...
Candidate: x_peak:        0.115, y_peak:        0.665, r_peak:        0.020, sig:        8.081, ra_peak:      122.458, dec_peak:       12.685
Characteristic density local = 11252.3 deg^-2 = 3.126 arcmin^-2
Fitting aperture to hotspot...
Candidate: x_peak:        0.145, y_peak:        0.975, r_peak:        0.020, sig:        8.344, ra_peak:      122.489, dec_peak:       12.995
Characteristic density local = 10971.7 deg^-2 = 3.048 arcmin^-2
Fitting aperture to hotspot...
Candidate: x_peak:        0.165, y_peak:        0.805, r_peak:        0.010, sig:        6.019, ra_peak:      122.509, dec_peak:       12.825
Characteristic density local = 11180.6 deg^-2 = 3.106 arcmin^-2
Fitting aperture to hotspot...
Candidate: x_peak:        0.575, y_peak:       -0.195, r_peak:        0.020, sig:        5.768, ra_peak:      122.927, dec_peak:       11.824
Distance = 50.1 kpc (m-M = 18.5)
865519 objects left after isochrone cut...
Characteristic density = 11100.0 deg^-2
Characteristic density local = 12215.1 deg^-2 = 3.393 arcmin^-2
Fitting aperture to hotspot...
Candidate: x_peak:       -1.345, y_peak:        0.025, r_peak:        0.040, sig:        3.374, ra_peak:      120.965, dec_peak:       12.042
Characteristic density local = 11894.8 deg^-2 = 3.304 arcmin^-2
Fitting aperture to hotspot...
Candidate: x_peak:       -0.585, y_peak:       -0.055, r_peak:        0.030, sig:        5.019, ra_peak:      121.742, dec_peak:       11.964
Characteristic density local = 11873.0 deg^-2 = 3.298 arcmin^-2
Fitting aperture to hotspot...
Candidate: x_peak:       -0.435, y_peak:       -0.435, r_peak:        0.020, sig:        4.743, ra_peak:      121.896, dec_peak:       11.585
Characteristic density local = 11286.1 deg^-2 = 3.135 arcmin^-2
Fitting aperture to hotspot...
Candidate: x_peak:       -0.235, y_peak:        0.735, r_peak:        0.020, sig:        6.449, ra_peak:      122.099, dec_peak:       12.755
Characteristic density local = 11256.2 deg^-2 = 3.127 arcmin^-2
Fitting aperture to hotspot...
Candidate: x_peak:       -0.055, y_peak:       -0.045, r_peak:        0.040, sig:        3.823, ra_peak:      122.284, dec_peak:       11.975
Characteristic density local = 11021.5 deg^-2 = 3.062 arcmin^-2
Fitting aperture to hotspot...
Candidate: x_peak:        0.115, y_peak:        0.665, r_peak:        0.020, sig:        8.115, ra_peak:      122.458, dec_peak:       12.685
Characteristic density local = 11176.7 deg^-2 = 3.105 arcmin^-2
Fitting aperture to hotspot...
Candidate: x_peak:        0.145, y_peak:        0.975, r_peak:        0.020, sig:        8.378, ra_peak:      122.489, dec_peak:       12.995
Characteristic density local = 10892.2 deg^-2 = 3.026 arcmin^-2
Fitting aperture to hotspot...
Candidate: x_peak:        0.165, y_peak:        0.805, r_peak:        0.010, sig:        6.039, ra_peak:      122.509, dec_peak:       12.825
Distance = 63.1 kpc (m-M = 19.0)
860229 objects left after isochrone cut...
Characteristic density = 10900.0 deg^-2
Characteristic density local = 12115.7 deg^-2 = 3.365 arcmin^-2
Fitting aperture to hotspot...
Candidate: x_peak:       -1.355, y_peak:        0.015, r_peak:        0.030, sig:        3.062, ra_peak:      120.955, dec_peak:       12.032
Characteristic density local = 12040.1 deg^-2 = 3.344 arcmin^-2
Fitting aperture to hotspot...
Candidate: x_peak:       -1.345, y_peak:        0.025, r_peak:        0.040, sig:        3.156, ra_peak:      120.965, dec_peak:       12.042
Characteristic density local = 11652.1 deg^-2 = 3.237 arcmin^-2
Fitting aperture to hotspot...
Candidate: x_peak:       -0.585, y_peak:       -0.055, r_peak:        0.030, sig:        5.017, ra_peak:      121.742, dec_peak:       11.964
Characteristic density local = 11075.2 deg^-2 = 3.076 arcmin^-2
Fitting aperture to hotspot...
Candidate: x_peak:       -0.235, y_peak:        0.735, r_peak:        0.020, sig:        6.538, ra_peak:      122.099, dec_peak:       12.755
Characteristic density local = 11031.4 deg^-2 = 3.064 arcmin^-2
Fitting aperture to hotspot...
Candidate: x_peak:       -0.055, y_peak:       -0.045, r_peak:        0.040, sig:        3.986, ra_peak:      122.284, dec_peak:       11.975
Characteristic density local = 10756.9 deg^-2 = 2.988 arcmin^-2
Fitting aperture to hotspot...
Candidate: x_peak:        0.115, y_peak:        0.675, r_peak:        0.020, sig:        6.854, ra_peak:      122.458, dec_peak:       12.695
Characteristic density local = 10955.8 deg^-2 = 3.043 arcmin^-2
Fitting aperture to hotspot...
Candidate: x_peak:        0.145, y_peak:        0.975, r_peak:        0.020, sig:        8.477, ra_peak:      122.489, dec_peak:       12.995
Characteristic density local = 10683.3 deg^-2 = 2.968 arcmin^-2
Fitting aperture to hotspot...
Candidate: x_peak:        0.165, y_peak:        0.805, r_peak:        0.010, sig:        6.091, ra_peak:      122.509, dec_peak:       12.825
Characteristic density local = 11329.8 deg^-2 = 3.147 arcmin^-2
Fitting aperture to hotspot...
Candidate: x_peak:        0.175, y_peak:       -0.585, r_peak:        0.020, sig:        5.522, ra_peak:      122.519, dec_peak:       11.435
Distance = 79.4 kpc (m-M = 19.5)
852229 objects left after isochrone cut...
Characteristic density = 10600.0 deg^-2
Characteristic density local = 11349.7 deg^-2 = 3.153 arcmin^-2
Fitting aperture to hotspot...
Candidate: x_peak:       -0.585, y_peak:       -0.055, r_peak:        0.030, sig:        5.050, ra_peak:      121.742, dec_peak:       11.964
Characteristic density local = 10800.7 deg^-2 = 3.000 arcmin^-2
Fitting aperture to hotspot...
Candidate: x_peak:       -0.235, y_peak:        0.735, r_peak:        0.020, sig:        6.476, ra_peak:      122.099, dec_peak:       12.755
Characteristic density local = 10534.1 deg^-2 = 2.926 arcmin^-2
Fitting aperture to hotspot...
Candidate: x_peak:        0.115, y_peak:        0.665, r_peak:        0.020, sig:        8.167, ra_peak:      122.458, dec_peak:       12.685
Characteristic density local = 10693.2 deg^-2 = 2.970 arcmin^-2
Fitting aperture to hotspot...
Candidate: x_peak:        0.145, y_peak:        0.975, r_peak:        0.020, sig:        8.596, ra_peak:      122.489, dec_peak:       12.995
Characteristic density local = 10446.5 deg^-2 = 2.902 arcmin^-2
Fitting aperture to hotspot...
Candidate: x_peak:        0.165, y_peak:        0.805, r_peak:        0.010, sig:        6.151, ra_peak:      122.509, dec_peak:       12.825
Distance = 100.0 kpc (m-M = 20.0)
842610 objects left after isochrone cut...
Characteristic density = 10300.0 deg^-2
Characteristic density local = 10971.7 deg^-2 = 3.048 arcmin^-2
Fitting aperture to hotspot...
Candidate: x_peak:       -0.585, y_peak:       -0.055, r_peak:        0.030, sig:        4.986, ra_peak:      121.742, dec_peak:       11.964
Characteristic density local = 10496.3 deg^-2 = 2.916 arcmin^-2
Fitting aperture to hotspot...
Candidate: x_peak:       -0.235, y_peak:        0.735, r_peak:        0.020, sig:        6.609, ra_peak:      122.099, dec_peak:       12.755
Characteristic density local = 10122.3 deg^-2 = 2.812 arcmin^-2
Fitting aperture to hotspot...
Candidate: x_peak:        0.115, y_peak:        0.675, r_peak:        0.020, sig:        6.957, ra_peak:      122.458, dec_peak:       12.695
Characteristic density local = 10317.2 deg^-2 = 2.866 arcmin^-2
Fitting aperture to hotspot...
Candidate: x_peak:        0.145, y_peak:        0.975, r_peak:        0.020, sig:        8.605, ra_peak:      122.489, dec_peak:       12.995
Characteristic density local = 10096.4 deg^-2 = 2.805 arcmin^-2
Fitting aperture to hotspot...
Candidate: x_peak:        0.165, y_peak:        0.805, r_peak:        0.010, sig:        6.242, ra_peak:      122.509, dec_peak:       12.825
Distance = 125.9 kpc (m-M = 20.5)
830934 objects left after isochrone cut...
Characteristic density = 9900.0 deg^-2
Characteristic density local = 10922.0 deg^-2 = 3.034 arcmin^-2
Fitting aperture to hotspot...
Candidate: x_peak:       -1.345, y_peak:        0.025, r_peak:        0.020, sig:        3.518, ra_peak:      120.965, dec_peak:       12.042
Characteristic density local = 10904.1 deg^-2 = 3.029 arcmin^-2
Fitting aperture to hotspot...
Candidate: x_peak:       -1.335, y_peak:        0.035, r_peak:        0.020, sig:        3.733, ra_peak:      120.975, dec_peak:       12.052
Characteristic density local = 10585.8 deg^-2 = 2.940 arcmin^-2
Fitting aperture to hotspot...
Candidate: x_peak:       -0.585, y_peak:       -0.055, r_peak:        0.030, sig:        4.927, ra_peak:      121.742, dec_peak:       11.964
Characteristic density local = 10104.3 deg^-2 = 2.807 arcmin^-2
Fitting aperture to hotspot...
Candidate: x_peak:       -0.235, y_peak:        0.735, r_peak:        0.020, sig:        6.784, ra_peak:      122.099, dec_peak:       12.755
Characteristic density local = 9965.1 deg^-2 = 2.768 arcmin^-2
Fitting aperture to hotspot...
Candidate: x_peak:       -0.065, y_peak:       -0.045, r_peak:        0.050, sig:        4.241, ra_peak:      122.274, dec_peak:       11.975
Characteristic density local = 9796.0 deg^-2 = 2.721 arcmin^-2
Fitting aperture to hotspot...
Candidate: x_peak:        0.115, y_peak:        0.665, r_peak:        0.020, sig:        8.516, ra_peak:      122.458, dec_peak:       12.685
Characteristic density local = 9941.2 deg^-2 = 2.761 arcmin^-2
Fitting aperture to hotspot...
Candidate: x_peak:        0.145, y_peak:        0.975, r_peak:        0.020, sig:        8.784, ra_peak:      122.489, dec_peak:       12.995
Characteristic density local = 9752.2 deg^-2 = 2.709 arcmin^-2
Fitting aperture to hotspot...
Candidate: x_peak:        0.165, y_peak:        0.805, r_peak:        0.010, sig:        6.334, ra_peak:      122.509, dec_peak:       12.825
Characteristic density local = 9955.1 deg^-2 = 2.765 arcmin^-2
Fitting aperture to hotspot...
Candidate: x_peak:        0.915, y_peak:       -0.365, r_peak:        0.050, sig:        4.544, ra_peak:      123.274, dec_peak:       11.653
Distance = 158.5 kpc (m-M = 21.0)
817152 objects left after isochrone cut...
Characteristic density = 9400.0 deg^-2
Characteristic density local = 10108.3 deg^-2 = 2.808 arcmin^-2
Fitting aperture to hotspot...
Candidate: x_peak:       -0.585, y_peak:       -0.055, r_peak:        0.030, sig:        5.069, ra_peak:      121.742, dec_peak:       11.964
Characteristic density local = 9672.6 deg^-2 = 2.687 arcmin^-2
Fitting aperture to hotspot...
Candidate: x_peak:       -0.235, y_peak:        0.735, r_peak:        0.020, sig:        6.983, ra_peak:      122.099, dec_peak:       12.755
Characteristic density local = 9559.2 deg^-2 = 2.655 arcmin^-2
Fitting aperture to hotspot...
Candidate: x_peak:       -0.065, y_peak:       -0.045, r_peak:        0.050, sig:        4.337, ra_peak:      122.274, dec_peak:       11.975
Characteristic density local = 9390.1 deg^-2 = 2.608 arcmin^-2
Fitting aperture to hotspot...
Candidate: x_peak:        0.115, y_peak:        0.665, r_peak:        0.020, sig:        8.543, ra_peak:      122.458, dec_peak:       12.685
Characteristic density local = 9527.4 deg^-2 = 2.647 arcmin^-2
Fitting aperture to hotspot...
Candidate: x_peak:        0.145, y_peak:        0.975, r_peak:        0.020, sig:        8.988, ra_peak:      122.489, dec_peak:       12.995
Characteristic density local = 9312.6 deg^-2 = 2.587 arcmin^-2
Fitting aperture to hotspot...
Candidate: x_peak:        0.155, y_peak:        0.805, r_peak:        0.030, sig:        6.717, ra_peak:      122.499, dec_peak:       12.825
Characteristic density local = 9841.7 deg^-2 = 2.734 arcmin^-2
Fitting aperture to hotspot...
Candidate: x_peak:        0.175, y_peak:       -0.595, r_peak:        0.010, sig:        6.887, ra_peak:      122.519, dec_peak:       11.425
Distance = 199.5 kpc (m-M = 21.5)
801540 objects left after isochrone cut...
Characteristic density = 8900.0 deg^-2
Characteristic density local = 9559.2 deg^-2 = 2.655 arcmin^-2
Fitting aperture to hotspot...
Candidate: x_peak:       -0.585, y_peak:       -0.055, r_peak:        0.030, sig:        4.816, ra_peak:      121.742, dec_peak:       11.964
Characteristic density local = 9175.3 deg^-2 = 2.549 arcmin^-2
Fitting aperture to hotspot...
Candidate: x_peak:       -0.235, y_peak:        0.735, r_peak:        0.020, sig:        7.220, ra_peak:      122.099, dec_peak:       12.755
Characteristic density local = 9099.7 deg^-2 = 2.528 arcmin^-2
Fitting aperture to hotspot...
Candidate: x_peak:       -0.065, y_peak:       -0.055, r_peak:        0.040, sig:        5.021, ra_peak:      122.274, dec_peak:       11.965
Characteristic density local = 8870.9 deg^-2 = 2.464 arcmin^-2
Fitting aperture to hotspot...
Candidate: x_peak:        0.115, y_peak:        0.675, r_peak:        0.020, sig:        7.370, ra_peak:      122.458, dec_peak:       12.695
Characteristic density local = 9061.9 deg^-2 = 2.517 arcmin^-2
Fitting aperture to hotspot...
Candidate: x_peak:        0.145, y_peak:        0.975, r_peak:        0.020, sig:        9.225, ra_peak:      122.489, dec_peak:       12.995
Characteristic density local = 8823.2 deg^-2 = 2.451 arcmin^-2
Fitting aperture to hotspot...
Candidate: x_peak:        0.155, y_peak:        0.805, r_peak:        0.030, sig:        6.762, ra_peak:      122.499, dec_peak:       12.825
Characteristic density local = 9390.1 deg^-2 = 2.608 arcmin^-2
Fitting aperture to hotspot...
Candidate: x_peak:        0.175, y_peak:       -0.595, r_peak:        0.010, sig:        7.014, ra_peak:      122.519, dec_peak:       11.425
Characteristic density local = 8974.3 deg^-2 = 2.493 arcmin^-2
Fitting aperture to hotspot...
Candidate: x_peak:        0.575, y_peak:       -0.195, r_peak:        0.020, sig:        6.177, ra_peak:      122.927, dec_peak:       11.824
Distance = 251.2 kpc (m-M = 22.0)
783913 objects left after isochrone cut...
Characteristic density = 8400.0 deg^-2
Characteristic density local = 8956.4 deg^-2 = 2.488 arcmin^-2
Fitting aperture to hotspot...
Candidate: x_peak:       -0.585, y_peak:       -0.055, r_peak:        0.030, sig:        5.048, ra_peak:      121.742, dec_peak:       11.964
Characteristic density local = 8640.1 deg^-2 = 2.400 arcmin^-2
Fitting aperture to hotspot...
Candidate: x_peak:       -0.235, y_peak:        0.735, r_peak:        0.020, sig:        7.486, ra_peak:      122.099, dec_peak:       12.755
Characteristic density local = 8502.9 deg^-2 = 2.362 arcmin^-2
Fitting aperture to hotspot...
Candidate: x_peak:       -0.065, y_peak:       -0.055, r_peak:        0.040, sig:        5.039, ra_peak:      122.274, dec_peak:       11.965
Characteristic density local = 8329.8 deg^-2 = 2.314 arcmin^-2
Fitting aperture to hotspot...
Candidate: x_peak:        0.115, y_peak:        0.675, r_peak:        0.020, sig:        7.646, ra_peak:      122.458, dec_peak:       12.695
Characteristic density local = 8484.9 deg^-2 = 2.357 arcmin^-2
Fitting aperture to hotspot...
Candidate: x_peak:        0.145, y_peak:        0.975, r_peak:        0.020, sig:        9.186, ra_peak:      122.489, dec_peak:       12.995
Characteristic density local = 8325.8 deg^-2 = 2.313 arcmin^-2
Fitting aperture to hotspot...
Candidate: x_peak:        0.155, y_peak:        0.805, r_peak:        0.030, sig:        6.964, ra_peak:      122.499, dec_peak:       12.825
Characteristic density local = 8751.5 deg^-2 = 2.431 arcmin^-2
Fitting aperture to hotspot...
Candidate: x_peak:        0.175, y_peak:       -0.595, r_peak:        0.010, sig:        6.912, ra_peak:      122.519, dec_peak:       11.425
Characteristic density local = 8391.4 deg^-2 = 2.331 arcmin^-2
Fitting aperture to hotspot...
Candidate: x_peak:        0.575, y_peak:       -0.195, r_peak:        0.020, sig:        6.462, ra_peak:      122.927, dec_peak:       11.824
Distance = 316.2 kpc (m-M = 22.5)
763647 objects left after isochrone cut...
Characteristic density = 7700.0 deg^-2
Characteristic density local = 8278.0 deg^-2 = 2.299 arcmin^-2
Fitting aperture to hotspot...
Candidate: x_peak:       -0.585, y_peak:       -0.055, r_peak:        0.040, sig:        5.110, ra_peak:      121.742, dec_peak:       11.964
Characteristic density local = 8005.5 deg^-2 = 2.224 arcmin^-2
Fitting aperture to hotspot...
Candidate: x_peak:       -0.235, y_peak:        0.735, r_peak:        0.020, sig:        7.438, ra_peak:      122.099, dec_peak:       12.755
Characteristic density local = 8089.0 deg^-2 = 2.247 arcmin^-2
Fitting aperture to hotspot...
Candidate: x_peak:       -0.165, y_peak:       -0.775, r_peak:        0.030, sig:        4.684, ra_peak:      122.172, dec_peak:       11.245
Characteristic density local = 7856.3 deg^-2 = 2.182 arcmin^-2
Fitting aperture to hotspot...
Candidate: x_peak:       -0.065, y_peak:       -0.055, r_peak:        0.040, sig:        4.979, ra_peak:      122.274, dec_peak:       11.965
Characteristic density local = 7723.0 deg^-2 = 2.145 arcmin^-2
Fitting aperture to hotspot...
Candidate: x_peak:        0.115, y_peak:        0.675, r_peak:        0.020, sig:        7.782, ra_peak:      122.458, dec_peak:       12.695
Characteristic density local = 7856.3 deg^-2 = 2.182 arcmin^-2
Fitting aperture to hotspot...
Candidate: x_peak:        0.145, y_peak:        0.975, r_peak:        0.020, sig:        9.359, ra_peak:      122.489, dec_peak:       12.995
Characteristic density local = 7732.9 deg^-2 = 2.148 arcmin^-2
Fitting aperture to hotspot...
Candidate: x_peak:        0.155, y_peak:        0.805, r_peak:        0.030, sig:        6.953, ra_peak:      122.499, dec_peak:       12.825
Characteristic density local = 8156.7 deg^-2 = 2.266 arcmin^-2
Fitting aperture to hotspot...
Candidate: x_peak:        0.165, y_peak:       -0.595, r_peak:        0.020, sig:        6.778, ra_peak:      122.508, dec_peak:       11.425
Characteristic density local = 7818.5 deg^-2 = 2.172 arcmin^-2
Fitting aperture to hotspot...
Candidate: x_peak:        0.575, y_peak:       -0.195, r_peak:        0.020, sig:        6.757, ra_peak:      122.927, dec_peak:       11.824
Distance = 398.1 kpc (m-M = 23.0)
740629 objects left after isochrone cut...
Characteristic density = 7000.0 deg^-2
Characteristic density local = 7528.0 deg^-2 = 2.091 arcmin^-2
Fitting aperture to hotspot...
Candidate: x_peak:       -0.585, y_peak:       -0.055, r_peak:        0.040, sig:        5.150, ra_peak:      121.742, dec_peak:       11.964
Characteristic density local = 7281.3 deg^-2 = 2.023 arcmin^-2
Fitting aperture to hotspot...
Candidate: x_peak:       -0.235, y_peak:        0.735, r_peak:        0.020, sig:        7.447, ra_peak:      122.099, dec_peak:       12.755
Characteristic density local = 7076.4 deg^-2 = 1.966 arcmin^-2
Fitting aperture to hotspot...
Candidate: x_peak:       -0.065, y_peak:       -0.055, r_peak:        0.040, sig:        5.049, ra_peak:      122.274, dec_peak:       11.965
Characteristic density local = 7006.8 deg^-2 = 1.946 arcmin^-2
Fitting aperture to hotspot...
Candidate: x_peak:        0.115, y_peak:        0.665, r_peak:        0.020, sig:        9.135, ra_peak:      122.458, dec_peak:       12.685
Characteristic density local = 7175.9 deg^-2 = 1.993 arcmin^-2
Fitting aperture to hotspot...
Candidate: x_peak:        0.145, y_peak:        0.975, r_peak:        0.020, sig:        9.399, ra_peak:      122.489, dec_peak:       12.995
Characteristic density local = 6951.1 deg^-2 = 1.931 arcmin^-2
Fitting aperture to hotspot...
Candidate: x_peak:        0.165, y_peak:        0.805, r_peak:        0.010, sig:        7.194, ra_peak:      122.509, dec_peak:       12.825
Characteristic density local = 7353.0 deg^-2 = 2.042 arcmin^-2
Fitting aperture to hotspot...
Candidate: x_peak:        0.165, y_peak:       -0.595, r_peak:        0.020, sig:        7.009, ra_peak:      122.508, dec_peak:       11.425
Characteristic density local = 6975.0 deg^-2 = 1.937 arcmin^-2
Fitting aperture to hotspot...
Candidate: x_peak:        0.575, y_peak:       -0.185, r_peak:        0.020, sig:        7.423, ra_peak:      122.927, dec_peak:       11.834
9.40 sigma; (RA, Dec, d) = (122.49, 12.99); r = 0.02 deg; d = 398.1, mu = 23.00 mag), mc_source_id: 0.00
9.13 sigma; (RA, Dec, d) = (122.46, 12.68); r = 0.02 deg; d = 398.1, mu = 23.00 mag), mc_source_id: 0.00
7.49 sigma; (RA, Dec, d) = (122.10, 12.75); r = 0.02 deg; d = 251.2, mu = 22.00 mag), mc_source_id: 0.00
7.42 sigma; (RA, Dec, d) = (122.93, 11.83); r = 0.02 deg; d = 398.1, mu = 23.00 mag), mc_source_id: 0.00
7.19 sigma; (RA, Dec, d) = (122.51, 12.82); r = 0.01 deg; d = 398.1, mu = 23.00 mag), mc_source_id: 0.00
7.01 sigma; (RA, Dec, d) = (122.52, 11.42); r = 0.01 deg; d = 199.5, mu = 21.50 mag), mc_source_id: 0.00
5.52 sigma; (RA, Dec, d) = (122.52, 11.43); r = 0.02 deg; d = 63.1, mu = 19.00 mag), mc_source_id: 0.00
5.15 sigma; (RA, Dec, d) = (121.74, 11.96); r = 0.04 deg; d = 398.1, mu = 23.00 mag), mc_source_id: 0.00
5.05 sigma; (RA, Dec, d) = (122.27, 11.96); r = 0.04 deg; d = 398.1, mu = 23.00 mag), mc_source_id: 0.00
4.74 sigma; (RA, Dec, d) = (121.90, 11.58); r = 0.02 deg; d = 50.1, mu = 18.50 mag), mc_source_id: 0.00
4.68 sigma; (RA, Dec, d) = (122.17, 11.24); r = 0.03 deg; d = 316.2, mu = 22.50 mag), mc_source_id: 0.00
4.54 sigma; (RA, Dec, d) = (123.27, 11.65); r = 0.05 deg; d = 125.9, mu = 20.50 mag), mc_source_id: 0.00
3.73 sigma; (RA, Dec, d) = (120.97, 12.05); r = 0.02 deg; d = 125.9, mu = 20.50 mag), mc_source_id: 0.00
3.06 sigma; (RA, Dec, d) = (120.95, 12.03); r = 0.03 deg; d = 63.1, mu = 19.00 mag), mc_source_id: 0.00

------------------------------------------------------------
Job <680060.0> was submitted from <des51.fnal.gov> by user <tavangar>.
Job was executed on host <des40.fnal.gov> as user <tavangar>.
</var/lib/condor/execute/dir_1851388> was used as the initial working directory.
Results reported at Wed Jun  5 07:31:09 CDT 2019

Your job looked like:

------------------------------------------------------------
python /home/s1/tavangar/tavangar_simple/search_algorithm.py 122.34 12.02 0.00 /home/s1/tavangar/tavangar_simple/decals_dr7_results/results_nside_32_4843.csv /home/s1/tavangar/tavangar_simple/decals_dr7_results/decals_dr7_log/results_nside_32_4843.log
------------------------------------------------------------

Successfully completed.

Resource usage summary:

	Real time :			532.17 sec.
	CPU time :			172.16 sec.
	CPU percentage :		87%
	Max Memory :			6101728 KB
	Average Memory :		0 KB

The output (if any) is above this job summary.
