/home/s1/tavangar/tavangar_simple/simple_utils.py:170: FutureWarning: elementwise comparison failed; returning scalar instead, but in the future will perform elementwise comparison
  if np.all(isochrone.stage == 'Main'):
Search coordinates: (RA, Dec) = (150.47, -4.78)
Center healpixel: 6645
Healpixels: [6645 6773 6644 6517 6389 6518 6646 6774 6901]
MC_SOURCE_ID = 0.0
mode = 0: running only on real data
Found 1 objects...
Applying cuts...
1049386 star-like objects in ROI...
1384460 galaxy-like objects in ROI...
No fracdet map specified ...
Distance = 15.8 kpc (m-M = 16.0)
1049363 objects left after isochrone cut...
Characteristic density = 5200.0 deg^-2
Characteristic density local = 5656.0 deg^-2 = 1.571 arcmin^-2
Fitting aperture to hotspot...
Candidate: x_peak:       -0.725, y_peak:        0.305, r_peak:        0.050, sig:        4.258, ra_peak:      149.743, dec_peak:       -4.475
Characteristic density local = 5944.4 deg^-2 = 1.651 arcmin^-2
Fitting aperture to hotspot...
Candidate: x_peak:       -0.695, y_peak:       -0.265, r_peak:        0.030, sig:        4.371, ra_peak:      149.772, dec_peak:       -5.045
Characteristic density local = 5835.0 deg^-2 = 1.621 arcmin^-2
Fitting aperture to hotspot...
Candidate: x_peak:       -0.455, y_peak:       -0.235, r_peak:        0.020, sig:        9.129, ra_peak:      150.013, dec_peak:       -5.015
Characteristic density local = 5665.9 deg^-2 = 1.574 arcmin^-2
Fitting aperture to hotspot...
Candidate: x_peak:       -0.255, y_peak:        0.405, r_peak:        0.030, sig:        4.223, ra_peak:      150.214, dec_peak:       -4.375
Characteristic density local = 5715.7 deg^-2 = 1.588 arcmin^-2
Fitting aperture to hotspot...
Candidate: x_peak:       -0.245, y_peak:        0.505, r_peak:        0.020, sig:        6.041, ra_peak:      150.224, dec_peak:       -4.275
Characteristic density local = 5614.2 deg^-2 = 1.559 arcmin^-2
Fitting aperture to hotspot...
Candidate: x_peak:       -0.155, y_peak:       -0.215, r_peak:        0.040, sig:        4.557, ra_peak:      150.314, dec_peak:       -4.995
Characteristic density local = 5719.6 deg^-2 = 1.589 arcmin^-2
Fitting aperture to hotspot...
Candidate: x_peak:       -0.145, y_peak:        0.935, r_peak:        0.020, sig:        7.367, ra_peak:      150.325, dec_peak:       -3.845
Characteristic density local = 5156.6 deg^-2 = 1.432 arcmin^-2
Fitting aperture to hotspot...
Candidate: x_peak:        0.255, y_peak:       -0.845, r_peak:        0.020, sig:        9.416, ra_peak:      150.726, dec_peak:       -5.625
Characteristic density local = 5950.4 deg^-2 = 1.653 arcmin^-2
Fitting aperture to hotspot...
Candidate: x_peak:        0.745, y_peak:       -0.505, r_peak:        0.030, sig:        5.621, ra_peak:      151.218, dec_peak:       -5.285
Distance = 20.0 kpc (m-M = 16.5)
1049374 objects left after isochrone cut...
Characteristic density = 5200.0 deg^-2
Characteristic density local = 5656.0 deg^-2 = 1.571 arcmin^-2
Fitting aperture to hotspot...
Candidate: x_peak:       -0.725, y_peak:        0.305, r_peak:        0.050, sig:        4.258, ra_peak:      149.743, dec_peak:       -4.475
Characteristic density local = 5944.4 deg^-2 = 1.651 arcmin^-2
Fitting aperture to hotspot...
Candidate: x_peak:       -0.695, y_peak:       -0.265, r_peak:        0.030, sig:        4.371, ra_peak:      149.772, dec_peak:       -5.045
Characteristic density local = 5835.0 deg^-2 = 1.621 arcmin^-2
Fitting aperture to hotspot...
Candidate: x_peak:       -0.455, y_peak:       -0.235, r_peak:        0.020, sig:        9.129, ra_peak:      150.013, dec_peak:       -5.015
Characteristic density local = 5665.9 deg^-2 = 1.574 arcmin^-2
Fitting aperture to hotspot...
Candidate: x_peak:       -0.255, y_peak:        0.405, r_peak:        0.030, sig:        4.223, ra_peak:      150.214, dec_peak:       -4.375
Characteristic density local = 5715.7 deg^-2 = 1.588 arcmin^-2
Fitting aperture to hotspot...
Candidate: x_peak:       -0.245, y_peak:        0.505, r_peak:        0.020, sig:        6.041, ra_peak:      150.224, dec_peak:       -4.275
Characteristic density local = 5614.2 deg^-2 = 1.559 arcmin^-2
Fitting aperture to hotspot...
Candidate: x_peak:       -0.155, y_peak:       -0.215, r_peak:        0.040, sig:        4.557, ra_peak:      150.314, dec_peak:       -4.995
Characteristic density local = 5719.6 deg^-2 = 1.589 arcmin^-2
Fitting aperture to hotspot...
Candidate: x_peak:       -0.145, y_peak:        0.935, r_peak:        0.020, sig:        7.367, ra_peak:      150.325, dec_peak:       -3.845
Characteristic density local = 5156.6 deg^-2 = 1.432 arcmin^-2
Fitting aperture to hotspot...
Candidate: x_peak:        0.255, y_peak:       -0.845, r_peak:        0.020, sig:        9.416, ra_peak:      150.726, dec_peak:       -5.625
Characteristic density local = 5950.4 deg^-2 = 1.653 arcmin^-2
Fitting aperture to hotspot...
Candidate: x_peak:        0.745, y_peak:       -0.505, r_peak:        0.030, sig:        5.621, ra_peak:      151.218, dec_peak:       -5.285
Distance = 25.1 kpc (m-M = 17.0)
1049379 objects left after isochrone cut...
Characteristic density = 5200.0 deg^-2
Characteristic density local = 5656.0 deg^-2 = 1.571 arcmin^-2
Fitting aperture to hotspot...
Candidate: x_peak:       -0.725, y_peak:        0.305, r_peak:        0.050, sig:        4.258, ra_peak:      149.743, dec_peak:       -4.475
Characteristic density local = 5944.4 deg^-2 = 1.651 arcmin^-2
Fitting aperture to hotspot...
Candidate: x_peak:       -0.695, y_peak:       -0.265, r_peak:        0.030, sig:        4.371, ra_peak:      149.772, dec_peak:       -5.045
Characteristic density local = 5835.0 deg^-2 = 1.621 arcmin^-2
Fitting aperture to hotspot...
Candidate: x_peak:       -0.455, y_peak:       -0.235, r_peak:        0.020, sig:        9.129, ra_peak:      150.013, dec_peak:       -5.015
Characteristic density local = 5665.9 deg^-2 = 1.574 arcmin^-2
Fitting aperture to hotspot...
Candidate: x_peak:       -0.255, y_peak:        0.405, r_peak:        0.030, sig:        4.223, ra_peak:      150.214, dec_peak:       -4.375
Characteristic density local = 5715.7 deg^-2 = 1.588 arcmin^-2
Fitting aperture to hotspot...
Candidate: x_peak:       -0.245, y_peak:        0.505, r_peak:        0.020, sig:        6.041, ra_peak:      150.224, dec_peak:       -4.275
Characteristic density local = 5614.2 deg^-2 = 1.559 arcmin^-2
Fitting aperture to hotspot...
Candidate: x_peak:       -0.155, y_peak:       -0.215, r_peak:        0.040, sig:        4.557, ra_peak:      150.314, dec_peak:       -4.995
Characteristic density local = 5719.6 deg^-2 = 1.589 arcmin^-2
Fitting aperture to hotspot...
Candidate: x_peak:       -0.145, y_peak:        0.935, r_peak:        0.020, sig:        7.367, ra_peak:      150.325, dec_peak:       -3.845
Characteristic density local = 5156.6 deg^-2 = 1.432 arcmin^-2
Fitting aperture to hotspot...
Candidate: x_peak:        0.255, y_peak:       -0.845, r_peak:        0.020, sig:        9.416, ra_peak:      150.726, dec_peak:       -5.625
Characteristic density local = 5950.4 deg^-2 = 1.653 arcmin^-2
Fitting aperture to hotspot...
Candidate: x_peak:        0.745, y_peak:       -0.505, r_peak:        0.030, sig:        5.621, ra_peak:      151.218, dec_peak:       -5.285
Distance = 31.6 kpc (m-M = 17.5)
1049381 objects left after isochrone cut...
Characteristic density = 5200.0 deg^-2
Characteristic density local = 5656.0 deg^-2 = 1.571 arcmin^-2
Fitting aperture to hotspot...
Candidate: x_peak:       -0.725, y_peak:        0.305, r_peak:        0.050, sig:        4.258, ra_peak:      149.743, dec_peak:       -4.475
Characteristic density local = 5944.4 deg^-2 = 1.651 arcmin^-2
Fitting aperture to hotspot...
Candidate: x_peak:       -0.695, y_peak:       -0.265, r_peak:        0.030, sig:        4.371, ra_peak:      149.772, dec_peak:       -5.045
Characteristic density local = 5835.0 deg^-2 = 1.621 arcmin^-2
Fitting aperture to hotspot...
Candidate: x_peak:       -0.455, y_peak:       -0.235, r_peak:        0.020, sig:        9.129, ra_peak:      150.013, dec_peak:       -5.015
Characteristic density local = 5665.9 deg^-2 = 1.574 arcmin^-2
Fitting aperture to hotspot...
Candidate: x_peak:       -0.255, y_peak:        0.405, r_peak:        0.030, sig:        4.223, ra_peak:      150.214, dec_peak:       -4.375
Characteristic density local = 5715.7 deg^-2 = 1.588 arcmin^-2
Fitting aperture to hotspot...
Candidate: x_peak:       -0.245, y_peak:        0.505, r_peak:        0.020, sig:        6.041, ra_peak:      150.224, dec_peak:       -4.275
Characteristic density local = 5614.2 deg^-2 = 1.559 arcmin^-2
Fitting aperture to hotspot...
Candidate: x_peak:       -0.155, y_peak:       -0.215, r_peak:        0.040, sig:        4.557, ra_peak:      150.314, dec_peak:       -4.995
Characteristic density local = 5719.6 deg^-2 = 1.589 arcmin^-2
Fitting aperture to hotspot...
Candidate: x_peak:       -0.145, y_peak:        0.935, r_peak:        0.020, sig:        7.367, ra_peak:      150.325, dec_peak:       -3.845
Characteristic density local = 5156.6 deg^-2 = 1.432 arcmin^-2
Fitting aperture to hotspot...
Candidate: x_peak:        0.255, y_peak:       -0.845, r_peak:        0.020, sig:        9.416, ra_peak:      150.726, dec_peak:       -5.625
Characteristic density local = 5950.4 deg^-2 = 1.653 arcmin^-2
Fitting aperture to hotspot...
Candidate: x_peak:        0.745, y_peak:       -0.505, r_peak:        0.030, sig:        5.621, ra_peak:      151.218, dec_peak:       -5.285
Distance = 39.8 kpc (m-M = 18.0)
1049366 objects left after isochrone cut...
Characteristic density = 5200.0 deg^-2
Characteristic density local = 5656.0 deg^-2 = 1.571 arcmin^-2
Fitting aperture to hotspot...
Candidate: x_peak:       -0.725, y_peak:        0.305, r_peak:        0.050, sig:        4.258, ra_peak:      149.743, dec_peak:       -4.475
Characteristic density local = 5944.4 deg^-2 = 1.651 arcmin^-2
Fitting aperture to hotspot...
Candidate: x_peak:       -0.695, y_peak:       -0.265, r_peak:        0.030, sig:        4.371, ra_peak:      149.772, dec_peak:       -5.045
Characteristic density local = 5835.0 deg^-2 = 1.621 arcmin^-2
Fitting aperture to hotspot...
Candidate: x_peak:       -0.455, y_peak:       -0.235, r_peak:        0.020, sig:        9.129, ra_peak:      150.013, dec_peak:       -5.015
Characteristic density local = 5665.9 deg^-2 = 1.574 arcmin^-2
Fitting aperture to hotspot...
Candidate: x_peak:       -0.255, y_peak:        0.405, r_peak:        0.030, sig:        4.223, ra_peak:      150.214, dec_peak:       -4.375
Characteristic density local = 5715.7 deg^-2 = 1.588 arcmin^-2
Fitting aperture to hotspot...
Candidate: x_peak:       -0.245, y_peak:        0.505, r_peak:        0.020, sig:        6.041, ra_peak:      150.224, dec_peak:       -4.275
Characteristic density local = 5614.2 deg^-2 = 1.559 arcmin^-2
Fitting aperture to hotspot...
Candidate: x_peak:       -0.155, y_peak:       -0.215, r_peak:        0.040, sig:        4.557, ra_peak:      150.314, dec_peak:       -4.995
Characteristic density local = 5719.6 deg^-2 = 1.589 arcmin^-2
Fitting aperture to hotspot...
Candidate: x_peak:       -0.145, y_peak:        0.935, r_peak:        0.020, sig:        7.367, ra_peak:      150.325, dec_peak:       -3.845
Characteristic density local = 5156.6 deg^-2 = 1.432 arcmin^-2
Fitting aperture to hotspot...
Candidate: x_peak:        0.255, y_peak:       -0.845, r_peak:        0.020, sig:        9.416, ra_peak:      150.726, dec_peak:       -5.625
Characteristic density local = 5950.4 deg^-2 = 1.653 arcmin^-2
Fitting aperture to hotspot...
Candidate: x_peak:        0.745, y_peak:       -0.505, r_peak:        0.030, sig:        5.621, ra_peak:      151.218, dec_peak:       -5.285
Distance = 50.1 kpc (m-M = 18.5)
1049032 objects left after isochrone cut...
Characteristic density = 5200.0 deg^-2
Characteristic density local = 5644.0 deg^-2 = 1.568 arcmin^-2
Fitting aperture to hotspot...
Candidate: x_peak:       -0.725, y_peak:        0.305, r_peak:        0.050, sig:        4.273, ra_peak:      149.743, dec_peak:       -4.475
Characteristic density local = 5930.5 deg^-2 = 1.647 arcmin^-2
Fitting aperture to hotspot...
Candidate: x_peak:       -0.695, y_peak:       -0.265, r_peak:        0.030, sig:        4.383, ra_peak:      149.772, dec_peak:       -5.045
Characteristic density local = 5823.1 deg^-2 = 1.618 arcmin^-2
Fitting aperture to hotspot...
Candidate: x_peak:       -0.455, y_peak:       -0.235, r_peak:        0.020, sig:        9.137, ra_peak:      150.013, dec_peak:       -5.015
Characteristic density local = 5658.0 deg^-2 = 1.572 arcmin^-2
Fitting aperture to hotspot...
Candidate: x_peak:       -0.255, y_peak:        0.405, r_peak:        0.030, sig:        4.230, ra_peak:      150.214, dec_peak:       -4.375
Characteristic density local = 5707.7 deg^-2 = 1.585 arcmin^-2
Fitting aperture to hotspot...
Candidate: x_peak:       -0.245, y_peak:        0.505, r_peak:        0.020, sig:        6.046, ra_peak:      150.224, dec_peak:       -4.275
Characteristic density local = 5610.2 deg^-2 = 1.558 arcmin^-2
Fitting aperture to hotspot...
Candidate: x_peak:       -0.155, y_peak:       -0.215, r_peak:        0.040, sig:        4.561, ra_peak:      150.314, dec_peak:       -4.995
Characteristic density local = 5707.7 deg^-2 = 1.585 arcmin^-2
Fitting aperture to hotspot...
Candidate: x_peak:       -0.145, y_peak:        0.935, r_peak:        0.020, sig:        7.375, ra_peak:      150.325, dec_peak:       -3.845
Characteristic density local = 5150.7 deg^-2 = 1.431 arcmin^-2
Fitting aperture to hotspot...
Candidate: x_peak:        0.255, y_peak:       -0.845, r_peak:        0.020, sig:        9.420, ra_peak:      150.726, dec_peak:       -5.625
Characteristic density local = 5942.4 deg^-2 = 1.651 arcmin^-2
Fitting aperture to hotspot...
Candidate: x_peak:        0.745, y_peak:       -0.505, r_peak:        0.030, sig:        5.628, ra_peak:      151.218, dec_peak:       -5.285
Distance = 63.1 kpc (m-M = 19.0)
1047743 objects left after isochrone cut...
Characteristic density = 5200.0 deg^-2
Characteristic density local = 5572.4 deg^-2 = 1.548 arcmin^-2
Fitting aperture to hotspot...
Candidate: x_peak:       -0.725, y_peak:        0.305, r_peak:        0.050, sig:        4.241, ra_peak:      149.743, dec_peak:       -4.475
Characteristic density local = 5835.0 deg^-2 = 1.621 arcmin^-2
Fitting aperture to hotspot...
Candidate: x_peak:       -0.695, y_peak:       -0.265, r_peak:        0.030, sig:        4.274, ra_peak:      149.772, dec_peak:       -5.045
Characteristic density local = 5753.5 deg^-2 = 1.598 arcmin^-2
Fitting aperture to hotspot...
Candidate: x_peak:       -0.455, y_peak:       -0.235, r_peak:        0.020, sig:        9.185, ra_peak:      150.013, dec_peak:       -5.015
Characteristic density local = 5590.3 deg^-2 = 1.553 arcmin^-2
Fitting aperture to hotspot...
Candidate: x_peak:       -0.255, y_peak:        0.405, r_peak:        0.030, sig:        4.095, ra_peak:      150.214, dec_peak:       -4.375
Characteristic density local = 5620.2 deg^-2 = 1.561 arcmin^-2
Fitting aperture to hotspot...
Candidate: x_peak:       -0.245, y_peak:        0.505, r_peak:        0.020, sig:        6.101, ra_peak:      150.224, dec_peak:       -4.275
Characteristic density local = 5504.8 deg^-2 = 1.529 arcmin^-2
Fitting aperture to hotspot...
Candidate: x_peak:       -0.155, y_peak:       -0.225, r_peak:        0.040, sig:        4.675, ra_peak:      150.314, dec_peak:       -5.005
Characteristic density local = 5658.0 deg^-2 = 1.572 arcmin^-2
Fitting aperture to hotspot...
Candidate: x_peak:       -0.145, y_peak:        0.935, r_peak:        0.020, sig:        7.408, ra_peak:      150.325, dec_peak:       -3.845
Characteristic density local = 5087.0 deg^-2 = 1.413 arcmin^-2
Fitting aperture to hotspot...
Candidate: x_peak:        0.255, y_peak:       -0.845, r_peak:        0.020, sig:        9.468, ra_peak:      150.726, dec_peak:       -5.625
Characteristic density local = 5845.0 deg^-2 = 1.624 arcmin^-2
Fitting aperture to hotspot...
Candidate: x_peak:        0.745, y_peak:       -0.505, r_peak:        0.030, sig:        5.709, ra_peak:      151.218, dec_peak:       -5.285
Distance = 79.4 kpc (m-M = 19.5)
1045604 objects left after isochrone cut...
Characteristic density = 5100.0 deg^-2
Characteristic density local = 5471.0 deg^-2 = 1.520 arcmin^-2
Fitting aperture to hotspot...
Candidate: x_peak:       -0.725, y_peak:        0.305, r_peak:        0.050, sig:        4.375, ra_peak:      149.743, dec_peak:       -4.475
Characteristic density local = 5725.6 deg^-2 = 1.590 arcmin^-2
Fitting aperture to hotspot...
Candidate: x_peak:       -0.695, y_peak:       -0.265, r_peak:        0.030, sig:        4.174, ra_peak:      149.772, dec_peak:       -5.045
Characteristic density local = 5640.1 deg^-2 = 1.567 arcmin^-2
Fitting aperture to hotspot...
Candidate: x_peak:       -0.455, y_peak:       -0.235, r_peak:        0.020, sig:        9.264, ra_peak:      150.013, dec_peak:       -5.015
Characteristic density local = 5459.0 deg^-2 = 1.516 arcmin^-2
Fitting aperture to hotspot...
Candidate: x_peak:       -0.255, y_peak:        0.405, r_peak:        0.030, sig:        4.010, ra_peak:      150.214, dec_peak:       -4.375
Characteristic density local = 5488.9 deg^-2 = 1.525 arcmin^-2
Fitting aperture to hotspot...
Candidate: x_peak:       -0.245, y_peak:        0.505, r_peak:        0.020, sig:        6.185, ra_peak:      150.224, dec_peak:       -4.275
Characteristic density local = 5387.4 deg^-2 = 1.496 arcmin^-2
Fitting aperture to hotspot...
Candidate: x_peak:       -0.155, y_peak:       -0.225, r_peak:        0.200, sig:        4.364, ra_peak:      150.314, dec_peak:       -5.005
Characteristic density local = 5560.5 deg^-2 = 1.545 arcmin^-2
Fitting aperture to hotspot...
Candidate: x_peak:       -0.145, y_peak:        0.935, r_peak:        0.020, sig:        7.256, ra_peak:      150.325, dec_peak:       -3.845
Characteristic density local = 4991.5 deg^-2 = 1.387 arcmin^-2
Fitting aperture to hotspot...
Candidate: x_peak:        0.255, y_peak:       -0.845, r_peak:        0.020, sig:        9.541, ra_peak:      150.726, dec_peak:       -5.625
Characteristic density local = 5733.6 deg^-2 = 1.593 arcmin^-2
Fitting aperture to hotspot...
Candidate: x_peak:        0.745, y_peak:       -0.505, r_peak:        0.030, sig:        5.804, ra_peak:      151.218, dec_peak:       -5.285
Distance = 100.0 kpc (m-M = 20.0)
1042986 objects left after isochrone cut...
Characteristic density = 5000.0 deg^-2
Characteristic density local = 5361.5 deg^-2 = 1.489 arcmin^-2
Fitting aperture to hotspot...
Candidate: x_peak:       -0.725, y_peak:        0.305, r_peak:        0.050, sig:        4.394, ra_peak:      149.743, dec_peak:       -4.475
Characteristic density local = 5536.6 deg^-2 = 1.538 arcmin^-2
Fitting aperture to hotspot...
Candidate: x_peak:       -0.455, y_peak:       -0.235, r_peak:        0.020, sig:        9.139, ra_peak:      150.013, dec_peak:       -5.015
Characteristic density local = 5369.5 deg^-2 = 1.492 arcmin^-2
Fitting aperture to hotspot...
Candidate: x_peak:       -0.245, y_peak:        0.505, r_peak:        0.020, sig:        6.262, ra_peak:      150.224, dec_peak:       -4.275
Characteristic density local = 5449.1 deg^-2 = 1.514 arcmin^-2
Fitting aperture to hotspot...
Candidate: x_peak:       -0.145, y_peak:        0.935, r_peak:        0.020, sig:        7.112, ra_peak:      150.325, dec_peak:       -3.845
Characteristic density local = 4909.9 deg^-2 = 1.364 arcmin^-2
Fitting aperture to hotspot...
Candidate: x_peak:        0.255, y_peak:       -0.845, r_peak:        0.020, sig:        9.604, ra_peak:      150.726, dec_peak:       -5.625
Characteristic density local = 5648.0 deg^-2 = 1.569 arcmin^-2
Fitting aperture to hotspot...
Candidate: x_peak:        0.745, y_peak:       -0.495, r_peak:        0.030, sig:        6.397, ra_peak:      151.218, dec_peak:       -5.275
Distance = 125.9 kpc (m-M = 20.5)
1039889 objects left after isochrone cut...
Characteristic density = 4900.0 deg^-2
Characteristic density local = 5206.4 deg^-2 = 1.446 arcmin^-2
Fitting aperture to hotspot...
Candidate: x_peak:       -0.725, y_peak:        0.305, r_peak:        0.050, sig:        4.604, ra_peak:      149.743, dec_peak:       -4.475
Characteristic density local = 5409.3 deg^-2 = 1.503 arcmin^-2
Fitting aperture to hotspot...
Candidate: x_peak:       -0.455, y_peak:       -0.235, r_peak:        0.020, sig:        9.230, ra_peak:      150.013, dec_peak:       -5.015
Characteristic density local = 5186.5 deg^-2 = 1.441 arcmin^-2
Fitting aperture to hotspot...
Candidate: x_peak:       -0.245, y_peak:        0.505, r_peak:        0.020, sig:        6.384, ra_peak:      150.224, dec_peak:       -4.275
Characteristic density local = 5339.6 deg^-2 = 1.483 arcmin^-2
Fitting aperture to hotspot...
Candidate: x_peak:       -0.145, y_peak:        0.935, r_peak:        0.020, sig:        7.186, ra_peak:      150.325, dec_peak:       -3.845
Characteristic density local = 5138.7 deg^-2 = 1.427 arcmin^-2
Fitting aperture to hotspot...
Candidate: x_peak:       -0.155, y_peak:       -0.215, r_peak:        0.210, sig:        4.476, ra_peak:      150.314, dec_peak:       -4.995
Characteristic density local = 5081.0 deg^-2 = 1.411 arcmin^-2
Fitting aperture to hotspot...
Candidate: x_peak:        0.035, y_peak:        1.165, r_peak:        0.060, sig:        5.256, ra_peak:      150.505, dec_peak:       -3.615
Characteristic density local = 5045.2 deg^-2 = 1.401 arcmin^-2
Fitting aperture to hotspot...
Candidate: x_peak:        0.045, y_peak:        1.155, r_peak:        0.070, sig:        4.803, ra_peak:      150.515, dec_peak:       -3.625
Characteristic density local = 4818.4 deg^-2 = 1.338 arcmin^-2
Fitting aperture to hotspot...
Candidate: x_peak:        0.255, y_peak:       -0.845, r_peak:        0.020, sig:        9.675, ra_peak:      150.726, dec_peak:       -5.625
Characteristic density local = 5480.9 deg^-2 = 1.522 arcmin^-2
Fitting aperture to hotspot...
Candidate: x_peak:        0.745, y_peak:       -0.505, r_peak:        0.030, sig:        6.024, ra_peak:      151.218, dec_peak:       -5.285
Distance = 158.5 kpc (m-M = 21.0)
1035982 objects left after isochrone cut...
Characteristic density = 4800.0 deg^-2
Characteristic density local = 5053.2 deg^-2 = 1.404 arcmin^-2
Fitting aperture to hotspot...
Candidate: x_peak:       -0.725, y_peak:        0.305, r_peak:        0.050, sig:        4.557, ra_peak:      149.743, dec_peak:       -4.475
Characteristic density local = 5244.2 deg^-2 = 1.457 arcmin^-2
Fitting aperture to hotspot...
Candidate: x_peak:       -0.455, y_peak:       -0.235, r_peak:        0.020, sig:        9.351, ra_peak:      150.013, dec_peak:       -5.015
Characteristic density local = 5005.4 deg^-2 = 1.390 arcmin^-2
Fitting aperture to hotspot...
Candidate: x_peak:       -0.245, y_peak:        0.505, r_peak:        0.020, sig:        6.507, ra_peak:      150.224, dec_peak:       -4.275
Characteristic density local = 5146.7 deg^-2 = 1.430 arcmin^-2
Fitting aperture to hotspot...
Candidate: x_peak:       -0.145, y_peak:        0.935, r_peak:        0.020, sig:        7.319, ra_peak:      150.325, dec_peak:       -3.845
Characteristic density local = 4945.7 deg^-2 = 1.374 arcmin^-2
Fitting aperture to hotspot...
Candidate: x_peak:        0.035, y_peak:        1.165, r_peak:        0.060, sig:        5.153, ra_peak:      150.505, dec_peak:       -3.615
Characteristic density local = 4717.0 deg^-2 = 1.310 arcmin^-2
Fitting aperture to hotspot...
Candidate: x_peak:        0.255, y_peak:       -0.845, r_peak:        0.020, sig:        9.756, ra_peak:      150.726, dec_peak:       -5.625
Characteristic density local = 5274.0 deg^-2 = 1.465 arcmin^-2
Fitting aperture to hotspot...
Candidate: x_peak:        0.745, y_peak:       -0.505, r_peak:        0.030, sig:        6.210, ra_peak:      151.218, dec_peak:       -5.285
Distance = 199.5 kpc (m-M = 21.5)
1030976 objects left after isochrone cut...
Characteristic density = 4600.0 deg^-2
Characteristic density local = 4868.2 deg^-2 = 1.352 arcmin^-2
Fitting aperture to hotspot...
Candidate: x_peak:       -0.725, y_peak:        0.305, r_peak:        0.050, sig:        4.556, ra_peak:      149.743, dec_peak:       -4.475
Characteristic density local = 5047.2 deg^-2 = 1.402 arcmin^-2
Fitting aperture to hotspot...
Candidate: x_peak:       -0.455, y_peak:       -0.235, r_peak:        0.020, sig:        9.296, ra_peak:      150.013, dec_peak:       -5.015
Characteristic density local = 4786.6 deg^-2 = 1.330 arcmin^-2
Fitting aperture to hotspot...
Candidate: x_peak:       -0.245, y_peak:        0.505, r_peak:        0.020, sig:        6.660, ra_peak:      150.224, dec_peak:       -4.275
Characteristic density local = 4915.9 deg^-2 = 1.366 arcmin^-2
Fitting aperture to hotspot...
Candidate: x_peak:       -0.145, y_peak:        0.935, r_peak:        0.020, sig:        7.031, ra_peak:      150.325, dec_peak:       -3.845
Characteristic density local = 4541.9 deg^-2 = 1.262 arcmin^-2
Fitting aperture to hotspot...
Candidate: x_peak:        0.255, y_peak:       -0.845, r_peak:        0.020, sig:        9.693, ra_peak:      150.726, dec_peak:       -5.625
Characteristic density local = 5061.1 deg^-2 = 1.406 arcmin^-2
Fitting aperture to hotspot...
Candidate: x_peak:        0.745, y_peak:       -0.505, r_peak:        0.030, sig:        6.407, ra_peak:      151.218, dec_peak:       -5.285
Distance = 251.2 kpc (m-M = 22.0)
1024666 objects left after isochrone cut...
Characteristic density = 4400.0 deg^-2
Characteristic density local = 4651.3 deg^-2 = 1.292 arcmin^-2
Fitting aperture to hotspot...
Candidate: x_peak:       -0.725, y_peak:        0.305, r_peak:        0.050, sig:        4.332, ra_peak:      149.743, dec_peak:       -4.475
Characteristic density local = 4906.0 deg^-2 = 1.363 arcmin^-2
Fitting aperture to hotspot...
Candidate: x_peak:       -0.695, y_peak:       -0.265, r_peak:        0.040, sig:        3.942, ra_peak:      149.772, dec_peak:       -5.045
Characteristic density local = 4836.3 deg^-2 = 1.343 arcmin^-2
Fitting aperture to hotspot...
Candidate: x_peak:       -0.455, y_peak:       -0.235, r_peak:        0.020, sig:        9.458, ra_peak:      150.013, dec_peak:       -5.015
Characteristic density local = 4535.9 deg^-2 = 1.260 arcmin^-2
Fitting aperture to hotspot...
Candidate: x_peak:       -0.245, y_peak:        0.505, r_peak:        0.020, sig:        6.605, ra_peak:      150.224, dec_peak:       -4.275
Characteristic density local = 4619.5 deg^-2 = 1.283 arcmin^-2
Fitting aperture to hotspot...
Candidate: x_peak:       -0.145, y_peak:        0.935, r_peak:        0.020, sig:        7.016, ra_peak:      150.325, dec_peak:       -3.845
Characteristic density local = 4321.1 deg^-2 = 1.200 arcmin^-2
Fitting aperture to hotspot...
Candidate: x_peak:        0.255, y_peak:       -0.845, r_peak:        0.020, sig:        9.670, ra_peak:      150.726, dec_peak:       -5.625
Characteristic density local = 4828.4 deg^-2 = 1.341 arcmin^-2
Fitting aperture to hotspot...
Candidate: x_peak:        0.745, y_peak:       -0.505, r_peak:        0.030, sig:        6.449, ra_peak:      151.218, dec_peak:       -5.285
Distance = 316.2 kpc (m-M = 22.5)
1016599 objects left after isochrone cut...
Characteristic density = 4100.0 deg^-2
Characteristic density local = 4301.2 deg^-2 = 1.195 arcmin^-2
Fitting aperture to hotspot...
Candidate: x_peak:       -0.725, y_peak:        0.315, r_peak:        0.020, sig:        4.730, ra_peak:      149.743, dec_peak:       -4.465
Characteristic density local = 4591.6 deg^-2 = 1.275 arcmin^-2
Fitting aperture to hotspot...
Candidate: x_peak:       -0.455, y_peak:       -0.235, r_peak:        0.020, sig:        9.447, ra_peak:      150.013, dec_peak:       -5.015
Characteristic density local = 4257.4 deg^-2 = 1.183 arcmin^-2
Fitting aperture to hotspot...
Candidate: x_peak:       -0.245, y_peak:        0.505, r_peak:        0.020, sig:        6.815, ra_peak:      150.224, dec_peak:       -4.275
Characteristic density local = 4331.0 deg^-2 = 1.203 arcmin^-2
Fitting aperture to hotspot...
Candidate: x_peak:       -0.145, y_peak:        0.935, r_peak:        0.020, sig:        6.998, ra_peak:      150.325, dec_peak:       -3.845
Characteristic density local = 4098.2 deg^-2 = 1.138 arcmin^-2
Fitting aperture to hotspot...
Candidate: x_peak:        0.255, y_peak:       -0.845, r_peak:        0.020, sig:        9.863, ra_peak:      150.726, dec_peak:       -5.625
Characteristic density local = 4508.1 deg^-2 = 1.252 arcmin^-2
Fitting aperture to hotspot...
Candidate: x_peak:        0.745, y_peak:       -0.505, r_peak:        0.030, sig:        6.025, ra_peak:      151.218, dec_peak:       -5.285
Distance = 398.1 kpc (m-M = 23.0)
1006032 objects left after isochrone cut...
Characteristic density = 3800.0 deg^-2
Characteristic density local = 3931.1 deg^-2 = 1.092 arcmin^-2
Fitting aperture to hotspot...
Candidate: x_peak:       -0.725, y_peak:        0.315, r_peak:        0.040, sig:        4.462, ra_peak:      149.743, dec_peak:       -4.465
Characteristic density local = 4185.8 deg^-2 = 1.163 arcmin^-2
Fitting aperture to hotspot...
Candidate: x_peak:       -0.455, y_peak:       -0.235, r_peak:        0.020, sig:        9.576, ra_peak:      150.013, dec_peak:       -5.015
Characteristic density local = 3867.5 deg^-2 = 1.074 arcmin^-2
Fitting aperture to hotspot...
Candidate: x_peak:       -0.245, y_peak:        0.505, r_peak:        0.020, sig:        7.127, ra_peak:      150.224, dec_peak:       -4.275
Characteristic density local = 3968.9 deg^-2 = 1.102 arcmin^-2
Fitting aperture to hotspot...
Candidate: x_peak:       -0.145, y_peak:        0.925, r_peak:        0.030, sig:        6.393, ra_peak:      150.325, dec_peak:       -3.855
Characteristic density local = 3766.0 deg^-2 = 1.046 arcmin^-2
Fitting aperture to hotspot...
Candidate: x_peak:        0.255, y_peak:       -0.845, r_peak:        0.020, sig:        9.953, ra_peak:      150.726, dec_peak:       -5.625
Characteristic density local = 4114.2 deg^-2 = 1.143 arcmin^-2
Fitting aperture to hotspot...
Candidate: x_peak:        0.745, y_peak:       -0.505, r_peak:        0.030, sig:        5.650, ra_peak:      151.218, dec_peak:       -5.285
9.95 sigma; (RA, Dec, d) = (150.73, -5.62); r = 0.02 deg; d = 398.1, mu = 23.00 mag), mc_source_id: 0.00
9.58 sigma; (RA, Dec, d) = (150.01, -5.01); r = 0.02 deg; d = 398.1, mu = 23.00 mag), mc_source_id: 0.00
7.41 sigma; (RA, Dec, d) = (150.32, -3.84); r = 0.02 deg; d = 63.1, mu = 19.00 mag), mc_source_id: 0.00
7.13 sigma; (RA, Dec, d) = (150.22, -4.27); r = 0.02 deg; d = 398.1, mu = 23.00 mag), mc_source_id: 0.00
6.45 sigma; (RA, Dec, d) = (151.22, -5.28); r = 0.03 deg; d = 251.2, mu = 22.00 mag), mc_source_id: 0.00
5.26 sigma; (RA, Dec, d) = (150.51, -3.61); r = 0.06 deg; d = 125.9, mu = 20.50 mag), mc_source_id: 0.00
4.73 sigma; (RA, Dec, d) = (149.74, -4.46); r = 0.02 deg; d = 316.2, mu = 22.50 mag), mc_source_id: 0.00
4.68 sigma; (RA, Dec, d) = (150.31, -5.00); r = 0.04 deg; d = 63.1, mu = 19.00 mag), mc_source_id: 0.00
4.38 sigma; (RA, Dec, d) = (149.77, -5.04); r = 0.03 deg; d = 50.1, mu = 18.50 mag), mc_source_id: 0.00
4.23 sigma; (RA, Dec, d) = (150.21, -4.37); r = 0.03 deg; d = 50.1, mu = 18.50 mag), mc_source_id: 0.00

------------------------------------------------------------
Job <681315.0> was submitted from <des51.fnal.gov> by user <tavangar>.
Job was executed on host <des40.fnal.gov> as user <tavangar>.
</var/lib/condor/execute/dir_2085686> was used as the initial working directory.
Results reported at Wed Jun  5 13:48:01 CDT 2019

Your job looked like:

------------------------------------------------------------
python /home/s1/tavangar/tavangar_simple/search_algorithm.py 150.47 -4.78 0.00 /home/s1/tavangar/tavangar_simple/decals_dr7_results/results_nside_32_6645.csv /home/s1/tavangar/tavangar_simple/decals_dr7_results/decals_dr7_log/results_nside_32_6645.log
------------------------------------------------------------

Successfully completed.

Resource usage summary:

	Real time :			333.40 sec.
	CPU time :			20.22 sec.
	CPU percentage :		88%
	Max Memory :			8399360 KB
	Average Memory :		0 KB

The output (if any) is above this job summary.
