/home/s1/tavangar/tavangar_simple/simple_utils.py:170: FutureWarning: elementwise comparison failed; returning scalar instead, but in the future will perform elementwise comparison
  if np.all(isochrone.stage == 'Main'):
Search coordinates: (RA, Dec) = (222.19, 13.25)
Center healpixel: 4751
Healpixels: [4751 4878 4750 4622 4495 4623 4752 4879 5007]
MC_SOURCE_ID = 0.0
mode = 0: running only on real data
Found 1 objects...
Applying cuts...
723564 star-like objects in ROI...
1027737 galaxy-like objects in ROI...
No fracdet map specified ...
Distance = 15.8 kpc (m-M = 16.0)
723554 objects left after isochrone cut...
Characteristic density = 6200.0 deg^-2
Characteristic density local = 6091.7 deg^-2 = 1.692 arcmin^-2
Fitting aperture to hotspot...
Candidate: x_peak:       -0.705, y_peak:       -0.145, r_peak:        0.020, sig:       22.013, ra_peak:      221.466, dec_peak:       13.104
Characteristic density local = 6169.2 deg^-2 = 1.714 arcmin^-2
Fitting aperture to hotspot...
Candidate: x_peak:       -0.165, y_peak:        0.695, r_peak:        0.020, sig:        7.292, ra_peak:      222.020, dec_peak:       13.945
Characteristic density local = 6457.7 deg^-2 = 1.794 arcmin^-2
Fitting aperture to hotspot...
Candidate: x_peak:        0.205, y_peak:        0.345, r_peak:        0.010, sig:        8.274, ra_peak:      222.401, dec_peak:       13.595
Characteristic density local = 6439.8 deg^-2 = 1.789 arcmin^-2
Fitting aperture to hotspot...
Candidate: x_peak:        0.305, y_peak:       -0.915, r_peak:        0.020, sig:        8.341, ra_peak:      222.502, dec_peak:       12.335
Characteristic density local = 6410.0 deg^-2 = 1.781 arcmin^-2
Fitting aperture to hotspot...
Candidate: x_peak:        0.445, y_peak:       -0.465, r_peak:        0.020, sig:       13.328, ra_peak:      222.646, dec_peak:       12.785
Characteristic density local = 6326.4 deg^-2 = 1.757 arcmin^-2
Fitting aperture to hotspot...
Candidate: x_peak:        0.485, y_peak:        0.715, r_peak:        0.020, sig:        6.558, ra_peak:      222.690, dec_peak:       13.965
Characteristic density local = 6280.7 deg^-2 = 1.745 arcmin^-2
Fitting aperture to hotspot...
Candidate: x_peak:        0.635, y_peak:        0.445, r_peak:        0.020, sig:       10.516, ra_peak:      222.844, dec_peak:       13.694
Characteristic density local = 6236.9 deg^-2 = 1.732 arcmin^-2
Fitting aperture to hotspot...
Candidate: x_peak:        0.675, y_peak:        0.235, r_peak:        0.020, sig:       11.434, ra_peak:      222.884, dec_peak:       13.484
Characteristic density local = 6290.6 deg^-2 = 1.747 arcmin^-2
Fitting aperture to hotspot...
Candidate: x_peak:        0.695, y_peak:       -0.355, r_peak:        0.020, sig:        8.632, ra_peak:      222.903, dec_peak:       12.894
Distance = 20.0 kpc (m-M = 16.5)
723559 objects left after isochrone cut...
Characteristic density = 6200.0 deg^-2
Characteristic density local = 6091.7 deg^-2 = 1.692 arcmin^-2
Fitting aperture to hotspot...
Candidate: x_peak:       -0.705, y_peak:       -0.145, r_peak:        0.020, sig:       22.013, ra_peak:      221.466, dec_peak:       13.104
Characteristic density local = 6169.2 deg^-2 = 1.714 arcmin^-2
Fitting aperture to hotspot...
Candidate: x_peak:       -0.165, y_peak:        0.695, r_peak:        0.020, sig:        7.292, ra_peak:      222.020, dec_peak:       13.945
Characteristic density local = 6457.7 deg^-2 = 1.794 arcmin^-2
Fitting aperture to hotspot...
Candidate: x_peak:        0.205, y_peak:        0.345, r_peak:        0.010, sig:        8.274, ra_peak:      222.401, dec_peak:       13.595
Characteristic density local = 6439.8 deg^-2 = 1.789 arcmin^-2
Fitting aperture to hotspot...
Candidate: x_peak:        0.305, y_peak:       -0.915, r_peak:        0.020, sig:        8.341, ra_peak:      222.502, dec_peak:       12.335
Characteristic density local = 6410.0 deg^-2 = 1.781 arcmin^-2
Fitting aperture to hotspot...
Candidate: x_peak:        0.445, y_peak:       -0.465, r_peak:        0.020, sig:       13.328, ra_peak:      222.646, dec_peak:       12.785
Characteristic density local = 6326.4 deg^-2 = 1.757 arcmin^-2
Fitting aperture to hotspot...
Candidate: x_peak:        0.485, y_peak:        0.715, r_peak:        0.020, sig:        6.558, ra_peak:      222.690, dec_peak:       13.965
Characteristic density local = 6280.7 deg^-2 = 1.745 arcmin^-2
Fitting aperture to hotspot...
Candidate: x_peak:        0.635, y_peak:        0.445, r_peak:        0.020, sig:       10.516, ra_peak:      222.844, dec_peak:       13.694
Characteristic density local = 6236.9 deg^-2 = 1.732 arcmin^-2
Fitting aperture to hotspot...
Candidate: x_peak:        0.675, y_peak:        0.235, r_peak:        0.020, sig:       11.434, ra_peak:      222.884, dec_peak:       13.484
Characteristic density local = 6290.6 deg^-2 = 1.747 arcmin^-2
Fitting aperture to hotspot...
Candidate: x_peak:        0.695, y_peak:       -0.355, r_peak:        0.020, sig:        8.632, ra_peak:      222.903, dec_peak:       12.894
Distance = 25.1 kpc (m-M = 17.0)
723561 objects left after isochrone cut...
Characteristic density = 6200.0 deg^-2
Characteristic density local = 6091.7 deg^-2 = 1.692 arcmin^-2
Fitting aperture to hotspot...
Candidate: x_peak:       -0.705, y_peak:       -0.145, r_peak:        0.020, sig:       22.013, ra_peak:      221.466, dec_peak:       13.104
Characteristic density local = 6169.2 deg^-2 = 1.714 arcmin^-2
Fitting aperture to hotspot...
Candidate: x_peak:       -0.165, y_peak:        0.695, r_peak:        0.020, sig:        7.292, ra_peak:      222.020, dec_peak:       13.945
Characteristic density local = 6457.7 deg^-2 = 1.794 arcmin^-2
Fitting aperture to hotspot...
Candidate: x_peak:        0.205, y_peak:        0.345, r_peak:        0.010, sig:        8.274, ra_peak:      222.401, dec_peak:       13.595
Characteristic density local = 6439.8 deg^-2 = 1.789 arcmin^-2
Fitting aperture to hotspot...
Candidate: x_peak:        0.305, y_peak:       -0.915, r_peak:        0.020, sig:        8.341, ra_peak:      222.502, dec_peak:       12.335
Characteristic density local = 6410.0 deg^-2 = 1.781 arcmin^-2
Fitting aperture to hotspot...
Candidate: x_peak:        0.445, y_peak:       -0.465, r_peak:        0.020, sig:       13.328, ra_peak:      222.646, dec_peak:       12.785
Characteristic density local = 6326.4 deg^-2 = 1.757 arcmin^-2
Fitting aperture to hotspot...
Candidate: x_peak:        0.485, y_peak:        0.715, r_peak:        0.020, sig:        6.558, ra_peak:      222.690, dec_peak:       13.965
Characteristic density local = 6280.7 deg^-2 = 1.745 arcmin^-2
Fitting aperture to hotspot...
Candidate: x_peak:        0.635, y_peak:        0.445, r_peak:        0.020, sig:       10.516, ra_peak:      222.844, dec_peak:       13.694
Characteristic density local = 6236.9 deg^-2 = 1.732 arcmin^-2
Fitting aperture to hotspot...
Candidate: x_peak:        0.675, y_peak:        0.235, r_peak:        0.020, sig:       11.434, ra_peak:      222.884, dec_peak:       13.484
Characteristic density local = 6290.6 deg^-2 = 1.747 arcmin^-2
Fitting aperture to hotspot...
Candidate: x_peak:        0.695, y_peak:       -0.355, r_peak:        0.020, sig:        8.632, ra_peak:      222.903, dec_peak:       12.894
Distance = 31.6 kpc (m-M = 17.5)
723562 objects left after isochrone cut...
Characteristic density = 6200.0 deg^-2
Characteristic density local = 6091.7 deg^-2 = 1.692 arcmin^-2
Fitting aperture to hotspot...
Candidate: x_peak:       -0.705, y_peak:       -0.145, r_peak:        0.020, sig:       22.013, ra_peak:      221.466, dec_peak:       13.104
Characteristic density local = 6169.2 deg^-2 = 1.714 arcmin^-2
Fitting aperture to hotspot...
Candidate: x_peak:       -0.165, y_peak:        0.695, r_peak:        0.020, sig:        7.292, ra_peak:      222.020, dec_peak:       13.945
Characteristic density local = 6457.7 deg^-2 = 1.794 arcmin^-2
Fitting aperture to hotspot...
Candidate: x_peak:        0.205, y_peak:        0.345, r_peak:        0.010, sig:        8.274, ra_peak:      222.401, dec_peak:       13.595
Characteristic density local = 6439.8 deg^-2 = 1.789 arcmin^-2
Fitting aperture to hotspot...
Candidate: x_peak:        0.305, y_peak:       -0.915, r_peak:        0.020, sig:        8.341, ra_peak:      222.502, dec_peak:       12.335
Characteristic density local = 6410.0 deg^-2 = 1.781 arcmin^-2
Fitting aperture to hotspot...
Candidate: x_peak:        0.445, y_peak:       -0.465, r_peak:        0.020, sig:       13.328, ra_peak:      222.646, dec_peak:       12.785
Characteristic density local = 6326.4 deg^-2 = 1.757 arcmin^-2
Fitting aperture to hotspot...
Candidate: x_peak:        0.485, y_peak:        0.715, r_peak:        0.020, sig:        6.558, ra_peak:      222.690, dec_peak:       13.965
Characteristic density local = 6280.7 deg^-2 = 1.745 arcmin^-2
Fitting aperture to hotspot...
Candidate: x_peak:        0.635, y_peak:        0.445, r_peak:        0.020, sig:       10.516, ra_peak:      222.844, dec_peak:       13.694
Characteristic density local = 6236.9 deg^-2 = 1.732 arcmin^-2
Fitting aperture to hotspot...
Candidate: x_peak:        0.675, y_peak:        0.235, r_peak:        0.020, sig:       11.434, ra_peak:      222.884, dec_peak:       13.484
Characteristic density local = 6290.6 deg^-2 = 1.747 arcmin^-2
Fitting aperture to hotspot...
Candidate: x_peak:        0.695, y_peak:       -0.355, r_peak:        0.020, sig:        8.632, ra_peak:      222.903, dec_peak:       12.894
Distance = 39.8 kpc (m-M = 18.0)
723540 objects left after isochrone cut...
Characteristic density = 6200.0 deg^-2
Characteristic density local = 6091.7 deg^-2 = 1.692 arcmin^-2
Fitting aperture to hotspot...
Candidate: x_peak:       -0.705, y_peak:       -0.145, r_peak:        0.020, sig:       22.013, ra_peak:      221.466, dec_peak:       13.104
Characteristic density local = 6169.2 deg^-2 = 1.714 arcmin^-2
Fitting aperture to hotspot...
Candidate: x_peak:       -0.165, y_peak:        0.695, r_peak:        0.020, sig:        7.292, ra_peak:      222.020, dec_peak:       13.945
Characteristic density local = 6457.7 deg^-2 = 1.794 arcmin^-2
Fitting aperture to hotspot...
Candidate: x_peak:        0.205, y_peak:        0.345, r_peak:        0.010, sig:        8.274, ra_peak:      222.401, dec_peak:       13.595
Characteristic density local = 6439.8 deg^-2 = 1.789 arcmin^-2
Fitting aperture to hotspot...
Candidate: x_peak:        0.305, y_peak:       -0.915, r_peak:        0.020, sig:        8.341, ra_peak:      222.502, dec_peak:       12.335
Characteristic density local = 6410.0 deg^-2 = 1.781 arcmin^-2
Fitting aperture to hotspot...
Candidate: x_peak:        0.445, y_peak:       -0.465, r_peak:        0.020, sig:       13.328, ra_peak:      222.646, dec_peak:       12.785
Characteristic density local = 6326.4 deg^-2 = 1.757 arcmin^-2
Fitting aperture to hotspot...
Candidate: x_peak:        0.485, y_peak:        0.715, r_peak:        0.020, sig:        6.558, ra_peak:      222.690, dec_peak:       13.965
Characteristic density local = 6280.7 deg^-2 = 1.745 arcmin^-2
Fitting aperture to hotspot...
Candidate: x_peak:        0.635, y_peak:        0.445, r_peak:        0.020, sig:       10.516, ra_peak:      222.844, dec_peak:       13.694
Characteristic density local = 6236.9 deg^-2 = 1.732 arcmin^-2
Fitting aperture to hotspot...
Candidate: x_peak:        0.675, y_peak:        0.235, r_peak:        0.020, sig:       11.434, ra_peak:      222.884, dec_peak:       13.484
Characteristic density local = 6290.6 deg^-2 = 1.747 arcmin^-2
Fitting aperture to hotspot...
Candidate: x_peak:        0.695, y_peak:       -0.355, r_peak:        0.020, sig:        8.632, ra_peak:      222.903, dec_peak:       12.894
Distance = 50.1 kpc (m-M = 18.5)
722763 objects left after isochrone cut...
Characteristic density = 6200.0 deg^-2
Characteristic density local = 6059.8 deg^-2 = 1.683 arcmin^-2
Fitting aperture to hotspot...
Candidate: x_peak:       -0.705, y_peak:       -0.145, r_peak:        0.020, sig:       22.042, ra_peak:      221.466, dec_peak:       13.104
Characteristic density local = 6145.4 deg^-2 = 1.707 arcmin^-2
Fitting aperture to hotspot...
Candidate: x_peak:       -0.165, y_peak:        0.695, r_peak:        0.020, sig:        7.307, ra_peak:      222.020, dec_peak:       13.945
Characteristic density local = 6427.9 deg^-2 = 1.786 arcmin^-2
Fitting aperture to hotspot...
Candidate: x_peak:        0.205, y_peak:        0.345, r_peak:        0.010, sig:        8.286, ra_peak:      222.401, dec_peak:       13.595
Characteristic density local = 6404.0 deg^-2 = 1.779 arcmin^-2
Fitting aperture to hotspot...
Candidate: x_peak:        0.305, y_peak:       -0.915, r_peak:        0.020, sig:        8.363, ra_peak:      222.502, dec_peak:       12.335
Characteristic density local = 6384.1 deg^-2 = 1.773 arcmin^-2
Fitting aperture to hotspot...
Candidate: x_peak:        0.445, y_peak:       -0.465, r_peak:        0.020, sig:       13.347, ra_peak:      222.646, dec_peak:       12.785
Characteristic density local = 6312.5 deg^-2 = 1.753 arcmin^-2
Fitting aperture to hotspot...
Candidate: x_peak:        0.485, y_peak:        0.715, r_peak:        0.020, sig:        6.566, ra_peak:      222.690, dec_peak:       13.965
Characteristic density local = 6270.7 deg^-2 = 1.742 arcmin^-2
Fitting aperture to hotspot...
Candidate: x_peak:        0.635, y_peak:        0.445, r_peak:        0.020, sig:       10.523, ra_peak:      222.844, dec_peak:       13.694
Characteristic density local = 6219.0 deg^-2 = 1.727 arcmin^-2
Fitting aperture to hotspot...
Candidate: x_peak:        0.675, y_peak:        0.235, r_peak:        0.020, sig:       11.447, ra_peak:      222.884, dec_peak:       13.484
Characteristic density local = 6264.7 deg^-2 = 1.740 arcmin^-2
Fitting aperture to hotspot...
Candidate: x_peak:        0.695, y_peak:       -0.355, r_peak:        0.020, sig:        8.648, ra_peak:      222.903, dec_peak:       12.894
Distance = 63.1 kpc (m-M = 19.0)
720336 objects left after isochrone cut...
Characteristic density = 6100.0 deg^-2
Characteristic density local = 5998.2 deg^-2 = 1.666 arcmin^-2
Fitting aperture to hotspot...
Candidate: x_peak:       -0.705, y_peak:       -0.145, r_peak:        0.020, sig:       21.969, ra_peak:      221.466, dec_peak:       13.104
Characteristic density local = 6336.4 deg^-2 = 1.760 arcmin^-2
Fitting aperture to hotspot...
Candidate: x_peak:        0.205, y_peak:        0.345, r_peak:        0.010, sig:        8.322, ra_peak:      222.401, dec_peak:       13.595
Characteristic density local = 6316.5 deg^-2 = 1.755 arcmin^-2
Fitting aperture to hotspot...
Candidate: x_peak:        0.305, y_peak:       -0.915, r_peak:        0.020, sig:        8.220, ra_peak:      222.502, dec_peak:       12.335
Characteristic density local = 6274.7 deg^-2 = 1.743 arcmin^-2
Fitting aperture to hotspot...
Candidate: x_peak:        0.445, y_peak:       -0.465, r_peak:        0.020, sig:       13.427, ra_peak:      222.646, dec_peak:       12.785
Characteristic density local = 6230.9 deg^-2 = 1.731 arcmin^-2
Fitting aperture to hotspot...
Candidate: x_peak:        0.485, y_peak:        0.715, r_peak:        0.020, sig:        6.615, ra_peak:      222.690, dec_peak:       13.965
Characteristic density local = 6195.1 deg^-2 = 1.721 arcmin^-2
Fitting aperture to hotspot...
Candidate: x_peak:        0.635, y_peak:        0.445, r_peak:        0.020, sig:       10.574, ra_peak:      222.844, dec_peak:       13.694
Characteristic density local = 6141.4 deg^-2 = 1.706 arcmin^-2
Fitting aperture to hotspot...
Candidate: x_peak:        0.675, y_peak:        0.235, r_peak:        0.020, sig:       11.502, ra_peak:      222.884, dec_peak:       13.484
Characteristic density local = 6155.3 deg^-2 = 1.710 arcmin^-2
Fitting aperture to hotspot...
Candidate: x_peak:        0.695, y_peak:       -0.355, r_peak:        0.020, sig:        8.719, ra_peak:      222.903, dec_peak:       12.894
Distance = 79.4 kpc (m-M = 19.5)
717135 objects left after isochrone cut...
Characteristic density = 6000.0 deg^-2
Characteristic density local = 5878.8 deg^-2 = 1.633 arcmin^-2
Fitting aperture to hotspot...
Candidate: x_peak:       -0.705, y_peak:       -0.145, r_peak:        0.020, sig:       21.950, ra_peak:      221.466, dec_peak:       13.104
Characteristic density local = 6246.8 deg^-2 = 1.735 arcmin^-2
Fitting aperture to hotspot...
Candidate: x_peak:        0.205, y_peak:        0.345, r_peak:        0.010, sig:        8.357, ra_peak:      222.401, dec_peak:       13.595
Characteristic density local = 6211.0 deg^-2 = 1.725 arcmin^-2
Fitting aperture to hotspot...
Candidate: x_peak:        0.305, y_peak:       -0.915, r_peak:        0.020, sig:        8.288, ra_peak:      222.502, dec_peak:       12.335
Characteristic density local = 6153.3 deg^-2 = 1.709 arcmin^-2
Fitting aperture to hotspot...
Candidate: x_peak:        0.445, y_peak:       -0.465, r_peak:        0.020, sig:       13.517, ra_peak:      222.646, dec_peak:       12.785
Characteristic density local = 6153.3 deg^-2 = 1.709 arcmin^-2
Fitting aperture to hotspot...
Candidate: x_peak:        0.485, y_peak:        0.715, r_peak:        0.020, sig:        6.663, ra_peak:      222.690, dec_peak:       13.965
Characteristic density local = 6105.6 deg^-2 = 1.696 arcmin^-2
Fitting aperture to hotspot...
Candidate: x_peak:        0.635, y_peak:        0.445, r_peak:        0.020, sig:       10.636, ra_peak:      222.844, dec_peak:       13.694
Characteristic density local = 6039.9 deg^-2 = 1.678 arcmin^-2
Fitting aperture to hotspot...
Candidate: x_peak:        0.675, y_peak:        0.235, r_peak:        0.020, sig:       11.574, ra_peak:      222.884, dec_peak:       13.484
Characteristic density local = 6061.8 deg^-2 = 1.684 arcmin^-2
Fitting aperture to hotspot...
Candidate: x_peak:        0.695, y_peak:       -0.355, r_peak:        0.020, sig:        8.780, ra_peak:      222.903, dec_peak:       12.894
Distance = 100.0 kpc (m-M = 20.0)
713162 objects left after isochrone cut...
Characteristic density = 5900.0 deg^-2
Characteristic density local = 5753.5 deg^-2 = 1.598 arcmin^-2
Fitting aperture to hotspot...
Candidate: x_peak:       -0.705, y_peak:       -0.145, r_peak:        0.020, sig:       22.067, ra_peak:      221.466, dec_peak:       13.104
Characteristic density local = 6115.5 deg^-2 = 1.699 arcmin^-2
Fitting aperture to hotspot...
Candidate: x_peak:        0.205, y_peak:        0.345, r_peak:        0.010, sig:        8.410, ra_peak:      222.401, dec_peak:       13.595
Characteristic density local = 6067.8 deg^-2 = 1.685 arcmin^-2
Fitting aperture to hotspot...
Candidate: x_peak:        0.305, y_peak:       -0.915, r_peak:        0.020, sig:        8.380, ra_peak:      222.502, dec_peak:       12.335
Characteristic density local = 6036.0 deg^-2 = 1.677 arcmin^-2
Fitting aperture to hotspot...
Candidate: x_peak:        0.445, y_peak:       -0.465, r_peak:        0.020, sig:       13.605, ra_peak:      222.646, dec_peak:       12.785
Characteristic density local = 6018.0 deg^-2 = 1.672 arcmin^-2
Fitting aperture to hotspot...
Candidate: x_peak:        0.485, y_peak:        0.715, r_peak:        0.020, sig:        6.746, ra_peak:      222.690, dec_peak:       13.965
Characteristic density local = 5962.3 deg^-2 = 1.656 arcmin^-2
Fitting aperture to hotspot...
Candidate: x_peak:        0.635, y_peak:        0.445, r_peak:        0.020, sig:       10.737, ra_peak:      222.844, dec_peak:       13.694
Characteristic density local = 5912.6 deg^-2 = 1.642 arcmin^-2
Fitting aperture to hotspot...
Candidate: x_peak:        0.675, y_peak:        0.235, r_peak:        0.020, sig:       11.666, ra_peak:      222.884, dec_peak:       13.484
Characteristic density local = 5932.5 deg^-2 = 1.648 arcmin^-2
Fitting aperture to hotspot...
Candidate: x_peak:        0.695, y_peak:       -0.355, r_peak:        0.020, sig:        8.867, ra_peak:      222.903, dec_peak:       12.894
Distance = 125.9 kpc (m-M = 20.5)
708486 objects left after isochrone cut...
Characteristic density = 5700.0 deg^-2
Characteristic density local = 5630.1 deg^-2 = 1.564 arcmin^-2
Fitting aperture to hotspot...
Candidate: x_peak:       -0.705, y_peak:       -0.145, r_peak:        0.020, sig:       22.184, ra_peak:      221.466, dec_peak:       13.104
Characteristic density local = 5675.9 deg^-2 = 1.577 arcmin^-2
Fitting aperture to hotspot...
Candidate: x_peak:       -0.165, y_peak:        0.695, r_peak:        0.020, sig:        7.609, ra_peak:      222.020, dec_peak:       13.945
Characteristic density local = 5948.4 deg^-2 = 1.652 arcmin^-2
Fitting aperture to hotspot...
Candidate: x_peak:        0.205, y_peak:        0.345, r_peak:        0.010, sig:        8.479, ra_peak:      222.401, dec_peak:       13.595
Characteristic density local = 5934.5 deg^-2 = 1.648 arcmin^-2
Fitting aperture to hotspot...
Candidate: x_peak:        0.305, y_peak:       -0.915, r_peak:        0.020, sig:        8.266, ra_peak:      222.502, dec_peak:       12.335
Characteristic density local = 5848.9 deg^-2 = 1.625 arcmin^-2
Fitting aperture to hotspot...
Candidate: x_peak:        0.445, y_peak:       -0.465, r_peak:        0.020, sig:       13.748, ra_peak:      222.646, dec_peak:       12.785
Characteristic density local = 5856.9 deg^-2 = 1.627 arcmin^-2
Fitting aperture to hotspot...
Candidate: x_peak:        0.485, y_peak:        0.715, r_peak:        0.020, sig:        6.847, ra_peak:      222.690, dec_peak:       13.965
Characteristic density local = 5809.2 deg^-2 = 1.614 arcmin^-2
Fitting aperture to hotspot...
Candidate: x_peak:        0.635, y_peak:        0.445, r_peak:        0.020, sig:       10.846, ra_peak:      222.844, dec_peak:       13.694
Characteristic density local = 5741.5 deg^-2 = 1.595 arcmin^-2
Fitting aperture to hotspot...
Candidate: x_peak:        0.675, y_peak:        0.235, r_peak:        0.020, sig:       11.792, ra_peak:      222.884, dec_peak:       13.484
Characteristic density local = 5761.4 deg^-2 = 1.600 arcmin^-2
Fitting aperture to hotspot...
Candidate: x_peak:        0.695, y_peak:       -0.355, r_peak:        0.020, sig:        8.983, ra_peak:      222.903, dec_peak:       12.894
Distance = 158.5 kpc (m-M = 21.0)
702752 objects left after isochrone cut...
Characteristic density = 5500.0 deg^-2
Characteristic density local = 5459.0 deg^-2 = 1.516 arcmin^-2
Fitting aperture to hotspot...
Candidate: x_peak:       -0.705, y_peak:       -0.145, r_peak:        0.020, sig:       22.219, ra_peak:      221.466, dec_peak:       13.104
Characteristic density local = 5502.8 deg^-2 = 1.529 arcmin^-2
Fitting aperture to hotspot...
Candidate: x_peak:       -0.175, y_peak:        0.695, r_peak:        0.010, sig:        7.752, ra_peak:      222.010, dec_peak:       13.945
Characteristic density local = 5757.4 deg^-2 = 1.599 arcmin^-2
Fitting aperture to hotspot...
Candidate: x_peak:        0.205, y_peak:        0.345, r_peak:        0.010, sig:        8.559, ra_peak:      222.401, dec_peak:       13.595
Characteristic density local = 5745.5 deg^-2 = 1.596 arcmin^-2
Fitting aperture to hotspot...
Candidate: x_peak:        0.305, y_peak:       -0.915, r_peak:        0.020, sig:        8.188, ra_peak:      222.502, dec_peak:       12.335
Characteristic density local = 5654.0 deg^-2 = 1.571 arcmin^-2
Fitting aperture to hotspot...
Candidate: x_peak:        0.445, y_peak:       -0.465, r_peak:        0.020, sig:       13.737, ra_peak:      222.646, dec_peak:       12.785
Characteristic density local = 5687.8 deg^-2 = 1.580 arcmin^-2
Fitting aperture to hotspot...
Candidate: x_peak:        0.485, y_peak:        0.715, r_peak:        0.020, sig:        6.955, ra_peak:      222.690, dec_peak:       13.965
Characteristic density local = 5602.3 deg^-2 = 1.556 arcmin^-2
Fitting aperture to hotspot...
Candidate: x_peak:        0.635, y_peak:        0.445, r_peak:        0.020, sig:       10.997, ra_peak:      222.844, dec_peak:       13.694
Characteristic density local = 5564.5 deg^-2 = 1.546 arcmin^-2
Fitting aperture to hotspot...
Candidate: x_peak:        0.675, y_peak:        0.235, r_peak:        0.020, sig:       11.926, ra_peak:      222.884, dec_peak:       13.484
Characteristic density local = 5580.4 deg^-2 = 1.550 arcmin^-2
Fitting aperture to hotspot...
Candidate: x_peak:        0.695, y_peak:       -0.355, r_peak:        0.020, sig:        9.108, ra_peak:      222.903, dec_peak:       12.894
Distance = 199.5 kpc (m-M = 21.5)
696079 objects left after isochrone cut...
Characteristic density = 5300.0 deg^-2
Characteristic density local = 5254.1 deg^-2 = 1.459 arcmin^-2
Fitting aperture to hotspot...
Candidate: x_peak:       -0.705, y_peak:       -0.145, r_peak:        0.020, sig:       22.292, ra_peak:      221.466, dec_peak:       13.104
Characteristic density local = 5252.1 deg^-2 = 1.459 arcmin^-2
Fitting aperture to hotspot...
Candidate: x_peak:       -0.175, y_peak:        0.695, r_peak:        0.010, sig:        7.860, ra_peak:      222.010, dec_peak:       13.945
Characteristic density local = 5518.7 deg^-2 = 1.533 arcmin^-2
Fitting aperture to hotspot...
Candidate: x_peak:        0.205, y_peak:        0.345, r_peak:        0.010, sig:        8.662, ra_peak:      222.401, dec_peak:       13.595
Characteristic density local = 5526.7 deg^-2 = 1.535 arcmin^-2
Fitting aperture to hotspot...
Candidate: x_peak:        0.305, y_peak:       -0.915, r_peak:        0.020, sig:        8.129, ra_peak:      222.502, dec_peak:       12.335
Characteristic density local = 5435.1 deg^-2 = 1.510 arcmin^-2
Fitting aperture to hotspot...
Candidate: x_peak:        0.445, y_peak:       -0.465, r_peak:        0.020, sig:       13.913, ra_peak:      222.646, dec_peak:       12.785
Characteristic density local = 5453.0 deg^-2 = 1.515 arcmin^-2
Fitting aperture to hotspot...
Candidate: x_peak:        0.485, y_peak:        0.715, r_peak:        0.020, sig:        7.109, ra_peak:      222.690, dec_peak:       13.965
Characteristic density local = 5391.4 deg^-2 = 1.498 arcmin^-2
Fitting aperture to hotspot...
Candidate: x_peak:        0.635, y_peak:        0.445, r_peak:        0.020, sig:       11.156, ra_peak:      222.844, dec_peak:       13.694
Characteristic density local = 5353.6 deg^-2 = 1.487 arcmin^-2
Fitting aperture to hotspot...
Candidate: x_peak:        0.675, y_peak:        0.235, r_peak:        0.020, sig:       12.090, ra_peak:      222.884, dec_peak:       13.484
Characteristic density local = 5357.6 deg^-2 = 1.488 arcmin^-2
Fitting aperture to hotspot...
Candidate: x_peak:        0.695, y_peak:       -0.355, r_peak:        0.020, sig:        9.268, ra_peak:      222.903, dec_peak:       12.894
Distance = 251.2 kpc (m-M = 22.0)
687829 objects left after isochrone cut...
Characteristic density = 5000.0 deg^-2
Characteristic density local = 5015.4 deg^-2 = 1.393 arcmin^-2
Fitting aperture to hotspot...
Candidate: x_peak:       -0.705, y_peak:       -0.145, r_peak:        0.020, sig:       22.538, ra_peak:      221.466, dec_peak:       13.104
Characteristic density local = 4995.5 deg^-2 = 1.388 arcmin^-2
Fitting aperture to hotspot...
Candidate: x_peak:       -0.165, y_peak:        0.695, r_peak:        0.020, sig:        8.082, ra_peak:      222.020, dec_peak:       13.945
Characteristic density local = 5242.2 deg^-2 = 1.456 arcmin^-2
Fitting aperture to hotspot...
Candidate: x_peak:        0.205, y_peak:        0.345, r_peak:        0.010, sig:        8.787, ra_peak:      222.401, dec_peak:       13.595
Characteristic density local = 5210.3 deg^-2 = 1.447 arcmin^-2
Fitting aperture to hotspot...
Candidate: x_peak:        0.305, y_peak:       -0.915, r_peak:        0.020, sig:        8.351, ra_peak:      222.502, dec_peak:       12.335
Characteristic density local = 5156.6 deg^-2 = 1.432 arcmin^-2
Fitting aperture to hotspot...
Candidate: x_peak:        0.445, y_peak:       -0.465, r_peak:        0.020, sig:       14.146, ra_peak:      222.646, dec_peak:       12.785
Characteristic density local = 5160.6 deg^-2 = 1.433 arcmin^-2
Fitting aperture to hotspot...
Candidate: x_peak:        0.485, y_peak:        0.715, r_peak:        0.020, sig:        7.309, ra_peak:      222.690, dec_peak:       13.965
Characteristic density local = 5104.9 deg^-2 = 1.418 arcmin^-2
Fitting aperture to hotspot...
Candidate: x_peak:        0.635, y_peak:        0.445, r_peak:        0.020, sig:       11.380, ra_peak:      222.844, dec_peak:       13.694
Characteristic density local = 5053.2 deg^-2 = 1.404 arcmin^-2
Fitting aperture to hotspot...
Candidate: x_peak:        0.675, y_peak:        0.235, r_peak:        0.020, sig:       12.153, ra_peak:      222.884, dec_peak:       13.484
Characteristic density local = 5083.0 deg^-2 = 1.412 arcmin^-2
Fitting aperture to hotspot...
Candidate: x_peak:        0.695, y_peak:       -0.355, r_peak:        0.020, sig:        9.471, ra_peak:      222.903, dec_peak:       12.894
Distance = 316.2 kpc (m-M = 22.5)
678090 objects left after isochrone cut...
Characteristic density = 4700.0 deg^-2
Characteristic density local = 4681.1 deg^-2 = 1.300 arcmin^-2
Fitting aperture to hotspot...
Candidate: x_peak:       -0.705, y_peak:       -0.145, r_peak:        0.020, sig:       22.764, ra_peak:      221.466, dec_peak:       13.104
Characteristic density local = 4667.2 deg^-2 = 1.296 arcmin^-2
Fitting aperture to hotspot...
Candidate: x_peak:       -0.165, y_peak:        0.695, r_peak:        0.020, sig:        8.328, ra_peak:      222.020, dec_peak:       13.945
Characteristic density local = 4955.7 deg^-2 = 1.377 arcmin^-2
Fitting aperture to hotspot...
Candidate: x_peak:        0.205, y_peak:        0.345, r_peak:        0.010, sig:        8.921, ra_peak:      222.401, dec_peak:       13.595
Characteristic density local = 4890.0 deg^-2 = 1.358 arcmin^-2
Fitting aperture to hotspot...
Candidate: x_peak:        0.305, y_peak:       -0.915, r_peak:        0.020, sig:        8.587, ra_peak:      222.502, dec_peak:       12.335
Characteristic density local = 4804.5 deg^-2 = 1.335 arcmin^-2
Fitting aperture to hotspot...
Candidate: x_peak:        0.445, y_peak:       -0.465, r_peak:        0.020, sig:       14.456, ra_peak:      222.646, dec_peak:       12.785
Characteristic density local = 4874.1 deg^-2 = 1.354 arcmin^-2
Fitting aperture to hotspot...
Candidate: x_peak:        0.475, y_peak:        0.715, r_peak:        0.020, sig:        7.513, ra_peak:      222.679, dec_peak:       13.965
Characteristic density local = 4804.5 deg^-2 = 1.335 arcmin^-2
Fitting aperture to hotspot...
Candidate: x_peak:        0.635, y_peak:        0.445, r_peak:        0.020, sig:       11.438, ra_peak:      222.844, dec_peak:       13.694
Characteristic density local = 4730.9 deg^-2 = 1.314 arcmin^-2
Fitting aperture to hotspot...
Candidate: x_peak:        0.675, y_peak:        0.235, r_peak:        0.020, sig:       12.242, ra_peak:      222.884, dec_peak:       13.484
Characteristic density local = 4754.8 deg^-2 = 1.321 arcmin^-2
Fitting aperture to hotspot...
Candidate: x_peak:        0.695, y_peak:       -0.355, r_peak:        0.020, sig:        9.725, ra_peak:      222.903, dec_peak:       12.894
Distance = 398.1 kpc (m-M = 23.0)
666557 objects left after isochrone cut...
Characteristic density = 4300.0 deg^-2
Characteristic density local = 4313.1 deg^-2 = 1.198 arcmin^-2
Fitting aperture to hotspot...
Candidate: x_peak:       -0.705, y_peak:       -0.145, r_peak:        0.020, sig:       22.779, ra_peak:      221.466, dec_peak:       13.104
Characteristic density local = 4305.1 deg^-2 = 1.196 arcmin^-2
Fitting aperture to hotspot...
Candidate: x_peak:       -0.165, y_peak:        0.695, r_peak:        0.020, sig:        8.615, ra_peak:      222.020, dec_peak:       13.945
Characteristic density local = 4577.7 deg^-2 = 1.272 arcmin^-2
Fitting aperture to hotspot...
Candidate: x_peak:        0.205, y_peak:        0.345, r_peak:        0.010, sig:        9.109, ra_peak:      222.401, dec_peak:       13.595
Characteristic density local = 4506.1 deg^-2 = 1.252 arcmin^-2
Fitting aperture to hotspot...
Candidate: x_peak:        0.305, y_peak:       -0.915, r_peak:        0.020, sig:        8.670, ra_peak:      222.502, dec_peak:       12.335
Characteristic density local = 4426.5 deg^-2 = 1.230 arcmin^-2
Fitting aperture to hotspot...
Candidate: x_peak:        0.445, y_peak:       -0.465, r_peak:        0.020, sig:       14.808, ra_peak:      222.646, dec_peak:       12.785
Characteristic density local = 4444.4 deg^-2 = 1.235 arcmin^-2
Fitting aperture to hotspot...
Candidate: x_peak:        0.475, y_peak:        0.715, r_peak:        0.020, sig:        7.609, ra_peak:      222.679, dec_peak:       13.965
Characteristic density local = 4404.6 deg^-2 = 1.224 arcmin^-2
Fitting aperture to hotspot...
Candidate: x_peak:        0.635, y_peak:        0.445, r_peak:        0.020, sig:       11.592, ra_peak:      222.844, dec_peak:       13.694
Characteristic density local = 4335.0 deg^-2 = 1.204 arcmin^-2
Fitting aperture to hotspot...
Candidate: x_peak:        0.675, y_peak:        0.235, r_peak:        0.020, sig:       12.409, ra_peak:      222.884, dec_peak:       13.484
Characteristic density local = 4374.8 deg^-2 = 1.215 arcmin^-2
Fitting aperture to hotspot...
Candidate: x_peak:        0.695, y_peak:       -0.355, r_peak:        0.020, sig:       10.038, ra_peak:      222.903, dec_peak:       12.894
22.78 sigma; (RA, Dec, d) = (221.47, 13.10); r = 0.02 deg; d = 398.1, mu = 23.00 mag), mc_source_id: 0.00
14.81 sigma; (RA, Dec, d) = (222.65, 12.78); r = 0.02 deg; d = 398.1, mu = 23.00 mag), mc_source_id: 0.00
12.41 sigma; (RA, Dec, d) = (222.88, 13.48); r = 0.02 deg; d = 398.1, mu = 23.00 mag), mc_source_id: 0.00
11.59 sigma; (RA, Dec, d) = (222.84, 13.69); r = 0.02 deg; d = 398.1, mu = 23.00 mag), mc_source_id: 0.00
10.04 sigma; (RA, Dec, d) = (222.90, 12.89); r = 0.02 deg; d = 398.1, mu = 23.00 mag), mc_source_id: 0.00
9.11 sigma; (RA, Dec, d) = (222.40, 13.59); r = 0.01 deg; d = 398.1, mu = 23.00 mag), mc_source_id: 0.00
8.67 sigma; (RA, Dec, d) = (222.50, 12.33); r = 0.02 deg; d = 398.1, mu = 23.00 mag), mc_source_id: 0.00
8.62 sigma; (RA, Dec, d) = (222.02, 13.94); r = 0.02 deg; d = 398.1, mu = 23.00 mag), mc_source_id: 0.00
7.61 sigma; (RA, Dec, d) = (222.68, 13.96); r = 0.02 deg; d = 398.1, mu = 23.00 mag), mc_source_id: 0.00

------------------------------------------------------------
Job <680003.0> was submitted from <des51.fnal.gov> by user <tavangar>.
Job was executed on host <des40.fnal.gov> as user <tavangar>.
</var/lib/condor/execute/dir_1841489> was used as the initial working directory.
Results reported at Wed Jun  5 07:11:28 CDT 2019

Your job looked like:

------------------------------------------------------------
python /home/s1/tavangar/tavangar_simple/search_algorithm.py 222.19 13.25 0.00 /home/s1/tavangar/tavangar_simple/decals_dr7_results/results_nside_32_4751.csv /home/s1/tavangar/tavangar_simple/decals_dr7_results/decals_dr7_log/results_nside_32_4751.log
------------------------------------------------------------

Successfully completed.

Resource usage summary:

	Real time :			393.49 sec.
	CPU time :			107.69 sec.
	CPU percentage :		83%
	Max Memory :			6148320 KB
	Average Memory :		0 KB

The output (if any) is above this job summary.
