/home/s1/tavangar/tavangar_simple/simple_utils.py:170: FutureWarning: elementwise comparison failed; returning scalar instead, but in the future will perform elementwise comparison
  if np.all(isochrone.stage == 'Main'):
Search coordinates: (RA, Dec) = (226.41, 7.18)
Center healpixel: 5392
Healpixels: [5392 5520 5391 5264 5136 5265 5393 5521 5648]
MC_SOURCE_ID = 0.0
mode = 0: running only on real data
Found 1 objects...
Applying cuts...
868729 star-like objects in ROI...
981216 galaxy-like objects in ROI...
No fracdet map specified ...
Distance = 15.8 kpc (m-M = 16.0)
868713 objects left after isochrone cut...
Characteristic density = 7400.0 deg^-2
Characteristic density local = 7896.1 deg^-2 = 2.193 arcmin^-2
Fitting aperture to hotspot...
Candidate: x_peak:       -0.735, y_peak:       -0.445, r_peak:        0.030, sig:        3.480, ra_peak:      225.670, dec_peak:        6.734
Characteristic density local = 7697.1 deg^-2 = 2.138 arcmin^-2
Fitting aperture to hotspot...
Candidate: x_peak:       -0.265, y_peak:        0.615, r_peak:        0.030, sig:        4.956, ra_peak:      226.143, dec_peak:        7.795
Characteristic density local = 7366.9 deg^-2 = 2.046 arcmin^-2
Fitting aperture to hotspot...
Candidate: x_peak:       -0.235, y_peak:        0.985, r_peak:        0.030, sig:        3.843, ra_peak:      226.173, dec_peak:        8.165
Characteristic density local = 8136.8 deg^-2 = 2.260 arcmin^-2
Fitting aperture to hotspot...
Candidate: x_peak:       -0.155, y_peak:       -0.475, r_peak:        0.020, sig:        5.783, ra_peak:      226.254, dec_peak:        6.705
Characteristic density local = 7621.5 deg^-2 = 2.117 arcmin^-2
Fitting aperture to hotspot...
Candidate: x_peak:       -0.175, y_peak:        0.085, r_peak:        0.050, sig:        4.255, ra_peak:      226.234, dec_peak:        7.265
Characteristic density local = 8075.1 deg^-2 = 2.243 arcmin^-2
Fitting aperture to hotspot...
Candidate: x_peak:       -0.095, y_peak:       -0.885, r_peak:        0.030, sig:        8.565, ra_peak:      226.314, dec_peak:        6.295
Characteristic density local = 7748.9 deg^-2 = 2.152 arcmin^-2
Fitting aperture to hotspot...
Candidate: x_peak:       -0.085, y_peak:        0.215, r_peak:        0.020, sig:        3.771, ra_peak:      226.324, dec_peak:        7.395
Characteristic density local = 7301.2 deg^-2 = 2.028 arcmin^-2
Fitting aperture to hotspot...
Candidate: x_peak:        0.325, y_peak:       -0.815, r_peak:        0.020, sig:        6.425, ra_peak:      226.737, dec_peak:        6.365
Characteristic density local = 7279.3 deg^-2 = 2.022 arcmin^-2
Fitting aperture to hotspot...
Candidate: x_peak:        0.535, y_peak:       -0.515, r_peak:        0.050, sig:        3.966, ra_peak:      226.949, dec_peak:        6.665
Distance = 20.0 kpc (m-M = 16.5)
868721 objects left after isochrone cut...
Characteristic density = 7400.0 deg^-2
Characteristic density local = 7896.1 deg^-2 = 2.193 arcmin^-2
Fitting aperture to hotspot...
Candidate: x_peak:       -0.735, y_peak:       -0.445, r_peak:        0.030, sig:        3.480, ra_peak:      225.670, dec_peak:        6.734
Characteristic density local = 7697.1 deg^-2 = 2.138 arcmin^-2
Fitting aperture to hotspot...
Candidate: x_peak:       -0.265, y_peak:        0.615, r_peak:        0.030, sig:        4.956, ra_peak:      226.143, dec_peak:        7.795
Characteristic density local = 7366.9 deg^-2 = 2.046 arcmin^-2
Fitting aperture to hotspot...
Candidate: x_peak:       -0.235, y_peak:        0.985, r_peak:        0.030, sig:        3.843, ra_peak:      226.173, dec_peak:        8.165
Characteristic density local = 8136.8 deg^-2 = 2.260 arcmin^-2
Fitting aperture to hotspot...
Candidate: x_peak:       -0.155, y_peak:       -0.475, r_peak:        0.020, sig:        5.783, ra_peak:      226.254, dec_peak:        6.705
Characteristic density local = 7621.5 deg^-2 = 2.117 arcmin^-2
Fitting aperture to hotspot...
Candidate: x_peak:       -0.175, y_peak:        0.085, r_peak:        0.050, sig:        4.255, ra_peak:      226.234, dec_peak:        7.265
Characteristic density local = 8075.1 deg^-2 = 2.243 arcmin^-2
Fitting aperture to hotspot...
Candidate: x_peak:       -0.095, y_peak:       -0.885, r_peak:        0.030, sig:        8.565, ra_peak:      226.314, dec_peak:        6.295
Characteristic density local = 7748.9 deg^-2 = 2.152 arcmin^-2
Fitting aperture to hotspot...
Candidate: x_peak:       -0.085, y_peak:        0.215, r_peak:        0.020, sig:        3.771, ra_peak:      226.324, dec_peak:        7.395
Characteristic density local = 7301.2 deg^-2 = 2.028 arcmin^-2
Fitting aperture to hotspot...
Candidate: x_peak:        0.325, y_peak:       -0.815, r_peak:        0.020, sig:        6.425, ra_peak:      226.737, dec_peak:        6.365
Characteristic density local = 7279.3 deg^-2 = 2.022 arcmin^-2
Fitting aperture to hotspot...
Candidate: x_peak:        0.535, y_peak:       -0.515, r_peak:        0.050, sig:        3.966, ra_peak:      226.949, dec_peak:        6.665
Distance = 25.1 kpc (m-M = 17.0)
868726 objects left after isochrone cut...
Characteristic density = 7400.0 deg^-2
Characteristic density local = 7896.1 deg^-2 = 2.193 arcmin^-2
Fitting aperture to hotspot...
Candidate: x_peak:       -0.735, y_peak:       -0.445, r_peak:        0.030, sig:        3.480, ra_peak:      225.670, dec_peak:        6.734
Characteristic density local = 7697.1 deg^-2 = 2.138 arcmin^-2
Fitting aperture to hotspot...
Candidate: x_peak:       -0.265, y_peak:        0.615, r_peak:        0.030, sig:        4.956, ra_peak:      226.143, dec_peak:        7.795
Characteristic density local = 7366.9 deg^-2 = 2.046 arcmin^-2
Fitting aperture to hotspot...
Candidate: x_peak:       -0.235, y_peak:        0.985, r_peak:        0.030, sig:        3.843, ra_peak:      226.173, dec_peak:        8.165
Characteristic density local = 8136.8 deg^-2 = 2.260 arcmin^-2
Fitting aperture to hotspot...
Candidate: x_peak:       -0.155, y_peak:       -0.475, r_peak:        0.020, sig:        5.783, ra_peak:      226.254, dec_peak:        6.705
Characteristic density local = 7621.5 deg^-2 = 2.117 arcmin^-2
Fitting aperture to hotspot...
Candidate: x_peak:       -0.175, y_peak:        0.085, r_peak:        0.050, sig:        4.255, ra_peak:      226.234, dec_peak:        7.265
Characteristic density local = 8075.1 deg^-2 = 2.243 arcmin^-2
Fitting aperture to hotspot...
Candidate: x_peak:       -0.095, y_peak:       -0.885, r_peak:        0.030, sig:        8.565, ra_peak:      226.314, dec_peak:        6.295
Characteristic density local = 7748.9 deg^-2 = 2.152 arcmin^-2
Fitting aperture to hotspot...
Candidate: x_peak:       -0.085, y_peak:        0.215, r_peak:        0.020, sig:        3.771, ra_peak:      226.324, dec_peak:        7.395
Characteristic density local = 7301.2 deg^-2 = 2.028 arcmin^-2
Fitting aperture to hotspot...
Candidate: x_peak:        0.325, y_peak:       -0.815, r_peak:        0.020, sig:        6.425, ra_peak:      226.737, dec_peak:        6.365
Characteristic density local = 7279.3 deg^-2 = 2.022 arcmin^-2
Fitting aperture to hotspot...
Candidate: x_peak:        0.535, y_peak:       -0.515, r_peak:        0.050, sig:        3.966, ra_peak:      226.949, dec_peak:        6.665
Distance = 31.6 kpc (m-M = 17.5)
868720 objects left after isochrone cut...
Characteristic density = 7400.0 deg^-2
Characteristic density local = 7896.1 deg^-2 = 2.193 arcmin^-2
Fitting aperture to hotspot...
Candidate: x_peak:       -0.735, y_peak:       -0.445, r_peak:        0.030, sig:        3.480, ra_peak:      225.670, dec_peak:        6.734
Characteristic density local = 7693.2 deg^-2 = 2.137 arcmin^-2
Fitting aperture to hotspot...
Candidate: x_peak:       -0.265, y_peak:        0.615, r_peak:        0.030, sig:        4.959, ra_peak:      226.143, dec_peak:        7.795
Characteristic density local = 7360.9 deg^-2 = 2.045 arcmin^-2
Fitting aperture to hotspot...
Candidate: x_peak:       -0.235, y_peak:        0.985, r_peak:        0.030, sig:        3.672, ra_peak:      226.173, dec_peak:        8.165
Characteristic density local = 8136.8 deg^-2 = 2.260 arcmin^-2
Fitting aperture to hotspot...
Candidate: x_peak:       -0.155, y_peak:       -0.475, r_peak:        0.020, sig:        5.783, ra_peak:      226.254, dec_peak:        6.705
Characteristic density local = 7621.5 deg^-2 = 2.117 arcmin^-2
Fitting aperture to hotspot...
Candidate: x_peak:       -0.175, y_peak:        0.085, r_peak:        0.050, sig:        4.255, ra_peak:      226.234, dec_peak:        7.265
Characteristic density local = 8075.1 deg^-2 = 2.243 arcmin^-2
Fitting aperture to hotspot...
Candidate: x_peak:       -0.095, y_peak:       -0.885, r_peak:        0.030, sig:        8.565, ra_peak:      226.314, dec_peak:        6.295
Characteristic density local = 7748.9 deg^-2 = 2.152 arcmin^-2
Fitting aperture to hotspot...
Candidate: x_peak:       -0.085, y_peak:        0.215, r_peak:        0.020, sig:        3.771, ra_peak:      226.324, dec_peak:        7.395
Characteristic density local = 7301.2 deg^-2 = 2.028 arcmin^-2
Fitting aperture to hotspot...
Candidate: x_peak:        0.325, y_peak:       -0.815, r_peak:        0.020, sig:        6.425, ra_peak:      226.737, dec_peak:        6.365
Characteristic density local = 7279.3 deg^-2 = 2.022 arcmin^-2
Fitting aperture to hotspot...
Candidate: x_peak:        0.535, y_peak:       -0.515, r_peak:        0.050, sig:        3.966, ra_peak:      226.949, dec_peak:        6.665
Distance = 39.8 kpc (m-M = 18.0)
868646 objects left after isochrone cut...
Characteristic density = 7400.0 deg^-2
Characteristic density local = 7896.1 deg^-2 = 2.193 arcmin^-2
Fitting aperture to hotspot...
Candidate: x_peak:       -0.735, y_peak:       -0.445, r_peak:        0.030, sig:        3.480, ra_peak:      225.670, dec_peak:        6.734
Characteristic density local = 7673.3 deg^-2 = 2.131 arcmin^-2
Fitting aperture to hotspot...
Candidate: x_peak:       -0.265, y_peak:        0.615, r_peak:        0.030, sig:        4.973, ra_peak:      226.143, dec_peak:        7.795
Characteristic density local = 7339.0 deg^-2 = 2.039 arcmin^-2
Fitting aperture to hotspot...
Candidate: x_peak:       -0.235, y_peak:        0.985, r_peak:        0.030, sig:        3.687, ra_peak:      226.173, dec_peak:        8.165
Characteristic density local = 8136.8 deg^-2 = 2.260 arcmin^-2
Fitting aperture to hotspot...
Candidate: x_peak:       -0.155, y_peak:       -0.475, r_peak:        0.020, sig:        5.783, ra_peak:      226.254, dec_peak:        6.705
Characteristic density local = 7611.6 deg^-2 = 2.114 arcmin^-2
Fitting aperture to hotspot...
Candidate: x_peak:       -0.175, y_peak:        0.085, r_peak:        0.050, sig:        4.266, ra_peak:      226.234, dec_peak:        7.265
Characteristic density local = 8075.1 deg^-2 = 2.243 arcmin^-2
Fitting aperture to hotspot...
Candidate: x_peak:       -0.095, y_peak:       -0.885, r_peak:        0.030, sig:        8.565, ra_peak:      226.314, dec_peak:        6.295
Characteristic density local = 7736.9 deg^-2 = 2.149 arcmin^-2
Fitting aperture to hotspot...
Candidate: x_peak:       -0.085, y_peak:        0.215, r_peak:        0.020, sig:        3.777, ra_peak:      226.324, dec_peak:        7.395
Characteristic density local = 7301.2 deg^-2 = 2.028 arcmin^-2
Fitting aperture to hotspot...
Candidate: x_peak:        0.325, y_peak:       -0.815, r_peak:        0.020, sig:        6.425, ra_peak:      226.737, dec_peak:        6.365
Characteristic density local = 7279.3 deg^-2 = 2.022 arcmin^-2
Fitting aperture to hotspot...
Candidate: x_peak:        0.535, y_peak:       -0.515, r_peak:        0.050, sig:        3.966, ra_peak:      226.949, dec_peak:        6.665
Distance = 50.1 kpc (m-M = 18.5)
868033 objects left after isochrone cut...
Characteristic density = 7300.0 deg^-2
Characteristic density local = 7864.2 deg^-2 = 2.185 arcmin^-2
Fitting aperture to hotspot...
Candidate: x_peak:       -0.735, y_peak:       -0.445, r_peak:        0.030, sig:        3.502, ra_peak:      225.670, dec_peak:        6.734
Characteristic density local = 7601.6 deg^-2 = 2.112 arcmin^-2
Fitting aperture to hotspot...
Candidate: x_peak:       -0.265, y_peak:        0.615, r_peak:        0.030, sig:        5.024, ra_peak:      226.143, dec_peak:        7.795
Characteristic density local = 8079.1 deg^-2 = 2.244 arcmin^-2
Fitting aperture to hotspot...
Candidate: x_peak:       -0.155, y_peak:       -0.465, r_peak:        0.030, sig:        6.099, ra_peak:      226.254, dec_peak:        6.715
Characteristic density local = 7561.8 deg^-2 = 2.101 arcmin^-2
Fitting aperture to hotspot...
Candidate: x_peak:       -0.175, y_peak:        0.085, r_peak:        0.050, sig:        4.322, ra_peak:      226.234, dec_peak:        7.265
Characteristic density local = 8043.3 deg^-2 = 2.234 arcmin^-2
Fitting aperture to hotspot...
Candidate: x_peak:       -0.095, y_peak:       -0.885, r_peak:        0.030, sig:        8.588, ra_peak:      226.314, dec_peak:        6.295
Characteristic density local = 7289.3 deg^-2 = 2.025 arcmin^-2
Fitting aperture to hotspot...
Candidate: x_peak:        0.325, y_peak:       -0.815, r_peak:        0.020, sig:        6.432, ra_peak:      226.737, dec_peak:        6.365
Distance = 63.1 kpc (m-M = 19.0)
866364 objects left after isochrone cut...
Characteristic density = 7300.0 deg^-2
Characteristic density local = 7808.5 deg^-2 = 2.169 arcmin^-2
Fitting aperture to hotspot...
Candidate: x_peak:       -0.735, y_peak:       -0.445, r_peak:        0.030, sig:        3.539, ra_peak:      225.670, dec_peak:        6.734
Characteristic density local = 7498.2 deg^-2 = 2.083 arcmin^-2
Fitting aperture to hotspot...
Candidate: x_peak:       -0.265, y_peak:        0.615, r_peak:        0.030, sig:        5.098, ra_peak:      226.143, dec_peak:        7.795
Characteristic density local = 8039.3 deg^-2 = 2.233 arcmin^-2
Fitting aperture to hotspot...
Candidate: x_peak:       -0.155, y_peak:       -0.475, r_peak:        0.020, sig:        5.831, ra_peak:      226.254, dec_peak:        6.705
Characteristic density local = 7466.4 deg^-2 = 2.074 arcmin^-2
Fitting aperture to hotspot...
Candidate: x_peak:       -0.175, y_peak:        0.085, r_peak:        0.050, sig:        4.317, ra_peak:      226.234, dec_peak:        7.265
Characteristic density local = 7953.8 deg^-2 = 2.209 arcmin^-2
Fitting aperture to hotspot...
Candidate: x_peak:       -0.095, y_peak:       -0.885, r_peak:        0.030, sig:        8.656, ra_peak:      226.314, dec_peak:        6.295
Characteristic density local = 7245.5 deg^-2 = 2.013 arcmin^-2
Fitting aperture to hotspot...
Candidate: x_peak:        0.325, y_peak:       -0.815, r_peak:        0.020, sig:        6.456, ra_peak:      226.737, dec_peak:        6.365
Distance = 79.4 kpc (m-M = 19.5)
863399 objects left after isochrone cut...
Characteristic density = 7200.0 deg^-2
Characteristic density local = 7705.1 deg^-2 = 2.140 arcmin^-2
Fitting aperture to hotspot...
Candidate: x_peak:       -0.735, y_peak:       -0.445, r_peak:        0.030, sig:        3.609, ra_peak:      225.670, dec_peak:        6.734
Characteristic density local = 7370.9 deg^-2 = 2.047 arcmin^-2
Fitting aperture to hotspot...
Candidate: x_peak:       -0.265, y_peak:        0.615, r_peak:        0.030, sig:        5.190, ra_peak:      226.143, dec_peak:        7.795
Characteristic density local = 7896.1 deg^-2 = 2.193 arcmin^-2
Fitting aperture to hotspot...
Candidate: x_peak:       -0.155, y_peak:       -0.465, r_peak:        0.030, sig:        6.230, ra_peak:      226.254, dec_peak:        6.715
Characteristic density local = 7327.1 deg^-2 = 2.035 arcmin^-2
Fitting aperture to hotspot...
Candidate: x_peak:       -0.175, y_peak:        0.085, r_peak:        0.050, sig:        4.363, ra_peak:      226.234, dec_peak:        7.265
Characteristic density local = 7852.3 deg^-2 = 2.181 arcmin^-2
Fitting aperture to hotspot...
Candidate: x_peak:       -0.095, y_peak:       -0.895, r_peak:        0.020, sig:        8.824, ra_peak:      226.314, dec_peak:        6.285
Characteristic density local = 7160.0 deg^-2 = 1.989 arcmin^-2
Fitting aperture to hotspot...
Candidate: x_peak:        0.325, y_peak:       -0.815, r_peak:        0.020, sig:        6.503, ra_peak:      226.737, dec_peak:        6.365
Distance = 100.0 kpc (m-M = 20.0)
859399 objects left after isochrone cut...
Characteristic density = 7000.0 deg^-2
Characteristic density local = 7514.1 deg^-2 = 2.087 arcmin^-2
Fitting aperture to hotspot...
Candidate: x_peak:       -0.745, y_peak:       -0.435, r_peak:        0.050, sig:        3.363, ra_peak:      225.660, dec_peak:        6.744
Characteristic density local = 7195.8 deg^-2 = 1.999 arcmin^-2
Fitting aperture to hotspot...
Candidate: x_peak:       -0.265, y_peak:        0.615, r_peak:        0.030, sig:        5.319, ra_peak:      226.143, dec_peak:        7.795
Characteristic density local = 6909.3 deg^-2 = 1.919 arcmin^-2
Fitting aperture to hotspot...
Candidate: x_peak:       -0.235, y_peak:        0.985, r_peak:        0.040, sig:        3.837, ra_peak:      226.173, dec_peak:        8.165
Characteristic density local = 7754.8 deg^-2 = 2.154 arcmin^-2
Fitting aperture to hotspot...
Candidate: x_peak:       -0.155, y_peak:       -0.465, r_peak:        0.030, sig:        6.332, ra_peak:      226.254, dec_peak:        6.715
Characteristic density local = 7233.6 deg^-2 = 2.009 arcmin^-2
Fitting aperture to hotspot...
Candidate: x_peak:       -0.165, y_peak:        0.075, r_peak:        0.030, sig:        4.111, ra_peak:      226.244, dec_peak:        7.255
Characteristic density local = 7699.1 deg^-2 = 2.139 arcmin^-2
Fitting aperture to hotspot...
Candidate: x_peak:       -0.095, y_peak:       -0.895, r_peak:        0.020, sig:        8.911, ra_peak:      226.314, dec_peak:        6.285
Characteristic density local = 7062.5 deg^-2 = 1.962 arcmin^-2
Fitting aperture to hotspot...
Candidate: x_peak:        0.325, y_peak:       -0.815, r_peak:        0.020, sig:        6.557, ra_peak:      226.737, dec_peak:        6.365
Distance = 125.9 kpc (m-M = 20.5)
854333 objects left after isochrone cut...
Characteristic density = 6900.0 deg^-2
Characteristic density local = 7299.2 deg^-2 = 2.028 arcmin^-2
Fitting aperture to hotspot...
Candidate: x_peak:       -0.745, y_peak:       -0.435, r_peak:        0.050, sig:        3.601, ra_peak:      225.660, dec_peak:        6.744
Characteristic density local = 7038.6 deg^-2 = 1.955 arcmin^-2
Fitting aperture to hotspot...
Candidate: x_peak:       -0.265, y_peak:        0.615, r_peak:        0.030, sig:        5.436, ra_peak:      226.143, dec_peak:        7.795
Characteristic density local = 7540.0 deg^-2 = 2.094 arcmin^-2
Fitting aperture to hotspot...
Candidate: x_peak:       -0.155, y_peak:       -0.465, r_peak:        0.030, sig:        6.182, ra_peak:      226.254, dec_peak:        6.715
Characteristic density local = 7518.1 deg^-2 = 2.088 arcmin^-2
Fitting aperture to hotspot...
Candidate: x_peak:       -0.095, y_peak:       -0.895, r_peak:        0.020, sig:        9.015, ra_peak:      226.314, dec_peak:        6.285
Characteristic density local = 6925.2 deg^-2 = 1.924 arcmin^-2
Fitting aperture to hotspot...
Candidate: x_peak:        0.325, y_peak:       -0.815, r_peak:        0.020, sig:        6.634, ra_peak:      226.737, dec_peak:        6.365
Characteristic density local = 7219.7 deg^-2 = 2.005 arcmin^-2
Fitting aperture to hotspot...
Candidate: x_peak:        1.035, y_peak:       -0.185, r_peak:        0.050, sig:        2.992, ra_peak:      227.453, dec_peak:        6.994
Distance = 158.5 kpc (m-M = 21.0)
848218 objects left after isochrone cut...
Characteristic density = 6700.0 deg^-2
Characteristic density local = 7076.4 deg^-2 = 1.966 arcmin^-2
Fitting aperture to hotspot...
Candidate: x_peak:       -0.745, y_peak:       -0.435, r_peak:        0.050, sig:        3.621, ra_peak:      225.660, dec_peak:        6.744
Characteristic density local = 6837.7 deg^-2 = 1.899 arcmin^-2
Fitting aperture to hotspot...
Candidate: x_peak:       -0.265, y_peak:        0.615, r_peak:        0.030, sig:        5.589, ra_peak:      226.143, dec_peak:        7.795
Characteristic density local = 7281.3 deg^-2 = 2.023 arcmin^-2
Fitting aperture to hotspot...
Candidate: x_peak:       -0.155, y_peak:       -0.465, r_peak:        0.030, sig:        6.061, ra_peak:      226.254, dec_peak:        6.715
Characteristic density local = 7261.4 deg^-2 = 2.017 arcmin^-2
Fitting aperture to hotspot...
Candidate: x_peak:       -0.095, y_peak:       -0.885, r_peak:        0.030, sig:        8.917, ra_peak:      226.314, dec_peak:        6.295
Characteristic density local = 6714.3 deg^-2 = 1.865 arcmin^-2
Fitting aperture to hotspot...
Candidate: x_peak:        0.325, y_peak:       -0.815, r_peak:        0.020, sig:        6.755, ra_peak:      226.737, dec_peak:        6.365
Distance = 199.5 kpc (m-M = 21.5)
840730 objects left after isochrone cut...
Characteristic density = 6400.0 deg^-2
Characteristic density local = 6575.1 deg^-2 = 1.826 arcmin^-2
Fitting aperture to hotspot...
Candidate: x_peak:       -0.265, y_peak:        0.615, r_peak:        0.020, sig:        5.532, ra_peak:      226.143, dec_peak:        7.795
Characteristic density local = 6973.0 deg^-2 = 1.937 arcmin^-2
Fitting aperture to hotspot...
Candidate: x_peak:       -0.155, y_peak:       -0.465, r_peak:        0.030, sig:        5.975, ra_peak:      226.254, dec_peak:        6.715
Characteristic density local = 6977.0 deg^-2 = 1.938 arcmin^-2
Fitting aperture to hotspot...
Candidate: x_peak:       -0.095, y_peak:       -0.885, r_peak:        0.030, sig:        8.863, ra_peak:      226.314, dec_peak:        6.295
Characteristic density local = 6537.3 deg^-2 = 1.816 arcmin^-2
Fitting aperture to hotspot...
Candidate: x_peak:        0.325, y_peak:       -0.815, r_peak:        0.020, sig:        6.647, ra_peak:      226.737, dec_peak:        6.365
Distance = 251.2 kpc (m-M = 22.0)
831264 objects left after isochrone cut...
Characteristic density = 6100.0 deg^-2
Characteristic density local = 6579.1 deg^-2 = 1.828 arcmin^-2
Fitting aperture to hotspot...
Candidate: x_peak:       -0.745, y_peak:       -0.435, r_peak:        0.050, sig:        3.485, ra_peak:      225.660, dec_peak:        6.744
Characteristic density local = 6529.3 deg^-2 = 1.814 arcmin^-2
Fitting aperture to hotspot...
Candidate: x_peak:       -0.375, y_peak:       -0.845, r_peak:        0.030, sig:        3.916, ra_peak:      226.033, dec_peak:        6.335
Characteristic density local = 6256.8 deg^-2 = 1.738 arcmin^-2
Fitting aperture to hotspot...
Candidate: x_peak:       -0.265, y_peak:        0.615, r_peak:        0.020, sig:        5.255, ra_peak:      226.143, dec_peak:        7.795
Characteristic density local = 5910.6 deg^-2 = 1.642 arcmin^-2
Fitting aperture to hotspot...
Candidate: x_peak:       -0.235, y_peak:        0.985, r_peak:        0.030, sig:        4.213, ra_peak:      226.173, dec_peak:        8.165
Characteristic density local = 6638.8 deg^-2 = 1.844 arcmin^-2
Fitting aperture to hotspot...
Candidate: x_peak:       -0.155, y_peak:       -0.465, r_peak:        0.030, sig:        6.073, ra_peak:      226.254, dec_peak:        6.715
Characteristic density local = 6634.8 deg^-2 = 1.843 arcmin^-2
Fitting aperture to hotspot...
Candidate: x_peak:       -0.105, y_peak:       -0.885, r_peak:        0.020, sig:        9.552, ra_peak:      226.304, dec_peak:        6.295
Characteristic density local = 6266.7 deg^-2 = 1.741 arcmin^-2
Fitting aperture to hotspot...
Candidate: x_peak:        0.325, y_peak:       -0.815, r_peak:        0.020, sig:        6.809, ra_peak:      226.737, dec_peak:        6.365
Characteristic density local = 6455.7 deg^-2 = 1.793 arcmin^-2
Fitting aperture to hotspot...
Candidate: x_peak:        1.035, y_peak:       -0.185, r_peak:        0.050, sig:        3.389, ra_peak:      227.453, dec_peak:        6.994
Distance = 316.2 kpc (m-M = 22.5)
819243 objects left after isochrone cut...
Characteristic density = 5700.0 deg^-2
Characteristic density local = 6095.6 deg^-2 = 1.693 arcmin^-2
Fitting aperture to hotspot...
Candidate: x_peak:       -0.735, y_peak:       -0.435, r_peak:        0.040, sig:        3.907, ra_peak:      225.670, dec_peak:        6.744
Characteristic density local = 6103.6 deg^-2 = 1.695 arcmin^-2
Fitting aperture to hotspot...
Candidate: x_peak:       -0.635, y_peak:       -0.655, r_peak:        0.040, sig:        3.600, ra_peak:      225.771, dec_peak:        6.525
Characteristic density local = 5590.3 deg^-2 = 1.553 arcmin^-2
Fitting aperture to hotspot...
Candidate: x_peak:       -0.605, y_peak:        0.485, r_peak:        0.020, sig:        5.888, ra_peak:      225.800, dec_peak:        7.665
Characteristic density local = 6111.5 deg^-2 = 1.698 arcmin^-2
Fitting aperture to hotspot...
Candidate: x_peak:       -0.385, y_peak:       -0.845, r_peak:        0.020, sig:        4.127, ra_peak:      226.023, dec_peak:        6.335
Characteristic density local = 5848.9 deg^-2 = 1.625 arcmin^-2
Fitting aperture to hotspot...
Candidate: x_peak:       -0.265, y_peak:        0.615, r_peak:        0.020, sig:        5.495, ra_peak:      226.143, dec_peak:        7.795
Characteristic density local = 6177.2 deg^-2 = 1.716 arcmin^-2
Fitting aperture to hotspot...
Candidate: x_peak:       -0.155, y_peak:       -0.465, r_peak:        0.030, sig:        6.283, ra_peak:      226.254, dec_peak:        6.715
Characteristic density local = 6181.2 deg^-2 = 1.717 arcmin^-2
Fitting aperture to hotspot...
Candidate: x_peak:       -0.105, y_peak:       -0.885, r_peak:        0.020, sig:        9.662, ra_peak:      226.304, dec_peak:        6.295
Characteristic density local = 5916.6 deg^-2 = 1.643 arcmin^-2
Fitting aperture to hotspot...
Candidate: x_peak:        0.325, y_peak:       -0.815, r_peak:        0.020, sig:        7.026, ra_peak:      226.737, dec_peak:        6.365
Characteristic density local = 6034.0 deg^-2 = 1.676 arcmin^-2
Fitting aperture to hotspot...
Candidate: x_peak:        1.035, y_peak:       -0.195, r_peak:        0.050, sig:        4.025, ra_peak:      227.453, dec_peak:        6.984
Distance = 398.1 kpc (m-M = 23.0)
804897 objects left after isochrone cut...
Characteristic density = 5200.0 deg^-2
Characteristic density local = 5600.3 deg^-2 = 1.556 arcmin^-2
Fitting aperture to hotspot...
Candidate: x_peak:       -0.745, y_peak:       -0.435, r_peak:        0.050, sig:        3.824, ra_peak:      225.660, dec_peak:        6.744
Characteristic density local = 5106.9 deg^-2 = 1.419 arcmin^-2
Fitting aperture to hotspot...
Candidate: x_peak:       -0.605, y_peak:        0.485, r_peak:        0.020, sig:        6.203, ra_peak:      225.800, dec_peak:        7.665
Characteristic density local = 5618.2 deg^-2 = 1.561 arcmin^-2
Fitting aperture to hotspot...
Candidate: x_peak:       -0.385, y_peak:       -0.845, r_peak:        0.020, sig:        4.410, ra_peak:      226.023, dec_peak:        6.335
Characteristic density local = 5417.2 deg^-2 = 1.505 arcmin^-2
Fitting aperture to hotspot...
Candidate: x_peak:       -0.265, y_peak:        0.615, r_peak:        0.020, sig:        5.281, ra_peak:      226.143, dec_peak:        7.795
Characteristic density local = 5069.1 deg^-2 = 1.408 arcmin^-2
Fitting aperture to hotspot...
Candidate: x_peak:       -0.235, y_peak:        0.985, r_peak:        0.040, sig:        4.550, ra_peak:      226.173, dec_peak:        8.165
Characteristic density local = 5693.8 deg^-2 = 1.582 arcmin^-2
Fitting aperture to hotspot...
Candidate: x_peak:       -0.155, y_peak:       -0.465, r_peak:        0.030, sig:        6.186, ra_peak:      226.254, dec_peak:        6.715
Characteristic density local = 5761.4 deg^-2 = 1.600 arcmin^-2
Fitting aperture to hotspot...
Candidate: x_peak:       -0.105, y_peak:       -0.895, r_peak:        0.020, sig:       10.697, ra_peak:      226.304, dec_peak:        6.285
Characteristic density local = 5502.8 deg^-2 = 1.529 arcmin^-2
Fitting aperture to hotspot...
Candidate: x_peak:        0.325, y_peak:       -0.815, r_peak:        0.020, sig:        7.295, ra_peak:      226.737, dec_peak:        6.365
10.70 sigma; (RA, Dec, d) = (226.30, 6.28); r = 0.02 deg; d = 398.1, mu = 23.00 mag), mc_source_id: 0.00
7.29 sigma; (RA, Dec, d) = (226.74, 6.36); r = 0.02 deg; d = 398.1, mu = 23.00 mag), mc_source_id: 0.00
6.33 sigma; (RA, Dec, d) = (226.25, 6.71); r = 0.03 deg; d = 100.0, mu = 20.00 mag), mc_source_id: 0.00
6.20 sigma; (RA, Dec, d) = (225.80, 7.66); r = 0.02 deg; d = 398.1, mu = 23.00 mag), mc_source_id: 0.00
5.59 sigma; (RA, Dec, d) = (226.14, 7.79); r = 0.03 deg; d = 158.5, mu = 21.00 mag), mc_source_id: 0.00
4.55 sigma; (RA, Dec, d) = (226.17, 8.16); r = 0.04 deg; d = 398.1, mu = 23.00 mag), mc_source_id: 0.00
4.41 sigma; (RA, Dec, d) = (226.02, 6.33); r = 0.02 deg; d = 398.1, mu = 23.00 mag), mc_source_id: 0.00
4.36 sigma; (RA, Dec, d) = (226.23, 7.26); r = 0.05 deg; d = 79.4, mu = 19.50 mag), mc_source_id: 0.00
4.02 sigma; (RA, Dec, d) = (227.45, 6.98); r = 0.05 deg; d = 316.2, mu = 22.50 mag), mc_source_id: 0.00
3.97 sigma; (RA, Dec, d) = (226.95, 6.66); r = 0.05 deg; d = 31.6, mu = 17.50 mag), mc_source_id: 0.00
3.91 sigma; (RA, Dec, d) = (225.67, 6.74); r = 0.04 deg; d = 316.2, mu = 22.50 mag), mc_source_id: 0.00
3.78 sigma; (RA, Dec, d) = (226.32, 7.39); r = 0.02 deg; d = 39.8, mu = 18.00 mag), mc_source_id: 0.00
3.60 sigma; (RA, Dec, d) = (225.77, 6.52); r = 0.04 deg; d = 316.2, mu = 22.50 mag), mc_source_id: 0.00

------------------------------------------------------------
Job <680438.0> was submitted from <des51.fnal.gov> by user <tavangar>.
Job was executed on host <des40.fnal.gov> as user <tavangar>.
</var/lib/condor/execute/dir_1921048> was used as the initial working directory.
Results reported at Wed Jun  5 09:17:23 CDT 2019

Your job looked like:

------------------------------------------------------------
python /home/s1/tavangar/tavangar_simple/search_algorithm.py 226.41 7.18 0.00 /home/s1/tavangar/tavangar_simple/decals_dr7_results/results_nside_32_5392.csv /home/s1/tavangar/tavangar_simple/decals_dr7_results/decals_dr7_log/results_nside_32_5392.log
------------------------------------------------------------

Successfully completed.

Resource usage summary:

	Real time :			320.09 sec.
	CPU time :			11.47 sec.
	CPU percentage :		84%
	Max Memory :			6460432 KB
	Average Memory :		0 KB

The output (if any) is above this job summary.
