/home/s1/tavangar/tavangar_simple/simple_utils.py:170: FutureWarning: elementwise comparison failed; returning scalar instead, but in the future will perform elementwise comparison
  if np.all(isochrone.stage == 'Main'):
Search coordinates: (RA, Dec) = (216.56, 20.74)
Center healpixel: 3981
Healpixels: [3981 4108 3980 3852 3725 3853 3982 4109 4237]
MC_SOURCE_ID = 0.0
mode = 0: running only on real data
Found 1 objects...
Applying cuts...
660706 star-like objects in ROI...
975812 galaxy-like objects in ROI...
No fracdet map specified ...
Distance = 15.8 kpc (m-M = 16.0)
660690 objects left after isochrone cut...
Characteristic density = 5100.0 deg^-2
Characteristic density local = 5236.2 deg^-2 = 1.454 arcmin^-2
Fitting aperture to hotspot...
Candidate: x_peak:       -0.865, y_peak:       -0.215, r_peak:        0.020, sig:        7.476, ra_peak:      215.636, dec_peak:       20.523
Characteristic density local = 5176.5 deg^-2 = 1.438 arcmin^-2
Fitting aperture to hotspot...
Candidate: x_peak:       -0.595, y_peak:       -0.605, r_peak:        0.030, sig:        4.639, ra_peak:      215.926, dec_peak:       20.134
Characteristic density local = 5047.2 deg^-2 = 1.402 arcmin^-2
Fitting aperture to hotspot...
Candidate: x_peak:       -0.455, y_peak:        0.715, r_peak:        0.020, sig:       11.611, ra_peak:      216.071, dec_peak:       21.454
Characteristic density local = 5240.2 deg^-2 = 1.456 arcmin^-2
Fitting aperture to hotspot...
Candidate: x_peak:       -0.335, y_peak:        0.615, r_peak:        0.020, sig:       11.821, ra_peak:      216.200, dec_peak:       21.355
Characteristic density local = 4888.0 deg^-2 = 1.358 arcmin^-2
Fitting aperture to hotspot...
Candidate: x_peak:       -0.165, y_peak:       -0.155, r_peak:        0.030, sig:       13.559, ra_peak:      216.384, dec_peak:       20.585
Characteristic density local = 5208.3 deg^-2 = 1.447 arcmin^-2
Fitting aperture to hotspot...
Candidate: x_peak:        0.095, y_peak:        0.855, r_peak:        0.020, sig:       10.926, ra_peak:      216.662, dec_peak:       21.595
Characteristic density local = 5182.5 deg^-2 = 1.440 arcmin^-2
Fitting aperture to hotspot...
Candidate: x_peak:        0.395, y_peak:        0.635, r_peak:        0.020, sig:        7.732, ra_peak:      216.984, dec_peak:       21.374
Characteristic density local = 5043.2 deg^-2 = 1.401 arcmin^-2
Fitting aperture to hotspot...
Candidate: x_peak:        0.635, y_peak:        0.025, r_peak:        0.020, sig:       10.867, ra_peak:      217.239, dec_peak:       20.764
Distance = 20.0 kpc (m-M = 16.5)
660699 objects left after isochrone cut...
Characteristic density = 5100.0 deg^-2
Characteristic density local = 5236.2 deg^-2 = 1.454 arcmin^-2
Fitting aperture to hotspot...
Candidate: x_peak:       -0.865, y_peak:       -0.215, r_peak:        0.020, sig:        7.476, ra_peak:      215.636, dec_peak:       20.523
Characteristic density local = 5176.5 deg^-2 = 1.438 arcmin^-2
Fitting aperture to hotspot...
Candidate: x_peak:       -0.595, y_peak:       -0.605, r_peak:        0.030, sig:        4.639, ra_peak:      215.926, dec_peak:       20.134
Characteristic density local = 5047.2 deg^-2 = 1.402 arcmin^-2
Fitting aperture to hotspot...
Candidate: x_peak:       -0.455, y_peak:        0.715, r_peak:        0.020, sig:       11.611, ra_peak:      216.071, dec_peak:       21.454
Characteristic density local = 5240.2 deg^-2 = 1.456 arcmin^-2
Fitting aperture to hotspot...
Candidate: x_peak:       -0.335, y_peak:        0.615, r_peak:        0.020, sig:       11.821, ra_peak:      216.200, dec_peak:       21.355
Characteristic density local = 4888.0 deg^-2 = 1.358 arcmin^-2
Fitting aperture to hotspot...
Candidate: x_peak:       -0.165, y_peak:       -0.155, r_peak:        0.030, sig:       13.559, ra_peak:      216.384, dec_peak:       20.585
Characteristic density local = 5208.3 deg^-2 = 1.447 arcmin^-2
Fitting aperture to hotspot...
Candidate: x_peak:        0.095, y_peak:        0.855, r_peak:        0.020, sig:       10.926, ra_peak:      216.662, dec_peak:       21.595
Characteristic density local = 5182.5 deg^-2 = 1.440 arcmin^-2
Fitting aperture to hotspot...
Candidate: x_peak:        0.395, y_peak:        0.635, r_peak:        0.020, sig:        7.732, ra_peak:      216.984, dec_peak:       21.374
Characteristic density local = 5043.2 deg^-2 = 1.401 arcmin^-2
Fitting aperture to hotspot...
Candidate: x_peak:        0.635, y_peak:        0.025, r_peak:        0.020, sig:       10.867, ra_peak:      217.239, dec_peak:       20.764
Distance = 25.1 kpc (m-M = 17.0)
660703 objects left after isochrone cut...
Characteristic density = 5100.0 deg^-2
Characteristic density local = 5236.2 deg^-2 = 1.454 arcmin^-2
Fitting aperture to hotspot...
Candidate: x_peak:       -0.865, y_peak:       -0.215, r_peak:        0.020, sig:        7.476, ra_peak:      215.636, dec_peak:       20.523
Characteristic density local = 5176.5 deg^-2 = 1.438 arcmin^-2
Fitting aperture to hotspot...
Candidate: x_peak:       -0.595, y_peak:       -0.605, r_peak:        0.030, sig:        4.639, ra_peak:      215.926, dec_peak:       20.134
Characteristic density local = 5047.2 deg^-2 = 1.402 arcmin^-2
Fitting aperture to hotspot...
Candidate: x_peak:       -0.455, y_peak:        0.715, r_peak:        0.020, sig:       11.611, ra_peak:      216.071, dec_peak:       21.454
Characteristic density local = 5240.2 deg^-2 = 1.456 arcmin^-2
Fitting aperture to hotspot...
Candidate: x_peak:       -0.335, y_peak:        0.615, r_peak:        0.020, sig:       11.821, ra_peak:      216.200, dec_peak:       21.355
Characteristic density local = 4888.0 deg^-2 = 1.358 arcmin^-2
Fitting aperture to hotspot...
Candidate: x_peak:       -0.165, y_peak:       -0.155, r_peak:        0.030, sig:       13.559, ra_peak:      216.384, dec_peak:       20.585
Characteristic density local = 5208.3 deg^-2 = 1.447 arcmin^-2
Fitting aperture to hotspot...
Candidate: x_peak:        0.095, y_peak:        0.855, r_peak:        0.020, sig:       10.926, ra_peak:      216.662, dec_peak:       21.595
Characteristic density local = 5182.5 deg^-2 = 1.440 arcmin^-2
Fitting aperture to hotspot...
Candidate: x_peak:        0.395, y_peak:        0.635, r_peak:        0.020, sig:        7.732, ra_peak:      216.984, dec_peak:       21.374
Characteristic density local = 5043.2 deg^-2 = 1.401 arcmin^-2
Fitting aperture to hotspot...
Candidate: x_peak:        0.635, y_peak:        0.025, r_peak:        0.020, sig:       10.867, ra_peak:      217.239, dec_peak:       20.764
Distance = 31.6 kpc (m-M = 17.5)
660702 objects left after isochrone cut...
Characteristic density = 5100.0 deg^-2
Characteristic density local = 5236.2 deg^-2 = 1.454 arcmin^-2
Fitting aperture to hotspot...
Candidate: x_peak:       -0.865, y_peak:       -0.215, r_peak:        0.020, sig:        7.476, ra_peak:      215.636, dec_peak:       20.523
Characteristic density local = 5176.5 deg^-2 = 1.438 arcmin^-2
Fitting aperture to hotspot...
Candidate: x_peak:       -0.595, y_peak:       -0.605, r_peak:        0.030, sig:        4.639, ra_peak:      215.926, dec_peak:       20.134
Characteristic density local = 5047.2 deg^-2 = 1.402 arcmin^-2
Fitting aperture to hotspot...
Candidate: x_peak:       -0.455, y_peak:        0.715, r_peak:        0.020, sig:       11.611, ra_peak:      216.071, dec_peak:       21.454
Characteristic density local = 5240.2 deg^-2 = 1.456 arcmin^-2
Fitting aperture to hotspot...
Candidate: x_peak:       -0.335, y_peak:        0.615, r_peak:        0.020, sig:       11.821, ra_peak:      216.200, dec_peak:       21.355
Characteristic density local = 4888.0 deg^-2 = 1.358 arcmin^-2
Fitting aperture to hotspot...
Candidate: x_peak:       -0.165, y_peak:       -0.155, r_peak:        0.030, sig:       13.559, ra_peak:      216.384, dec_peak:       20.585
Characteristic density local = 5208.3 deg^-2 = 1.447 arcmin^-2
Fitting aperture to hotspot...
Candidate: x_peak:        0.095, y_peak:        0.855, r_peak:        0.020, sig:       10.926, ra_peak:      216.662, dec_peak:       21.595
Characteristic density local = 5182.5 deg^-2 = 1.440 arcmin^-2
Fitting aperture to hotspot...
Candidate: x_peak:        0.395, y_peak:        0.635, r_peak:        0.020, sig:        7.732, ra_peak:      216.984, dec_peak:       21.374
Characteristic density local = 5043.2 deg^-2 = 1.401 arcmin^-2
Fitting aperture to hotspot...
Candidate: x_peak:        0.635, y_peak:        0.025, r_peak:        0.020, sig:       10.867, ra_peak:      217.239, dec_peak:       20.764
Distance = 39.8 kpc (m-M = 18.0)
660687 objects left after isochrone cut...
Characteristic density = 5100.0 deg^-2
Characteristic density local = 5236.2 deg^-2 = 1.454 arcmin^-2
Fitting aperture to hotspot...
Candidate: x_peak:       -0.865, y_peak:       -0.215, r_peak:        0.020, sig:        7.476, ra_peak:      215.636, dec_peak:       20.523
Characteristic density local = 5176.5 deg^-2 = 1.438 arcmin^-2
Fitting aperture to hotspot...
Candidate: x_peak:       -0.595, y_peak:       -0.605, r_peak:        0.030, sig:        4.639, ra_peak:      215.926, dec_peak:       20.134
Characteristic density local = 5047.2 deg^-2 = 1.402 arcmin^-2
Fitting aperture to hotspot...
Candidate: x_peak:       -0.455, y_peak:        0.715, r_peak:        0.020, sig:       11.611, ra_peak:      216.071, dec_peak:       21.454
Characteristic density local = 5240.2 deg^-2 = 1.456 arcmin^-2
Fitting aperture to hotspot...
Candidate: x_peak:       -0.335, y_peak:        0.615, r_peak:        0.020, sig:       11.821, ra_peak:      216.200, dec_peak:       21.355
Characteristic density local = 4888.0 deg^-2 = 1.358 arcmin^-2
Fitting aperture to hotspot...
Candidate: x_peak:       -0.165, y_peak:       -0.155, r_peak:        0.030, sig:       13.559, ra_peak:      216.384, dec_peak:       20.585
Characteristic density local = 5208.3 deg^-2 = 1.447 arcmin^-2
Fitting aperture to hotspot...
Candidate: x_peak:        0.095, y_peak:        0.855, r_peak:        0.020, sig:       10.926, ra_peak:      216.662, dec_peak:       21.595
Characteristic density local = 5182.5 deg^-2 = 1.440 arcmin^-2
Fitting aperture to hotspot...
Candidate: x_peak:        0.395, y_peak:        0.635, r_peak:        0.020, sig:        7.732, ra_peak:      216.984, dec_peak:       21.374
Characteristic density local = 5043.2 deg^-2 = 1.401 arcmin^-2
Fitting aperture to hotspot...
Candidate: x_peak:        0.635, y_peak:        0.025, r_peak:        0.020, sig:       10.867, ra_peak:      217.239, dec_peak:       20.764
Distance = 50.1 kpc (m-M = 18.5)
659920 objects left after isochrone cut...
Characteristic density = 5100.0 deg^-2
Characteristic density local = 5206.4 deg^-2 = 1.446 arcmin^-2
Fitting aperture to hotspot...
Candidate: x_peak:       -0.865, y_peak:       -0.215, r_peak:        0.020, sig:        7.497, ra_peak:      215.636, dec_peak:       20.523
Characteristic density local = 5130.8 deg^-2 = 1.425 arcmin^-2
Fitting aperture to hotspot...
Candidate: x_peak:       -0.595, y_peak:       -0.605, r_peak:        0.030, sig:        4.680, ra_peak:      215.926, dec_peak:       20.134
Characteristic density local = 5037.3 deg^-2 = 1.399 arcmin^-2
Fitting aperture to hotspot...
Candidate: x_peak:       -0.455, y_peak:        0.715, r_peak:        0.020, sig:       11.619, ra_peak:      216.071, dec_peak:       21.454
Characteristic density local = 5220.3 deg^-2 = 1.450 arcmin^-2
Fitting aperture to hotspot...
Candidate: x_peak:       -0.335, y_peak:        0.615, r_peak:        0.020, sig:       11.837, ra_peak:      216.200, dec_peak:       21.355
Characteristic density local = 4854.2 deg^-2 = 1.348 arcmin^-2
Fitting aperture to hotspot...
Candidate: x_peak:       -0.165, y_peak:       -0.155, r_peak:        0.030, sig:       13.598, ra_peak:      216.384, dec_peak:       20.585
Characteristic density local = 5194.4 deg^-2 = 1.443 arcmin^-2
Fitting aperture to hotspot...
Candidate: x_peak:        0.095, y_peak:        0.855, r_peak:        0.020, sig:       10.937, ra_peak:      216.662, dec_peak:       21.595
Characteristic density local = 5162.6 deg^-2 = 1.434 arcmin^-2
Fitting aperture to hotspot...
Candidate: x_peak:        0.395, y_peak:        0.635, r_peak:        0.020, sig:        7.746, ra_peak:      216.984, dec_peak:       21.374
Characteristic density local = 5031.3 deg^-2 = 1.398 arcmin^-2
Fitting aperture to hotspot...
Candidate: x_peak:        0.635, y_peak:        0.025, r_peak:        0.020, sig:       10.876, ra_peak:      217.239, dec_peak:       20.764
Distance = 63.1 kpc (m-M = 19.0)
657970 objects left after isochrone cut...
Characteristic density = 5000.0 deg^-2
Characteristic density local = 5142.7 deg^-2 = 1.429 arcmin^-2
Fitting aperture to hotspot...
Candidate: x_peak:       -0.855, y_peak:       -0.215, r_peak:        0.020, sig:        7.760, ra_peak:      215.647, dec_peak:       20.523
Characteristic density local = 5067.1 deg^-2 = 1.408 arcmin^-2
Fitting aperture to hotspot...
Candidate: x_peak:       -0.595, y_peak:       -0.605, r_peak:        0.030, sig:        4.736, ra_peak:      215.926, dec_peak:       20.134
Characteristic density local = 4991.5 deg^-2 = 1.387 arcmin^-2
Fitting aperture to hotspot...
Candidate: x_peak:       -0.455, y_peak:        0.715, r_peak:        0.020, sig:       11.656, ra_peak:      216.071, dec_peak:       21.454
Characteristic density local = 5156.6 deg^-2 = 1.432 arcmin^-2
Fitting aperture to hotspot...
Candidate: x_peak:       -0.335, y_peak:        0.615, r_peak:        0.020, sig:       11.888, ra_peak:      216.200, dec_peak:       21.355
Characteristic density local = 4794.5 deg^-2 = 1.332 arcmin^-2
Fitting aperture to hotspot...
Candidate: x_peak:       -0.165, y_peak:       -0.155, r_peak:        0.030, sig:       13.667, ra_peak:      216.384, dec_peak:       20.585
Characteristic density local = 5148.7 deg^-2 = 1.430 arcmin^-2
Fitting aperture to hotspot...
Candidate: x_peak:        0.095, y_peak:        0.855, r_peak:        0.020, sig:       10.973, ra_peak:      216.662, dec_peak:       21.595
Characteristic density local = 5089.0 deg^-2 = 1.414 arcmin^-2
Fitting aperture to hotspot...
Candidate: x_peak:        0.395, y_peak:        0.635, r_peak:        0.020, sig:        7.798, ra_peak:      216.984, dec_peak:       21.374
Characteristic density local = 4945.7 deg^-2 = 1.374 arcmin^-2
Fitting aperture to hotspot...
Candidate: x_peak:        0.635, y_peak:        0.025, r_peak:        0.020, sig:       10.945, ra_peak:      217.239, dec_peak:       20.764
Distance = 79.4 kpc (m-M = 19.5)
655432 objects left after isochrone cut...
Characteristic density = 4900.0 deg^-2
Characteristic density local = 5045.2 deg^-2 = 1.401 arcmin^-2
Fitting aperture to hotspot...
Candidate: x_peak:       -0.855, y_peak:       -0.215, r_peak:        0.020, sig:        7.829, ra_peak:      215.647, dec_peak:       20.523
Characteristic density local = 4894.0 deg^-2 = 1.359 arcmin^-2
Fitting aperture to hotspot...
Candidate: x_peak:       -0.455, y_peak:        0.715, r_peak:        0.020, sig:       11.737, ra_peak:      216.071, dec_peak:       21.454
Characteristic density local = 5057.1 deg^-2 = 1.405 arcmin^-2
Fitting aperture to hotspot...
Candidate: x_peak:       -0.335, y_peak:        0.615, r_peak:        0.020, sig:       11.969, ra_peak:      216.200, dec_peak:       21.355
Characteristic density local = 4707.0 deg^-2 = 1.308 arcmin^-2
Fitting aperture to hotspot...
Candidate: x_peak:       -0.165, y_peak:       -0.155, r_peak:        0.030, sig:       13.631, ra_peak:      216.384, dec_peak:       20.585
Characteristic density local = 5093.0 deg^-2 = 1.415 arcmin^-2
Fitting aperture to hotspot...
Candidate: x_peak:        0.095, y_peak:        0.855, r_peak:        0.020, sig:       11.016, ra_peak:      216.662, dec_peak:       21.595
Characteristic density local = 5021.3 deg^-2 = 1.395 arcmin^-2
Fitting aperture to hotspot...
Candidate: x_peak:        0.395, y_peak:        0.635, r_peak:        0.020, sig:        7.847, ra_peak:      216.984, dec_peak:       21.374
Characteristic density local = 4850.2 deg^-2 = 1.347 arcmin^-2
Fitting aperture to hotspot...
Candidate: x_peak:        0.635, y_peak:        0.025, r_peak:        0.020, sig:       10.831, ra_peak:      217.239, dec_peak:       20.764
Distance = 100.0 kpc (m-M = 20.0)
652485 objects left after isochrone cut...
Characteristic density = 4800.0 deg^-2
Characteristic density local = 4951.7 deg^-2 = 1.375 arcmin^-2
Fitting aperture to hotspot...
Candidate: x_peak:       -0.865, y_peak:       -0.215, r_peak:        0.020, sig:        7.678, ra_peak:      215.636, dec_peak:       20.523
Characteristic density local = 4802.5 deg^-2 = 1.334 arcmin^-2
Fitting aperture to hotspot...
Candidate: x_peak:       -0.455, y_peak:        0.715, r_peak:        0.020, sig:       11.627, ra_peak:      216.071, dec_peak:       21.454
Characteristic density local = 4951.7 deg^-2 = 1.375 arcmin^-2
Fitting aperture to hotspot...
Candidate: x_peak:       -0.335, y_peak:        0.615, r_peak:        0.020, sig:       12.055, ra_peak:      216.200, dec_peak:       21.355
Characteristic density local = 4613.5 deg^-2 = 1.282 arcmin^-2
Fitting aperture to hotspot...
Candidate: x_peak:       -0.165, y_peak:       -0.155, r_peak:        0.030, sig:       13.602, ra_peak:      216.384, dec_peak:       20.585
Characteristic density local = 5003.4 deg^-2 = 1.390 arcmin^-2
Fitting aperture to hotspot...
Candidate: x_peak:        0.095, y_peak:        0.855, r_peak:        0.020, sig:       11.088, ra_peak:      216.662, dec_peak:       21.595
Characteristic density local = 4927.8 deg^-2 = 1.369 arcmin^-2
Fitting aperture to hotspot...
Candidate: x_peak:        0.395, y_peak:        0.635, r_peak:        0.020, sig:        7.696, ra_peak:      216.984, dec_peak:       21.374
Characteristic density local = 4746.8 deg^-2 = 1.319 arcmin^-2
Fitting aperture to hotspot...
Candidate: x_peak:        0.635, y_peak:        0.025, r_peak:        0.020, sig:       10.916, ra_peak:      217.239, dec_peak:       20.764
Distance = 125.9 kpc (m-M = 20.5)
648960 objects left after isochrone cut...
Characteristic density = 4700.0 deg^-2
Characteristic density local = 4806.5 deg^-2 = 1.335 arcmin^-2
Fitting aperture to hotspot...
Candidate: x_peak:       -0.855, y_peak:       -0.215, r_peak:        0.020, sig:        8.004, ra_peak:      215.647, dec_peak:       20.523
Characteristic density local = 4689.1 deg^-2 = 1.303 arcmin^-2
Fitting aperture to hotspot...
Candidate: x_peak:       -0.455, y_peak:        0.715, r_peak:        0.020, sig:       11.723, ra_peak:      216.071, dec_peak:       21.454
Characteristic density local = 4848.3 deg^-2 = 1.347 arcmin^-2
Fitting aperture to hotspot...
Candidate: x_peak:       -0.335, y_peak:        0.615, r_peak:        0.020, sig:       12.142, ra_peak:      216.200, dec_peak:       21.355
Characteristic density local = 4472.3 deg^-2 = 1.242 arcmin^-2
Fitting aperture to hotspot...
Candidate: x_peak:       -0.165, y_peak:       -0.155, r_peak:        0.030, sig:       13.772, ra_peak:      216.384, dec_peak:       20.585
Characteristic density local = 5039.2 deg^-2 = 1.400 arcmin^-2
Fitting aperture to hotspot...
Candidate: x_peak:       -0.015, y_peak:        1.155, r_peak:        0.020, sig:        7.615, ra_peak:      216.544, dec_peak:       21.895
Characteristic density local = 4907.9 deg^-2 = 1.363 arcmin^-2
Fitting aperture to hotspot...
Candidate: x_peak:        0.095, y_peak:        0.855, r_peak:        0.020, sig:       11.165, ra_peak:      216.662, dec_peak:       21.595
Characteristic density local = 4742.8 deg^-2 = 1.317 arcmin^-2
Fitting aperture to hotspot...
Candidate: x_peak:        0.065, y_peak:        1.075, r_peak:        0.020, sig:        7.156, ra_peak:      216.630, dec_peak:       21.815
Characteristic density local = 4828.4 deg^-2 = 1.341 arcmin^-2
Fitting aperture to hotspot...
Candidate: x_peak:        0.395, y_peak:        0.635, r_peak:        0.020, sig:        7.546, ra_peak:      216.984, dec_peak:       21.374
Characteristic density local = 4653.3 deg^-2 = 1.293 arcmin^-2
Fitting aperture to hotspot...
Candidate: x_peak:        0.635, y_peak:        0.025, r_peak:        0.020, sig:       10.800, ra_peak:      217.239, dec_peak:       20.764
Distance = 158.5 kpc (m-M = 21.0)
644648 objects left after isochrone cut...
Characteristic density = 4600.0 deg^-2
Characteristic density local = 4675.2 deg^-2 = 1.299 arcmin^-2
Fitting aperture to hotspot...
Candidate: x_peak:       -0.865, y_peak:       -0.215, r_peak:        0.020, sig:        7.660, ra_peak:      215.636, dec_peak:       20.523
Characteristic density local = 4545.9 deg^-2 = 1.263 arcmin^-2
Fitting aperture to hotspot...
Candidate: x_peak:       -0.455, y_peak:        0.715, r_peak:        0.020, sig:       11.847, ra_peak:      216.071, dec_peak:       21.454
Characteristic density local = 4697.1 deg^-2 = 1.305 arcmin^-2
Fitting aperture to hotspot...
Candidate: x_peak:       -0.335, y_peak:        0.615, r_peak:        0.020, sig:       12.271, ra_peak:      216.200, dec_peak:       21.355
Characteristic density local = 4368.8 deg^-2 = 1.214 arcmin^-2
Fitting aperture to hotspot...
Candidate: x_peak:       -0.165, y_peak:       -0.155, r_peak:        0.030, sig:       13.899, ra_peak:      216.384, dec_peak:       20.585
Characteristic density local = 4882.1 deg^-2 = 1.356 arcmin^-2
Fitting aperture to hotspot...
Candidate: x_peak:       -0.015, y_peak:        1.155, r_peak:        0.020, sig:        7.507, ra_peak:      216.544, dec_peak:       21.895
Characteristic density local = 4748.8 deg^-2 = 1.319 arcmin^-2
Fitting aperture to hotspot...
Candidate: x_peak:        0.095, y_peak:        0.855, r_peak:        0.020, sig:       11.106, ra_peak:      216.662, dec_peak:       21.595
Characteristic density local = 4601.6 deg^-2 = 1.278 arcmin^-2
Fitting aperture to hotspot...
Candidate: x_peak:        0.065, y_peak:        1.075, r_peak:        0.020, sig:        7.260, ra_peak:      216.630, dec_peak:       21.815
Characteristic density local = 4649.3 deg^-2 = 1.291 arcmin^-2
Fitting aperture to hotspot...
Candidate: x_peak:        0.395, y_peak:        0.635, r_peak:        0.020, sig:        7.679, ra_peak:      216.984, dec_peak:       21.374
Characteristic density local = 4506.1 deg^-2 = 1.252 arcmin^-2
Fitting aperture to hotspot...
Candidate: x_peak:        0.635, y_peak:        0.025, r_peak:        0.020, sig:       10.924, ra_peak:      217.239, dec_peak:       20.764
Distance = 199.5 kpc (m-M = 21.5)
639525 objects left after isochrone cut...
Characteristic density = 4400.0 deg^-2
Characteristic density local = 4512.0 deg^-2 = 1.253 arcmin^-2
Fitting aperture to hotspot...
Candidate: x_peak:       -0.865, y_peak:       -0.215, r_peak:        0.020, sig:        7.784, ra_peak:      215.636, dec_peak:       20.523
Characteristic density local = 4358.9 deg^-2 = 1.211 arcmin^-2
Fitting aperture to hotspot...
Candidate: x_peak:       -0.455, y_peak:        0.715, r_peak:        0.020, sig:       12.013, ra_peak:      216.071, dec_peak:       21.454
Characteristic density local = 4516.0 deg^-2 = 1.254 arcmin^-2
Fitting aperture to hotspot...
Candidate: x_peak:       -0.335, y_peak:        0.615, r_peak:        0.020, sig:       12.430, ra_peak:      216.200, dec_peak:       21.355
Characteristic density local = 4191.7 deg^-2 = 1.164 arcmin^-2
Fitting aperture to hotspot...
Candidate: x_peak:       -0.165, y_peak:       -0.155, r_peak:        0.030, sig:       13.838, ra_peak:      216.384, dec_peak:       20.585
Characteristic density local = 4591.6 deg^-2 = 1.275 arcmin^-2
Fitting aperture to hotspot...
Candidate: x_peak:        0.095, y_peak:        0.855, r_peak:        0.020, sig:       11.238, ra_peak:      216.662, dec_peak:       21.595
Characteristic density local = 4416.5 deg^-2 = 1.227 arcmin^-2
Fitting aperture to hotspot...
Candidate: x_peak:        0.065, y_peak:        1.075, r_peak:        0.020, sig:        7.401, ra_peak:      216.630, dec_peak:       21.815
Characteristic density local = 4460.3 deg^-2 = 1.239 arcmin^-2
Fitting aperture to hotspot...
Candidate: x_peak:        0.395, y_peak:        0.635, r_peak:        0.020, sig:        7.824, ra_peak:      216.984, dec_peak:       21.374
Characteristic density local = 4319.1 deg^-2 = 1.200 arcmin^-2
Fitting aperture to hotspot...
Candidate: x_peak:        0.635, y_peak:        0.025, r_peak:        0.020, sig:       10.491, ra_peak:      217.239, dec_peak:       20.764
Distance = 251.2 kpc (m-M = 22.0)
633452 objects left after isochrone cut...
Characteristic density = 4200.0 deg^-2
Characteristic density local = 4335.0 deg^-2 = 1.204 arcmin^-2
Fitting aperture to hotspot...
Candidate: x_peak:       -0.865, y_peak:       -0.215, r_peak:        0.020, sig:        7.923, ra_peak:      215.636, dec_peak:       20.523
Characteristic density local = 4148.0 deg^-2 = 1.152 arcmin^-2
Fitting aperture to hotspot...
Candidate: x_peak:       -0.455, y_peak:        0.715, r_peak:        0.020, sig:       11.825, ra_peak:      216.071, dec_peak:       21.454
Characteristic density local = 4305.1 deg^-2 = 1.196 arcmin^-2
Fitting aperture to hotspot...
Candidate: x_peak:       -0.335, y_peak:        0.615, r_peak:        0.020, sig:       12.622, ra_peak:      216.200, dec_peak:       21.355
Characteristic density local = 4002.7 deg^-2 = 1.112 arcmin^-2
Fitting aperture to hotspot...
Candidate: x_peak:       -0.165, y_peak:       -0.155, r_peak:        0.030, sig:       14.083, ra_peak:      216.384, dec_peak:       20.585
Characteristic density local = 4490.2 deg^-2 = 1.247 arcmin^-2
Fitting aperture to hotspot...
Candidate: x_peak:       -0.015, y_peak:        1.155, r_peak:        0.020, sig:        7.574, ra_peak:      216.544, dec_peak:       21.895
Characteristic density local = 4402.6 deg^-2 = 1.223 arcmin^-2
Fitting aperture to hotspot...
Candidate: x_peak:        0.095, y_peak:        0.855, r_peak:        0.020, sig:       11.402, ra_peak:      216.662, dec_peak:       21.595
Characteristic density local = 4231.5 deg^-2 = 1.175 arcmin^-2
Fitting aperture to hotspot...
Candidate: x_peak:        0.065, y_peak:        1.075, r_peak:        0.020, sig:        7.546, ra_peak:      216.630, dec_peak:       21.815
Characteristic density local = 4257.4 deg^-2 = 1.183 arcmin^-2
Fitting aperture to hotspot...
Candidate: x_peak:        0.395, y_peak:        0.635, r_peak:        0.020, sig:        7.756, ra_peak:      216.984, dec_peak:       21.374
Characteristic density local = 4138.0 deg^-2 = 1.149 arcmin^-2
Fitting aperture to hotspot...
Candidate: x_peak:        0.635, y_peak:        0.025, r_peak:        0.020, sig:       10.651, ra_peak:      217.239, dec_peak:       20.764
Distance = 316.2 kpc (m-M = 22.5)
625997 objects left after isochrone cut...
Characteristic density = 4000.0 deg^-2
Characteristic density local = 4096.3 deg^-2 = 1.138 arcmin^-2
Fitting aperture to hotspot...
Candidate: x_peak:       -0.865, y_peak:       -0.215, r_peak:        0.020, sig:        8.117, ra_peak:      215.636, dec_peak:       20.523
Characteristic density local = 3919.2 deg^-2 = 1.089 arcmin^-2
Fitting aperture to hotspot...
Candidate: x_peak:       -0.455, y_peak:        0.715, r_peak:        0.020, sig:       12.042, ra_peak:      216.071, dec_peak:       21.454
Characteristic density local = 4074.4 deg^-2 = 1.132 arcmin^-2
Fitting aperture to hotspot...
Candidate: x_peak:       -0.335, y_peak:        0.615, r_peak:        0.020, sig:       12.841, ra_peak:      216.200, dec_peak:       21.355
Characteristic density local = 3766.0 deg^-2 = 1.046 arcmin^-2
Fitting aperture to hotspot...
Candidate: x_peak:       -0.165, y_peak:       -0.155, r_peak:        0.030, sig:       13.966, ra_peak:      216.384, dec_peak:       20.585
Characteristic density local = 4213.6 deg^-2 = 1.170 arcmin^-2
Fitting aperture to hotspot...
Candidate: x_peak:       -0.015, y_peak:        1.155, r_peak:        0.020, sig:        7.792, ra_peak:      216.544, dec_peak:       21.895
Characteristic density local = 4157.9 deg^-2 = 1.155 arcmin^-2
Fitting aperture to hotspot...
Candidate: x_peak:        0.095, y_peak:        0.855, r_peak:        0.020, sig:       11.623, ra_peak:      216.662, dec_peak:       21.595
Characteristic density local = 4000.8 deg^-2 = 1.111 arcmin^-2
Fitting aperture to hotspot...
Candidate: x_peak:        0.395, y_peak:        0.635, r_peak:        0.020, sig:        7.734, ra_peak:      216.984, dec_peak:       21.374
Characteristic density local = 3907.3 deg^-2 = 1.085 arcmin^-2
Fitting aperture to hotspot...
Candidate: x_peak:        0.635, y_peak:        0.025, r_peak:        0.020, sig:       10.659, ra_peak:      217.239, dec_peak:       20.764
Distance = 398.1 kpc (m-M = 23.0)
617090 objects left after isochrone cut...
Characteristic density = 3700.0 deg^-2
Characteristic density local = 3793.9 deg^-2 = 1.054 arcmin^-2
Fitting aperture to hotspot...
Candidate: x_peak:       -0.865, y_peak:       -0.215, r_peak:        0.020, sig:        7.910, ra_peak:      215.636, dec_peak:       20.523
Characteristic density local = 3612.8 deg^-2 = 1.004 arcmin^-2
Fitting aperture to hotspot...
Candidate: x_peak:       -0.455, y_peak:        0.715, r_peak:        0.020, sig:       12.154, ra_peak:      216.071, dec_peak:       21.454
Characteristic density local = 3766.0 deg^-2 = 1.046 arcmin^-2
Fitting aperture to hotspot...
Candidate: x_peak:       -0.335, y_peak:        0.615, r_peak:        0.020, sig:       12.580, ra_peak:      216.200, dec_peak:       21.355
Characteristic density local = 3483.5 deg^-2 = 0.968 arcmin^-2
Fitting aperture to hotspot...
Candidate: x_peak:       -0.165, y_peak:       -0.155, r_peak:        0.030, sig:       14.216, ra_peak:      216.384, dec_peak:       20.585
Characteristic density local = 3899.3 deg^-2 = 1.083 arcmin^-2
Fitting aperture to hotspot...
Candidate: x_peak:       -0.015, y_peak:        1.155, r_peak:        0.020, sig:        8.053, ra_peak:      216.544, dec_peak:       21.895
Characteristic density local = 3877.4 deg^-2 = 1.077 arcmin^-2
Fitting aperture to hotspot...
Candidate: x_peak:        0.095, y_peak:        0.855, r_peak:        0.020, sig:       11.494, ra_peak:      216.662, dec_peak:       21.595
Characteristic density local = 3638.7 deg^-2 = 1.011 arcmin^-2
Fitting aperture to hotspot...
Candidate: x_peak:        0.065, y_peak:        1.075, r_peak:        0.020, sig:        7.808, ra_peak:      216.630, dec_peak:       21.815
Characteristic density local = 3686.4 deg^-2 = 1.024 arcmin^-2
Fitting aperture to hotspot...
Candidate: x_peak:        0.395, y_peak:        0.635, r_peak:        0.020, sig:        8.004, ra_peak:      216.984, dec_peak:       21.374
Characteristic density local = 3592.9 deg^-2 = 0.998 arcmin^-2
Fitting aperture to hotspot...
Candidate: x_peak:        0.635, y_peak:        0.025, r_peak:        0.020, sig:       10.754, ra_peak:      217.239, dec_peak:       20.764
14.22 sigma; (RA, Dec, d) = (216.38, 20.58); r = 0.03 deg; d = 398.1, mu = 23.00 mag), mc_source_id: 0.00
12.84 sigma; (RA, Dec, d) = (216.20, 21.35); r = 0.02 deg; d = 316.2, mu = 22.50 mag), mc_source_id: 0.00
12.15 sigma; (RA, Dec, d) = (216.07, 21.45); r = 0.02 deg; d = 398.1, mu = 23.00 mag), mc_source_id: 0.00
11.62 sigma; (RA, Dec, d) = (216.66, 21.59); r = 0.02 deg; d = 316.2, mu = 22.50 mag), mc_source_id: 0.00
10.94 sigma; (RA, Dec, d) = (217.24, 20.76); r = 0.02 deg; d = 63.1, mu = 19.00 mag), mc_source_id: 0.00
8.12 sigma; (RA, Dec, d) = (215.64, 20.52); r = 0.02 deg; d = 316.2, mu = 22.50 mag), mc_source_id: 0.00
8.05 sigma; (RA, Dec, d) = (216.54, 21.90); r = 0.02 deg; d = 398.1, mu = 23.00 mag), mc_source_id: 0.00
8.00 sigma; (RA, Dec, d) = (216.98, 21.37); r = 0.02 deg; d = 398.1, mu = 23.00 mag), mc_source_id: 0.00
7.81 sigma; (RA, Dec, d) = (216.63, 21.82); r = 0.02 deg; d = 398.1, mu = 23.00 mag), mc_source_id: 0.00
4.74 sigma; (RA, Dec, d) = (215.93, 20.13); r = 0.03 deg; d = 63.1, mu = 19.00 mag), mc_source_id: 0.00

------------------------------------------------------------
Job <679486.0> was submitted from <des51.fnal.gov> by user <tavangar>.
Job was executed on host <des40.fnal.gov> as user <tavangar>.
</var/lib/condor/execute/dir_1742789> was used as the initial working directory.
Results reported at Wed Jun  5 04:29:34 CDT 2019

Your job looked like:

------------------------------------------------------------
python /home/s1/tavangar/tavangar_simple/search_algorithm.py 216.56 20.74 0.00 /home/s1/tavangar/tavangar_simple/decals_dr7_results/results_nside_32_3981.csv /home/s1/tavangar/tavangar_simple/decals_dr7_results/decals_dr7_log/results_nside_32_3981.log
------------------------------------------------------------

Successfully completed.

Resource usage summary:

	Real time :			278.88 sec.
	CPU time :			23.37 sec.
	CPU percentage :		78%
	Max Memory :			5725488 KB
	Average Memory :		0 KB

The output (if any) is above this job summary.
