/home/s1/tavangar/tavangar_simple/simple_utils.py:170: FutureWarning: elementwise comparison failed; returning scalar instead, but in the future will perform elementwise comparison
  if np.all(isochrone.stage == 'Main'):
Search coordinates: (RA, Dec) = (203.91, 22.02)
Center healpixel: 3848
Healpixels: [3848 3976 3847 3720 3592 3721 3849 3977 4104]
MC_SOURCE_ID = 0.0
mode = 0: running only on real data
Found 1 objects...
Applying cuts...
676110 star-like objects in ROI...
962245 galaxy-like objects in ROI...
No fracdet map specified ...
Distance = 15.8 kpc (m-M = 16.0)
676095 objects left after isochrone cut...
Characteristic density = 4800.0 deg^-2
Characteristic density local = 5019.3 deg^-2 = 1.394 arcmin^-2
Fitting aperture to hotspot...
Candidate: x_peak:       -0.715, y_peak:        0.495, r_peak:        0.020, sig:        6.958, ra_peak:      203.136, dec_peak:       22.513
Characteristic density local = 5100.9 deg^-2 = 1.417 arcmin^-2
Fitting aperture to hotspot...
Candidate: x_peak:       -0.435, y_peak:        0.665, r_peak:        0.020, sig:        5.728, ra_peak:      203.439, dec_peak:       22.684
Characteristic density local = 4810.5 deg^-2 = 1.336 arcmin^-2
Fitting aperture to hotspot...
Candidate: x_peak:       -0.105, y_peak:        0.485, r_peak:        0.020, sig:       13.072, ra_peak:      203.796, dec_peak:       22.505
Characteristic density local = 5091.0 deg^-2 = 1.414 arcmin^-2
Fitting aperture to hotspot...
Candidate: x_peak:       -0.055, y_peak:        0.785, r_peak:        0.020, sig:        8.438, ra_peak:      203.850, dec_peak:       22.805
Characteristic density local = 4641.4 deg^-2 = 1.289 arcmin^-2
Fitting aperture to hotspot...
Candidate: x_peak:        0.175, y_peak:       -0.485, r_peak:        0.020, sig:        7.909, ra_peak:      204.098, dec_peak:       21.535
Characteristic density local = 5283.9 deg^-2 = 1.468 arcmin^-2
Fitting aperture to hotspot...
Candidate: x_peak:        0.275, y_peak:        0.745, r_peak:        0.020, sig:        5.118, ra_peak:      204.208, dec_peak:       22.765
Characteristic density local = 5164.6 deg^-2 = 1.435 arcmin^-2
Fitting aperture to hotspot...
Candidate: x_peak:        0.555, y_peak:        0.515, r_peak:        0.030, sig:       13.386, ra_peak:      204.511, dec_peak:       22.534
Characteristic density local = 5200.4 deg^-2 = 1.445 arcmin^-2
Fitting aperture to hotspot...
Candidate: x_peak:        1.085, y_peak:        0.215, r_peak:        0.020, sig:       11.853, ra_peak:      205.082, dec_peak:       22.231
Distance = 20.0 kpc (m-M = 16.5)
676102 objects left after isochrone cut...
Characteristic density = 4800.0 deg^-2
Characteristic density local = 5019.3 deg^-2 = 1.394 arcmin^-2
Fitting aperture to hotspot...
Candidate: x_peak:       -0.715, y_peak:        0.495, r_peak:        0.020, sig:        6.958, ra_peak:      203.136, dec_peak:       22.513
Characteristic density local = 5100.9 deg^-2 = 1.417 arcmin^-2
Fitting aperture to hotspot...
Candidate: x_peak:       -0.435, y_peak:        0.665, r_peak:        0.020, sig:        5.728, ra_peak:      203.439, dec_peak:       22.684
Characteristic density local = 4810.5 deg^-2 = 1.336 arcmin^-2
Fitting aperture to hotspot...
Candidate: x_peak:       -0.105, y_peak:        0.485, r_peak:        0.020, sig:       13.072, ra_peak:      203.796, dec_peak:       22.505
Characteristic density local = 5091.0 deg^-2 = 1.414 arcmin^-2
Fitting aperture to hotspot...
Candidate: x_peak:       -0.055, y_peak:        0.785, r_peak:        0.020, sig:        8.438, ra_peak:      203.850, dec_peak:       22.805
Characteristic density local = 4641.4 deg^-2 = 1.289 arcmin^-2
Fitting aperture to hotspot...
Candidate: x_peak:        0.175, y_peak:       -0.485, r_peak:        0.020, sig:        7.909, ra_peak:      204.098, dec_peak:       21.535
Characteristic density local = 5283.9 deg^-2 = 1.468 arcmin^-2
Fitting aperture to hotspot...
Candidate: x_peak:        0.275, y_peak:        0.745, r_peak:        0.020, sig:        5.118, ra_peak:      204.208, dec_peak:       22.765
Characteristic density local = 5164.6 deg^-2 = 1.435 arcmin^-2
Fitting aperture to hotspot...
Candidate: x_peak:        0.555, y_peak:        0.515, r_peak:        0.030, sig:       13.386, ra_peak:      204.511, dec_peak:       22.534
Characteristic density local = 5200.4 deg^-2 = 1.445 arcmin^-2
Fitting aperture to hotspot...
Candidate: x_peak:        1.085, y_peak:        0.215, r_peak:        0.020, sig:       11.853, ra_peak:      205.082, dec_peak:       22.231
Distance = 25.1 kpc (m-M = 17.0)
676105 objects left after isochrone cut...
Characteristic density = 4800.0 deg^-2
Characteristic density local = 5019.3 deg^-2 = 1.394 arcmin^-2
Fitting aperture to hotspot...
Candidate: x_peak:       -0.715, y_peak:        0.495, r_peak:        0.020, sig:        6.958, ra_peak:      203.136, dec_peak:       22.513
Characteristic density local = 5100.9 deg^-2 = 1.417 arcmin^-2
Fitting aperture to hotspot...
Candidate: x_peak:       -0.435, y_peak:        0.665, r_peak:        0.020, sig:        5.728, ra_peak:      203.439, dec_peak:       22.684
Characteristic density local = 4810.5 deg^-2 = 1.336 arcmin^-2
Fitting aperture to hotspot...
Candidate: x_peak:       -0.105, y_peak:        0.485, r_peak:        0.020, sig:       13.072, ra_peak:      203.796, dec_peak:       22.505
Characteristic density local = 5091.0 deg^-2 = 1.414 arcmin^-2
Fitting aperture to hotspot...
Candidate: x_peak:       -0.055, y_peak:        0.785, r_peak:        0.020, sig:        8.438, ra_peak:      203.850, dec_peak:       22.805
Characteristic density local = 4641.4 deg^-2 = 1.289 arcmin^-2
Fitting aperture to hotspot...
Candidate: x_peak:        0.175, y_peak:       -0.485, r_peak:        0.020, sig:        7.909, ra_peak:      204.098, dec_peak:       21.535
Characteristic density local = 5283.9 deg^-2 = 1.468 arcmin^-2
Fitting aperture to hotspot...
Candidate: x_peak:        0.275, y_peak:        0.745, r_peak:        0.020, sig:        5.118, ra_peak:      204.208, dec_peak:       22.765
Characteristic density local = 5164.6 deg^-2 = 1.435 arcmin^-2
Fitting aperture to hotspot...
Candidate: x_peak:        0.555, y_peak:        0.515, r_peak:        0.030, sig:       13.386, ra_peak:      204.511, dec_peak:       22.534
Characteristic density local = 5200.4 deg^-2 = 1.445 arcmin^-2
Fitting aperture to hotspot...
Candidate: x_peak:        1.085, y_peak:        0.215, r_peak:        0.020, sig:       11.853, ra_peak:      205.082, dec_peak:       22.231
Distance = 31.6 kpc (m-M = 17.5)
676106 objects left after isochrone cut...
Characteristic density = 4800.0 deg^-2
Characteristic density local = 5019.3 deg^-2 = 1.394 arcmin^-2
Fitting aperture to hotspot...
Candidate: x_peak:       -0.715, y_peak:        0.495, r_peak:        0.020, sig:        6.958, ra_peak:      203.136, dec_peak:       22.513
Characteristic density local = 5100.9 deg^-2 = 1.417 arcmin^-2
Fitting aperture to hotspot...
Candidate: x_peak:       -0.435, y_peak:        0.665, r_peak:        0.020, sig:        5.728, ra_peak:      203.439, dec_peak:       22.684
Characteristic density local = 4810.5 deg^-2 = 1.336 arcmin^-2
Fitting aperture to hotspot...
Candidate: x_peak:       -0.105, y_peak:        0.485, r_peak:        0.020, sig:       13.072, ra_peak:      203.796, dec_peak:       22.505
Characteristic density local = 5091.0 deg^-2 = 1.414 arcmin^-2
Fitting aperture to hotspot...
Candidate: x_peak:       -0.055, y_peak:        0.785, r_peak:        0.020, sig:        8.438, ra_peak:      203.850, dec_peak:       22.805
Characteristic density local = 4641.4 deg^-2 = 1.289 arcmin^-2
Fitting aperture to hotspot...
Candidate: x_peak:        0.175, y_peak:       -0.485, r_peak:        0.020, sig:        7.909, ra_peak:      204.098, dec_peak:       21.535
Characteristic density local = 5283.9 deg^-2 = 1.468 arcmin^-2
Fitting aperture to hotspot...
Candidate: x_peak:        0.275, y_peak:        0.745, r_peak:        0.020, sig:        5.118, ra_peak:      204.208, dec_peak:       22.765
Characteristic density local = 5164.6 deg^-2 = 1.435 arcmin^-2
Fitting aperture to hotspot...
Candidate: x_peak:        0.555, y_peak:        0.515, r_peak:        0.030, sig:       13.386, ra_peak:      204.511, dec_peak:       22.534
Characteristic density local = 5200.4 deg^-2 = 1.445 arcmin^-2
Fitting aperture to hotspot...
Candidate: x_peak:        1.085, y_peak:        0.215, r_peak:        0.020, sig:       11.853, ra_peak:      205.082, dec_peak:       22.231
Distance = 39.8 kpc (m-M = 18.0)
676015 objects left after isochrone cut...
Characteristic density = 4800.0 deg^-2
Characteristic density local = 5015.4 deg^-2 = 1.393 arcmin^-2
Fitting aperture to hotspot...
Candidate: x_peak:       -0.715, y_peak:        0.495, r_peak:        0.020, sig:        6.961, ra_peak:      203.136, dec_peak:       22.513
Characteristic density local = 5096.9 deg^-2 = 1.416 arcmin^-2
Fitting aperture to hotspot...
Candidate: x_peak:       -0.435, y_peak:        0.665, r_peak:        0.020, sig:        5.731, ra_peak:      203.439, dec_peak:       22.684
Characteristic density local = 4804.5 deg^-2 = 1.335 arcmin^-2
Fitting aperture to hotspot...
Candidate: x_peak:       -0.105, y_peak:        0.485, r_peak:        0.020, sig:       13.077, ra_peak:      203.796, dec_peak:       22.505
Characteristic density local = 5087.0 deg^-2 = 1.413 arcmin^-2
Fitting aperture to hotspot...
Candidate: x_peak:       -0.055, y_peak:        0.785, r_peak:        0.020, sig:        8.441, ra_peak:      203.850, dec_peak:       22.805
Characteristic density local = 4641.4 deg^-2 = 1.289 arcmin^-2
Fitting aperture to hotspot...
Candidate: x_peak:        0.175, y_peak:       -0.485, r_peak:        0.020, sig:        7.909, ra_peak:      204.098, dec_peak:       21.535
Characteristic density local = 5280.0 deg^-2 = 1.467 arcmin^-2
Fitting aperture to hotspot...
Candidate: x_peak:        0.275, y_peak:        0.745, r_peak:        0.020, sig:        5.121, ra_peak:      204.208, dec_peak:       22.765
Characteristic density local = 5152.6 deg^-2 = 1.431 arcmin^-2
Fitting aperture to hotspot...
Candidate: x_peak:        0.555, y_peak:        0.515, r_peak:        0.030, sig:       13.399, ra_peak:      204.511, dec_peak:       22.534
Characteristic density local = 5198.4 deg^-2 = 1.444 arcmin^-2
Fitting aperture to hotspot...
Candidate: x_peak:        1.085, y_peak:        0.215, r_peak:        0.020, sig:       11.855, ra_peak:      205.082, dec_peak:       22.231
Distance = 50.1 kpc (m-M = 18.5)
675105 objects left after isochrone cut...
Characteristic density = 4700.0 deg^-2
Characteristic density local = 5005.4 deg^-2 = 1.390 arcmin^-2
Fitting aperture to hotspot...
Candidate: x_peak:       -0.715, y_peak:        0.495, r_peak:        0.020, sig:        6.968, ra_peak:      203.136, dec_peak:       22.513
Characteristic density local = 5094.9 deg^-2 = 1.415 arcmin^-2
Fitting aperture to hotspot...
Candidate: x_peak:       -0.435, y_peak:        0.665, r_peak:        0.020, sig:        5.732, ra_peak:      203.439, dec_peak:       22.684
Characteristic density local = 4782.6 deg^-2 = 1.329 arcmin^-2
Fitting aperture to hotspot...
Candidate: x_peak:       -0.105, y_peak:        0.485, r_peak:        0.020, sig:       13.096, ra_peak:      203.796, dec_peak:       22.505
Characteristic density local = 5071.1 deg^-2 = 1.409 arcmin^-2
Fitting aperture to hotspot...
Candidate: x_peak:       -0.055, y_peak:        0.785, r_peak:        0.020, sig:        8.452, ra_peak:      203.850, dec_peak:       22.805
Characteristic density local = 4611.5 deg^-2 = 1.281 arcmin^-2
Fitting aperture to hotspot...
Candidate: x_peak:        0.175, y_peak:       -0.485, r_peak:        0.020, sig:        7.708, ra_peak:      204.098, dec_peak:       21.535
Characteristic density local = 5250.1 deg^-2 = 1.458 arcmin^-2
Fitting aperture to hotspot...
Candidate: x_peak:        0.275, y_peak:        0.745, r_peak:        0.020, sig:        5.140, ra_peak:      204.208, dec_peak:       22.765
Characteristic density local = 5110.9 deg^-2 = 1.420 arcmin^-2
Fitting aperture to hotspot...
Candidate: x_peak:        0.555, y_peak:        0.515, r_peak:        0.030, sig:       13.445, ra_peak:      204.511, dec_peak:       22.534
Characteristic density local = 5152.6 deg^-2 = 1.431 arcmin^-2
Fitting aperture to hotspot...
Candidate: x_peak:        1.085, y_peak:        0.215, r_peak:        0.020, sig:       11.891, ra_peak:      205.082, dec_peak:       22.231
Distance = 63.1 kpc (m-M = 19.0)
673449 objects left after isochrone cut...
Characteristic density = 4700.0 deg^-2
Characteristic density local = 4959.7 deg^-2 = 1.378 arcmin^-2
Fitting aperture to hotspot...
Candidate: x_peak:       -0.715, y_peak:        0.495, r_peak:        0.020, sig:        7.000, ra_peak:      203.136, dec_peak:       22.513
Characteristic density local = 5049.2 deg^-2 = 1.403 arcmin^-2
Fitting aperture to hotspot...
Candidate: x_peak:       -0.425, y_peak:        0.665, r_peak:        0.010, sig:        6.274, ra_peak:      203.449, dec_peak:       22.684
Characteristic density local = 4740.8 deg^-2 = 1.317 arcmin^-2
Fitting aperture to hotspot...
Candidate: x_peak:       -0.105, y_peak:        0.485, r_peak:        0.020, sig:       13.133, ra_peak:      203.796, dec_peak:       22.505
Characteristic density local = 5017.4 deg^-2 = 1.394 arcmin^-2
Fitting aperture to hotspot...
Candidate: x_peak:       -0.055, y_peak:        0.785, r_peak:        0.020, sig:        8.492, ra_peak:      203.850, dec_peak:       22.805
Characteristic density local = 4557.8 deg^-2 = 1.266 arcmin^-2
Fitting aperture to hotspot...
Candidate: x_peak:        0.175, y_peak:       -0.485, r_peak:        0.020, sig:        7.749, ra_peak:      204.098, dec_peak:       21.535
Characteristic density local = 5192.4 deg^-2 = 1.442 arcmin^-2
Fitting aperture to hotspot...
Candidate: x_peak:        0.275, y_peak:        0.745, r_peak:        0.020, sig:        5.177, ra_peak:      204.208, dec_peak:       22.765
Characteristic density local = 5051.2 deg^-2 = 1.403 arcmin^-2
Fitting aperture to hotspot...
Candidate: x_peak:        0.555, y_peak:        0.515, r_peak:        0.030, sig:       13.512, ra_peak:      204.511, dec_peak:       22.534
Characteristic density local = 5108.9 deg^-2 = 1.419 arcmin^-2
Fitting aperture to hotspot...
Candidate: x_peak:        1.085, y_peak:        0.215, r_peak:        0.020, sig:       11.927, ra_peak:      205.082, dec_peak:       22.231
Distance = 79.4 kpc (m-M = 19.5)
671436 objects left after isochrone cut...
Characteristic density = 4600.0 deg^-2
Characteristic density local = 4890.0 deg^-2 = 1.358 arcmin^-2
Fitting aperture to hotspot...
Candidate: x_peak:       -0.715, y_peak:        0.495, r_peak:        0.020, sig:        7.050, ra_peak:      203.136, dec_peak:       22.513
Characteristic density local = 4973.6 deg^-2 = 1.382 arcmin^-2
Fitting aperture to hotspot...
Candidate: x_peak:       -0.425, y_peak:        0.665, r_peak:        0.010, sig:        6.306, ra_peak:      203.449, dec_peak:       22.684
Characteristic density local = 4683.1 deg^-2 = 1.301 arcmin^-2
Fitting aperture to hotspot...
Candidate: x_peak:       -0.105, y_peak:        0.485, r_peak:        0.020, sig:       13.184, ra_peak:      203.796, dec_peak:       22.505
Characteristic density local = 4955.7 deg^-2 = 1.377 arcmin^-2
Fitting aperture to hotspot...
Candidate: x_peak:       -0.055, y_peak:        0.785, r_peak:        0.020, sig:        8.538, ra_peak:      203.850, dec_peak:       22.805
Characteristic density local = 4474.2 deg^-2 = 1.243 arcmin^-2
Fitting aperture to hotspot...
Candidate: x_peak:        0.175, y_peak:       -0.485, r_peak:        0.020, sig:        7.813, ra_peak:      204.098, dec_peak:       21.535
Characteristic density local = 5130.8 deg^-2 = 1.425 arcmin^-2
Fitting aperture to hotspot...
Candidate: x_peak:        0.275, y_peak:        0.745, r_peak:        0.020, sig:        5.216, ra_peak:      204.208, dec_peak:       22.765
Characteristic density local = 4981.5 deg^-2 = 1.384 arcmin^-2
Fitting aperture to hotspot...
Candidate: x_peak:        0.555, y_peak:        0.515, r_peak:        0.030, sig:       13.590, ra_peak:      204.511, dec_peak:       22.534
Characteristic density local = 5029.3 deg^-2 = 1.397 arcmin^-2
Fitting aperture to hotspot...
Candidate: x_peak:        1.085, y_peak:        0.215, r_peak:        0.020, sig:       11.991, ra_peak:      205.082, dec_peak:       22.231
Distance = 100.0 kpc (m-M = 20.0)
669114 objects left after isochrone cut...
Characteristic density = 4500.0 deg^-2
Characteristic density local = 4806.5 deg^-2 = 1.335 arcmin^-2
Fitting aperture to hotspot...
Candidate: x_peak:       -0.715, y_peak:        0.495, r_peak:        0.020, sig:        7.110, ra_peak:      203.136, dec_peak:       22.513
Characteristic density local = 4886.1 deg^-2 = 1.357 arcmin^-2
Fitting aperture to hotspot...
Candidate: x_peak:       -0.425, y_peak:        0.665, r_peak:        0.010, sig:        6.343, ra_peak:      203.449, dec_peak:       22.684
Characteristic density local = 4370.8 deg^-2 = 1.214 arcmin^-2
Fitting aperture to hotspot...
Candidate: x_peak:       -0.395, y_peak:       -0.615, r_peak:        0.010, sig:        6.573, ra_peak:      203.486, dec_peak:       21.404
Characteristic density local = 4623.5 deg^-2 = 1.284 arcmin^-2
Fitting aperture to hotspot...
Candidate: x_peak:       -0.105, y_peak:        0.485, r_peak:        0.020, sig:       13.237, ra_peak:      203.796, dec_peak:       22.505
Characteristic density local = 4874.1 deg^-2 = 1.354 arcmin^-2
Fitting aperture to hotspot...
Candidate: x_peak:       -0.055, y_peak:        0.785, r_peak:        0.020, sig:        8.386, ra_peak:      203.850, dec_peak:       22.805
Characteristic density local = 4426.5 deg^-2 = 1.230 arcmin^-2
Fitting aperture to hotspot...
Candidate: x_peak:        0.175, y_peak:       -0.485, r_peak:        0.020, sig:        7.623, ra_peak:      204.098, dec_peak:       21.535
Characteristic density local = 5049.2 deg^-2 = 1.403 arcmin^-2
Fitting aperture to hotspot...
Candidate: x_peak:        0.275, y_peak:        0.745, r_peak:        0.020, sig:        5.269, ra_peak:      204.208, dec_peak:       22.765
Characteristic density local = 4900.0 deg^-2 = 1.361 arcmin^-2
Fitting aperture to hotspot...
Candidate: x_peak:        0.555, y_peak:        0.515, r_peak:        0.030, sig:       13.545, ra_peak:      204.511, dec_peak:       22.534
Characteristic density local = 4961.7 deg^-2 = 1.378 arcmin^-2
Fitting aperture to hotspot...
Candidate: x_peak:        1.085, y_peak:        0.215, r_peak:        0.020, sig:       12.047, ra_peak:      205.082, dec_peak:       22.231
Distance = 125.9 kpc (m-M = 20.5)
666152 objects left after isochrone cut...
Characteristic density = 4400.0 deg^-2
Characteristic density local = 4697.1 deg^-2 = 1.305 arcmin^-2
Fitting aperture to hotspot...
Candidate: x_peak:       -0.715, y_peak:        0.495, r_peak:        0.020, sig:        7.190, ra_peak:      203.136, dec_peak:       22.513
Characteristic density local = 4778.6 deg^-2 = 1.327 arcmin^-2
Fitting aperture to hotspot...
Candidate: x_peak:       -0.425, y_peak:        0.665, r_peak:        0.010, sig:        6.389, ra_peak:      203.449, dec_peak:       22.684
Characteristic density local = 4285.2 deg^-2 = 1.190 arcmin^-2
Fitting aperture to hotspot...
Candidate: x_peak:       -0.395, y_peak:       -0.615, r_peak:        0.010, sig:        6.613, ra_peak:      203.486, dec_peak:       21.404
Characteristic density local = 4531.9 deg^-2 = 1.259 arcmin^-2
Fitting aperture to hotspot...
Candidate: x_peak:       -0.105, y_peak:        0.485, r_peak:        0.020, sig:       13.320, ra_peak:      203.796, dec_peak:       22.505
Characteristic density local = 4736.8 deg^-2 = 1.316 arcmin^-2
Fitting aperture to hotspot...
Candidate: x_peak:       -0.055, y_peak:        0.785, r_peak:        0.020, sig:        8.490, ra_peak:      203.850, dec_peak:       22.805
Characteristic density local = 4346.9 deg^-2 = 1.207 arcmin^-2
Fitting aperture to hotspot...
Candidate: x_peak:        0.175, y_peak:       -0.485, r_peak:        0.010, sig:        7.630, ra_peak:      204.098, dec_peak:       21.535
Characteristic density local = 4959.7 deg^-2 = 1.378 arcmin^-2
Fitting aperture to hotspot...
Candidate: x_peak:        0.275, y_peak:        0.745, r_peak:        0.020, sig:        5.328, ra_peak:      204.208, dec_peak:       22.765
Characteristic density local = 4814.4 deg^-2 = 1.337 arcmin^-2
Fitting aperture to hotspot...
Candidate: x_peak:        0.555, y_peak:        0.515, r_peak:        0.030, sig:       13.644, ra_peak:      204.511, dec_peak:       22.534
Characteristic density local = 4848.3 deg^-2 = 1.347 arcmin^-2
Fitting aperture to hotspot...
Candidate: x_peak:        1.085, y_peak:        0.215, r_peak:        0.020, sig:       12.142, ra_peak:      205.082, dec_peak:       22.231
Distance = 158.5 kpc (m-M = 21.0)
662636 objects left after isochrone cut...
Characteristic density = 4300.0 deg^-2
Characteristic density local = 4553.8 deg^-2 = 1.265 arcmin^-2
Fitting aperture to hotspot...
Candidate: x_peak:       -0.705, y_peak:        0.495, r_peak:        0.030, sig:        5.790, ra_peak:      203.147, dec_peak:       22.513
Characteristic density local = 4645.3 deg^-2 = 1.290 arcmin^-2
Fitting aperture to hotspot...
Candidate: x_peak:       -0.425, y_peak:        0.665, r_peak:        0.010, sig:        6.448, ra_peak:      203.449, dec_peak:       22.684
Characteristic density local = 4398.6 deg^-2 = 1.222 arcmin^-2
Fitting aperture to hotspot...
Candidate: x_peak:       -0.105, y_peak:        0.485, r_peak:        0.020, sig:       13.264, ra_peak:      203.796, dec_peak:       22.505
Characteristic density local = 4597.6 deg^-2 = 1.277 arcmin^-2
Fitting aperture to hotspot...
Candidate: x_peak:       -0.055, y_peak:        0.785, r_peak:        0.020, sig:        8.598, ra_peak:      203.850, dec_peak:       22.805
Characteristic density local = 4263.4 deg^-2 = 1.184 arcmin^-2
Fitting aperture to hotspot...
Candidate: x_peak:        0.185, y_peak:       -0.485, r_peak:        0.020, sig:        7.287, ra_peak:      204.109, dec_peak:       21.535
Characteristic density local = 4818.4 deg^-2 = 1.338 arcmin^-2
Fitting aperture to hotspot...
Candidate: x_peak:        0.275, y_peak:        0.735, r_peak:        0.020, sig:        5.423, ra_peak:      204.208, dec_peak:       22.755
Characteristic density local = 4701.0 deg^-2 = 1.306 arcmin^-2
Fitting aperture to hotspot...
Candidate: x_peak:        0.555, y_peak:        0.515, r_peak:        0.030, sig:       13.777, ra_peak:      204.511, dec_peak:       22.534
Characteristic density local = 4939.8 deg^-2 = 1.372 arcmin^-2
Fitting aperture to hotspot...
Candidate: x_peak:        0.985, y_peak:        0.265, r_peak:        0.020, sig:        3.755, ra_peak:      204.974, dec_peak:       22.282
Characteristic density local = 4718.9 deg^-2 = 1.311 arcmin^-2
Fitting aperture to hotspot...
Candidate: x_peak:        1.085, y_peak:        0.215, r_peak:        0.020, sig:       12.252, ra_peak:      205.082, dec_peak:       22.231
Distance = 199.5 kpc (m-M = 21.5)
658545 objects left after isochrone cut...
Characteristic density = 4200.0 deg^-2
Characteristic density local = 4398.6 deg^-2 = 1.222 arcmin^-2
Fitting aperture to hotspot...
Candidate: x_peak:       -0.705, y_peak:        0.495, r_peak:        0.030, sig:        5.944, ra_peak:      203.147, dec_peak:       22.513
Characteristic density local = 4537.9 deg^-2 = 1.261 arcmin^-2
Fitting aperture to hotspot...
Candidate: x_peak:       -0.425, y_peak:        0.675, r_peak:        0.010, sig:        7.537, ra_peak:      203.449, dec_peak:       22.694
Characteristic density local = 4259.4 deg^-2 = 1.183 arcmin^-2
Fitting aperture to hotspot...
Candidate: x_peak:       -0.105, y_peak:        0.485, r_peak:        0.020, sig:       13.395, ra_peak:      203.796, dec_peak:       22.505
Characteristic density local = 4450.4 deg^-2 = 1.236 arcmin^-2
Fitting aperture to hotspot...
Candidate: x_peak:       -0.055, y_peak:        0.785, r_peak:        0.020, sig:        8.715, ra_peak:      203.850, dec_peak:       22.805
Characteristic density local = 4148.0 deg^-2 = 1.152 arcmin^-2
Fitting aperture to hotspot...
Candidate: x_peak:        0.185, y_peak:       -0.485, r_peak:        0.020, sig:        6.900, ra_peak:      204.109, dec_peak:       21.535
Characteristic density local = 4707.0 deg^-2 = 1.308 arcmin^-2
Fitting aperture to hotspot...
Candidate: x_peak:        0.265, y_peak:        0.745, r_peak:        0.020, sig:        5.499, ra_peak:      204.197, dec_peak:       22.765
Characteristic density local = 4545.9 deg^-2 = 1.263 arcmin^-2
Fitting aperture to hotspot...
Candidate: x_peak:        0.545, y_peak:        0.515, r_peak:        0.020, sig:       14.354, ra_peak:      204.500, dec_peak:       22.534
Characteristic density local = 4585.7 deg^-2 = 1.274 arcmin^-2
Fitting aperture to hotspot...
Candidate: x_peak:        1.085, y_peak:        0.215, r_peak:        0.020, sig:       12.369, ra_peak:      205.082, dec_peak:       22.231
Distance = 251.2 kpc (m-M = 22.0)
653498 objects left after isochrone cut...
Characteristic density = 4000.0 deg^-2
Characteristic density local = 4243.5 deg^-2 = 1.179 arcmin^-2
Fitting aperture to hotspot...
Candidate: x_peak:       -0.705, y_peak:        0.495, r_peak:        0.030, sig:        6.102, ra_peak:      203.147, dec_peak:       22.513
Characteristic density local = 4364.8 deg^-2 = 1.212 arcmin^-2
Fitting aperture to hotspot...
Candidate: x_peak:       -0.425, y_peak:        0.675, r_peak:        0.010, sig:        7.621, ra_peak:      203.449, dec_peak:       22.694
Characteristic density local = 3853.5 deg^-2 = 1.070 arcmin^-2
Fitting aperture to hotspot...
Candidate: x_peak:       -0.395, y_peak:       -0.615, r_peak:        0.010, sig:        6.827, ra_peak:      203.486, dec_peak:       21.404
Characteristic density local = 4157.9 deg^-2 = 1.155 arcmin^-2
Fitting aperture to hotspot...
Candidate: x_peak:       -0.095, y_peak:        0.485, r_peak:        0.030, sig:       12.714, ra_peak:      203.807, dec_peak:       22.505
Characteristic density local = 4287.2 deg^-2 = 1.191 arcmin^-2
Fitting aperture to hotspot...
Candidate: x_peak:       -0.055, y_peak:        0.785, r_peak:        0.020, sig:        8.848, ra_peak:      203.850, dec_peak:       22.805
Characteristic density local = 3959.0 deg^-2 = 1.100 arcmin^-2
Fitting aperture to hotspot...
Candidate: x_peak:        0.185, y_peak:       -0.485, r_peak:        0.020, sig:        6.806, ra_peak:      204.109, dec_peak:       21.535
Characteristic density local = 4529.9 deg^-2 = 1.258 arcmin^-2
Fitting aperture to hotspot...
Candidate: x_peak:        0.275, y_peak:        0.745, r_peak:        0.020, sig:        5.623, ra_peak:      204.208, dec_peak:       22.765
Characteristic density local = 4388.7 deg^-2 = 1.219 arcmin^-2
Fitting aperture to hotspot...
Candidate: x_peak:        0.545, y_peak:        0.515, r_peak:        0.020, sig:       14.503, ra_peak:      204.500, dec_peak:       22.534
Characteristic density local = 4400.6 deg^-2 = 1.222 arcmin^-2
Fitting aperture to hotspot...
Candidate: x_peak:        1.085, y_peak:        0.215, r_peak:        0.020, sig:       12.534, ra_peak:      205.082, dec_peak:       22.231
Distance = 316.2 kpc (m-M = 22.5)
647252 objects left after isochrone cut...
Characteristic density = 3800.0 deg^-2
Characteristic density local = 4034.6 deg^-2 = 1.121 arcmin^-2
Fitting aperture to hotspot...
Candidate: x_peak:       -0.705, y_peak:        0.495, r_peak:        0.030, sig:        6.128, ra_peak:      203.147, dec_peak:       22.513
Characteristic density local = 4169.9 deg^-2 = 1.158 arcmin^-2
Fitting aperture to hotspot...
Candidate: x_peak:       -0.425, y_peak:        0.675, r_peak:        0.010, sig:        7.719, ra_peak:      203.449, dec_peak:       22.694
Characteristic density local = 3935.1 deg^-2 = 1.093 arcmin^-2
Fitting aperture to hotspot...
Candidate: x_peak:       -0.095, y_peak:        0.485, r_peak:        0.030, sig:       12.999, ra_peak:      203.807, dec_peak:       22.505
Characteristic density local = 4080.3 deg^-2 = 1.133 arcmin^-2
Fitting aperture to hotspot...
Candidate: x_peak:       -0.055, y_peak:        0.785, r_peak:        0.020, sig:        9.022, ra_peak:      203.850, dec_peak:       22.805
Characteristic density local = 3770.0 deg^-2 = 1.047 arcmin^-2
Fitting aperture to hotspot...
Candidate: x_peak:        0.185, y_peak:       -0.485, r_peak:        0.020, sig:        6.711, ra_peak:      204.109, dec_peak:       21.535
Characteristic density local = 4297.2 deg^-2 = 1.194 arcmin^-2
Fitting aperture to hotspot...
Candidate: x_peak:        0.275, y_peak:        0.735, r_peak:        0.030, sig:        5.464, ra_peak:      204.208, dec_peak:       22.755
Characteristic density local = 4165.9 deg^-2 = 1.157 arcmin^-2
Fitting aperture to hotspot...
Candidate: x_peak:        0.545, y_peak:        0.515, r_peak:        0.020, sig:       14.722, ra_peak:      204.500, dec_peak:       22.534
Characteristic density local = 4146.0 deg^-2 = 1.152 arcmin^-2
Fitting aperture to hotspot...
Candidate: x_peak:        1.085, y_peak:        0.215, r_peak:        0.020, sig:       12.586, ra_peak:      205.082, dec_peak:       22.231
Distance = 398.1 kpc (m-M = 23.0)
639400 objects left after isochrone cut...
Characteristic density = 3500.0 deg^-2
Characteristic density local = 3756.1 deg^-2 = 1.043 arcmin^-2
Fitting aperture to hotspot...
Candidate: x_peak:       -0.705, y_peak:        0.495, r_peak:        0.030, sig:        6.432, ra_peak:      203.147, dec_peak:       22.513
Characteristic density local = 3966.9 deg^-2 = 1.102 arcmin^-2
Fitting aperture to hotspot...
Candidate: x_peak:       -0.425, y_peak:        0.675, r_peak:        0.010, sig:        7.826, ra_peak:      203.449, dec_peak:       22.694
Characteristic density local = 3417.9 deg^-2 = 0.949 arcmin^-2
Fitting aperture to hotspot...
Candidate: x_peak:       -0.395, y_peak:       -0.615, r_peak:        0.010, sig:        7.063, ra_peak:      203.486, dec_peak:       21.404
Characteristic density local = 3682.4 deg^-2 = 1.023 arcmin^-2
Fitting aperture to hotspot...
Candidate: x_peak:       -0.095, y_peak:        0.485, r_peak:        0.030, sig:       13.336, ra_peak:      203.807, dec_peak:       22.505
Characteristic density local = 3863.5 deg^-2 = 1.073 arcmin^-2
Fitting aperture to hotspot...
Candidate: x_peak:       -0.055, y_peak:        0.785, r_peak:        0.020, sig:        9.213, ra_peak:      203.850, dec_peak:       22.805
Characteristic density local = 3503.4 deg^-2 = 0.973 arcmin^-2
Fitting aperture to hotspot...
Candidate: x_peak:        0.185, y_peak:       -0.485, r_peak:        0.020, sig:        6.939, ra_peak:      204.109, dec_peak:       21.535
Characteristic density local = 4036.6 deg^-2 = 1.121 arcmin^-2
Fitting aperture to hotspot...
Candidate: x_peak:        0.275, y_peak:        0.735, r_peak:        0.030, sig:        5.531, ra_peak:      204.208, dec_peak:       22.755
Characteristic density local = 3883.4 deg^-2 = 1.079 arcmin^-2
Fitting aperture to hotspot...
Candidate: x_peak:        0.545, y_peak:        0.515, r_peak:        0.020, sig:       14.486, ra_peak:      204.500, dec_peak:       22.534
Characteristic density local = 3861.5 deg^-2 = 1.073 arcmin^-2
Fitting aperture to hotspot...
Candidate: x_peak:        1.085, y_peak:        0.215, r_peak:        0.020, sig:       12.292, ra_peak:      205.082, dec_peak:       22.231
14.72 sigma; (RA, Dec, d) = (204.50, 22.53); r = 0.02 deg; d = 316.2, mu = 22.50 mag), mc_source_id: 0.00
13.40 sigma; (RA, Dec, d) = (203.80, 22.50); r = 0.02 deg; d = 199.5, mu = 21.50 mag), mc_source_id: 0.00
12.59 sigma; (RA, Dec, d) = (205.08, 22.23); r = 0.02 deg; d = 316.2, mu = 22.50 mag), mc_source_id: 0.00
9.21 sigma; (RA, Dec, d) = (203.85, 22.80); r = 0.02 deg; d = 398.1, mu = 23.00 mag), mc_source_id: 0.00
7.91 sigma; (RA, Dec, d) = (204.10, 21.53); r = 0.02 deg; d = 31.6, mu = 17.50 mag), mc_source_id: 0.00
7.83 sigma; (RA, Dec, d) = (203.45, 22.69); r = 0.01 deg; d = 398.1, mu = 23.00 mag), mc_source_id: 0.00
7.19 sigma; (RA, Dec, d) = (203.14, 22.51); r = 0.02 deg; d = 125.9, mu = 20.50 mag), mc_source_id: 0.00
7.06 sigma; (RA, Dec, d) = (203.49, 21.40); r = 0.01 deg; d = 398.1, mu = 23.00 mag), mc_source_id: 0.00
6.45 sigma; (RA, Dec, d) = (203.45, 22.68); r = 0.01 deg; d = 158.5, mu = 21.00 mag), mc_source_id: 0.00
5.62 sigma; (RA, Dec, d) = (204.21, 22.76); r = 0.02 deg; d = 251.2, mu = 22.00 mag), mc_source_id: 0.00
3.76 sigma; (RA, Dec, d) = (204.97, 22.28); r = 0.02 deg; d = 158.5, mu = 21.00 mag), mc_source_id: 0.00

------------------------------------------------------------
Job <679394.0> was submitted from <des51.fnal.gov> by user <tavangar>.
Job was executed on host <des40.fnal.gov> as user <tavangar>.
</var/lib/condor/execute/dir_1726787> was used as the initial working directory.
Results reported at Wed Jun  5 04:07:32 CDT 2019

Your job looked like:

------------------------------------------------------------
python /home/s1/tavangar/tavangar_simple/search_algorithm.py 203.91 22.02 0.00 /home/s1/tavangar/tavangar_simple/decals_dr7_results/results_nside_32_3848.csv /home/s1/tavangar/tavangar_simple/decals_dr7_results/decals_dr7_log/results_nside_32_3848.log
------------------------------------------------------------

Successfully completed.

Resource usage summary:

	Real time :			479.15 sec.
	CPU time :			202.00 sec.
	CPU percentage :		95%
	Max Memory :			5755984 KB
	Average Memory :		0 KB

The output (if any) is above this job summary.
