/home/s1/tavangar/tavangar_simple/simple_utils.py:170: FutureWarning: elementwise comparison failed; returning scalar instead, but in the future will perform elementwise comparison
  if np.all(isochrone.stage == 'Main'):
Search coordinates: (RA, Dec) = (11.25, 18.21)
Center healpixel: 4164
Healpixels: [4164 4291 4163 4035 3908 4036 4165 4292 4420]
MC_SOURCE_ID = 0.0
mode = 0: running only on real data
Found 1 objects...
Applying cuts...
501406 star-like objects in ROI...
741256 galaxy-like objects in ROI...
No fracdet map specified ...
Distance = 15.8 kpc (m-M = 16.0)
501394 objects left after isochrone cut...
Characteristic density = 4600.0 deg^-2
Characteristic density local = 4675.2 deg^-2 = 1.299 arcmin^-2
Fitting aperture to hotspot...
Candidate: x_peak:       -0.735, y_peak:       -0.355, r_peak:        0.020, sig:        6.019, ra_peak:       10.478, dec_peak:       17.853
Characteristic density local = 4456.3 deg^-2 = 1.238 arcmin^-2
Fitting aperture to hotspot...
Candidate: x_peak:       -0.345, y_peak:       -0.855, r_peak:        0.020, sig:       10.172, ra_peak:       10.889, dec_peak:       17.355
Characteristic density local = 4533.9 deg^-2 = 1.259 arcmin^-2
Fitting aperture to hotspot...
Candidate: x_peak:       -0.195, y_peak:       -0.265, r_peak:        0.040, sig:        5.807, ra_peak:       11.045, dec_peak:       17.945
Characteristic density local = 4545.9 deg^-2 = 1.263 arcmin^-2
Fitting aperture to hotspot...
Candidate: x_peak:        0.485, y_peak:       -0.375, r_peak:        0.040, sig:        4.527, ra_peak:       11.759, dec_peak:       17.834
Characteristic density local = 4810.5 deg^-2 = 1.336 arcmin^-2
Fitting aperture to hotspot...
Candidate: x_peak:        0.605, y_peak:        0.685, r_peak:        0.020, sig:       13.941, ra_peak:       11.889, dec_peak:       18.894
Characteristic density local = 4720.9 deg^-2 = 1.311 arcmin^-2
Fitting aperture to hotspot...
Candidate: x_peak:        0.845, y_peak:       -0.195, r_peak:        0.030, sig:        4.659, ra_peak:       12.139, dec_peak:       18.013
Characteristic density local = 4782.6 deg^-2 = 1.329 arcmin^-2
Fitting aperture to hotspot...
Candidate: x_peak:        0.905, y_peak:        0.105, r_peak:        0.020, sig:       16.274, ra_peak:       12.203, dec_peak:       18.313
Characteristic density local = 4898.0 deg^-2 = 1.361 arcmin^-2
Fitting aperture to hotspot...
Candidate: x_peak:        0.855, y_peak:        0.445, r_peak:        0.060, sig:        6.848, ra_peak:       12.152, dec_peak:       18.653
Distance = 20.0 kpc (m-M = 16.5)
501399 objects left after isochrone cut...
Characteristic density = 4600.0 deg^-2
Characteristic density local = 4675.2 deg^-2 = 1.299 arcmin^-2
Fitting aperture to hotspot...
Candidate: x_peak:       -0.735, y_peak:       -0.355, r_peak:        0.020, sig:        6.019, ra_peak:       10.478, dec_peak:       17.853
Characteristic density local = 4456.3 deg^-2 = 1.238 arcmin^-2
Fitting aperture to hotspot...
Candidate: x_peak:       -0.345, y_peak:       -0.855, r_peak:        0.020, sig:       10.172, ra_peak:       10.889, dec_peak:       17.355
Characteristic density local = 4533.9 deg^-2 = 1.259 arcmin^-2
Fitting aperture to hotspot...
Candidate: x_peak:       -0.195, y_peak:       -0.265, r_peak:        0.040, sig:        5.807, ra_peak:       11.045, dec_peak:       17.945
Characteristic density local = 4545.9 deg^-2 = 1.263 arcmin^-2
Fitting aperture to hotspot...
Candidate: x_peak:        0.485, y_peak:       -0.375, r_peak:        0.040, sig:        4.527, ra_peak:       11.759, dec_peak:       17.834
Characteristic density local = 4810.5 deg^-2 = 1.336 arcmin^-2
Fitting aperture to hotspot...
Candidate: x_peak:        0.605, y_peak:        0.685, r_peak:        0.020, sig:       13.941, ra_peak:       11.889, dec_peak:       18.894
Characteristic density local = 4720.9 deg^-2 = 1.311 arcmin^-2
Fitting aperture to hotspot...
Candidate: x_peak:        0.845, y_peak:       -0.195, r_peak:        0.030, sig:        4.659, ra_peak:       12.139, dec_peak:       18.013
Characteristic density local = 4782.6 deg^-2 = 1.329 arcmin^-2
Fitting aperture to hotspot...
Candidate: x_peak:        0.905, y_peak:        0.105, r_peak:        0.020, sig:       16.274, ra_peak:       12.203, dec_peak:       18.313
Characteristic density local = 4898.0 deg^-2 = 1.361 arcmin^-2
Fitting aperture to hotspot...
Candidate: x_peak:        0.855, y_peak:        0.445, r_peak:        0.060, sig:        6.848, ra_peak:       12.152, dec_peak:       18.653
Distance = 25.1 kpc (m-M = 17.0)
501402 objects left after isochrone cut...
Characteristic density = 4600.0 deg^-2
Characteristic density local = 4675.2 deg^-2 = 1.299 arcmin^-2
Fitting aperture to hotspot...
Candidate: x_peak:       -0.735, y_peak:       -0.355, r_peak:        0.020, sig:        6.019, ra_peak:       10.478, dec_peak:       17.853
Characteristic density local = 4456.3 deg^-2 = 1.238 arcmin^-2
Fitting aperture to hotspot...
Candidate: x_peak:       -0.345, y_peak:       -0.855, r_peak:        0.020, sig:       10.172, ra_peak:       10.889, dec_peak:       17.355
Characteristic density local = 4533.9 deg^-2 = 1.259 arcmin^-2
Fitting aperture to hotspot...
Candidate: x_peak:       -0.195, y_peak:       -0.265, r_peak:        0.040, sig:        5.807, ra_peak:       11.045, dec_peak:       17.945
Characteristic density local = 4545.9 deg^-2 = 1.263 arcmin^-2
Fitting aperture to hotspot...
Candidate: x_peak:        0.485, y_peak:       -0.375, r_peak:        0.040, sig:        4.527, ra_peak:       11.759, dec_peak:       17.834
Characteristic density local = 4810.5 deg^-2 = 1.336 arcmin^-2
Fitting aperture to hotspot...
Candidate: x_peak:        0.605, y_peak:        0.685, r_peak:        0.020, sig:       13.941, ra_peak:       11.889, dec_peak:       18.894
Characteristic density local = 4720.9 deg^-2 = 1.311 arcmin^-2
Fitting aperture to hotspot...
Candidate: x_peak:        0.845, y_peak:       -0.195, r_peak:        0.030, sig:        4.659, ra_peak:       12.139, dec_peak:       18.013
Characteristic density local = 4782.6 deg^-2 = 1.329 arcmin^-2
Fitting aperture to hotspot...
Candidate: x_peak:        0.905, y_peak:        0.105, r_peak:        0.020, sig:       16.274, ra_peak:       12.203, dec_peak:       18.313
Characteristic density local = 4898.0 deg^-2 = 1.361 arcmin^-2
Fitting aperture to hotspot...
Candidate: x_peak:        0.855, y_peak:        0.445, r_peak:        0.060, sig:        6.848, ra_peak:       12.152, dec_peak:       18.653
Distance = 31.6 kpc (m-M = 17.5)
501403 objects left after isochrone cut...
Characteristic density = 4600.0 deg^-2
Characteristic density local = 4675.2 deg^-2 = 1.299 arcmin^-2
Fitting aperture to hotspot...
Candidate: x_peak:       -0.735, y_peak:       -0.355, r_peak:        0.020, sig:        6.019, ra_peak:       10.478, dec_peak:       17.853
Characteristic density local = 4456.3 deg^-2 = 1.238 arcmin^-2
Fitting aperture to hotspot...
Candidate: x_peak:       -0.345, y_peak:       -0.855, r_peak:        0.020, sig:       10.172, ra_peak:       10.889, dec_peak:       17.355
Characteristic density local = 4533.9 deg^-2 = 1.259 arcmin^-2
Fitting aperture to hotspot...
Candidate: x_peak:       -0.195, y_peak:       -0.265, r_peak:        0.040, sig:        5.807, ra_peak:       11.045, dec_peak:       17.945
Characteristic density local = 4545.9 deg^-2 = 1.263 arcmin^-2
Fitting aperture to hotspot...
Candidate: x_peak:        0.485, y_peak:       -0.375, r_peak:        0.040, sig:        4.527, ra_peak:       11.759, dec_peak:       17.834
Characteristic density local = 4810.5 deg^-2 = 1.336 arcmin^-2
Fitting aperture to hotspot...
Candidate: x_peak:        0.605, y_peak:        0.685, r_peak:        0.020, sig:       13.941, ra_peak:       11.889, dec_peak:       18.894
Characteristic density local = 4720.9 deg^-2 = 1.311 arcmin^-2
Fitting aperture to hotspot...
Candidate: x_peak:        0.845, y_peak:       -0.195, r_peak:        0.030, sig:        4.659, ra_peak:       12.139, dec_peak:       18.013
Characteristic density local = 4782.6 deg^-2 = 1.329 arcmin^-2
Fitting aperture to hotspot...
Candidate: x_peak:        0.905, y_peak:        0.105, r_peak:        0.020, sig:       16.274, ra_peak:       12.203, dec_peak:       18.313
Characteristic density local = 4898.0 deg^-2 = 1.361 arcmin^-2
Fitting aperture to hotspot...
Candidate: x_peak:        0.855, y_peak:        0.445, r_peak:        0.060, sig:        6.848, ra_peak:       12.152, dec_peak:       18.653
Distance = 39.8 kpc (m-M = 18.0)
501375 objects left after isochrone cut...
Characteristic density = 4600.0 deg^-2
Characteristic density local = 4673.2 deg^-2 = 1.298 arcmin^-2
Fitting aperture to hotspot...
Candidate: x_peak:       -0.735, y_peak:       -0.355, r_peak:        0.020, sig:        6.021, ra_peak:       10.478, dec_peak:       17.853
Characteristic density local = 4456.3 deg^-2 = 1.238 arcmin^-2
Fitting aperture to hotspot...
Candidate: x_peak:       -0.345, y_peak:       -0.855, r_peak:        0.020, sig:       10.172, ra_peak:       10.889, dec_peak:       17.355
Characteristic density local = 4533.9 deg^-2 = 1.259 arcmin^-2
Fitting aperture to hotspot...
Candidate: x_peak:       -0.195, y_peak:       -0.265, r_peak:        0.040, sig:        5.807, ra_peak:       11.045, dec_peak:       17.945
Characteristic density local = 4545.9 deg^-2 = 1.263 arcmin^-2
Fitting aperture to hotspot...
Candidate: x_peak:        0.485, y_peak:       -0.375, r_peak:        0.040, sig:        4.527, ra_peak:       11.759, dec_peak:       17.834
Characteristic density local = 4810.5 deg^-2 = 1.336 arcmin^-2
Fitting aperture to hotspot...
Candidate: x_peak:        0.605, y_peak:        0.685, r_peak:        0.020, sig:       13.941, ra_peak:       11.889, dec_peak:       18.894
Characteristic density local = 4720.9 deg^-2 = 1.311 arcmin^-2
Fitting aperture to hotspot...
Candidate: x_peak:        0.845, y_peak:       -0.195, r_peak:        0.030, sig:        4.659, ra_peak:       12.139, dec_peak:       18.013
Characteristic density local = 4782.6 deg^-2 = 1.329 arcmin^-2
Fitting aperture to hotspot...
Candidate: x_peak:        0.905, y_peak:        0.105, r_peak:        0.020, sig:       16.274, ra_peak:       12.203, dec_peak:       18.313
Characteristic density local = 4898.0 deg^-2 = 1.361 arcmin^-2
Fitting aperture to hotspot...
Candidate: x_peak:        0.855, y_peak:        0.445, r_peak:        0.060, sig:        6.848, ra_peak:       12.152, dec_peak:       18.653
Distance = 50.1 kpc (m-M = 18.5)
500523 objects left after isochrone cut...
Characteristic density = 4600.0 deg^-2
Characteristic density local = 4627.4 deg^-2 = 1.285 arcmin^-2
Fitting aperture to hotspot...
Candidate: x_peak:       -0.735, y_peak:       -0.355, r_peak:        0.020, sig:        6.053, ra_peak:       10.478, dec_peak:       17.853
Characteristic density local = 4416.5 deg^-2 = 1.227 arcmin^-2
Fitting aperture to hotspot...
Candidate: x_peak:       -0.345, y_peak:       -0.855, r_peak:        0.020, sig:       10.206, ra_peak:       10.889, dec_peak:       17.355
Characteristic density local = 4476.2 deg^-2 = 1.243 arcmin^-2
Fitting aperture to hotspot...
Candidate: x_peak:       -0.195, y_peak:       -0.265, r_peak:        0.040, sig:        5.879, ra_peak:       11.045, dec_peak:       17.945
Characteristic density local = 4522.0 deg^-2 = 1.256 arcmin^-2
Fitting aperture to hotspot...
Candidate: x_peak:        0.485, y_peak:       -0.375, r_peak:        0.040, sig:        4.556, ra_peak:       11.759, dec_peak:       17.834
Characteristic density local = 4804.5 deg^-2 = 1.335 arcmin^-2
Fitting aperture to hotspot...
Candidate: x_peak:        0.605, y_peak:        0.685, r_peak:        0.020, sig:       13.946, ra_peak:       11.889, dec_peak:       18.894
Characteristic density local = 4709.0 deg^-2 = 1.308 arcmin^-2
Fitting aperture to hotspot...
Candidate: x_peak:        0.845, y_peak:       -0.195, r_peak:        0.030, sig:        4.670, ra_peak:       12.139, dec_peak:       18.013
Characteristic density local = 4776.6 deg^-2 = 1.327 arcmin^-2
Fitting aperture to hotspot...
Candidate: x_peak:        0.905, y_peak:        0.105, r_peak:        0.020, sig:       16.280, ra_peak:       12.203, dec_peak:       18.313
Characteristic density local = 4894.0 deg^-2 = 1.359 arcmin^-2
Fitting aperture to hotspot...
Candidate: x_peak:        0.855, y_peak:        0.445, r_peak:        0.060, sig:        6.854, ra_peak:       12.152, dec_peak:       18.653
Distance = 63.1 kpc (m-M = 19.0)
498690 objects left after isochrone cut...
Characteristic density = 4500.0 deg^-2
Characteristic density local = 4537.9 deg^-2 = 1.261 arcmin^-2
Fitting aperture to hotspot...
Candidate: x_peak:       -0.735, y_peak:       -0.355, r_peak:        0.020, sig:        6.117, ra_peak:       10.478, dec_peak:       17.853
Characteristic density local = 4331.0 deg^-2 = 1.203 arcmin^-2
Fitting aperture to hotspot...
Candidate: x_peak:       -0.345, y_peak:       -0.855, r_peak:        0.020, sig:       10.279, ra_peak:       10.889, dec_peak:       17.355
Characteristic density local = 4386.7 deg^-2 = 1.219 arcmin^-2
Fitting aperture to hotspot...
Candidate: x_peak:       -0.195, y_peak:       -0.265, r_peak:        0.040, sig:        5.993, ra_peak:       11.045, dec_peak:       17.945
Characteristic density local = 4786.6 deg^-2 = 1.330 arcmin^-2
Fitting aperture to hotspot...
Candidate: x_peak:        0.605, y_peak:        0.685, r_peak:        0.020, sig:       13.962, ra_peak:       11.889, dec_peak:       18.894
Characteristic density local = 4874.1 deg^-2 = 1.354 arcmin^-2
Fitting aperture to hotspot...
Candidate: x_peak:        0.855, y_peak:        0.445, r_peak:        0.060, sig:        6.784, ra_peak:       12.152, dec_peak:       18.653
Characteristic density local = 4754.8 deg^-2 = 1.321 arcmin^-2
Fitting aperture to hotspot...
Candidate: x_peak:        0.905, y_peak:        0.105, r_peak:        0.020, sig:       16.300, ra_peak:       12.203, dec_peak:       18.313
Distance = 79.4 kpc (m-M = 19.5)
495946 objects left after isochrone cut...
Characteristic density = 4400.0 deg^-2
Characteristic density local = 4434.5 deg^-2 = 1.232 arcmin^-2
Fitting aperture to hotspot...
Candidate: x_peak:       -0.735, y_peak:       -0.355, r_peak:        0.020, sig:        6.193, ra_peak:       10.478, dec_peak:       17.853
Characteristic density local = 4245.5 deg^-2 = 1.179 arcmin^-2
Fitting aperture to hotspot...
Candidate: x_peak:       -0.345, y_peak:       -0.855, r_peak:        0.020, sig:       10.353, ra_peak:       10.889, dec_peak:       17.355
Characteristic density local = 4263.4 deg^-2 = 1.184 arcmin^-2
Fitting aperture to hotspot...
Candidate: x_peak:       -0.205, y_peak:       -0.265, r_peak:        0.030, sig:        6.273, ra_peak:       11.035, dec_peak:       17.945
Characteristic density local = 4599.6 deg^-2 = 1.278 arcmin^-2
Fitting aperture to hotspot...
Candidate: x_peak:        0.395, y_peak:       -0.015, r_peak:        0.010, sig:        5.342, ra_peak:       11.666, dec_peak:       18.195
Characteristic density local = 4382.7 deg^-2 = 1.217 arcmin^-2
Fitting aperture to hotspot...
Candidate: x_peak:        0.485, y_peak:       -0.375, r_peak:        0.040, sig:        4.727, ra_peak:       11.759, dec_peak:       17.834
Characteristic density local = 4703.0 deg^-2 = 1.306 arcmin^-2
Fitting aperture to hotspot...
Candidate: x_peak:        0.605, y_peak:        0.685, r_peak:        0.020, sig:       14.038, ra_peak:       11.889, dec_peak:       18.894
Characteristic density local = 4671.2 deg^-2 = 1.298 arcmin^-2
Fitting aperture to hotspot...
Candidate: x_peak:        0.905, y_peak:        0.105, r_peak:        0.020, sig:       16.381, ra_peak:       12.203, dec_peak:       18.313
Characteristic density local = 4816.4 deg^-2 = 1.338 arcmin^-2
Fitting aperture to hotspot...
Candidate: x_peak:        0.855, y_peak:        0.445, r_peak:        0.060, sig:        6.885, ra_peak:       12.152, dec_peak:       18.653
Distance = 100.0 kpc (m-M = 20.0)
492587 objects left after isochrone cut...
Characteristic density = 4300.0 deg^-2
Characteristic density local = 4301.2 deg^-2 = 1.195 arcmin^-2
Fitting aperture to hotspot...
Candidate: x_peak:       -0.735, y_peak:       -0.355, r_peak:        0.020, sig:        6.292, ra_peak:       10.478, dec_peak:       17.853
Characteristic density local = 4108.2 deg^-2 = 1.141 arcmin^-2
Fitting aperture to hotspot...
Candidate: x_peak:       -0.345, y_peak:       -0.855, r_peak:        0.020, sig:       10.475, ra_peak:       10.889, dec_peak:       17.355
Characteristic density local = 4134.0 deg^-2 = 1.148 arcmin^-2
Fitting aperture to hotspot...
Candidate: x_peak:       -0.205, y_peak:       -0.265, r_peak:        0.030, sig:        6.408, ra_peak:       11.035, dec_peak:       17.945
Characteristic density local = 4567.7 deg^-2 = 1.269 arcmin^-2
Fitting aperture to hotspot...
Candidate: x_peak:        0.605, y_peak:        0.685, r_peak:        0.020, sig:       14.162, ra_peak:       11.889, dec_peak:       18.894
Characteristic density local = 4709.0 deg^-2 = 1.308 arcmin^-2
Fitting aperture to hotspot...
Candidate: x_peak:        0.855, y_peak:        0.445, r_peak:        0.060, sig:        7.075, ra_peak:       12.152, dec_peak:       18.653
Characteristic density local = 4555.8 deg^-2 = 1.266 arcmin^-2
Fitting aperture to hotspot...
Candidate: x_peak:        0.905, y_peak:        0.105, r_peak:        0.020, sig:       16.493, ra_peak:       12.203, dec_peak:       18.313
Distance = 125.9 kpc (m-M = 20.5)
488758 objects left after isochrone cut...
Characteristic density = 4200.0 deg^-2
Characteristic density local = 4138.0 deg^-2 = 1.149 arcmin^-2
Fitting aperture to hotspot...
Candidate: x_peak:       -0.735, y_peak:       -0.355, r_peak:        0.020, sig:        6.165, ra_peak:       10.478, dec_peak:       17.853
Characteristic density local = 3972.9 deg^-2 = 1.104 arcmin^-2
Fitting aperture to hotspot...
Candidate: x_peak:       -0.345, y_peak:       -0.855, r_peak:        0.020, sig:       10.598, ra_peak:       10.889, dec_peak:       17.355
Characteristic density local = 3978.9 deg^-2 = 1.105 arcmin^-2
Fitting aperture to hotspot...
Candidate: x_peak:       -0.205, y_peak:       -0.265, r_peak:        0.030, sig:        6.575, ra_peak:       11.035, dec_peak:       17.945
Characteristic density local = 4424.5 deg^-2 = 1.229 arcmin^-2
Fitting aperture to hotspot...
Candidate: x_peak:        0.605, y_peak:        0.685, r_peak:        0.020, sig:       14.296, ra_peak:       11.889, dec_peak:       18.894
Characteristic density local = 4398.6 deg^-2 = 1.222 arcmin^-2
Fitting aperture to hotspot...
Candidate: x_peak:        0.905, y_peak:        0.105, r_peak:        0.020, sig:       16.650, ra_peak:       12.203, dec_peak:       18.313
Characteristic density local = 4557.8 deg^-2 = 1.266 arcmin^-2
Fitting aperture to hotspot...
Candidate: x_peak:        0.855, y_peak:        0.445, r_peak:        0.060, sig:        7.134, ra_peak:       12.152, dec_peak:       18.653
Distance = 158.5 kpc (m-M = 21.0)
484367 objects left after isochrone cut...
Characteristic density = 4000.0 deg^-2
Characteristic density local = 3972.9 deg^-2 = 1.104 arcmin^-2
Fitting aperture to hotspot...
Candidate: x_peak:       -0.725, y_peak:       -0.355, r_peak:        0.030, sig:        5.799, ra_peak:       10.488, dec_peak:       17.853
Characteristic density local = 3843.6 deg^-2 = 1.068 arcmin^-2
Fitting aperture to hotspot...
Candidate: x_peak:       -0.345, y_peak:       -0.855, r_peak:        0.020, sig:       10.718, ra_peak:       10.889, dec_peak:       17.355
Characteristic density local = 3851.5 deg^-2 = 1.070 arcmin^-2
Fitting aperture to hotspot...
Candidate: x_peak:       -0.195, y_peak:       -0.265, r_peak:        0.040, sig:        6.553, ra_peak:       11.045, dec_peak:       17.945
Characteristic density local = 4506.1 deg^-2 = 1.252 arcmin^-2
Fitting aperture to hotspot...
Candidate: x_peak:        0.555, y_peak:        0.385, r_peak:        0.020, sig:        5.892, ra_peak:       11.836, dec_peak:       18.594
Characteristic density local = 4227.6 deg^-2 = 1.174 arcmin^-2
Fitting aperture to hotspot...
Candidate: x_peak:        0.605, y_peak:        0.685, r_peak:        0.030, sig:       14.499, ra_peak:       11.889, dec_peak:       18.894
Characteristic density local = 4370.8 deg^-2 = 1.214 arcmin^-2
Fitting aperture to hotspot...
Candidate: x_peak:        0.845, y_peak:        0.455, r_peak:        0.070, sig:        7.029, ra_peak:       12.142, dec_peak:       18.663
Characteristic density local = 4267.3 deg^-2 = 1.185 arcmin^-2
Fitting aperture to hotspot...
Candidate: x_peak:        0.905, y_peak:        0.105, r_peak:        0.020, sig:       16.785, ra_peak:       12.203, dec_peak:       18.313
Characteristic density local = 4418.5 deg^-2 = 1.227 arcmin^-2
Fitting aperture to hotspot...
Candidate: x_peak:        0.855, y_peak:        0.445, r_peak:        0.060, sig:        7.066, ra_peak:       12.152, dec_peak:       18.653
Distance = 199.5 kpc (m-M = 21.5)
479352 objects left after isochrone cut...
Characteristic density = 3900.0 deg^-2
Characteristic density local = 3789.9 deg^-2 = 1.053 arcmin^-2
Fitting aperture to hotspot...
Candidate: x_peak:       -0.725, y_peak:       -0.355, r_peak:        0.030, sig:        5.795, ra_peak:       10.488, dec_peak:       17.853
Characteristic density local = 3680.5 deg^-2 = 1.022 arcmin^-2
Fitting aperture to hotspot...
Candidate: x_peak:       -0.345, y_peak:       -0.855, r_peak:        0.020, sig:       10.668, ra_peak:       10.889, dec_peak:       17.355
Characteristic density local = 3676.5 deg^-2 = 1.021 arcmin^-2
Fitting aperture to hotspot...
Candidate: x_peak:       -0.195, y_peak:       -0.265, r_peak:        0.040, sig:        6.155, ra_peak:       11.045, dec_peak:       17.945
Characteristic density local = 4066.4 deg^-2 = 1.130 arcmin^-2
Fitting aperture to hotspot...
Candidate: x_peak:        0.605, y_peak:        0.685, r_peak:        0.030, sig:       14.709, ra_peak:       11.889, dec_peak:       18.894
Characteristic density local = 4339.0 deg^-2 = 1.205 arcmin^-2
Fitting aperture to hotspot...
Candidate: x_peak:        0.555, y_peak:        0.385, r_peak:        0.020, sig:        6.014, ra_peak:       11.836, dec_peak:       18.594
Characteristic density local = 4193.7 deg^-2 = 1.165 arcmin^-2
Fitting aperture to hotspot...
Candidate: x_peak:        0.845, y_peak:        0.455, r_peak:        0.070, sig:        7.020, ra_peak:       12.142, dec_peak:       18.663
Characteristic density local = 4076.4 deg^-2 = 1.132 arcmin^-2
Fitting aperture to hotspot...
Candidate: x_peak:        0.905, y_peak:        0.105, r_peak:        0.020, sig:       16.825, ra_peak:       12.203, dec_peak:       18.313
Characteristic density local = 4247.4 deg^-2 = 1.180 arcmin^-2
Fitting aperture to hotspot...
Candidate: x_peak:        0.855, y_peak:        0.445, r_peak:        0.060, sig:        7.277, ra_peak:       12.152, dec_peak:       18.653
Distance = 251.2 kpc (m-M = 22.0)
473624 objects left after isochrone cut...
Characteristic density = 3700.0 deg^-2
Characteristic density local = 3600.9 deg^-2 = 1.000 arcmin^-2
Fitting aperture to hotspot...
Candidate: x_peak:       -0.725, y_peak:       -0.355, r_peak:        0.030, sig:        6.005, ra_peak:       10.488, dec_peak:       17.853
Characteristic density local = 3501.4 deg^-2 = 0.973 arcmin^-2
Fitting aperture to hotspot...
Candidate: x_peak:       -0.345, y_peak:       -0.855, r_peak:        0.020, sig:       10.845, ra_peak:       10.889, dec_peak:       17.355
Characteristic density local = 3451.7 deg^-2 = 0.959 arcmin^-2
Fitting aperture to hotspot...
Candidate: x_peak:       -0.195, y_peak:       -0.265, r_peak:        0.030, sig:        6.382, ra_peak:       11.045, dec_peak:       17.945
Characteristic density local = 3845.6 deg^-2 = 1.068 arcmin^-2
Fitting aperture to hotspot...
Candidate: x_peak:        0.605, y_peak:        0.685, r_peak:        0.020, sig:       14.879, ra_peak:       11.889, dec_peak:       18.894
Characteristic density local = 4120.1 deg^-2 = 1.144 arcmin^-2
Fitting aperture to hotspot...
Candidate: x_peak:        0.555, y_peak:        0.385, r_peak:        0.020, sig:        6.179, ra_peak:       11.836, dec_peak:       18.594
Characteristic density local = 3966.9 deg^-2 = 1.102 arcmin^-2
Fitting aperture to hotspot...
Candidate: x_peak:        0.845, y_peak:        0.455, r_peak:        0.070, sig:        7.226, ra_peak:       12.142, dec_peak:       18.663
Characteristic density local = 3855.5 deg^-2 = 1.071 arcmin^-2
Fitting aperture to hotspot...
Candidate: x_peak:        0.905, y_peak:        0.105, r_peak:        0.020, sig:       17.068, ra_peak:       12.203, dec_peak:       18.313
Characteristic density local = 4014.7 deg^-2 = 1.115 arcmin^-2
Fitting aperture to hotspot...
Candidate: x_peak:        0.855, y_peak:        0.445, r_peak:        0.060, sig:        7.506, ra_peak:       12.152, dec_peak:       18.653
Distance = 316.2 kpc (m-M = 22.5)
466888 objects left after isochrone cut...
Characteristic density = 3400.0 deg^-2
Characteristic density local = 3399.9 deg^-2 = 0.944 arcmin^-2
Fitting aperture to hotspot...
Candidate: x_peak:       -0.735, y_peak:       -0.355, r_peak:        0.020, sig:        6.512, ra_peak:       10.478, dec_peak:       17.853
Characteristic density local = 3260.7 deg^-2 = 0.906 arcmin^-2
Fitting aperture to hotspot...
Candidate: x_peak:       -0.345, y_peak:       -0.855, r_peak:        0.020, sig:       11.095, ra_peak:       10.889, dec_peak:       17.355
Characteristic density local = 3228.9 deg^-2 = 0.897 arcmin^-2
Fitting aperture to hotspot...
Candidate: x_peak:       -0.195, y_peak:       -0.265, r_peak:        0.030, sig:        6.236, ra_peak:       11.045, dec_peak:       17.945
Characteristic density local = 3887.4 deg^-2 = 1.080 arcmin^-2
Fitting aperture to hotspot...
Candidate: x_peak:        0.555, y_peak:        0.385, r_peak:        0.020, sig:        6.105, ra_peak:       11.836, dec_peak:       18.594
Characteristic density local = 3638.7 deg^-2 = 1.011 arcmin^-2
Fitting aperture to hotspot...
Candidate: x_peak:        0.605, y_peak:        0.685, r_peak:        0.020, sig:       15.104, ra_peak:       11.889, dec_peak:       18.894
Characteristic density local = 3728.2 deg^-2 = 1.036 arcmin^-2
Fitting aperture to hotspot...
Candidate: x_peak:        0.845, y_peak:        0.455, r_peak:        0.070, sig:        7.574, ra_peak:       12.142, dec_peak:       18.663
Characteristic density local = 3620.8 deg^-2 = 1.006 arcmin^-2
Fitting aperture to hotspot...
Candidate: x_peak:        0.905, y_peak:        0.105, r_peak:        0.020, sig:       17.339, ra_peak:       12.203, dec_peak:       18.313
Characteristic density local = 3768.0 deg^-2 = 1.047 arcmin^-2
Fitting aperture to hotspot...
Candidate: x_peak:        0.855, y_peak:        0.445, r_peak:        0.060, sig:        7.890, ra_peak:       12.152, dec_peak:       18.653
Characteristic density local = 3803.8 deg^-2 = 1.057 arcmin^-2
Fitting aperture to hotspot...
Candidate: x_peak:        0.865, y_peak:        0.435, r_peak:        0.070, sig:        7.397, ra_peak:       12.163, dec_peak:       18.643
Distance = 398.1 kpc (m-M = 23.0)
458977 objects left after isochrone cut...
Characteristic density = 3200.0 deg^-2
Characteristic density local = 3155.2 deg^-2 = 0.876 arcmin^-2
Fitting aperture to hotspot...
Candidate: x_peak:       -0.735, y_peak:       -0.355, r_peak:        0.020, sig:        6.466, ra_peak:       10.478, dec_peak:       17.853
Characteristic density local = 3018.0 deg^-2 = 0.838 arcmin^-2
Fitting aperture to hotspot...
Candidate: x_peak:       -0.345, y_peak:       -0.855, r_peak:        0.020, sig:       10.932, ra_peak:       10.889, dec_peak:       17.355
Characteristic density local = 2948.3 deg^-2 = 0.819 arcmin^-2
Fitting aperture to hotspot...
Candidate: x_peak:       -0.195, y_peak:       -0.265, r_peak:        0.030, sig:        6.378, ra_peak:       11.045, dec_peak:       17.945
Characteristic density local = 3626.7 deg^-2 = 1.007 arcmin^-2
Fitting aperture to hotspot...
Candidate: x_peak:        0.555, y_peak:        0.385, r_peak:        0.020, sig:        6.317, ra_peak:       11.836, dec_peak:       18.594
Characteristic density local = 3330.3 deg^-2 = 0.925 arcmin^-2
Fitting aperture to hotspot...
Candidate: x_peak:        0.605, y_peak:        0.685, r_peak:        0.020, sig:       15.282, ra_peak:       11.889, dec_peak:       18.894
Characteristic density local = 3415.9 deg^-2 = 0.949 arcmin^-2
Fitting aperture to hotspot...
Candidate: x_peak:        0.845, y_peak:        0.455, r_peak:        0.070, sig:        7.813, ra_peak:       12.142, dec_peak:       18.663
Characteristic density local = 3372.1 deg^-2 = 0.937 arcmin^-2
Fitting aperture to hotspot...
Candidate: x_peak:        0.905, y_peak:        0.105, r_peak:        0.020, sig:       17.641, ra_peak:       12.203, dec_peak:       18.313
Characteristic density local = 3441.7 deg^-2 = 0.956 arcmin^-2
Fitting aperture to hotspot...
Candidate: x_peak:        0.855, y_peak:        0.445, r_peak:        0.060, sig:        8.238, ra_peak:       12.152, dec_peak:       18.653
Characteristic density local = 3485.5 deg^-2 = 0.968 arcmin^-2
Fitting aperture to hotspot...
Candidate: x_peak:        0.865, y_peak:        0.435, r_peak:        0.070, sig:        7.642, ra_peak:       12.163, dec_peak:       18.643
17.64 sigma; (RA, Dec, d) = (12.20, 18.31); r = 0.02 deg; d = 398.1, mu = 23.00 mag), mc_source_id: 0.00
15.28 sigma; (RA, Dec, d) = (11.89, 18.89); r = 0.02 deg; d = 398.1, mu = 23.00 mag), mc_source_id: 0.00
11.10 sigma; (RA, Dec, d) = (10.89, 17.35); r = 0.02 deg; d = 316.2, mu = 22.50 mag), mc_source_id: 0.00
8.24 sigma; (RA, Dec, d) = (12.15, 18.65); r = 0.06 deg; d = 398.1, mu = 23.00 mag), mc_source_id: 0.00
6.57 sigma; (RA, Dec, d) = (11.03, 17.94); r = 0.03 deg; d = 125.9, mu = 20.50 mag), mc_source_id: 0.00
6.51 sigma; (RA, Dec, d) = (10.48, 17.85); r = 0.02 deg; d = 316.2, mu = 22.50 mag), mc_source_id: 0.00
6.32 sigma; (RA, Dec, d) = (11.84, 18.59); r = 0.02 deg; d = 398.1, mu = 23.00 mag), mc_source_id: 0.00
5.34 sigma; (RA, Dec, d) = (11.67, 18.19); r = 0.01 deg; d = 79.4, mu = 19.50 mag), mc_source_id: 0.00
4.73 sigma; (RA, Dec, d) = (11.76, 17.83); r = 0.04 deg; d = 79.4, mu = 19.50 mag), mc_source_id: 0.00
4.67 sigma; (RA, Dec, d) = (12.14, 18.01); r = 0.03 deg; d = 50.1, mu = 18.50 mag), mc_source_id: 0.00

------------------------------------------------------------
Job <679609.0> was submitted from <des51.fnal.gov> by user <tavangar>.
Job was executed on host <des40.fnal.gov> as user <tavangar>.
</var/lib/condor/execute/dir_1770845> was used as the initial working directory.
Results reported at Wed Jun  5 05:10:00 CDT 2019

Your job looked like:

------------------------------------------------------------
python /home/s1/tavangar/tavangar_simple/search_algorithm.py 11.25 18.21 0.00 /home/s1/tavangar/tavangar_simple/decals_dr7_results/results_nside_32_4164.csv /home/s1/tavangar/tavangar_simple/decals_dr7_results/decals_dr7_log/results_nside_32_4164.log
------------------------------------------------------------

Successfully completed.

Resource usage summary:

	Real time :			213.02 sec.
	CPU time :			5.43 sec.
	CPU percentage :		71%
	Max Memory :			4411552 KB
	Average Memory :		0 KB

The output (if any) is above this job summary.
