/home/s1/tavangar/tavangar_simple/simple_utils.py:170: FutureWarning: elementwise comparison failed; returning scalar instead, but in the future will perform elementwise comparison
  if np.all(isochrone.stage == 'Main'):
Search coordinates: (RA, Dec) = (139.22, 24.62)
Center healpixel: 3569
Healpixels: [3569 3697 3568 3441 3313 3442 3570 3698 3825]
MC_SOURCE_ID = 0.0
mode = 0: running only on real data
Found 1 objects...
Applying cuts...
579164 star-like objects in ROI...
835859 galaxy-like objects in ROI...
No fracdet map specified ...
Distance = 15.8 kpc (m-M = 16.0)
579141 objects left after isochrone cut...
Characteristic density = 5000.0 deg^-2
Characteristic density local = 5025.3 deg^-2 = 1.396 arcmin^-2
Fitting aperture to hotspot...
Candidate: x_peak:       -0.745, y_peak:       -0.335, r_peak:        0.030, sig:        7.654, ra_peak:      138.403, dec_peak:       24.283
Characteristic density local = 4999.5 deg^-2 = 1.389 arcmin^-2
Fitting aperture to hotspot...
Candidate: x_peak:       -0.615, y_peak:        0.685, r_peak:        0.030, sig:        7.847, ra_peak:      138.540, dec_peak:       25.303
Characteristic density local = 4959.7 deg^-2 = 1.378 arcmin^-2
Fitting aperture to hotspot...
Candidate: x_peak:       -0.545, y_peak:        0.385, r_peak:        0.030, sig:       13.888, ra_peak:      138.619, dec_peak:       25.004
Characteristic density local = 5293.9 deg^-2 = 1.471 arcmin^-2
Fitting aperture to hotspot...
Candidate: x_peak:       -0.345, y_peak:       -0.855, r_peak:        0.020, sig:        7.869, ra_peak:      138.843, dec_peak:       23.765
Characteristic density local = 4647.3 deg^-2 = 1.291 arcmin^-2
Fitting aperture to hotspot...
Candidate: x_peak:       -0.225, y_peak:       -0.095, r_peak:        0.020, sig:        6.523, ra_peak:      138.973, dec_peak:       24.525
Characteristic density local = 5270.0 deg^-2 = 1.464 arcmin^-2
Fitting aperture to hotspot...
Candidate: x_peak:        0.095, y_peak:       -0.965, r_peak:        0.020, sig:        8.724, ra_peak:      139.324, dec_peak:       23.655
Characteristic density local = 4764.7 deg^-2 = 1.324 arcmin^-2
Fitting aperture to hotspot...
Candidate: x_peak:        0.385, y_peak:        0.595, r_peak:        0.040, sig:        5.216, ra_peak:      139.646, dec_peak:       25.214
Characteristic density local = 5003.4 deg^-2 = 1.390 arcmin^-2
Fitting aperture to hotspot...
Candidate: x_peak:        0.595, y_peak:        0.555, r_peak:        0.020, sig:        7.641, ra_peak:      139.877, dec_peak:       25.174
Characteristic density local = 4790.6 deg^-2 = 1.331 arcmin^-2
Fitting aperture to hotspot...
Candidate: x_peak:        0.675, y_peak:       -0.205, r_peak:        0.020, sig:        6.891, ra_peak:      139.961, dec_peak:       24.413
Distance = 20.0 kpc (m-M = 16.5)
579154 objects left after isochrone cut...
Characteristic density = 5000.0 deg^-2
Characteristic density local = 5025.3 deg^-2 = 1.396 arcmin^-2
Fitting aperture to hotspot...
Candidate: x_peak:       -0.745, y_peak:       -0.335, r_peak:        0.030, sig:        7.654, ra_peak:      138.403, dec_peak:       24.283
Characteristic density local = 4999.5 deg^-2 = 1.389 arcmin^-2
Fitting aperture to hotspot...
Candidate: x_peak:       -0.615, y_peak:        0.685, r_peak:        0.030, sig:        7.847, ra_peak:      138.540, dec_peak:       25.303
Characteristic density local = 4959.7 deg^-2 = 1.378 arcmin^-2
Fitting aperture to hotspot...
Candidate: x_peak:       -0.545, y_peak:        0.385, r_peak:        0.030, sig:       13.888, ra_peak:      138.619, dec_peak:       25.004
Characteristic density local = 5293.9 deg^-2 = 1.471 arcmin^-2
Fitting aperture to hotspot...
Candidate: x_peak:       -0.345, y_peak:       -0.855, r_peak:        0.020, sig:        7.869, ra_peak:      138.843, dec_peak:       23.765
Characteristic density local = 4647.3 deg^-2 = 1.291 arcmin^-2
Fitting aperture to hotspot...
Candidate: x_peak:       -0.225, y_peak:       -0.095, r_peak:        0.020, sig:        6.523, ra_peak:      138.973, dec_peak:       24.525
Characteristic density local = 5270.0 deg^-2 = 1.464 arcmin^-2
Fitting aperture to hotspot...
Candidate: x_peak:        0.095, y_peak:       -0.965, r_peak:        0.020, sig:        8.724, ra_peak:      139.324, dec_peak:       23.655
Characteristic density local = 4764.7 deg^-2 = 1.324 arcmin^-2
Fitting aperture to hotspot...
Candidate: x_peak:        0.385, y_peak:        0.595, r_peak:        0.040, sig:        5.216, ra_peak:      139.646, dec_peak:       25.214
Characteristic density local = 5003.4 deg^-2 = 1.390 arcmin^-2
Fitting aperture to hotspot...
Candidate: x_peak:        0.595, y_peak:        0.555, r_peak:        0.020, sig:        7.641, ra_peak:      139.877, dec_peak:       25.174
Characteristic density local = 4790.6 deg^-2 = 1.331 arcmin^-2
Fitting aperture to hotspot...
Candidate: x_peak:        0.675, y_peak:       -0.205, r_peak:        0.020, sig:        6.891, ra_peak:      139.961, dec_peak:       24.413
Distance = 25.1 kpc (m-M = 17.0)
579158 objects left after isochrone cut...
Characteristic density = 5000.0 deg^-2
Characteristic density local = 5025.3 deg^-2 = 1.396 arcmin^-2
Fitting aperture to hotspot...
Candidate: x_peak:       -0.745, y_peak:       -0.335, r_peak:        0.030, sig:        7.654, ra_peak:      138.403, dec_peak:       24.283
Characteristic density local = 4999.5 deg^-2 = 1.389 arcmin^-2
Fitting aperture to hotspot...
Candidate: x_peak:       -0.615, y_peak:        0.685, r_peak:        0.030, sig:        7.847, ra_peak:      138.540, dec_peak:       25.303
Characteristic density local = 4959.7 deg^-2 = 1.378 arcmin^-2
Fitting aperture to hotspot...
Candidate: x_peak:       -0.545, y_peak:        0.385, r_peak:        0.030, sig:       13.888, ra_peak:      138.619, dec_peak:       25.004
Characteristic density local = 5293.9 deg^-2 = 1.471 arcmin^-2
Fitting aperture to hotspot...
Candidate: x_peak:       -0.345, y_peak:       -0.855, r_peak:        0.020, sig:        7.869, ra_peak:      138.843, dec_peak:       23.765
Characteristic density local = 4647.3 deg^-2 = 1.291 arcmin^-2
Fitting aperture to hotspot...
Candidate: x_peak:       -0.225, y_peak:       -0.095, r_peak:        0.020, sig:        6.523, ra_peak:      138.973, dec_peak:       24.525
Characteristic density local = 5270.0 deg^-2 = 1.464 arcmin^-2
Fitting aperture to hotspot...
Candidate: x_peak:        0.095, y_peak:       -0.965, r_peak:        0.020, sig:        8.724, ra_peak:      139.324, dec_peak:       23.655
Characteristic density local = 4764.7 deg^-2 = 1.324 arcmin^-2
Fitting aperture to hotspot...
Candidate: x_peak:        0.385, y_peak:        0.595, r_peak:        0.040, sig:        5.216, ra_peak:      139.646, dec_peak:       25.214
Characteristic density local = 5003.4 deg^-2 = 1.390 arcmin^-2
Fitting aperture to hotspot...
Candidate: x_peak:        0.595, y_peak:        0.555, r_peak:        0.020, sig:        7.641, ra_peak:      139.877, dec_peak:       25.174
Characteristic density local = 4790.6 deg^-2 = 1.331 arcmin^-2
Fitting aperture to hotspot...
Candidate: x_peak:        0.675, y_peak:       -0.205, r_peak:        0.020, sig:        6.891, ra_peak:      139.961, dec_peak:       24.413
Distance = 31.6 kpc (m-M = 17.5)
579164 objects left after isochrone cut...
Characteristic density = 5000.0 deg^-2
Characteristic density local = 5025.3 deg^-2 = 1.396 arcmin^-2
Fitting aperture to hotspot...
Candidate: x_peak:       -0.745, y_peak:       -0.335, r_peak:        0.030, sig:        7.654, ra_peak:      138.403, dec_peak:       24.283
Characteristic density local = 4999.5 deg^-2 = 1.389 arcmin^-2
Fitting aperture to hotspot...
Candidate: x_peak:       -0.615, y_peak:        0.685, r_peak:        0.030, sig:        7.847, ra_peak:      138.540, dec_peak:       25.303
Characteristic density local = 4959.7 deg^-2 = 1.378 arcmin^-2
Fitting aperture to hotspot...
Candidate: x_peak:       -0.545, y_peak:        0.385, r_peak:        0.030, sig:       13.888, ra_peak:      138.619, dec_peak:       25.004
Characteristic density local = 5293.9 deg^-2 = 1.471 arcmin^-2
Fitting aperture to hotspot...
Candidate: x_peak:       -0.345, y_peak:       -0.855, r_peak:        0.020, sig:        7.869, ra_peak:      138.843, dec_peak:       23.765
Characteristic density local = 4647.3 deg^-2 = 1.291 arcmin^-2
Fitting aperture to hotspot...
Candidate: x_peak:       -0.225, y_peak:       -0.095, r_peak:        0.020, sig:        6.523, ra_peak:      138.973, dec_peak:       24.525
Characteristic density local = 5270.0 deg^-2 = 1.464 arcmin^-2
Fitting aperture to hotspot...
Candidate: x_peak:        0.095, y_peak:       -0.965, r_peak:        0.020, sig:        8.724, ra_peak:      139.324, dec_peak:       23.655
Characteristic density local = 4764.7 deg^-2 = 1.324 arcmin^-2
Fitting aperture to hotspot...
Candidate: x_peak:        0.385, y_peak:        0.595, r_peak:        0.040, sig:        5.216, ra_peak:      139.646, dec_peak:       25.214
Characteristic density local = 5003.4 deg^-2 = 1.390 arcmin^-2
Fitting aperture to hotspot...
Candidate: x_peak:        0.595, y_peak:        0.555, r_peak:        0.020, sig:        7.641, ra_peak:      139.877, dec_peak:       25.174
Characteristic density local = 4790.6 deg^-2 = 1.331 arcmin^-2
Fitting aperture to hotspot...
Candidate: x_peak:        0.675, y_peak:       -0.205, r_peak:        0.020, sig:        6.891, ra_peak:      139.961, dec_peak:       24.413
Distance = 39.8 kpc (m-M = 18.0)
579127 objects left after isochrone cut...
Characteristic density = 5000.0 deg^-2
Characteristic density local = 5025.3 deg^-2 = 1.396 arcmin^-2
Fitting aperture to hotspot...
Candidate: x_peak:       -0.745, y_peak:       -0.335, r_peak:        0.030, sig:        7.654, ra_peak:      138.403, dec_peak:       24.283
Characteristic density local = 4997.5 deg^-2 = 1.388 arcmin^-2
Fitting aperture to hotspot...
Candidate: x_peak:       -0.615, y_peak:        0.685, r_peak:        0.030, sig:        7.849, ra_peak:      138.540, dec_peak:       25.303
Characteristic density local = 4957.7 deg^-2 = 1.377 arcmin^-2
Fitting aperture to hotspot...
Candidate: x_peak:       -0.545, y_peak:        0.385, r_peak:        0.030, sig:       13.890, ra_peak:      138.619, dec_peak:       25.004
Characteristic density local = 5293.9 deg^-2 = 1.471 arcmin^-2
Fitting aperture to hotspot...
Candidate: x_peak:       -0.345, y_peak:       -0.855, r_peak:        0.020, sig:        7.869, ra_peak:      138.843, dec_peak:       23.765
Characteristic density local = 4647.3 deg^-2 = 1.291 arcmin^-2
Fitting aperture to hotspot...
Candidate: x_peak:       -0.225, y_peak:       -0.095, r_peak:        0.020, sig:        6.523, ra_peak:      138.973, dec_peak:       24.525
Characteristic density local = 5268.0 deg^-2 = 1.463 arcmin^-2
Fitting aperture to hotspot...
Candidate: x_peak:        0.095, y_peak:       -0.965, r_peak:        0.020, sig:        8.725, ra_peak:      139.324, dec_peak:       23.655
Characteristic density local = 4762.7 deg^-2 = 1.323 arcmin^-2
Fitting aperture to hotspot...
Candidate: x_peak:        0.385, y_peak:        0.595, r_peak:        0.040, sig:        5.063, ra_peak:      139.646, dec_peak:       25.214
Characteristic density local = 5001.4 deg^-2 = 1.389 arcmin^-2
Fitting aperture to hotspot...
Candidate: x_peak:        0.595, y_peak:        0.555, r_peak:        0.020, sig:        7.642, ra_peak:      139.877, dec_peak:       25.174
Characteristic density local = 4790.6 deg^-2 = 1.331 arcmin^-2
Fitting aperture to hotspot...
Candidate: x_peak:        0.675, y_peak:       -0.205, r_peak:        0.020, sig:        6.891, ra_peak:      139.961, dec_peak:       24.413
Distance = 50.1 kpc (m-M = 18.5)
578376 objects left after isochrone cut...
Characteristic density = 5000.0 deg^-2
Characteristic density local = 4969.6 deg^-2 = 1.380 arcmin^-2
Fitting aperture to hotspot...
Candidate: x_peak:       -0.755, y_peak:       -0.325, r_peak:        0.020, sig:        9.758, ra_peak:      138.392, dec_peak:       24.293
Characteristic density local = 4991.5 deg^-2 = 1.387 arcmin^-2
Fitting aperture to hotspot...
Candidate: x_peak:       -0.615, y_peak:        0.685, r_peak:        0.030, sig:        7.855, ra_peak:      138.540, dec_peak:       25.303
Characteristic density local = 4949.7 deg^-2 = 1.375 arcmin^-2
Fitting aperture to hotspot...
Candidate: x_peak:       -0.545, y_peak:        0.385, r_peak:        0.030, sig:       13.899, ra_peak:      138.619, dec_peak:       25.004
Characteristic density local = 5272.0 deg^-2 = 1.464 arcmin^-2
Fitting aperture to hotspot...
Candidate: x_peak:       -0.345, y_peak:       -0.855, r_peak:        0.020, sig:        7.884, ra_peak:      138.843, dec_peak:       23.765
Characteristic density local = 4643.3 deg^-2 = 1.290 arcmin^-2
Fitting aperture to hotspot...
Candidate: x_peak:       -0.225, y_peak:       -0.095, r_peak:        0.020, sig:        6.526, ra_peak:      138.973, dec_peak:       24.525
Characteristic density local = 5254.1 deg^-2 = 1.459 arcmin^-2
Fitting aperture to hotspot...
Candidate: x_peak:        0.095, y_peak:       -0.965, r_peak:        0.020, sig:        8.735, ra_peak:      139.324, dec_peak:       23.655
Characteristic density local = 4742.8 deg^-2 = 1.317 arcmin^-2
Fitting aperture to hotspot...
Candidate: x_peak:        0.385, y_peak:        0.595, r_peak:        0.040, sig:        4.930, ra_peak:      139.646, dec_peak:       25.214
Characteristic density local = 4973.6 deg^-2 = 1.382 arcmin^-2
Fitting aperture to hotspot...
Candidate: x_peak:        0.595, y_peak:        0.555, r_peak:        0.020, sig:        7.662, ra_peak:      139.877, dec_peak:       25.174
Characteristic density local = 4766.7 deg^-2 = 1.324 arcmin^-2
Fitting aperture to hotspot...
Candidate: x_peak:        0.675, y_peak:       -0.205, r_peak:        0.020, sig:        6.908, ra_peak:      139.961, dec_peak:       24.413
Distance = 63.1 kpc (m-M = 19.0)
576215 objects left after isochrone cut...
Characteristic density = 4900.0 deg^-2
Characteristic density local = 4911.9 deg^-2 = 1.364 arcmin^-2
Fitting aperture to hotspot...
Candidate: x_peak:       -0.755, y_peak:       -0.325, r_peak:        0.020, sig:        9.803, ra_peak:      138.392, dec_peak:       24.293
Characteristic density local = 4929.8 deg^-2 = 1.369 arcmin^-2
Fitting aperture to hotspot...
Candidate: x_peak:       -0.615, y_peak:        0.685, r_peak:        0.030, sig:        7.916, ra_peak:      138.540, dec_peak:       25.303
Characteristic density local = 4890.0 deg^-2 = 1.358 arcmin^-2
Fitting aperture to hotspot...
Candidate: x_peak:       -0.545, y_peak:        0.385, r_peak:        0.030, sig:       13.968, ra_peak:      138.619, dec_peak:       25.004
Characteristic density local = 5210.3 deg^-2 = 1.447 arcmin^-2
Fitting aperture to hotspot...
Candidate: x_peak:       -0.345, y_peak:       -0.855, r_peak:        0.020, sig:        7.927, ra_peak:      138.843, dec_peak:       23.765
Characteristic density local = 4597.6 deg^-2 = 1.277 arcmin^-2
Fitting aperture to hotspot...
Candidate: x_peak:       -0.225, y_peak:       -0.095, r_peak:        0.020, sig:        6.560, ra_peak:      138.973, dec_peak:       24.525
Characteristic density local = 5182.5 deg^-2 = 1.440 arcmin^-2
Fitting aperture to hotspot...
Candidate: x_peak:        0.095, y_peak:       -0.965, r_peak:        0.020, sig:        8.787, ra_peak:      139.324, dec_peak:       23.655
Characteristic density local = 4911.9 deg^-2 = 1.364 arcmin^-2
Fitting aperture to hotspot...
Candidate: x_peak:        0.595, y_peak:        0.555, r_peak:        0.020, sig:        7.707, ra_peak:      139.877, dec_peak:       25.174
Characteristic density local = 4695.1 deg^-2 = 1.304 arcmin^-2
Fitting aperture to hotspot...
Candidate: x_peak:        0.675, y_peak:       -0.205, r_peak:        0.020, sig:        6.960, ra_peak:      139.961, dec_peak:       24.413
Distance = 79.4 kpc (m-M = 19.5)
573300 objects left after isochrone cut...
Characteristic density = 4850.0 deg^-2
Characteristic density local = 4822.4 deg^-2 = 1.340 arcmin^-2
Fitting aperture to hotspot...
Candidate: x_peak:       -0.755, y_peak:       -0.325, r_peak:        0.020, sig:        9.873, ra_peak:      138.392, dec_peak:       24.293
Characteristic density local = 4840.3 deg^-2 = 1.345 arcmin^-2
Fitting aperture to hotspot...
Candidate: x_peak:       -0.615, y_peak:        0.685, r_peak:        0.030, sig:        7.666, ra_peak:      138.540, dec_peak:       25.303
Characteristic density local = 4790.6 deg^-2 = 1.331 arcmin^-2
Fitting aperture to hotspot...
Candidate: x_peak:       -0.545, y_peak:        0.385, r_peak:        0.030, sig:       13.947, ra_peak:      138.619, dec_peak:       25.004
Characteristic density local = 5110.9 deg^-2 = 1.420 arcmin^-2
Fitting aperture to hotspot...
Candidate: x_peak:       -0.345, y_peak:       -0.855, r_peak:        0.020, sig:        7.998, ra_peak:      138.843, dec_peak:       23.765
Characteristic density local = 4484.2 deg^-2 = 1.246 arcmin^-2
Fitting aperture to hotspot...
Candidate: x_peak:       -0.225, y_peak:       -0.095, r_peak:        0.020, sig:        6.643, ra_peak:      138.973, dec_peak:       24.525
Characteristic density local = 5081.0 deg^-2 = 1.411 arcmin^-2
Fitting aperture to hotspot...
Candidate: x_peak:        0.095, y_peak:       -0.965, r_peak:        0.020, sig:        8.862, ra_peak:      139.324, dec_peak:       23.655
Characteristic density local = 4806.5 deg^-2 = 1.335 arcmin^-2
Fitting aperture to hotspot...
Candidate: x_peak:        0.595, y_peak:        0.555, r_peak:        0.020, sig:        7.785, ra_peak:      139.877, dec_peak:       25.174
Characteristic density local = 4581.7 deg^-2 = 1.273 arcmin^-2
Fitting aperture to hotspot...
Candidate: x_peak:        0.675, y_peak:       -0.205, r_peak:        0.020, sig:        7.044, ra_peak:      139.961, dec_peak:       24.413
Distance = 100.0 kpc (m-M = 20.0)
569869 objects left after isochrone cut...
Characteristic density = 4700.0 deg^-2
Characteristic density local = 4707.0 deg^-2 = 1.308 arcmin^-2
Fitting aperture to hotspot...
Candidate: x_peak:       -0.755, y_peak:       -0.325, r_peak:        0.020, sig:        9.965, ra_peak:      138.392, dec_peak:       24.293
Characteristic density local = 4732.9 deg^-2 = 1.315 arcmin^-2
Fitting aperture to hotspot...
Candidate: x_peak:       -0.615, y_peak:        0.685, r_peak:        0.030, sig:        7.602, ra_peak:      138.540, dec_peak:       25.303
Characteristic density local = 4679.2 deg^-2 = 1.300 arcmin^-2
Fitting aperture to hotspot...
Candidate: x_peak:       -0.545, y_peak:        0.385, r_peak:        0.030, sig:       14.079, ra_peak:      138.619, dec_peak:       25.004
Characteristic density local = 5011.4 deg^-2 = 1.392 arcmin^-2
Fitting aperture to hotspot...
Candidate: x_peak:       -0.345, y_peak:       -0.855, r_peak:        0.010, sig:        7.968, ra_peak:      138.843, dec_peak:       23.765
Characteristic density local = 4374.8 deg^-2 = 1.215 arcmin^-2
Fitting aperture to hotspot...
Candidate: x_peak:       -0.225, y_peak:       -0.095, r_peak:        0.020, sig:        6.725, ra_peak:      138.973, dec_peak:       24.525
Characteristic density local = 4985.5 deg^-2 = 1.385 arcmin^-2
Fitting aperture to hotspot...
Candidate: x_peak:        0.095, y_peak:       -0.965, r_peak:        0.020, sig:        8.933, ra_peak:      139.324, dec_peak:       23.655
Characteristic density local = 4699.0 deg^-2 = 1.305 arcmin^-2
Fitting aperture to hotspot...
Candidate: x_peak:        0.595, y_peak:        0.555, r_peak:        0.020, sig:        7.865, ra_peak:      139.877, dec_peak:       25.174
Characteristic density local = 4478.2 deg^-2 = 1.244 arcmin^-2
Fitting aperture to hotspot...
Candidate: x_peak:        0.675, y_peak:       -0.205, r_peak:        0.020, sig:        7.121, ra_peak:      139.961, dec_peak:       24.413
Distance = 125.9 kpc (m-M = 20.5)
565862 objects left after isochrone cut...
Characteristic density = 4600.0 deg^-2
Characteristic density local = 4555.8 deg^-2 = 1.266 arcmin^-2
Fitting aperture to hotspot...
Candidate: x_peak:       -0.755, y_peak:       -0.325, r_peak:        0.020, sig:       10.089, ra_peak:      138.392, dec_peak:       24.293
Characteristic density local = 4512.0 deg^-2 = 1.253 arcmin^-2
Fitting aperture to hotspot...
Candidate: x_peak:       -0.615, y_peak:        0.675, r_peak:        0.020, sig:        9.093, ra_peak:      138.540, dec_peak:       25.293
Characteristic density local = 4526.0 deg^-2 = 1.257 arcmin^-2
Fitting aperture to hotspot...
Candidate: x_peak:       -0.545, y_peak:        0.395, r_peak:        0.020, sig:       14.201, ra_peak:      138.619, dec_peak:       25.014
Characteristic density local = 4862.2 deg^-2 = 1.351 arcmin^-2
Fitting aperture to hotspot...
Candidate: x_peak:       -0.345, y_peak:       -0.855, r_peak:        0.010, sig:        8.037, ra_peak:      138.843, dec_peak:       23.765
Characteristic density local = 4249.4 deg^-2 = 1.180 arcmin^-2
Fitting aperture to hotspot...
Candidate: x_peak:       -0.225, y_peak:       -0.095, r_peak:        0.020, sig:        6.821, ra_peak:      138.973, dec_peak:       24.525
Characteristic density local = 4838.3 deg^-2 = 1.344 arcmin^-2
Fitting aperture to hotspot...
Candidate: x_peak:        0.095, y_peak:       -0.965, r_peak:        0.020, sig:        9.045, ra_peak:      139.324, dec_peak:       23.655
Characteristic density local = 4553.8 deg^-2 = 1.265 arcmin^-2
Fitting aperture to hotspot...
Candidate: x_peak:        0.595, y_peak:        0.555, r_peak:        0.020, sig:        7.976, ra_peak:      139.877, dec_peak:       25.174
Characteristic density local = 4342.9 deg^-2 = 1.206 arcmin^-2
Fitting aperture to hotspot...
Candidate: x_peak:        0.675, y_peak:       -0.205, r_peak:        0.020, sig:        7.225, ra_peak:      139.961, dec_peak:       24.413
Distance = 158.5 kpc (m-M = 21.0)
561672 objects left after isochrone cut...
Characteristic density = 4500.0 deg^-2
Characteristic density local = 4402.6 deg^-2 = 1.223 arcmin^-2
Fitting aperture to hotspot...
Candidate: x_peak:       -0.755, y_peak:       -0.325, r_peak:        0.020, sig:       10.014, ra_peak:      138.392, dec_peak:       24.293
Characteristic density local = 4452.4 deg^-2 = 1.237 arcmin^-2
Fitting aperture to hotspot...
Candidate: x_peak:       -0.615, y_peak:        0.685, r_peak:        0.030, sig:        7.718, ra_peak:      138.540, dec_peak:       25.303
Characteristic density local = 4376.8 deg^-2 = 1.216 arcmin^-2
Fitting aperture to hotspot...
Candidate: x_peak:       -0.545, y_peak:        0.395, r_peak:        0.020, sig:       14.342, ra_peak:      138.619, dec_peak:       25.014
Characteristic density local = 4720.9 deg^-2 = 1.311 arcmin^-2
Fitting aperture to hotspot...
Candidate: x_peak:       -0.345, y_peak:       -0.855, r_peak:        0.010, sig:        8.104, ra_peak:      138.843, dec_peak:       23.765
Characteristic density local = 4108.2 deg^-2 = 1.141 arcmin^-2
Fitting aperture to hotspot...
Candidate: x_peak:       -0.225, y_peak:       -0.095, r_peak:        0.020, sig:        6.932, ra_peak:      138.973, dec_peak:       24.525
Characteristic density local = 4681.1 deg^-2 = 1.300 arcmin^-2
Fitting aperture to hotspot...
Candidate: x_peak:        0.095, y_peak:       -0.965, r_peak:        0.020, sig:        8.958, ra_peak:      139.324, dec_peak:       23.655
Characteristic density local = 4418.5 deg^-2 = 1.227 arcmin^-2
Fitting aperture to hotspot...
Candidate: x_peak:        0.595, y_peak:        0.555, r_peak:        0.020, sig:        8.081, ra_peak:      139.877, dec_peak:       25.174
Characteristic density local = 4199.7 deg^-2 = 1.167 arcmin^-2
Fitting aperture to hotspot...
Candidate: x_peak:        0.675, y_peak:       -0.205, r_peak:        0.020, sig:        7.337, ra_peak:      139.961, dec_peak:       24.413
Distance = 199.5 kpc (m-M = 21.5)
556733 objects left after isochrone cut...
Characteristic density = 4300.0 deg^-2
Characteristic density local = 4229.5 deg^-2 = 1.175 arcmin^-2
Fitting aperture to hotspot...
Candidate: x_peak:       -0.755, y_peak:       -0.325, r_peak:        0.020, sig:        9.957, ra_peak:      138.392, dec_peak:       24.293
Characteristic density local = 4297.2 deg^-2 = 1.194 arcmin^-2
Fitting aperture to hotspot...
Candidate: x_peak:       -0.615, y_peak:        0.685, r_peak:        0.030, sig:        7.883, ra_peak:      138.540, dec_peak:       25.303
Characteristic density local = 4213.6 deg^-2 = 1.170 arcmin^-2
Fitting aperture to hotspot...
Candidate: x_peak:       -0.545, y_peak:        0.395, r_peak:        0.020, sig:       14.501, ra_peak:      138.619, dec_peak:       25.014
Characteristic density local = 4512.0 deg^-2 = 1.253 arcmin^-2
Fitting aperture to hotspot...
Candidate: x_peak:       -0.345, y_peak:       -0.855, r_peak:        0.010, sig:        8.206, ra_peak:      138.843, dec_peak:       23.765
Characteristic density local = 3963.0 deg^-2 = 1.101 arcmin^-2
Fitting aperture to hotspot...
Candidate: x_peak:       -0.225, y_peak:       -0.095, r_peak:        0.020, sig:        6.803, ra_peak:      138.973, dec_peak:       24.525
Characteristic density local = 4500.1 deg^-2 = 1.250 arcmin^-2
Fitting aperture to hotspot...
Candidate: x_peak:        0.095, y_peak:       -0.965, r_peak:        0.020, sig:        9.102, ra_peak:      139.324, dec_peak:       23.655
Characteristic density local = 4271.3 deg^-2 = 1.186 arcmin^-2
Fitting aperture to hotspot...
Candidate: x_peak:        0.595, y_peak:        0.555, r_peak:        0.020, sig:        8.199, ra_peak:      139.877, dec_peak:       25.174
Characteristic density local = 4038.6 deg^-2 = 1.122 arcmin^-2
Fitting aperture to hotspot...
Candidate: x_peak:        0.675, y_peak:       -0.205, r_peak:        0.020, sig:        7.467, ra_peak:      139.961, dec_peak:       24.413
Distance = 251.2 kpc (m-M = 22.0)
550812 objects left after isochrone cut...
Characteristic density = 4100.0 deg^-2
Characteristic density local = 4050.5 deg^-2 = 1.125 arcmin^-2
Fitting aperture to hotspot...
Candidate: x_peak:       -0.755, y_peak:       -0.325, r_peak:        0.020, sig:       10.114, ra_peak:      138.392, dec_peak:       24.293
Characteristic density local = 4074.4 deg^-2 = 1.132 arcmin^-2
Fitting aperture to hotspot...
Candidate: x_peak:       -0.615, y_peak:        0.685, r_peak:        0.030, sig:        7.950, ra_peak:      138.540, dec_peak:       25.303
Characteristic density local = 4000.8 deg^-2 = 1.111 arcmin^-2
Fitting aperture to hotspot...
Candidate: x_peak:       -0.545, y_peak:        0.395, r_peak:        0.020, sig:       14.541, ra_peak:      138.619, dec_peak:       25.014
Characteristic density local = 4293.2 deg^-2 = 1.193 arcmin^-2
Fitting aperture to hotspot...
Candidate: x_peak:       -0.345, y_peak:       -0.855, r_peak:        0.010, sig:        8.317, ra_peak:      138.843, dec_peak:       23.765
Characteristic density local = 3764.0 deg^-2 = 1.046 arcmin^-2
Fitting aperture to hotspot...
Candidate: x_peak:       -0.225, y_peak:       -0.095, r_peak:        0.020, sig:        6.716, ra_peak:      138.973, dec_peak:       24.525
Characteristic density local = 4295.2 deg^-2 = 1.193 arcmin^-2
Fitting aperture to hotspot...
Candidate: x_peak:        0.095, y_peak:       -0.965, r_peak:        0.020, sig:        9.057, ra_peak:      139.324, dec_peak:       23.655
Characteristic density local = 4076.4 deg^-2 = 1.132 arcmin^-2
Fitting aperture to hotspot...
Candidate: x_peak:        0.595, y_peak:        0.555, r_peak:        0.020, sig:        8.133, ra_peak:      139.877, dec_peak:       25.174
Characteristic density local = 3871.4 deg^-2 = 1.075 arcmin^-2
Fitting aperture to hotspot...
Candidate: x_peak:        0.675, y_peak:       -0.205, r_peak:        0.020, sig:        7.606, ra_peak:      139.961, dec_peak:       24.413
Distance = 316.2 kpc (m-M = 22.5)
543829 objects left after isochrone cut...
Characteristic density = 3900.0 deg^-2
Characteristic density local = 3817.7 deg^-2 = 1.060 arcmin^-2
Fitting aperture to hotspot...
Candidate: x_peak:       -0.755, y_peak:       -0.325, r_peak:        0.020, sig:       10.327, ra_peak:      138.392, dec_peak:       24.293
Characteristic density local = 3974.9 deg^-2 = 1.104 arcmin^-2
Fitting aperture to hotspot...
Candidate: x_peak:       -0.725, y_peak:       -0.565, r_peak:        0.040, sig:        4.576, ra_peak:      138.426, dec_peak:       24.053
Characteristic density local = 3829.7 deg^-2 = 1.064 arcmin^-2
Fitting aperture to hotspot...
Candidate: x_peak:       -0.605, y_peak:        0.685, r_peak:        0.030, sig:        7.867, ra_peak:      138.551, dec_peak:       25.304
Characteristic density local = 3791.9 deg^-2 = 1.053 arcmin^-2
Fitting aperture to hotspot...
Candidate: x_peak:       -0.545, y_peak:        0.395, r_peak:        0.020, sig:       14.760, ra_peak:      138.619, dec_peak:       25.014
Characteristic density local = 4044.5 deg^-2 = 1.123 arcmin^-2
Fitting aperture to hotspot...
Candidate: x_peak:       -0.345, y_peak:       -0.855, r_peak:        0.010, sig:        8.448, ra_peak:      138.843, dec_peak:       23.765
Characteristic density local = 3533.2 deg^-2 = 0.981 arcmin^-2
Fitting aperture to hotspot...
Candidate: x_peak:       -0.225, y_peak:       -0.095, r_peak:        0.020, sig:        6.913, ra_peak:      138.973, dec_peak:       24.525
Characteristic density local = 4094.3 deg^-2 = 1.137 arcmin^-2
Fitting aperture to hotspot...
Candidate: x_peak:        0.095, y_peak:       -0.965, r_peak:        0.020, sig:        9.228, ra_peak:      139.324, dec_peak:       23.655
Characteristic density local = 3861.5 deg^-2 = 1.073 arcmin^-2
Fitting aperture to hotspot...
Candidate: x_peak:        0.595, y_peak:        0.555, r_peak:        0.020, sig:        8.316, ra_peak:      139.877, dec_peak:       25.174
Characteristic density local = 3598.9 deg^-2 = 1.000 arcmin^-2
Fitting aperture to hotspot...
Candidate: x_peak:        0.675, y_peak:       -0.205, r_peak:        0.020, sig:        7.843, ra_peak:      139.961, dec_peak:       24.413
Distance = 398.1 kpc (m-M = 23.0)
535170 objects left after isochrone cut...
Characteristic density = 3600.0 deg^-2
Characteristic density local = 3569.0 deg^-2 = 0.991 arcmin^-2
Fitting aperture to hotspot...
Candidate: x_peak:       -0.755, y_peak:       -0.335, r_peak:        0.030, sig:        8.725, ra_peak:      138.392, dec_peak:       24.283
Characteristic density local = 3535.2 deg^-2 = 0.982 arcmin^-2
Fitting aperture to hotspot...
Candidate: x_peak:       -0.605, y_peak:        0.675, r_peak:        0.030, sig:        7.845, ra_peak:      138.551, dec_peak:       25.294
Characteristic density local = 3539.2 deg^-2 = 0.983 arcmin^-2
Fitting aperture to hotspot...
Candidate: x_peak:       -0.545, y_peak:        0.395, r_peak:        0.020, sig:       14.680, ra_peak:      138.619, dec_peak:       25.014
Characteristic density local = 3760.0 deg^-2 = 1.044 arcmin^-2
Fitting aperture to hotspot...
Candidate: x_peak:       -0.345, y_peak:       -0.855, r_peak:        0.020, sig:        8.634, ra_peak:      138.843, dec_peak:       23.765
Characteristic density local = 3342.3 deg^-2 = 0.928 arcmin^-2
Fitting aperture to hotspot...
Candidate: x_peak:       -0.235, y_peak:       -0.095, r_peak:        0.010, sig:        7.106, ra_peak:      138.962, dec_peak:       24.525
Characteristic density local = 3774.0 deg^-2 = 1.048 arcmin^-2
Fitting aperture to hotspot...
Candidate: x_peak:        0.095, y_peak:       -0.965, r_peak:        0.020, sig:        9.513, ra_peak:      139.324, dec_peak:       23.655
Characteristic density local = 3588.9 deg^-2 = 0.997 arcmin^-2
Fitting aperture to hotspot...
Candidate: x_peak:        0.595, y_peak:        0.565, r_peak:        0.020, sig:        9.687, ra_peak:      139.877, dec_peak:       25.184
Characteristic density local = 3302.5 deg^-2 = 0.917 arcmin^-2
Fitting aperture to hotspot...
Candidate: x_peak:        0.675, y_peak:       -0.205, r_peak:        0.020, sig:        8.117, ra_peak:      139.961, dec_peak:       24.413
14.76 sigma; (RA, Dec, d) = (138.62, 25.01); r = 0.02 deg; d = 316.2, mu = 22.50 mag), mc_source_id: 0.00
10.33 sigma; (RA, Dec, d) = (138.39, 24.29); r = 0.02 deg; d = 316.2, mu = 22.50 mag), mc_source_id: 0.00
9.69 sigma; (RA, Dec, d) = (139.88, 25.18); r = 0.02 deg; d = 398.1, mu = 23.00 mag), mc_source_id: 0.00
9.51 sigma; (RA, Dec, d) = (139.32, 23.65); r = 0.02 deg; d = 398.1, mu = 23.00 mag), mc_source_id: 0.00
9.09 sigma; (RA, Dec, d) = (138.54, 25.29); r = 0.02 deg; d = 125.9, mu = 20.50 mag), mc_source_id: 0.00
8.63 sigma; (RA, Dec, d) = (138.84, 23.76); r = 0.02 deg; d = 398.1, mu = 23.00 mag), mc_source_id: 0.00
8.12 sigma; (RA, Dec, d) = (139.96, 24.41); r = 0.02 deg; d = 398.1, mu = 23.00 mag), mc_source_id: 0.00
7.11 sigma; (RA, Dec, d) = (138.96, 24.52); r = 0.01 deg; d = 398.1, mu = 23.00 mag), mc_source_id: 0.00
6.93 sigma; (RA, Dec, d) = (138.97, 24.52); r = 0.02 deg; d = 158.5, mu = 21.00 mag), mc_source_id: 0.00
5.22 sigma; (RA, Dec, d) = (139.65, 25.21); r = 0.04 deg; d = 20.0, mu = 16.50 mag), mc_source_id: 0.00
4.58 sigma; (RA, Dec, d) = (138.43, 24.05); r = 0.04 deg; d = 316.2, mu = 22.50 mag), mc_source_id: 0.00

------------------------------------------------------------
Job <679217.0> was submitted from <des51.fnal.gov> by user <tavangar>.
Job was executed on host <des40.fnal.gov> as user <tavangar>.
</var/lib/condor/execute/dir_1694570> was used as the initial working directory.
Results reported at Wed Jun  5 03:08:58 CDT 2019

Your job looked like:

------------------------------------------------------------
python /home/s1/tavangar/tavangar_simple/search_algorithm.py 139.22 24.62 0.00 /home/s1/tavangar/tavangar_simple/decals_dr7_results/results_nside_32_3569.csv /home/s1/tavangar/tavangar_simple/decals_dr7_results/decals_dr7_log/results_nside_32_3569.log
------------------------------------------------------------

Successfully completed.

Resource usage summary:

	Real time :			247.57 sec.
	CPU time :			28.92 sec.
	CPU percentage :		89%
	Max Memory :			4985200 KB
	Average Memory :		0 KB

The output (if any) is above this job summary.
