/home/s1/tavangar/tavangar_simple/simple_utils.py:170: FutureWarning: elementwise comparison failed; returning scalar instead, but in the future will perform elementwise comparison
  if np.all(isochrone.stage == 'Main'):
Search coordinates: (RA, Dec) = (153.28, 22.02)
Center healpixel: 3830
Healpixels: [3830 3958 3829 3702 3574 3703 3831 3959 4086]
MC_SOURCE_ID = 0.0
mode = 0: running only on real data
Found 1 objects...
Applying cuts...
649006 star-like objects in ROI...
1039706 galaxy-like objects in ROI...
No fracdet map specified ...
Distance = 15.8 kpc (m-M = 16.0)
648985 objects left after isochrone cut...
Characteristic density = 4600.0 deg^-2
Characteristic density local = 4906.0 deg^-2 = 1.363 arcmin^-2
Fitting aperture to hotspot...
Candidate: x_peak:       -0.915, y_peak:       -0.225, r_peak:        0.020, sig:       14.027, ra_peak:      152.295, dec_peak:       21.792
Characteristic density local = 4778.6 deg^-2 = 1.327 arcmin^-2
Fitting aperture to hotspot...
Candidate: x_peak:       -0.175, y_peak:        0.355, r_peak:        0.020, sig:        7.805, ra_peak:      153.091, dec_peak:       22.375
Characteristic density local = 5506.8 deg^-2 = 1.530 arcmin^-2
Fitting aperture to hotspot...
Candidate: x_peak:       -0.175, y_peak:       -1.105, r_peak:        0.020, sig:        8.351, ra_peak:      153.093, dec_peak:       20.915
Characteristic density local = 4627.4 deg^-2 = 1.285 arcmin^-2
Fitting aperture to hotspot...
Candidate: x_peak:       -0.015, y_peak:        0.845, r_peak:        0.020, sig:       13.233, ra_peak:      153.264, dec_peak:       22.865
Characteristic density local = 5112.9 deg^-2 = 1.420 arcmin^-2
Fitting aperture to hotspot...
Candidate: x_peak:        0.025, y_peak:       -0.605, r_peak:        0.020, sig:       11.558, ra_peak:      153.307, dec_peak:       21.415
Characteristic density local = 4856.2 deg^-2 = 1.349 arcmin^-2
Fitting aperture to hotspot...
Candidate: x_peak:        0.325, y_peak:       -0.855, r_peak:        0.030, sig:       24.867, ra_peak:      153.628, dec_peak:       21.165
Characteristic density local = 5212.3 deg^-2 = 1.448 arcmin^-2
Fitting aperture to hotspot...
Candidate: x_peak:        0.605, y_peak:       -0.495, r_peak:        0.020, sig:       13.253, ra_peak:      153.930, dec_peak:       21.524
Characteristic density local = 5331.7 deg^-2 = 1.481 arcmin^-2
Fitting aperture to hotspot...
Candidate: x_peak:        0.905, y_peak:       -0.105, r_peak:        0.020, sig:       14.981, ra_peak:      154.255, dec_peak:       21.912
Characteristic density local = 4878.1 deg^-2 = 1.355 arcmin^-2
Fitting aperture to hotspot...
Candidate: x_peak:        1.195, y_peak:       -0.095, r_peak:        0.060, sig:       20.200, ra_peak:      154.568, dec_peak:       21.920
Distance = 20.0 kpc (m-M = 16.5)
649000 objects left after isochrone cut...
Characteristic density = 4600.0 deg^-2
Characteristic density local = 4906.0 deg^-2 = 1.363 arcmin^-2
Fitting aperture to hotspot...
Candidate: x_peak:       -0.915, y_peak:       -0.225, r_peak:        0.020, sig:       14.027, ra_peak:      152.295, dec_peak:       21.792
Characteristic density local = 4778.6 deg^-2 = 1.327 arcmin^-2
Fitting aperture to hotspot...
Candidate: x_peak:       -0.175, y_peak:        0.355, r_peak:        0.020, sig:        7.805, ra_peak:      153.091, dec_peak:       22.375
Characteristic density local = 5506.8 deg^-2 = 1.530 arcmin^-2
Fitting aperture to hotspot...
Candidate: x_peak:       -0.175, y_peak:       -1.105, r_peak:        0.020, sig:        8.351, ra_peak:      153.093, dec_peak:       20.915
Characteristic density local = 4627.4 deg^-2 = 1.285 arcmin^-2
Fitting aperture to hotspot...
Candidate: x_peak:       -0.015, y_peak:        0.845, r_peak:        0.020, sig:       13.233, ra_peak:      153.264, dec_peak:       22.865
Characteristic density local = 5112.9 deg^-2 = 1.420 arcmin^-2
Fitting aperture to hotspot...
Candidate: x_peak:        0.025, y_peak:       -0.605, r_peak:        0.020, sig:       11.558, ra_peak:      153.307, dec_peak:       21.415
Characteristic density local = 4856.2 deg^-2 = 1.349 arcmin^-2
Fitting aperture to hotspot...
Candidate: x_peak:        0.325, y_peak:       -0.855, r_peak:        0.030, sig:       24.867, ra_peak:      153.628, dec_peak:       21.165
Characteristic density local = 5212.3 deg^-2 = 1.448 arcmin^-2
Fitting aperture to hotspot...
Candidate: x_peak:        0.605, y_peak:       -0.495, r_peak:        0.020, sig:       13.253, ra_peak:      153.930, dec_peak:       21.524
Characteristic density local = 5331.7 deg^-2 = 1.481 arcmin^-2
Fitting aperture to hotspot...
Candidate: x_peak:        0.905, y_peak:       -0.105, r_peak:        0.020, sig:       14.981, ra_peak:      154.255, dec_peak:       21.912
Characteristic density local = 4878.1 deg^-2 = 1.355 arcmin^-2
Fitting aperture to hotspot...
Candidate: x_peak:        1.195, y_peak:       -0.095, r_peak:        0.060, sig:       20.200, ra_peak:      154.568, dec_peak:       21.920
Distance = 25.1 kpc (m-M = 17.0)
649003 objects left after isochrone cut...
Characteristic density = 4600.0 deg^-2
Characteristic density local = 4906.0 deg^-2 = 1.363 arcmin^-2
Fitting aperture to hotspot...
Candidate: x_peak:       -0.915, y_peak:       -0.225, r_peak:        0.020, sig:       14.027, ra_peak:      152.295, dec_peak:       21.792
Characteristic density local = 4778.6 deg^-2 = 1.327 arcmin^-2
Fitting aperture to hotspot...
Candidate: x_peak:       -0.175, y_peak:        0.355, r_peak:        0.020, sig:        7.805, ra_peak:      153.091, dec_peak:       22.375
Characteristic density local = 5506.8 deg^-2 = 1.530 arcmin^-2
Fitting aperture to hotspot...
Candidate: x_peak:       -0.175, y_peak:       -1.105, r_peak:        0.020, sig:        8.351, ra_peak:      153.093, dec_peak:       20.915
Characteristic density local = 4627.4 deg^-2 = 1.285 arcmin^-2
Fitting aperture to hotspot...
Candidate: x_peak:       -0.015, y_peak:        0.845, r_peak:        0.020, sig:       13.233, ra_peak:      153.264, dec_peak:       22.865
Characteristic density local = 5112.9 deg^-2 = 1.420 arcmin^-2
Fitting aperture to hotspot...
Candidate: x_peak:        0.025, y_peak:       -0.605, r_peak:        0.020, sig:       11.558, ra_peak:      153.307, dec_peak:       21.415
Characteristic density local = 4856.2 deg^-2 = 1.349 arcmin^-2
Fitting aperture to hotspot...
Candidate: x_peak:        0.325, y_peak:       -0.855, r_peak:        0.030, sig:       24.867, ra_peak:      153.628, dec_peak:       21.165
Characteristic density local = 5212.3 deg^-2 = 1.448 arcmin^-2
Fitting aperture to hotspot...
Candidate: x_peak:        0.605, y_peak:       -0.495, r_peak:        0.020, sig:       13.253, ra_peak:      153.930, dec_peak:       21.524
Characteristic density local = 5331.7 deg^-2 = 1.481 arcmin^-2
Fitting aperture to hotspot...
Candidate: x_peak:        0.905, y_peak:       -0.105, r_peak:        0.020, sig:       14.981, ra_peak:      154.255, dec_peak:       21.912
Characteristic density local = 4878.1 deg^-2 = 1.355 arcmin^-2
Fitting aperture to hotspot...
Candidate: x_peak:        1.195, y_peak:       -0.095, r_peak:        0.060, sig:       20.200, ra_peak:      154.568, dec_peak:       21.920
Distance = 31.6 kpc (m-M = 17.5)
649004 objects left after isochrone cut...
Characteristic density = 4600.0 deg^-2
Characteristic density local = 4906.0 deg^-2 = 1.363 arcmin^-2
Fitting aperture to hotspot...
Candidate: x_peak:       -0.915, y_peak:       -0.225, r_peak:        0.020, sig:       14.027, ra_peak:      152.295, dec_peak:       21.792
Characteristic density local = 4778.6 deg^-2 = 1.327 arcmin^-2
Fitting aperture to hotspot...
Candidate: x_peak:       -0.175, y_peak:        0.355, r_peak:        0.020, sig:        7.805, ra_peak:      153.091, dec_peak:       22.375
Characteristic density local = 5506.8 deg^-2 = 1.530 arcmin^-2
Fitting aperture to hotspot...
Candidate: x_peak:       -0.175, y_peak:       -1.105, r_peak:        0.020, sig:        8.351, ra_peak:      153.093, dec_peak:       20.915
Characteristic density local = 4627.4 deg^-2 = 1.285 arcmin^-2
Fitting aperture to hotspot...
Candidate: x_peak:       -0.015, y_peak:        0.845, r_peak:        0.020, sig:       13.233, ra_peak:      153.264, dec_peak:       22.865
Characteristic density local = 5112.9 deg^-2 = 1.420 arcmin^-2
Fitting aperture to hotspot...
Candidate: x_peak:        0.025, y_peak:       -0.605, r_peak:        0.020, sig:       11.558, ra_peak:      153.307, dec_peak:       21.415
Characteristic density local = 4856.2 deg^-2 = 1.349 arcmin^-2
Fitting aperture to hotspot...
Candidate: x_peak:        0.325, y_peak:       -0.855, r_peak:        0.030, sig:       24.867, ra_peak:      153.628, dec_peak:       21.165
Characteristic density local = 5212.3 deg^-2 = 1.448 arcmin^-2
Fitting aperture to hotspot...
Candidate: x_peak:        0.605, y_peak:       -0.495, r_peak:        0.020, sig:       13.253, ra_peak:      153.930, dec_peak:       21.524
Characteristic density local = 5331.7 deg^-2 = 1.481 arcmin^-2
Fitting aperture to hotspot...
Candidate: x_peak:        0.905, y_peak:       -0.105, r_peak:        0.020, sig:       14.981, ra_peak:      154.255, dec_peak:       21.912
Characteristic density local = 4878.1 deg^-2 = 1.355 arcmin^-2
Fitting aperture to hotspot...
Candidate: x_peak:        1.195, y_peak:       -0.095, r_peak:        0.060, sig:       20.200, ra_peak:      154.568, dec_peak:       21.920
Distance = 39.8 kpc (m-M = 18.0)
649000 objects left after isochrone cut...
Characteristic density = 4600.0 deg^-2
Characteristic density local = 4906.0 deg^-2 = 1.363 arcmin^-2
Fitting aperture to hotspot...
Candidate: x_peak:       -0.915, y_peak:       -0.225, r_peak:        0.020, sig:       14.027, ra_peak:      152.295, dec_peak:       21.792
Characteristic density local = 4778.6 deg^-2 = 1.327 arcmin^-2
Fitting aperture to hotspot...
Candidate: x_peak:       -0.175, y_peak:        0.355, r_peak:        0.020, sig:        7.805, ra_peak:      153.091, dec_peak:       22.375
Characteristic density local = 5506.8 deg^-2 = 1.530 arcmin^-2
Fitting aperture to hotspot...
Candidate: x_peak:       -0.175, y_peak:       -1.105, r_peak:        0.020, sig:        8.351, ra_peak:      153.093, dec_peak:       20.915
Characteristic density local = 4627.4 deg^-2 = 1.285 arcmin^-2
Fitting aperture to hotspot...
Candidate: x_peak:       -0.015, y_peak:        0.845, r_peak:        0.020, sig:       13.233, ra_peak:      153.264, dec_peak:       22.865
Characteristic density local = 5112.9 deg^-2 = 1.420 arcmin^-2
Fitting aperture to hotspot...
Candidate: x_peak:        0.025, y_peak:       -0.605, r_peak:        0.020, sig:       11.558, ra_peak:      153.307, dec_peak:       21.415
Characteristic density local = 4856.2 deg^-2 = 1.349 arcmin^-2
Fitting aperture to hotspot...
Candidate: x_peak:        0.325, y_peak:       -0.855, r_peak:        0.030, sig:       24.867, ra_peak:      153.628, dec_peak:       21.165
Characteristic density local = 5212.3 deg^-2 = 1.448 arcmin^-2
Fitting aperture to hotspot...
Candidate: x_peak:        0.605, y_peak:       -0.495, r_peak:        0.020, sig:       13.253, ra_peak:      153.930, dec_peak:       21.524
Characteristic density local = 5331.7 deg^-2 = 1.481 arcmin^-2
Fitting aperture to hotspot...
Candidate: x_peak:        0.905, y_peak:       -0.105, r_peak:        0.020, sig:       14.981, ra_peak:      154.255, dec_peak:       21.912
Characteristic density local = 4878.1 deg^-2 = 1.355 arcmin^-2
Fitting aperture to hotspot...
Candidate: x_peak:        1.195, y_peak:       -0.095, r_peak:        0.060, sig:       20.200, ra_peak:      154.568, dec_peak:       21.920
Distance = 50.1 kpc (m-M = 18.5)
648551 objects left after isochrone cut...
Characteristic density = 4500.0 deg^-2
Characteristic density local = 4882.1 deg^-2 = 1.356 arcmin^-2
Fitting aperture to hotspot...
Candidate: x_peak:       -0.915, y_peak:       -0.225, r_peak:        0.020, sig:       13.877, ra_peak:      152.295, dec_peak:       21.792
Characteristic density local = 4764.7 deg^-2 = 1.324 arcmin^-2
Fitting aperture to hotspot...
Candidate: x_peak:       -0.175, y_peak:        0.355, r_peak:        0.020, sig:        7.816, ra_peak:      153.091, dec_peak:       22.375
Characteristic density local = 5486.9 deg^-2 = 1.524 arcmin^-2
Fitting aperture to hotspot...
Candidate: x_peak:       -0.175, y_peak:       -1.105, r_peak:        0.020, sig:        8.364, ra_peak:      153.093, dec_peak:       20.915
Characteristic density local = 4611.5 deg^-2 = 1.281 arcmin^-2
Fitting aperture to hotspot...
Candidate: x_peak:       -0.015, y_peak:        0.845, r_peak:        0.020, sig:       13.248, ra_peak:      153.264, dec_peak:       22.865
Characteristic density local = 5091.0 deg^-2 = 1.414 arcmin^-2
Fitting aperture to hotspot...
Candidate: x_peak:        0.025, y_peak:       -0.605, r_peak:        0.020, sig:       11.576, ra_peak:      153.307, dec_peak:       21.415
Characteristic density local = 4838.3 deg^-2 = 1.344 arcmin^-2
Fitting aperture to hotspot...
Candidate: x_peak:        0.325, y_peak:       -0.855, r_peak:        0.030, sig:       24.892, ra_peak:      153.628, dec_peak:       21.165
Characteristic density local = 5186.5 deg^-2 = 1.441 arcmin^-2
Fitting aperture to hotspot...
Candidate: x_peak:        0.605, y_peak:       -0.495, r_peak:        0.020, sig:       13.274, ra_peak:      153.930, dec_peak:       21.524
Characteristic density local = 5315.8 deg^-2 = 1.477 arcmin^-2
Fitting aperture to hotspot...
Candidate: x_peak:        0.905, y_peak:       -0.105, r_peak:        0.020, sig:       14.994, ra_peak:      154.255, dec_peak:       21.912
Characteristic density local = 4858.2 deg^-2 = 1.350 arcmin^-2
Fitting aperture to hotspot...
Candidate: x_peak:        1.195, y_peak:       -0.095, r_peak:        0.060, sig:       20.242, ra_peak:      154.568, dec_peak:       21.920
Distance = 63.1 kpc (m-M = 19.0)
646850 objects left after isochrone cut...
Characteristic density = 4500.0 deg^-2
Characteristic density local = 4826.4 deg^-2 = 1.341 arcmin^-2
Fitting aperture to hotspot...
Candidate: x_peak:       -0.915, y_peak:       -0.225, r_peak:        0.020, sig:       13.927, ra_peak:      152.295, dec_peak:       21.792
Characteristic density local = 4699.0 deg^-2 = 1.305 arcmin^-2
Fitting aperture to hotspot...
Candidate: x_peak:       -0.175, y_peak:        0.355, r_peak:        0.020, sig:        7.865, ra_peak:      153.091, dec_peak:       22.375
Characteristic density local = 5417.2 deg^-2 = 1.505 arcmin^-2
Fitting aperture to hotspot...
Candidate: x_peak:       -0.175, y_peak:       -1.105, r_peak:        0.020, sig:        8.413, ra_peak:      153.093, dec_peak:       20.915
Characteristic density local = 4545.9 deg^-2 = 1.263 arcmin^-2
Fitting aperture to hotspot...
Candidate: x_peak:       -0.015, y_peak:        0.845, r_peak:        0.020, sig:       13.307, ra_peak:      153.264, dec_peak:       22.865
Characteristic density local = 5015.4 deg^-2 = 1.393 arcmin^-2
Fitting aperture to hotspot...
Candidate: x_peak:        0.025, y_peak:       -0.605, r_peak:        0.020, sig:       11.637, ra_peak:      153.307, dec_peak:       21.415
Characteristic density local = 4780.6 deg^-2 = 1.328 arcmin^-2
Fitting aperture to hotspot...
Candidate: x_peak:        0.325, y_peak:       -0.855, r_peak:        0.030, sig:       24.975, ra_peak:      153.628, dec_peak:       21.165
Characteristic density local = 5126.8 deg^-2 = 1.424 arcmin^-2
Fitting aperture to hotspot...
Candidate: x_peak:        0.605, y_peak:       -0.495, r_peak:        0.020, sig:       13.324, ra_peak:      153.930, dec_peak:       21.524
Characteristic density local = 5248.1 deg^-2 = 1.458 arcmin^-2
Fitting aperture to hotspot...
Candidate: x_peak:        0.905, y_peak:       -0.105, r_peak:        0.020, sig:       15.052, ra_peak:      154.255, dec_peak:       21.912
Characteristic density local = 4822.4 deg^-2 = 1.340 arcmin^-2
Fitting aperture to hotspot...
Candidate: x_peak:        1.195, y_peak:       -0.095, r_peak:        0.060, sig:       20.241, ra_peak:      154.568, dec_peak:       21.920
Distance = 79.4 kpc (m-M = 19.5)
644683 objects left after isochrone cut...
Characteristic density = 4400.0 deg^-2
Characteristic density local = 4752.8 deg^-2 = 1.320 arcmin^-2
Fitting aperture to hotspot...
Candidate: x_peak:       -0.915, y_peak:       -0.225, r_peak:        0.020, sig:       13.993, ra_peak:      152.295, dec_peak:       21.792
Characteristic density local = 4625.4 deg^-2 = 1.285 arcmin^-2
Fitting aperture to hotspot...
Candidate: x_peak:       -0.175, y_peak:        0.355, r_peak:        0.020, sig:        7.697, ra_peak:      153.091, dec_peak:       22.375
Characteristic density local = 5327.7 deg^-2 = 1.480 arcmin^-2
Fitting aperture to hotspot...
Candidate: x_peak:       -0.175, y_peak:       -1.105, r_peak:        0.020, sig:        8.476, ra_peak:      153.093, dec_peak:       20.915
Characteristic density local = 4500.1 deg^-2 = 1.250 arcmin^-2
Fitting aperture to hotspot...
Candidate: x_peak:       -0.015, y_peak:        0.845, r_peak:        0.020, sig:       13.349, ra_peak:      153.264, dec_peak:       22.865
Characteristic density local = 4937.8 deg^-2 = 1.372 arcmin^-2
Fitting aperture to hotspot...
Candidate: x_peak:        0.025, y_peak:       -0.605, r_peak:        0.020, sig:       11.700, ra_peak:      153.307, dec_peak:       21.415
Characteristic density local = 4707.0 deg^-2 = 1.308 arcmin^-2
Fitting aperture to hotspot...
Candidate: x_peak:        0.325, y_peak:       -0.855, r_peak:        0.030, sig:       24.871, ra_peak:      153.628, dec_peak:       21.165
Characteristic density local = 5035.3 deg^-2 = 1.399 arcmin^-2
Fitting aperture to hotspot...
Candidate: x_peak:        0.605, y_peak:       -0.495, r_peak:        0.020, sig:       13.401, ra_peak:      153.930, dec_peak:       21.524
Characteristic density local = 5170.5 deg^-2 = 1.436 arcmin^-2
Fitting aperture to hotspot...
Candidate: x_peak:        0.905, y_peak:       -0.105, r_peak:        0.020, sig:       15.120, ra_peak:      154.255, dec_peak:       21.912
Characteristic density local = 4734.9 deg^-2 = 1.315 arcmin^-2
Fitting aperture to hotspot...
Candidate: x_peak:        1.195, y_peak:       -0.095, r_peak:        0.060, sig:       20.351, ra_peak:      154.568, dec_peak:       21.920
Distance = 100.0 kpc (m-M = 20.0)
642245 objects left after isochrone cut...
Characteristic density = 4300.0 deg^-2
Characteristic density local = 4675.2 deg^-2 = 1.299 arcmin^-2
Fitting aperture to hotspot...
Candidate: x_peak:       -0.915, y_peak:       -0.225, r_peak:        0.020, sig:       14.063, ra_peak:      152.295, dec_peak:       21.792
Characteristic density local = 4533.9 deg^-2 = 1.259 arcmin^-2
Fitting aperture to hotspot...
Candidate: x_peak:       -0.175, y_peak:        0.355, r_peak:        0.020, sig:        7.541, ra_peak:      153.091, dec_peak:       22.375
Characteristic density local = 5244.2 deg^-2 = 1.457 arcmin^-2
Fitting aperture to hotspot...
Candidate: x_peak:       -0.175, y_peak:       -1.105, r_peak:        0.020, sig:        8.327, ra_peak:      153.093, dec_peak:       20.915
Characteristic density local = 4430.5 deg^-2 = 1.231 arcmin^-2
Fitting aperture to hotspot...
Candidate: x_peak:       -0.015, y_peak:        0.845, r_peak:        0.020, sig:       13.413, ra_peak:      153.264, dec_peak:       22.865
Characteristic density local = 4848.3 deg^-2 = 1.347 arcmin^-2
Fitting aperture to hotspot...
Candidate: x_peak:        0.025, y_peak:       -0.605, r_peak:        0.020, sig:       11.775, ra_peak:      153.307, dec_peak:       21.415
Characteristic density local = 4635.4 deg^-2 = 1.288 arcmin^-2
Fitting aperture to hotspot...
Candidate: x_peak:        0.325, y_peak:       -0.855, r_peak:        0.030, sig:       24.975, ra_peak:      153.628, dec_peak:       21.165
Characteristic density local = 4955.7 deg^-2 = 1.377 arcmin^-2
Fitting aperture to hotspot...
Candidate: x_peak:        0.605, y_peak:       -0.495, r_peak:        0.020, sig:       13.470, ra_peak:      153.930, dec_peak:       21.524
Characteristic density local = 5093.0 deg^-2 = 1.415 arcmin^-2
Fitting aperture to hotspot...
Candidate: x_peak:        0.905, y_peak:       -0.105, r_peak:        0.020, sig:       15.188, ra_peak:      154.255, dec_peak:       21.912
Characteristic density local = 4655.3 deg^-2 = 1.293 arcmin^-2
Fitting aperture to hotspot...
Candidate: x_peak:        1.195, y_peak:       -0.095, r_peak:        0.060, sig:       20.524, ra_peak:      154.568, dec_peak:       21.920
Distance = 125.9 kpc (m-M = 20.5)
639402 objects left after isochrone cut...
Characteristic density = 4200.0 deg^-2
Characteristic density local = 4579.7 deg^-2 = 1.272 arcmin^-2
Fitting aperture to hotspot...
Candidate: x_peak:       -0.915, y_peak:       -0.225, r_peak:        0.020, sig:       14.151, ra_peak:      152.295, dec_peak:       21.792
Characteristic density local = 4472.3 deg^-2 = 1.242 arcmin^-2
Fitting aperture to hotspot...
Candidate: x_peak:       -0.175, y_peak:        0.355, r_peak:        0.020, sig:        7.588, ra_peak:      153.091, dec_peak:       22.375
Characteristic density local = 5158.6 deg^-2 = 1.433 arcmin^-2
Fitting aperture to hotspot...
Candidate: x_peak:       -0.175, y_peak:       -1.105, r_peak:        0.020, sig:        8.389, ra_peak:      153.093, dec_peak:       20.915
Characteristic density local = 4337.0 deg^-2 = 1.205 arcmin^-2
Fitting aperture to hotspot...
Candidate: x_peak:       -0.015, y_peak:        0.845, r_peak:        0.020, sig:       13.501, ra_peak:      153.264, dec_peak:       22.865
Characteristic density local = 4736.8 deg^-2 = 1.316 arcmin^-2
Fitting aperture to hotspot...
Candidate: x_peak:        0.025, y_peak:       -0.605, r_peak:        0.020, sig:       11.869, ra_peak:      153.307, dec_peak:       21.415
Characteristic density local = 4553.8 deg^-2 = 1.265 arcmin^-2
Fitting aperture to hotspot...
Candidate: x_peak:        0.325, y_peak:       -0.855, r_peak:        0.030, sig:       24.884, ra_peak:      153.628, dec_peak:       21.165
Characteristic density local = 4830.4 deg^-2 = 1.342 arcmin^-2
Fitting aperture to hotspot...
Candidate: x_peak:        0.605, y_peak:       -0.495, r_peak:        0.020, sig:       13.405, ra_peak:      153.930, dec_peak:       21.524
Characteristic density local = 5007.4 deg^-2 = 1.391 arcmin^-2
Fitting aperture to hotspot...
Candidate: x_peak:        0.905, y_peak:       -0.105, r_peak:        0.020, sig:       15.264, ra_peak:      154.255, dec_peak:       21.912
Characteristic density local = 4569.7 deg^-2 = 1.269 arcmin^-2
Fitting aperture to hotspot...
Candidate: x_peak:        1.195, y_peak:       -0.095, r_peak:        0.060, sig:       20.555, ra_peak:      154.568, dec_peak:       21.920
Distance = 158.5 kpc (m-M = 21.0)
636037 objects left after isochrone cut...
Characteristic density = 4100.0 deg^-2
Characteristic density local = 4472.3 deg^-2 = 1.242 arcmin^-2
Fitting aperture to hotspot...
Candidate: x_peak:       -0.915, y_peak:       -0.225, r_peak:        0.020, sig:       14.251, ra_peak:      152.295, dec_peak:       21.792
Characteristic density local = 4348.9 deg^-2 = 1.208 arcmin^-2
Fitting aperture to hotspot...
Candidate: x_peak:       -0.175, y_peak:        0.355, r_peak:        0.020, sig:        7.684, ra_peak:      153.091, dec_peak:       22.375
Characteristic density local = 5065.1 deg^-2 = 1.407 arcmin^-2
Fitting aperture to hotspot...
Candidate: x_peak:       -0.175, y_peak:       -1.105, r_peak:        0.020, sig:        8.245, ra_peak:      153.093, dec_peak:       20.915
Characteristic density local = 4211.6 deg^-2 = 1.170 arcmin^-2
Fitting aperture to hotspot...
Candidate: x_peak:       -0.015, y_peak:        0.845, r_peak:        0.020, sig:       13.621, ra_peak:      153.264, dec_peak:       22.865
Characteristic density local = 4619.5 deg^-2 = 1.283 arcmin^-2
Fitting aperture to hotspot...
Candidate: x_peak:        0.025, y_peak:       -0.605, r_peak:        0.020, sig:       11.970, ra_peak:      153.307, dec_peak:       21.415
Characteristic density local = 4432.5 deg^-2 = 1.231 arcmin^-2
Fitting aperture to hotspot...
Candidate: x_peak:        0.325, y_peak:       -0.855, r_peak:        0.030, sig:       25.065, ra_peak:      153.628, dec_peak:       21.165
Characteristic density local = 4722.9 deg^-2 = 1.312 arcmin^-2
Fitting aperture to hotspot...
Candidate: x_peak:        0.605, y_peak:       -0.495, r_peak:        0.020, sig:       13.500, ra_peak:      153.930, dec_peak:       21.524
Characteristic density local = 4868.2 deg^-2 = 1.352 arcmin^-2
Fitting aperture to hotspot...
Candidate: x_peak:        0.905, y_peak:       -0.105, r_peak:        0.020, sig:       15.390, ra_peak:      154.255, dec_peak:       21.912
Characteristic density local = 4426.5 deg^-2 = 1.230 arcmin^-2
Fitting aperture to hotspot...
Candidate: x_peak:        1.195, y_peak:       -0.095, r_peak:        0.060, sig:       20.639, ra_peak:      154.568, dec_peak:       21.920
Distance = 199.5 kpc (m-M = 21.5)
632206 objects left after isochrone cut...
Characteristic density = 4000.0 deg^-2
Characteristic density local = 4372.8 deg^-2 = 1.215 arcmin^-2
Fitting aperture to hotspot...
Candidate: x_peak:       -0.915, y_peak:       -0.225, r_peak:        0.020, sig:       14.346, ra_peak:      152.295, dec_peak:       21.792
Characteristic density local = 4251.4 deg^-2 = 1.181 arcmin^-2
Fitting aperture to hotspot...
Candidate: x_peak:       -0.175, y_peak:        0.355, r_peak:        0.020, sig:        7.761, ra_peak:      153.091, dec_peak:       22.375
Characteristic density local = 4943.8 deg^-2 = 1.373 arcmin^-2
Fitting aperture to hotspot...
Candidate: x_peak:       -0.175, y_peak:       -1.105, r_peak:        0.020, sig:        8.334, ra_peak:      153.093, dec_peak:       20.915
Characteristic density local = 4106.2 deg^-2 = 1.141 arcmin^-2
Fitting aperture to hotspot...
Candidate: x_peak:       -0.015, y_peak:        0.845, r_peak:        0.020, sig:       13.544, ra_peak:      153.264, dec_peak:       22.865
Characteristic density local = 4516.0 deg^-2 = 1.254 arcmin^-2
Fitting aperture to hotspot...
Candidate: x_peak:        0.015, y_peak:       -0.595, r_peak:        0.020, sig:       10.522, ra_peak:      153.296, dec_peak:       21.425
Characteristic density local = 4305.1 deg^-2 = 1.196 arcmin^-2
Fitting aperture to hotspot...
Candidate: x_peak:        0.325, y_peak:       -0.855, r_peak:        0.030, sig:       25.046, ra_peak:      153.628, dec_peak:       21.165
Characteristic density local = 4587.6 deg^-2 = 1.274 arcmin^-2
Fitting aperture to hotspot...
Candidate: x_peak:        0.605, y_peak:       -0.495, r_peak:        0.020, sig:       13.622, ra_peak:      153.930, dec_peak:       21.524
Characteristic density local = 4758.7 deg^-2 = 1.322 arcmin^-2
Fitting aperture to hotspot...
Candidate: x_peak:        0.905, y_peak:       -0.105, r_peak:        0.020, sig:       15.492, ra_peak:      154.255, dec_peak:       21.912
Characteristic density local = 4285.2 deg^-2 = 1.190 arcmin^-2
Fitting aperture to hotspot...
Candidate: x_peak:        1.195, y_peak:       -0.095, r_peak:        0.060, sig:       20.724, ra_peak:      154.568, dec_peak:       21.920
Distance = 251.2 kpc (m-M = 22.0)
627371 objects left after isochrone cut...
Characteristic density = 3800.0 deg^-2
Characteristic density local = 4217.6 deg^-2 = 1.172 arcmin^-2
Fitting aperture to hotspot...
Candidate: x_peak:       -0.915, y_peak:       -0.225, r_peak:        0.020, sig:       14.497, ra_peak:      152.295, dec_peak:       21.792
Characteristic density local = 4094.3 deg^-2 = 1.137 arcmin^-2
Fitting aperture to hotspot...
Candidate: x_peak:       -0.175, y_peak:        0.355, r_peak:        0.020, sig:        7.889, ra_peak:      153.091, dec_peak:       22.375
Characteristic density local = 4798.5 deg^-2 = 1.333 arcmin^-2
Fitting aperture to hotspot...
Candidate: x_peak:       -0.175, y_peak:       -1.105, r_peak:        0.020, sig:        8.443, ra_peak:      153.093, dec_peak:       20.915
Characteristic density local = 3964.9 deg^-2 = 1.101 arcmin^-2
Fitting aperture to hotspot...
Candidate: x_peak:       -0.015, y_peak:        0.845, r_peak:        0.020, sig:       13.684, ra_peak:      153.264, dec_peak:       22.865
Characteristic density local = 4339.0 deg^-2 = 1.205 arcmin^-2
Fitting aperture to hotspot...
Candidate: x_peak:        0.015, y_peak:       -0.595, r_peak:        0.020, sig:       10.674, ra_peak:      153.296, dec_peak:       21.425
Characteristic density local = 4138.0 deg^-2 = 1.149 arcmin^-2
Fitting aperture to hotspot...
Candidate: x_peak:        0.325, y_peak:       -0.855, r_peak:        0.030, sig:       24.876, ra_peak:      153.628, dec_peak:       21.165
Characteristic density local = 4398.6 deg^-2 = 1.222 arcmin^-2
Fitting aperture to hotspot...
Candidate: x_peak:        0.605, y_peak:       -0.495, r_peak:        0.020, sig:       13.797, ra_peak:      153.930, dec_peak:       21.524
Characteristic density local = 4579.7 deg^-2 = 1.272 arcmin^-2
Fitting aperture to hotspot...
Candidate: x_peak:        0.905, y_peak:       -0.105, r_peak:        0.020, sig:       15.661, ra_peak:      154.255, dec_peak:       21.912
Characteristic density local = 4104.2 deg^-2 = 1.140 arcmin^-2
Fitting aperture to hotspot...
Candidate: x_peak:        1.195, y_peak:       -0.095, r_peak:        0.060, sig:       20.988, ra_peak:      154.568, dec_peak:       21.920
Distance = 316.2 kpc (m-M = 22.5)
621660 objects left after isochrone cut...
Characteristic density = 3700.0 deg^-2
Characteristic density local = 4034.6 deg^-2 = 1.121 arcmin^-2
Fitting aperture to hotspot...
Candidate: x_peak:       -0.915, y_peak:       -0.225, r_peak:        0.020, sig:       14.330, ra_peak:      152.295, dec_peak:       21.792
Characteristic density local = 3813.8 deg^-2 = 1.059 arcmin^-2
Fitting aperture to hotspot...
Candidate: x_peak:       -0.005, y_peak:        0.845, r_peak:        0.020, sig:       13.656, ra_peak:      153.275, dec_peak:       22.865
Characteristic density local = 4169.9 deg^-2 = 1.158 arcmin^-2
Fitting aperture to hotspot...
Candidate: x_peak:        0.025, y_peak:       -0.605, r_peak:        0.020, sig:       12.187, ra_peak:      153.307, dec_peak:       21.415
Characteristic density local = 3974.9 deg^-2 = 1.104 arcmin^-2
Fitting aperture to hotspot...
Candidate: x_peak:        0.325, y_peak:       -0.855, r_peak:        0.030, sig:       25.029, ra_peak:      153.628, dec_peak:       21.165
Characteristic density local = 4207.7 deg^-2 = 1.169 arcmin^-2
Fitting aperture to hotspot...
Candidate: x_peak:        0.605, y_peak:       -0.495, r_peak:        0.020, sig:       13.803, ra_peak:      153.930, dec_peak:       21.524
Characteristic density local = 4386.7 deg^-2 = 1.219 arcmin^-2
Fitting aperture to hotspot...
Candidate: x_peak:        0.905, y_peak:       -0.105, r_peak:        0.020, sig:       15.519, ra_peak:      154.255, dec_peak:       21.912
Characteristic density local = 3941.1 deg^-2 = 1.095 arcmin^-2
Fitting aperture to hotspot...
Candidate: x_peak:        1.195, y_peak:       -0.095, r_peak:        0.060, sig:       20.977, ra_peak:      154.568, dec_peak:       21.920
Distance = 398.1 kpc (m-M = 23.0)
614522 objects left after isochrone cut...
Characteristic density = 3400.0 deg^-2
Characteristic density local = 3787.9 deg^-2 = 1.052 arcmin^-2
Fitting aperture to hotspot...
Candidate: x_peak:       -0.915, y_peak:       -0.225, r_peak:        0.020, sig:       14.409, ra_peak:      152.295, dec_peak:       21.792
Characteristic density local = 4366.8 deg^-2 = 1.213 arcmin^-2
Fitting aperture to hotspot...
Candidate: x_peak:       -0.175, y_peak:       -1.105, r_peak:        0.020, sig:        8.565, ra_peak:      153.093, dec_peak:       20.915
Characteristic density local = 3590.9 deg^-2 = 0.997 arcmin^-2
Fitting aperture to hotspot...
Candidate: x_peak:       -0.005, y_peak:        0.845, r_peak:        0.020, sig:       13.893, ra_peak:      153.275, dec_peak:       22.865
Characteristic density local = 3919.2 deg^-2 = 1.089 arcmin^-2
Fitting aperture to hotspot...
Candidate: x_peak:        0.025, y_peak:       -0.605, r_peak:        0.020, sig:       12.427, ra_peak:      153.307, dec_peak:       21.415
Characteristic density local = 3744.1 deg^-2 = 1.040 arcmin^-2
Fitting aperture to hotspot...
Candidate: x_peak:        0.325, y_peak:       -0.855, r_peak:        0.030, sig:       24.862, ra_peak:      153.628, dec_peak:       21.165
Characteristic density local = 3984.8 deg^-2 = 1.107 arcmin^-2
Fitting aperture to hotspot...
Candidate: x_peak:        0.605, y_peak:       -0.485, r_peak:        0.020, sig:       13.664, ra_peak:      153.930, dec_peak:       21.534
Characteristic density local = 4126.1 deg^-2 = 1.146 arcmin^-2
Fitting aperture to hotspot...
Candidate: x_peak:        0.905, y_peak:       -0.105, r_peak:        0.020, sig:       15.783, ra_peak:      154.255, dec_peak:       21.912
Characteristic density local = 3706.3 deg^-2 = 1.030 arcmin^-2
Fitting aperture to hotspot...
Candidate: x_peak:        1.195, y_peak:       -0.095, r_peak:        0.060, sig:       20.736, ra_peak:      154.568, dec_peak:       21.920
25.07 sigma; (RA, Dec, d) = (153.63, 21.16); r = 0.03 deg; d = 158.5, mu = 21.00 mag), mc_source_id: 0.00
20.99 sigma; (RA, Dec, d) = (154.57, 21.92); r = 0.06 deg; d = 251.2, mu = 22.00 mag), mc_source_id: 0.00
15.78 sigma; (RA, Dec, d) = (154.26, 21.91); r = 0.02 deg; d = 398.1, mu = 23.00 mag), mc_source_id: 0.00
14.50 sigma; (RA, Dec, d) = (152.29, 21.79); r = 0.02 deg; d = 251.2, mu = 22.00 mag), mc_source_id: 0.00
13.89 sigma; (RA, Dec, d) = (153.27, 22.87); r = 0.02 deg; d = 398.1, mu = 23.00 mag), mc_source_id: 0.00
13.80 sigma; (RA, Dec, d) = (153.93, 21.52); r = 0.02 deg; d = 316.2, mu = 22.50 mag), mc_source_id: 0.00
12.43 sigma; (RA, Dec, d) = (153.31, 21.41); r = 0.02 deg; d = 398.1, mu = 23.00 mag), mc_source_id: 0.00
8.56 sigma; (RA, Dec, d) = (153.09, 20.91); r = 0.02 deg; d = 398.1, mu = 23.00 mag), mc_source_id: 0.00
7.89 sigma; (RA, Dec, d) = (153.09, 22.37); r = 0.02 deg; d = 251.2, mu = 22.00 mag), mc_source_id: 0.00

------------------------------------------------------------
Job <679378.0> was submitted from <des51.fnal.gov> by user <tavangar>.
Job was executed on host <des40.fnal.gov> as user <tavangar>.
</var/lib/condor/execute/dir_1723000> was used as the initial working directory.
Results reported at Wed Jun  5 04:02:00 CDT 2019

Your job looked like:

------------------------------------------------------------
python /home/s1/tavangar/tavangar_simple/search_algorithm.py 153.28 22.02 0.00 /home/s1/tavangar/tavangar_simple/decals_dr7_results/results_nside_32_3830.csv /home/s1/tavangar/tavangar_simple/decals_dr7_results/decals_dr7_log/results_nside_32_3830.log
------------------------------------------------------------

Successfully completed.

Resource usage summary:

	Real time :			647.18 sec.
	CPU time :			337.49 sec.
	CPU percentage :		96%
	Max Memory :			5903024 KB
	Average Memory :		0 KB

The output (if any) is above this job summary.
