/home/s1/tavangar/tavangar_simple/simple_utils.py:170: FutureWarning: elementwise comparison failed; returning scalar instead, but in the future will perform elementwise comparison
  if np.all(isochrone.stage == 'Main'):
Search coordinates: (RA, Dec) = (358.59, -12.02)
Center healpixel: 7487
Healpixels: [7487 7615 7486 7359 7231 7232 7360 7488 7743]
MC_SOURCE_ID = 0.0
mode = 0: running only on real data
Found 1 objects...
Applying cuts...
616284 star-like objects in ROI...
759291 galaxy-like objects in ROI...
No fracdet map specified ...
Distance = 15.8 kpc (m-M = 16.0)
616279 objects left after isochrone cut...
Characteristic density = 5000.0 deg^-2
Characteristic density local = 5387.4 deg^-2 = 1.496 arcmin^-2
Fitting aperture to hotspot...
Candidate: x_peak:       -0.885, y_peak:        0.395, r_peak:        0.020, sig:        4.803, ra_peak:      357.686, dec_peak:      -11.624
Characteristic density local = 5471.0 deg^-2 = 1.520 arcmin^-2
Fitting aperture to hotspot...
Candidate: x_peak:       -0.535, y_peak:        0.295, r_peak:        0.020, sig:        7.316, ra_peak:      358.044, dec_peak:      -11.724
Characteristic density local = 5588.3 deg^-2 = 1.552 arcmin^-2
Fitting aperture to hotspot...
Candidate: x_peak:       -0.385, y_peak:        0.005, r_peak:        0.020, sig:       13.120, ra_peak:      358.196, dec_peak:      -12.015
Characteristic density local = 5174.5 deg^-2 = 1.437 arcmin^-2
Fitting aperture to hotspot...
Candidate: x_peak:        0.275, y_peak:        0.065, r_peak:        0.020, sig:        7.953, ra_peak:      358.871, dec_peak:      -11.955
Characteristic density local = 5419.2 deg^-2 = 1.505 arcmin^-2
Fitting aperture to hotspot...
Candidate: x_peak:        0.405, y_peak:       -0.465, r_peak:        0.020, sig:        7.351, ra_peak:      359.005, dec_peak:      -12.485
Characteristic density local = 5083.0 deg^-2 = 1.412 arcmin^-2
Fitting aperture to hotspot...
Candidate: x_peak:        1.015, y_peak:        0.315, r_peak:        0.060, sig:        6.004, ra_peak:      359.627, dec_peak:      -11.703
Characteristic density local = 5057.1 deg^-2 = 1.405 arcmin^-2
Fitting aperture to hotspot...
Candidate: x_peak:        1.025, y_peak:        0.305, r_peak:        0.050, sig:        5.319, ra_peak:      359.637, dec_peak:      -11.713
Characteristic density local = 5335.7 deg^-2 = 1.482 arcmin^-2
Fitting aperture to hotspot...
Candidate: x_peak:        1.145, y_peak:        0.075, r_peak:        0.020, sig:       12.458, ra_peak:      359.760, dec_peak:      -11.943
Distance = 20.0 kpc (m-M = 16.5)
616282 objects left after isochrone cut...
Characteristic density = 5000.0 deg^-2
Characteristic density local = 5387.4 deg^-2 = 1.496 arcmin^-2
Fitting aperture to hotspot...
Candidate: x_peak:       -0.885, y_peak:        0.395, r_peak:        0.020, sig:        4.803, ra_peak:      357.686, dec_peak:      -11.624
Characteristic density local = 5471.0 deg^-2 = 1.520 arcmin^-2
Fitting aperture to hotspot...
Candidate: x_peak:       -0.535, y_peak:        0.295, r_peak:        0.020, sig:        7.316, ra_peak:      358.044, dec_peak:      -11.724
Characteristic density local = 5588.3 deg^-2 = 1.552 arcmin^-2
Fitting aperture to hotspot...
Candidate: x_peak:       -0.385, y_peak:        0.005, r_peak:        0.020, sig:       13.120, ra_peak:      358.196, dec_peak:      -12.015
Characteristic density local = 5174.5 deg^-2 = 1.437 arcmin^-2
Fitting aperture to hotspot...
Candidate: x_peak:        0.275, y_peak:        0.065, r_peak:        0.020, sig:        7.953, ra_peak:      358.871, dec_peak:      -11.955
Characteristic density local = 5419.2 deg^-2 = 1.505 arcmin^-2
Fitting aperture to hotspot...
Candidate: x_peak:        0.405, y_peak:       -0.465, r_peak:        0.020, sig:        7.351, ra_peak:      359.005, dec_peak:      -12.485
Characteristic density local = 5083.0 deg^-2 = 1.412 arcmin^-2
Fitting aperture to hotspot...
Candidate: x_peak:        1.015, y_peak:        0.315, r_peak:        0.060, sig:        6.004, ra_peak:      359.627, dec_peak:      -11.703
Characteristic density local = 5057.1 deg^-2 = 1.405 arcmin^-2
Fitting aperture to hotspot...
Candidate: x_peak:        1.025, y_peak:        0.305, r_peak:        0.050, sig:        5.319, ra_peak:      359.637, dec_peak:      -11.713
Characteristic density local = 5335.7 deg^-2 = 1.482 arcmin^-2
Fitting aperture to hotspot...
Candidate: x_peak:        1.145, y_peak:        0.075, r_peak:        0.020, sig:       12.458, ra_peak:      359.760, dec_peak:      -11.943
Distance = 25.1 kpc (m-M = 17.0)
616282 objects left after isochrone cut...
Characteristic density = 5000.0 deg^-2
Characteristic density local = 5387.4 deg^-2 = 1.496 arcmin^-2
Fitting aperture to hotspot...
Candidate: x_peak:       -0.885, y_peak:        0.395, r_peak:        0.020, sig:        4.803, ra_peak:      357.686, dec_peak:      -11.624
Characteristic density local = 5471.0 deg^-2 = 1.520 arcmin^-2
Fitting aperture to hotspot...
Candidate: x_peak:       -0.535, y_peak:        0.295, r_peak:        0.020, sig:        7.316, ra_peak:      358.044, dec_peak:      -11.724
Characteristic density local = 5588.3 deg^-2 = 1.552 arcmin^-2
Fitting aperture to hotspot...
Candidate: x_peak:       -0.385, y_peak:        0.005, r_peak:        0.020, sig:       13.120, ra_peak:      358.196, dec_peak:      -12.015
Characteristic density local = 5174.5 deg^-2 = 1.437 arcmin^-2
Fitting aperture to hotspot...
Candidate: x_peak:        0.275, y_peak:        0.065, r_peak:        0.020, sig:        7.953, ra_peak:      358.871, dec_peak:      -11.955
Characteristic density local = 5419.2 deg^-2 = 1.505 arcmin^-2
Fitting aperture to hotspot...
Candidate: x_peak:        0.405, y_peak:       -0.465, r_peak:        0.020, sig:        7.351, ra_peak:      359.005, dec_peak:      -12.485
Characteristic density local = 5083.0 deg^-2 = 1.412 arcmin^-2
Fitting aperture to hotspot...
Candidate: x_peak:        1.015, y_peak:        0.315, r_peak:        0.060, sig:        6.004, ra_peak:      359.627, dec_peak:      -11.703
Characteristic density local = 5057.1 deg^-2 = 1.405 arcmin^-2
Fitting aperture to hotspot...
Candidate: x_peak:        1.025, y_peak:        0.305, r_peak:        0.050, sig:        5.319, ra_peak:      359.637, dec_peak:      -11.713
Characteristic density local = 5335.7 deg^-2 = 1.482 arcmin^-2
Fitting aperture to hotspot...
Candidate: x_peak:        1.145, y_peak:        0.075, r_peak:        0.020, sig:       12.458, ra_peak:      359.760, dec_peak:      -11.943
Distance = 31.6 kpc (m-M = 17.5)
616277 objects left after isochrone cut...
Characteristic density = 5000.0 deg^-2
Characteristic density local = 5387.4 deg^-2 = 1.496 arcmin^-2
Fitting aperture to hotspot...
Candidate: x_peak:       -0.885, y_peak:        0.395, r_peak:        0.020, sig:        4.803, ra_peak:      357.686, dec_peak:      -11.624
Characteristic density local = 5471.0 deg^-2 = 1.520 arcmin^-2
Fitting aperture to hotspot...
Candidate: x_peak:       -0.535, y_peak:        0.295, r_peak:        0.020, sig:        7.316, ra_peak:      358.044, dec_peak:      -11.724
Characteristic density local = 5588.3 deg^-2 = 1.552 arcmin^-2
Fitting aperture to hotspot...
Candidate: x_peak:       -0.385, y_peak:        0.005, r_peak:        0.020, sig:       13.120, ra_peak:      358.196, dec_peak:      -12.015
Characteristic density local = 5174.5 deg^-2 = 1.437 arcmin^-2
Fitting aperture to hotspot...
Candidate: x_peak:        0.275, y_peak:        0.065, r_peak:        0.020, sig:        7.953, ra_peak:      358.871, dec_peak:      -11.955
Characteristic density local = 5419.2 deg^-2 = 1.505 arcmin^-2
Fitting aperture to hotspot...
Candidate: x_peak:        0.405, y_peak:       -0.465, r_peak:        0.020, sig:        7.351, ra_peak:      359.005, dec_peak:      -12.485
Characteristic density local = 5083.0 deg^-2 = 1.412 arcmin^-2
Fitting aperture to hotspot...
Candidate: x_peak:        1.015, y_peak:        0.315, r_peak:        0.060, sig:        6.004, ra_peak:      359.627, dec_peak:      -11.703
Characteristic density local = 5057.1 deg^-2 = 1.405 arcmin^-2
Fitting aperture to hotspot...
Candidate: x_peak:        1.025, y_peak:        0.305, r_peak:        0.050, sig:        5.319, ra_peak:      359.637, dec_peak:      -11.713
Characteristic density local = 5335.7 deg^-2 = 1.482 arcmin^-2
Fitting aperture to hotspot...
Candidate: x_peak:        1.145, y_peak:        0.075, r_peak:        0.020, sig:       12.458, ra_peak:      359.760, dec_peak:      -11.943
Distance = 39.8 kpc (m-M = 18.0)
616113 objects left after isochrone cut...
Characteristic density = 5000.0 deg^-2
Characteristic density local = 5381.4 deg^-2 = 1.495 arcmin^-2
Fitting aperture to hotspot...
Candidate: x_peak:       -0.885, y_peak:        0.395, r_peak:        0.020, sig:        4.807, ra_peak:      357.686, dec_peak:      -11.624
Characteristic density local = 5459.0 deg^-2 = 1.516 arcmin^-2
Fitting aperture to hotspot...
Candidate: x_peak:       -0.535, y_peak:        0.295, r_peak:        0.020, sig:        7.324, ra_peak:      358.044, dec_peak:      -11.724
Characteristic density local = 5572.4 deg^-2 = 1.548 arcmin^-2
Fitting aperture to hotspot...
Candidate: x_peak:       -0.385, y_peak:        0.005, r_peak:        0.020, sig:       13.132, ra_peak:      358.196, dec_peak:      -12.015
Characteristic density local = 5166.6 deg^-2 = 1.435 arcmin^-2
Fitting aperture to hotspot...
Candidate: x_peak:        0.275, y_peak:        0.065, r_peak:        0.020, sig:        7.958, ra_peak:      358.871, dec_peak:      -11.955
Characteristic density local = 5405.3 deg^-2 = 1.501 arcmin^-2
Fitting aperture to hotspot...
Candidate: x_peak:        0.405, y_peak:       -0.465, r_peak:        0.020, sig:        7.361, ra_peak:      359.005, dec_peak:      -12.485
Characteristic density local = 5083.0 deg^-2 = 1.412 arcmin^-2
Fitting aperture to hotspot...
Candidate: x_peak:        1.015, y_peak:        0.315, r_peak:        0.060, sig:        6.004, ra_peak:      359.627, dec_peak:      -11.703
Characteristic density local = 5057.1 deg^-2 = 1.405 arcmin^-2
Fitting aperture to hotspot...
Candidate: x_peak:        1.025, y_peak:        0.305, r_peak:        0.050, sig:        5.319, ra_peak:      359.637, dec_peak:      -11.713
Characteristic density local = 5335.7 deg^-2 = 1.482 arcmin^-2
Fitting aperture to hotspot...
Candidate: x_peak:        1.145, y_peak:        0.075, r_peak:        0.020, sig:       12.458, ra_peak:      359.760, dec_peak:      -11.943
Distance = 50.1 kpc (m-M = 18.5)
615384 objects left after isochrone cut...
Characteristic density = 4900.0 deg^-2
Characteristic density local = 5359.5 deg^-2 = 1.489 arcmin^-2
Fitting aperture to hotspot...
Candidate: x_peak:       -0.885, y_peak:        0.395, r_peak:        0.020, sig:        4.821, ra_peak:      357.686, dec_peak:      -11.624
Characteristic density local = 5423.2 deg^-2 = 1.506 arcmin^-2
Fitting aperture to hotspot...
Candidate: x_peak:       -0.535, y_peak:        0.295, r_peak:        0.020, sig:        7.348, ra_peak:      358.044, dec_peak:      -11.724
Characteristic density local = 5536.6 deg^-2 = 1.538 arcmin^-2
Fitting aperture to hotspot...
Candidate: x_peak:       -0.385, y_peak:        0.005, r_peak:        0.020, sig:       13.160, ra_peak:      358.196, dec_peak:      -12.015
Characteristic density local = 5136.7 deg^-2 = 1.427 arcmin^-2
Fitting aperture to hotspot...
Candidate: x_peak:        0.275, y_peak:        0.065, r_peak:        0.020, sig:        7.980, ra_peak:      358.871, dec_peak:      -11.955
Characteristic density local = 5355.6 deg^-2 = 1.488 arcmin^-2
Fitting aperture to hotspot...
Candidate: x_peak:        0.405, y_peak:       -0.465, r_peak:        0.020, sig:        7.394, ra_peak:      359.005, dec_peak:      -12.485
Characteristic density local = 5073.1 deg^-2 = 1.409 arcmin^-2
Fitting aperture to hotspot...
Candidate: x_peak:        1.015, y_peak:        0.315, r_peak:        0.060, sig:        6.020, ra_peak:      359.627, dec_peak:      -11.703
Characteristic density local = 5047.2 deg^-2 = 1.402 arcmin^-2
Fitting aperture to hotspot...
Candidate: x_peak:        1.025, y_peak:        0.305, r_peak:        0.050, sig:        5.334, ra_peak:      359.637, dec_peak:      -11.713
Characteristic density local = 5317.8 deg^-2 = 1.477 arcmin^-2
Fitting aperture to hotspot...
Candidate: x_peak:        1.145, y_peak:        0.075, r_peak:        0.020, sig:       12.472, ra_peak:      359.760, dec_peak:      -11.943
Distance = 63.1 kpc (m-M = 19.0)
613966 objects left after isochrone cut...
Characteristic density = 4900.0 deg^-2
Characteristic density local = 5291.9 deg^-2 = 1.470 arcmin^-2
Fitting aperture to hotspot...
Candidate: x_peak:       -0.885, y_peak:        0.395, r_peak:        0.020, sig:        4.863, ra_peak:      357.686, dec_peak:      -11.624
Characteristic density local = 5369.5 deg^-2 = 1.492 arcmin^-2
Fitting aperture to hotspot...
Candidate: x_peak:       -0.535, y_peak:        0.295, r_peak:        0.020, sig:        7.385, ra_peak:      358.044, dec_peak:      -11.724
Characteristic density local = 5490.8 deg^-2 = 1.525 arcmin^-2
Fitting aperture to hotspot...
Candidate: x_peak:       -0.385, y_peak:        0.005, r_peak:        0.020, sig:       13.197, ra_peak:      358.196, dec_peak:      -12.015
Characteristic density local = 5083.0 deg^-2 = 1.412 arcmin^-2
Fitting aperture to hotspot...
Candidate: x_peak:        0.275, y_peak:        0.065, r_peak:        0.020, sig:        8.018, ra_peak:      358.871, dec_peak:      -11.955
Characteristic density local = 5291.9 deg^-2 = 1.470 arcmin^-2
Fitting aperture to hotspot...
Candidate: x_peak:        0.405, y_peak:       -0.465, r_peak:        0.020, sig:        7.438, ra_peak:      359.005, dec_peak:      -12.485
Characteristic density local = 5023.3 deg^-2 = 1.395 arcmin^-2
Fitting aperture to hotspot...
Candidate: x_peak:        1.015, y_peak:        0.315, r_peak:        0.060, sig:        5.998, ra_peak:      359.627, dec_peak:      -11.703
Characteristic density local = 4999.5 deg^-2 = 1.389 arcmin^-2
Fitting aperture to hotspot...
Candidate: x_peak:        1.025, y_peak:        0.305, r_peak:        0.050, sig:        5.275, ra_peak:      359.637, dec_peak:      -11.713
Characteristic density local = 5266.0 deg^-2 = 1.463 arcmin^-2
Fitting aperture to hotspot...
Candidate: x_peak:        1.145, y_peak:        0.075, r_peak:        0.020, sig:       12.514, ra_peak:      359.760, dec_peak:      -11.943
Distance = 79.4 kpc (m-M = 19.5)
612194 objects left after isochrone cut...
Characteristic density = 4800.0 deg^-2
Characteristic density local = 5202.4 deg^-2 = 1.445 arcmin^-2
Fitting aperture to hotspot...
Candidate: x_peak:       -0.885, y_peak:        0.395, r_peak:        0.020, sig:        4.919, ra_peak:      357.686, dec_peak:      -11.624
Characteristic density local = 5293.9 deg^-2 = 1.471 arcmin^-2
Fitting aperture to hotspot...
Candidate: x_peak:       -0.535, y_peak:        0.295, r_peak:        0.020, sig:        7.437, ra_peak:      358.044, dec_peak:      -11.724
Characteristic density local = 5407.3 deg^-2 = 1.502 arcmin^-2
Fitting aperture to hotspot...
Candidate: x_peak:       -0.385, y_peak:        0.005, r_peak:        0.020, sig:       13.264, ra_peak:      358.196, dec_peak:      -12.015
Characteristic density local = 5005.4 deg^-2 = 1.390 arcmin^-2
Fitting aperture to hotspot...
Candidate: x_peak:        0.275, y_peak:        0.065, r_peak:        0.020, sig:        8.075, ra_peak:      358.871, dec_peak:      -11.955
Characteristic density local = 5222.3 deg^-2 = 1.451 arcmin^-2
Fitting aperture to hotspot...
Candidate: x_peak:        0.405, y_peak:       -0.465, r_peak:        0.020, sig:        7.486, ra_peak:      359.005, dec_peak:      -12.485
Characteristic density local = 4973.6 deg^-2 = 1.382 arcmin^-2
Fitting aperture to hotspot...
Candidate: x_peak:        1.015, y_peak:        0.315, r_peak:        0.060, sig:        6.082, ra_peak:      359.627, dec_peak:      -11.703
Characteristic density local = 4951.7 deg^-2 = 1.375 arcmin^-2
Fitting aperture to hotspot...
Candidate: x_peak:        1.025, y_peak:        0.305, r_peak:        0.050, sig:        5.343, ra_peak:      359.637, dec_peak:      -11.713
Characteristic density local = 5212.3 deg^-2 = 1.448 arcmin^-2
Fitting aperture to hotspot...
Candidate: x_peak:        1.145, y_peak:        0.075, r_peak:        0.020, sig:       12.557, ra_peak:      359.760, dec_peak:      -11.943
Distance = 100.0 kpc (m-M = 20.0)
610153 objects left after isochrone cut...
Characteristic density = 4700.0 deg^-2
Characteristic density local = 5134.7 deg^-2 = 1.426 arcmin^-2
Fitting aperture to hotspot...
Candidate: x_peak:       -0.885, y_peak:        0.395, r_peak:        0.020, sig:        4.706, ra_peak:      357.686, dec_peak:      -11.624
Characteristic density local = 5212.3 deg^-2 = 1.448 arcmin^-2
Fitting aperture to hotspot...
Candidate: x_peak:       -0.535, y_peak:        0.295, r_peak:        0.020, sig:        7.493, ra_peak:      358.044, dec_peak:      -11.724
Characteristic density local = 5319.8 deg^-2 = 1.478 arcmin^-2
Fitting aperture to hotspot...
Candidate: x_peak:       -0.385, y_peak:        0.005, r_peak:        0.020, sig:       13.335, ra_peak:      358.196, dec_peak:      -12.015
Characteristic density local = 4933.8 deg^-2 = 1.371 arcmin^-2
Fitting aperture to hotspot...
Candidate: x_peak:        0.275, y_peak:        0.065, r_peak:        0.020, sig:        8.127, ra_peak:      358.871, dec_peak:      -11.955
Characteristic density local = 5136.7 deg^-2 = 1.427 arcmin^-2
Fitting aperture to hotspot...
Candidate: x_peak:        0.405, y_peak:       -0.465, r_peak:        0.020, sig:        7.546, ra_peak:      359.005, dec_peak:      -12.485
Characteristic density local = 4896.0 deg^-2 = 1.360 arcmin^-2
Fitting aperture to hotspot...
Candidate: x_peak:        1.015, y_peak:        0.315, r_peak:        0.060, sig:        6.215, ra_peak:      359.627, dec_peak:      -11.703
Characteristic density local = 4870.1 deg^-2 = 1.353 arcmin^-2
Fitting aperture to hotspot...
Candidate: x_peak:        1.025, y_peak:        0.305, r_peak:        0.050, sig:        5.460, ra_peak:      359.637, dec_peak:      -11.713
Characteristic density local = 5120.8 deg^-2 = 1.422 arcmin^-2
Fitting aperture to hotspot...
Candidate: x_peak:        1.145, y_peak:        0.075, r_peak:        0.020, sig:       12.632, ra_peak:      359.760, dec_peak:      -11.943
Distance = 125.9 kpc (m-M = 20.5)
607662 objects left after isochrone cut...
Characteristic density = 4600.0 deg^-2
Characteristic density local = 5037.3 deg^-2 = 1.399 arcmin^-2
Fitting aperture to hotspot...
Candidate: x_peak:       -0.885, y_peak:        0.395, r_peak:        0.030, sig:        4.569, ra_peak:      357.686, dec_peak:      -11.624
Characteristic density local = 5106.9 deg^-2 = 1.419 arcmin^-2
Fitting aperture to hotspot...
Candidate: x_peak:       -0.535, y_peak:        0.295, r_peak:        0.020, sig:        7.567, ra_peak:      358.044, dec_peak:      -11.724
Characteristic density local = 5200.4 deg^-2 = 1.445 arcmin^-2
Fitting aperture to hotspot...
Candidate: x_peak:       -0.385, y_peak:        0.005, r_peak:        0.020, sig:       13.263, ra_peak:      358.196, dec_peak:      -12.015
Characteristic density local = 4802.5 deg^-2 = 1.334 arcmin^-2
Fitting aperture to hotspot...
Candidate: x_peak:        0.275, y_peak:        0.065, r_peak:        0.020, sig:        8.225, ra_peak:      358.871, dec_peak:      -11.955
Characteristic density local = 5033.3 deg^-2 = 1.398 arcmin^-2
Fitting aperture to hotspot...
Candidate: x_peak:        0.405, y_peak:       -0.465, r_peak:        0.020, sig:        7.619, ra_peak:      359.005, dec_peak:      -12.485
Characteristic density local = 4782.6 deg^-2 = 1.329 arcmin^-2
Fitting aperture to hotspot...
Candidate: x_peak:        1.015, y_peak:        0.315, r_peak:        0.060, sig:        6.196, ra_peak:      359.627, dec_peak:      -11.703
Characteristic density local = 4754.8 deg^-2 = 1.321 arcmin^-2
Fitting aperture to hotspot...
Candidate: x_peak:        1.025, y_peak:        0.305, r_peak:        0.050, sig:        5.500, ra_peak:      359.637, dec_peak:      -11.713
Characteristic density local = 4989.5 deg^-2 = 1.386 arcmin^-2
Fitting aperture to hotspot...
Candidate: x_peak:        1.145, y_peak:        0.075, r_peak:        0.020, sig:       12.564, ra_peak:      359.760, dec_peak:      -11.943
Distance = 158.5 kpc (m-M = 21.0)
604956 objects left after isochrone cut...
Characteristic density = 4500.0 deg^-2
Characteristic density local = 4923.9 deg^-2 = 1.368 arcmin^-2
Fitting aperture to hotspot...
Candidate: x_peak:       -0.885, y_peak:        0.395, r_peak:        0.030, sig:        4.670, ra_peak:      357.686, dec_peak:      -11.624
Characteristic density local = 5011.4 deg^-2 = 1.392 arcmin^-2
Fitting aperture to hotspot...
Candidate: x_peak:       -0.535, y_peak:        0.295, r_peak:        0.020, sig:        7.635, ra_peak:      358.044, dec_peak:      -11.724
Characteristic density local = 5106.9 deg^-2 = 1.419 arcmin^-2
Fitting aperture to hotspot...
Candidate: x_peak:       -0.385, y_peak:        0.005, r_peak:        0.020, sig:       13.341, ra_peak:      358.196, dec_peak:      -12.015
Characteristic density local = 4844.3 deg^-2 = 1.346 arcmin^-2
Fitting aperture to hotspot...
Candidate: x_peak:        0.145, y_peak:       -0.935, r_peak:        0.020, sig:        4.631, ra_peak:      358.739, dec_peak:      -12.955
Characteristic density local = 4709.0 deg^-2 = 1.308 arcmin^-2
Fitting aperture to hotspot...
Candidate: x_peak:        0.275, y_peak:        0.065, r_peak:        0.020, sig:        8.296, ra_peak:      358.871, dec_peak:      -11.955
Characteristic density local = 4913.9 deg^-2 = 1.365 arcmin^-2
Fitting aperture to hotspot...
Candidate: x_peak:        0.405, y_peak:       -0.465, r_peak:        0.020, sig:        7.706, ra_peak:      359.005, dec_peak:      -12.485
Characteristic density local = 4669.2 deg^-2 = 1.297 arcmin^-2
Fitting aperture to hotspot...
Candidate: x_peak:        1.015, y_peak:        0.315, r_peak:        0.060, sig:        5.958, ra_peak:      359.627, dec_peak:      -11.703
Characteristic density local = 4647.3 deg^-2 = 1.291 arcmin^-2
Fitting aperture to hotspot...
Candidate: x_peak:        1.025, y_peak:        0.305, r_peak:        0.060, sig:        5.216, ra_peak:      359.637, dec_peak:      -11.713
Characteristic density local = 4880.1 deg^-2 = 1.356 arcmin^-2
Fitting aperture to hotspot...
Candidate: x_peak:        1.145, y_peak:        0.075, r_peak:        0.020, sig:       12.656, ra_peak:      359.760, dec_peak:      -11.943
Distance = 199.5 kpc (m-M = 21.5)
601656 objects left after isochrone cut...
Characteristic density = 4400.0 deg^-2
Characteristic density local = 4798.5 deg^-2 = 1.333 arcmin^-2
Fitting aperture to hotspot...
Candidate: x_peak:       -0.885, y_peak:        0.395, r_peak:        0.030, sig:        4.785, ra_peak:      357.686, dec_peak:      -11.624
Characteristic density local = 4870.1 deg^-2 = 1.353 arcmin^-2
Fitting aperture to hotspot...
Candidate: x_peak:       -0.535, y_peak:        0.295, r_peak:        0.020, sig:        7.516, ra_peak:      358.044, dec_peak:      -11.724
Characteristic density local = 4961.7 deg^-2 = 1.378 arcmin^-2
Fitting aperture to hotspot...
Candidate: x_peak:       -0.385, y_peak:        0.005, r_peak:        0.020, sig:       13.465, ra_peak:      358.196, dec_peak:      -12.015
Characteristic density local = 4718.9 deg^-2 = 1.311 arcmin^-2
Fitting aperture to hotspot...
Candidate: x_peak:        0.145, y_peak:       -0.935, r_peak:        0.020, sig:        4.446, ra_peak:      358.739, dec_peak:      -12.955
Characteristic density local = 4557.8 deg^-2 = 1.266 arcmin^-2
Fitting aperture to hotspot...
Candidate: x_peak:        0.275, y_peak:        0.065, r_peak:        0.020, sig:        8.413, ra_peak:      358.871, dec_peak:      -11.955
Characteristic density local = 4758.7 deg^-2 = 1.322 arcmin^-2
Fitting aperture to hotspot...
Candidate: x_peak:        0.405, y_peak:       -0.465, r_peak:        0.020, sig:        7.820, ra_peak:      359.005, dec_peak:      -12.485
Characteristic density local = 4539.9 deg^-2 = 1.261 arcmin^-2
Fitting aperture to hotspot...
Candidate: x_peak:        1.015, y_peak:        0.315, r_peak:        0.060, sig:        5.854, ra_peak:      359.627, dec_peak:      -11.703
Characteristic density local = 4522.0 deg^-2 = 1.256 arcmin^-2
Fitting aperture to hotspot...
Candidate: x_peak:        1.025, y_peak:        0.305, r_peak:        0.050, sig:        5.325, ra_peak:      359.637, dec_peak:      -11.713
Characteristic density local = 4742.8 deg^-2 = 1.317 arcmin^-2
Fitting aperture to hotspot...
Candidate: x_peak:        1.145, y_peak:        0.075, r_peak:        0.020, sig:       12.775, ra_peak:      359.760, dec_peak:      -11.943
Distance = 251.2 kpc (m-M = 22.0)
597753 objects left after isochrone cut...
Characteristic density = 4200.0 deg^-2
Characteristic density local = 4631.4 deg^-2 = 1.287 arcmin^-2
Fitting aperture to hotspot...
Candidate: x_peak:       -0.885, y_peak:        0.395, r_peak:        0.030, sig:        4.941, ra_peak:      357.686, dec_peak:      -11.624
Characteristic density local = 4728.9 deg^-2 = 1.314 arcmin^-2
Fitting aperture to hotspot...
Candidate: x_peak:       -0.535, y_peak:        0.295, r_peak:        0.020, sig:        7.620, ra_peak:      358.044, dec_peak:      -11.724
Characteristic density local = 4798.5 deg^-2 = 1.333 arcmin^-2
Fitting aperture to hotspot...
Candidate: x_peak:       -0.385, y_peak:        0.005, r_peak:        0.020, sig:       13.607, ra_peak:      358.196, dec_peak:      -12.015
Characteristic density local = 4408.6 deg^-2 = 1.225 arcmin^-2
Fitting aperture to hotspot...
Candidate: x_peak:        0.275, y_peak:        0.065, r_peak:        0.020, sig:        8.531, ra_peak:      358.871, dec_peak:      -11.955
Characteristic density local = 4595.6 deg^-2 = 1.277 arcmin^-2
Fitting aperture to hotspot...
Candidate: x_peak:        0.405, y_peak:       -0.465, r_peak:        0.020, sig:        7.944, ra_peak:      359.005, dec_peak:      -12.485
Characteristic density local = 4368.8 deg^-2 = 1.214 arcmin^-2
Fitting aperture to hotspot...
Candidate: x_peak:        1.015, y_peak:        0.315, r_peak:        0.060, sig:        6.163, ra_peak:      359.627, dec_peak:      -11.703
Characteristic density local = 4354.9 deg^-2 = 1.210 arcmin^-2
Fitting aperture to hotspot...
Candidate: x_peak:        1.025, y_peak:        0.305, r_peak:        0.050, sig:        5.579, ra_peak:      359.637, dec_peak:      -11.713
Characteristic density local = 4565.8 deg^-2 = 1.268 arcmin^-2
Fitting aperture to hotspot...
Candidate: x_peak:        1.145, y_peak:        0.075, r_peak:        0.020, sig:       12.932, ra_peak:      359.760, dec_peak:      -11.943
Distance = 316.2 kpc (m-M = 22.5)
593004 objects left after isochrone cut...
Characteristic density = 4050.0 deg^-2
Characteristic density local = 4434.5 deg^-2 = 1.232 arcmin^-2
Fitting aperture to hotspot...
Candidate: x_peak:       -0.885, y_peak:        0.395, r_peak:        0.030, sig:        5.130, ra_peak:      357.686, dec_peak:      -11.624
Characteristic density local = 4563.8 deg^-2 = 1.268 arcmin^-2
Fitting aperture to hotspot...
Candidate: x_peak:       -0.535, y_peak:        0.295, r_peak:        0.020, sig:        7.744, ra_peak:      358.044, dec_peak:      -11.724
Characteristic density local = 4579.7 deg^-2 = 1.272 arcmin^-2
Fitting aperture to hotspot...
Candidate: x_peak:       -0.385, y_peak:        0.005, r_peak:        0.020, sig:       13.804, ra_peak:      358.196, dec_peak:      -12.015
Characteristic density local = 4233.5 deg^-2 = 1.176 arcmin^-2
Fitting aperture to hotspot...
Candidate: x_peak:        0.275, y_peak:        0.065, r_peak:        0.020, sig:        8.230, ra_peak:      358.871, dec_peak:      -11.955
Characteristic density local = 4416.5 deg^-2 = 1.227 arcmin^-2
Fitting aperture to hotspot...
Candidate: x_peak:        0.405, y_peak:       -0.465, r_peak:        0.020, sig:        8.083, ra_peak:      359.005, dec_peak:      -12.485
Characteristic density local = 4155.9 deg^-2 = 1.154 arcmin^-2
Fitting aperture to hotspot...
Candidate: x_peak:        1.015, y_peak:        0.315, r_peak:        0.060, sig:        6.333, ra_peak:      359.627, dec_peak:      -11.703
Characteristic density local = 4148.0 deg^-2 = 1.152 arcmin^-2
Fitting aperture to hotspot...
Candidate: x_peak:        1.025, y_peak:        0.305, r_peak:        0.060, sig:        5.657, ra_peak:      359.637, dec_peak:      -11.713
Characteristic density local = 4165.9 deg^-2 = 1.157 arcmin^-2
Fitting aperture to hotspot...
Candidate: x_peak:        1.035, y_peak:        0.295, r_peak:        0.060, sig:        4.435, ra_peak:      359.647, dec_peak:      -11.723
Characteristic density local = 4378.8 deg^-2 = 1.216 arcmin^-2
Fitting aperture to hotspot...
Candidate: x_peak:        1.145, y_peak:        0.075, r_peak:        0.020, sig:       13.102, ra_peak:      359.760, dec_peak:      -11.943
Distance = 398.1 kpc (m-M = 23.0)
587110 objects left after isochrone cut...
Characteristic density = 3800.0 deg^-2
Characteristic density local = 4153.9 deg^-2 = 1.154 arcmin^-2
Fitting aperture to hotspot...
Candidate: x_peak:       -0.885, y_peak:        0.395, r_peak:        0.030, sig:        5.410, ra_peak:      357.686, dec_peak:      -11.624
Characteristic density local = 4352.9 deg^-2 = 1.209 arcmin^-2
Fitting aperture to hotspot...
Candidate: x_peak:       -0.535, y_peak:        0.295, r_peak:        0.020, sig:        7.908, ra_peak:      358.044, dec_peak:      -11.724
Characteristic density local = 4325.0 deg^-2 = 1.201 arcmin^-2
Fitting aperture to hotspot...
Candidate: x_peak:       -0.385, y_peak:        0.005, r_peak:        0.020, sig:       14.043, ra_peak:      358.196, dec_peak:      -12.015
Characteristic density local = 4004.7 deg^-2 = 1.112 arcmin^-2
Fitting aperture to hotspot...
Candidate: x_peak:        0.275, y_peak:        0.065, r_peak:        0.020, sig:        7.963, ra_peak:      358.871, dec_peak:      -11.955
Characteristic density local = 4169.9 deg^-2 = 1.158 arcmin^-2
Fitting aperture to hotspot...
Candidate: x_peak:        0.405, y_peak:       -0.465, r_peak:        0.020, sig:        7.827, ra_peak:      359.005, dec_peak:      -12.485
Characteristic density local = 3917.2 deg^-2 = 1.088 arcmin^-2
Fitting aperture to hotspot...
Candidate: x_peak:        1.025, y_peak:        0.305, r_peak:        0.050, sig:        6.010, ra_peak:      359.637, dec_peak:      -11.713
Characteristic density local = 3925.2 deg^-2 = 1.090 arcmin^-2
Fitting aperture to hotspot...
Candidate: x_peak:        1.035, y_peak:        0.295, r_peak:        0.060, sig:        4.882, ra_peak:      359.647, dec_peak:      -11.723
Characteristic density local = 4112.2 deg^-2 = 1.142 arcmin^-2
Fitting aperture to hotspot...
Candidate: x_peak:        1.145, y_peak:        0.075, r_peak:        0.020, sig:       13.174, ra_peak:      359.760, dec_peak:      -11.943
14.04 sigma; (RA, Dec, d) = (358.20, -12.01); r = 0.02 deg; d = 398.1, mu = 23.00 mag), mc_source_id: 0.00
13.17 sigma; (RA, Dec, d) = (359.76, -11.94); r = 0.02 deg; d = 398.1, mu = 23.00 mag), mc_source_id: 0.00
8.53 sigma; (RA, Dec, d) = (358.87, -11.95); r = 0.02 deg; d = 251.2, mu = 22.00 mag), mc_source_id: 0.00
8.08 sigma; (RA, Dec, d) = (359.00, -12.48); r = 0.02 deg; d = 316.2, mu = 22.50 mag), mc_source_id: 0.00
7.91 sigma; (RA, Dec, d) = (358.04, -11.72); r = 0.02 deg; d = 398.1, mu = 23.00 mag), mc_source_id: 0.00
6.33 sigma; (RA, Dec, d) = (359.63, -11.70); r = 0.06 deg; d = 316.2, mu = 22.50 mag), mc_source_id: 0.00
5.41 sigma; (RA, Dec, d) = (357.69, -11.62); r = 0.03 deg; d = 398.1, mu = 23.00 mag), mc_source_id: 0.00
4.63 sigma; (RA, Dec, d) = (358.74, -12.95); r = 0.02 deg; d = 158.5, mu = 21.00 mag), mc_source_id: 0.00

------------------------------------------------------------
Job <681779.0> was submitted from <des51.fnal.gov> by user <tavangar>.
Job was executed on host <des40.fnal.gov> as user <tavangar>.
</var/lib/condor/execute/dir_2163315> was used as the initial working directory.
Results reported at Wed Jun  5 15:46:09 CDT 2019

Your job looked like:

------------------------------------------------------------
python /home/s1/tavangar/tavangar_simple/search_algorithm.py 358.59 -12.02 0.00 /home/s1/tavangar/tavangar_simple/decals_dr7_results/results_nside_32_7487.csv /home/s1/tavangar/tavangar_simple/decals_dr7_results/decals_dr7_log/results_nside_32_7487.log
------------------------------------------------------------

Successfully completed.

Resource usage summary:

	Real time :			425.84 sec.
	CPU time :			141.21 sec.
	CPU percentage :		84%
	Max Memory :			4854688 KB
	Average Memory :		0 KB

The output (if any) is above this job summary.
